<?xml version="1.0" encoding="UTF-8"?>
<testsuite xmlns:xsi="http://www.w3.org/2001/XMLSchema-instance" xsi:noNamespaceSchemaLocation="https://maven.apache.org/surefire/maven-surefire-plugin/xsd/surefire-test-report-3.0.xsd" version="3.0" name="TestSuite" time="109.245" tests="40" errors="0" skipped="0" failures="24">
  <properties>
    <property name="java.specification.version" value="17"/>
    <property name="webdriver.chrome.driver" value="C:\Users\sasitharan\.cache\selenium\chromedriver\win64\131.0.6778.204\chromedriver.exe"/>
    <property name="sun.cpu.isalist" value="amd64"/>
    <property name="sun.jnu.encoding" value="Cp1252"/>
    <property name="java.class.path" value="H:\Group_01_GitRepository\target\test-classes;H:\Group_01_GitRepository\target\classes;C:\Users\sasitharan\.m2\repository\io\rest-assured\rest-assured\5.4.0\rest-assured-5.4.0.jar;C:\Users\sasitharan\.m2\repository\org\apache\groovy\groovy\4.0.16\groovy-4.0.16.jar;C:\Users\sasitharan\.m2\repository\org\apache\groovy\groovy-xml\4.0.16\groovy-xml-4.0.16.jar;C:\Users\sasitharan\.m2\repository\org\apache\httpcomponents\httpclient\4.5.13\httpclient-4.5.13.jar;C:\Users\sasitharan\.m2\repository\org\apache\httpcomponents\httpcore\4.4.13\httpcore-4.4.13.jar;C:\Users\sasitharan\.m2\repository\commons-logging\commons-logging\1.2\commons-logging-1.2.jar;C:\Users\sasitharan\.m2\repository\commons-codec\commons-codec\1.11\commons-codec-1.11.jar;C:\Users\sasitharan\.m2\repository\org\apache\httpcomponents\httpmime\4.5.13\httpmime-4.5.13.jar;C:\Users\sasitharan\.m2\repository\org\hamcrest\hamcrest\2.2\hamcrest-2.2.jar;C:\Users\sasitharan\.m2\repository\org\ccil\cowan\tagsoup\tagsoup\1.2.1\tagsoup-1.2.1.jar;C:\Users\sasitharan\.m2\repository\io\rest-assured\json-path\5.4.0\json-path-5.4.0.jar;C:\Users\sasitharan\.m2\repository\org\apache\groovy\groovy-json\4.0.16\groovy-json-4.0.16.jar;C:\Users\sasitharan\.m2\repository\io\rest-assured\rest-assured-common\5.4.0\rest-assured-common-5.4.0.jar;C:\Users\sasitharan\.m2\repository\io\rest-assured\xml-path\5.4.0\xml-path-5.4.0.jar;C:\Users\sasitharan\.m2\repository\ch\qos\logback\logback-classic\1.4.11\logback-classic-1.4.11.jar;C:\Users\sasitharan\.m2\repository\ch\qos\logback\logback-core\1.4.11\logback-core-1.4.11.jar;C:\Users\sasitharan\.m2\repository\org\slf4j\slf4j-api\2.0.7\slf4j-api-2.0.7.jar;C:\Users\sasitharan\.m2\repository\org\testng\testng\7.7.0\testng-7.7.0.jar;C:\Users\sasitharan\.m2\repository\com\beust\jcommander\1.82\jcommander-1.82.jar;C:\Users\sasitharan\.m2\repository\org\webjars\jquery\3.6.1\jquery-3.6.1.jar;C:\Users\sasitharan\.m2\repository\com\fasterxml\jackson\core\jackson-databind\2.15.2\jackson-databind-2.15.2.jar;C:\Users\sasitharan\.m2\repository\com\fasterxml\jackson\core\jackson-annotations\2.15.2\jackson-annotations-2.15.2.jar;C:\Users\sasitharan\.m2\repository\com\fasterxml\jackson\core\jackson-core\2.15.2\jackson-core-2.15.2.jar;C:\Users\sasitharan\.m2\repository\org\apache\logging\log4j\log4j-api\2.14.1\log4j-api-2.14.1.jar;C:\Users\sasitharan\.m2\repository\org\apache\httpcomponents\client5\httpclient5\5.2.1\httpclient5-5.2.1.jar;C:\Users\sasitharan\.m2\repository\org\apache\httpcomponents\core5\httpcore5\5.2\httpcore5-5.2.jar;C:\Users\sasitharan\.m2\repository\org\apache\httpcomponents\core5\httpcore5-h2\5.2\httpcore5-h2-5.2.jar;C:\Users\sasitharan\.m2\repository\org\seleniumhq\selenium\selenium-java\4.12.0\selenium-java-4.12.0.jar;C:\Users\sasitharan\.m2\repository\org\seleniumhq\selenium\selenium-api\4.12.0\selenium-api-4.12.0.jar;C:\Users\sasitharan\.m2\repository\org\seleniumhq\selenium\selenium-chrome-driver\4.12.0\selenium-chrome-driver-4.12.0.jar;C:\Users\sasitharan\.m2\repository\com\google\auto\service\auto-service-annotations\1.1.1\auto-service-annotations-1.1.1.jar;C:\Users\sasitharan\.m2\repository\com\google\guava\guava\32.1.2-jre\guava-32.1.2-jre.jar;C:\Users\sasitharan\.m2\repository\com\google\guava\failureaccess\1.0.1\failureaccess-1.0.1.jar;C:\Users\sasitharan\.m2\repository\com\google\guava\listenablefuture\9999.0-empty-to-avoid-conflict-with-guava\listenablefuture-9999.0-empty-to-avoid-conflict-with-guava.jar;C:\Users\sasitharan\.m2\repository\com\google\code\findbugs\jsr305\3.0.2\jsr305-3.0.2.jar;C:\Users\sasitharan\.m2\repository\org\checkerframework\checker-qual\3.33.0\checker-qual-3.33.0.jar;C:\Users\sasitharan\.m2\repository\com\google\errorprone\error_prone_annotations\2.18.0\error_prone_annotations-2.18.0.jar;C:\Users\sasitharan\.m2\repository\com\google\j2objc\j2objc-annotations\2.8\j2objc-annotations-2.8.jar;C:\Users\sasitharan\.m2\repository\org\seleniumhq\selenium\selenium-chromium-driver\4.12.0\selenium-chromium-driver-4.12.0.jar;C:\Users\sasitharan\.m2\repository\org\seleniumhq\selenium\selenium-json\4.12.0\selenium-json-4.12.0.jar;C:\Users\sasitharan\.m2\repository\org\seleniumhq\selenium\selenium-manager\4.12.0\selenium-manager-4.12.0.jar;C:\Users\sasitharan\.m2\repository\org\seleniumhq\selenium\selenium-devtools-v114\4.12.0\selenium-devtools-v114-4.12.0.jar;C:\Users\sasitharan\.m2\repository\org\seleniumhq\selenium\selenium-devtools-v115\4.12.0\selenium-devtools-v115-4.12.0.jar;C:\Users\sasitharan\.m2\repository\org\seleniumhq\selenium\selenium-devtools-v116\4.12.0\selenium-devtools-v116-4.12.0.jar;C:\Users\sasitharan\.m2\repository\org\seleniumhq\selenium\selenium-devtools-v85\4.12.0\selenium-devtools-v85-4.12.0.jar;C:\Users\sasitharan\.m2\repository\org\seleniumhq\selenium\selenium-edge-driver\4.12.0\selenium-edge-driver-4.12.0.jar;C:\Users\sasitharan\.m2\repository\org\seleniumhq\selenium\selenium-firefox-driver\4.12.0\selenium-firefox-driver-4.12.0.jar;C:\Users\sasitharan\.m2\repository\org\seleniumhq\selenium\selenium-http\4.12.0\selenium-http-4.12.0.jar;C:\Users\sasitharan\.m2\repository\dev\failsafe\failsafe\3.3.2\failsafe-3.3.2.jar;C:\Users\sasitharan\.m2\repository\org\seleniumhq\selenium\selenium-ie-driver\4.12.0\selenium-ie-driver-4.12.0.jar;C:\Users\sasitharan\.m2\repository\org\seleniumhq\selenium\selenium-remote-driver\4.12.0\selenium-remote-driver-4.12.0.jar;C:\Users\sasitharan\.m2\repository\io\netty\netty-buffer\4.1.96.Final\netty-buffer-4.1.96.Final.jar;C:\Users\sasitharan\.m2\repository\io\netty\netty-codec-http\4.1.96.Final\netty-codec-http-4.1.96.Final.jar;C:\Users\sasitharan\.m2\repository\io\netty\netty-codec\4.1.96.Final\netty-codec-4.1.96.Final.jar;C:\Users\sasitharan\.m2\repository\io\netty\netty-handler\4.1.96.Final\netty-handler-4.1.96.Final.jar;C:\Users\sasitharan\.m2\repository\io\netty\netty-common\4.1.96.Final\netty-common-4.1.96.Final.jar;C:\Users\sasitharan\.m2\repository\io\netty\netty-transport-classes-epoll\4.1.96.Final\netty-transport-classes-epoll-4.1.96.Final.jar;C:\Users\sasitharan\.m2\repository\io\netty\netty-transport-classes-kqueue\4.1.96.Final\netty-transport-classes-kqueue-4.1.96.Final.jar;C:\Users\sasitharan\.m2\repository\io\netty\netty-transport-native-epoll\4.1.96.Final\netty-transport-native-epoll-4.1.96.Final.jar;C:\Users\sasitharan\.m2\repository\io\netty\netty-transport-native-kqueue\4.1.96.Final\netty-transport-native-kqueue-4.1.96.Final.jar;C:\Users\sasitharan\.m2\repository\io\netty\netty-transport-native-unix-common\4.1.96.Final\netty-transport-native-unix-common-4.1.96.Final.jar;C:\Users\sasitharan\.m2\repository\io\netty\netty-transport\4.1.96.Final\netty-transport-4.1.96.Final.jar;C:\Users\sasitharan\.m2\repository\io\netty\netty-resolver\4.1.96.Final\netty-resolver-4.1.96.Final.jar;C:\Users\sasitharan\.m2\repository\io\opentelemetry\opentelemetry-api\1.28.0\opentelemetry-api-1.28.0.jar;C:\Users\sasitharan\.m2\repository\io\opentelemetry\opentelemetry-context\1.28.0\opentelemetry-context-1.28.0.jar;C:\Users\sasitharan\.m2\repository\io\opentelemetry\opentelemetry-exporter-logging\1.28.0\opentelemetry-exporter-logging-1.28.0.jar;C:\Users\sasitharan\.m2\repository\io\opentelemetry\opentelemetry-sdk-metrics\1.28.0\opentelemetry-sdk-metrics-1.28.0.jar;C:\Users\sasitharan\.m2\repository\io\opentelemetry\opentelemetry-extension-incubator\1.28.0-alpha\opentelemetry-extension-incubator-1.28.0-alpha.jar;C:\Users\sasitharan\.m2\repository\io\opentelemetry\opentelemetry-sdk-logs\1.28.0\opentelemetry-sdk-logs-1.28.0.jar;C:\Users\sasitharan\.m2\repository\io\opentelemetry\opentelemetry-sdk-common\1.28.0\opentelemetry-sdk-common-1.28.0.jar;C:\Users\sasitharan\.m2\repository\io\opentelemetry\opentelemetry-sdk-extension-autoconfigure-spi\1.28.0\opentelemetry-sdk-extension-autoconfigure-spi-1.28.0.jar;C:\Users\sasitharan\.m2\repository\io\opentelemetry\opentelemetry-sdk-extension-autoconfigure\1.28.0\opentelemetry-sdk-extension-autoconfigure-1.28.0.jar;C:\Users\sasitharan\.m2\repository\io\opentelemetry\opentelemetry-api-events\1.28.0-alpha\opentelemetry-api-events-1.28.0-alpha.jar;C:\Users\sasitharan\.m2\repository\io\opentelemetry\opentelemetry-sdk-trace\1.28.0\opentelemetry-sdk-trace-1.28.0.jar;C:\Users\sasitharan\.m2\repository\io\opentelemetry\opentelemetry-sdk\1.28.0\opentelemetry-sdk-1.28.0.jar;C:\Users\sasitharan\.m2\repository\io\opentelemetry\opentelemetry-semconv\1.28.0-alpha\opentelemetry-semconv-1.28.0-alpha.jar;C:\Users\sasitharan\.m2\repository\net\bytebuddy\byte-buddy\1.14.5\byte-buddy-1.14.5.jar;C:\Users\sasitharan\.m2\repository\org\asynchttpclient\async-http-client\2.12.3\async-http-client-2.12.3.jar;C:\Users\sasitharan\.m2\repository\org\asynchttpclient\async-http-client-netty-utils\2.12.3\async-http-client-netty-utils-2.12.3.jar;C:\Users\sasitharan\.m2\repository\io\netty\netty-codec-socks\4.1.60.Final\netty-codec-socks-4.1.60.Final.jar;C:\Users\sasitharan\.m2\repository\io\netty\netty-handler-proxy\4.1.60.Final\netty-handler-proxy-4.1.60.Final.jar;C:\Users\sasitharan\.m2\repository\io\netty\netty-transport-native-epoll\4.1.60.Final\netty-transport-native-epoll-4.1.60.Final-linux-x86_64.jar;C:\Users\sasitharan\.m2\repository\io\netty\netty-transport-native-kqueue\4.1.60.Final\netty-transport-native-kqueue-4.1.60.Final-osx-x86_64.jar;C:\Users\sasitharan\.m2\repository\org\reactivestreams\reactive-streams\1.0.3\reactive-streams-1.0.3.jar;C:\Users\sasitharan\.m2\repository\com\typesafe\netty\netty-reactive-streams\2.0.4\netty-reactive-streams-2.0.4.jar;C:\Users\sasitharan\.m2\repository\com\sun\activation\jakarta.activation\1.2.2\jakarta.activation-1.2.2.jar;C:\Users\sasitharan\.m2\repository\org\seleniumhq\selenium\selenium-os\4.12.0\selenium-os-4.12.0.jar;C:\Users\sasitharan\.m2\repository\org\apache\commons\commons-exec\1.3\commons-exec-1.3.jar;C:\Users\sasitharan\.m2\repository\org\seleniumhq\selenium\selenium-safari-driver\4.12.0\selenium-safari-driver-4.12.0.jar;C:\Users\sasitharan\.m2\repository\org\seleniumhq\selenium\selenium-support\4.12.0\selenium-support-4.12.0.jar;C:\Users\sasitharan\.m2\repository\io\github\bonigarcia\webdrivermanager\5.5.3\webdrivermanager-5.5.3.jar;C:\Users\sasitharan\.m2\repository\com\google\code\gson\gson\2.10.1\gson-2.10.1.jar;C:\Users\sasitharan\.m2\repository\com\github\docker-java\docker-java\3.3.3\docker-java-3.3.3.jar;C:\Users\sasitharan\.m2\repository\com\github\docker-java\docker-java-core\3.3.3\docker-java-core-3.3.3.jar;C:\Users\sasitharan\.m2\repository\com\github\docker-java\docker-java-api\3.3.3\docker-java-api-3.3.3.jar;C:\Users\sasitharan\.m2\repository\commons-io\commons-io\2.6\commons-io-2.6.jar;C:\Users\sasitharan\.m2\repository\org\apache\commons\commons-compress\1.21\commons-compress-1.21.jar;C:\Users\sasitharan\.m2\repository\org\bouncycastle\bcpkix-jdk18on\1.75\bcpkix-jdk18on-1.75.jar;C:\Users\sasitharan\.m2\repository\org\bouncycastle\bcprov-jdk18on\1.75\bcprov-jdk18on-1.75.jar;C:\Users\sasitharan\.m2\repository\org\bouncycastle\bcutil-jdk18on\1.75\bcutil-jdk18on-1.75.jar;C:\Users\sasitharan\.m2\repository\org\slf4j\jcl-over-slf4j\1.7.30\jcl-over-slf4j-1.7.30.jar;C:\Users\sasitharan\.m2\repository\com\github\docker-java\docker-java-transport-httpclient5\3.3.3\docker-java-transport-httpclient5-3.3.3.jar;C:\Users\sasitharan\.m2\repository\com\github\docker-java\docker-java-transport\3.3.3\docker-java-transport-3.3.3.jar;C:\Users\sasitharan\.m2\repository\net\java\dev\jna\jna\5.12.1\jna-5.12.1.jar;C:\Users\sasitharan\.m2\repository\org\brotli\dec\0.1.2\dec-0.1.2.jar;C:\Users\sasitharan\.m2\repository\org\apache\commons\commons-lang3\3.13.0\commons-lang3-3.13.0.jar;C:\Users\sasitharan\.m2\repository\io\qameta\allure\allure-testng\2.29.1\allure-testng-2.29.1.jar;C:\Users\sasitharan\.m2\repository\io\qameta\allure\allure-java-commons\2.29.1\allure-java-commons-2.29.1.jar;C:\Users\sasitharan\.m2\repository\io\qameta\allure\allure-model\2.29.1\allure-model-2.29.1.jar;C:\Users\sasitharan\.m2\repository\io\qameta\allure\allure-test-filter\2.29.1\allure-test-filter-2.29.1.jar;"/>
    <property name="java.vm.vendor" value="Oracle Corporation"/>
    <property name="sun.arch.data.model" value="64"/>
    <property name="user.variant" value=""/>
    <property name="java.vendor.url" value="https://java.oracle.com/"/>
    <property name="user.timezone" value="Asia/Colombo"/>
    <property name="os.name" value="Windows 11"/>
    <property name="java.vm.specification.version" value="17"/>
    <property name="sun.java.launcher" value="SUN_STANDARD"/>
    <property name="user.country" value="US"/>
    <property name="sun.boot.library.path" value="C:\Program Files\Java\jdk-17\bin"/>
    <property name="sun.java.command" value="C:\Users\sasitharan\AppData\Local\Temp\surefire5121504145192962987\surefirebooter-20250103170346174_3.jar C:\Users\sasitharan\AppData\Local\Temp\surefire5121504145192962987 2025-01-03T17-03-45_829-jvmRun1 surefire-20250103170346174_1tmp surefire_0-20250103170346174_2tmp"/>
    <property name="jdk.debug" value="release"/>
    <property name="surefire.test.class.path" value="H:\Group_01_GitRepository\target\test-classes;H:\Group_01_GitRepository\target\classes;C:\Users\sasitharan\.m2\repository\io\rest-assured\rest-assured\5.4.0\rest-assured-5.4.0.jar;C:\Users\sasitharan\.m2\repository\org\apache\groovy\groovy\4.0.16\groovy-4.0.16.jar;C:\Users\sasitharan\.m2\repository\org\apache\groovy\groovy-xml\4.0.16\groovy-xml-4.0.16.jar;C:\Users\sasitharan\.m2\repository\org\apache\httpcomponents\httpclient\4.5.13\httpclient-4.5.13.jar;C:\Users\sasitharan\.m2\repository\org\apache\httpcomponents\httpcore\4.4.13\httpcore-4.4.13.jar;C:\Users\sasitharan\.m2\repository\commons-logging\commons-logging\1.2\commons-logging-1.2.jar;C:\Users\sasitharan\.m2\repository\commons-codec\commons-codec\1.11\commons-codec-1.11.jar;C:\Users\sasitharan\.m2\repository\org\apache\httpcomponents\httpmime\4.5.13\httpmime-4.5.13.jar;C:\Users\sasitharan\.m2\repository\org\hamcrest\hamcrest\2.2\hamcrest-2.2.jar;C:\Users\sasitharan\.m2\repository\org\ccil\cowan\tagsoup\tagsoup\1.2.1\tagsoup-1.2.1.jar;C:\Users\sasitharan\.m2\repository\io\rest-assured\json-path\5.4.0\json-path-5.4.0.jar;C:\Users\sasitharan\.m2\repository\org\apache\groovy\groovy-json\4.0.16\groovy-json-4.0.16.jar;C:\Users\sasitharan\.m2\repository\io\rest-assured\rest-assured-common\5.4.0\rest-assured-common-5.4.0.jar;C:\Users\sasitharan\.m2\repository\io\rest-assured\xml-path\5.4.0\xml-path-5.4.0.jar;C:\Users\sasitharan\.m2\repository\ch\qos\logback\logback-classic\1.4.11\logback-classic-1.4.11.jar;C:\Users\sasitharan\.m2\repository\ch\qos\logback\logback-core\1.4.11\logback-core-1.4.11.jar;C:\Users\sasitharan\.m2\repository\org\slf4j\slf4j-api\2.0.7\slf4j-api-2.0.7.jar;C:\Users\sasitharan\.m2\repository\org\testng\testng\7.7.0\testng-7.7.0.jar;C:\Users\sasitharan\.m2\repository\com\beust\jcommander\1.82\jcommander-1.82.jar;C:\Users\sasitharan\.m2\repository\org\webjars\jquery\3.6.1\jquery-3.6.1.jar;C:\Users\sasitharan\.m2\repository\com\fasterxml\jackson\core\jackson-databind\2.15.2\jackson-databind-2.15.2.jar;C:\Users\sasitharan\.m2\repository\com\fasterxml\jackson\core\jackson-annotations\2.15.2\jackson-annotations-2.15.2.jar;C:\Users\sasitharan\.m2\repository\com\fasterxml\jackson\core\jackson-core\2.15.2\jackson-core-2.15.2.jar;C:\Users\sasitharan\.m2\repository\org\apache\logging\log4j\log4j-api\2.14.1\log4j-api-2.14.1.jar;C:\Users\sasitharan\.m2\repository\org\apache\httpcomponents\client5\httpclient5\5.2.1\httpclient5-5.2.1.jar;C:\Users\sasitharan\.m2\repository\org\apache\httpcomponents\core5\httpcore5\5.2\httpcore5-5.2.jar;C:\Users\sasitharan\.m2\repository\org\apache\httpcomponents\core5\httpcore5-h2\5.2\httpcore5-h2-5.2.jar;C:\Users\sasitharan\.m2\repository\org\seleniumhq\selenium\selenium-java\4.12.0\selenium-java-4.12.0.jar;C:\Users\sasitharan\.m2\repository\org\seleniumhq\selenium\selenium-api\4.12.0\selenium-api-4.12.0.jar;C:\Users\sasitharan\.m2\repository\org\seleniumhq\selenium\selenium-chrome-driver\4.12.0\selenium-chrome-driver-4.12.0.jar;C:\Users\sasitharan\.m2\repository\com\google\auto\service\auto-service-annotations\1.1.1\auto-service-annotations-1.1.1.jar;C:\Users\sasitharan\.m2\repository\com\google\guava\guava\32.1.2-jre\guava-32.1.2-jre.jar;C:\Users\sasitharan\.m2\repository\com\google\guava\failureaccess\1.0.1\failureaccess-1.0.1.jar;C:\Users\sasitharan\.m2\repository\com\google\guava\listenablefuture\9999.0-empty-to-avoid-conflict-with-guava\listenablefuture-9999.0-empty-to-avoid-conflict-with-guava.jar;C:\Users\sasitharan\.m2\repository\com\google\code\findbugs\jsr305\3.0.2\jsr305-3.0.2.jar;C:\Users\sasitharan\.m2\repository\org\checkerframework\checker-qual\3.33.0\checker-qual-3.33.0.jar;C:\Users\sasitharan\.m2\repository\com\google\errorprone\error_prone_annotations\2.18.0\error_prone_annotations-2.18.0.jar;C:\Users\sasitharan\.m2\repository\com\google\j2objc\j2objc-annotations\2.8\j2objc-annotations-2.8.jar;C:\Users\sasitharan\.m2\repository\org\seleniumhq\selenium\selenium-chromium-driver\4.12.0\selenium-chromium-driver-4.12.0.jar;C:\Users\sasitharan\.m2\repository\org\seleniumhq\selenium\selenium-json\4.12.0\selenium-json-4.12.0.jar;C:\Users\sasitharan\.m2\repository\org\seleniumhq\selenium\selenium-manager\4.12.0\selenium-manager-4.12.0.jar;C:\Users\sasitharan\.m2\repository\org\seleniumhq\selenium\selenium-devtools-v114\4.12.0\selenium-devtools-v114-4.12.0.jar;C:\Users\sasitharan\.m2\repository\org\seleniumhq\selenium\selenium-devtools-v115\4.12.0\selenium-devtools-v115-4.12.0.jar;C:\Users\sasitharan\.m2\repository\org\seleniumhq\selenium\selenium-devtools-v116\4.12.0\selenium-devtools-v116-4.12.0.jar;C:\Users\sasitharan\.m2\repository\org\seleniumhq\selenium\selenium-devtools-v85\4.12.0\selenium-devtools-v85-4.12.0.jar;C:\Users\sasitharan\.m2\repository\org\seleniumhq\selenium\selenium-edge-driver\4.12.0\selenium-edge-driver-4.12.0.jar;C:\Users\sasitharan\.m2\repository\org\seleniumhq\selenium\selenium-firefox-driver\4.12.0\selenium-firefox-driver-4.12.0.jar;C:\Users\sasitharan\.m2\repository\org\seleniumhq\selenium\selenium-http\4.12.0\selenium-http-4.12.0.jar;C:\Users\sasitharan\.m2\repository\dev\failsafe\failsafe\3.3.2\failsafe-3.3.2.jar;C:\Users\sasitharan\.m2\repository\org\seleniumhq\selenium\selenium-ie-driver\4.12.0\selenium-ie-driver-4.12.0.jar;C:\Users\sasitharan\.m2\repository\org\seleniumhq\selenium\selenium-remote-driver\4.12.0\selenium-remote-driver-4.12.0.jar;C:\Users\sasitharan\.m2\repository\io\netty\netty-buffer\4.1.96.Final\netty-buffer-4.1.96.Final.jar;C:\Users\sasitharan\.m2\repository\io\netty\netty-codec-http\4.1.96.Final\netty-codec-http-4.1.96.Final.jar;C:\Users\sasitharan\.m2\repository\io\netty\netty-codec\4.1.96.Final\netty-codec-4.1.96.Final.jar;C:\Users\sasitharan\.m2\repository\io\netty\netty-handler\4.1.96.Final\netty-handler-4.1.96.Final.jar;C:\Users\sasitharan\.m2\repository\io\netty\netty-common\4.1.96.Final\netty-common-4.1.96.Final.jar;C:\Users\sasitharan\.m2\repository\io\netty\netty-transport-classes-epoll\4.1.96.Final\netty-transport-classes-epoll-4.1.96.Final.jar;C:\Users\sasitharan\.m2\repository\io\netty\netty-transport-classes-kqueue\4.1.96.Final\netty-transport-classes-kqueue-4.1.96.Final.jar;C:\Users\sasitharan\.m2\repository\io\netty\netty-transport-native-epoll\4.1.96.Final\netty-transport-native-epoll-4.1.96.Final.jar;C:\Users\sasitharan\.m2\repository\io\netty\netty-transport-native-kqueue\4.1.96.Final\netty-transport-native-kqueue-4.1.96.Final.jar;C:\Users\sasitharan\.m2\repository\io\netty\netty-transport-native-unix-common\4.1.96.Final\netty-transport-native-unix-common-4.1.96.Final.jar;C:\Users\sasitharan\.m2\repository\io\netty\netty-transport\4.1.96.Final\netty-transport-4.1.96.Final.jar;C:\Users\sasitharan\.m2\repository\io\netty\netty-resolver\4.1.96.Final\netty-resolver-4.1.96.Final.jar;C:\Users\sasitharan\.m2\repository\io\opentelemetry\opentelemetry-api\1.28.0\opentelemetry-api-1.28.0.jar;C:\Users\sasitharan\.m2\repository\io\opentelemetry\opentelemetry-context\1.28.0\opentelemetry-context-1.28.0.jar;C:\Users\sasitharan\.m2\repository\io\opentelemetry\opentelemetry-exporter-logging\1.28.0\opentelemetry-exporter-logging-1.28.0.jar;C:\Users\sasitharan\.m2\repository\io\opentelemetry\opentelemetry-sdk-metrics\1.28.0\opentelemetry-sdk-metrics-1.28.0.jar;C:\Users\sasitharan\.m2\repository\io\opentelemetry\opentelemetry-extension-incubator\1.28.0-alpha\opentelemetry-extension-incubator-1.28.0-alpha.jar;C:\Users\sasitharan\.m2\repository\io\opentelemetry\opentelemetry-sdk-logs\1.28.0\opentelemetry-sdk-logs-1.28.0.jar;C:\Users\sasitharan\.m2\repository\io\opentelemetry\opentelemetry-sdk-common\1.28.0\opentelemetry-sdk-common-1.28.0.jar;C:\Users\sasitharan\.m2\repository\io\opentelemetry\opentelemetry-sdk-extension-autoconfigure-spi\1.28.0\opentelemetry-sdk-extension-autoconfigure-spi-1.28.0.jar;C:\Users\sasitharan\.m2\repository\io\opentelemetry\opentelemetry-sdk-extension-autoconfigure\1.28.0\opentelemetry-sdk-extension-autoconfigure-1.28.0.jar;C:\Users\sasitharan\.m2\repository\io\opentelemetry\opentelemetry-api-events\1.28.0-alpha\opentelemetry-api-events-1.28.0-alpha.jar;C:\Users\sasitharan\.m2\repository\io\opentelemetry\opentelemetry-sdk-trace\1.28.0\opentelemetry-sdk-trace-1.28.0.jar;C:\Users\sasitharan\.m2\repository\io\opentelemetry\opentelemetry-sdk\1.28.0\opentelemetry-sdk-1.28.0.jar;C:\Users\sasitharan\.m2\repository\io\opentelemetry\opentelemetry-semconv\1.28.0-alpha\opentelemetry-semconv-1.28.0-alpha.jar;C:\Users\sasitharan\.m2\repository\net\bytebuddy\byte-buddy\1.14.5\byte-buddy-1.14.5.jar;C:\Users\sasitharan\.m2\repository\org\asynchttpclient\async-http-client\2.12.3\async-http-client-2.12.3.jar;C:\Users\sasitharan\.m2\repository\org\asynchttpclient\async-http-client-netty-utils\2.12.3\async-http-client-netty-utils-2.12.3.jar;C:\Users\sasitharan\.m2\repository\io\netty\netty-codec-socks\4.1.60.Final\netty-codec-socks-4.1.60.Final.jar;C:\Users\sasitharan\.m2\repository\io\netty\netty-handler-proxy\4.1.60.Final\netty-handler-proxy-4.1.60.Final.jar;C:\Users\sasitharan\.m2\repository\io\netty\netty-transport-native-epoll\4.1.60.Final\netty-transport-native-epoll-4.1.60.Final-linux-x86_64.jar;C:\Users\sasitharan\.m2\repository\io\netty\netty-transport-native-kqueue\4.1.60.Final\netty-transport-native-kqueue-4.1.60.Final-osx-x86_64.jar;C:\Users\sasitharan\.m2\repository\org\reactivestreams\reactive-streams\1.0.3\reactive-streams-1.0.3.jar;C:\Users\sasitharan\.m2\repository\com\typesafe\netty\netty-reactive-streams\2.0.4\netty-reactive-streams-2.0.4.jar;C:\Users\sasitharan\.m2\repository\com\sun\activation\jakarta.activation\1.2.2\jakarta.activation-1.2.2.jar;C:\Users\sasitharan\.m2\repository\org\seleniumhq\selenium\selenium-os\4.12.0\selenium-os-4.12.0.jar;C:\Users\sasitharan\.m2\repository\org\apache\commons\commons-exec\1.3\commons-exec-1.3.jar;C:\Users\sasitharan\.m2\repository\org\seleniumhq\selenium\selenium-safari-driver\4.12.0\selenium-safari-driver-4.12.0.jar;C:\Users\sasitharan\.m2\repository\org\seleniumhq\selenium\selenium-support\4.12.0\selenium-support-4.12.0.jar;C:\Users\sasitharan\.m2\repository\io\github\bonigarcia\webdrivermanager\5.5.3\webdrivermanager-5.5.3.jar;C:\Users\sasitharan\.m2\repository\com\google\code\gson\gson\2.10.1\gson-2.10.1.jar;C:\Users\sasitharan\.m2\repository\com\github\docker-java\docker-java\3.3.3\docker-java-3.3.3.jar;C:\Users\sasitharan\.m2\repository\com\github\docker-java\docker-java-core\3.3.3\docker-java-core-3.3.3.jar;C:\Users\sasitharan\.m2\repository\com\github\docker-java\docker-java-api\3.3.3\docker-java-api-3.3.3.jar;C:\Users\sasitharan\.m2\repository\commons-io\commons-io\2.6\commons-io-2.6.jar;C:\Users\sasitharan\.m2\repository\org\apache\commons\commons-compress\1.21\commons-compress-1.21.jar;C:\Users\sasitharan\.m2\repository\org\bouncycastle\bcpkix-jdk18on\1.75\bcpkix-jdk18on-1.75.jar;C:\Users\sasitharan\.m2\repository\org\bouncycastle\bcprov-jdk18on\1.75\bcprov-jdk18on-1.75.jar;C:\Users\sasitharan\.m2\repository\org\bouncycastle\bcutil-jdk18on\1.75\bcutil-jdk18on-1.75.jar;C:\Users\sasitharan\.m2\repository\org\slf4j\jcl-over-slf4j\1.7.30\jcl-over-slf4j-1.7.30.jar;C:\Users\sasitharan\.m2\repository\com\github\docker-java\docker-java-transport-httpclient5\3.3.3\docker-java-transport-httpclient5-3.3.3.jar;C:\Users\sasitharan\.m2\repository\com\github\docker-java\docker-java-transport\3.3.3\docker-java-transport-3.3.3.jar;C:\Users\sasitharan\.m2\repository\net\java\dev\jna\jna\5.12.1\jna-5.12.1.jar;C:\Users\sasitharan\.m2\repository\org\brotli\dec\0.1.2\dec-0.1.2.jar;C:\Users\sasitharan\.m2\repository\org\apache\commons\commons-lang3\3.13.0\commons-lang3-3.13.0.jar;C:\Users\sasitharan\.m2\repository\io\qameta\allure\allure-testng\2.29.1\allure-testng-2.29.1.jar;C:\Users\sasitharan\.m2\repository\io\qameta\allure\allure-java-commons\2.29.1\allure-java-commons-2.29.1.jar;C:\Users\sasitharan\.m2\repository\io\qameta\allure\allure-model\2.29.1\allure-model-2.29.1.jar;C:\Users\sasitharan\.m2\repository\io\qameta\allure\allure-test-filter\2.29.1\allure-test-filter-2.29.1.jar;"/>
    <property name="allure.results.directory" value="H:\Group_01_GitRepository\target/allure-results"/>
    <property name="sun.cpu.endian" value="little"/>
    <property name="user.home" value="C:\Users\sasitharan"/>
    <property name="user.language" value="en"/>
    <property name="java.specification.vendor" value="Oracle Corporation"/>
    <property name="java.version.date" value="2023-10-17"/>
    <property name="java.home" value="C:\Program Files\Java\jdk-17"/>
    <property name="file.separator" value="\"/>
    <property name="basedir" value="H:\Group_01_GitRepository"/>
    <property name="java.vm.compressedOopsMode" value="Zero based"/>
    <property name="line.separator" value="&#10;"/>
    <property name="java.vm.specification.vendor" value="Oracle Corporation"/>
    <property name="java.specification.name" value="Java Platform API Specification"/>
    <property name="surefire.real.class.path" value="C:\Users\sasitharan\AppData\Local\Temp\surefire5121504145192962987\surefirebooter-20250103170346174_3.jar"/>
    <property name="user.script" value=""/>
    <property name="sun.management.compiler" value="HotSpot 64-Bit Tiered Compilers"/>
    <property name="java.runtime.version" value="17.0.9+11-LTS-201"/>
    <property name="user.name" value="sasitharan"/>
    <property name="path.separator" value=";"/>
    <property name="os.version" value="10.0"/>
    <property name="java.runtime.name" value="Java(TM) SE Runtime Environment"/>
    <property name="file.encoding" value="Cp1252"/>
    <property name="java.vm.name" value="Java HotSpot(TM) 64-Bit Server VM"/>
    <property name="localRepository" value="C:\Users\sasitharan\.m2\repository"/>
    <property name="java.vendor.url.bug" value="https://bugreport.java.com/bugreport/"/>
    <property name="java.io.tmpdir" value="C:\Users\SASITH~1\AppData\Local\Temp\"/>
    <property name="idea.version" value="2024.1.7"/>
    <property name="java.version" value="17.0.9"/>
    <property name="user.dir" value="H:\Group_01_GitRepository"/>
    <property name="os.arch" value="amd64"/>
    <property name="java.vm.specification.name" value="Java Virtual Machine Specification"/>
    <property name="sun.os.patch.level" value=""/>
    <property name="native.encoding" value="Cp1252"/>
    <property name="java.library.path" value="C:\Program Files\Java\jdk-17\bin;C:\WINDOWS\Sun\Java\bin;C:\WINDOWS\system32;C:\WINDOWS;C:\Program Files\Common Files\Oracle\Java\javapath;C:\WINDOWS\system32;C:\WINDOWS;C:\WINDOWS\System32\Wbem;C:\WINDOWS\System32\WindowsPowerShell\v1.0\;C:\WINDOWS\System32\OpenSSH\;C:\Program Files\nodejs\;C:\Program Files\Git\cmd;C:\Program Files\HP\HP One Agent;C:\Program Files\Microsoft SQL Server\150\Tools\Binn\;C:\Program Files (x86)\Windows Kits\10\Windows Performance Toolkit\;C:\Program Files\dotnet\;C:\opencv\build\x64\vc14\bin;C:\allure-2.32.0\bin;C:\Users\sasitharan\AppData\Local\Programs\Python\Python312\Scripts\;C:\Users\sasitharan\AppData\Local\Programs\Python\Python312\;C:\Users\sasitharan\AppData\Local\Microsoft\WindowsApps;C:\Users\sasitharan\AppData\Roaming\npm;C:\Users\sasitharan\AppData\Local\GitHubDesktop\bin;C:\Users\sasitharan\AppData\Local\Programs\Microsoft VS Code\bin;C:\Program Files\JetBrains\IntelliJ IDEA 2024.1.3\bin;;C:\Users\sasitharan\.dotnet\tools;."/>
    <property name="java.vm.info" value="mixed mode, sharing"/>
    <property name="java.vendor" value="Oracle Corporation"/>
    <property name="java.vm.version" value="17.0.9+11-LTS-201"/>
    <property name="sun.io.unicode.encoding" value="UnicodeLittle"/>
    <property name="java.class.version" value="61.0"/>
  </properties>
  <testcase name="testGetAllBooksAsAdmin" classname="TestCases.GetBookAPITests" time="1.823">
    <system-out><![CDATA[17:03:46.724 [main] DEBUG org.testng.TestNG -- suiteXmlPath: "H:\Group_01_GitRepository\src\test\resources\testng.xml"
17:03:46.775 [main] WARN org.testng.xml.TestNGContentHandler -- It is strongly recommended to add "<!DOCTYPE suite SYSTEM "https://testng.org/testng-1.0.dtd" >" at the top of the suite file [H:\Group_01_GitRepository\src\test\resources\testng.xml] otherwise TestNG may fail or not work as expected.
17:03:47.028 [main] WARN org.testng.TestNG -- Ignoring duplicate listener : io.qameta.allure.testng.AllureTestNg
17:03:47.028 [main] WARN org.testng.TestNG -- Ignoring duplicate listener : io.qameta.allure.testng.AllureTestNg
17:03:47.028 [main] WARN org.testng.TestNG -- Ignoring duplicate listener : io.qameta.allure.testng.AllureTestNg
17:03:48.402 [main] DEBUG org.apache.http.impl.conn.BasicClientConnectionManager -- Get connection for route {}->http://13.60.22.209:7081
17:03:48.408 [main] DEBUG org.apache.http.impl.conn.DefaultClientConnectionOperator -- Connecting to 13.60.22.209:7081
17:03:48.614 [main] DEBUG org.apache.http.client.protocol.RequestAddCookies -- CookieSpec selected: ignoreCookies
17:03:48.616 [main] DEBUG org.apache.http.client.protocol.RequestAuthCache -- Auth cache not set in the context
17:03:48.617 [main] DEBUG org.apache.http.client.protocol.RequestTargetAuthentication -- Target auth state: UNCHALLENGED
17:03:48.621 [main] DEBUG org.apache.http.client.protocol.RequestProxyAuthentication -- Proxy auth state: UNCHALLENGED
17:03:48.621 [main] DEBUG org.apache.http.impl.client.DefaultHttpClient -- Attempt 1 to execute request
17:03:48.622 [main] DEBUG org.apache.http.impl.conn.DefaultClientConnection -- Sending request: GET /api/books HTTP/1.1
17:03:48.622 [main] DEBUG org.apache.http.wire --  >> "GET /api/books HTTP/1.1[\r][\n]"
17:03:48.632 [main] DEBUG org.apache.http.wire --  >> "Accept: */*[\r][\n]"
17:03:48.632 [main] DEBUG org.apache.http.wire --  >> "Host: 13.60.22.209:7081[\r][\n]"
17:03:48.632 [main] DEBUG org.apache.http.wire --  >> "Connection: Keep-Alive[\r][\n]"
17:03:48.634 [main] DEBUG org.apache.http.wire --  >> "User-Agent: Apache-HttpClient/4.5.13 (Java/17.0.9)[\r][\n]"
17:03:48.634 [main] DEBUG org.apache.http.wire --  >> "Accept-Encoding: gzip,deflate[\r][\n]"
17:03:48.634 [main] DEBUG org.apache.http.wire --  >> "[\r][\n]"
17:03:48.634 [main] DEBUG org.apache.http.headers -- >> GET /api/books HTTP/1.1
17:03:48.634 [main] DEBUG org.apache.http.headers -- >> Accept: */*
17:03:48.634 [main] DEBUG org.apache.http.headers -- >> Host: 13.60.22.209:7081
17:03:48.634 [main] DEBUG org.apache.http.headers -- >> Connection: Keep-Alive
17:03:48.634 [main] DEBUG org.apache.http.headers -- >> User-Agent: Apache-HttpClient/4.5.13 (Java/17.0.9)
17:03:48.635 [main] DEBUG org.apache.http.headers -- >> Accept-Encoding: gzip,deflate
17:03:48.810 [main] DEBUG org.apache.http.wire --  << "HTTP/1.1 401 [\r][\n]"
17:03:48.813 [main] DEBUG org.apache.http.wire --  << "Set-Cookie: JSESSIONID=4149434772861C47FA85FCC78A111366; Path=/; HttpOnly[\r][\n]"
17:03:48.813 [main] DEBUG org.apache.http.wire --  << "WWW-Authenticate: Basic realm="Realm"[\r][\n]"
17:03:48.813 [main] DEBUG org.apache.http.wire --  << "X-Content-Type-Options: nosniff[\r][\n]"
17:03:48.813 [main] DEBUG org.apache.http.wire --  << "X-XSS-Protection: 1; mode=block[\r][\n]"
17:03:48.813 [main] DEBUG org.apache.http.wire --  << "Cache-Control: no-cache, no-store, max-age=0, must-revalidate[\r][\n]"
17:03:48.814 [main] DEBUG org.apache.http.wire --  << "Pragma: no-cache[\r][\n]"
17:03:48.814 [main] DEBUG org.apache.http.wire --  << "Expires: 0[\r][\n]"
17:03:48.814 [main] DEBUG org.apache.http.wire --  << "X-Frame-Options: DENY[\r][\n]"
17:03:48.814 [main] DEBUG org.apache.http.wire --  << "Content-Length: 0[\r][\n]"
17:03:48.814 [main] DEBUG org.apache.http.wire --  << "Date: Fri, 03 Jan 2025 11:33:49 GMT[\r][\n]"
17:03:48.814 [main] DEBUG org.apache.http.wire --  << "Keep-Alive: timeout=60[\r][\n]"
17:03:48.814 [main] DEBUG org.apache.http.wire --  << "Connection: keep-alive[\r][\n]"
17:03:48.815 [main] DEBUG org.apache.http.wire --  << "[\r][\n]"
17:03:48.816 [main] DEBUG org.apache.http.impl.conn.DefaultClientConnection -- Receiving response: HTTP/1.1 401 
17:03:48.816 [main] DEBUG org.apache.http.headers -- << HTTP/1.1 401 
17:03:48.816 [main] DEBUG org.apache.http.headers -- << Set-Cookie: JSESSIONID=4149434772861C47FA85FCC78A111366; Path=/; HttpOnly
17:03:48.816 [main] DEBUG org.apache.http.headers -- << WWW-Authenticate: Basic realm="Realm"
17:03:48.816 [main] DEBUG org.apache.http.headers -- << X-Content-Type-Options: nosniff
17:03:48.816 [main] DEBUG org.apache.http.headers -- << X-XSS-Protection: 1; mode=block
17:03:48.817 [main] DEBUG org.apache.http.headers -- << Cache-Control: no-cache, no-store, max-age=0, must-revalidate
17:03:48.817 [main] DEBUG org.apache.http.headers -- << Pragma: no-cache
17:03:48.817 [main] DEBUG org.apache.http.headers -- << Expires: 0
17:03:48.818 [main] DEBUG org.apache.http.headers -- << X-Frame-Options: DENY
17:03:48.818 [main] DEBUG org.apache.http.headers -- << Content-Length: 0
17:03:48.818 [main] DEBUG org.apache.http.headers -- << Date: Fri, 03 Jan 2025 11:33:49 GMT
17:03:48.818 [main] DEBUG org.apache.http.headers -- << Keep-Alive: timeout=60
17:03:48.818 [main] DEBUG org.apache.http.headers -- << Connection: keep-alive
17:03:48.826 [main] DEBUG org.apache.http.impl.client.DefaultHttpClient -- Connection can be kept alive for 60000 MILLISECONDS
17:03:48.827 [main] DEBUG org.apache.http.impl.client.DefaultHttpClient -- Authentication required
17:03:48.828 [main] DEBUG org.apache.http.impl.client.DefaultHttpClient -- 13.60.22.209:7081 requested authentication
17:03:48.828 [main] DEBUG org.apache.http.impl.client.TargetAuthenticationStrategy -- Authentication schemes in the order of preference: [Negotiate, Kerberos, NTLM, CredSSP, Digest, Basic]
17:03:48.828 [main] DEBUG org.apache.http.impl.client.TargetAuthenticationStrategy -- Challenge for Negotiate authentication scheme not available
17:03:48.828 [main] DEBUG org.apache.http.impl.client.TargetAuthenticationStrategy -- Challenge for Kerberos authentication scheme not available
17:03:48.828 [main] DEBUG org.apache.http.impl.client.TargetAuthenticationStrategy -- Challenge for NTLM authentication scheme not available
17:03:48.828 [main] DEBUG org.apache.http.impl.client.TargetAuthenticationStrategy -- Challenge for CredSSP authentication scheme not available
17:03:48.829 [main] DEBUG org.apache.http.impl.client.TargetAuthenticationStrategy -- Challenge for Digest authentication scheme not available
17:03:48.834 [main] DEBUG org.apache.http.impl.client.DefaultHttpClient -- Selected authentication options: [BASIC [complete=true]]
17:03:48.836 [main] DEBUG org.apache.http.client.protocol.RequestAddCookies -- CookieSpec selected: ignoreCookies
17:03:48.837 [main] DEBUG org.apache.http.client.protocol.RequestAuthCache -- Auth cache not set in the context
17:03:48.837 [main] DEBUG org.apache.http.client.protocol.RequestTargetAuthentication -- Target auth state: CHALLENGED
17:03:48.837 [main] DEBUG org.apache.http.client.protocol.RequestTargetAuthentication -- Generating response to an authentication challenge using basic scheme
17:03:48.842 [main] DEBUG org.apache.http.client.protocol.RequestProxyAuthentication -- Proxy auth state: UNCHALLENGED
17:03:48.843 [main] DEBUG org.apache.http.impl.client.DefaultHttpClient -- Attempt 2 to execute request
17:03:48.843 [main] DEBUG org.apache.http.impl.conn.DefaultClientConnection -- Sending request: GET /api/books HTTP/1.1
17:03:48.843 [main] DEBUG org.apache.http.wire --  >> "GET /api/books HTTP/1.1[\r][\n]"
17:03:48.843 [main] DEBUG org.apache.http.wire --  >> "Accept: */*[\r][\n]"
17:03:48.843 [main] DEBUG org.apache.http.wire --  >> "Host: 13.60.22.209:7081[\r][\n]"
17:03:48.843 [main] DEBUG org.apache.http.wire --  >> "Connection: Keep-Alive[\r][\n]"
17:03:48.843 [main] DEBUG org.apache.http.wire --  >> "User-Agent: Apache-HttpClient/4.5.13 (Java/17.0.9)[\r][\n]"
17:03:48.843 [main] DEBUG org.apache.http.wire --  >> "Authorization: Basic YWRtaW46cGFzc3dvcmQ=[\r][\n]"
17:03:48.844 [main] DEBUG org.apache.http.wire --  >> "Accept-Encoding: gzip,deflate[\r][\n]"
17:03:48.844 [main] DEBUG org.apache.http.wire --  >> "[\r][\n]"
17:03:48.844 [main] DEBUG org.apache.http.headers -- >> GET /api/books HTTP/1.1
17:03:48.844 [main] DEBUG org.apache.http.headers -- >> Accept: */*
17:03:48.844 [main] DEBUG org.apache.http.headers -- >> Host: 13.60.22.209:7081
17:03:48.844 [main] DEBUG org.apache.http.headers -- >> Connection: Keep-Alive
17:03:48.844 [main] DEBUG org.apache.http.headers -- >> User-Agent: Apache-HttpClient/4.5.13 (Java/17.0.9)
17:03:48.844 [main] DEBUG org.apache.http.headers -- >> Authorization: Basic YWRtaW46cGFzc3dvcmQ=
17:03:48.844 [main] DEBUG org.apache.http.headers -- >> Accept-Encoding: gzip,deflate
17:03:49.122 [main] DEBUG org.apache.http.wire --  << "HTTP/1.1 200 [\r][\n]"
17:03:49.122 [main] DEBUG org.apache.http.wire --  << "Set-Cookie: JSESSIONID=88AD6BCD611DC8507034FE037A9B1F68; Path=/; HttpOnly[\r][\n]"
17:03:49.122 [main] DEBUG org.apache.http.wire --  << "X-Content-Type-Options: nosniff[\r][\n]"
17:03:49.122 [main] DEBUG org.apache.http.wire --  << "X-XSS-Protection: 1; mode=block[\r][\n]"
17:03:49.123 [main] DEBUG org.apache.http.wire --  << "Cache-Control: no-cache, no-store, max-age=0, must-revalidate[\r][\n]"
17:03:49.124 [main] DEBUG org.apache.http.wire --  << "Pragma: no-cache[\r][\n]"
17:03:49.124 [main] DEBUG org.apache.http.wire --  << "Expires: 0[\r][\n]"
17:03:49.126 [main] DEBUG org.apache.http.wire --  << "X-Frame-Options: DENY[\r][\n]"
17:03:49.126 [main] DEBUG org.apache.http.wire --  << "Content-Type: application/json[\r][\n]"
17:03:49.126 [main] DEBUG org.apache.http.wire --  << "Transfer-Encoding: chunked[\r][\n]"
17:03:49.126 [main] DEBUG org.apache.http.wire --  << "Date: Fri, 03 Jan 2025 11:33:49 GMT[\r][\n]"
17:03:49.126 [main] DEBUG org.apache.http.wire --  << "Keep-Alive: timeout=60[\r][\n]"
17:03:49.127 [main] DEBUG org.apache.http.wire --  << "Connection: keep-alive[\r][\n]"
17:03:49.127 [main] DEBUG org.apache.http.wire --  << "[\r][\n]"
17:03:49.127 [main] DEBUG org.apache.http.impl.conn.DefaultClientConnection -- Receiving response: HTTP/1.1 200 
17:03:49.127 [main] DEBUG org.apache.http.headers -- << HTTP/1.1 200 
17:03:49.127 [main] DEBUG org.apache.http.headers -- << Set-Cookie: JSESSIONID=88AD6BCD611DC8507034FE037A9B1F68; Path=/; HttpOnly
17:03:49.128 [main] DEBUG org.apache.http.headers -- << X-Content-Type-Options: nosniff
17:03:49.128 [main] DEBUG org.apache.http.headers -- << X-XSS-Protection: 1; mode=block
17:03:49.128 [main] DEBUG org.apache.http.headers -- << Cache-Control: no-cache, no-store, max-age=0, must-revalidate
17:03:49.128 [main] DEBUG org.apache.http.headers -- << Pragma: no-cache
17:03:49.128 [main] DEBUG org.apache.http.headers -- << Expires: 0
17:03:49.128 [main] DEBUG org.apache.http.headers -- << X-Frame-Options: DENY
17:03:49.128 [main] DEBUG org.apache.http.headers -- << Content-Type: application/json
17:03:49.129 [main] DEBUG org.apache.http.headers -- << Transfer-Encoding: chunked
17:03:49.129 [main] DEBUG org.apache.http.headers -- << Date: Fri, 03 Jan 2025 11:33:49 GMT
17:03:49.129 [main] DEBUG org.apache.http.headers -- << Keep-Alive: timeout=60
17:03:49.129 [main] DEBUG org.apache.http.headers -- << Connection: keep-alive
17:03:49.131 [main] DEBUG org.apache.http.impl.client.DefaultHttpClient -- Connection can be kept alive for 60000 MILLISECONDS
17:03:49.131 [main] DEBUG org.apache.http.impl.client.DefaultHttpClient -- Authentication succeeded
17:03:49.133 [main] DEBUG org.apache.http.impl.client.TargetAuthenticationStrategy -- Caching 'basic' auth scheme for http://13.60.22.209:7081
17:03:49.152 [main] DEBUG io.restassured.internal.RestAssuredHttpBuilder -- Parsing response as: application/json
17:03:49.153 [main] DEBUG io.restassured.internal.RestAssuredHttpBuilder -- Parsed data to instance of: class org.apache.http.conn.EofSensorInputStream
17:03:49.223 [main] DEBUG org.apache.http.wire --  << "33a[\r][\n]"
17:03:49.223 [main] DEBUG org.apache.http.wire --  << "[{"id":2,"title":"","author":"Hri"},{"id":3,"title":"Squid game_2","author":"Nicola"},{"id":4,"title":"Frozen prince3","author":"CorrectAuthor"},{"id":5,"title":"Valid Bookss","author":"Valid Authors"},{"id":6,"title":"Harry Potter","author":"Howkling"},{"id":7,"title":"Harry Potter1","author":"Howkling"},{"id":8,"title":"Test Book","author":"Original Author"},{"id":9,"title":"Test Book2","author":null},{"id":10,"title":"Cindcgdtrella2","author":"Howkling"},{"id":11,"title":"123","author":"Valid Authors"},{"id":12,"title":"Numeric Author Books","author":"123456"},{"id":13,"title":"old Bok","author":"old Author"},{"id":14,"title":"modern Bok","author":"new Author"},{"id":15,"title":"book Names","author":null},{"id":20,"title":null,"author":"Attffutfythor Naes"},{"id":23,"title":"Vald Books","author":"Valid Autors"}]"
17:03:49.224 [main] DEBUG org.apache.http.wire --  << "[\r][\n]"
17:03:49.224 [main] DEBUG org.apache.http.wire --  << "0[\r][\n]"
17:03:49.224 [main] DEBUG org.apache.http.wire --  << "[\r][\n]"
17:03:49.224 [main] DEBUG org.apache.http.impl.conn.BasicClientConnectionManager -- Releasing connection org.apache.http.impl.conn.ManagedClientConnectionImpl@5981f4a6
17:03:49.224 [main] DEBUG org.apache.http.impl.conn.BasicClientConnectionManager -- Connection can be kept alive for 60000 MILLISECONDS
17:03:49.407 [Finalizer] DEBUG org.apache.http.impl.conn.DefaultClientConnection -- Connection 0.0.0.0:58372<->13.60.22.209:7081 closed
]]></system-out>
  </testcase>
  <testcase name="testGetAllBooksAsUser" classname="TestCases.GetBookAPITests" time="0.645">
    <system-out><![CDATA[17:03:49.439 [main] DEBUG org.apache.http.impl.conn.BasicClientConnectionManager -- Get connection for route {}->http://13.60.22.209:7081
17:03:49.439 [main] DEBUG org.apache.http.impl.conn.DefaultClientConnectionOperator -- Connecting to 13.60.22.209:7081
17:03:49.599 [main] DEBUG org.apache.http.client.protocol.RequestAddCookies -- CookieSpec selected: ignoreCookies
17:03:49.599 [main] DEBUG org.apache.http.client.protocol.RequestAuthCache -- Auth cache not set in the context
17:03:49.600 [main] DEBUG org.apache.http.client.protocol.RequestTargetAuthentication -- Target auth state: UNCHALLENGED
17:03:49.600 [main] DEBUG org.apache.http.client.protocol.RequestProxyAuthentication -- Proxy auth state: UNCHALLENGED
17:03:49.601 [main] DEBUG org.apache.http.impl.client.DefaultHttpClient -- Attempt 1 to execute request
17:03:49.601 [main] DEBUG org.apache.http.impl.conn.DefaultClientConnection -- Sending request: GET /api/books HTTP/1.1
17:03:49.601 [main] DEBUG org.apache.http.wire --  >> "GET /api/books HTTP/1.1[\r][\n]"
17:03:49.601 [main] DEBUG org.apache.http.wire --  >> "Accept: */*[\r][\n]"
17:03:49.601 [main] DEBUG org.apache.http.wire --  >> "Host: 13.60.22.209:7081[\r][\n]"
17:03:49.602 [main] DEBUG org.apache.http.wire --  >> "Connection: Keep-Alive[\r][\n]"
17:03:49.602 [main] DEBUG org.apache.http.wire --  >> "User-Agent: Apache-HttpClient/4.5.13 (Java/17.0.9)[\r][\n]"
17:03:49.602 [main] DEBUG org.apache.http.wire --  >> "Accept-Encoding: gzip,deflate[\r][\n]"
17:03:49.602 [main] DEBUG org.apache.http.wire --  >> "[\r][\n]"
17:03:49.602 [main] DEBUG org.apache.http.headers -- >> GET /api/books HTTP/1.1
17:03:49.603 [main] DEBUG org.apache.http.headers -- >> Accept: */*
17:03:49.603 [main] DEBUG org.apache.http.headers -- >> Host: 13.60.22.209:7081
17:03:49.603 [main] DEBUG org.apache.http.headers -- >> Connection: Keep-Alive
17:03:49.603 [main] DEBUG org.apache.http.headers -- >> User-Agent: Apache-HttpClient/4.5.13 (Java/17.0.9)
17:03:49.603 [main] DEBUG org.apache.http.headers -- >> Accept-Encoding: gzip,deflate
17:03:49.770 [main] DEBUG org.apache.http.wire --  << "HTTP/1.1 401 [\r][\n]"
17:03:49.771 [main] DEBUG org.apache.http.wire --  << "Set-Cookie: JSESSIONID=CD40CF4C187BEEA940E298B97DD659E6; Path=/; HttpOnly[\r][\n]"
17:03:49.771 [main] DEBUG org.apache.http.wire --  << "WWW-Authenticate: Basic realm="Realm"[\r][\n]"
17:03:49.771 [main] DEBUG org.apache.http.wire --  << "X-Content-Type-Options: nosniff[\r][\n]"
17:03:49.771 [main] DEBUG org.apache.http.wire --  << "X-XSS-Protection: 1; mode=block[\r][\n]"
17:03:49.771 [main] DEBUG org.apache.http.wire --  << "Cache-Control: no-cache, no-store, max-age=0, must-revalidate[\r][\n]"
17:03:49.771 [main] DEBUG org.apache.http.wire --  << "Pragma: no-cache[\r][\n]"
17:03:49.772 [main] DEBUG org.apache.http.wire --  << "Expires: 0[\r][\n]"
17:03:49.772 [main] DEBUG org.apache.http.wire --  << "X-Frame-Options: DENY[\r][\n]"
17:03:49.772 [main] DEBUG org.apache.http.wire --  << "Content-Length: 0[\r][\n]"
17:03:49.772 [main] DEBUG org.apache.http.wire --  << "Date: Fri, 03 Jan 2025 11:33:49 GMT[\r][\n]"
17:03:49.773 [main] DEBUG org.apache.http.wire --  << "Keep-Alive: timeout=60[\r][\n]"
17:03:49.773 [main] DEBUG org.apache.http.wire --  << "Connection: keep-alive[\r][\n]"
17:03:49.773 [main] DEBUG org.apache.http.wire --  << "[\r][\n]"
17:03:49.773 [main] DEBUG org.apache.http.impl.conn.DefaultClientConnection -- Receiving response: HTTP/1.1 401 
17:03:49.773 [main] DEBUG org.apache.http.headers -- << HTTP/1.1 401 
17:03:49.773 [main] DEBUG org.apache.http.headers -- << Set-Cookie: JSESSIONID=CD40CF4C187BEEA940E298B97DD659E6; Path=/; HttpOnly
17:03:49.774 [main] DEBUG org.apache.http.headers -- << WWW-Authenticate: Basic realm="Realm"
17:03:49.774 [main] DEBUG org.apache.http.headers -- << X-Content-Type-Options: nosniff
17:03:49.774 [main] DEBUG org.apache.http.headers -- << X-XSS-Protection: 1; mode=block
17:03:49.774 [main] DEBUG org.apache.http.headers -- << Cache-Control: no-cache, no-store, max-age=0, must-revalidate
17:03:49.774 [main] DEBUG org.apache.http.headers -- << Pragma: no-cache
17:03:49.774 [main] DEBUG org.apache.http.headers -- << Expires: 0
17:03:49.776 [main] DEBUG org.apache.http.headers -- << X-Frame-Options: DENY
17:03:49.776 [main] DEBUG org.apache.http.headers -- << Content-Length: 0
17:03:49.776 [main] DEBUG org.apache.http.headers -- << Date: Fri, 03 Jan 2025 11:33:49 GMT
17:03:49.776 [main] DEBUG org.apache.http.headers -- << Keep-Alive: timeout=60
17:03:49.776 [main] DEBUG org.apache.http.headers -- << Connection: keep-alive
17:03:49.777 [main] DEBUG org.apache.http.impl.client.DefaultHttpClient -- Connection can be kept alive for 60000 MILLISECONDS
17:03:49.777 [main] DEBUG org.apache.http.impl.client.DefaultHttpClient -- Authentication required
17:03:49.777 [main] DEBUG org.apache.http.impl.client.DefaultHttpClient -- 13.60.22.209:7081 requested authentication
17:03:49.778 [main] DEBUG org.apache.http.impl.client.TargetAuthenticationStrategy -- Authentication schemes in the order of preference: [Negotiate, Kerberos, NTLM, CredSSP, Digest, Basic]
17:03:49.778 [main] DEBUG org.apache.http.impl.client.TargetAuthenticationStrategy -- Challenge for Negotiate authentication scheme not available
17:03:49.778 [main] DEBUG org.apache.http.impl.client.TargetAuthenticationStrategy -- Challenge for Kerberos authentication scheme not available
17:03:49.778 [main] DEBUG org.apache.http.impl.client.TargetAuthenticationStrategy -- Challenge for NTLM authentication scheme not available
17:03:49.778 [main] DEBUG org.apache.http.impl.client.TargetAuthenticationStrategy -- Challenge for CredSSP authentication scheme not available
17:03:49.778 [main] DEBUG org.apache.http.impl.client.TargetAuthenticationStrategy -- Challenge for Digest authentication scheme not available
17:03:49.779 [main] DEBUG org.apache.http.impl.client.DefaultHttpClient -- Selected authentication options: [BASIC [complete=true]]
17:03:49.779 [main] DEBUG org.apache.http.client.protocol.RequestAddCookies -- CookieSpec selected: ignoreCookies
17:03:49.779 [main] DEBUG org.apache.http.client.protocol.RequestAuthCache -- Auth cache not set in the context
17:03:49.779 [main] DEBUG org.apache.http.client.protocol.RequestTargetAuthentication -- Target auth state: CHALLENGED
17:03:49.780 [main] DEBUG org.apache.http.client.protocol.RequestTargetAuthentication -- Generating response to an authentication challenge using basic scheme
17:03:49.780 [main] DEBUG org.apache.http.client.protocol.RequestProxyAuthentication -- Proxy auth state: UNCHALLENGED
17:03:49.780 [main] DEBUG org.apache.http.impl.client.DefaultHttpClient -- Attempt 2 to execute request
17:03:49.780 [main] DEBUG org.apache.http.impl.conn.DefaultClientConnection -- Sending request: GET /api/books HTTP/1.1
17:03:49.782 [main] DEBUG org.apache.http.wire --  >> "GET /api/books HTTP/1.1[\r][\n]"
17:03:49.782 [main] DEBUG org.apache.http.wire --  >> "Accept: */*[\r][\n]"
17:03:49.782 [main] DEBUG org.apache.http.wire --  >> "Host: 13.60.22.209:7081[\r][\n]"
17:03:49.782 [main] DEBUG org.apache.http.wire --  >> "Connection: Keep-Alive[\r][\n]"
17:03:49.783 [main] DEBUG org.apache.http.wire --  >> "User-Agent: Apache-HttpClient/4.5.13 (Java/17.0.9)[\r][\n]"
17:03:49.783 [main] DEBUG org.apache.http.wire --  >> "Authorization: Basic dXNlcjpwYXNzd29yZA==[\r][\n]"
17:03:49.783 [main] DEBUG org.apache.http.wire --  >> "Accept-Encoding: gzip,deflate[\r][\n]"
17:03:49.783 [main] DEBUG org.apache.http.wire --  >> "[\r][\n]"
17:03:49.783 [main] DEBUG org.apache.http.headers -- >> GET /api/books HTTP/1.1
17:03:49.783 [main] DEBUG org.apache.http.headers -- >> Accept: */*
17:03:49.783 [main] DEBUG org.apache.http.headers -- >> Host: 13.60.22.209:7081
17:03:49.783 [main] DEBUG org.apache.http.headers -- >> Connection: Keep-Alive
17:03:49.783 [main] DEBUG org.apache.http.headers -- >> User-Agent: Apache-HttpClient/4.5.13 (Java/17.0.9)
17:03:49.783 [main] DEBUG org.apache.http.headers -- >> Authorization: Basic dXNlcjpwYXNzd29yZA==
17:03:49.783 [main] DEBUG org.apache.http.headers -- >> Accept-Encoding: gzip,deflate
17:03:50.041 [main] DEBUG org.apache.http.wire --  << "HTTP/1.1 200 [\r][\n]"
17:03:50.042 [main] DEBUG org.apache.http.wire --  << "Set-Cookie: JSESSIONID=30D37E9753A61B83E3206E15C1B7E274; Path=/; HttpOnly[\r][\n]"
17:03:50.042 [main] DEBUG org.apache.http.wire --  << "X-Content-Type-Options: nosniff[\r][\n]"
17:03:50.042 [main] DEBUG org.apache.http.wire --  << "X-XSS-Protection: 1; mode=block[\r][\n]"
17:03:50.042 [main] DEBUG org.apache.http.wire --  << "Cache-Control: no-cache, no-store, max-age=0, must-revalidate[\r][\n]"
17:03:50.042 [main] DEBUG org.apache.http.wire --  << "Pragma: no-cache[\r][\n]"
17:03:50.042 [main] DEBUG org.apache.http.wire --  << "Expires: 0[\r][\n]"
17:03:50.043 [main] DEBUG org.apache.http.wire --  << "X-Frame-Options: DENY[\r][\n]"
17:03:50.043 [main] DEBUG org.apache.http.wire --  << "Content-Type: application/json[\r][\n]"
17:03:50.043 [main] DEBUG org.apache.http.wire --  << "Transfer-Encoding: chunked[\r][\n]"
17:03:50.043 [main] DEBUG org.apache.http.wire --  << "Date: Fri, 03 Jan 2025 11:33:51 GMT[\r][\n]"
17:03:50.043 [main] DEBUG org.apache.http.wire --  << "Keep-Alive: timeout=60[\r][\n]"
17:03:50.043 [main] DEBUG org.apache.http.wire --  << "Connection: keep-alive[\r][\n]"
17:03:50.043 [main] DEBUG org.apache.http.wire --  << "[\r][\n]"
17:03:50.045 [main] DEBUG org.apache.http.impl.conn.DefaultClientConnection -- Receiving response: HTTP/1.1 200 
17:03:50.045 [main] DEBUG org.apache.http.headers -- << HTTP/1.1 200 
17:03:50.045 [main] DEBUG org.apache.http.headers -- << Set-Cookie: JSESSIONID=30D37E9753A61B83E3206E15C1B7E274; Path=/; HttpOnly
17:03:50.045 [main] DEBUG org.apache.http.headers -- << X-Content-Type-Options: nosniff
17:03:50.045 [main] DEBUG org.apache.http.headers -- << X-XSS-Protection: 1; mode=block
17:03:50.045 [main] DEBUG org.apache.http.headers -- << Cache-Control: no-cache, no-store, max-age=0, must-revalidate
17:03:50.045 [main] DEBUG org.apache.http.headers -- << Pragma: no-cache
17:03:50.045 [main] DEBUG org.apache.http.headers -- << Expires: 0
17:03:50.045 [main] DEBUG org.apache.http.headers -- << X-Frame-Options: DENY
17:03:50.045 [main] DEBUG org.apache.http.headers -- << Content-Type: application/json
17:03:50.045 [main] DEBUG org.apache.http.headers -- << Transfer-Encoding: chunked
17:03:50.045 [main] DEBUG org.apache.http.headers -- << Date: Fri, 03 Jan 2025 11:33:51 GMT
17:03:50.045 [main] DEBUG org.apache.http.headers -- << Keep-Alive: timeout=60
17:03:50.046 [main] DEBUG org.apache.http.headers -- << Connection: keep-alive
17:03:50.046 [main] DEBUG org.apache.http.impl.client.DefaultHttpClient -- Connection can be kept alive for 60000 MILLISECONDS
17:03:50.046 [main] DEBUG org.apache.http.impl.client.DefaultHttpClient -- Authentication succeeded
17:03:50.046 [main] DEBUG org.apache.http.impl.client.TargetAuthenticationStrategy -- Caching 'basic' auth scheme for http://13.60.22.209:7081
17:03:50.046 [main] DEBUG io.restassured.internal.RestAssuredHttpBuilder -- Parsing response as: application/json
17:03:50.046 [main] DEBUG io.restassured.internal.RestAssuredHttpBuilder -- Parsed data to instance of: class org.apache.http.conn.EofSensorInputStream
17:03:50.049 [main] DEBUG org.apache.http.wire --  << "33a[\r][\n]"
17:03:50.050 [main] DEBUG org.apache.http.wire --  << "[{"id":2,"title":"","author":"Hri"},{"id":3,"title":"Squid game_2","author":"Nicola"},{"id":4,"title":"Frozen prince3","author":"CorrectAuthor"},{"id":5,"title":"Valid Bookss","author":"Valid Authors"},{"id":6,"title":"Harry Potter","author":"Howkling"},{"id":7,"title":"Harry Potter1","author":"Howkling"},{"id":8,"title":"Test Book","author":"Original Author"},{"id":9,"title":"Test Book2","author":null},{"id":10,"title":"Cindcgdtrella2","author":"Howkling"},{"id":11,"title":"123","author":"Valid Authors"},{"id":12,"title":"Numeric Author Books","author":"123456"},{"id":13,"title":"old Bok","author":"old Author"},{"id":14,"title":"modern Bok","author":"new Author"},{"id":15,"title":"book Names","author":null},{"id":20,"title":null,"author":"Attffutfythor Naes"},{"id":23,"title":"Vald Books","author":"Valid Autors"}]"
17:03:50.050 [main] DEBUG org.apache.http.wire --  << "[\r][\n]"
17:03:50.050 [main] DEBUG org.apache.http.wire --  << "0[\r][\n]"
17:03:50.050 [main] DEBUG org.apache.http.wire --  << "[\r][\n]"
17:03:50.050 [main] DEBUG org.apache.http.impl.conn.BasicClientConnectionManager -- Releasing connection org.apache.http.impl.conn.ManagedClientConnectionImpl@1192b58e
17:03:50.050 [main] DEBUG org.apache.http.impl.conn.BasicClientConnectionManager -- Connection can be kept alive for 60000 MILLISECONDS
]]></system-out>
  </testcase>
  <testcase name="testGetBookByIdAsAdmin" classname="TestCases.GetBookAPITests" time="1.029">
    <system-out><![CDATA[17:03:50.093 [main] DEBUG org.apache.http.impl.conn.BasicClientConnectionManager -- Get connection for route {}->http://13.60.22.209:7081
17:03:50.094 [main] DEBUG org.apache.http.impl.conn.DefaultClientConnectionOperator -- Connecting to 13.60.22.209:7081
17:03:50.251 [main] DEBUG org.apache.http.client.protocol.RequestAddCookies -- CookieSpec selected: ignoreCookies
17:03:50.252 [main] DEBUG org.apache.http.client.protocol.RequestAuthCache -- Auth cache not set in the context
17:03:50.252 [main] DEBUG org.apache.http.client.protocol.RequestTargetAuthentication -- Target auth state: UNCHALLENGED
17:03:50.252 [main] DEBUG org.apache.http.client.protocol.RequestProxyAuthentication -- Proxy auth state: UNCHALLENGED
17:03:50.252 [main] DEBUG org.apache.http.impl.client.DefaultHttpClient -- Attempt 1 to execute request
17:03:50.252 [main] DEBUG org.apache.http.impl.conn.DefaultClientConnection -- Sending request: GET /api/books/2 HTTP/1.1
17:03:50.252 [main] DEBUG org.apache.http.wire --  >> "GET /api/books/2 HTTP/1.1[\r][\n]"
17:03:50.252 [main] DEBUG org.apache.http.wire --  >> "Accept: */*[\r][\n]"
17:03:50.252 [main] DEBUG org.apache.http.wire --  >> "Host: 13.60.22.209:7081[\r][\n]"
17:03:50.253 [main] DEBUG org.apache.http.wire --  >> "Connection: Keep-Alive[\r][\n]"
17:03:50.253 [main] DEBUG org.apache.http.wire --  >> "User-Agent: Apache-HttpClient/4.5.13 (Java/17.0.9)[\r][\n]"
17:03:50.253 [main] DEBUG org.apache.http.wire --  >> "Accept-Encoding: gzip,deflate[\r][\n]"
17:03:50.253 [main] DEBUG org.apache.http.wire --  >> "[\r][\n]"
17:03:50.254 [main] DEBUG org.apache.http.headers -- >> GET /api/books/2 HTTP/1.1
17:03:50.254 [main] DEBUG org.apache.http.headers -- >> Accept: */*
17:03:50.254 [main] DEBUG org.apache.http.headers -- >> Host: 13.60.22.209:7081
17:03:50.254 [main] DEBUG org.apache.http.headers -- >> Connection: Keep-Alive
17:03:50.254 [main] DEBUG org.apache.http.headers -- >> User-Agent: Apache-HttpClient/4.5.13 (Java/17.0.9)
17:03:50.254 [main] DEBUG org.apache.http.headers -- >> Accept-Encoding: gzip,deflate
17:03:50.420 [main] DEBUG org.apache.http.wire --  << "HTTP/1.1 401 [\r][\n]"
17:03:50.421 [main] DEBUG org.apache.http.wire --  << "Set-Cookie: JSESSIONID=9A914F99553076F437F8F99FCAB60554; Path=/; HttpOnly[\r][\n]"
17:03:50.421 [main] DEBUG org.apache.http.wire --  << "WWW-Authenticate: Basic realm="Realm"[\r][\n]"
17:03:50.421 [main] DEBUG org.apache.http.wire --  << "X-Content-Type-Options: nosniff[\r][\n]"
17:03:50.421 [main] DEBUG org.apache.http.wire --  << "X-XSS-Protection: 1; mode=block[\r][\n]"
17:03:50.421 [main] DEBUG org.apache.http.wire --  << "Cache-Control: no-cache, no-store, max-age=0, must-revalidate[\r][\n]"
17:03:50.422 [main] DEBUG org.apache.http.wire --  << "Pragma: no-cache[\r][\n]"
17:03:50.422 [main] DEBUG org.apache.http.wire --  << "Expires: 0[\r][\n]"
17:03:50.422 [main] DEBUG org.apache.http.wire --  << "X-Frame-Options: DENY[\r][\n]"
17:03:50.422 [main] DEBUG org.apache.http.wire --  << "Content-Length: 0[\r][\n]"
17:03:50.422 [main] DEBUG org.apache.http.wire --  << "Date: Fri, 03 Jan 2025 11:33:51 GMT[\r][\n]"
17:03:50.422 [main] DEBUG org.apache.http.wire --  << "Keep-Alive: timeout=60[\r][\n]"
17:03:50.422 [main] DEBUG org.apache.http.wire --  << "Connection: keep-alive[\r][\n]"
17:03:50.423 [main] DEBUG org.apache.http.wire --  << "[\r][\n]"
17:03:50.423 [main] DEBUG org.apache.http.impl.conn.DefaultClientConnection -- Receiving response: HTTP/1.1 401 
17:03:50.423 [main] DEBUG org.apache.http.headers -- << HTTP/1.1 401 
17:03:50.423 [main] DEBUG org.apache.http.headers -- << Set-Cookie: JSESSIONID=9A914F99553076F437F8F99FCAB60554; Path=/; HttpOnly
17:03:50.423 [main] DEBUG org.apache.http.headers -- << WWW-Authenticate: Basic realm="Realm"
17:03:50.423 [main] DEBUG org.apache.http.headers -- << X-Content-Type-Options: nosniff
17:03:50.423 [main] DEBUG org.apache.http.headers -- << X-XSS-Protection: 1; mode=block
17:03:50.423 [main] DEBUG org.apache.http.headers -- << Cache-Control: no-cache, no-store, max-age=0, must-revalidate
17:03:50.423 [main] DEBUG org.apache.http.headers -- << Pragma: no-cache
17:03:50.423 [main] DEBUG org.apache.http.headers -- << Expires: 0
17:03:50.424 [main] DEBUG org.apache.http.headers -- << X-Frame-Options: DENY
17:03:50.424 [main] DEBUG org.apache.http.headers -- << Content-Length: 0
17:03:50.424 [main] DEBUG org.apache.http.headers -- << Date: Fri, 03 Jan 2025 11:33:51 GMT
17:03:50.424 [main] DEBUG org.apache.http.headers -- << Keep-Alive: timeout=60
17:03:50.424 [main] DEBUG org.apache.http.headers -- << Connection: keep-alive
17:03:50.424 [main] DEBUG org.apache.http.impl.client.DefaultHttpClient -- Connection can be kept alive for 60000 MILLISECONDS
17:03:50.424 [main] DEBUG org.apache.http.impl.client.DefaultHttpClient -- Authentication required
17:03:50.424 [main] DEBUG org.apache.http.impl.client.DefaultHttpClient -- 13.60.22.209:7081 requested authentication
17:03:50.425 [main] DEBUG org.apache.http.impl.client.TargetAuthenticationStrategy -- Authentication schemes in the order of preference: [Negotiate, Kerberos, NTLM, CredSSP, Digest, Basic]
17:03:50.425 [main] DEBUG org.apache.http.impl.client.TargetAuthenticationStrategy -- Challenge for Negotiate authentication scheme not available
17:03:50.425 [main] DEBUG org.apache.http.impl.client.TargetAuthenticationStrategy -- Challenge for Kerberos authentication scheme not available
17:03:50.425 [main] DEBUG org.apache.http.impl.client.TargetAuthenticationStrategy -- Challenge for NTLM authentication scheme not available
17:03:50.425 [main] DEBUG org.apache.http.impl.client.TargetAuthenticationStrategy -- Challenge for CredSSP authentication scheme not available
17:03:50.425 [main] DEBUG org.apache.http.impl.client.TargetAuthenticationStrategy -- Challenge for Digest authentication scheme not available
17:03:50.425 [main] DEBUG org.apache.http.impl.client.DefaultHttpClient -- Selected authentication options: [BASIC [complete=true]]
17:03:50.426 [main] DEBUG org.apache.http.client.protocol.RequestAddCookies -- CookieSpec selected: ignoreCookies
17:03:50.426 [main] DEBUG org.apache.http.client.protocol.RequestAuthCache -- Auth cache not set in the context
17:03:50.426 [main] DEBUG org.apache.http.client.protocol.RequestTargetAuthentication -- Target auth state: CHALLENGED
17:03:50.426 [main] DEBUG org.apache.http.client.protocol.RequestTargetAuthentication -- Generating response to an authentication challenge using basic scheme
17:03:50.427 [main] DEBUG org.apache.http.client.protocol.RequestProxyAuthentication -- Proxy auth state: UNCHALLENGED
17:03:50.427 [main] DEBUG org.apache.http.impl.client.DefaultHttpClient -- Attempt 2 to execute request
17:03:50.427 [main] DEBUG org.apache.http.impl.conn.DefaultClientConnection -- Sending request: GET /api/books/2 HTTP/1.1
17:03:50.427 [main] DEBUG org.apache.http.wire --  >> "GET /api/books/2 HTTP/1.1[\r][\n]"
17:03:50.427 [main] DEBUG org.apache.http.wire --  >> "Accept: */*[\r][\n]"
17:03:50.427 [main] DEBUG org.apache.http.wire --  >> "Host: 13.60.22.209:7081[\r][\n]"
17:03:50.427 [main] DEBUG org.apache.http.wire --  >> "Connection: Keep-Alive[\r][\n]"
17:03:50.428 [main] DEBUG org.apache.http.wire --  >> "User-Agent: Apache-HttpClient/4.5.13 (Java/17.0.9)[\r][\n]"
17:03:50.428 [main] DEBUG org.apache.http.wire --  >> "Authorization: Basic YWRtaW46cGFzc3dvcmQ=[\r][\n]"
17:03:50.428 [main] DEBUG org.apache.http.wire --  >> "Accept-Encoding: gzip,deflate[\r][\n]"
17:03:50.428 [main] DEBUG org.apache.http.wire --  >> "[\r][\n]"
17:03:50.428 [main] DEBUG org.apache.http.headers -- >> GET /api/books/2 HTTP/1.1
17:03:50.428 [main] DEBUG org.apache.http.headers -- >> Accept: */*
17:03:50.428 [main] DEBUG org.apache.http.headers -- >> Host: 13.60.22.209:7081
17:03:50.428 [main] DEBUG org.apache.http.headers -- >> Connection: Keep-Alive
17:03:50.429 [main] DEBUG org.apache.http.headers -- >> User-Agent: Apache-HttpClient/4.5.13 (Java/17.0.9)
17:03:50.429 [main] DEBUG org.apache.http.headers -- >> Authorization: Basic YWRtaW46cGFzc3dvcmQ=
17:03:50.429 [main] DEBUG org.apache.http.headers -- >> Accept-Encoding: gzip,deflate
17:03:50.688 [main] DEBUG org.apache.http.wire --  << "HTTP/1.1 200 [\r][\n]"
17:03:50.688 [main] DEBUG org.apache.http.wire --  << "Set-Cookie: JSESSIONID=7F94155CBF554A1E6E1E89183521E000; Path=/; HttpOnly[\r][\n]"
17:03:50.688 [main] DEBUG org.apache.http.wire --  << "X-Content-Type-Options: nosniff[\r][\n]"
17:03:50.688 [main] DEBUG org.apache.http.wire --  << "X-XSS-Protection: 1; mode=block[\r][\n]"
17:03:50.688 [main] DEBUG org.apache.http.wire --  << "Cache-Control: no-cache, no-store, max-age=0, must-revalidate[\r][\n]"
17:03:50.688 [main] DEBUG org.apache.http.wire --  << "Pragma: no-cache[\r][\n]"
17:03:50.689 [main] DEBUG org.apache.http.wire --  << "Expires: 0[\r][\n]"
17:03:50.689 [main] DEBUG org.apache.http.wire --  << "X-Frame-Options: DENY[\r][\n]"
17:03:50.689 [main] DEBUG org.apache.http.wire --  << "Content-Type: application/json[\r][\n]"
17:03:50.689 [main] DEBUG org.apache.http.wire --  << "Transfer-Encoding: chunked[\r][\n]"
17:03:50.689 [main] DEBUG org.apache.http.wire --  << "Date: Fri, 03 Jan 2025 11:33:51 GMT[\r][\n]"
17:03:50.689 [main] DEBUG org.apache.http.wire --  << "Keep-Alive: timeout=60[\r][\n]"
17:03:50.689 [main] DEBUG org.apache.http.wire --  << "Connection: keep-alive[\r][\n]"
17:03:50.689 [main] DEBUG org.apache.http.wire --  << "[\r][\n]"
17:03:50.689 [main] DEBUG org.apache.http.impl.conn.DefaultClientConnection -- Receiving response: HTTP/1.1 200 
17:03:50.689 [main] DEBUG org.apache.http.headers -- << HTTP/1.1 200 
17:03:50.689 [main] DEBUG org.apache.http.headers -- << Set-Cookie: JSESSIONID=7F94155CBF554A1E6E1E89183521E000; Path=/; HttpOnly
17:03:50.689 [main] DEBUG org.apache.http.headers -- << X-Content-Type-Options: nosniff
17:03:50.689 [main] DEBUG org.apache.http.headers -- << X-XSS-Protection: 1; mode=block
17:03:50.689 [main] DEBUG org.apache.http.headers -- << Cache-Control: no-cache, no-store, max-age=0, must-revalidate
17:03:50.689 [main] DEBUG org.apache.http.headers -- << Pragma: no-cache
17:03:50.689 [main] DEBUG org.apache.http.headers -- << Expires: 0
17:03:50.690 [main] DEBUG org.apache.http.headers -- << X-Frame-Options: DENY
17:03:50.690 [main] DEBUG org.apache.http.headers -- << Content-Type: application/json
17:03:50.690 [main] DEBUG org.apache.http.headers -- << Transfer-Encoding: chunked
17:03:50.690 [main] DEBUG org.apache.http.headers -- << Date: Fri, 03 Jan 2025 11:33:51 GMT
17:03:50.690 [main] DEBUG org.apache.http.headers -- << Keep-Alive: timeout=60
17:03:50.690 [main] DEBUG org.apache.http.headers -- << Connection: keep-alive
17:03:50.690 [main] DEBUG org.apache.http.impl.client.DefaultHttpClient -- Connection can be kept alive for 60000 MILLISECONDS
17:03:50.690 [main] DEBUG org.apache.http.impl.client.DefaultHttpClient -- Authentication succeeded
17:03:50.690 [main] DEBUG org.apache.http.impl.client.TargetAuthenticationStrategy -- Caching 'basic' auth scheme for http://13.60.22.209:7081
17:03:50.691 [main] DEBUG io.restassured.internal.RestAssuredHttpBuilder -- Parsing response as: application/json
17:03:50.691 [main] DEBUG io.restassured.internal.RestAssuredHttpBuilder -- Parsed data to instance of: class org.apache.http.conn.EofSensorInputStream
17:03:50.692 [main] DEBUG org.apache.http.wire --  << "22[\r][\n]"
17:03:50.692 [main] DEBUG org.apache.http.wire --  << "{"id":2,"title":"","author":"Hri"}"
17:03:50.692 [main] DEBUG org.apache.http.wire --  << "[\r][\n]"
17:03:50.692 [main] DEBUG org.apache.http.wire --  << "0[\r][\n]"
17:03:50.692 [main] DEBUG org.apache.http.wire --  << "[\r][\n]"
17:03:50.692 [main] DEBUG org.apache.http.impl.conn.BasicClientConnectionManager -- Releasing connection org.apache.http.impl.conn.ManagedClientConnectionImpl@7e307087
17:03:50.692 [main] DEBUG org.apache.http.impl.conn.BasicClientConnectionManager -- Connection can be kept alive for 60000 MILLISECONDS
17:03:51.067 [Finalizer] DEBUG org.apache.http.impl.conn.DefaultClientConnection -- Connection 0.0.0.0:58373<->13.60.22.209:7081 closed
]]></system-out>
  </testcase>
  <testcase name="testGetBookByIdAsRegularUser" classname="TestCases.GetBookAPITests" time="0.652">
    <failure message="Expected status code is 200 expected [200] but found [403]" type="java.lang.AssertionError"><![CDATA[java.lang.AssertionError: Expected status code is 200 expected [200] but found [403]
	at org.testng.Assert.fail(Assert.java:110)
	at org.testng.Assert.failNotEquals(Assert.java:1413)
	at org.testng.Assert.assertEqualsImpl(Assert.java:149)
	at org.testng.Assert.assertEquals(Assert.java:131)
	at org.testng.Assert.assertEquals(Assert.java:1240)
	at TestCases.GetBookAPITests.testGetBookByIdAsRegularUser(GetBookAPITests.java:114)
	at java.base/jdk.internal.reflect.NativeMethodAccessorImpl.invoke0(Native Method)
	at java.base/jdk.internal.reflect.NativeMethodAccessorImpl.invoke(NativeMethodAccessorImpl.java:77)
	at java.base/jdk.internal.reflect.DelegatingMethodAccessorImpl.invoke(DelegatingMethodAccessorImpl.java:43)
	at java.base/java.lang.reflect.Method.invoke(Method.java:568)
	at org.testng.internal.invokers.MethodInvocationHelper.invokeMethod(MethodInvocationHelper.java:139)
	at org.testng.internal.invokers.TestInvoker.invokeMethod(TestInvoker.java:677)
	at org.testng.internal.invokers.TestInvoker.invokeTestMethod(TestInvoker.java:221)
	at org.testng.internal.invokers.MethodRunner.runInSequence(MethodRunner.java:50)
	at org.testng.internal.invokers.TestInvoker$MethodInvocationAgent.invoke(TestInvoker.java:969)
	at org.testng.internal.invokers.TestInvoker.invokeTestMethods(TestInvoker.java:194)
	at org.testng.internal.invokers.TestMethodWorker.invokeTestMethods(TestMethodWorker.java:148)
	at org.testng.internal.invokers.TestMethodWorker.run(TestMethodWorker.java:128)
	at java.base/java.util.ArrayList.forEach(ArrayList.java:1511)
	at org.testng.TestRunner.privateRun(TestRunner.java:829)
	at org.testng.TestRunner.run(TestRunner.java:602)
	at org.testng.SuiteRunner.runTest(SuiteRunner.java:437)
	at org.testng.SuiteRunner.runSequentially(SuiteRunner.java:431)
	at org.testng.SuiteRunner.privateRun(SuiteRunner.java:391)
	at org.testng.SuiteRunner.run(SuiteRunner.java:330)
	at org.testng.SuiteRunnerWorker.runSuite(SuiteRunnerWorker.java:52)
	at org.testng.SuiteRunnerWorker.run(SuiteRunnerWorker.java:95)
	at org.testng.TestNG.runSuitesSequentially(TestNG.java:1256)
	at org.testng.TestNG.runSuitesLocally(TestNG.java:1176)
	at org.testng.TestNG.runSuites(TestNG.java:1099)
	at org.testng.TestNG.run(TestNG.java:1067)
	at org.apache.maven.surefire.testng.TestNGExecutor.run(TestNGExecutor.java:324)
	at org.apache.maven.surefire.testng.TestNGXmlTestSuite.execute(TestNGXmlTestSuite.java:74)
	at org.apache.maven.surefire.testng.TestNGProvider.invoke(TestNGProvider.java:123)
	at org.apache.maven.surefire.booter.ForkedBooter.runSuitesInProcess(ForkedBooter.java:456)
	at org.apache.maven.surefire.booter.ForkedBooter.execute(ForkedBooter.java:169)
	at org.apache.maven.surefire.booter.ForkedBooter.run(ForkedBooter.java:595)
	at org.apache.maven.surefire.booter.ForkedBooter.main(ForkedBooter.java:581)
]]></failure>
    <system-out><![CDATA[17:03:51.114 [main] DEBUG org.apache.http.impl.conn.BasicClientConnectionManager -- Get connection for route {}->http://13.60.22.209:7081
17:03:51.114 [main] DEBUG org.apache.http.impl.conn.DefaultClientConnectionOperator -- Connecting to 13.60.22.209:7081
17:03:51.284 [main] DEBUG org.apache.http.client.protocol.RequestAddCookies -- CookieSpec selected: ignoreCookies
17:03:51.285 [main] DEBUG org.apache.http.client.protocol.RequestAuthCache -- Auth cache not set in the context
17:03:51.285 [main] DEBUG org.apache.http.client.protocol.RequestTargetAuthentication -- Target auth state: UNCHALLENGED
17:03:51.285 [main] DEBUG org.apache.http.client.protocol.RequestProxyAuthentication -- Proxy auth state: UNCHALLENGED
17:03:51.285 [main] DEBUG org.apache.http.impl.client.DefaultHttpClient -- Attempt 1 to execute request
17:03:51.285 [main] DEBUG org.apache.http.impl.conn.DefaultClientConnection -- Sending request: GET /api/books/1 HTTP/1.1
17:03:51.286 [main] DEBUG org.apache.http.wire --  >> "GET /api/books/1 HTTP/1.1[\r][\n]"
17:03:51.286 [main] DEBUG org.apache.http.wire --  >> "Accept: */*[\r][\n]"
17:03:51.286 [main] DEBUG org.apache.http.wire --  >> "Host: 13.60.22.209:7081[\r][\n]"
17:03:51.287 [main] DEBUG org.apache.http.wire --  >> "Connection: Keep-Alive[\r][\n]"
17:03:51.287 [main] DEBUG org.apache.http.wire --  >> "User-Agent: Apache-HttpClient/4.5.13 (Java/17.0.9)[\r][\n]"
17:03:51.287 [main] DEBUG org.apache.http.wire --  >> "Accept-Encoding: gzip,deflate[\r][\n]"
17:03:51.287 [main] DEBUG org.apache.http.wire --  >> "[\r][\n]"
17:03:51.287 [main] DEBUG org.apache.http.headers -- >> GET /api/books/1 HTTP/1.1
17:03:51.287 [main] DEBUG org.apache.http.headers -- >> Accept: */*
17:03:51.287 [main] DEBUG org.apache.http.headers -- >> Host: 13.60.22.209:7081
17:03:51.288 [main] DEBUG org.apache.http.headers -- >> Connection: Keep-Alive
17:03:51.288 [main] DEBUG org.apache.http.headers -- >> User-Agent: Apache-HttpClient/4.5.13 (Java/17.0.9)
17:03:51.288 [main] DEBUG org.apache.http.headers -- >> Accept-Encoding: gzip,deflate
17:03:51.456 [main] DEBUG org.apache.http.wire --  << "HTTP/1.1 401 [\r][\n]"
17:03:51.457 [main] DEBUG org.apache.http.wire --  << "Set-Cookie: JSESSIONID=42FD06408FED553FF26C7A5D96D4B852; Path=/; HttpOnly[\r][\n]"
17:03:51.457 [main] DEBUG org.apache.http.wire --  << "WWW-Authenticate: Basic realm="Realm"[\r][\n]"
17:03:51.457 [main] DEBUG org.apache.http.wire --  << "X-Content-Type-Options: nosniff[\r][\n]"
17:03:51.458 [main] DEBUG org.apache.http.wire --  << "X-XSS-Protection: 1; mode=block[\r][\n]"
17:03:51.458 [main] DEBUG org.apache.http.wire --  << "Cache-Control: no-cache, no-store, max-age=0, must-revalidate[\r][\n]"
17:03:51.458 [main] DEBUG org.apache.http.wire --  << "Pragma: no-cache[\r][\n]"
17:03:51.458 [main] DEBUG org.apache.http.wire --  << "Expires: 0[\r][\n]"
17:03:51.458 [main] DEBUG org.apache.http.wire --  << "X-Frame-Options: DENY[\r][\n]"
17:03:51.458 [main] DEBUG org.apache.http.wire --  << "Content-Length: 0[\r][\n]"
17:03:51.458 [main] DEBUG org.apache.http.wire --  << "Date: Fri, 03 Jan 2025 11:33:52 GMT[\r][\n]"
17:03:51.458 [main] DEBUG org.apache.http.wire --  << "Keep-Alive: timeout=60[\r][\n]"
17:03:51.459 [main] DEBUG org.apache.http.wire --  << "Connection: keep-alive[\r][\n]"
17:03:51.459 [main] DEBUG org.apache.http.wire --  << "[\r][\n]"
17:03:51.459 [main] DEBUG org.apache.http.impl.conn.DefaultClientConnection -- Receiving response: HTTP/1.1 401 
17:03:51.459 [main] DEBUG org.apache.http.headers -- << HTTP/1.1 401 
17:03:51.459 [main] DEBUG org.apache.http.headers -- << Set-Cookie: JSESSIONID=42FD06408FED553FF26C7A5D96D4B852; Path=/; HttpOnly
17:03:51.460 [main] DEBUG org.apache.http.headers -- << WWW-Authenticate: Basic realm="Realm"
17:03:51.460 [main] DEBUG org.apache.http.headers -- << X-Content-Type-Options: nosniff
17:03:51.460 [main] DEBUG org.apache.http.headers -- << X-XSS-Protection: 1; mode=block
17:03:51.460 [main] DEBUG org.apache.http.headers -- << Cache-Control: no-cache, no-store, max-age=0, must-revalidate
17:03:51.460 [main] DEBUG org.apache.http.headers -- << Pragma: no-cache
17:03:51.460 [main] DEBUG org.apache.http.headers -- << Expires: 0
17:03:51.460 [main] DEBUG org.apache.http.headers -- << X-Frame-Options: DENY
17:03:51.460 [main] DEBUG org.apache.http.headers -- << Content-Length: 0
17:03:51.460 [main] DEBUG org.apache.http.headers -- << Date: Fri, 03 Jan 2025 11:33:52 GMT
17:03:51.460 [main] DEBUG org.apache.http.headers -- << Keep-Alive: timeout=60
17:03:51.460 [main] DEBUG org.apache.http.headers -- << Connection: keep-alive
17:03:51.461 [main] DEBUG org.apache.http.impl.client.DefaultHttpClient -- Connection can be kept alive for 60000 MILLISECONDS
17:03:51.461 [main] DEBUG org.apache.http.impl.client.DefaultHttpClient -- Authentication required
17:03:51.461 [main] DEBUG org.apache.http.impl.client.DefaultHttpClient -- 13.60.22.209:7081 requested authentication
17:03:51.461 [main] DEBUG org.apache.http.impl.client.TargetAuthenticationStrategy -- Authentication schemes in the order of preference: [Negotiate, Kerberos, NTLM, CredSSP, Digest, Basic]
17:03:51.461 [main] DEBUG org.apache.http.impl.client.TargetAuthenticationStrategy -- Challenge for Negotiate authentication scheme not available
17:03:51.461 [main] DEBUG org.apache.http.impl.client.TargetAuthenticationStrategy -- Challenge for Kerberos authentication scheme not available
17:03:51.461 [main] DEBUG org.apache.http.impl.client.TargetAuthenticationStrategy -- Challenge for NTLM authentication scheme not available
17:03:51.462 [main] DEBUG org.apache.http.impl.client.TargetAuthenticationStrategy -- Challenge for CredSSP authentication scheme not available
17:03:51.462 [main] DEBUG org.apache.http.impl.client.TargetAuthenticationStrategy -- Challenge for Digest authentication scheme not available
17:03:51.462 [main] DEBUG org.apache.http.impl.client.DefaultHttpClient -- Selected authentication options: [BASIC [complete=true]]
17:03:51.463 [main] DEBUG org.apache.http.client.protocol.RequestAddCookies -- CookieSpec selected: ignoreCookies
17:03:51.463 [main] DEBUG org.apache.http.client.protocol.RequestAuthCache -- Auth cache not set in the context
17:03:51.463 [main] DEBUG org.apache.http.client.protocol.RequestTargetAuthentication -- Target auth state: CHALLENGED
17:03:51.463 [main] DEBUG org.apache.http.client.protocol.RequestTargetAuthentication -- Generating response to an authentication challenge using basic scheme
17:03:51.463 [main] DEBUG org.apache.http.client.protocol.RequestProxyAuthentication -- Proxy auth state: UNCHALLENGED
17:03:51.463 [main] DEBUG org.apache.http.impl.client.DefaultHttpClient -- Attempt 2 to execute request
17:03:51.463 [main] DEBUG org.apache.http.impl.conn.DefaultClientConnection -- Sending request: GET /api/books/1 HTTP/1.1
17:03:51.463 [main] DEBUG org.apache.http.wire --  >> "GET /api/books/1 HTTP/1.1[\r][\n]"
17:03:51.463 [main] DEBUG org.apache.http.wire --  >> "Accept: */*[\r][\n]"
17:03:51.463 [main] DEBUG org.apache.http.wire --  >> "Host: 13.60.22.209:7081[\r][\n]"
17:03:51.464 [main] DEBUG org.apache.http.wire --  >> "Connection: Keep-Alive[\r][\n]"
17:03:51.464 [main] DEBUG org.apache.http.wire --  >> "User-Agent: Apache-HttpClient/4.5.13 (Java/17.0.9)[\r][\n]"
17:03:51.464 [main] DEBUG org.apache.http.wire --  >> "Authorization: Basic dXNlcjpwYXNzd29yZA==[\r][\n]"
17:03:51.464 [main] DEBUG org.apache.http.wire --  >> "Accept-Encoding: gzip,deflate[\r][\n]"
17:03:51.464 [main] DEBUG org.apache.http.wire --  >> "[\r][\n]"
17:03:51.464 [main] DEBUG org.apache.http.headers -- >> GET /api/books/1 HTTP/1.1
17:03:51.464 [main] DEBUG org.apache.http.headers -- >> Accept: */*
17:03:51.464 [main] DEBUG org.apache.http.headers -- >> Host: 13.60.22.209:7081
17:03:51.464 [main] DEBUG org.apache.http.headers -- >> Connection: Keep-Alive
17:03:51.464 [main] DEBUG org.apache.http.headers -- >> User-Agent: Apache-HttpClient/4.5.13 (Java/17.0.9)
17:03:51.465 [main] DEBUG org.apache.http.headers -- >> Authorization: Basic dXNlcjpwYXNzd29yZA==
17:03:51.465 [main] DEBUG org.apache.http.headers -- >> Accept-Encoding: gzip,deflate
17:03:51.722 [main] DEBUG org.apache.http.wire --  << "HTTP/1.1 403 [\r][\n]"
17:03:51.722 [main] DEBUG org.apache.http.wire --  << "Set-Cookie: JSESSIONID=EF8C1788CA0CA827370B29EF1EDBB0C1; Path=/; HttpOnly[\r][\n]"
17:03:51.722 [main] DEBUG org.apache.http.wire --  << "X-Content-Type-Options: nosniff[\r][\n]"
17:03:51.722 [main] DEBUG org.apache.http.wire --  << "X-XSS-Protection: 1; mode=block[\r][\n]"
17:03:51.723 [main] DEBUG org.apache.http.wire --  << "Cache-Control: no-cache, no-store, max-age=0, must-revalidate[\r][\n]"
17:03:51.723 [main] DEBUG org.apache.http.wire --  << "Pragma: no-cache[\r][\n]"
17:03:51.723 [main] DEBUG org.apache.http.wire --  << "Expires: 0[\r][\n]"
17:03:51.723 [main] DEBUG org.apache.http.wire --  << "X-Frame-Options: DENY[\r][\n]"
17:03:51.723 [main] DEBUG org.apache.http.wire --  << "Content-Type: text/plain;charset=UTF-8[\r][\n]"
17:03:51.723 [main] DEBUG org.apache.http.wire --  << "Content-Length: 22[\r][\n]"
17:03:51.723 [main] DEBUG org.apache.http.wire --  << "Date: Fri, 03 Jan 2025 11:33:52 GMT[\r][\n]"
17:03:51.724 [main] DEBUG org.apache.http.wire --  << "Keep-Alive: timeout=60[\r][\n]"
17:03:51.724 [main] DEBUG org.apache.http.wire --  << "Connection: keep-alive[\r][\n]"
17:03:51.724 [main] DEBUG org.apache.http.wire --  << "[\r][\n]"
17:03:51.724 [main] DEBUG org.apache.http.impl.conn.DefaultClientConnection -- Receiving response: HTTP/1.1 403 
17:03:51.724 [main] DEBUG org.apache.http.headers -- << HTTP/1.1 403 
17:03:51.724 [main] DEBUG org.apache.http.headers -- << Set-Cookie: JSESSIONID=EF8C1788CA0CA827370B29EF1EDBB0C1; Path=/; HttpOnly
17:03:51.724 [main] DEBUG org.apache.http.headers -- << X-Content-Type-Options: nosniff
17:03:51.724 [main] DEBUG org.apache.http.headers -- << X-XSS-Protection: 1; mode=block
17:03:51.725 [main] DEBUG org.apache.http.headers -- << Cache-Control: no-cache, no-store, max-age=0, must-revalidate
17:03:51.725 [main] DEBUG org.apache.http.headers -- << Pragma: no-cache
17:03:51.725 [main] DEBUG org.apache.http.headers -- << Expires: 0
17:03:51.725 [main] DEBUG org.apache.http.headers -- << X-Frame-Options: DENY
17:03:51.725 [main] DEBUG org.apache.http.headers -- << Content-Type: text/plain;charset=UTF-8
17:03:51.725 [main] DEBUG org.apache.http.headers -- << Content-Length: 22
17:03:51.725 [main] DEBUG org.apache.http.headers -- << Date: Fri, 03 Jan 2025 11:33:52 GMT
17:03:51.725 [main] DEBUG org.apache.http.headers -- << Keep-Alive: timeout=60
17:03:51.725 [main] DEBUG org.apache.http.headers -- << Connection: keep-alive
17:03:51.726 [main] DEBUG org.apache.http.impl.client.DefaultHttpClient -- Connection can be kept alive for 60000 MILLISECONDS
17:03:51.726 [main] DEBUG org.apache.http.impl.client.DefaultHttpClient -- Authentication succeeded
17:03:51.726 [main] DEBUG org.apache.http.impl.client.TargetAuthenticationStrategy -- Caching 'basic' auth scheme for http://13.60.22.209:7081
17:03:51.727 [main] DEBUG io.restassured.internal.RestAssuredHttpBuilder -- Parsing response as: text/plain;charset=UTF-8
17:03:51.727 [main] DEBUG io.restassured.internal.RestAssuredHttpBuilder -- Parsed data to instance of: class org.apache.http.conn.EofSensorInputStream
]]></system-out>
  </testcase>
  <testcase name="testGetBookByIdAsUser" classname="TestCases.GetBookAPITests" time="0.646">
    <failure message="Expected status code is 200 expected [200] but found [403]" type="java.lang.AssertionError"><![CDATA[java.lang.AssertionError: Expected status code is 200 expected [200] but found [403]
	at org.testng.Assert.fail(Assert.java:110)
	at org.testng.Assert.failNotEquals(Assert.java:1413)
	at org.testng.Assert.assertEqualsImpl(Assert.java:149)
	at org.testng.Assert.assertEquals(Assert.java:131)
	at org.testng.Assert.assertEquals(Assert.java:1240)
	at TestCases.GetBookAPITests.testGetBookByIdAsUser(GetBookAPITests.java:58)
	at java.base/jdk.internal.reflect.NativeMethodAccessorImpl.invoke0(Native Method)
	at java.base/jdk.internal.reflect.NativeMethodAccessorImpl.invoke(NativeMethodAccessorImpl.java:77)
	at java.base/jdk.internal.reflect.DelegatingMethodAccessorImpl.invoke(DelegatingMethodAccessorImpl.java:43)
	at java.base/java.lang.reflect.Method.invoke(Method.java:568)
	at org.testng.internal.invokers.MethodInvocationHelper.invokeMethod(MethodInvocationHelper.java:139)
	at org.testng.internal.invokers.TestInvoker.invokeMethod(TestInvoker.java:677)
	at org.testng.internal.invokers.TestInvoker.invokeTestMethod(TestInvoker.java:221)
	at org.testng.internal.invokers.MethodRunner.runInSequence(MethodRunner.java:50)
	at org.testng.internal.invokers.TestInvoker$MethodInvocationAgent.invoke(TestInvoker.java:969)
	at org.testng.internal.invokers.TestInvoker.invokeTestMethods(TestInvoker.java:194)
	at org.testng.internal.invokers.TestMethodWorker.invokeTestMethods(TestMethodWorker.java:148)
	at org.testng.internal.invokers.TestMethodWorker.run(TestMethodWorker.java:128)
	at java.base/java.util.ArrayList.forEach(ArrayList.java:1511)
	at org.testng.TestRunner.privateRun(TestRunner.java:829)
	at org.testng.TestRunner.run(TestRunner.java:602)
	at org.testng.SuiteRunner.runTest(SuiteRunner.java:437)
	at org.testng.SuiteRunner.runSequentially(SuiteRunner.java:431)
	at org.testng.SuiteRunner.privateRun(SuiteRunner.java:391)
	at org.testng.SuiteRunner.run(SuiteRunner.java:330)
	at org.testng.SuiteRunnerWorker.runSuite(SuiteRunnerWorker.java:52)
	at org.testng.SuiteRunnerWorker.run(SuiteRunnerWorker.java:95)
	at org.testng.TestNG.runSuitesSequentially(TestNG.java:1256)
	at org.testng.TestNG.runSuitesLocally(TestNG.java:1176)
	at org.testng.TestNG.runSuites(TestNG.java:1099)
	at org.testng.TestNG.run(TestNG.java:1067)
	at org.apache.maven.surefire.testng.TestNGExecutor.run(TestNGExecutor.java:324)
	at org.apache.maven.surefire.testng.TestNGXmlTestSuite.execute(TestNGXmlTestSuite.java:74)
	at org.apache.maven.surefire.testng.TestNGProvider.invoke(TestNGProvider.java:123)
	at org.apache.maven.surefire.booter.ForkedBooter.runSuitesInProcess(ForkedBooter.java:456)
	at org.apache.maven.surefire.booter.ForkedBooter.execute(ForkedBooter.java:169)
	at org.apache.maven.surefire.booter.ForkedBooter.run(ForkedBooter.java:595)
	at org.apache.maven.surefire.booter.ForkedBooter.main(ForkedBooter.java:581)
]]></failure>
    <system-out><![CDATA[17:03:51.765 [main] DEBUG org.apache.http.impl.conn.BasicClientConnectionManager -- Get connection for route {}->http://13.60.22.209:7081
17:03:51.766 [main] DEBUG org.apache.http.impl.conn.DefaultClientConnectionOperator -- Connecting to 13.60.22.209:7081
17:03:51.941 [main] DEBUG org.apache.http.client.protocol.RequestAddCookies -- CookieSpec selected: ignoreCookies
17:03:51.941 [main] DEBUG org.apache.http.client.protocol.RequestAuthCache -- Auth cache not set in the context
17:03:51.941 [main] DEBUG org.apache.http.client.protocol.RequestTargetAuthentication -- Target auth state: UNCHALLENGED
17:03:51.941 [main] DEBUG org.apache.http.client.protocol.RequestProxyAuthentication -- Proxy auth state: UNCHALLENGED
17:03:51.941 [main] DEBUG org.apache.http.impl.client.DefaultHttpClient -- Attempt 1 to execute request
17:03:51.941 [main] DEBUG org.apache.http.impl.conn.DefaultClientConnection -- Sending request: GET /api/books/1 HTTP/1.1
17:03:51.941 [main] DEBUG org.apache.http.wire --  >> "GET /api/books/1 HTTP/1.1[\r][\n]"
17:03:51.941 [main] DEBUG org.apache.http.wire --  >> "Accept: */*[\r][\n]"
17:03:51.941 [main] DEBUG org.apache.http.wire --  >> "Host: 13.60.22.209:7081[\r][\n]"
17:03:51.942 [main] DEBUG org.apache.http.wire --  >> "Connection: Keep-Alive[\r][\n]"
17:03:51.942 [main] DEBUG org.apache.http.wire --  >> "User-Agent: Apache-HttpClient/4.5.13 (Java/17.0.9)[\r][\n]"
17:03:51.942 [main] DEBUG org.apache.http.wire --  >> "Accept-Encoding: gzip,deflate[\r][\n]"
17:03:51.942 [main] DEBUG org.apache.http.wire --  >> "[\r][\n]"
17:03:51.942 [main] DEBUG org.apache.http.headers -- >> GET /api/books/1 HTTP/1.1
17:03:51.942 [main] DEBUG org.apache.http.headers -- >> Accept: */*
17:03:51.942 [main] DEBUG org.apache.http.headers -- >> Host: 13.60.22.209:7081
17:03:51.942 [main] DEBUG org.apache.http.headers -- >> Connection: Keep-Alive
17:03:51.942 [main] DEBUG org.apache.http.headers -- >> User-Agent: Apache-HttpClient/4.5.13 (Java/17.0.9)
17:03:51.942 [main] DEBUG org.apache.http.headers -- >> Accept-Encoding: gzip,deflate
17:03:52.119 [main] DEBUG org.apache.http.wire --  << "HTTP/1.1 401 [\r][\n]"
17:03:52.120 [main] DEBUG org.apache.http.wire --  << "Set-Cookie: JSESSIONID=8F40E67B7948EC706EF5312F558155AE; Path=/; HttpOnly[\r][\n]"
17:03:52.120 [main] DEBUG org.apache.http.wire --  << "WWW-Authenticate: Basic realm="Realm"[\r][\n]"
17:03:52.120 [main] DEBUG org.apache.http.wire --  << "X-Content-Type-Options: nosniff[\r][\n]"
17:03:52.120 [main] DEBUG org.apache.http.wire --  << "X-XSS-Protection: 1; mode=block[\r][\n]"
17:03:52.120 [main] DEBUG org.apache.http.wire --  << "Cache-Control: no-cache, no-store, max-age=0, must-revalidate[\r][\n]"
17:03:52.120 [main] DEBUG org.apache.http.wire --  << "Pragma: no-cache[\r][\n]"
17:03:52.120 [main] DEBUG org.apache.http.wire --  << "Expires: 0[\r][\n]"
17:03:52.121 [main] DEBUG org.apache.http.wire --  << "X-Frame-Options: DENY[\r][\n]"
17:03:52.121 [main] DEBUG org.apache.http.wire --  << "Content-Length: 0[\r][\n]"
17:03:52.121 [main] DEBUG org.apache.http.wire --  << "Date: Fri, 03 Jan 2025 11:33:52 GMT[\r][\n]"
17:03:52.121 [main] DEBUG org.apache.http.wire --  << "Keep-Alive: timeout=60[\r][\n]"
17:03:52.121 [main] DEBUG org.apache.http.wire --  << "Connection: keep-alive[\r][\n]"
17:03:52.121 [main] DEBUG org.apache.http.wire --  << "[\r][\n]"
17:03:52.121 [main] DEBUG org.apache.http.impl.conn.DefaultClientConnection -- Receiving response: HTTP/1.1 401 
17:03:52.121 [main] DEBUG org.apache.http.headers -- << HTTP/1.1 401 
17:03:52.121 [main] DEBUG org.apache.http.headers -- << Set-Cookie: JSESSIONID=8F40E67B7948EC706EF5312F558155AE; Path=/; HttpOnly
17:03:52.121 [main] DEBUG org.apache.http.headers -- << WWW-Authenticate: Basic realm="Realm"
17:03:52.121 [main] DEBUG org.apache.http.headers -- << X-Content-Type-Options: nosniff
17:03:52.121 [main] DEBUG org.apache.http.headers -- << X-XSS-Protection: 1; mode=block
17:03:52.121 [main] DEBUG org.apache.http.headers -- << Cache-Control: no-cache, no-store, max-age=0, must-revalidate
17:03:52.121 [main] DEBUG org.apache.http.headers -- << Pragma: no-cache
17:03:52.121 [main] DEBUG org.apache.http.headers -- << Expires: 0
17:03:52.121 [main] DEBUG org.apache.http.headers -- << X-Frame-Options: DENY
17:03:52.122 [main] DEBUG org.apache.http.headers -- << Content-Length: 0
17:03:52.122 [main] DEBUG org.apache.http.headers -- << Date: Fri, 03 Jan 2025 11:33:52 GMT
17:03:52.122 [main] DEBUG org.apache.http.headers -- << Keep-Alive: timeout=60
17:03:52.122 [main] DEBUG org.apache.http.headers -- << Connection: keep-alive
17:03:52.122 [main] DEBUG org.apache.http.impl.client.DefaultHttpClient -- Connection can be kept alive for 60000 MILLISECONDS
17:03:52.122 [main] DEBUG org.apache.http.impl.client.DefaultHttpClient -- Authentication required
17:03:52.122 [main] DEBUG org.apache.http.impl.client.DefaultHttpClient -- 13.60.22.209:7081 requested authentication
17:03:52.122 [main] DEBUG org.apache.http.impl.client.TargetAuthenticationStrategy -- Authentication schemes in the order of preference: [Negotiate, Kerberos, NTLM, CredSSP, Digest, Basic]
17:03:52.123 [main] DEBUG org.apache.http.impl.client.TargetAuthenticationStrategy -- Challenge for Negotiate authentication scheme not available
17:03:52.123 [main] DEBUG org.apache.http.impl.client.TargetAuthenticationStrategy -- Challenge for Kerberos authentication scheme not available
17:03:52.123 [main] DEBUG org.apache.http.impl.client.TargetAuthenticationStrategy -- Challenge for NTLM authentication scheme not available
17:03:52.123 [main] DEBUG org.apache.http.impl.client.TargetAuthenticationStrategy -- Challenge for CredSSP authentication scheme not available
17:03:52.123 [main] DEBUG org.apache.http.impl.client.TargetAuthenticationStrategy -- Challenge for Digest authentication scheme not available
17:03:52.123 [main] DEBUG org.apache.http.impl.client.DefaultHttpClient -- Selected authentication options: [BASIC [complete=true]]
17:03:52.123 [main] DEBUG org.apache.http.client.protocol.RequestAddCookies -- CookieSpec selected: ignoreCookies
17:03:52.123 [main] DEBUG org.apache.http.client.protocol.RequestAuthCache -- Auth cache not set in the context
17:03:52.123 [main] DEBUG org.apache.http.client.protocol.RequestTargetAuthentication -- Target auth state: CHALLENGED
17:03:52.123 [main] DEBUG org.apache.http.client.protocol.RequestTargetAuthentication -- Generating response to an authentication challenge using basic scheme
17:03:52.123 [main] DEBUG org.apache.http.client.protocol.RequestProxyAuthentication -- Proxy auth state: UNCHALLENGED
17:03:52.124 [main] DEBUG org.apache.http.impl.client.DefaultHttpClient -- Attempt 2 to execute request
17:03:52.124 [main] DEBUG org.apache.http.impl.conn.DefaultClientConnection -- Sending request: GET /api/books/1 HTTP/1.1
17:03:52.124 [main] DEBUG org.apache.http.wire --  >> "GET /api/books/1 HTTP/1.1[\r][\n]"
17:03:52.124 [main] DEBUG org.apache.http.wire --  >> "Accept: */*[\r][\n]"
17:03:52.124 [main] DEBUG org.apache.http.wire --  >> "Host: 13.60.22.209:7081[\r][\n]"
17:03:52.124 [main] DEBUG org.apache.http.wire --  >> "Connection: Keep-Alive[\r][\n]"
17:03:52.124 [main] DEBUG org.apache.http.wire --  >> "User-Agent: Apache-HttpClient/4.5.13 (Java/17.0.9)[\r][\n]"
17:03:52.124 [main] DEBUG org.apache.http.wire --  >> "Authorization: Basic dXNlcjpwYXNzd29yZA==[\r][\n]"
17:03:52.124 [main] DEBUG org.apache.http.wire --  >> "Accept-Encoding: gzip,deflate[\r][\n]"
17:03:52.124 [main] DEBUG org.apache.http.wire --  >> "[\r][\n]"
17:03:52.124 [main] DEBUG org.apache.http.headers -- >> GET /api/books/1 HTTP/1.1
17:03:52.124 [main] DEBUG org.apache.http.headers -- >> Accept: */*
17:03:52.124 [main] DEBUG org.apache.http.headers -- >> Host: 13.60.22.209:7081
17:03:52.124 [main] DEBUG org.apache.http.headers -- >> Connection: Keep-Alive
17:03:52.124 [main] DEBUG org.apache.http.headers -- >> User-Agent: Apache-HttpClient/4.5.13 (Java/17.0.9)
17:03:52.124 [main] DEBUG org.apache.http.headers -- >> Authorization: Basic dXNlcjpwYXNzd29yZA==
17:03:52.125 [main] DEBUG org.apache.http.headers -- >> Accept-Encoding: gzip,deflate
17:03:52.392 [main] DEBUG org.apache.http.wire --  << "HTTP/1.1 403 [\r][\n]"
17:03:52.392 [main] DEBUG org.apache.http.wire --  << "Set-Cookie: JSESSIONID=DDDCB3CAD4010093D3349AD6539C70D6; Path=/; HttpOnly[\r][\n]"
17:03:52.392 [main] DEBUG org.apache.http.wire --  << "X-Content-Type-Options: nosniff[\r][\n]"
17:03:52.392 [main] DEBUG org.apache.http.wire --  << "X-XSS-Protection: 1; mode=block[\r][\n]"
17:03:52.392 [main] DEBUG org.apache.http.wire --  << "Cache-Control: no-cache, no-store, max-age=0, must-revalidate[\r][\n]"
17:03:52.394 [main] DEBUG org.apache.http.wire --  << "Pragma: no-cache[\r][\n]"
17:03:52.394 [main] DEBUG org.apache.http.wire --  << "Expires: 0[\r][\n]"
17:03:52.394 [main] DEBUG org.apache.http.wire --  << "X-Frame-Options: DENY[\r][\n]"
17:03:52.394 [main] DEBUG org.apache.http.wire --  << "Content-Type: text/plain;charset=UTF-8[\r][\n]"
17:03:52.394 [main] DEBUG org.apache.http.wire --  << "Content-Length: 22[\r][\n]"
17:03:52.394 [main] DEBUG org.apache.http.wire --  << "Date: Fri, 03 Jan 2025 11:33:52 GMT[\r][\n]"
17:03:52.394 [main] DEBUG org.apache.http.wire --  << "Keep-Alive: timeout=60[\r][\n]"
17:03:52.394 [main] DEBUG org.apache.http.wire --  << "Connection: keep-alive[\r][\n]"
17:03:52.394 [main] DEBUG org.apache.http.wire --  << "[\r][\n]"
17:03:52.394 [main] DEBUG org.apache.http.impl.conn.DefaultClientConnection -- Receiving response: HTTP/1.1 403 
17:03:52.394 [main] DEBUG org.apache.http.headers -- << HTTP/1.1 403 
17:03:52.394 [main] DEBUG org.apache.http.headers -- << Set-Cookie: JSESSIONID=DDDCB3CAD4010093D3349AD6539C70D6; Path=/; HttpOnly
17:03:52.394 [main] DEBUG org.apache.http.headers -- << X-Content-Type-Options: nosniff
17:03:52.394 [main] DEBUG org.apache.http.headers -- << X-XSS-Protection: 1; mode=block
17:03:52.394 [main] DEBUG org.apache.http.headers -- << Cache-Control: no-cache, no-store, max-age=0, must-revalidate
17:03:52.394 [main] DEBUG org.apache.http.headers -- << Pragma: no-cache
17:03:52.394 [main] DEBUG org.apache.http.headers -- << Expires: 0
17:03:52.394 [main] DEBUG org.apache.http.headers -- << X-Frame-Options: DENY
17:03:52.394 [main] DEBUG org.apache.http.headers -- << Content-Type: text/plain;charset=UTF-8
17:03:52.394 [main] DEBUG org.apache.http.headers -- << Content-Length: 22
17:03:52.394 [main] DEBUG org.apache.http.headers -- << Date: Fri, 03 Jan 2025 11:33:52 GMT
17:03:52.394 [main] DEBUG org.apache.http.headers -- << Keep-Alive: timeout=60
17:03:52.394 [main] DEBUG org.apache.http.headers -- << Connection: keep-alive
17:03:52.395 [main] DEBUG org.apache.http.impl.client.DefaultHttpClient -- Connection can be kept alive for 60000 MILLISECONDS
17:03:52.395 [main] DEBUG org.apache.http.impl.client.DefaultHttpClient -- Authentication succeeded
17:03:52.395 [main] DEBUG org.apache.http.impl.client.TargetAuthenticationStrategy -- Caching 'basic' auth scheme for http://13.60.22.209:7081
17:03:52.395 [main] DEBUG io.restassured.internal.RestAssuredHttpBuilder -- Parsing response as: text/plain;charset=UTF-8
17:03:52.395 [main] DEBUG io.restassured.internal.RestAssuredHttpBuilder -- Parsed data to instance of: class org.apache.http.conn.EofSensorInputStream
]]></system-out>
  </testcase>
  <testcase name="testGetBookByInvalidIdAsAdmin" classname="TestCases.GetBookAPITests" time="0.689">
    <system-out><![CDATA[17:03:52.421 [main] DEBUG org.apache.http.impl.conn.BasicClientConnectionManager -- Get connection for route {}->http://13.60.22.209:7081
17:03:52.422 [main] DEBUG org.apache.http.impl.conn.DefaultClientConnectionOperator -- Connecting to 13.60.22.209:7081
17:03:52.613 [main] DEBUG org.apache.http.client.protocol.RequestAddCookies -- CookieSpec selected: ignoreCookies
17:03:52.613 [main] DEBUG org.apache.http.client.protocol.RequestAuthCache -- Auth cache not set in the context
17:03:52.613 [main] DEBUG org.apache.http.client.protocol.RequestTargetAuthentication -- Target auth state: UNCHALLENGED
17:03:52.614 [main] DEBUG org.apache.http.client.protocol.RequestProxyAuthentication -- Proxy auth state: UNCHALLENGED
17:03:52.614 [main] DEBUG org.apache.http.impl.client.DefaultHttpClient -- Attempt 1 to execute request
17:03:52.614 [main] DEBUG org.apache.http.impl.conn.DefaultClientConnection -- Sending request: GET /api/books/9999 HTTP/1.1
17:03:52.614 [main] DEBUG org.apache.http.wire --  >> "GET /api/books/9999 HTTP/1.1[\r][\n]"
17:03:52.614 [main] DEBUG org.apache.http.wire --  >> "Accept: */*[\r][\n]"
17:03:52.614 [main] DEBUG org.apache.http.wire --  >> "Host: 13.60.22.209:7081[\r][\n]"
17:03:52.614 [main] DEBUG org.apache.http.wire --  >> "Connection: Keep-Alive[\r][\n]"
17:03:52.614 [main] DEBUG org.apache.http.wire --  >> "User-Agent: Apache-HttpClient/4.5.13 (Java/17.0.9)[\r][\n]"
17:03:52.614 [main] DEBUG org.apache.http.wire --  >> "Accept-Encoding: gzip,deflate[\r][\n]"
17:03:52.615 [main] DEBUG org.apache.http.wire --  >> "[\r][\n]"
17:03:52.615 [main] DEBUG org.apache.http.headers -- >> GET /api/books/9999 HTTP/1.1
17:03:52.615 [main] DEBUG org.apache.http.headers -- >> Accept: */*
17:03:52.615 [main] DEBUG org.apache.http.headers -- >> Host: 13.60.22.209:7081
17:03:52.615 [main] DEBUG org.apache.http.headers -- >> Connection: Keep-Alive
17:03:52.615 [main] DEBUG org.apache.http.headers -- >> User-Agent: Apache-HttpClient/4.5.13 (Java/17.0.9)
17:03:52.615 [main] DEBUG org.apache.http.headers -- >> Accept-Encoding: gzip,deflate
17:03:52.799 [main] DEBUG org.apache.http.wire --  << "HTTP/1.1 401 [\r][\n]"
17:03:52.799 [main] DEBUG org.apache.http.wire --  << "Set-Cookie: JSESSIONID=DB3C387242DEC5A3FDDC42F3F7B1E12C; Path=/; HttpOnly[\r][\n]"
17:03:52.799 [main] DEBUG org.apache.http.wire --  << "WWW-Authenticate: Basic realm="Realm"[\r][\n]"
17:03:52.799 [main] DEBUG org.apache.http.wire --  << "X-Content-Type-Options: nosniff[\r][\n]"
17:03:52.799 [main] DEBUG org.apache.http.wire --  << "X-XSS-Protection: 1; mode=block[\r][\n]"
17:03:52.799 [main] DEBUG org.apache.http.wire --  << "Cache-Control: no-cache, no-store, max-age=0, must-revalidate[\r][\n]"
17:03:52.799 [main] DEBUG org.apache.http.wire --  << "Pragma: no-cache[\r][\n]"
17:03:52.799 [main] DEBUG org.apache.http.wire --  << "Expires: 0[\r][\n]"
17:03:52.800 [main] DEBUG org.apache.http.wire --  << "X-Frame-Options: DENY[\r][\n]"
17:03:52.800 [main] DEBUG org.apache.http.wire --  << "Content-Length: 0[\r][\n]"
17:03:52.800 [main] DEBUG org.apache.http.wire --  << "Date: Fri, 03 Jan 2025 11:33:53 GMT[\r][\n]"
17:03:52.800 [main] DEBUG org.apache.http.wire --  << "Keep-Alive: timeout=60[\r][\n]"
17:03:52.800 [main] DEBUG org.apache.http.wire --  << "Connection: keep-alive[\r][\n]"
17:03:52.800 [main] DEBUG org.apache.http.wire --  << "[\r][\n]"
17:03:52.800 [main] DEBUG org.apache.http.impl.conn.DefaultClientConnection -- Receiving response: HTTP/1.1 401 
17:03:52.800 [main] DEBUG org.apache.http.headers -- << HTTP/1.1 401 
17:03:52.800 [main] DEBUG org.apache.http.headers -- << Set-Cookie: JSESSIONID=DB3C387242DEC5A3FDDC42F3F7B1E12C; Path=/; HttpOnly
17:03:52.800 [main] DEBUG org.apache.http.headers -- << WWW-Authenticate: Basic realm="Realm"
17:03:52.800 [main] DEBUG org.apache.http.headers -- << X-Content-Type-Options: nosniff
17:03:52.800 [main] DEBUG org.apache.http.headers -- << X-XSS-Protection: 1; mode=block
17:03:52.800 [main] DEBUG org.apache.http.headers -- << Cache-Control: no-cache, no-store, max-age=0, must-revalidate
17:03:52.800 [main] DEBUG org.apache.http.headers -- << Pragma: no-cache
17:03:52.800 [main] DEBUG org.apache.http.headers -- << Expires: 0
17:03:52.800 [main] DEBUG org.apache.http.headers -- << X-Frame-Options: DENY
17:03:52.800 [main] DEBUG org.apache.http.headers -- << Content-Length: 0
17:03:52.800 [main] DEBUG org.apache.http.headers -- << Date: Fri, 03 Jan 2025 11:33:53 GMT
17:03:52.800 [main] DEBUG org.apache.http.headers -- << Keep-Alive: timeout=60
17:03:52.800 [main] DEBUG org.apache.http.headers -- << Connection: keep-alive
17:03:52.800 [main] DEBUG org.apache.http.impl.client.DefaultHttpClient -- Connection can be kept alive for 60000 MILLISECONDS
17:03:52.801 [main] DEBUG org.apache.http.impl.client.DefaultHttpClient -- Authentication required
17:03:52.801 [main] DEBUG org.apache.http.impl.client.DefaultHttpClient -- 13.60.22.209:7081 requested authentication
17:03:52.801 [main] DEBUG org.apache.http.impl.client.TargetAuthenticationStrategy -- Authentication schemes in the order of preference: [Negotiate, Kerberos, NTLM, CredSSP, Digest, Basic]
17:03:52.801 [main] DEBUG org.apache.http.impl.client.TargetAuthenticationStrategy -- Challenge for Negotiate authentication scheme not available
17:03:52.801 [main] DEBUG org.apache.http.impl.client.TargetAuthenticationStrategy -- Challenge for Kerberos authentication scheme not available
17:03:52.801 [main] DEBUG org.apache.http.impl.client.TargetAuthenticationStrategy -- Challenge for NTLM authentication scheme not available
17:03:52.801 [main] DEBUG org.apache.http.impl.client.TargetAuthenticationStrategy -- Challenge for CredSSP authentication scheme not available
17:03:52.801 [main] DEBUG org.apache.http.impl.client.TargetAuthenticationStrategy -- Challenge for Digest authentication scheme not available
17:03:52.801 [main] DEBUG org.apache.http.impl.client.DefaultHttpClient -- Selected authentication options: [BASIC [complete=true]]
17:03:52.801 [main] DEBUG org.apache.http.client.protocol.RequestAddCookies -- CookieSpec selected: ignoreCookies
17:03:52.802 [main] DEBUG org.apache.http.client.protocol.RequestAuthCache -- Auth cache not set in the context
17:03:52.802 [main] DEBUG org.apache.http.client.protocol.RequestTargetAuthentication -- Target auth state: CHALLENGED
17:03:52.802 [main] DEBUG org.apache.http.client.protocol.RequestTargetAuthentication -- Generating response to an authentication challenge using basic scheme
17:03:52.802 [main] DEBUG org.apache.http.client.protocol.RequestProxyAuthentication -- Proxy auth state: UNCHALLENGED
17:03:52.802 [main] DEBUG org.apache.http.impl.client.DefaultHttpClient -- Attempt 2 to execute request
17:03:52.802 [main] DEBUG org.apache.http.impl.conn.DefaultClientConnection -- Sending request: GET /api/books/9999 HTTP/1.1
17:03:52.802 [main] DEBUG org.apache.http.wire --  >> "GET /api/books/9999 HTTP/1.1[\r][\n]"
17:03:52.802 [main] DEBUG org.apache.http.wire --  >> "Accept: */*[\r][\n]"
17:03:52.802 [main] DEBUG org.apache.http.wire --  >> "Host: 13.60.22.209:7081[\r][\n]"
17:03:52.802 [main] DEBUG org.apache.http.wire --  >> "Connection: Keep-Alive[\r][\n]"
17:03:52.802 [main] DEBUG org.apache.http.wire --  >> "User-Agent: Apache-HttpClient/4.5.13 (Java/17.0.9)[\r][\n]"
17:03:52.803 [main] DEBUG org.apache.http.wire --  >> "Authorization: Basic YWRtaW46cGFzc3dvcmQ=[\r][\n]"
17:03:52.803 [main] DEBUG org.apache.http.wire --  >> "Accept-Encoding: gzip,deflate[\r][\n]"
17:03:52.803 [main] DEBUG org.apache.http.wire --  >> "[\r][\n]"
17:03:52.803 [main] DEBUG org.apache.http.headers -- >> GET /api/books/9999 HTTP/1.1
17:03:52.803 [main] DEBUG org.apache.http.headers -- >> Accept: */*
17:03:52.803 [main] DEBUG org.apache.http.headers -- >> Host: 13.60.22.209:7081
17:03:52.803 [main] DEBUG org.apache.http.headers -- >> Connection: Keep-Alive
17:03:52.803 [main] DEBUG org.apache.http.headers -- >> User-Agent: Apache-HttpClient/4.5.13 (Java/17.0.9)
17:03:52.803 [main] DEBUG org.apache.http.headers -- >> Authorization: Basic YWRtaW46cGFzc3dvcmQ=
17:03:52.804 [main] DEBUG org.apache.http.headers -- >> Accept-Encoding: gzip,deflate
17:03:53.075 [main] DEBUG org.apache.http.wire --  << "HTTP/1.1 404 [\r][\n]"
17:03:53.075 [main] DEBUG org.apache.http.wire --  << "Set-Cookie: JSESSIONID=44924E44EDA4340B1562C0F91C5E1B92; Path=/; HttpOnly[\r][\n]"
17:03:53.075 [main] DEBUG org.apache.http.wire --  << "X-Content-Type-Options: nosniff[\r][\n]"
17:03:53.075 [main] DEBUG org.apache.http.wire --  << "X-XSS-Protection: 1; mode=block[\r][\n]"
17:03:53.075 [main] DEBUG org.apache.http.wire --  << "Cache-Control: no-cache, no-store, max-age=0, must-revalidate[\r][\n]"
17:03:53.075 [main] DEBUG org.apache.http.wire --  << "Pragma: no-cache[\r][\n]"
17:03:53.075 [main] DEBUG org.apache.http.wire --  << "Expires: 0[\r][\n]"
17:03:53.076 [main] DEBUG org.apache.http.wire --  << "X-Frame-Options: DENY[\r][\n]"
17:03:53.076 [main] DEBUG org.apache.http.wire --  << "Content-Type: text/plain;charset=UTF-8[\r][\n]"
17:03:53.076 [main] DEBUG org.apache.http.wire --  << "Content-Length: 14[\r][\n]"
17:03:53.076 [main] DEBUG org.apache.http.wire --  << "Date: Fri, 03 Jan 2025 11:33:53 GMT[\r][\n]"
17:03:53.076 [main] DEBUG org.apache.http.wire --  << "Keep-Alive: timeout=60[\r][\n]"
17:03:53.076 [main] DEBUG org.apache.http.wire --  << "Connection: keep-alive[\r][\n]"
17:03:53.076 [main] DEBUG org.apache.http.wire --  << "[\r][\n]"
17:03:53.076 [main] DEBUG org.apache.http.impl.conn.DefaultClientConnection -- Receiving response: HTTP/1.1 404 
17:03:53.076 [main] DEBUG org.apache.http.headers -- << HTTP/1.1 404 
17:03:53.076 [main] DEBUG org.apache.http.headers -- << Set-Cookie: JSESSIONID=44924E44EDA4340B1562C0F91C5E1B92; Path=/; HttpOnly
17:03:53.076 [main] DEBUG org.apache.http.headers -- << X-Content-Type-Options: nosniff
17:03:53.076 [main] DEBUG org.apache.http.headers -- << X-XSS-Protection: 1; mode=block
17:03:53.076 [main] DEBUG org.apache.http.headers -- << Cache-Control: no-cache, no-store, max-age=0, must-revalidate
17:03:53.076 [main] DEBUG org.apache.http.headers -- << Pragma: no-cache
17:03:53.076 [main] DEBUG org.apache.http.headers -- << Expires: 0
17:03:53.076 [main] DEBUG org.apache.http.headers -- << X-Frame-Options: DENY
17:03:53.076 [main] DEBUG org.apache.http.headers -- << Content-Type: text/plain;charset=UTF-8
17:03:53.077 [main] DEBUG org.apache.http.headers -- << Content-Length: 14
17:03:53.077 [main] DEBUG org.apache.http.headers -- << Date: Fri, 03 Jan 2025 11:33:53 GMT
17:03:53.077 [main] DEBUG org.apache.http.headers -- << Keep-Alive: timeout=60
17:03:53.077 [main] DEBUG org.apache.http.headers -- << Connection: keep-alive
17:03:53.077 [main] DEBUG org.apache.http.impl.client.DefaultHttpClient -- Connection can be kept alive for 60000 MILLISECONDS
17:03:53.077 [main] DEBUG org.apache.http.impl.client.DefaultHttpClient -- Authentication succeeded
17:03:53.077 [main] DEBUG org.apache.http.impl.client.TargetAuthenticationStrategy -- Caching 'basic' auth scheme for http://13.60.22.209:7081
17:03:53.079 [main] DEBUG io.restassured.internal.RestAssuredHttpBuilder -- Parsing response as: text/plain;charset=UTF-8
17:03:53.079 [main] DEBUG io.restassured.internal.RestAssuredHttpBuilder -- Parsed data to instance of: class org.apache.http.conn.EofSensorInputStream
17:03:53.087 [main] DEBUG org.apache.http.wire --  << "Book not found"
17:03:53.087 [main] DEBUG org.apache.http.impl.conn.BasicClientConnectionManager -- Releasing connection org.apache.http.impl.conn.ManagedClientConnectionImpl@713a35c5
17:03:53.087 [main] DEBUG org.apache.http.impl.conn.BasicClientConnectionManager -- Connection can be kept alive for 60000 MILLISECONDS
]]></system-out>
  </testcase>
  <testcase name="testCreateBookWithDuplicateIdAsAdmin" classname="TestCases.PostBookAPITests" time="1.315">
    <failure message="Expected status code is 409 expected [409] but found [208]" type="java.lang.AssertionError"><![CDATA[java.lang.AssertionError: Expected status code is 409 expected [409] but found [208]
	at org.testng.Assert.fail(Assert.java:110)
	at org.testng.Assert.failNotEquals(Assert.java:1413)
	at org.testng.Assert.assertEqualsImpl(Assert.java:149)
	at org.testng.Assert.assertEquals(Assert.java:131)
	at org.testng.Assert.assertEquals(Assert.java:1240)
	at TestCases.PostBookAPITests.testCreateBookWithDuplicateIdAsAdmin(PostBookAPITests.java:153)
	at java.base/jdk.internal.reflect.NativeMethodAccessorImpl.invoke0(Native Method)
	at java.base/jdk.internal.reflect.NativeMethodAccessorImpl.invoke(NativeMethodAccessorImpl.java:77)
	at java.base/jdk.internal.reflect.DelegatingMethodAccessorImpl.invoke(DelegatingMethodAccessorImpl.java:43)
	at java.base/java.lang.reflect.Method.invoke(Method.java:568)
	at org.testng.internal.invokers.MethodInvocationHelper.invokeMethod(MethodInvocationHelper.java:139)
	at org.testng.internal.invokers.TestInvoker.invokeMethod(TestInvoker.java:677)
	at org.testng.internal.invokers.TestInvoker.invokeTestMethod(TestInvoker.java:221)
	at org.testng.internal.invokers.MethodRunner.runInSequence(MethodRunner.java:50)
	at org.testng.internal.invokers.TestInvoker$MethodInvocationAgent.invoke(TestInvoker.java:969)
	at org.testng.internal.invokers.TestInvoker.invokeTestMethods(TestInvoker.java:194)
	at org.testng.internal.invokers.TestMethodWorker.invokeTestMethods(TestMethodWorker.java:148)
	at org.testng.internal.invokers.TestMethodWorker.run(TestMethodWorker.java:128)
	at java.base/java.util.ArrayList.forEach(ArrayList.java:1511)
	at org.testng.TestRunner.privateRun(TestRunner.java:829)
	at org.testng.TestRunner.run(TestRunner.java:602)
	at org.testng.SuiteRunner.runTest(SuiteRunner.java:437)
	at org.testng.SuiteRunner.runSequentially(SuiteRunner.java:431)
	at org.testng.SuiteRunner.privateRun(SuiteRunner.java:391)
	at org.testng.SuiteRunner.run(SuiteRunner.java:330)
	at org.testng.SuiteRunnerWorker.runSuite(SuiteRunnerWorker.java:52)
	at org.testng.SuiteRunnerWorker.run(SuiteRunnerWorker.java:95)
	at org.testng.TestNG.runSuitesSequentially(TestNG.java:1256)
	at org.testng.TestNG.runSuitesLocally(TestNG.java:1176)
	at org.testng.TestNG.runSuites(TestNG.java:1099)
	at org.testng.TestNG.run(TestNG.java:1067)
	at org.apache.maven.surefire.testng.TestNGExecutor.run(TestNGExecutor.java:324)
	at org.apache.maven.surefire.testng.TestNGXmlTestSuite.execute(TestNGXmlTestSuite.java:74)
	at org.apache.maven.surefire.testng.TestNGProvider.invoke(TestNGProvider.java:123)
	at org.apache.maven.surefire.booter.ForkedBooter.runSuitesInProcess(ForkedBooter.java:456)
	at org.apache.maven.surefire.booter.ForkedBooter.execute(ForkedBooter.java:169)
	at org.apache.maven.surefire.booter.ForkedBooter.run(ForkedBooter.java:595)
	at org.apache.maven.surefire.booter.ForkedBooter.main(ForkedBooter.java:581)
]]></failure>
    <system-out><![CDATA[17:03:53.134 [main] DEBUG org.apache.http.impl.conn.BasicClientConnectionManager -- Get connection for route {}->http://13.60.22.209:7081
17:03:53.134 [main] DEBUG org.apache.http.impl.conn.DefaultClientConnectionOperator -- Connecting to 13.60.22.209:7081
17:03:53.294 [main] DEBUG org.apache.http.client.protocol.RequestAddCookies -- CookieSpec selected: ignoreCookies
17:03:53.294 [main] DEBUG org.apache.http.client.protocol.RequestAuthCache -- Auth cache not set in the context
17:03:53.294 [main] DEBUG org.apache.http.client.protocol.RequestTargetAuthentication -- Target auth state: UNCHALLENGED
17:03:53.294 [main] DEBUG org.apache.http.client.protocol.RequestProxyAuthentication -- Proxy auth state: UNCHALLENGED
17:03:53.294 [main] DEBUG org.apache.http.impl.client.DefaultHttpClient -- Attempt 1 to execute request
17:03:53.294 [main] DEBUG org.apache.http.impl.conn.DefaultClientConnection -- Sending request: POST /api/books HTTP/1.1
17:03:53.294 [main] DEBUG org.apache.http.wire --  >> "POST /api/books HTTP/1.1[\r][\n]"
17:03:53.294 [main] DEBUG org.apache.http.wire --  >> "Accept: */*[\r][\n]"
17:03:53.294 [main] DEBUG org.apache.http.wire --  >> "Content-Type: application/json[\r][\n]"
17:03:53.294 [main] DEBUG org.apache.http.wire --  >> "Content-Length: 56[\r][\n]"
17:03:53.294 [main] DEBUG org.apache.http.wire --  >> "Host: 13.60.22.209:7081[\r][\n]"
17:03:53.294 [main] DEBUG org.apache.http.wire --  >> "Connection: Keep-Alive[\r][\n]"
17:03:53.294 [main] DEBUG org.apache.http.wire --  >> "User-Agent: Apache-HttpClient/4.5.13 (Java/17.0.9)[\r][\n]"
17:03:53.294 [main] DEBUG org.apache.http.wire --  >> "Accept-Encoding: gzip,deflate[\r][\n]"
17:03:53.294 [main] DEBUG org.apache.http.wire --  >> "[\r][\n]"
17:03:53.294 [main] DEBUG org.apache.http.headers -- >> POST /api/books HTTP/1.1
17:03:53.294 [main] DEBUG org.apache.http.headers -- >> Accept: */*
17:03:53.294 [main] DEBUG org.apache.http.headers -- >> Content-Type: application/json
17:03:53.294 [main] DEBUG org.apache.http.headers -- >> Content-Length: 56
17:03:53.294 [main] DEBUG org.apache.http.headers -- >> Host: 13.60.22.209:7081
17:03:53.294 [main] DEBUG org.apache.http.headers -- >> Connection: Keep-Alive
17:03:53.294 [main] DEBUG org.apache.http.headers -- >> User-Agent: Apache-HttpClient/4.5.13 (Java/17.0.9)
17:03:53.294 [main] DEBUG org.apache.http.headers -- >> Accept-Encoding: gzip,deflate
17:03:53.295 [main] DEBUG org.apache.http.wire --  >> "{ "id": 38, "title": "old Bok", "author": "old Author" }"
17:03:53.456 [main] DEBUG org.apache.http.wire --  << "HTTP/1.1 401 [\r][\n]"
17:03:53.456 [main] DEBUG org.apache.http.wire --  << "Set-Cookie: JSESSIONID=ECA31A7DFD245924F4F505FED3642A1C; Path=/; HttpOnly[\r][\n]"
17:03:53.456 [main] DEBUG org.apache.http.wire --  << "WWW-Authenticate: Basic realm="Realm"[\r][\n]"
17:03:53.456 [main] DEBUG org.apache.http.wire --  << "X-Content-Type-Options: nosniff[\r][\n]"
17:03:53.456 [main] DEBUG org.apache.http.wire --  << "X-XSS-Protection: 1; mode=block[\r][\n]"
17:03:53.456 [main] DEBUG org.apache.http.wire --  << "Cache-Control: no-cache, no-store, max-age=0, must-revalidate[\r][\n]"
17:03:53.456 [main] DEBUG org.apache.http.wire --  << "Pragma: no-cache[\r][\n]"
17:03:53.456 [main] DEBUG org.apache.http.wire --  << "Expires: 0[\r][\n]"
17:03:53.456 [main] DEBUG org.apache.http.wire --  << "X-Frame-Options: DENY[\r][\n]"
17:03:53.456 [main] DEBUG org.apache.http.wire --  << "Content-Length: 0[\r][\n]"
17:03:53.456 [main] DEBUG org.apache.http.wire --  << "Date: Fri, 03 Jan 2025 11:33:53 GMT[\r][\n]"
17:03:53.456 [main] DEBUG org.apache.http.wire --  << "Keep-Alive: timeout=60[\r][\n]"
17:03:53.456 [main] DEBUG org.apache.http.wire --  << "Connection: keep-alive[\r][\n]"
17:03:53.456 [main] DEBUG org.apache.http.wire --  << "[\r][\n]"
17:03:53.456 [main] DEBUG org.apache.http.impl.conn.DefaultClientConnection -- Receiving response: HTTP/1.1 401 
17:03:53.456 [main] DEBUG org.apache.http.headers -- << HTTP/1.1 401 
17:03:53.456 [main] DEBUG org.apache.http.headers -- << Set-Cookie: JSESSIONID=ECA31A7DFD245924F4F505FED3642A1C; Path=/; HttpOnly
17:03:53.456 [main] DEBUG org.apache.http.headers -- << WWW-Authenticate: Basic realm="Realm"
17:03:53.456 [main] DEBUG org.apache.http.headers -- << X-Content-Type-Options: nosniff
17:03:53.456 [main] DEBUG org.apache.http.headers -- << X-XSS-Protection: 1; mode=block
17:03:53.456 [main] DEBUG org.apache.http.headers -- << Cache-Control: no-cache, no-store, max-age=0, must-revalidate
17:03:53.456 [main] DEBUG org.apache.http.headers -- << Pragma: no-cache
17:03:53.456 [main] DEBUG org.apache.http.headers -- << Expires: 0
17:03:53.456 [main] DEBUG org.apache.http.headers -- << X-Frame-Options: DENY
17:03:53.456 [main] DEBUG org.apache.http.headers -- << Content-Length: 0
17:03:53.456 [main] DEBUG org.apache.http.headers -- << Date: Fri, 03 Jan 2025 11:33:53 GMT
17:03:53.456 [main] DEBUG org.apache.http.headers -- << Keep-Alive: timeout=60
17:03:53.456 [main] DEBUG org.apache.http.headers -- << Connection: keep-alive
17:03:53.457 [main] DEBUG org.apache.http.impl.client.DefaultHttpClient -- Connection can be kept alive for 60000 MILLISECONDS
17:03:53.457 [main] DEBUG org.apache.http.impl.client.DefaultHttpClient -- Authentication required
17:03:53.457 [main] DEBUG org.apache.http.impl.client.DefaultHttpClient -- 13.60.22.209:7081 requested authentication
17:03:53.457 [main] DEBUG org.apache.http.impl.client.TargetAuthenticationStrategy -- Authentication schemes in the order of preference: [Negotiate, Kerberos, NTLM, CredSSP, Digest, Basic]
17:03:53.457 [main] DEBUG org.apache.http.impl.client.TargetAuthenticationStrategy -- Challenge for Negotiate authentication scheme not available
17:03:53.457 [main] DEBUG org.apache.http.impl.client.TargetAuthenticationStrategy -- Challenge for Kerberos authentication scheme not available
17:03:53.457 [main] DEBUG org.apache.http.impl.client.TargetAuthenticationStrategy -- Challenge for NTLM authentication scheme not available
17:03:53.457 [main] DEBUG org.apache.http.impl.client.TargetAuthenticationStrategy -- Challenge for CredSSP authentication scheme not available
17:03:53.457 [main] DEBUG org.apache.http.impl.client.TargetAuthenticationStrategy -- Challenge for Digest authentication scheme not available
17:03:53.457 [main] DEBUG org.apache.http.impl.client.DefaultHttpClient -- Selected authentication options: [BASIC [complete=true]]
17:03:53.458 [main] DEBUG org.apache.http.client.protocol.RequestAddCookies -- CookieSpec selected: ignoreCookies
17:03:53.458 [main] DEBUG org.apache.http.client.protocol.RequestAuthCache -- Auth cache not set in the context
17:03:53.458 [main] DEBUG org.apache.http.client.protocol.RequestTargetAuthentication -- Target auth state: CHALLENGED
17:03:53.458 [main] DEBUG org.apache.http.client.protocol.RequestTargetAuthentication -- Generating response to an authentication challenge using basic scheme
17:03:53.459 [main] DEBUG org.apache.http.client.protocol.RequestProxyAuthentication -- Proxy auth state: UNCHALLENGED
17:03:53.459 [main] DEBUG org.apache.http.impl.client.DefaultHttpClient -- Attempt 2 to execute request
17:03:53.459 [main] DEBUG org.apache.http.impl.conn.DefaultClientConnection -- Sending request: POST /api/books HTTP/1.1
17:03:53.459 [main] DEBUG org.apache.http.wire --  >> "POST /api/books HTTP/1.1[\r][\n]"
17:03:53.459 [main] DEBUG org.apache.http.wire --  >> "Accept: */*[\r][\n]"
17:03:53.459 [main] DEBUG org.apache.http.wire --  >> "Content-Type: application/json[\r][\n]"
17:03:53.459 [main] DEBUG org.apache.http.wire --  >> "Content-Length: 56[\r][\n]"
17:03:53.459 [main] DEBUG org.apache.http.wire --  >> "Host: 13.60.22.209:7081[\r][\n]"
17:03:53.459 [main] DEBUG org.apache.http.wire --  >> "Connection: Keep-Alive[\r][\n]"
17:03:53.459 [main] DEBUG org.apache.http.wire --  >> "User-Agent: Apache-HttpClient/4.5.13 (Java/17.0.9)[\r][\n]"
17:03:53.460 [main] DEBUG org.apache.http.wire --  >> "Authorization: Basic YWRtaW46cGFzc3dvcmQ=[\r][\n]"
17:03:53.460 [main] DEBUG org.apache.http.wire --  >> "Accept-Encoding: gzip,deflate[\r][\n]"
17:03:53.460 [main] DEBUG org.apache.http.wire --  >> "[\r][\n]"
17:03:53.460 [main] DEBUG org.apache.http.headers -- >> POST /api/books HTTP/1.1
17:03:53.460 [main] DEBUG org.apache.http.headers -- >> Accept: */*
17:03:53.460 [main] DEBUG org.apache.http.headers -- >> Content-Type: application/json
17:03:53.460 [main] DEBUG org.apache.http.headers -- >> Content-Length: 56
17:03:53.460 [main] DEBUG org.apache.http.headers -- >> Host: 13.60.22.209:7081
17:03:53.460 [main] DEBUG org.apache.http.headers -- >> Connection: Keep-Alive
17:03:53.460 [main] DEBUG org.apache.http.headers -- >> User-Agent: Apache-HttpClient/4.5.13 (Java/17.0.9)
17:03:53.460 [main] DEBUG org.apache.http.headers -- >> Authorization: Basic YWRtaW46cGFzc3dvcmQ=
17:03:53.460 [main] DEBUG org.apache.http.headers -- >> Accept-Encoding: gzip,deflate
17:03:53.460 [main] DEBUG org.apache.http.wire --  >> "{ "id": 38, "title": "old Bok", "author": "old Author" }"
17:03:53.760 [main] DEBUG org.apache.http.wire --  << "HTTP/1.1 208 [\r][\n]"
17:03:53.761 [main] DEBUG org.apache.http.wire --  << "Set-Cookie: JSESSIONID=3D1BBB97091BAB996F70C4C2733D1A32; Path=/; HttpOnly[\r][\n]"
17:03:53.761 [main] DEBUG org.apache.http.wire --  << "X-Content-Type-Options: nosniff[\r][\n]"
17:03:53.761 [main] DEBUG org.apache.http.wire --  << "X-XSS-Protection: 1; mode=block[\r][\n]"
17:03:53.761 [main] DEBUG org.apache.http.wire --  << "Cache-Control: no-cache, no-store, max-age=0, must-revalidate[\r][\n]"
17:03:53.761 [main] DEBUG org.apache.http.wire --  << "Pragma: no-cache[\r][\n]"
17:03:53.761 [main] DEBUG org.apache.http.wire --  << "Expires: 0[\r][\n]"
17:03:53.761 [main] DEBUG org.apache.http.wire --  << "X-Frame-Options: DENY[\r][\n]"
17:03:53.761 [main] DEBUG org.apache.http.wire --  << "Content-Type: text/plain;charset=UTF-8[\r][\n]"
17:03:53.761 [main] DEBUG org.apache.http.wire --  << "Content-Length: 19[\r][\n]"
17:03:53.761 [main] DEBUG org.apache.http.wire --  << "Date: Fri, 03 Jan 2025 11:33:53 GMT[\r][\n]"
17:03:53.761 [main] DEBUG org.apache.http.wire --  << "Keep-Alive: timeout=60[\r][\n]"
17:03:53.761 [main] DEBUG org.apache.http.wire --  << "Connection: keep-alive[\r][\n]"
17:03:53.761 [main] DEBUG org.apache.http.wire --  << "[\r][\n]"
17:03:53.761 [main] DEBUG org.apache.http.impl.conn.DefaultClientConnection -- Receiving response: HTTP/1.1 208 
17:03:53.761 [main] DEBUG org.apache.http.headers -- << HTTP/1.1 208 
17:03:53.762 [main] DEBUG org.apache.http.headers -- << Set-Cookie: JSESSIONID=3D1BBB97091BAB996F70C4C2733D1A32; Path=/; HttpOnly
17:03:53.762 [main] DEBUG org.apache.http.headers -- << X-Content-Type-Options: nosniff
17:03:53.762 [main] DEBUG org.apache.http.headers -- << X-XSS-Protection: 1; mode=block
17:03:53.762 [main] DEBUG org.apache.http.headers -- << Cache-Control: no-cache, no-store, max-age=0, must-revalidate
17:03:53.762 [main] DEBUG org.apache.http.headers -- << Pragma: no-cache
17:03:53.762 [main] DEBUG org.apache.http.headers -- << Expires: 0
17:03:53.762 [main] DEBUG org.apache.http.headers -- << X-Frame-Options: DENY
17:03:53.762 [main] DEBUG org.apache.http.headers -- << Content-Type: text/plain;charset=UTF-8
17:03:53.762 [main] DEBUG org.apache.http.headers -- << Content-Length: 19
17:03:53.762 [main] DEBUG org.apache.http.headers -- << Date: Fri, 03 Jan 2025 11:33:53 GMT
17:03:53.762 [main] DEBUG org.apache.http.headers -- << Keep-Alive: timeout=60
17:03:53.762 [main] DEBUG org.apache.http.headers -- << Connection: keep-alive
17:03:53.762 [main] DEBUG org.apache.http.impl.client.DefaultHttpClient -- Connection can be kept alive for 60000 MILLISECONDS
17:03:53.762 [main] DEBUG org.apache.http.impl.client.DefaultHttpClient -- Authentication succeeded
17:03:53.762 [main] DEBUG org.apache.http.impl.client.TargetAuthenticationStrategy -- Caching 'basic' auth scheme for http://13.60.22.209:7081
17:03:53.763 [main] DEBUG io.restassured.internal.RestAssuredHttpBuilder -- Parsing response as: text/plain;charset=UTF-8
17:03:53.763 [main] DEBUG io.restassured.internal.RestAssuredHttpBuilder -- Parsed data to instance of: class org.apache.http.conn.EofSensorInputStream
17:03:53.791 [main] DEBUG org.apache.http.impl.conn.BasicClientConnectionManager -- Get connection for route {}->http://13.60.22.209:7081
17:03:53.791 [main] DEBUG org.apache.http.impl.conn.DefaultClientConnectionOperator -- Connecting to 13.60.22.209:7081
17:03:53.948 [main] DEBUG org.apache.http.client.protocol.RequestAddCookies -- CookieSpec selected: ignoreCookies
17:03:53.948 [main] DEBUG org.apache.http.client.protocol.RequestAuthCache -- Auth cache not set in the context
17:03:53.948 [main] DEBUG org.apache.http.client.protocol.RequestTargetAuthentication -- Target auth state: UNCHALLENGED
17:03:53.948 [main] DEBUG org.apache.http.client.protocol.RequestProxyAuthentication -- Proxy auth state: UNCHALLENGED
17:03:53.948 [main] DEBUG org.apache.http.impl.client.DefaultHttpClient -- Attempt 1 to execute request
17:03:53.948 [main] DEBUG org.apache.http.impl.conn.DefaultClientConnection -- Sending request: POST /api/books HTTP/1.1
17:03:53.948 [main] DEBUG org.apache.http.wire --  >> "POST /api/books HTTP/1.1[\r][\n]"
17:03:53.948 [main] DEBUG org.apache.http.wire --  >> "Accept: */*[\r][\n]"
17:03:53.948 [main] DEBUG org.apache.http.wire --  >> "Content-Type: application/json[\r][\n]"
17:03:53.948 [main] DEBUG org.apache.http.wire --  >> "Content-Length: 59[\r][\n]"
17:03:53.948 [main] DEBUG org.apache.http.wire --  >> "Host: 13.60.22.209:7081[\r][\n]"
17:03:53.948 [main] DEBUG org.apache.http.wire --  >> "Connection: Keep-Alive[\r][\n]"
17:03:53.949 [main] DEBUG org.apache.http.wire --  >> "User-Agent: Apache-HttpClient/4.5.13 (Java/17.0.9)[\r][\n]"
17:03:53.949 [main] DEBUG org.apache.http.wire --  >> "Accept-Encoding: gzip,deflate[\r][\n]"
17:03:53.949 [main] DEBUG org.apache.http.wire --  >> "[\r][\n]"
17:03:53.949 [main] DEBUG org.apache.http.headers -- >> POST /api/books HTTP/1.1
17:03:53.949 [main] DEBUG org.apache.http.headers -- >> Accept: */*
17:03:53.949 [main] DEBUG org.apache.http.headers -- >> Content-Type: application/json
17:03:53.949 [main] DEBUG org.apache.http.headers -- >> Content-Length: 59
17:03:53.949 [main] DEBUG org.apache.http.headers -- >> Host: 13.60.22.209:7081
17:03:53.949 [main] DEBUG org.apache.http.headers -- >> Connection: Keep-Alive
17:03:53.949 [main] DEBUG org.apache.http.headers -- >> User-Agent: Apache-HttpClient/4.5.13 (Java/17.0.9)
17:03:53.949 [main] DEBUG org.apache.http.headers -- >> Accept-Encoding: gzip,deflate
17:03:53.949 [main] DEBUG org.apache.http.wire --  >> "{ "id": 38, "title": "modern Bok", "author": "new Author" }"
17:03:54.112 [main] DEBUG org.apache.http.wire --  << "HTTP/1.1 401 [\r][\n]"
17:03:54.112 [main] DEBUG org.apache.http.wire --  << "Set-Cookie: JSESSIONID=8671BE33CE91B8739AA8EA6C426EEFAE; Path=/; HttpOnly[\r][\n]"
17:03:54.112 [main] DEBUG org.apache.http.wire --  << "WWW-Authenticate: Basic realm="Realm"[\r][\n]"
17:03:54.112 [main] DEBUG org.apache.http.wire --  << "X-Content-Type-Options: nosniff[\r][\n]"
17:03:54.112 [main] DEBUG org.apache.http.wire --  << "X-XSS-Protection: 1; mode=block[\r][\n]"
17:03:54.112 [main] DEBUG org.apache.http.wire --  << "Cache-Control: no-cache, no-store, max-age=0, must-revalidate[\r][\n]"
17:03:54.112 [main] DEBUG org.apache.http.wire --  << "Pragma: no-cache[\r][\n]"
17:03:54.112 [main] DEBUG org.apache.http.wire --  << "Expires: 0[\r][\n]"
17:03:54.112 [main] DEBUG org.apache.http.wire --  << "X-Frame-Options: DENY[\r][\n]"
17:03:54.112 [main] DEBUG org.apache.http.wire --  << "Content-Length: 0[\r][\n]"
17:03:54.112 [main] DEBUG org.apache.http.wire --  << "Date: Fri, 03 Jan 2025 11:33:55 GMT[\r][\n]"
17:03:54.112 [main] DEBUG org.apache.http.wire --  << "Keep-Alive: timeout=60[\r][\n]"
17:03:54.112 [main] DEBUG org.apache.http.wire --  << "Connection: keep-alive[\r][\n]"
17:03:54.112 [main] DEBUG org.apache.http.wire --  << "[\r][\n]"
17:03:54.112 [main] DEBUG org.apache.http.impl.conn.DefaultClientConnection -- Receiving response: HTTP/1.1 401 
17:03:54.112 [main] DEBUG org.apache.http.headers -- << HTTP/1.1 401 
17:03:54.112 [main] DEBUG org.apache.http.headers -- << Set-Cookie: JSESSIONID=8671BE33CE91B8739AA8EA6C426EEFAE; Path=/; HttpOnly
17:03:54.112 [main] DEBUG org.apache.http.headers -- << WWW-Authenticate: Basic realm="Realm"
17:03:54.112 [main] DEBUG org.apache.http.headers -- << X-Content-Type-Options: nosniff
17:03:54.112 [main] DEBUG org.apache.http.headers -- << X-XSS-Protection: 1; mode=block
17:03:54.112 [main] DEBUG org.apache.http.headers -- << Cache-Control: no-cache, no-store, max-age=0, must-revalidate
17:03:54.112 [main] DEBUG org.apache.http.headers -- << Pragma: no-cache
17:03:54.112 [main] DEBUG org.apache.http.headers -- << Expires: 0
17:03:54.112 [main] DEBUG org.apache.http.headers -- << X-Frame-Options: DENY
17:03:54.112 [main] DEBUG org.apache.http.headers -- << Content-Length: 0
17:03:54.112 [main] DEBUG org.apache.http.headers -- << Date: Fri, 03 Jan 2025 11:33:55 GMT
17:03:54.112 [main] DEBUG org.apache.http.headers -- << Keep-Alive: timeout=60
17:03:54.112 [main] DEBUG org.apache.http.headers -- << Connection: keep-alive
17:03:54.112 [main] DEBUG org.apache.http.impl.client.DefaultHttpClient -- Connection can be kept alive for 60000 MILLISECONDS
17:03:54.112 [main] DEBUG org.apache.http.impl.client.DefaultHttpClient -- Authentication required
17:03:54.112 [main] DEBUG org.apache.http.impl.client.DefaultHttpClient -- 13.60.22.209:7081 requested authentication
17:03:54.112 [main] DEBUG org.apache.http.impl.client.TargetAuthenticationStrategy -- Authentication schemes in the order of preference: [Negotiate, Kerberos, NTLM, CredSSP, Digest, Basic]
17:03:54.112 [main] DEBUG org.apache.http.impl.client.TargetAuthenticationStrategy -- Challenge for Negotiate authentication scheme not available
17:03:54.112 [main] DEBUG org.apache.http.impl.client.TargetAuthenticationStrategy -- Challenge for Kerberos authentication scheme not available
17:03:54.112 [main] DEBUG org.apache.http.impl.client.TargetAuthenticationStrategy -- Challenge for NTLM authentication scheme not available
17:03:54.112 [main] DEBUG org.apache.http.impl.client.TargetAuthenticationStrategy -- Challenge for CredSSP authentication scheme not available
17:03:54.112 [main] DEBUG org.apache.http.impl.client.TargetAuthenticationStrategy -- Challenge for Digest authentication scheme not available
17:03:54.112 [main] DEBUG org.apache.http.impl.client.DefaultHttpClient -- Selected authentication options: [BASIC [complete=true]]
17:03:54.112 [main] DEBUG org.apache.http.client.protocol.RequestAddCookies -- CookieSpec selected: ignoreCookies
17:03:54.112 [main] DEBUG org.apache.http.client.protocol.RequestAuthCache -- Auth cache not set in the context
17:03:54.112 [main] DEBUG org.apache.http.client.protocol.RequestTargetAuthentication -- Target auth state: CHALLENGED
17:03:54.112 [main] DEBUG org.apache.http.client.protocol.RequestTargetAuthentication -- Generating response to an authentication challenge using basic scheme
17:03:54.113 [main] DEBUG org.apache.http.client.protocol.RequestProxyAuthentication -- Proxy auth state: UNCHALLENGED
17:03:54.113 [main] DEBUG org.apache.http.impl.client.DefaultHttpClient -- Attempt 2 to execute request
17:03:54.113 [main] DEBUG org.apache.http.impl.conn.DefaultClientConnection -- Sending request: POST /api/books HTTP/1.1
17:03:54.113 [main] DEBUG org.apache.http.wire --  >> "POST /api/books HTTP/1.1[\r][\n]"
17:03:54.113 [main] DEBUG org.apache.http.wire --  >> "Accept: */*[\r][\n]"
17:03:54.113 [main] DEBUG org.apache.http.wire --  >> "Content-Type: application/json[\r][\n]"
17:03:54.113 [main] DEBUG org.apache.http.wire --  >> "Content-Length: 59[\r][\n]"
17:03:54.113 [main] DEBUG org.apache.http.wire --  >> "Host: 13.60.22.209:7081[\r][\n]"
17:03:54.113 [main] DEBUG org.apache.http.wire --  >> "Connection: Keep-Alive[\r][\n]"
17:03:54.113 [main] DEBUG org.apache.http.wire --  >> "User-Agent: Apache-HttpClient/4.5.13 (Java/17.0.9)[\r][\n]"
17:03:54.113 [main] DEBUG org.apache.http.wire --  >> "Authorization: Basic YWRtaW46cGFzc3dvcmQ=[\r][\n]"
17:03:54.113 [main] DEBUG org.apache.http.wire --  >> "Accept-Encoding: gzip,deflate[\r][\n]"
17:03:54.113 [main] DEBUG org.apache.http.wire --  >> "[\r][\n]"
17:03:54.113 [main] DEBUG org.apache.http.headers -- >> POST /api/books HTTP/1.1
17:03:54.113 [main] DEBUG org.apache.http.headers -- >> Accept: */*
17:03:54.113 [main] DEBUG org.apache.http.headers -- >> Content-Type: application/json
17:03:54.113 [main] DEBUG org.apache.http.headers -- >> Content-Length: 59
17:03:54.113 [main] DEBUG org.apache.http.headers -- >> Host: 13.60.22.209:7081
17:03:54.113 [main] DEBUG org.apache.http.headers -- >> Connection: Keep-Alive
17:03:54.113 [main] DEBUG org.apache.http.headers -- >> User-Agent: Apache-HttpClient/4.5.13 (Java/17.0.9)
17:03:54.113 [main] DEBUG org.apache.http.headers -- >> Authorization: Basic YWRtaW46cGFzc3dvcmQ=
17:03:54.113 [main] DEBUG org.apache.http.headers -- >> Accept-Encoding: gzip,deflate
17:03:54.113 [main] DEBUG org.apache.http.wire --  >> "{ "id": 38, "title": "modern Bok", "author": "new Author" }"
17:03:54.401 [main] DEBUG org.apache.http.wire --  << "HTTP/1.1 208 [\r][\n]"
17:03:54.402 [main] DEBUG org.apache.http.wire --  << "Set-Cookie: JSESSIONID=C3941B07FFD09606FACEB71949FEC22E; Path=/; HttpOnly[\r][\n]"
17:03:54.402 [main] DEBUG org.apache.http.wire --  << "X-Content-Type-Options: nosniff[\r][\n]"
17:03:54.402 [main] DEBUG org.apache.http.wire --  << "X-XSS-Protection: 1; mode=block[\r][\n]"
17:03:54.402 [main] DEBUG org.apache.http.wire --  << "Cache-Control: no-cache, no-store, max-age=0, must-revalidate[\r][\n]"
17:03:54.402 [main] DEBUG org.apache.http.wire --  << "Pragma: no-cache[\r][\n]"
17:03:54.402 [main] DEBUG org.apache.http.wire --  << "Expires: 0[\r][\n]"
17:03:54.402 [main] DEBUG org.apache.http.wire --  << "X-Frame-Options: DENY[\r][\n]"
17:03:54.402 [main] DEBUG org.apache.http.wire --  << "Content-Type: text/plain;charset=UTF-8[\r][\n]"
17:03:54.402 [main] DEBUG org.apache.http.wire --  << "Content-Length: 19[\r][\n]"
17:03:54.402 [main] DEBUG org.apache.http.wire --  << "Date: Fri, 03 Jan 2025 11:33:55 GMT[\r][\n]"
17:03:54.402 [main] DEBUG org.apache.http.wire --  << "Keep-Alive: timeout=60[\r][\n]"
17:03:54.402 [main] DEBUG org.apache.http.wire --  << "Connection: keep-alive[\r][\n]"
17:03:54.402 [main] DEBUG org.apache.http.wire --  << "[\r][\n]"
17:03:54.402 [main] DEBUG org.apache.http.impl.conn.DefaultClientConnection -- Receiving response: HTTP/1.1 208 
17:03:54.402 [main] DEBUG org.apache.http.headers -- << HTTP/1.1 208 
17:03:54.402 [main] DEBUG org.apache.http.headers -- << Set-Cookie: JSESSIONID=C3941B07FFD09606FACEB71949FEC22E; Path=/; HttpOnly
17:03:54.402 [main] DEBUG org.apache.http.headers -- << X-Content-Type-Options: nosniff
17:03:54.402 [main] DEBUG org.apache.http.headers -- << X-XSS-Protection: 1; mode=block
17:03:54.402 [main] DEBUG org.apache.http.headers -- << Cache-Control: no-cache, no-store, max-age=0, must-revalidate
17:03:54.402 [main] DEBUG org.apache.http.headers -- << Pragma: no-cache
17:03:54.402 [main] DEBUG org.apache.http.headers -- << Expires: 0
17:03:54.402 [main] DEBUG org.apache.http.headers -- << X-Frame-Options: DENY
17:03:54.402 [main] DEBUG org.apache.http.headers -- << Content-Type: text/plain;charset=UTF-8
17:03:54.402 [main] DEBUG org.apache.http.headers -- << Content-Length: 19
17:03:54.402 [main] DEBUG org.apache.http.headers -- << Date: Fri, 03 Jan 2025 11:33:55 GMT
17:03:54.402 [main] DEBUG org.apache.http.headers -- << Keep-Alive: timeout=60
17:03:54.402 [main] DEBUG org.apache.http.headers -- << Connection: keep-alive
17:03:54.402 [main] DEBUG org.apache.http.impl.client.DefaultHttpClient -- Connection can be kept alive for 60000 MILLISECONDS
17:03:54.402 [main] DEBUG org.apache.http.impl.client.DefaultHttpClient -- Authentication succeeded
17:03:54.402 [main] DEBUG org.apache.http.impl.client.TargetAuthenticationStrategy -- Caching 'basic' auth scheme for http://13.60.22.209:7081
17:03:54.402 [main] DEBUG io.restassured.internal.RestAssuredHttpBuilder -- Parsing response as: text/plain;charset=UTF-8
17:03:54.403 [main] DEBUG io.restassured.internal.RestAssuredHttpBuilder -- Parsed data to instance of: class org.apache.http.conn.EofSensorInputStream
]]></system-out>
  </testcase>
  <testcase name="testCreateBookWithDuplicateTitle" classname="TestCases.PostBookAPITests" time="1.629">
    <system-out><![CDATA[17:03:54.590 [Finalizer] DEBUG org.apache.http.impl.conn.DefaultClientConnection -- Connection 0.0.0.0:58378<->13.60.22.209:7081 closed
17:03:54.590 [Finalizer] DEBUG org.apache.http.impl.conn.DefaultClientConnection -- Connection 0.0.0.0:58377<->13.60.22.209:7081 closed
17:03:54.590 [Finalizer] DEBUG org.apache.http.impl.conn.DefaultClientConnection -- Connection 0.0.0.0:58376<->13.60.22.209:7081 closed
17:03:54.590 [Finalizer] DEBUG org.apache.http.impl.conn.DefaultClientConnection -- Connection 0.0.0.0:58375<->13.60.22.209:7081 closed
17:03:54.590 [Finalizer] DEBUG org.apache.http.impl.conn.DefaultClientConnection -- Connection 0.0.0.0:58381<->13.60.22.209:7081 closed
17:03:54.590 [Finalizer] DEBUG org.apache.http.impl.conn.DefaultClientConnection -- Connection 0.0.0.0:58380<->13.60.22.209:7081 closed
17:03:54.644 [main] DEBUG org.apache.http.impl.conn.BasicClientConnectionManager -- Get connection for route {}->http://13.60.22.209:7081
17:03:54.644 [main] DEBUG org.apache.http.impl.conn.DefaultClientConnectionOperator -- Connecting to 13.60.22.209:7081
17:03:54.823 [main] DEBUG org.apache.http.client.protocol.RequestAddCookies -- CookieSpec selected: ignoreCookies
17:03:54.823 [main] DEBUG org.apache.http.client.protocol.RequestAuthCache -- Auth cache not set in the context
17:03:54.823 [main] DEBUG org.apache.http.client.protocol.RequestTargetAuthentication -- Target auth state: UNCHALLENGED
17:03:54.823 [main] DEBUG org.apache.http.client.protocol.RequestProxyAuthentication -- Proxy auth state: UNCHALLENGED
17:03:54.823 [main] DEBUG org.apache.http.impl.client.DefaultHttpClient -- Attempt 1 to execute request
17:03:54.823 [main] DEBUG org.apache.http.impl.conn.DefaultClientConnection -- Sending request: POST /api/books HTTP/1.1
17:03:54.823 [main] DEBUG org.apache.http.wire --  >> "POST /api/books HTTP/1.1[\r][\n]"
17:03:54.823 [main] DEBUG org.apache.http.wire --  >> "Accept: */*[\r][\n]"
17:03:54.823 [main] DEBUG org.apache.http.wire --  >> "Content-Type: application/json[\r][\n]"
17:03:54.823 [main] DEBUG org.apache.http.wire --  >> "Content-Length: 55[\r][\n]"
17:03:54.823 [main] DEBUG org.apache.http.wire --  >> "Host: 13.60.22.209:7081[\r][\n]"
17:03:54.823 [main] DEBUG org.apache.http.wire --  >> "Connection: Keep-Alive[\r][\n]"
17:03:54.823 [main] DEBUG org.apache.http.wire --  >> "User-Agent: Apache-HttpClient/4.5.13 (Java/17.0.9)[\r][\n]"
17:03:54.823 [main] DEBUG org.apache.http.wire --  >> "Accept-Encoding: gzip,deflate[\r][\n]"
17:03:54.823 [main] DEBUG org.apache.http.wire --  >> "[\r][\n]"
17:03:54.823 [main] DEBUG org.apache.http.headers -- >> POST /api/books HTTP/1.1
17:03:54.823 [main] DEBUG org.apache.http.headers -- >> Accept: */*
17:03:54.823 [main] DEBUG org.apache.http.headers -- >> Content-Type: application/json
17:03:54.823 [main] DEBUG org.apache.http.headers -- >> Content-Length: 55
17:03:54.823 [main] DEBUG org.apache.http.headers -- >> Host: 13.60.22.209:7081
17:03:54.823 [main] DEBUG org.apache.http.headers -- >> Connection: Keep-Alive
17:03:54.823 [main] DEBUG org.apache.http.headers -- >> User-Agent: Apache-HttpClient/4.5.13 (Java/17.0.9)
17:03:54.823 [main] DEBUG org.apache.http.headers -- >> Accept-Encoding: gzip,deflate
17:03:54.823 [main] DEBUG org.apache.http.wire --  >> "{"author":"Original Author","id":1,"title":"Test Book"}"
17:03:55.005 [main] DEBUG org.apache.http.wire --  << "HTTP/1.1 401 [\r][\n]"
17:03:55.006 [main] DEBUG org.apache.http.wire --  << "Set-Cookie: JSESSIONID=C72CF534B2BD349BDF8FA3A0030F7EC5; Path=/; HttpOnly[\r][\n]"
17:03:55.006 [main] DEBUG org.apache.http.wire --  << "WWW-Authenticate: Basic realm="Realm"[\r][\n]"
17:03:55.006 [main] DEBUG org.apache.http.wire --  << "X-Content-Type-Options: nosniff[\r][\n]"
17:03:55.006 [main] DEBUG org.apache.http.wire --  << "X-XSS-Protection: 1; mode=block[\r][\n]"
17:03:55.006 [main] DEBUG org.apache.http.wire --  << "Cache-Control: no-cache, no-store, max-age=0, must-revalidate[\r][\n]"
17:03:55.006 [main] DEBUG org.apache.http.wire --  << "Pragma: no-cache[\r][\n]"
17:03:55.006 [main] DEBUG org.apache.http.wire --  << "Expires: 0[\r][\n]"
17:03:55.006 [main] DEBUG org.apache.http.wire --  << "X-Frame-Options: DENY[\r][\n]"
17:03:55.006 [main] DEBUG org.apache.http.wire --  << "Content-Length: 0[\r][\n]"
17:03:55.006 [main] DEBUG org.apache.http.wire --  << "Date: Fri, 03 Jan 2025 11:33:55 GMT[\r][\n]"
17:03:55.006 [main] DEBUG org.apache.http.wire --  << "Keep-Alive: timeout=60[\r][\n]"
17:03:55.006 [main] DEBUG org.apache.http.wire --  << "Connection: keep-alive[\r][\n]"
17:03:55.006 [main] DEBUG org.apache.http.wire --  << "[\r][\n]"
17:03:55.006 [main] DEBUG org.apache.http.impl.conn.DefaultClientConnection -- Receiving response: HTTP/1.1 401 
17:03:55.006 [main] DEBUG org.apache.http.headers -- << HTTP/1.1 401 
17:03:55.006 [main] DEBUG org.apache.http.headers -- << Set-Cookie: JSESSIONID=C72CF534B2BD349BDF8FA3A0030F7EC5; Path=/; HttpOnly
17:03:55.006 [main] DEBUG org.apache.http.headers -- << WWW-Authenticate: Basic realm="Realm"
17:03:55.006 [main] DEBUG org.apache.http.headers -- << X-Content-Type-Options: nosniff
17:03:55.006 [main] DEBUG org.apache.http.headers -- << X-XSS-Protection: 1; mode=block
17:03:55.006 [main] DEBUG org.apache.http.headers -- << Cache-Control: no-cache, no-store, max-age=0, must-revalidate
17:03:55.006 [main] DEBUG org.apache.http.headers -- << Pragma: no-cache
17:03:55.006 [main] DEBUG org.apache.http.headers -- << Expires: 0
17:03:55.006 [main] DEBUG org.apache.http.headers -- << X-Frame-Options: DENY
17:03:55.006 [main] DEBUG org.apache.http.headers -- << Content-Length: 0
17:03:55.006 [main] DEBUG org.apache.http.headers -- << Date: Fri, 03 Jan 2025 11:33:55 GMT
17:03:55.006 [main] DEBUG org.apache.http.headers -- << Keep-Alive: timeout=60
17:03:55.006 [main] DEBUG org.apache.http.headers -- << Connection: keep-alive
17:03:55.006 [main] DEBUG org.apache.http.impl.client.DefaultHttpClient -- Connection can be kept alive for 60000 MILLISECONDS
17:03:55.006 [main] DEBUG org.apache.http.impl.client.DefaultHttpClient -- Authentication required
17:03:55.006 [main] DEBUG org.apache.http.impl.client.DefaultHttpClient -- 13.60.22.209:7081 requested authentication
17:03:55.006 [main] DEBUG org.apache.http.impl.client.TargetAuthenticationStrategy -- Authentication schemes in the order of preference: [Negotiate, Kerberos, NTLM, CredSSP, Digest, Basic]
17:03:55.006 [main] DEBUG org.apache.http.impl.client.TargetAuthenticationStrategy -- Challenge for Negotiate authentication scheme not available
17:03:55.006 [main] DEBUG org.apache.http.impl.client.TargetAuthenticationStrategy -- Challenge for Kerberos authentication scheme not available
17:03:55.006 [main] DEBUG org.apache.http.impl.client.TargetAuthenticationStrategy -- Challenge for NTLM authentication scheme not available
17:03:55.006 [main] DEBUG org.apache.http.impl.client.TargetAuthenticationStrategy -- Challenge for CredSSP authentication scheme not available
17:03:55.006 [main] DEBUG org.apache.http.impl.client.TargetAuthenticationStrategy -- Challenge for Digest authentication scheme not available
17:03:55.006 [main] DEBUG org.apache.http.impl.client.DefaultHttpClient -- Selected authentication options: [BASIC [complete=true]]
17:03:55.007 [main] DEBUG org.apache.http.client.protocol.RequestAddCookies -- CookieSpec selected: ignoreCookies
17:03:55.007 [main] DEBUG org.apache.http.client.protocol.RequestAuthCache -- Auth cache not set in the context
17:03:55.007 [main] DEBUG org.apache.http.client.protocol.RequestTargetAuthentication -- Target auth state: CHALLENGED
17:03:55.007 [main] DEBUG org.apache.http.client.protocol.RequestTargetAuthentication -- Generating response to an authentication challenge using basic scheme
17:03:55.007 [main] DEBUG org.apache.http.client.protocol.RequestProxyAuthentication -- Proxy auth state: UNCHALLENGED
17:03:55.007 [main] DEBUG org.apache.http.impl.client.DefaultHttpClient -- Attempt 2 to execute request
17:03:55.007 [main] DEBUG org.apache.http.impl.conn.DefaultClientConnection -- Sending request: POST /api/books HTTP/1.1
17:03:55.008 [main] DEBUG org.apache.http.wire --  >> "POST /api/books HTTP/1.1[\r][\n]"
17:03:55.008 [main] DEBUG org.apache.http.wire --  >> "Accept: */*[\r][\n]"
17:03:55.008 [main] DEBUG org.apache.http.wire --  >> "Content-Type: application/json[\r][\n]"
17:03:55.008 [main] DEBUG org.apache.http.wire --  >> "Content-Length: 55[\r][\n]"
17:03:55.008 [main] DEBUG org.apache.http.wire --  >> "Host: 13.60.22.209:7081[\r][\n]"
17:03:55.008 [main] DEBUG org.apache.http.wire --  >> "Connection: Keep-Alive[\r][\n]"
17:03:55.008 [main] DEBUG org.apache.http.wire --  >> "User-Agent: Apache-HttpClient/4.5.13 (Java/17.0.9)[\r][\n]"
17:03:55.008 [main] DEBUG org.apache.http.wire --  >> "Authorization: Basic YWRtaW46cGFzc3dvcmQ=[\r][\n]"
17:03:55.008 [main] DEBUG org.apache.http.wire --  >> "Accept-Encoding: gzip,deflate[\r][\n]"
17:03:55.008 [main] DEBUG org.apache.http.wire --  >> "[\r][\n]"
17:03:55.008 [main] DEBUG org.apache.http.headers -- >> POST /api/books HTTP/1.1
17:03:55.008 [main] DEBUG org.apache.http.headers -- >> Accept: */*
17:03:55.008 [main] DEBUG org.apache.http.headers -- >> Content-Type: application/json
17:03:55.008 [main] DEBUG org.apache.http.headers -- >> Content-Length: 55
17:03:55.008 [main] DEBUG org.apache.http.headers -- >> Host: 13.60.22.209:7081
17:03:55.008 [main] DEBUG org.apache.http.headers -- >> Connection: Keep-Alive
17:03:55.008 [main] DEBUG org.apache.http.headers -- >> User-Agent: Apache-HttpClient/4.5.13 (Java/17.0.9)
17:03:55.008 [main] DEBUG org.apache.http.headers -- >> Authorization: Basic YWRtaW46cGFzc3dvcmQ=
17:03:55.008 [main] DEBUG org.apache.http.headers -- >> Accept-Encoding: gzip,deflate
17:03:55.008 [main] DEBUG org.apache.http.wire --  >> "{"author":"Original Author","id":1,"title":"Test Book"}"
17:03:55.350 [main] DEBUG org.apache.http.wire --  << "HTTP/1.1 208 [\r][\n]"
17:03:55.351 [main] DEBUG org.apache.http.wire --  << "Set-Cookie: JSESSIONID=B8ACBFDA905BF19EE842E804B26884AE; Path=/; HttpOnly[\r][\n]"
17:03:55.351 [main] DEBUG org.apache.http.wire --  << "X-Content-Type-Options: nosniff[\r][\n]"
17:03:55.351 [main] DEBUG org.apache.http.wire --  << "X-XSS-Protection: 1; mode=block[\r][\n]"
17:03:55.351 [main] DEBUG org.apache.http.wire --  << "Cache-Control: no-cache, no-store, max-age=0, must-revalidate[\r][\n]"
17:03:55.351 [main] DEBUG org.apache.http.wire --  << "Pragma: no-cache[\r][\n]"
17:03:55.351 [main] DEBUG org.apache.http.wire --  << "Expires: 0[\r][\n]"
17:03:55.351 [main] DEBUG org.apache.http.wire --  << "X-Frame-Options: DENY[\r][\n]"
17:03:55.351 [main] DEBUG org.apache.http.wire --  << "Content-Type: text/plain;charset=UTF-8[\r][\n]"
17:03:55.351 [main] DEBUG org.apache.http.wire --  << "Content-Length: 19[\r][\n]"
17:03:55.351 [main] DEBUG org.apache.http.wire --  << "Date: Fri, 03 Jan 2025 11:33:56 GMT[\r][\n]"
17:03:55.351 [main] DEBUG org.apache.http.wire --  << "Keep-Alive: timeout=60[\r][\n]"
17:03:55.351 [main] DEBUG org.apache.http.wire --  << "Connection: keep-alive[\r][\n]"
17:03:55.351 [main] DEBUG org.apache.http.wire --  << "[\r][\n]"
17:03:55.351 [main] DEBUG org.apache.http.impl.conn.DefaultClientConnection -- Receiving response: HTTP/1.1 208 
17:03:55.351 [main] DEBUG org.apache.http.headers -- << HTTP/1.1 208 
17:03:55.351 [main] DEBUG org.apache.http.headers -- << Set-Cookie: JSESSIONID=B8ACBFDA905BF19EE842E804B26884AE; Path=/; HttpOnly
17:03:55.351 [main] DEBUG org.apache.http.headers -- << X-Content-Type-Options: nosniff
17:03:55.351 [main] DEBUG org.apache.http.headers -- << X-XSS-Protection: 1; mode=block
17:03:55.351 [main] DEBUG org.apache.http.headers -- << Cache-Control: no-cache, no-store, max-age=0, must-revalidate
17:03:55.351 [main] DEBUG org.apache.http.headers -- << Pragma: no-cache
17:03:55.351 [main] DEBUG org.apache.http.headers -- << Expires: 0
17:03:55.351 [main] DEBUG org.apache.http.headers -- << X-Frame-Options: DENY
17:03:55.351 [main] DEBUG org.apache.http.headers -- << Content-Type: text/plain;charset=UTF-8
17:03:55.351 [main] DEBUG org.apache.http.headers -- << Content-Length: 19
17:03:55.351 [main] DEBUG org.apache.http.headers -- << Date: Fri, 03 Jan 2025 11:33:56 GMT
17:03:55.351 [main] DEBUG org.apache.http.headers -- << Keep-Alive: timeout=60
17:03:55.351 [main] DEBUG org.apache.http.headers -- << Connection: keep-alive
17:03:55.352 [main] DEBUG org.apache.http.impl.client.DefaultHttpClient -- Connection can be kept alive for 60000 MILLISECONDS
17:03:55.352 [main] DEBUG org.apache.http.impl.client.DefaultHttpClient -- Authentication succeeded
17:03:55.352 [main] DEBUG org.apache.http.impl.client.TargetAuthenticationStrategy -- Caching 'basic' auth scheme for http://13.60.22.209:7081
17:03:55.352 [main] DEBUG io.restassured.internal.RestAssuredHttpBuilder -- Parsing response as: text/plain;charset=UTF-8
17:03:55.353 [main] DEBUG io.restassured.internal.RestAssuredHttpBuilder -- Parsed data to instance of: class org.apache.http.conn.EofSensorInputStream
17:03:55.374 [main] DEBUG org.apache.http.impl.conn.BasicClientConnectionManager -- Get connection for route {}->http://13.60.22.209:7081
17:03:55.374 [main] DEBUG org.apache.http.impl.conn.DefaultClientConnectionOperator -- Connecting to 13.60.22.209:7081
17:03:55.536 [main] DEBUG org.apache.http.client.protocol.RequestAddCookies -- CookieSpec selected: ignoreCookies
17:03:55.537 [main] DEBUG org.apache.http.client.protocol.RequestAuthCache -- Auth cache not set in the context
17:03:55.537 [main] DEBUG org.apache.http.client.protocol.RequestTargetAuthentication -- Target auth state: UNCHALLENGED
17:03:55.537 [main] DEBUG org.apache.http.client.protocol.RequestProxyAuthentication -- Proxy auth state: UNCHALLENGED
17:03:55.537 [main] DEBUG org.apache.http.impl.client.DefaultHttpClient -- Attempt 1 to execute request
17:03:55.537 [main] DEBUG org.apache.http.impl.conn.DefaultClientConnection -- Sending request: POST /api/books HTTP/1.1
17:03:55.537 [main] DEBUG org.apache.http.wire --  >> "POST /api/books HTTP/1.1[\r][\n]"
17:03:55.537 [main] DEBUG org.apache.http.wire --  >> "Accept: */*[\r][\n]"
17:03:55.537 [main] DEBUG org.apache.http.wire --  >> "Content-Type: application/json[\r][\n]"
17:03:55.537 [main] DEBUG org.apache.http.wire --  >> "Content-Length: 50[\r][\n]"
17:03:55.537 [main] DEBUG org.apache.http.wire --  >> "Host: 13.60.22.209:7081[\r][\n]"
17:03:55.537 [main] DEBUG org.apache.http.wire --  >> "Connection: Keep-Alive[\r][\n]"
17:03:55.537 [main] DEBUG org.apache.http.wire --  >> "User-Agent: Apache-HttpClient/4.5.13 (Java/17.0.9)[\r][\n]"
17:03:55.537 [main] DEBUG org.apache.http.wire --  >> "Accept-Encoding: gzip,deflate[\r][\n]"
17:03:55.537 [main] DEBUG org.apache.http.wire --  >> "[\r][\n]"
17:03:55.537 [main] DEBUG org.apache.http.headers -- >> POST /api/books HTTP/1.1
17:03:55.537 [main] DEBUG org.apache.http.headers -- >> Accept: */*
17:03:55.537 [main] DEBUG org.apache.http.headers -- >> Content-Type: application/json
17:03:55.537 [main] DEBUG org.apache.http.headers -- >> Content-Length: 50
17:03:55.537 [main] DEBUG org.apache.http.headers -- >> Host: 13.60.22.209:7081
17:03:55.537 [main] DEBUG org.apache.http.headers -- >> Connection: Keep-Alive
17:03:55.537 [main] DEBUG org.apache.http.headers -- >> User-Agent: Apache-HttpClient/4.5.13 (Java/17.0.9)
17:03:55.537 [main] DEBUG org.apache.http.headers -- >> Accept-Encoding: gzip,deflate
17:03:55.537 [main] DEBUG org.apache.http.wire --  >> "{"author":"New Author","id":1,"title":"Test Book"}"
17:03:55.702 [main] DEBUG org.apache.http.wire --  << "HTTP/1.1 401 [\r][\n]"
17:03:55.702 [main] DEBUG org.apache.http.wire --  << "Set-Cookie: JSESSIONID=C8FE0927C94298A8D4E5337A5A6F93FA; Path=/; HttpOnly[\r][\n]"
17:03:55.702 [main] DEBUG org.apache.http.wire --  << "WWW-Authenticate: Basic realm="Realm"[\r][\n]"
17:03:55.702 [main] DEBUG org.apache.http.wire --  << "X-Content-Type-Options: nosniff[\r][\n]"
17:03:55.702 [main] DEBUG org.apache.http.wire --  << "X-XSS-Protection: 1; mode=block[\r][\n]"
17:03:55.702 [main] DEBUG org.apache.http.wire --  << "Cache-Control: no-cache, no-store, max-age=0, must-revalidate[\r][\n]"
17:03:55.702 [main] DEBUG org.apache.http.wire --  << "Pragma: no-cache[\r][\n]"
17:03:55.702 [main] DEBUG org.apache.http.wire --  << "Expires: 0[\r][\n]"
17:03:55.702 [main] DEBUG org.apache.http.wire --  << "X-Frame-Options: DENY[\r][\n]"
17:03:55.702 [main] DEBUG org.apache.http.wire --  << "Content-Length: 0[\r][\n]"
17:03:55.702 [main] DEBUG org.apache.http.wire --  << "Date: Fri, 03 Jan 2025 11:33:56 GMT[\r][\n]"
17:03:55.702 [main] DEBUG org.apache.http.wire --  << "Keep-Alive: timeout=60[\r][\n]"
17:03:55.702 [main] DEBUG org.apache.http.wire --  << "Connection: keep-alive[\r][\n]"
17:03:55.702 [main] DEBUG org.apache.http.wire --  << "[\r][\n]"
17:03:55.702 [main] DEBUG org.apache.http.impl.conn.DefaultClientConnection -- Receiving response: HTTP/1.1 401 
17:03:55.702 [main] DEBUG org.apache.http.headers -- << HTTP/1.1 401 
17:03:55.702 [main] DEBUG org.apache.http.headers -- << Set-Cookie: JSESSIONID=C8FE0927C94298A8D4E5337A5A6F93FA; Path=/; HttpOnly
17:03:55.702 [main] DEBUG org.apache.http.headers -- << WWW-Authenticate: Basic realm="Realm"
17:03:55.702 [main] DEBUG org.apache.http.headers -- << X-Content-Type-Options: nosniff
17:03:55.702 [main] DEBUG org.apache.http.headers -- << X-XSS-Protection: 1; mode=block
17:03:55.702 [main] DEBUG org.apache.http.headers -- << Cache-Control: no-cache, no-store, max-age=0, must-revalidate
17:03:55.702 [main] DEBUG org.apache.http.headers -- << Pragma: no-cache
17:03:55.702 [main] DEBUG org.apache.http.headers -- << Expires: 0
17:03:55.702 [main] DEBUG org.apache.http.headers -- << X-Frame-Options: DENY
17:03:55.702 [main] DEBUG org.apache.http.headers -- << Content-Length: 0
17:03:55.702 [main] DEBUG org.apache.http.headers -- << Date: Fri, 03 Jan 2025 11:33:56 GMT
17:03:55.702 [main] DEBUG org.apache.http.headers -- << Keep-Alive: timeout=60
17:03:55.702 [main] DEBUG org.apache.http.headers -- << Connection: keep-alive
17:03:55.702 [main] DEBUG org.apache.http.impl.client.DefaultHttpClient -- Connection can be kept alive for 60000 MILLISECONDS
17:03:55.702 [main] DEBUG org.apache.http.impl.client.DefaultHttpClient -- Authentication required
17:03:55.702 [main] DEBUG org.apache.http.impl.client.DefaultHttpClient -- 13.60.22.209:7081 requested authentication
17:03:55.702 [main] DEBUG org.apache.http.impl.client.TargetAuthenticationStrategy -- Authentication schemes in the order of preference: [Negotiate, Kerberos, NTLM, CredSSP, Digest, Basic]
17:03:55.702 [main] DEBUG org.apache.http.impl.client.TargetAuthenticationStrategy -- Challenge for Negotiate authentication scheme not available
17:03:55.702 [main] DEBUG org.apache.http.impl.client.TargetAuthenticationStrategy -- Challenge for Kerberos authentication scheme not available
17:03:55.702 [main] DEBUG org.apache.http.impl.client.TargetAuthenticationStrategy -- Challenge for NTLM authentication scheme not available
17:03:55.702 [main] DEBUG org.apache.http.impl.client.TargetAuthenticationStrategy -- Challenge for CredSSP authentication scheme not available
17:03:55.702 [main] DEBUG org.apache.http.impl.client.TargetAuthenticationStrategy -- Challenge for Digest authentication scheme not available
17:03:55.703 [main] DEBUG org.apache.http.impl.client.DefaultHttpClient -- Selected authentication options: [BASIC [complete=true]]
17:03:55.703 [main] DEBUG org.apache.http.client.protocol.RequestAddCookies -- CookieSpec selected: ignoreCookies
17:03:55.703 [main] DEBUG org.apache.http.client.protocol.RequestAuthCache -- Auth cache not set in the context
17:03:55.703 [main] DEBUG org.apache.http.client.protocol.RequestTargetAuthentication -- Target auth state: CHALLENGED
17:03:55.703 [main] DEBUG org.apache.http.client.protocol.RequestTargetAuthentication -- Generating response to an authentication challenge using basic scheme
17:03:55.703 [main] DEBUG org.apache.http.client.protocol.RequestProxyAuthentication -- Proxy auth state: UNCHALLENGED
17:03:55.703 [main] DEBUG org.apache.http.impl.client.DefaultHttpClient -- Attempt 2 to execute request
17:03:55.703 [main] DEBUG org.apache.http.impl.conn.DefaultClientConnection -- Sending request: POST /api/books HTTP/1.1
17:03:55.703 [main] DEBUG org.apache.http.wire --  >> "POST /api/books HTTP/1.1[\r][\n]"
17:03:55.703 [main] DEBUG org.apache.http.wire --  >> "Accept: */*[\r][\n]"
17:03:55.703 [main] DEBUG org.apache.http.wire --  >> "Content-Type: application/json[\r][\n]"
17:03:55.703 [main] DEBUG org.apache.http.wire --  >> "Content-Length: 50[\r][\n]"
17:03:55.703 [main] DEBUG org.apache.http.wire --  >> "Host: 13.60.22.209:7081[\r][\n]"
17:03:55.703 [main] DEBUG org.apache.http.wire --  >> "Connection: Keep-Alive[\r][\n]"
17:03:55.703 [main] DEBUG org.apache.http.wire --  >> "User-Agent: Apache-HttpClient/4.5.13 (Java/17.0.9)[\r][\n]"
17:03:55.703 [main] DEBUG org.apache.http.wire --  >> "Authorization: Basic YWRtaW46cGFzc3dvcmQ=[\r][\n]"
17:03:55.703 [main] DEBUG org.apache.http.wire --  >> "Accept-Encoding: gzip,deflate[\r][\n]"
17:03:55.703 [main] DEBUG org.apache.http.wire --  >> "[\r][\n]"
17:03:55.703 [main] DEBUG org.apache.http.headers -- >> POST /api/books HTTP/1.1
17:03:55.703 [main] DEBUG org.apache.http.headers -- >> Accept: */*
17:03:55.703 [main] DEBUG org.apache.http.headers -- >> Content-Type: application/json
17:03:55.703 [main] DEBUG org.apache.http.headers -- >> Content-Length: 50
17:03:55.703 [main] DEBUG org.apache.http.headers -- >> Host: 13.60.22.209:7081
17:03:55.703 [main] DEBUG org.apache.http.headers -- >> Connection: Keep-Alive
17:03:55.704 [main] DEBUG org.apache.http.headers -- >> User-Agent: Apache-HttpClient/4.5.13 (Java/17.0.9)
17:03:55.704 [main] DEBUG org.apache.http.headers -- >> Authorization: Basic YWRtaW46cGFzc3dvcmQ=
17:03:55.704 [main] DEBUG org.apache.http.headers -- >> Accept-Encoding: gzip,deflate
17:03:55.704 [main] DEBUG org.apache.http.wire --  >> "{"author":"New Author","id":1,"title":"Test Book"}"
17:03:56.028 [main] DEBUG org.apache.http.wire --  << "HTTP/1.1 208 [\r][\n]"
17:03:56.028 [main] DEBUG org.apache.http.wire --  << "Set-Cookie: JSESSIONID=FAB8B63575A076CD94EAF57EBA293B92; Path=/; HttpOnly[\r][\n]"
17:03:56.028 [main] DEBUG org.apache.http.wire --  << "X-Content-Type-Options: nosniff[\r][\n]"
17:03:56.028 [main] DEBUG org.apache.http.wire --  << "X-XSS-Protection: 1; mode=block[\r][\n]"
17:03:56.028 [main] DEBUG org.apache.http.wire --  << "Cache-Control: no-cache, no-store, max-age=0, must-revalidate[\r][\n]"
17:03:56.028 [main] DEBUG org.apache.http.wire --  << "Pragma: no-cache[\r][\n]"
17:03:56.028 [main] DEBUG org.apache.http.wire --  << "Expires: 0[\r][\n]"
17:03:56.028 [main] DEBUG org.apache.http.wire --  << "X-Frame-Options: DENY[\r][\n]"
17:03:56.028 [main] DEBUG org.apache.http.wire --  << "Content-Type: text/plain;charset=UTF-8[\r][\n]"
17:03:56.028 [main] DEBUG org.apache.http.wire --  << "Content-Length: 19[\r][\n]"
17:03:56.028 [main] DEBUG org.apache.http.wire --  << "Date: Fri, 03 Jan 2025 11:33:56 GMT[\r][\n]"
17:03:56.028 [main] DEBUG org.apache.http.wire --  << "Keep-Alive: timeout=60[\r][\n]"
17:03:56.028 [main] DEBUG org.apache.http.wire --  << "Connection: keep-alive[\r][\n]"
17:03:56.028 [main] DEBUG org.apache.http.wire --  << "[\r][\n]"
17:03:56.028 [main] DEBUG org.apache.http.impl.conn.DefaultClientConnection -- Receiving response: HTTP/1.1 208 
17:03:56.028 [main] DEBUG org.apache.http.headers -- << HTTP/1.1 208 
17:03:56.028 [main] DEBUG org.apache.http.headers -- << Set-Cookie: JSESSIONID=FAB8B63575A076CD94EAF57EBA293B92; Path=/; HttpOnly
17:03:56.028 [main] DEBUG org.apache.http.headers -- << X-Content-Type-Options: nosniff
17:03:56.028 [main] DEBUG org.apache.http.headers -- << X-XSS-Protection: 1; mode=block
17:03:56.029 [main] DEBUG org.apache.http.headers -- << Cache-Control: no-cache, no-store, max-age=0, must-revalidate
17:03:56.029 [main] DEBUG org.apache.http.headers -- << Pragma: no-cache
17:03:56.029 [main] DEBUG org.apache.http.headers -- << Expires: 0
17:03:56.029 [main] DEBUG org.apache.http.headers -- << X-Frame-Options: DENY
17:03:56.029 [main] DEBUG org.apache.http.headers -- << Content-Type: text/plain;charset=UTF-8
17:03:56.029 [main] DEBUG org.apache.http.headers -- << Content-Length: 19
17:03:56.029 [main] DEBUG org.apache.http.headers -- << Date: Fri, 03 Jan 2025 11:33:56 GMT
17:03:56.029 [main] DEBUG org.apache.http.headers -- << Keep-Alive: timeout=60
17:03:56.029 [main] DEBUG org.apache.http.headers -- << Connection: keep-alive
17:03:56.029 [main] DEBUG org.apache.http.impl.client.DefaultHttpClient -- Connection can be kept alive for 60000 MILLISECONDS
17:03:56.029 [main] DEBUG org.apache.http.impl.client.DefaultHttpClient -- Authentication succeeded
17:03:56.029 [main] DEBUG org.apache.http.impl.client.TargetAuthenticationStrategy -- Caching 'basic' auth scheme for http://13.60.22.209:7081
17:03:56.029 [main] DEBUG io.restassured.internal.RestAssuredHttpBuilder -- Parsing response as: text/plain;charset=UTF-8
17:03:56.029 [main] DEBUG io.restassured.internal.RestAssuredHttpBuilder -- Parsed data to instance of: class org.apache.http.conn.EofSensorInputStream
17:03:56.032 [main] DEBUG org.apache.http.wire --  << "Book Already Exists"
17:03:56.033 [main] DEBUG org.apache.http.impl.conn.BasicClientConnectionManager -- Releasing connection org.apache.http.impl.conn.ManagedClientConnectionImpl@6b4a4e40
17:03:56.033 [main] DEBUG org.apache.http.impl.conn.BasicClientConnectionManager -- Connection can be kept alive for 60000 MILLISECONDS
]]></system-out>
  </testcase>
  <testcase name="testCreateBookWithMissingAuthor" classname="TestCases.PostBookAPITests" time="0.657">
    <failure message="Expected status code is 400 expected [400] but found [208]" type="java.lang.AssertionError"><![CDATA[java.lang.AssertionError: Expected status code is 400 expected [400] but found [208]
	at org.testng.Assert.fail(Assert.java:110)
	at org.testng.Assert.failNotEquals(Assert.java:1413)
	at org.testng.Assert.assertEqualsImpl(Assert.java:149)
	at org.testng.Assert.assertEquals(Assert.java:131)
	at org.testng.Assert.assertEquals(Assert.java:1240)
	at TestCases.PostBookAPITests.testCreateBookWithMissingAuthor(PostBookAPITests.java:173)
	at java.base/jdk.internal.reflect.NativeMethodAccessorImpl.invoke0(Native Method)
	at java.base/jdk.internal.reflect.NativeMethodAccessorImpl.invoke(NativeMethodAccessorImpl.java:77)
	at java.base/jdk.internal.reflect.DelegatingMethodAccessorImpl.invoke(DelegatingMethodAccessorImpl.java:43)
	at java.base/java.lang.reflect.Method.invoke(Method.java:568)
	at org.testng.internal.invokers.MethodInvocationHelper.invokeMethod(MethodInvocationHelper.java:139)
	at org.testng.internal.invokers.TestInvoker.invokeMethod(TestInvoker.java:677)
	at org.testng.internal.invokers.TestInvoker.invokeTestMethod(TestInvoker.java:221)
	at org.testng.internal.invokers.MethodRunner.runInSequence(MethodRunner.java:50)
	at org.testng.internal.invokers.TestInvoker$MethodInvocationAgent.invoke(TestInvoker.java:969)
	at org.testng.internal.invokers.TestInvoker.invokeTestMethods(TestInvoker.java:194)
	at org.testng.internal.invokers.TestMethodWorker.invokeTestMethods(TestMethodWorker.java:148)
	at org.testng.internal.invokers.TestMethodWorker.run(TestMethodWorker.java:128)
	at java.base/java.util.ArrayList.forEach(ArrayList.java:1511)
	at org.testng.TestRunner.privateRun(TestRunner.java:829)
	at org.testng.TestRunner.run(TestRunner.java:602)
	at org.testng.SuiteRunner.runTest(SuiteRunner.java:437)
	at org.testng.SuiteRunner.runSequentially(SuiteRunner.java:431)
	at org.testng.SuiteRunner.privateRun(SuiteRunner.java:391)
	at org.testng.SuiteRunner.run(SuiteRunner.java:330)
	at org.testng.SuiteRunnerWorker.runSuite(SuiteRunnerWorker.java:52)
	at org.testng.SuiteRunnerWorker.run(SuiteRunnerWorker.java:95)
	at org.testng.TestNG.runSuitesSequentially(TestNG.java:1256)
	at org.testng.TestNG.runSuitesLocally(TestNG.java:1176)
	at org.testng.TestNG.runSuites(TestNG.java:1099)
	at org.testng.TestNG.run(TestNG.java:1067)
	at org.apache.maven.surefire.testng.TestNGExecutor.run(TestNGExecutor.java:324)
	at org.apache.maven.surefire.testng.TestNGXmlTestSuite.execute(TestNGXmlTestSuite.java:74)
	at org.apache.maven.surefire.testng.TestNGProvider.invoke(TestNGProvider.java:123)
	at org.apache.maven.surefire.booter.ForkedBooter.runSuitesInProcess(ForkedBooter.java:456)
	at org.apache.maven.surefire.booter.ForkedBooter.execute(ForkedBooter.java:169)
	at org.apache.maven.surefire.booter.ForkedBooter.run(ForkedBooter.java:595)
	at org.apache.maven.surefire.booter.ForkedBooter.main(ForkedBooter.java:581)
]]></failure>
    <system-out><![CDATA[17:03:56.059 [main] DEBUG org.apache.http.impl.conn.BasicClientConnectionManager -- Get connection for route {}->http://13.60.22.209:7081
17:03:56.059 [main] DEBUG org.apache.http.impl.conn.DefaultClientConnectionOperator -- Connecting to 13.60.22.209:7081
17:03:56.219 [main] DEBUG org.apache.http.client.protocol.RequestAddCookies -- CookieSpec selected: ignoreCookies
17:03:56.219 [main] DEBUG org.apache.http.client.protocol.RequestAuthCache -- Auth cache not set in the context
17:03:56.219 [main] DEBUG org.apache.http.client.protocol.RequestTargetAuthentication -- Target auth state: UNCHALLENGED
17:03:56.219 [main] DEBUG org.apache.http.client.protocol.RequestProxyAuthentication -- Proxy auth state: UNCHALLENGED
17:03:56.219 [main] DEBUG org.apache.http.impl.client.DefaultHttpClient -- Attempt 1 to execute request
17:03:56.219 [main] DEBUG org.apache.http.impl.conn.DefaultClientConnection -- Sending request: POST /api/books HTTP/1.1
17:03:56.219 [main] DEBUG org.apache.http.wire --  >> "POST /api/books HTTP/1.1[\r][\n]"
17:03:56.219 [main] DEBUG org.apache.http.wire --  >> "Accept: */*[\r][\n]"
17:03:56.219 [main] DEBUG org.apache.http.wire --  >> "Content-Type: application/json[\r][\n]"
17:03:56.219 [main] DEBUG org.apache.http.wire --  >> "Content-Length: 43[\r][\n]"
17:03:56.219 [main] DEBUG org.apache.http.wire --  >> "Host: 13.60.22.209:7081[\r][\n]"
17:03:56.219 [main] DEBUG org.apache.http.wire --  >> "Connection: Keep-Alive[\r][\n]"
17:03:56.219 [main] DEBUG org.apache.http.wire --  >> "User-Agent: Apache-HttpClient/4.5.13 (Java/17.0.9)[\r][\n]"
17:03:56.219 [main] DEBUG org.apache.http.wire --  >> "Accept-Encoding: gzip,deflate[\r][\n]"
17:03:56.219 [main] DEBUG org.apache.http.wire --  >> "[\r][\n]"
17:03:56.219 [main] DEBUG org.apache.http.headers -- >> POST /api/books HTTP/1.1
17:03:56.219 [main] DEBUG org.apache.http.headers -- >> Accept: */*
17:03:56.219 [main] DEBUG org.apache.http.headers -- >> Content-Type: application/json
17:03:56.219 [main] DEBUG org.apache.http.headers -- >> Content-Length: 43
17:03:56.219 [main] DEBUG org.apache.http.headers -- >> Host: 13.60.22.209:7081
17:03:56.219 [main] DEBUG org.apache.http.headers -- >> Connection: Keep-Alive
17:03:56.219 [main] DEBUG org.apache.http.headers -- >> User-Agent: Apache-HttpClient/4.5.13 (Java/17.0.9)
17:03:56.219 [main] DEBUG org.apache.http.headers -- >> Accept-Encoding: gzip,deflate
17:03:56.219 [main] DEBUG org.apache.http.wire --  >> "{"author":null,"id":1,"title":"Test Book2"}"
17:03:56.387 [main] DEBUG org.apache.http.wire --  << "HTTP/1.1 401 [\r][\n]"
17:03:56.388 [main] DEBUG org.apache.http.wire --  << "Set-Cookie: JSESSIONID=457CA2D892448B31CF02A3F03C3862B1; Path=/; HttpOnly[\r][\n]"
17:03:56.388 [main] DEBUG org.apache.http.wire --  << "WWW-Authenticate: Basic realm="Realm"[\r][\n]"
17:03:56.388 [main] DEBUG org.apache.http.wire --  << "X-Content-Type-Options: nosniff[\r][\n]"
17:03:56.388 [main] DEBUG org.apache.http.wire --  << "X-XSS-Protection: 1; mode=block[\r][\n]"
17:03:56.388 [main] DEBUG org.apache.http.wire --  << "Cache-Control: no-cache, no-store, max-age=0, must-revalidate[\r][\n]"
17:03:56.388 [main] DEBUG org.apache.http.wire --  << "Pragma: no-cache[\r][\n]"
17:03:56.388 [main] DEBUG org.apache.http.wire --  << "Expires: 0[\r][\n]"
17:03:56.388 [main] DEBUG org.apache.http.wire --  << "X-Frame-Options: DENY[\r][\n]"
17:03:56.388 [main] DEBUG org.apache.http.wire --  << "Content-Length: 0[\r][\n]"
17:03:56.388 [main] DEBUG org.apache.http.wire --  << "Date: Fri, 03 Jan 2025 11:33:57 GMT[\r][\n]"
17:03:56.388 [main] DEBUG org.apache.http.wire --  << "Keep-Alive: timeout=60[\r][\n]"
17:03:56.388 [main] DEBUG org.apache.http.wire --  << "Connection: keep-alive[\r][\n]"
17:03:56.388 [main] DEBUG org.apache.http.wire --  << "[\r][\n]"
17:03:56.388 [main] DEBUG org.apache.http.impl.conn.DefaultClientConnection -- Receiving response: HTTP/1.1 401 
17:03:56.388 [main] DEBUG org.apache.http.headers -- << HTTP/1.1 401 
17:03:56.388 [main] DEBUG org.apache.http.headers -- << Set-Cookie: JSESSIONID=457CA2D892448B31CF02A3F03C3862B1; Path=/; HttpOnly
17:03:56.388 [main] DEBUG org.apache.http.headers -- << WWW-Authenticate: Basic realm="Realm"
17:03:56.388 [main] DEBUG org.apache.http.headers -- << X-Content-Type-Options: nosniff
17:03:56.388 [main] DEBUG org.apache.http.headers -- << X-XSS-Protection: 1; mode=block
17:03:56.388 [main] DEBUG org.apache.http.headers -- << Cache-Control: no-cache, no-store, max-age=0, must-revalidate
17:03:56.388 [main] DEBUG org.apache.http.headers -- << Pragma: no-cache
17:03:56.388 [main] DEBUG org.apache.http.headers -- << Expires: 0
17:03:56.388 [main] DEBUG org.apache.http.headers -- << X-Frame-Options: DENY
17:03:56.388 [main] DEBUG org.apache.http.headers -- << Content-Length: 0
17:03:56.388 [main] DEBUG org.apache.http.headers -- << Date: Fri, 03 Jan 2025 11:33:57 GMT
17:03:56.388 [main] DEBUG org.apache.http.headers -- << Keep-Alive: timeout=60
17:03:56.388 [main] DEBUG org.apache.http.headers -- << Connection: keep-alive
17:03:56.390 [main] DEBUG org.apache.http.impl.client.DefaultHttpClient -- Connection can be kept alive for 60000 MILLISECONDS
17:03:56.390 [main] DEBUG org.apache.http.impl.client.DefaultHttpClient -- Authentication required
17:03:56.390 [main] DEBUG org.apache.http.impl.client.DefaultHttpClient -- 13.60.22.209:7081 requested authentication
17:03:56.390 [main] DEBUG org.apache.http.impl.client.TargetAuthenticationStrategy -- Authentication schemes in the order of preference: [Negotiate, Kerberos, NTLM, CredSSP, Digest, Basic]
17:03:56.390 [main] DEBUG org.apache.http.impl.client.TargetAuthenticationStrategy -- Challenge for Negotiate authentication scheme not available
17:03:56.390 [main] DEBUG org.apache.http.impl.client.TargetAuthenticationStrategy -- Challenge for Kerberos authentication scheme not available
17:03:56.390 [main] DEBUG org.apache.http.impl.client.TargetAuthenticationStrategy -- Challenge for NTLM authentication scheme not available
17:03:56.390 [main] DEBUG org.apache.http.impl.client.TargetAuthenticationStrategy -- Challenge for CredSSP authentication scheme not available
17:03:56.390 [main] DEBUG org.apache.http.impl.client.TargetAuthenticationStrategy -- Challenge for Digest authentication scheme not available
17:03:56.390 [main] DEBUG org.apache.http.impl.client.DefaultHttpClient -- Selected authentication options: [BASIC [complete=true]]
17:03:56.390 [main] DEBUG org.apache.http.client.protocol.RequestAddCookies -- CookieSpec selected: ignoreCookies
17:03:56.391 [main] DEBUG org.apache.http.client.protocol.RequestAuthCache -- Auth cache not set in the context
17:03:56.391 [main] DEBUG org.apache.http.client.protocol.RequestTargetAuthentication -- Target auth state: CHALLENGED
17:03:56.391 [main] DEBUG org.apache.http.client.protocol.RequestTargetAuthentication -- Generating response to an authentication challenge using basic scheme
17:03:56.391 [main] DEBUG org.apache.http.client.protocol.RequestProxyAuthentication -- Proxy auth state: UNCHALLENGED
17:03:56.391 [main] DEBUG org.apache.http.impl.client.DefaultHttpClient -- Attempt 2 to execute request
17:03:56.391 [main] DEBUG org.apache.http.impl.conn.DefaultClientConnection -- Sending request: POST /api/books HTTP/1.1
17:03:56.391 [main] DEBUG org.apache.http.wire --  >> "POST /api/books HTTP/1.1[\r][\n]"
17:03:56.391 [main] DEBUG org.apache.http.wire --  >> "Accept: */*[\r][\n]"
17:03:56.391 [main] DEBUG org.apache.http.wire --  >> "Content-Type: application/json[\r][\n]"
17:03:56.391 [main] DEBUG org.apache.http.wire --  >> "Content-Length: 43[\r][\n]"
17:03:56.391 [main] DEBUG org.apache.http.wire --  >> "Host: 13.60.22.209:7081[\r][\n]"
17:03:56.391 [main] DEBUG org.apache.http.wire --  >> "Connection: Keep-Alive[\r][\n]"
17:03:56.391 [main] DEBUG org.apache.http.wire --  >> "User-Agent: Apache-HttpClient/4.5.13 (Java/17.0.9)[\r][\n]"
17:03:56.391 [main] DEBUG org.apache.http.wire --  >> "Authorization: Basic dXNlcjpwYXNzd29yZA==[\r][\n]"
17:03:56.391 [main] DEBUG org.apache.http.wire --  >> "Accept-Encoding: gzip,deflate[\r][\n]"
17:03:56.391 [main] DEBUG org.apache.http.wire --  >> "[\r][\n]"
17:03:56.391 [main] DEBUG org.apache.http.headers -- >> POST /api/books HTTP/1.1
17:03:56.391 [main] DEBUG org.apache.http.headers -- >> Accept: */*
17:03:56.391 [main] DEBUG org.apache.http.headers -- >> Content-Type: application/json
17:03:56.391 [main] DEBUG org.apache.http.headers -- >> Content-Length: 43
17:03:56.391 [main] DEBUG org.apache.http.headers -- >> Host: 13.60.22.209:7081
17:03:56.391 [main] DEBUG org.apache.http.headers -- >> Connection: Keep-Alive
17:03:56.391 [main] DEBUG org.apache.http.headers -- >> User-Agent: Apache-HttpClient/4.5.13 (Java/17.0.9)
17:03:56.391 [main] DEBUG org.apache.http.headers -- >> Authorization: Basic dXNlcjpwYXNzd29yZA==
17:03:56.391 [main] DEBUG org.apache.http.headers -- >> Accept-Encoding: gzip,deflate
17:03:56.391 [main] DEBUG org.apache.http.wire --  >> "{"author":null,"id":1,"title":"Test Book2"}"
17:03:56.688 [main] DEBUG org.apache.http.wire --  << "HTTP/1.1 208 [\r][\n]"
17:03:56.688 [main] DEBUG org.apache.http.wire --  << "Set-Cookie: JSESSIONID=187DA0150AF1A41A09A1B02BF06899E4; Path=/; HttpOnly[\r][\n]"
17:03:56.688 [main] DEBUG org.apache.http.wire --  << "X-Content-Type-Options: nosniff[\r][\n]"
17:03:56.688 [main] DEBUG org.apache.http.wire --  << "X-XSS-Protection: 1; mode=block[\r][\n]"
17:03:56.688 [main] DEBUG org.apache.http.wire --  << "Cache-Control: no-cache, no-store, max-age=0, must-revalidate[\r][\n]"
17:03:56.688 [main] DEBUG org.apache.http.wire --  << "Pragma: no-cache[\r][\n]"
17:03:56.688 [main] DEBUG org.apache.http.wire --  << "Expires: 0[\r][\n]"
17:03:56.688 [main] DEBUG org.apache.http.wire --  << "X-Frame-Options: DENY[\r][\n]"
17:03:56.688 [main] DEBUG org.apache.http.wire --  << "Content-Type: text/plain;charset=UTF-8[\r][\n]"
17:03:56.688 [main] DEBUG org.apache.http.wire --  << "Content-Length: 19[\r][\n]"
17:03:56.688 [main] DEBUG org.apache.http.wire --  << "Date: Fri, 03 Jan 2025 11:33:57 GMT[\r][\n]"
17:03:56.688 [main] DEBUG org.apache.http.wire --  << "Keep-Alive: timeout=60[\r][\n]"
17:03:56.688 [main] DEBUG org.apache.http.wire --  << "Connection: keep-alive[\r][\n]"
17:03:56.688 [main] DEBUG org.apache.http.wire --  << "[\r][\n]"
17:03:56.689 [main] DEBUG org.apache.http.impl.conn.DefaultClientConnection -- Receiving response: HTTP/1.1 208 
17:03:56.689 [main] DEBUG org.apache.http.headers -- << HTTP/1.1 208 
17:03:56.689 [main] DEBUG org.apache.http.headers -- << Set-Cookie: JSESSIONID=187DA0150AF1A41A09A1B02BF06899E4; Path=/; HttpOnly
17:03:56.689 [main] DEBUG org.apache.http.headers -- << X-Content-Type-Options: nosniff
17:03:56.689 [main] DEBUG org.apache.http.headers -- << X-XSS-Protection: 1; mode=block
17:03:56.689 [main] DEBUG org.apache.http.headers -- << Cache-Control: no-cache, no-store, max-age=0, must-revalidate
17:03:56.689 [main] DEBUG org.apache.http.headers -- << Pragma: no-cache
17:03:56.689 [main] DEBUG org.apache.http.headers -- << Expires: 0
17:03:56.689 [main] DEBUG org.apache.http.headers -- << X-Frame-Options: DENY
17:03:56.689 [main] DEBUG org.apache.http.headers -- << Content-Type: text/plain;charset=UTF-8
17:03:56.689 [main] DEBUG org.apache.http.headers -- << Content-Length: 19
17:03:56.689 [main] DEBUG org.apache.http.headers -- << Date: Fri, 03 Jan 2025 11:33:57 GMT
17:03:56.689 [main] DEBUG org.apache.http.headers -- << Keep-Alive: timeout=60
17:03:56.689 [main] DEBUG org.apache.http.headers -- << Connection: keep-alive
17:03:56.689 [main] DEBUG org.apache.http.impl.client.DefaultHttpClient -- Connection can be kept alive for 60000 MILLISECONDS
17:03:56.689 [main] DEBUG org.apache.http.impl.client.DefaultHttpClient -- Authentication succeeded
17:03:56.689 [main] DEBUG org.apache.http.impl.client.TargetAuthenticationStrategy -- Caching 'basic' auth scheme for http://13.60.22.209:7081
17:03:56.690 [main] DEBUG io.restassured.internal.RestAssuredHttpBuilder -- Parsing response as: text/plain;charset=UTF-8
17:03:56.690 [main] DEBUG io.restassured.internal.RestAssuredHttpBuilder -- Parsed data to instance of: class org.apache.http.conn.EofSensorInputStream
]]></system-out>
  </testcase>
  <testcase name="testCreateBookWithMissingTitleAsAdmin" classname="TestCases.PostBookAPITests" time="0.674">
    <failure message="Expected status code is 400 expected [400] but found [208]" type="java.lang.AssertionError"><![CDATA[java.lang.AssertionError: Expected status code is 400 expected [400] but found [208]
	at org.testng.Assert.fail(Assert.java:110)
	at org.testng.Assert.failNotEquals(Assert.java:1413)
	at org.testng.Assert.assertEqualsImpl(Assert.java:149)
	at org.testng.Assert.assertEquals(Assert.java:131)
	at org.testng.Assert.assertEquals(Assert.java:1240)
	at TestCases.PostBookAPITests.testCreateBookWithMissingTitleAsAdmin(PostBookAPITests.java:84)
	at java.base/jdk.internal.reflect.NativeMethodAccessorImpl.invoke0(Native Method)
	at java.base/jdk.internal.reflect.NativeMethodAccessorImpl.invoke(NativeMethodAccessorImpl.java:77)
	at java.base/jdk.internal.reflect.DelegatingMethodAccessorImpl.invoke(DelegatingMethodAccessorImpl.java:43)
	at java.base/java.lang.reflect.Method.invoke(Method.java:568)
	at org.testng.internal.invokers.MethodInvocationHelper.invokeMethod(MethodInvocationHelper.java:139)
	at org.testng.internal.invokers.TestInvoker.invokeMethod(TestInvoker.java:677)
	at org.testng.internal.invokers.TestInvoker.invokeTestMethod(TestInvoker.java:221)
	at org.testng.internal.invokers.MethodRunner.runInSequence(MethodRunner.java:50)
	at org.testng.internal.invokers.TestInvoker$MethodInvocationAgent.invoke(TestInvoker.java:969)
	at org.testng.internal.invokers.TestInvoker.invokeTestMethods(TestInvoker.java:194)
	at org.testng.internal.invokers.TestMethodWorker.invokeTestMethods(TestMethodWorker.java:148)
	at org.testng.internal.invokers.TestMethodWorker.run(TestMethodWorker.java:128)
	at java.base/java.util.ArrayList.forEach(ArrayList.java:1511)
	at org.testng.TestRunner.privateRun(TestRunner.java:829)
	at org.testng.TestRunner.run(TestRunner.java:602)
	at org.testng.SuiteRunner.runTest(SuiteRunner.java:437)
	at org.testng.SuiteRunner.runSequentially(SuiteRunner.java:431)
	at org.testng.SuiteRunner.privateRun(SuiteRunner.java:391)
	at org.testng.SuiteRunner.run(SuiteRunner.java:330)
	at org.testng.SuiteRunnerWorker.runSuite(SuiteRunnerWorker.java:52)
	at org.testng.SuiteRunnerWorker.run(SuiteRunnerWorker.java:95)
	at org.testng.TestNG.runSuitesSequentially(TestNG.java:1256)
	at org.testng.TestNG.runSuitesLocally(TestNG.java:1176)
	at org.testng.TestNG.runSuites(TestNG.java:1099)
	at org.testng.TestNG.run(TestNG.java:1067)
	at org.apache.maven.surefire.testng.TestNGExecutor.run(TestNGExecutor.java:324)
	at org.apache.maven.surefire.testng.TestNGXmlTestSuite.execute(TestNGXmlTestSuite.java:74)
	at org.apache.maven.surefire.testng.TestNGProvider.invoke(TestNGProvider.java:123)
	at org.apache.maven.surefire.booter.ForkedBooter.runSuitesInProcess(ForkedBooter.java:456)
	at org.apache.maven.surefire.booter.ForkedBooter.execute(ForkedBooter.java:169)
	at org.apache.maven.surefire.booter.ForkedBooter.run(ForkedBooter.java:595)
	at org.apache.maven.surefire.booter.ForkedBooter.main(ForkedBooter.java:581)
]]></failure>
    <system-out><![CDATA[17:03:56.713 [main] DEBUG org.apache.http.impl.conn.BasicClientConnectionManager -- Get connection for route {}->http://13.60.22.209:7081
17:03:56.713 [main] DEBUG org.apache.http.impl.conn.DefaultClientConnectionOperator -- Connecting to 13.60.22.209:7081
17:03:56.874 [main] DEBUG org.apache.http.client.protocol.RequestAddCookies -- CookieSpec selected: ignoreCookies
17:03:56.874 [main] DEBUG org.apache.http.client.protocol.RequestAuthCache -- Auth cache not set in the context
17:03:56.874 [main] DEBUG org.apache.http.client.protocol.RequestTargetAuthentication -- Target auth state: UNCHALLENGED
17:03:56.874 [main] DEBUG org.apache.http.client.protocol.RequestProxyAuthentication -- Proxy auth state: UNCHALLENGED
17:03:56.875 [main] DEBUG org.apache.http.impl.client.DefaultHttpClient -- Attempt 1 to execute request
17:03:56.875 [main] DEBUG org.apache.http.impl.conn.DefaultClientConnection -- Sending request: POST /api/books HTTP/1.1
17:03:56.875 [main] DEBUG org.apache.http.wire --  >> "POST /api/books HTTP/1.1[\r][\n]"
17:03:56.875 [main] DEBUG org.apache.http.wire --  >> "Accept: */*[\r][\n]"
17:03:56.875 [main] DEBUG org.apache.http.wire --  >> "Content-Type: application/json[\r][\n]"
17:03:56.875 [main] DEBUG org.apache.http.wire --  >> "Content-Length: 45[\r][\n]"
17:03:56.875 [main] DEBUG org.apache.http.wire --  >> "Host: 13.60.22.209:7081[\r][\n]"
17:03:56.875 [main] DEBUG org.apache.http.wire --  >> "Connection: Keep-Alive[\r][\n]"
17:03:56.875 [main] DEBUG org.apache.http.wire --  >> "User-Agent: Apache-HttpClient/4.5.13 (Java/17.0.9)[\r][\n]"
17:03:56.875 [main] DEBUG org.apache.http.wire --  >> "Accept-Encoding: gzip,deflate[\r][\n]"
17:03:56.875 [main] DEBUG org.apache.http.wire --  >> "[\r][\n]"
17:03:56.875 [main] DEBUG org.apache.http.headers -- >> POST /api/books HTTP/1.1
17:03:56.875 [main] DEBUG org.apache.http.headers -- >> Accept: */*
17:03:56.875 [main] DEBUG org.apache.http.headers -- >> Content-Type: application/json
17:03:56.875 [main] DEBUG org.apache.http.headers -- >> Content-Length: 45
17:03:56.875 [main] DEBUG org.apache.http.headers -- >> Host: 13.60.22.209:7081
17:03:56.875 [main] DEBUG org.apache.http.headers -- >> Connection: Keep-Alive
17:03:56.875 [main] DEBUG org.apache.http.headers -- >> User-Agent: Apache-HttpClient/4.5.13 (Java/17.0.9)
17:03:56.875 [main] DEBUG org.apache.http.headers -- >> Accept-Encoding: gzip,deflate
17:03:56.875 [main] DEBUG org.apache.http.wire --  >> "{ "id": 123, "author": "Attffutfythor Naes" }"
17:03:57.034 [main] DEBUG org.apache.http.wire --  << "HTTP/1.1 401 [\r][\n]"
17:03:57.034 [main] DEBUG org.apache.http.wire --  << "Set-Cookie: JSESSIONID=57ECA7BAC9254F0E1ABDF528B51B5CB2; Path=/; HttpOnly[\r][\n]"
17:03:57.034 [main] DEBUG org.apache.http.wire --  << "WWW-Authenticate: Basic realm="Realm"[\r][\n]"
17:03:57.034 [main] DEBUG org.apache.http.wire --  << "X-Content-Type-Options: nosniff[\r][\n]"
17:03:57.034 [main] DEBUG org.apache.http.wire --  << "X-XSS-Protection: 1; mode=block[\r][\n]"
17:03:57.034 [main] DEBUG org.apache.http.wire --  << "Cache-Control: no-cache, no-store, max-age=0, must-revalidate[\r][\n]"
17:03:57.034 [main] DEBUG org.apache.http.wire --  << "Pragma: no-cache[\r][\n]"
17:03:57.034 [main] DEBUG org.apache.http.wire --  << "Expires: 0[\r][\n]"
17:03:57.034 [main] DEBUG org.apache.http.wire --  << "X-Frame-Options: DENY[\r][\n]"
17:03:57.034 [main] DEBUG org.apache.http.wire --  << "Content-Length: 0[\r][\n]"
17:03:57.034 [main] DEBUG org.apache.http.wire --  << "Date: Fri, 03 Jan 2025 11:33:57 GMT[\r][\n]"
17:03:57.034 [main] DEBUG org.apache.http.wire --  << "Keep-Alive: timeout=60[\r][\n]"
17:03:57.034 [main] DEBUG org.apache.http.wire --  << "Connection: keep-alive[\r][\n]"
17:03:57.034 [main] DEBUG org.apache.http.wire --  << "[\r][\n]"
17:03:57.034 [main] DEBUG org.apache.http.impl.conn.DefaultClientConnection -- Receiving response: HTTP/1.1 401 
17:03:57.034 [main] DEBUG org.apache.http.headers -- << HTTP/1.1 401 
17:03:57.034 [main] DEBUG org.apache.http.headers -- << Set-Cookie: JSESSIONID=57ECA7BAC9254F0E1ABDF528B51B5CB2; Path=/; HttpOnly
17:03:57.034 [main] DEBUG org.apache.http.headers -- << WWW-Authenticate: Basic realm="Realm"
17:03:57.034 [main] DEBUG org.apache.http.headers -- << X-Content-Type-Options: nosniff
17:03:57.034 [main] DEBUG org.apache.http.headers -- << X-XSS-Protection: 1; mode=block
17:03:57.034 [main] DEBUG org.apache.http.headers -- << Cache-Control: no-cache, no-store, max-age=0, must-revalidate
17:03:57.034 [main] DEBUG org.apache.http.headers -- << Pragma: no-cache
17:03:57.034 [main] DEBUG org.apache.http.headers -- << Expires: 0
17:03:57.034 [main] DEBUG org.apache.http.headers -- << X-Frame-Options: DENY
17:03:57.034 [main] DEBUG org.apache.http.headers -- << Content-Length: 0
17:03:57.034 [main] DEBUG org.apache.http.headers -- << Date: Fri, 03 Jan 2025 11:33:57 GMT
17:03:57.034 [main] DEBUG org.apache.http.headers -- << Keep-Alive: timeout=60
17:03:57.034 [main] DEBUG org.apache.http.headers -- << Connection: keep-alive
17:03:57.034 [main] DEBUG org.apache.http.impl.client.DefaultHttpClient -- Connection can be kept alive for 60000 MILLISECONDS
17:03:57.034 [main] DEBUG org.apache.http.impl.client.DefaultHttpClient -- Authentication required
17:03:57.034 [main] DEBUG org.apache.http.impl.client.DefaultHttpClient -- 13.60.22.209:7081 requested authentication
17:03:57.034 [main] DEBUG org.apache.http.impl.client.TargetAuthenticationStrategy -- Authentication schemes in the order of preference: [Negotiate, Kerberos, NTLM, CredSSP, Digest, Basic]
17:03:57.034 [main] DEBUG org.apache.http.impl.client.TargetAuthenticationStrategy -- Challenge for Negotiate authentication scheme not available
17:03:57.034 [main] DEBUG org.apache.http.impl.client.TargetAuthenticationStrategy -- Challenge for Kerberos authentication scheme not available
17:03:57.034 [main] DEBUG org.apache.http.impl.client.TargetAuthenticationStrategy -- Challenge for NTLM authentication scheme not available
17:03:57.034 [main] DEBUG org.apache.http.impl.client.TargetAuthenticationStrategy -- Challenge for CredSSP authentication scheme not available
17:03:57.034 [main] DEBUG org.apache.http.impl.client.TargetAuthenticationStrategy -- Challenge for Digest authentication scheme not available
17:03:57.034 [main] DEBUG org.apache.http.impl.client.DefaultHttpClient -- Selected authentication options: [BASIC [complete=true]]
17:03:57.034 [main] DEBUG org.apache.http.client.protocol.RequestAddCookies -- CookieSpec selected: ignoreCookies
17:03:57.035 [main] DEBUG org.apache.http.client.protocol.RequestAuthCache -- Auth cache not set in the context
17:03:57.035 [main] DEBUG org.apache.http.client.protocol.RequestTargetAuthentication -- Target auth state: CHALLENGED
17:03:57.035 [main] DEBUG org.apache.http.client.protocol.RequestTargetAuthentication -- Generating response to an authentication challenge using basic scheme
17:03:57.035 [main] DEBUG org.apache.http.client.protocol.RequestProxyAuthentication -- Proxy auth state: UNCHALLENGED
17:03:57.035 [main] DEBUG org.apache.http.impl.client.DefaultHttpClient -- Attempt 2 to execute request
17:03:57.035 [main] DEBUG org.apache.http.impl.conn.DefaultClientConnection -- Sending request: POST /api/books HTTP/1.1
17:03:57.035 [main] DEBUG org.apache.http.wire --  >> "POST /api/books HTTP/1.1[\r][\n]"
17:03:57.035 [main] DEBUG org.apache.http.wire --  >> "Accept: */*[\r][\n]"
17:03:57.035 [main] DEBUG org.apache.http.wire --  >> "Content-Type: application/json[\r][\n]"
17:03:57.035 [main] DEBUG org.apache.http.wire --  >> "Content-Length: 45[\r][\n]"
17:03:57.035 [main] DEBUG org.apache.http.wire --  >> "Host: 13.60.22.209:7081[\r][\n]"
17:03:57.035 [main] DEBUG org.apache.http.wire --  >> "Connection: Keep-Alive[\r][\n]"
17:03:57.035 [main] DEBUG org.apache.http.wire --  >> "User-Agent: Apache-HttpClient/4.5.13 (Java/17.0.9)[\r][\n]"
17:03:57.035 [main] DEBUG org.apache.http.wire --  >> "Authorization: Basic YWRtaW46cGFzc3dvcmQ=[\r][\n]"
17:03:57.035 [main] DEBUG org.apache.http.wire --  >> "Accept-Encoding: gzip,deflate[\r][\n]"
17:03:57.035 [main] DEBUG org.apache.http.wire --  >> "[\r][\n]"
17:03:57.035 [main] DEBUG org.apache.http.headers -- >> POST /api/books HTTP/1.1
17:03:57.035 [main] DEBUG org.apache.http.headers -- >> Accept: */*
17:03:57.035 [main] DEBUG org.apache.http.headers -- >> Content-Type: application/json
17:03:57.035 [main] DEBUG org.apache.http.headers -- >> Content-Length: 45
17:03:57.035 [main] DEBUG org.apache.http.headers -- >> Host: 13.60.22.209:7081
17:03:57.035 [main] DEBUG org.apache.http.headers -- >> Connection: Keep-Alive
17:03:57.035 [main] DEBUG org.apache.http.headers -- >> User-Agent: Apache-HttpClient/4.5.13 (Java/17.0.9)
17:03:57.035 [main] DEBUG org.apache.http.headers -- >> Authorization: Basic YWRtaW46cGFzc3dvcmQ=
17:03:57.035 [main] DEBUG org.apache.http.headers -- >> Accept-Encoding: gzip,deflate
17:03:57.035 [main] DEBUG org.apache.http.wire --  >> "{ "id": 123, "author": "Attffutfythor Naes" }"
17:03:57.362 [main] DEBUG org.apache.http.wire --  << "HTTP/1.1 208 [\r][\n]"
17:03:57.362 [main] DEBUG org.apache.http.wire --  << "Set-Cookie: JSESSIONID=71EA811CC6A7616E8F2672C851D08208; Path=/; HttpOnly[\r][\n]"
17:03:57.362 [main] DEBUG org.apache.http.wire --  << "X-Content-Type-Options: nosniff[\r][\n]"
17:03:57.362 [main] DEBUG org.apache.http.wire --  << "X-XSS-Protection: 1; mode=block[\r][\n]"
17:03:57.362 [main] DEBUG org.apache.http.wire --  << "Cache-Control: no-cache, no-store, max-age=0, must-revalidate[\r][\n]"
17:03:57.362 [main] DEBUG org.apache.http.wire --  << "Pragma: no-cache[\r][\n]"
17:03:57.362 [main] DEBUG org.apache.http.wire --  << "Expires: 0[\r][\n]"
17:03:57.362 [main] DEBUG org.apache.http.wire --  << "X-Frame-Options: DENY[\r][\n]"
17:03:57.362 [main] DEBUG org.apache.http.wire --  << "Content-Type: text/plain;charset=UTF-8[\r][\n]"
17:03:57.362 [main] DEBUG org.apache.http.wire --  << "Content-Length: 19[\r][\n]"
17:03:57.362 [main] DEBUG org.apache.http.wire --  << "Date: Fri, 03 Jan 2025 11:33:57 GMT[\r][\n]"
17:03:57.362 [main] DEBUG org.apache.http.wire --  << "Keep-Alive: timeout=60[\r][\n]"
17:03:57.362 [main] DEBUG org.apache.http.wire --  << "Connection: keep-alive[\r][\n]"
17:03:57.362 [main] DEBUG org.apache.http.wire --  << "[\r][\n]"
17:03:57.362 [main] DEBUG org.apache.http.impl.conn.DefaultClientConnection -- Receiving response: HTTP/1.1 208 
17:03:57.362 [main] DEBUG org.apache.http.headers -- << HTTP/1.1 208 
17:03:57.362 [main] DEBUG org.apache.http.headers -- << Set-Cookie: JSESSIONID=71EA811CC6A7616E8F2672C851D08208; Path=/; HttpOnly
17:03:57.362 [main] DEBUG org.apache.http.headers -- << X-Content-Type-Options: nosniff
17:03:57.362 [main] DEBUG org.apache.http.headers -- << X-XSS-Protection: 1; mode=block
17:03:57.362 [main] DEBUG org.apache.http.headers -- << Cache-Control: no-cache, no-store, max-age=0, must-revalidate
17:03:57.362 [main] DEBUG org.apache.http.headers -- << Pragma: no-cache
17:03:57.362 [main] DEBUG org.apache.http.headers -- << Expires: 0
17:03:57.362 [main] DEBUG org.apache.http.headers -- << X-Frame-Options: DENY
17:03:57.362 [main] DEBUG org.apache.http.headers -- << Content-Type: text/plain;charset=UTF-8
17:03:57.362 [main] DEBUG org.apache.http.headers -- << Content-Length: 19
17:03:57.362 [main] DEBUG org.apache.http.headers -- << Date: Fri, 03 Jan 2025 11:33:57 GMT
17:03:57.362 [main] DEBUG org.apache.http.headers -- << Keep-Alive: timeout=60
17:03:57.362 [main] DEBUG org.apache.http.headers -- << Connection: keep-alive
17:03:57.362 [main] DEBUG org.apache.http.impl.client.DefaultHttpClient -- Connection can be kept alive for 60000 MILLISECONDS
17:03:57.362 [main] DEBUG org.apache.http.impl.client.DefaultHttpClient -- Authentication succeeded
17:03:57.363 [main] DEBUG org.apache.http.impl.client.TargetAuthenticationStrategy -- Caching 'basic' auth scheme for http://13.60.22.209:7081
17:03:57.363 [main] DEBUG io.restassured.internal.RestAssuredHttpBuilder -- Parsing response as: text/plain;charset=UTF-8
17:03:57.363 [main] DEBUG io.restassured.internal.RestAssuredHttpBuilder -- Parsed data to instance of: class org.apache.http.conn.EofSensorInputStream
]]></system-out>
  </testcase>
  <testcase name="testCreateBookWithNumericAuthorAsAdmin" classname="TestCases.PostBookAPITests" time="0.684">
    <failure message="Expected status code is 400 expected [400] but found [208]" type="java.lang.AssertionError"><![CDATA[java.lang.AssertionError: Expected status code is 400 expected [400] but found [208]
	at org.testng.Assert.fail(Assert.java:110)
	at org.testng.Assert.failNotEquals(Assert.java:1413)
	at org.testng.Assert.assertEqualsImpl(Assert.java:149)
	at org.testng.Assert.assertEquals(Assert.java:131)
	at org.testng.Assert.assertEquals(Assert.java:1240)
	at TestCases.PostBookAPITests.testCreateBookWithNumericAuthorAsAdmin(PostBookAPITests.java:128)
	at java.base/jdk.internal.reflect.NativeMethodAccessorImpl.invoke0(Native Method)
	at java.base/jdk.internal.reflect.NativeMethodAccessorImpl.invoke(NativeMethodAccessorImpl.java:77)
	at java.base/jdk.internal.reflect.DelegatingMethodAccessorImpl.invoke(DelegatingMethodAccessorImpl.java:43)
	at java.base/java.lang.reflect.Method.invoke(Method.java:568)
	at org.testng.internal.invokers.MethodInvocationHelper.invokeMethod(MethodInvocationHelper.java:139)
	at org.testng.internal.invokers.TestInvoker.invokeMethod(TestInvoker.java:677)
	at org.testng.internal.invokers.TestInvoker.invokeTestMethod(TestInvoker.java:221)
	at org.testng.internal.invokers.MethodRunner.runInSequence(MethodRunner.java:50)
	at org.testng.internal.invokers.TestInvoker$MethodInvocationAgent.invoke(TestInvoker.java:969)
	at org.testng.internal.invokers.TestInvoker.invokeTestMethods(TestInvoker.java:194)
	at org.testng.internal.invokers.TestMethodWorker.invokeTestMethods(TestMethodWorker.java:148)
	at org.testng.internal.invokers.TestMethodWorker.run(TestMethodWorker.java:128)
	at java.base/java.util.ArrayList.forEach(ArrayList.java:1511)
	at org.testng.TestRunner.privateRun(TestRunner.java:829)
	at org.testng.TestRunner.run(TestRunner.java:602)
	at org.testng.SuiteRunner.runTest(SuiteRunner.java:437)
	at org.testng.SuiteRunner.runSequentially(SuiteRunner.java:431)
	at org.testng.SuiteRunner.privateRun(SuiteRunner.java:391)
	at org.testng.SuiteRunner.run(SuiteRunner.java:330)
	at org.testng.SuiteRunnerWorker.runSuite(SuiteRunnerWorker.java:52)
	at org.testng.SuiteRunnerWorker.run(SuiteRunnerWorker.java:95)
	at org.testng.TestNG.runSuitesSequentially(TestNG.java:1256)
	at org.testng.TestNG.runSuitesLocally(TestNG.java:1176)
	at org.testng.TestNG.runSuites(TestNG.java:1099)
	at org.testng.TestNG.run(TestNG.java:1067)
	at org.apache.maven.surefire.testng.TestNGExecutor.run(TestNGExecutor.java:324)
	at org.apache.maven.surefire.testng.TestNGXmlTestSuite.execute(TestNGXmlTestSuite.java:74)
	at org.apache.maven.surefire.testng.TestNGProvider.invoke(TestNGProvider.java:123)
	at org.apache.maven.surefire.booter.ForkedBooter.runSuitesInProcess(ForkedBooter.java:456)
	at org.apache.maven.surefire.booter.ForkedBooter.execute(ForkedBooter.java:169)
	at org.apache.maven.surefire.booter.ForkedBooter.run(ForkedBooter.java:595)
	at org.apache.maven.surefire.booter.ForkedBooter.main(ForkedBooter.java:581)
]]></failure>
    <system-out><![CDATA[17:03:57.382 [main] DEBUG org.apache.http.impl.conn.BasicClientConnectionManager -- Get connection for route {}->http://13.60.22.209:7081
17:03:57.383 [main] DEBUG org.apache.http.impl.conn.DefaultClientConnectionOperator -- Connecting to 13.60.22.209:7081
17:03:57.565 [main] DEBUG org.apache.http.client.protocol.RequestAddCookies -- CookieSpec selected: ignoreCookies
17:03:57.565 [main] DEBUG org.apache.http.client.protocol.RequestAuthCache -- Auth cache not set in the context
17:03:57.565 [main] DEBUG org.apache.http.client.protocol.RequestTargetAuthentication -- Target auth state: UNCHALLENGED
17:03:57.565 [main] DEBUG org.apache.http.client.protocol.RequestProxyAuthentication -- Proxy auth state: UNCHALLENGED
17:03:57.566 [main] DEBUG org.apache.http.impl.client.DefaultHttpClient -- Attempt 1 to execute request
17:03:57.566 [main] DEBUG org.apache.http.impl.conn.DefaultClientConnection -- Sending request: POST /api/books HTTP/1.1
17:03:57.566 [main] DEBUG org.apache.http.wire --  >> "POST /api/books HTTP/1.1[\r][\n]"
17:03:57.566 [main] DEBUG org.apache.http.wire --  >> "Accept: */*[\r][\n]"
17:03:57.566 [main] DEBUG org.apache.http.wire --  >> "Content-Type: application/json[\r][\n]"
17:03:57.566 [main] DEBUG org.apache.http.wire --  >> "Content-Length: 53[\r][\n]"
17:03:57.566 [main] DEBUG org.apache.http.wire --  >> "Host: 13.60.22.209:7081[\r][\n]"
17:03:57.566 [main] DEBUG org.apache.http.wire --  >> "Connection: Keep-Alive[\r][\n]"
17:03:57.566 [main] DEBUG org.apache.http.wire --  >> "User-Agent: Apache-HttpClient/4.5.13 (Java/17.0.9)[\r][\n]"
17:03:57.566 [main] DEBUG org.apache.http.wire --  >> "Accept-Encoding: gzip,deflate[\r][\n]"
17:03:57.566 [main] DEBUG org.apache.http.wire --  >> "[\r][\n]"
17:03:57.566 [main] DEBUG org.apache.http.headers -- >> POST /api/books HTTP/1.1
17:03:57.566 [main] DEBUG org.apache.http.headers -- >> Accept: */*
17:03:57.566 [main] DEBUG org.apache.http.headers -- >> Content-Type: application/json
17:03:57.566 [main] DEBUG org.apache.http.headers -- >> Content-Length: 53
17:03:57.566 [main] DEBUG org.apache.http.headers -- >> Host: 13.60.22.209:7081
17:03:57.566 [main] DEBUG org.apache.http.headers -- >> Connection: Keep-Alive
17:03:57.566 [main] DEBUG org.apache.http.headers -- >> User-Agent: Apache-HttpClient/4.5.13 (Java/17.0.9)
17:03:57.566 [main] DEBUG org.apache.http.headers -- >> Accept-Encoding: gzip,deflate
17:03:57.566 [main] DEBUG org.apache.http.wire --  >> "{ "title": "Numeric Author Books" , "author": 123456}"
17:03:57.753 [main] DEBUG org.apache.http.wire --  << "HTTP/1.1 401 [\r][\n]"
17:03:57.753 [main] DEBUG org.apache.http.wire --  << "Set-Cookie: JSESSIONID=78D52243770AFEBA20BA3F86DCE40896; Path=/; HttpOnly[\r][\n]"
17:03:57.753 [main] DEBUG org.apache.http.wire --  << "WWW-Authenticate: Basic realm="Realm"[\r][\n]"
17:03:57.753 [main] DEBUG org.apache.http.wire --  << "X-Content-Type-Options: nosniff[\r][\n]"
17:03:57.755 [main] DEBUG org.apache.http.wire --  << "X-XSS-Protection: 1; mode=block[\r][\n]"
17:03:57.755 [main] DEBUG org.apache.http.wire --  << "Cache-Control: no-cache, no-store, max-age=0, must-revalidate[\r][\n]"
17:03:57.755 [main] DEBUG org.apache.http.wire --  << "Pragma: no-cache[\r][\n]"
17:03:57.755 [main] DEBUG org.apache.http.wire --  << "Expires: 0[\r][\n]"
17:03:57.755 [main] DEBUG org.apache.http.wire --  << "X-Frame-Options: DENY[\r][\n]"
17:03:57.755 [main] DEBUG org.apache.http.wire --  << "Content-Length: 0[\r][\n]"
17:03:57.755 [main] DEBUG org.apache.http.wire --  << "Date: Fri, 03 Jan 2025 11:33:58 GMT[\r][\n]"
17:03:57.755 [main] DEBUG org.apache.http.wire --  << "Keep-Alive: timeout=60[\r][\n]"
17:03:57.755 [main] DEBUG org.apache.http.wire --  << "Connection: keep-alive[\r][\n]"
17:03:57.755 [main] DEBUG org.apache.http.wire --  << "[\r][\n]"
17:03:57.755 [main] DEBUG org.apache.http.impl.conn.DefaultClientConnection -- Receiving response: HTTP/1.1 401 
17:03:57.755 [main] DEBUG org.apache.http.headers -- << HTTP/1.1 401 
17:03:57.755 [main] DEBUG org.apache.http.headers -- << Set-Cookie: JSESSIONID=78D52243770AFEBA20BA3F86DCE40896; Path=/; HttpOnly
17:03:57.755 [main] DEBUG org.apache.http.headers -- << WWW-Authenticate: Basic realm="Realm"
17:03:57.755 [main] DEBUG org.apache.http.headers -- << X-Content-Type-Options: nosniff
17:03:57.755 [main] DEBUG org.apache.http.headers -- << X-XSS-Protection: 1; mode=block
17:03:57.755 [main] DEBUG org.apache.http.headers -- << Cache-Control: no-cache, no-store, max-age=0, must-revalidate
17:03:57.755 [main] DEBUG org.apache.http.headers -- << Pragma: no-cache
17:03:57.755 [main] DEBUG org.apache.http.headers -- << Expires: 0
17:03:57.755 [main] DEBUG org.apache.http.headers -- << X-Frame-Options: DENY
17:03:57.755 [main] DEBUG org.apache.http.headers -- << Content-Length: 0
17:03:57.755 [main] DEBUG org.apache.http.headers -- << Date: Fri, 03 Jan 2025 11:33:58 GMT
17:03:57.755 [main] DEBUG org.apache.http.headers -- << Keep-Alive: timeout=60
17:03:57.755 [main] DEBUG org.apache.http.headers -- << Connection: keep-alive
17:03:57.755 [main] DEBUG org.apache.http.impl.client.DefaultHttpClient -- Connection can be kept alive for 60000 MILLISECONDS
17:03:57.755 [main] DEBUG org.apache.http.impl.client.DefaultHttpClient -- Authentication required
17:03:57.755 [main] DEBUG org.apache.http.impl.client.DefaultHttpClient -- 13.60.22.209:7081 requested authentication
17:03:57.755 [main] DEBUG org.apache.http.impl.client.TargetAuthenticationStrategy -- Authentication schemes in the order of preference: [Negotiate, Kerberos, NTLM, CredSSP, Digest, Basic]
17:03:57.755 [main] DEBUG org.apache.http.impl.client.TargetAuthenticationStrategy -- Challenge for Negotiate authentication scheme not available
17:03:57.755 [main] DEBUG org.apache.http.impl.client.TargetAuthenticationStrategy -- Challenge for Kerberos authentication scheme not available
17:03:57.755 [main] DEBUG org.apache.http.impl.client.TargetAuthenticationStrategy -- Challenge for NTLM authentication scheme not available
17:03:57.755 [main] DEBUG org.apache.http.impl.client.TargetAuthenticationStrategy -- Challenge for CredSSP authentication scheme not available
17:03:57.755 [main] DEBUG org.apache.http.impl.client.TargetAuthenticationStrategy -- Challenge for Digest authentication scheme not available
17:03:57.755 [main] DEBUG org.apache.http.impl.client.DefaultHttpClient -- Selected authentication options: [BASIC [complete=true]]
17:03:57.756 [main] DEBUG org.apache.http.client.protocol.RequestAddCookies -- CookieSpec selected: ignoreCookies
17:03:57.756 [main] DEBUG org.apache.http.client.protocol.RequestAuthCache -- Auth cache not set in the context
17:03:57.756 [main] DEBUG org.apache.http.client.protocol.RequestTargetAuthentication -- Target auth state: CHALLENGED
17:03:57.756 [main] DEBUG org.apache.http.client.protocol.RequestTargetAuthentication -- Generating response to an authentication challenge using basic scheme
17:03:57.756 [main] DEBUG org.apache.http.client.protocol.RequestProxyAuthentication -- Proxy auth state: UNCHALLENGED
17:03:57.756 [main] DEBUG org.apache.http.impl.client.DefaultHttpClient -- Attempt 2 to execute request
17:03:57.756 [main] DEBUG org.apache.http.impl.conn.DefaultClientConnection -- Sending request: POST /api/books HTTP/1.1
17:03:57.756 [main] DEBUG org.apache.http.wire --  >> "POST /api/books HTTP/1.1[\r][\n]"
17:03:57.756 [main] DEBUG org.apache.http.wire --  >> "Accept: */*[\r][\n]"
17:03:57.756 [main] DEBUG org.apache.http.wire --  >> "Content-Type: application/json[\r][\n]"
17:03:57.756 [main] DEBUG org.apache.http.wire --  >> "Content-Length: 53[\r][\n]"
17:03:57.756 [main] DEBUG org.apache.http.wire --  >> "Host: 13.60.22.209:7081[\r][\n]"
17:03:57.756 [main] DEBUG org.apache.http.wire --  >> "Connection: Keep-Alive[\r][\n]"
17:03:57.757 [main] DEBUG org.apache.http.wire --  >> "User-Agent: Apache-HttpClient/4.5.13 (Java/17.0.9)[\r][\n]"
17:03:57.757 [main] DEBUG org.apache.http.wire --  >> "Authorization: Basic YWRtaW46cGFzc3dvcmQ=[\r][\n]"
17:03:57.757 [main] DEBUG org.apache.http.wire --  >> "Accept-Encoding: gzip,deflate[\r][\n]"
17:03:57.757 [main] DEBUG org.apache.http.wire --  >> "[\r][\n]"
17:03:57.757 [main] DEBUG org.apache.http.headers -- >> POST /api/books HTTP/1.1
17:03:57.757 [main] DEBUG org.apache.http.headers -- >> Accept: */*
17:03:57.757 [main] DEBUG org.apache.http.headers -- >> Content-Type: application/json
17:03:57.757 [main] DEBUG org.apache.http.headers -- >> Content-Length: 53
17:03:57.757 [main] DEBUG org.apache.http.headers -- >> Host: 13.60.22.209:7081
17:03:57.757 [main] DEBUG org.apache.http.headers -- >> Connection: Keep-Alive
17:03:57.757 [main] DEBUG org.apache.http.headers -- >> User-Agent: Apache-HttpClient/4.5.13 (Java/17.0.9)
17:03:57.757 [main] DEBUG org.apache.http.headers -- >> Authorization: Basic YWRtaW46cGFzc3dvcmQ=
17:03:57.757 [main] DEBUG org.apache.http.headers -- >> Accept-Encoding: gzip,deflate
17:03:57.757 [main] DEBUG org.apache.http.wire --  >> "{ "title": "Numeric Author Books" , "author": 123456}"
17:03:58.046 [main] DEBUG org.apache.http.wire --  << "HTTP/1.1 208 [\r][\n]"
17:03:58.046 [main] DEBUG org.apache.http.wire --  << "Set-Cookie: JSESSIONID=F7E16F89DA2AACC1C68C0AFDAF5598B0; Path=/; HttpOnly[\r][\n]"
17:03:58.046 [main] DEBUG org.apache.http.wire --  << "X-Content-Type-Options: nosniff[\r][\n]"
17:03:58.046 [main] DEBUG org.apache.http.wire --  << "X-XSS-Protection: 1; mode=block[\r][\n]"
17:03:58.046 [main] DEBUG org.apache.http.wire --  << "Cache-Control: no-cache, no-store, max-age=0, must-revalidate[\r][\n]"
17:03:58.046 [main] DEBUG org.apache.http.wire --  << "Pragma: no-cache[\r][\n]"
17:03:58.046 [main] DEBUG org.apache.http.wire --  << "Expires: 0[\r][\n]"
17:03:58.046 [main] DEBUG org.apache.http.wire --  << "X-Frame-Options: DENY[\r][\n]"
17:03:58.046 [main] DEBUG org.apache.http.wire --  << "Content-Type: text/plain;charset=UTF-8[\r][\n]"
17:03:58.046 [main] DEBUG org.apache.http.wire --  << "Content-Length: 19[\r][\n]"
17:03:58.046 [main] DEBUG org.apache.http.wire --  << "Date: Fri, 03 Jan 2025 11:33:58 GMT[\r][\n]"
17:03:58.046 [main] DEBUG org.apache.http.wire --  << "Keep-Alive: timeout=60[\r][\n]"
17:03:58.046 [main] DEBUG org.apache.http.wire --  << "Connection: keep-alive[\r][\n]"
17:03:58.046 [main] DEBUG org.apache.http.wire --  << "[\r][\n]"
17:03:58.046 [main] DEBUG org.apache.http.impl.conn.DefaultClientConnection -- Receiving response: HTTP/1.1 208 
17:03:58.046 [main] DEBUG org.apache.http.headers -- << HTTP/1.1 208 
17:03:58.046 [main] DEBUG org.apache.http.headers -- << Set-Cookie: JSESSIONID=F7E16F89DA2AACC1C68C0AFDAF5598B0; Path=/; HttpOnly
17:03:58.046 [main] DEBUG org.apache.http.headers -- << X-Content-Type-Options: nosniff
17:03:58.046 [main] DEBUG org.apache.http.headers -- << X-XSS-Protection: 1; mode=block
17:03:58.046 [main] DEBUG org.apache.http.headers -- << Cache-Control: no-cache, no-store, max-age=0, must-revalidate
17:03:58.046 [main] DEBUG org.apache.http.headers -- << Pragma: no-cache
17:03:58.046 [main] DEBUG org.apache.http.headers -- << Expires: 0
17:03:58.048 [main] DEBUG org.apache.http.headers -- << X-Frame-Options: DENY
17:03:58.048 [main] DEBUG org.apache.http.headers -- << Content-Type: text/plain;charset=UTF-8
17:03:58.048 [main] DEBUG org.apache.http.headers -- << Content-Length: 19
17:03:58.048 [main] DEBUG org.apache.http.headers -- << Date: Fri, 03 Jan 2025 11:33:58 GMT
17:03:58.048 [main] DEBUG org.apache.http.headers -- << Keep-Alive: timeout=60
17:03:58.048 [main] DEBUG org.apache.http.headers -- << Connection: keep-alive
17:03:58.048 [main] DEBUG org.apache.http.impl.client.DefaultHttpClient -- Connection can be kept alive for 60000 MILLISECONDS
17:03:58.048 [main] DEBUG org.apache.http.impl.client.DefaultHttpClient -- Authentication succeeded
17:03:58.048 [main] DEBUG org.apache.http.impl.client.TargetAuthenticationStrategy -- Caching 'basic' auth scheme for http://13.60.22.209:7081
17:03:58.049 [main] DEBUG io.restassured.internal.RestAssuredHttpBuilder -- Parsing response as: text/plain;charset=UTF-8
17:03:58.049 [main] DEBUG io.restassured.internal.RestAssuredHttpBuilder -- Parsed data to instance of: class org.apache.http.conn.EofSensorInputStream
]]></system-out>
  </testcase>
  <testcase name="testCreateBookWithNumericTitleAsAdmin" classname="TestCases.PostBookAPITests" time="0.723">
    <failure message="Expected status code is 400 expected [400] but found [208]" type="java.lang.AssertionError"><![CDATA[java.lang.AssertionError: Expected status code is 400 expected [400] but found [208]
	at org.testng.Assert.fail(Assert.java:110)
	at org.testng.Assert.failNotEquals(Assert.java:1413)
	at org.testng.Assert.assertEqualsImpl(Assert.java:149)
	at org.testng.Assert.assertEquals(Assert.java:131)
	at org.testng.Assert.assertEquals(Assert.java:1240)
	at TestCases.PostBookAPITests.testCreateBookWithNumericTitleAsAdmin(PostBookAPITests.java:108)
	at java.base/jdk.internal.reflect.NativeMethodAccessorImpl.invoke0(Native Method)
	at java.base/jdk.internal.reflect.NativeMethodAccessorImpl.invoke(NativeMethodAccessorImpl.java:77)
	at java.base/jdk.internal.reflect.DelegatingMethodAccessorImpl.invoke(DelegatingMethodAccessorImpl.java:43)
	at java.base/java.lang.reflect.Method.invoke(Method.java:568)
	at org.testng.internal.invokers.MethodInvocationHelper.invokeMethod(MethodInvocationHelper.java:139)
	at org.testng.internal.invokers.TestInvoker.invokeMethod(TestInvoker.java:677)
	at org.testng.internal.invokers.TestInvoker.invokeTestMethod(TestInvoker.java:221)
	at org.testng.internal.invokers.MethodRunner.runInSequence(MethodRunner.java:50)
	at org.testng.internal.invokers.TestInvoker$MethodInvocationAgent.invoke(TestInvoker.java:969)
	at org.testng.internal.invokers.TestInvoker.invokeTestMethods(TestInvoker.java:194)
	at org.testng.internal.invokers.TestMethodWorker.invokeTestMethods(TestMethodWorker.java:148)
	at org.testng.internal.invokers.TestMethodWorker.run(TestMethodWorker.java:128)
	at java.base/java.util.ArrayList.forEach(ArrayList.java:1511)
	at org.testng.TestRunner.privateRun(TestRunner.java:829)
	at org.testng.TestRunner.run(TestRunner.java:602)
	at org.testng.SuiteRunner.runTest(SuiteRunner.java:437)
	at org.testng.SuiteRunner.runSequentially(SuiteRunner.java:431)
	at org.testng.SuiteRunner.privateRun(SuiteRunner.java:391)
	at org.testng.SuiteRunner.run(SuiteRunner.java:330)
	at org.testng.SuiteRunnerWorker.runSuite(SuiteRunnerWorker.java:52)
	at org.testng.SuiteRunnerWorker.run(SuiteRunnerWorker.java:95)
	at org.testng.TestNG.runSuitesSequentially(TestNG.java:1256)
	at org.testng.TestNG.runSuitesLocally(TestNG.java:1176)
	at org.testng.TestNG.runSuites(TestNG.java:1099)
	at org.testng.TestNG.run(TestNG.java:1067)
	at org.apache.maven.surefire.testng.TestNGExecutor.run(TestNGExecutor.java:324)
	at org.apache.maven.surefire.testng.TestNGXmlTestSuite.execute(TestNGXmlTestSuite.java:74)
	at org.apache.maven.surefire.testng.TestNGProvider.invoke(TestNGProvider.java:123)
	at org.apache.maven.surefire.booter.ForkedBooter.runSuitesInProcess(ForkedBooter.java:456)
	at org.apache.maven.surefire.booter.ForkedBooter.execute(ForkedBooter.java:169)
	at org.apache.maven.surefire.booter.ForkedBooter.run(ForkedBooter.java:595)
	at org.apache.maven.surefire.booter.ForkedBooter.main(ForkedBooter.java:581)
]]></failure>
    <system-out><![CDATA[17:03:58.069 [main] DEBUG org.apache.http.impl.conn.BasicClientConnectionManager -- Get connection for route {}->http://13.60.22.209:7081
17:03:58.070 [main] DEBUG org.apache.http.impl.conn.DefaultClientConnectionOperator -- Connecting to 13.60.22.209:7081
17:03:58.245 [main] DEBUG org.apache.http.client.protocol.RequestAddCookies -- CookieSpec selected: ignoreCookies
17:03:58.245 [main] DEBUG org.apache.http.client.protocol.RequestAuthCache -- Auth cache not set in the context
17:03:58.245 [main] DEBUG org.apache.http.client.protocol.RequestTargetAuthentication -- Target auth state: UNCHALLENGED
17:03:58.245 [main] DEBUG org.apache.http.client.protocol.RequestProxyAuthentication -- Proxy auth state: UNCHALLENGED
17:03:58.245 [main] DEBUG org.apache.http.impl.client.DefaultHttpClient -- Attempt 1 to execute request
17:03:58.245 [main] DEBUG org.apache.http.impl.conn.DefaultClientConnection -- Sending request: POST /api/books HTTP/1.1
17:03:58.245 [main] DEBUG org.apache.http.wire --  >> "POST /api/books HTTP/1.1[\r][\n]"
17:03:58.245 [main] DEBUG org.apache.http.wire --  >> "Accept: */*[\r][\n]"
17:03:58.245 [main] DEBUG org.apache.http.wire --  >> "Content-Type: application/json[\r][\n]"
17:03:58.245 [main] DEBUG org.apache.http.wire --  >> "Content-Length: 51[\r][\n]"
17:03:58.245 [main] DEBUG org.apache.http.wire --  >> "Host: 13.60.22.209:7081[\r][\n]"
17:03:58.245 [main] DEBUG org.apache.http.wire --  >> "Connection: Keep-Alive[\r][\n]"
17:03:58.245 [main] DEBUG org.apache.http.wire --  >> "User-Agent: Apache-HttpClient/4.5.13 (Java/17.0.9)[\r][\n]"
17:03:58.245 [main] DEBUG org.apache.http.wire --  >> "Accept-Encoding: gzip,deflate[\r][\n]"
17:03:58.245 [main] DEBUG org.apache.http.wire --  >> "[\r][\n]"
17:03:58.245 [main] DEBUG org.apache.http.headers -- >> POST /api/books HTTP/1.1
17:03:58.245 [main] DEBUG org.apache.http.headers -- >> Accept: */*
17:03:58.245 [main] DEBUG org.apache.http.headers -- >> Content-Type: application/json
17:03:58.245 [main] DEBUG org.apache.http.headers -- >> Content-Length: 51
17:03:58.245 [main] DEBUG org.apache.http.headers -- >> Host: 13.60.22.209:7081
17:03:58.245 [main] DEBUG org.apache.http.headers -- >> Connection: Keep-Alive
17:03:58.245 [main] DEBUG org.apache.http.headers -- >> User-Agent: Apache-HttpClient/4.5.13 (Java/17.0.9)
17:03:58.245 [main] DEBUG org.apache.http.headers -- >> Accept-Encoding: gzip,deflate
17:03:58.245 [main] DEBUG org.apache.http.wire --  >> "{ "title": 123 , "author": "numeric title Authors"}"
17:03:58.429 [main] DEBUG org.apache.http.wire --  << "HTTP/1.1 401 [\r][\n]"
17:03:58.429 [main] DEBUG org.apache.http.wire --  << "Set-Cookie: JSESSIONID=032A1246C2AABC27B376A53D7AA3765F; Path=/; HttpOnly[\r][\n]"
17:03:58.429 [main] DEBUG org.apache.http.wire --  << "WWW-Authenticate: Basic realm="Realm"[\r][\n]"
17:03:58.429 [main] DEBUG org.apache.http.wire --  << "X-Content-Type-Options: nosniff[\r][\n]"
17:03:58.429 [main] DEBUG org.apache.http.wire --  << "X-XSS-Protection: 1; mode=block[\r][\n]"
17:03:58.429 [main] DEBUG org.apache.http.wire --  << "Cache-Control: no-cache, no-store, max-age=0, must-revalidate[\r][\n]"
17:03:58.429 [main] DEBUG org.apache.http.wire --  << "Pragma: no-cache[\r][\n]"
17:03:58.429 [main] DEBUG org.apache.http.wire --  << "Expires: 0[\r][\n]"
17:03:58.429 [main] DEBUG org.apache.http.wire --  << "X-Frame-Options: DENY[\r][\n]"
17:03:58.429 [main] DEBUG org.apache.http.wire --  << "Content-Length: 0[\r][\n]"
17:03:58.429 [main] DEBUG org.apache.http.wire --  << "Date: Fri, 03 Jan 2025 11:33:58 GMT[\r][\n]"
17:03:58.429 [main] DEBUG org.apache.http.wire --  << "Keep-Alive: timeout=60[\r][\n]"
17:03:58.429 [main] DEBUG org.apache.http.wire --  << "Connection: keep-alive[\r][\n]"
17:03:58.429 [main] DEBUG org.apache.http.wire --  << "[\r][\n]"
17:03:58.429 [main] DEBUG org.apache.http.impl.conn.DefaultClientConnection -- Receiving response: HTTP/1.1 401 
17:03:58.429 [main] DEBUG org.apache.http.headers -- << HTTP/1.1 401 
17:03:58.429 [main] DEBUG org.apache.http.headers -- << Set-Cookie: JSESSIONID=032A1246C2AABC27B376A53D7AA3765F; Path=/; HttpOnly
17:03:58.429 [main] DEBUG org.apache.http.headers -- << WWW-Authenticate: Basic realm="Realm"
17:03:58.429 [main] DEBUG org.apache.http.headers -- << X-Content-Type-Options: nosniff
17:03:58.429 [main] DEBUG org.apache.http.headers -- << X-XSS-Protection: 1; mode=block
17:03:58.429 [main] DEBUG org.apache.http.headers -- << Cache-Control: no-cache, no-store, max-age=0, must-revalidate
17:03:58.429 [main] DEBUG org.apache.http.headers -- << Pragma: no-cache
17:03:58.429 [main] DEBUG org.apache.http.headers -- << Expires: 0
17:03:58.429 [main] DEBUG org.apache.http.headers -- << X-Frame-Options: DENY
17:03:58.429 [main] DEBUG org.apache.http.headers -- << Content-Length: 0
17:03:58.429 [main] DEBUG org.apache.http.headers -- << Date: Fri, 03 Jan 2025 11:33:58 GMT
17:03:58.429 [main] DEBUG org.apache.http.headers -- << Keep-Alive: timeout=60
17:03:58.429 [main] DEBUG org.apache.http.headers -- << Connection: keep-alive
17:03:58.429 [main] DEBUG org.apache.http.impl.client.DefaultHttpClient -- Connection can be kept alive for 60000 MILLISECONDS
17:03:58.429 [main] DEBUG org.apache.http.impl.client.DefaultHttpClient -- Authentication required
17:03:58.429 [main] DEBUG org.apache.http.impl.client.DefaultHttpClient -- 13.60.22.209:7081 requested authentication
17:03:58.429 [main] DEBUG org.apache.http.impl.client.TargetAuthenticationStrategy -- Authentication schemes in the order of preference: [Negotiate, Kerberos, NTLM, CredSSP, Digest, Basic]
17:03:58.429 [main] DEBUG org.apache.http.impl.client.TargetAuthenticationStrategy -- Challenge for Negotiate authentication scheme not available
17:03:58.429 [main] DEBUG org.apache.http.impl.client.TargetAuthenticationStrategy -- Challenge for Kerberos authentication scheme not available
17:03:58.429 [main] DEBUG org.apache.http.impl.client.TargetAuthenticationStrategy -- Challenge for NTLM authentication scheme not available
17:03:58.429 [main] DEBUG org.apache.http.impl.client.TargetAuthenticationStrategy -- Challenge for CredSSP authentication scheme not available
17:03:58.429 [main] DEBUG org.apache.http.impl.client.TargetAuthenticationStrategy -- Challenge for Digest authentication scheme not available
17:03:58.429 [main] DEBUG org.apache.http.impl.client.DefaultHttpClient -- Selected authentication options: [BASIC [complete=true]]
17:03:58.431 [main] DEBUG org.apache.http.client.protocol.RequestAddCookies -- CookieSpec selected: ignoreCookies
17:03:58.431 [main] DEBUG org.apache.http.client.protocol.RequestAuthCache -- Auth cache not set in the context
17:03:58.431 [main] DEBUG org.apache.http.client.protocol.RequestTargetAuthentication -- Target auth state: CHALLENGED
17:03:58.431 [main] DEBUG org.apache.http.client.protocol.RequestTargetAuthentication -- Generating response to an authentication challenge using basic scheme
17:03:58.431 [main] DEBUG org.apache.http.client.protocol.RequestProxyAuthentication -- Proxy auth state: UNCHALLENGED
17:03:58.431 [main] DEBUG org.apache.http.impl.client.DefaultHttpClient -- Attempt 2 to execute request
17:03:58.431 [main] DEBUG org.apache.http.impl.conn.DefaultClientConnection -- Sending request: POST /api/books HTTP/1.1
17:03:58.431 [main] DEBUG org.apache.http.wire --  >> "POST /api/books HTTP/1.1[\r][\n]"
17:03:58.431 [main] DEBUG org.apache.http.wire --  >> "Accept: */*[\r][\n]"
17:03:58.431 [main] DEBUG org.apache.http.wire --  >> "Content-Type: application/json[\r][\n]"
17:03:58.431 [main] DEBUG org.apache.http.wire --  >> "Content-Length: 51[\r][\n]"
17:03:58.431 [main] DEBUG org.apache.http.wire --  >> "Host: 13.60.22.209:7081[\r][\n]"
17:03:58.431 [main] DEBUG org.apache.http.wire --  >> "Connection: Keep-Alive[\r][\n]"
17:03:58.431 [main] DEBUG org.apache.http.wire --  >> "User-Agent: Apache-HttpClient/4.5.13 (Java/17.0.9)[\r][\n]"
17:03:58.431 [main] DEBUG org.apache.http.wire --  >> "Authorization: Basic YWRtaW46cGFzc3dvcmQ=[\r][\n]"
17:03:58.431 [main] DEBUG org.apache.http.wire --  >> "Accept-Encoding: gzip,deflate[\r][\n]"
17:03:58.431 [main] DEBUG org.apache.http.wire --  >> "[\r][\n]"
17:03:58.431 [main] DEBUG org.apache.http.headers -- >> POST /api/books HTTP/1.1
17:03:58.431 [main] DEBUG org.apache.http.headers -- >> Accept: */*
17:03:58.431 [main] DEBUG org.apache.http.headers -- >> Content-Type: application/json
17:03:58.431 [main] DEBUG org.apache.http.headers -- >> Content-Length: 51
17:03:58.431 [main] DEBUG org.apache.http.headers -- >> Host: 13.60.22.209:7081
17:03:58.431 [main] DEBUG org.apache.http.headers -- >> Connection: Keep-Alive
17:03:58.431 [main] DEBUG org.apache.http.headers -- >> User-Agent: Apache-HttpClient/4.5.13 (Java/17.0.9)
17:03:58.431 [main] DEBUG org.apache.http.headers -- >> Authorization: Basic YWRtaW46cGFzc3dvcmQ=
17:03:58.431 [main] DEBUG org.apache.http.headers -- >> Accept-Encoding: gzip,deflate
17:03:58.431 [main] DEBUG org.apache.http.wire --  >> "{ "title": 123 , "author": "numeric title Authors"}"
17:03:58.769 [main] DEBUG org.apache.http.wire --  << "HTTP/1.1 208 [\r][\n]"
17:03:58.769 [main] DEBUG org.apache.http.wire --  << "Set-Cookie: JSESSIONID=F1D3D8C4EA7033EB7F08B65AED933DAC; Path=/; HttpOnly[\r][\n]"
17:03:58.769 [main] DEBUG org.apache.http.wire --  << "X-Content-Type-Options: nosniff[\r][\n]"
17:03:58.769 [main] DEBUG org.apache.http.wire --  << "X-XSS-Protection: 1; mode=block[\r][\n]"
17:03:58.769 [main] DEBUG org.apache.http.wire --  << "Cache-Control: no-cache, no-store, max-age=0, must-revalidate[\r][\n]"
17:03:58.770 [main] DEBUG org.apache.http.wire --  << "Pragma: no-cache[\r][\n]"
17:03:58.770 [main] DEBUG org.apache.http.wire --  << "Expires: 0[\r][\n]"
17:03:58.770 [main] DEBUG org.apache.http.wire --  << "X-Frame-Options: DENY[\r][\n]"
17:03:58.770 [main] DEBUG org.apache.http.wire --  << "Content-Type: text/plain;charset=UTF-8[\r][\n]"
17:03:58.770 [main] DEBUG org.apache.http.wire --  << "Content-Length: 19[\r][\n]"
17:03:58.770 [main] DEBUG org.apache.http.wire --  << "Date: Fri, 03 Jan 2025 11:33:59 GMT[\r][\n]"
17:03:58.770 [main] DEBUG org.apache.http.wire --  << "Keep-Alive: timeout=60[\r][\n]"
17:03:58.770 [main] DEBUG org.apache.http.wire --  << "Connection: keep-alive[\r][\n]"
17:03:58.770 [main] DEBUG org.apache.http.wire --  << "[\r][\n]"
17:03:58.770 [main] DEBUG org.apache.http.impl.conn.DefaultClientConnection -- Receiving response: HTTP/1.1 208 
17:03:58.770 [main] DEBUG org.apache.http.headers -- << HTTP/1.1 208 
17:03:58.770 [main] DEBUG org.apache.http.headers -- << Set-Cookie: JSESSIONID=F1D3D8C4EA7033EB7F08B65AED933DAC; Path=/; HttpOnly
17:03:58.770 [main] DEBUG org.apache.http.headers -- << X-Content-Type-Options: nosniff
17:03:58.770 [main] DEBUG org.apache.http.headers -- << X-XSS-Protection: 1; mode=block
17:03:58.770 [main] DEBUG org.apache.http.headers -- << Cache-Control: no-cache, no-store, max-age=0, must-revalidate
17:03:58.770 [main] DEBUG org.apache.http.headers -- << Pragma: no-cache
17:03:58.770 [main] DEBUG org.apache.http.headers -- << Expires: 0
17:03:58.770 [main] DEBUG org.apache.http.headers -- << X-Frame-Options: DENY
17:03:58.770 [main] DEBUG org.apache.http.headers -- << Content-Type: text/plain;charset=UTF-8
17:03:58.770 [main] DEBUG org.apache.http.headers -- << Content-Length: 19
17:03:58.770 [main] DEBUG org.apache.http.headers -- << Date: Fri, 03 Jan 2025 11:33:59 GMT
17:03:58.770 [main] DEBUG org.apache.http.headers -- << Keep-Alive: timeout=60
17:03:58.770 [main] DEBUG org.apache.http.headers -- << Connection: keep-alive
17:03:58.770 [main] DEBUG org.apache.http.impl.client.DefaultHttpClient -- Connection can be kept alive for 60000 MILLISECONDS
17:03:58.770 [main] DEBUG org.apache.http.impl.client.DefaultHttpClient -- Authentication succeeded
17:03:58.770 [main] DEBUG org.apache.http.impl.client.TargetAuthenticationStrategy -- Caching 'basic' auth scheme for http://13.60.22.209:7081
17:03:58.771 [main] DEBUG io.restassured.internal.RestAssuredHttpBuilder -- Parsing response as: text/plain;charset=UTF-8
17:03:58.771 [main] DEBUG io.restassured.internal.RestAssuredHttpBuilder -- Parsed data to instance of: class org.apache.http.conn.EofSensorInputStream
]]></system-out>
  </testcase>
  <testcase name="testCreateBookWithValidData" classname="TestCases.PostBookAPITests" time="0.696">
    <failure message="Expected status code is 201 expected [201] but found [208]" type="java.lang.AssertionError"><![CDATA[java.lang.AssertionError: Expected status code is 201 expected [201] but found [208]
	at org.testng.Assert.fail(Assert.java:110)
	at org.testng.Assert.failNotEquals(Assert.java:1413)
	at org.testng.Assert.assertEqualsImpl(Assert.java:149)
	at org.testng.Assert.assertEquals(Assert.java:131)
	at org.testng.Assert.assertEquals(Assert.java:1240)
	at TestCases.PostBookAPITests.testCreateBookWithValidData(PostBookAPITests.java:40)
	at java.base/jdk.internal.reflect.NativeMethodAccessorImpl.invoke0(Native Method)
	at java.base/jdk.internal.reflect.NativeMethodAccessorImpl.invoke(NativeMethodAccessorImpl.java:77)
	at java.base/jdk.internal.reflect.DelegatingMethodAccessorImpl.invoke(DelegatingMethodAccessorImpl.java:43)
	at java.base/java.lang.reflect.Method.invoke(Method.java:568)
	at org.testng.internal.invokers.MethodInvocationHelper.invokeMethod(MethodInvocationHelper.java:139)
	at org.testng.internal.invokers.TestInvoker.invokeMethod(TestInvoker.java:677)
	at org.testng.internal.invokers.TestInvoker.invokeTestMethod(TestInvoker.java:221)
	at org.testng.internal.invokers.MethodRunner.runInSequence(MethodRunner.java:50)
	at org.testng.internal.invokers.TestInvoker$MethodInvocationAgent.invoke(TestInvoker.java:969)
	at org.testng.internal.invokers.TestInvoker.invokeTestMethods(TestInvoker.java:194)
	at org.testng.internal.invokers.TestMethodWorker.invokeTestMethods(TestMethodWorker.java:148)
	at org.testng.internal.invokers.TestMethodWorker.run(TestMethodWorker.java:128)
	at java.base/java.util.ArrayList.forEach(ArrayList.java:1511)
	at org.testng.TestRunner.privateRun(TestRunner.java:829)
	at org.testng.TestRunner.run(TestRunner.java:602)
	at org.testng.SuiteRunner.runTest(SuiteRunner.java:437)
	at org.testng.SuiteRunner.runSequentially(SuiteRunner.java:431)
	at org.testng.SuiteRunner.privateRun(SuiteRunner.java:391)
	at org.testng.SuiteRunner.run(SuiteRunner.java:330)
	at org.testng.SuiteRunnerWorker.runSuite(SuiteRunnerWorker.java:52)
	at org.testng.SuiteRunnerWorker.run(SuiteRunnerWorker.java:95)
	at org.testng.TestNG.runSuitesSequentially(TestNG.java:1256)
	at org.testng.TestNG.runSuitesLocally(TestNG.java:1176)
	at org.testng.TestNG.runSuites(TestNG.java:1099)
	at org.testng.TestNG.run(TestNG.java:1067)
	at org.apache.maven.surefire.testng.TestNGExecutor.run(TestNGExecutor.java:324)
	at org.apache.maven.surefire.testng.TestNGXmlTestSuite.execute(TestNGXmlTestSuite.java:74)
	at org.apache.maven.surefire.testng.TestNGProvider.invoke(TestNGProvider.java:123)
	at org.apache.maven.surefire.booter.ForkedBooter.runSuitesInProcess(ForkedBooter.java:456)
	at org.apache.maven.surefire.booter.ForkedBooter.execute(ForkedBooter.java:169)
	at org.apache.maven.surefire.booter.ForkedBooter.run(ForkedBooter.java:595)
	at org.apache.maven.surefire.booter.ForkedBooter.main(ForkedBooter.java:581)
]]></failure>
    <system-out><![CDATA[17:03:58.797 [main] DEBUG org.apache.http.impl.conn.BasicClientConnectionManager -- Get connection for route {}->http://13.60.22.209:7081
17:03:58.798 [main] DEBUG org.apache.http.impl.conn.DefaultClientConnectionOperator -- Connecting to 13.60.22.209:7081
17:03:58.987 [main] DEBUG org.apache.http.client.protocol.RequestAddCookies -- CookieSpec selected: ignoreCookies
17:03:58.987 [main] DEBUG org.apache.http.client.protocol.RequestAuthCache -- Auth cache not set in the context
17:03:58.987 [main] DEBUG org.apache.http.client.protocol.RequestTargetAuthentication -- Target auth state: UNCHALLENGED
17:03:58.987 [main] DEBUG org.apache.http.client.protocol.RequestProxyAuthentication -- Proxy auth state: UNCHALLENGED
17:03:58.987 [main] DEBUG org.apache.http.impl.client.DefaultHttpClient -- Attempt 1 to execute request
17:03:58.987 [main] DEBUG org.apache.http.impl.conn.DefaultClientConnection -- Sending request: POST /api/books HTTP/1.1
17:03:58.987 [main] DEBUG org.apache.http.wire --  >> "POST /api/books HTTP/1.1[\r][\n]"
17:03:58.987 [main] DEBUG org.apache.http.wire --  >> "Accept: */*[\r][\n]"
17:03:58.987 [main] DEBUG org.apache.http.wire --  >> "Content-Type: application/json[\r][\n]"
17:03:58.987 [main] DEBUG org.apache.http.wire --  >> "Content-Length: 51[\r][\n]"
17:03:58.987 [main] DEBUG org.apache.http.wire --  >> "Host: 13.60.22.209:7081[\r][\n]"
17:03:58.987 [main] DEBUG org.apache.http.wire --  >> "Connection: Keep-Alive[\r][\n]"
17:03:58.987 [main] DEBUG org.apache.http.wire --  >> "User-Agent: Apache-HttpClient/4.5.13 (Java/17.0.9)[\r][\n]"
17:03:58.987 [main] DEBUG org.apache.http.wire --  >> "Accept-Encoding: gzip,deflate[\r][\n]"
17:03:58.987 [main] DEBUG org.apache.http.wire --  >> "[\r][\n]"
17:03:58.987 [main] DEBUG org.apache.http.headers -- >> POST /api/books HTTP/1.1
17:03:58.987 [main] DEBUG org.apache.http.headers -- >> Accept: */*
17:03:58.987 [main] DEBUG org.apache.http.headers -- >> Content-Type: application/json
17:03:58.987 [main] DEBUG org.apache.http.headers -- >> Content-Length: 51
17:03:58.987 [main] DEBUG org.apache.http.headers -- >> Host: 13.60.22.209:7081
17:03:58.987 [main] DEBUG org.apache.http.headers -- >> Connection: Keep-Alive
17:03:58.987 [main] DEBUG org.apache.http.headers -- >> User-Agent: Apache-HttpClient/4.5.13 (Java/17.0.9)
17:03:58.987 [main] DEBUG org.apache.http.headers -- >> Accept-Encoding: gzip,deflate
17:03:58.987 [main] DEBUG org.apache.http.wire --  >> "{"author":"Test Author","id":1,"title":"Test Book"}"
17:03:59.168 [main] DEBUG org.apache.http.wire --  << "HTTP/1.1 401 [\r][\n]"
17:03:59.168 [main] DEBUG org.apache.http.wire --  << "Set-Cookie: JSESSIONID=581730376E0F0903B8249F1CF2612237; Path=/; HttpOnly[\r][\n]"
17:03:59.168 [main] DEBUG org.apache.http.wire --  << "WWW-Authenticate: Basic realm="Realm"[\r][\n]"
17:03:59.168 [main] DEBUG org.apache.http.wire --  << "X-Content-Type-Options: nosniff[\r][\n]"
17:03:59.168 [main] DEBUG org.apache.http.wire --  << "X-XSS-Protection: 1; mode=block[\r][\n]"
17:03:59.168 [main] DEBUG org.apache.http.wire --  << "Cache-Control: no-cache, no-store, max-age=0, must-revalidate[\r][\n]"
17:03:59.168 [main] DEBUG org.apache.http.wire --  << "Pragma: no-cache[\r][\n]"
17:03:59.168 [main] DEBUG org.apache.http.wire --  << "Expires: 0[\r][\n]"
17:03:59.168 [main] DEBUG org.apache.http.wire --  << "X-Frame-Options: DENY[\r][\n]"
17:03:59.168 [main] DEBUG org.apache.http.wire --  << "Content-Length: 0[\r][\n]"
17:03:59.168 [main] DEBUG org.apache.http.wire --  << "Date: Fri, 03 Jan 2025 11:33:59 GMT[\r][\n]"
17:03:59.168 [main] DEBUG org.apache.http.wire --  << "Keep-Alive: timeout=60[\r][\n]"
17:03:59.168 [main] DEBUG org.apache.http.wire --  << "Connection: keep-alive[\r][\n]"
17:03:59.168 [main] DEBUG org.apache.http.wire --  << "[\r][\n]"
17:03:59.168 [main] DEBUG org.apache.http.impl.conn.DefaultClientConnection -- Receiving response: HTTP/1.1 401 
17:03:59.168 [main] DEBUG org.apache.http.headers -- << HTTP/1.1 401 
17:03:59.168 [main] DEBUG org.apache.http.headers -- << Set-Cookie: JSESSIONID=581730376E0F0903B8249F1CF2612237; Path=/; HttpOnly
17:03:59.168 [main] DEBUG org.apache.http.headers -- << WWW-Authenticate: Basic realm="Realm"
17:03:59.168 [main] DEBUG org.apache.http.headers -- << X-Content-Type-Options: nosniff
17:03:59.168 [main] DEBUG org.apache.http.headers -- << X-XSS-Protection: 1; mode=block
17:03:59.168 [main] DEBUG org.apache.http.headers -- << Cache-Control: no-cache, no-store, max-age=0, must-revalidate
17:03:59.168 [main] DEBUG org.apache.http.headers -- << Pragma: no-cache
17:03:59.168 [main] DEBUG org.apache.http.headers -- << Expires: 0
17:03:59.168 [main] DEBUG org.apache.http.headers -- << X-Frame-Options: DENY
17:03:59.168 [main] DEBUG org.apache.http.headers -- << Content-Length: 0
17:03:59.168 [main] DEBUG org.apache.http.headers -- << Date: Fri, 03 Jan 2025 11:33:59 GMT
17:03:59.168 [main] DEBUG org.apache.http.headers -- << Keep-Alive: timeout=60
17:03:59.168 [main] DEBUG org.apache.http.headers -- << Connection: keep-alive
17:03:59.168 [main] DEBUG org.apache.http.impl.client.DefaultHttpClient -- Connection can be kept alive for 60000 MILLISECONDS
17:03:59.168 [main] DEBUG org.apache.http.impl.client.DefaultHttpClient -- Authentication required
17:03:59.168 [main] DEBUG org.apache.http.impl.client.DefaultHttpClient -- 13.60.22.209:7081 requested authentication
17:03:59.168 [main] DEBUG org.apache.http.impl.client.TargetAuthenticationStrategy -- Authentication schemes in the order of preference: [Negotiate, Kerberos, NTLM, CredSSP, Digest, Basic]
17:03:59.168 [main] DEBUG org.apache.http.impl.client.TargetAuthenticationStrategy -- Challenge for Negotiate authentication scheme not available
17:03:59.168 [main] DEBUG org.apache.http.impl.client.TargetAuthenticationStrategy -- Challenge for Kerberos authentication scheme not available
17:03:59.168 [main] DEBUG org.apache.http.impl.client.TargetAuthenticationStrategy -- Challenge for NTLM authentication scheme not available
17:03:59.168 [main] DEBUG org.apache.http.impl.client.TargetAuthenticationStrategy -- Challenge for CredSSP authentication scheme not available
17:03:59.168 [main] DEBUG org.apache.http.impl.client.TargetAuthenticationStrategy -- Challenge for Digest authentication scheme not available
17:03:59.168 [main] DEBUG org.apache.http.impl.client.DefaultHttpClient -- Selected authentication options: [BASIC [complete=true]]
17:03:59.168 [main] DEBUG org.apache.http.client.protocol.RequestAddCookies -- CookieSpec selected: ignoreCookies
17:03:59.169 [main] DEBUG org.apache.http.client.protocol.RequestAuthCache -- Auth cache not set in the context
17:03:59.169 [main] DEBUG org.apache.http.client.protocol.RequestTargetAuthentication -- Target auth state: CHALLENGED
17:03:59.169 [main] DEBUG org.apache.http.client.protocol.RequestTargetAuthentication -- Generating response to an authentication challenge using basic scheme
17:03:59.169 [main] DEBUG org.apache.http.client.protocol.RequestProxyAuthentication -- Proxy auth state: UNCHALLENGED
17:03:59.169 [main] DEBUG org.apache.http.impl.client.DefaultHttpClient -- Attempt 2 to execute request
17:03:59.169 [main] DEBUG org.apache.http.impl.conn.DefaultClientConnection -- Sending request: POST /api/books HTTP/1.1
17:03:59.169 [main] DEBUG org.apache.http.wire --  >> "POST /api/books HTTP/1.1[\r][\n]"
17:03:59.169 [main] DEBUG org.apache.http.wire --  >> "Accept: */*[\r][\n]"
17:03:59.169 [main] DEBUG org.apache.http.wire --  >> "Content-Type: application/json[\r][\n]"
17:03:59.169 [main] DEBUG org.apache.http.wire --  >> "Content-Length: 51[\r][\n]"
17:03:59.169 [main] DEBUG org.apache.http.wire --  >> "Host: 13.60.22.209:7081[\r][\n]"
17:03:59.169 [main] DEBUG org.apache.http.wire --  >> "Connection: Keep-Alive[\r][\n]"
17:03:59.169 [main] DEBUG org.apache.http.wire --  >> "User-Agent: Apache-HttpClient/4.5.13 (Java/17.0.9)[\r][\n]"
17:03:59.169 [main] DEBUG org.apache.http.wire --  >> "Authorization: Basic dXNlcjpwYXNzd29yZA==[\r][\n]"
17:03:59.169 [main] DEBUG org.apache.http.wire --  >> "Accept-Encoding: gzip,deflate[\r][\n]"
17:03:59.169 [main] DEBUG org.apache.http.wire --  >> "[\r][\n]"
17:03:59.169 [main] DEBUG org.apache.http.headers -- >> POST /api/books HTTP/1.1
17:03:59.169 [main] DEBUG org.apache.http.headers -- >> Accept: */*
17:03:59.169 [main] DEBUG org.apache.http.headers -- >> Content-Type: application/json
17:03:59.169 [main] DEBUG org.apache.http.headers -- >> Content-Length: 51
17:03:59.169 [main] DEBUG org.apache.http.headers -- >> Host: 13.60.22.209:7081
17:03:59.169 [main] DEBUG org.apache.http.headers -- >> Connection: Keep-Alive
17:03:59.169 [main] DEBUG org.apache.http.headers -- >> User-Agent: Apache-HttpClient/4.5.13 (Java/17.0.9)
17:03:59.169 [main] DEBUG org.apache.http.headers -- >> Authorization: Basic dXNlcjpwYXNzd29yZA==
17:03:59.169 [main] DEBUG org.apache.http.headers -- >> Accept-Encoding: gzip,deflate
17:03:59.169 [main] DEBUG org.apache.http.wire --  >> "{"author":"Test Author","id":1,"title":"Test Book"}"
17:03:59.472 [main] DEBUG org.apache.http.wire --  << "HTTP/1.1 208 [\r][\n]"
17:03:59.472 [main] DEBUG org.apache.http.wire --  << "Set-Cookie: JSESSIONID=34C0CA40B0624E74ED1C16DB4A269CE2; Path=/; HttpOnly[\r][\n]"
17:03:59.472 [main] DEBUG org.apache.http.wire --  << "X-Content-Type-Options: nosniff[\r][\n]"
17:03:59.472 [main] DEBUG org.apache.http.wire --  << "X-XSS-Protection: 1; mode=block[\r][\n]"
17:03:59.472 [main] DEBUG org.apache.http.wire --  << "Cache-Control: no-cache, no-store, max-age=0, must-revalidate[\r][\n]"
17:03:59.472 [main] DEBUG org.apache.http.wire --  << "Pragma: no-cache[\r][\n]"
17:03:59.472 [main] DEBUG org.apache.http.wire --  << "Expires: 0[\r][\n]"
17:03:59.472 [main] DEBUG org.apache.http.wire --  << "X-Frame-Options: DENY[\r][\n]"
17:03:59.472 [main] DEBUG org.apache.http.wire --  << "Content-Type: text/plain;charset=UTF-8[\r][\n]"
17:03:59.472 [main] DEBUG org.apache.http.wire --  << "Content-Length: 19[\r][\n]"
17:03:59.472 [main] DEBUG org.apache.http.wire --  << "Date: Fri, 03 Jan 2025 11:33:59 GMT[\r][\n]"
17:03:59.472 [main] DEBUG org.apache.http.wire --  << "Keep-Alive: timeout=60[\r][\n]"
17:03:59.472 [main] DEBUG org.apache.http.wire --  << "Connection: keep-alive[\r][\n]"
17:03:59.472 [main] DEBUG org.apache.http.wire --  << "[\r][\n]"
17:03:59.473 [main] DEBUG org.apache.http.impl.conn.DefaultClientConnection -- Receiving response: HTTP/1.1 208 
17:03:59.473 [main] DEBUG org.apache.http.headers -- << HTTP/1.1 208 
17:03:59.473 [main] DEBUG org.apache.http.headers -- << Set-Cookie: JSESSIONID=34C0CA40B0624E74ED1C16DB4A269CE2; Path=/; HttpOnly
17:03:59.473 [main] DEBUG org.apache.http.headers -- << X-Content-Type-Options: nosniff
17:03:59.473 [main] DEBUG org.apache.http.headers -- << X-XSS-Protection: 1; mode=block
17:03:59.473 [main] DEBUG org.apache.http.headers -- << Cache-Control: no-cache, no-store, max-age=0, must-revalidate
17:03:59.473 [main] DEBUG org.apache.http.headers -- << Pragma: no-cache
17:03:59.473 [main] DEBUG org.apache.http.headers -- << Expires: 0
17:03:59.473 [main] DEBUG org.apache.http.headers -- << X-Frame-Options: DENY
17:03:59.473 [main] DEBUG org.apache.http.headers -- << Content-Type: text/plain;charset=UTF-8
17:03:59.473 [main] DEBUG org.apache.http.headers -- << Content-Length: 19
17:03:59.473 [main] DEBUG org.apache.http.headers -- << Date: Fri, 03 Jan 2025 11:33:59 GMT
17:03:59.473 [main] DEBUG org.apache.http.headers -- << Keep-Alive: timeout=60
17:03:59.473 [main] DEBUG org.apache.http.headers -- << Connection: keep-alive
17:03:59.473 [main] DEBUG org.apache.http.impl.client.DefaultHttpClient -- Connection can be kept alive for 60000 MILLISECONDS
17:03:59.473 [main] DEBUG org.apache.http.impl.client.DefaultHttpClient -- Authentication succeeded
17:03:59.473 [main] DEBUG org.apache.http.impl.client.TargetAuthenticationStrategy -- Caching 'basic' auth scheme for http://13.60.22.209:7081
17:03:59.473 [main] DEBUG io.restassured.internal.RestAssuredHttpBuilder -- Parsing response as: text/plain;charset=UTF-8
17:03:59.473 [main] DEBUG io.restassured.internal.RestAssuredHttpBuilder -- Parsed data to instance of: class org.apache.http.conn.EofSensorInputStream
]]></system-out>
  </testcase>
  <testcase name="testCreateBookWithValidDataAsAdmin" classname="TestCases.PostBookAPITests" time="0.621">
    <failure message="Expected status code is 201 expected [201] but found [208]" type="java.lang.AssertionError"><![CDATA[java.lang.AssertionError: Expected status code is 201 expected [201] but found [208]
	at org.testng.Assert.fail(Assert.java:110)
	at org.testng.Assert.failNotEquals(Assert.java:1413)
	at org.testng.Assert.assertEqualsImpl(Assert.java:149)
	at org.testng.Assert.assertEquals(Assert.java:131)
	at org.testng.Assert.assertEquals(Assert.java:1240)
	at TestCases.PostBookAPITests.testCreateBookWithValidDataAsAdmin(PostBookAPITests.java:63)
	at java.base/jdk.internal.reflect.NativeMethodAccessorImpl.invoke0(Native Method)
	at java.base/jdk.internal.reflect.NativeMethodAccessorImpl.invoke(NativeMethodAccessorImpl.java:77)
	at java.base/jdk.internal.reflect.DelegatingMethodAccessorImpl.invoke(DelegatingMethodAccessorImpl.java:43)
	at java.base/java.lang.reflect.Method.invoke(Method.java:568)
	at org.testng.internal.invokers.MethodInvocationHelper.invokeMethod(MethodInvocationHelper.java:139)
	at org.testng.internal.invokers.TestInvoker.invokeMethod(TestInvoker.java:677)
	at org.testng.internal.invokers.TestInvoker.invokeTestMethod(TestInvoker.java:221)
	at org.testng.internal.invokers.MethodRunner.runInSequence(MethodRunner.java:50)
	at org.testng.internal.invokers.TestInvoker$MethodInvocationAgent.invoke(TestInvoker.java:969)
	at org.testng.internal.invokers.TestInvoker.invokeTestMethods(TestInvoker.java:194)
	at org.testng.internal.invokers.TestMethodWorker.invokeTestMethods(TestMethodWorker.java:148)
	at org.testng.internal.invokers.TestMethodWorker.run(TestMethodWorker.java:128)
	at java.base/java.util.ArrayList.forEach(ArrayList.java:1511)
	at org.testng.TestRunner.privateRun(TestRunner.java:829)
	at org.testng.TestRunner.run(TestRunner.java:602)
	at org.testng.SuiteRunner.runTest(SuiteRunner.java:437)
	at org.testng.SuiteRunner.runSequentially(SuiteRunner.java:431)
	at org.testng.SuiteRunner.privateRun(SuiteRunner.java:391)
	at org.testng.SuiteRunner.run(SuiteRunner.java:330)
	at org.testng.SuiteRunnerWorker.runSuite(SuiteRunnerWorker.java:52)
	at org.testng.SuiteRunnerWorker.run(SuiteRunnerWorker.java:95)
	at org.testng.TestNG.runSuitesSequentially(TestNG.java:1256)
	at org.testng.TestNG.runSuitesLocally(TestNG.java:1176)
	at org.testng.TestNG.runSuites(TestNG.java:1099)
	at org.testng.TestNG.run(TestNG.java:1067)
	at org.apache.maven.surefire.testng.TestNGExecutor.run(TestNGExecutor.java:324)
	at org.apache.maven.surefire.testng.TestNGXmlTestSuite.execute(TestNGXmlTestSuite.java:74)
	at org.apache.maven.surefire.testng.TestNGProvider.invoke(TestNGProvider.java:123)
	at org.apache.maven.surefire.booter.ForkedBooter.runSuitesInProcess(ForkedBooter.java:456)
	at org.apache.maven.surefire.booter.ForkedBooter.execute(ForkedBooter.java:169)
	at org.apache.maven.surefire.booter.ForkedBooter.run(ForkedBooter.java:595)
	at org.apache.maven.surefire.booter.ForkedBooter.main(ForkedBooter.java:581)
]]></failure>
    <system-out><![CDATA[17:03:59.502 [main] DEBUG org.apache.http.impl.conn.BasicClientConnectionManager -- Get connection for route {}->http://13.60.22.209:7081
17:03:59.502 [main] DEBUG org.apache.http.impl.conn.DefaultClientConnectionOperator -- Connecting to 13.60.22.209:7081
17:03:59.659 [main] DEBUG org.apache.http.client.protocol.RequestAddCookies -- CookieSpec selected: ignoreCookies
17:03:59.660 [main] DEBUG org.apache.http.client.protocol.RequestAuthCache -- Auth cache not set in the context
17:03:59.660 [main] DEBUG org.apache.http.client.protocol.RequestTargetAuthentication -- Target auth state: UNCHALLENGED
17:03:59.660 [main] DEBUG org.apache.http.client.protocol.RequestProxyAuthentication -- Proxy auth state: UNCHALLENGED
17:03:59.660 [main] DEBUG org.apache.http.impl.client.DefaultHttpClient -- Attempt 1 to execute request
17:03:59.660 [main] DEBUG org.apache.http.impl.conn.DefaultClientConnection -- Sending request: POST /api/books HTTP/1.1
17:03:59.660 [main] DEBUG org.apache.http.wire --  >> "POST /api/books HTTP/1.1[\r][\n]"
17:03:59.660 [main] DEBUG org.apache.http.wire --  >> "Accept: */*[\r][\n]"
17:03:59.660 [main] DEBUG org.apache.http.wire --  >> "Content-Type: application/json[\r][\n]"
17:03:59.660 [main] DEBUG org.apache.http.wire --  >> "Content-Length: 51[\r][\n]"
17:03:59.660 [main] DEBUG org.apache.http.wire --  >> "Host: 13.60.22.209:7081[\r][\n]"
17:03:59.660 [main] DEBUG org.apache.http.wire --  >> "Connection: Keep-Alive[\r][\n]"
17:03:59.660 [main] DEBUG org.apache.http.wire --  >> "User-Agent: Apache-HttpClient/4.5.13 (Java/17.0.9)[\r][\n]"
17:03:59.660 [main] DEBUG org.apache.http.wire --  >> "Accept-Encoding: gzip,deflate[\r][\n]"
17:03:59.660 [main] DEBUG org.apache.http.wire --  >> "[\r][\n]"
17:03:59.660 [main] DEBUG org.apache.http.headers -- >> POST /api/books HTTP/1.1
17:03:59.660 [main] DEBUG org.apache.http.headers -- >> Accept: */*
17:03:59.660 [main] DEBUG org.apache.http.headers -- >> Content-Type: application/json
17:03:59.660 [main] DEBUG org.apache.http.headers -- >> Content-Length: 51
17:03:59.660 [main] DEBUG org.apache.http.headers -- >> Host: 13.60.22.209:7081
17:03:59.660 [main] DEBUG org.apache.http.headers -- >> Connection: Keep-Alive
17:03:59.660 [main] DEBUG org.apache.http.headers -- >> User-Agent: Apache-HttpClient/4.5.13 (Java/17.0.9)
17:03:59.660 [main] DEBUG org.apache.http.headers -- >> Accept-Encoding: gzip,deflate
17:03:59.660 [main] DEBUG org.apache.http.wire --  >> "{ "title": "Vald Books", "author": "Valid Autors" }"
17:03:59.817 [main] DEBUG org.apache.http.wire --  << "HTTP/1.1 401 [\r][\n]"
17:03:59.817 [main] DEBUG org.apache.http.wire --  << "Set-Cookie: JSESSIONID=9D211EBEDB364C78D99B167EE8C58590; Path=/; HttpOnly[\r][\n]"
17:03:59.817 [main] DEBUG org.apache.http.wire --  << "WWW-Authenticate: Basic realm="Realm"[\r][\n]"
17:03:59.817 [main] DEBUG org.apache.http.wire --  << "X-Content-Type-Options: nosniff[\r][\n]"
17:03:59.817 [main] DEBUG org.apache.http.wire --  << "X-XSS-Protection: 1; mode=block[\r][\n]"
17:03:59.817 [main] DEBUG org.apache.http.wire --  << "Cache-Control: no-cache, no-store, max-age=0, must-revalidate[\r][\n]"
17:03:59.817 [main] DEBUG org.apache.http.wire --  << "Pragma: no-cache[\r][\n]"
17:03:59.817 [main] DEBUG org.apache.http.wire --  << "Expires: 0[\r][\n]"
17:03:59.817 [main] DEBUG org.apache.http.wire --  << "X-Frame-Options: DENY[\r][\n]"
17:03:59.817 [main] DEBUG org.apache.http.wire --  << "Content-Length: 0[\r][\n]"
17:03:59.817 [main] DEBUG org.apache.http.wire --  << "Date: Fri, 03 Jan 2025 11:34:00 GMT[\r][\n]"
17:03:59.819 [main] DEBUG org.apache.http.wire --  << "Keep-Alive: timeout=60[\r][\n]"
17:03:59.819 [main] DEBUG org.apache.http.wire --  << "Connection: keep-alive[\r][\n]"
17:03:59.819 [main] DEBUG org.apache.http.wire --  << "[\r][\n]"
17:03:59.819 [main] DEBUG org.apache.http.impl.conn.DefaultClientConnection -- Receiving response: HTTP/1.1 401 
17:03:59.819 [main] DEBUG org.apache.http.headers -- << HTTP/1.1 401 
17:03:59.819 [main] DEBUG org.apache.http.headers -- << Set-Cookie: JSESSIONID=9D211EBEDB364C78D99B167EE8C58590; Path=/; HttpOnly
17:03:59.819 [main] DEBUG org.apache.http.headers -- << WWW-Authenticate: Basic realm="Realm"
17:03:59.819 [main] DEBUG org.apache.http.headers -- << X-Content-Type-Options: nosniff
17:03:59.819 [main] DEBUG org.apache.http.headers -- << X-XSS-Protection: 1; mode=block
17:03:59.819 [main] DEBUG org.apache.http.headers -- << Cache-Control: no-cache, no-store, max-age=0, must-revalidate
17:03:59.819 [main] DEBUG org.apache.http.headers -- << Pragma: no-cache
17:03:59.819 [main] DEBUG org.apache.http.headers -- << Expires: 0
17:03:59.819 [main] DEBUG org.apache.http.headers -- << X-Frame-Options: DENY
17:03:59.819 [main] DEBUG org.apache.http.headers -- << Content-Length: 0
17:03:59.819 [main] DEBUG org.apache.http.headers -- << Date: Fri, 03 Jan 2025 11:34:00 GMT
17:03:59.819 [main] DEBUG org.apache.http.headers -- << Keep-Alive: timeout=60
17:03:59.819 [main] DEBUG org.apache.http.headers -- << Connection: keep-alive
17:03:59.819 [main] DEBUG org.apache.http.impl.client.DefaultHttpClient -- Connection can be kept alive for 60000 MILLISECONDS
17:03:59.819 [main] DEBUG org.apache.http.impl.client.DefaultHttpClient -- Authentication required
17:03:59.819 [main] DEBUG org.apache.http.impl.client.DefaultHttpClient -- 13.60.22.209:7081 requested authentication
17:03:59.819 [main] DEBUG org.apache.http.impl.client.TargetAuthenticationStrategy -- Authentication schemes in the order of preference: [Negotiate, Kerberos, NTLM, CredSSP, Digest, Basic]
17:03:59.819 [main] DEBUG org.apache.http.impl.client.TargetAuthenticationStrategy -- Challenge for Negotiate authentication scheme not available
17:03:59.819 [main] DEBUG org.apache.http.impl.client.TargetAuthenticationStrategy -- Challenge for Kerberos authentication scheme not available
17:03:59.819 [main] DEBUG org.apache.http.impl.client.TargetAuthenticationStrategy -- Challenge for NTLM authentication scheme not available
17:03:59.819 [main] DEBUG org.apache.http.impl.client.TargetAuthenticationStrategy -- Challenge for CredSSP authentication scheme not available
17:03:59.819 [main] DEBUG org.apache.http.impl.client.TargetAuthenticationStrategy -- Challenge for Digest authentication scheme not available
17:03:59.819 [main] DEBUG org.apache.http.impl.client.DefaultHttpClient -- Selected authentication options: [BASIC [complete=true]]
17:03:59.820 [main] DEBUG org.apache.http.client.protocol.RequestAddCookies -- CookieSpec selected: ignoreCookies
17:03:59.820 [main] DEBUG org.apache.http.client.protocol.RequestAuthCache -- Auth cache not set in the context
17:03:59.820 [main] DEBUG org.apache.http.client.protocol.RequestTargetAuthentication -- Target auth state: CHALLENGED
17:03:59.820 [main] DEBUG org.apache.http.client.protocol.RequestTargetAuthentication -- Generating response to an authentication challenge using basic scheme
17:03:59.820 [main] DEBUG org.apache.http.client.protocol.RequestProxyAuthentication -- Proxy auth state: UNCHALLENGED
17:03:59.820 [main] DEBUG org.apache.http.impl.client.DefaultHttpClient -- Attempt 2 to execute request
17:03:59.820 [main] DEBUG org.apache.http.impl.conn.DefaultClientConnection -- Sending request: POST /api/books HTTP/1.1
17:03:59.820 [main] DEBUG org.apache.http.wire --  >> "POST /api/books HTTP/1.1[\r][\n]"
17:03:59.820 [main] DEBUG org.apache.http.wire --  >> "Accept: */*[\r][\n]"
17:03:59.820 [main] DEBUG org.apache.http.wire --  >> "Content-Type: application/json[\r][\n]"
17:03:59.820 [main] DEBUG org.apache.http.wire --  >> "Content-Length: 51[\r][\n]"
17:03:59.820 [main] DEBUG org.apache.http.wire --  >> "Host: 13.60.22.209:7081[\r][\n]"
17:03:59.820 [main] DEBUG org.apache.http.wire --  >> "Connection: Keep-Alive[\r][\n]"
17:03:59.820 [main] DEBUG org.apache.http.wire --  >> "User-Agent: Apache-HttpClient/4.5.13 (Java/17.0.9)[\r][\n]"
17:03:59.820 [main] DEBUG org.apache.http.wire --  >> "Authorization: Basic YWRtaW46cGFzc3dvcmQ=[\r][\n]"
17:03:59.820 [main] DEBUG org.apache.http.wire --  >> "Accept-Encoding: gzip,deflate[\r][\n]"
17:03:59.820 [main] DEBUG org.apache.http.wire --  >> "[\r][\n]"
17:03:59.820 [main] DEBUG org.apache.http.headers -- >> POST /api/books HTTP/1.1
17:03:59.820 [main] DEBUG org.apache.http.headers -- >> Accept: */*
17:03:59.820 [main] DEBUG org.apache.http.headers -- >> Content-Type: application/json
17:03:59.820 [main] DEBUG org.apache.http.headers -- >> Content-Length: 51
17:03:59.820 [main] DEBUG org.apache.http.headers -- >> Host: 13.60.22.209:7081
17:03:59.820 [main] DEBUG org.apache.http.headers -- >> Connection: Keep-Alive
17:03:59.820 [main] DEBUG org.apache.http.headers -- >> User-Agent: Apache-HttpClient/4.5.13 (Java/17.0.9)
17:03:59.820 [main] DEBUG org.apache.http.headers -- >> Authorization: Basic YWRtaW46cGFzc3dvcmQ=
17:03:59.820 [main] DEBUG org.apache.http.headers -- >> Accept-Encoding: gzip,deflate
17:03:59.821 [main] DEBUG org.apache.http.wire --  >> "{ "title": "Vald Books", "author": "Valid Autors" }"
17:04:00.083 [main] DEBUG org.apache.http.wire --  << "HTTP/1.1 208 [\r][\n]"
17:04:00.084 [main] DEBUG org.apache.http.wire --  << "Set-Cookie: JSESSIONID=C4EB7B9D9678C626168CA0BE6B040F9B; Path=/; HttpOnly[\r][\n]"
17:04:00.084 [main] DEBUG org.apache.http.wire --  << "X-Content-Type-Options: nosniff[\r][\n]"
17:04:00.084 [main] DEBUG org.apache.http.wire --  << "X-XSS-Protection: 1; mode=block[\r][\n]"
17:04:00.084 [main] DEBUG org.apache.http.wire --  << "Cache-Control: no-cache, no-store, max-age=0, must-revalidate[\r][\n]"
17:04:00.084 [main] DEBUG org.apache.http.wire --  << "Pragma: no-cache[\r][\n]"
17:04:00.084 [main] DEBUG org.apache.http.wire --  << "Expires: 0[\r][\n]"
17:04:00.084 [main] DEBUG org.apache.http.wire --  << "X-Frame-Options: DENY[\r][\n]"
17:04:00.084 [main] DEBUG org.apache.http.wire --  << "Content-Type: text/plain;charset=UTF-8[\r][\n]"
17:04:00.084 [main] DEBUG org.apache.http.wire --  << "Content-Length: 19[\r][\n]"
17:04:00.084 [main] DEBUG org.apache.http.wire --  << "Date: Fri, 03 Jan 2025 11:34:00 GMT[\r][\n]"
17:04:00.084 [main] DEBUG org.apache.http.wire --  << "Keep-Alive: timeout=60[\r][\n]"
17:04:00.084 [main] DEBUG org.apache.http.wire --  << "Connection: keep-alive[\r][\n]"
17:04:00.084 [main] DEBUG org.apache.http.wire --  << "[\r][\n]"
17:04:00.084 [main] DEBUG org.apache.http.impl.conn.DefaultClientConnection -- Receiving response: HTTP/1.1 208 
17:04:00.084 [main] DEBUG org.apache.http.headers -- << HTTP/1.1 208 
17:04:00.084 [main] DEBUG org.apache.http.headers -- << Set-Cookie: JSESSIONID=C4EB7B9D9678C626168CA0BE6B040F9B; Path=/; HttpOnly
17:04:00.084 [main] DEBUG org.apache.http.headers -- << X-Content-Type-Options: nosniff
17:04:00.084 [main] DEBUG org.apache.http.headers -- << X-XSS-Protection: 1; mode=block
17:04:00.084 [main] DEBUG org.apache.http.headers -- << Cache-Control: no-cache, no-store, max-age=0, must-revalidate
17:04:00.084 [main] DEBUG org.apache.http.headers -- << Pragma: no-cache
17:04:00.084 [main] DEBUG org.apache.http.headers -- << Expires: 0
17:04:00.084 [main] DEBUG org.apache.http.headers -- << X-Frame-Options: DENY
17:04:00.084 [main] DEBUG org.apache.http.headers -- << Content-Type: text/plain;charset=UTF-8
17:04:00.084 [main] DEBUG org.apache.http.headers -- << Content-Length: 19
17:04:00.084 [main] DEBUG org.apache.http.headers -- << Date: Fri, 03 Jan 2025 11:34:00 GMT
17:04:00.084 [main] DEBUG org.apache.http.headers -- << Keep-Alive: timeout=60
17:04:00.084 [main] DEBUG org.apache.http.headers -- << Connection: keep-alive
17:04:00.084 [main] DEBUG org.apache.http.impl.client.DefaultHttpClient -- Connection can be kept alive for 60000 MILLISECONDS
17:04:00.084 [main] DEBUG org.apache.http.impl.client.DefaultHttpClient -- Authentication succeeded
17:04:00.084 [main] DEBUG org.apache.http.impl.client.TargetAuthenticationStrategy -- Caching 'basic' auth scheme for http://13.60.22.209:7081
17:04:00.088 [main] DEBUG io.restassured.internal.RestAssuredHttpBuilder -- Parsing response as: text/plain;charset=UTF-8
17:04:00.089 [main] DEBUG io.restassured.internal.RestAssuredHttpBuilder -- Parsed data to instance of: class org.apache.http.conn.EofSensorInputStream
]]></system-out>
  </testcase>
  <testcase name="testUpdateBookWithAnotherBooksId" classname="TestCases.PutBookAPITests" time="0.723">
    <system-out><![CDATA[17:04:00.120 [main] DEBUG org.apache.http.impl.conn.BasicClientConnectionManager -- Get connection for route {}->http://13.60.22.209:7081
17:04:00.120 [main] DEBUG org.apache.http.impl.conn.DefaultClientConnectionOperator -- Connecting to 13.60.22.209:7081
17:04:00.295 [main] DEBUG org.apache.http.client.protocol.RequestAddCookies -- CookieSpec selected: ignoreCookies
17:04:00.295 [main] DEBUG org.apache.http.client.protocol.RequestAuthCache -- Auth cache not set in the context
17:04:00.295 [main] DEBUG org.apache.http.client.protocol.RequestTargetAuthentication -- Target auth state: UNCHALLENGED
17:04:00.295 [main] DEBUG org.apache.http.client.protocol.RequestProxyAuthentication -- Proxy auth state: UNCHALLENGED
17:04:00.295 [main] DEBUG org.apache.http.impl.client.DefaultHttpClient -- Attempt 1 to execute request
17:04:00.296 [main] DEBUG org.apache.http.impl.conn.DefaultClientConnection -- Sending request: PUT /api/books/1 HTTP/1.1
17:04:00.296 [main] DEBUG org.apache.http.wire --  >> "PUT /api/books/1 HTTP/1.1[\r][\n]"
17:04:00.296 [main] DEBUG org.apache.http.wire --  >> "Accept: */*[\r][\n]"
17:04:00.296 [main] DEBUG org.apache.http.wire --  >> "Content-Type: application/json[\r][\n]"
17:04:00.296 [main] DEBUG org.apache.http.wire --  >> "Content-Length: 54[\r][\n]"
17:04:00.296 [main] DEBUG org.apache.http.wire --  >> "Host: 13.60.22.209:7081[\r][\n]"
17:04:00.296 [main] DEBUG org.apache.http.wire --  >> "Connection: Keep-Alive[\r][\n]"
17:04:00.296 [main] DEBUG org.apache.http.wire --  >> "User-Agent: Apache-HttpClient/4.5.13 (Java/17.0.9)[\r][\n]"
17:04:00.296 [main] DEBUG org.apache.http.wire --  >> "Accept-Encoding: gzip,deflate[\r][\n]"
17:04:00.296 [main] DEBUG org.apache.http.wire --  >> "[\r][\n]"
17:04:00.296 [main] DEBUG org.apache.http.headers -- >> PUT /api/books/1 HTTP/1.1
17:04:00.296 [main] DEBUG org.apache.http.headers -- >> Accept: */*
17:04:00.296 [main] DEBUG org.apache.http.headers -- >> Content-Type: application/json
17:04:00.296 [main] DEBUG org.apache.http.headers -- >> Content-Length: 54
17:04:00.296 [main] DEBUG org.apache.http.headers -- >> Host: 13.60.22.209:7081
17:04:00.296 [main] DEBUG org.apache.http.headers -- >> Connection: Keep-Alive
17:04:00.296 [main] DEBUG org.apache.http.headers -- >> User-Agent: Apache-HttpClient/4.5.13 (Java/17.0.9)
17:04:00.296 [main] DEBUG org.apache.http.headers -- >> Accept-Encoding: gzip,deflate
17:04:00.296 [main] DEBUG org.apache.http.wire --  >> "{"author":"Valid Author","id":2,"title":"Valid Title"}"
17:04:00.502 [main] DEBUG org.apache.http.wire --  << "HTTP/1.1 401 [\r][\n]"
17:04:00.502 [main] DEBUG org.apache.http.wire --  << "Set-Cookie: JSESSIONID=5F37549B7091D5D12F1411257DA6325B; Path=/; HttpOnly[\r][\n]"
17:04:00.502 [main] DEBUG org.apache.http.wire --  << "WWW-Authenticate: Basic realm="Realm"[\r][\n]"
17:04:00.502 [main] DEBUG org.apache.http.wire --  << "X-Content-Type-Options: nosniff[\r][\n]"
17:04:00.502 [main] DEBUG org.apache.http.wire --  << "X-XSS-Protection: 1; mode=block[\r][\n]"
17:04:00.502 [main] DEBUG org.apache.http.wire --  << "Cache-Control: no-cache, no-store, max-age=0, must-revalidate[\r][\n]"
17:04:00.502 [main] DEBUG org.apache.http.wire --  << "Pragma: no-cache[\r][\n]"
17:04:00.502 [main] DEBUG org.apache.http.wire --  << "Expires: 0[\r][\n]"
17:04:00.502 [main] DEBUG org.apache.http.wire --  << "X-Frame-Options: DENY[\r][\n]"
17:04:00.502 [main] DEBUG org.apache.http.wire --  << "Content-Length: 0[\r][\n]"
17:04:00.502 [main] DEBUG org.apache.http.wire --  << "Date: Fri, 03 Jan 2025 11:34:00 GMT[\r][\n]"
17:04:00.502 [main] DEBUG org.apache.http.wire --  << "Keep-Alive: timeout=60[\r][\n]"
17:04:00.502 [main] DEBUG org.apache.http.wire --  << "Connection: keep-alive[\r][\n]"
17:04:00.502 [main] DEBUG org.apache.http.wire --  << "[\r][\n]"
17:04:00.502 [main] DEBUG org.apache.http.impl.conn.DefaultClientConnection -- Receiving response: HTTP/1.1 401 
17:04:00.502 [main] DEBUG org.apache.http.headers -- << HTTP/1.1 401 
17:04:00.502 [main] DEBUG org.apache.http.headers -- << Set-Cookie: JSESSIONID=5F37549B7091D5D12F1411257DA6325B; Path=/; HttpOnly
17:04:00.502 [main] DEBUG org.apache.http.headers -- << WWW-Authenticate: Basic realm="Realm"
17:04:00.502 [main] DEBUG org.apache.http.headers -- << X-Content-Type-Options: nosniff
17:04:00.502 [main] DEBUG org.apache.http.headers -- << X-XSS-Protection: 1; mode=block
17:04:00.502 [main] DEBUG org.apache.http.headers -- << Cache-Control: no-cache, no-store, max-age=0, must-revalidate
17:04:00.502 [main] DEBUG org.apache.http.headers -- << Pragma: no-cache
17:04:00.502 [main] DEBUG org.apache.http.headers -- << Expires: 0
17:04:00.502 [main] DEBUG org.apache.http.headers -- << X-Frame-Options: DENY
17:04:00.502 [main] DEBUG org.apache.http.headers -- << Content-Length: 0
17:04:00.502 [main] DEBUG org.apache.http.headers -- << Date: Fri, 03 Jan 2025 11:34:00 GMT
17:04:00.502 [main] DEBUG org.apache.http.headers -- << Keep-Alive: timeout=60
17:04:00.502 [main] DEBUG org.apache.http.headers -- << Connection: keep-alive
17:04:00.503 [main] DEBUG org.apache.http.impl.client.DefaultHttpClient -- Connection can be kept alive for 60000 MILLISECONDS
17:04:00.503 [main] DEBUG org.apache.http.impl.client.DefaultHttpClient -- Authentication required
17:04:00.503 [main] DEBUG org.apache.http.impl.client.DefaultHttpClient -- 13.60.22.209:7081 requested authentication
17:04:00.503 [main] DEBUG org.apache.http.impl.client.TargetAuthenticationStrategy -- Authentication schemes in the order of preference: [Negotiate, Kerberos, NTLM, CredSSP, Digest, Basic]
17:04:00.503 [main] DEBUG org.apache.http.impl.client.TargetAuthenticationStrategy -- Challenge for Negotiate authentication scheme not available
17:04:00.503 [main] DEBUG org.apache.http.impl.client.TargetAuthenticationStrategy -- Challenge for Kerberos authentication scheme not available
17:04:00.503 [main] DEBUG org.apache.http.impl.client.TargetAuthenticationStrategy -- Challenge for NTLM authentication scheme not available
17:04:00.503 [main] DEBUG org.apache.http.impl.client.TargetAuthenticationStrategy -- Challenge for CredSSP authentication scheme not available
17:04:00.503 [main] DEBUG org.apache.http.impl.client.TargetAuthenticationStrategy -- Challenge for Digest authentication scheme not available
17:04:00.503 [main] DEBUG org.apache.http.impl.client.DefaultHttpClient -- Selected authentication options: [BASIC [complete=true]]
17:04:00.504 [main] DEBUG org.apache.http.client.protocol.RequestAddCookies -- CookieSpec selected: ignoreCookies
17:04:00.504 [main] DEBUG org.apache.http.client.protocol.RequestAuthCache -- Auth cache not set in the context
17:04:00.504 [main] DEBUG org.apache.http.client.protocol.RequestTargetAuthentication -- Target auth state: CHALLENGED
17:04:00.504 [main] DEBUG org.apache.http.client.protocol.RequestTargetAuthentication -- Generating response to an authentication challenge using basic scheme
17:04:00.504 [main] DEBUG org.apache.http.client.protocol.RequestProxyAuthentication -- Proxy auth state: UNCHALLENGED
17:04:00.504 [main] DEBUG org.apache.http.impl.client.DefaultHttpClient -- Attempt 2 to execute request
17:04:00.504 [main] DEBUG org.apache.http.impl.conn.DefaultClientConnection -- Sending request: PUT /api/books/1 HTTP/1.1
17:04:00.504 [main] DEBUG org.apache.http.wire --  >> "PUT /api/books/1 HTTP/1.1[\r][\n]"
17:04:00.504 [main] DEBUG org.apache.http.wire --  >> "Accept: */*[\r][\n]"
17:04:00.504 [main] DEBUG org.apache.http.wire --  >> "Content-Type: application/json[\r][\n]"
17:04:00.504 [main] DEBUG org.apache.http.wire --  >> "Content-Length: 54[\r][\n]"
17:04:00.504 [main] DEBUG org.apache.http.wire --  >> "Host: 13.60.22.209:7081[\r][\n]"
17:04:00.504 [main] DEBUG org.apache.http.wire --  >> "Connection: Keep-Alive[\r][\n]"
17:04:00.504 [main] DEBUG org.apache.http.wire --  >> "User-Agent: Apache-HttpClient/4.5.13 (Java/17.0.9)[\r][\n]"
17:04:00.504 [main] DEBUG org.apache.http.wire --  >> "Authorization: Basic YWRtaW46cGFzc3dvcmQ=[\r][\n]"
17:04:00.504 [main] DEBUG org.apache.http.wire --  >> "Accept-Encoding: gzip,deflate[\r][\n]"
17:04:00.504 [main] DEBUG org.apache.http.wire --  >> "[\r][\n]"
17:04:00.504 [main] DEBUG org.apache.http.headers -- >> PUT /api/books/1 HTTP/1.1
17:04:00.504 [main] DEBUG org.apache.http.headers -- >> Accept: */*
17:04:00.504 [main] DEBUG org.apache.http.headers -- >> Content-Type: application/json
17:04:00.504 [main] DEBUG org.apache.http.headers -- >> Content-Length: 54
17:04:00.504 [main] DEBUG org.apache.http.headers -- >> Host: 13.60.22.209:7081
17:04:00.504 [main] DEBUG org.apache.http.headers -- >> Connection: Keep-Alive
17:04:00.504 [main] DEBUG org.apache.http.headers -- >> User-Agent: Apache-HttpClient/4.5.13 (Java/17.0.9)
17:04:00.504 [main] DEBUG org.apache.http.headers -- >> Authorization: Basic YWRtaW46cGFzc3dvcmQ=
17:04:00.504 [main] DEBUG org.apache.http.headers -- >> Accept-Encoding: gzip,deflate
17:04:00.504 [main] DEBUG org.apache.http.wire --  >> "{"author":"Valid Author","id":2,"title":"Valid Title"}"
17:04:00.815 [main] DEBUG org.apache.http.wire --  << "HTTP/1.1 400 [\r][\n]"
17:04:00.816 [main] DEBUG org.apache.http.wire --  << "Set-Cookie: JSESSIONID=A8F78223067C791212B56CFBC6F5FB3C; Path=/; HttpOnly[\r][\n]"
17:04:00.816 [main] DEBUG org.apache.http.wire --  << "X-Content-Type-Options: nosniff[\r][\n]"
17:04:00.816 [main] DEBUG org.apache.http.wire --  << "X-XSS-Protection: 1; mode=block[\r][\n]"
17:04:00.816 [main] DEBUG org.apache.http.wire --  << "Cache-Control: no-cache, no-store, max-age=0, must-revalidate[\r][\n]"
17:04:00.816 [main] DEBUG org.apache.http.wire --  << "Pragma: no-cache[\r][\n]"
17:04:00.816 [main] DEBUG org.apache.http.wire --  << "Expires: 0[\r][\n]"
17:04:00.816 [main] DEBUG org.apache.http.wire --  << "X-Frame-Options: DENY[\r][\n]"
17:04:00.816 [main] DEBUG org.apache.http.wire --  << "Content-Type: text/plain;charset=UTF-8[\r][\n]"
17:04:00.816 [main] DEBUG org.apache.http.wire --  << "Content-Length: 22[\r][\n]"
17:04:00.816 [main] DEBUG org.apache.http.wire --  << "Date: Fri, 03 Jan 2025 11:34:00 GMT[\r][\n]"
17:04:00.816 [main] DEBUG org.apache.http.wire --  << "Connection: close[\r][\n]"
17:04:00.816 [main] DEBUG org.apache.http.wire --  << "[\r][\n]"
17:04:00.816 [main] DEBUG org.apache.http.impl.conn.DefaultClientConnection -- Receiving response: HTTP/1.1 400 
17:04:00.816 [main] DEBUG org.apache.http.headers -- << HTTP/1.1 400 
17:04:00.816 [main] DEBUG org.apache.http.headers -- << Set-Cookie: JSESSIONID=A8F78223067C791212B56CFBC6F5FB3C; Path=/; HttpOnly
17:04:00.816 [main] DEBUG org.apache.http.headers -- << X-Content-Type-Options: nosniff
17:04:00.816 [main] DEBUG org.apache.http.headers -- << X-XSS-Protection: 1; mode=block
17:04:00.816 [main] DEBUG org.apache.http.headers -- << Cache-Control: no-cache, no-store, max-age=0, must-revalidate
17:04:00.816 [main] DEBUG org.apache.http.headers -- << Pragma: no-cache
17:04:00.816 [main] DEBUG org.apache.http.headers -- << Expires: 0
17:04:00.816 [main] DEBUG org.apache.http.headers -- << X-Frame-Options: DENY
17:04:00.816 [main] DEBUG org.apache.http.headers -- << Content-Type: text/plain;charset=UTF-8
17:04:00.816 [main] DEBUG org.apache.http.headers -- << Content-Length: 22
17:04:00.816 [main] DEBUG org.apache.http.headers -- << Date: Fri, 03 Jan 2025 11:34:00 GMT
17:04:00.816 [main] DEBUG org.apache.http.headers -- << Connection: close
17:04:00.816 [main] DEBUG org.apache.http.impl.client.DefaultHttpClient -- Authentication succeeded
17:04:00.816 [main] DEBUG org.apache.http.impl.client.TargetAuthenticationStrategy -- Caching 'basic' auth scheme for http://13.60.22.209:7081
17:04:00.817 [main] DEBUG io.restassured.internal.RestAssuredHttpBuilder -- Parsing response as: text/plain;charset=UTF-8
17:04:00.817 [main] DEBUG io.restassured.internal.RestAssuredHttpBuilder -- Parsed data to instance of: class org.apache.http.conn.EofSensorInputStream
17:04:00.818 [main] DEBUG org.apache.http.wire --  << "Book id is not matched"
17:04:00.818 [main] DEBUG org.apache.http.impl.conn.BasicClientConnectionManager -- Releasing connection org.apache.http.impl.conn.ManagedClientConnectionImpl@477523ba
17:04:00.818 [main] DEBUG org.apache.http.impl.conn.DefaultClientConnection -- Connection 0.0.0.0:58393<->13.60.22.209:7081 shut down
]]></system-out>
  </testcase>
  <testcase name="testUpdateBookWithAnotherBooksTitleAsAdmin" classname="TestCases.PutBookAPITests" time="0.673">
    <failure message="Expected status code is 400 for using another book&apos;s title expected [400] but found [404]" type="java.lang.AssertionError"><![CDATA[java.lang.AssertionError: Expected status code is 400 for using another book's title expected [400] but found [404]
	at org.testng.Assert.fail(Assert.java:110)
	at org.testng.Assert.failNotEquals(Assert.java:1413)
	at org.testng.Assert.assertEqualsImpl(Assert.java:149)
	at org.testng.Assert.assertEquals(Assert.java:131)
	at org.testng.Assert.assertEquals(Assert.java:1240)
	at TestCases.PutBookAPITests.testUpdateBookWithAnotherBooksTitleAsAdmin(PutBookAPITests.java:220)
	at java.base/jdk.internal.reflect.NativeMethodAccessorImpl.invoke0(Native Method)
	at java.base/jdk.internal.reflect.NativeMethodAccessorImpl.invoke(NativeMethodAccessorImpl.java:77)
	at java.base/jdk.internal.reflect.DelegatingMethodAccessorImpl.invoke(DelegatingMethodAccessorImpl.java:43)
	at java.base/java.lang.reflect.Method.invoke(Method.java:568)
	at org.testng.internal.invokers.MethodInvocationHelper.invokeMethod(MethodInvocationHelper.java:139)
	at org.testng.internal.invokers.TestInvoker.invokeMethod(TestInvoker.java:677)
	at org.testng.internal.invokers.TestInvoker.invokeTestMethod(TestInvoker.java:221)
	at org.testng.internal.invokers.MethodRunner.runInSequence(MethodRunner.java:50)
	at org.testng.internal.invokers.TestInvoker$MethodInvocationAgent.invoke(TestInvoker.java:969)
	at org.testng.internal.invokers.TestInvoker.invokeTestMethods(TestInvoker.java:194)
	at org.testng.internal.invokers.TestMethodWorker.invokeTestMethods(TestMethodWorker.java:148)
	at org.testng.internal.invokers.TestMethodWorker.run(TestMethodWorker.java:128)
	at java.base/java.util.ArrayList.forEach(ArrayList.java:1511)
	at org.testng.TestRunner.privateRun(TestRunner.java:829)
	at org.testng.TestRunner.run(TestRunner.java:602)
	at org.testng.SuiteRunner.runTest(SuiteRunner.java:437)
	at org.testng.SuiteRunner.runSequentially(SuiteRunner.java:431)
	at org.testng.SuiteRunner.privateRun(SuiteRunner.java:391)
	at org.testng.SuiteRunner.run(SuiteRunner.java:330)
	at org.testng.SuiteRunnerWorker.runSuite(SuiteRunnerWorker.java:52)
	at org.testng.SuiteRunnerWorker.run(SuiteRunnerWorker.java:95)
	at org.testng.TestNG.runSuitesSequentially(TestNG.java:1256)
	at org.testng.TestNG.runSuitesLocally(TestNG.java:1176)
	at org.testng.TestNG.runSuites(TestNG.java:1099)
	at org.testng.TestNG.run(TestNG.java:1067)
	at org.apache.maven.surefire.testng.TestNGExecutor.run(TestNGExecutor.java:324)
	at org.apache.maven.surefire.testng.TestNGXmlTestSuite.execute(TestNGXmlTestSuite.java:74)
	at org.apache.maven.surefire.testng.TestNGProvider.invoke(TestNGProvider.java:123)
	at org.apache.maven.surefire.booter.ForkedBooter.runSuitesInProcess(ForkedBooter.java:456)
	at org.apache.maven.surefire.booter.ForkedBooter.execute(ForkedBooter.java:169)
	at org.apache.maven.surefire.booter.ForkedBooter.run(ForkedBooter.java:595)
	at org.apache.maven.surefire.booter.ForkedBooter.main(ForkedBooter.java:581)
]]></failure>
    <system-out><![CDATA[17:04:00.836 [main] DEBUG org.apache.http.impl.conn.BasicClientConnectionManager -- Get connection for route {}->http://13.60.22.209:7081
17:04:00.836 [main] DEBUG org.apache.http.impl.conn.DefaultClientConnectionOperator -- Connecting to 13.60.22.209:7081
17:04:01.014 [main] DEBUG org.apache.http.client.protocol.RequestAddCookies -- CookieSpec selected: ignoreCookies
17:04:01.014 [main] DEBUG org.apache.http.client.protocol.RequestAuthCache -- Auth cache not set in the context
17:04:01.014 [main] DEBUG org.apache.http.client.protocol.RequestTargetAuthentication -- Target auth state: UNCHALLENGED
17:04:01.014 [main] DEBUG org.apache.http.client.protocol.RequestProxyAuthentication -- Proxy auth state: UNCHALLENGED
17:04:01.014 [main] DEBUG org.apache.http.impl.client.DefaultHttpClient -- Attempt 1 to execute request
17:04:01.014 [main] DEBUG org.apache.http.impl.conn.DefaultClientConnection -- Sending request: PUT /api/books/1 HTTP/1.1
17:04:01.015 [main] DEBUG org.apache.http.wire --  >> "PUT /api/books/1 HTTP/1.1[\r][\n]"
17:04:01.015 [main] DEBUG org.apache.http.wire --  >> "Accept: */*[\r][\n]"
17:04:01.015 [main] DEBUG org.apache.http.wire --  >> "Content-Type: application/json[\r][\n]"
17:04:01.015 [main] DEBUG org.apache.http.wire --  >> "Content-Length: 63[\r][\n]"
17:04:01.015 [main] DEBUG org.apache.http.wire --  >> "Host: 13.60.22.209:7081[\r][\n]"
17:04:01.015 [main] DEBUG org.apache.http.wire --  >> "Connection: Keep-Alive[\r][\n]"
17:04:01.015 [main] DEBUG org.apache.http.wire --  >> "User-Agent: Apache-HttpClient/4.5.13 (Java/17.0.9)[\r][\n]"
17:04:01.015 [main] DEBUG org.apache.http.wire --  >> "Accept-Encoding: gzip,deflate[\r][\n]"
17:04:01.015 [main] DEBUG org.apache.http.wire --  >> "[\r][\n]"
17:04:01.015 [main] DEBUG org.apache.http.headers -- >> PUT /api/books/1 HTTP/1.1
17:04:01.015 [main] DEBUG org.apache.http.headers -- >> Accept: */*
17:04:01.015 [main] DEBUG org.apache.http.headers -- >> Content-Type: application/json
17:04:01.015 [main] DEBUG org.apache.http.headers -- >> Content-Length: 63
17:04:01.015 [main] DEBUG org.apache.http.headers -- >> Host: 13.60.22.209:7081
17:04:01.015 [main] DEBUG org.apache.http.headers -- >> Connection: Keep-Alive
17:04:01.015 [main] DEBUG org.apache.http.headers -- >> User-Agent: Apache-HttpClient/4.5.13 (Java/17.0.9)
17:04:01.015 [main] DEBUG org.apache.http.headers -- >> Accept-Encoding: gzip,deflate
17:04:01.015 [main] DEBUG org.apache.http.wire --  >> "{"author":"CorrectAuthor","id":1,"title":"TitleOfAnotherBook1"}"
17:04:01.195 [main] DEBUG org.apache.http.wire --  << "HTTP/1.1 401 [\r][\n]"
17:04:01.195 [main] DEBUG org.apache.http.wire --  << "Set-Cookie: JSESSIONID=8978BFEAA2F1C34663AB7839FAB74EAC; Path=/; HttpOnly[\r][\n]"
17:04:01.195 [main] DEBUG org.apache.http.wire --  << "WWW-Authenticate: Basic realm="Realm"[\r][\n]"
17:04:01.195 [main] DEBUG org.apache.http.wire --  << "X-Content-Type-Options: nosniff[\r][\n]"
17:04:01.195 [main] DEBUG org.apache.http.wire --  << "X-XSS-Protection: 1; mode=block[\r][\n]"
17:04:01.195 [main] DEBUG org.apache.http.wire --  << "Cache-Control: no-cache, no-store, max-age=0, must-revalidate[\r][\n]"
17:04:01.195 [main] DEBUG org.apache.http.wire --  << "Pragma: no-cache[\r][\n]"
17:04:01.195 [main] DEBUG org.apache.http.wire --  << "Expires: 0[\r][\n]"
17:04:01.195 [main] DEBUG org.apache.http.wire --  << "X-Frame-Options: DENY[\r][\n]"
17:04:01.195 [main] DEBUG org.apache.http.wire --  << "Content-Length: 0[\r][\n]"
17:04:01.195 [main] DEBUG org.apache.http.wire --  << "Date: Fri, 03 Jan 2025 11:34:02 GMT[\r][\n]"
17:04:01.195 [main] DEBUG org.apache.http.wire --  << "Keep-Alive: timeout=60[\r][\n]"
17:04:01.195 [main] DEBUG org.apache.http.wire --  << "Connection: keep-alive[\r][\n]"
17:04:01.195 [main] DEBUG org.apache.http.wire --  << "[\r][\n]"
17:04:01.195 [main] DEBUG org.apache.http.impl.conn.DefaultClientConnection -- Receiving response: HTTP/1.1 401 
17:04:01.195 [main] DEBUG org.apache.http.headers -- << HTTP/1.1 401 
17:04:01.195 [main] DEBUG org.apache.http.headers -- << Set-Cookie: JSESSIONID=8978BFEAA2F1C34663AB7839FAB74EAC; Path=/; HttpOnly
17:04:01.195 [main] DEBUG org.apache.http.headers -- << WWW-Authenticate: Basic realm="Realm"
17:04:01.195 [main] DEBUG org.apache.http.headers -- << X-Content-Type-Options: nosniff
17:04:01.195 [main] DEBUG org.apache.http.headers -- << X-XSS-Protection: 1; mode=block
17:04:01.195 [main] DEBUG org.apache.http.headers -- << Cache-Control: no-cache, no-store, max-age=0, must-revalidate
17:04:01.195 [main] DEBUG org.apache.http.headers -- << Pragma: no-cache
17:04:01.195 [main] DEBUG org.apache.http.headers -- << Expires: 0
17:04:01.195 [main] DEBUG org.apache.http.headers -- << X-Frame-Options: DENY
17:04:01.195 [main] DEBUG org.apache.http.headers -- << Content-Length: 0
17:04:01.195 [main] DEBUG org.apache.http.headers -- << Date: Fri, 03 Jan 2025 11:34:02 GMT
17:04:01.195 [main] DEBUG org.apache.http.headers -- << Keep-Alive: timeout=60
17:04:01.195 [main] DEBUG org.apache.http.headers -- << Connection: keep-alive
17:04:01.195 [main] DEBUG org.apache.http.impl.client.DefaultHttpClient -- Connection can be kept alive for 60000 MILLISECONDS
17:04:01.195 [main] DEBUG org.apache.http.impl.client.DefaultHttpClient -- Authentication required
17:04:01.195 [main] DEBUG org.apache.http.impl.client.DefaultHttpClient -- 13.60.22.209:7081 requested authentication
17:04:01.195 [main] DEBUG org.apache.http.impl.client.TargetAuthenticationStrategy -- Authentication schemes in the order of preference: [Negotiate, Kerberos, NTLM, CredSSP, Digest, Basic]
17:04:01.195 [main] DEBUG org.apache.http.impl.client.TargetAuthenticationStrategy -- Challenge for Negotiate authentication scheme not available
17:04:01.195 [main] DEBUG org.apache.http.impl.client.TargetAuthenticationStrategy -- Challenge for Kerberos authentication scheme not available
17:04:01.195 [main] DEBUG org.apache.http.impl.client.TargetAuthenticationStrategy -- Challenge for NTLM authentication scheme not available
17:04:01.195 [main] DEBUG org.apache.http.impl.client.TargetAuthenticationStrategy -- Challenge for CredSSP authentication scheme not available
17:04:01.195 [main] DEBUG org.apache.http.impl.client.TargetAuthenticationStrategy -- Challenge for Digest authentication scheme not available
17:04:01.195 [main] DEBUG org.apache.http.impl.client.DefaultHttpClient -- Selected authentication options: [BASIC [complete=true]]
17:04:01.197 [main] DEBUG org.apache.http.client.protocol.RequestAddCookies -- CookieSpec selected: ignoreCookies
17:04:01.197 [main] DEBUG org.apache.http.client.protocol.RequestAuthCache -- Auth cache not set in the context
17:04:01.197 [main] DEBUG org.apache.http.client.protocol.RequestTargetAuthentication -- Target auth state: CHALLENGED
17:04:01.197 [main] DEBUG org.apache.http.client.protocol.RequestTargetAuthentication -- Generating response to an authentication challenge using basic scheme
17:04:01.197 [main] DEBUG org.apache.http.client.protocol.RequestProxyAuthentication -- Proxy auth state: UNCHALLENGED
17:04:01.197 [main] DEBUG org.apache.http.impl.client.DefaultHttpClient -- Attempt 2 to execute request
17:04:01.197 [main] DEBUG org.apache.http.impl.conn.DefaultClientConnection -- Sending request: PUT /api/books/1 HTTP/1.1
17:04:01.197 [main] DEBUG org.apache.http.wire --  >> "PUT /api/books/1 HTTP/1.1[\r][\n]"
17:04:01.197 [main] DEBUG org.apache.http.wire --  >> "Accept: */*[\r][\n]"
17:04:01.197 [main] DEBUG org.apache.http.wire --  >> "Content-Type: application/json[\r][\n]"
17:04:01.197 [main] DEBUG org.apache.http.wire --  >> "Content-Length: 63[\r][\n]"
17:04:01.197 [main] DEBUG org.apache.http.wire --  >> "Host: 13.60.22.209:7081[\r][\n]"
17:04:01.197 [main] DEBUG org.apache.http.wire --  >> "Connection: Keep-Alive[\r][\n]"
17:04:01.197 [main] DEBUG org.apache.http.wire --  >> "User-Agent: Apache-HttpClient/4.5.13 (Java/17.0.9)[\r][\n]"
17:04:01.197 [main] DEBUG org.apache.http.wire --  >> "Authorization: Basic YWRtaW46cGFzc3dvcmQ=[\r][\n]"
17:04:01.197 [main] DEBUG org.apache.http.wire --  >> "Accept-Encoding: gzip,deflate[\r][\n]"
17:04:01.197 [main] DEBUG org.apache.http.wire --  >> "[\r][\n]"
17:04:01.197 [main] DEBUG org.apache.http.headers -- >> PUT /api/books/1 HTTP/1.1
17:04:01.197 [main] DEBUG org.apache.http.headers -- >> Accept: */*
17:04:01.197 [main] DEBUG org.apache.http.headers -- >> Content-Type: application/json
17:04:01.197 [main] DEBUG org.apache.http.headers -- >> Content-Length: 63
17:04:01.197 [main] DEBUG org.apache.http.headers -- >> Host: 13.60.22.209:7081
17:04:01.197 [main] DEBUG org.apache.http.headers -- >> Connection: Keep-Alive
17:04:01.197 [main] DEBUG org.apache.http.headers -- >> User-Agent: Apache-HttpClient/4.5.13 (Java/17.0.9)
17:04:01.197 [main] DEBUG org.apache.http.headers -- >> Authorization: Basic YWRtaW46cGFzc3dvcmQ=
17:04:01.197 [main] DEBUG org.apache.http.headers -- >> Accept-Encoding: gzip,deflate
17:04:01.197 [main] DEBUG org.apache.http.wire --  >> "{"author":"CorrectAuthor","id":1,"title":"TitleOfAnotherBook1"}"
17:04:01.478 [main] DEBUG org.apache.http.wire --  << "HTTP/1.1 404 [\r][\n]"
17:04:01.479 [main] DEBUG org.apache.http.wire --  << "Set-Cookie: JSESSIONID=0C9D62A18EDA536C9224D339B1114B55; Path=/; HttpOnly[\r][\n]"
17:04:01.479 [main] DEBUG org.apache.http.wire --  << "X-Content-Type-Options: nosniff[\r][\n]"
17:04:01.479 [main] DEBUG org.apache.http.wire --  << "X-XSS-Protection: 1; mode=block[\r][\n]"
17:04:01.479 [main] DEBUG org.apache.http.wire --  << "Cache-Control: no-cache, no-store, max-age=0, must-revalidate[\r][\n]"
17:04:01.479 [main] DEBUG org.apache.http.wire --  << "Pragma: no-cache[\r][\n]"
17:04:01.479 [main] DEBUG org.apache.http.wire --  << "Expires: 0[\r][\n]"
17:04:01.479 [main] DEBUG org.apache.http.wire --  << "X-Frame-Options: DENY[\r][\n]"
17:04:01.479 [main] DEBUG org.apache.http.wire --  << "Content-Type: text/plain;charset=UTF-8[\r][\n]"
17:04:01.479 [main] DEBUG org.apache.http.wire --  << "Content-Length: 14[\r][\n]"
17:04:01.479 [main] DEBUG org.apache.http.wire --  << "Date: Fri, 03 Jan 2025 11:34:02 GMT[\r][\n]"
17:04:01.479 [main] DEBUG org.apache.http.wire --  << "Keep-Alive: timeout=60[\r][\n]"
17:04:01.479 [main] DEBUG org.apache.http.wire --  << "Connection: keep-alive[\r][\n]"
17:04:01.479 [main] DEBUG org.apache.http.wire --  << "[\r][\n]"
17:04:01.479 [main] DEBUG org.apache.http.impl.conn.DefaultClientConnection -- Receiving response: HTTP/1.1 404 
17:04:01.479 [main] DEBUG org.apache.http.headers -- << HTTP/1.1 404 
17:04:01.479 [main] DEBUG org.apache.http.headers -- << Set-Cookie: JSESSIONID=0C9D62A18EDA536C9224D339B1114B55; Path=/; HttpOnly
17:04:01.479 [main] DEBUG org.apache.http.headers -- << X-Content-Type-Options: nosniff
17:04:01.479 [main] DEBUG org.apache.http.headers -- << X-XSS-Protection: 1; mode=block
17:04:01.479 [main] DEBUG org.apache.http.headers -- << Cache-Control: no-cache, no-store, max-age=0, must-revalidate
17:04:01.479 [main] DEBUG org.apache.http.headers -- << Pragma: no-cache
17:04:01.479 [main] DEBUG org.apache.http.headers -- << Expires: 0
17:04:01.479 [main] DEBUG org.apache.http.headers -- << X-Frame-Options: DENY
17:04:01.479 [main] DEBUG org.apache.http.headers -- << Content-Type: text/plain;charset=UTF-8
17:04:01.479 [main] DEBUG org.apache.http.headers -- << Content-Length: 14
17:04:01.479 [main] DEBUG org.apache.http.headers -- << Date: Fri, 03 Jan 2025 11:34:02 GMT
17:04:01.479 [main] DEBUG org.apache.http.headers -- << Keep-Alive: timeout=60
17:04:01.479 [main] DEBUG org.apache.http.headers -- << Connection: keep-alive
17:04:01.480 [main] DEBUG org.apache.http.impl.client.DefaultHttpClient -- Connection can be kept alive for 60000 MILLISECONDS
17:04:01.480 [main] DEBUG org.apache.http.impl.client.DefaultHttpClient -- Authentication succeeded
17:04:01.480 [main] DEBUG org.apache.http.impl.client.TargetAuthenticationStrategy -- Caching 'basic' auth scheme for http://13.60.22.209:7081
17:04:01.480 [main] DEBUG io.restassured.internal.RestAssuredHttpBuilder -- Parsing response as: text/plain;charset=UTF-8
17:04:01.480 [main] DEBUG io.restassured.internal.RestAssuredHttpBuilder -- Parsed data to instance of: class org.apache.http.conn.EofSensorInputStream
]]></system-out>
  </testcase>
  <testcase name="testUpdateBookWithEmptyAuthor" classname="TestCases.PutBookAPITests" time="0.664">
    <failure message="Expected status code is 400 for empty author expected [400] but found [200]" type="java.lang.AssertionError"><![CDATA[java.lang.AssertionError: Expected status code is 400 for empty author expected [400] but found [200]
	at org.testng.Assert.fail(Assert.java:110)
	at org.testng.Assert.failNotEquals(Assert.java:1413)
	at org.testng.Assert.assertEqualsImpl(Assert.java:149)
	at org.testng.Assert.assertEquals(Assert.java:131)
	at org.testng.Assert.assertEquals(Assert.java:1240)
	at TestCases.PutBookAPITests.testUpdateBookWithEmptyAuthor(PutBookAPITests.java:117)
	at java.base/jdk.internal.reflect.NativeMethodAccessorImpl.invoke0(Native Method)
	at java.base/jdk.internal.reflect.NativeMethodAccessorImpl.invoke(NativeMethodAccessorImpl.java:77)
	at java.base/jdk.internal.reflect.DelegatingMethodAccessorImpl.invoke(DelegatingMethodAccessorImpl.java:43)
	at java.base/java.lang.reflect.Method.invoke(Method.java:568)
	at org.testng.internal.invokers.MethodInvocationHelper.invokeMethod(MethodInvocationHelper.java:139)
	at org.testng.internal.invokers.TestInvoker.invokeMethod(TestInvoker.java:677)
	at org.testng.internal.invokers.TestInvoker.invokeTestMethod(TestInvoker.java:221)
	at org.testng.internal.invokers.MethodRunner.runInSequence(MethodRunner.java:50)
	at org.testng.internal.invokers.TestInvoker$MethodInvocationAgent.invoke(TestInvoker.java:969)
	at org.testng.internal.invokers.TestInvoker.invokeTestMethods(TestInvoker.java:194)
	at org.testng.internal.invokers.TestMethodWorker.invokeTestMethods(TestMethodWorker.java:148)
	at org.testng.internal.invokers.TestMethodWorker.run(TestMethodWorker.java:128)
	at java.base/java.util.ArrayList.forEach(ArrayList.java:1511)
	at org.testng.TestRunner.privateRun(TestRunner.java:829)
	at org.testng.TestRunner.run(TestRunner.java:602)
	at org.testng.SuiteRunner.runTest(SuiteRunner.java:437)
	at org.testng.SuiteRunner.runSequentially(SuiteRunner.java:431)
	at org.testng.SuiteRunner.privateRun(SuiteRunner.java:391)
	at org.testng.SuiteRunner.run(SuiteRunner.java:330)
	at org.testng.SuiteRunnerWorker.runSuite(SuiteRunnerWorker.java:52)
	at org.testng.SuiteRunnerWorker.run(SuiteRunnerWorker.java:95)
	at org.testng.TestNG.runSuitesSequentially(TestNG.java:1256)
	at org.testng.TestNG.runSuitesLocally(TestNG.java:1176)
	at org.testng.TestNG.runSuites(TestNG.java:1099)
	at org.testng.TestNG.run(TestNG.java:1067)
	at org.apache.maven.surefire.testng.TestNGExecutor.run(TestNGExecutor.java:324)
	at org.apache.maven.surefire.testng.TestNGXmlTestSuite.execute(TestNGXmlTestSuite.java:74)
	at org.apache.maven.surefire.testng.TestNGProvider.invoke(TestNGProvider.java:123)
	at org.apache.maven.surefire.booter.ForkedBooter.runSuitesInProcess(ForkedBooter.java:456)
	at org.apache.maven.surefire.booter.ForkedBooter.execute(ForkedBooter.java:169)
	at org.apache.maven.surefire.booter.ForkedBooter.run(ForkedBooter.java:595)
	at org.apache.maven.surefire.booter.ForkedBooter.main(ForkedBooter.java:581)
]]></failure>
    <system-out><![CDATA[17:04:01.544 [main] DEBUG org.apache.http.impl.conn.BasicClientConnectionManager -- Get connection for route {}->http://13.60.22.209:7081
17:04:01.544 [main] DEBUG org.apache.http.impl.conn.DefaultClientConnectionOperator -- Connecting to 13.60.22.209:7081
17:04:01.707 [main] DEBUG org.apache.http.client.protocol.RequestAddCookies -- CookieSpec selected: ignoreCookies
17:04:01.708 [main] DEBUG org.apache.http.client.protocol.RequestAuthCache -- Auth cache not set in the context
17:04:01.708 [main] DEBUG org.apache.http.client.protocol.RequestTargetAuthentication -- Target auth state: UNCHALLENGED
17:04:01.708 [main] DEBUG org.apache.http.client.protocol.RequestProxyAuthentication -- Proxy auth state: UNCHALLENGED
17:04:01.708 [main] DEBUG org.apache.http.impl.client.DefaultHttpClient -- Attempt 1 to execute request
17:04:01.708 [main] DEBUG org.apache.http.impl.conn.DefaultClientConnection -- Sending request: PUT /api/books/2 HTTP/1.1
17:04:01.708 [main] DEBUG org.apache.http.wire --  >> "PUT /api/books/2 HTTP/1.1[\r][\n]"
17:04:01.708 [main] DEBUG org.apache.http.wire --  >> "Accept: */*[\r][\n]"
17:04:01.708 [main] DEBUG org.apache.http.wire --  >> "Content-Type: application/json[\r][\n]"
17:04:01.708 [main] DEBUG org.apache.http.wire --  >> "Content-Length: 43[\r][\n]"
17:04:01.708 [main] DEBUG org.apache.http.wire --  >> "Host: 13.60.22.209:7081[\r][\n]"
17:04:01.708 [main] DEBUG org.apache.http.wire --  >> "Connection: Keep-Alive[\r][\n]"
17:04:01.708 [main] DEBUG org.apache.http.wire --  >> "User-Agent: Apache-HttpClient/4.5.13 (Java/17.0.9)[\r][\n]"
17:04:01.708 [main] DEBUG org.apache.http.wire --  >> "Accept-Encoding: gzip,deflate[\r][\n]"
17:04:01.708 [main] DEBUG org.apache.http.wire --  >> "[\r][\n]"
17:04:01.708 [main] DEBUG org.apache.http.headers -- >> PUT /api/books/2 HTTP/1.1
17:04:01.708 [main] DEBUG org.apache.http.headers -- >> Accept: */*
17:04:01.708 [main] DEBUG org.apache.http.headers -- >> Content-Type: application/json
17:04:01.708 [main] DEBUG org.apache.http.headers -- >> Content-Length: 43
17:04:01.708 [main] DEBUG org.apache.http.headers -- >> Host: 13.60.22.209:7081
17:04:01.708 [main] DEBUG org.apache.http.headers -- >> Connection: Keep-Alive
17:04:01.708 [main] DEBUG org.apache.http.headers -- >> User-Agent: Apache-HttpClient/4.5.13 (Java/17.0.9)
17:04:01.708 [main] DEBUG org.apache.http.headers -- >> Accept-Encoding: gzip,deflate
17:04:01.708 [main] DEBUG org.apache.http.wire --  >> "{"author":"","id":2,"title":"Valid Title3"}"
17:04:01.874 [main] DEBUG org.apache.http.wire --  << "HTTP/1.1 401 [\r][\n]"
17:04:01.874 [main] DEBUG org.apache.http.wire --  << "Set-Cookie: JSESSIONID=C74A891EF214E052AA38B66A9CF8EA30; Path=/; HttpOnly[\r][\n]"
17:04:01.874 [main] DEBUG org.apache.http.wire --  << "WWW-Authenticate: Basic realm="Realm"[\r][\n]"
17:04:01.874 [main] DEBUG org.apache.http.wire --  << "X-Content-Type-Options: nosniff[\r][\n]"
17:04:01.874 [main] DEBUG org.apache.http.wire --  << "X-XSS-Protection: 1; mode=block[\r][\n]"
17:04:01.874 [main] DEBUG org.apache.http.wire --  << "Cache-Control: no-cache, no-store, max-age=0, must-revalidate[\r][\n]"
17:04:01.874 [main] DEBUG org.apache.http.wire --  << "Pragma: no-cache[\r][\n]"
17:04:01.874 [main] DEBUG org.apache.http.wire --  << "Expires: 0[\r][\n]"
17:04:01.874 [main] DEBUG org.apache.http.wire --  << "X-Frame-Options: DENY[\r][\n]"
17:04:01.874 [main] DEBUG org.apache.http.wire --  << "Content-Length: 0[\r][\n]"
17:04:01.874 [main] DEBUG org.apache.http.wire --  << "Date: Fri, 03 Jan 2025 11:34:02 GMT[\r][\n]"
17:04:01.874 [main] DEBUG org.apache.http.wire --  << "Keep-Alive: timeout=60[\r][\n]"
17:04:01.874 [main] DEBUG org.apache.http.wire --  << "Connection: keep-alive[\r][\n]"
17:04:01.874 [main] DEBUG org.apache.http.wire --  << "[\r][\n]"
17:04:01.874 [main] DEBUG org.apache.http.impl.conn.DefaultClientConnection -- Receiving response: HTTP/1.1 401 
17:04:01.874 [main] DEBUG org.apache.http.headers -- << HTTP/1.1 401 
17:04:01.875 [main] DEBUG org.apache.http.headers -- << Set-Cookie: JSESSIONID=C74A891EF214E052AA38B66A9CF8EA30; Path=/; HttpOnly
17:04:01.875 [main] DEBUG org.apache.http.headers -- << WWW-Authenticate: Basic realm="Realm"
17:04:01.875 [main] DEBUG org.apache.http.headers -- << X-Content-Type-Options: nosniff
17:04:01.875 [main] DEBUG org.apache.http.headers -- << X-XSS-Protection: 1; mode=block
17:04:01.875 [main] DEBUG org.apache.http.headers -- << Cache-Control: no-cache, no-store, max-age=0, must-revalidate
17:04:01.875 [main] DEBUG org.apache.http.headers -- << Pragma: no-cache
17:04:01.875 [main] DEBUG org.apache.http.headers -- << Expires: 0
17:04:01.875 [main] DEBUG org.apache.http.headers -- << X-Frame-Options: DENY
17:04:01.875 [main] DEBUG org.apache.http.headers -- << Content-Length: 0
17:04:01.875 [main] DEBUG org.apache.http.headers -- << Date: Fri, 03 Jan 2025 11:34:02 GMT
17:04:01.875 [main] DEBUG org.apache.http.headers -- << Keep-Alive: timeout=60
17:04:01.875 [main] DEBUG org.apache.http.headers -- << Connection: keep-alive
17:04:01.875 [main] DEBUG org.apache.http.impl.client.DefaultHttpClient -- Connection can be kept alive for 60000 MILLISECONDS
17:04:01.875 [main] DEBUG org.apache.http.impl.client.DefaultHttpClient -- Authentication required
17:04:01.875 [main] DEBUG org.apache.http.impl.client.DefaultHttpClient -- 13.60.22.209:7081 requested authentication
17:04:01.875 [main] DEBUG org.apache.http.impl.client.TargetAuthenticationStrategy -- Authentication schemes in the order of preference: [Negotiate, Kerberos, NTLM, CredSSP, Digest, Basic]
17:04:01.875 [main] DEBUG org.apache.http.impl.client.TargetAuthenticationStrategy -- Challenge for Negotiate authentication scheme not available
17:04:01.875 [main] DEBUG org.apache.http.impl.client.TargetAuthenticationStrategy -- Challenge for Kerberos authentication scheme not available
17:04:01.875 [main] DEBUG org.apache.http.impl.client.TargetAuthenticationStrategy -- Challenge for NTLM authentication scheme not available
17:04:01.875 [main] DEBUG org.apache.http.impl.client.TargetAuthenticationStrategy -- Challenge for CredSSP authentication scheme not available
17:04:01.875 [main] DEBUG org.apache.http.impl.client.TargetAuthenticationStrategy -- Challenge for Digest authentication scheme not available
17:04:01.876 [main] DEBUG org.apache.http.impl.client.DefaultHttpClient -- Selected authentication options: [BASIC [complete=true]]
17:04:01.876 [main] DEBUG org.apache.http.client.protocol.RequestAddCookies -- CookieSpec selected: ignoreCookies
17:04:01.876 [main] DEBUG org.apache.http.client.protocol.RequestAuthCache -- Auth cache not set in the context
17:04:01.876 [main] DEBUG org.apache.http.client.protocol.RequestTargetAuthentication -- Target auth state: CHALLENGED
17:04:01.876 [main] DEBUG org.apache.http.client.protocol.RequestTargetAuthentication -- Generating response to an authentication challenge using basic scheme
17:04:01.876 [main] DEBUG org.apache.http.client.protocol.RequestProxyAuthentication -- Proxy auth state: UNCHALLENGED
17:04:01.876 [main] DEBUG org.apache.http.impl.client.DefaultHttpClient -- Attempt 2 to execute request
17:04:01.877 [main] DEBUG org.apache.http.impl.conn.DefaultClientConnection -- Sending request: PUT /api/books/2 HTTP/1.1
17:04:01.877 [main] DEBUG org.apache.http.wire --  >> "PUT /api/books/2 HTTP/1.1[\r][\n]"
17:04:01.877 [main] DEBUG org.apache.http.wire --  >> "Accept: */*[\r][\n]"
17:04:01.877 [main] DEBUG org.apache.http.wire --  >> "Content-Type: application/json[\r][\n]"
17:04:01.877 [main] DEBUG org.apache.http.wire --  >> "Content-Length: 43[\r][\n]"
17:04:01.877 [main] DEBUG org.apache.http.wire --  >> "Host: 13.60.22.209:7081[\r][\n]"
17:04:01.877 [main] DEBUG org.apache.http.wire --  >> "Connection: Keep-Alive[\r][\n]"
17:04:01.877 [main] DEBUG org.apache.http.wire --  >> "User-Agent: Apache-HttpClient/4.5.13 (Java/17.0.9)[\r][\n]"
17:04:01.877 [main] DEBUG org.apache.http.wire --  >> "Authorization: Basic YWRtaW46cGFzc3dvcmQ=[\r][\n]"
17:04:01.877 [main] DEBUG org.apache.http.wire --  >> "Accept-Encoding: gzip,deflate[\r][\n]"
17:04:01.877 [main] DEBUG org.apache.http.wire --  >> "[\r][\n]"
17:04:01.877 [main] DEBUG org.apache.http.headers -- >> PUT /api/books/2 HTTP/1.1
17:04:01.877 [main] DEBUG org.apache.http.headers -- >> Accept: */*
17:04:01.877 [main] DEBUG org.apache.http.headers -- >> Content-Type: application/json
17:04:01.877 [main] DEBUG org.apache.http.headers -- >> Content-Length: 43
17:04:01.877 [main] DEBUG org.apache.http.headers -- >> Host: 13.60.22.209:7081
17:04:01.877 [main] DEBUG org.apache.http.headers -- >> Connection: Keep-Alive
17:04:01.877 [main] DEBUG org.apache.http.headers -- >> User-Agent: Apache-HttpClient/4.5.13 (Java/17.0.9)
17:04:01.877 [main] DEBUG org.apache.http.headers -- >> Authorization: Basic YWRtaW46cGFzc3dvcmQ=
17:04:01.877 [main] DEBUG org.apache.http.headers -- >> Accept-Encoding: gzip,deflate
17:04:01.877 [main] DEBUG org.apache.http.wire --  >> "{"author":"","id":2,"title":"Valid Title3"}"
17:04:02.152 [main] DEBUG org.apache.http.wire --  << "HTTP/1.1 200 [\r][\n]"
17:04:02.152 [main] DEBUG org.apache.http.wire --  << "Set-Cookie: JSESSIONID=68DA33EF2E83F918679FC83034E6C097; Path=/; HttpOnly[\r][\n]"
17:04:02.152 [main] DEBUG org.apache.http.wire --  << "X-Content-Type-Options: nosniff[\r][\n]"
17:04:02.152 [main] DEBUG org.apache.http.wire --  << "X-XSS-Protection: 1; mode=block[\r][\n]"
17:04:02.152 [main] DEBUG org.apache.http.wire --  << "Cache-Control: no-cache, no-store, max-age=0, must-revalidate[\r][\n]"
17:04:02.152 [main] DEBUG org.apache.http.wire --  << "Pragma: no-cache[\r][\n]"
17:04:02.152 [main] DEBUG org.apache.http.wire --  << "Expires: 0[\r][\n]"
17:04:02.152 [main] DEBUG org.apache.http.wire --  << "X-Frame-Options: DENY[\r][\n]"
17:04:02.152 [main] DEBUG org.apache.http.wire --  << "Content-Type: application/json[\r][\n]"
17:04:02.152 [main] DEBUG org.apache.http.wire --  << "Transfer-Encoding: chunked[\r][\n]"
17:04:02.152 [main] DEBUG org.apache.http.wire --  << "Date: Fri, 03 Jan 2025 11:34:02 GMT[\r][\n]"
17:04:02.152 [main] DEBUG org.apache.http.wire --  << "Keep-Alive: timeout=60[\r][\n]"
17:04:02.152 [main] DEBUG org.apache.http.wire --  << "Connection: keep-alive[\r][\n]"
17:04:02.152 [main] DEBUG org.apache.http.wire --  << "[\r][\n]"
17:04:02.153 [main] DEBUG org.apache.http.impl.conn.DefaultClientConnection -- Receiving response: HTTP/1.1 200 
17:04:02.153 [main] DEBUG org.apache.http.headers -- << HTTP/1.1 200 
17:04:02.153 [main] DEBUG org.apache.http.headers -- << Set-Cookie: JSESSIONID=68DA33EF2E83F918679FC83034E6C097; Path=/; HttpOnly
17:04:02.153 [main] DEBUG org.apache.http.headers -- << X-Content-Type-Options: nosniff
17:04:02.153 [main] DEBUG org.apache.http.headers -- << X-XSS-Protection: 1; mode=block
17:04:02.153 [main] DEBUG org.apache.http.headers -- << Cache-Control: no-cache, no-store, max-age=0, must-revalidate
17:04:02.153 [main] DEBUG org.apache.http.headers -- << Pragma: no-cache
17:04:02.153 [main] DEBUG org.apache.http.headers -- << Expires: 0
17:04:02.153 [main] DEBUG org.apache.http.headers -- << X-Frame-Options: DENY
17:04:02.153 [main] DEBUG org.apache.http.headers -- << Content-Type: application/json
17:04:02.153 [main] DEBUG org.apache.http.headers -- << Transfer-Encoding: chunked
17:04:02.153 [main] DEBUG org.apache.http.headers -- << Date: Fri, 03 Jan 2025 11:34:02 GMT
17:04:02.153 [main] DEBUG org.apache.http.headers -- << Keep-Alive: timeout=60
17:04:02.153 [main] DEBUG org.apache.http.headers -- << Connection: keep-alive
17:04:02.153 [main] DEBUG org.apache.http.impl.client.DefaultHttpClient -- Connection can be kept alive for 60000 MILLISECONDS
17:04:02.153 [main] DEBUG org.apache.http.impl.client.DefaultHttpClient -- Authentication succeeded
17:04:02.153 [main] DEBUG org.apache.http.impl.client.TargetAuthenticationStrategy -- Caching 'basic' auth scheme for http://13.60.22.209:7081
17:04:02.153 [main] DEBUG io.restassured.internal.RestAssuredHttpBuilder -- Parsing response as: application/json
17:04:02.153 [main] DEBUG io.restassured.internal.RestAssuredHttpBuilder -- Parsed data to instance of: class org.apache.http.conn.EofSensorInputStream
]]></system-out>
  </testcase>
  <testcase name="testUpdateBookWithInvalidIdAsAdmin" classname="TestCases.PutBookAPITests" time="0.678">
    <system-out><![CDATA[17:04:02.168 [main] DEBUG org.apache.http.impl.conn.BasicClientConnectionManager -- Get connection for route {}->http://13.60.22.209:7081
17:04:02.169 [main] DEBUG org.apache.http.impl.conn.DefaultClientConnectionOperator -- Connecting to 13.60.22.209:7081
17:04:02.347 [main] DEBUG org.apache.http.client.protocol.RequestAddCookies -- CookieSpec selected: ignoreCookies
17:04:02.347 [main] DEBUG org.apache.http.client.protocol.RequestAuthCache -- Auth cache not set in the context
17:04:02.348 [main] DEBUG org.apache.http.client.protocol.RequestTargetAuthentication -- Target auth state: UNCHALLENGED
17:04:02.348 [main] DEBUG org.apache.http.client.protocol.RequestProxyAuthentication -- Proxy auth state: UNCHALLENGED
17:04:02.348 [main] DEBUG org.apache.http.impl.client.DefaultHttpClient -- Attempt 1 to execute request
17:04:02.348 [main] DEBUG org.apache.http.impl.conn.DefaultClientConnection -- Sending request: PUT /api/books/999 HTTP/1.1
17:04:02.348 [main] DEBUG org.apache.http.wire --  >> "PUT /api/books/999 HTTP/1.1[\r][\n]"
17:04:02.348 [main] DEBUG org.apache.http.wire --  >> "Accept: */*[\r][\n]"
17:04:02.348 [main] DEBUG org.apache.http.wire --  >> "Content-Type: application/json[\r][\n]"
17:04:02.348 [main] DEBUG org.apache.http.wire --  >> "Content-Length: 61[\r][\n]"
17:04:02.348 [main] DEBUG org.apache.http.wire --  >> "Host: 13.60.22.209:7081[\r][\n]"
17:04:02.348 [main] DEBUG org.apache.http.wire --  >> "Connection: Keep-Alive[\r][\n]"
17:04:02.348 [main] DEBUG org.apache.http.wire --  >> "User-Agent: Apache-HttpClient/4.5.13 (Java/17.0.9)[\r][\n]"
17:04:02.348 [main] DEBUG org.apache.http.wire --  >> "Accept-Encoding: gzip,deflate[\r][\n]"
17:04:02.348 [main] DEBUG org.apache.http.wire --  >> "[\r][\n]"
17:04:02.348 [main] DEBUG org.apache.http.headers -- >> PUT /api/books/999 HTTP/1.1
17:04:02.348 [main] DEBUG org.apache.http.headers -- >> Accept: */*
17:04:02.348 [main] DEBUG org.apache.http.headers -- >> Content-Type: application/json
17:04:02.348 [main] DEBUG org.apache.http.headers -- >> Content-Length: 61
17:04:02.348 [main] DEBUG org.apache.http.headers -- >> Host: 13.60.22.209:7081
17:04:02.348 [main] DEBUG org.apache.http.headers -- >> Connection: Keep-Alive
17:04:02.348 [main] DEBUG org.apache.http.headers -- >> User-Agent: Apache-HttpClient/4.5.13 (Java/17.0.9)
17:04:02.348 [main] DEBUG org.apache.http.headers -- >> Accept-Encoding: gzip,deflate
17:04:02.348 [main] DEBUG org.apache.http.wire --  >> "{"author":"Mr Invisible","id":999,"title":"Miracle Stories "}"
17:04:02.534 [main] DEBUG org.apache.http.wire --  << "HTTP/1.1 401 [\r][\n]"
17:04:02.534 [main] DEBUG org.apache.http.wire --  << "Set-Cookie: JSESSIONID=FF8D9EF433C167192C96F8E16DC06158; Path=/; HttpOnly[\r][\n]"
17:04:02.534 [main] DEBUG org.apache.http.wire --  << "WWW-Authenticate: Basic realm="Realm"[\r][\n]"
17:04:02.534 [main] DEBUG org.apache.http.wire --  << "X-Content-Type-Options: nosniff[\r][\n]"
17:04:02.534 [main] DEBUG org.apache.http.wire --  << "X-XSS-Protection: 1; mode=block[\r][\n]"
17:04:02.534 [main] DEBUG org.apache.http.wire --  << "Cache-Control: no-cache, no-store, max-age=0, must-revalidate[\r][\n]"
17:04:02.534 [main] DEBUG org.apache.http.wire --  << "Pragma: no-cache[\r][\n]"
17:04:02.534 [main] DEBUG org.apache.http.wire --  << "Expires: 0[\r][\n]"
17:04:02.534 [main] DEBUG org.apache.http.wire --  << "X-Frame-Options: DENY[\r][\n]"
17:04:02.534 [main] DEBUG org.apache.http.wire --  << "Content-Length: 0[\r][\n]"
17:04:02.534 [main] DEBUG org.apache.http.wire --  << "Date: Fri, 03 Jan 2025 11:34:03 GMT[\r][\n]"
17:04:02.534 [main] DEBUG org.apache.http.wire --  << "Keep-Alive: timeout=60[\r][\n]"
17:04:02.534 [main] DEBUG org.apache.http.wire --  << "Connection: keep-alive[\r][\n]"
17:04:02.534 [main] DEBUG org.apache.http.wire --  << "[\r][\n]"
17:04:02.534 [main] DEBUG org.apache.http.impl.conn.DefaultClientConnection -- Receiving response: HTTP/1.1 401 
17:04:02.534 [main] DEBUG org.apache.http.headers -- << HTTP/1.1 401 
17:04:02.534 [main] DEBUG org.apache.http.headers -- << Set-Cookie: JSESSIONID=FF8D9EF433C167192C96F8E16DC06158; Path=/; HttpOnly
17:04:02.534 [main] DEBUG org.apache.http.headers -- << WWW-Authenticate: Basic realm="Realm"
17:04:02.534 [main] DEBUG org.apache.http.headers -- << X-Content-Type-Options: nosniff
17:04:02.534 [main] DEBUG org.apache.http.headers -- << X-XSS-Protection: 1; mode=block
17:04:02.534 [main] DEBUG org.apache.http.headers -- << Cache-Control: no-cache, no-store, max-age=0, must-revalidate
17:04:02.534 [main] DEBUG org.apache.http.headers -- << Pragma: no-cache
17:04:02.534 [main] DEBUG org.apache.http.headers -- << Expires: 0
17:04:02.534 [main] DEBUG org.apache.http.headers -- << X-Frame-Options: DENY
17:04:02.534 [main] DEBUG org.apache.http.headers -- << Content-Length: 0
17:04:02.534 [main] DEBUG org.apache.http.headers -- << Date: Fri, 03 Jan 2025 11:34:03 GMT
17:04:02.534 [main] DEBUG org.apache.http.headers -- << Keep-Alive: timeout=60
17:04:02.535 [main] DEBUG org.apache.http.headers -- << Connection: keep-alive
17:04:02.535 [main] DEBUG org.apache.http.impl.client.DefaultHttpClient -- Connection can be kept alive for 60000 MILLISECONDS
17:04:02.535 [main] DEBUG org.apache.http.impl.client.DefaultHttpClient -- Authentication required
17:04:02.535 [main] DEBUG org.apache.http.impl.client.DefaultHttpClient -- 13.60.22.209:7081 requested authentication
17:04:02.535 [main] DEBUG org.apache.http.impl.client.TargetAuthenticationStrategy -- Authentication schemes in the order of preference: [Negotiate, Kerberos, NTLM, CredSSP, Digest, Basic]
17:04:02.535 [main] DEBUG org.apache.http.impl.client.TargetAuthenticationStrategy -- Challenge for Negotiate authentication scheme not available
17:04:02.535 [main] DEBUG org.apache.http.impl.client.TargetAuthenticationStrategy -- Challenge for Kerberos authentication scheme not available
17:04:02.535 [main] DEBUG org.apache.http.impl.client.TargetAuthenticationStrategy -- Challenge for NTLM authentication scheme not available
17:04:02.535 [main] DEBUG org.apache.http.impl.client.TargetAuthenticationStrategy -- Challenge for CredSSP authentication scheme not available
17:04:02.535 [main] DEBUG org.apache.http.impl.client.TargetAuthenticationStrategy -- Challenge for Digest authentication scheme not available
17:04:02.535 [main] DEBUG org.apache.http.impl.client.DefaultHttpClient -- Selected authentication options: [BASIC [complete=true]]
17:04:02.536 [main] DEBUG org.apache.http.client.protocol.RequestAddCookies -- CookieSpec selected: ignoreCookies
17:04:02.536 [main] DEBUG org.apache.http.client.protocol.RequestAuthCache -- Auth cache not set in the context
17:04:02.536 [main] DEBUG org.apache.http.client.protocol.RequestTargetAuthentication -- Target auth state: CHALLENGED
17:04:02.536 [main] DEBUG org.apache.http.client.protocol.RequestTargetAuthentication -- Generating response to an authentication challenge using basic scheme
17:04:02.536 [main] DEBUG org.apache.http.client.protocol.RequestProxyAuthentication -- Proxy auth state: UNCHALLENGED
17:04:02.536 [main] DEBUG org.apache.http.impl.client.DefaultHttpClient -- Attempt 2 to execute request
17:04:02.536 [main] DEBUG org.apache.http.impl.conn.DefaultClientConnection -- Sending request: PUT /api/books/999 HTTP/1.1
17:04:02.536 [main] DEBUG org.apache.http.wire --  >> "PUT /api/books/999 HTTP/1.1[\r][\n]"
17:04:02.536 [main] DEBUG org.apache.http.wire --  >> "Accept: */*[\r][\n]"
17:04:02.536 [main] DEBUG org.apache.http.wire --  >> "Content-Type: application/json[\r][\n]"
17:04:02.536 [main] DEBUG org.apache.http.wire --  >> "Content-Length: 61[\r][\n]"
17:04:02.536 [main] DEBUG org.apache.http.wire --  >> "Host: 13.60.22.209:7081[\r][\n]"
17:04:02.536 [main] DEBUG org.apache.http.wire --  >> "Connection: Keep-Alive[\r][\n]"
17:04:02.536 [main] DEBUG org.apache.http.wire --  >> "User-Agent: Apache-HttpClient/4.5.13 (Java/17.0.9)[\r][\n]"
17:04:02.536 [main] DEBUG org.apache.http.wire --  >> "Authorization: Basic YWRtaW46cGFzc3dvcmQ=[\r][\n]"
17:04:02.536 [main] DEBUG org.apache.http.wire --  >> "Accept-Encoding: gzip,deflate[\r][\n]"
17:04:02.536 [main] DEBUG org.apache.http.wire --  >> "[\r][\n]"
17:04:02.536 [main] DEBUG org.apache.http.headers -- >> PUT /api/books/999 HTTP/1.1
17:04:02.536 [main] DEBUG org.apache.http.headers -- >> Accept: */*
17:04:02.536 [main] DEBUG org.apache.http.headers -- >> Content-Type: application/json
17:04:02.536 [main] DEBUG org.apache.http.headers -- >> Content-Length: 61
17:04:02.537 [main] DEBUG org.apache.http.headers -- >> Host: 13.60.22.209:7081
17:04:02.537 [main] DEBUG org.apache.http.headers -- >> Connection: Keep-Alive
17:04:02.537 [main] DEBUG org.apache.http.headers -- >> User-Agent: Apache-HttpClient/4.5.13 (Java/17.0.9)
17:04:02.537 [main] DEBUG org.apache.http.headers -- >> Authorization: Basic YWRtaW46cGFzc3dvcmQ=
17:04:02.537 [main] DEBUG org.apache.http.headers -- >> Accept-Encoding: gzip,deflate
17:04:02.537 [main] DEBUG org.apache.http.wire --  >> "{"author":"Mr Invisible","id":999,"title":"Miracle Stories "}"
17:04:02.834 [main] DEBUG org.apache.http.wire --  << "HTTP/1.1 404 [\r][\n]"
17:04:02.834 [main] DEBUG org.apache.http.wire --  << "Set-Cookie: JSESSIONID=EB2855982106E2A42556C72D890FB43F; Path=/; HttpOnly[\r][\n]"
17:04:02.834 [main] DEBUG org.apache.http.wire --  << "X-Content-Type-Options: nosniff[\r][\n]"
17:04:02.834 [main] DEBUG org.apache.http.wire --  << "X-XSS-Protection: 1; mode=block[\r][\n]"
17:04:02.834 [main] DEBUG org.apache.http.wire --  << "Cache-Control: no-cache, no-store, max-age=0, must-revalidate[\r][\n]"
17:04:02.834 [main] DEBUG org.apache.http.wire --  << "Pragma: no-cache[\r][\n]"
17:04:02.834 [main] DEBUG org.apache.http.wire --  << "Expires: 0[\r][\n]"
17:04:02.834 [main] DEBUG org.apache.http.wire --  << "X-Frame-Options: DENY[\r][\n]"
17:04:02.834 [main] DEBUG org.apache.http.wire --  << "Content-Type: text/plain;charset=UTF-8[\r][\n]"
17:04:02.834 [main] DEBUG org.apache.http.wire --  << "Content-Length: 14[\r][\n]"
17:04:02.834 [main] DEBUG org.apache.http.wire --  << "Date: Fri, 03 Jan 2025 11:34:03 GMT[\r][\n]"
17:04:02.834 [main] DEBUG org.apache.http.wire --  << "Keep-Alive: timeout=60[\r][\n]"
17:04:02.834 [main] DEBUG org.apache.http.wire --  << "Connection: keep-alive[\r][\n]"
17:04:02.834 [main] DEBUG org.apache.http.wire --  << "[\r][\n]"
17:04:02.834 [main] DEBUG org.apache.http.impl.conn.DefaultClientConnection -- Receiving response: HTTP/1.1 404 
17:04:02.834 [main] DEBUG org.apache.http.headers -- << HTTP/1.1 404 
17:04:02.834 [main] DEBUG org.apache.http.headers -- << Set-Cookie: JSESSIONID=EB2855982106E2A42556C72D890FB43F; Path=/; HttpOnly
17:04:02.834 [main] DEBUG org.apache.http.headers -- << X-Content-Type-Options: nosniff
17:04:02.834 [main] DEBUG org.apache.http.headers -- << X-XSS-Protection: 1; mode=block
17:04:02.834 [main] DEBUG org.apache.http.headers -- << Cache-Control: no-cache, no-store, max-age=0, must-revalidate
17:04:02.834 [main] DEBUG org.apache.http.headers -- << Pragma: no-cache
17:04:02.834 [main] DEBUG org.apache.http.headers -- << Expires: 0
17:04:02.834 [main] DEBUG org.apache.http.headers -- << X-Frame-Options: DENY
17:04:02.834 [main] DEBUG org.apache.http.headers -- << Content-Type: text/plain;charset=UTF-8
17:04:02.834 [main] DEBUG org.apache.http.headers -- << Content-Length: 14
17:04:02.834 [main] DEBUG org.apache.http.headers -- << Date: Fri, 03 Jan 2025 11:34:03 GMT
17:04:02.834 [main] DEBUG org.apache.http.headers -- << Keep-Alive: timeout=60
17:04:02.834 [main] DEBUG org.apache.http.headers -- << Connection: keep-alive
17:04:02.835 [main] DEBUG org.apache.http.impl.client.DefaultHttpClient -- Connection can be kept alive for 60000 MILLISECONDS
17:04:02.835 [main] DEBUG org.apache.http.impl.client.DefaultHttpClient -- Authentication succeeded
17:04:02.835 [main] DEBUG org.apache.http.impl.client.TargetAuthenticationStrategy -- Caching 'basic' auth scheme for http://13.60.22.209:7081
17:04:02.835 [main] DEBUG io.restassured.internal.RestAssuredHttpBuilder -- Parsing response as: text/plain;charset=UTF-8
17:04:02.835 [main] DEBUG io.restassured.internal.RestAssuredHttpBuilder -- Parsed data to instance of: class org.apache.http.conn.EofSensorInputStream
17:04:02.835 [main] DEBUG org.apache.http.wire --  << "Book not found"
17:04:02.835 [main] DEBUG org.apache.http.impl.conn.BasicClientConnectionManager -- Releasing connection org.apache.http.impl.conn.ManagedClientConnectionImpl@7be94cd6
17:04:02.835 [main] DEBUG org.apache.http.impl.conn.BasicClientConnectionManager -- Connection can be kept alive for 60000 MILLISECONDS
]]></system-out>
  </testcase>
  <testcase name="testUpdateBookWithMissingOrInvalidTitleAsAdmin" classname="TestCases.PutBookAPITests" time="0.622">
    <failure message="Expected status code is 400 for missing/empty title expected [400] but found [200]" type="java.lang.AssertionError"><![CDATA[java.lang.AssertionError: Expected status code is 400 for missing/empty title expected [400] but found [200]
	at org.testng.Assert.fail(Assert.java:110)
	at org.testng.Assert.failNotEquals(Assert.java:1413)
	at org.testng.Assert.assertEqualsImpl(Assert.java:149)
	at org.testng.Assert.assertEquals(Assert.java:131)
	at org.testng.Assert.assertEquals(Assert.java:1240)
	at TestCases.PutBookAPITests.testUpdateBookWithMissingOrInvalidTitleAsAdmin(PutBookAPITests.java:185)
	at java.base/jdk.internal.reflect.NativeMethodAccessorImpl.invoke0(Native Method)
	at java.base/jdk.internal.reflect.NativeMethodAccessorImpl.invoke(NativeMethodAccessorImpl.java:77)
	at java.base/jdk.internal.reflect.DelegatingMethodAccessorImpl.invoke(DelegatingMethodAccessorImpl.java:43)
	at java.base/java.lang.reflect.Method.invoke(Method.java:568)
	at org.testng.internal.invokers.MethodInvocationHelper.invokeMethod(MethodInvocationHelper.java:139)
	at org.testng.internal.invokers.TestInvoker.invokeMethod(TestInvoker.java:677)
	at org.testng.internal.invokers.TestInvoker.invokeTestMethod(TestInvoker.java:221)
	at org.testng.internal.invokers.MethodRunner.runInSequence(MethodRunner.java:50)
	at org.testng.internal.invokers.TestInvoker$MethodInvocationAgent.invoke(TestInvoker.java:969)
	at org.testng.internal.invokers.TestInvoker.invokeTestMethods(TestInvoker.java:194)
	at org.testng.internal.invokers.TestMethodWorker.invokeTestMethods(TestMethodWorker.java:148)
	at org.testng.internal.invokers.TestMethodWorker.run(TestMethodWorker.java:128)
	at java.base/java.util.ArrayList.forEach(ArrayList.java:1511)
	at org.testng.TestRunner.privateRun(TestRunner.java:829)
	at org.testng.TestRunner.run(TestRunner.java:602)
	at org.testng.SuiteRunner.runTest(SuiteRunner.java:437)
	at org.testng.SuiteRunner.runSequentially(SuiteRunner.java:431)
	at org.testng.SuiteRunner.privateRun(SuiteRunner.java:391)
	at org.testng.SuiteRunner.run(SuiteRunner.java:330)
	at org.testng.SuiteRunnerWorker.runSuite(SuiteRunnerWorker.java:52)
	at org.testng.SuiteRunnerWorker.run(SuiteRunnerWorker.java:95)
	at org.testng.TestNG.runSuitesSequentially(TestNG.java:1256)
	at org.testng.TestNG.runSuitesLocally(TestNG.java:1176)
	at org.testng.TestNG.runSuites(TestNG.java:1099)
	at org.testng.TestNG.run(TestNG.java:1067)
	at org.apache.maven.surefire.testng.TestNGExecutor.run(TestNGExecutor.java:324)
	at org.apache.maven.surefire.testng.TestNGXmlTestSuite.execute(TestNGXmlTestSuite.java:74)
	at org.apache.maven.surefire.testng.TestNGProvider.invoke(TestNGProvider.java:123)
	at org.apache.maven.surefire.booter.ForkedBooter.runSuitesInProcess(ForkedBooter.java:456)
	at org.apache.maven.surefire.booter.ForkedBooter.execute(ForkedBooter.java:169)
	at org.apache.maven.surefire.booter.ForkedBooter.run(ForkedBooter.java:595)
	at org.apache.maven.surefire.booter.ForkedBooter.main(ForkedBooter.java:581)
]]></failure>
    <system-out><![CDATA[17:04:02.858 [main] DEBUG org.apache.http.impl.conn.BasicClientConnectionManager -- Get connection for route {}->http://13.60.22.209:7081
17:04:02.858 [main] DEBUG org.apache.http.impl.conn.DefaultClientConnectionOperator -- Connecting to 13.60.22.209:7081
17:04:03.020 [main] DEBUG org.apache.http.client.protocol.RequestAddCookies -- CookieSpec selected: ignoreCookies
17:04:03.020 [main] DEBUG org.apache.http.client.protocol.RequestAuthCache -- Auth cache not set in the context
17:04:03.020 [main] DEBUG org.apache.http.client.protocol.RequestTargetAuthentication -- Target auth state: UNCHALLENGED
17:04:03.020 [main] DEBUG org.apache.http.client.protocol.RequestProxyAuthentication -- Proxy auth state: UNCHALLENGED
17:04:03.020 [main] DEBUG org.apache.http.impl.client.DefaultHttpClient -- Attempt 1 to execute request
17:04:03.020 [main] DEBUG org.apache.http.impl.conn.DefaultClientConnection -- Sending request: PUT /api/books/2 HTTP/1.1
17:04:03.020 [main] DEBUG org.apache.http.wire --  >> "PUT /api/books/2 HTTP/1.1[\r][\n]"
17:04:03.020 [main] DEBUG org.apache.http.wire --  >> "Accept: */*[\r][\n]"
17:04:03.020 [main] DEBUG org.apache.http.wire --  >> "Content-Type: application/json[\r][\n]"
17:04:03.020 [main] DEBUG org.apache.http.wire --  >> "Content-Length: 34[\r][\n]"
17:04:03.020 [main] DEBUG org.apache.http.wire --  >> "Host: 13.60.22.209:7081[\r][\n]"
17:04:03.020 [main] DEBUG org.apache.http.wire --  >> "Connection: Keep-Alive[\r][\n]"
17:04:03.020 [main] DEBUG org.apache.http.wire --  >> "User-Agent: Apache-HttpClient/4.5.13 (Java/17.0.9)[\r][\n]"
17:04:03.020 [main] DEBUG org.apache.http.wire --  >> "Accept-Encoding: gzip,deflate[\r][\n]"
17:04:03.020 [main] DEBUG org.apache.http.wire --  >> "[\r][\n]"
17:04:03.020 [main] DEBUG org.apache.http.headers -- >> PUT /api/books/2 HTTP/1.1
17:04:03.020 [main] DEBUG org.apache.http.headers -- >> Accept: */*
17:04:03.020 [main] DEBUG org.apache.http.headers -- >> Content-Type: application/json
17:04:03.020 [main] DEBUG org.apache.http.headers -- >> Content-Length: 34
17:04:03.020 [main] DEBUG org.apache.http.headers -- >> Host: 13.60.22.209:7081
17:04:03.020 [main] DEBUG org.apache.http.headers -- >> Connection: Keep-Alive
17:04:03.020 [main] DEBUG org.apache.http.headers -- >> User-Agent: Apache-HttpClient/4.5.13 (Java/17.0.9)
17:04:03.020 [main] DEBUG org.apache.http.headers -- >> Accept-Encoding: gzip,deflate
17:04:03.020 [main] DEBUG org.apache.http.wire --  >> "{"author":"Hri","id":2,"title":""}"
17:04:03.181 [main] DEBUG org.apache.http.wire --  << "HTTP/1.1 401 [\r][\n]"
17:04:03.181 [main] DEBUG org.apache.http.wire --  << "Set-Cookie: JSESSIONID=52C3BB67B77EC6349C8372ACAF84F05E; Path=/; HttpOnly[\r][\n]"
17:04:03.181 [main] DEBUG org.apache.http.wire --  << "WWW-Authenticate: Basic realm="Realm"[\r][\n]"
17:04:03.181 [main] DEBUG org.apache.http.wire --  << "X-Content-Type-Options: nosniff[\r][\n]"
17:04:03.181 [main] DEBUG org.apache.http.wire --  << "X-XSS-Protection: 1; mode=block[\r][\n]"
17:04:03.181 [main] DEBUG org.apache.http.wire --  << "Cache-Control: no-cache, no-store, max-age=0, must-revalidate[\r][\n]"
17:04:03.181 [main] DEBUG org.apache.http.wire --  << "Pragma: no-cache[\r][\n]"
17:04:03.181 [main] DEBUG org.apache.http.wire --  << "Expires: 0[\r][\n]"
17:04:03.181 [main] DEBUG org.apache.http.wire --  << "X-Frame-Options: DENY[\r][\n]"
17:04:03.181 [main] DEBUG org.apache.http.wire --  << "Content-Length: 0[\r][\n]"
17:04:03.181 [main] DEBUG org.apache.http.wire --  << "Date: Fri, 03 Jan 2025 11:34:03 GMT[\r][\n]"
17:04:03.181 [main] DEBUG org.apache.http.wire --  << "Keep-Alive: timeout=60[\r][\n]"
17:04:03.181 [main] DEBUG org.apache.http.wire --  << "Connection: keep-alive[\r][\n]"
17:04:03.181 [main] DEBUG org.apache.http.wire --  << "[\r][\n]"
17:04:03.182 [main] DEBUG org.apache.http.impl.conn.DefaultClientConnection -- Receiving response: HTTP/1.1 401 
17:04:03.182 [main] DEBUG org.apache.http.headers -- << HTTP/1.1 401 
17:04:03.182 [main] DEBUG org.apache.http.headers -- << Set-Cookie: JSESSIONID=52C3BB67B77EC6349C8372ACAF84F05E; Path=/; HttpOnly
17:04:03.182 [main] DEBUG org.apache.http.headers -- << WWW-Authenticate: Basic realm="Realm"
17:04:03.182 [main] DEBUG org.apache.http.headers -- << X-Content-Type-Options: nosniff
17:04:03.182 [main] DEBUG org.apache.http.headers -- << X-XSS-Protection: 1; mode=block
17:04:03.182 [main] DEBUG org.apache.http.headers -- << Cache-Control: no-cache, no-store, max-age=0, must-revalidate
17:04:03.182 [main] DEBUG org.apache.http.headers -- << Pragma: no-cache
17:04:03.182 [main] DEBUG org.apache.http.headers -- << Expires: 0
17:04:03.182 [main] DEBUG org.apache.http.headers -- << X-Frame-Options: DENY
17:04:03.182 [main] DEBUG org.apache.http.headers -- << Content-Length: 0
17:04:03.182 [main] DEBUG org.apache.http.headers -- << Date: Fri, 03 Jan 2025 11:34:03 GMT
17:04:03.182 [main] DEBUG org.apache.http.headers -- << Keep-Alive: timeout=60
17:04:03.182 [main] DEBUG org.apache.http.headers -- << Connection: keep-alive
17:04:03.182 [main] DEBUG org.apache.http.impl.client.DefaultHttpClient -- Connection can be kept alive for 60000 MILLISECONDS
17:04:03.182 [main] DEBUG org.apache.http.impl.client.DefaultHttpClient -- Authentication required
17:04:03.183 [main] DEBUG org.apache.http.impl.client.DefaultHttpClient -- 13.60.22.209:7081 requested authentication
17:04:03.183 [main] DEBUG org.apache.http.impl.client.TargetAuthenticationStrategy -- Authentication schemes in the order of preference: [Negotiate, Kerberos, NTLM, CredSSP, Digest, Basic]
17:04:03.183 [main] DEBUG org.apache.http.impl.client.TargetAuthenticationStrategy -- Challenge for Negotiate authentication scheme not available
17:04:03.183 [main] DEBUG org.apache.http.impl.client.TargetAuthenticationStrategy -- Challenge for Kerberos authentication scheme not available
17:04:03.183 [main] DEBUG org.apache.http.impl.client.TargetAuthenticationStrategy -- Challenge for NTLM authentication scheme not available
17:04:03.183 [main] DEBUG org.apache.http.impl.client.TargetAuthenticationStrategy -- Challenge for CredSSP authentication scheme not available
17:04:03.183 [main] DEBUG org.apache.http.impl.client.TargetAuthenticationStrategy -- Challenge for Digest authentication scheme not available
17:04:03.183 [main] DEBUG org.apache.http.impl.client.DefaultHttpClient -- Selected authentication options: [BASIC [complete=true]]
17:04:03.183 [main] DEBUG org.apache.http.client.protocol.RequestAddCookies -- CookieSpec selected: ignoreCookies
17:04:03.183 [main] DEBUG org.apache.http.client.protocol.RequestAuthCache -- Auth cache not set in the context
17:04:03.183 [main] DEBUG org.apache.http.client.protocol.RequestTargetAuthentication -- Target auth state: CHALLENGED
17:04:03.183 [main] DEBUG org.apache.http.client.protocol.RequestTargetAuthentication -- Generating response to an authentication challenge using basic scheme
17:04:03.183 [main] DEBUG org.apache.http.client.protocol.RequestProxyAuthentication -- Proxy auth state: UNCHALLENGED
17:04:03.184 [main] DEBUG org.apache.http.impl.client.DefaultHttpClient -- Attempt 2 to execute request
17:04:03.184 [main] DEBUG org.apache.http.impl.conn.DefaultClientConnection -- Sending request: PUT /api/books/2 HTTP/1.1
17:04:03.184 [main] DEBUG org.apache.http.wire --  >> "PUT /api/books/2 HTTP/1.1[\r][\n]"
17:04:03.184 [main] DEBUG org.apache.http.wire --  >> "Accept: */*[\r][\n]"
17:04:03.184 [main] DEBUG org.apache.http.wire --  >> "Content-Type: application/json[\r][\n]"
17:04:03.184 [main] DEBUG org.apache.http.wire --  >> "Content-Length: 34[\r][\n]"
17:04:03.184 [main] DEBUG org.apache.http.wire --  >> "Host: 13.60.22.209:7081[\r][\n]"
17:04:03.184 [main] DEBUG org.apache.http.wire --  >> "Connection: Keep-Alive[\r][\n]"
17:04:03.184 [main] DEBUG org.apache.http.wire --  >> "User-Agent: Apache-HttpClient/4.5.13 (Java/17.0.9)[\r][\n]"
17:04:03.184 [main] DEBUG org.apache.http.wire --  >> "Authorization: Basic YWRtaW46cGFzc3dvcmQ=[\r][\n]"
17:04:03.184 [main] DEBUG org.apache.http.wire --  >> "Accept-Encoding: gzip,deflate[\r][\n]"
17:04:03.184 [main] DEBUG org.apache.http.wire --  >> "[\r][\n]"
17:04:03.184 [main] DEBUG org.apache.http.headers -- >> PUT /api/books/2 HTTP/1.1
17:04:03.184 [main] DEBUG org.apache.http.headers -- >> Accept: */*
17:04:03.184 [main] DEBUG org.apache.http.headers -- >> Content-Type: application/json
17:04:03.184 [main] DEBUG org.apache.http.headers -- >> Content-Length: 34
17:04:03.184 [main] DEBUG org.apache.http.headers -- >> Host: 13.60.22.209:7081
17:04:03.184 [main] DEBUG org.apache.http.headers -- >> Connection: Keep-Alive
17:04:03.184 [main] DEBUG org.apache.http.headers -- >> User-Agent: Apache-HttpClient/4.5.13 (Java/17.0.9)
17:04:03.184 [main] DEBUG org.apache.http.headers -- >> Authorization: Basic YWRtaW46cGFzc3dvcmQ=
17:04:03.184 [main] DEBUG org.apache.http.headers -- >> Accept-Encoding: gzip,deflate
17:04:03.184 [main] DEBUG org.apache.http.wire --  >> "{"author":"Hri","id":2,"title":""}"
17:04:03.455 [main] DEBUG org.apache.http.wire --  << "HTTP/1.1 200 [\r][\n]"
17:04:03.456 [main] DEBUG org.apache.http.wire --  << "Set-Cookie: JSESSIONID=35D09559E6AD920635CD3DC2A8255FD7; Path=/; HttpOnly[\r][\n]"
17:04:03.456 [main] DEBUG org.apache.http.wire --  << "X-Content-Type-Options: nosniff[\r][\n]"
17:04:03.456 [main] DEBUG org.apache.http.wire --  << "X-XSS-Protection: 1; mode=block[\r][\n]"
17:04:03.456 [main] DEBUG org.apache.http.wire --  << "Cache-Control: no-cache, no-store, max-age=0, must-revalidate[\r][\n]"
17:04:03.456 [main] DEBUG org.apache.http.wire --  << "Pragma: no-cache[\r][\n]"
17:04:03.456 [main] DEBUG org.apache.http.wire --  << "Expires: 0[\r][\n]"
17:04:03.456 [main] DEBUG org.apache.http.wire --  << "X-Frame-Options: DENY[\r][\n]"
17:04:03.456 [main] DEBUG org.apache.http.wire --  << "Content-Type: application/json[\r][\n]"
17:04:03.456 [main] DEBUG org.apache.http.wire --  << "Transfer-Encoding: chunked[\r][\n]"
17:04:03.456 [main] DEBUG org.apache.http.wire --  << "Date: Fri, 03 Jan 2025 11:34:03 GMT[\r][\n]"
17:04:03.456 [main] DEBUG org.apache.http.wire --  << "Keep-Alive: timeout=60[\r][\n]"
17:04:03.456 [main] DEBUG org.apache.http.wire --  << "Connection: keep-alive[\r][\n]"
17:04:03.456 [main] DEBUG org.apache.http.wire --  << "[\r][\n]"
17:04:03.456 [main] DEBUG org.apache.http.impl.conn.DefaultClientConnection -- Receiving response: HTTP/1.1 200 
17:04:03.456 [main] DEBUG org.apache.http.headers -- << HTTP/1.1 200 
17:04:03.456 [main] DEBUG org.apache.http.headers -- << Set-Cookie: JSESSIONID=35D09559E6AD920635CD3DC2A8255FD7; Path=/; HttpOnly
17:04:03.456 [main] DEBUG org.apache.http.headers -- << X-Content-Type-Options: nosniff
17:04:03.456 [main] DEBUG org.apache.http.headers -- << X-XSS-Protection: 1; mode=block
17:04:03.456 [main] DEBUG org.apache.http.headers -- << Cache-Control: no-cache, no-store, max-age=0, must-revalidate
17:04:03.456 [main] DEBUG org.apache.http.headers -- << Pragma: no-cache
17:04:03.456 [main] DEBUG org.apache.http.headers -- << Expires: 0
17:04:03.456 [main] DEBUG org.apache.http.headers -- << X-Frame-Options: DENY
17:04:03.456 [main] DEBUG org.apache.http.headers -- << Content-Type: application/json
17:04:03.456 [main] DEBUG org.apache.http.headers -- << Transfer-Encoding: chunked
17:04:03.456 [main] DEBUG org.apache.http.headers -- << Date: Fri, 03 Jan 2025 11:34:03 GMT
17:04:03.456 [main] DEBUG org.apache.http.headers -- << Keep-Alive: timeout=60
17:04:03.456 [main] DEBUG org.apache.http.headers -- << Connection: keep-alive
17:04:03.457 [main] DEBUG org.apache.http.impl.client.DefaultHttpClient -- Connection can be kept alive for 60000 MILLISECONDS
17:04:03.457 [main] DEBUG org.apache.http.impl.client.DefaultHttpClient -- Authentication succeeded
17:04:03.457 [main] DEBUG org.apache.http.impl.client.TargetAuthenticationStrategy -- Caching 'basic' auth scheme for http://13.60.22.209:7081
17:04:03.457 [main] DEBUG io.restassured.internal.RestAssuredHttpBuilder -- Parsing response as: application/json
17:04:03.457 [main] DEBUG io.restassured.internal.RestAssuredHttpBuilder -- Parsed data to instance of: class org.apache.http.conn.EofSensorInputStream
]]></system-out>
  </testcase>
  <testcase name="testUpdateBookWithMissingTitleAndAuthor" classname="TestCases.PutBookAPITests" time="0.689">
    <failure message="Expected status code is 400 for missing fields expected [400] but found [208]" type="java.lang.AssertionError"><![CDATA[java.lang.AssertionError: Expected status code is 400 for missing fields expected [400] but found [208]
	at org.testng.Assert.fail(Assert.java:110)
	at org.testng.Assert.failNotEquals(Assert.java:1413)
	at org.testng.Assert.assertEqualsImpl(Assert.java:149)
	at org.testng.Assert.assertEquals(Assert.java:131)
	at org.testng.Assert.assertEquals(Assert.java:1240)
	at TestCases.PutBookAPITests.testUpdateBookWithMissingTitleAndAuthor(PutBookAPITests.java:162)
	at java.base/jdk.internal.reflect.NativeMethodAccessorImpl.invoke0(Native Method)
	at java.base/jdk.internal.reflect.NativeMethodAccessorImpl.invoke(NativeMethodAccessorImpl.java:77)
	at java.base/jdk.internal.reflect.DelegatingMethodAccessorImpl.invoke(DelegatingMethodAccessorImpl.java:43)
	at java.base/java.lang.reflect.Method.invoke(Method.java:568)
	at org.testng.internal.invokers.MethodInvocationHelper.invokeMethod(MethodInvocationHelper.java:139)
	at org.testng.internal.invokers.TestInvoker.invokeMethod(TestInvoker.java:677)
	at org.testng.internal.invokers.TestInvoker.invokeTestMethod(TestInvoker.java:221)
	at org.testng.internal.invokers.MethodRunner.runInSequence(MethodRunner.java:50)
	at org.testng.internal.invokers.TestInvoker$MethodInvocationAgent.invoke(TestInvoker.java:969)
	at org.testng.internal.invokers.TestInvoker.invokeTestMethods(TestInvoker.java:194)
	at org.testng.internal.invokers.TestMethodWorker.invokeTestMethods(TestMethodWorker.java:148)
	at org.testng.internal.invokers.TestMethodWorker.run(TestMethodWorker.java:128)
	at java.base/java.util.ArrayList.forEach(ArrayList.java:1511)
	at org.testng.TestRunner.privateRun(TestRunner.java:829)
	at org.testng.TestRunner.run(TestRunner.java:602)
	at org.testng.SuiteRunner.runTest(SuiteRunner.java:437)
	at org.testng.SuiteRunner.runSequentially(SuiteRunner.java:431)
	at org.testng.SuiteRunner.privateRun(SuiteRunner.java:391)
	at org.testng.SuiteRunner.run(SuiteRunner.java:330)
	at org.testng.SuiteRunnerWorker.runSuite(SuiteRunnerWorker.java:52)
	at org.testng.SuiteRunnerWorker.run(SuiteRunnerWorker.java:95)
	at org.testng.TestNG.runSuitesSequentially(TestNG.java:1256)
	at org.testng.TestNG.runSuitesLocally(TestNG.java:1176)
	at org.testng.TestNG.runSuites(TestNG.java:1099)
	at org.testng.TestNG.run(TestNG.java:1067)
	at org.apache.maven.surefire.testng.TestNGExecutor.run(TestNGExecutor.java:324)
	at org.apache.maven.surefire.testng.TestNGXmlTestSuite.execute(TestNGXmlTestSuite.java:74)
	at org.apache.maven.surefire.testng.TestNGProvider.invoke(TestNGProvider.java:123)
	at org.apache.maven.surefire.booter.ForkedBooter.runSuitesInProcess(ForkedBooter.java:456)
	at org.apache.maven.surefire.booter.ForkedBooter.execute(ForkedBooter.java:169)
	at org.apache.maven.surefire.booter.ForkedBooter.run(ForkedBooter.java:595)
	at org.apache.maven.surefire.booter.ForkedBooter.main(ForkedBooter.java:581)
]]></failure>
    <system-out><![CDATA[17:04:03.478 [main] DEBUG org.apache.http.impl.conn.BasicClientConnectionManager -- Get connection for route {}->http://13.60.22.209:7081
17:04:03.478 [main] DEBUG org.apache.http.impl.conn.DefaultClientConnectionOperator -- Connecting to 13.60.22.209:7081
17:04:03.661 [main] DEBUG org.apache.http.client.protocol.RequestAddCookies -- CookieSpec selected: ignoreCookies
17:04:03.661 [main] DEBUG org.apache.http.client.protocol.RequestAuthCache -- Auth cache not set in the context
17:04:03.661 [main] DEBUG org.apache.http.client.protocol.RequestTargetAuthentication -- Target auth state: UNCHALLENGED
17:04:03.661 [main] DEBUG org.apache.http.client.protocol.RequestProxyAuthentication -- Proxy auth state: UNCHALLENGED
17:04:03.661 [main] DEBUG org.apache.http.impl.client.DefaultHttpClient -- Attempt 1 to execute request
17:04:03.661 [main] DEBUG org.apache.http.impl.conn.DefaultClientConnection -- Sending request: PUT /api/books/1 HTTP/1.1
17:04:03.661 [main] DEBUG org.apache.http.wire --  >> "PUT /api/books/1 HTTP/1.1[\r][\n]"
17:04:03.661 [main] DEBUG org.apache.http.wire --  >> "Accept: */*[\r][\n]"
17:04:03.661 [main] DEBUG org.apache.http.wire --  >> "Content-Type: application/json[\r][\n]"
17:04:03.662 [main] DEBUG org.apache.http.wire --  >> "Content-Length: 35[\r][\n]"
17:04:03.662 [main] DEBUG org.apache.http.wire --  >> "Host: 13.60.22.209:7081[\r][\n]"
17:04:03.662 [main] DEBUG org.apache.http.wire --  >> "Connection: Keep-Alive[\r][\n]"
17:04:03.662 [main] DEBUG org.apache.http.wire --  >> "User-Agent: Apache-HttpClient/4.5.13 (Java/17.0.9)[\r][\n]"
17:04:03.662 [main] DEBUG org.apache.http.wire --  >> "Accept-Encoding: gzip,deflate[\r][\n]"
17:04:03.662 [main] DEBUG org.apache.http.wire --  >> "[\r][\n]"
17:04:03.662 [main] DEBUG org.apache.http.headers -- >> PUT /api/books/1 HTTP/1.1
17:04:03.662 [main] DEBUG org.apache.http.headers -- >> Accept: */*
17:04:03.662 [main] DEBUG org.apache.http.headers -- >> Content-Type: application/json
17:04:03.662 [main] DEBUG org.apache.http.headers -- >> Content-Length: 35
17:04:03.662 [main] DEBUG org.apache.http.headers -- >> Host: 13.60.22.209:7081
17:04:03.662 [main] DEBUG org.apache.http.headers -- >> Connection: Keep-Alive
17:04:03.662 [main] DEBUG org.apache.http.headers -- >> User-Agent: Apache-HttpClient/4.5.13 (Java/17.0.9)
17:04:03.662 [main] DEBUG org.apache.http.headers -- >> Accept-Encoding: gzip,deflate
17:04:03.662 [main] DEBUG org.apache.http.wire --  >> "{"author":null,"id":1,"title":null}"
17:04:03.844 [main] DEBUG org.apache.http.wire --  << "HTTP/1.1 401 [\r][\n]"
17:04:03.844 [main] DEBUG org.apache.http.wire --  << "Set-Cookie: JSESSIONID=F14AFEDD3479DDF906607768F3A4A22F; Path=/; HttpOnly[\r][\n]"
17:04:03.844 [main] DEBUG org.apache.http.wire --  << "WWW-Authenticate: Basic realm="Realm"[\r][\n]"
17:04:03.844 [main] DEBUG org.apache.http.wire --  << "X-Content-Type-Options: nosniff[\r][\n]"
17:04:03.844 [main] DEBUG org.apache.http.wire --  << "X-XSS-Protection: 1; mode=block[\r][\n]"
17:04:03.844 [main] DEBUG org.apache.http.wire --  << "Cache-Control: no-cache, no-store, max-age=0, must-revalidate[\r][\n]"
17:04:03.844 [main] DEBUG org.apache.http.wire --  << "Pragma: no-cache[\r][\n]"
17:04:03.844 [main] DEBUG org.apache.http.wire --  << "Expires: 0[\r][\n]"
17:04:03.844 [main] DEBUG org.apache.http.wire --  << "X-Frame-Options: DENY[\r][\n]"
17:04:03.844 [main] DEBUG org.apache.http.wire --  << "Content-Length: 0[\r][\n]"
17:04:03.844 [main] DEBUG org.apache.http.wire --  << "Date: Fri, 03 Jan 2025 11:34:04 GMT[\r][\n]"
17:04:03.844 [main] DEBUG org.apache.http.wire --  << "Keep-Alive: timeout=60[\r][\n]"
17:04:03.844 [main] DEBUG org.apache.http.wire --  << "Connection: keep-alive[\r][\n]"
17:04:03.844 [main] DEBUG org.apache.http.wire --  << "[\r][\n]"
17:04:03.844 [main] DEBUG org.apache.http.impl.conn.DefaultClientConnection -- Receiving response: HTTP/1.1 401 
17:04:03.844 [main] DEBUG org.apache.http.headers -- << HTTP/1.1 401 
17:04:03.844 [main] DEBUG org.apache.http.headers -- << Set-Cookie: JSESSIONID=F14AFEDD3479DDF906607768F3A4A22F; Path=/; HttpOnly
17:04:03.844 [main] DEBUG org.apache.http.headers -- << WWW-Authenticate: Basic realm="Realm"
17:04:03.844 [main] DEBUG org.apache.http.headers -- << X-Content-Type-Options: nosniff
17:04:03.844 [main] DEBUG org.apache.http.headers -- << X-XSS-Protection: 1; mode=block
17:04:03.844 [main] DEBUG org.apache.http.headers -- << Cache-Control: no-cache, no-store, max-age=0, must-revalidate
17:04:03.844 [main] DEBUG org.apache.http.headers -- << Pragma: no-cache
17:04:03.844 [main] DEBUG org.apache.http.headers -- << Expires: 0
17:04:03.844 [main] DEBUG org.apache.http.headers -- << X-Frame-Options: DENY
17:04:03.844 [main] DEBUG org.apache.http.headers -- << Content-Length: 0
17:04:03.844 [main] DEBUG org.apache.http.headers -- << Date: Fri, 03 Jan 2025 11:34:04 GMT
17:04:03.844 [main] DEBUG org.apache.http.headers -- << Keep-Alive: timeout=60
17:04:03.844 [main] DEBUG org.apache.http.headers -- << Connection: keep-alive
17:04:03.844 [main] DEBUG org.apache.http.impl.client.DefaultHttpClient -- Connection can be kept alive for 60000 MILLISECONDS
17:04:03.844 [main] DEBUG org.apache.http.impl.client.DefaultHttpClient -- Authentication required
17:04:03.844 [main] DEBUG org.apache.http.impl.client.DefaultHttpClient -- 13.60.22.209:7081 requested authentication
17:04:03.844 [main] DEBUG org.apache.http.impl.client.TargetAuthenticationStrategy -- Authentication schemes in the order of preference: [Negotiate, Kerberos, NTLM, CredSSP, Digest, Basic]
17:04:03.844 [main] DEBUG org.apache.http.impl.client.TargetAuthenticationStrategy -- Challenge for Negotiate authentication scheme not available
17:04:03.844 [main] DEBUG org.apache.http.impl.client.TargetAuthenticationStrategy -- Challenge for Kerberos authentication scheme not available
17:04:03.844 [main] DEBUG org.apache.http.impl.client.TargetAuthenticationStrategy -- Challenge for NTLM authentication scheme not available
17:04:03.844 [main] DEBUG org.apache.http.impl.client.TargetAuthenticationStrategy -- Challenge for CredSSP authentication scheme not available
17:04:03.844 [main] DEBUG org.apache.http.impl.client.TargetAuthenticationStrategy -- Challenge for Digest authentication scheme not available
17:04:03.846 [main] DEBUG org.apache.http.impl.client.DefaultHttpClient -- Selected authentication options: [BASIC [complete=true]]
17:04:03.846 [main] DEBUG org.apache.http.client.protocol.RequestAddCookies -- CookieSpec selected: ignoreCookies
17:04:03.846 [main] DEBUG org.apache.http.client.protocol.RequestAuthCache -- Auth cache not set in the context
17:04:03.846 [main] DEBUG org.apache.http.client.protocol.RequestTargetAuthentication -- Target auth state: CHALLENGED
17:04:03.846 [main] DEBUG org.apache.http.client.protocol.RequestTargetAuthentication -- Generating response to an authentication challenge using basic scheme
17:04:03.846 [main] DEBUG org.apache.http.client.protocol.RequestProxyAuthentication -- Proxy auth state: UNCHALLENGED
17:04:03.846 [main] DEBUG org.apache.http.impl.client.DefaultHttpClient -- Attempt 2 to execute request
17:04:03.846 [main] DEBUG org.apache.http.impl.conn.DefaultClientConnection -- Sending request: PUT /api/books/1 HTTP/1.1
17:04:03.846 [main] DEBUG org.apache.http.wire --  >> "PUT /api/books/1 HTTP/1.1[\r][\n]"
17:04:03.846 [main] DEBUG org.apache.http.wire --  >> "Accept: */*[\r][\n]"
17:04:03.846 [main] DEBUG org.apache.http.wire --  >> "Content-Type: application/json[\r][\n]"
17:04:03.846 [main] DEBUG org.apache.http.wire --  >> "Content-Length: 35[\r][\n]"
17:04:03.846 [main] DEBUG org.apache.http.wire --  >> "Host: 13.60.22.209:7081[\r][\n]"
17:04:03.846 [main] DEBUG org.apache.http.wire --  >> "Connection: Keep-Alive[\r][\n]"
17:04:03.846 [main] DEBUG org.apache.http.wire --  >> "User-Agent: Apache-HttpClient/4.5.13 (Java/17.0.9)[\r][\n]"
17:04:03.846 [main] DEBUG org.apache.http.wire --  >> "Authorization: Basic YWRtaW46cGFzc3dvcmQ=[\r][\n]"
17:04:03.846 [main] DEBUG org.apache.http.wire --  >> "Accept-Encoding: gzip,deflate[\r][\n]"
17:04:03.846 [main] DEBUG org.apache.http.wire --  >> "[\r][\n]"
17:04:03.846 [main] DEBUG org.apache.http.headers -- >> PUT /api/books/1 HTTP/1.1
17:04:03.846 [main] DEBUG org.apache.http.headers -- >> Accept: */*
17:04:03.846 [main] DEBUG org.apache.http.headers -- >> Content-Type: application/json
17:04:03.846 [main] DEBUG org.apache.http.headers -- >> Content-Length: 35
17:04:03.846 [main] DEBUG org.apache.http.headers -- >> Host: 13.60.22.209:7081
17:04:03.846 [main] DEBUG org.apache.http.headers -- >> Connection: Keep-Alive
17:04:03.846 [main] DEBUG org.apache.http.headers -- >> User-Agent: Apache-HttpClient/4.5.13 (Java/17.0.9)
17:04:03.846 [main] DEBUG org.apache.http.headers -- >> Authorization: Basic YWRtaW46cGFzc3dvcmQ=
17:04:03.846 [main] DEBUG org.apache.http.headers -- >> Accept-Encoding: gzip,deflate
17:04:03.846 [main] DEBUG org.apache.http.wire --  >> "{"author":null,"id":1,"title":null}"
17:04:04.143 [main] DEBUG org.apache.http.wire --  << "HTTP/1.1 208 [\r][\n]"
17:04:04.143 [main] DEBUG org.apache.http.wire --  << "Set-Cookie: JSESSIONID=A930132EA167C55BBA71BECD747A4F03; Path=/; HttpOnly[\r][\n]"
17:04:04.143 [main] DEBUG org.apache.http.wire --  << "X-Content-Type-Options: nosniff[\r][\n]"
17:04:04.143 [main] DEBUG org.apache.http.wire --  << "X-XSS-Protection: 1; mode=block[\r][\n]"
17:04:04.143 [main] DEBUG org.apache.http.wire --  << "Cache-Control: no-cache, no-store, max-age=0, must-revalidate[\r][\n]"
17:04:04.143 [main] DEBUG org.apache.http.wire --  << "Pragma: no-cache[\r][\n]"
17:04:04.143 [main] DEBUG org.apache.http.wire --  << "Expires: 0[\r][\n]"
17:04:04.143 [main] DEBUG org.apache.http.wire --  << "X-Frame-Options: DENY[\r][\n]"
17:04:04.143 [main] DEBUG org.apache.http.wire --  << "Content-Type: text/plain;charset=UTF-8[\r][\n]"
17:04:04.143 [main] DEBUG org.apache.http.wire --  << "Content-Length: 19[\r][\n]"
17:04:04.143 [main] DEBUG org.apache.http.wire --  << "Date: Fri, 03 Jan 2025 11:34:04 GMT[\r][\n]"
17:04:04.143 [main] DEBUG org.apache.http.wire --  << "Keep-Alive: timeout=60[\r][\n]"
17:04:04.143 [main] DEBUG org.apache.http.wire --  << "Connection: keep-alive[\r][\n]"
17:04:04.143 [main] DEBUG org.apache.http.wire --  << "[\r][\n]"
17:04:04.143 [main] DEBUG org.apache.http.impl.conn.DefaultClientConnection -- Receiving response: HTTP/1.1 208 
17:04:04.143 [main] DEBUG org.apache.http.headers -- << HTTP/1.1 208 
17:04:04.143 [main] DEBUG org.apache.http.headers -- << Set-Cookie: JSESSIONID=A930132EA167C55BBA71BECD747A4F03; Path=/; HttpOnly
17:04:04.143 [main] DEBUG org.apache.http.headers -- << X-Content-Type-Options: nosniff
17:04:04.143 [main] DEBUG org.apache.http.headers -- << X-XSS-Protection: 1; mode=block
17:04:04.143 [main] DEBUG org.apache.http.headers -- << Cache-Control: no-cache, no-store, max-age=0, must-revalidate
17:04:04.143 [main] DEBUG org.apache.http.headers -- << Pragma: no-cache
17:04:04.143 [main] DEBUG org.apache.http.headers -- << Expires: 0
17:04:04.143 [main] DEBUG org.apache.http.headers -- << X-Frame-Options: DENY
17:04:04.143 [main] DEBUG org.apache.http.headers -- << Content-Type: text/plain;charset=UTF-8
17:04:04.143 [main] DEBUG org.apache.http.headers -- << Content-Length: 19
17:04:04.143 [main] DEBUG org.apache.http.headers -- << Date: Fri, 03 Jan 2025 11:34:04 GMT
17:04:04.143 [main] DEBUG org.apache.http.headers -- << Keep-Alive: timeout=60
17:04:04.143 [main] DEBUG org.apache.http.headers -- << Connection: keep-alive
17:04:04.143 [main] DEBUG org.apache.http.impl.client.DefaultHttpClient -- Connection can be kept alive for 60000 MILLISECONDS
17:04:04.144 [main] DEBUG org.apache.http.impl.client.DefaultHttpClient -- Authentication succeeded
17:04:04.144 [main] DEBUG org.apache.http.impl.client.TargetAuthenticationStrategy -- Caching 'basic' auth scheme for http://13.60.22.209:7081
17:04:04.144 [main] DEBUG io.restassured.internal.RestAssuredHttpBuilder -- Parsing response as: text/plain;charset=UTF-8
17:04:04.144 [main] DEBUG io.restassured.internal.RestAssuredHttpBuilder -- Parsed data to instance of: class org.apache.http.conn.EofSensorInputStream
]]></system-out>
  </testcase>
  <testcase name="testUpdateBookWithNoneParametersAsAdmin" classname="TestCases.PutBookAPITests" time="0.645">
    <failure message="Response should indicate invalid input parameters expected [true] but found [false]" type="java.lang.AssertionError"><![CDATA[java.lang.AssertionError: Response should indicate invalid input parameters expected [true] but found [false]
	at org.testng.Assert.fail(Assert.java:110)
	at org.testng.Assert.failNotEquals(Assert.java:1413)
	at org.testng.Assert.assertTrue(Assert.java:56)
	at TestCases.PutBookAPITests.testUpdateBookWithNoneParametersAsAdmin(PutBookAPITests.java:243)
	at java.base/jdk.internal.reflect.NativeMethodAccessorImpl.invoke0(Native Method)
	at java.base/jdk.internal.reflect.NativeMethodAccessorImpl.invoke(NativeMethodAccessorImpl.java:77)
	at java.base/jdk.internal.reflect.DelegatingMethodAccessorImpl.invoke(DelegatingMethodAccessorImpl.java:43)
	at java.base/java.lang.reflect.Method.invoke(Method.java:568)
	at org.testng.internal.invokers.MethodInvocationHelper.invokeMethod(MethodInvocationHelper.java:139)
	at org.testng.internal.invokers.TestInvoker.invokeMethod(TestInvoker.java:677)
	at org.testng.internal.invokers.TestInvoker.invokeTestMethod(TestInvoker.java:221)
	at org.testng.internal.invokers.MethodRunner.runInSequence(MethodRunner.java:50)
	at org.testng.internal.invokers.TestInvoker$MethodInvocationAgent.invoke(TestInvoker.java:969)
	at org.testng.internal.invokers.TestInvoker.invokeTestMethods(TestInvoker.java:194)
	at org.testng.internal.invokers.TestMethodWorker.invokeTestMethods(TestMethodWorker.java:148)
	at org.testng.internal.invokers.TestMethodWorker.run(TestMethodWorker.java:128)
	at java.base/java.util.ArrayList.forEach(ArrayList.java:1511)
	at org.testng.TestRunner.privateRun(TestRunner.java:829)
	at org.testng.TestRunner.run(TestRunner.java:602)
	at org.testng.SuiteRunner.runTest(SuiteRunner.java:437)
	at org.testng.SuiteRunner.runSequentially(SuiteRunner.java:431)
	at org.testng.SuiteRunner.privateRun(SuiteRunner.java:391)
	at org.testng.SuiteRunner.run(SuiteRunner.java:330)
	at org.testng.SuiteRunnerWorker.runSuite(SuiteRunnerWorker.java:52)
	at org.testng.SuiteRunnerWorker.run(SuiteRunnerWorker.java:95)
	at org.testng.TestNG.runSuitesSequentially(TestNG.java:1256)
	at org.testng.TestNG.runSuitesLocally(TestNG.java:1176)
	at org.testng.TestNG.runSuites(TestNG.java:1099)
	at org.testng.TestNG.run(TestNG.java:1067)
	at org.apache.maven.surefire.testng.TestNGExecutor.run(TestNGExecutor.java:324)
	at org.apache.maven.surefire.testng.TestNGXmlTestSuite.execute(TestNGXmlTestSuite.java:74)
	at org.apache.maven.surefire.testng.TestNGProvider.invoke(TestNGProvider.java:123)
	at org.apache.maven.surefire.booter.ForkedBooter.runSuitesInProcess(ForkedBooter.java:456)
	at org.apache.maven.surefire.booter.ForkedBooter.execute(ForkedBooter.java:169)
	at org.apache.maven.surefire.booter.ForkedBooter.run(ForkedBooter.java:595)
	at org.apache.maven.surefire.booter.ForkedBooter.main(ForkedBooter.java:581)
]]></failure>
    <system-out><![CDATA[17:04:04.164 [main] DEBUG org.apache.http.impl.conn.BasicClientConnectionManager -- Get connection for route {}->http://13.60.22.209:7081
17:04:04.164 [main] DEBUG org.apache.http.impl.conn.DefaultClientConnectionOperator -- Connecting to 13.60.22.209:7081
17:04:04.322 [main] DEBUG org.apache.http.client.protocol.RequestAddCookies -- CookieSpec selected: ignoreCookies
17:04:04.322 [main] DEBUG org.apache.http.client.protocol.RequestAuthCache -- Auth cache not set in the context
17:04:04.322 [main] DEBUG org.apache.http.client.protocol.RequestTargetAuthentication -- Target auth state: UNCHALLENGED
17:04:04.322 [main] DEBUG org.apache.http.client.protocol.RequestProxyAuthentication -- Proxy auth state: UNCHALLENGED
17:04:04.322 [main] DEBUG org.apache.http.impl.client.DefaultHttpClient -- Attempt 1 to execute request
17:04:04.322 [main] DEBUG org.apache.http.impl.conn.DefaultClientConnection -- Sending request: PUT /api/books/1 HTTP/1.1
17:04:04.322 [main] DEBUG org.apache.http.wire --  >> "PUT /api/books/1 HTTP/1.1[\r][\n]"
17:04:04.322 [main] DEBUG org.apache.http.wire --  >> "Accept: */*[\r][\n]"
17:04:04.322 [main] DEBUG org.apache.http.wire --  >> "Content-Type: application/json[\r][\n]"
17:04:04.322 [main] DEBUG org.apache.http.wire --  >> "Content-Length: 38[\r][\n]"
17:04:04.322 [main] DEBUG org.apache.http.wire --  >> "Host: 13.60.22.209:7081[\r][\n]"
17:04:04.322 [main] DEBUG org.apache.http.wire --  >> "Connection: Keep-Alive[\r][\n]"
17:04:04.322 [main] DEBUG org.apache.http.wire --  >> "User-Agent: Apache-HttpClient/4.5.13 (Java/17.0.9)[\r][\n]"
17:04:04.322 [main] DEBUG org.apache.http.wire --  >> "Accept-Encoding: gzip,deflate[\r][\n]"
17:04:04.322 [main] DEBUG org.apache.http.wire --  >> "[\r][\n]"
17:04:04.322 [main] DEBUG org.apache.http.headers -- >> PUT /api/books/1 HTTP/1.1
17:04:04.322 [main] DEBUG org.apache.http.headers -- >> Accept: */*
17:04:04.322 [main] DEBUG org.apache.http.headers -- >> Content-Type: application/json
17:04:04.322 [main] DEBUG org.apache.http.headers -- >> Content-Length: 38
17:04:04.322 [main] DEBUG org.apache.http.headers -- >> Host: 13.60.22.209:7081
17:04:04.322 [main] DEBUG org.apache.http.headers -- >> Connection: Keep-Alive
17:04:04.322 [main] DEBUG org.apache.http.headers -- >> User-Agent: Apache-HttpClient/4.5.13 (Java/17.0.9)
17:04:04.322 [main] DEBUG org.apache.http.headers -- >> Accept-Encoding: gzip,deflate
17:04:04.322 [main] DEBUG org.apache.http.wire --  >> "{"author":null,"id":null,"title":null}"
17:04:04.501 [main] DEBUG org.apache.http.wire --  << "HTTP/1.1 401 [\r][\n]"
17:04:04.502 [main] DEBUG org.apache.http.wire --  << "Set-Cookie: JSESSIONID=E40933B6388566D7FB034EC2A6C5875F; Path=/; HttpOnly[\r][\n]"
17:04:04.502 [main] DEBUG org.apache.http.wire --  << "WWW-Authenticate: Basic realm="Realm"[\r][\n]"
17:04:04.502 [main] DEBUG org.apache.http.wire --  << "X-Content-Type-Options: nosniff[\r][\n]"
17:04:04.502 [main] DEBUG org.apache.http.wire --  << "X-XSS-Protection: 1; mode=block[\r][\n]"
17:04:04.502 [main] DEBUG org.apache.http.wire --  << "Cache-Control: no-cache, no-store, max-age=0, must-revalidate[\r][\n]"
17:04:04.502 [main] DEBUG org.apache.http.wire --  << "Pragma: no-cache[\r][\n]"
17:04:04.502 [main] DEBUG org.apache.http.wire --  << "Expires: 0[\r][\n]"
17:04:04.503 [main] DEBUG org.apache.http.wire --  << "X-Frame-Options: DENY[\r][\n]"
17:04:04.503 [main] DEBUG org.apache.http.wire --  << "Content-Length: 0[\r][\n]"
17:04:04.503 [main] DEBUG org.apache.http.wire --  << "Date: Fri, 03 Jan 2025 11:34:04 GMT[\r][\n]"
17:04:04.503 [main] DEBUG org.apache.http.wire --  << "Keep-Alive: timeout=60[\r][\n]"
17:04:04.503 [main] DEBUG org.apache.http.wire --  << "Connection: keep-alive[\r][\n]"
17:04:04.503 [main] DEBUG org.apache.http.wire --  << "[\r][\n]"
17:04:04.503 [main] DEBUG org.apache.http.impl.conn.DefaultClientConnection -- Receiving response: HTTP/1.1 401 
17:04:04.503 [main] DEBUG org.apache.http.headers -- << HTTP/1.1 401 
17:04:04.503 [main] DEBUG org.apache.http.headers -- << Set-Cookie: JSESSIONID=E40933B6388566D7FB034EC2A6C5875F; Path=/; HttpOnly
17:04:04.503 [main] DEBUG org.apache.http.headers -- << WWW-Authenticate: Basic realm="Realm"
17:04:04.503 [main] DEBUG org.apache.http.headers -- << X-Content-Type-Options: nosniff
17:04:04.503 [main] DEBUG org.apache.http.headers -- << X-XSS-Protection: 1; mode=block
17:04:04.503 [main] DEBUG org.apache.http.headers -- << Cache-Control: no-cache, no-store, max-age=0, must-revalidate
17:04:04.503 [main] DEBUG org.apache.http.headers -- << Pragma: no-cache
17:04:04.503 [main] DEBUG org.apache.http.headers -- << Expires: 0
17:04:04.503 [main] DEBUG org.apache.http.headers -- << X-Frame-Options: DENY
17:04:04.503 [main] DEBUG org.apache.http.headers -- << Content-Length: 0
17:04:04.503 [main] DEBUG org.apache.http.headers -- << Date: Fri, 03 Jan 2025 11:34:04 GMT
17:04:04.503 [main] DEBUG org.apache.http.headers -- << Keep-Alive: timeout=60
17:04:04.503 [main] DEBUG org.apache.http.headers -- << Connection: keep-alive
17:04:04.503 [main] DEBUG org.apache.http.impl.client.DefaultHttpClient -- Connection can be kept alive for 60000 MILLISECONDS
17:04:04.503 [main] DEBUG org.apache.http.impl.client.DefaultHttpClient -- Authentication required
17:04:04.503 [main] DEBUG org.apache.http.impl.client.DefaultHttpClient -- 13.60.22.209:7081 requested authentication
17:04:04.503 [main] DEBUG org.apache.http.impl.client.TargetAuthenticationStrategy -- Authentication schemes in the order of preference: [Negotiate, Kerberos, NTLM, CredSSP, Digest, Basic]
17:04:04.503 [main] DEBUG org.apache.http.impl.client.TargetAuthenticationStrategy -- Challenge for Negotiate authentication scheme not available
17:04:04.503 [main] DEBUG org.apache.http.impl.client.TargetAuthenticationStrategy -- Challenge for Kerberos authentication scheme not available
17:04:04.503 [main] DEBUG org.apache.http.impl.client.TargetAuthenticationStrategy -- Challenge for NTLM authentication scheme not available
17:04:04.503 [main] DEBUG org.apache.http.impl.client.TargetAuthenticationStrategy -- Challenge for CredSSP authentication scheme not available
17:04:04.503 [main] DEBUG org.apache.http.impl.client.TargetAuthenticationStrategy -- Challenge for Digest authentication scheme not available
17:04:04.504 [main] DEBUG org.apache.http.impl.client.DefaultHttpClient -- Selected authentication options: [BASIC [complete=true]]
17:04:04.504 [main] DEBUG org.apache.http.client.protocol.RequestAddCookies -- CookieSpec selected: ignoreCookies
17:04:04.504 [main] DEBUG org.apache.http.client.protocol.RequestAuthCache -- Auth cache not set in the context
17:04:04.504 [main] DEBUG org.apache.http.client.protocol.RequestTargetAuthentication -- Target auth state: CHALLENGED
17:04:04.504 [main] DEBUG org.apache.http.client.protocol.RequestTargetAuthentication -- Generating response to an authentication challenge using basic scheme
17:04:04.504 [main] DEBUG org.apache.http.client.protocol.RequestProxyAuthentication -- Proxy auth state: UNCHALLENGED
17:04:04.504 [main] DEBUG org.apache.http.impl.client.DefaultHttpClient -- Attempt 2 to execute request
17:04:04.504 [main] DEBUG org.apache.http.impl.conn.DefaultClientConnection -- Sending request: PUT /api/books/1 HTTP/1.1
17:04:04.505 [main] DEBUG org.apache.http.wire --  >> "PUT /api/books/1 HTTP/1.1[\r][\n]"
17:04:04.505 [main] DEBUG org.apache.http.wire --  >> "Accept: */*[\r][\n]"
17:04:04.505 [main] DEBUG org.apache.http.wire --  >> "Content-Type: application/json[\r][\n]"
17:04:04.505 [main] DEBUG org.apache.http.wire --  >> "Content-Length: 38[\r][\n]"
17:04:04.505 [main] DEBUG org.apache.http.wire --  >> "Host: 13.60.22.209:7081[\r][\n]"
17:04:04.505 [main] DEBUG org.apache.http.wire --  >> "Connection: Keep-Alive[\r][\n]"
17:04:04.505 [main] DEBUG org.apache.http.wire --  >> "User-Agent: Apache-HttpClient/4.5.13 (Java/17.0.9)[\r][\n]"
17:04:04.505 [main] DEBUG org.apache.http.wire --  >> "Authorization: Basic YWRtaW46cGFzc3dvcmQ=[\r][\n]"
17:04:04.505 [main] DEBUG org.apache.http.wire --  >> "Accept-Encoding: gzip,deflate[\r][\n]"
17:04:04.505 [main] DEBUG org.apache.http.wire --  >> "[\r][\n]"
17:04:04.505 [main] DEBUG org.apache.http.headers -- >> PUT /api/books/1 HTTP/1.1
17:04:04.505 [main] DEBUG org.apache.http.headers -- >> Accept: */*
17:04:04.505 [main] DEBUG org.apache.http.headers -- >> Content-Type: application/json
17:04:04.505 [main] DEBUG org.apache.http.headers -- >> Content-Length: 38
17:04:04.505 [main] DEBUG org.apache.http.headers -- >> Host: 13.60.22.209:7081
17:04:04.505 [main] DEBUG org.apache.http.headers -- >> Connection: Keep-Alive
17:04:04.505 [main] DEBUG org.apache.http.headers -- >> User-Agent: Apache-HttpClient/4.5.13 (Java/17.0.9)
17:04:04.505 [main] DEBUG org.apache.http.headers -- >> Authorization: Basic YWRtaW46cGFzc3dvcmQ=
17:04:04.505 [main] DEBUG org.apache.http.headers -- >> Accept-Encoding: gzip,deflate
17:04:04.505 [main] DEBUG org.apache.http.wire --  >> "{"author":null,"id":null,"title":null}"
17:04:04.794 [main] DEBUG org.apache.http.wire --  << "HTTP/1.1 400 [\r][\n]"
17:04:04.794 [main] DEBUG org.apache.http.wire --  << "Set-Cookie: JSESSIONID=E9471ADCBC968721BE552A95A0EA3F44; Path=/; HttpOnly[\r][\n]"
17:04:04.794 [main] DEBUG org.apache.http.wire --  << "X-Content-Type-Options: nosniff[\r][\n]"
17:04:04.794 [main] DEBUG org.apache.http.wire --  << "X-XSS-Protection: 1; mode=block[\r][\n]"
17:04:04.794 [main] DEBUG org.apache.http.wire --  << "Cache-Control: no-cache, no-store, max-age=0, must-revalidate[\r][\n]"
17:04:04.794 [main] DEBUG org.apache.http.wire --  << "Pragma: no-cache[\r][\n]"
17:04:04.794 [main] DEBUG org.apache.http.wire --  << "Expires: 0[\r][\n]"
17:04:04.794 [main] DEBUG org.apache.http.wire --  << "X-Frame-Options: DENY[\r][\n]"
17:04:04.794 [main] DEBUG org.apache.http.wire --  << "Content-Type: text/plain;charset=UTF-8[\r][\n]"
17:04:04.794 [main] DEBUG org.apache.http.wire --  << "Content-Length: 22[\r][\n]"
17:04:04.794 [main] DEBUG org.apache.http.wire --  << "Date: Fri, 03 Jan 2025 11:34:04 GMT[\r][\n]"
17:04:04.794 [main] DEBUG org.apache.http.wire --  << "Connection: close[\r][\n]"
17:04:04.794 [main] DEBUG org.apache.http.wire --  << "[\r][\n]"
17:04:04.794 [main] DEBUG org.apache.http.impl.conn.DefaultClientConnection -- Receiving response: HTTP/1.1 400 
17:04:04.794 [main] DEBUG org.apache.http.headers -- << HTTP/1.1 400 
17:04:04.794 [main] DEBUG org.apache.http.headers -- << Set-Cookie: JSESSIONID=E9471ADCBC968721BE552A95A0EA3F44; Path=/; HttpOnly
17:04:04.794 [main] DEBUG org.apache.http.headers -- << X-Content-Type-Options: nosniff
17:04:04.794 [main] DEBUG org.apache.http.headers -- << X-XSS-Protection: 1; mode=block
17:04:04.795 [main] DEBUG org.apache.http.headers -- << Cache-Control: no-cache, no-store, max-age=0, must-revalidate
17:04:04.795 [main] DEBUG org.apache.http.headers -- << Pragma: no-cache
17:04:04.795 [main] DEBUG org.apache.http.headers -- << Expires: 0
17:04:04.795 [main] DEBUG org.apache.http.headers -- << X-Frame-Options: DENY
17:04:04.795 [main] DEBUG org.apache.http.headers -- << Content-Type: text/plain;charset=UTF-8
17:04:04.795 [main] DEBUG org.apache.http.headers -- << Content-Length: 22
17:04:04.795 [main] DEBUG org.apache.http.headers -- << Date: Fri, 03 Jan 2025 11:34:04 GMT
17:04:04.795 [main] DEBUG org.apache.http.headers -- << Connection: close
17:04:04.795 [main] DEBUG org.apache.http.impl.client.DefaultHttpClient -- Authentication succeeded
17:04:04.795 [main] DEBUG org.apache.http.impl.client.TargetAuthenticationStrategy -- Caching 'basic' auth scheme for http://13.60.22.209:7081
17:04:04.795 [main] DEBUG io.restassured.internal.RestAssuredHttpBuilder -- Parsing response as: text/plain;charset=UTF-8
17:04:04.795 [main] DEBUG io.restassured.internal.RestAssuredHttpBuilder -- Parsed data to instance of: class org.apache.http.conn.EofSensorInputStream
17:04:04.796 [main] DEBUG org.apache.http.wire --  << "Book id is not matched"
17:04:04.796 [main] DEBUG org.apache.http.impl.conn.BasicClientConnectionManager -- Releasing connection org.apache.http.impl.conn.ManagedClientConnectionImpl@b06d46d
17:04:04.797 [main] DEBUG org.apache.http.impl.conn.DefaultClientConnection -- Connection 0.0.0.0:58400<->13.60.22.209:7081 shut down
]]></system-out>
  </testcase>
  <testcase name="testUpdateBookWithValidDataAsAdmin" classname="TestCases.PutBookAPITests" time="0.615">
    <failure message="Expected status code is 200 Book details updated successfully expected [200] but found [208]" type="java.lang.AssertionError"><![CDATA[java.lang.AssertionError: Expected status code is 200 Book details updated successfully expected [200] but found [208]
	at org.testng.Assert.fail(Assert.java:110)
	at org.testng.Assert.failNotEquals(Assert.java:1413)
	at org.testng.Assert.assertEqualsImpl(Assert.java:149)
	at org.testng.Assert.assertEquals(Assert.java:131)
	at org.testng.Assert.assertEquals(Assert.java:1240)
	at TestCases.PutBookAPITests.testUpdateBookWithValidDataAsAdmin(PutBookAPITests.java:46)
	at java.base/jdk.internal.reflect.NativeMethodAccessorImpl.invoke0(Native Method)
	at java.base/jdk.internal.reflect.NativeMethodAccessorImpl.invoke(NativeMethodAccessorImpl.java:77)
	at java.base/jdk.internal.reflect.DelegatingMethodAccessorImpl.invoke(DelegatingMethodAccessorImpl.java:43)
	at java.base/java.lang.reflect.Method.invoke(Method.java:568)
	at org.testng.internal.invokers.MethodInvocationHelper.invokeMethod(MethodInvocationHelper.java:139)
	at org.testng.internal.invokers.TestInvoker.invokeMethod(TestInvoker.java:677)
	at org.testng.internal.invokers.TestInvoker.invokeTestMethod(TestInvoker.java:221)
	at org.testng.internal.invokers.MethodRunner.runInSequence(MethodRunner.java:50)
	at org.testng.internal.invokers.TestInvoker$MethodInvocationAgent.invoke(TestInvoker.java:969)
	at org.testng.internal.invokers.TestInvoker.invokeTestMethods(TestInvoker.java:194)
	at org.testng.internal.invokers.TestMethodWorker.invokeTestMethods(TestMethodWorker.java:148)
	at org.testng.internal.invokers.TestMethodWorker.run(TestMethodWorker.java:128)
	at java.base/java.util.ArrayList.forEach(ArrayList.java:1511)
	at org.testng.TestRunner.privateRun(TestRunner.java:829)
	at org.testng.TestRunner.run(TestRunner.java:602)
	at org.testng.SuiteRunner.runTest(SuiteRunner.java:437)
	at org.testng.SuiteRunner.runSequentially(SuiteRunner.java:431)
	at org.testng.SuiteRunner.privateRun(SuiteRunner.java:391)
	at org.testng.SuiteRunner.run(SuiteRunner.java:330)
	at org.testng.SuiteRunnerWorker.runSuite(SuiteRunnerWorker.java:52)
	at org.testng.SuiteRunnerWorker.run(SuiteRunnerWorker.java:95)
	at org.testng.TestNG.runSuitesSequentially(TestNG.java:1256)
	at org.testng.TestNG.runSuitesLocally(TestNG.java:1176)
	at org.testng.TestNG.runSuites(TestNG.java:1099)
	at org.testng.TestNG.run(TestNG.java:1067)
	at org.apache.maven.surefire.testng.TestNGExecutor.run(TestNGExecutor.java:324)
	at org.apache.maven.surefire.testng.TestNGXmlTestSuite.execute(TestNGXmlTestSuite.java:74)
	at org.apache.maven.surefire.testng.TestNGProvider.invoke(TestNGProvider.java:123)
	at org.apache.maven.surefire.booter.ForkedBooter.runSuitesInProcess(ForkedBooter.java:456)
	at org.apache.maven.surefire.booter.ForkedBooter.execute(ForkedBooter.java:169)
	at org.apache.maven.surefire.booter.ForkedBooter.run(ForkedBooter.java:595)
	at org.apache.maven.surefire.booter.ForkedBooter.main(ForkedBooter.java:581)
]]></failure>
    <system-out><![CDATA[17:04:04.807 [main] DEBUG org.apache.http.impl.conn.BasicClientConnectionManager -- Get connection for route {}->http://13.60.22.209:7081
17:04:04.807 [main] DEBUG org.apache.http.impl.conn.DefaultClientConnectionOperator -- Connecting to 13.60.22.209:7081
17:04:04.966 [main] DEBUG org.apache.http.client.protocol.RequestAddCookies -- CookieSpec selected: ignoreCookies
17:04:04.966 [main] DEBUG org.apache.http.client.protocol.RequestAuthCache -- Auth cache not set in the context
17:04:04.966 [main] DEBUG org.apache.http.client.protocol.RequestTargetAuthentication -- Target auth state: UNCHALLENGED
17:04:04.966 [main] DEBUG org.apache.http.client.protocol.RequestProxyAuthentication -- Proxy auth state: UNCHALLENGED
17:04:04.966 [main] DEBUG org.apache.http.impl.client.DefaultHttpClient -- Attempt 1 to execute request
17:04:04.966 [main] DEBUG org.apache.http.impl.conn.DefaultClientConnection -- Sending request: PUT /api/books/3 HTTP/1.1
17:04:04.967 [main] DEBUG org.apache.http.wire --  >> "PUT /api/books/3 HTTP/1.1[\r][\n]"
17:04:04.967 [main] DEBUG org.apache.http.wire --  >> "Accept: */*[\r][\n]"
17:04:04.967 [main] DEBUG org.apache.http.wire --  >> "Content-Type: application/json[\r][\n]"
17:04:04.967 [main] DEBUG org.apache.http.wire --  >> "Content-Length: 49[\r][\n]"
17:04:04.967 [main] DEBUG org.apache.http.wire --  >> "Host: 13.60.22.209:7081[\r][\n]"
17:04:04.967 [main] DEBUG org.apache.http.wire --  >> "Connection: Keep-Alive[\r][\n]"
17:04:04.967 [main] DEBUG org.apache.http.wire --  >> "User-Agent: Apache-HttpClient/4.5.13 (Java/17.0.9)[\r][\n]"
17:04:04.967 [main] DEBUG org.apache.http.wire --  >> "Accept-Encoding: gzip,deflate[\r][\n]"
17:04:04.967 [main] DEBUG org.apache.http.wire --  >> "[\r][\n]"
17:04:04.967 [main] DEBUG org.apache.http.headers -- >> PUT /api/books/3 HTTP/1.1
17:04:04.967 [main] DEBUG org.apache.http.headers -- >> Accept: */*
17:04:04.967 [main] DEBUG org.apache.http.headers -- >> Content-Type: application/json
17:04:04.967 [main] DEBUG org.apache.http.headers -- >> Content-Length: 49
17:04:04.967 [main] DEBUG org.apache.http.headers -- >> Host: 13.60.22.209:7081
17:04:04.967 [main] DEBUG org.apache.http.headers -- >> Connection: Keep-Alive
17:04:04.967 [main] DEBUG org.apache.http.headers -- >> User-Agent: Apache-HttpClient/4.5.13 (Java/17.0.9)
17:04:04.967 [main] DEBUG org.apache.http.headers -- >> Accept-Encoding: gzip,deflate
17:04:04.967 [main] DEBUG org.apache.http.wire --  >> "{"author":"Nicola","id":3,"title":"Squid game_2"}"
17:04:05.126 [main] DEBUG org.apache.http.wire --  << "HTTP/1.1 401 [\r][\n]"
17:04:05.126 [main] DEBUG org.apache.http.wire --  << "Set-Cookie: JSESSIONID=F59BA5D68828778160570AEF4736DA01; Path=/; HttpOnly[\r][\n]"
17:04:05.126 [main] DEBUG org.apache.http.wire --  << "WWW-Authenticate: Basic realm="Realm"[\r][\n]"
17:04:05.126 [main] DEBUG org.apache.http.wire --  << "X-Content-Type-Options: nosniff[\r][\n]"
17:04:05.126 [main] DEBUG org.apache.http.wire --  << "X-XSS-Protection: 1; mode=block[\r][\n]"
17:04:05.126 [main] DEBUG org.apache.http.wire --  << "Cache-Control: no-cache, no-store, max-age=0, must-revalidate[\r][\n]"
17:04:05.126 [main] DEBUG org.apache.http.wire --  << "Pragma: no-cache[\r][\n]"
17:04:05.126 [main] DEBUG org.apache.http.wire --  << "Expires: 0[\r][\n]"
17:04:05.126 [main] DEBUG org.apache.http.wire --  << "X-Frame-Options: DENY[\r][\n]"
17:04:05.126 [main] DEBUG org.apache.http.wire --  << "Content-Length: 0[\r][\n]"
17:04:05.126 [main] DEBUG org.apache.http.wire --  << "Date: Fri, 03 Jan 2025 11:34:06 GMT[\r][\n]"
17:04:05.126 [main] DEBUG org.apache.http.wire --  << "Keep-Alive: timeout=60[\r][\n]"
17:04:05.126 [main] DEBUG org.apache.http.wire --  << "Connection: keep-alive[\r][\n]"
17:04:05.126 [main] DEBUG org.apache.http.wire --  << "[\r][\n]"
17:04:05.126 [main] DEBUG org.apache.http.impl.conn.DefaultClientConnection -- Receiving response: HTTP/1.1 401 
17:04:05.126 [main] DEBUG org.apache.http.headers -- << HTTP/1.1 401 
17:04:05.126 [main] DEBUG org.apache.http.headers -- << Set-Cookie: JSESSIONID=F59BA5D68828778160570AEF4736DA01; Path=/; HttpOnly
17:04:05.126 [main] DEBUG org.apache.http.headers -- << WWW-Authenticate: Basic realm="Realm"
17:04:05.126 [main] DEBUG org.apache.http.headers -- << X-Content-Type-Options: nosniff
17:04:05.126 [main] DEBUG org.apache.http.headers -- << X-XSS-Protection: 1; mode=block
17:04:05.126 [main] DEBUG org.apache.http.headers -- << Cache-Control: no-cache, no-store, max-age=0, must-revalidate
17:04:05.126 [main] DEBUG org.apache.http.headers -- << Pragma: no-cache
17:04:05.126 [main] DEBUG org.apache.http.headers -- << Expires: 0
17:04:05.126 [main] DEBUG org.apache.http.headers -- << X-Frame-Options: DENY
17:04:05.126 [main] DEBUG org.apache.http.headers -- << Content-Length: 0
17:04:05.126 [main] DEBUG org.apache.http.headers -- << Date: Fri, 03 Jan 2025 11:34:06 GMT
17:04:05.126 [main] DEBUG org.apache.http.headers -- << Keep-Alive: timeout=60
17:04:05.126 [main] DEBUG org.apache.http.headers -- << Connection: keep-alive
17:04:05.127 [main] DEBUG org.apache.http.impl.client.DefaultHttpClient -- Connection can be kept alive for 60000 MILLISECONDS
17:04:05.127 [main] DEBUG org.apache.http.impl.client.DefaultHttpClient -- Authentication required
17:04:05.127 [main] DEBUG org.apache.http.impl.client.DefaultHttpClient -- 13.60.22.209:7081 requested authentication
17:04:05.127 [main] DEBUG org.apache.http.impl.client.TargetAuthenticationStrategy -- Authentication schemes in the order of preference: [Negotiate, Kerberos, NTLM, CredSSP, Digest, Basic]
17:04:05.127 [main] DEBUG org.apache.http.impl.client.TargetAuthenticationStrategy -- Challenge for Negotiate authentication scheme not available
17:04:05.127 [main] DEBUG org.apache.http.impl.client.TargetAuthenticationStrategy -- Challenge for Kerberos authentication scheme not available
17:04:05.127 [main] DEBUG org.apache.http.impl.client.TargetAuthenticationStrategy -- Challenge for NTLM authentication scheme not available
17:04:05.127 [main] DEBUG org.apache.http.impl.client.TargetAuthenticationStrategy -- Challenge for CredSSP authentication scheme not available
17:04:05.127 [main] DEBUG org.apache.http.impl.client.TargetAuthenticationStrategy -- Challenge for Digest authentication scheme not available
17:04:05.127 [main] DEBUG org.apache.http.impl.client.DefaultHttpClient -- Selected authentication options: [BASIC [complete=true]]
17:04:05.127 [main] DEBUG org.apache.http.client.protocol.RequestAddCookies -- CookieSpec selected: ignoreCookies
17:04:05.127 [main] DEBUG org.apache.http.client.protocol.RequestAuthCache -- Auth cache not set in the context
17:04:05.127 [main] DEBUG org.apache.http.client.protocol.RequestTargetAuthentication -- Target auth state: CHALLENGED
17:04:05.127 [main] DEBUG org.apache.http.client.protocol.RequestTargetAuthentication -- Generating response to an authentication challenge using basic scheme
17:04:05.127 [main] DEBUG org.apache.http.client.protocol.RequestProxyAuthentication -- Proxy auth state: UNCHALLENGED
17:04:05.127 [main] DEBUG org.apache.http.impl.client.DefaultHttpClient -- Attempt 2 to execute request
17:04:05.128 [main] DEBUG org.apache.http.impl.conn.DefaultClientConnection -- Sending request: PUT /api/books/3 HTTP/1.1
17:04:05.128 [main] DEBUG org.apache.http.wire --  >> "PUT /api/books/3 HTTP/1.1[\r][\n]"
17:04:05.128 [main] DEBUG org.apache.http.wire --  >> "Accept: */*[\r][\n]"
17:04:05.128 [main] DEBUG org.apache.http.wire --  >> "Content-Type: application/json[\r][\n]"
17:04:05.128 [main] DEBUG org.apache.http.wire --  >> "Content-Length: 49[\r][\n]"
17:04:05.128 [main] DEBUG org.apache.http.wire --  >> "Host: 13.60.22.209:7081[\r][\n]"
17:04:05.128 [main] DEBUG org.apache.http.wire --  >> "Connection: Keep-Alive[\r][\n]"
17:04:05.128 [main] DEBUG org.apache.http.wire --  >> "User-Agent: Apache-HttpClient/4.5.13 (Java/17.0.9)[\r][\n]"
17:04:05.128 [main] DEBUG org.apache.http.wire --  >> "Authorization: Basic YWRtaW46cGFzc3dvcmQ=[\r][\n]"
17:04:05.128 [main] DEBUG org.apache.http.wire --  >> "Accept-Encoding: gzip,deflate[\r][\n]"
17:04:05.128 [main] DEBUG org.apache.http.wire --  >> "[\r][\n]"
17:04:05.128 [main] DEBUG org.apache.http.headers -- >> PUT /api/books/3 HTTP/1.1
17:04:05.128 [main] DEBUG org.apache.http.headers -- >> Accept: */*
17:04:05.128 [main] DEBUG org.apache.http.headers -- >> Content-Type: application/json
17:04:05.128 [main] DEBUG org.apache.http.headers -- >> Content-Length: 49
17:04:05.128 [main] DEBUG org.apache.http.headers -- >> Host: 13.60.22.209:7081
17:04:05.128 [main] DEBUG org.apache.http.headers -- >> Connection: Keep-Alive
17:04:05.128 [main] DEBUG org.apache.http.headers -- >> User-Agent: Apache-HttpClient/4.5.13 (Java/17.0.9)
17:04:05.128 [main] DEBUG org.apache.http.headers -- >> Authorization: Basic YWRtaW46cGFzc3dvcmQ=
17:04:05.128 [main] DEBUG org.apache.http.headers -- >> Accept-Encoding: gzip,deflate
17:04:05.128 [main] DEBUG org.apache.http.wire --  >> "{"author":"Nicola","id":3,"title":"Squid game_2"}"
17:04:05.389 [main] DEBUG org.apache.http.wire --  << "HTTP/1.1 208 [\r][\n]"
17:04:05.389 [main] DEBUG org.apache.http.wire --  << "Set-Cookie: JSESSIONID=C6A9EE09CC319A969397C94629838609; Path=/; HttpOnly[\r][\n]"
17:04:05.389 [main] DEBUG org.apache.http.wire --  << "X-Content-Type-Options: nosniff[\r][\n]"
17:04:05.389 [main] DEBUG org.apache.http.wire --  << "X-XSS-Protection: 1; mode=block[\r][\n]"
17:04:05.389 [main] DEBUG org.apache.http.wire --  << "Cache-Control: no-cache, no-store, max-age=0, must-revalidate[\r][\n]"
17:04:05.389 [main] DEBUG org.apache.http.wire --  << "Pragma: no-cache[\r][\n]"
17:04:05.389 [main] DEBUG org.apache.http.wire --  << "Expires: 0[\r][\n]"
17:04:05.389 [main] DEBUG org.apache.http.wire --  << "X-Frame-Options: DENY[\r][\n]"
17:04:05.389 [main] DEBUG org.apache.http.wire --  << "Content-Type: text/plain;charset=UTF-8[\r][\n]"
17:04:05.389 [main] DEBUG org.apache.http.wire --  << "Content-Length: 19[\r][\n]"
17:04:05.389 [main] DEBUG org.apache.http.wire --  << "Date: Fri, 03 Jan 2025 11:34:06 GMT[\r][\n]"
17:04:05.389 [main] DEBUG org.apache.http.wire --  << "Keep-Alive: timeout=60[\r][\n]"
17:04:05.389 [main] DEBUG org.apache.http.wire --  << "Connection: keep-alive[\r][\n]"
17:04:05.389 [main] DEBUG org.apache.http.wire --  << "[\r][\n]"
17:04:05.390 [main] DEBUG org.apache.http.impl.conn.DefaultClientConnection -- Receiving response: HTTP/1.1 208 
17:04:05.390 [main] DEBUG org.apache.http.headers -- << HTTP/1.1 208 
17:04:05.390 [main] DEBUG org.apache.http.headers -- << Set-Cookie: JSESSIONID=C6A9EE09CC319A969397C94629838609; Path=/; HttpOnly
17:04:05.390 [main] DEBUG org.apache.http.headers -- << X-Content-Type-Options: nosniff
17:04:05.390 [main] DEBUG org.apache.http.headers -- << X-XSS-Protection: 1; mode=block
17:04:05.390 [main] DEBUG org.apache.http.headers -- << Cache-Control: no-cache, no-store, max-age=0, must-revalidate
17:04:05.390 [main] DEBUG org.apache.http.headers -- << Pragma: no-cache
17:04:05.390 [main] DEBUG org.apache.http.headers -- << Expires: 0
17:04:05.390 [main] DEBUG org.apache.http.headers -- << X-Frame-Options: DENY
17:04:05.390 [main] DEBUG org.apache.http.headers -- << Content-Type: text/plain;charset=UTF-8
17:04:05.390 [main] DEBUG org.apache.http.headers -- << Content-Length: 19
17:04:05.390 [main] DEBUG org.apache.http.headers -- << Date: Fri, 03 Jan 2025 11:34:06 GMT
17:04:05.390 [main] DEBUG org.apache.http.headers -- << Keep-Alive: timeout=60
17:04:05.390 [main] DEBUG org.apache.http.headers -- << Connection: keep-alive
17:04:05.390 [main] DEBUG org.apache.http.impl.client.DefaultHttpClient -- Connection can be kept alive for 60000 MILLISECONDS
17:04:05.390 [main] DEBUG org.apache.http.impl.client.DefaultHttpClient -- Authentication succeeded
17:04:05.390 [main] DEBUG org.apache.http.impl.client.TargetAuthenticationStrategy -- Caching 'basic' auth scheme for http://13.60.22.209:7081
17:04:05.390 [main] DEBUG io.restassured.internal.RestAssuredHttpBuilder -- Parsing response as: text/plain;charset=UTF-8
17:04:05.390 [main] DEBUG io.restassured.internal.RestAssuredHttpBuilder -- Parsed data to instance of: class org.apache.http.conn.EofSensorInputStream
Response Status Code: 208
17:04:05.399 [main] DEBUG org.apache.http.wire --  << "Book Already Exists"
17:04:05.399 [main] DEBUG org.apache.http.impl.conn.BasicClientConnectionManager -- Releasing connection org.apache.http.impl.conn.ManagedClientConnectionImpl@7a36c83a
17:04:05.399 [main] DEBUG org.apache.http.impl.conn.BasicClientConnectionManager -- Connection can be kept alive for 60000 MILLISECONDS
Book Already Exists
]]></system-out>
  </testcase>
  <testcase name="testUpdateBookWithValidDataAsUser" classname="TestCases.PutBookAPITests" time="0.633">
    <system-out><![CDATA[17:04:05.428 [main] DEBUG org.apache.http.impl.conn.BasicClientConnectionManager -- Get connection for route {}->http://13.60.22.209:7081
17:04:05.429 [main] DEBUG org.apache.http.impl.conn.DefaultClientConnectionOperator -- Connecting to 13.60.22.209:7081
17:04:05.586 [main] DEBUG org.apache.http.client.protocol.RequestAddCookies -- CookieSpec selected: ignoreCookies
17:04:05.586 [main] DEBUG org.apache.http.client.protocol.RequestAuthCache -- Auth cache not set in the context
17:04:05.586 [main] DEBUG org.apache.http.client.protocol.RequestTargetAuthentication -- Target auth state: UNCHALLENGED
17:04:05.586 [main] DEBUG org.apache.http.client.protocol.RequestProxyAuthentication -- Proxy auth state: UNCHALLENGED
17:04:05.586 [main] DEBUG org.apache.http.impl.client.DefaultHttpClient -- Attempt 1 to execute request
17:04:05.586 [main] DEBUG org.apache.http.impl.conn.DefaultClientConnection -- Sending request: PUT /api/books/3 HTTP/1.1
17:04:05.586 [main] DEBUG org.apache.http.wire --  >> "PUT /api/books/3 HTTP/1.1[\r][\n]"
17:04:05.586 [main] DEBUG org.apache.http.wire --  >> "Accept: */*[\r][\n]"
17:04:05.586 [main] DEBUG org.apache.http.wire --  >> "Content-Type: application/json[\r][\n]"
17:04:05.586 [main] DEBUG org.apache.http.wire --  >> "Content-Length: 60[\r][\n]"
17:04:05.586 [main] DEBUG org.apache.http.wire --  >> "Host: 13.60.22.209:7081[\r][\n]"
17:04:05.586 [main] DEBUG org.apache.http.wire --  >> "Connection: Keep-Alive[\r][\n]"
17:04:05.586 [main] DEBUG org.apache.http.wire --  >> "User-Agent: Apache-HttpClient/4.5.13 (Java/17.0.9)[\r][\n]"
17:04:05.586 [main] DEBUG org.apache.http.wire --  >> "Accept-Encoding: gzip,deflate[\r][\n]"
17:04:05.586 [main] DEBUG org.apache.http.wire --  >> "[\r][\n]"
17:04:05.586 [main] DEBUG org.apache.http.headers -- >> PUT /api/books/3 HTTP/1.1
17:04:05.586 [main] DEBUG org.apache.http.headers -- >> Accept: */*
17:04:05.586 [main] DEBUG org.apache.http.headers -- >> Content-Type: application/json
17:04:05.586 [main] DEBUG org.apache.http.headers -- >> Content-Length: 60
17:04:05.586 [main] DEBUG org.apache.http.headers -- >> Host: 13.60.22.209:7081
17:04:05.586 [main] DEBUG org.apache.http.headers -- >> Connection: Keep-Alive
17:04:05.586 [main] DEBUG org.apache.http.headers -- >> User-Agent: Apache-HttpClient/4.5.13 (Java/17.0.9)
17:04:05.586 [main] DEBUG org.apache.http.headers -- >> Accept-Encoding: gzip,deflate
17:04:05.586 [main] DEBUG org.apache.http.wire --  >> "{"author":"Hentry williums","id":3,"title":"Frozen prince4"}"
17:04:05.754 [main] DEBUG org.apache.http.wire --  << "HTTP/1.1 401 [\r][\n]"
17:04:05.754 [main] DEBUG org.apache.http.wire --  << "Set-Cookie: JSESSIONID=202376E8B0D9FF201C4911A8EBDB0A37; Path=/; HttpOnly[\r][\n]"
17:04:05.754 [main] DEBUG org.apache.http.wire --  << "WWW-Authenticate: Basic realm="Realm"[\r][\n]"
17:04:05.754 [main] DEBUG org.apache.http.wire --  << "X-Content-Type-Options: nosniff[\r][\n]"
17:04:05.754 [main] DEBUG org.apache.http.wire --  << "X-XSS-Protection: 1; mode=block[\r][\n]"
17:04:05.754 [main] DEBUG org.apache.http.wire --  << "Cache-Control: no-cache, no-store, max-age=0, must-revalidate[\r][\n]"
17:04:05.754 [main] DEBUG org.apache.http.wire --  << "Pragma: no-cache[\r][\n]"
17:04:05.754 [main] DEBUG org.apache.http.wire --  << "Expires: 0[\r][\n]"
17:04:05.754 [main] DEBUG org.apache.http.wire --  << "X-Frame-Options: DENY[\r][\n]"
17:04:05.754 [main] DEBUG org.apache.http.wire --  << "Content-Length: 0[\r][\n]"
17:04:05.754 [main] DEBUG org.apache.http.wire --  << "Date: Fri, 03 Jan 2025 11:34:06 GMT[\r][\n]"
17:04:05.754 [main] DEBUG org.apache.http.wire --  << "Keep-Alive: timeout=60[\r][\n]"
17:04:05.754 [main] DEBUG org.apache.http.wire --  << "Connection: keep-alive[\r][\n]"
17:04:05.754 [main] DEBUG org.apache.http.wire --  << "[\r][\n]"
17:04:05.754 [main] DEBUG org.apache.http.impl.conn.DefaultClientConnection -- Receiving response: HTTP/1.1 401 
17:04:05.754 [main] DEBUG org.apache.http.headers -- << HTTP/1.1 401 
17:04:05.754 [main] DEBUG org.apache.http.headers -- << Set-Cookie: JSESSIONID=202376E8B0D9FF201C4911A8EBDB0A37; Path=/; HttpOnly
17:04:05.754 [main] DEBUG org.apache.http.headers -- << WWW-Authenticate: Basic realm="Realm"
17:04:05.754 [main] DEBUG org.apache.http.headers -- << X-Content-Type-Options: nosniff
17:04:05.754 [main] DEBUG org.apache.http.headers -- << X-XSS-Protection: 1; mode=block
17:04:05.754 [main] DEBUG org.apache.http.headers -- << Cache-Control: no-cache, no-store, max-age=0, must-revalidate
17:04:05.754 [main] DEBUG org.apache.http.headers -- << Pragma: no-cache
17:04:05.754 [main] DEBUG org.apache.http.headers -- << Expires: 0
17:04:05.754 [main] DEBUG org.apache.http.headers -- << X-Frame-Options: DENY
17:04:05.754 [main] DEBUG org.apache.http.headers -- << Content-Length: 0
17:04:05.754 [main] DEBUG org.apache.http.headers -- << Date: Fri, 03 Jan 2025 11:34:06 GMT
17:04:05.754 [main] DEBUG org.apache.http.headers -- << Keep-Alive: timeout=60
17:04:05.754 [main] DEBUG org.apache.http.headers -- << Connection: keep-alive
17:04:05.754 [main] DEBUG org.apache.http.impl.client.DefaultHttpClient -- Connection can be kept alive for 60000 MILLISECONDS
17:04:05.754 [main] DEBUG org.apache.http.impl.client.DefaultHttpClient -- Authentication required
17:04:05.754 [main] DEBUG org.apache.http.impl.client.DefaultHttpClient -- 13.60.22.209:7081 requested authentication
17:04:05.754 [main] DEBUG org.apache.http.impl.client.TargetAuthenticationStrategy -- Authentication schemes in the order of preference: [Negotiate, Kerberos, NTLM, CredSSP, Digest, Basic]
17:04:05.754 [main] DEBUG org.apache.http.impl.client.TargetAuthenticationStrategy -- Challenge for Negotiate authentication scheme not available
17:04:05.754 [main] DEBUG org.apache.http.impl.client.TargetAuthenticationStrategy -- Challenge for Kerberos authentication scheme not available
17:04:05.754 [main] DEBUG org.apache.http.impl.client.TargetAuthenticationStrategy -- Challenge for NTLM authentication scheme not available
17:04:05.754 [main] DEBUG org.apache.http.impl.client.TargetAuthenticationStrategy -- Challenge for CredSSP authentication scheme not available
17:04:05.754 [main] DEBUG org.apache.http.impl.client.TargetAuthenticationStrategy -- Challenge for Digest authentication scheme not available
17:04:05.754 [main] DEBUG org.apache.http.impl.client.DefaultHttpClient -- Selected authentication options: [BASIC [complete=true]]
17:04:05.755 [main] DEBUG org.apache.http.client.protocol.RequestAddCookies -- CookieSpec selected: ignoreCookies
17:04:05.755 [main] DEBUG org.apache.http.client.protocol.RequestAuthCache -- Auth cache not set in the context
17:04:05.755 [main] DEBUG org.apache.http.client.protocol.RequestTargetAuthentication -- Target auth state: CHALLENGED
17:04:05.755 [main] DEBUG org.apache.http.client.protocol.RequestTargetAuthentication -- Generating response to an authentication challenge using basic scheme
17:04:05.755 [main] DEBUG org.apache.http.client.protocol.RequestProxyAuthentication -- Proxy auth state: UNCHALLENGED
17:04:05.755 [main] DEBUG org.apache.http.impl.client.DefaultHttpClient -- Attempt 2 to execute request
17:04:05.755 [main] DEBUG org.apache.http.impl.conn.DefaultClientConnection -- Sending request: PUT /api/books/3 HTTP/1.1
17:04:05.755 [main] DEBUG org.apache.http.wire --  >> "PUT /api/books/3 HTTP/1.1[\r][\n]"
17:04:05.755 [main] DEBUG org.apache.http.wire --  >> "Accept: */*[\r][\n]"
17:04:05.755 [main] DEBUG org.apache.http.wire --  >> "Content-Type: application/json[\r][\n]"
17:04:05.755 [main] DEBUG org.apache.http.wire --  >> "Content-Length: 60[\r][\n]"
17:04:05.755 [main] DEBUG org.apache.http.wire --  >> "Host: 13.60.22.209:7081[\r][\n]"
17:04:05.755 [main] DEBUG org.apache.http.wire --  >> "Connection: Keep-Alive[\r][\n]"
17:04:05.755 [main] DEBUG org.apache.http.wire --  >> "User-Agent: Apache-HttpClient/4.5.13 (Java/17.0.9)[\r][\n]"
17:04:05.755 [main] DEBUG org.apache.http.wire --  >> "Authorization: Basic dXNlcjpwYXNzd29yZA==[\r][\n]"
17:04:05.755 [main] DEBUG org.apache.http.wire --  >> "Accept-Encoding: gzip,deflate[\r][\n]"
17:04:05.755 [main] DEBUG org.apache.http.wire --  >> "[\r][\n]"
17:04:05.755 [main] DEBUG org.apache.http.headers -- >> PUT /api/books/3 HTTP/1.1
17:04:05.755 [main] DEBUG org.apache.http.headers -- >> Accept: */*
17:04:05.755 [main] DEBUG org.apache.http.headers -- >> Content-Type: application/json
17:04:05.755 [main] DEBUG org.apache.http.headers -- >> Content-Length: 60
17:04:05.755 [main] DEBUG org.apache.http.headers -- >> Host: 13.60.22.209:7081
17:04:05.755 [main] DEBUG org.apache.http.headers -- >> Connection: Keep-Alive
17:04:05.755 [main] DEBUG org.apache.http.headers -- >> User-Agent: Apache-HttpClient/4.5.13 (Java/17.0.9)
17:04:05.755 [main] DEBUG org.apache.http.headers -- >> Authorization: Basic dXNlcjpwYXNzd29yZA==
17:04:05.755 [main] DEBUG org.apache.http.headers -- >> Accept-Encoding: gzip,deflate
17:04:05.755 [main] DEBUG org.apache.http.wire --  >> "{"author":"Hentry williums","id":3,"title":"Frozen prince4"}"
17:04:06.045 [main] DEBUG org.apache.http.wire --  << "HTTP/1.1 403 [\r][\n]"
17:04:06.045 [main] DEBUG org.apache.http.wire --  << "Set-Cookie: JSESSIONID=F6BCD4AB87D2749602C6BE760973D97A; Path=/; HttpOnly[\r][\n]"
17:04:06.045 [main] DEBUG org.apache.http.wire --  << "X-Content-Type-Options: nosniff[\r][\n]"
17:04:06.045 [main] DEBUG org.apache.http.wire --  << "X-XSS-Protection: 1; mode=block[\r][\n]"
17:04:06.045 [main] DEBUG org.apache.http.wire --  << "Cache-Control: no-cache, no-store, max-age=0, must-revalidate[\r][\n]"
17:04:06.045 [main] DEBUG org.apache.http.wire --  << "Pragma: no-cache[\r][\n]"
17:04:06.045 [main] DEBUG org.apache.http.wire --  << "Expires: 0[\r][\n]"
17:04:06.045 [main] DEBUG org.apache.http.wire --  << "X-Frame-Options: DENY[\r][\n]"
17:04:06.045 [main] DEBUG org.apache.http.wire --  << "Content-Type: text/plain;charset=UTF-8[\r][\n]"
17:04:06.045 [main] DEBUG org.apache.http.wire --  << "Content-Length: 22[\r][\n]"
17:04:06.045 [main] DEBUG org.apache.http.wire --  << "Date: Fri, 03 Jan 2025 11:34:06 GMT[\r][\n]"
17:04:06.045 [main] DEBUG org.apache.http.wire --  << "Keep-Alive: timeout=60[\r][\n]"
17:04:06.045 [main] DEBUG org.apache.http.wire --  << "Connection: keep-alive[\r][\n]"
17:04:06.045 [main] DEBUG org.apache.http.wire --  << "[\r][\n]"
17:04:06.045 [main] DEBUG org.apache.http.impl.conn.DefaultClientConnection -- Receiving response: HTTP/1.1 403 
17:04:06.045 [main] DEBUG org.apache.http.headers -- << HTTP/1.1 403 
17:04:06.045 [main] DEBUG org.apache.http.headers -- << Set-Cookie: JSESSIONID=F6BCD4AB87D2749602C6BE760973D97A; Path=/; HttpOnly
17:04:06.045 [main] DEBUG org.apache.http.headers -- << X-Content-Type-Options: nosniff
17:04:06.045 [main] DEBUG org.apache.http.headers -- << X-XSS-Protection: 1; mode=block
17:04:06.045 [main] DEBUG org.apache.http.headers -- << Cache-Control: no-cache, no-store, max-age=0, must-revalidate
17:04:06.045 [main] DEBUG org.apache.http.headers -- << Pragma: no-cache
17:04:06.045 [main] DEBUG org.apache.http.headers -- << Expires: 0
17:04:06.045 [main] DEBUG org.apache.http.headers -- << X-Frame-Options: DENY
17:04:06.045 [main] DEBUG org.apache.http.headers -- << Content-Type: text/plain;charset=UTF-8
17:04:06.045 [main] DEBUG org.apache.http.headers -- << Content-Length: 22
17:04:06.045 [main] DEBUG org.apache.http.headers -- << Date: Fri, 03 Jan 2025 11:34:06 GMT
17:04:06.045 [main] DEBUG org.apache.http.headers -- << Keep-Alive: timeout=60
17:04:06.045 [main] DEBUG org.apache.http.headers -- << Connection: keep-alive
17:04:06.045 [main] DEBUG org.apache.http.impl.client.DefaultHttpClient -- Connection can be kept alive for 60000 MILLISECONDS
17:04:06.045 [main] DEBUG org.apache.http.impl.client.DefaultHttpClient -- Authentication succeeded
17:04:06.045 [main] DEBUG org.apache.http.impl.client.TargetAuthenticationStrategy -- Caching 'basic' auth scheme for http://13.60.22.209:7081
17:04:06.046 [main] DEBUG io.restassured.internal.RestAssuredHttpBuilder -- Parsing response as: text/plain;charset=UTF-8
17:04:06.046 [main] DEBUG io.restassured.internal.RestAssuredHttpBuilder -- Parsed data to instance of: class org.apache.http.conn.EofSensorInputStream
17:04:06.046 [main] DEBUG org.apache.http.wire --  << "User is not permitted."
17:04:06.046 [main] DEBUG org.apache.http.impl.conn.BasicClientConnectionManager -- Releasing connection org.apache.http.impl.conn.ManagedClientConnectionImpl@19fbc594
17:04:06.046 [main] DEBUG org.apache.http.impl.conn.BasicClientConnectionManager -- Connection can be kept alive for 60000 MILLISECONDS
]]></system-out>
  </testcase>
  <testcase name="testDeleteBookAsUser" classname="TestCases.DeleteBookAPITests" time="0.623">
    <failure message="Expected status code is 403 for forbidden access expected [403] but found [404]" type="java.lang.AssertionError"><![CDATA[java.lang.AssertionError: Expected status code is 403 for forbidden access expected [403] but found [404]
	at org.testng.Assert.fail(Assert.java:110)
	at org.testng.Assert.failNotEquals(Assert.java:1413)
	at org.testng.Assert.assertEqualsImpl(Assert.java:149)
	at org.testng.Assert.assertEquals(Assert.java:131)
	at org.testng.Assert.assertEquals(Assert.java:1240)
	at TestCases.DeleteBookAPITests.testDeleteBookAsUser(DeleteBookAPITests.java:77)
	at java.base/jdk.internal.reflect.NativeMethodAccessorImpl.invoke0(Native Method)
	at java.base/jdk.internal.reflect.NativeMethodAccessorImpl.invoke(NativeMethodAccessorImpl.java:77)
	at java.base/jdk.internal.reflect.DelegatingMethodAccessorImpl.invoke(DelegatingMethodAccessorImpl.java:43)
	at java.base/java.lang.reflect.Method.invoke(Method.java:568)
	at org.testng.internal.invokers.MethodInvocationHelper.invokeMethod(MethodInvocationHelper.java:139)
	at org.testng.internal.invokers.TestInvoker.invokeMethod(TestInvoker.java:677)
	at org.testng.internal.invokers.TestInvoker.invokeTestMethod(TestInvoker.java:221)
	at org.testng.internal.invokers.MethodRunner.runInSequence(MethodRunner.java:50)
	at org.testng.internal.invokers.TestInvoker$MethodInvocationAgent.invoke(TestInvoker.java:969)
	at org.testng.internal.invokers.TestInvoker.invokeTestMethods(TestInvoker.java:194)
	at org.testng.internal.invokers.TestMethodWorker.invokeTestMethods(TestMethodWorker.java:148)
	at org.testng.internal.invokers.TestMethodWorker.run(TestMethodWorker.java:128)
	at java.base/java.util.ArrayList.forEach(ArrayList.java:1511)
	at org.testng.TestRunner.privateRun(TestRunner.java:829)
	at org.testng.TestRunner.run(TestRunner.java:602)
	at org.testng.SuiteRunner.runTest(SuiteRunner.java:437)
	at org.testng.SuiteRunner.runSequentially(SuiteRunner.java:431)
	at org.testng.SuiteRunner.privateRun(SuiteRunner.java:391)
	at org.testng.SuiteRunner.run(SuiteRunner.java:330)
	at org.testng.SuiteRunnerWorker.runSuite(SuiteRunnerWorker.java:52)
	at org.testng.SuiteRunnerWorker.run(SuiteRunnerWorker.java:95)
	at org.testng.TestNG.runSuitesSequentially(TestNG.java:1256)
	at org.testng.TestNG.runSuitesLocally(TestNG.java:1176)
	at org.testng.TestNG.runSuites(TestNG.java:1099)
	at org.testng.TestNG.run(TestNG.java:1067)
	at org.apache.maven.surefire.testng.TestNGExecutor.run(TestNGExecutor.java:324)
	at org.apache.maven.surefire.testng.TestNGXmlTestSuite.execute(TestNGXmlTestSuite.java:74)
	at org.apache.maven.surefire.testng.TestNGProvider.invoke(TestNGProvider.java:123)
	at org.apache.maven.surefire.booter.ForkedBooter.runSuitesInProcess(ForkedBooter.java:456)
	at org.apache.maven.surefire.booter.ForkedBooter.execute(ForkedBooter.java:169)
	at org.apache.maven.surefire.booter.ForkedBooter.run(ForkedBooter.java:595)
	at org.apache.maven.surefire.booter.ForkedBooter.main(ForkedBooter.java:581)
]]></failure>
    <system-out><![CDATA[17:04:06.059 [main] DEBUG org.apache.http.impl.conn.BasicClientConnectionManager -- Get connection for route {}->http://13.60.22.209:7081
17:04:06.059 [main] DEBUG org.apache.http.impl.conn.DefaultClientConnectionOperator -- Connecting to 13.60.22.209:7081
17:04:06.220 [main] DEBUG org.apache.http.client.protocol.RequestAddCookies -- CookieSpec selected: ignoreCookies
17:04:06.220 [main] DEBUG org.apache.http.client.protocol.RequestAuthCache -- Auth cache not set in the context
17:04:06.220 [main] DEBUG org.apache.http.client.protocol.RequestTargetAuthentication -- Target auth state: UNCHALLENGED
17:04:06.220 [main] DEBUG org.apache.http.client.protocol.RequestProxyAuthentication -- Proxy auth state: UNCHALLENGED
17:04:06.220 [main] DEBUG org.apache.http.impl.client.DefaultHttpClient -- Attempt 1 to execute request
17:04:06.220 [main] DEBUG org.apache.http.impl.conn.DefaultClientConnection -- Sending request: DELETE /api/books/1 HTTP/1.1
17:04:06.220 [main] DEBUG org.apache.http.wire --  >> "DELETE /api/books/1 HTTP/1.1[\r][\n]"
17:04:06.220 [main] DEBUG org.apache.http.wire --  >> "Accept: */*[\r][\n]"
17:04:06.220 [main] DEBUG org.apache.http.wire --  >> "Host: 13.60.22.209:7081[\r][\n]"
17:04:06.220 [main] DEBUG org.apache.http.wire --  >> "Connection: Keep-Alive[\r][\n]"
17:04:06.220 [main] DEBUG org.apache.http.wire --  >> "User-Agent: Apache-HttpClient/4.5.13 (Java/17.0.9)[\r][\n]"
17:04:06.220 [main] DEBUG org.apache.http.wire --  >> "Accept-Encoding: gzip,deflate[\r][\n]"
17:04:06.220 [main] DEBUG org.apache.http.wire --  >> "[\r][\n]"
17:04:06.220 [main] DEBUG org.apache.http.headers -- >> DELETE /api/books/1 HTTP/1.1
17:04:06.220 [main] DEBUG org.apache.http.headers -- >> Accept: */*
17:04:06.220 [main] DEBUG org.apache.http.headers -- >> Host: 13.60.22.209:7081
17:04:06.220 [main] DEBUG org.apache.http.headers -- >> Connection: Keep-Alive
17:04:06.220 [main] DEBUG org.apache.http.headers -- >> User-Agent: Apache-HttpClient/4.5.13 (Java/17.0.9)
17:04:06.220 [main] DEBUG org.apache.http.headers -- >> Accept-Encoding: gzip,deflate
17:04:06.382 [main] DEBUG org.apache.http.wire --  << "HTTP/1.1 401 [\r][\n]"
17:04:06.383 [main] DEBUG org.apache.http.wire --  << "Set-Cookie: JSESSIONID=B7BEAAD72829FF59C257C3577252E7FD; Path=/; HttpOnly[\r][\n]"
17:04:06.383 [main] DEBUG org.apache.http.wire --  << "WWW-Authenticate: Basic realm="Realm"[\r][\n]"
17:04:06.383 [main] DEBUG org.apache.http.wire --  << "X-Content-Type-Options: nosniff[\r][\n]"
17:04:06.383 [main] DEBUG org.apache.http.wire --  << "X-XSS-Protection: 1; mode=block[\r][\n]"
17:04:06.383 [main] DEBUG org.apache.http.wire --  << "Cache-Control: no-cache, no-store, max-age=0, must-revalidate[\r][\n]"
17:04:06.383 [main] DEBUG org.apache.http.wire --  << "Pragma: no-cache[\r][\n]"
17:04:06.383 [main] DEBUG org.apache.http.wire --  << "Expires: 0[\r][\n]"
17:04:06.383 [main] DEBUG org.apache.http.wire --  << "X-Frame-Options: DENY[\r][\n]"
17:04:06.383 [main] DEBUG org.apache.http.wire --  << "Content-Length: 0[\r][\n]"
17:04:06.383 [main] DEBUG org.apache.http.wire --  << "Date: Fri, 03 Jan 2025 11:34:07 GMT[\r][\n]"
17:04:06.383 [main] DEBUG org.apache.http.wire --  << "Keep-Alive: timeout=60[\r][\n]"
17:04:06.383 [main] DEBUG org.apache.http.wire --  << "Connection: keep-alive[\r][\n]"
17:04:06.383 [main] DEBUG org.apache.http.wire --  << "[\r][\n]"
17:04:06.383 [main] DEBUG org.apache.http.impl.conn.DefaultClientConnection -- Receiving response: HTTP/1.1 401 
17:04:06.383 [main] DEBUG org.apache.http.headers -- << HTTP/1.1 401 
17:04:06.383 [main] DEBUG org.apache.http.headers -- << Set-Cookie: JSESSIONID=B7BEAAD72829FF59C257C3577252E7FD; Path=/; HttpOnly
17:04:06.383 [main] DEBUG org.apache.http.headers -- << WWW-Authenticate: Basic realm="Realm"
17:04:06.383 [main] DEBUG org.apache.http.headers -- << X-Content-Type-Options: nosniff
17:04:06.383 [main] DEBUG org.apache.http.headers -- << X-XSS-Protection: 1; mode=block
17:04:06.383 [main] DEBUG org.apache.http.headers -- << Cache-Control: no-cache, no-store, max-age=0, must-revalidate
17:04:06.383 [main] DEBUG org.apache.http.headers -- << Pragma: no-cache
17:04:06.383 [main] DEBUG org.apache.http.headers -- << Expires: 0
17:04:06.383 [main] DEBUG org.apache.http.headers -- << X-Frame-Options: DENY
17:04:06.383 [main] DEBUG org.apache.http.headers -- << Content-Length: 0
17:04:06.383 [main] DEBUG org.apache.http.headers -- << Date: Fri, 03 Jan 2025 11:34:07 GMT
17:04:06.383 [main] DEBUG org.apache.http.headers -- << Keep-Alive: timeout=60
17:04:06.383 [main] DEBUG org.apache.http.headers -- << Connection: keep-alive
17:04:06.383 [main] DEBUG org.apache.http.impl.client.DefaultHttpClient -- Connection can be kept alive for 60000 MILLISECONDS
17:04:06.383 [main] DEBUG org.apache.http.impl.client.DefaultHttpClient -- Authentication required
17:04:06.383 [main] DEBUG org.apache.http.impl.client.DefaultHttpClient -- 13.60.22.209:7081 requested authentication
17:04:06.383 [main] DEBUG org.apache.http.impl.client.TargetAuthenticationStrategy -- Authentication schemes in the order of preference: [Negotiate, Kerberos, NTLM, CredSSP, Digest, Basic]
17:04:06.383 [main] DEBUG org.apache.http.impl.client.TargetAuthenticationStrategy -- Challenge for Negotiate authentication scheme not available
17:04:06.383 [main] DEBUG org.apache.http.impl.client.TargetAuthenticationStrategy -- Challenge for Kerberos authentication scheme not available
17:04:06.383 [main] DEBUG org.apache.http.impl.client.TargetAuthenticationStrategy -- Challenge for NTLM authentication scheme not available
17:04:06.383 [main] DEBUG org.apache.http.impl.client.TargetAuthenticationStrategy -- Challenge for CredSSP authentication scheme not available
17:04:06.383 [main] DEBUG org.apache.http.impl.client.TargetAuthenticationStrategy -- Challenge for Digest authentication scheme not available
17:04:06.383 [main] DEBUG org.apache.http.impl.client.DefaultHttpClient -- Selected authentication options: [BASIC [complete=true]]
17:04:06.384 [main] DEBUG org.apache.http.client.protocol.RequestAddCookies -- CookieSpec selected: ignoreCookies
17:04:06.384 [main] DEBUG org.apache.http.client.protocol.RequestAuthCache -- Auth cache not set in the context
17:04:06.384 [main] DEBUG org.apache.http.client.protocol.RequestTargetAuthentication -- Target auth state: CHALLENGED
17:04:06.384 [main] DEBUG org.apache.http.client.protocol.RequestTargetAuthentication -- Generating response to an authentication challenge using basic scheme
17:04:06.384 [main] DEBUG org.apache.http.client.protocol.RequestProxyAuthentication -- Proxy auth state: UNCHALLENGED
17:04:06.384 [main] DEBUG org.apache.http.impl.client.DefaultHttpClient -- Attempt 2 to execute request
17:04:06.384 [main] DEBUG org.apache.http.impl.conn.DefaultClientConnection -- Sending request: DELETE /api/books/1 HTTP/1.1
17:04:06.384 [main] DEBUG org.apache.http.wire --  >> "DELETE /api/books/1 HTTP/1.1[\r][\n]"
17:04:06.384 [main] DEBUG org.apache.http.wire --  >> "Accept: */*[\r][\n]"
17:04:06.384 [main] DEBUG org.apache.http.wire --  >> "Host: 13.60.22.209:7081[\r][\n]"
17:04:06.384 [main] DEBUG org.apache.http.wire --  >> "Connection: Keep-Alive[\r][\n]"
17:04:06.384 [main] DEBUG org.apache.http.wire --  >> "User-Agent: Apache-HttpClient/4.5.13 (Java/17.0.9)[\r][\n]"
17:04:06.384 [main] DEBUG org.apache.http.wire --  >> "Authorization: Basic dXNlcjpwYXNzd29yZA==[\r][\n]"
17:04:06.384 [main] DEBUG org.apache.http.wire --  >> "Accept-Encoding: gzip,deflate[\r][\n]"
17:04:06.384 [main] DEBUG org.apache.http.wire --  >> "[\r][\n]"
17:04:06.384 [main] DEBUG org.apache.http.headers -- >> DELETE /api/books/1 HTTP/1.1
17:04:06.384 [main] DEBUG org.apache.http.headers -- >> Accept: */*
17:04:06.384 [main] DEBUG org.apache.http.headers -- >> Host: 13.60.22.209:7081
17:04:06.384 [main] DEBUG org.apache.http.headers -- >> Connection: Keep-Alive
17:04:06.384 [main] DEBUG org.apache.http.headers -- >> User-Agent: Apache-HttpClient/4.5.13 (Java/17.0.9)
17:04:06.384 [main] DEBUG org.apache.http.headers -- >> Authorization: Basic dXNlcjpwYXNzd29yZA==
17:04:06.384 [main] DEBUG org.apache.http.headers -- >> Accept-Encoding: gzip,deflate
17:04:06.665 [main] DEBUG org.apache.http.wire --  << "HTTP/1.1 404 [\r][\n]"
17:04:06.665 [main] DEBUG org.apache.http.wire --  << "Set-Cookie: JSESSIONID=F580948DDA1DE40169023DE37AA9FBEE; Path=/; HttpOnly[\r][\n]"
17:04:06.665 [main] DEBUG org.apache.http.wire --  << "X-Content-Type-Options: nosniff[\r][\n]"
17:04:06.665 [main] DEBUG org.apache.http.wire --  << "X-XSS-Protection: 1; mode=block[\r][\n]"
17:04:06.665 [main] DEBUG org.apache.http.wire --  << "Cache-Control: no-cache, no-store, max-age=0, must-revalidate[\r][\n]"
17:04:06.665 [main] DEBUG org.apache.http.wire --  << "Pragma: no-cache[\r][\n]"
17:04:06.665 [main] DEBUG org.apache.http.wire --  << "Expires: 0[\r][\n]"
17:04:06.665 [main] DEBUG org.apache.http.wire --  << "X-Frame-Options: DENY[\r][\n]"
17:04:06.665 [main] DEBUG org.apache.http.wire --  << "Content-Type: text/plain;charset=UTF-8[\r][\n]"
17:04:06.665 [main] DEBUG org.apache.http.wire --  << "Content-Length: 14[\r][\n]"
17:04:06.665 [main] DEBUG org.apache.http.wire --  << "Date: Fri, 03 Jan 2025 11:34:07 GMT[\r][\n]"
17:04:06.665 [main] DEBUG org.apache.http.wire --  << "Keep-Alive: timeout=60[\r][\n]"
17:04:06.665 [main] DEBUG org.apache.http.wire --  << "Connection: keep-alive[\r][\n]"
17:04:06.665 [main] DEBUG org.apache.http.wire --  << "[\r][\n]"
17:04:06.665 [main] DEBUG org.apache.http.impl.conn.DefaultClientConnection -- Receiving response: HTTP/1.1 404 
17:04:06.665 [main] DEBUG org.apache.http.headers -- << HTTP/1.1 404 
17:04:06.665 [main] DEBUG org.apache.http.headers -- << Set-Cookie: JSESSIONID=F580948DDA1DE40169023DE37AA9FBEE; Path=/; HttpOnly
17:04:06.665 [main] DEBUG org.apache.http.headers -- << X-Content-Type-Options: nosniff
17:04:06.665 [main] DEBUG org.apache.http.headers -- << X-XSS-Protection: 1; mode=block
17:04:06.665 [main] DEBUG org.apache.http.headers -- << Cache-Control: no-cache, no-store, max-age=0, must-revalidate
17:04:06.665 [main] DEBUG org.apache.http.headers -- << Pragma: no-cache
17:04:06.665 [main] DEBUG org.apache.http.headers -- << Expires: 0
17:04:06.665 [main] DEBUG org.apache.http.headers -- << X-Frame-Options: DENY
17:04:06.665 [main] DEBUG org.apache.http.headers -- << Content-Type: text/plain;charset=UTF-8
17:04:06.665 [main] DEBUG org.apache.http.headers -- << Content-Length: 14
17:04:06.665 [main] DEBUG org.apache.http.headers -- << Date: Fri, 03 Jan 2025 11:34:07 GMT
17:04:06.665 [main] DEBUG org.apache.http.headers -- << Keep-Alive: timeout=60
17:04:06.665 [main] DEBUG org.apache.http.headers -- << Connection: keep-alive
17:04:06.665 [main] DEBUG org.apache.http.impl.client.DefaultHttpClient -- Connection can be kept alive for 60000 MILLISECONDS
17:04:06.665 [main] DEBUG org.apache.http.impl.client.DefaultHttpClient -- Authentication succeeded
17:04:06.666 [main] DEBUG org.apache.http.impl.client.TargetAuthenticationStrategy -- Caching 'basic' auth scheme for http://13.60.22.209:7081
17:04:06.666 [main] DEBUG io.restassured.internal.RestAssuredHttpBuilder -- Parsing response as: text/plain;charset=UTF-8
17:04:06.666 [main] DEBUG io.restassured.internal.RestAssuredHttpBuilder -- Parsed data to instance of: class org.apache.http.conn.EofSensorInputStream
Response Status Code: 404
17:04:06.668 [main] DEBUG org.apache.http.wire --  << "Book not found"
17:04:06.668 [main] DEBUG org.apache.http.impl.conn.BasicClientConnectionManager -- Releasing connection org.apache.http.impl.conn.ManagedClientConnectionImpl@2a99ca99
17:04:06.668 [main] DEBUG org.apache.http.impl.conn.BasicClientConnectionManager -- Connection can be kept alive for 60000 MILLISECONDS
Book not found
]]></system-out>
  </testcase>
  <testcase name="testDeleteBookWithInvalidIdAsAdmin" classname="TestCases.DeleteBookAPITests" time="0.606">
    <failure message="Expected status code is 404 for non-existent book deletion expected [404] but found [403]" type="java.lang.AssertionError"><![CDATA[java.lang.AssertionError: Expected status code is 404 for non-existent book deletion expected [404] but found [403]
	at org.testng.Assert.fail(Assert.java:110)
	at org.testng.Assert.failNotEquals(Assert.java:1413)
	at org.testng.Assert.assertEqualsImpl(Assert.java:149)
	at org.testng.Assert.assertEquals(Assert.java:131)
	at org.testng.Assert.assertEquals(Assert.java:1240)
	at TestCases.DeleteBookAPITests.testDeleteBookWithInvalidIdAsAdmin(DeleteBookAPITests.java:57)
	at java.base/jdk.internal.reflect.NativeMethodAccessorImpl.invoke0(Native Method)
	at java.base/jdk.internal.reflect.NativeMethodAccessorImpl.invoke(NativeMethodAccessorImpl.java:77)
	at java.base/jdk.internal.reflect.DelegatingMethodAccessorImpl.invoke(DelegatingMethodAccessorImpl.java:43)
	at java.base/java.lang.reflect.Method.invoke(Method.java:568)
	at org.testng.internal.invokers.MethodInvocationHelper.invokeMethod(MethodInvocationHelper.java:139)
	at org.testng.internal.invokers.TestInvoker.invokeMethod(TestInvoker.java:677)
	at org.testng.internal.invokers.TestInvoker.invokeTestMethod(TestInvoker.java:221)
	at org.testng.internal.invokers.MethodRunner.runInSequence(MethodRunner.java:50)
	at org.testng.internal.invokers.TestInvoker$MethodInvocationAgent.invoke(TestInvoker.java:969)
	at org.testng.internal.invokers.TestInvoker.invokeTestMethods(TestInvoker.java:194)
	at org.testng.internal.invokers.TestMethodWorker.invokeTestMethods(TestMethodWorker.java:148)
	at org.testng.internal.invokers.TestMethodWorker.run(TestMethodWorker.java:128)
	at java.base/java.util.ArrayList.forEach(ArrayList.java:1511)
	at org.testng.TestRunner.privateRun(TestRunner.java:829)
	at org.testng.TestRunner.run(TestRunner.java:602)
	at org.testng.SuiteRunner.runTest(SuiteRunner.java:437)
	at org.testng.SuiteRunner.runSequentially(SuiteRunner.java:431)
	at org.testng.SuiteRunner.privateRun(SuiteRunner.java:391)
	at org.testng.SuiteRunner.run(SuiteRunner.java:330)
	at org.testng.SuiteRunnerWorker.runSuite(SuiteRunnerWorker.java:52)
	at org.testng.SuiteRunnerWorker.run(SuiteRunnerWorker.java:95)
	at org.testng.TestNG.runSuitesSequentially(TestNG.java:1256)
	at org.testng.TestNG.runSuitesLocally(TestNG.java:1176)
	at org.testng.TestNG.runSuites(TestNG.java:1099)
	at org.testng.TestNG.run(TestNG.java:1067)
	at org.apache.maven.surefire.testng.TestNGExecutor.run(TestNGExecutor.java:324)
	at org.apache.maven.surefire.testng.TestNGXmlTestSuite.execute(TestNGXmlTestSuite.java:74)
	at org.apache.maven.surefire.testng.TestNGProvider.invoke(TestNGProvider.java:123)
	at org.apache.maven.surefire.booter.ForkedBooter.runSuitesInProcess(ForkedBooter.java:456)
	at org.apache.maven.surefire.booter.ForkedBooter.execute(ForkedBooter.java:169)
	at org.apache.maven.surefire.booter.ForkedBooter.run(ForkedBooter.java:595)
	at org.apache.maven.surefire.booter.ForkedBooter.main(ForkedBooter.java:581)
]]></failure>
    <system-out><![CDATA[17:04:06.683 [main] DEBUG org.apache.http.impl.conn.BasicClientConnectionManager -- Get connection for route {}->http://13.60.22.209:7081
17:04:06.684 [main] DEBUG org.apache.http.impl.conn.DefaultClientConnectionOperator -- Connecting to 13.60.22.209:7081
17:04:06.844 [main] DEBUG org.apache.http.client.protocol.RequestAddCookies -- CookieSpec selected: ignoreCookies
17:04:06.844 [main] DEBUG org.apache.http.client.protocol.RequestAuthCache -- Auth cache not set in the context
17:04:06.844 [main] DEBUG org.apache.http.client.protocol.RequestTargetAuthentication -- Target auth state: UNCHALLENGED
17:04:06.844 [main] DEBUG org.apache.http.client.protocol.RequestProxyAuthentication -- Proxy auth state: UNCHALLENGED
17:04:06.844 [main] DEBUG org.apache.http.impl.client.DefaultHttpClient -- Attempt 1 to execute request
17:04:06.844 [main] DEBUG org.apache.http.impl.conn.DefaultClientConnection -- Sending request: DELETE /api/books/999 HTTP/1.1
17:04:06.844 [main] DEBUG org.apache.http.wire --  >> "DELETE /api/books/999 HTTP/1.1[\r][\n]"
17:04:06.844 [main] DEBUG org.apache.http.wire --  >> "Accept: */*[\r][\n]"
17:04:06.844 [main] DEBUG org.apache.http.wire --  >> "Host: 13.60.22.209:7081[\r][\n]"
17:04:06.844 [main] DEBUG org.apache.http.wire --  >> "Connection: Keep-Alive[\r][\n]"
17:04:06.844 [main] DEBUG org.apache.http.wire --  >> "User-Agent: Apache-HttpClient/4.5.13 (Java/17.0.9)[\r][\n]"
17:04:06.844 [main] DEBUG org.apache.http.wire --  >> "Accept-Encoding: gzip,deflate[\r][\n]"
17:04:06.844 [main] DEBUG org.apache.http.wire --  >> "[\r][\n]"
17:04:06.844 [main] DEBUG org.apache.http.headers -- >> DELETE /api/books/999 HTTP/1.1
17:04:06.844 [main] DEBUG org.apache.http.headers -- >> Accept: */*
17:04:06.844 [main] DEBUG org.apache.http.headers -- >> Host: 13.60.22.209:7081
17:04:06.844 [main] DEBUG org.apache.http.headers -- >> Connection: Keep-Alive
17:04:06.844 [main] DEBUG org.apache.http.headers -- >> User-Agent: Apache-HttpClient/4.5.13 (Java/17.0.9)
17:04:06.844 [main] DEBUG org.apache.http.headers -- >> Accept-Encoding: gzip,deflate
17:04:07.016 [main] DEBUG org.apache.http.wire --  << "HTTP/1.1 401 [\r][\n]"
17:04:07.016 [main] DEBUG org.apache.http.wire --  << "Set-Cookie: JSESSIONID=8191DFB6020146C9B88971B6A458E168; Path=/; HttpOnly[\r][\n]"
17:04:07.016 [main] DEBUG org.apache.http.wire --  << "WWW-Authenticate: Basic realm="Realm"[\r][\n]"
17:04:07.016 [main] DEBUG org.apache.http.wire --  << "X-Content-Type-Options: nosniff[\r][\n]"
17:04:07.016 [main] DEBUG org.apache.http.wire --  << "X-XSS-Protection: 1; mode=block[\r][\n]"
17:04:07.016 [main] DEBUG org.apache.http.wire --  << "Cache-Control: no-cache, no-store, max-age=0, must-revalidate[\r][\n]"
17:04:07.016 [main] DEBUG org.apache.http.wire --  << "Pragma: no-cache[\r][\n]"
17:04:07.016 [main] DEBUG org.apache.http.wire --  << "Expires: 0[\r][\n]"
17:04:07.016 [main] DEBUG org.apache.http.wire --  << "X-Frame-Options: DENY[\r][\n]"
17:04:07.016 [main] DEBUG org.apache.http.wire --  << "Content-Length: 0[\r][\n]"
17:04:07.016 [main] DEBUG org.apache.http.wire --  << "Date: Fri, 03 Jan 2025 11:34:07 GMT[\r][\n]"
17:04:07.016 [main] DEBUG org.apache.http.wire --  << "Keep-Alive: timeout=60[\r][\n]"
17:04:07.016 [main] DEBUG org.apache.http.wire --  << "Connection: keep-alive[\r][\n]"
17:04:07.016 [main] DEBUG org.apache.http.wire --  << "[\r][\n]"
17:04:07.016 [main] DEBUG org.apache.http.impl.conn.DefaultClientConnection -- Receiving response: HTTP/1.1 401 
17:04:07.016 [main] DEBUG org.apache.http.headers -- << HTTP/1.1 401 
17:04:07.016 [main] DEBUG org.apache.http.headers -- << Set-Cookie: JSESSIONID=8191DFB6020146C9B88971B6A458E168; Path=/; HttpOnly
17:04:07.016 [main] DEBUG org.apache.http.headers -- << WWW-Authenticate: Basic realm="Realm"
17:04:07.016 [main] DEBUG org.apache.http.headers -- << X-Content-Type-Options: nosniff
17:04:07.016 [main] DEBUG org.apache.http.headers -- << X-XSS-Protection: 1; mode=block
17:04:07.016 [main] DEBUG org.apache.http.headers -- << Cache-Control: no-cache, no-store, max-age=0, must-revalidate
17:04:07.016 [main] DEBUG org.apache.http.headers -- << Pragma: no-cache
17:04:07.016 [main] DEBUG org.apache.http.headers -- << Expires: 0
17:04:07.016 [main] DEBUG org.apache.http.headers -- << X-Frame-Options: DENY
17:04:07.016 [main] DEBUG org.apache.http.headers -- << Content-Length: 0
17:04:07.016 [main] DEBUG org.apache.http.headers -- << Date: Fri, 03 Jan 2025 11:34:07 GMT
17:04:07.016 [main] DEBUG org.apache.http.headers -- << Keep-Alive: timeout=60
17:04:07.016 [main] DEBUG org.apache.http.headers -- << Connection: keep-alive
17:04:07.017 [main] DEBUG org.apache.http.impl.client.DefaultHttpClient -- Connection can be kept alive for 60000 MILLISECONDS
17:04:07.017 [main] DEBUG org.apache.http.impl.client.DefaultHttpClient -- Authentication required
17:04:07.017 [main] DEBUG org.apache.http.impl.client.DefaultHttpClient -- 13.60.22.209:7081 requested authentication
17:04:07.017 [main] DEBUG org.apache.http.impl.client.TargetAuthenticationStrategy -- Authentication schemes in the order of preference: [Negotiate, Kerberos, NTLM, CredSSP, Digest, Basic]
17:04:07.017 [main] DEBUG org.apache.http.impl.client.TargetAuthenticationStrategy -- Challenge for Negotiate authentication scheme not available
17:04:07.017 [main] DEBUG org.apache.http.impl.client.TargetAuthenticationStrategy -- Challenge for Kerberos authentication scheme not available
17:04:07.017 [main] DEBUG org.apache.http.impl.client.TargetAuthenticationStrategy -- Challenge for NTLM authentication scheme not available
17:04:07.017 [main] DEBUG org.apache.http.impl.client.TargetAuthenticationStrategy -- Challenge for CredSSP authentication scheme not available
17:04:07.017 [main] DEBUG org.apache.http.impl.client.TargetAuthenticationStrategy -- Challenge for Digest authentication scheme not available
17:04:07.017 [main] DEBUG org.apache.http.impl.client.DefaultHttpClient -- Selected authentication options: [BASIC [complete=true]]
17:04:07.017 [main] DEBUG org.apache.http.client.protocol.RequestAddCookies -- CookieSpec selected: ignoreCookies
17:04:07.017 [main] DEBUG org.apache.http.client.protocol.RequestAuthCache -- Auth cache not set in the context
17:04:07.017 [main] DEBUG org.apache.http.client.protocol.RequestTargetAuthentication -- Target auth state: CHALLENGED
17:04:07.017 [main] DEBUG org.apache.http.client.protocol.RequestTargetAuthentication -- Generating response to an authentication challenge using basic scheme
17:04:07.017 [main] DEBUG org.apache.http.client.protocol.RequestProxyAuthentication -- Proxy auth state: UNCHALLENGED
17:04:07.017 [main] DEBUG org.apache.http.impl.client.DefaultHttpClient -- Attempt 2 to execute request
17:04:07.017 [main] DEBUG org.apache.http.impl.conn.DefaultClientConnection -- Sending request: DELETE /api/books/999 HTTP/1.1
17:04:07.017 [main] DEBUG org.apache.http.wire --  >> "DELETE /api/books/999 HTTP/1.1[\r][\n]"
17:04:07.017 [main] DEBUG org.apache.http.wire --  >> "Accept: */*[\r][\n]"
17:04:07.017 [main] DEBUG org.apache.http.wire --  >> "Host: 13.60.22.209:7081[\r][\n]"
17:04:07.017 [main] DEBUG org.apache.http.wire --  >> "Connection: Keep-Alive[\r][\n]"
17:04:07.017 [main] DEBUG org.apache.http.wire --  >> "User-Agent: Apache-HttpClient/4.5.13 (Java/17.0.9)[\r][\n]"
17:04:07.017 [main] DEBUG org.apache.http.wire --  >> "Authorization: Basic YWRtaW46cGFzc3dvcmQ=[\r][\n]"
17:04:07.017 [main] DEBUG org.apache.http.wire --  >> "Accept-Encoding: gzip,deflate[\r][\n]"
17:04:07.017 [main] DEBUG org.apache.http.wire --  >> "[\r][\n]"
17:04:07.017 [main] DEBUG org.apache.http.headers -- >> DELETE /api/books/999 HTTP/1.1
17:04:07.017 [main] DEBUG org.apache.http.headers -- >> Accept: */*
17:04:07.018 [main] DEBUG org.apache.http.headers -- >> Host: 13.60.22.209:7081
17:04:07.018 [main] DEBUG org.apache.http.headers -- >> Connection: Keep-Alive
17:04:07.018 [main] DEBUG org.apache.http.headers -- >> User-Agent: Apache-HttpClient/4.5.13 (Java/17.0.9)
17:04:07.018 [main] DEBUG org.apache.http.headers -- >> Authorization: Basic YWRtaW46cGFzc3dvcmQ=
17:04:07.018 [main] DEBUG org.apache.http.headers -- >> Accept-Encoding: gzip,deflate
17:04:07.276 [main] DEBUG org.apache.http.wire --  << "HTTP/1.1 403 [\r][\n]"
17:04:07.276 [main] DEBUG org.apache.http.wire --  << "Set-Cookie: JSESSIONID=11B3C9FB2BBD0A37605DCAC8EFA01469; Path=/; HttpOnly[\r][\n]"
17:04:07.276 [main] DEBUG org.apache.http.wire --  << "X-Content-Type-Options: nosniff[\r][\n]"
17:04:07.276 [main] DEBUG org.apache.http.wire --  << "X-XSS-Protection: 1; mode=block[\r][\n]"
17:04:07.276 [main] DEBUG org.apache.http.wire --  << "Cache-Control: no-cache, no-store, max-age=0, must-revalidate[\r][\n]"
17:04:07.276 [main] DEBUG org.apache.http.wire --  << "Pragma: no-cache[\r][\n]"
17:04:07.276 [main] DEBUG org.apache.http.wire --  << "Expires: 0[\r][\n]"
17:04:07.276 [main] DEBUG org.apache.http.wire --  << "X-Frame-Options: DENY[\r][\n]"
17:04:07.276 [main] DEBUG org.apache.http.wire --  << "Content-Type: text/plain;charset=UTF-8[\r][\n]"
17:04:07.276 [main] DEBUG org.apache.http.wire --  << "Content-Length: 22[\r][\n]"
17:04:07.276 [main] DEBUG org.apache.http.wire --  << "Date: Fri, 03 Jan 2025 11:34:07 GMT[\r][\n]"
17:04:07.276 [main] DEBUG org.apache.http.wire --  << "Keep-Alive: timeout=60[\r][\n]"
17:04:07.276 [main] DEBUG org.apache.http.wire --  << "Connection: keep-alive[\r][\n]"
17:04:07.276 [main] DEBUG org.apache.http.wire --  << "[\r][\n]"
17:04:07.276 [main] DEBUG org.apache.http.impl.conn.DefaultClientConnection -- Receiving response: HTTP/1.1 403 
17:04:07.276 [main] DEBUG org.apache.http.headers -- << HTTP/1.1 403 
17:04:07.276 [main] DEBUG org.apache.http.headers -- << Set-Cookie: JSESSIONID=11B3C9FB2BBD0A37605DCAC8EFA01469; Path=/; HttpOnly
17:04:07.276 [main] DEBUG org.apache.http.headers -- << X-Content-Type-Options: nosniff
17:04:07.276 [main] DEBUG org.apache.http.headers -- << X-XSS-Protection: 1; mode=block
17:04:07.276 [main] DEBUG org.apache.http.headers -- << Cache-Control: no-cache, no-store, max-age=0, must-revalidate
17:04:07.276 [main] DEBUG org.apache.http.headers -- << Pragma: no-cache
17:04:07.276 [main] DEBUG org.apache.http.headers -- << Expires: 0
17:04:07.276 [main] DEBUG org.apache.http.headers -- << X-Frame-Options: DENY
17:04:07.276 [main] DEBUG org.apache.http.headers -- << Content-Type: text/plain;charset=UTF-8
17:04:07.276 [main] DEBUG org.apache.http.headers -- << Content-Length: 22
17:04:07.276 [main] DEBUG org.apache.http.headers -- << Date: Fri, 03 Jan 2025 11:34:07 GMT
17:04:07.276 [main] DEBUG org.apache.http.headers -- << Keep-Alive: timeout=60
17:04:07.276 [main] DEBUG org.apache.http.headers -- << Connection: keep-alive
17:04:07.276 [main] DEBUG org.apache.http.impl.client.DefaultHttpClient -- Connection can be kept alive for 60000 MILLISECONDS
17:04:07.276 [main] DEBUG org.apache.http.impl.client.DefaultHttpClient -- Authentication succeeded
17:04:07.276 [main] DEBUG org.apache.http.impl.client.TargetAuthenticationStrategy -- Caching 'basic' auth scheme for http://13.60.22.209:7081
17:04:07.276 [main] DEBUG io.restassured.internal.RestAssuredHttpBuilder -- Parsing response as: text/plain;charset=UTF-8
17:04:07.276 [main] DEBUG io.restassured.internal.RestAssuredHttpBuilder -- Parsed data to instance of: class org.apache.http.conn.EofSensorInputStream
Response Status Code: 403
17:04:07.277 [main] DEBUG org.apache.http.wire --  << "User is not permitted."
17:04:07.277 [main] DEBUG org.apache.http.impl.conn.BasicClientConnectionManager -- Releasing connection org.apache.http.impl.conn.ManagedClientConnectionImpl@65600fb3
17:04:07.277 [main] DEBUG org.apache.http.impl.conn.BasicClientConnectionManager -- Connection can be kept alive for 60000 MILLISECONDS
User is not permitted.
]]></system-out>
  </testcase>
  <testcase name="testDeleteBookWithValidIdAsAdmin" classname="TestCases.DeleteBookAPITests" time="0.603">
    <failure message="Expected status code is 200 for valid book deletion expected [200] but found [403]" type="java.lang.AssertionError"><![CDATA[java.lang.AssertionError: Expected status code is 200 for valid book deletion expected [200] but found [403]
	at org.testng.Assert.fail(Assert.java:110)
	at org.testng.Assert.failNotEquals(Assert.java:1413)
	at org.testng.Assert.assertEqualsImpl(Assert.java:149)
	at org.testng.Assert.assertEquals(Assert.java:131)
	at org.testng.Assert.assertEquals(Assert.java:1240)
	at TestCases.DeleteBookAPITests.testDeleteBookWithValidIdAsAdmin(DeleteBookAPITests.java:37)
	at java.base/jdk.internal.reflect.NativeMethodAccessorImpl.invoke0(Native Method)
	at java.base/jdk.internal.reflect.NativeMethodAccessorImpl.invoke(NativeMethodAccessorImpl.java:77)
	at java.base/jdk.internal.reflect.DelegatingMethodAccessorImpl.invoke(DelegatingMethodAccessorImpl.java:43)
	at java.base/java.lang.reflect.Method.invoke(Method.java:568)
	at org.testng.internal.invokers.MethodInvocationHelper.invokeMethod(MethodInvocationHelper.java:139)
	at org.testng.internal.invokers.TestInvoker.invokeMethod(TestInvoker.java:677)
	at org.testng.internal.invokers.TestInvoker.invokeTestMethod(TestInvoker.java:221)
	at org.testng.internal.invokers.MethodRunner.runInSequence(MethodRunner.java:50)
	at org.testng.internal.invokers.TestInvoker$MethodInvocationAgent.invoke(TestInvoker.java:969)
	at org.testng.internal.invokers.TestInvoker.invokeTestMethods(TestInvoker.java:194)
	at org.testng.internal.invokers.TestMethodWorker.invokeTestMethods(TestMethodWorker.java:148)
	at org.testng.internal.invokers.TestMethodWorker.run(TestMethodWorker.java:128)
	at java.base/java.util.ArrayList.forEach(ArrayList.java:1511)
	at org.testng.TestRunner.privateRun(TestRunner.java:829)
	at org.testng.TestRunner.run(TestRunner.java:602)
	at org.testng.SuiteRunner.runTest(SuiteRunner.java:437)
	at org.testng.SuiteRunner.runSequentially(SuiteRunner.java:431)
	at org.testng.SuiteRunner.privateRun(SuiteRunner.java:391)
	at org.testng.SuiteRunner.run(SuiteRunner.java:330)
	at org.testng.SuiteRunnerWorker.runSuite(SuiteRunnerWorker.java:52)
	at org.testng.SuiteRunnerWorker.run(SuiteRunnerWorker.java:95)
	at org.testng.TestNG.runSuitesSequentially(TestNG.java:1256)
	at org.testng.TestNG.runSuitesLocally(TestNG.java:1176)
	at org.testng.TestNG.runSuites(TestNG.java:1099)
	at org.testng.TestNG.run(TestNG.java:1067)
	at org.apache.maven.surefire.testng.TestNGExecutor.run(TestNGExecutor.java:324)
	at org.apache.maven.surefire.testng.TestNGXmlTestSuite.execute(TestNGXmlTestSuite.java:74)
	at org.apache.maven.surefire.testng.TestNGProvider.invoke(TestNGProvider.java:123)
	at org.apache.maven.surefire.booter.ForkedBooter.runSuitesInProcess(ForkedBooter.java:456)
	at org.apache.maven.surefire.booter.ForkedBooter.execute(ForkedBooter.java:169)
	at org.apache.maven.surefire.booter.ForkedBooter.run(ForkedBooter.java:595)
	at org.apache.maven.surefire.booter.ForkedBooter.main(ForkedBooter.java:581)
]]></failure>
    <system-out><![CDATA[17:04:07.286 [main] DEBUG org.apache.http.impl.conn.BasicClientConnectionManager -- Get connection for route {}->http://13.60.22.209:7081
17:04:07.286 [main] DEBUG org.apache.http.impl.conn.DefaultClientConnectionOperator -- Connecting to 13.60.22.209:7081
17:04:07.450 [main] DEBUG org.apache.http.client.protocol.RequestAddCookies -- CookieSpec selected: ignoreCookies
17:04:07.450 [main] DEBUG org.apache.http.client.protocol.RequestAuthCache -- Auth cache not set in the context
17:04:07.450 [main] DEBUG org.apache.http.client.protocol.RequestTargetAuthentication -- Target auth state: UNCHALLENGED
17:04:07.450 [main] DEBUG org.apache.http.client.protocol.RequestProxyAuthentication -- Proxy auth state: UNCHALLENGED
17:04:07.450 [main] DEBUG org.apache.http.impl.client.DefaultHttpClient -- Attempt 1 to execute request
17:04:07.450 [main] DEBUG org.apache.http.impl.conn.DefaultClientConnection -- Sending request: DELETE /api/books/1 HTTP/1.1
17:04:07.450 [main] DEBUG org.apache.http.wire --  >> "DELETE /api/books/1 HTTP/1.1[\r][\n]"
17:04:07.450 [main] DEBUG org.apache.http.wire --  >> "Accept: */*[\r][\n]"
17:04:07.450 [main] DEBUG org.apache.http.wire --  >> "Host: 13.60.22.209:7081[\r][\n]"
17:04:07.450 [main] DEBUG org.apache.http.wire --  >> "Connection: Keep-Alive[\r][\n]"
17:04:07.450 [main] DEBUG org.apache.http.wire --  >> "User-Agent: Apache-HttpClient/4.5.13 (Java/17.0.9)[\r][\n]"
17:04:07.450 [main] DEBUG org.apache.http.wire --  >> "Accept-Encoding: gzip,deflate[\r][\n]"
17:04:07.450 [main] DEBUG org.apache.http.wire --  >> "[\r][\n]"
17:04:07.450 [main] DEBUG org.apache.http.headers -- >> DELETE /api/books/1 HTTP/1.1
17:04:07.450 [main] DEBUG org.apache.http.headers -- >> Accept: */*
17:04:07.450 [main] DEBUG org.apache.http.headers -- >> Host: 13.60.22.209:7081
17:04:07.450 [main] DEBUG org.apache.http.headers -- >> Connection: Keep-Alive
17:04:07.450 [main] DEBUG org.apache.http.headers -- >> User-Agent: Apache-HttpClient/4.5.13 (Java/17.0.9)
17:04:07.450 [main] DEBUG org.apache.http.headers -- >> Accept-Encoding: gzip,deflate
17:04:07.614 [main] DEBUG org.apache.http.wire --  << "HTTP/1.1 401 [\r][\n]"
17:04:07.615 [main] DEBUG org.apache.http.wire --  << "Set-Cookie: JSESSIONID=087783D47F5382857192B36E0B381DCC; Path=/; HttpOnly[\r][\n]"
17:04:07.615 [main] DEBUG org.apache.http.wire --  << "WWW-Authenticate: Basic realm="Realm"[\r][\n]"
17:04:07.615 [main] DEBUG org.apache.http.wire --  << "X-Content-Type-Options: nosniff[\r][\n]"
17:04:07.615 [main] DEBUG org.apache.http.wire --  << "X-XSS-Protection: 1; mode=block[\r][\n]"
17:04:07.615 [main] DEBUG org.apache.http.wire --  << "Cache-Control: no-cache, no-store, max-age=0, must-revalidate[\r][\n]"
17:04:07.615 [main] DEBUG org.apache.http.wire --  << "Pragma: no-cache[\r][\n]"
17:04:07.615 [main] DEBUG org.apache.http.wire --  << "Expires: 0[\r][\n]"
17:04:07.615 [main] DEBUG org.apache.http.wire --  << "X-Frame-Options: DENY[\r][\n]"
17:04:07.615 [main] DEBUG org.apache.http.wire --  << "Content-Length: 0[\r][\n]"
17:04:07.615 [main] DEBUG org.apache.http.wire --  << "Date: Fri, 03 Jan 2025 11:34:08 GMT[\r][\n]"
17:04:07.615 [main] DEBUG org.apache.http.wire --  << "Keep-Alive: timeout=60[\r][\n]"
17:04:07.615 [main] DEBUG org.apache.http.wire --  << "Connection: keep-alive[\r][\n]"
17:04:07.615 [main] DEBUG org.apache.http.wire --  << "[\r][\n]"
17:04:07.615 [main] DEBUG org.apache.http.impl.conn.DefaultClientConnection -- Receiving response: HTTP/1.1 401 
17:04:07.615 [main] DEBUG org.apache.http.headers -- << HTTP/1.1 401 
17:04:07.615 [main] DEBUG org.apache.http.headers -- << Set-Cookie: JSESSIONID=087783D47F5382857192B36E0B381DCC; Path=/; HttpOnly
17:04:07.615 [main] DEBUG org.apache.http.headers -- << WWW-Authenticate: Basic realm="Realm"
17:04:07.615 [main] DEBUG org.apache.http.headers -- << X-Content-Type-Options: nosniff
17:04:07.615 [main] DEBUG org.apache.http.headers -- << X-XSS-Protection: 1; mode=block
17:04:07.615 [main] DEBUG org.apache.http.headers -- << Cache-Control: no-cache, no-store, max-age=0, must-revalidate
17:04:07.615 [main] DEBUG org.apache.http.headers -- << Pragma: no-cache
17:04:07.615 [main] DEBUG org.apache.http.headers -- << Expires: 0
17:04:07.615 [main] DEBUG org.apache.http.headers -- << X-Frame-Options: DENY
17:04:07.615 [main] DEBUG org.apache.http.headers -- << Content-Length: 0
17:04:07.615 [main] DEBUG org.apache.http.headers -- << Date: Fri, 03 Jan 2025 11:34:08 GMT
17:04:07.615 [main] DEBUG org.apache.http.headers -- << Keep-Alive: timeout=60
17:04:07.615 [main] DEBUG org.apache.http.headers -- << Connection: keep-alive
17:04:07.615 [main] DEBUG org.apache.http.impl.client.DefaultHttpClient -- Connection can be kept alive for 60000 MILLISECONDS
17:04:07.615 [main] DEBUG org.apache.http.impl.client.DefaultHttpClient -- Authentication required
17:04:07.615 [main] DEBUG org.apache.http.impl.client.DefaultHttpClient -- 13.60.22.209:7081 requested authentication
17:04:07.615 [main] DEBUG org.apache.http.impl.client.TargetAuthenticationStrategy -- Authentication schemes in the order of preference: [Negotiate, Kerberos, NTLM, CredSSP, Digest, Basic]
17:04:07.615 [main] DEBUG org.apache.http.impl.client.TargetAuthenticationStrategy -- Challenge for Negotiate authentication scheme not available
17:04:07.615 [main] DEBUG org.apache.http.impl.client.TargetAuthenticationStrategy -- Challenge for Kerberos authentication scheme not available
17:04:07.615 [main] DEBUG org.apache.http.impl.client.TargetAuthenticationStrategy -- Challenge for NTLM authentication scheme not available
17:04:07.615 [main] DEBUG org.apache.http.impl.client.TargetAuthenticationStrategy -- Challenge for CredSSP authentication scheme not available
17:04:07.615 [main] DEBUG org.apache.http.impl.client.TargetAuthenticationStrategy -- Challenge for Digest authentication scheme not available
17:04:07.615 [main] DEBUG org.apache.http.impl.client.DefaultHttpClient -- Selected authentication options: [BASIC [complete=true]]
17:04:07.615 [main] DEBUG org.apache.http.client.protocol.RequestAddCookies -- CookieSpec selected: ignoreCookies
17:04:07.615 [main] DEBUG org.apache.http.client.protocol.RequestAuthCache -- Auth cache not set in the context
17:04:07.615 [main] DEBUG org.apache.http.client.protocol.RequestTargetAuthentication -- Target auth state: CHALLENGED
17:04:07.615 [main] DEBUG org.apache.http.client.protocol.RequestTargetAuthentication -- Generating response to an authentication challenge using basic scheme
17:04:07.615 [main] DEBUG org.apache.http.client.protocol.RequestProxyAuthentication -- Proxy auth state: UNCHALLENGED
17:04:07.615 [main] DEBUG org.apache.http.impl.client.DefaultHttpClient -- Attempt 2 to execute request
17:04:07.615 [main] DEBUG org.apache.http.impl.conn.DefaultClientConnection -- Sending request: DELETE /api/books/1 HTTP/1.1
17:04:07.615 [main] DEBUG org.apache.http.wire --  >> "DELETE /api/books/1 HTTP/1.1[\r][\n]"
17:04:07.615 [main] DEBUG org.apache.http.wire --  >> "Accept: */*[\r][\n]"
17:04:07.615 [main] DEBUG org.apache.http.wire --  >> "Host: 13.60.22.209:7081[\r][\n]"
17:04:07.615 [main] DEBUG org.apache.http.wire --  >> "Connection: Keep-Alive[\r][\n]"
17:04:07.615 [main] DEBUG org.apache.http.wire --  >> "User-Agent: Apache-HttpClient/4.5.13 (Java/17.0.9)[\r][\n]"
17:04:07.615 [main] DEBUG org.apache.http.wire --  >> "Authorization: Basic YWRtaW46cGFzc3dvcmQ=[\r][\n]"
17:04:07.615 [main] DEBUG org.apache.http.wire --  >> "Accept-Encoding: gzip,deflate[\r][\n]"
17:04:07.615 [main] DEBUG org.apache.http.wire --  >> "[\r][\n]"
17:04:07.615 [main] DEBUG org.apache.http.headers -- >> DELETE /api/books/1 HTTP/1.1
17:04:07.615 [main] DEBUG org.apache.http.headers -- >> Accept: */*
17:04:07.615 [main] DEBUG org.apache.http.headers -- >> Host: 13.60.22.209:7081
17:04:07.615 [main] DEBUG org.apache.http.headers -- >> Connection: Keep-Alive
17:04:07.615 [main] DEBUG org.apache.http.headers -- >> User-Agent: Apache-HttpClient/4.5.13 (Java/17.0.9)
17:04:07.615 [main] DEBUG org.apache.http.headers -- >> Authorization: Basic YWRtaW46cGFzc3dvcmQ=
17:04:07.615 [main] DEBUG org.apache.http.headers -- >> Accept-Encoding: gzip,deflate
17:04:07.875 [main] DEBUG org.apache.http.wire --  << "HTTP/1.1 403 [\r][\n]"
17:04:07.875 [main] DEBUG org.apache.http.wire --  << "Set-Cookie: JSESSIONID=AB12E11375AA5CB10BD934649E32276F; Path=/; HttpOnly[\r][\n]"
17:04:07.875 [main] DEBUG org.apache.http.wire --  << "X-Content-Type-Options: nosniff[\r][\n]"
17:04:07.875 [main] DEBUG org.apache.http.wire --  << "X-XSS-Protection: 1; mode=block[\r][\n]"
17:04:07.875 [main] DEBUG org.apache.http.wire --  << "Cache-Control: no-cache, no-store, max-age=0, must-revalidate[\r][\n]"
17:04:07.875 [main] DEBUG org.apache.http.wire --  << "Pragma: no-cache[\r][\n]"
17:04:07.875 [main] DEBUG org.apache.http.wire --  << "Expires: 0[\r][\n]"
17:04:07.875 [main] DEBUG org.apache.http.wire --  << "X-Frame-Options: DENY[\r][\n]"
17:04:07.875 [main] DEBUG org.apache.http.wire --  << "Content-Type: text/plain;charset=UTF-8[\r][\n]"
17:04:07.875 [main] DEBUG org.apache.http.wire --  << "Content-Length: 22[\r][\n]"
17:04:07.875 [main] DEBUG org.apache.http.wire --  << "Date: Fri, 03 Jan 2025 11:34:08 GMT[\r][\n]"
17:04:07.875 [main] DEBUG org.apache.http.wire --  << "Keep-Alive: timeout=60[\r][\n]"
17:04:07.875 [main] DEBUG org.apache.http.wire --  << "Connection: keep-alive[\r][\n]"
17:04:07.875 [main] DEBUG org.apache.http.wire --  << "[\r][\n]"
17:04:07.875 [main] DEBUG org.apache.http.impl.conn.DefaultClientConnection -- Receiving response: HTTP/1.1 403 
17:04:07.875 [main] DEBUG org.apache.http.headers -- << HTTP/1.1 403 
17:04:07.875 [main] DEBUG org.apache.http.headers -- << Set-Cookie: JSESSIONID=AB12E11375AA5CB10BD934649E32276F; Path=/; HttpOnly
17:04:07.875 [main] DEBUG org.apache.http.headers -- << X-Content-Type-Options: nosniff
17:04:07.875 [main] DEBUG org.apache.http.headers -- << X-XSS-Protection: 1; mode=block
17:04:07.875 [main] DEBUG org.apache.http.headers -- << Cache-Control: no-cache, no-store, max-age=0, must-revalidate
17:04:07.875 [main] DEBUG org.apache.http.headers -- << Pragma: no-cache
17:04:07.875 [main] DEBUG org.apache.http.headers -- << Expires: 0
17:04:07.875 [main] DEBUG org.apache.http.headers -- << X-Frame-Options: DENY
17:04:07.875 [main] DEBUG org.apache.http.headers -- << Content-Type: text/plain;charset=UTF-8
17:04:07.875 [main] DEBUG org.apache.http.headers -- << Content-Length: 22
17:04:07.875 [main] DEBUG org.apache.http.headers -- << Date: Fri, 03 Jan 2025 11:34:08 GMT
17:04:07.875 [main] DEBUG org.apache.http.headers -- << Keep-Alive: timeout=60
17:04:07.875 [main] DEBUG org.apache.http.headers -- << Connection: keep-alive
17:04:07.875 [main] DEBUG org.apache.http.impl.client.DefaultHttpClient -- Connection can be kept alive for 60000 MILLISECONDS
17:04:07.875 [main] DEBUG org.apache.http.impl.client.DefaultHttpClient -- Authentication succeeded
17:04:07.875 [main] DEBUG org.apache.http.impl.client.TargetAuthenticationStrategy -- Caching 'basic' auth scheme for http://13.60.22.209:7081
17:04:07.876 [main] DEBUG io.restassured.internal.RestAssuredHttpBuilder -- Parsing response as: text/plain;charset=UTF-8
17:04:07.876 [main] DEBUG io.restassured.internal.RestAssuredHttpBuilder -- Parsed data to instance of: class org.apache.http.conn.EofSensorInputStream
Response Status Code: 403
17:04:07.877 [main] DEBUG org.apache.http.wire --  << "User is not permitted."
17:04:07.877 [main] DEBUG org.apache.http.impl.conn.BasicClientConnectionManager -- Releasing connection org.apache.http.impl.conn.ManagedClientConnectionImpl@9690008
17:04:07.877 [main] DEBUG org.apache.http.impl.conn.BasicClientConnectionManager -- Connection can be kept alive for 60000 MILLISECONDS
User is not permitted.
]]></system-out>
  </testcase>
  <testcase name="testAccessibilityOfLinks" classname="UITestCases.BuggyCarsUITests" time="0.149">
    <system-out><![CDATA[17:04:08.031 [main] DEBUG io.github.bonigarcia.wdm.WebDriverManager -- Using WebDriverManager 5.5.3
17:04:08.170 [Finalizer] DEBUG org.apache.http.impl.conn.DefaultClientConnection -- Connection 0.0.0.0:58404<->13.60.22.209:7081 closed
17:04:08.170 [Finalizer] DEBUG org.apache.http.impl.conn.DefaultClientConnection -- Connection 0.0.0.0:58409<->13.60.22.209:7081 closed
17:04:08.172 [Finalizer] DEBUG org.apache.http.impl.conn.DefaultClientConnection -- Connection 0.0.0.0:58406<->13.60.22.209:7081 closed
17:04:08.172 [Finalizer] DEBUG org.apache.http.impl.conn.DefaultClientConnection -- Connection 0.0.0.0:58403<->13.60.22.209:7081 closed
17:04:08.172 [Finalizer] DEBUG org.apache.http.impl.conn.DefaultClientConnection -- Connection 0.0.0.0:58402<->13.60.22.209:7081 closed
17:04:08.172 [Finalizer] DEBUG org.apache.http.impl.conn.DefaultClientConnection -- Connection 0.0.0.0:58399<->13.60.22.209:7081 closed
17:04:08.172 [Finalizer] DEBUG org.apache.http.impl.conn.DefaultClientConnection -- Connection 0.0.0.0:58398<->13.60.22.209:7081 closed
17:04:08.172 [Finalizer] DEBUG org.apache.http.impl.conn.DefaultClientConnection -- Connection 0.0.0.0:58396<->13.60.22.209:7081 closed
17:04:08.172 [Finalizer] DEBUG org.apache.http.impl.conn.DefaultClientConnection -- Connection 0.0.0.0:58395<->13.60.22.209:7081 closed
17:04:08.172 [Finalizer] DEBUG org.apache.http.impl.conn.DefaultClientConnection -- Connection 0.0.0.0:58394<->13.60.22.209:7081 closed
17:04:08.173 [Finalizer] DEBUG org.apache.http.impl.conn.DefaultClientConnection -- Connection 0.0.0.0:58392<->13.60.22.209:7081 closed
17:04:08.173 [Finalizer] DEBUG org.apache.http.impl.conn.DefaultClientConnection -- Connection 0.0.0.0:58390<->13.60.22.209:7081 closed
17:04:08.173 [Finalizer] DEBUG org.apache.http.impl.conn.DefaultClientConnection -- Connection 0.0.0.0:58389<->13.60.22.209:7081 closed
17:04:08.173 [Finalizer] DEBUG org.apache.http.impl.conn.DefaultClientConnection -- Connection 0.0.0.0:58388<->13.60.22.209:7081 closed
17:04:08.174 [Finalizer] DEBUG org.apache.http.impl.conn.DefaultClientConnection -- Connection 0.0.0.0:58386<->13.60.22.209:7081 closed
17:04:08.174 [Finalizer] DEBUG org.apache.http.impl.conn.DefaultClientConnection -- Connection 0.0.0.0:58385<->13.60.22.209:7081 closed
17:04:08.174 [Finalizer] DEBUG org.apache.http.impl.conn.DefaultClientConnection -- Connection 0.0.0.0:58384<->13.60.22.209:7081 closed
17:04:08.174 [Finalizer] DEBUG org.apache.http.impl.conn.DefaultClientConnection -- Connection 0.0.0.0:58382<->13.60.22.209:7081 closed
17:04:08.255 [main] DEBUG io.github.bonigarcia.wdm.cache.ResolutionCache -- Resolution chrome=131 in cache (valid until 17:53:13 03/01/2025 IST)
17:04:08.256 [main] DEBUG io.github.bonigarcia.wdm.cache.ResolutionCache -- Resolution chrome131=131.0.6778.204 in cache (valid until 16:53:13 04/01/2025 IST)
17:04:08.256 [main] INFO io.github.bonigarcia.wdm.WebDriverManager -- Using chromedriver 131.0.6778.204 (resolved driver for Chrome 131)
17:04:08.274 [main] DEBUG io.github.bonigarcia.wdm.WebDriverManager -- Driver chromedriver 131.0.6778.204 found in cache
17:04:08.275 [main] INFO io.github.bonigarcia.wdm.WebDriverManager -- Exporting webdriver.chrome.driver as C:\Users\sasitharan\.cache\selenium\chromedriver\win64\131.0.6778.204\chromedriver.exe
17:04:08.353 [main] DEBUG io.netty.util.internal.logging.InternalLoggerFactory -- Using SLF4J as the default logging framework
17:04:08.355 [main] DEBUG io.netty.util.ResourceLeakDetector -- -Dio.netty.leakDetection.level: simple
17:04:08.355 [main] DEBUG io.netty.util.ResourceLeakDetector -- -Dio.netty.leakDetection.targetRecords: 4
17:04:08.357 [main] DEBUG io.netty.util.ResourceLeakDetectorFactory -- Loaded default ResourceLeakDetector: io.netty.util.ResourceLeakDetector@438aaa9f
17:04:08.372 [main] DEBUG io.netty.util.internal.PlatformDependent0 -- -Dio.netty.noUnsafe: false
17:04:08.372 [main] DEBUG io.netty.util.internal.PlatformDependent0 -- Java version: 17
17:04:08.373 [main] DEBUG io.netty.util.internal.PlatformDependent0 -- sun.misc.Unsafe.theUnsafe: available
17:04:08.374 [main] DEBUG io.netty.util.internal.PlatformDependent0 -- sun.misc.Unsafe.copyMemory: available
17:04:08.374 [main] DEBUG io.netty.util.internal.PlatformDependent0 -- sun.misc.Unsafe.storeFence: available
17:04:08.374 [main] DEBUG io.netty.util.internal.PlatformDependent0 -- java.nio.Buffer.address: available
17:04:08.375 [main] DEBUG io.netty.util.internal.PlatformDependent0 -- direct buffer constructor: unavailable: Reflective setAccessible(true) disabled
17:04:08.375 [main] DEBUG io.netty.util.internal.PlatformDependent0 -- java.nio.Bits.unaligned: available, true
17:04:08.376 [main] DEBUG io.netty.util.internal.PlatformDependent0 -- jdk.internal.misc.Unsafe.allocateUninitializedArray(int): unavailable: class io.netty.util.internal.PlatformDependent0$7 cannot access class jdk.internal.misc.Unsafe (in module java.base) because module java.base does not export jdk.internal.misc to unnamed module @eadd4fb
17:04:08.377 [main] DEBUG io.netty.util.internal.PlatformDependent0 -- java.nio.DirectByteBuffer.<init>(long, {int,long}): unavailable
17:04:08.377 [main] DEBUG io.netty.util.internal.PlatformDependent -- sun.misc.Unsafe: available
17:04:08.378 [main] DEBUG io.netty.util.internal.PlatformDependent -- maxDirectMemory: 5276434432 bytes (maybe)
17:04:08.379 [main] DEBUG io.netty.util.internal.PlatformDependent -- -Dio.netty.tmpdir: C:\Users\SASITH~1\AppData\Local\Temp (java.io.tmpdir)
17:04:08.379 [main] DEBUG io.netty.util.internal.PlatformDependent -- -Dio.netty.bitMode: 64 (sun.arch.data.model)
17:04:08.379 [main] DEBUG io.netty.util.internal.PlatformDependent -- Platform: Windows
17:04:08.380 [main] DEBUG io.netty.util.internal.PlatformDependent -- -Dio.netty.maxDirectMemory: -1 bytes
17:04:08.380 [main] DEBUG io.netty.util.internal.PlatformDependent -- -Dio.netty.uninitializedArrayAllocationThreshold: -1
17:04:08.380 [main] DEBUG io.netty.util.internal.CleanerJava9 -- java.nio.ByteBuffer.cleaner(): available
17:04:08.380 [main] DEBUG io.netty.util.internal.PlatformDependent -- -Dio.netty.noPreferDirect: false
17:04:08.386 [main] DEBUG io.netty.util.internal.PlatformDependent -- org.jctools-core.MpscChunkedArrayQueue: available
17:04:08.400 [main] DEBUG io.netty.util.internal.InternalThreadLocalMap -- -Dio.netty.threadLocalMap.stringBuilder.initialSize: 1024
17:04:08.400 [main] DEBUG io.netty.util.internal.InternalThreadLocalMap -- -Dio.netty.threadLocalMap.stringBuilder.maxSize: 4096
17:04:08.447 [main] DEBUG io.netty.handler.ssl.JdkSslContext -- Default protocols (JDK): [TLSv1.3, TLSv1.2] 
17:04:08.447 [main] DEBUG io.netty.handler.ssl.JdkSslContext -- Default cipher suites (JDK): [TLS_ECDHE_ECDSA_WITH_AES_256_GCM_SHA384, TLS_ECDHE_ECDSA_WITH_AES_128_GCM_SHA256, TLS_ECDHE_RSA_WITH_AES_128_GCM_SHA256, TLS_ECDHE_RSA_WITH_AES_256_GCM_SHA384, TLS_ECDHE_RSA_WITH_AES_128_CBC_SHA, TLS_ECDHE_RSA_WITH_AES_256_CBC_SHA, TLS_RSA_WITH_AES_128_GCM_SHA256, TLS_RSA_WITH_AES_128_CBC_SHA, TLS_RSA_WITH_AES_256_CBC_SHA, TLS_AES_128_GCM_SHA256, TLS_AES_256_GCM_SHA384]
17:04:08.459 [main] DEBUG io.netty.util.concurrent.GlobalEventExecutor -- -Dio.netty.globalEventExecutor.quietPeriodSeconds: 1
17:04:08.482 [main] DEBUG io.netty.channel.MultithreadEventLoopGroup -- -Dio.netty.eventLoopThreads: 16
17:04:08.488 [main] DEBUG io.netty.channel.nio.NioEventLoop -- -Dio.netty.noKeySetOptimization: false
17:04:08.488 [main] DEBUG io.netty.channel.nio.NioEventLoop -- -Dio.netty.selectorAutoRebuildThreshold: 512
17:04:08.546 [main] DEBUG io.netty.buffer.PooledByteBufAllocator -- -Dio.netty.allocator.numHeapArenas: 16
17:04:08.546 [main] DEBUG io.netty.buffer.PooledByteBufAllocator -- -Dio.netty.allocator.numDirectArenas: 16
17:04:08.546 [main] DEBUG io.netty.buffer.PooledByteBufAllocator -- -Dio.netty.allocator.pageSize: 8192
17:04:08.546 [main] DEBUG io.netty.buffer.PooledByteBufAllocator -- -Dio.netty.allocator.maxOrder: 9
17:04:08.546 [main] DEBUG io.netty.buffer.PooledByteBufAllocator -- -Dio.netty.allocator.chunkSize: 4194304
17:04:08.546 [main] DEBUG io.netty.buffer.PooledByteBufAllocator -- -Dio.netty.allocator.smallCacheSize: 256
17:04:08.546 [main] DEBUG io.netty.buffer.PooledByteBufAllocator -- -Dio.netty.allocator.normalCacheSize: 64
17:04:08.546 [main] DEBUG io.netty.buffer.PooledByteBufAllocator -- -Dio.netty.allocator.maxCachedBufferCapacity: 32768
17:04:08.546 [main] DEBUG io.netty.buffer.PooledByteBufAllocator -- -Dio.netty.allocator.cacheTrimInterval: 8192
17:04:08.546 [main] DEBUG io.netty.buffer.PooledByteBufAllocator -- -Dio.netty.allocator.cacheTrimIntervalMillis: 0
17:04:08.546 [main] DEBUG io.netty.buffer.PooledByteBufAllocator -- -Dio.netty.allocator.useCacheForAllThreads: false
17:04:08.546 [main] DEBUG io.netty.buffer.PooledByteBufAllocator -- -Dio.netty.allocator.maxCachedByteBuffersPerChunk: 1023
17:04:08.555 [main] DEBUG io.netty.buffer.ByteBufUtil -- -Dio.netty.allocator.type: pooled
17:04:08.555 [main] DEBUG io.netty.buffer.ByteBufUtil -- -Dio.netty.threadLocalDirectBufferSize: 0
17:04:08.555 [main] DEBUG io.netty.buffer.ByteBufUtil -- -Dio.netty.maxThreadLocalCharBufferSize: 16384
17:04:08.777 [Forwarding newSession on session null to remote] DEBUG io.netty.channel.DefaultChannelId -- -Dio.netty.processId: 49660 (auto-detected)
17:04:08.778 [Forwarding newSession on session null to remote] DEBUG io.netty.util.NetUtil -- -Djava.net.preferIPv4Stack: false
17:04:08.778 [Forwarding newSession on session null to remote] DEBUG io.netty.util.NetUtil -- -Djava.net.preferIPv6Addresses: false
17:04:08.785 [Forwarding newSession on session null to remote] DEBUG io.netty.util.NetUtilInitializations -- Loopback interface: lo (Software Loopback Interface 1, 127.0.0.1)
17:04:08.786 [Forwarding newSession on session null to remote] DEBUG io.netty.util.NetUtil -- Failed to get SOMAXCONN from sysctl and file \proc\sys\net\core\somaxconn. Default: 200
17:04:08.812 [Forwarding newSession on session null to remote] DEBUG io.netty.channel.DefaultChannelId -- -Dio.netty.machineId: 14:13:33:ff:fe:41:79:0d (auto-detected)
17:04:08.851 [AsyncHttpClient-1-2] DEBUG io.netty.buffer.AbstractByteBuf -- -Dio.netty.buffer.checkAccessible: true
17:04:08.851 [AsyncHttpClient-1-2] DEBUG io.netty.buffer.AbstractByteBuf -- -Dio.netty.buffer.checkBounds: true
17:04:08.851 [AsyncHttpClient-1-2] DEBUG io.netty.util.ResourceLeakDetectorFactory -- Loaded default ResourceLeakDetector: io.netty.util.ResourceLeakDetector@5bb541ee
17:04:08.862 [AsyncHttpClient-1-2] DEBUG org.asynchttpclient.netty.channel.NettyConnectListener -- Using new Channel '[id: 0x8fc58b6c, L:/127.0.0.1:58412 - R:localhost/127.0.0.1:32965]' for 'POST' to '/session'
17:04:08.874 [AsyncHttpClient-1-2] DEBUG io.netty.util.Recycler -- -Dio.netty.recycler.maxCapacityPerThread: 4096
17:04:08.875 [AsyncHttpClient-1-2] DEBUG io.netty.util.Recycler -- -Dio.netty.recycler.ratio: 8
17:04:08.875 [AsyncHttpClient-1-2] DEBUG io.netty.util.Recycler -- -Dio.netty.recycler.chunkSize: 32
17:04:08.875 [AsyncHttpClient-1-2] DEBUG io.netty.util.Recycler -- -Dio.netty.recycler.blocking: false
17:04:08.875 [AsyncHttpClient-1-2] DEBUG io.netty.util.Recycler -- -Dio.netty.recycler.batchFastThreadLocalOnly: true
17:04:09.514 [AsyncHttpClient-1-2] DEBUG io.netty.handler.codec.compression.Brotli -- brotli4j not in the classpath; Brotli support will be unavailable.
17:04:09.514 [AsyncHttpClient-1-2] DEBUG org.asynchttpclient.netty.handler.HttpHandler -- 

Request DefaultHttpRequest(decodeResult: success, version: HTTP/1.1)
POST /session HTTP/1.1
User-Agent: selenium/4.12.0 (java windows)
Content-Length: 254
Content-Type: application/json; charset=utf-8
host: localhost:32965
accept: */*

Response DefaultHttpResponse(decodeResult: success, version: HTTP/1.1)
HTTP/1.1 200 OK
Content-Length: 888
Content-Type: application/json; charset=utf-8
cache-control: no-cache

17:04:09.521 [AsyncHttpClient-1-2] DEBUG org.asynchttpclient.netty.channel.ChannelManager -- Adding key: http://localhost:32965 for channel [id: 0x8fc58b6c, L:/127.0.0.1:58412 - R:localhost/127.0.0.1:32965]
17:04:09.598 [AsyncHttpClient-1-3] DEBUG org.asynchttpclient.netty.channel.NettyConnectListener -- Using new Channel '[id: 0x57e11cf5, L:/127.0.0.1:58419 - R:localhost/127.0.0.1:58413]' for 'GET' to '/json/version'
17:04:09.601 [AsyncHttpClient-1-3] DEBUG org.asynchttpclient.netty.handler.HttpHandler -- 

Request DefaultFullHttpRequest(decodeResult: success, version: HTTP/1.1, content: EmptyByteBufBE)
GET /json/version HTTP/1.1
User-Agent: selenium/4.12.0 (java windows)
host: localhost:58413
accept: */*

Response DefaultHttpResponse(decodeResult: success, version: HTTP/1.1)
HTTP/1.1 200 OK
Content-Security-Policy: frame-ancestors 'none'
Content-Length: 424
Content-Type: application/json; charset=UTF-8

17:04:09.602 [AsyncHttpClient-1-3] DEBUG org.asynchttpclient.netty.channel.ChannelManager -- Adding key: http://localhost:58413 for channel [id: 0x57e11cf5, L:/127.0.0.1:58419 - R:localhost/127.0.0.1:58413]
17:04:09.610 [main] DEBUG io.netty.util.internal.ThreadLocalRandom -- -Dio.netty.initialSeedUniquifier: 0x7ef784743390dd0a
17:04:09.614 [AsyncHttpClient-1-4] DEBUG org.asynchttpclient.netty.channel.NettyConnectListener -- Using new Channel '[id: 0x533305b4, L:/127.0.0.1:58420 - R:localhost/127.0.0.1:58413]' for 'GET' to '/devtools/browser/da612df0-ecf2-481f-9e81-c84025d83cd2'
17:04:09.616 [AsyncHttpClient-1-4] DEBUG org.asynchttpclient.netty.handler.WebSocketHandler -- 

Request DefaultFullHttpRequest(decodeResult: success, version: HTTP/1.1, content: EmptyByteBufBE)
GET /devtools/browser/da612df0-ecf2-481f-9e81-c84025d83cd2 HTTP/1.1
upgrade: websocket
connection: upgrade
sec-websocket-key: j8TCE1XkVF0AdXvJkL3ysA==
sec-websocket-version: 13
origin: http://localhost:58413
host: localhost:58413
accept: */*
user-agent: AHC/2.1

Response DefaultHttpResponse(decodeResult: success, version: HTTP/1.1)
HTTP/1.1 101 WebSocket Protocol Handshake
Upgrade: WebSocket
Connection: Upgrade
Sec-WebSocket-Accept: t4oO9l18SvOSzTPKt4NdgE2vJ0k=

17:04:09.660 [Forwarding maximizeCurrentWindow on session 014de7304564e87295603a3736cbdd6b to remote] DEBUG org.asynchttpclient.netty.request.NettyRequestSender -- Using pooled Channel '[id: 0x8fc58b6c, L:/127.0.0.1:58412 - R:localhost/127.0.0.1:32965]' for 'POST' to 'http://localhost:32965/session/014de7304564e87295603a3736cbdd6b/window/maximize'
17:04:09.660 [Forwarding maximizeCurrentWindow on session 014de7304564e87295603a3736cbdd6b to remote] DEBUG org.asynchttpclient.netty.request.NettyRequestSender -- Using open Channel [id: 0x8fc58b6c, L:/127.0.0.1:58412 - R:localhost/127.0.0.1:32965] for POST '/session/014de7304564e87295603a3736cbdd6b/window/maximize'
17:04:09.710 [AsyncHttpClient-1-2] DEBUG org.asynchttpclient.netty.handler.HttpHandler -- 

Request DefaultHttpRequest(decodeResult: success, version: HTTP/1.1)
POST /session/014de7304564e87295603a3736cbdd6b/window/maximize HTTP/1.1
User-Agent: selenium/4.12.0 (java windows)
Content-Length: 3
Content-Type: application/json; charset=utf-8
host: localhost:32965
accept: */*

Response DefaultHttpResponse(decodeResult: success, version: HTTP/1.1)
HTTP/1.1 200 OK
Content-Length: 51
Content-Type: application/json; charset=utf-8
cache-control: no-cache

17:04:09.711 [AsyncHttpClient-1-2] DEBUG org.asynchttpclient.netty.channel.ChannelManager -- Adding key: http://localhost:32965 for channel [id: 0x8fc58b6c, L:/127.0.0.1:58412 - R:localhost/127.0.0.1:32965]
17:04:09.713 [Forwarding get on session 014de7304564e87295603a3736cbdd6b to remote] DEBUG org.asynchttpclient.netty.request.NettyRequestSender -- Using pooled Channel '[id: 0x8fc58b6c, L:/127.0.0.1:58412 - R:localhost/127.0.0.1:32965]' for 'POST' to 'http://localhost:32965/session/014de7304564e87295603a3736cbdd6b/url'
17:04:09.713 [Forwarding get on session 014de7304564e87295603a3736cbdd6b to remote] DEBUG org.asynchttpclient.netty.request.NettyRequestSender -- Using open Channel [id: 0x8fc58b6c, L:/127.0.0.1:58412 - R:localhost/127.0.0.1:32965] for POST '/session/014de7304564e87295603a3736cbdd6b/url'
17:04:10.594 [AsyncHttpClient-1-1] DEBUG org.asynchttpclient.netty.channel.DefaultChannelPool -- Entry count for : http://localhost:58413 : 1
17:04:10.946 [AsyncHttpClient-1-2] DEBUG org.asynchttpclient.netty.handler.HttpHandler -- 

Request DefaultHttpRequest(decodeResult: success, version: HTTP/1.1)
POST /session/014de7304564e87295603a3736cbdd6b/url HTTP/1.1
User-Agent: selenium/4.12.0 (java windows)
Content-Length: 58
Content-Type: application/json; charset=utf-8
host: localhost:32965
accept: */*

Response DefaultHttpResponse(decodeResult: success, version: HTTP/1.1)
HTTP/1.1 200 OK
Content-Length: 14
Content-Type: application/json; charset=utf-8
cache-control: no-cache

17:04:10.946 [AsyncHttpClient-1-2] DEBUG org.asynchttpclient.netty.channel.ChannelManager -- Adding key: http://localhost:32965 for channel [id: 0x8fc58b6c, L:/127.0.0.1:58412 - R:localhost/127.0.0.1:32965]
17:04:10.955 [Forwarding findElements on session 014de7304564e87295603a3736cbdd6b to remote] DEBUG org.asynchttpclient.netty.request.NettyRequestSender -- Using pooled Channel '[id: 0x8fc58b6c, L:/127.0.0.1:58412 - R:localhost/127.0.0.1:32965]' for 'POST' to 'http://localhost:32965/session/014de7304564e87295603a3736cbdd6b/elements'
17:04:10.955 [Forwarding findElements on session 014de7304564e87295603a3736cbdd6b to remote] DEBUG org.asynchttpclient.netty.request.NettyRequestSender -- Using open Channel [id: 0x8fc58b6c, L:/127.0.0.1:58412 - R:localhost/127.0.0.1:32965] for POST '/session/014de7304564e87295603a3736cbdd6b/elements'
17:04:10.973 [AsyncHttpClient-1-2] DEBUG org.asynchttpclient.netty.handler.HttpHandler -- 

Request DefaultHttpRequest(decodeResult: success, version: HTTP/1.1)
POST /session/014de7304564e87295603a3736cbdd6b/elements HTTP/1.1
User-Agent: selenium/4.12.0 (java windows)
Content-Length: 41
Content-Type: application/json; charset=utf-8
host: localhost:32965
accept: */*

Response DefaultHttpResponse(decodeResult: success, version: HTTP/1.1)
HTTP/1.1 200 OK
Content-Length: 478
Content-Type: application/json; charset=utf-8
cache-control: no-cache

17:04:10.973 [AsyncHttpClient-1-2] DEBUG org.asynchttpclient.netty.channel.ChannelManager -- Adding key: http://localhost:32965 for channel [id: 0x8fc58b6c, L:/127.0.0.1:58412 - R:localhost/127.0.0.1:32965]
17:04:10.985 [Forwarding isElementDisplayed on session 014de7304564e87295603a3736cbdd6b to remote] DEBUG org.asynchttpclient.netty.request.NettyRequestSender -- Using pooled Channel '[id: 0x8fc58b6c, L:/127.0.0.1:58412 - R:localhost/127.0.0.1:32965]' for 'POST' to 'http://localhost:32965/session/014de7304564e87295603a3736cbdd6b/execute/sync'
17:04:10.986 [Forwarding isElementDisplayed on session 014de7304564e87295603a3736cbdd6b to remote] DEBUG org.asynchttpclient.netty.request.NettyRequestSender -- Using open Channel [id: 0x8fc58b6c, L:/127.0.0.1:58412 - R:localhost/127.0.0.1:32965] for POST '/session/014de7304564e87295603a3736cbdd6b/execute/sync'
17:04:11.003 [AsyncHttpClient-1-2] DEBUG org.asynchttpclient.netty.handler.HttpHandler -- 

Request DefaultHttpRequest(decodeResult: success, version: HTTP/1.1)
POST /session/014de7304564e87295603a3736cbdd6b/execute/sync HTTP/1.1
User-Agent: selenium/4.12.0 (java windows)
Content-Length: 48733
Content-Type: application/json; charset=utf-8
host: localhost:32965
accept: */*

Response DefaultHttpResponse(decodeResult: success, version: HTTP/1.1)
HTTP/1.1 200 OK
Content-Length: 14
Content-Type: application/json; charset=utf-8
cache-control: no-cache

17:04:11.003 [AsyncHttpClient-1-2] DEBUG org.asynchttpclient.netty.channel.ChannelManager -- Adding key: http://localhost:32965 for channel [id: 0x8fc58b6c, L:/127.0.0.1:58412 - R:localhost/127.0.0.1:32965]
17:04:11.005 [Forwarding getElementText on session 014de7304564e87295603a3736cbdd6b to remote] DEBUG org.asynchttpclient.netty.request.NettyRequestSender -- Using pooled Channel '[id: 0x8fc58b6c, L:/127.0.0.1:58412 - R:localhost/127.0.0.1:32965]' for 'GET' to 'http://localhost:32965/session/014de7304564e87295603a3736cbdd6b/element/f.D4A56F3347291469F9F17E2FA554C7E7.d.1EB2C039D2F119A51B22B7414B1FD3A8.e.9/text'
17:04:11.006 [Forwarding getElementText on session 014de7304564e87295603a3736cbdd6b to remote] DEBUG org.asynchttpclient.netty.request.NettyRequestSender -- Using open Channel [id: 0x8fc58b6c, L:/127.0.0.1:58412 - R:localhost/127.0.0.1:32965] for GET '/session/014de7304564e87295603a3736cbdd6b/element/f.D4A56F3347291469F9F17E2FA554C7E7.d.1EB2C039D2F119A51B22B7414B1FD3A8.e.9/text'
17:04:11.023 [AsyncHttpClient-1-2] DEBUG org.asynchttpclient.netty.handler.HttpHandler -- 

Request DefaultFullHttpRequest(decodeResult: success, version: HTTP/1.1, content: EmptyByteBufBE)
GET /session/014de7304564e87295603a3736cbdd6b/element/f.D4A56F3347291469F9F17E2FA554C7E7.d.1EB2C039D2F119A51B22B7414B1FD3A8.e.9/text HTTP/1.1
Cache-Control: no-cache
User-Agent: selenium/4.12.0 (java windows)
Content-Type: application/json; charset=utf-8
host: localhost:32965
accept: */*

Response DefaultHttpResponse(decodeResult: success, version: HTTP/1.1)
HTTP/1.1 200 OK
Content-Length: 24
Content-Type: application/json; charset=utf-8
cache-control: no-cache

17:04:11.023 [AsyncHttpClient-1-2] DEBUG org.asynchttpclient.netty.channel.ChannelManager -- Adding key: http://localhost:32965 for channel [id: 0x8fc58b6c, L:/127.0.0.1:58412 - R:localhost/127.0.0.1:32965]
17:04:11.027 [Forwarding isElementDisplayed on session 014de7304564e87295603a3736cbdd6b to remote] DEBUG org.asynchttpclient.netty.request.NettyRequestSender -- Using pooled Channel '[id: 0x8fc58b6c, L:/127.0.0.1:58412 - R:localhost/127.0.0.1:32965]' for 'POST' to 'http://localhost:32965/session/014de7304564e87295603a3736cbdd6b/execute/sync'
17:04:11.027 [Forwarding isElementDisplayed on session 014de7304564e87295603a3736cbdd6b to remote] DEBUG org.asynchttpclient.netty.request.NettyRequestSender -- Using open Channel [id: 0x8fc58b6c, L:/127.0.0.1:58412 - R:localhost/127.0.0.1:32965] for POST '/session/014de7304564e87295603a3736cbdd6b/execute/sync'
17:04:11.040 [AsyncHttpClient-1-2] DEBUG org.asynchttpclient.netty.handler.HttpHandler -- 

Request DefaultHttpRequest(decodeResult: success, version: HTTP/1.1)
POST /session/014de7304564e87295603a3736cbdd6b/execute/sync HTTP/1.1
User-Agent: selenium/4.12.0 (java windows)
Content-Length: 48734
Content-Type: application/json; charset=utf-8
host: localhost:32965
accept: */*

Response DefaultHttpResponse(decodeResult: success, version: HTTP/1.1)
HTTP/1.1 200 OK
Content-Length: 14
Content-Type: application/json; charset=utf-8
cache-control: no-cache

17:04:11.040 [AsyncHttpClient-1-2] DEBUG org.asynchttpclient.netty.channel.ChannelManager -- Adding key: http://localhost:32965 for channel [id: 0x8fc58b6c, L:/127.0.0.1:58412 - R:localhost/127.0.0.1:32965]
17:04:11.043 [Forwarding getElementText on session 014de7304564e87295603a3736cbdd6b to remote] DEBUG org.asynchttpclient.netty.request.NettyRequestSender -- Using pooled Channel '[id: 0x8fc58b6c, L:/127.0.0.1:58412 - R:localhost/127.0.0.1:32965]' for 'GET' to 'http://localhost:32965/session/014de7304564e87295603a3736cbdd6b/element/f.D4A56F3347291469F9F17E2FA554C7E7.d.1EB2C039D2F119A51B22B7414B1FD3A8.e.21/text'
17:04:11.043 [Forwarding getElementText on session 014de7304564e87295603a3736cbdd6b to remote] DEBUG org.asynchttpclient.netty.request.NettyRequestSender -- Using open Channel [id: 0x8fc58b6c, L:/127.0.0.1:58412 - R:localhost/127.0.0.1:32965] for GET '/session/014de7304564e87295603a3736cbdd6b/element/f.D4A56F3347291469F9F17E2FA554C7E7.d.1EB2C039D2F119A51B22B7414B1FD3A8.e.21/text'
17:04:11.052 [AsyncHttpClient-1-2] DEBUG org.asynchttpclient.netty.handler.HttpHandler -- 

Request DefaultFullHttpRequest(decodeResult: success, version: HTTP/1.1, content: EmptyByteBufBE)
GET /session/014de7304564e87295603a3736cbdd6b/element/f.D4A56F3347291469F9F17E2FA554C7E7.d.1EB2C039D2F119A51B22B7414B1FD3A8.e.21/text HTTP/1.1
Cache-Control: no-cache
User-Agent: selenium/4.12.0 (java windows)
Content-Type: application/json; charset=utf-8
host: localhost:32965
accept: */*

Response DefaultHttpResponse(decodeResult: success, version: HTTP/1.1)
HTTP/1.1 200 OK
Content-Length: 20
Content-Type: application/json; charset=utf-8
cache-control: no-cache

17:04:11.053 [AsyncHttpClient-1-2] DEBUG org.asynchttpclient.netty.channel.ChannelManager -- Adding key: http://localhost:32965 for channel [id: 0x8fc58b6c, L:/127.0.0.1:58412 - R:localhost/127.0.0.1:32965]
17:04:11.054 [Forwarding isElementDisplayed on session 014de7304564e87295603a3736cbdd6b to remote] DEBUG org.asynchttpclient.netty.request.NettyRequestSender -- Using pooled Channel '[id: 0x8fc58b6c, L:/127.0.0.1:58412 - R:localhost/127.0.0.1:32965]' for 'POST' to 'http://localhost:32965/session/014de7304564e87295603a3736cbdd6b/execute/sync'
17:04:11.054 [Forwarding isElementDisplayed on session 014de7304564e87295603a3736cbdd6b to remote] DEBUG org.asynchttpclient.netty.request.NettyRequestSender -- Using open Channel [id: 0x8fc58b6c, L:/127.0.0.1:58412 - R:localhost/127.0.0.1:32965] for POST '/session/014de7304564e87295603a3736cbdd6b/execute/sync'
17:04:11.063 [AsyncHttpClient-1-2] DEBUG org.asynchttpclient.netty.handler.HttpHandler -- 

Request DefaultHttpRequest(decodeResult: success, version: HTTP/1.1)
POST /session/014de7304564e87295603a3736cbdd6b/execute/sync HTTP/1.1
User-Agent: selenium/4.12.0 (java windows)
Content-Length: 48734
Content-Type: application/json; charset=utf-8
host: localhost:32965
accept: */*

Response DefaultHttpResponse(decodeResult: success, version: HTTP/1.1)
HTTP/1.1 200 OK
Content-Length: 14
Content-Type: application/json; charset=utf-8
cache-control: no-cache

17:04:11.063 [AsyncHttpClient-1-2] DEBUG org.asynchttpclient.netty.channel.ChannelManager -- Adding key: http://localhost:32965 for channel [id: 0x8fc58b6c, L:/127.0.0.1:58412 - R:localhost/127.0.0.1:32965]
17:04:11.064 [Forwarding getElementText on session 014de7304564e87295603a3736cbdd6b to remote] DEBUG org.asynchttpclient.netty.request.NettyRequestSender -- Using pooled Channel '[id: 0x8fc58b6c, L:/127.0.0.1:58412 - R:localhost/127.0.0.1:32965]' for 'GET' to 'http://localhost:32965/session/014de7304564e87295603a3736cbdd6b/element/f.D4A56F3347291469F9F17E2FA554C7E7.d.1EB2C039D2F119A51B22B7414B1FD3A8.e.22/text'
17:04:11.064 [Forwarding getElementText on session 014de7304564e87295603a3736cbdd6b to remote] DEBUG org.asynchttpclient.netty.request.NettyRequestSender -- Using open Channel [id: 0x8fc58b6c, L:/127.0.0.1:58412 - R:localhost/127.0.0.1:32965] for GET '/session/014de7304564e87295603a3736cbdd6b/element/f.D4A56F3347291469F9F17E2FA554C7E7.d.1EB2C039D2F119A51B22B7414B1FD3A8.e.22/text'
17:04:11.074 [AsyncHttpClient-1-2] DEBUG org.asynchttpclient.netty.handler.HttpHandler -- 

Request DefaultFullHttpRequest(decodeResult: success, version: HTTP/1.1, content: EmptyByteBufBE)
GET /session/014de7304564e87295603a3736cbdd6b/element/f.D4A56F3347291469F9F17E2FA554C7E7.d.1EB2C039D2F119A51B22B7414B1FD3A8.e.22/text HTTP/1.1
Cache-Control: no-cache
User-Agent: selenium/4.12.0 (java windows)
Content-Type: application/json; charset=utf-8
host: localhost:32965
accept: */*

Response DefaultHttpResponse(decodeResult: success, version: HTTP/1.1)
HTTP/1.1 200 OK
Content-Length: 12
Content-Type: application/json; charset=utf-8
cache-control: no-cache

17:04:11.074 [AsyncHttpClient-1-2] DEBUG org.asynchttpclient.netty.channel.ChannelManager -- Adding key: http://localhost:32965 for channel [id: 0x8fc58b6c, L:/127.0.0.1:58412 - R:localhost/127.0.0.1:32965]
17:04:11.076 [Forwarding isElementDisplayed on session 014de7304564e87295603a3736cbdd6b to remote] DEBUG org.asynchttpclient.netty.request.NettyRequestSender -- Using pooled Channel '[id: 0x8fc58b6c, L:/127.0.0.1:58412 - R:localhost/127.0.0.1:32965]' for 'POST' to 'http://localhost:32965/session/014de7304564e87295603a3736cbdd6b/execute/sync'
17:04:11.076 [Forwarding isElementDisplayed on session 014de7304564e87295603a3736cbdd6b to remote] DEBUG org.asynchttpclient.netty.request.NettyRequestSender -- Using open Channel [id: 0x8fc58b6c, L:/127.0.0.1:58412 - R:localhost/127.0.0.1:32965] for POST '/session/014de7304564e87295603a3736cbdd6b/execute/sync'
17:04:11.087 [AsyncHttpClient-1-2] DEBUG org.asynchttpclient.netty.handler.HttpHandler -- 

Request DefaultHttpRequest(decodeResult: success, version: HTTP/1.1)
POST /session/014de7304564e87295603a3736cbdd6b/execute/sync HTTP/1.1
User-Agent: selenium/4.12.0 (java windows)
Content-Length: 48734
Content-Type: application/json; charset=utf-8
host: localhost:32965
accept: */*

Response DefaultHttpResponse(decodeResult: success, version: HTTP/1.1)
HTTP/1.1 200 OK
Content-Length: 14
Content-Type: application/json; charset=utf-8
cache-control: no-cache

17:04:11.087 [AsyncHttpClient-1-2] DEBUG org.asynchttpclient.netty.channel.ChannelManager -- Adding key: http://localhost:32965 for channel [id: 0x8fc58b6c, L:/127.0.0.1:58412 - R:localhost/127.0.0.1:32965]
17:04:11.088 [Forwarding getElementText on session 014de7304564e87295603a3736cbdd6b to remote] DEBUG org.asynchttpclient.netty.request.NettyRequestSender -- Using pooled Channel '[id: 0x8fc58b6c, L:/127.0.0.1:58412 - R:localhost/127.0.0.1:32965]' for 'GET' to 'http://localhost:32965/session/014de7304564e87295603a3736cbdd6b/element/f.D4A56F3347291469F9F17E2FA554C7E7.d.1EB2C039D2F119A51B22B7414B1FD3A8.e.23/text'
17:04:11.088 [Forwarding getElementText on session 014de7304564e87295603a3736cbdd6b to remote] DEBUG org.asynchttpclient.netty.request.NettyRequestSender -- Using open Channel [id: 0x8fc58b6c, L:/127.0.0.1:58412 - R:localhost/127.0.0.1:32965] for GET '/session/014de7304564e87295603a3736cbdd6b/element/f.D4A56F3347291469F9F17E2FA554C7E7.d.1EB2C039D2F119A51B22B7414B1FD3A8.e.23/text'
17:04:11.097 [AsyncHttpClient-1-2] DEBUG org.asynchttpclient.netty.handler.HttpHandler -- 

Request DefaultFullHttpRequest(decodeResult: success, version: HTTP/1.1, content: EmptyByteBufBE)
GET /session/014de7304564e87295603a3736cbdd6b/element/f.D4A56F3347291469F9F17E2FA554C7E7.d.1EB2C039D2F119A51B22B7414B1FD3A8.e.23/text HTTP/1.1
Cache-Control: no-cache
User-Agent: selenium/4.12.0 (java windows)
Content-Type: application/json; charset=utf-8
host: localhost:32965
accept: */*

Response DefaultHttpResponse(decodeResult: success, version: HTTP/1.1)
HTTP/1.1 200 OK
Content-Length: 12
Content-Type: application/json; charset=utf-8
cache-control: no-cache

17:04:11.098 [AsyncHttpClient-1-2] DEBUG org.asynchttpclient.netty.channel.ChannelManager -- Adding key: http://localhost:32965 for channel [id: 0x8fc58b6c, L:/127.0.0.1:58412 - R:localhost/127.0.0.1:32965]
]]></system-out>
    <system-err><![CDATA[Jan 03, 2025 5:04:09 PM org.openqa.selenium.devtools.CdpVersionFinder findNearestMatch
WARNING: Unable to find CDP implementation matching 131
Jan 03, 2025 5:04:09 PM org.openqa.selenium.chromium.ChromiumDriver lambda$new$5
WARNING: Unable to find version of CDP to use for 131.0.6778.205. You may need to include a dependency on a specific version of the CDP using something similar to `org.seleniumhq.selenium:selenium-devtools-v86:4.12.0` where the version ("v86") matches the version of the chromium-based browser you're using and the version number of the artifact is the same as Selenium's.
]]></system-err>
  </testcase>
  <testcase name="testBrokenLinksOnHomepage" classname="UITestCases.BuggyCarsUITests" time="0.147">
    <system-out><![CDATA[17:04:11.105 [Driver Command Executor] DEBUG org.asynchttpclient.netty.request.NettyRequestSender -- Using pooled Channel '[id: 0x8fc58b6c, L:/127.0.0.1:58412 - R:localhost/127.0.0.1:32965]' for 'DELETE' to 'http://localhost:32965/session/014de7304564e87295603a3736cbdd6b'
17:04:11.105 [Driver Command Executor] DEBUG org.asynchttpclient.netty.request.NettyRequestSender -- Using open Channel [id: 0x8fc58b6c, L:/127.0.0.1:58412 - R:localhost/127.0.0.1:32965] for DELETE '/session/014de7304564e87295603a3736cbdd6b'
17:04:11.106 [AsyncHttpClient-1-4] DEBUG org.asynchttpclient.netty.handler.WebSocketHandler -- Channel Closed: [id: 0x533305b4, L:/127.0.0.1:58420 ! R:localhost/127.0.0.1:58413] with attribute DISCARD
17:04:11.163 [AsyncHttpClient-1-3] DEBUG org.asynchttpclient.netty.handler.HttpHandler -- Unexpected I/O exception on channel [id: 0x57e11cf5, L:/127.0.0.1:58419 - R:localhost/127.0.0.1:58413]
java.net.SocketException: Connection reset
	at java.base/sun.nio.ch.SocketChannelImpl.throwConnectionReset(SocketChannelImpl.java:394)
	at java.base/sun.nio.ch.SocketChannelImpl.read(SocketChannelImpl.java:426)
	at io.netty.buffer.PooledByteBuf.setBytes(PooledByteBuf.java:254)
	at io.netty.buffer.AbstractByteBuf.writeBytes(AbstractByteBuf.java:1132)
	at io.netty.channel.socket.nio.NioSocketChannel.doReadBytes(NioSocketChannel.java:357)
	at io.netty.channel.nio.AbstractNioByteChannel$NioByteUnsafe.read(AbstractNioByteChannel.java:151)
	at io.netty.channel.nio.NioEventLoop.processSelectedKey(NioEventLoop.java:788)
	at io.netty.channel.nio.NioEventLoop.processSelectedKeysOptimized(NioEventLoop.java:724)
	at io.netty.channel.nio.NioEventLoop.processSelectedKeys(NioEventLoop.java:650)
	at io.netty.channel.nio.NioEventLoop.run(NioEventLoop.java:562)
	at io.netty.util.concurrent.SingleThreadEventExecutor$4.run(SingleThreadEventExecutor.java:997)
	at io.netty.util.internal.ThreadExecutorMap$2.run(ThreadExecutorMap.java:74)
	at io.netty.util.concurrent.FastThreadLocalRunnable.run(FastThreadLocalRunnable.java:30)
	at java.base/java.lang.Thread.run(Thread.java:842)
17:04:11.167 [AsyncHttpClient-1-3] DEBUG org.asynchttpclient.netty.channel.ChannelManager -- Closing Channel [id: 0x57e11cf5, L:/127.0.0.1:58419 - R:localhost/127.0.0.1:58413] 
17:04:11.168 [AsyncHttpClient-1-3] DEBUG org.asynchttpclient.netty.handler.HttpHandler -- Channel Closed: [id: 0x57e11cf5, L:/127.0.0.1:58419 ! R:localhost/127.0.0.1:58413] with attribute DISCARD
17:04:11.208 [AsyncHttpClient-1-2] DEBUG org.asynchttpclient.netty.handler.HttpHandler -- 

Request DefaultFullHttpRequest(decodeResult: success, version: HTTP/1.1, content: EmptyByteBufBE)
DELETE /session/014de7304564e87295603a3736cbdd6b HTTP/1.1
User-Agent: selenium/4.12.0 (java windows)
Content-Type: application/json; charset=utf-8
host: localhost:32965
accept: */*

Response DefaultHttpResponse(decodeResult: success, version: HTTP/1.1)
HTTP/1.1 200 OK
Content-Length: 14
Content-Type: application/json; charset=utf-8
cache-control: no-cache

17:04:11.208 [AsyncHttpClient-1-2] DEBUG org.asynchttpclient.netty.channel.ChannelManager -- Adding key: http://localhost:32965 for channel [id: 0x8fc58b6c, L:/127.0.0.1:58412 - R:localhost/127.0.0.1:32965]
17:04:11.307 [AsyncHttpClient-1-2] DEBUG org.asynchttpclient.netty.handler.HttpHandler -- Channel Closed: [id: 0x8fc58b6c, L:/127.0.0.1:58412 ! R:localhost/127.0.0.1:32965] with attribute DISCARD
17:04:11.374 [main] DEBUG io.github.bonigarcia.wdm.WebDriverManager -- Using WebDriverManager 5.5.3
17:04:11.388 [main] DEBUG io.github.bonigarcia.wdm.cache.ResolutionCache -- Resolution chrome=131 in cache (valid until 17:53:13 03/01/2025 IST)
17:04:11.389 [main] DEBUG io.github.bonigarcia.wdm.cache.ResolutionCache -- Resolution chrome131=131.0.6778.204 in cache (valid until 16:53:13 04/01/2025 IST)
17:04:11.389 [main] INFO io.github.bonigarcia.wdm.WebDriverManager -- Using chromedriver 131.0.6778.204 (resolved driver for Chrome 131)
17:04:11.403 [main] DEBUG io.github.bonigarcia.wdm.WebDriverManager -- Driver chromedriver 131.0.6778.204 found in cache
17:04:11.404 [main] INFO io.github.bonigarcia.wdm.WebDriverManager -- Exporting webdriver.chrome.driver as C:\Users\sasitharan\.cache\selenium\chromedriver\win64\131.0.6778.204\chromedriver.exe
17:04:11.527 [AsyncHttpClient-1-5] DEBUG org.asynchttpclient.netty.channel.NettyConnectListener -- Using new Channel '[id: 0x92c0a374, L:/127.0.0.1:58439 - R:localhost/127.0.0.1:1575]' for 'POST' to '/session'
17:04:11.693 [AsyncHttpClient-1-1] DEBUG org.asynchttpclient.netty.channel.DefaultChannelPool -- Entry count for : http://localhost:32965 : 1
17:04:11.693 [AsyncHttpClient-1-1] DEBUG org.asynchttpclient.netty.channel.DefaultChannelPool -- Entry count for : http://localhost:58413 : 1
17:04:11.693 [AsyncHttpClient-1-1] DEBUG org.asynchttpclient.netty.channel.DefaultChannelPool -- Adding Candidate expired Channel [id: 0x8fc58b6c, L:/127.0.0.1:58412 ! R:localhost/127.0.0.1:32965] isIdleTimeoutExpired=false isRemotelyClosed=true isTtlExpired=false
17:04:11.693 [AsyncHttpClient-1-1] DEBUG org.asynchttpclient.netty.channel.DefaultChannelPool -- Closing Idle Channel [id: 0x8fc58b6c, L:/127.0.0.1:58412 ! R:localhost/127.0.0.1:32965]
17:04:11.694 [AsyncHttpClient-1-1] DEBUG org.asynchttpclient.netty.channel.DefaultChannelPool -- Adding Candidate expired Channel [id: 0x57e11cf5, L:/127.0.0.1:58419 ! R:localhost/127.0.0.1:58413] isIdleTimeoutExpired=false isRemotelyClosed=true isTtlExpired=false
17:04:11.694 [AsyncHttpClient-1-1] DEBUG org.asynchttpclient.netty.channel.DefaultChannelPool -- Closing Idle Channel [id: 0x57e11cf5, L:/127.0.0.1:58419 ! R:localhost/127.0.0.1:58413]
17:04:11.694 [AsyncHttpClient-1-1] DEBUG org.asynchttpclient.netty.channel.DefaultChannelPool -- Closed 2 connections out of 2 in 1 ms
17:04:12.428 [AsyncHttpClient-1-5] DEBUG org.asynchttpclient.netty.handler.HttpHandler -- 

Request DefaultHttpRequest(decodeResult: success, version: HTTP/1.1)
POST /session HTTP/1.1
User-Agent: selenium/4.12.0 (java windows)
Content-Length: 254
Content-Type: application/json; charset=utf-8
host: localhost:1575
accept: */*

Response DefaultHttpResponse(decodeResult: success, version: HTTP/1.1)
HTTP/1.1 200 OK
Content-Length: 887
Content-Type: application/json; charset=utf-8
cache-control: no-cache

17:04:12.428 [AsyncHttpClient-1-5] DEBUG org.asynchttpclient.netty.channel.ChannelManager -- Adding key: http://localhost:1575 for channel [id: 0x92c0a374, L:/127.0.0.1:58439 - R:localhost/127.0.0.1:1575]
17:04:12.445 [AsyncHttpClient-1-6] DEBUG org.asynchttpclient.netty.channel.NettyConnectListener -- Using new Channel '[id: 0x06d4be2a, L:/127.0.0.1:58448 - R:localhost/127.0.0.1:58441]' for 'GET' to '/json/version'
17:04:12.448 [AsyncHttpClient-1-6] DEBUG org.asynchttpclient.netty.handler.HttpHandler -- 

Request DefaultFullHttpRequest(decodeResult: success, version: HTTP/1.1, content: EmptyByteBufBE)
GET /json/version HTTP/1.1
User-Agent: selenium/4.12.0 (java windows)
host: localhost:58441
accept: */*

Response DefaultHttpResponse(decodeResult: success, version: HTTP/1.1)
HTTP/1.1 200 OK
Content-Security-Policy: frame-ancestors 'none'
Content-Length: 424
Content-Type: application/json; charset=UTF-8

17:04:12.449 [AsyncHttpClient-1-6] DEBUG org.asynchttpclient.netty.channel.ChannelManager -- Adding key: http://localhost:58441 for channel [id: 0x06d4be2a, L:/127.0.0.1:58448 - R:localhost/127.0.0.1:58441]
17:04:12.453 [AsyncHttpClient-1-7] DEBUG org.asynchttpclient.netty.channel.NettyConnectListener -- Using new Channel '[id: 0x9e23fee3, L:/127.0.0.1:58449 - R:localhost/127.0.0.1:58441]' for 'GET' to '/devtools/browser/2ecd783b-3892-4e28-8967-c25d8f3cadcc'
17:04:12.458 [AsyncHttpClient-1-7] DEBUG org.asynchttpclient.netty.handler.WebSocketHandler -- 

Request DefaultFullHttpRequest(decodeResult: success, version: HTTP/1.1, content: EmptyByteBufBE)
GET /devtools/browser/2ecd783b-3892-4e28-8967-c25d8f3cadcc HTTP/1.1
upgrade: websocket
connection: upgrade
sec-websocket-key: Q8n5GlR/Gl64wILT4zkupg==
sec-websocket-version: 13
origin: http://localhost:58441
host: localhost:58441
accept: */*
user-agent: AHC/2.1

Response DefaultHttpResponse(decodeResult: success, version: HTTP/1.1)
HTTP/1.1 101 WebSocket Protocol Handshake
Upgrade: WebSocket
Connection: Upgrade
Sec-WebSocket-Accept: EC8hgc7mOfz1B2693+2DBi1YwTE=

17:04:12.463 [Forwarding maximizeCurrentWindow on session 8d8350f40e9925447e8b461923a0ed24 to remote] DEBUG org.asynchttpclient.netty.request.NettyRequestSender -- Using pooled Channel '[id: 0x92c0a374, L:/127.0.0.1:58439 - R:localhost/127.0.0.1:1575]' for 'POST' to 'http://localhost:1575/session/8d8350f40e9925447e8b461923a0ed24/window/maximize'
17:04:12.463 [Forwarding maximizeCurrentWindow on session 8d8350f40e9925447e8b461923a0ed24 to remote] DEBUG org.asynchttpclient.netty.request.NettyRequestSender -- Using open Channel [id: 0x92c0a374, L:/127.0.0.1:58439 - R:localhost/127.0.0.1:1575] for POST '/session/8d8350f40e9925447e8b461923a0ed24/window/maximize'
17:04:12.542 [AsyncHttpClient-1-5] DEBUG org.asynchttpclient.netty.handler.HttpHandler -- 

Request DefaultHttpRequest(decodeResult: success, version: HTTP/1.1)
POST /session/8d8350f40e9925447e8b461923a0ed24/window/maximize HTTP/1.1
User-Agent: selenium/4.12.0 (java windows)
Content-Length: 3
Content-Type: application/json; charset=utf-8
host: localhost:1575
accept: */*

Response DefaultHttpResponse(decodeResult: success, version: HTTP/1.1)
HTTP/1.1 200 OK
Content-Length: 51
Content-Type: application/json; charset=utf-8
cache-control: no-cache

17:04:12.542 [AsyncHttpClient-1-5] DEBUG org.asynchttpclient.netty.channel.ChannelManager -- Adding key: http://localhost:1575 for channel [id: 0x92c0a374, L:/127.0.0.1:58439 - R:localhost/127.0.0.1:1575]
17:04:12.543 [Forwarding get on session 8d8350f40e9925447e8b461923a0ed24 to remote] DEBUG org.asynchttpclient.netty.request.NettyRequestSender -- Using pooled Channel '[id: 0x92c0a374, L:/127.0.0.1:58439 - R:localhost/127.0.0.1:1575]' for 'POST' to 'http://localhost:1575/session/8d8350f40e9925447e8b461923a0ed24/url'
17:04:12.545 [Forwarding get on session 8d8350f40e9925447e8b461923a0ed24 to remote] DEBUG org.asynchttpclient.netty.request.NettyRequestSender -- Using open Channel [id: 0x92c0a374, L:/127.0.0.1:58439 - R:localhost/127.0.0.1:1575] for POST '/session/8d8350f40e9925447e8b461923a0ed24/url'
17:04:12.790 [AsyncHttpClient-1-1] DEBUG org.asynchttpclient.netty.channel.DefaultChannelPool -- Entry count for : http://localhost:58441 : 1
17:04:13.712 [AsyncHttpClient-1-5] DEBUG org.asynchttpclient.netty.handler.HttpHandler -- 

Request DefaultHttpRequest(decodeResult: success, version: HTTP/1.1)
POST /session/8d8350f40e9925447e8b461923a0ed24/url HTTP/1.1
User-Agent: selenium/4.12.0 (java windows)
Content-Length: 58
Content-Type: application/json; charset=utf-8
host: localhost:1575
accept: */*

Response DefaultHttpResponse(decodeResult: success, version: HTTP/1.1)
HTTP/1.1 200 OK
Content-Length: 14
Content-Type: application/json; charset=utf-8
cache-control: no-cache

17:04:13.712 [AsyncHttpClient-1-5] DEBUG org.asynchttpclient.netty.channel.ChannelManager -- Adding key: http://localhost:1575 for channel [id: 0x92c0a374, L:/127.0.0.1:58439 - R:localhost/127.0.0.1:1575]
17:04:13.716 [Forwarding findElements on session 8d8350f40e9925447e8b461923a0ed24 to remote] DEBUG org.asynchttpclient.netty.request.NettyRequestSender -- Using pooled Channel '[id: 0x92c0a374, L:/127.0.0.1:58439 - R:localhost/127.0.0.1:1575]' for 'POST' to 'http://localhost:1575/session/8d8350f40e9925447e8b461923a0ed24/elements'
17:04:13.716 [Forwarding findElements on session 8d8350f40e9925447e8b461923a0ed24 to remote] DEBUG org.asynchttpclient.netty.request.NettyRequestSender -- Using open Channel [id: 0x92c0a374, L:/127.0.0.1:58439 - R:localhost/127.0.0.1:1575] for POST '/session/8d8350f40e9925447e8b461923a0ed24/elements'
17:04:13.736 [AsyncHttpClient-1-5] DEBUG org.asynchttpclient.netty.handler.HttpHandler -- 

Request DefaultHttpRequest(decodeResult: success, version: HTTP/1.1)
POST /session/8d8350f40e9925447e8b461923a0ed24/elements HTTP/1.1
User-Agent: selenium/4.12.0 (java windows)
Content-Length: 41
Content-Type: application/json; charset=utf-8
host: localhost:1575
accept: */*

Response DefaultHttpResponse(decodeResult: success, version: HTTP/1.1)
HTTP/1.1 200 OK
Content-Length: 478
Content-Type: application/json; charset=utf-8
cache-control: no-cache

17:04:13.736 [AsyncHttpClient-1-5] DEBUG org.asynchttpclient.netty.channel.ChannelManager -- Adding key: http://localhost:1575 for channel [id: 0x92c0a374, L:/127.0.0.1:58439 - R:localhost/127.0.0.1:1575]
17:04:13.739 [Forwarding getElementAttribute on session 8d8350f40e9925447e8b461923a0ed24 to remote] DEBUG org.asynchttpclient.netty.request.NettyRequestSender -- Using pooled Channel '[id: 0x92c0a374, L:/127.0.0.1:58439 - R:localhost/127.0.0.1:1575]' for 'POST' to 'http://localhost:1575/session/8d8350f40e9925447e8b461923a0ed24/execute/sync'
17:04:13.739 [Forwarding getElementAttribute on session 8d8350f40e9925447e8b461923a0ed24 to remote] DEBUG org.asynchttpclient.netty.request.NettyRequestSender -- Using open Channel [id: 0x92c0a374, L:/127.0.0.1:58439 - R:localhost/127.0.0.1:1575] for POST '/session/8d8350f40e9925447e8b461923a0ed24/execute/sync'
17:04:13.755 [AsyncHttpClient-1-5] DEBUG org.asynchttpclient.netty.handler.HttpHandler -- 

Request DefaultHttpRequest(decodeResult: success, version: HTTP/1.1)
POST /session/8d8350f40e9925447e8b461923a0ed24/execute/sync HTTP/1.1
User-Agent: selenium/4.12.0 (java windows)
Content-Length: 47293
Content-Type: application/json; charset=utf-8
host: localhost:1575
accept: */*

Response DefaultHttpResponse(decodeResult: success, version: HTTP/1.1)
HTTP/1.1 200 OK
Content-Length: 41
Content-Type: application/json; charset=utf-8
cache-control: no-cache

17:04:13.755 [AsyncHttpClient-1-5] DEBUG org.asynchttpclient.netty.channel.ChannelManager -- Adding key: http://localhost:1575 for channel [id: 0x92c0a374, L:/127.0.0.1:58439 - R:localhost/127.0.0.1:1575]
17:04:13.756 [Forwarding getElementText on session 8d8350f40e9925447e8b461923a0ed24 to remote] DEBUG org.asynchttpclient.netty.request.NettyRequestSender -- Using pooled Channel '[id: 0x92c0a374, L:/127.0.0.1:58439 - R:localhost/127.0.0.1:1575]' for 'GET' to 'http://localhost:1575/session/8d8350f40e9925447e8b461923a0ed24/element/f.539002AB250A772B8CAAA4332773F339.d.51DE16AFC13F6A0ABF3F4964DBAFEC76.e.9/text'
17:04:13.756 [Forwarding getElementText on session 8d8350f40e9925447e8b461923a0ed24 to remote] DEBUG org.asynchttpclient.netty.request.NettyRequestSender -- Using open Channel [id: 0x92c0a374, L:/127.0.0.1:58439 - R:localhost/127.0.0.1:1575] for GET '/session/8d8350f40e9925447e8b461923a0ed24/element/f.539002AB250A772B8CAAA4332773F339.d.51DE16AFC13F6A0ABF3F4964DBAFEC76.e.9/text'
17:04:13.779 [AsyncHttpClient-1-5] DEBUG org.asynchttpclient.netty.handler.HttpHandler -- 

Request DefaultFullHttpRequest(decodeResult: success, version: HTTP/1.1, content: EmptyByteBufBE)
GET /session/8d8350f40e9925447e8b461923a0ed24/element/f.539002AB250A772B8CAAA4332773F339.d.51DE16AFC13F6A0ABF3F4964DBAFEC76.e.9/text HTTP/1.1
Cache-Control: no-cache
User-Agent: selenium/4.12.0 (java windows)
Content-Type: application/json; charset=utf-8
host: localhost:1575
accept: */*

Response DefaultHttpResponse(decodeResult: success, version: HTTP/1.1)
HTTP/1.1 200 OK
Content-Length: 24
Content-Type: application/json; charset=utf-8
cache-control: no-cache

17:04:13.779 [AsyncHttpClient-1-5] DEBUG org.asynchttpclient.netty.channel.ChannelManager -- Adding key: http://localhost:1575 for channel [id: 0x92c0a374, L:/127.0.0.1:58439 - R:localhost/127.0.0.1:1575]
17:04:13.781 [Forwarding getElementAttribute on session 8d8350f40e9925447e8b461923a0ed24 to remote] DEBUG org.asynchttpclient.netty.request.NettyRequestSender -- Using pooled Channel '[id: 0x92c0a374, L:/127.0.0.1:58439 - R:localhost/127.0.0.1:1575]' for 'POST' to 'http://localhost:1575/session/8d8350f40e9925447e8b461923a0ed24/execute/sync'
17:04:13.781 [Forwarding getElementAttribute on session 8d8350f40e9925447e8b461923a0ed24 to remote] DEBUG org.asynchttpclient.netty.request.NettyRequestSender -- Using open Channel [id: 0x92c0a374, L:/127.0.0.1:58439 - R:localhost/127.0.0.1:1575] for POST '/session/8d8350f40e9925447e8b461923a0ed24/execute/sync'
17:04:13.795 [AsyncHttpClient-1-5] DEBUG org.asynchttpclient.netty.handler.HttpHandler -- 

Request DefaultHttpRequest(decodeResult: success, version: HTTP/1.1)
POST /session/8d8350f40e9925447e8b461923a0ed24/execute/sync HTTP/1.1
User-Agent: selenium/4.12.0 (java windows)
Content-Length: 47294
Content-Type: application/json; charset=utf-8
host: localhost:1575
accept: */*

Response DefaultHttpResponse(decodeResult: success, version: HTTP/1.1)
HTTP/1.1 200 OK
Content-Length: 49
Content-Type: application/json; charset=utf-8
cache-control: no-cache

17:04:13.795 [AsyncHttpClient-1-5] DEBUG org.asynchttpclient.netty.channel.ChannelManager -- Adding key: http://localhost:1575 for channel [id: 0x92c0a374, L:/127.0.0.1:58439 - R:localhost/127.0.0.1:1575]
17:04:13.796 [Forwarding getElementText on session 8d8350f40e9925447e8b461923a0ed24 to remote] DEBUG org.asynchttpclient.netty.request.NettyRequestSender -- Using pooled Channel '[id: 0x92c0a374, L:/127.0.0.1:58439 - R:localhost/127.0.0.1:1575]' for 'GET' to 'http://localhost:1575/session/8d8350f40e9925447e8b461923a0ed24/element/f.539002AB250A772B8CAAA4332773F339.d.51DE16AFC13F6A0ABF3F4964DBAFEC76.e.21/text'
17:04:13.796 [Forwarding getElementText on session 8d8350f40e9925447e8b461923a0ed24 to remote] DEBUG org.asynchttpclient.netty.request.NettyRequestSender -- Using open Channel [id: 0x92c0a374, L:/127.0.0.1:58439 - R:localhost/127.0.0.1:1575] for GET '/session/8d8350f40e9925447e8b461923a0ed24/element/f.539002AB250A772B8CAAA4332773F339.d.51DE16AFC13F6A0ABF3F4964DBAFEC76.e.21/text'
17:04:13.808 [AsyncHttpClient-1-5] DEBUG org.asynchttpclient.netty.handler.HttpHandler -- 

Request DefaultFullHttpRequest(decodeResult: success, version: HTTP/1.1, content: EmptyByteBufBE)
GET /session/8d8350f40e9925447e8b461923a0ed24/element/f.539002AB250A772B8CAAA4332773F339.d.51DE16AFC13F6A0ABF3F4964DBAFEC76.e.21/text HTTP/1.1
Cache-Control: no-cache
User-Agent: selenium/4.12.0 (java windows)
Content-Type: application/json; charset=utf-8
host: localhost:1575
accept: */*

Response DefaultHttpResponse(decodeResult: success, version: HTTP/1.1)
HTTP/1.1 200 OK
Content-Length: 20
Content-Type: application/json; charset=utf-8
cache-control: no-cache

17:04:13.809 [AsyncHttpClient-1-5] DEBUG org.asynchttpclient.netty.channel.ChannelManager -- Adding key: http://localhost:1575 for channel [id: 0x92c0a374, L:/127.0.0.1:58439 - R:localhost/127.0.0.1:1575]
17:04:13.810 [Forwarding getElementAttribute on session 8d8350f40e9925447e8b461923a0ed24 to remote] DEBUG org.asynchttpclient.netty.request.NettyRequestSender -- Using pooled Channel '[id: 0x92c0a374, L:/127.0.0.1:58439 - R:localhost/127.0.0.1:1575]' for 'POST' to 'http://localhost:1575/session/8d8350f40e9925447e8b461923a0ed24/execute/sync'
17:04:13.810 [Forwarding getElementAttribute on session 8d8350f40e9925447e8b461923a0ed24 to remote] DEBUG org.asynchttpclient.netty.request.NettyRequestSender -- Using open Channel [id: 0x92c0a374, L:/127.0.0.1:58439 - R:localhost/127.0.0.1:1575] for POST '/session/8d8350f40e9925447e8b461923a0ed24/execute/sync'
17:04:13.822 [AsyncHttpClient-1-5] DEBUG org.asynchttpclient.netty.handler.HttpHandler -- 

Request DefaultHttpRequest(decodeResult: success, version: HTTP/1.1)
POST /session/8d8350f40e9925447e8b461923a0ed24/execute/sync HTTP/1.1
User-Agent: selenium/4.12.0 (java windows)
Content-Length: 47294
Content-Type: application/json; charset=utf-8
host: localhost:1575
accept: */*

Response DefaultHttpResponse(decodeResult: success, version: HTTP/1.1)
HTTP/1.1 200 OK
Content-Length: 37
Content-Type: application/json; charset=utf-8
cache-control: no-cache

17:04:13.823 [AsyncHttpClient-1-5] DEBUG org.asynchttpclient.netty.channel.ChannelManager -- Adding key: http://localhost:1575 for channel [id: 0x92c0a374, L:/127.0.0.1:58439 - R:localhost/127.0.0.1:1575]
17:04:13.823 [Forwarding getElementText on session 8d8350f40e9925447e8b461923a0ed24 to remote] DEBUG org.asynchttpclient.netty.request.NettyRequestSender -- Using pooled Channel '[id: 0x92c0a374, L:/127.0.0.1:58439 - R:localhost/127.0.0.1:1575]' for 'GET' to 'http://localhost:1575/session/8d8350f40e9925447e8b461923a0ed24/element/f.539002AB250A772B8CAAA4332773F339.d.51DE16AFC13F6A0ABF3F4964DBAFEC76.e.22/text'
17:04:13.823 [Forwarding getElementText on session 8d8350f40e9925447e8b461923a0ed24 to remote] DEBUG org.asynchttpclient.netty.request.NettyRequestSender -- Using open Channel [id: 0x92c0a374, L:/127.0.0.1:58439 - R:localhost/127.0.0.1:1575] for GET '/session/8d8350f40e9925447e8b461923a0ed24/element/f.539002AB250A772B8CAAA4332773F339.d.51DE16AFC13F6A0ABF3F4964DBAFEC76.e.22/text'
17:04:13.833 [AsyncHttpClient-1-5] DEBUG org.asynchttpclient.netty.handler.HttpHandler -- 

Request DefaultFullHttpRequest(decodeResult: success, version: HTTP/1.1, content: EmptyByteBufBE)
GET /session/8d8350f40e9925447e8b461923a0ed24/element/f.539002AB250A772B8CAAA4332773F339.d.51DE16AFC13F6A0ABF3F4964DBAFEC76.e.22/text HTTP/1.1
Cache-Control: no-cache
User-Agent: selenium/4.12.0 (java windows)
Content-Type: application/json; charset=utf-8
host: localhost:1575
accept: */*

Response DefaultHttpResponse(decodeResult: success, version: HTTP/1.1)
HTTP/1.1 200 OK
Content-Length: 12
Content-Type: application/json; charset=utf-8
cache-control: no-cache

17:04:13.833 [AsyncHttpClient-1-5] DEBUG org.asynchttpclient.netty.channel.ChannelManager -- Adding key: http://localhost:1575 for channel [id: 0x92c0a374, L:/127.0.0.1:58439 - R:localhost/127.0.0.1:1575]
17:04:13.836 [Forwarding getElementAttribute on session 8d8350f40e9925447e8b461923a0ed24 to remote] DEBUG org.asynchttpclient.netty.request.NettyRequestSender -- Using pooled Channel '[id: 0x92c0a374, L:/127.0.0.1:58439 - R:localhost/127.0.0.1:1575]' for 'POST' to 'http://localhost:1575/session/8d8350f40e9925447e8b461923a0ed24/execute/sync'
17:04:13.837 [Forwarding getElementAttribute on session 8d8350f40e9925447e8b461923a0ed24 to remote] DEBUG org.asynchttpclient.netty.request.NettyRequestSender -- Using open Channel [id: 0x92c0a374, L:/127.0.0.1:58439 - R:localhost/127.0.0.1:1575] for POST '/session/8d8350f40e9925447e8b461923a0ed24/execute/sync'
17:04:13.846 [AsyncHttpClient-1-5] DEBUG org.asynchttpclient.netty.handler.HttpHandler -- 

Request DefaultHttpRequest(decodeResult: success, version: HTTP/1.1)
POST /session/8d8350f40e9925447e8b461923a0ed24/execute/sync HTTP/1.1
User-Agent: selenium/4.12.0 (java windows)
Content-Length: 47294
Content-Type: application/json; charset=utf-8
host: localhost:1575
accept: */*

Response DefaultHttpResponse(decodeResult: success, version: HTTP/1.1)
HTTP/1.1 200 OK
Content-Length: 36
Content-Type: application/json; charset=utf-8
cache-control: no-cache

17:04:13.846 [AsyncHttpClient-1-5] DEBUG org.asynchttpclient.netty.channel.ChannelManager -- Adding key: http://localhost:1575 for channel [id: 0x92c0a374, L:/127.0.0.1:58439 - R:localhost/127.0.0.1:1575]
17:04:13.847 [Forwarding getElementText on session 8d8350f40e9925447e8b461923a0ed24 to remote] DEBUG org.asynchttpclient.netty.request.NettyRequestSender -- Using pooled Channel '[id: 0x92c0a374, L:/127.0.0.1:58439 - R:localhost/127.0.0.1:1575]' for 'GET' to 'http://localhost:1575/session/8d8350f40e9925447e8b461923a0ed24/element/f.539002AB250A772B8CAAA4332773F339.d.51DE16AFC13F6A0ABF3F4964DBAFEC76.e.23/text'
17:04:13.847 [Forwarding getElementText on session 8d8350f40e9925447e8b461923a0ed24 to remote] DEBUG org.asynchttpclient.netty.request.NettyRequestSender -- Using open Channel [id: 0x92c0a374, L:/127.0.0.1:58439 - R:localhost/127.0.0.1:1575] for GET '/session/8d8350f40e9925447e8b461923a0ed24/element/f.539002AB250A772B8CAAA4332773F339.d.51DE16AFC13F6A0ABF3F4964DBAFEC76.e.23/text'
17:04:13.858 [AsyncHttpClient-1-5] DEBUG org.asynchttpclient.netty.handler.HttpHandler -- 

Request DefaultFullHttpRequest(decodeResult: success, version: HTTP/1.1, content: EmptyByteBufBE)
GET /session/8d8350f40e9925447e8b461923a0ed24/element/f.539002AB250A772B8CAAA4332773F339.d.51DE16AFC13F6A0ABF3F4964DBAFEC76.e.23/text HTTP/1.1
Cache-Control: no-cache
User-Agent: selenium/4.12.0 (java windows)
Content-Type: application/json; charset=utf-8
host: localhost:1575
accept: */*

Response DefaultHttpResponse(decodeResult: success, version: HTTP/1.1)
HTTP/1.1 200 OK
Content-Length: 12
Content-Type: application/json; charset=utf-8
cache-control: no-cache

17:04:13.858 [AsyncHttpClient-1-5] DEBUG org.asynchttpclient.netty.channel.ChannelManager -- Adding key: http://localhost:1575 for channel [id: 0x92c0a374, L:/127.0.0.1:58439 - R:localhost/127.0.0.1:1575]
]]></system-out>
    <system-err><![CDATA[Jan 03, 2025 5:04:12 PM org.openqa.selenium.devtools.CdpVersionFinder findNearestMatch
WARNING: Unable to find CDP implementation matching 131
Jan 03, 2025 5:04:12 PM org.openqa.selenium.chromium.ChromiumDriver lambda$new$5
WARNING: Unable to find version of CDP to use for 131.0.6778.205. You may need to include a dependency on a specific version of the CDP using something similar to `org.seleniumhq.selenium:selenium-devtools-v86:4.12.0` where the version ("v86") matches the version of the chromium-based browser you're using and the version number of the artifact is the same as Selenium's.
]]></system-err>
  </testcase>
  <testcase name="testChangePasswordSuccessfully" classname="UITestCases.BuggyCarsUITests" time="24.167">
    <failure message="Expected condition failed: waiting for visibility of element located by By.xpath: //div[contains(@class, &apos;alert-success&apos;) and contains(text(), &apos;The profile has been saved successful&apos;)] (tried for 20 second(s) with 500 milliseconds interval)&#10;Build info: version: &apos;4.12.0&apos;, revision: &apos;249f2a7d1b*&apos;&#10;System info: os.name: &apos;Windows 11&apos;, os.arch: &apos;amd64&apos;, os.version: &apos;10.0&apos;, java.version: &apos;17.0.9&apos;&#10;Driver info: org.openqa.selenium.chrome.ChromeDriver&#10;Capabilities {acceptInsecureCerts: false, browserName: chrome, browserVersion: 131.0.6778.205, chrome: {chromedriverVersion: 131.0.6778.204 (52183f9e99a..., userDataDir: C:\Users\SASITH~1\AppData\L...}, fedcm:accounts: true, goog:chromeOptions: {debuggerAddress: localhost:58461}, networkConnectionEnabled: false, pageLoadStrategy: normal, platformName: windows, proxy: Proxy(), se:cdp: ws://localhost:58461/devtoo..., se:cdpVersion: 131.0.6778.205, setWindowRect: true, strictFileInteractability: false, timeouts: {implicit: 0, pageLoad: 300000, script: 30000}, unhandledPromptBehavior: dismiss and notify, webauthn:extension:credBlob: true, webauthn:extension:largeBlob: true, webauthn:extension:minPinLength: true, webauthn:extension:prf: true, webauthn:virtualAuthenticators: true}&#10;Session ID: 0f3202697f71e1b836480ab82cbb744f" type="org.openqa.selenium.TimeoutException"><![CDATA[org.openqa.selenium.TimeoutException: 
Expected condition failed: waiting for visibility of element located by By.xpath: //div[contains(@class, 'alert-success') and contains(text(), 'The profile has been saved successful')] (tried for 20 second(s) with 500 milliseconds interval)
Build info: version: '4.12.0', revision: '249f2a7d1b*'
System info: os.name: 'Windows 11', os.arch: 'amd64', os.version: '10.0', java.version: '17.0.9'
Driver info: org.openqa.selenium.chrome.ChromeDriver
Capabilities {acceptInsecureCerts: false, browserName: chrome, browserVersion: 131.0.6778.205, chrome: {chromedriverVersion: 131.0.6778.204 (52183f9e99a..., userDataDir: C:\Users\SASITH~1\AppData\L...}, fedcm:accounts: true, goog:chromeOptions: {debuggerAddress: localhost:58461}, networkConnectionEnabled: false, pageLoadStrategy: normal, platformName: windows, proxy: Proxy(), se:cdp: ws://localhost:58461/devtoo..., se:cdpVersion: 131.0.6778.205, setWindowRect: true, strictFileInteractability: false, timeouts: {implicit: 0, pageLoad: 300000, script: 30000}, unhandledPromptBehavior: dismiss and notify, webauthn:extension:credBlob: true, webauthn:extension:largeBlob: true, webauthn:extension:minPinLength: true, webauthn:extension:prf: true, webauthn:virtualAuthenticators: true}
Session ID: 0f3202697f71e1b836480ab82cbb744f
	at org.openqa.selenium.support.ui.WebDriverWait.timeoutException(WebDriverWait.java:84)
	at org.openqa.selenium.support.ui.FluentWait.until(FluentWait.java:230)
	at UITestCases.BuggyCarsUITests.testChangePasswordSuccessfully(BuggyCarsUITests.java:202)
	at java.base/jdk.internal.reflect.NativeMethodAccessorImpl.invoke0(Native Method)
	at java.base/jdk.internal.reflect.NativeMethodAccessorImpl.invoke(NativeMethodAccessorImpl.java:77)
	at java.base/jdk.internal.reflect.DelegatingMethodAccessorImpl.invoke(DelegatingMethodAccessorImpl.java:43)
	at java.base/java.lang.reflect.Method.invoke(Method.java:568)
	at org.testng.internal.invokers.MethodInvocationHelper.invokeMethod(MethodInvocationHelper.java:139)
	at org.testng.internal.invokers.TestInvoker.invokeMethod(TestInvoker.java:677)
	at org.testng.internal.invokers.TestInvoker.invokeTestMethod(TestInvoker.java:221)
	at org.testng.internal.invokers.MethodRunner.runInSequence(MethodRunner.java:50)
	at org.testng.internal.invokers.TestInvoker$MethodInvocationAgent.invoke(TestInvoker.java:969)
	at org.testng.internal.invokers.TestInvoker.invokeTestMethods(TestInvoker.java:194)
	at org.testng.internal.invokers.TestMethodWorker.invokeTestMethods(TestMethodWorker.java:148)
	at org.testng.internal.invokers.TestMethodWorker.run(TestMethodWorker.java:128)
	at java.base/java.util.ArrayList.forEach(ArrayList.java:1511)
	at org.testng.TestRunner.privateRun(TestRunner.java:829)
	at org.testng.TestRunner.run(TestRunner.java:602)
	at org.testng.SuiteRunner.runTest(SuiteRunner.java:437)
	at org.testng.SuiteRunner.runSequentially(SuiteRunner.java:431)
	at org.testng.SuiteRunner.privateRun(SuiteRunner.java:391)
	at org.testng.SuiteRunner.run(SuiteRunner.java:330)
	at org.testng.SuiteRunnerWorker.runSuite(SuiteRunnerWorker.java:52)
	at org.testng.SuiteRunnerWorker.run(SuiteRunnerWorker.java:95)
	at org.testng.TestNG.runSuitesSequentially(TestNG.java:1256)
	at org.testng.TestNG.runSuitesLocally(TestNG.java:1176)
	at org.testng.TestNG.runSuites(TestNG.java:1099)
	at org.testng.TestNG.run(TestNG.java:1067)
	at org.apache.maven.surefire.testng.TestNGExecutor.run(TestNGExecutor.java:324)
	at org.apache.maven.surefire.testng.TestNGXmlTestSuite.execute(TestNGXmlTestSuite.java:74)
	at org.apache.maven.surefire.testng.TestNGProvider.invoke(TestNGProvider.java:123)
	at org.apache.maven.surefire.booter.ForkedBooter.runSuitesInProcess(ForkedBooter.java:456)
	at org.apache.maven.surefire.booter.ForkedBooter.execute(ForkedBooter.java:169)
	at org.apache.maven.surefire.booter.ForkedBooter.run(ForkedBooter.java:595)
	at org.apache.maven.surefire.booter.ForkedBooter.main(ForkedBooter.java:581)
]]></failure>
    <system-out><![CDATA[17:04:13.862 [AsyncHttpClient-1-7] DEBUG org.asynchttpclient.netty.handler.WebSocketHandler -- Channel Closed: [id: 0x9e23fee3, L:/127.0.0.1:58449 ! R:localhost/127.0.0.1:58441] with attribute DISCARD
17:04:13.862 [Driver Command Executor] DEBUG org.asynchttpclient.netty.request.NettyRequestSender -- Using pooled Channel '[id: 0x92c0a374, L:/127.0.0.1:58439 - R:localhost/127.0.0.1:1575]' for 'DELETE' to 'http://localhost:1575/session/8d8350f40e9925447e8b461923a0ed24'
17:04:13.862 [Driver Command Executor] DEBUG org.asynchttpclient.netty.request.NettyRequestSender -- Using open Channel [id: 0x92c0a374, L:/127.0.0.1:58439 - R:localhost/127.0.0.1:1575] for DELETE '/session/8d8350f40e9925447e8b461923a0ed24'
17:04:13.896 [AsyncHttpClient-1-6] DEBUG org.asynchttpclient.netty.handler.HttpHandler -- Unexpected I/O exception on channel [id: 0x06d4be2a, L:/127.0.0.1:58448 - R:localhost/127.0.0.1:58441]
java.net.SocketException: Connection reset
	at java.base/sun.nio.ch.SocketChannelImpl.throwConnectionReset(SocketChannelImpl.java:394)
	at java.base/sun.nio.ch.SocketChannelImpl.read(SocketChannelImpl.java:426)
	at io.netty.buffer.PooledByteBuf.setBytes(PooledByteBuf.java:254)
	at io.netty.buffer.AbstractByteBuf.writeBytes(AbstractByteBuf.java:1132)
	at io.netty.channel.socket.nio.NioSocketChannel.doReadBytes(NioSocketChannel.java:357)
	at io.netty.channel.nio.AbstractNioByteChannel$NioByteUnsafe.read(AbstractNioByteChannel.java:151)
	at io.netty.channel.nio.NioEventLoop.processSelectedKey(NioEventLoop.java:788)
	at io.netty.channel.nio.NioEventLoop.processSelectedKeysOptimized(NioEventLoop.java:724)
	at io.netty.channel.nio.NioEventLoop.processSelectedKeys(NioEventLoop.java:650)
	at io.netty.channel.nio.NioEventLoop.run(NioEventLoop.java:562)
	at io.netty.util.concurrent.SingleThreadEventExecutor$4.run(SingleThreadEventExecutor.java:997)
	at io.netty.util.internal.ThreadExecutorMap$2.run(ThreadExecutorMap.java:74)
	at io.netty.util.concurrent.FastThreadLocalRunnable.run(FastThreadLocalRunnable.java:30)
	at java.base/java.lang.Thread.run(Thread.java:842)
17:04:13.896 [AsyncHttpClient-1-6] DEBUG org.asynchttpclient.netty.channel.ChannelManager -- Closing Channel [id: 0x06d4be2a, L:/127.0.0.1:58448 - R:localhost/127.0.0.1:58441] 
17:04:13.896 [AsyncHttpClient-1-6] DEBUG org.asynchttpclient.netty.handler.HttpHandler -- Channel Closed: [id: 0x06d4be2a, L:/127.0.0.1:58448 ! R:localhost/127.0.0.1:58441] with attribute DISCARD
17:04:13.896 [AsyncHttpClient-1-1] DEBUG org.asynchttpclient.netty.channel.DefaultChannelPool -- Entry count for : http://localhost:58441 : 1
17:04:13.896 [AsyncHttpClient-1-1] DEBUG org.asynchttpclient.netty.channel.DefaultChannelPool -- Adding Candidate expired Channel [id: 0x06d4be2a, L:/127.0.0.1:58448 ! R:localhost/127.0.0.1:58441] isIdleTimeoutExpired=false isRemotelyClosed=true isTtlExpired=false
17:04:13.896 [AsyncHttpClient-1-1] DEBUG org.asynchttpclient.netty.channel.DefaultChannelPool -- Closing Idle Channel [id: 0x06d4be2a, L:/127.0.0.1:58448 ! R:localhost/127.0.0.1:58441]
17:04:13.896 [AsyncHttpClient-1-1] DEBUG org.asynchttpclient.netty.channel.DefaultChannelPool -- Closed 1 connections out of 1 in 0 ms
17:04:13.925 [AsyncHttpClient-1-5] DEBUG org.asynchttpclient.netty.handler.HttpHandler -- 

Request DefaultFullHttpRequest(decodeResult: success, version: HTTP/1.1, content: EmptyByteBufBE)
DELETE /session/8d8350f40e9925447e8b461923a0ed24 HTTP/1.1
User-Agent: selenium/4.12.0 (java windows)
Content-Type: application/json; charset=utf-8
host: localhost:1575
accept: */*

Response DefaultHttpResponse(decodeResult: success, version: HTTP/1.1)
HTTP/1.1 200 OK
Content-Length: 14
Content-Type: application/json; charset=utf-8
cache-control: no-cache

17:04:13.925 [AsyncHttpClient-1-5] DEBUG org.asynchttpclient.netty.channel.ChannelManager -- Adding key: http://localhost:1575 for channel [id: 0x92c0a374, L:/127.0.0.1:58439 - R:localhost/127.0.0.1:1575]
17:04:14.023 [AsyncHttpClient-1-5] DEBUG org.asynchttpclient.netty.handler.HttpHandler -- Channel Closed: [id: 0x92c0a374, L:/127.0.0.1:58439 ! R:localhost/127.0.0.1:1575] with attribute DISCARD
17:04:14.056 [main] DEBUG io.github.bonigarcia.wdm.WebDriverManager -- Using WebDriverManager 5.5.3
17:04:14.065 [main] DEBUG io.github.bonigarcia.wdm.cache.ResolutionCache -- Resolution chrome=131 in cache (valid until 17:53:13 03/01/2025 IST)
17:04:14.065 [main] DEBUG io.github.bonigarcia.wdm.cache.ResolutionCache -- Resolution chrome131=131.0.6778.204 in cache (valid until 16:53:13 04/01/2025 IST)
17:04:14.065 [main] INFO io.github.bonigarcia.wdm.WebDriverManager -- Using chromedriver 131.0.6778.204 (resolved driver for Chrome 131)
17:04:14.071 [main] DEBUG io.github.bonigarcia.wdm.WebDriverManager -- Driver chromedriver 131.0.6778.204 found in cache
17:04:14.072 [main] INFO io.github.bonigarcia.wdm.WebDriverManager -- Exporting webdriver.chrome.driver as C:\Users\sasitharan\.cache\selenium\chromedriver\win64\131.0.6778.204\chromedriver.exe
17:04:14.137 [AsyncHttpClient-1-8] DEBUG org.asynchttpclient.netty.channel.NettyConnectListener -- Using new Channel '[id: 0x2dbcd3e7, L:/127.0.0.1:58460 - R:localhost/127.0.0.1:44423]' for 'POST' to '/session'
17:04:14.982 [AsyncHttpClient-1-8] DEBUG org.asynchttpclient.netty.handler.HttpHandler -- 

Request DefaultHttpRequest(decodeResult: success, version: HTTP/1.1)
POST /session HTTP/1.1
User-Agent: selenium/4.12.0 (java windows)
Content-Length: 254
Content-Type: application/json; charset=utf-8
host: localhost:44423
accept: */*

Response DefaultHttpResponse(decodeResult: success, version: HTTP/1.1)
HTTP/1.1 200 OK
Content-Length: 888
Content-Type: application/json; charset=utf-8
cache-control: no-cache

17:04:14.983 [AsyncHttpClient-1-8] DEBUG org.asynchttpclient.netty.channel.ChannelManager -- Adding key: http://localhost:44423 for channel [id: 0x2dbcd3e7, L:/127.0.0.1:58460 - R:localhost/127.0.0.1:44423]
17:04:14.992 [AsyncHttpClient-1-9] DEBUG org.asynchttpclient.netty.channel.NettyConnectListener -- Using new Channel '[id: 0xd01fd5f4, L:/127.0.0.1:58467 - R:localhost/127.0.0.1:58461]' for 'GET' to '/json/version'
17:04:14.994 [AsyncHttpClient-1-1] DEBUG org.asynchttpclient.netty.channel.DefaultChannelPool -- Entry count for : http://localhost:1575 : 1
17:04:14.994 [AsyncHttpClient-1-1] DEBUG org.asynchttpclient.netty.channel.DefaultChannelPool -- Entry count for : http://localhost:44423 : 1
17:04:14.994 [AsyncHttpClient-1-1] DEBUG org.asynchttpclient.netty.channel.DefaultChannelPool -- Adding Candidate expired Channel [id: 0x92c0a374, L:/127.0.0.1:58439 ! R:localhost/127.0.0.1:1575] isIdleTimeoutExpired=false isRemotelyClosed=true isTtlExpired=false
17:04:14.994 [AsyncHttpClient-1-1] DEBUG org.asynchttpclient.netty.channel.DefaultChannelPool -- Closing Idle Channel [id: 0x92c0a374, L:/127.0.0.1:58439 ! R:localhost/127.0.0.1:1575]
17:04:14.994 [AsyncHttpClient-1-1] DEBUG org.asynchttpclient.netty.channel.DefaultChannelPool -- Closed 1 connections out of 2 in 0 ms
17:04:14.996 [AsyncHttpClient-1-9] DEBUG org.asynchttpclient.netty.handler.HttpHandler -- 

Request DefaultFullHttpRequest(decodeResult: success, version: HTTP/1.1, content: EmptyByteBufBE)
GET /json/version HTTP/1.1
User-Agent: selenium/4.12.0 (java windows)
host: localhost:58461
accept: */*

Response DefaultHttpResponse(decodeResult: success, version: HTTP/1.1)
HTTP/1.1 200 OK
Content-Security-Policy: frame-ancestors 'none'
Content-Length: 424
Content-Type: application/json; charset=UTF-8

17:04:14.997 [AsyncHttpClient-1-9] DEBUG org.asynchttpclient.netty.channel.ChannelManager -- Adding key: http://localhost:58461 for channel [id: 0xd01fd5f4, L:/127.0.0.1:58467 - R:localhost/127.0.0.1:58461]
17:04:15.007 [AsyncHttpClient-1-10] DEBUG org.asynchttpclient.netty.channel.NettyConnectListener -- Using new Channel '[id: 0x4aa99583, L:/127.0.0.1:58468 - R:localhost/127.0.0.1:58461]' for 'GET' to '/devtools/browser/c4d19566-1488-4545-bc69-97771fecc192'
17:04:15.011 [AsyncHttpClient-1-10] DEBUG org.asynchttpclient.netty.handler.WebSocketHandler -- 

Request DefaultFullHttpRequest(decodeResult: success, version: HTTP/1.1, content: EmptyByteBufBE)
GET /devtools/browser/c4d19566-1488-4545-bc69-97771fecc192 HTTP/1.1
upgrade: websocket
connection: upgrade
sec-websocket-key: 2Yy0oFp2yrFrNn7MWpn0kA==
sec-websocket-version: 13
origin: http://localhost:58461
host: localhost:58461
accept: */*
user-agent: AHC/2.1

Response DefaultHttpResponse(decodeResult: success, version: HTTP/1.1)
HTTP/1.1 101 WebSocket Protocol Handshake
Upgrade: WebSocket
Connection: Upgrade
Sec-WebSocket-Accept: s7l1nwM1WVxS1DHSTMfZdqi/Quo=

17:04:15.018 [Forwarding maximizeCurrentWindow on session 0f3202697f71e1b836480ab82cbb744f to remote] DEBUG org.asynchttpclient.netty.request.NettyRequestSender -- Using pooled Channel '[id: 0x2dbcd3e7, L:/127.0.0.1:58460 - R:localhost/127.0.0.1:44423]' for 'POST' to 'http://localhost:44423/session/0f3202697f71e1b836480ab82cbb744f/window/maximize'
17:04:15.018 [Forwarding maximizeCurrentWindow on session 0f3202697f71e1b836480ab82cbb744f to remote] DEBUG org.asynchttpclient.netty.request.NettyRequestSender -- Using open Channel [id: 0x2dbcd3e7, L:/127.0.0.1:58460 - R:localhost/127.0.0.1:44423] for POST '/session/0f3202697f71e1b836480ab82cbb744f/window/maximize'
17:04:15.130 [AsyncHttpClient-1-8] DEBUG org.asynchttpclient.netty.handler.HttpHandler -- 

Request DefaultHttpRequest(decodeResult: success, version: HTTP/1.1)
POST /session/0f3202697f71e1b836480ab82cbb744f/window/maximize HTTP/1.1
User-Agent: selenium/4.12.0 (java windows)
Content-Length: 3
Content-Type: application/json; charset=utf-8
host: localhost:44423
accept: */*

Response DefaultHttpResponse(decodeResult: success, version: HTTP/1.1)
HTTP/1.1 200 OK
Content-Length: 51
Content-Type: application/json; charset=utf-8
cache-control: no-cache

17:04:15.130 [AsyncHttpClient-1-8] DEBUG org.asynchttpclient.netty.channel.ChannelManager -- Adding key: http://localhost:44423 for channel [id: 0x2dbcd3e7, L:/127.0.0.1:58460 - R:localhost/127.0.0.1:44423]
17:04:15.132 [Forwarding get on session 0f3202697f71e1b836480ab82cbb744f to remote] DEBUG org.asynchttpclient.netty.request.NettyRequestSender -- Using pooled Channel '[id: 0x2dbcd3e7, L:/127.0.0.1:58460 - R:localhost/127.0.0.1:44423]' for 'POST' to 'http://localhost:44423/session/0f3202697f71e1b836480ab82cbb744f/url'
17:04:15.132 [Forwarding get on session 0f3202697f71e1b836480ab82cbb744f to remote] DEBUG org.asynchttpclient.netty.request.NettyRequestSender -- Using open Channel [id: 0x2dbcd3e7, L:/127.0.0.1:58460 - R:localhost/127.0.0.1:44423] for POST '/session/0f3202697f71e1b836480ab82cbb744f/url'
17:04:16.090 [AsyncHttpClient-1-1] DEBUG org.asynchttpclient.netty.channel.DefaultChannelPool -- Entry count for : http://localhost:58461 : 1
17:04:16.264 [AsyncHttpClient-1-8] DEBUG org.asynchttpclient.netty.handler.HttpHandler -- 

Request DefaultHttpRequest(decodeResult: success, version: HTTP/1.1)
POST /session/0f3202697f71e1b836480ab82cbb744f/url HTTP/1.1
User-Agent: selenium/4.12.0 (java windows)
Content-Length: 58
Content-Type: application/json; charset=utf-8
host: localhost:44423
accept: */*

Response DefaultHttpResponse(decodeResult: success, version: HTTP/1.1)
HTTP/1.1 200 OK
Content-Length: 14
Content-Type: application/json; charset=utf-8
cache-control: no-cache

17:04:16.264 [AsyncHttpClient-1-8] DEBUG org.asynchttpclient.netty.channel.ChannelManager -- Adding key: http://localhost:44423 for channel [id: 0x2dbcd3e7, L:/127.0.0.1:58460 - R:localhost/127.0.0.1:44423]
[LOG] Logging in with valid credentials...
17:04:16.274 [Forwarding findElement on session 0f3202697f71e1b836480ab82cbb744f to remote] DEBUG org.asynchttpclient.netty.request.NettyRequestSender -- Using pooled Channel '[id: 0x2dbcd3e7, L:/127.0.0.1:58460 - R:localhost/127.0.0.1:44423]' for 'POST' to 'http://localhost:44423/session/0f3202697f71e1b836480ab82cbb744f/element'
17:04:16.274 [Forwarding findElement on session 0f3202697f71e1b836480ab82cbb744f to remote] DEBUG org.asynchttpclient.netty.request.NettyRequestSender -- Using open Channel [id: 0x2dbcd3e7, L:/127.0.0.1:58460 - R:localhost/127.0.0.1:44423] for POST '/session/0f3202697f71e1b836480ab82cbb744f/element'
17:04:16.300 [AsyncHttpClient-1-8] DEBUG org.asynchttpclient.netty.handler.HttpHandler -- 

Request DefaultHttpRequest(decodeResult: success, version: HTTP/1.1)
POST /session/0f3202697f71e1b836480ab82cbb744f/element HTTP/1.1
User-Agent: selenium/4.12.0 (java windows)
Content-Length: 59
Content-Type: application/json; charset=utf-8
host: localhost:44423
accept: */*

Response DefaultHttpResponse(decodeResult: success, version: HTTP/1.1)
HTTP/1.1 200 OK
Content-Length: 125
Content-Type: application/json; charset=utf-8
cache-control: no-cache

17:04:16.301 [AsyncHttpClient-1-8] DEBUG org.asynchttpclient.netty.channel.ChannelManager -- Adding key: http://localhost:44423 for channel [id: 0x2dbcd3e7, L:/127.0.0.1:58460 - R:localhost/127.0.0.1:44423]
17:04:16.305 [Forwarding sendKeysToElement on session 0f3202697f71e1b836480ab82cbb744f to remote] DEBUG org.asynchttpclient.netty.request.NettyRequestSender -- Using pooled Channel '[id: 0x2dbcd3e7, L:/127.0.0.1:58460 - R:localhost/127.0.0.1:44423]' for 'POST' to 'http://localhost:44423/session/0f3202697f71e1b836480ab82cbb744f/element/f.AA2393F87C3CB0FE92A038B98886BDF7.d.3C8E47BF7262AD8EE3B08963B177DE70.e.5/value'
17:04:16.305 [Forwarding sendKeysToElement on session 0f3202697f71e1b836480ab82cbb744f to remote] DEBUG org.asynchttpclient.netty.request.NettyRequestSender -- Using open Channel [id: 0x2dbcd3e7, L:/127.0.0.1:58460 - R:localhost/127.0.0.1:44423] for POST '/session/0f3202697f71e1b836480ab82cbb744f/element/f.AA2393F87C3CB0FE92A038B98886BDF7.d.3C8E47BF7262AD8EE3B08963B177DE70.e.5/value'
17:04:16.468 [AsyncHttpClient-1-8] DEBUG org.asynchttpclient.netty.handler.HttpHandler -- 

Request DefaultHttpRequest(decodeResult: success, version: HTTP/1.1)
POST /session/0f3202697f71e1b836480ab82cbb744f/element/f.AA2393F87C3CB0FE92A038B98886BDF7.d.3C8E47BF7262AD8EE3B08963B177DE70.e.5/value HTTP/1.1
User-Agent: selenium/4.12.0 (java windows)
Content-Length: 388
Content-Type: application/json; charset=utf-8
host: localhost:44423
accept: */*

Response DefaultHttpResponse(decodeResult: success, version: HTTP/1.1)
HTTP/1.1 200 OK
Content-Length: 14
Content-Type: application/json; charset=utf-8
cache-control: no-cache

17:04:16.468 [AsyncHttpClient-1-8] DEBUG org.asynchttpclient.netty.channel.ChannelManager -- Adding key: http://localhost:44423 for channel [id: 0x2dbcd3e7, L:/127.0.0.1:58460 - R:localhost/127.0.0.1:44423]
17:04:16.469 [Forwarding findElement on session 0f3202697f71e1b836480ab82cbb744f to remote] DEBUG org.asynchttpclient.netty.request.NettyRequestSender -- Using pooled Channel '[id: 0x2dbcd3e7, L:/127.0.0.1:58460 - R:localhost/127.0.0.1:44423]' for 'POST' to 'http://localhost:44423/session/0f3202697f71e1b836480ab82cbb744f/element'
17:04:16.469 [Forwarding findElement on session 0f3202697f71e1b836480ab82cbb744f to remote] DEBUG org.asynchttpclient.netty.request.NettyRequestSender -- Using open Channel [id: 0x2dbcd3e7, L:/127.0.0.1:58460 - R:localhost/127.0.0.1:44423] for POST '/session/0f3202697f71e1b836480ab82cbb744f/element'
17:04:16.484 [AsyncHttpClient-1-8] DEBUG org.asynchttpclient.netty.handler.HttpHandler -- 

Request DefaultHttpRequest(decodeResult: success, version: HTTP/1.1)
POST /session/0f3202697f71e1b836480ab82cbb744f/element HTTP/1.1
User-Agent: selenium/4.12.0 (java windows)
Content-Length: 62
Content-Type: application/json; charset=utf-8
host: localhost:44423
accept: */*

Response DefaultHttpResponse(decodeResult: success, version: HTTP/1.1)
HTTP/1.1 200 OK
Content-Length: 125
Content-Type: application/json; charset=utf-8
cache-control: no-cache

17:04:16.484 [AsyncHttpClient-1-8] DEBUG org.asynchttpclient.netty.channel.ChannelManager -- Adding key: http://localhost:44423 for channel [id: 0x2dbcd3e7, L:/127.0.0.1:58460 - R:localhost/127.0.0.1:44423]
17:04:16.485 [Forwarding sendKeysToElement on session 0f3202697f71e1b836480ab82cbb744f to remote] DEBUG org.asynchttpclient.netty.request.NettyRequestSender -- Using pooled Channel '[id: 0x2dbcd3e7, L:/127.0.0.1:58460 - R:localhost/127.0.0.1:44423]' for 'POST' to 'http://localhost:44423/session/0f3202697f71e1b836480ab82cbb744f/element/f.AA2393F87C3CB0FE92A038B98886BDF7.d.3C8E47BF7262AD8EE3B08963B177DE70.e.4/value'
17:04:16.485 [Forwarding sendKeysToElement on session 0f3202697f71e1b836480ab82cbb744f to remote] DEBUG org.asynchttpclient.netty.request.NettyRequestSender -- Using open Channel [id: 0x2dbcd3e7, L:/127.0.0.1:58460 - R:localhost/127.0.0.1:44423] for POST '/session/0f3202697f71e1b836480ab82cbb744f/element/f.AA2393F87C3CB0FE92A038B98886BDF7.d.3C8E47BF7262AD8EE3B08963B177DE70.e.4/value'
17:04:16.553 [AsyncHttpClient-1-8] DEBUG org.asynchttpclient.netty.handler.HttpHandler -- 

Request DefaultHttpRequest(decodeResult: success, version: HTTP/1.1)
POST /session/0f3202697f71e1b836480ab82cbb744f/element/f.AA2393F87C3CB0FE92A038B98886BDF7.d.3C8E47BF7262AD8EE3B08963B177DE70.e.4/value HTTP/1.1
User-Agent: selenium/4.12.0 (java windows)
Content-Length: 218
Content-Type: application/json; charset=utf-8
host: localhost:44423
accept: */*

Response DefaultHttpResponse(decodeResult: success, version: HTTP/1.1)
HTTP/1.1 200 OK
Content-Length: 14
Content-Type: application/json; charset=utf-8
cache-control: no-cache

17:04:16.554 [AsyncHttpClient-1-8] DEBUG org.asynchttpclient.netty.channel.ChannelManager -- Adding key: http://localhost:44423 for channel [id: 0x2dbcd3e7, L:/127.0.0.1:58460 - R:localhost/127.0.0.1:44423]
17:04:16.556 [Forwarding findElement on session 0f3202697f71e1b836480ab82cbb744f to remote] DEBUG org.asynchttpclient.netty.request.NettyRequestSender -- Using pooled Channel '[id: 0x2dbcd3e7, L:/127.0.0.1:58460 - R:localhost/127.0.0.1:44423]' for 'POST' to 'http://localhost:44423/session/0f3202697f71e1b836480ab82cbb744f/element'
17:04:16.556 [Forwarding findElement on session 0f3202697f71e1b836480ab82cbb744f to remote] DEBUG org.asynchttpclient.netty.request.NettyRequestSender -- Using open Channel [id: 0x2dbcd3e7, L:/127.0.0.1:58460 - R:localhost/127.0.0.1:44423] for POST '/session/0f3202697f71e1b836480ab82cbb744f/element'
17:04:16.568 [AsyncHttpClient-1-8] DEBUG org.asynchttpclient.netty.handler.HttpHandler -- 

Request DefaultHttpRequest(decodeResult: success, version: HTTP/1.1)
POST /session/0f3202697f71e1b836480ab82cbb744f/element HTTP/1.1
User-Agent: selenium/4.12.0 (java windows)
Content-Length: 65
Content-Type: application/json; charset=utf-8
host: localhost:44423
accept: */*

Response DefaultHttpResponse(decodeResult: success, version: HTTP/1.1)
HTTP/1.1 200 OK
Content-Length: 125
Content-Type: application/json; charset=utf-8
cache-control: no-cache

17:04:16.568 [AsyncHttpClient-1-8] DEBUG org.asynchttpclient.netty.channel.ChannelManager -- Adding key: http://localhost:44423 for channel [id: 0x2dbcd3e7, L:/127.0.0.1:58460 - R:localhost/127.0.0.1:44423]
17:04:16.569 [Forwarding clickElement on session 0f3202697f71e1b836480ab82cbb744f to remote] DEBUG org.asynchttpclient.netty.request.NettyRequestSender -- Using pooled Channel '[id: 0x2dbcd3e7, L:/127.0.0.1:58460 - R:localhost/127.0.0.1:44423]' for 'POST' to 'http://localhost:44423/session/0f3202697f71e1b836480ab82cbb744f/element/f.AA2393F87C3CB0FE92A038B98886BDF7.d.3C8E47BF7262AD8EE3B08963B177DE70.e.7/click'
17:04:16.569 [Forwarding clickElement on session 0f3202697f71e1b836480ab82cbb744f to remote] DEBUG org.asynchttpclient.netty.request.NettyRequestSender -- Using open Channel [id: 0x2dbcd3e7, L:/127.0.0.1:58460 - R:localhost/127.0.0.1:44423] for POST '/session/0f3202697f71e1b836480ab82cbb744f/element/f.AA2393F87C3CB0FE92A038B98886BDF7.d.3C8E47BF7262AD8EE3B08963B177DE70.e.7/click'
17:04:16.706 [AsyncHttpClient-1-8] DEBUG org.asynchttpclient.netty.handler.HttpHandler -- 

Request DefaultHttpRequest(decodeResult: success, version: HTTP/1.1)
POST /session/0f3202697f71e1b836480ab82cbb744f/element/f.AA2393F87C3CB0FE92A038B98886BDF7.d.3C8E47BF7262AD8EE3B08963B177DE70.e.7/click HTTP/1.1
User-Agent: selenium/4.12.0 (java windows)
Content-Length: 87
Content-Type: application/json; charset=utf-8
host: localhost:44423
accept: */*

Response DefaultHttpResponse(decodeResult: success, version: HTTP/1.1)
HTTP/1.1 200 OK
Content-Length: 14
Content-Type: application/json; charset=utf-8
cache-control: no-cache

17:04:16.707 [AsyncHttpClient-1-8] DEBUG org.asynchttpclient.netty.channel.ChannelManager -- Adding key: http://localhost:44423 for channel [id: 0x2dbcd3e7, L:/127.0.0.1:58460 - R:localhost/127.0.0.1:44423]
17:04:16.719 [Forwarding findElement on session 0f3202697f71e1b836480ab82cbb744f to remote] DEBUG org.asynchttpclient.netty.request.NettyRequestSender -- Using pooled Channel '[id: 0x2dbcd3e7, L:/127.0.0.1:58460 - R:localhost/127.0.0.1:44423]' for 'POST' to 'http://localhost:44423/session/0f3202697f71e1b836480ab82cbb744f/element'
17:04:16.719 [Forwarding findElement on session 0f3202697f71e1b836480ab82cbb744f to remote] DEBUG org.asynchttpclient.netty.request.NettyRequestSender -- Using open Channel [id: 0x2dbcd3e7, L:/127.0.0.1:58460 - R:localhost/127.0.0.1:44423] for POST '/session/0f3202697f71e1b836480ab82cbb744f/element'
17:04:16.746 [AsyncHttpClient-1-8] DEBUG org.asynchttpclient.netty.handler.HttpHandler -- 

Request DefaultHttpRequest(decodeResult: success, version: HTTP/1.1)
POST /session/0f3202697f71e1b836480ab82cbb744f/element HTTP/1.1
User-Agent: selenium/4.12.0 (java windows)
Content-Length: 151
Content-Type: application/json; charset=utf-8
host: localhost:44423
accept: */*

Response DefaultHttpResponse(decodeResult: success, version: HTTP/1.1)
HTTP/1.1 404 Not Found
Content-Length: 1093
Content-Type: application/json; charset=utf-8
cache-control: no-cache

17:04:16.747 [AsyncHttpClient-1-8] DEBUG org.asynchttpclient.netty.channel.ChannelManager -- Adding key: http://localhost:44423 for channel [id: 0x2dbcd3e7, L:/127.0.0.1:58460 - R:localhost/127.0.0.1:44423]
17:04:17.191 [AsyncHttpClient-1-1] DEBUG org.asynchttpclient.netty.channel.DefaultChannelPool -- Entry count for : http://localhost:58461 : 1
17:04:17.191 [AsyncHttpClient-1-1] DEBUG org.asynchttpclient.netty.channel.DefaultChannelPool -- Entry count for : http://localhost:44423 : 1
17:04:17.265 [Forwarding findElement on session 0f3202697f71e1b836480ab82cbb744f to remote] DEBUG org.asynchttpclient.netty.request.NettyRequestSender -- Using pooled Channel '[id: 0x2dbcd3e7, L:/127.0.0.1:58460 - R:localhost/127.0.0.1:44423]' for 'POST' to 'http://localhost:44423/session/0f3202697f71e1b836480ab82cbb744f/element'
17:04:17.267 [Forwarding findElement on session 0f3202697f71e1b836480ab82cbb744f to remote] DEBUG org.asynchttpclient.netty.request.NettyRequestSender -- Using open Channel [id: 0x2dbcd3e7, L:/127.0.0.1:58460 - R:localhost/127.0.0.1:44423] for POST '/session/0f3202697f71e1b836480ab82cbb744f/element'
17:04:17.290 [AsyncHttpClient-1-8] DEBUG org.asynchttpclient.netty.handler.HttpHandler -- 

Request DefaultHttpRequest(decodeResult: success, version: HTTP/1.1)
POST /session/0f3202697f71e1b836480ab82cbb744f/element HTTP/1.1
User-Agent: selenium/4.12.0 (java windows)
Content-Length: 151
Content-Type: application/json; charset=utf-8
host: localhost:44423
accept: */*

Response DefaultHttpResponse(decodeResult: success, version: HTTP/1.1)
HTTP/1.1 404 Not Found
Content-Length: 1093
Content-Type: application/json; charset=utf-8
cache-control: no-cache

17:04:17.291 [AsyncHttpClient-1-8] DEBUG org.asynchttpclient.netty.channel.ChannelManager -- Adding key: http://localhost:44423 for channel [id: 0x2dbcd3e7, L:/127.0.0.1:58460 - R:localhost/127.0.0.1:44423]
17:04:17.806 [Forwarding findElement on session 0f3202697f71e1b836480ab82cbb744f to remote] DEBUG org.asynchttpclient.netty.request.NettyRequestSender -- Using pooled Channel '[id: 0x2dbcd3e7, L:/127.0.0.1:58460 - R:localhost/127.0.0.1:44423]' for 'POST' to 'http://localhost:44423/session/0f3202697f71e1b836480ab82cbb744f/element'
17:04:17.806 [Forwarding findElement on session 0f3202697f71e1b836480ab82cbb744f to remote] DEBUG org.asynchttpclient.netty.request.NettyRequestSender -- Using open Channel [id: 0x2dbcd3e7, L:/127.0.0.1:58460 - R:localhost/127.0.0.1:44423] for POST '/session/0f3202697f71e1b836480ab82cbb744f/element'
17:04:17.819 [AsyncHttpClient-1-8] DEBUG org.asynchttpclient.netty.handler.HttpHandler -- 

Request DefaultHttpRequest(decodeResult: success, version: HTTP/1.1)
POST /session/0f3202697f71e1b836480ab82cbb744f/element HTTP/1.1
User-Agent: selenium/4.12.0 (java windows)
Content-Length: 151
Content-Type: application/json; charset=utf-8
host: localhost:44423
accept: */*

Response DefaultHttpResponse(decodeResult: success, version: HTTP/1.1)
HTTP/1.1 404 Not Found
Content-Length: 1093
Content-Type: application/json; charset=utf-8
cache-control: no-cache

17:04:17.820 [AsyncHttpClient-1-8] DEBUG org.asynchttpclient.netty.channel.ChannelManager -- Adding key: http://localhost:44423 for channel [id: 0x2dbcd3e7, L:/127.0.0.1:58460 - R:localhost/127.0.0.1:44423]
17:04:18.290 [AsyncHttpClient-1-1] DEBUG org.asynchttpclient.netty.channel.DefaultChannelPool -- Entry count for : http://localhost:58461 : 1
17:04:18.290 [AsyncHttpClient-1-1] DEBUG org.asynchttpclient.netty.channel.DefaultChannelPool -- Entry count for : http://localhost:44423 : 1
17:04:18.331 [Forwarding findElement on session 0f3202697f71e1b836480ab82cbb744f to remote] DEBUG org.asynchttpclient.netty.request.NettyRequestSender -- Using pooled Channel '[id: 0x2dbcd3e7, L:/127.0.0.1:58460 - R:localhost/127.0.0.1:44423]' for 'POST' to 'http://localhost:44423/session/0f3202697f71e1b836480ab82cbb744f/element'
17:04:18.331 [Forwarding findElement on session 0f3202697f71e1b836480ab82cbb744f to remote] DEBUG org.asynchttpclient.netty.request.NettyRequestSender -- Using open Channel [id: 0x2dbcd3e7, L:/127.0.0.1:58460 - R:localhost/127.0.0.1:44423] for POST '/session/0f3202697f71e1b836480ab82cbb744f/element'
17:04:18.347 [AsyncHttpClient-1-8] DEBUG org.asynchttpclient.netty.handler.HttpHandler -- 

Request DefaultHttpRequest(decodeResult: success, version: HTTP/1.1)
POST /session/0f3202697f71e1b836480ab82cbb744f/element HTTP/1.1
User-Agent: selenium/4.12.0 (java windows)
Content-Length: 151
Content-Type: application/json; charset=utf-8
host: localhost:44423
accept: */*

Response DefaultHttpResponse(decodeResult: success, version: HTTP/1.1)
HTTP/1.1 200 OK
Content-Length: 126
Content-Type: application/json; charset=utf-8
cache-control: no-cache

17:04:18.349 [AsyncHttpClient-1-8] DEBUG org.asynchttpclient.netty.channel.ChannelManager -- Adding key: http://localhost:44423 for channel [id: 0x2dbcd3e7, L:/127.0.0.1:58460 - R:localhost/127.0.0.1:44423]
17:04:18.351 [Forwarding findElement on session 0f3202697f71e1b836480ab82cbb744f to remote] DEBUG org.asynchttpclient.netty.request.NettyRequestSender -- Using pooled Channel '[id: 0x2dbcd3e7, L:/127.0.0.1:58460 - R:localhost/127.0.0.1:44423]' for 'POST' to 'http://localhost:44423/session/0f3202697f71e1b836480ab82cbb744f/element'
17:04:18.352 [Forwarding findElement on session 0f3202697f71e1b836480ab82cbb744f to remote] DEBUG org.asynchttpclient.netty.request.NettyRequestSender -- Using open Channel [id: 0x2dbcd3e7, L:/127.0.0.1:58460 - R:localhost/127.0.0.1:44423] for POST '/session/0f3202697f71e1b836480ab82cbb744f/element'
17:04:18.374 [AsyncHttpClient-1-8] DEBUG org.asynchttpclient.netty.handler.HttpHandler -- 

Request DefaultHttpRequest(decodeResult: success, version: HTTP/1.1)
POST /session/0f3202697f71e1b836480ab82cbb744f/element HTTP/1.1
User-Agent: selenium/4.12.0 (java windows)
Content-Length: 151
Content-Type: application/json; charset=utf-8
host: localhost:44423
accept: */*

Response DefaultHttpResponse(decodeResult: success, version: HTTP/1.1)
HTTP/1.1 200 OK
Content-Length: 126
Content-Type: application/json; charset=utf-8
cache-control: no-cache

17:04:18.374 [AsyncHttpClient-1-8] DEBUG org.asynchttpclient.netty.channel.ChannelManager -- Adding key: http://localhost:44423 for channel [id: 0x2dbcd3e7, L:/127.0.0.1:58460 - R:localhost/127.0.0.1:44423]
17:04:18.378 [Forwarding isElementDisplayed on session 0f3202697f71e1b836480ab82cbb744f to remote] DEBUG org.asynchttpclient.netty.request.NettyRequestSender -- Using pooled Channel '[id: 0x2dbcd3e7, L:/127.0.0.1:58460 - R:localhost/127.0.0.1:44423]' for 'POST' to 'http://localhost:44423/session/0f3202697f71e1b836480ab82cbb744f/execute/sync'
17:04:18.378 [Forwarding isElementDisplayed on session 0f3202697f71e1b836480ab82cbb744f to remote] DEBUG org.asynchttpclient.netty.request.NettyRequestSender -- Using open Channel [id: 0x2dbcd3e7, L:/127.0.0.1:58460 - R:localhost/127.0.0.1:44423] for POST '/session/0f3202697f71e1b836480ab82cbb744f/execute/sync'
17:04:18.420 [AsyncHttpClient-1-8] DEBUG org.asynchttpclient.netty.handler.HttpHandler -- 

Request DefaultHttpRequest(decodeResult: success, version: HTTP/1.1)
POST /session/0f3202697f71e1b836480ab82cbb744f/execute/sync HTTP/1.1
User-Agent: selenium/4.12.0 (java windows)
Content-Length: 48734
Content-Type: application/json; charset=utf-8
host: localhost:44423
accept: */*

Response DefaultHttpResponse(decodeResult: success, version: HTTP/1.1)
HTTP/1.1 200 OK
Content-Length: 14
Content-Type: application/json; charset=utf-8
cache-control: no-cache

17:04:18.420 [AsyncHttpClient-1-8] DEBUG org.asynchttpclient.netty.channel.ChannelManager -- Adding key: http://localhost:44423 for channel [id: 0x2dbcd3e7, L:/127.0.0.1:58460 - R:localhost/127.0.0.1:44423]
[LOG] Navigating to the profile page...
17:04:18.423 [Forwarding findElement on session 0f3202697f71e1b836480ab82cbb744f to remote] DEBUG org.asynchttpclient.netty.request.NettyRequestSender -- Using pooled Channel '[id: 0x2dbcd3e7, L:/127.0.0.1:58460 - R:localhost/127.0.0.1:44423]' for 'POST' to 'http://localhost:44423/session/0f3202697f71e1b836480ab82cbb744f/element'
17:04:18.423 [Forwarding findElement on session 0f3202697f71e1b836480ab82cbb744f to remote] DEBUG org.asynchttpclient.netty.request.NettyRequestSender -- Using open Channel [id: 0x2dbcd3e7, L:/127.0.0.1:58460 - R:localhost/127.0.0.1:44423] for POST '/session/0f3202697f71e1b836480ab82cbb744f/element'
17:04:18.448 [AsyncHttpClient-1-8] DEBUG org.asynchttpclient.netty.handler.HttpHandler -- 

Request DefaultHttpRequest(decodeResult: success, version: HTTP/1.1)
POST /session/0f3202697f71e1b836480ab82cbb744f/element HTTP/1.1
User-Agent: selenium/4.12.0 (java windows)
Content-Length: 148
Content-Type: application/json; charset=utf-8
host: localhost:44423
accept: */*

Response DefaultHttpResponse(decodeResult: success, version: HTTP/1.1)
HTTP/1.1 200 OK
Content-Length: 126
Content-Type: application/json; charset=utf-8
cache-control: no-cache

17:04:18.448 [AsyncHttpClient-1-8] DEBUG org.asynchttpclient.netty.channel.ChannelManager -- Adding key: http://localhost:44423 for channel [id: 0x2dbcd3e7, L:/127.0.0.1:58460 - R:localhost/127.0.0.1:44423]
17:04:18.450 [Forwarding clickElement on session 0f3202697f71e1b836480ab82cbb744f to remote] DEBUG org.asynchttpclient.netty.request.NettyRequestSender -- Using pooled Channel '[id: 0x2dbcd3e7, L:/127.0.0.1:58460 - R:localhost/127.0.0.1:44423]' for 'POST' to 'http://localhost:44423/session/0f3202697f71e1b836480ab82cbb744f/element/f.AA2393F87C3CB0FE92A038B98886BDF7.d.3C8E47BF7262AD8EE3B08963B177DE70.e.31/click'
17:04:18.450 [Forwarding clickElement on session 0f3202697f71e1b836480ab82cbb744f to remote] DEBUG org.asynchttpclient.netty.request.NettyRequestSender -- Using open Channel [id: 0x2dbcd3e7, L:/127.0.0.1:58460 - R:localhost/127.0.0.1:44423] for POST '/session/0f3202697f71e1b836480ab82cbb744f/element/f.AA2393F87C3CB0FE92A038B98886BDF7.d.3C8E47BF7262AD8EE3B08963B177DE70.e.31/click'
17:04:18.613 [AsyncHttpClient-1-8] DEBUG org.asynchttpclient.netty.handler.HttpHandler -- 

Request DefaultHttpRequest(decodeResult: success, version: HTTP/1.1)
POST /session/0f3202697f71e1b836480ab82cbb744f/element/f.AA2393F87C3CB0FE92A038B98886BDF7.d.3C8E47BF7262AD8EE3B08963B177DE70.e.31/click HTTP/1.1
User-Agent: selenium/4.12.0 (java windows)
Content-Length: 88
Content-Type: application/json; charset=utf-8
host: localhost:44423
accept: */*

Response DefaultHttpResponse(decodeResult: success, version: HTTP/1.1)
HTTP/1.1 200 OK
Content-Length: 14
Content-Type: application/json; charset=utf-8
cache-control: no-cache

17:04:18.613 [AsyncHttpClient-1-8] DEBUG org.asynchttpclient.netty.channel.ChannelManager -- Adding key: http://localhost:44423 for channel [id: 0x2dbcd3e7, L:/127.0.0.1:58460 - R:localhost/127.0.0.1:44423]
17:04:18.615 [Forwarding getCurrentUrl on session 0f3202697f71e1b836480ab82cbb744f to remote] DEBUG org.asynchttpclient.netty.request.NettyRequestSender -- Using pooled Channel '[id: 0x2dbcd3e7, L:/127.0.0.1:58460 - R:localhost/127.0.0.1:44423]' for 'GET' to 'http://localhost:44423/session/0f3202697f71e1b836480ab82cbb744f/url'
17:04:18.615 [Forwarding getCurrentUrl on session 0f3202697f71e1b836480ab82cbb744f to remote] DEBUG org.asynchttpclient.netty.request.NettyRequestSender -- Using open Channel [id: 0x2dbcd3e7, L:/127.0.0.1:58460 - R:localhost/127.0.0.1:44423] for GET '/session/0f3202697f71e1b836480ab82cbb744f/url'
17:04:18.632 [AsyncHttpClient-1-8] DEBUG org.asynchttpclient.netty.handler.HttpHandler -- 

Request DefaultFullHttpRequest(decodeResult: success, version: HTTP/1.1, content: EmptyByteBufBE)
GET /session/0f3202697f71e1b836480ab82cbb744f/url HTTP/1.1
Cache-Control: no-cache
User-Agent: selenium/4.12.0 (java windows)
Content-Type: application/json; charset=utf-8
host: localhost:44423
accept: */*

Response DefaultHttpResponse(decodeResult: success, version: HTTP/1.1)
HTTP/1.1 200 OK
Content-Length: 48
Content-Type: application/json; charset=utf-8
cache-control: no-cache

17:04:18.632 [AsyncHttpClient-1-8] DEBUG org.asynchttpclient.netty.channel.ChannelManager -- Adding key: http://localhost:44423 for channel [id: 0x2dbcd3e7, L:/127.0.0.1:58460 - R:localhost/127.0.0.1:44423]
[LOG] Filling the change password form...
17:04:18.633 [Forwarding findElement on session 0f3202697f71e1b836480ab82cbb744f to remote] DEBUG org.asynchttpclient.netty.request.NettyRequestSender -- Using pooled Channel '[id: 0x2dbcd3e7, L:/127.0.0.1:58460 - R:localhost/127.0.0.1:44423]' for 'POST' to 'http://localhost:44423/session/0f3202697f71e1b836480ab82cbb744f/element'
17:04:18.634 [Forwarding findElement on session 0f3202697f71e1b836480ab82cbb744f to remote] DEBUG org.asynchttpclient.netty.request.NettyRequestSender -- Using open Channel [id: 0x2dbcd3e7, L:/127.0.0.1:58460 - R:localhost/127.0.0.1:44423] for POST '/session/0f3202697f71e1b836480ab82cbb744f/element'
17:04:18.659 [AsyncHttpClient-1-8] DEBUG org.asynchttpclient.netty.handler.HttpHandler -- 

Request DefaultHttpRequest(decodeResult: success, version: HTTP/1.1)
POST /session/0f3202697f71e1b836480ab82cbb744f/element HTTP/1.1
User-Agent: selenium/4.12.0 (java windows)
Content-Length: 214
Content-Type: application/json; charset=utf-8
host: localhost:44423
accept: */*

Response DefaultHttpResponse(decodeResult: success, version: HTTP/1.1)
HTTP/1.1 404 Not Found
Content-Length: 1131
Content-Type: application/json; charset=utf-8
cache-control: no-cache

17:04:18.660 [AsyncHttpClient-1-8] DEBUG org.asynchttpclient.netty.channel.ChannelManager -- Adding key: http://localhost:44423 for channel [id: 0x2dbcd3e7, L:/127.0.0.1:58460 - R:localhost/127.0.0.1:44423]
17:04:19.173 [Forwarding findElement on session 0f3202697f71e1b836480ab82cbb744f to remote] DEBUG org.asynchttpclient.netty.request.NettyRequestSender -- Using pooled Channel '[id: 0x2dbcd3e7, L:/127.0.0.1:58460 - R:localhost/127.0.0.1:44423]' for 'POST' to 'http://localhost:44423/session/0f3202697f71e1b836480ab82cbb744f/element'
17:04:19.173 [Forwarding findElement on session 0f3202697f71e1b836480ab82cbb744f to remote] DEBUG org.asynchttpclient.netty.request.NettyRequestSender -- Using open Channel [id: 0x2dbcd3e7, L:/127.0.0.1:58460 - R:localhost/127.0.0.1:44423] for POST '/session/0f3202697f71e1b836480ab82cbb744f/element'
17:04:19.198 [AsyncHttpClient-1-8] DEBUG org.asynchttpclient.netty.handler.HttpHandler -- 

Request DefaultHttpRequest(decodeResult: success, version: HTTP/1.1)
POST /session/0f3202697f71e1b836480ab82cbb744f/element HTTP/1.1
User-Agent: selenium/4.12.0 (java windows)
Content-Length: 214
Content-Type: application/json; charset=utf-8
host: localhost:44423
accept: */*

Response DefaultHttpResponse(decodeResult: success, version: HTTP/1.1)
HTTP/1.1 404 Not Found
Content-Length: 1131
Content-Type: application/json; charset=utf-8
cache-control: no-cache

17:04:19.198 [AsyncHttpClient-1-8] DEBUG org.asynchttpclient.netty.channel.ChannelManager -- Adding key: http://localhost:44423 for channel [id: 0x2dbcd3e7, L:/127.0.0.1:58460 - R:localhost/127.0.0.1:44423]
17:04:19.389 [AsyncHttpClient-1-1] DEBUG org.asynchttpclient.netty.channel.DefaultChannelPool -- Entry count for : http://localhost:58461 : 1
17:04:19.389 [AsyncHttpClient-1-1] DEBUG org.asynchttpclient.netty.channel.DefaultChannelPool -- Entry count for : http://localhost:44423 : 1
17:04:19.715 [Forwarding findElement on session 0f3202697f71e1b836480ab82cbb744f to remote] DEBUG org.asynchttpclient.netty.request.NettyRequestSender -- Using pooled Channel '[id: 0x2dbcd3e7, L:/127.0.0.1:58460 - R:localhost/127.0.0.1:44423]' for 'POST' to 'http://localhost:44423/session/0f3202697f71e1b836480ab82cbb744f/element'
17:04:19.716 [Forwarding findElement on session 0f3202697f71e1b836480ab82cbb744f to remote] DEBUG org.asynchttpclient.netty.request.NettyRequestSender -- Using open Channel [id: 0x2dbcd3e7, L:/127.0.0.1:58460 - R:localhost/127.0.0.1:44423] for POST '/session/0f3202697f71e1b836480ab82cbb744f/element'
17:04:19.734 [AsyncHttpClient-1-8] DEBUG org.asynchttpclient.netty.handler.HttpHandler -- 

Request DefaultHttpRequest(decodeResult: success, version: HTTP/1.1)
POST /session/0f3202697f71e1b836480ab82cbb744f/element HTTP/1.1
User-Agent: selenium/4.12.0 (java windows)
Content-Length: 214
Content-Type: application/json; charset=utf-8
host: localhost:44423
accept: */*

Response DefaultHttpResponse(decodeResult: success, version: HTTP/1.1)
HTTP/1.1 200 OK
Content-Length: 126
Content-Type: application/json; charset=utf-8
cache-control: no-cache

17:04:19.735 [AsyncHttpClient-1-8] DEBUG org.asynchttpclient.netty.channel.ChannelManager -- Adding key: http://localhost:44423 for channel [id: 0x2dbcd3e7, L:/127.0.0.1:58460 - R:localhost/127.0.0.1:44423]
17:04:19.736 [Forwarding findElement on session 0f3202697f71e1b836480ab82cbb744f to remote] DEBUG org.asynchttpclient.netty.request.NettyRequestSender -- Using pooled Channel '[id: 0x2dbcd3e7, L:/127.0.0.1:58460 - R:localhost/127.0.0.1:44423]' for 'POST' to 'http://localhost:44423/session/0f3202697f71e1b836480ab82cbb744f/element'
17:04:19.736 [Forwarding findElement on session 0f3202697f71e1b836480ab82cbb744f to remote] DEBUG org.asynchttpclient.netty.request.NettyRequestSender -- Using open Channel [id: 0x2dbcd3e7, L:/127.0.0.1:58460 - R:localhost/127.0.0.1:44423] for POST '/session/0f3202697f71e1b836480ab82cbb744f/element'
17:04:19.751 [AsyncHttpClient-1-8] DEBUG org.asynchttpclient.netty.handler.HttpHandler -- 

Request DefaultHttpRequest(decodeResult: success, version: HTTP/1.1)
POST /session/0f3202697f71e1b836480ab82cbb744f/element HTTP/1.1
User-Agent: selenium/4.12.0 (java windows)
Content-Length: 214
Content-Type: application/json; charset=utf-8
host: localhost:44423
accept: */*

Response DefaultHttpResponse(decodeResult: success, version: HTTP/1.1)
HTTP/1.1 200 OK
Content-Length: 126
Content-Type: application/json; charset=utf-8
cache-control: no-cache

17:04:19.751 [AsyncHttpClient-1-8] DEBUG org.asynchttpclient.netty.channel.ChannelManager -- Adding key: http://localhost:44423 for channel [id: 0x2dbcd3e7, L:/127.0.0.1:58460 - R:localhost/127.0.0.1:44423]
17:04:19.754 [Forwarding sendKeysToElement on session 0f3202697f71e1b836480ab82cbb744f to remote] DEBUG org.asynchttpclient.netty.request.NettyRequestSender -- Using pooled Channel '[id: 0x2dbcd3e7, L:/127.0.0.1:58460 - R:localhost/127.0.0.1:44423]' for 'POST' to 'http://localhost:44423/session/0f3202697f71e1b836480ab82cbb744f/element/f.AA2393F87C3CB0FE92A038B98886BDF7.d.3C8E47BF7262AD8EE3B08963B177DE70.e.42/value'
17:04:19.754 [Forwarding sendKeysToElement on session 0f3202697f71e1b836480ab82cbb744f to remote] DEBUG org.asynchttpclient.netty.request.NettyRequestSender -- Using open Channel [id: 0x2dbcd3e7, L:/127.0.0.1:58460 - R:localhost/127.0.0.1:44423] for POST '/session/0f3202697f71e1b836480ab82cbb744f/element/f.AA2393F87C3CB0FE92A038B98886BDF7.d.3C8E47BF7262AD8EE3B08963B177DE70.e.42/value'
17:04:19.903 [AsyncHttpClient-1-8] DEBUG org.asynchttpclient.netty.handler.HttpHandler -- 

Request DefaultHttpRequest(decodeResult: success, version: HTTP/1.1)
POST /session/0f3202697f71e1b836480ab82cbb744f/element/f.AA2393F87C3CB0FE92A038B98886BDF7.d.3C8E47BF7262AD8EE3B08963B177DE70.e.42/value HTTP/1.1
User-Agent: selenium/4.12.0 (java windows)
Content-Length: 219
Content-Type: application/json; charset=utf-8
host: localhost:44423
accept: */*

Response DefaultHttpResponse(decodeResult: success, version: HTTP/1.1)
HTTP/1.1 200 OK
Content-Length: 14
Content-Type: application/json; charset=utf-8
cache-control: no-cache

17:04:19.904 [AsyncHttpClient-1-8] DEBUG org.asynchttpclient.netty.channel.ChannelManager -- Adding key: http://localhost:44423 for channel [id: 0x2dbcd3e7, L:/127.0.0.1:58460 - R:localhost/127.0.0.1:44423]
17:04:19.905 [Forwarding findElement on session 0f3202697f71e1b836480ab82cbb744f to remote] DEBUG org.asynchttpclient.netty.request.NettyRequestSender -- Using pooled Channel '[id: 0x2dbcd3e7, L:/127.0.0.1:58460 - R:localhost/127.0.0.1:44423]' for 'POST' to 'http://localhost:44423/session/0f3202697f71e1b836480ab82cbb744f/element'
17:04:19.905 [Forwarding findElement on session 0f3202697f71e1b836480ab82cbb744f to remote] DEBUG org.asynchttpclient.netty.request.NettyRequestSender -- Using open Channel [id: 0x2dbcd3e7, L:/127.0.0.1:58460 - R:localhost/127.0.0.1:44423] for POST '/session/0f3202697f71e1b836480ab82cbb744f/element'
17:04:19.923 [AsyncHttpClient-1-8] DEBUG org.asynchttpclient.netty.handler.HttpHandler -- 

Request DefaultHttpRequest(decodeResult: success, version: HTTP/1.1)
POST /session/0f3202697f71e1b836480ab82cbb744f/element HTTP/1.1
User-Agent: selenium/4.12.0 (java windows)
Content-Length: 56
Content-Type: application/json; charset=utf-8
host: localhost:44423
accept: */*

Response DefaultHttpResponse(decodeResult: success, version: HTTP/1.1)
HTTP/1.1 200 OK
Content-Length: 126
Content-Type: application/json; charset=utf-8
cache-control: no-cache

17:04:19.923 [AsyncHttpClient-1-8] DEBUG org.asynchttpclient.netty.channel.ChannelManager -- Adding key: http://localhost:44423 for channel [id: 0x2dbcd3e7, L:/127.0.0.1:58460 - R:localhost/127.0.0.1:44423]
17:04:19.924 [Forwarding sendKeysToElement on session 0f3202697f71e1b836480ab82cbb744f to remote] DEBUG org.asynchttpclient.netty.request.NettyRequestSender -- Using pooled Channel '[id: 0x2dbcd3e7, L:/127.0.0.1:58460 - R:localhost/127.0.0.1:44423]' for 'POST' to 'http://localhost:44423/session/0f3202697f71e1b836480ab82cbb744f/element/f.AA2393F87C3CB0FE92A038B98886BDF7.d.3C8E47BF7262AD8EE3B08963B177DE70.e.43/value'
17:04:19.924 [Forwarding sendKeysToElement on session 0f3202697f71e1b836480ab82cbb744f to remote] DEBUG org.asynchttpclient.netty.request.NettyRequestSender -- Using open Channel [id: 0x2dbcd3e7, L:/127.0.0.1:58460 - R:localhost/127.0.0.1:44423] for POST '/session/0f3202697f71e1b836480ab82cbb744f/element/f.AA2393F87C3CB0FE92A038B98886BDF7.d.3C8E47BF7262AD8EE3B08963B177DE70.e.43/value'
17:04:19.997 [AsyncHttpClient-1-8] DEBUG org.asynchttpclient.netty.handler.HttpHandler -- 

Request DefaultHttpRequest(decodeResult: success, version: HTTP/1.1)
POST /session/0f3202697f71e1b836480ab82cbb744f/element/f.AA2393F87C3CB0FE92A038B98886BDF7.d.3C8E47BF7262AD8EE3B08963B177DE70.e.43/value HTTP/1.1
User-Agent: selenium/4.12.0 (java windows)
Content-Length: 219
Content-Type: application/json; charset=utf-8
host: localhost:44423
accept: */*

Response DefaultHttpResponse(decodeResult: success, version: HTTP/1.1)
HTTP/1.1 200 OK
Content-Length: 14
Content-Type: application/json; charset=utf-8
cache-control: no-cache

17:04:19.997 [AsyncHttpClient-1-8] DEBUG org.asynchttpclient.netty.channel.ChannelManager -- Adding key: http://localhost:44423 for channel [id: 0x2dbcd3e7, L:/127.0.0.1:58460 - R:localhost/127.0.0.1:44423]
17:04:19.998 [Forwarding findElement on session 0f3202697f71e1b836480ab82cbb744f to remote] DEBUG org.asynchttpclient.netty.request.NettyRequestSender -- Using pooled Channel '[id: 0x2dbcd3e7, L:/127.0.0.1:58460 - R:localhost/127.0.0.1:44423]' for 'POST' to 'http://localhost:44423/session/0f3202697f71e1b836480ab82cbb744f/element'
17:04:19.998 [Forwarding findElement on session 0f3202697f71e1b836480ab82cbb744f to remote] DEBUG org.asynchttpclient.netty.request.NettyRequestSender -- Using open Channel [id: 0x2dbcd3e7, L:/127.0.0.1:58460 - R:localhost/127.0.0.1:44423] for POST '/session/0f3202697f71e1b836480ab82cbb744f/element'
17:04:20.012 [AsyncHttpClient-1-8] DEBUG org.asynchttpclient.netty.handler.HttpHandler -- 

Request DefaultHttpRequest(decodeResult: success, version: HTTP/1.1)
POST /session/0f3202697f71e1b836480ab82cbb744f/element HTTP/1.1
User-Agent: selenium/4.12.0 (java windows)
Content-Length: 68
Content-Type: application/json; charset=utf-8
host: localhost:44423
accept: */*

Response DefaultHttpResponse(decodeResult: success, version: HTTP/1.1)
HTTP/1.1 200 OK
Content-Length: 126
Content-Type: application/json; charset=utf-8
cache-control: no-cache

17:04:20.012 [AsyncHttpClient-1-8] DEBUG org.asynchttpclient.netty.channel.ChannelManager -- Adding key: http://localhost:44423 for channel [id: 0x2dbcd3e7, L:/127.0.0.1:58460 - R:localhost/127.0.0.1:44423]
17:04:20.013 [Forwarding sendKeysToElement on session 0f3202697f71e1b836480ab82cbb744f to remote] DEBUG org.asynchttpclient.netty.request.NettyRequestSender -- Using pooled Channel '[id: 0x2dbcd3e7, L:/127.0.0.1:58460 - R:localhost/127.0.0.1:44423]' for 'POST' to 'http://localhost:44423/session/0f3202697f71e1b836480ab82cbb744f/element/f.AA2393F87C3CB0FE92A038B98886BDF7.d.3C8E47BF7262AD8EE3B08963B177DE70.e.44/value'
17:04:20.013 [Forwarding sendKeysToElement on session 0f3202697f71e1b836480ab82cbb744f to remote] DEBUG org.asynchttpclient.netty.request.NettyRequestSender -- Using open Channel [id: 0x2dbcd3e7, L:/127.0.0.1:58460 - R:localhost/127.0.0.1:44423] for POST '/session/0f3202697f71e1b836480ab82cbb744f/element/f.AA2393F87C3CB0FE92A038B98886BDF7.d.3C8E47BF7262AD8EE3B08963B177DE70.e.44/value'
17:04:20.088 [AsyncHttpClient-1-8] DEBUG org.asynchttpclient.netty.handler.HttpHandler -- 

Request DefaultHttpRequest(decodeResult: success, version: HTTP/1.1)
POST /session/0f3202697f71e1b836480ab82cbb744f/element/f.AA2393F87C3CB0FE92A038B98886BDF7.d.3C8E47BF7262AD8EE3B08963B177DE70.e.44/value HTTP/1.1
User-Agent: selenium/4.12.0 (java windows)
Content-Length: 219
Content-Type: application/json; charset=utf-8
host: localhost:44423
accept: */*

Response DefaultHttpResponse(decodeResult: success, version: HTTP/1.1)
HTTP/1.1 200 OK
Content-Length: 14
Content-Type: application/json; charset=utf-8
cache-control: no-cache

17:04:20.088 [AsyncHttpClient-1-8] DEBUG org.asynchttpclient.netty.channel.ChannelManager -- Adding key: http://localhost:44423 for channel [id: 0x2dbcd3e7, L:/127.0.0.1:58460 - R:localhost/127.0.0.1:44423]
17:04:20.090 [Forwarding findElement on session 0f3202697f71e1b836480ab82cbb744f to remote] DEBUG org.asynchttpclient.netty.request.NettyRequestSender -- Using pooled Channel '[id: 0x2dbcd3e7, L:/127.0.0.1:58460 - R:localhost/127.0.0.1:44423]' for 'POST' to 'http://localhost:44423/session/0f3202697f71e1b836480ab82cbb744f/element'
17:04:20.090 [Forwarding findElement on session 0f3202697f71e1b836480ab82cbb744f to remote] DEBUG org.asynchttpclient.netty.request.NettyRequestSender -- Using open Channel [id: 0x2dbcd3e7, L:/127.0.0.1:58460 - R:localhost/127.0.0.1:44423] for POST '/session/0f3202697f71e1b836480ab82cbb744f/element'
17:04:20.103 [AsyncHttpClient-1-8] DEBUG org.asynchttpclient.netty.handler.HttpHandler -- 

Request DefaultHttpRequest(decodeResult: success, version: HTTP/1.1)
POST /session/0f3202697f71e1b836480ab82cbb744f/element HTTP/1.1
User-Agent: selenium/4.12.0 (java windows)
Content-Length: 156
Content-Type: application/json; charset=utf-8
host: localhost:44423
accept: */*

Response DefaultHttpResponse(decodeResult: success, version: HTTP/1.1)
HTTP/1.1 200 OK
Content-Length: 126
Content-Type: application/json; charset=utf-8
cache-control: no-cache

17:04:20.103 [AsyncHttpClient-1-8] DEBUG org.asynchttpclient.netty.channel.ChannelManager -- Adding key: http://localhost:44423 for channel [id: 0x2dbcd3e7, L:/127.0.0.1:58460 - R:localhost/127.0.0.1:44423]
17:04:20.104 [Forwarding clickElement on session 0f3202697f71e1b836480ab82cbb744f to remote] DEBUG org.asynchttpclient.netty.request.NettyRequestSender -- Using pooled Channel '[id: 0x2dbcd3e7, L:/127.0.0.1:58460 - R:localhost/127.0.0.1:44423]' for 'POST' to 'http://localhost:44423/session/0f3202697f71e1b836480ab82cbb744f/element/f.AA2393F87C3CB0FE92A038B98886BDF7.d.3C8E47BF7262AD8EE3B08963B177DE70.e.60/click'
17:04:20.104 [Forwarding clickElement on session 0f3202697f71e1b836480ab82cbb744f to remote] DEBUG org.asynchttpclient.netty.request.NettyRequestSender -- Using open Channel [id: 0x2dbcd3e7, L:/127.0.0.1:58460 - R:localhost/127.0.0.1:44423] for POST '/session/0f3202697f71e1b836480ab82cbb744f/element/f.AA2393F87C3CB0FE92A038B98886BDF7.d.3C8E47BF7262AD8EE3B08963B177DE70.e.60/click'
17:04:20.173 [AsyncHttpClient-1-8] DEBUG org.asynchttpclient.netty.handler.HttpHandler -- 

Request DefaultHttpRequest(decodeResult: success, version: HTTP/1.1)
POST /session/0f3202697f71e1b836480ab82cbb744f/element/f.AA2393F87C3CB0FE92A038B98886BDF7.d.3C8E47BF7262AD8EE3B08963B177DE70.e.60/click HTTP/1.1
User-Agent: selenium/4.12.0 (java windows)
Content-Length: 88
Content-Type: application/json; charset=utf-8
host: localhost:44423
accept: */*

Response DefaultHttpResponse(decodeResult: success, version: HTTP/1.1)
HTTP/1.1 200 OK
Content-Length: 14
Content-Type: application/json; charset=utf-8
cache-control: no-cache

17:04:20.173 [AsyncHttpClient-1-8] DEBUG org.asynchttpclient.netty.channel.ChannelManager -- Adding key: http://localhost:44423 for channel [id: 0x2dbcd3e7, L:/127.0.0.1:58460 - R:localhost/127.0.0.1:44423]
[LOG] Waiting for the success message to appear...
17:04:20.176 [Forwarding findElement on session 0f3202697f71e1b836480ab82cbb744f to remote] DEBUG org.asynchttpclient.netty.request.NettyRequestSender -- Using pooled Channel '[id: 0x2dbcd3e7, L:/127.0.0.1:58460 - R:localhost/127.0.0.1:44423]' for 'POST' to 'http://localhost:44423/session/0f3202697f71e1b836480ab82cbb744f/element'
17:04:20.176 [Forwarding findElement on session 0f3202697f71e1b836480ab82cbb744f to remote] DEBUG org.asynchttpclient.netty.request.NettyRequestSender -- Using open Channel [id: 0x2dbcd3e7, L:/127.0.0.1:58460 - R:localhost/127.0.0.1:44423] for POST '/session/0f3202697f71e1b836480ab82cbb744f/element'
17:04:20.191 [AsyncHttpClient-1-8] DEBUG org.asynchttpclient.netty.handler.HttpHandler -- 

Request DefaultHttpRequest(decodeResult: success, version: HTTP/1.1)
POST /session/0f3202697f71e1b836480ab82cbb744f/element HTTP/1.1
User-Agent: selenium/4.12.0 (java windows)
Content-Length: 149
Content-Type: application/json; charset=utf-8
host: localhost:44423
accept: */*

Response DefaultHttpResponse(decodeResult: success, version: HTTP/1.1)
HTTP/1.1 404 Not Found
Content-Length: 1136
Content-Type: application/json; charset=utf-8
cache-control: no-cache

17:04:20.192 [AsyncHttpClient-1-8] DEBUG org.asynchttpclient.netty.channel.ChannelManager -- Adding key: http://localhost:44423 for channel [id: 0x2dbcd3e7, L:/127.0.0.1:58460 - R:localhost/127.0.0.1:44423]
17:04:20.490 [AsyncHttpClient-1-1] DEBUG org.asynchttpclient.netty.channel.DefaultChannelPool -- Entry count for : http://localhost:58461 : 1
17:04:20.490 [AsyncHttpClient-1-1] DEBUG org.asynchttpclient.netty.channel.DefaultChannelPool -- Entry count for : http://localhost:44423 : 1
17:04:20.702 [Forwarding findElement on session 0f3202697f71e1b836480ab82cbb744f to remote] DEBUG org.asynchttpclient.netty.request.NettyRequestSender -- Using pooled Channel '[id: 0x2dbcd3e7, L:/127.0.0.1:58460 - R:localhost/127.0.0.1:44423]' for 'POST' to 'http://localhost:44423/session/0f3202697f71e1b836480ab82cbb744f/element'
17:04:20.702 [Forwarding findElement on session 0f3202697f71e1b836480ab82cbb744f to remote] DEBUG org.asynchttpclient.netty.request.NettyRequestSender -- Using open Channel [id: 0x2dbcd3e7, L:/127.0.0.1:58460 - R:localhost/127.0.0.1:44423] for POST '/session/0f3202697f71e1b836480ab82cbb744f/element'
17:04:20.725 [AsyncHttpClient-1-8] DEBUG org.asynchttpclient.netty.handler.HttpHandler -- 

Request DefaultHttpRequest(decodeResult: success, version: HTTP/1.1)
POST /session/0f3202697f71e1b836480ab82cbb744f/element HTTP/1.1
User-Agent: selenium/4.12.0 (java windows)
Content-Length: 149
Content-Type: application/json; charset=utf-8
host: localhost:44423
accept: */*

Response DefaultHttpResponse(decodeResult: success, version: HTTP/1.1)
HTTP/1.1 404 Not Found
Content-Length: 1136
Content-Type: application/json; charset=utf-8
cache-control: no-cache

17:04:20.726 [AsyncHttpClient-1-8] DEBUG org.asynchttpclient.netty.channel.ChannelManager -- Adding key: http://localhost:44423 for channel [id: 0x2dbcd3e7, L:/127.0.0.1:58460 - R:localhost/127.0.0.1:44423]
17:04:21.243 [Forwarding findElement on session 0f3202697f71e1b836480ab82cbb744f to remote] DEBUG org.asynchttpclient.netty.request.NettyRequestSender -- Using pooled Channel '[id: 0x2dbcd3e7, L:/127.0.0.1:58460 - R:localhost/127.0.0.1:44423]' for 'POST' to 'http://localhost:44423/session/0f3202697f71e1b836480ab82cbb744f/element'
17:04:21.244 [Forwarding findElement on session 0f3202697f71e1b836480ab82cbb744f to remote] DEBUG org.asynchttpclient.netty.request.NettyRequestSender -- Using open Channel [id: 0x2dbcd3e7, L:/127.0.0.1:58460 - R:localhost/127.0.0.1:44423] for POST '/session/0f3202697f71e1b836480ab82cbb744f/element'
17:04:21.267 [AsyncHttpClient-1-8] DEBUG org.asynchttpclient.netty.handler.HttpHandler -- 

Request DefaultHttpRequest(decodeResult: success, version: HTTP/1.1)
POST /session/0f3202697f71e1b836480ab82cbb744f/element HTTP/1.1
User-Agent: selenium/4.12.0 (java windows)
Content-Length: 149
Content-Type: application/json; charset=utf-8
host: localhost:44423
accept: */*

Response DefaultHttpResponse(decodeResult: success, version: HTTP/1.1)
HTTP/1.1 404 Not Found
Content-Length: 1136
Content-Type: application/json; charset=utf-8
cache-control: no-cache

17:04:21.267 [AsyncHttpClient-1-8] DEBUG org.asynchttpclient.netty.channel.ChannelManager -- Adding key: http://localhost:44423 for channel [id: 0x2dbcd3e7, L:/127.0.0.1:58460 - R:localhost/127.0.0.1:44423]
17:04:21.597 [AsyncHttpClient-1-1] DEBUG org.asynchttpclient.netty.channel.DefaultChannelPool -- Entry count for : http://localhost:58461 : 1
17:04:21.597 [AsyncHttpClient-1-1] DEBUG org.asynchttpclient.netty.channel.DefaultChannelPool -- Entry count for : http://localhost:44423 : 1
17:04:21.784 [Forwarding findElement on session 0f3202697f71e1b836480ab82cbb744f to remote] DEBUG org.asynchttpclient.netty.request.NettyRequestSender -- Using pooled Channel '[id: 0x2dbcd3e7, L:/127.0.0.1:58460 - R:localhost/127.0.0.1:44423]' for 'POST' to 'http://localhost:44423/session/0f3202697f71e1b836480ab82cbb744f/element'
17:04:21.784 [Forwarding findElement on session 0f3202697f71e1b836480ab82cbb744f to remote] DEBUG org.asynchttpclient.netty.request.NettyRequestSender -- Using open Channel [id: 0x2dbcd3e7, L:/127.0.0.1:58460 - R:localhost/127.0.0.1:44423] for POST '/session/0f3202697f71e1b836480ab82cbb744f/element'
17:04:21.803 [AsyncHttpClient-1-8] DEBUG org.asynchttpclient.netty.handler.HttpHandler -- 

Request DefaultHttpRequest(decodeResult: success, version: HTTP/1.1)
POST /session/0f3202697f71e1b836480ab82cbb744f/element HTTP/1.1
User-Agent: selenium/4.12.0 (java windows)
Content-Length: 149
Content-Type: application/json; charset=utf-8
host: localhost:44423
accept: */*

Response DefaultHttpResponse(decodeResult: success, version: HTTP/1.1)
HTTP/1.1 404 Not Found
Content-Length: 1136
Content-Type: application/json; charset=utf-8
cache-control: no-cache

17:04:21.803 [AsyncHttpClient-1-8] DEBUG org.asynchttpclient.netty.channel.ChannelManager -- Adding key: http://localhost:44423 for channel [id: 0x2dbcd3e7, L:/127.0.0.1:58460 - R:localhost/127.0.0.1:44423]
17:04:22.311 [Forwarding findElement on session 0f3202697f71e1b836480ab82cbb744f to remote] DEBUG org.asynchttpclient.netty.request.NettyRequestSender -- Using pooled Channel '[id: 0x2dbcd3e7, L:/127.0.0.1:58460 - R:localhost/127.0.0.1:44423]' for 'POST' to 'http://localhost:44423/session/0f3202697f71e1b836480ab82cbb744f/element'
17:04:22.311 [Forwarding findElement on session 0f3202697f71e1b836480ab82cbb744f to remote] DEBUG org.asynchttpclient.netty.request.NettyRequestSender -- Using open Channel [id: 0x2dbcd3e7, L:/127.0.0.1:58460 - R:localhost/127.0.0.1:44423] for POST '/session/0f3202697f71e1b836480ab82cbb744f/element'
17:04:22.332 [AsyncHttpClient-1-8] DEBUG org.asynchttpclient.netty.handler.HttpHandler -- 

Request DefaultHttpRequest(decodeResult: success, version: HTTP/1.1)
POST /session/0f3202697f71e1b836480ab82cbb744f/element HTTP/1.1
User-Agent: selenium/4.12.0 (java windows)
Content-Length: 149
Content-Type: application/json; charset=utf-8
host: localhost:44423
accept: */*

Response DefaultHttpResponse(decodeResult: success, version: HTTP/1.1)
HTTP/1.1 404 Not Found
Content-Length: 1136
Content-Type: application/json; charset=utf-8
cache-control: no-cache

17:04:22.332 [AsyncHttpClient-1-8] DEBUG org.asynchttpclient.netty.channel.ChannelManager -- Adding key: http://localhost:44423 for channel [id: 0x2dbcd3e7, L:/127.0.0.1:58460 - R:localhost/127.0.0.1:44423]
17:04:22.699 [AsyncHttpClient-1-1] DEBUG org.asynchttpclient.netty.channel.DefaultChannelPool -- Entry count for : http://localhost:58461 : 1
17:04:22.699 [AsyncHttpClient-1-1] DEBUG org.asynchttpclient.netty.channel.DefaultChannelPool -- Entry count for : http://localhost:44423 : 1
17:04:22.841 [Forwarding findElement on session 0f3202697f71e1b836480ab82cbb744f to remote] DEBUG org.asynchttpclient.netty.request.NettyRequestSender -- Using pooled Channel '[id: 0x2dbcd3e7, L:/127.0.0.1:58460 - R:localhost/127.0.0.1:44423]' for 'POST' to 'http://localhost:44423/session/0f3202697f71e1b836480ab82cbb744f/element'
17:04:22.841 [Forwarding findElement on session 0f3202697f71e1b836480ab82cbb744f to remote] DEBUG org.asynchttpclient.netty.request.NettyRequestSender -- Using open Channel [id: 0x2dbcd3e7, L:/127.0.0.1:58460 - R:localhost/127.0.0.1:44423] for POST '/session/0f3202697f71e1b836480ab82cbb744f/element'
17:04:22.857 [AsyncHttpClient-1-8] DEBUG org.asynchttpclient.netty.handler.HttpHandler -- 

Request DefaultHttpRequest(decodeResult: success, version: HTTP/1.1)
POST /session/0f3202697f71e1b836480ab82cbb744f/element HTTP/1.1
User-Agent: selenium/4.12.0 (java windows)
Content-Length: 149
Content-Type: application/json; charset=utf-8
host: localhost:44423
accept: */*

Response DefaultHttpResponse(decodeResult: success, version: HTTP/1.1)
HTTP/1.1 404 Not Found
Content-Length: 1136
Content-Type: application/json; charset=utf-8
cache-control: no-cache

17:04:22.857 [AsyncHttpClient-1-8] DEBUG org.asynchttpclient.netty.channel.ChannelManager -- Adding key: http://localhost:44423 for channel [id: 0x2dbcd3e7, L:/127.0.0.1:58460 - R:localhost/127.0.0.1:44423]
17:04:23.368 [Forwarding findElement on session 0f3202697f71e1b836480ab82cbb744f to remote] DEBUG org.asynchttpclient.netty.request.NettyRequestSender -- Using pooled Channel '[id: 0x2dbcd3e7, L:/127.0.0.1:58460 - R:localhost/127.0.0.1:44423]' for 'POST' to 'http://localhost:44423/session/0f3202697f71e1b836480ab82cbb744f/element'
17:04:23.368 [Forwarding findElement on session 0f3202697f71e1b836480ab82cbb744f to remote] DEBUG org.asynchttpclient.netty.request.NettyRequestSender -- Using open Channel [id: 0x2dbcd3e7, L:/127.0.0.1:58460 - R:localhost/127.0.0.1:44423] for POST '/session/0f3202697f71e1b836480ab82cbb744f/element'
17:04:23.390 [AsyncHttpClient-1-8] DEBUG org.asynchttpclient.netty.handler.HttpHandler -- 

Request DefaultHttpRequest(decodeResult: success, version: HTTP/1.1)
POST /session/0f3202697f71e1b836480ab82cbb744f/element HTTP/1.1
User-Agent: selenium/4.12.0 (java windows)
Content-Length: 149
Content-Type: application/json; charset=utf-8
host: localhost:44423
accept: */*

Response DefaultHttpResponse(decodeResult: success, version: HTTP/1.1)
HTTP/1.1 404 Not Found
Content-Length: 1136
Content-Type: application/json; charset=utf-8
cache-control: no-cache

17:04:23.390 [AsyncHttpClient-1-8] DEBUG org.asynchttpclient.netty.channel.ChannelManager -- Adding key: http://localhost:44423 for channel [id: 0x2dbcd3e7, L:/127.0.0.1:58460 - R:localhost/127.0.0.1:44423]
17:04:23.790 [AsyncHttpClient-1-1] DEBUG org.asynchttpclient.netty.channel.DefaultChannelPool -- Entry count for : http://localhost:58461 : 1
17:04:23.790 [AsyncHttpClient-1-1] DEBUG org.asynchttpclient.netty.channel.DefaultChannelPool -- Entry count for : http://localhost:44423 : 1
17:04:23.899 [Forwarding findElement on session 0f3202697f71e1b836480ab82cbb744f to remote] DEBUG org.asynchttpclient.netty.request.NettyRequestSender -- Using pooled Channel '[id: 0x2dbcd3e7, L:/127.0.0.1:58460 - R:localhost/127.0.0.1:44423]' for 'POST' to 'http://localhost:44423/session/0f3202697f71e1b836480ab82cbb744f/element'
17:04:23.899 [Forwarding findElement on session 0f3202697f71e1b836480ab82cbb744f to remote] DEBUG org.asynchttpclient.netty.request.NettyRequestSender -- Using open Channel [id: 0x2dbcd3e7, L:/127.0.0.1:58460 - R:localhost/127.0.0.1:44423] for POST '/session/0f3202697f71e1b836480ab82cbb744f/element'
17:04:23.923 [AsyncHttpClient-1-8] DEBUG org.asynchttpclient.netty.handler.HttpHandler -- 

Request DefaultHttpRequest(decodeResult: success, version: HTTP/1.1)
POST /session/0f3202697f71e1b836480ab82cbb744f/element HTTP/1.1
User-Agent: selenium/4.12.0 (java windows)
Content-Length: 149
Content-Type: application/json; charset=utf-8
host: localhost:44423
accept: */*

Response DefaultHttpResponse(decodeResult: success, version: HTTP/1.1)
HTTP/1.1 404 Not Found
Content-Length: 1136
Content-Type: application/json; charset=utf-8
cache-control: no-cache

17:04:23.923 [AsyncHttpClient-1-8] DEBUG org.asynchttpclient.netty.channel.ChannelManager -- Adding key: http://localhost:44423 for channel [id: 0x2dbcd3e7, L:/127.0.0.1:58460 - R:localhost/127.0.0.1:44423]
17:04:24.426 [Forwarding findElement on session 0f3202697f71e1b836480ab82cbb744f to remote] DEBUG org.asynchttpclient.netty.request.NettyRequestSender -- Using pooled Channel '[id: 0x2dbcd3e7, L:/127.0.0.1:58460 - R:localhost/127.0.0.1:44423]' for 'POST' to 'http://localhost:44423/session/0f3202697f71e1b836480ab82cbb744f/element'
17:04:24.426 [Forwarding findElement on session 0f3202697f71e1b836480ab82cbb744f to remote] DEBUG org.asynchttpclient.netty.request.NettyRequestSender -- Using open Channel [id: 0x2dbcd3e7, L:/127.0.0.1:58460 - R:localhost/127.0.0.1:44423] for POST '/session/0f3202697f71e1b836480ab82cbb744f/element'
17:04:24.449 [AsyncHttpClient-1-8] DEBUG org.asynchttpclient.netty.handler.HttpHandler -- 

Request DefaultHttpRequest(decodeResult: success, version: HTTP/1.1)
POST /session/0f3202697f71e1b836480ab82cbb744f/element HTTP/1.1
User-Agent: selenium/4.12.0 (java windows)
Content-Length: 149
Content-Type: application/json; charset=utf-8
host: localhost:44423
accept: */*

Response DefaultHttpResponse(decodeResult: success, version: HTTP/1.1)
HTTP/1.1 404 Not Found
Content-Length: 1136
Content-Type: application/json; charset=utf-8
cache-control: no-cache

17:04:24.449 [AsyncHttpClient-1-8] DEBUG org.asynchttpclient.netty.channel.ChannelManager -- Adding key: http://localhost:44423 for channel [id: 0x2dbcd3e7, L:/127.0.0.1:58460 - R:localhost/127.0.0.1:44423]
17:04:24.891 [AsyncHttpClient-1-1] DEBUG org.asynchttpclient.netty.channel.DefaultChannelPool -- Entry count for : http://localhost:58461 : 1
17:04:24.891 [AsyncHttpClient-1-1] DEBUG org.asynchttpclient.netty.channel.DefaultChannelPool -- Entry count for : http://localhost:44423 : 1
17:04:24.954 [Forwarding findElement on session 0f3202697f71e1b836480ab82cbb744f to remote] DEBUG org.asynchttpclient.netty.request.NettyRequestSender -- Using pooled Channel '[id: 0x2dbcd3e7, L:/127.0.0.1:58460 - R:localhost/127.0.0.1:44423]' for 'POST' to 'http://localhost:44423/session/0f3202697f71e1b836480ab82cbb744f/element'
17:04:24.954 [Forwarding findElement on session 0f3202697f71e1b836480ab82cbb744f to remote] DEBUG org.asynchttpclient.netty.request.NettyRequestSender -- Using open Channel [id: 0x2dbcd3e7, L:/127.0.0.1:58460 - R:localhost/127.0.0.1:44423] for POST '/session/0f3202697f71e1b836480ab82cbb744f/element'
17:04:24.978 [AsyncHttpClient-1-8] DEBUG org.asynchttpclient.netty.handler.HttpHandler -- 

Request DefaultHttpRequest(decodeResult: success, version: HTTP/1.1)
POST /session/0f3202697f71e1b836480ab82cbb744f/element HTTP/1.1
User-Agent: selenium/4.12.0 (java windows)
Content-Length: 149
Content-Type: application/json; charset=utf-8
host: localhost:44423
accept: */*

Response DefaultHttpResponse(decodeResult: success, version: HTTP/1.1)
HTTP/1.1 404 Not Found
Content-Length: 1136
Content-Type: application/json; charset=utf-8
cache-control: no-cache

17:04:24.979 [AsyncHttpClient-1-8] DEBUG org.asynchttpclient.netty.channel.ChannelManager -- Adding key: http://localhost:44423 for channel [id: 0x2dbcd3e7, L:/127.0.0.1:58460 - R:localhost/127.0.0.1:44423]
17:04:25.492 [Forwarding findElement on session 0f3202697f71e1b836480ab82cbb744f to remote] DEBUG org.asynchttpclient.netty.request.NettyRequestSender -- Using pooled Channel '[id: 0x2dbcd3e7, L:/127.0.0.1:58460 - R:localhost/127.0.0.1:44423]' for 'POST' to 'http://localhost:44423/session/0f3202697f71e1b836480ab82cbb744f/element'
17:04:25.492 [Forwarding findElement on session 0f3202697f71e1b836480ab82cbb744f to remote] DEBUG org.asynchttpclient.netty.request.NettyRequestSender -- Using open Channel [id: 0x2dbcd3e7, L:/127.0.0.1:58460 - R:localhost/127.0.0.1:44423] for POST '/session/0f3202697f71e1b836480ab82cbb744f/element'
17:04:25.506 [AsyncHttpClient-1-8] DEBUG org.asynchttpclient.netty.handler.HttpHandler -- 

Request DefaultHttpRequest(decodeResult: success, version: HTTP/1.1)
POST /session/0f3202697f71e1b836480ab82cbb744f/element HTTP/1.1
User-Agent: selenium/4.12.0 (java windows)
Content-Length: 149
Content-Type: application/json; charset=utf-8
host: localhost:44423
accept: */*

Response DefaultHttpResponse(decodeResult: success, version: HTTP/1.1)
HTTP/1.1 404 Not Found
Content-Length: 1136
Content-Type: application/json; charset=utf-8
cache-control: no-cache

17:04:25.506 [AsyncHttpClient-1-8] DEBUG org.asynchttpclient.netty.channel.ChannelManager -- Adding key: http://localhost:44423 for channel [id: 0x2dbcd3e7, L:/127.0.0.1:58460 - R:localhost/127.0.0.1:44423]
17:04:26.001 [AsyncHttpClient-1-1] DEBUG org.asynchttpclient.netty.channel.DefaultChannelPool -- Entry count for : http://localhost:58461 : 1
17:04:26.001 [AsyncHttpClient-1-1] DEBUG org.asynchttpclient.netty.channel.DefaultChannelPool -- Entry count for : http://localhost:44423 : 1
17:04:26.017 [Forwarding findElement on session 0f3202697f71e1b836480ab82cbb744f to remote] DEBUG org.asynchttpclient.netty.request.NettyRequestSender -- Using pooled Channel '[id: 0x2dbcd3e7, L:/127.0.0.1:58460 - R:localhost/127.0.0.1:44423]' for 'POST' to 'http://localhost:44423/session/0f3202697f71e1b836480ab82cbb744f/element'
17:04:26.018 [Forwarding findElement on session 0f3202697f71e1b836480ab82cbb744f to remote] DEBUG org.asynchttpclient.netty.request.NettyRequestSender -- Using open Channel [id: 0x2dbcd3e7, L:/127.0.0.1:58460 - R:localhost/127.0.0.1:44423] for POST '/session/0f3202697f71e1b836480ab82cbb744f/element'
17:04:26.042 [AsyncHttpClient-1-8] DEBUG org.asynchttpclient.netty.handler.HttpHandler -- 

Request DefaultHttpRequest(decodeResult: success, version: HTTP/1.1)
POST /session/0f3202697f71e1b836480ab82cbb744f/element HTTP/1.1
User-Agent: selenium/4.12.0 (java windows)
Content-Length: 149
Content-Type: application/json; charset=utf-8
host: localhost:44423
accept: */*

Response DefaultHttpResponse(decodeResult: success, version: HTTP/1.1)
HTTP/1.1 404 Not Found
Content-Length: 1136
Content-Type: application/json; charset=utf-8
cache-control: no-cache

17:04:26.043 [AsyncHttpClient-1-8] DEBUG org.asynchttpclient.netty.channel.ChannelManager -- Adding key: http://localhost:44423 for channel [id: 0x2dbcd3e7, L:/127.0.0.1:58460 - R:localhost/127.0.0.1:44423]
17:04:26.556 [Forwarding findElement on session 0f3202697f71e1b836480ab82cbb744f to remote] DEBUG org.asynchttpclient.netty.request.NettyRequestSender -- Using pooled Channel '[id: 0x2dbcd3e7, L:/127.0.0.1:58460 - R:localhost/127.0.0.1:44423]' for 'POST' to 'http://localhost:44423/session/0f3202697f71e1b836480ab82cbb744f/element'
17:04:26.556 [Forwarding findElement on session 0f3202697f71e1b836480ab82cbb744f to remote] DEBUG org.asynchttpclient.netty.request.NettyRequestSender -- Using open Channel [id: 0x2dbcd3e7, L:/127.0.0.1:58460 - R:localhost/127.0.0.1:44423] for POST '/session/0f3202697f71e1b836480ab82cbb744f/element'
17:04:26.566 [AsyncHttpClient-1-8] DEBUG org.asynchttpclient.netty.handler.HttpHandler -- 

Request DefaultHttpRequest(decodeResult: success, version: HTTP/1.1)
POST /session/0f3202697f71e1b836480ab82cbb744f/element HTTP/1.1
User-Agent: selenium/4.12.0 (java windows)
Content-Length: 149
Content-Type: application/json; charset=utf-8
host: localhost:44423
accept: */*

Response DefaultHttpResponse(decodeResult: success, version: HTTP/1.1)
HTTP/1.1 404 Not Found
Content-Length: 1136
Content-Type: application/json; charset=utf-8
cache-control: no-cache

17:04:26.566 [AsyncHttpClient-1-8] DEBUG org.asynchttpclient.netty.channel.ChannelManager -- Adding key: http://localhost:44423 for channel [id: 0x2dbcd3e7, L:/127.0.0.1:58460 - R:localhost/127.0.0.1:44423]
17:04:27.077 [Forwarding findElement on session 0f3202697f71e1b836480ab82cbb744f to remote] DEBUG org.asynchttpclient.netty.request.NettyRequestSender -- Using pooled Channel '[id: 0x2dbcd3e7, L:/127.0.0.1:58460 - R:localhost/127.0.0.1:44423]' for 'POST' to 'http://localhost:44423/session/0f3202697f71e1b836480ab82cbb744f/element'
17:04:27.077 [Forwarding findElement on session 0f3202697f71e1b836480ab82cbb744f to remote] DEBUG org.asynchttpclient.netty.request.NettyRequestSender -- Using open Channel [id: 0x2dbcd3e7, L:/127.0.0.1:58460 - R:localhost/127.0.0.1:44423] for POST '/session/0f3202697f71e1b836480ab82cbb744f/element'
17:04:27.091 [AsyncHttpClient-1-8] DEBUG org.asynchttpclient.netty.handler.HttpHandler -- 

Request DefaultHttpRequest(decodeResult: success, version: HTTP/1.1)
POST /session/0f3202697f71e1b836480ab82cbb744f/element HTTP/1.1
User-Agent: selenium/4.12.0 (java windows)
Content-Length: 149
Content-Type: application/json; charset=utf-8
host: localhost:44423
accept: */*

Response DefaultHttpResponse(decodeResult: success, version: HTTP/1.1)
HTTP/1.1 404 Not Found
Content-Length: 1136
Content-Type: application/json; charset=utf-8
cache-control: no-cache

17:04:27.091 [AsyncHttpClient-1-8] DEBUG org.asynchttpclient.netty.channel.ChannelManager -- Adding key: http://localhost:44423 for channel [id: 0x2dbcd3e7, L:/127.0.0.1:58460 - R:localhost/127.0.0.1:44423]
17:04:27.092 [AsyncHttpClient-1-1] DEBUG org.asynchttpclient.netty.channel.DefaultChannelPool -- Entry count for : http://localhost:58461 : 1
17:04:27.092 [AsyncHttpClient-1-1] DEBUG org.asynchttpclient.netty.channel.DefaultChannelPool -- Entry count for : http://localhost:44423 : 1
17:04:27.600 [Forwarding findElement on session 0f3202697f71e1b836480ab82cbb744f to remote] DEBUG org.asynchttpclient.netty.request.NettyRequestSender -- Using pooled Channel '[id: 0x2dbcd3e7, L:/127.0.0.1:58460 - R:localhost/127.0.0.1:44423]' for 'POST' to 'http://localhost:44423/session/0f3202697f71e1b836480ab82cbb744f/element'
17:04:27.600 [Forwarding findElement on session 0f3202697f71e1b836480ab82cbb744f to remote] DEBUG org.asynchttpclient.netty.request.NettyRequestSender -- Using open Channel [id: 0x2dbcd3e7, L:/127.0.0.1:58460 - R:localhost/127.0.0.1:44423] for POST '/session/0f3202697f71e1b836480ab82cbb744f/element'
17:04:27.631 [AsyncHttpClient-1-8] DEBUG org.asynchttpclient.netty.handler.HttpHandler -- 

Request DefaultHttpRequest(decodeResult: success, version: HTTP/1.1)
POST /session/0f3202697f71e1b836480ab82cbb744f/element HTTP/1.1
User-Agent: selenium/4.12.0 (java windows)
Content-Length: 149
Content-Type: application/json; charset=utf-8
host: localhost:44423
accept: */*

Response DefaultHttpResponse(decodeResult: success, version: HTTP/1.1)
HTTP/1.1 404 Not Found
Content-Length: 1136
Content-Type: application/json; charset=utf-8
cache-control: no-cache

17:04:27.631 [AsyncHttpClient-1-8] DEBUG org.asynchttpclient.netty.channel.ChannelManager -- Adding key: http://localhost:44423 for channel [id: 0x2dbcd3e7, L:/127.0.0.1:58460 - R:localhost/127.0.0.1:44423]
17:04:28.141 [Forwarding findElement on session 0f3202697f71e1b836480ab82cbb744f to remote] DEBUG org.asynchttpclient.netty.request.NettyRequestSender -- Using pooled Channel '[id: 0x2dbcd3e7, L:/127.0.0.1:58460 - R:localhost/127.0.0.1:44423]' for 'POST' to 'http://localhost:44423/session/0f3202697f71e1b836480ab82cbb744f/element'
17:04:28.142 [Forwarding findElement on session 0f3202697f71e1b836480ab82cbb744f to remote] DEBUG org.asynchttpclient.netty.request.NettyRequestSender -- Using open Channel [id: 0x2dbcd3e7, L:/127.0.0.1:58460 - R:localhost/127.0.0.1:44423] for POST '/session/0f3202697f71e1b836480ab82cbb744f/element'
17:04:28.156 [AsyncHttpClient-1-8] DEBUG org.asynchttpclient.netty.handler.HttpHandler -- 

Request DefaultHttpRequest(decodeResult: success, version: HTTP/1.1)
POST /session/0f3202697f71e1b836480ab82cbb744f/element HTTP/1.1
User-Agent: selenium/4.12.0 (java windows)
Content-Length: 149
Content-Type: application/json; charset=utf-8
host: localhost:44423
accept: */*

Response DefaultHttpResponse(decodeResult: success, version: HTTP/1.1)
HTTP/1.1 404 Not Found
Content-Length: 1136
Content-Type: application/json; charset=utf-8
cache-control: no-cache

17:04:28.156 [AsyncHttpClient-1-8] DEBUG org.asynchttpclient.netty.channel.ChannelManager -- Adding key: http://localhost:44423 for channel [id: 0x2dbcd3e7, L:/127.0.0.1:58460 - R:localhost/127.0.0.1:44423]
17:04:28.201 [AsyncHttpClient-1-1] DEBUG org.asynchttpclient.netty.channel.DefaultChannelPool -- Entry count for : http://localhost:58461 : 1
17:04:28.201 [AsyncHttpClient-1-1] DEBUG org.asynchttpclient.netty.channel.DefaultChannelPool -- Entry count for : http://localhost:44423 : 1
17:04:28.666 [Forwarding findElement on session 0f3202697f71e1b836480ab82cbb744f to remote] DEBUG org.asynchttpclient.netty.request.NettyRequestSender -- Using pooled Channel '[id: 0x2dbcd3e7, L:/127.0.0.1:58460 - R:localhost/127.0.0.1:44423]' for 'POST' to 'http://localhost:44423/session/0f3202697f71e1b836480ab82cbb744f/element'
17:04:28.667 [Forwarding findElement on session 0f3202697f71e1b836480ab82cbb744f to remote] DEBUG org.asynchttpclient.netty.request.NettyRequestSender -- Using open Channel [id: 0x2dbcd3e7, L:/127.0.0.1:58460 - R:localhost/127.0.0.1:44423] for POST '/session/0f3202697f71e1b836480ab82cbb744f/element'
17:04:28.695 [AsyncHttpClient-1-8] DEBUG org.asynchttpclient.netty.handler.HttpHandler -- 

Request DefaultHttpRequest(decodeResult: success, version: HTTP/1.1)
POST /session/0f3202697f71e1b836480ab82cbb744f/element HTTP/1.1
User-Agent: selenium/4.12.0 (java windows)
Content-Length: 149
Content-Type: application/json; charset=utf-8
host: localhost:44423
accept: */*

Response DefaultHttpResponse(decodeResult: success, version: HTTP/1.1)
HTTP/1.1 404 Not Found
Content-Length: 1136
Content-Type: application/json; charset=utf-8
cache-control: no-cache

17:04:28.695 [AsyncHttpClient-1-8] DEBUG org.asynchttpclient.netty.channel.ChannelManager -- Adding key: http://localhost:44423 for channel [id: 0x2dbcd3e7, L:/127.0.0.1:58460 - R:localhost/127.0.0.1:44423]
17:04:29.206 [Forwarding findElement on session 0f3202697f71e1b836480ab82cbb744f to remote] DEBUG org.asynchttpclient.netty.request.NettyRequestSender -- Using pooled Channel '[id: 0x2dbcd3e7, L:/127.0.0.1:58460 - R:localhost/127.0.0.1:44423]' for 'POST' to 'http://localhost:44423/session/0f3202697f71e1b836480ab82cbb744f/element'
17:04:29.206 [Forwarding findElement on session 0f3202697f71e1b836480ab82cbb744f to remote] DEBUG org.asynchttpclient.netty.request.NettyRequestSender -- Using open Channel [id: 0x2dbcd3e7, L:/127.0.0.1:58460 - R:localhost/127.0.0.1:44423] for POST '/session/0f3202697f71e1b836480ab82cbb744f/element'
17:04:29.231 [AsyncHttpClient-1-8] DEBUG org.asynchttpclient.netty.handler.HttpHandler -- 

Request DefaultHttpRequest(decodeResult: success, version: HTTP/1.1)
POST /session/0f3202697f71e1b836480ab82cbb744f/element HTTP/1.1
User-Agent: selenium/4.12.0 (java windows)
Content-Length: 149
Content-Type: application/json; charset=utf-8
host: localhost:44423
accept: */*

Response DefaultHttpResponse(decodeResult: success, version: HTTP/1.1)
HTTP/1.1 404 Not Found
Content-Length: 1136
Content-Type: application/json; charset=utf-8
cache-control: no-cache

17:04:29.231 [AsyncHttpClient-1-8] DEBUG org.asynchttpclient.netty.channel.ChannelManager -- Adding key: http://localhost:44423 for channel [id: 0x2dbcd3e7, L:/127.0.0.1:58460 - R:localhost/127.0.0.1:44423]
17:04:29.299 [AsyncHttpClient-1-1] DEBUG org.asynchttpclient.netty.channel.DefaultChannelPool -- Entry count for : http://localhost:58461 : 1
17:04:29.299 [AsyncHttpClient-1-1] DEBUG org.asynchttpclient.netty.channel.DefaultChannelPool -- Entry count for : http://localhost:44423 : 1
17:04:29.748 [Forwarding findElement on session 0f3202697f71e1b836480ab82cbb744f to remote] DEBUG org.asynchttpclient.netty.request.NettyRequestSender -- Using pooled Channel '[id: 0x2dbcd3e7, L:/127.0.0.1:58460 - R:localhost/127.0.0.1:44423]' for 'POST' to 'http://localhost:44423/session/0f3202697f71e1b836480ab82cbb744f/element'
17:04:29.748 [Forwarding findElement on session 0f3202697f71e1b836480ab82cbb744f to remote] DEBUG org.asynchttpclient.netty.request.NettyRequestSender -- Using open Channel [id: 0x2dbcd3e7, L:/127.0.0.1:58460 - R:localhost/127.0.0.1:44423] for POST '/session/0f3202697f71e1b836480ab82cbb744f/element'
17:04:29.768 [AsyncHttpClient-1-8] DEBUG org.asynchttpclient.netty.handler.HttpHandler -- 

Request DefaultHttpRequest(decodeResult: success, version: HTTP/1.1)
POST /session/0f3202697f71e1b836480ab82cbb744f/element HTTP/1.1
User-Agent: selenium/4.12.0 (java windows)
Content-Length: 149
Content-Type: application/json; charset=utf-8
host: localhost:44423
accept: */*

Response DefaultHttpResponse(decodeResult: success, version: HTTP/1.1)
HTTP/1.1 404 Not Found
Content-Length: 1136
Content-Type: application/json; charset=utf-8
cache-control: no-cache

17:04:29.769 [AsyncHttpClient-1-8] DEBUG org.asynchttpclient.netty.channel.ChannelManager -- Adding key: http://localhost:44423 for channel [id: 0x2dbcd3e7, L:/127.0.0.1:58460 - R:localhost/127.0.0.1:44423]
17:04:30.280 [Forwarding findElement on session 0f3202697f71e1b836480ab82cbb744f to remote] DEBUG org.asynchttpclient.netty.request.NettyRequestSender -- Using pooled Channel '[id: 0x2dbcd3e7, L:/127.0.0.1:58460 - R:localhost/127.0.0.1:44423]' for 'POST' to 'http://localhost:44423/session/0f3202697f71e1b836480ab82cbb744f/element'
17:04:30.280 [Forwarding findElement on session 0f3202697f71e1b836480ab82cbb744f to remote] DEBUG org.asynchttpclient.netty.request.NettyRequestSender -- Using open Channel [id: 0x2dbcd3e7, L:/127.0.0.1:58460 - R:localhost/127.0.0.1:44423] for POST '/session/0f3202697f71e1b836480ab82cbb744f/element'
17:04:30.321 [AsyncHttpClient-1-8] DEBUG org.asynchttpclient.netty.handler.HttpHandler -- 

Request DefaultHttpRequest(decodeResult: success, version: HTTP/1.1)
POST /session/0f3202697f71e1b836480ab82cbb744f/element HTTP/1.1
User-Agent: selenium/4.12.0 (java windows)
Content-Length: 149
Content-Type: application/json; charset=utf-8
host: localhost:44423
accept: */*

Response DefaultHttpResponse(decodeResult: success, version: HTTP/1.1)
HTTP/1.1 404 Not Found
Content-Length: 1136
Content-Type: application/json; charset=utf-8
cache-control: no-cache

17:04:30.322 [AsyncHttpClient-1-8] DEBUG org.asynchttpclient.netty.channel.ChannelManager -- Adding key: http://localhost:44423 for channel [id: 0x2dbcd3e7, L:/127.0.0.1:58460 - R:localhost/127.0.0.1:44423]
17:04:30.394 [AsyncHttpClient-1-1] DEBUG org.asynchttpclient.netty.channel.DefaultChannelPool -- Entry count for : http://localhost:58461 : 1
17:04:30.394 [AsyncHttpClient-1-1] DEBUG org.asynchttpclient.netty.channel.DefaultChannelPool -- Entry count for : http://localhost:44423 : 1
17:04:30.838 [Forwarding findElement on session 0f3202697f71e1b836480ab82cbb744f to remote] DEBUG org.asynchttpclient.netty.request.NettyRequestSender -- Using pooled Channel '[id: 0x2dbcd3e7, L:/127.0.0.1:58460 - R:localhost/127.0.0.1:44423]' for 'POST' to 'http://localhost:44423/session/0f3202697f71e1b836480ab82cbb744f/element'
17:04:30.838 [Forwarding findElement on session 0f3202697f71e1b836480ab82cbb744f to remote] DEBUG org.asynchttpclient.netty.request.NettyRequestSender -- Using open Channel [id: 0x2dbcd3e7, L:/127.0.0.1:58460 - R:localhost/127.0.0.1:44423] for POST '/session/0f3202697f71e1b836480ab82cbb744f/element'
17:04:30.853 [AsyncHttpClient-1-8] DEBUG org.asynchttpclient.netty.handler.HttpHandler -- 

Request DefaultHttpRequest(decodeResult: success, version: HTTP/1.1)
POST /session/0f3202697f71e1b836480ab82cbb744f/element HTTP/1.1
User-Agent: selenium/4.12.0 (java windows)
Content-Length: 149
Content-Type: application/json; charset=utf-8
host: localhost:44423
accept: */*

Response DefaultHttpResponse(decodeResult: success, version: HTTP/1.1)
HTTP/1.1 404 Not Found
Content-Length: 1136
Content-Type: application/json; charset=utf-8
cache-control: no-cache

17:04:30.853 [AsyncHttpClient-1-8] DEBUG org.asynchttpclient.netty.channel.ChannelManager -- Adding key: http://localhost:44423 for channel [id: 0x2dbcd3e7, L:/127.0.0.1:58460 - R:localhost/127.0.0.1:44423]
17:04:31.359 [Forwarding findElement on session 0f3202697f71e1b836480ab82cbb744f to remote] DEBUG org.asynchttpclient.netty.request.NettyRequestSender -- Using pooled Channel '[id: 0x2dbcd3e7, L:/127.0.0.1:58460 - R:localhost/127.0.0.1:44423]' for 'POST' to 'http://localhost:44423/session/0f3202697f71e1b836480ab82cbb744f/element'
17:04:31.359 [Forwarding findElement on session 0f3202697f71e1b836480ab82cbb744f to remote] DEBUG org.asynchttpclient.netty.request.NettyRequestSender -- Using open Channel [id: 0x2dbcd3e7, L:/127.0.0.1:58460 - R:localhost/127.0.0.1:44423] for POST '/session/0f3202697f71e1b836480ab82cbb744f/element'
17:04:31.369 [AsyncHttpClient-1-8] DEBUG org.asynchttpclient.netty.handler.HttpHandler -- 

Request DefaultHttpRequest(decodeResult: success, version: HTTP/1.1)
POST /session/0f3202697f71e1b836480ab82cbb744f/element HTTP/1.1
User-Agent: selenium/4.12.0 (java windows)
Content-Length: 149
Content-Type: application/json; charset=utf-8
host: localhost:44423
accept: */*

Response DefaultHttpResponse(decodeResult: success, version: HTTP/1.1)
HTTP/1.1 404 Not Found
Content-Length: 1136
Content-Type: application/json; charset=utf-8
cache-control: no-cache

17:04:31.369 [AsyncHttpClient-1-8] DEBUG org.asynchttpclient.netty.channel.ChannelManager -- Adding key: http://localhost:44423 for channel [id: 0x2dbcd3e7, L:/127.0.0.1:58460 - R:localhost/127.0.0.1:44423]
17:04:31.498 [AsyncHttpClient-1-1] DEBUG org.asynchttpclient.netty.channel.DefaultChannelPool -- Entry count for : http://localhost:58461 : 1
17:04:31.498 [AsyncHttpClient-1-1] DEBUG org.asynchttpclient.netty.channel.DefaultChannelPool -- Entry count for : http://localhost:44423 : 1
17:04:31.885 [Forwarding findElement on session 0f3202697f71e1b836480ab82cbb744f to remote] DEBUG org.asynchttpclient.netty.request.NettyRequestSender -- Using pooled Channel '[id: 0x2dbcd3e7, L:/127.0.0.1:58460 - R:localhost/127.0.0.1:44423]' for 'POST' to 'http://localhost:44423/session/0f3202697f71e1b836480ab82cbb744f/element'
17:04:31.885 [Forwarding findElement on session 0f3202697f71e1b836480ab82cbb744f to remote] DEBUG org.asynchttpclient.netty.request.NettyRequestSender -- Using open Channel [id: 0x2dbcd3e7, L:/127.0.0.1:58460 - R:localhost/127.0.0.1:44423] for POST '/session/0f3202697f71e1b836480ab82cbb744f/element'
17:04:31.912 [AsyncHttpClient-1-8] DEBUG org.asynchttpclient.netty.handler.HttpHandler -- 

Request DefaultHttpRequest(decodeResult: success, version: HTTP/1.1)
POST /session/0f3202697f71e1b836480ab82cbb744f/element HTTP/1.1
User-Agent: selenium/4.12.0 (java windows)
Content-Length: 149
Content-Type: application/json; charset=utf-8
host: localhost:44423
accept: */*

Response DefaultHttpResponse(decodeResult: success, version: HTTP/1.1)
HTTP/1.1 404 Not Found
Content-Length: 1136
Content-Type: application/json; charset=utf-8
cache-control: no-cache

17:04:31.914 [AsyncHttpClient-1-8] DEBUG org.asynchttpclient.netty.channel.ChannelManager -- Adding key: http://localhost:44423 for channel [id: 0x2dbcd3e7, L:/127.0.0.1:58460 - R:localhost/127.0.0.1:44423]
17:04:32.427 [Forwarding findElement on session 0f3202697f71e1b836480ab82cbb744f to remote] DEBUG org.asynchttpclient.netty.request.NettyRequestSender -- Using pooled Channel '[id: 0x2dbcd3e7, L:/127.0.0.1:58460 - R:localhost/127.0.0.1:44423]' for 'POST' to 'http://localhost:44423/session/0f3202697f71e1b836480ab82cbb744f/element'
17:04:32.427 [Forwarding findElement on session 0f3202697f71e1b836480ab82cbb744f to remote] DEBUG org.asynchttpclient.netty.request.NettyRequestSender -- Using open Channel [id: 0x2dbcd3e7, L:/127.0.0.1:58460 - R:localhost/127.0.0.1:44423] for POST '/session/0f3202697f71e1b836480ab82cbb744f/element'
17:04:32.445 [AsyncHttpClient-1-8] DEBUG org.asynchttpclient.netty.handler.HttpHandler -- 

Request DefaultHttpRequest(decodeResult: success, version: HTTP/1.1)
POST /session/0f3202697f71e1b836480ab82cbb744f/element HTTP/1.1
User-Agent: selenium/4.12.0 (java windows)
Content-Length: 149
Content-Type: application/json; charset=utf-8
host: localhost:44423
accept: */*

Response DefaultHttpResponse(decodeResult: success, version: HTTP/1.1)
HTTP/1.1 404 Not Found
Content-Length: 1136
Content-Type: application/json; charset=utf-8
cache-control: no-cache

17:04:32.446 [AsyncHttpClient-1-8] DEBUG org.asynchttpclient.netty.channel.ChannelManager -- Adding key: http://localhost:44423 for channel [id: 0x2dbcd3e7, L:/127.0.0.1:58460 - R:localhost/127.0.0.1:44423]
17:04:32.597 [AsyncHttpClient-1-1] DEBUG org.asynchttpclient.netty.channel.DefaultChannelPool -- Entry count for : http://localhost:58461 : 1
17:04:32.597 [AsyncHttpClient-1-1] DEBUG org.asynchttpclient.netty.channel.DefaultChannelPool -- Entry count for : http://localhost:44423 : 1
17:04:32.953 [Forwarding findElement on session 0f3202697f71e1b836480ab82cbb744f to remote] DEBUG org.asynchttpclient.netty.request.NettyRequestSender -- Using pooled Channel '[id: 0x2dbcd3e7, L:/127.0.0.1:58460 - R:localhost/127.0.0.1:44423]' for 'POST' to 'http://localhost:44423/session/0f3202697f71e1b836480ab82cbb744f/element'
17:04:32.953 [Forwarding findElement on session 0f3202697f71e1b836480ab82cbb744f to remote] DEBUG org.asynchttpclient.netty.request.NettyRequestSender -- Using open Channel [id: 0x2dbcd3e7, L:/127.0.0.1:58460 - R:localhost/127.0.0.1:44423] for POST '/session/0f3202697f71e1b836480ab82cbb744f/element'
17:04:32.977 [AsyncHttpClient-1-8] DEBUG org.asynchttpclient.netty.handler.HttpHandler -- 

Request DefaultHttpRequest(decodeResult: success, version: HTTP/1.1)
POST /session/0f3202697f71e1b836480ab82cbb744f/element HTTP/1.1
User-Agent: selenium/4.12.0 (java windows)
Content-Length: 149
Content-Type: application/json; charset=utf-8
host: localhost:44423
accept: */*

Response DefaultHttpResponse(decodeResult: success, version: HTTP/1.1)
HTTP/1.1 404 Not Found
Content-Length: 1136
Content-Type: application/json; charset=utf-8
cache-control: no-cache

17:04:32.978 [AsyncHttpClient-1-8] DEBUG org.asynchttpclient.netty.channel.ChannelManager -- Adding key: http://localhost:44423 for channel [id: 0x2dbcd3e7, L:/127.0.0.1:58460 - R:localhost/127.0.0.1:44423]
17:04:33.482 [Forwarding findElement on session 0f3202697f71e1b836480ab82cbb744f to remote] DEBUG org.asynchttpclient.netty.request.NettyRequestSender -- Using pooled Channel '[id: 0x2dbcd3e7, L:/127.0.0.1:58460 - R:localhost/127.0.0.1:44423]' for 'POST' to 'http://localhost:44423/session/0f3202697f71e1b836480ab82cbb744f/element'
17:04:33.482 [Forwarding findElement on session 0f3202697f71e1b836480ab82cbb744f to remote] DEBUG org.asynchttpclient.netty.request.NettyRequestSender -- Using open Channel [id: 0x2dbcd3e7, L:/127.0.0.1:58460 - R:localhost/127.0.0.1:44423] for POST '/session/0f3202697f71e1b836480ab82cbb744f/element'
17:04:33.497 [AsyncHttpClient-1-8] DEBUG org.asynchttpclient.netty.handler.HttpHandler -- 

Request DefaultHttpRequest(decodeResult: success, version: HTTP/1.1)
POST /session/0f3202697f71e1b836480ab82cbb744f/element HTTP/1.1
User-Agent: selenium/4.12.0 (java windows)
Content-Length: 149
Content-Type: application/json; charset=utf-8
host: localhost:44423
accept: */*

Response DefaultHttpResponse(decodeResult: success, version: HTTP/1.1)
HTTP/1.1 404 Not Found
Content-Length: 1136
Content-Type: application/json; charset=utf-8
cache-control: no-cache

17:04:33.497 [AsyncHttpClient-1-8] DEBUG org.asynchttpclient.netty.channel.ChannelManager -- Adding key: http://localhost:44423 for channel [id: 0x2dbcd3e7, L:/127.0.0.1:58460 - R:localhost/127.0.0.1:44423]
17:04:33.697 [AsyncHttpClient-1-1] DEBUG org.asynchttpclient.netty.channel.DefaultChannelPool -- Entry count for : http://localhost:58461 : 1
17:04:33.697 [AsyncHttpClient-1-1] DEBUG org.asynchttpclient.netty.channel.DefaultChannelPool -- Entry count for : http://localhost:44423 : 1
17:04:34.005 [Forwarding findElement on session 0f3202697f71e1b836480ab82cbb744f to remote] DEBUG org.asynchttpclient.netty.request.NettyRequestSender -- Using pooled Channel '[id: 0x2dbcd3e7, L:/127.0.0.1:58460 - R:localhost/127.0.0.1:44423]' for 'POST' to 'http://localhost:44423/session/0f3202697f71e1b836480ab82cbb744f/element'
17:04:34.005 [Forwarding findElement on session 0f3202697f71e1b836480ab82cbb744f to remote] DEBUG org.asynchttpclient.netty.request.NettyRequestSender -- Using open Channel [id: 0x2dbcd3e7, L:/127.0.0.1:58460 - R:localhost/127.0.0.1:44423] for POST '/session/0f3202697f71e1b836480ab82cbb744f/element'
17:04:34.029 [AsyncHttpClient-1-8] DEBUG org.asynchttpclient.netty.handler.HttpHandler -- 

Request DefaultHttpRequest(decodeResult: success, version: HTTP/1.1)
POST /session/0f3202697f71e1b836480ab82cbb744f/element HTTP/1.1
User-Agent: selenium/4.12.0 (java windows)
Content-Length: 149
Content-Type: application/json; charset=utf-8
host: localhost:44423
accept: */*

Response DefaultHttpResponse(decodeResult: success, version: HTTP/1.1)
HTTP/1.1 404 Not Found
Content-Length: 1136
Content-Type: application/json; charset=utf-8
cache-control: no-cache

17:04:34.030 [AsyncHttpClient-1-8] DEBUG org.asynchttpclient.netty.channel.ChannelManager -- Adding key: http://localhost:44423 for channel [id: 0x2dbcd3e7, L:/127.0.0.1:58460 - R:localhost/127.0.0.1:44423]
17:04:34.546 [Forwarding findElement on session 0f3202697f71e1b836480ab82cbb744f to remote] DEBUG org.asynchttpclient.netty.request.NettyRequestSender -- Using pooled Channel '[id: 0x2dbcd3e7, L:/127.0.0.1:58460 - R:localhost/127.0.0.1:44423]' for 'POST' to 'http://localhost:44423/session/0f3202697f71e1b836480ab82cbb744f/element'
17:04:34.547 [Forwarding findElement on session 0f3202697f71e1b836480ab82cbb744f to remote] DEBUG org.asynchttpclient.netty.request.NettyRequestSender -- Using open Channel [id: 0x2dbcd3e7, L:/127.0.0.1:58460 - R:localhost/127.0.0.1:44423] for POST '/session/0f3202697f71e1b836480ab82cbb744f/element'
17:04:34.568 [AsyncHttpClient-1-8] DEBUG org.asynchttpclient.netty.handler.HttpHandler -- 

Request DefaultHttpRequest(decodeResult: success, version: HTTP/1.1)
POST /session/0f3202697f71e1b836480ab82cbb744f/element HTTP/1.1
User-Agent: selenium/4.12.0 (java windows)
Content-Length: 149
Content-Type: application/json; charset=utf-8
host: localhost:44423
accept: */*

Response DefaultHttpResponse(decodeResult: success, version: HTTP/1.1)
HTTP/1.1 404 Not Found
Content-Length: 1136
Content-Type: application/json; charset=utf-8
cache-control: no-cache

17:04:34.568 [AsyncHttpClient-1-8] DEBUG org.asynchttpclient.netty.channel.ChannelManager -- Adding key: http://localhost:44423 for channel [id: 0x2dbcd3e7, L:/127.0.0.1:58460 - R:localhost/127.0.0.1:44423]
17:04:34.792 [AsyncHttpClient-1-1] DEBUG org.asynchttpclient.netty.channel.DefaultChannelPool -- Entry count for : http://localhost:58461 : 1
17:04:34.792 [AsyncHttpClient-1-1] DEBUG org.asynchttpclient.netty.channel.DefaultChannelPool -- Entry count for : http://localhost:44423 : 1
17:04:35.072 [Forwarding findElement on session 0f3202697f71e1b836480ab82cbb744f to remote] DEBUG org.asynchttpclient.netty.request.NettyRequestSender -- Using pooled Channel '[id: 0x2dbcd3e7, L:/127.0.0.1:58460 - R:localhost/127.0.0.1:44423]' for 'POST' to 'http://localhost:44423/session/0f3202697f71e1b836480ab82cbb744f/element'
17:04:35.072 [Forwarding findElement on session 0f3202697f71e1b836480ab82cbb744f to remote] DEBUG org.asynchttpclient.netty.request.NettyRequestSender -- Using open Channel [id: 0x2dbcd3e7, L:/127.0.0.1:58460 - R:localhost/127.0.0.1:44423] for POST '/session/0f3202697f71e1b836480ab82cbb744f/element'
17:04:35.096 [AsyncHttpClient-1-8] DEBUG org.asynchttpclient.netty.handler.HttpHandler -- 

Request DefaultHttpRequest(decodeResult: success, version: HTTP/1.1)
POST /session/0f3202697f71e1b836480ab82cbb744f/element HTTP/1.1
User-Agent: selenium/4.12.0 (java windows)
Content-Length: 149
Content-Type: application/json; charset=utf-8
host: localhost:44423
accept: */*

Response DefaultHttpResponse(decodeResult: success, version: HTTP/1.1)
HTTP/1.1 404 Not Found
Content-Length: 1136
Content-Type: application/json; charset=utf-8
cache-control: no-cache

17:04:35.096 [AsyncHttpClient-1-8] DEBUG org.asynchttpclient.netty.channel.ChannelManager -- Adding key: http://localhost:44423 for channel [id: 0x2dbcd3e7, L:/127.0.0.1:58460 - R:localhost/127.0.0.1:44423]
17:04:35.612 [Forwarding findElement on session 0f3202697f71e1b836480ab82cbb744f to remote] DEBUG org.asynchttpclient.netty.request.NettyRequestSender -- Using pooled Channel '[id: 0x2dbcd3e7, L:/127.0.0.1:58460 - R:localhost/127.0.0.1:44423]' for 'POST' to 'http://localhost:44423/session/0f3202697f71e1b836480ab82cbb744f/element'
17:04:35.612 [Forwarding findElement on session 0f3202697f71e1b836480ab82cbb744f to remote] DEBUG org.asynchttpclient.netty.request.NettyRequestSender -- Using open Channel [id: 0x2dbcd3e7, L:/127.0.0.1:58460 - R:localhost/127.0.0.1:44423] for POST '/session/0f3202697f71e1b836480ab82cbb744f/element'
17:04:35.639 [AsyncHttpClient-1-8] DEBUG org.asynchttpclient.netty.handler.HttpHandler -- 

Request DefaultHttpRequest(decodeResult: success, version: HTTP/1.1)
POST /session/0f3202697f71e1b836480ab82cbb744f/element HTTP/1.1
User-Agent: selenium/4.12.0 (java windows)
Content-Length: 149
Content-Type: application/json; charset=utf-8
host: localhost:44423
accept: */*

Response DefaultHttpResponse(decodeResult: success, version: HTTP/1.1)
HTTP/1.1 404 Not Found
Content-Length: 1136
Content-Type: application/json; charset=utf-8
cache-control: no-cache

17:04:35.639 [AsyncHttpClient-1-8] DEBUG org.asynchttpclient.netty.channel.ChannelManager -- Adding key: http://localhost:44423 for channel [id: 0x2dbcd3e7, L:/127.0.0.1:58460 - R:localhost/127.0.0.1:44423]
17:04:35.891 [AsyncHttpClient-1-1] DEBUG org.asynchttpclient.netty.channel.DefaultChannelPool -- Entry count for : http://localhost:58461 : 1
17:04:35.891 [AsyncHttpClient-1-1] DEBUG org.asynchttpclient.netty.channel.DefaultChannelPool -- Entry count for : http://localhost:44423 : 1
17:04:36.153 [Forwarding findElement on session 0f3202697f71e1b836480ab82cbb744f to remote] DEBUG org.asynchttpclient.netty.request.NettyRequestSender -- Using pooled Channel '[id: 0x2dbcd3e7, L:/127.0.0.1:58460 - R:localhost/127.0.0.1:44423]' for 'POST' to 'http://localhost:44423/session/0f3202697f71e1b836480ab82cbb744f/element'
17:04:36.153 [Forwarding findElement on session 0f3202697f71e1b836480ab82cbb744f to remote] DEBUG org.asynchttpclient.netty.request.NettyRequestSender -- Using open Channel [id: 0x2dbcd3e7, L:/127.0.0.1:58460 - R:localhost/127.0.0.1:44423] for POST '/session/0f3202697f71e1b836480ab82cbb744f/element'
17:04:36.165 [AsyncHttpClient-1-8] DEBUG org.asynchttpclient.netty.handler.HttpHandler -- 

Request DefaultHttpRequest(decodeResult: success, version: HTTP/1.1)
POST /session/0f3202697f71e1b836480ab82cbb744f/element HTTP/1.1
User-Agent: selenium/4.12.0 (java windows)
Content-Length: 149
Content-Type: application/json; charset=utf-8
host: localhost:44423
accept: */*

Response DefaultHttpResponse(decodeResult: success, version: HTTP/1.1)
HTTP/1.1 404 Not Found
Content-Length: 1136
Content-Type: application/json; charset=utf-8
cache-control: no-cache

17:04:36.165 [AsyncHttpClient-1-8] DEBUG org.asynchttpclient.netty.channel.ChannelManager -- Adding key: http://localhost:44423 for channel [id: 0x2dbcd3e7, L:/127.0.0.1:58460 - R:localhost/127.0.0.1:44423]
17:04:36.668 [Forwarding findElement on session 0f3202697f71e1b836480ab82cbb744f to remote] DEBUG org.asynchttpclient.netty.request.NettyRequestSender -- Using pooled Channel '[id: 0x2dbcd3e7, L:/127.0.0.1:58460 - R:localhost/127.0.0.1:44423]' for 'POST' to 'http://localhost:44423/session/0f3202697f71e1b836480ab82cbb744f/element'
17:04:36.668 [Forwarding findElement on session 0f3202697f71e1b836480ab82cbb744f to remote] DEBUG org.asynchttpclient.netty.request.NettyRequestSender -- Using open Channel [id: 0x2dbcd3e7, L:/127.0.0.1:58460 - R:localhost/127.0.0.1:44423] for POST '/session/0f3202697f71e1b836480ab82cbb744f/element'
17:04:36.695 [AsyncHttpClient-1-8] DEBUG org.asynchttpclient.netty.handler.HttpHandler -- 

Request DefaultHttpRequest(decodeResult: success, version: HTTP/1.1)
POST /session/0f3202697f71e1b836480ab82cbb744f/element HTTP/1.1
User-Agent: selenium/4.12.0 (java windows)
Content-Length: 149
Content-Type: application/json; charset=utf-8
host: localhost:44423
accept: */*

Response DefaultHttpResponse(decodeResult: success, version: HTTP/1.1)
HTTP/1.1 404 Not Found
Content-Length: 1136
Content-Type: application/json; charset=utf-8
cache-control: no-cache

17:04:36.695 [AsyncHttpClient-1-8] DEBUG org.asynchttpclient.netty.channel.ChannelManager -- Adding key: http://localhost:44423 for channel [id: 0x2dbcd3e7, L:/127.0.0.1:58460 - R:localhost/127.0.0.1:44423]
17:04:36.992 [AsyncHttpClient-1-1] DEBUG org.asynchttpclient.netty.channel.DefaultChannelPool -- Entry count for : http://localhost:58461 : 1
17:04:36.992 [AsyncHttpClient-1-1] DEBUG org.asynchttpclient.netty.channel.DefaultChannelPool -- Entry count for : http://localhost:44423 : 1
17:04:37.209 [Forwarding findElement on session 0f3202697f71e1b836480ab82cbb744f to remote] DEBUG org.asynchttpclient.netty.request.NettyRequestSender -- Using pooled Channel '[id: 0x2dbcd3e7, L:/127.0.0.1:58460 - R:localhost/127.0.0.1:44423]' for 'POST' to 'http://localhost:44423/session/0f3202697f71e1b836480ab82cbb744f/element'
17:04:37.210 [Forwarding findElement on session 0f3202697f71e1b836480ab82cbb744f to remote] DEBUG org.asynchttpclient.netty.request.NettyRequestSender -- Using open Channel [id: 0x2dbcd3e7, L:/127.0.0.1:58460 - R:localhost/127.0.0.1:44423] for POST '/session/0f3202697f71e1b836480ab82cbb744f/element'
17:04:37.238 [AsyncHttpClient-1-8] DEBUG org.asynchttpclient.netty.handler.HttpHandler -- 

Request DefaultHttpRequest(decodeResult: success, version: HTTP/1.1)
POST /session/0f3202697f71e1b836480ab82cbb744f/element HTTP/1.1
User-Agent: selenium/4.12.0 (java windows)
Content-Length: 149
Content-Type: application/json; charset=utf-8
host: localhost:44423
accept: */*

Response DefaultHttpResponse(decodeResult: success, version: HTTP/1.1)
HTTP/1.1 404 Not Found
Content-Length: 1136
Content-Type: application/json; charset=utf-8
cache-control: no-cache

17:04:37.238 [AsyncHttpClient-1-8] DEBUG org.asynchttpclient.netty.channel.ChannelManager -- Adding key: http://localhost:44423 for channel [id: 0x2dbcd3e7, L:/127.0.0.1:58460 - R:localhost/127.0.0.1:44423]
17:04:37.748 [Forwarding findElement on session 0f3202697f71e1b836480ab82cbb744f to remote] DEBUG org.asynchttpclient.netty.request.NettyRequestSender -- Using pooled Channel '[id: 0x2dbcd3e7, L:/127.0.0.1:58460 - R:localhost/127.0.0.1:44423]' for 'POST' to 'http://localhost:44423/session/0f3202697f71e1b836480ab82cbb744f/element'
17:04:37.748 [Forwarding findElement on session 0f3202697f71e1b836480ab82cbb744f to remote] DEBUG org.asynchttpclient.netty.request.NettyRequestSender -- Using open Channel [id: 0x2dbcd3e7, L:/127.0.0.1:58460 - R:localhost/127.0.0.1:44423] for POST '/session/0f3202697f71e1b836480ab82cbb744f/element'
17:04:37.771 [AsyncHttpClient-1-8] DEBUG org.asynchttpclient.netty.handler.HttpHandler -- 

Request DefaultHttpRequest(decodeResult: success, version: HTTP/1.1)
POST /session/0f3202697f71e1b836480ab82cbb744f/element HTTP/1.1
User-Agent: selenium/4.12.0 (java windows)
Content-Length: 149
Content-Type: application/json; charset=utf-8
host: localhost:44423
accept: */*

Response DefaultHttpResponse(decodeResult: success, version: HTTP/1.1)
HTTP/1.1 404 Not Found
Content-Length: 1136
Content-Type: application/json; charset=utf-8
cache-control: no-cache

17:04:37.771 [AsyncHttpClient-1-8] DEBUG org.asynchttpclient.netty.channel.ChannelManager -- Adding key: http://localhost:44423 for channel [id: 0x2dbcd3e7, L:/127.0.0.1:58460 - R:localhost/127.0.0.1:44423]
17:04:38.100 [AsyncHttpClient-1-1] DEBUG org.asynchttpclient.netty.channel.DefaultChannelPool -- Entry count for : http://localhost:58461 : 1
17:04:38.100 [AsyncHttpClient-1-1] DEBUG org.asynchttpclient.netty.channel.DefaultChannelPool -- Entry count for : http://localhost:44423 : 1
17:04:38.286 [Forwarding findElement on session 0f3202697f71e1b836480ab82cbb744f to remote] DEBUG org.asynchttpclient.netty.request.NettyRequestSender -- Using pooled Channel '[id: 0x2dbcd3e7, L:/127.0.0.1:58460 - R:localhost/127.0.0.1:44423]' for 'POST' to 'http://localhost:44423/session/0f3202697f71e1b836480ab82cbb744f/element'
17:04:38.286 [Forwarding findElement on session 0f3202697f71e1b836480ab82cbb744f to remote] DEBUG org.asynchttpclient.netty.request.NettyRequestSender -- Using open Channel [id: 0x2dbcd3e7, L:/127.0.0.1:58460 - R:localhost/127.0.0.1:44423] for POST '/session/0f3202697f71e1b836480ab82cbb744f/element'
17:04:38.315 [AsyncHttpClient-1-8] DEBUG org.asynchttpclient.netty.handler.HttpHandler -- 

Request DefaultHttpRequest(decodeResult: success, version: HTTP/1.1)
POST /session/0f3202697f71e1b836480ab82cbb744f/element HTTP/1.1
User-Agent: selenium/4.12.0 (java windows)
Content-Length: 149
Content-Type: application/json; charset=utf-8
host: localhost:44423
accept: */*

Response DefaultHttpResponse(decodeResult: success, version: HTTP/1.1)
HTTP/1.1 404 Not Found
Content-Length: 1136
Content-Type: application/json; charset=utf-8
cache-control: no-cache

17:04:38.315 [AsyncHttpClient-1-8] DEBUG org.asynchttpclient.netty.channel.ChannelManager -- Adding key: http://localhost:44423 for channel [id: 0x2dbcd3e7, L:/127.0.0.1:58460 - R:localhost/127.0.0.1:44423]
17:04:38.825 [Forwarding findElement on session 0f3202697f71e1b836480ab82cbb744f to remote] DEBUG org.asynchttpclient.netty.request.NettyRequestSender -- Using pooled Channel '[id: 0x2dbcd3e7, L:/127.0.0.1:58460 - R:localhost/127.0.0.1:44423]' for 'POST' to 'http://localhost:44423/session/0f3202697f71e1b836480ab82cbb744f/element'
17:04:38.826 [Forwarding findElement on session 0f3202697f71e1b836480ab82cbb744f to remote] DEBUG org.asynchttpclient.netty.request.NettyRequestSender -- Using open Channel [id: 0x2dbcd3e7, L:/127.0.0.1:58460 - R:localhost/127.0.0.1:44423] for POST '/session/0f3202697f71e1b836480ab82cbb744f/element'
17:04:38.843 [AsyncHttpClient-1-8] DEBUG org.asynchttpclient.netty.handler.HttpHandler -- 

Request DefaultHttpRequest(decodeResult: success, version: HTTP/1.1)
POST /session/0f3202697f71e1b836480ab82cbb744f/element HTTP/1.1
User-Agent: selenium/4.12.0 (java windows)
Content-Length: 149
Content-Type: application/json; charset=utf-8
host: localhost:44423
accept: */*

Response DefaultHttpResponse(decodeResult: success, version: HTTP/1.1)
HTTP/1.1 404 Not Found
Content-Length: 1136
Content-Type: application/json; charset=utf-8
cache-control: no-cache

17:04:38.843 [AsyncHttpClient-1-8] DEBUG org.asynchttpclient.netty.channel.ChannelManager -- Adding key: http://localhost:44423 for channel [id: 0x2dbcd3e7, L:/127.0.0.1:58460 - R:localhost/127.0.0.1:44423]
17:04:39.193 [AsyncHttpClient-1-1] DEBUG org.asynchttpclient.netty.channel.DefaultChannelPool -- Entry count for : http://localhost:58461 : 1
17:04:39.193 [AsyncHttpClient-1-1] DEBUG org.asynchttpclient.netty.channel.DefaultChannelPool -- Entry count for : http://localhost:44423 : 1
17:04:39.348 [Forwarding findElement on session 0f3202697f71e1b836480ab82cbb744f to remote] DEBUG org.asynchttpclient.netty.request.NettyRequestSender -- Using pooled Channel '[id: 0x2dbcd3e7, L:/127.0.0.1:58460 - R:localhost/127.0.0.1:44423]' for 'POST' to 'http://localhost:44423/session/0f3202697f71e1b836480ab82cbb744f/element'
17:04:39.349 [Forwarding findElement on session 0f3202697f71e1b836480ab82cbb744f to remote] DEBUG org.asynchttpclient.netty.request.NettyRequestSender -- Using open Channel [id: 0x2dbcd3e7, L:/127.0.0.1:58460 - R:localhost/127.0.0.1:44423] for POST '/session/0f3202697f71e1b836480ab82cbb744f/element'
17:04:39.363 [AsyncHttpClient-1-8] DEBUG org.asynchttpclient.netty.handler.HttpHandler -- 

Request DefaultHttpRequest(decodeResult: success, version: HTTP/1.1)
POST /session/0f3202697f71e1b836480ab82cbb744f/element HTTP/1.1
User-Agent: selenium/4.12.0 (java windows)
Content-Length: 149
Content-Type: application/json; charset=utf-8
host: localhost:44423
accept: */*

Response DefaultHttpResponse(decodeResult: success, version: HTTP/1.1)
HTTP/1.1 404 Not Found
Content-Length: 1136
Content-Type: application/json; charset=utf-8
cache-control: no-cache

17:04:39.364 [AsyncHttpClient-1-8] DEBUG org.asynchttpclient.netty.channel.ChannelManager -- Adding key: http://localhost:44423 for channel [id: 0x2dbcd3e7, L:/127.0.0.1:58460 - R:localhost/127.0.0.1:44423]
17:04:39.871 [Forwarding findElement on session 0f3202697f71e1b836480ab82cbb744f to remote] DEBUG org.asynchttpclient.netty.request.NettyRequestSender -- Using pooled Channel '[id: 0x2dbcd3e7, L:/127.0.0.1:58460 - R:localhost/127.0.0.1:44423]' for 'POST' to 'http://localhost:44423/session/0f3202697f71e1b836480ab82cbb744f/element'
17:04:39.871 [Forwarding findElement on session 0f3202697f71e1b836480ab82cbb744f to remote] DEBUG org.asynchttpclient.netty.request.NettyRequestSender -- Using open Channel [id: 0x2dbcd3e7, L:/127.0.0.1:58460 - R:localhost/127.0.0.1:44423] for POST '/session/0f3202697f71e1b836480ab82cbb744f/element'
17:04:39.888 [AsyncHttpClient-1-8] DEBUG org.asynchttpclient.netty.handler.HttpHandler -- 

Request DefaultHttpRequest(decodeResult: success, version: HTTP/1.1)
POST /session/0f3202697f71e1b836480ab82cbb744f/element HTTP/1.1
User-Agent: selenium/4.12.0 (java windows)
Content-Length: 149
Content-Type: application/json; charset=utf-8
host: localhost:44423
accept: */*

Response DefaultHttpResponse(decodeResult: success, version: HTTP/1.1)
HTTP/1.1 404 Not Found
Content-Length: 1136
Content-Type: application/json; charset=utf-8
cache-control: no-cache

17:04:39.890 [AsyncHttpClient-1-8] DEBUG org.asynchttpclient.netty.channel.ChannelManager -- Adding key: http://localhost:44423 for channel [id: 0x2dbcd3e7, L:/127.0.0.1:58460 - R:localhost/127.0.0.1:44423]
17:04:40.290 [AsyncHttpClient-1-1] DEBUG org.asynchttpclient.netty.channel.DefaultChannelPool -- Entry count for : http://localhost:58461 : 1
17:04:40.290 [AsyncHttpClient-1-1] DEBUG org.asynchttpclient.netty.channel.DefaultChannelPool -- Entry count for : http://localhost:44423 : 1
17:04:40.399 [Forwarding findElement on session 0f3202697f71e1b836480ab82cbb744f to remote] DEBUG org.asynchttpclient.netty.request.NettyRequestSender -- Using pooled Channel '[id: 0x2dbcd3e7, L:/127.0.0.1:58460 - R:localhost/127.0.0.1:44423]' for 'POST' to 'http://localhost:44423/session/0f3202697f71e1b836480ab82cbb744f/element'
17:04:40.399 [Forwarding findElement on session 0f3202697f71e1b836480ab82cbb744f to remote] DEBUG org.asynchttpclient.netty.request.NettyRequestSender -- Using open Channel [id: 0x2dbcd3e7, L:/127.0.0.1:58460 - R:localhost/127.0.0.1:44423] for POST '/session/0f3202697f71e1b836480ab82cbb744f/element'
17:04:40.425 [AsyncHttpClient-1-8] DEBUG org.asynchttpclient.netty.handler.HttpHandler -- 

Request DefaultHttpRequest(decodeResult: success, version: HTTP/1.1)
POST /session/0f3202697f71e1b836480ab82cbb744f/element HTTP/1.1
User-Agent: selenium/4.12.0 (java windows)
Content-Length: 149
Content-Type: application/json; charset=utf-8
host: localhost:44423
accept: */*

Response DefaultHttpResponse(decodeResult: success, version: HTTP/1.1)
HTTP/1.1 404 Not Found
Content-Length: 1136
Content-Type: application/json; charset=utf-8
cache-control: no-cache

17:04:40.425 [AsyncHttpClient-1-8] DEBUG org.asynchttpclient.netty.channel.ChannelManager -- Adding key: http://localhost:44423 for channel [id: 0x2dbcd3e7, L:/127.0.0.1:58460 - R:localhost/127.0.0.1:44423]
]]></system-out>
    <system-err><![CDATA[Jan 03, 2025 5:04:15 PM org.openqa.selenium.devtools.CdpVersionFinder findNearestMatch
WARNING: Unable to find CDP implementation matching 131
Jan 03, 2025 5:04:15 PM org.openqa.selenium.chromium.ChromiumDriver lambda$new$5
WARNING: Unable to find version of CDP to use for 131.0.6778.205. You may need to include a dependency on a specific version of the CDP using something similar to `org.seleniumhq.selenium:selenium-devtools-v86:4.12.0` where the version ("v86") matches the version of the chromium-based browser you're using and the version number of the artifact is the same as Selenium's.
]]></system-err>
  </testcase>
  <testcase name="testChangePasswordWithInvalidCurrentPassword" classname="UITestCases.BuggyCarsUITests" time="4.491">
    <system-out><![CDATA[17:04:40.439 [AsyncHttpClient-1-10] DEBUG org.asynchttpclient.netty.handler.WebSocketHandler -- Channel Closed: [id: 0x4aa99583, L:/127.0.0.1:58468 ! R:localhost/127.0.0.1:58461] with attribute DISCARD
17:04:40.439 [Driver Command Executor] DEBUG org.asynchttpclient.netty.request.NettyRequestSender -- Using pooled Channel '[id: 0x2dbcd3e7, L:/127.0.0.1:58460 - R:localhost/127.0.0.1:44423]' for 'DELETE' to 'http://localhost:44423/session/0f3202697f71e1b836480ab82cbb744f'
17:04:40.439 [Driver Command Executor] DEBUG org.asynchttpclient.netty.request.NettyRequestSender -- Using open Channel [id: 0x2dbcd3e7, L:/127.0.0.1:58460 - R:localhost/127.0.0.1:44423] for DELETE '/session/0f3202697f71e1b836480ab82cbb744f'
17:04:40.524 [AsyncHttpClient-1-9] DEBUG org.asynchttpclient.netty.handler.HttpHandler -- Unexpected I/O exception on channel [id: 0xd01fd5f4, L:/127.0.0.1:58467 - R:localhost/127.0.0.1:58461]
java.net.SocketException: Connection reset
	at java.base/sun.nio.ch.SocketChannelImpl.throwConnectionReset(SocketChannelImpl.java:394)
	at java.base/sun.nio.ch.SocketChannelImpl.read(SocketChannelImpl.java:426)
	at io.netty.buffer.PooledByteBuf.setBytes(PooledByteBuf.java:254)
	at io.netty.buffer.AbstractByteBuf.writeBytes(AbstractByteBuf.java:1132)
	at io.netty.channel.socket.nio.NioSocketChannel.doReadBytes(NioSocketChannel.java:357)
	at io.netty.channel.nio.AbstractNioByteChannel$NioByteUnsafe.read(AbstractNioByteChannel.java:151)
	at io.netty.channel.nio.NioEventLoop.processSelectedKey(NioEventLoop.java:788)
	at io.netty.channel.nio.NioEventLoop.processSelectedKeysOptimized(NioEventLoop.java:724)
	at io.netty.channel.nio.NioEventLoop.processSelectedKeys(NioEventLoop.java:650)
	at io.netty.channel.nio.NioEventLoop.run(NioEventLoop.java:562)
	at io.netty.util.concurrent.SingleThreadEventExecutor$4.run(SingleThreadEventExecutor.java:997)
	at io.netty.util.internal.ThreadExecutorMap$2.run(ThreadExecutorMap.java:74)
	at io.netty.util.concurrent.FastThreadLocalRunnable.run(FastThreadLocalRunnable.java:30)
	at java.base/java.lang.Thread.run(Thread.java:842)
17:04:40.524 [AsyncHttpClient-1-9] DEBUG org.asynchttpclient.netty.channel.ChannelManager -- Closing Channel [id: 0xd01fd5f4, L:/127.0.0.1:58467 - R:localhost/127.0.0.1:58461] 
17:04:40.524 [AsyncHttpClient-1-9] DEBUG org.asynchttpclient.netty.handler.HttpHandler -- Channel Closed: [id: 0xd01fd5f4, L:/127.0.0.1:58467 ! R:localhost/127.0.0.1:58461] with attribute DISCARD
17:04:40.559 [AsyncHttpClient-1-8] DEBUG org.asynchttpclient.netty.handler.HttpHandler -- 

Request DefaultFullHttpRequest(decodeResult: success, version: HTTP/1.1, content: EmptyByteBufBE)
DELETE /session/0f3202697f71e1b836480ab82cbb744f HTTP/1.1
User-Agent: selenium/4.12.0 (java windows)
Content-Type: application/json; charset=utf-8
host: localhost:44423
accept: */*

Response DefaultHttpResponse(decodeResult: success, version: HTTP/1.1)
HTTP/1.1 200 OK
Content-Length: 14
Content-Type: application/json; charset=utf-8
cache-control: no-cache

17:04:40.559 [AsyncHttpClient-1-8] DEBUG org.asynchttpclient.netty.channel.ChannelManager -- Adding key: http://localhost:44423 for channel [id: 0x2dbcd3e7, L:/127.0.0.1:58460 - R:localhost/127.0.0.1:44423]
17:04:40.771 [AsyncHttpClient-1-8] DEBUG org.asynchttpclient.netty.handler.HttpHandler -- Channel Closed: [id: 0x2dbcd3e7, L:/127.0.0.1:58460 ! R:localhost/127.0.0.1:44423] with attribute DISCARD
17:04:40.803 [main] DEBUG io.github.bonigarcia.wdm.WebDriverManager -- Using WebDriverManager 5.5.3
17:04:40.817 [main] DEBUG io.github.bonigarcia.wdm.cache.ResolutionCache -- Resolution chrome=131 in cache (valid until 17:53:13 03/01/2025 IST)
17:04:40.818 [main] DEBUG io.github.bonigarcia.wdm.cache.ResolutionCache -- Resolution chrome131=131.0.6778.204 in cache (valid until 16:53:13 04/01/2025 IST)
17:04:40.818 [main] INFO io.github.bonigarcia.wdm.WebDriverManager -- Using chromedriver 131.0.6778.204 (resolved driver for Chrome 131)
17:04:40.822 [main] DEBUG io.github.bonigarcia.wdm.WebDriverManager -- Driver chromedriver 131.0.6778.204 found in cache
17:04:40.823 [main] INFO io.github.bonigarcia.wdm.WebDriverManager -- Exporting webdriver.chrome.driver as C:\Users\sasitharan\.cache\selenium\chromedriver\win64\131.0.6778.204\chromedriver.exe
17:04:40.900 [AsyncHttpClient-1-11] DEBUG org.asynchttpclient.netty.channel.NettyConnectListener -- Using new Channel '[id: 0x1ea7c57b, L:/127.0.0.1:58501 - R:localhost/127.0.0.1:26351]' for 'POST' to '/session'
17:04:41.407 [AsyncHttpClient-1-1] DEBUG org.asynchttpclient.netty.channel.DefaultChannelPool -- Entry count for : http://localhost:58461 : 1
17:04:41.407 [AsyncHttpClient-1-1] DEBUG org.asynchttpclient.netty.channel.DefaultChannelPool -- Entry count for : http://localhost:44423 : 1
17:04:41.409 [AsyncHttpClient-1-1] DEBUG org.asynchttpclient.netty.channel.DefaultChannelPool -- Adding Candidate expired Channel [id: 0xd01fd5f4, L:/127.0.0.1:58467 ! R:localhost/127.0.0.1:58461] isIdleTimeoutExpired=false isRemotelyClosed=true isTtlExpired=false
17:04:41.410 [AsyncHttpClient-1-1] DEBUG org.asynchttpclient.netty.channel.DefaultChannelPool -- Closing Idle Channel [id: 0xd01fd5f4, L:/127.0.0.1:58467 ! R:localhost/127.0.0.1:58461]
17:04:41.410 [AsyncHttpClient-1-1] DEBUG org.asynchttpclient.netty.channel.DefaultChannelPool -- Adding Candidate expired Channel [id: 0x2dbcd3e7, L:/127.0.0.1:58460 ! R:localhost/127.0.0.1:44423] isIdleTimeoutExpired=false isRemotelyClosed=true isTtlExpired=false
17:04:41.410 [AsyncHttpClient-1-1] DEBUG org.asynchttpclient.netty.channel.DefaultChannelPool -- Closing Idle Channel [id: 0x2dbcd3e7, L:/127.0.0.1:58460 ! R:localhost/127.0.0.1:44423]
17:04:41.410 [AsyncHttpClient-1-1] DEBUG org.asynchttpclient.netty.channel.DefaultChannelPool -- Closed 2 connections out of 2 in 1 ms
17:04:41.859 [AsyncHttpClient-1-11] DEBUG org.asynchttpclient.netty.handler.HttpHandler -- 

Request DefaultHttpRequest(decodeResult: success, version: HTTP/1.1)
POST /session HTTP/1.1
User-Agent: selenium/4.12.0 (java windows)
Content-Length: 254
Content-Type: application/json; charset=utf-8
host: localhost:26351
accept: */*

Response DefaultHttpResponse(decodeResult: success, version: HTTP/1.1)
HTTP/1.1 200 OK
Content-Length: 887
Content-Type: application/json; charset=utf-8
cache-control: no-cache

17:04:41.860 [AsyncHttpClient-1-11] DEBUG org.asynchttpclient.netty.channel.ChannelManager -- Adding key: http://localhost:26351 for channel [id: 0x1ea7c57b, L:/127.0.0.1:58501 - R:localhost/127.0.0.1:26351]
17:04:41.874 [AsyncHttpClient-1-12] DEBUG org.asynchttpclient.netty.channel.NettyConnectListener -- Using new Channel '[id: 0xa89f5ac2, L:/127.0.0.1:58509 - R:localhost/127.0.0.1:58503]' for 'GET' to '/json/version'
17:04:41.878 [AsyncHttpClient-1-12] DEBUG org.asynchttpclient.netty.handler.HttpHandler -- 

Request DefaultFullHttpRequest(decodeResult: success, version: HTTP/1.1, content: EmptyByteBufBE)
GET /json/version HTTP/1.1
User-Agent: selenium/4.12.0 (java windows)
host: localhost:58503
accept: */*

Response DefaultHttpResponse(decodeResult: success, version: HTTP/1.1)
HTTP/1.1 200 OK
Content-Security-Policy: frame-ancestors 'none'
Content-Length: 424
Content-Type: application/json; charset=UTF-8

17:04:41.878 [AsyncHttpClient-1-12] DEBUG org.asynchttpclient.netty.channel.ChannelManager -- Adding key: http://localhost:58503 for channel [id: 0xa89f5ac2, L:/127.0.0.1:58509 - R:localhost/127.0.0.1:58503]
17:04:41.881 [AsyncHttpClient-1-13] DEBUG org.asynchttpclient.netty.channel.NettyConnectListener -- Using new Channel '[id: 0xe2c873e2, L:/127.0.0.1:58510 - R:localhost/127.0.0.1:58503]' for 'GET' to '/devtools/browser/04a175a5-d54b-4b27-b645-89b9fa2e8a2e'
17:04:41.883 [AsyncHttpClient-1-13] DEBUG org.asynchttpclient.netty.handler.WebSocketHandler -- 

Request DefaultFullHttpRequest(decodeResult: success, version: HTTP/1.1, content: EmptyByteBufBE)
GET /devtools/browser/04a175a5-d54b-4b27-b645-89b9fa2e8a2e HTTP/1.1
upgrade: websocket
connection: upgrade
sec-websocket-key: GvCK9twBYNokVqOWfzhOog==
sec-websocket-version: 13
origin: http://localhost:58503
host: localhost:58503
accept: */*
user-agent: AHC/2.1

Response DefaultHttpResponse(decodeResult: success, version: HTTP/1.1)
HTTP/1.1 101 WebSocket Protocol Handshake
Upgrade: WebSocket
Connection: Upgrade
Sec-WebSocket-Accept: 0KCeyH+zzWJAvp7I6++60r5c6rc=

17:04:41.890 [Forwarding maximizeCurrentWindow on session ee8d6b03051fc34900b4a3dd425553d6 to remote] DEBUG org.asynchttpclient.netty.request.NettyRequestSender -- Using pooled Channel '[id: 0x1ea7c57b, L:/127.0.0.1:58501 - R:localhost/127.0.0.1:26351]' for 'POST' to 'http://localhost:26351/session/ee8d6b03051fc34900b4a3dd425553d6/window/maximize'
17:04:41.890 [Forwarding maximizeCurrentWindow on session ee8d6b03051fc34900b4a3dd425553d6 to remote] DEBUG org.asynchttpclient.netty.request.NettyRequestSender -- Using open Channel [id: 0x1ea7c57b, L:/127.0.0.1:58501 - R:localhost/127.0.0.1:26351] for POST '/session/ee8d6b03051fc34900b4a3dd425553d6/window/maximize'
17:04:41.924 [AsyncHttpClient-1-11] DEBUG org.asynchttpclient.netty.handler.HttpHandler -- 

Request DefaultHttpRequest(decodeResult: success, version: HTTP/1.1)
POST /session/ee8d6b03051fc34900b4a3dd425553d6/window/maximize HTTP/1.1
User-Agent: selenium/4.12.0 (java windows)
Content-Length: 3
Content-Type: application/json; charset=utf-8
host: localhost:26351
accept: */*

Response DefaultHttpResponse(decodeResult: success, version: HTTP/1.1)
HTTP/1.1 200 OK
Content-Length: 51
Content-Type: application/json; charset=utf-8
cache-control: no-cache

17:04:41.926 [AsyncHttpClient-1-11] DEBUG org.asynchttpclient.netty.channel.ChannelManager -- Adding key: http://localhost:26351 for channel [id: 0x1ea7c57b, L:/127.0.0.1:58501 - R:localhost/127.0.0.1:26351]
17:04:41.927 [Forwarding get on session ee8d6b03051fc34900b4a3dd425553d6 to remote] DEBUG org.asynchttpclient.netty.request.NettyRequestSender -- Using pooled Channel '[id: 0x1ea7c57b, L:/127.0.0.1:58501 - R:localhost/127.0.0.1:26351]' for 'POST' to 'http://localhost:26351/session/ee8d6b03051fc34900b4a3dd425553d6/url'
17:04:41.927 [Forwarding get on session ee8d6b03051fc34900b4a3dd425553d6 to remote] DEBUG org.asynchttpclient.netty.request.NettyRequestSender -- Using open Channel [id: 0x1ea7c57b, L:/127.0.0.1:58501 - R:localhost/127.0.0.1:26351] for POST '/session/ee8d6b03051fc34900b4a3dd425553d6/url'
17:04:42.489 [AsyncHttpClient-1-1] DEBUG org.asynchttpclient.netty.channel.DefaultChannelPool -- Entry count for : http://localhost:58503 : 1
17:04:43.590 [AsyncHttpClient-1-1] DEBUG org.asynchttpclient.netty.channel.DefaultChannelPool -- Entry count for : http://localhost:58503 : 1
17:04:44.692 [AsyncHttpClient-1-1] DEBUG org.asynchttpclient.netty.channel.DefaultChannelPool -- Entry count for : http://localhost:58503 : 1
17:04:45.623 [AsyncHttpClient-1-11] DEBUG org.asynchttpclient.netty.handler.HttpHandler -- 

Request DefaultHttpRequest(decodeResult: success, version: HTTP/1.1)
POST /session/ee8d6b03051fc34900b4a3dd425553d6/url HTTP/1.1
User-Agent: selenium/4.12.0 (java windows)
Content-Length: 58
Content-Type: application/json; charset=utf-8
host: localhost:26351
accept: */*

Response DefaultHttpResponse(decodeResult: success, version: HTTP/1.1)
HTTP/1.1 200 OK
Content-Length: 14
Content-Type: application/json; charset=utf-8
cache-control: no-cache

17:04:45.624 [AsyncHttpClient-1-11] DEBUG org.asynchttpclient.netty.channel.ChannelManager -- Adding key: http://localhost:26351 for channel [id: 0x1ea7c57b, L:/127.0.0.1:58501 - R:localhost/127.0.0.1:26351]
[LOG] Logging in with valid credentials...
17:04:45.633 [Forwarding findElement on session ee8d6b03051fc34900b4a3dd425553d6 to remote] DEBUG org.asynchttpclient.netty.request.NettyRequestSender -- Using pooled Channel '[id: 0x1ea7c57b, L:/127.0.0.1:58501 - R:localhost/127.0.0.1:26351]' for 'POST' to 'http://localhost:26351/session/ee8d6b03051fc34900b4a3dd425553d6/element'
17:04:45.633 [Forwarding findElement on session ee8d6b03051fc34900b4a3dd425553d6 to remote] DEBUG org.asynchttpclient.netty.request.NettyRequestSender -- Using open Channel [id: 0x1ea7c57b, L:/127.0.0.1:58501 - R:localhost/127.0.0.1:26351] for POST '/session/ee8d6b03051fc34900b4a3dd425553d6/element'
17:04:45.673 [AsyncHttpClient-1-11] DEBUG org.asynchttpclient.netty.handler.HttpHandler -- 

Request DefaultHttpRequest(decodeResult: success, version: HTTP/1.1)
POST /session/ee8d6b03051fc34900b4a3dd425553d6/element HTTP/1.1
User-Agent: selenium/4.12.0 (java windows)
Content-Length: 59
Content-Type: application/json; charset=utf-8
host: localhost:26351
accept: */*

Response DefaultHttpResponse(decodeResult: success, version: HTTP/1.1)
HTTP/1.1 200 OK
Content-Length: 126
Content-Type: application/json; charset=utf-8
cache-control: no-cache

17:04:45.673 [AsyncHttpClient-1-11] DEBUG org.asynchttpclient.netty.channel.ChannelManager -- Adding key: http://localhost:26351 for channel [id: 0x1ea7c57b, L:/127.0.0.1:58501 - R:localhost/127.0.0.1:26351]
17:04:45.677 [Forwarding sendKeysToElement on session ee8d6b03051fc34900b4a3dd425553d6 to remote] DEBUG org.asynchttpclient.netty.request.NettyRequestSender -- Using pooled Channel '[id: 0x1ea7c57b, L:/127.0.0.1:58501 - R:localhost/127.0.0.1:26351]' for 'POST' to 'http://localhost:26351/session/ee8d6b03051fc34900b4a3dd425553d6/element/f.DD3B58758A92E688BF09A19907A96F1D.d.608A0781F33136EAE7E48C92BC9244EC.e.16/value'
17:04:45.677 [Forwarding sendKeysToElement on session ee8d6b03051fc34900b4a3dd425553d6 to remote] DEBUG org.asynchttpclient.netty.request.NettyRequestSender -- Using open Channel [id: 0x1ea7c57b, L:/127.0.0.1:58501 - R:localhost/127.0.0.1:26351] for POST '/session/ee8d6b03051fc34900b4a3dd425553d6/element/f.DD3B58758A92E688BF09A19907A96F1D.d.608A0781F33136EAE7E48C92BC9244EC.e.16/value'
17:04:45.803 [AsyncHttpClient-1-1] DEBUG org.asynchttpclient.netty.channel.DefaultChannelPool -- Entry count for : http://localhost:58503 : 1
17:04:45.952 [AsyncHttpClient-1-11] DEBUG org.asynchttpclient.netty.handler.HttpHandler -- 

Request DefaultHttpRequest(decodeResult: success, version: HTTP/1.1)
POST /session/ee8d6b03051fc34900b4a3dd425553d6/element/f.DD3B58758A92E688BF09A19907A96F1D.d.608A0781F33136EAE7E48C92BC9244EC.e.16/value HTTP/1.1
User-Agent: selenium/4.12.0 (java windows)
Content-Length: 389
Content-Type: application/json; charset=utf-8
host: localhost:26351
accept: */*

Response DefaultHttpResponse(decodeResult: success, version: HTTP/1.1)
HTTP/1.1 200 OK
Content-Length: 14
Content-Type: application/json; charset=utf-8
cache-control: no-cache

17:04:45.952 [AsyncHttpClient-1-11] DEBUG org.asynchttpclient.netty.channel.ChannelManager -- Adding key: http://localhost:26351 for channel [id: 0x1ea7c57b, L:/127.0.0.1:58501 - R:localhost/127.0.0.1:26351]
17:04:45.953 [Forwarding findElement on session ee8d6b03051fc34900b4a3dd425553d6 to remote] DEBUG org.asynchttpclient.netty.request.NettyRequestSender -- Using pooled Channel '[id: 0x1ea7c57b, L:/127.0.0.1:58501 - R:localhost/127.0.0.1:26351]' for 'POST' to 'http://localhost:26351/session/ee8d6b03051fc34900b4a3dd425553d6/element'
17:04:45.953 [Forwarding findElement on session ee8d6b03051fc34900b4a3dd425553d6 to remote] DEBUG org.asynchttpclient.netty.request.NettyRequestSender -- Using open Channel [id: 0x1ea7c57b, L:/127.0.0.1:58501 - R:localhost/127.0.0.1:26351] for POST '/session/ee8d6b03051fc34900b4a3dd425553d6/element'
17:04:45.975 [AsyncHttpClient-1-11] DEBUG org.asynchttpclient.netty.handler.HttpHandler -- 

Request DefaultHttpRequest(decodeResult: success, version: HTTP/1.1)
POST /session/ee8d6b03051fc34900b4a3dd425553d6/element HTTP/1.1
User-Agent: selenium/4.12.0 (java windows)
Content-Length: 62
Content-Type: application/json; charset=utf-8
host: localhost:26351
accept: */*

Response DefaultHttpResponse(decodeResult: success, version: HTTP/1.1)
HTTP/1.1 200 OK
Content-Length: 125
Content-Type: application/json; charset=utf-8
cache-control: no-cache

17:04:45.976 [AsyncHttpClient-1-11] DEBUG org.asynchttpclient.netty.channel.ChannelManager -- Adding key: http://localhost:26351 for channel [id: 0x1ea7c57b, L:/127.0.0.1:58501 - R:localhost/127.0.0.1:26351]
17:04:45.979 [Forwarding sendKeysToElement on session ee8d6b03051fc34900b4a3dd425553d6 to remote] DEBUG org.asynchttpclient.netty.request.NettyRequestSender -- Using pooled Channel '[id: 0x1ea7c57b, L:/127.0.0.1:58501 - R:localhost/127.0.0.1:26351]' for 'POST' to 'http://localhost:26351/session/ee8d6b03051fc34900b4a3dd425553d6/element/f.DD3B58758A92E688BF09A19907A96F1D.d.608A0781F33136EAE7E48C92BC9244EC.e.4/value'
17:04:45.979 [Forwarding sendKeysToElement on session ee8d6b03051fc34900b4a3dd425553d6 to remote] DEBUG org.asynchttpclient.netty.request.NettyRequestSender -- Using open Channel [id: 0x1ea7c57b, L:/127.0.0.1:58501 - R:localhost/127.0.0.1:26351] for POST '/session/ee8d6b03051fc34900b4a3dd425553d6/element/f.DD3B58758A92E688BF09A19907A96F1D.d.608A0781F33136EAE7E48C92BC9244EC.e.4/value'
17:04:46.073 [AsyncHttpClient-1-11] DEBUG org.asynchttpclient.netty.handler.HttpHandler -- 

Request DefaultHttpRequest(decodeResult: success, version: HTTP/1.1)
POST /session/ee8d6b03051fc34900b4a3dd425553d6/element/f.DD3B58758A92E688BF09A19907A96F1D.d.608A0781F33136EAE7E48C92BC9244EC.e.4/value HTTP/1.1
User-Agent: selenium/4.12.0 (java windows)
Content-Length: 218
Content-Type: application/json; charset=utf-8
host: localhost:26351
accept: */*

Response DefaultHttpResponse(decodeResult: success, version: HTTP/1.1)
HTTP/1.1 200 OK
Content-Length: 14
Content-Type: application/json; charset=utf-8
cache-control: no-cache

17:04:46.073 [AsyncHttpClient-1-11] DEBUG org.asynchttpclient.netty.channel.ChannelManager -- Adding key: http://localhost:26351 for channel [id: 0x1ea7c57b, L:/127.0.0.1:58501 - R:localhost/127.0.0.1:26351]
17:04:46.074 [Forwarding findElement on session ee8d6b03051fc34900b4a3dd425553d6 to remote] DEBUG org.asynchttpclient.netty.request.NettyRequestSender -- Using pooled Channel '[id: 0x1ea7c57b, L:/127.0.0.1:58501 - R:localhost/127.0.0.1:26351]' for 'POST' to 'http://localhost:26351/session/ee8d6b03051fc34900b4a3dd425553d6/element'
17:04:46.074 [Forwarding findElement on session ee8d6b03051fc34900b4a3dd425553d6 to remote] DEBUG org.asynchttpclient.netty.request.NettyRequestSender -- Using open Channel [id: 0x1ea7c57b, L:/127.0.0.1:58501 - R:localhost/127.0.0.1:26351] for POST '/session/ee8d6b03051fc34900b4a3dd425553d6/element'
17:04:46.086 [AsyncHttpClient-1-11] DEBUG org.asynchttpclient.netty.handler.HttpHandler -- 

Request DefaultHttpRequest(decodeResult: success, version: HTTP/1.1)
POST /session/ee8d6b03051fc34900b4a3dd425553d6/element HTTP/1.1
User-Agent: selenium/4.12.0 (java windows)
Content-Length: 65
Content-Type: application/json; charset=utf-8
host: localhost:26351
accept: */*

Response DefaultHttpResponse(decodeResult: success, version: HTTP/1.1)
HTTP/1.1 200 OK
Content-Length: 126
Content-Type: application/json; charset=utf-8
cache-control: no-cache

17:04:46.087 [AsyncHttpClient-1-11] DEBUG org.asynchttpclient.netty.channel.ChannelManager -- Adding key: http://localhost:26351 for channel [id: 0x1ea7c57b, L:/127.0.0.1:58501 - R:localhost/127.0.0.1:26351]
17:04:46.089 [Forwarding clickElement on session ee8d6b03051fc34900b4a3dd425553d6 to remote] DEBUG org.asynchttpclient.netty.request.NettyRequestSender -- Using pooled Channel '[id: 0x1ea7c57b, L:/127.0.0.1:58501 - R:localhost/127.0.0.1:26351]' for 'POST' to 'http://localhost:26351/session/ee8d6b03051fc34900b4a3dd425553d6/element/f.DD3B58758A92E688BF09A19907A96F1D.d.608A0781F33136EAE7E48C92BC9244EC.e.18/click'
17:04:46.089 [Forwarding clickElement on session ee8d6b03051fc34900b4a3dd425553d6 to remote] DEBUG org.asynchttpclient.netty.request.NettyRequestSender -- Using open Channel [id: 0x1ea7c57b, L:/127.0.0.1:58501 - R:localhost/127.0.0.1:26351] for POST '/session/ee8d6b03051fc34900b4a3dd425553d6/element/f.DD3B58758A92E688BF09A19907A96F1D.d.608A0781F33136EAE7E48C92BC9244EC.e.18/click'
17:04:46.161 [AsyncHttpClient-1-11] DEBUG org.asynchttpclient.netty.handler.HttpHandler -- 

Request DefaultHttpRequest(decodeResult: success, version: HTTP/1.1)
POST /session/ee8d6b03051fc34900b4a3dd425553d6/element/f.DD3B58758A92E688BF09A19907A96F1D.d.608A0781F33136EAE7E48C92BC9244EC.e.18/click HTTP/1.1
User-Agent: selenium/4.12.0 (java windows)
Content-Length: 88
Content-Type: application/json; charset=utf-8
host: localhost:26351
accept: */*

Response DefaultHttpResponse(decodeResult: success, version: HTTP/1.1)
HTTP/1.1 200 OK
Content-Length: 14
Content-Type: application/json; charset=utf-8
cache-control: no-cache

17:04:46.162 [AsyncHttpClient-1-11] DEBUG org.asynchttpclient.netty.channel.ChannelManager -- Adding key: http://localhost:26351 for channel [id: 0x1ea7c57b, L:/127.0.0.1:58501 - R:localhost/127.0.0.1:26351]
17:04:46.164 [Forwarding findElement on session ee8d6b03051fc34900b4a3dd425553d6 to remote] DEBUG org.asynchttpclient.netty.request.NettyRequestSender -- Using pooled Channel '[id: 0x1ea7c57b, L:/127.0.0.1:58501 - R:localhost/127.0.0.1:26351]' for 'POST' to 'http://localhost:26351/session/ee8d6b03051fc34900b4a3dd425553d6/element'
17:04:46.164 [Forwarding findElement on session ee8d6b03051fc34900b4a3dd425553d6 to remote] DEBUG org.asynchttpclient.netty.request.NettyRequestSender -- Using open Channel [id: 0x1ea7c57b, L:/127.0.0.1:58501 - R:localhost/127.0.0.1:26351] for POST '/session/ee8d6b03051fc34900b4a3dd425553d6/element'
17:04:46.189 [AsyncHttpClient-1-11] DEBUG org.asynchttpclient.netty.handler.HttpHandler -- 

Request DefaultHttpRequest(decodeResult: success, version: HTTP/1.1)
POST /session/ee8d6b03051fc34900b4a3dd425553d6/element HTTP/1.1
User-Agent: selenium/4.12.0 (java windows)
Content-Length: 151
Content-Type: application/json; charset=utf-8
host: localhost:26351
accept: */*

Response DefaultHttpResponse(decodeResult: success, version: HTTP/1.1)
HTTP/1.1 404 Not Found
Content-Length: 1093
Content-Type: application/json; charset=utf-8
cache-control: no-cache

17:04:46.189 [AsyncHttpClient-1-11] DEBUG org.asynchttpclient.netty.channel.ChannelManager -- Adding key: http://localhost:26351 for channel [id: 0x1ea7c57b, L:/127.0.0.1:58501 - R:localhost/127.0.0.1:26351]
17:04:46.695 [Forwarding findElement on session ee8d6b03051fc34900b4a3dd425553d6 to remote] DEBUG org.asynchttpclient.netty.request.NettyRequestSender -- Using pooled Channel '[id: 0x1ea7c57b, L:/127.0.0.1:58501 - R:localhost/127.0.0.1:26351]' for 'POST' to 'http://localhost:26351/session/ee8d6b03051fc34900b4a3dd425553d6/element'
17:04:46.695 [Forwarding findElement on session ee8d6b03051fc34900b4a3dd425553d6 to remote] DEBUG org.asynchttpclient.netty.request.NettyRequestSender -- Using open Channel [id: 0x1ea7c57b, L:/127.0.0.1:58501 - R:localhost/127.0.0.1:26351] for POST '/session/ee8d6b03051fc34900b4a3dd425553d6/element'
17:04:46.724 [AsyncHttpClient-1-11] DEBUG org.asynchttpclient.netty.handler.HttpHandler -- 

Request DefaultHttpRequest(decodeResult: success, version: HTTP/1.1)
POST /session/ee8d6b03051fc34900b4a3dd425553d6/element HTTP/1.1
User-Agent: selenium/4.12.0 (java windows)
Content-Length: 151
Content-Type: application/json; charset=utf-8
host: localhost:26351
accept: */*

Response DefaultHttpResponse(decodeResult: success, version: HTTP/1.1)
HTTP/1.1 404 Not Found
Content-Length: 1093
Content-Type: application/json; charset=utf-8
cache-control: no-cache

17:04:46.725 [AsyncHttpClient-1-11] DEBUG org.asynchttpclient.netty.channel.ChannelManager -- Adding key: http://localhost:26351 for channel [id: 0x1ea7c57b, L:/127.0.0.1:58501 - R:localhost/127.0.0.1:26351]
17:04:46.894 [AsyncHttpClient-1-1] DEBUG org.asynchttpclient.netty.channel.DefaultChannelPool -- Entry count for : http://localhost:26351 : 1
17:04:46.894 [AsyncHttpClient-1-1] DEBUG org.asynchttpclient.netty.channel.DefaultChannelPool -- Entry count for : http://localhost:58503 : 1
17:04:47.234 [Forwarding findElement on session ee8d6b03051fc34900b4a3dd425553d6 to remote] DEBUG org.asynchttpclient.netty.request.NettyRequestSender -- Using pooled Channel '[id: 0x1ea7c57b, L:/127.0.0.1:58501 - R:localhost/127.0.0.1:26351]' for 'POST' to 'http://localhost:26351/session/ee8d6b03051fc34900b4a3dd425553d6/element'
17:04:47.234 [Forwarding findElement on session ee8d6b03051fc34900b4a3dd425553d6 to remote] DEBUG org.asynchttpclient.netty.request.NettyRequestSender -- Using open Channel [id: 0x1ea7c57b, L:/127.0.0.1:58501 - R:localhost/127.0.0.1:26351] for POST '/session/ee8d6b03051fc34900b4a3dd425553d6/element'
17:04:47.259 [AsyncHttpClient-1-11] DEBUG org.asynchttpclient.netty.handler.HttpHandler -- 

Request DefaultHttpRequest(decodeResult: success, version: HTTP/1.1)
POST /session/ee8d6b03051fc34900b4a3dd425553d6/element HTTP/1.1
User-Agent: selenium/4.12.0 (java windows)
Content-Length: 151
Content-Type: application/json; charset=utf-8
host: localhost:26351
accept: */*

Response DefaultHttpResponse(decodeResult: success, version: HTTP/1.1)
HTTP/1.1 404 Not Found
Content-Length: 1093
Content-Type: application/json; charset=utf-8
cache-control: no-cache

17:04:47.259 [AsyncHttpClient-1-11] DEBUG org.asynchttpclient.netty.channel.ChannelManager -- Adding key: http://localhost:26351 for channel [id: 0x1ea7c57b, L:/127.0.0.1:58501 - R:localhost/127.0.0.1:26351]
17:04:47.774 [Forwarding findElement on session ee8d6b03051fc34900b4a3dd425553d6 to remote] DEBUG org.asynchttpclient.netty.request.NettyRequestSender -- Using pooled Channel '[id: 0x1ea7c57b, L:/127.0.0.1:58501 - R:localhost/127.0.0.1:26351]' for 'POST' to 'http://localhost:26351/session/ee8d6b03051fc34900b4a3dd425553d6/element'
17:04:47.774 [Forwarding findElement on session ee8d6b03051fc34900b4a3dd425553d6 to remote] DEBUG org.asynchttpclient.netty.request.NettyRequestSender -- Using open Channel [id: 0x1ea7c57b, L:/127.0.0.1:58501 - R:localhost/127.0.0.1:26351] for POST '/session/ee8d6b03051fc34900b4a3dd425553d6/element'
17:04:47.786 [AsyncHttpClient-1-11] DEBUG org.asynchttpclient.netty.handler.HttpHandler -- 

Request DefaultHttpRequest(decodeResult: success, version: HTTP/1.1)
POST /session/ee8d6b03051fc34900b4a3dd425553d6/element HTTP/1.1
User-Agent: selenium/4.12.0 (java windows)
Content-Length: 151
Content-Type: application/json; charset=utf-8
host: localhost:26351
accept: */*

Response DefaultHttpResponse(decodeResult: success, version: HTTP/1.1)
HTTP/1.1 200 OK
Content-Length: 126
Content-Type: application/json; charset=utf-8
cache-control: no-cache

17:04:47.786 [AsyncHttpClient-1-11] DEBUG org.asynchttpclient.netty.channel.ChannelManager -- Adding key: http://localhost:26351 for channel [id: 0x1ea7c57b, L:/127.0.0.1:58501 - R:localhost/127.0.0.1:26351]
17:04:47.789 [Forwarding findElement on session ee8d6b03051fc34900b4a3dd425553d6 to remote] DEBUG org.asynchttpclient.netty.request.NettyRequestSender -- Using pooled Channel '[id: 0x1ea7c57b, L:/127.0.0.1:58501 - R:localhost/127.0.0.1:26351]' for 'POST' to 'http://localhost:26351/session/ee8d6b03051fc34900b4a3dd425553d6/element'
17:04:47.789 [Forwarding findElement on session ee8d6b03051fc34900b4a3dd425553d6 to remote] DEBUG org.asynchttpclient.netty.request.NettyRequestSender -- Using open Channel [id: 0x1ea7c57b, L:/127.0.0.1:58501 - R:localhost/127.0.0.1:26351] for POST '/session/ee8d6b03051fc34900b4a3dd425553d6/element'
17:04:47.801 [AsyncHttpClient-1-11] DEBUG org.asynchttpclient.netty.handler.HttpHandler -- 

Request DefaultHttpRequest(decodeResult: success, version: HTTP/1.1)
POST /session/ee8d6b03051fc34900b4a3dd425553d6/element HTTP/1.1
User-Agent: selenium/4.12.0 (java windows)
Content-Length: 151
Content-Type: application/json; charset=utf-8
host: localhost:26351
accept: */*

Response DefaultHttpResponse(decodeResult: success, version: HTTP/1.1)
HTTP/1.1 200 OK
Content-Length: 126
Content-Type: application/json; charset=utf-8
cache-control: no-cache

17:04:47.801 [AsyncHttpClient-1-11] DEBUG org.asynchttpclient.netty.channel.ChannelManager -- Adding key: http://localhost:26351 for channel [id: 0x1ea7c57b, L:/127.0.0.1:58501 - R:localhost/127.0.0.1:26351]
17:04:47.805 [Forwarding isElementDisplayed on session ee8d6b03051fc34900b4a3dd425553d6 to remote] DEBUG org.asynchttpclient.netty.request.NettyRequestSender -- Using pooled Channel '[id: 0x1ea7c57b, L:/127.0.0.1:58501 - R:localhost/127.0.0.1:26351]' for 'POST' to 'http://localhost:26351/session/ee8d6b03051fc34900b4a3dd425553d6/execute/sync'
17:04:47.805 [Forwarding isElementDisplayed on session ee8d6b03051fc34900b4a3dd425553d6 to remote] DEBUG org.asynchttpclient.netty.request.NettyRequestSender -- Using open Channel [id: 0x1ea7c57b, L:/127.0.0.1:58501 - R:localhost/127.0.0.1:26351] for POST '/session/ee8d6b03051fc34900b4a3dd425553d6/execute/sync'
17:04:47.830 [AsyncHttpClient-1-11] DEBUG org.asynchttpclient.netty.handler.HttpHandler -- 

Request DefaultHttpRequest(decodeResult: success, version: HTTP/1.1)
POST /session/ee8d6b03051fc34900b4a3dd425553d6/execute/sync HTTP/1.1
User-Agent: selenium/4.12.0 (java windows)
Content-Length: 48734
Content-Type: application/json; charset=utf-8
host: localhost:26351
accept: */*

Response DefaultHttpResponse(decodeResult: success, version: HTTP/1.1)
HTTP/1.1 200 OK
Content-Length: 14
Content-Type: application/json; charset=utf-8
cache-control: no-cache

17:04:47.832 [AsyncHttpClient-1-11] DEBUG org.asynchttpclient.netty.channel.ChannelManager -- Adding key: http://localhost:26351 for channel [id: 0x1ea7c57b, L:/127.0.0.1:58501 - R:localhost/127.0.0.1:26351]
[LOG] Navigating to the profile page...
17:04:47.833 [Forwarding findElement on session ee8d6b03051fc34900b4a3dd425553d6 to remote] DEBUG org.asynchttpclient.netty.request.NettyRequestSender -- Using pooled Channel '[id: 0x1ea7c57b, L:/127.0.0.1:58501 - R:localhost/127.0.0.1:26351]' for 'POST' to 'http://localhost:26351/session/ee8d6b03051fc34900b4a3dd425553d6/element'
17:04:47.833 [Forwarding findElement on session ee8d6b03051fc34900b4a3dd425553d6 to remote] DEBUG org.asynchttpclient.netty.request.NettyRequestSender -- Using open Channel [id: 0x1ea7c57b, L:/127.0.0.1:58501 - R:localhost/127.0.0.1:26351] for POST '/session/ee8d6b03051fc34900b4a3dd425553d6/element'
17:04:47.853 [AsyncHttpClient-1-11] DEBUG org.asynchttpclient.netty.handler.HttpHandler -- 

Request DefaultHttpRequest(decodeResult: success, version: HTTP/1.1)
POST /session/ee8d6b03051fc34900b4a3dd425553d6/element HTTP/1.1
User-Agent: selenium/4.12.0 (java windows)
Content-Length: 148
Content-Type: application/json; charset=utf-8
host: localhost:26351
accept: */*

Response DefaultHttpResponse(decodeResult: success, version: HTTP/1.1)
HTTP/1.1 200 OK
Content-Length: 126
Content-Type: application/json; charset=utf-8
cache-control: no-cache

17:04:47.853 [AsyncHttpClient-1-11] DEBUG org.asynchttpclient.netty.channel.ChannelManager -- Adding key: http://localhost:26351 for channel [id: 0x1ea7c57b, L:/127.0.0.1:58501 - R:localhost/127.0.0.1:26351]
17:04:47.855 [Forwarding clickElement on session ee8d6b03051fc34900b4a3dd425553d6 to remote] DEBUG org.asynchttpclient.netty.request.NettyRequestSender -- Using pooled Channel '[id: 0x1ea7c57b, L:/127.0.0.1:58501 - R:localhost/127.0.0.1:26351]' for 'POST' to 'http://localhost:26351/session/ee8d6b03051fc34900b4a3dd425553d6/element/f.DD3B58758A92E688BF09A19907A96F1D.d.608A0781F33136EAE7E48C92BC9244EC.e.30/click'
17:04:47.855 [Forwarding clickElement on session ee8d6b03051fc34900b4a3dd425553d6 to remote] DEBUG org.asynchttpclient.netty.request.NettyRequestSender -- Using open Channel [id: 0x1ea7c57b, L:/127.0.0.1:58501 - R:localhost/127.0.0.1:26351] for POST '/session/ee8d6b03051fc34900b4a3dd425553d6/element/f.DD3B58758A92E688BF09A19907A96F1D.d.608A0781F33136EAE7E48C92BC9244EC.e.30/click'
17:04:47.995 [AsyncHttpClient-1-1] DEBUG org.asynchttpclient.netty.channel.DefaultChannelPool -- Entry count for : http://localhost:58503 : 1
17:04:47.999 [AsyncHttpClient-1-11] DEBUG org.asynchttpclient.netty.handler.HttpHandler -- 

Request DefaultHttpRequest(decodeResult: success, version: HTTP/1.1)
POST /session/ee8d6b03051fc34900b4a3dd425553d6/element/f.DD3B58758A92E688BF09A19907A96F1D.d.608A0781F33136EAE7E48C92BC9244EC.e.30/click HTTP/1.1
User-Agent: selenium/4.12.0 (java windows)
Content-Length: 88
Content-Type: application/json; charset=utf-8
host: localhost:26351
accept: */*

Response DefaultHttpResponse(decodeResult: success, version: HTTP/1.1)
HTTP/1.1 200 OK
Content-Length: 14
Content-Type: application/json; charset=utf-8
cache-control: no-cache

17:04:47.999 [AsyncHttpClient-1-11] DEBUG org.asynchttpclient.netty.channel.ChannelManager -- Adding key: http://localhost:26351 for channel [id: 0x1ea7c57b, L:/127.0.0.1:58501 - R:localhost/127.0.0.1:26351]
17:04:48.000 [Forwarding getCurrentUrl on session ee8d6b03051fc34900b4a3dd425553d6 to remote] DEBUG org.asynchttpclient.netty.request.NettyRequestSender -- Using pooled Channel '[id: 0x1ea7c57b, L:/127.0.0.1:58501 - R:localhost/127.0.0.1:26351]' for 'GET' to 'http://localhost:26351/session/ee8d6b03051fc34900b4a3dd425553d6/url'
17:04:48.000 [Forwarding getCurrentUrl on session ee8d6b03051fc34900b4a3dd425553d6 to remote] DEBUG org.asynchttpclient.netty.request.NettyRequestSender -- Using open Channel [id: 0x1ea7c57b, L:/127.0.0.1:58501 - R:localhost/127.0.0.1:26351] for GET '/session/ee8d6b03051fc34900b4a3dd425553d6/url'
17:04:48.011 [AsyncHttpClient-1-11] DEBUG org.asynchttpclient.netty.handler.HttpHandler -- 

Request DefaultFullHttpRequest(decodeResult: success, version: HTTP/1.1, content: EmptyByteBufBE)
GET /session/ee8d6b03051fc34900b4a3dd425553d6/url HTTP/1.1
Cache-Control: no-cache
User-Agent: selenium/4.12.0 (java windows)
Content-Type: application/json; charset=utf-8
host: localhost:26351
accept: */*

Response DefaultHttpResponse(decodeResult: success, version: HTTP/1.1)
HTTP/1.1 200 OK
Content-Length: 48
Content-Type: application/json; charset=utf-8
cache-control: no-cache

17:04:48.012 [AsyncHttpClient-1-11] DEBUG org.asynchttpclient.netty.channel.ChannelManager -- Adding key: http://localhost:26351 for channel [id: 0x1ea7c57b, L:/127.0.0.1:58501 - R:localhost/127.0.0.1:26351]
[LOG] Filling the change password form with invalid current password...
17:04:48.013 [Forwarding findElement on session ee8d6b03051fc34900b4a3dd425553d6 to remote] DEBUG org.asynchttpclient.netty.request.NettyRequestSender -- Using pooled Channel '[id: 0x1ea7c57b, L:/127.0.0.1:58501 - R:localhost/127.0.0.1:26351]' for 'POST' to 'http://localhost:26351/session/ee8d6b03051fc34900b4a3dd425553d6/element'
17:04:48.013 [Forwarding findElement on session ee8d6b03051fc34900b4a3dd425553d6 to remote] DEBUG org.asynchttpclient.netty.request.NettyRequestSender -- Using open Channel [id: 0x1ea7c57b, L:/127.0.0.1:58501 - R:localhost/127.0.0.1:26351] for POST '/session/ee8d6b03051fc34900b4a3dd425553d6/element'
17:04:48.033 [AsyncHttpClient-1-11] DEBUG org.asynchttpclient.netty.handler.HttpHandler -- 

Request DefaultHttpRequest(decodeResult: success, version: HTTP/1.1)
POST /session/ee8d6b03051fc34900b4a3dd425553d6/element HTTP/1.1
User-Agent: selenium/4.12.0 (java windows)
Content-Length: 214
Content-Type: application/json; charset=utf-8
host: localhost:26351
accept: */*

Response DefaultHttpResponse(decodeResult: success, version: HTTP/1.1)
HTTP/1.1 404 Not Found
Content-Length: 1131
Content-Type: application/json; charset=utf-8
cache-control: no-cache

17:04:48.033 [AsyncHttpClient-1-11] DEBUG org.asynchttpclient.netty.channel.ChannelManager -- Adding key: http://localhost:26351 for channel [id: 0x1ea7c57b, L:/127.0.0.1:58501 - R:localhost/127.0.0.1:26351]
17:04:48.552 [Forwarding findElement on session ee8d6b03051fc34900b4a3dd425553d6 to remote] DEBUG org.asynchttpclient.netty.request.NettyRequestSender -- Using pooled Channel '[id: 0x1ea7c57b, L:/127.0.0.1:58501 - R:localhost/127.0.0.1:26351]' for 'POST' to 'http://localhost:26351/session/ee8d6b03051fc34900b4a3dd425553d6/element'
17:04:48.552 [Forwarding findElement on session ee8d6b03051fc34900b4a3dd425553d6 to remote] DEBUG org.asynchttpclient.netty.request.NettyRequestSender -- Using open Channel [id: 0x1ea7c57b, L:/127.0.0.1:58501 - R:localhost/127.0.0.1:26351] for POST '/session/ee8d6b03051fc34900b4a3dd425553d6/element'
17:04:48.572 [AsyncHttpClient-1-11] DEBUG org.asynchttpclient.netty.handler.HttpHandler -- 

Request DefaultHttpRequest(decodeResult: success, version: HTTP/1.1)
POST /session/ee8d6b03051fc34900b4a3dd425553d6/element HTTP/1.1
User-Agent: selenium/4.12.0 (java windows)
Content-Length: 214
Content-Type: application/json; charset=utf-8
host: localhost:26351
accept: */*

Response DefaultHttpResponse(decodeResult: success, version: HTTP/1.1)
HTTP/1.1 200 OK
Content-Length: 126
Content-Type: application/json; charset=utf-8
cache-control: no-cache

17:04:48.572 [AsyncHttpClient-1-11] DEBUG org.asynchttpclient.netty.channel.ChannelManager -- Adding key: http://localhost:26351 for channel [id: 0x1ea7c57b, L:/127.0.0.1:58501 - R:localhost/127.0.0.1:26351]
17:04:48.574 [Forwarding findElement on session ee8d6b03051fc34900b4a3dd425553d6 to remote] DEBUG org.asynchttpclient.netty.request.NettyRequestSender -- Using pooled Channel '[id: 0x1ea7c57b, L:/127.0.0.1:58501 - R:localhost/127.0.0.1:26351]' for 'POST' to 'http://localhost:26351/session/ee8d6b03051fc34900b4a3dd425553d6/element'
17:04:48.574 [Forwarding findElement on session ee8d6b03051fc34900b4a3dd425553d6 to remote] DEBUG org.asynchttpclient.netty.request.NettyRequestSender -- Using open Channel [id: 0x1ea7c57b, L:/127.0.0.1:58501 - R:localhost/127.0.0.1:26351] for POST '/session/ee8d6b03051fc34900b4a3dd425553d6/element'
17:04:48.585 [AsyncHttpClient-1-11] DEBUG org.asynchttpclient.netty.handler.HttpHandler -- 

Request DefaultHttpRequest(decodeResult: success, version: HTTP/1.1)
POST /session/ee8d6b03051fc34900b4a3dd425553d6/element HTTP/1.1
User-Agent: selenium/4.12.0 (java windows)
Content-Length: 214
Content-Type: application/json; charset=utf-8
host: localhost:26351
accept: */*

Response DefaultHttpResponse(decodeResult: success, version: HTTP/1.1)
HTTP/1.1 200 OK
Content-Length: 126
Content-Type: application/json; charset=utf-8
cache-control: no-cache

17:04:48.585 [AsyncHttpClient-1-11] DEBUG org.asynchttpclient.netty.channel.ChannelManager -- Adding key: http://localhost:26351 for channel [id: 0x1ea7c57b, L:/127.0.0.1:58501 - R:localhost/127.0.0.1:26351]
17:04:48.587 [Forwarding sendKeysToElement on session ee8d6b03051fc34900b4a3dd425553d6 to remote] DEBUG org.asynchttpclient.netty.request.NettyRequestSender -- Using pooled Channel '[id: 0x1ea7c57b, L:/127.0.0.1:58501 - R:localhost/127.0.0.1:26351]' for 'POST' to 'http://localhost:26351/session/ee8d6b03051fc34900b4a3dd425553d6/element/f.DD3B58758A92E688BF09A19907A96F1D.d.608A0781F33136EAE7E48C92BC9244EC.e.40/value'
17:04:48.587 [Forwarding sendKeysToElement on session ee8d6b03051fc34900b4a3dd425553d6 to remote] DEBUG org.asynchttpclient.netty.request.NettyRequestSender -- Using open Channel [id: 0x1ea7c57b, L:/127.0.0.1:58501 - R:localhost/127.0.0.1:26351] for POST '/session/ee8d6b03051fc34900b4a3dd425553d6/element/f.DD3B58758A92E688BF09A19907A96F1D.d.608A0781F33136EAE7E48C92BC9244EC.e.40/value'
17:04:48.675 [AsyncHttpClient-1-11] DEBUG org.asynchttpclient.netty.handler.HttpHandler -- 

Request DefaultHttpRequest(decodeResult: success, version: HTTP/1.1)
POST /session/ee8d6b03051fc34900b4a3dd425553d6/element/f.DD3B58758A92E688BF09A19907A96F1D.d.608A0781F33136EAE7E48C92BC9244EC.e.40/value HTTP/1.1
User-Agent: selenium/4.12.0 (java windows)
Content-Length: 209
Content-Type: application/json; charset=utf-8
host: localhost:26351
accept: */*

Response DefaultHttpResponse(decodeResult: success, version: HTTP/1.1)
HTTP/1.1 200 OK
Content-Length: 14
Content-Type: application/json; charset=utf-8
cache-control: no-cache

17:04:48.675 [AsyncHttpClient-1-11] DEBUG org.asynchttpclient.netty.channel.ChannelManager -- Adding key: http://localhost:26351 for channel [id: 0x1ea7c57b, L:/127.0.0.1:58501 - R:localhost/127.0.0.1:26351]
17:04:48.677 [Forwarding findElement on session ee8d6b03051fc34900b4a3dd425553d6 to remote] DEBUG org.asynchttpclient.netty.request.NettyRequestSender -- Using pooled Channel '[id: 0x1ea7c57b, L:/127.0.0.1:58501 - R:localhost/127.0.0.1:26351]' for 'POST' to 'http://localhost:26351/session/ee8d6b03051fc34900b4a3dd425553d6/element'
17:04:48.677 [Forwarding findElement on session ee8d6b03051fc34900b4a3dd425553d6 to remote] DEBUG org.asynchttpclient.netty.request.NettyRequestSender -- Using open Channel [id: 0x1ea7c57b, L:/127.0.0.1:58501 - R:localhost/127.0.0.1:26351] for POST '/session/ee8d6b03051fc34900b4a3dd425553d6/element'
17:04:48.694 [AsyncHttpClient-1-11] DEBUG org.asynchttpclient.netty.handler.HttpHandler -- 

Request DefaultHttpRequest(decodeResult: success, version: HTTP/1.1)
POST /session/ee8d6b03051fc34900b4a3dd425553d6/element HTTP/1.1
User-Agent: selenium/4.12.0 (java windows)
Content-Length: 56
Content-Type: application/json; charset=utf-8
host: localhost:26351
accept: */*

Response DefaultHttpResponse(decodeResult: success, version: HTTP/1.1)
HTTP/1.1 200 OK
Content-Length: 126
Content-Type: application/json; charset=utf-8
cache-control: no-cache

17:04:48.694 [AsyncHttpClient-1-11] DEBUG org.asynchttpclient.netty.channel.ChannelManager -- Adding key: http://localhost:26351 for channel [id: 0x1ea7c57b, L:/127.0.0.1:58501 - R:localhost/127.0.0.1:26351]
17:04:48.696 [Forwarding sendKeysToElement on session ee8d6b03051fc34900b4a3dd425553d6 to remote] DEBUG org.asynchttpclient.netty.request.NettyRequestSender -- Using pooled Channel '[id: 0x1ea7c57b, L:/127.0.0.1:58501 - R:localhost/127.0.0.1:26351]' for 'POST' to 'http://localhost:26351/session/ee8d6b03051fc34900b4a3dd425553d6/element/f.DD3B58758A92E688BF09A19907A96F1D.d.608A0781F33136EAE7E48C92BC9244EC.e.41/value'
17:04:48.696 [Forwarding sendKeysToElement on session ee8d6b03051fc34900b4a3dd425553d6 to remote] DEBUG org.asynchttpclient.netty.request.NettyRequestSender -- Using open Channel [id: 0x1ea7c57b, L:/127.0.0.1:58501 - R:localhost/127.0.0.1:26351] for POST '/session/ee8d6b03051fc34900b4a3dd425553d6/element/f.DD3B58758A92E688BF09A19907A96F1D.d.608A0781F33136EAE7E48C92BC9244EC.e.41/value'
17:04:48.781 [AsyncHttpClient-1-11] DEBUG org.asynchttpclient.netty.handler.HttpHandler -- 

Request DefaultHttpRequest(decodeResult: success, version: HTTP/1.1)
POST /session/ee8d6b03051fc34900b4a3dd425553d6/element/f.DD3B58758A92E688BF09A19907A96F1D.d.608A0781F33136EAE7E48C92BC9244EC.e.41/value HTTP/1.1
User-Agent: selenium/4.12.0 (java windows)
Content-Length: 219
Content-Type: application/json; charset=utf-8
host: localhost:26351
accept: */*

Response DefaultHttpResponse(decodeResult: success, version: HTTP/1.1)
HTTP/1.1 200 OK
Content-Length: 14
Content-Type: application/json; charset=utf-8
cache-control: no-cache

17:04:48.781 [AsyncHttpClient-1-11] DEBUG org.asynchttpclient.netty.channel.ChannelManager -- Adding key: http://localhost:26351 for channel [id: 0x1ea7c57b, L:/127.0.0.1:58501 - R:localhost/127.0.0.1:26351]
17:04:48.782 [Forwarding findElement on session ee8d6b03051fc34900b4a3dd425553d6 to remote] DEBUG org.asynchttpclient.netty.request.NettyRequestSender -- Using pooled Channel '[id: 0x1ea7c57b, L:/127.0.0.1:58501 - R:localhost/127.0.0.1:26351]' for 'POST' to 'http://localhost:26351/session/ee8d6b03051fc34900b4a3dd425553d6/element'
17:04:48.782 [Forwarding findElement on session ee8d6b03051fc34900b4a3dd425553d6 to remote] DEBUG org.asynchttpclient.netty.request.NettyRequestSender -- Using open Channel [id: 0x1ea7c57b, L:/127.0.0.1:58501 - R:localhost/127.0.0.1:26351] for POST '/session/ee8d6b03051fc34900b4a3dd425553d6/element'
17:04:48.798 [AsyncHttpClient-1-11] DEBUG org.asynchttpclient.netty.handler.HttpHandler -- 

Request DefaultHttpRequest(decodeResult: success, version: HTTP/1.1)
POST /session/ee8d6b03051fc34900b4a3dd425553d6/element HTTP/1.1
User-Agent: selenium/4.12.0 (java windows)
Content-Length: 68
Content-Type: application/json; charset=utf-8
host: localhost:26351
accept: */*

Response DefaultHttpResponse(decodeResult: success, version: HTTP/1.1)
HTTP/1.1 200 OK
Content-Length: 126
Content-Type: application/json; charset=utf-8
cache-control: no-cache

17:04:48.798 [AsyncHttpClient-1-11] DEBUG org.asynchttpclient.netty.channel.ChannelManager -- Adding key: http://localhost:26351 for channel [id: 0x1ea7c57b, L:/127.0.0.1:58501 - R:localhost/127.0.0.1:26351]
17:04:48.800 [Forwarding sendKeysToElement on session ee8d6b03051fc34900b4a3dd425553d6 to remote] DEBUG org.asynchttpclient.netty.request.NettyRequestSender -- Using pooled Channel '[id: 0x1ea7c57b, L:/127.0.0.1:58501 - R:localhost/127.0.0.1:26351]' for 'POST' to 'http://localhost:26351/session/ee8d6b03051fc34900b4a3dd425553d6/element/f.DD3B58758A92E688BF09A19907A96F1D.d.608A0781F33136EAE7E48C92BC9244EC.e.42/value'
17:04:48.801 [Forwarding sendKeysToElement on session ee8d6b03051fc34900b4a3dd425553d6 to remote] DEBUG org.asynchttpclient.netty.request.NettyRequestSender -- Using open Channel [id: 0x1ea7c57b, L:/127.0.0.1:58501 - R:localhost/127.0.0.1:26351] for POST '/session/ee8d6b03051fc34900b4a3dd425553d6/element/f.DD3B58758A92E688BF09A19907A96F1D.d.608A0781F33136EAE7E48C92BC9244EC.e.42/value'
17:04:48.869 [AsyncHttpClient-1-11] DEBUG org.asynchttpclient.netty.handler.HttpHandler -- 

Request DefaultHttpRequest(decodeResult: success, version: HTTP/1.1)
POST /session/ee8d6b03051fc34900b4a3dd425553d6/element/f.DD3B58758A92E688BF09A19907A96F1D.d.608A0781F33136EAE7E48C92BC9244EC.e.42/value HTTP/1.1
User-Agent: selenium/4.12.0 (java windows)
Content-Length: 219
Content-Type: application/json; charset=utf-8
host: localhost:26351
accept: */*

Response DefaultHttpResponse(decodeResult: success, version: HTTP/1.1)
HTTP/1.1 200 OK
Content-Length: 14
Content-Type: application/json; charset=utf-8
cache-control: no-cache

17:04:48.869 [AsyncHttpClient-1-11] DEBUG org.asynchttpclient.netty.channel.ChannelManager -- Adding key: http://localhost:26351 for channel [id: 0x1ea7c57b, L:/127.0.0.1:58501 - R:localhost/127.0.0.1:26351]
17:04:48.871 [Forwarding findElement on session ee8d6b03051fc34900b4a3dd425553d6 to remote] DEBUG org.asynchttpclient.netty.request.NettyRequestSender -- Using pooled Channel '[id: 0x1ea7c57b, L:/127.0.0.1:58501 - R:localhost/127.0.0.1:26351]' for 'POST' to 'http://localhost:26351/session/ee8d6b03051fc34900b4a3dd425553d6/element'
17:04:48.871 [Forwarding findElement on session ee8d6b03051fc34900b4a3dd425553d6 to remote] DEBUG org.asynchttpclient.netty.request.NettyRequestSender -- Using open Channel [id: 0x1ea7c57b, L:/127.0.0.1:58501 - R:localhost/127.0.0.1:26351] for POST '/session/ee8d6b03051fc34900b4a3dd425553d6/element'
17:04:48.884 [AsyncHttpClient-1-11] DEBUG org.asynchttpclient.netty.handler.HttpHandler -- 

Request DefaultHttpRequest(decodeResult: success, version: HTTP/1.1)
POST /session/ee8d6b03051fc34900b4a3dd425553d6/element HTTP/1.1
User-Agent: selenium/4.12.0 (java windows)
Content-Length: 156
Content-Type: application/json; charset=utf-8
host: localhost:26351
accept: */*

Response DefaultHttpResponse(decodeResult: success, version: HTTP/1.1)
HTTP/1.1 200 OK
Content-Length: 126
Content-Type: application/json; charset=utf-8
cache-control: no-cache

17:04:48.885 [AsyncHttpClient-1-11] DEBUG org.asynchttpclient.netty.channel.ChannelManager -- Adding key: http://localhost:26351 for channel [id: 0x1ea7c57b, L:/127.0.0.1:58501 - R:localhost/127.0.0.1:26351]
17:04:48.886 [Forwarding clickElement on session ee8d6b03051fc34900b4a3dd425553d6 to remote] DEBUG org.asynchttpclient.netty.request.NettyRequestSender -- Using pooled Channel '[id: 0x1ea7c57b, L:/127.0.0.1:58501 - R:localhost/127.0.0.1:26351]' for 'POST' to 'http://localhost:26351/session/ee8d6b03051fc34900b4a3dd425553d6/element/f.DD3B58758A92E688BF09A19907A96F1D.d.608A0781F33136EAE7E48C92BC9244EC.e.58/click'
17:04:48.886 [Forwarding clickElement on session ee8d6b03051fc34900b4a3dd425553d6 to remote] DEBUG org.asynchttpclient.netty.request.NettyRequestSender -- Using open Channel [id: 0x1ea7c57b, L:/127.0.0.1:58501 - R:localhost/127.0.0.1:26351] for POST '/session/ee8d6b03051fc34900b4a3dd425553d6/element/f.DD3B58758A92E688BF09A19907A96F1D.d.608A0781F33136EAE7E48C92BC9244EC.e.58/click'
17:04:48.957 [AsyncHttpClient-1-11] DEBUG org.asynchttpclient.netty.handler.HttpHandler -- 

Request DefaultHttpRequest(decodeResult: success, version: HTTP/1.1)
POST /session/ee8d6b03051fc34900b4a3dd425553d6/element/f.DD3B58758A92E688BF09A19907A96F1D.d.608A0781F33136EAE7E48C92BC9244EC.e.58/click HTTP/1.1
User-Agent: selenium/4.12.0 (java windows)
Content-Length: 88
Content-Type: application/json; charset=utf-8
host: localhost:26351
accept: */*

Response DefaultHttpResponse(decodeResult: success, version: HTTP/1.1)
HTTP/1.1 200 OK
Content-Length: 14
Content-Type: application/json; charset=utf-8
cache-control: no-cache

17:04:48.957 [AsyncHttpClient-1-11] DEBUG org.asynchttpclient.netty.channel.ChannelManager -- Adding key: http://localhost:26351 for channel [id: 0x1ea7c57b, L:/127.0.0.1:58501 - R:localhost/127.0.0.1:26351]
[LOG] Waiting for the failure message to appear...
17:04:48.958 [Forwarding findElement on session ee8d6b03051fc34900b4a3dd425553d6 to remote] DEBUG org.asynchttpclient.netty.request.NettyRequestSender -- Using pooled Channel '[id: 0x1ea7c57b, L:/127.0.0.1:58501 - R:localhost/127.0.0.1:26351]' for 'POST' to 'http://localhost:26351/session/ee8d6b03051fc34900b4a3dd425553d6/element'
17:04:48.958 [Forwarding findElement on session ee8d6b03051fc34900b4a3dd425553d6 to remote] DEBUG org.asynchttpclient.netty.request.NettyRequestSender -- Using open Channel [id: 0x1ea7c57b, L:/127.0.0.1:58501 - R:localhost/127.0.0.1:26351] for POST '/session/ee8d6b03051fc34900b4a3dd425553d6/element'
17:04:48.974 [AsyncHttpClient-1-11] DEBUG org.asynchttpclient.netty.handler.HttpHandler -- 

Request DefaultHttpRequest(decodeResult: success, version: HTTP/1.1)
POST /session/ee8d6b03051fc34900b4a3dd425553d6/element HTTP/1.1
User-Agent: selenium/4.12.0 (java windows)
Content-Length: 120
Content-Type: application/json; charset=utf-8
host: localhost:26351
accept: */*

Response DefaultHttpResponse(decodeResult: success, version: HTTP/1.1)
HTTP/1.1 404 Not Found
Content-Length: 1107
Content-Type: application/json; charset=utf-8
cache-control: no-cache

17:04:48.975 [AsyncHttpClient-1-11] DEBUG org.asynchttpclient.netty.channel.ChannelManager -- Adding key: http://localhost:26351 for channel [id: 0x1ea7c57b, L:/127.0.0.1:58501 - R:localhost/127.0.0.1:26351]
17:04:49.092 [AsyncHttpClient-1-1] DEBUG org.asynchttpclient.netty.channel.DefaultChannelPool -- Entry count for : http://localhost:26351 : 1
17:04:49.092 [AsyncHttpClient-1-1] DEBUG org.asynchttpclient.netty.channel.DefaultChannelPool -- Entry count for : http://localhost:58503 : 1
17:04:49.482 [Forwarding findElement on session ee8d6b03051fc34900b4a3dd425553d6 to remote] DEBUG org.asynchttpclient.netty.request.NettyRequestSender -- Using pooled Channel '[id: 0x1ea7c57b, L:/127.0.0.1:58501 - R:localhost/127.0.0.1:26351]' for 'POST' to 'http://localhost:26351/session/ee8d6b03051fc34900b4a3dd425553d6/element'
17:04:49.482 [Forwarding findElement on session ee8d6b03051fc34900b4a3dd425553d6 to remote] DEBUG org.asynchttpclient.netty.request.NettyRequestSender -- Using open Channel [id: 0x1ea7c57b, L:/127.0.0.1:58501 - R:localhost/127.0.0.1:26351] for POST '/session/ee8d6b03051fc34900b4a3dd425553d6/element'
17:04:49.494 [AsyncHttpClient-1-11] DEBUG org.asynchttpclient.netty.handler.HttpHandler -- 

Request DefaultHttpRequest(decodeResult: success, version: HTTP/1.1)
POST /session/ee8d6b03051fc34900b4a3dd425553d6/element HTTP/1.1
User-Agent: selenium/4.12.0 (java windows)
Content-Length: 120
Content-Type: application/json; charset=utf-8
host: localhost:26351
accept: */*

Response DefaultHttpResponse(decodeResult: success, version: HTTP/1.1)
HTTP/1.1 404 Not Found
Content-Length: 1107
Content-Type: application/json; charset=utf-8
cache-control: no-cache

17:04:49.495 [AsyncHttpClient-1-11] DEBUG org.asynchttpclient.netty.channel.ChannelManager -- Adding key: http://localhost:26351 for channel [id: 0x1ea7c57b, L:/127.0.0.1:58501 - R:localhost/127.0.0.1:26351]
17:04:50.011 [Forwarding findElement on session ee8d6b03051fc34900b4a3dd425553d6 to remote] DEBUG org.asynchttpclient.netty.request.NettyRequestSender -- Using pooled Channel '[id: 0x1ea7c57b, L:/127.0.0.1:58501 - R:localhost/127.0.0.1:26351]' for 'POST' to 'http://localhost:26351/session/ee8d6b03051fc34900b4a3dd425553d6/element'
17:04:50.011 [Forwarding findElement on session ee8d6b03051fc34900b4a3dd425553d6 to remote] DEBUG org.asynchttpclient.netty.request.NettyRequestSender -- Using open Channel [id: 0x1ea7c57b, L:/127.0.0.1:58501 - R:localhost/127.0.0.1:26351] for POST '/session/ee8d6b03051fc34900b4a3dd425553d6/element'
17:04:50.035 [AsyncHttpClient-1-11] DEBUG org.asynchttpclient.netty.handler.HttpHandler -- 

Request DefaultHttpRequest(decodeResult: success, version: HTTP/1.1)
POST /session/ee8d6b03051fc34900b4a3dd425553d6/element HTTP/1.1
User-Agent: selenium/4.12.0 (java windows)
Content-Length: 120
Content-Type: application/json; charset=utf-8
host: localhost:26351
accept: */*

Response DefaultHttpResponse(decodeResult: success, version: HTTP/1.1)
HTTP/1.1 200 OK
Content-Length: 126
Content-Type: application/json; charset=utf-8
cache-control: no-cache

17:04:50.035 [AsyncHttpClient-1-11] DEBUG org.asynchttpclient.netty.channel.ChannelManager -- Adding key: http://localhost:26351 for channel [id: 0x1ea7c57b, L:/127.0.0.1:58501 - R:localhost/127.0.0.1:26351]
17:04:50.039 [Forwarding isElementDisplayed on session ee8d6b03051fc34900b4a3dd425553d6 to remote] DEBUG org.asynchttpclient.netty.request.NettyRequestSender -- Using pooled Channel '[id: 0x1ea7c57b, L:/127.0.0.1:58501 - R:localhost/127.0.0.1:26351]' for 'POST' to 'http://localhost:26351/session/ee8d6b03051fc34900b4a3dd425553d6/execute/sync'
17:04:50.039 [Forwarding isElementDisplayed on session ee8d6b03051fc34900b4a3dd425553d6 to remote] DEBUG org.asynchttpclient.netty.request.NettyRequestSender -- Using open Channel [id: 0x1ea7c57b, L:/127.0.0.1:58501 - R:localhost/127.0.0.1:26351] for POST '/session/ee8d6b03051fc34900b4a3dd425553d6/execute/sync'
17:04:50.072 [AsyncHttpClient-1-11] DEBUG org.asynchttpclient.netty.handler.HttpHandler -- 

Request DefaultHttpRequest(decodeResult: success, version: HTTP/1.1)
POST /session/ee8d6b03051fc34900b4a3dd425553d6/execute/sync HTTP/1.1
User-Agent: selenium/4.12.0 (java windows)
Content-Length: 48734
Content-Type: application/json; charset=utf-8
host: localhost:26351
accept: */*

Response DefaultHttpResponse(decodeResult: success, version: HTTP/1.1)
HTTP/1.1 200 OK
Content-Length: 14
Content-Type: application/json; charset=utf-8
cache-control: no-cache

17:04:50.072 [AsyncHttpClient-1-11] DEBUG org.asynchttpclient.netty.channel.ChannelManager -- Adding key: http://localhost:26351 for channel [id: 0x1ea7c57b, L:/127.0.0.1:58501 - R:localhost/127.0.0.1:26351]
[LOG] Retrieving the failure message text...
17:04:50.074 [Forwarding getElementText on session ee8d6b03051fc34900b4a3dd425553d6 to remote] DEBUG org.asynchttpclient.netty.request.NettyRequestSender -- Using pooled Channel '[id: 0x1ea7c57b, L:/127.0.0.1:58501 - R:localhost/127.0.0.1:26351]' for 'GET' to 'http://localhost:26351/session/ee8d6b03051fc34900b4a3dd425553d6/element/f.DD3B58758A92E688BF09A19907A96F1D.d.608A0781F33136EAE7E48C92BC9244EC.e.64/text'
17:04:50.074 [Forwarding getElementText on session ee8d6b03051fc34900b4a3dd425553d6 to remote] DEBUG org.asynchttpclient.netty.request.NettyRequestSender -- Using open Channel [id: 0x1ea7c57b, L:/127.0.0.1:58501 - R:localhost/127.0.0.1:26351] for GET '/session/ee8d6b03051fc34900b4a3dd425553d6/element/f.DD3B58758A92E688BF09A19907A96F1D.d.608A0781F33136EAE7E48C92BC9244EC.e.64/text'
17:04:50.113 [AsyncHttpClient-1-11] DEBUG org.asynchttpclient.netty.handler.HttpHandler -- 

Request DefaultFullHttpRequest(decodeResult: success, version: HTTP/1.1, content: EmptyByteBufBE)
GET /session/ee8d6b03051fc34900b4a3dd425553d6/element/f.DD3B58758A92E688BF09A19907A96F1D.d.608A0781F33136EAE7E48C92BC9244EC.e.64/text HTTP/1.1
Cache-Control: no-cache
User-Agent: selenium/4.12.0 (java windows)
Content-Type: application/json; charset=utf-8
host: localhost:26351
accept: */*

Response DefaultHttpResponse(decodeResult: success, version: HTTP/1.1)
HTTP/1.1 200 OK
Content-Length: 67
Content-Type: application/json; charset=utf-8
cache-control: no-cache

17:04:50.113 [AsyncHttpClient-1-11] DEBUG org.asynchttpclient.netty.channel.ChannelManager -- Adding key: http://localhost:26351 for channel [id: 0x1ea7c57b, L:/127.0.0.1:58501 - R:localhost/127.0.0.1:26351]
[LOG] Failure message text: NotAuthorizedException: Incorrect username or password.
[LOG] Asserting the failure message...
[LOG] Test completed successfully. Importance of current password double-checked.
]]></system-out>
    <system-err><![CDATA[Jan 03, 2025 5:04:41 PM org.openqa.selenium.devtools.CdpVersionFinder findNearestMatch
WARNING: Unable to find CDP implementation matching 131
Jan 03, 2025 5:04:41 PM org.openqa.selenium.chromium.ChromiumDriver lambda$new$5
WARNING: Unable to find version of CDP to use for 131.0.6778.205. You may need to include a dependency on a specific version of the CDP using something similar to `org.seleniumhq.selenium:selenium-devtools-v86:4.12.0` where the version ("v86") matches the version of the chromium-based browser you're using and the version number of the artifact is the same as Selenium's.
]]></system-err>
  </testcase>
  <testcase name="testCommentCharacterLimit" classname="UITestCases.BuggyCarsUITests" time="2.202">
    <failure message="no such element: Unable to locate element: {&quot;method&quot;:&quot;link text&quot;,&quot;selector&quot;:&quot;Overall Rating&quot;}&#10;  (Session info: chrome=131.0.6778.205)&#10;For documentation on this error, please visit: https://www.selenium.dev/documentation/webdriver/troubleshooting/errors#no-such-element-exception&#10;Build info: version: &apos;4.12.0&apos;, revision: &apos;249f2a7d1b*&apos;&#10;System info: os.name: &apos;Windows 11&apos;, os.arch: &apos;amd64&apos;, os.version: &apos;10.0&apos;, java.version: &apos;17.0.9&apos;&#10;Driver info: org.openqa.selenium.chrome.ChromeDriver&#10;Command: [f504b46783588f8120aa16009735b931, findElement {using=link text, value=Overall Rating}]&#10;Capabilities {acceptInsecureCerts: false, browserName: chrome, browserVersion: 131.0.6778.205, chrome: {chromedriverVersion: 131.0.6778.204 (52183f9e99a..., userDataDir: C:\Users\SASITH~1\AppData\L...}, fedcm:accounts: true, goog:chromeOptions: {debuggerAddress: localhost:58527}, networkConnectionEnabled: false, pageLoadStrategy: normal, platformName: windows, proxy: Proxy(), se:cdp: ws://localhost:58527/devtoo..., se:cdpVersion: 131.0.6778.205, setWindowRect: true, strictFileInteractability: false, timeouts: {implicit: 0, pageLoad: 300000, script: 30000}, unhandledPromptBehavior: dismiss and notify, webauthn:extension:credBlob: true, webauthn:extension:largeBlob: true, webauthn:extension:minPinLength: true, webauthn:extension:prf: true, webauthn:virtualAuthenticators: true}&#10;Session ID: f504b46783588f8120aa16009735b931" type="org.openqa.selenium.NoSuchElementException"><![CDATA[org.openqa.selenium.NoSuchElementException: 
no such element: Unable to locate element: {"method":"link text","selector":"Overall Rating"}
  (Session info: chrome=131.0.6778.205)
For documentation on this error, please visit: https://www.selenium.dev/documentation/webdriver/troubleshooting/errors#no-such-element-exception
Build info: version: '4.12.0', revision: '249f2a7d1b*'
System info: os.name: 'Windows 11', os.arch: 'amd64', os.version: '10.0', java.version: '17.0.9'
Driver info: org.openqa.selenium.chrome.ChromeDriver
Command: [f504b46783588f8120aa16009735b931, findElement {using=link text, value=Overall Rating}]
Capabilities {acceptInsecureCerts: false, browserName: chrome, browserVersion: 131.0.6778.205, chrome: {chromedriverVersion: 131.0.6778.204 (52183f9e99a..., userDataDir: C:\Users\SASITH~1\AppData\L...}, fedcm:accounts: true, goog:chromeOptions: {debuggerAddress: localhost:58527}, networkConnectionEnabled: false, pageLoadStrategy: normal, platformName: windows, proxy: Proxy(), se:cdp: ws://localhost:58527/devtoo..., se:cdpVersion: 131.0.6778.205, setWindowRect: true, strictFileInteractability: false, timeouts: {implicit: 0, pageLoad: 300000, script: 30000}, unhandledPromptBehavior: dismiss and notify, webauthn:extension:credBlob: true, webauthn:extension:largeBlob: true, webauthn:extension:minPinLength: true, webauthn:extension:prf: true, webauthn:virtualAuthenticators: true}
Session ID: f504b46783588f8120aa16009735b931
	at jdk.internal.reflect.GeneratedConstructorAccessor51.newInstance(Unknown Source)
	at java.base/jdk.internal.reflect.DelegatingConstructorAccessorImpl.newInstance(DelegatingConstructorAccessorImpl.java:45)
	at java.base/java.lang.reflect.Constructor.newInstanceWithCaller(Constructor.java:499)
	at java.base/java.lang.reflect.Constructor.newInstance(Constructor.java:480)
	at org.openqa.selenium.remote.codec.w3c.W3CHttpResponseCodec.createException(W3CHttpResponseCodec.java:200)
	at org.openqa.selenium.remote.codec.w3c.W3CHttpResponseCodec.decode(W3CHttpResponseCodec.java:133)
	at org.openqa.selenium.remote.codec.w3c.W3CHttpResponseCodec.decode(W3CHttpResponseCodec.java:52)
	at org.openqa.selenium.remote.HttpCommandExecutor.execute(HttpCommandExecutor.java:191)
	at org.openqa.selenium.remote.service.DriverCommandExecutor.invokeExecute(DriverCommandExecutor.java:196)
	at org.openqa.selenium.remote.service.DriverCommandExecutor.execute(DriverCommandExecutor.java:171)
	at org.openqa.selenium.remote.RemoteWebDriver.execute(RemoteWebDriver.java:602)
	at org.openqa.selenium.remote.ElementLocation$ElementFinder$2.findElement(ElementLocation.java:165)
	at org.openqa.selenium.remote.ElementLocation.findElement(ElementLocation.java:59)
	at org.openqa.selenium.remote.RemoteWebDriver.findElement(RemoteWebDriver.java:359)
	at org.openqa.selenium.remote.RemoteWebDriver.findElement(RemoteWebDriver.java:353)
	at UITestCases.BuggyCarsUITests.testCommentCharacterLimit(BuggyCarsUITests.java:156)
	at java.base/jdk.internal.reflect.NativeMethodAccessorImpl.invoke0(Native Method)
	at java.base/jdk.internal.reflect.NativeMethodAccessorImpl.invoke(NativeMethodAccessorImpl.java:77)
	at java.base/jdk.internal.reflect.DelegatingMethodAccessorImpl.invoke(DelegatingMethodAccessorImpl.java:43)
	at java.base/java.lang.reflect.Method.invoke(Method.java:568)
	at org.testng.internal.invokers.MethodInvocationHelper.invokeMethod(MethodInvocationHelper.java:139)
	at org.testng.internal.invokers.TestInvoker.invokeMethod(TestInvoker.java:677)
	at org.testng.internal.invokers.TestInvoker.invokeTestMethod(TestInvoker.java:221)
	at org.testng.internal.invokers.MethodRunner.runInSequence(MethodRunner.java:50)
	at org.testng.internal.invokers.TestInvoker$MethodInvocationAgent.invoke(TestInvoker.java:969)
	at org.testng.internal.invokers.TestInvoker.invokeTestMethods(TestInvoker.java:194)
	at org.testng.internal.invokers.TestMethodWorker.invokeTestMethods(TestMethodWorker.java:148)
	at org.testng.internal.invokers.TestMethodWorker.run(TestMethodWorker.java:128)
	at java.base/java.util.ArrayList.forEach(ArrayList.java:1511)
	at org.testng.TestRunner.privateRun(TestRunner.java:829)
	at org.testng.TestRunner.run(TestRunner.java:602)
	at org.testng.SuiteRunner.runTest(SuiteRunner.java:437)
	at org.testng.SuiteRunner.runSequentially(SuiteRunner.java:431)
	at org.testng.SuiteRunner.privateRun(SuiteRunner.java:391)
	at org.testng.SuiteRunner.run(SuiteRunner.java:330)
	at org.testng.SuiteRunnerWorker.runSuite(SuiteRunnerWorker.java:52)
	at org.testng.SuiteRunnerWorker.run(SuiteRunnerWorker.java:95)
	at org.testng.TestNG.runSuitesSequentially(TestNG.java:1256)
	at org.testng.TestNG.runSuitesLocally(TestNG.java:1176)
	at org.testng.TestNG.runSuites(TestNG.java:1099)
	at org.testng.TestNG.run(TestNG.java:1067)
	at org.apache.maven.surefire.testng.TestNGExecutor.run(TestNGExecutor.java:324)
	at org.apache.maven.surefire.testng.TestNGXmlTestSuite.execute(TestNGXmlTestSuite.java:74)
	at org.apache.maven.surefire.testng.TestNGProvider.invoke(TestNGProvider.java:123)
	at org.apache.maven.surefire.booter.ForkedBooter.runSuitesInProcess(ForkedBooter.java:456)
	at org.apache.maven.surefire.booter.ForkedBooter.execute(ForkedBooter.java:169)
	at org.apache.maven.surefire.booter.ForkedBooter.run(ForkedBooter.java:595)
	at org.apache.maven.surefire.booter.ForkedBooter.main(ForkedBooter.java:581)
]]></failure>
    <system-out><![CDATA[17:04:50.120 [AsyncHttpClient-1-13] DEBUG org.asynchttpclient.netty.handler.WebSocketHandler -- Channel Closed: [id: 0xe2c873e2, L:/127.0.0.1:58510 ! R:localhost/127.0.0.1:58503] with attribute DISCARD
17:04:50.120 [Driver Command Executor] DEBUG org.asynchttpclient.netty.request.NettyRequestSender -- Using pooled Channel '[id: 0x1ea7c57b, L:/127.0.0.1:58501 - R:localhost/127.0.0.1:26351]' for 'DELETE' to 'http://localhost:26351/session/ee8d6b03051fc34900b4a3dd425553d6'
17:04:50.120 [Driver Command Executor] DEBUG org.asynchttpclient.netty.request.NettyRequestSender -- Using open Channel [id: 0x1ea7c57b, L:/127.0.0.1:58501 - R:localhost/127.0.0.1:26351] for DELETE '/session/ee8d6b03051fc34900b4a3dd425553d6'
17:04:50.196 [AsyncHttpClient-1-1] DEBUG org.asynchttpclient.netty.channel.DefaultChannelPool -- Entry count for : http://localhost:58503 : 1
17:04:50.211 [AsyncHttpClient-1-12] DEBUG org.asynchttpclient.netty.handler.HttpHandler -- Unexpected I/O exception on channel [id: 0xa89f5ac2, L:/127.0.0.1:58509 - R:localhost/127.0.0.1:58503]
java.net.SocketException: Connection reset
	at java.base/sun.nio.ch.SocketChannelImpl.throwConnectionReset(SocketChannelImpl.java:394)
	at java.base/sun.nio.ch.SocketChannelImpl.read(SocketChannelImpl.java:426)
	at io.netty.buffer.PooledByteBuf.setBytes(PooledByteBuf.java:254)
	at io.netty.buffer.AbstractByteBuf.writeBytes(AbstractByteBuf.java:1132)
	at io.netty.channel.socket.nio.NioSocketChannel.doReadBytes(NioSocketChannel.java:357)
	at io.netty.channel.nio.AbstractNioByteChannel$NioByteUnsafe.read(AbstractNioByteChannel.java:151)
	at io.netty.channel.nio.NioEventLoop.processSelectedKey(NioEventLoop.java:788)
	at io.netty.channel.nio.NioEventLoop.processSelectedKeysOptimized(NioEventLoop.java:724)
	at io.netty.channel.nio.NioEventLoop.processSelectedKeys(NioEventLoop.java:650)
	at io.netty.channel.nio.NioEventLoop.run(NioEventLoop.java:562)
	at io.netty.util.concurrent.SingleThreadEventExecutor$4.run(SingleThreadEventExecutor.java:997)
	at io.netty.util.internal.ThreadExecutorMap$2.run(ThreadExecutorMap.java:74)
	at io.netty.util.concurrent.FastThreadLocalRunnable.run(FastThreadLocalRunnable.java:30)
	at java.base/java.lang.Thread.run(Thread.java:842)
17:04:50.211 [AsyncHttpClient-1-12] DEBUG org.asynchttpclient.netty.channel.ChannelManager -- Closing Channel [id: 0xa89f5ac2, L:/127.0.0.1:58509 - R:localhost/127.0.0.1:58503] 
17:04:50.212 [AsyncHttpClient-1-12] DEBUG org.asynchttpclient.netty.handler.HttpHandler -- Channel Closed: [id: 0xa89f5ac2, L:/127.0.0.1:58509 ! R:localhost/127.0.0.1:58503] with attribute DISCARD
17:04:50.248 [AsyncHttpClient-1-11] DEBUG org.asynchttpclient.netty.handler.HttpHandler -- 

Request DefaultFullHttpRequest(decodeResult: success, version: HTTP/1.1, content: EmptyByteBufBE)
DELETE /session/ee8d6b03051fc34900b4a3dd425553d6 HTTP/1.1
User-Agent: selenium/4.12.0 (java windows)
Content-Type: application/json; charset=utf-8
host: localhost:26351
accept: */*

Response DefaultHttpResponse(decodeResult: success, version: HTTP/1.1)
HTTP/1.1 200 OK
Content-Length: 14
Content-Type: application/json; charset=utf-8
cache-control: no-cache

17:04:50.248 [AsyncHttpClient-1-11] DEBUG org.asynchttpclient.netty.channel.ChannelManager -- Adding key: http://localhost:26351 for channel [id: 0x1ea7c57b, L:/127.0.0.1:58501 - R:localhost/127.0.0.1:26351]
17:04:50.350 [AsyncHttpClient-1-11] DEBUG org.asynchttpclient.netty.handler.HttpHandler -- Channel Closed: [id: 0x1ea7c57b, L:/127.0.0.1:58501 ! R:localhost/127.0.0.1:26351] with attribute DISCARD
17:04:50.402 [main] DEBUG io.github.bonigarcia.wdm.WebDriverManager -- Using WebDriverManager 5.5.3
17:04:50.421 [main] DEBUG io.github.bonigarcia.wdm.cache.ResolutionCache -- Resolution chrome=131 in cache (valid until 17:53:13 03/01/2025 IST)
17:04:50.423 [main] DEBUG io.github.bonigarcia.wdm.cache.ResolutionCache -- Resolution chrome131=131.0.6778.204 in cache (valid until 16:53:13 04/01/2025 IST)
17:04:50.423 [main] INFO io.github.bonigarcia.wdm.WebDriverManager -- Using chromedriver 131.0.6778.204 (resolved driver for Chrome 131)
17:04:50.431 [main] DEBUG io.github.bonigarcia.wdm.WebDriverManager -- Driver chromedriver 131.0.6778.204 found in cache
17:04:50.432 [main] INFO io.github.bonigarcia.wdm.WebDriverManager -- Exporting webdriver.chrome.driver as C:\Users\sasitharan\.cache\selenium\chromedriver\win64\131.0.6778.204\chromedriver.exe
17:04:50.517 [AsyncHttpClient-1-14] DEBUG org.asynchttpclient.netty.channel.NettyConnectListener -- Using new Channel '[id: 0xe551512d, L:/127.0.0.1:58526 - R:localhost/127.0.0.1:36135]' for 'POST' to '/session'
17:04:51.301 [AsyncHttpClient-1-1] DEBUG org.asynchttpclient.netty.channel.DefaultChannelPool -- Entry count for : http://localhost:26351 : 1
17:04:51.301 [AsyncHttpClient-1-1] DEBUG org.asynchttpclient.netty.channel.DefaultChannelPool -- Entry count for : http://localhost:58503 : 1
17:04:51.301 [AsyncHttpClient-1-1] DEBUG org.asynchttpclient.netty.channel.DefaultChannelPool -- Adding Candidate expired Channel [id: 0x1ea7c57b, L:/127.0.0.1:58501 ! R:localhost/127.0.0.1:26351] isIdleTimeoutExpired=false isRemotelyClosed=true isTtlExpired=false
17:04:51.301 [AsyncHttpClient-1-1] DEBUG org.asynchttpclient.netty.channel.DefaultChannelPool -- Closing Idle Channel [id: 0x1ea7c57b, L:/127.0.0.1:58501 ! R:localhost/127.0.0.1:26351]
17:04:51.301 [AsyncHttpClient-1-1] DEBUG org.asynchttpclient.netty.channel.DefaultChannelPool -- Adding Candidate expired Channel [id: 0xa89f5ac2, L:/127.0.0.1:58509 ! R:localhost/127.0.0.1:58503] isIdleTimeoutExpired=false isRemotelyClosed=true isTtlExpired=false
17:04:51.301 [AsyncHttpClient-1-1] DEBUG org.asynchttpclient.netty.channel.DefaultChannelPool -- Closing Idle Channel [id: 0xa89f5ac2, L:/127.0.0.1:58509 ! R:localhost/127.0.0.1:58503]
17:04:51.301 [AsyncHttpClient-1-1] DEBUG org.asynchttpclient.netty.channel.DefaultChannelPool -- Closed 2 connections out of 2 in 0 ms
17:04:51.355 [AsyncHttpClient-1-14] DEBUG org.asynchttpclient.netty.handler.HttpHandler -- 

Request DefaultHttpRequest(decodeResult: success, version: HTTP/1.1)
POST /session HTTP/1.1
User-Agent: selenium/4.12.0 (java windows)
Content-Length: 254
Content-Type: application/json; charset=utf-8
host: localhost:36135
accept: */*

Response DefaultHttpResponse(decodeResult: success, version: HTTP/1.1)
HTTP/1.1 200 OK
Content-Length: 888
Content-Type: application/json; charset=utf-8
cache-control: no-cache

17:04:51.355 [AsyncHttpClient-1-14] DEBUG org.asynchttpclient.netty.channel.ChannelManager -- Adding key: http://localhost:36135 for channel [id: 0xe551512d, L:/127.0.0.1:58526 - R:localhost/127.0.0.1:36135]
17:04:51.368 [AsyncHttpClient-1-15] DEBUG org.asynchttpclient.netty.channel.NettyConnectListener -- Using new Channel '[id: 0x18ba2b8a, L:/127.0.0.1:58533 - R:localhost/127.0.0.1:58527]' for 'GET' to '/json/version'
17:04:51.371 [AsyncHttpClient-1-15] DEBUG org.asynchttpclient.netty.handler.HttpHandler -- 

Request DefaultFullHttpRequest(decodeResult: success, version: HTTP/1.1, content: EmptyByteBufBE)
GET /json/version HTTP/1.1
User-Agent: selenium/4.12.0 (java windows)
host: localhost:58527
accept: */*

Response DefaultHttpResponse(decodeResult: success, version: HTTP/1.1)
HTTP/1.1 200 OK
Content-Security-Policy: frame-ancestors 'none'
Content-Length: 424
Content-Type: application/json; charset=UTF-8

17:04:51.372 [AsyncHttpClient-1-15] DEBUG org.asynchttpclient.netty.channel.ChannelManager -- Adding key: http://localhost:58527 for channel [id: 0x18ba2b8a, L:/127.0.0.1:58533 - R:localhost/127.0.0.1:58527]
17:04:51.376 [AsyncHttpClient-1-16] DEBUG org.asynchttpclient.netty.channel.NettyConnectListener -- Using new Channel '[id: 0xb0394c8e, L:/127.0.0.1:58534 - R:localhost/127.0.0.1:58527]' for 'GET' to '/devtools/browser/797e79ad-07a0-4217-9627-d47f03f66c2c'
17:04:51.381 [AsyncHttpClient-1-16] DEBUG org.asynchttpclient.netty.handler.WebSocketHandler -- 

Request DefaultFullHttpRequest(decodeResult: success, version: HTTP/1.1, content: EmptyByteBufBE)
GET /devtools/browser/797e79ad-07a0-4217-9627-d47f03f66c2c HTTP/1.1
upgrade: websocket
connection: upgrade
sec-websocket-key: e/W3dkdEGL9VOj0CX0IxlA==
sec-websocket-version: 13
origin: http://localhost:58527
host: localhost:58527
accept: */*
user-agent: AHC/2.1

Response DefaultHttpResponse(decodeResult: success, version: HTTP/1.1)
HTTP/1.1 101 WebSocket Protocol Handshake
Upgrade: WebSocket
Connection: Upgrade
Sec-WebSocket-Accept: tLoWezYuMEMOuUvUMkcwmwVYb5E=

17:04:51.387 [Forwarding maximizeCurrentWindow on session f504b46783588f8120aa16009735b931 to remote] DEBUG org.asynchttpclient.netty.request.NettyRequestSender -- Using pooled Channel '[id: 0xe551512d, L:/127.0.0.1:58526 - R:localhost/127.0.0.1:36135]' for 'POST' to 'http://localhost:36135/session/f504b46783588f8120aa16009735b931/window/maximize'
17:04:51.387 [Forwarding maximizeCurrentWindow on session f504b46783588f8120aa16009735b931 to remote] DEBUG org.asynchttpclient.netty.request.NettyRequestSender -- Using open Channel [id: 0xe551512d, L:/127.0.0.1:58526 - R:localhost/127.0.0.1:36135] for POST '/session/f504b46783588f8120aa16009735b931/window/maximize'
17:04:51.429 [AsyncHttpClient-1-14] DEBUG org.asynchttpclient.netty.handler.HttpHandler -- 

Request DefaultHttpRequest(decodeResult: success, version: HTTP/1.1)
POST /session/f504b46783588f8120aa16009735b931/window/maximize HTTP/1.1
User-Agent: selenium/4.12.0 (java windows)
Content-Length: 3
Content-Type: application/json; charset=utf-8
host: localhost:36135
accept: */*

Response DefaultHttpResponse(decodeResult: success, version: HTTP/1.1)
HTTP/1.1 200 OK
Content-Length: 51
Content-Type: application/json; charset=utf-8
cache-control: no-cache

17:04:51.429 [AsyncHttpClient-1-14] DEBUG org.asynchttpclient.netty.channel.ChannelManager -- Adding key: http://localhost:36135 for channel [id: 0xe551512d, L:/127.0.0.1:58526 - R:localhost/127.0.0.1:36135]
17:04:51.433 [Forwarding get on session f504b46783588f8120aa16009735b931 to remote] DEBUG org.asynchttpclient.netty.request.NettyRequestSender -- Using pooled Channel '[id: 0xe551512d, L:/127.0.0.1:58526 - R:localhost/127.0.0.1:36135]' for 'POST' to 'http://localhost:36135/session/f504b46783588f8120aa16009735b931/url'
17:04:51.433 [Forwarding get on session f504b46783588f8120aa16009735b931 to remote] DEBUG org.asynchttpclient.netty.request.NettyRequestSender -- Using open Channel [id: 0xe551512d, L:/127.0.0.1:58526 - R:localhost/127.0.0.1:36135] for POST '/session/f504b46783588f8120aa16009735b931/url'
17:04:52.404 [AsyncHttpClient-1-1] DEBUG org.asynchttpclient.netty.channel.DefaultChannelPool -- Entry count for : http://localhost:58527 : 1
17:04:53.490 [AsyncHttpClient-1-1] DEBUG org.asynchttpclient.netty.channel.DefaultChannelPool -- Entry count for : http://localhost:58527 : 1
17:04:54.119 [AsyncHttpClient-1-14] DEBUG org.asynchttpclient.netty.handler.HttpHandler -- 

Request DefaultHttpRequest(decodeResult: success, version: HTTP/1.1)
POST /session/f504b46783588f8120aa16009735b931/url HTTP/1.1
User-Agent: selenium/4.12.0 (java windows)
Content-Length: 58
Content-Type: application/json; charset=utf-8
host: localhost:36135
accept: */*

Response DefaultHttpResponse(decodeResult: success, version: HTTP/1.1)
HTTP/1.1 200 OK
Content-Length: 14
Content-Type: application/json; charset=utf-8
cache-control: no-cache

17:04:54.120 [AsyncHttpClient-1-14] DEBUG org.asynchttpclient.netty.channel.ChannelManager -- Adding key: http://localhost:36135 for channel [id: 0xe551512d, L:/127.0.0.1:58526 - R:localhost/127.0.0.1:36135]
17:04:54.129 [Forwarding findElement on session f504b46783588f8120aa16009735b931 to remote] DEBUG org.asynchttpclient.netty.request.NettyRequestSender -- Using pooled Channel '[id: 0xe551512d, L:/127.0.0.1:58526 - R:localhost/127.0.0.1:36135]' for 'POST' to 'http://localhost:36135/session/f504b46783588f8120aa16009735b931/element'
17:04:54.129 [Forwarding findElement on session f504b46783588f8120aa16009735b931 to remote] DEBUG org.asynchttpclient.netty.request.NettyRequestSender -- Using open Channel [id: 0xe551512d, L:/127.0.0.1:58526 - R:localhost/127.0.0.1:36135] for POST '/session/f504b46783588f8120aa16009735b931/element'
17:04:54.169 [AsyncHttpClient-1-14] DEBUG org.asynchttpclient.netty.handler.HttpHandler -- 

Request DefaultHttpRequest(decodeResult: success, version: HTTP/1.1)
POST /session/f504b46783588f8120aa16009735b931/element HTTP/1.1
User-Agent: selenium/4.12.0 (java windows)
Content-Length: 59
Content-Type: application/json; charset=utf-8
host: localhost:36135
accept: */*

Response DefaultHttpResponse(decodeResult: success, version: HTTP/1.1)
HTTP/1.1 200 OK
Content-Length: 126
Content-Type: application/json; charset=utf-8
cache-control: no-cache

17:04:54.169 [AsyncHttpClient-1-14] DEBUG org.asynchttpclient.netty.channel.ChannelManager -- Adding key: http://localhost:36135 for channel [id: 0xe551512d, L:/127.0.0.1:58526 - R:localhost/127.0.0.1:36135]
17:04:54.172 [Forwarding sendKeysToElement on session f504b46783588f8120aa16009735b931 to remote] DEBUG org.asynchttpclient.netty.request.NettyRequestSender -- Using pooled Channel '[id: 0xe551512d, L:/127.0.0.1:58526 - R:localhost/127.0.0.1:36135]' for 'POST' to 'http://localhost:36135/session/f504b46783588f8120aa16009735b931/element/f.124E6C9D3F6E62A7808241FF54B215D7.d.3A4EF7435755A4FB8B0791233FD8AC0A.e.15/value'
17:04:54.172 [Forwarding sendKeysToElement on session f504b46783588f8120aa16009735b931 to remote] DEBUG org.asynchttpclient.netty.request.NettyRequestSender -- Using open Channel [id: 0xe551512d, L:/127.0.0.1:58526 - R:localhost/127.0.0.1:36135] for POST '/session/f504b46783588f8120aa16009735b931/element/f.124E6C9D3F6E62A7808241FF54B215D7.d.3A4EF7435755A4FB8B0791233FD8AC0A.e.15/value'
17:04:54.473 [AsyncHttpClient-1-14] DEBUG org.asynchttpclient.netty.handler.HttpHandler -- 

Request DefaultHttpRequest(decodeResult: success, version: HTTP/1.1)
POST /session/f504b46783588f8120aa16009735b931/element/f.124E6C9D3F6E62A7808241FF54B215D7.d.3A4EF7435755A4FB8B0791233FD8AC0A.e.15/value HTTP/1.1
User-Agent: selenium/4.12.0 (java windows)
Content-Length: 389
Content-Type: application/json; charset=utf-8
host: localhost:36135
accept: */*

Response DefaultHttpResponse(decodeResult: success, version: HTTP/1.1)
HTTP/1.1 200 OK
Content-Length: 14
Content-Type: application/json; charset=utf-8
cache-control: no-cache

17:04:54.475 [AsyncHttpClient-1-14] DEBUG org.asynchttpclient.netty.channel.ChannelManager -- Adding key: http://localhost:36135 for channel [id: 0xe551512d, L:/127.0.0.1:58526 - R:localhost/127.0.0.1:36135]
17:04:54.476 [Forwarding findElement on session f504b46783588f8120aa16009735b931 to remote] DEBUG org.asynchttpclient.netty.request.NettyRequestSender -- Using pooled Channel '[id: 0xe551512d, L:/127.0.0.1:58526 - R:localhost/127.0.0.1:36135]' for 'POST' to 'http://localhost:36135/session/f504b46783588f8120aa16009735b931/element'
17:04:54.476 [Forwarding findElement on session f504b46783588f8120aa16009735b931 to remote] DEBUG org.asynchttpclient.netty.request.NettyRequestSender -- Using open Channel [id: 0xe551512d, L:/127.0.0.1:58526 - R:localhost/127.0.0.1:36135] for POST '/session/f504b46783588f8120aa16009735b931/element'
17:04:54.488 [AsyncHttpClient-1-14] DEBUG org.asynchttpclient.netty.handler.HttpHandler -- 

Request DefaultHttpRequest(decodeResult: success, version: HTTP/1.1)
POST /session/f504b46783588f8120aa16009735b931/element HTTP/1.1
User-Agent: selenium/4.12.0 (java windows)
Content-Length: 62
Content-Type: application/json; charset=utf-8
host: localhost:36135
accept: */*

Response DefaultHttpResponse(decodeResult: success, version: HTTP/1.1)
HTTP/1.1 200 OK
Content-Length: 125
Content-Type: application/json; charset=utf-8
cache-control: no-cache

17:04:54.488 [AsyncHttpClient-1-14] DEBUG org.asynchttpclient.netty.channel.ChannelManager -- Adding key: http://localhost:36135 for channel [id: 0xe551512d, L:/127.0.0.1:58526 - R:localhost/127.0.0.1:36135]
17:04:54.490 [Forwarding sendKeysToElement on session f504b46783588f8120aa16009735b931 to remote] DEBUG org.asynchttpclient.netty.request.NettyRequestSender -- Using pooled Channel '[id: 0xe551512d, L:/127.0.0.1:58526 - R:localhost/127.0.0.1:36135]' for 'POST' to 'http://localhost:36135/session/f504b46783588f8120aa16009735b931/element/f.124E6C9D3F6E62A7808241FF54B215D7.d.3A4EF7435755A4FB8B0791233FD8AC0A.e.4/value'
17:04:54.490 [Forwarding sendKeysToElement on session f504b46783588f8120aa16009735b931 to remote] DEBUG org.asynchttpclient.netty.request.NettyRequestSender -- Using open Channel [id: 0xe551512d, L:/127.0.0.1:58526 - R:localhost/127.0.0.1:36135] for POST '/session/f504b46783588f8120aa16009735b931/element/f.124E6C9D3F6E62A7808241FF54B215D7.d.3A4EF7435755A4FB8B0791233FD8AC0A.e.4/value'
17:04:54.553 [AsyncHttpClient-1-14] DEBUG org.asynchttpclient.netty.handler.HttpHandler -- 

Request DefaultHttpRequest(decodeResult: success, version: HTTP/1.1)
POST /session/f504b46783588f8120aa16009735b931/element/f.124E6C9D3F6E62A7808241FF54B215D7.d.3A4EF7435755A4FB8B0791233FD8AC0A.e.4/value HTTP/1.1
User-Agent: selenium/4.12.0 (java windows)
Content-Length: 218
Content-Type: application/json; charset=utf-8
host: localhost:36135
accept: */*

Response DefaultHttpResponse(decodeResult: success, version: HTTP/1.1)
HTTP/1.1 200 OK
Content-Length: 14
Content-Type: application/json; charset=utf-8
cache-control: no-cache

17:04:54.553 [AsyncHttpClient-1-14] DEBUG org.asynchttpclient.netty.channel.ChannelManager -- Adding key: http://localhost:36135 for channel [id: 0xe551512d, L:/127.0.0.1:58526 - R:localhost/127.0.0.1:36135]
17:04:54.554 [Forwarding findElement on session f504b46783588f8120aa16009735b931 to remote] DEBUG org.asynchttpclient.netty.request.NettyRequestSender -- Using pooled Channel '[id: 0xe551512d, L:/127.0.0.1:58526 - R:localhost/127.0.0.1:36135]' for 'POST' to 'http://localhost:36135/session/f504b46783588f8120aa16009735b931/element'
17:04:54.554 [Forwarding findElement on session f504b46783588f8120aa16009735b931 to remote] DEBUG org.asynchttpclient.netty.request.NettyRequestSender -- Using open Channel [id: 0xe551512d, L:/127.0.0.1:58526 - R:localhost/127.0.0.1:36135] for POST '/session/f504b46783588f8120aa16009735b931/element'
17:04:54.567 [AsyncHttpClient-1-14] DEBUG org.asynchttpclient.netty.handler.HttpHandler -- 

Request DefaultHttpRequest(decodeResult: success, version: HTTP/1.1)
POST /session/f504b46783588f8120aa16009735b931/element HTTP/1.1
User-Agent: selenium/4.12.0 (java windows)
Content-Length: 65
Content-Type: application/json; charset=utf-8
host: localhost:36135
accept: */*

Response DefaultHttpResponse(decodeResult: success, version: HTTP/1.1)
HTTP/1.1 200 OK
Content-Length: 126
Content-Type: application/json; charset=utf-8
cache-control: no-cache

17:04:54.567 [AsyncHttpClient-1-14] DEBUG org.asynchttpclient.netty.channel.ChannelManager -- Adding key: http://localhost:36135 for channel [id: 0xe551512d, L:/127.0.0.1:58526 - R:localhost/127.0.0.1:36135]
17:04:54.569 [Forwarding clickElement on session f504b46783588f8120aa16009735b931 to remote] DEBUG org.asynchttpclient.netty.request.NettyRequestSender -- Using pooled Channel '[id: 0xe551512d, L:/127.0.0.1:58526 - R:localhost/127.0.0.1:36135]' for 'POST' to 'http://localhost:36135/session/f504b46783588f8120aa16009735b931/element/f.124E6C9D3F6E62A7808241FF54B215D7.d.3A4EF7435755A4FB8B0791233FD8AC0A.e.17/click'
17:04:54.569 [Forwarding clickElement on session f504b46783588f8120aa16009735b931 to remote] DEBUG org.asynchttpclient.netty.request.NettyRequestSender -- Using open Channel [id: 0xe551512d, L:/127.0.0.1:58526 - R:localhost/127.0.0.1:36135] for POST '/session/f504b46783588f8120aa16009735b931/element/f.124E6C9D3F6E62A7808241FF54B215D7.d.3A4EF7435755A4FB8B0791233FD8AC0A.e.17/click'
17:04:54.590 [AsyncHttpClient-1-1] DEBUG org.asynchttpclient.netty.channel.DefaultChannelPool -- Entry count for : http://localhost:58527 : 1
17:04:54.638 [AsyncHttpClient-1-14] DEBUG org.asynchttpclient.netty.handler.HttpHandler -- 

Request DefaultHttpRequest(decodeResult: success, version: HTTP/1.1)
POST /session/f504b46783588f8120aa16009735b931/element/f.124E6C9D3F6E62A7808241FF54B215D7.d.3A4EF7435755A4FB8B0791233FD8AC0A.e.17/click HTTP/1.1
User-Agent: selenium/4.12.0 (java windows)
Content-Length: 88
Content-Type: application/json; charset=utf-8
host: localhost:36135
accept: */*

Response DefaultHttpResponse(decodeResult: success, version: HTTP/1.1)
HTTP/1.1 200 OK
Content-Length: 14
Content-Type: application/json; charset=utf-8
cache-control: no-cache

17:04:54.639 [AsyncHttpClient-1-14] DEBUG org.asynchttpclient.netty.channel.ChannelManager -- Adding key: http://localhost:36135 for channel [id: 0xe551512d, L:/127.0.0.1:58526 - R:localhost/127.0.0.1:36135]
17:04:54.640 [Forwarding findElement on session f504b46783588f8120aa16009735b931 to remote] DEBUG org.asynchttpclient.netty.request.NettyRequestSender -- Using pooled Channel '[id: 0xe551512d, L:/127.0.0.1:58526 - R:localhost/127.0.0.1:36135]' for 'POST' to 'http://localhost:36135/session/f504b46783588f8120aa16009735b931/element'
17:04:54.640 [Forwarding findElement on session f504b46783588f8120aa16009735b931 to remote] DEBUG org.asynchttpclient.netty.request.NettyRequestSender -- Using open Channel [id: 0xe551512d, L:/127.0.0.1:58526 - R:localhost/127.0.0.1:36135] for POST '/session/f504b46783588f8120aa16009735b931/element'
17:04:54.657 [AsyncHttpClient-1-14] DEBUG org.asynchttpclient.netty.handler.HttpHandler -- 

Request DefaultHttpRequest(decodeResult: success, version: HTTP/1.1)
POST /session/f504b46783588f8120aa16009735b931/element HTTP/1.1
User-Agent: selenium/4.12.0 (java windows)
Content-Length: 151
Content-Type: application/json; charset=utf-8
host: localhost:36135
accept: */*

Response DefaultHttpResponse(decodeResult: success, version: HTTP/1.1)
HTTP/1.1 404 Not Found
Content-Length: 1093
Content-Type: application/json; charset=utf-8
cache-control: no-cache

17:04:54.657 [AsyncHttpClient-1-14] DEBUG org.asynchttpclient.netty.channel.ChannelManager -- Adding key: http://localhost:36135 for channel [id: 0xe551512d, L:/127.0.0.1:58526 - R:localhost/127.0.0.1:36135]
17:04:55.166 [Forwarding findElement on session f504b46783588f8120aa16009735b931 to remote] DEBUG org.asynchttpclient.netty.request.NettyRequestSender -- Using pooled Channel '[id: 0xe551512d, L:/127.0.0.1:58526 - R:localhost/127.0.0.1:36135]' for 'POST' to 'http://localhost:36135/session/f504b46783588f8120aa16009735b931/element'
17:04:55.166 [Forwarding findElement on session f504b46783588f8120aa16009735b931 to remote] DEBUG org.asynchttpclient.netty.request.NettyRequestSender -- Using open Channel [id: 0xe551512d, L:/127.0.0.1:58526 - R:localhost/127.0.0.1:36135] for POST '/session/f504b46783588f8120aa16009735b931/element'
17:04:55.193 [AsyncHttpClient-1-14] DEBUG org.asynchttpclient.netty.handler.HttpHandler -- 

Request DefaultHttpRequest(decodeResult: success, version: HTTP/1.1)
POST /session/f504b46783588f8120aa16009735b931/element HTTP/1.1
User-Agent: selenium/4.12.0 (java windows)
Content-Length: 151
Content-Type: application/json; charset=utf-8
host: localhost:36135
accept: */*

Response DefaultHttpResponse(decodeResult: success, version: HTTP/1.1)
HTTP/1.1 404 Not Found
Content-Length: 1093
Content-Type: application/json; charset=utf-8
cache-control: no-cache

17:04:55.194 [AsyncHttpClient-1-14] DEBUG org.asynchttpclient.netty.channel.ChannelManager -- Adding key: http://localhost:36135 for channel [id: 0xe551512d, L:/127.0.0.1:58526 - R:localhost/127.0.0.1:36135]
17:04:55.690 [AsyncHttpClient-1-1] DEBUG org.asynchttpclient.netty.channel.DefaultChannelPool -- Entry count for : http://localhost:36135 : 1
17:04:55.690 [AsyncHttpClient-1-1] DEBUG org.asynchttpclient.netty.channel.DefaultChannelPool -- Entry count for : http://localhost:58527 : 1
17:04:55.702 [Forwarding findElement on session f504b46783588f8120aa16009735b931 to remote] DEBUG org.asynchttpclient.netty.request.NettyRequestSender -- Using pooled Channel '[id: 0xe551512d, L:/127.0.0.1:58526 - R:localhost/127.0.0.1:36135]' for 'POST' to 'http://localhost:36135/session/f504b46783588f8120aa16009735b931/element'
17:04:55.702 [Forwarding findElement on session f504b46783588f8120aa16009735b931 to remote] DEBUG org.asynchttpclient.netty.request.NettyRequestSender -- Using open Channel [id: 0xe551512d, L:/127.0.0.1:58526 - R:localhost/127.0.0.1:36135] for POST '/session/f504b46783588f8120aa16009735b931/element'
17:04:55.711 [AsyncHttpClient-1-14] DEBUG org.asynchttpclient.netty.handler.HttpHandler -- 

Request DefaultHttpRequest(decodeResult: success, version: HTTP/1.1)
POST /session/f504b46783588f8120aa16009735b931/element HTTP/1.1
User-Agent: selenium/4.12.0 (java windows)
Content-Length: 151
Content-Type: application/json; charset=utf-8
host: localhost:36135
accept: */*

Response DefaultHttpResponse(decodeResult: success, version: HTTP/1.1)
HTTP/1.1 404 Not Found
Content-Length: 1093
Content-Type: application/json; charset=utf-8
cache-control: no-cache

17:04:55.711 [AsyncHttpClient-1-14] DEBUG org.asynchttpclient.netty.channel.ChannelManager -- Adding key: http://localhost:36135 for channel [id: 0xe551512d, L:/127.0.0.1:58526 - R:localhost/127.0.0.1:36135]
17:04:56.214 [Forwarding findElement on session f504b46783588f8120aa16009735b931 to remote] DEBUG org.asynchttpclient.netty.request.NettyRequestSender -- Using pooled Channel '[id: 0xe551512d, L:/127.0.0.1:58526 - R:localhost/127.0.0.1:36135]' for 'POST' to 'http://localhost:36135/session/f504b46783588f8120aa16009735b931/element'
17:04:56.214 [Forwarding findElement on session f504b46783588f8120aa16009735b931 to remote] DEBUG org.asynchttpclient.netty.request.NettyRequestSender -- Using open Channel [id: 0xe551512d, L:/127.0.0.1:58526 - R:localhost/127.0.0.1:36135] for POST '/session/f504b46783588f8120aa16009735b931/element'
17:04:56.235 [AsyncHttpClient-1-14] DEBUG org.asynchttpclient.netty.handler.HttpHandler -- 

Request DefaultHttpRequest(decodeResult: success, version: HTTP/1.1)
POST /session/f504b46783588f8120aa16009735b931/element HTTP/1.1
User-Agent: selenium/4.12.0 (java windows)
Content-Length: 151
Content-Type: application/json; charset=utf-8
host: localhost:36135
accept: */*

Response DefaultHttpResponse(decodeResult: success, version: HTTP/1.1)
HTTP/1.1 200 OK
Content-Length: 126
Content-Type: application/json; charset=utf-8
cache-control: no-cache

17:04:56.235 [AsyncHttpClient-1-14] DEBUG org.asynchttpclient.netty.channel.ChannelManager -- Adding key: http://localhost:36135 for channel [id: 0xe551512d, L:/127.0.0.1:58526 - R:localhost/127.0.0.1:36135]
17:04:56.236 [Forwarding findElement on session f504b46783588f8120aa16009735b931 to remote] DEBUG org.asynchttpclient.netty.request.NettyRequestSender -- Using pooled Channel '[id: 0xe551512d, L:/127.0.0.1:58526 - R:localhost/127.0.0.1:36135]' for 'POST' to 'http://localhost:36135/session/f504b46783588f8120aa16009735b931/element'
17:04:56.237 [Forwarding findElement on session f504b46783588f8120aa16009735b931 to remote] DEBUG org.asynchttpclient.netty.request.NettyRequestSender -- Using open Channel [id: 0xe551512d, L:/127.0.0.1:58526 - R:localhost/127.0.0.1:36135] for POST '/session/f504b46783588f8120aa16009735b931/element'
17:04:56.257 [AsyncHttpClient-1-14] DEBUG org.asynchttpclient.netty.handler.HttpHandler -- 

Request DefaultHttpRequest(decodeResult: success, version: HTTP/1.1)
POST /session/f504b46783588f8120aa16009735b931/element HTTP/1.1
User-Agent: selenium/4.12.0 (java windows)
Content-Length: 151
Content-Type: application/json; charset=utf-8
host: localhost:36135
accept: */*

Response DefaultHttpResponse(decodeResult: success, version: HTTP/1.1)
HTTP/1.1 200 OK
Content-Length: 126
Content-Type: application/json; charset=utf-8
cache-control: no-cache

17:04:56.258 [AsyncHttpClient-1-14] DEBUG org.asynchttpclient.netty.channel.ChannelManager -- Adding key: http://localhost:36135 for channel [id: 0xe551512d, L:/127.0.0.1:58526 - R:localhost/127.0.0.1:36135]
17:04:56.262 [Forwarding isElementDisplayed on session f504b46783588f8120aa16009735b931 to remote] DEBUG org.asynchttpclient.netty.request.NettyRequestSender -- Using pooled Channel '[id: 0xe551512d, L:/127.0.0.1:58526 - R:localhost/127.0.0.1:36135]' for 'POST' to 'http://localhost:36135/session/f504b46783588f8120aa16009735b931/execute/sync'
17:04:56.262 [Forwarding isElementDisplayed on session f504b46783588f8120aa16009735b931 to remote] DEBUG org.asynchttpclient.netty.request.NettyRequestSender -- Using open Channel [id: 0xe551512d, L:/127.0.0.1:58526 - R:localhost/127.0.0.1:36135] for POST '/session/f504b46783588f8120aa16009735b931/execute/sync'
17:04:56.291 [AsyncHttpClient-1-14] DEBUG org.asynchttpclient.netty.handler.HttpHandler -- 

Request DefaultHttpRequest(decodeResult: success, version: HTTP/1.1)
POST /session/f504b46783588f8120aa16009735b931/execute/sync HTTP/1.1
User-Agent: selenium/4.12.0 (java windows)
Content-Length: 48734
Content-Type: application/json; charset=utf-8
host: localhost:36135
accept: */*

Response DefaultHttpResponse(decodeResult: success, version: HTTP/1.1)
HTTP/1.1 200 OK
Content-Length: 14
Content-Type: application/json; charset=utf-8
cache-control: no-cache

17:04:56.291 [AsyncHttpClient-1-14] DEBUG org.asynchttpclient.netty.channel.ChannelManager -- Adding key: http://localhost:36135 for channel [id: 0xe551512d, L:/127.0.0.1:58526 - R:localhost/127.0.0.1:36135]
17:04:56.292 [Forwarding findElement on session f504b46783588f8120aa16009735b931 to remote] DEBUG org.asynchttpclient.netty.request.NettyRequestSender -- Using pooled Channel '[id: 0xe551512d, L:/127.0.0.1:58526 - R:localhost/127.0.0.1:36135]' for 'POST' to 'http://localhost:36135/session/f504b46783588f8120aa16009735b931/element'
17:04:56.292 [Forwarding findElement on session f504b46783588f8120aa16009735b931 to remote] DEBUG org.asynchttpclient.netty.request.NettyRequestSender -- Using open Channel [id: 0xe551512d, L:/127.0.0.1:58526 - R:localhost/127.0.0.1:36135] for POST '/session/f504b46783588f8120aa16009735b931/element'
17:04:56.324 [AsyncHttpClient-1-14] DEBUG org.asynchttpclient.netty.handler.HttpHandler -- 

Request DefaultHttpRequest(decodeResult: success, version: HTTP/1.1)
POST /session/f504b46783588f8120aa16009735b931/element HTTP/1.1
User-Agent: selenium/4.12.0 (java windows)
Content-Length: 55
Content-Type: application/json; charset=utf-8
host: localhost:36135
accept: */*

Response DefaultHttpResponse(decodeResult: success, version: HTTP/1.1)
HTTP/1.1 404 Not Found
Content-Length: 1052
Content-Type: application/json; charset=utf-8
cache-control: no-cache

17:04:56.324 [AsyncHttpClient-1-14] DEBUG org.asynchttpclient.netty.channel.ChannelManager -- Adding key: http://localhost:36135 for channel [id: 0xe551512d, L:/127.0.0.1:58526 - R:localhost/127.0.0.1:36135]
]]></system-out>
    <system-err><![CDATA[Jan 03, 2025 5:04:51 PM org.openqa.selenium.devtools.CdpVersionFinder findNearestMatch
WARNING: Unable to find CDP implementation matching 131
Jan 03, 2025 5:04:51 PM org.openqa.selenium.chromium.ChromiumDriver lambda$new$5
WARNING: Unable to find version of CDP to use for 131.0.6778.205. You may need to include a dependency on a specific version of the CDP using something similar to `org.seleniumhq.selenium:selenium-devtools-v86:4.12.0` where the version ("v86") matches the version of the chromium-based browser you're using and the version number of the artifact is the same as Selenium's.
]]></system-err>
  </testcase>
  <testcase name="testLoginWithValidCredentials" classname="UITestCases.BuggyCarsUITests" time="2.285">
    <system-out><![CDATA[17:04:56.329 [AsyncHttpClient-1-16] DEBUG org.asynchttpclient.netty.handler.WebSocketHandler -- Channel Closed: [id: 0xb0394c8e, L:/127.0.0.1:58534 ! R:localhost/127.0.0.1:58527] with attribute DISCARD
17:04:56.329 [Driver Command Executor] DEBUG org.asynchttpclient.netty.request.NettyRequestSender -- Using pooled Channel '[id: 0xe551512d, L:/127.0.0.1:58526 - R:localhost/127.0.0.1:36135]' for 'DELETE' to 'http://localhost:36135/session/f504b46783588f8120aa16009735b931'
17:04:56.329 [Driver Command Executor] DEBUG org.asynchttpclient.netty.request.NettyRequestSender -- Using open Channel [id: 0xe551512d, L:/127.0.0.1:58526 - R:localhost/127.0.0.1:36135] for DELETE '/session/f504b46783588f8120aa16009735b931'
17:04:56.387 [AsyncHttpClient-1-15] DEBUG org.asynchttpclient.netty.handler.HttpHandler -- Unexpected I/O exception on channel [id: 0x18ba2b8a, L:/127.0.0.1:58533 - R:localhost/127.0.0.1:58527]
java.net.SocketException: Connection reset
	at java.base/sun.nio.ch.SocketChannelImpl.throwConnectionReset(SocketChannelImpl.java:394)
	at java.base/sun.nio.ch.SocketChannelImpl.read(SocketChannelImpl.java:426)
	at io.netty.buffer.PooledByteBuf.setBytes(PooledByteBuf.java:254)
	at io.netty.buffer.AbstractByteBuf.writeBytes(AbstractByteBuf.java:1132)
	at io.netty.channel.socket.nio.NioSocketChannel.doReadBytes(NioSocketChannel.java:357)
	at io.netty.channel.nio.AbstractNioByteChannel$NioByteUnsafe.read(AbstractNioByteChannel.java:151)
	at io.netty.channel.nio.NioEventLoop.processSelectedKey(NioEventLoop.java:788)
	at io.netty.channel.nio.NioEventLoop.processSelectedKeysOptimized(NioEventLoop.java:724)
	at io.netty.channel.nio.NioEventLoop.processSelectedKeys(NioEventLoop.java:650)
	at io.netty.channel.nio.NioEventLoop.run(NioEventLoop.java:562)
	at io.netty.util.concurrent.SingleThreadEventExecutor$4.run(SingleThreadEventExecutor.java:997)
	at io.netty.util.internal.ThreadExecutorMap$2.run(ThreadExecutorMap.java:74)
	at io.netty.util.concurrent.FastThreadLocalRunnable.run(FastThreadLocalRunnable.java:30)
	at java.base/java.lang.Thread.run(Thread.java:842)
17:04:56.387 [AsyncHttpClient-1-15] DEBUG org.asynchttpclient.netty.channel.ChannelManager -- Closing Channel [id: 0x18ba2b8a, L:/127.0.0.1:58533 - R:localhost/127.0.0.1:58527] 
17:04:56.387 [AsyncHttpClient-1-15] DEBUG org.asynchttpclient.netty.handler.HttpHandler -- Channel Closed: [id: 0x18ba2b8a, L:/127.0.0.1:58533 ! R:localhost/127.0.0.1:58527] with attribute DISCARD
17:04:56.418 [AsyncHttpClient-1-14] DEBUG org.asynchttpclient.netty.handler.HttpHandler -- 

Request DefaultFullHttpRequest(decodeResult: success, version: HTTP/1.1, content: EmptyByteBufBE)
DELETE /session/f504b46783588f8120aa16009735b931 HTTP/1.1
User-Agent: selenium/4.12.0 (java windows)
Content-Type: application/json; charset=utf-8
host: localhost:36135
accept: */*

Response DefaultHttpResponse(decodeResult: success, version: HTTP/1.1)
HTTP/1.1 200 OK
Content-Length: 14
Content-Type: application/json; charset=utf-8
cache-control: no-cache

17:04:56.418 [AsyncHttpClient-1-14] DEBUG org.asynchttpclient.netty.channel.ChannelManager -- Adding key: http://localhost:36135 for channel [id: 0xe551512d, L:/127.0.0.1:58526 - R:localhost/127.0.0.1:36135]
17:04:56.524 [AsyncHttpClient-1-14] DEBUG org.asynchttpclient.netty.handler.HttpHandler -- Channel Closed: [id: 0xe551512d, L:/127.0.0.1:58526 ! R:localhost/127.0.0.1:36135] with attribute DISCARD
17:04:56.571 [main] DEBUG io.github.bonigarcia.wdm.WebDriverManager -- Using WebDriverManager 5.5.3
17:04:56.578 [main] DEBUG io.github.bonigarcia.wdm.cache.ResolutionCache -- Resolution chrome=131 in cache (valid until 17:53:13 03/01/2025 IST)
17:04:56.579 [main] DEBUG io.github.bonigarcia.wdm.cache.ResolutionCache -- Resolution chrome131=131.0.6778.204 in cache (valid until 16:53:13 04/01/2025 IST)
17:04:56.579 [main] INFO io.github.bonigarcia.wdm.WebDriverManager -- Using chromedriver 131.0.6778.204 (resolved driver for Chrome 131)
17:04:56.584 [main] DEBUG io.github.bonigarcia.wdm.WebDriverManager -- Driver chromedriver 131.0.6778.204 found in cache
17:04:56.585 [main] INFO io.github.bonigarcia.wdm.WebDriverManager -- Exporting webdriver.chrome.driver as C:\Users\sasitharan\.cache\selenium\chromedriver\win64\131.0.6778.204\chromedriver.exe
17:04:56.671 [AsyncHttpClient-1-17] DEBUG org.asynchttpclient.netty.channel.NettyConnectListener -- Using new Channel '[id: 0xc6e253d8, L:/127.0.0.1:58548 - R:localhost/127.0.0.1:10190]' for 'POST' to '/session'
17:04:56.790 [AsyncHttpClient-1-1] DEBUG org.asynchttpclient.netty.channel.DefaultChannelPool -- Entry count for : http://localhost:36135 : 1
17:04:56.790 [AsyncHttpClient-1-1] DEBUG org.asynchttpclient.netty.channel.DefaultChannelPool -- Entry count for : http://localhost:58527 : 1
17:04:56.790 [AsyncHttpClient-1-1] DEBUG org.asynchttpclient.netty.channel.DefaultChannelPool -- Adding Candidate expired Channel [id: 0xe551512d, L:/127.0.0.1:58526 ! R:localhost/127.0.0.1:36135] isIdleTimeoutExpired=false isRemotelyClosed=true isTtlExpired=false
17:04:56.790 [AsyncHttpClient-1-1] DEBUG org.asynchttpclient.netty.channel.DefaultChannelPool -- Closing Idle Channel [id: 0xe551512d, L:/127.0.0.1:58526 ! R:localhost/127.0.0.1:36135]
17:04:56.790 [AsyncHttpClient-1-1] DEBUG org.asynchttpclient.netty.channel.DefaultChannelPool -- Adding Candidate expired Channel [id: 0x18ba2b8a, L:/127.0.0.1:58533 ! R:localhost/127.0.0.1:58527] isIdleTimeoutExpired=false isRemotelyClosed=true isTtlExpired=false
17:04:56.790 [AsyncHttpClient-1-1] DEBUG org.asynchttpclient.netty.channel.DefaultChannelPool -- Closing Idle Channel [id: 0x18ba2b8a, L:/127.0.0.1:58533 ! R:localhost/127.0.0.1:58527]
17:04:56.790 [AsyncHttpClient-1-1] DEBUG org.asynchttpclient.netty.channel.DefaultChannelPool -- Closed 2 connections out of 2 in 0 ms
17:04:57.715 [AsyncHttpClient-1-17] DEBUG org.asynchttpclient.netty.handler.HttpHandler -- 

Request DefaultHttpRequest(decodeResult: success, version: HTTP/1.1)
POST /session HTTP/1.1
User-Agent: selenium/4.12.0 (java windows)
Content-Length: 254
Content-Type: application/json; charset=utf-8
host: localhost:10190
accept: */*

Response DefaultHttpResponse(decodeResult: success, version: HTTP/1.1)
HTTP/1.1 200 OK
Content-Length: 888
Content-Type: application/json; charset=utf-8
cache-control: no-cache

17:04:57.715 [AsyncHttpClient-1-17] DEBUG org.asynchttpclient.netty.channel.ChannelManager -- Adding key: http://localhost:10190 for channel [id: 0xc6e253d8, L:/127.0.0.1:58548 - R:localhost/127.0.0.1:10190]
17:04:57.723 [AsyncHttpClient-1-2] DEBUG org.asynchttpclient.netty.channel.NettyConnectListener -- Using new Channel '[id: 0x7aebf80a, L:/127.0.0.1:58556 - R:localhost/127.0.0.1:58549]' for 'GET' to '/json/version'
17:04:57.724 [AsyncHttpClient-1-2] DEBUG org.asynchttpclient.netty.handler.HttpHandler -- 

Request DefaultFullHttpRequest(decodeResult: success, version: HTTP/1.1, content: EmptyByteBufBE)
GET /json/version HTTP/1.1
User-Agent: selenium/4.12.0 (java windows)
host: localhost:58549
accept: */*

Response DefaultHttpResponse(decodeResult: success, version: HTTP/1.1)
HTTP/1.1 200 OK
Content-Security-Policy: frame-ancestors 'none'
Content-Length: 424
Content-Type: application/json; charset=UTF-8

17:04:57.724 [AsyncHttpClient-1-2] DEBUG org.asynchttpclient.netty.channel.ChannelManager -- Adding key: http://localhost:58549 for channel [id: 0x7aebf80a, L:/127.0.0.1:58556 - R:localhost/127.0.0.1:58549]
17:04:57.727 [AsyncHttpClient-1-3] DEBUG org.asynchttpclient.netty.channel.NettyConnectListener -- Using new Channel '[id: 0x61a69d08, L:/127.0.0.1:58557 - R:localhost/127.0.0.1:58549]' for 'GET' to '/devtools/browser/4e5afcef-6929-4856-83cc-0d561db3c3f6'
17:04:57.732 [AsyncHttpClient-1-3] DEBUG org.asynchttpclient.netty.handler.WebSocketHandler -- 

Request DefaultFullHttpRequest(decodeResult: success, version: HTTP/1.1, content: EmptyByteBufBE)
GET /devtools/browser/4e5afcef-6929-4856-83cc-0d561db3c3f6 HTTP/1.1
upgrade: websocket
connection: upgrade
sec-websocket-key: DqVi4gUXeRXW2x9+eQsJVw==
sec-websocket-version: 13
origin: http://localhost:58549
host: localhost:58549
accept: */*
user-agent: AHC/2.1

Response DefaultHttpResponse(decodeResult: success, version: HTTP/1.1)
HTTP/1.1 101 WebSocket Protocol Handshake
Upgrade: WebSocket
Connection: Upgrade
Sec-WebSocket-Accept: 4njkM8ts2ST2IUwszUoqi5DWxC8=

17:04:57.737 [Forwarding maximizeCurrentWindow on session 9abd0aa4e98714c1a2973dc3b5e251ad to remote] DEBUG org.asynchttpclient.netty.request.NettyRequestSender -- Using pooled Channel '[id: 0xc6e253d8, L:/127.0.0.1:58548 - R:localhost/127.0.0.1:10190]' for 'POST' to 'http://localhost:10190/session/9abd0aa4e98714c1a2973dc3b5e251ad/window/maximize'
17:04:57.737 [Forwarding maximizeCurrentWindow on session 9abd0aa4e98714c1a2973dc3b5e251ad to remote] DEBUG org.asynchttpclient.netty.request.NettyRequestSender -- Using open Channel [id: 0xc6e253d8, L:/127.0.0.1:58548 - R:localhost/127.0.0.1:10190] for POST '/session/9abd0aa4e98714c1a2973dc3b5e251ad/window/maximize'
17:04:57.788 [AsyncHttpClient-1-17] DEBUG org.asynchttpclient.netty.handler.HttpHandler -- 

Request DefaultHttpRequest(decodeResult: success, version: HTTP/1.1)
POST /session/9abd0aa4e98714c1a2973dc3b5e251ad/window/maximize HTTP/1.1
User-Agent: selenium/4.12.0 (java windows)
Content-Length: 3
Content-Type: application/json; charset=utf-8
host: localhost:10190
accept: */*

Response DefaultHttpResponse(decodeResult: success, version: HTTP/1.1)
HTTP/1.1 200 OK
Content-Length: 51
Content-Type: application/json; charset=utf-8
cache-control: no-cache

17:04:57.788 [AsyncHttpClient-1-17] DEBUG org.asynchttpclient.netty.channel.ChannelManager -- Adding key: http://localhost:10190 for channel [id: 0xc6e253d8, L:/127.0.0.1:58548 - R:localhost/127.0.0.1:10190]
17:04:57.791 [Forwarding get on session 9abd0aa4e98714c1a2973dc3b5e251ad to remote] DEBUG org.asynchttpclient.netty.request.NettyRequestSender -- Using pooled Channel '[id: 0xc6e253d8, L:/127.0.0.1:58548 - R:localhost/127.0.0.1:10190]' for 'POST' to 'http://localhost:10190/session/9abd0aa4e98714c1a2973dc3b5e251ad/url'
17:04:57.791 [Forwarding get on session 9abd0aa4e98714c1a2973dc3b5e251ad to remote] DEBUG org.asynchttpclient.netty.request.NettyRequestSender -- Using open Channel [id: 0xc6e253d8, L:/127.0.0.1:58548 - R:localhost/127.0.0.1:10190] for POST '/session/9abd0aa4e98714c1a2973dc3b5e251ad/url'
17:04:57.903 [AsyncHttpClient-1-1] DEBUG org.asynchttpclient.netty.channel.DefaultChannelPool -- Entry count for : http://localhost:58549 : 1
17:04:58.997 [AsyncHttpClient-1-1] DEBUG org.asynchttpclient.netty.channel.DefaultChannelPool -- Entry count for : http://localhost:58549 : 1
17:05:00.091 [AsyncHttpClient-1-1] DEBUG org.asynchttpclient.netty.channel.DefaultChannelPool -- Entry count for : http://localhost:58549 : 1
17:05:01.191 [AsyncHttpClient-1-1] DEBUG org.asynchttpclient.netty.channel.DefaultChannelPool -- Entry count for : http://localhost:58549 : 1
17:05:01.316 [AsyncHttpClient-1-17] DEBUG org.asynchttpclient.netty.handler.HttpHandler -- 

Request DefaultHttpRequest(decodeResult: success, version: HTTP/1.1)
POST /session/9abd0aa4e98714c1a2973dc3b5e251ad/url HTTP/1.1
User-Agent: selenium/4.12.0 (java windows)
Content-Length: 58
Content-Type: application/json; charset=utf-8
host: localhost:10190
accept: */*

Response DefaultHttpResponse(decodeResult: success, version: HTTP/1.1)
HTTP/1.1 200 OK
Content-Length: 14
Content-Type: application/json; charset=utf-8
cache-control: no-cache

17:05:01.316 [AsyncHttpClient-1-17] DEBUG org.asynchttpclient.netty.channel.ChannelManager -- Adding key: http://localhost:10190 for channel [id: 0xc6e253d8, L:/127.0.0.1:58548 - R:localhost/127.0.0.1:10190]
17:05:01.325 [Forwarding findElement on session 9abd0aa4e98714c1a2973dc3b5e251ad to remote] DEBUG org.asynchttpclient.netty.request.NettyRequestSender -- Using pooled Channel '[id: 0xc6e253d8, L:/127.0.0.1:58548 - R:localhost/127.0.0.1:10190]' for 'POST' to 'http://localhost:10190/session/9abd0aa4e98714c1a2973dc3b5e251ad/element'
17:05:01.325 [Forwarding findElement on session 9abd0aa4e98714c1a2973dc3b5e251ad to remote] DEBUG org.asynchttpclient.netty.request.NettyRequestSender -- Using open Channel [id: 0xc6e253d8, L:/127.0.0.1:58548 - R:localhost/127.0.0.1:10190] for POST '/session/9abd0aa4e98714c1a2973dc3b5e251ad/element'
17:05:01.360 [AsyncHttpClient-1-17] DEBUG org.asynchttpclient.netty.handler.HttpHandler -- 

Request DefaultHttpRequest(decodeResult: success, version: HTTP/1.1)
POST /session/9abd0aa4e98714c1a2973dc3b5e251ad/element HTTP/1.1
User-Agent: selenium/4.12.0 (java windows)
Content-Length: 59
Content-Type: application/json; charset=utf-8
host: localhost:10190
accept: */*

Response DefaultHttpResponse(decodeResult: success, version: HTTP/1.1)
HTTP/1.1 200 OK
Content-Length: 126
Content-Type: application/json; charset=utf-8
cache-control: no-cache

17:05:01.360 [AsyncHttpClient-1-17] DEBUG org.asynchttpclient.netty.channel.ChannelManager -- Adding key: http://localhost:10190 for channel [id: 0xc6e253d8, L:/127.0.0.1:58548 - R:localhost/127.0.0.1:10190]
17:05:01.362 [Forwarding sendKeysToElement on session 9abd0aa4e98714c1a2973dc3b5e251ad to remote] DEBUG org.asynchttpclient.netty.request.NettyRequestSender -- Using pooled Channel '[id: 0xc6e253d8, L:/127.0.0.1:58548 - R:localhost/127.0.0.1:10190]' for 'POST' to 'http://localhost:10190/session/9abd0aa4e98714c1a2973dc3b5e251ad/element/f.7B09347037C134B6778633856ECEF276.d.813107D64320EB4E20E43B40F57B207D.e.15/value'
17:05:01.362 [Forwarding sendKeysToElement on session 9abd0aa4e98714c1a2973dc3b5e251ad to remote] DEBUG org.asynchttpclient.netty.request.NettyRequestSender -- Using open Channel [id: 0xc6e253d8, L:/127.0.0.1:58548 - R:localhost/127.0.0.1:10190] for POST '/session/9abd0aa4e98714c1a2973dc3b5e251ad/element/f.7B09347037C134B6778633856ECEF276.d.813107D64320EB4E20E43B40F57B207D.e.15/value'
17:05:01.667 [AsyncHttpClient-1-17] DEBUG org.asynchttpclient.netty.handler.HttpHandler -- 

Request DefaultHttpRequest(decodeResult: success, version: HTTP/1.1)
POST /session/9abd0aa4e98714c1a2973dc3b5e251ad/element/f.7B09347037C134B6778633856ECEF276.d.813107D64320EB4E20E43B40F57B207D.e.15/value HTTP/1.1
User-Agent: selenium/4.12.0 (java windows)
Content-Length: 389
Content-Type: application/json; charset=utf-8
host: localhost:10190
accept: */*

Response DefaultHttpResponse(decodeResult: success, version: HTTP/1.1)
HTTP/1.1 200 OK
Content-Length: 14
Content-Type: application/json; charset=utf-8
cache-control: no-cache

17:05:01.668 [AsyncHttpClient-1-17] DEBUG org.asynchttpclient.netty.channel.ChannelManager -- Adding key: http://localhost:10190 for channel [id: 0xc6e253d8, L:/127.0.0.1:58548 - R:localhost/127.0.0.1:10190]
17:05:01.669 [Forwarding findElement on session 9abd0aa4e98714c1a2973dc3b5e251ad to remote] DEBUG org.asynchttpclient.netty.request.NettyRequestSender -- Using pooled Channel '[id: 0xc6e253d8, L:/127.0.0.1:58548 - R:localhost/127.0.0.1:10190]' for 'POST' to 'http://localhost:10190/session/9abd0aa4e98714c1a2973dc3b5e251ad/element'
17:05:01.669 [Forwarding findElement on session 9abd0aa4e98714c1a2973dc3b5e251ad to remote] DEBUG org.asynchttpclient.netty.request.NettyRequestSender -- Using open Channel [id: 0xc6e253d8, L:/127.0.0.1:58548 - R:localhost/127.0.0.1:10190] for POST '/session/9abd0aa4e98714c1a2973dc3b5e251ad/element'
17:05:01.691 [AsyncHttpClient-1-17] DEBUG org.asynchttpclient.netty.handler.HttpHandler -- 

Request DefaultHttpRequest(decodeResult: success, version: HTTP/1.1)
POST /session/9abd0aa4e98714c1a2973dc3b5e251ad/element HTTP/1.1
User-Agent: selenium/4.12.0 (java windows)
Content-Length: 62
Content-Type: application/json; charset=utf-8
host: localhost:10190
accept: */*

Response DefaultHttpResponse(decodeResult: success, version: HTTP/1.1)
HTTP/1.1 200 OK
Content-Length: 125
Content-Type: application/json; charset=utf-8
cache-control: no-cache

17:05:01.692 [AsyncHttpClient-1-17] DEBUG org.asynchttpclient.netty.channel.ChannelManager -- Adding key: http://localhost:10190 for channel [id: 0xc6e253d8, L:/127.0.0.1:58548 - R:localhost/127.0.0.1:10190]
17:05:01.693 [Forwarding sendKeysToElement on session 9abd0aa4e98714c1a2973dc3b5e251ad to remote] DEBUG org.asynchttpclient.netty.request.NettyRequestSender -- Using pooled Channel '[id: 0xc6e253d8, L:/127.0.0.1:58548 - R:localhost/127.0.0.1:10190]' for 'POST' to 'http://localhost:10190/session/9abd0aa4e98714c1a2973dc3b5e251ad/element/f.7B09347037C134B6778633856ECEF276.d.813107D64320EB4E20E43B40F57B207D.e.4/value'
17:05:01.693 [Forwarding sendKeysToElement on session 9abd0aa4e98714c1a2973dc3b5e251ad to remote] DEBUG org.asynchttpclient.netty.request.NettyRequestSender -- Using open Channel [id: 0xc6e253d8, L:/127.0.0.1:58548 - R:localhost/127.0.0.1:10190] for POST '/session/9abd0aa4e98714c1a2973dc3b5e251ad/element/f.7B09347037C134B6778633856ECEF276.d.813107D64320EB4E20E43B40F57B207D.e.4/value'
17:05:01.818 [AsyncHttpClient-1-17] DEBUG org.asynchttpclient.netty.handler.HttpHandler -- 

Request DefaultHttpRequest(decodeResult: success, version: HTTP/1.1)
POST /session/9abd0aa4e98714c1a2973dc3b5e251ad/element/f.7B09347037C134B6778633856ECEF276.d.813107D64320EB4E20E43B40F57B207D.e.4/value HTTP/1.1
User-Agent: selenium/4.12.0 (java windows)
Content-Length: 218
Content-Type: application/json; charset=utf-8
host: localhost:10190
accept: */*

Response DefaultHttpResponse(decodeResult: success, version: HTTP/1.1)
HTTP/1.1 200 OK
Content-Length: 14
Content-Type: application/json; charset=utf-8
cache-control: no-cache

17:05:01.818 [AsyncHttpClient-1-17] DEBUG org.asynchttpclient.netty.channel.ChannelManager -- Adding key: http://localhost:10190 for channel [id: 0xc6e253d8, L:/127.0.0.1:58548 - R:localhost/127.0.0.1:10190]
17:05:01.819 [Forwarding findElement on session 9abd0aa4e98714c1a2973dc3b5e251ad to remote] DEBUG org.asynchttpclient.netty.request.NettyRequestSender -- Using pooled Channel '[id: 0xc6e253d8, L:/127.0.0.1:58548 - R:localhost/127.0.0.1:10190]' for 'POST' to 'http://localhost:10190/session/9abd0aa4e98714c1a2973dc3b5e251ad/element'
17:05:01.819 [Forwarding findElement on session 9abd0aa4e98714c1a2973dc3b5e251ad to remote] DEBUG org.asynchttpclient.netty.request.NettyRequestSender -- Using open Channel [id: 0xc6e253d8, L:/127.0.0.1:58548 - R:localhost/127.0.0.1:10190] for POST '/session/9abd0aa4e98714c1a2973dc3b5e251ad/element'
17:05:01.838 [AsyncHttpClient-1-17] DEBUG org.asynchttpclient.netty.handler.HttpHandler -- 

Request DefaultHttpRequest(decodeResult: success, version: HTTP/1.1)
POST /session/9abd0aa4e98714c1a2973dc3b5e251ad/element HTTP/1.1
User-Agent: selenium/4.12.0 (java windows)
Content-Length: 65
Content-Type: application/json; charset=utf-8
host: localhost:10190
accept: */*

Response DefaultHttpResponse(decodeResult: success, version: HTTP/1.1)
HTTP/1.1 200 OK
Content-Length: 126
Content-Type: application/json; charset=utf-8
cache-control: no-cache

17:05:01.838 [AsyncHttpClient-1-17] DEBUG org.asynchttpclient.netty.channel.ChannelManager -- Adding key: http://localhost:10190 for channel [id: 0xc6e253d8, L:/127.0.0.1:58548 - R:localhost/127.0.0.1:10190]
17:05:01.839 [Forwarding clickElement on session 9abd0aa4e98714c1a2973dc3b5e251ad to remote] DEBUG org.asynchttpclient.netty.request.NettyRequestSender -- Using pooled Channel '[id: 0xc6e253d8, L:/127.0.0.1:58548 - R:localhost/127.0.0.1:10190]' for 'POST' to 'http://localhost:10190/session/9abd0aa4e98714c1a2973dc3b5e251ad/element/f.7B09347037C134B6778633856ECEF276.d.813107D64320EB4E20E43B40F57B207D.e.17/click'
17:05:01.839 [Forwarding clickElement on session 9abd0aa4e98714c1a2973dc3b5e251ad to remote] DEBUG org.asynchttpclient.netty.request.NettyRequestSender -- Using open Channel [id: 0xc6e253d8, L:/127.0.0.1:58548 - R:localhost/127.0.0.1:10190] for POST '/session/9abd0aa4e98714c1a2973dc3b5e251ad/element/f.7B09347037C134B6778633856ECEF276.d.813107D64320EB4E20E43B40F57B207D.e.17/click'
17:05:01.952 [AsyncHttpClient-1-17] DEBUG org.asynchttpclient.netty.handler.HttpHandler -- 

Request DefaultHttpRequest(decodeResult: success, version: HTTP/1.1)
POST /session/9abd0aa4e98714c1a2973dc3b5e251ad/element/f.7B09347037C134B6778633856ECEF276.d.813107D64320EB4E20E43B40F57B207D.e.17/click HTTP/1.1
User-Agent: selenium/4.12.0 (java windows)
Content-Length: 88
Content-Type: application/json; charset=utf-8
host: localhost:10190
accept: */*

Response DefaultHttpResponse(decodeResult: success, version: HTTP/1.1)
HTTP/1.1 200 OK
Content-Length: 14
Content-Type: application/json; charset=utf-8
cache-control: no-cache

17:05:01.952 [AsyncHttpClient-1-17] DEBUG org.asynchttpclient.netty.channel.ChannelManager -- Adding key: http://localhost:10190 for channel [id: 0xc6e253d8, L:/127.0.0.1:58548 - R:localhost/127.0.0.1:10190]
17:05:01.953 [Forwarding findElement on session 9abd0aa4e98714c1a2973dc3b5e251ad to remote] DEBUG org.asynchttpclient.netty.request.NettyRequestSender -- Using pooled Channel '[id: 0xc6e253d8, L:/127.0.0.1:58548 - R:localhost/127.0.0.1:10190]' for 'POST' to 'http://localhost:10190/session/9abd0aa4e98714c1a2973dc3b5e251ad/element'
17:05:01.953 [Forwarding findElement on session 9abd0aa4e98714c1a2973dc3b5e251ad to remote] DEBUG org.asynchttpclient.netty.request.NettyRequestSender -- Using open Channel [id: 0xc6e253d8, L:/127.0.0.1:58548 - R:localhost/127.0.0.1:10190] for POST '/session/9abd0aa4e98714c1a2973dc3b5e251ad/element'
17:05:01.982 [AsyncHttpClient-1-17] DEBUG org.asynchttpclient.netty.handler.HttpHandler -- 

Request DefaultHttpRequest(decodeResult: success, version: HTTP/1.1)
POST /session/9abd0aa4e98714c1a2973dc3b5e251ad/element HTTP/1.1
User-Agent: selenium/4.12.0 (java windows)
Content-Length: 151
Content-Type: application/json; charset=utf-8
host: localhost:10190
accept: */*

Response DefaultHttpResponse(decodeResult: success, version: HTTP/1.1)
HTTP/1.1 404 Not Found
Content-Length: 1093
Content-Type: application/json; charset=utf-8
cache-control: no-cache

17:05:01.983 [AsyncHttpClient-1-17] DEBUG org.asynchttpclient.netty.channel.ChannelManager -- Adding key: http://localhost:10190 for channel [id: 0xc6e253d8, L:/127.0.0.1:58548 - R:localhost/127.0.0.1:10190]
17:05:02.296 [AsyncHttpClient-1-1] DEBUG org.asynchttpclient.netty.channel.DefaultChannelPool -- Entry count for : http://localhost:10190 : 1
17:05:02.296 [AsyncHttpClient-1-1] DEBUG org.asynchttpclient.netty.channel.DefaultChannelPool -- Entry count for : http://localhost:58549 : 1
17:05:02.497 [Forwarding findElement on session 9abd0aa4e98714c1a2973dc3b5e251ad to remote] DEBUG org.asynchttpclient.netty.request.NettyRequestSender -- Using pooled Channel '[id: 0xc6e253d8, L:/127.0.0.1:58548 - R:localhost/127.0.0.1:10190]' for 'POST' to 'http://localhost:10190/session/9abd0aa4e98714c1a2973dc3b5e251ad/element'
17:05:02.497 [Forwarding findElement on session 9abd0aa4e98714c1a2973dc3b5e251ad to remote] DEBUG org.asynchttpclient.netty.request.NettyRequestSender -- Using open Channel [id: 0xc6e253d8, L:/127.0.0.1:58548 - R:localhost/127.0.0.1:10190] for POST '/session/9abd0aa4e98714c1a2973dc3b5e251ad/element'
17:05:02.510 [AsyncHttpClient-1-17] DEBUG org.asynchttpclient.netty.handler.HttpHandler -- 

Request DefaultHttpRequest(decodeResult: success, version: HTTP/1.1)
POST /session/9abd0aa4e98714c1a2973dc3b5e251ad/element HTTP/1.1
User-Agent: selenium/4.12.0 (java windows)
Content-Length: 151
Content-Type: application/json; charset=utf-8
host: localhost:10190
accept: */*

Response DefaultHttpResponse(decodeResult: success, version: HTTP/1.1)
HTTP/1.1 404 Not Found
Content-Length: 1093
Content-Type: application/json; charset=utf-8
cache-control: no-cache

17:05:02.510 [AsyncHttpClient-1-17] DEBUG org.asynchttpclient.netty.channel.ChannelManager -- Adding key: http://localhost:10190 for channel [id: 0xc6e253d8, L:/127.0.0.1:58548 - R:localhost/127.0.0.1:10190]
17:05:03.021 [Forwarding findElement on session 9abd0aa4e98714c1a2973dc3b5e251ad to remote] DEBUG org.asynchttpclient.netty.request.NettyRequestSender -- Using pooled Channel '[id: 0xc6e253d8, L:/127.0.0.1:58548 - R:localhost/127.0.0.1:10190]' for 'POST' to 'http://localhost:10190/session/9abd0aa4e98714c1a2973dc3b5e251ad/element'
17:05:03.021 [Forwarding findElement on session 9abd0aa4e98714c1a2973dc3b5e251ad to remote] DEBUG org.asynchttpclient.netty.request.NettyRequestSender -- Using open Channel [id: 0xc6e253d8, L:/127.0.0.1:58548 - R:localhost/127.0.0.1:10190] for POST '/session/9abd0aa4e98714c1a2973dc3b5e251ad/element'
17:05:03.047 [AsyncHttpClient-1-17] DEBUG org.asynchttpclient.netty.handler.HttpHandler -- 

Request DefaultHttpRequest(decodeResult: success, version: HTTP/1.1)
POST /session/9abd0aa4e98714c1a2973dc3b5e251ad/element HTTP/1.1
User-Agent: selenium/4.12.0 (java windows)
Content-Length: 151
Content-Type: application/json; charset=utf-8
host: localhost:10190
accept: */*

Response DefaultHttpResponse(decodeResult: success, version: HTTP/1.1)
HTTP/1.1 404 Not Found
Content-Length: 1093
Content-Type: application/json; charset=utf-8
cache-control: no-cache

17:05:03.047 [AsyncHttpClient-1-17] DEBUG org.asynchttpclient.netty.channel.ChannelManager -- Adding key: http://localhost:10190 for channel [id: 0xc6e253d8, L:/127.0.0.1:58548 - R:localhost/127.0.0.1:10190]
17:05:03.390 [AsyncHttpClient-1-1] DEBUG org.asynchttpclient.netty.channel.DefaultChannelPool -- Entry count for : http://localhost:10190 : 1
17:05:03.390 [AsyncHttpClient-1-1] DEBUG org.asynchttpclient.netty.channel.DefaultChannelPool -- Entry count for : http://localhost:58549 : 1
17:05:03.559 [Forwarding findElement on session 9abd0aa4e98714c1a2973dc3b5e251ad to remote] DEBUG org.asynchttpclient.netty.request.NettyRequestSender -- Using pooled Channel '[id: 0xc6e253d8, L:/127.0.0.1:58548 - R:localhost/127.0.0.1:10190]' for 'POST' to 'http://localhost:10190/session/9abd0aa4e98714c1a2973dc3b5e251ad/element'
17:05:03.559 [Forwarding findElement on session 9abd0aa4e98714c1a2973dc3b5e251ad to remote] DEBUG org.asynchttpclient.netty.request.NettyRequestSender -- Using open Channel [id: 0xc6e253d8, L:/127.0.0.1:58548 - R:localhost/127.0.0.1:10190] for POST '/session/9abd0aa4e98714c1a2973dc3b5e251ad/element'
17:05:03.572 [AsyncHttpClient-1-17] DEBUG org.asynchttpclient.netty.handler.HttpHandler -- 

Request DefaultHttpRequest(decodeResult: success, version: HTTP/1.1)
POST /session/9abd0aa4e98714c1a2973dc3b5e251ad/element HTTP/1.1
User-Agent: selenium/4.12.0 (java windows)
Content-Length: 151
Content-Type: application/json; charset=utf-8
host: localhost:10190
accept: */*

Response DefaultHttpResponse(decodeResult: success, version: HTTP/1.1)
HTTP/1.1 200 OK
Content-Length: 126
Content-Type: application/json; charset=utf-8
cache-control: no-cache

17:05:03.572 [AsyncHttpClient-1-17] DEBUG org.asynchttpclient.netty.channel.ChannelManager -- Adding key: http://localhost:10190 for channel [id: 0xc6e253d8, L:/127.0.0.1:58548 - R:localhost/127.0.0.1:10190]
17:05:03.573 [Forwarding findElement on session 9abd0aa4e98714c1a2973dc3b5e251ad to remote] DEBUG org.asynchttpclient.netty.request.NettyRequestSender -- Using pooled Channel '[id: 0xc6e253d8, L:/127.0.0.1:58548 - R:localhost/127.0.0.1:10190]' for 'POST' to 'http://localhost:10190/session/9abd0aa4e98714c1a2973dc3b5e251ad/element'
17:05:03.573 [Forwarding findElement on session 9abd0aa4e98714c1a2973dc3b5e251ad to remote] DEBUG org.asynchttpclient.netty.request.NettyRequestSender -- Using open Channel [id: 0xc6e253d8, L:/127.0.0.1:58548 - R:localhost/127.0.0.1:10190] for POST '/session/9abd0aa4e98714c1a2973dc3b5e251ad/element'
17:05:03.585 [AsyncHttpClient-1-17] DEBUG org.asynchttpclient.netty.handler.HttpHandler -- 

Request DefaultHttpRequest(decodeResult: success, version: HTTP/1.1)
POST /session/9abd0aa4e98714c1a2973dc3b5e251ad/element HTTP/1.1
User-Agent: selenium/4.12.0 (java windows)
Content-Length: 151
Content-Type: application/json; charset=utf-8
host: localhost:10190
accept: */*

Response DefaultHttpResponse(decodeResult: success, version: HTTP/1.1)
HTTP/1.1 200 OK
Content-Length: 126
Content-Type: application/json; charset=utf-8
cache-control: no-cache

17:05:03.585 [AsyncHttpClient-1-17] DEBUG org.asynchttpclient.netty.channel.ChannelManager -- Adding key: http://localhost:10190 for channel [id: 0xc6e253d8, L:/127.0.0.1:58548 - R:localhost/127.0.0.1:10190]
17:05:03.587 [Forwarding isElementDisplayed on session 9abd0aa4e98714c1a2973dc3b5e251ad to remote] DEBUG org.asynchttpclient.netty.request.NettyRequestSender -- Using pooled Channel '[id: 0xc6e253d8, L:/127.0.0.1:58548 - R:localhost/127.0.0.1:10190]' for 'POST' to 'http://localhost:10190/session/9abd0aa4e98714c1a2973dc3b5e251ad/execute/sync'
17:05:03.587 [Forwarding isElementDisplayed on session 9abd0aa4e98714c1a2973dc3b5e251ad to remote] DEBUG org.asynchttpclient.netty.request.NettyRequestSender -- Using open Channel [id: 0xc6e253d8, L:/127.0.0.1:58548 - R:localhost/127.0.0.1:10190] for POST '/session/9abd0aa4e98714c1a2973dc3b5e251ad/execute/sync'
17:05:03.603 [AsyncHttpClient-1-17] DEBUG org.asynchttpclient.netty.handler.HttpHandler -- 

Request DefaultHttpRequest(decodeResult: success, version: HTTP/1.1)
POST /session/9abd0aa4e98714c1a2973dc3b5e251ad/execute/sync HTTP/1.1
User-Agent: selenium/4.12.0 (java windows)
Content-Length: 48734
Content-Type: application/json; charset=utf-8
host: localhost:10190
accept: */*

Response DefaultHttpResponse(decodeResult: success, version: HTTP/1.1)
HTTP/1.1 200 OK
Content-Length: 14
Content-Type: application/json; charset=utf-8
cache-control: no-cache

17:05:03.604 [AsyncHttpClient-1-17] DEBUG org.asynchttpclient.netty.channel.ChannelManager -- Adding key: http://localhost:10190 for channel [id: 0xc6e253d8, L:/127.0.0.1:58548 - R:localhost/127.0.0.1:10190]
]]></system-out>
    <system-err><![CDATA[Jan 03, 2025 5:04:57 PM org.openqa.selenium.devtools.CdpVersionFinder findNearestMatch
WARNING: Unable to find CDP implementation matching 131
Jan 03, 2025 5:04:57 PM org.openqa.selenium.chromium.ChromiumDriver lambda$new$5
WARNING: Unable to find version of CDP to use for 131.0.6778.205. You may need to include a dependency on a specific version of the CDP using something similar to `org.seleniumhq.selenium:selenium-devtools-v86:4.12.0` where the version ("v86") matches the version of the chromium-based browser you're using and the version number of the artifact is the same as Selenium's.
]]></system-err>
  </testcase>
  <testcase name="testLogoutFunctionality" classname="UITestCases.BuggyCarsUITests" time="2.445">
    <failure message="expected [true] but found [false]" type="java.lang.AssertionError"><![CDATA[java.lang.AssertionError: expected [true] but found [false]
	at org.testng.Assert.fail(Assert.java:110)
	at org.testng.Assert.failNotEquals(Assert.java:1413)
	at org.testng.Assert.assertTrue(Assert.java:56)
	at org.testng.Assert.assertTrue(Assert.java:66)
	at UITestCases.BuggyCarsUITests.testLogoutFunctionality(BuggyCarsUITests.java:171)
	at java.base/jdk.internal.reflect.NativeMethodAccessorImpl.invoke0(Native Method)
	at java.base/jdk.internal.reflect.NativeMethodAccessorImpl.invoke(NativeMethodAccessorImpl.java:77)
	at java.base/jdk.internal.reflect.DelegatingMethodAccessorImpl.invoke(DelegatingMethodAccessorImpl.java:43)
	at java.base/java.lang.reflect.Method.invoke(Method.java:568)
	at org.testng.internal.invokers.MethodInvocationHelper.invokeMethod(MethodInvocationHelper.java:139)
	at org.testng.internal.invokers.TestInvoker.invokeMethod(TestInvoker.java:677)
	at org.testng.internal.invokers.TestInvoker.invokeTestMethod(TestInvoker.java:221)
	at org.testng.internal.invokers.MethodRunner.runInSequence(MethodRunner.java:50)
	at org.testng.internal.invokers.TestInvoker$MethodInvocationAgent.invoke(TestInvoker.java:969)
	at org.testng.internal.invokers.TestInvoker.invokeTestMethods(TestInvoker.java:194)
	at org.testng.internal.invokers.TestMethodWorker.invokeTestMethods(TestMethodWorker.java:148)
	at org.testng.internal.invokers.TestMethodWorker.run(TestMethodWorker.java:128)
	at java.base/java.util.ArrayList.forEach(ArrayList.java:1511)
	at org.testng.TestRunner.privateRun(TestRunner.java:829)
	at org.testng.TestRunner.run(TestRunner.java:602)
	at org.testng.SuiteRunner.runTest(SuiteRunner.java:437)
	at org.testng.SuiteRunner.runSequentially(SuiteRunner.java:431)
	at org.testng.SuiteRunner.privateRun(SuiteRunner.java:391)
	at org.testng.SuiteRunner.run(SuiteRunner.java:330)
	at org.testng.SuiteRunnerWorker.runSuite(SuiteRunnerWorker.java:52)
	at org.testng.SuiteRunnerWorker.run(SuiteRunnerWorker.java:95)
	at org.testng.TestNG.runSuitesSequentially(TestNG.java:1256)
	at org.testng.TestNG.runSuitesLocally(TestNG.java:1176)
	at org.testng.TestNG.runSuites(TestNG.java:1099)
	at org.testng.TestNG.run(TestNG.java:1067)
	at org.apache.maven.surefire.testng.TestNGExecutor.run(TestNGExecutor.java:324)
	at org.apache.maven.surefire.testng.TestNGXmlTestSuite.execute(TestNGXmlTestSuite.java:74)
	at org.apache.maven.surefire.testng.TestNGProvider.invoke(TestNGProvider.java:123)
	at org.apache.maven.surefire.booter.ForkedBooter.runSuitesInProcess(ForkedBooter.java:456)
	at org.apache.maven.surefire.booter.ForkedBooter.execute(ForkedBooter.java:169)
	at org.apache.maven.surefire.booter.ForkedBooter.run(ForkedBooter.java:595)
	at org.apache.maven.surefire.booter.ForkedBooter.main(ForkedBooter.java:581)
]]></failure>
    <system-out><![CDATA[17:05:03.608 [Driver Command Executor] DEBUG org.asynchttpclient.netty.request.NettyRequestSender -- Using pooled Channel '[id: 0xc6e253d8, L:/127.0.0.1:58548 - R:localhost/127.0.0.1:10190]' for 'DELETE' to 'http://localhost:10190/session/9abd0aa4e98714c1a2973dc3b5e251ad'
17:05:03.608 [Driver Command Executor] DEBUG org.asynchttpclient.netty.request.NettyRequestSender -- Using open Channel [id: 0xc6e253d8, L:/127.0.0.1:58548 - R:localhost/127.0.0.1:10190] for DELETE '/session/9abd0aa4e98714c1a2973dc3b5e251ad'
17:05:03.608 [AsyncHttpClient-1-3] DEBUG org.asynchttpclient.netty.handler.WebSocketHandler -- Channel Closed: [id: 0x61a69d08, L:/127.0.0.1:58557 ! R:localhost/127.0.0.1:58549] with attribute DISCARD
17:05:03.663 [AsyncHttpClient-1-2] DEBUG org.asynchttpclient.netty.handler.HttpHandler -- Unexpected I/O exception on channel [id: 0x7aebf80a, L:/127.0.0.1:58556 - R:localhost/127.0.0.1:58549]
java.net.SocketException: Connection reset
	at java.base/sun.nio.ch.SocketChannelImpl.throwConnectionReset(SocketChannelImpl.java:394)
	at java.base/sun.nio.ch.SocketChannelImpl.read(SocketChannelImpl.java:426)
	at io.netty.buffer.PooledByteBuf.setBytes(PooledByteBuf.java:254)
	at io.netty.buffer.AbstractByteBuf.writeBytes(AbstractByteBuf.java:1132)
	at io.netty.channel.socket.nio.NioSocketChannel.doReadBytes(NioSocketChannel.java:357)
	at io.netty.channel.nio.AbstractNioByteChannel$NioByteUnsafe.read(AbstractNioByteChannel.java:151)
	at io.netty.channel.nio.NioEventLoop.processSelectedKey(NioEventLoop.java:788)
	at io.netty.channel.nio.NioEventLoop.processSelectedKeysOptimized(NioEventLoop.java:724)
	at io.netty.channel.nio.NioEventLoop.processSelectedKeys(NioEventLoop.java:650)
	at io.netty.channel.nio.NioEventLoop.run(NioEventLoop.java:562)
	at io.netty.util.concurrent.SingleThreadEventExecutor$4.run(SingleThreadEventExecutor.java:997)
	at io.netty.util.internal.ThreadExecutorMap$2.run(ThreadExecutorMap.java:74)
	at io.netty.util.concurrent.FastThreadLocalRunnable.run(FastThreadLocalRunnable.java:30)
	at java.base/java.lang.Thread.run(Thread.java:842)
17:05:03.663 [AsyncHttpClient-1-2] DEBUG org.asynchttpclient.netty.channel.ChannelManager -- Closing Channel [id: 0x7aebf80a, L:/127.0.0.1:58556 - R:localhost/127.0.0.1:58549] 
17:05:03.663 [AsyncHttpClient-1-2] DEBUG org.asynchttpclient.netty.handler.HttpHandler -- Channel Closed: [id: 0x7aebf80a, L:/127.0.0.1:58556 ! R:localhost/127.0.0.1:58549] with attribute DISCARD
17:05:03.700 [AsyncHttpClient-1-17] DEBUG org.asynchttpclient.netty.handler.HttpHandler -- 

Request DefaultFullHttpRequest(decodeResult: success, version: HTTP/1.1, content: EmptyByteBufBE)
DELETE /session/9abd0aa4e98714c1a2973dc3b5e251ad HTTP/1.1
User-Agent: selenium/4.12.0 (java windows)
Content-Type: application/json; charset=utf-8
host: localhost:10190
accept: */*

Response DefaultHttpResponse(decodeResult: success, version: HTTP/1.1)
HTTP/1.1 200 OK
Content-Length: 14
Content-Type: application/json; charset=utf-8
cache-control: no-cache

17:05:03.701 [AsyncHttpClient-1-17] DEBUG org.asynchttpclient.netty.channel.ChannelManager -- Adding key: http://localhost:10190 for channel [id: 0xc6e253d8, L:/127.0.0.1:58548 - R:localhost/127.0.0.1:10190]
17:05:03.822 [AsyncHttpClient-1-17] DEBUG org.asynchttpclient.netty.handler.HttpHandler -- Channel Closed: [id: 0xc6e253d8, L:/127.0.0.1:58548 ! R:localhost/127.0.0.1:10190] with attribute DISCARD
17:05:03.843 [main] DEBUG io.github.bonigarcia.wdm.WebDriverManager -- Using WebDriverManager 5.5.3
17:05:03.851 [main] DEBUG io.github.bonigarcia.wdm.cache.ResolutionCache -- Resolution chrome=131 in cache (valid until 17:53:13 03/01/2025 IST)
17:05:03.851 [main] DEBUG io.github.bonigarcia.wdm.cache.ResolutionCache -- Resolution chrome131=131.0.6778.204 in cache (valid until 16:53:13 04/01/2025 IST)
17:05:03.851 [main] INFO io.github.bonigarcia.wdm.WebDriverManager -- Using chromedriver 131.0.6778.204 (resolved driver for Chrome 131)
17:05:03.854 [main] DEBUG io.github.bonigarcia.wdm.WebDriverManager -- Driver chromedriver 131.0.6778.204 found in cache
17:05:03.856 [main] INFO io.github.bonigarcia.wdm.WebDriverManager -- Exporting webdriver.chrome.driver as C:\Users\sasitharan\.cache\selenium\chromedriver\win64\131.0.6778.204\chromedriver.exe
17:05:03.920 [AsyncHttpClient-1-4] DEBUG org.asynchttpclient.netty.channel.NettyConnectListener -- Using new Channel '[id: 0x452d6b03, L:/127.0.0.1:58570 - R:localhost/127.0.0.1:19411]' for 'POST' to '/session'
17:05:04.491 [AsyncHttpClient-1-1] DEBUG org.asynchttpclient.netty.channel.DefaultChannelPool -- Entry count for : http://localhost:10190 : 1
17:05:04.491 [AsyncHttpClient-1-1] DEBUG org.asynchttpclient.netty.channel.DefaultChannelPool -- Entry count for : http://localhost:58549 : 1
17:05:04.491 [AsyncHttpClient-1-1] DEBUG org.asynchttpclient.netty.channel.DefaultChannelPool -- Adding Candidate expired Channel [id: 0xc6e253d8, L:/127.0.0.1:58548 ! R:localhost/127.0.0.1:10190] isIdleTimeoutExpired=false isRemotelyClosed=true isTtlExpired=false
17:05:04.491 [AsyncHttpClient-1-1] DEBUG org.asynchttpclient.netty.channel.DefaultChannelPool -- Closing Idle Channel [id: 0xc6e253d8, L:/127.0.0.1:58548 ! R:localhost/127.0.0.1:10190]
17:05:04.491 [AsyncHttpClient-1-1] DEBUG org.asynchttpclient.netty.channel.DefaultChannelPool -- Adding Candidate expired Channel [id: 0x7aebf80a, L:/127.0.0.1:58556 ! R:localhost/127.0.0.1:58549] isIdleTimeoutExpired=false isRemotelyClosed=true isTtlExpired=false
17:05:04.491 [AsyncHttpClient-1-1] DEBUG org.asynchttpclient.netty.channel.DefaultChannelPool -- Closing Idle Channel [id: 0x7aebf80a, L:/127.0.0.1:58556 ! R:localhost/127.0.0.1:58549]
17:05:04.491 [AsyncHttpClient-1-1] DEBUG org.asynchttpclient.netty.channel.DefaultChannelPool -- Closed 2 connections out of 2 in 0 ms
17:05:04.831 [AsyncHttpClient-1-4] DEBUG org.asynchttpclient.netty.handler.HttpHandler -- 

Request DefaultHttpRequest(decodeResult: success, version: HTTP/1.1)
POST /session HTTP/1.1
User-Agent: selenium/4.12.0 (java windows)
Content-Length: 254
Content-Type: application/json; charset=utf-8
host: localhost:19411
accept: */*

Response DefaultHttpResponse(decodeResult: success, version: HTTP/1.1)
HTTP/1.1 200 OK
Content-Length: 887
Content-Type: application/json; charset=utf-8
cache-control: no-cache

17:05:04.831 [AsyncHttpClient-1-4] DEBUG org.asynchttpclient.netty.channel.ChannelManager -- Adding key: http://localhost:19411 for channel [id: 0x452d6b03, L:/127.0.0.1:58570 - R:localhost/127.0.0.1:19411]
17:05:04.845 [AsyncHttpClient-1-5] DEBUG org.asynchttpclient.netty.channel.NettyConnectListener -- Using new Channel '[id: 0xac148cb0, L:/127.0.0.1:58577 - R:localhost/127.0.0.1:58571]' for 'GET' to '/json/version'
17:05:04.851 [AsyncHttpClient-1-5] DEBUG org.asynchttpclient.netty.handler.HttpHandler -- 

Request DefaultFullHttpRequest(decodeResult: success, version: HTTP/1.1, content: EmptyByteBufBE)
GET /json/version HTTP/1.1
User-Agent: selenium/4.12.0 (java windows)
host: localhost:58571
accept: */*

Response DefaultHttpResponse(decodeResult: success, version: HTTP/1.1)
HTTP/1.1 200 OK
Content-Security-Policy: frame-ancestors 'none'
Content-Length: 424
Content-Type: application/json; charset=UTF-8

17:05:04.852 [AsyncHttpClient-1-5] DEBUG org.asynchttpclient.netty.channel.ChannelManager -- Adding key: http://localhost:58571 for channel [id: 0xac148cb0, L:/127.0.0.1:58577 - R:localhost/127.0.0.1:58571]
17:05:04.855 [AsyncHttpClient-1-6] DEBUG org.asynchttpclient.netty.channel.NettyConnectListener -- Using new Channel '[id: 0x306db76e, L:/127.0.0.1:58578 - R:localhost/127.0.0.1:58571]' for 'GET' to '/devtools/browser/fd0e30a0-7c5b-4ed5-9898-59193a31f7e7'
17:05:04.856 [AsyncHttpClient-1-6] DEBUG org.asynchttpclient.netty.handler.WebSocketHandler -- 

Request DefaultFullHttpRequest(decodeResult: success, version: HTTP/1.1, content: EmptyByteBufBE)
GET /devtools/browser/fd0e30a0-7c5b-4ed5-9898-59193a31f7e7 HTTP/1.1
upgrade: websocket
connection: upgrade
sec-websocket-key: qKGN6IF1UsqlcgD/um8vGQ==
sec-websocket-version: 13
origin: http://localhost:58571
host: localhost:58571
accept: */*
user-agent: AHC/2.1

Response DefaultHttpResponse(decodeResult: success, version: HTTP/1.1)
HTTP/1.1 101 WebSocket Protocol Handshake
Upgrade: WebSocket
Connection: Upgrade
Sec-WebSocket-Accept: 0YtiZ3Ufm8OoBQP7VUD9kkqbIsg=

17:05:04.861 [Forwarding maximizeCurrentWindow on session 6b9e7b13f65c8da9143bdad354a0ca47 to remote] DEBUG org.asynchttpclient.netty.request.NettyRequestSender -- Using pooled Channel '[id: 0x452d6b03, L:/127.0.0.1:58570 - R:localhost/127.0.0.1:19411]' for 'POST' to 'http://localhost:19411/session/6b9e7b13f65c8da9143bdad354a0ca47/window/maximize'
17:05:04.861 [Forwarding maximizeCurrentWindow on session 6b9e7b13f65c8da9143bdad354a0ca47 to remote] DEBUG org.asynchttpclient.netty.request.NettyRequestSender -- Using open Channel [id: 0x452d6b03, L:/127.0.0.1:58570 - R:localhost/127.0.0.1:19411] for POST '/session/6b9e7b13f65c8da9143bdad354a0ca47/window/maximize'
17:05:04.952 [AsyncHttpClient-1-4] DEBUG org.asynchttpclient.netty.handler.HttpHandler -- 

Request DefaultHttpRequest(decodeResult: success, version: HTTP/1.1)
POST /session/6b9e7b13f65c8da9143bdad354a0ca47/window/maximize HTTP/1.1
User-Agent: selenium/4.12.0 (java windows)
Content-Length: 3
Content-Type: application/json; charset=utf-8
host: localhost:19411
accept: */*

Response DefaultHttpResponse(decodeResult: success, version: HTTP/1.1)
HTTP/1.1 200 OK
Content-Length: 51
Content-Type: application/json; charset=utf-8
cache-control: no-cache

17:05:04.952 [AsyncHttpClient-1-4] DEBUG org.asynchttpclient.netty.channel.ChannelManager -- Adding key: http://localhost:19411 for channel [id: 0x452d6b03, L:/127.0.0.1:58570 - R:localhost/127.0.0.1:19411]
17:05:04.955 [Forwarding get on session 6b9e7b13f65c8da9143bdad354a0ca47 to remote] DEBUG org.asynchttpclient.netty.request.NettyRequestSender -- Using pooled Channel '[id: 0x452d6b03, L:/127.0.0.1:58570 - R:localhost/127.0.0.1:19411]' for 'POST' to 'http://localhost:19411/session/6b9e7b13f65c8da9143bdad354a0ca47/url'
17:05:04.955 [Forwarding get on session 6b9e7b13f65c8da9143bdad354a0ca47 to remote] DEBUG org.asynchttpclient.netty.request.NettyRequestSender -- Using open Channel [id: 0x452d6b03, L:/127.0.0.1:58570 - R:localhost/127.0.0.1:19411] for POST '/session/6b9e7b13f65c8da9143bdad354a0ca47/url'
17:05:05.593 [AsyncHttpClient-1-1] DEBUG org.asynchttpclient.netty.channel.DefaultChannelPool -- Entry count for : http://localhost:58571 : 1
17:05:06.140 [AsyncHttpClient-1-4] DEBUG org.asynchttpclient.netty.handler.HttpHandler -- 

Request DefaultHttpRequest(decodeResult: success, version: HTTP/1.1)
POST /session/6b9e7b13f65c8da9143bdad354a0ca47/url HTTP/1.1
User-Agent: selenium/4.12.0 (java windows)
Content-Length: 58
Content-Type: application/json; charset=utf-8
host: localhost:19411
accept: */*

Response DefaultHttpResponse(decodeResult: success, version: HTTP/1.1)
HTTP/1.1 200 OK
Content-Length: 14
Content-Type: application/json; charset=utf-8
cache-control: no-cache

17:05:06.140 [AsyncHttpClient-1-4] DEBUG org.asynchttpclient.netty.channel.ChannelManager -- Adding key: http://localhost:19411 for channel [id: 0x452d6b03, L:/127.0.0.1:58570 - R:localhost/127.0.0.1:19411]
17:05:06.146 [Forwarding findElement on session 6b9e7b13f65c8da9143bdad354a0ca47 to remote] DEBUG org.asynchttpclient.netty.request.NettyRequestSender -- Using pooled Channel '[id: 0x452d6b03, L:/127.0.0.1:58570 - R:localhost/127.0.0.1:19411]' for 'POST' to 'http://localhost:19411/session/6b9e7b13f65c8da9143bdad354a0ca47/element'
17:05:06.146 [Forwarding findElement on session 6b9e7b13f65c8da9143bdad354a0ca47 to remote] DEBUG org.asynchttpclient.netty.request.NettyRequestSender -- Using open Channel [id: 0x452d6b03, L:/127.0.0.1:58570 - R:localhost/127.0.0.1:19411] for POST '/session/6b9e7b13f65c8da9143bdad354a0ca47/element'
17:05:06.165 [AsyncHttpClient-1-4] DEBUG org.asynchttpclient.netty.handler.HttpHandler -- 

Request DefaultHttpRequest(decodeResult: success, version: HTTP/1.1)
POST /session/6b9e7b13f65c8da9143bdad354a0ca47/element HTTP/1.1
User-Agent: selenium/4.12.0 (java windows)
Content-Length: 59
Content-Type: application/json; charset=utf-8
host: localhost:19411
accept: */*

Response DefaultHttpResponse(decodeResult: success, version: HTTP/1.1)
HTTP/1.1 200 OK
Content-Length: 125
Content-Type: application/json; charset=utf-8
cache-control: no-cache

17:05:06.165 [AsyncHttpClient-1-4] DEBUG org.asynchttpclient.netty.channel.ChannelManager -- Adding key: http://localhost:19411 for channel [id: 0x452d6b03, L:/127.0.0.1:58570 - R:localhost/127.0.0.1:19411]
17:05:06.166 [Forwarding sendKeysToElement on session 6b9e7b13f65c8da9143bdad354a0ca47 to remote] DEBUG org.asynchttpclient.netty.request.NettyRequestSender -- Using pooled Channel '[id: 0x452d6b03, L:/127.0.0.1:58570 - R:localhost/127.0.0.1:19411]' for 'POST' to 'http://localhost:19411/session/6b9e7b13f65c8da9143bdad354a0ca47/element/f.FF053C8A7EF864C0DFB9C846FDD6179C.d.436DF963D742BF1E97B0D8998E55CFA1.e.5/value'
17:05:06.166 [Forwarding sendKeysToElement on session 6b9e7b13f65c8da9143bdad354a0ca47 to remote] DEBUG org.asynchttpclient.netty.request.NettyRequestSender -- Using open Channel [id: 0x452d6b03, L:/127.0.0.1:58570 - R:localhost/127.0.0.1:19411] for POST '/session/6b9e7b13f65c8da9143bdad354a0ca47/element/f.FF053C8A7EF864C0DFB9C846FDD6179C.d.436DF963D742BF1E97B0D8998E55CFA1.e.5/value'
17:05:06.340 [AsyncHttpClient-1-4] DEBUG org.asynchttpclient.netty.handler.HttpHandler -- 

Request DefaultHttpRequest(decodeResult: success, version: HTTP/1.1)
POST /session/6b9e7b13f65c8da9143bdad354a0ca47/element/f.FF053C8A7EF864C0DFB9C846FDD6179C.d.436DF963D742BF1E97B0D8998E55CFA1.e.5/value HTTP/1.1
User-Agent: selenium/4.12.0 (java windows)
Content-Length: 388
Content-Type: application/json; charset=utf-8
host: localhost:19411
accept: */*

Response DefaultHttpResponse(decodeResult: success, version: HTTP/1.1)
HTTP/1.1 200 OK
Content-Length: 14
Content-Type: application/json; charset=utf-8
cache-control: no-cache

17:05:06.340 [AsyncHttpClient-1-4] DEBUG org.asynchttpclient.netty.channel.ChannelManager -- Adding key: http://localhost:19411 for channel [id: 0x452d6b03, L:/127.0.0.1:58570 - R:localhost/127.0.0.1:19411]
17:05:06.341 [Forwarding findElement on session 6b9e7b13f65c8da9143bdad354a0ca47 to remote] DEBUG org.asynchttpclient.netty.request.NettyRequestSender -- Using pooled Channel '[id: 0x452d6b03, L:/127.0.0.1:58570 - R:localhost/127.0.0.1:19411]' for 'POST' to 'http://localhost:19411/session/6b9e7b13f65c8da9143bdad354a0ca47/element'
17:05:06.341 [Forwarding findElement on session 6b9e7b13f65c8da9143bdad354a0ca47 to remote] DEBUG org.asynchttpclient.netty.request.NettyRequestSender -- Using open Channel [id: 0x452d6b03, L:/127.0.0.1:58570 - R:localhost/127.0.0.1:19411] for POST '/session/6b9e7b13f65c8da9143bdad354a0ca47/element'
17:05:06.356 [AsyncHttpClient-1-4] DEBUG org.asynchttpclient.netty.handler.HttpHandler -- 

Request DefaultHttpRequest(decodeResult: success, version: HTTP/1.1)
POST /session/6b9e7b13f65c8da9143bdad354a0ca47/element HTTP/1.1
User-Agent: selenium/4.12.0 (java windows)
Content-Length: 62
Content-Type: application/json; charset=utf-8
host: localhost:19411
accept: */*

Response DefaultHttpResponse(decodeResult: success, version: HTTP/1.1)
HTTP/1.1 200 OK
Content-Length: 125
Content-Type: application/json; charset=utf-8
cache-control: no-cache

17:05:06.356 [AsyncHttpClient-1-4] DEBUG org.asynchttpclient.netty.channel.ChannelManager -- Adding key: http://localhost:19411 for channel [id: 0x452d6b03, L:/127.0.0.1:58570 - R:localhost/127.0.0.1:19411]
17:05:06.357 [Forwarding sendKeysToElement on session 6b9e7b13f65c8da9143bdad354a0ca47 to remote] DEBUG org.asynchttpclient.netty.request.NettyRequestSender -- Using pooled Channel '[id: 0x452d6b03, L:/127.0.0.1:58570 - R:localhost/127.0.0.1:19411]' for 'POST' to 'http://localhost:19411/session/6b9e7b13f65c8da9143bdad354a0ca47/element/f.FF053C8A7EF864C0DFB9C846FDD6179C.d.436DF963D742BF1E97B0D8998E55CFA1.e.4/value'
17:05:06.357 [Forwarding sendKeysToElement on session 6b9e7b13f65c8da9143bdad354a0ca47 to remote] DEBUG org.asynchttpclient.netty.request.NettyRequestSender -- Using open Channel [id: 0x452d6b03, L:/127.0.0.1:58570 - R:localhost/127.0.0.1:19411] for POST '/session/6b9e7b13f65c8da9143bdad354a0ca47/element/f.FF053C8A7EF864C0DFB9C846FDD6179C.d.436DF963D742BF1E97B0D8998E55CFA1.e.4/value'
17:05:06.427 [AsyncHttpClient-1-4] DEBUG org.asynchttpclient.netty.handler.HttpHandler -- 

Request DefaultHttpRequest(decodeResult: success, version: HTTP/1.1)
POST /session/6b9e7b13f65c8da9143bdad354a0ca47/element/f.FF053C8A7EF864C0DFB9C846FDD6179C.d.436DF963D742BF1E97B0D8998E55CFA1.e.4/value HTTP/1.1
User-Agent: selenium/4.12.0 (java windows)
Content-Length: 218
Content-Type: application/json; charset=utf-8
host: localhost:19411
accept: */*

Response DefaultHttpResponse(decodeResult: success, version: HTTP/1.1)
HTTP/1.1 200 OK
Content-Length: 14
Content-Type: application/json; charset=utf-8
cache-control: no-cache

17:05:06.427 [AsyncHttpClient-1-4] DEBUG org.asynchttpclient.netty.channel.ChannelManager -- Adding key: http://localhost:19411 for channel [id: 0x452d6b03, L:/127.0.0.1:58570 - R:localhost/127.0.0.1:19411]
17:05:06.428 [Forwarding findElement on session 6b9e7b13f65c8da9143bdad354a0ca47 to remote] DEBUG org.asynchttpclient.netty.request.NettyRequestSender -- Using pooled Channel '[id: 0x452d6b03, L:/127.0.0.1:58570 - R:localhost/127.0.0.1:19411]' for 'POST' to 'http://localhost:19411/session/6b9e7b13f65c8da9143bdad354a0ca47/element'
17:05:06.428 [Forwarding findElement on session 6b9e7b13f65c8da9143bdad354a0ca47 to remote] DEBUG org.asynchttpclient.netty.request.NettyRequestSender -- Using open Channel [id: 0x452d6b03, L:/127.0.0.1:58570 - R:localhost/127.0.0.1:19411] for POST '/session/6b9e7b13f65c8da9143bdad354a0ca47/element'
17:05:06.441 [AsyncHttpClient-1-4] DEBUG org.asynchttpclient.netty.handler.HttpHandler -- 

Request DefaultHttpRequest(decodeResult: success, version: HTTP/1.1)
POST /session/6b9e7b13f65c8da9143bdad354a0ca47/element HTTP/1.1
User-Agent: selenium/4.12.0 (java windows)
Content-Length: 65
Content-Type: application/json; charset=utf-8
host: localhost:19411
accept: */*

Response DefaultHttpResponse(decodeResult: success, version: HTTP/1.1)
HTTP/1.1 200 OK
Content-Length: 125
Content-Type: application/json; charset=utf-8
cache-control: no-cache

17:05:06.441 [AsyncHttpClient-1-4] DEBUG org.asynchttpclient.netty.channel.ChannelManager -- Adding key: http://localhost:19411 for channel [id: 0x452d6b03, L:/127.0.0.1:58570 - R:localhost/127.0.0.1:19411]
17:05:06.442 [Forwarding clickElement on session 6b9e7b13f65c8da9143bdad354a0ca47 to remote] DEBUG org.asynchttpclient.netty.request.NettyRequestSender -- Using pooled Channel '[id: 0x452d6b03, L:/127.0.0.1:58570 - R:localhost/127.0.0.1:19411]' for 'POST' to 'http://localhost:19411/session/6b9e7b13f65c8da9143bdad354a0ca47/element/f.FF053C8A7EF864C0DFB9C846FDD6179C.d.436DF963D742BF1E97B0D8998E55CFA1.e.7/click'
17:05:06.442 [Forwarding clickElement on session 6b9e7b13f65c8da9143bdad354a0ca47 to remote] DEBUG org.asynchttpclient.netty.request.NettyRequestSender -- Using open Channel [id: 0x452d6b03, L:/127.0.0.1:58570 - R:localhost/127.0.0.1:19411] for POST '/session/6b9e7b13f65c8da9143bdad354a0ca47/element/f.FF053C8A7EF864C0DFB9C846FDD6179C.d.436DF963D742BF1E97B0D8998E55CFA1.e.7/click'
17:05:06.529 [AsyncHttpClient-1-4] DEBUG org.asynchttpclient.netty.handler.HttpHandler -- 

Request DefaultHttpRequest(decodeResult: success, version: HTTP/1.1)
POST /session/6b9e7b13f65c8da9143bdad354a0ca47/element/f.FF053C8A7EF864C0DFB9C846FDD6179C.d.436DF963D742BF1E97B0D8998E55CFA1.e.7/click HTTP/1.1
User-Agent: selenium/4.12.0 (java windows)
Content-Length: 87
Content-Type: application/json; charset=utf-8
host: localhost:19411
accept: */*

Response DefaultHttpResponse(decodeResult: success, version: HTTP/1.1)
HTTP/1.1 200 OK
Content-Length: 14
Content-Type: application/json; charset=utf-8
cache-control: no-cache

17:05:06.529 [AsyncHttpClient-1-4] DEBUG org.asynchttpclient.netty.channel.ChannelManager -- Adding key: http://localhost:19411 for channel [id: 0x452d6b03, L:/127.0.0.1:58570 - R:localhost/127.0.0.1:19411]
17:05:06.530 [Forwarding findElement on session 6b9e7b13f65c8da9143bdad354a0ca47 to remote] DEBUG org.asynchttpclient.netty.request.NettyRequestSender -- Using pooled Channel '[id: 0x452d6b03, L:/127.0.0.1:58570 - R:localhost/127.0.0.1:19411]' for 'POST' to 'http://localhost:19411/session/6b9e7b13f65c8da9143bdad354a0ca47/element'
17:05:06.530 [Forwarding findElement on session 6b9e7b13f65c8da9143bdad354a0ca47 to remote] DEBUG org.asynchttpclient.netty.request.NettyRequestSender -- Using open Channel [id: 0x452d6b03, L:/127.0.0.1:58570 - R:localhost/127.0.0.1:19411] for POST '/session/6b9e7b13f65c8da9143bdad354a0ca47/element'
17:05:06.555 [AsyncHttpClient-1-4] DEBUG org.asynchttpclient.netty.handler.HttpHandler -- 

Request DefaultHttpRequest(decodeResult: success, version: HTTP/1.1)
POST /session/6b9e7b13f65c8da9143bdad354a0ca47/element HTTP/1.1
User-Agent: selenium/4.12.0 (java windows)
Content-Length: 151
Content-Type: application/json; charset=utf-8
host: localhost:19411
accept: */*

Response DefaultHttpResponse(decodeResult: success, version: HTTP/1.1)
HTTP/1.1 404 Not Found
Content-Length: 1093
Content-Type: application/json; charset=utf-8
cache-control: no-cache

17:05:06.556 [AsyncHttpClient-1-4] DEBUG org.asynchttpclient.netty.channel.ChannelManager -- Adding key: http://localhost:19411 for channel [id: 0x452d6b03, L:/127.0.0.1:58570 - R:localhost/127.0.0.1:19411]
17:05:06.691 [AsyncHttpClient-1-1] DEBUG org.asynchttpclient.netty.channel.DefaultChannelPool -- Entry count for : http://localhost:58571 : 1
17:05:06.691 [AsyncHttpClient-1-1] DEBUG org.asynchttpclient.netty.channel.DefaultChannelPool -- Entry count for : http://localhost:19411 : 1
17:05:07.060 [Forwarding findElement on session 6b9e7b13f65c8da9143bdad354a0ca47 to remote] DEBUG org.asynchttpclient.netty.request.NettyRequestSender -- Using pooled Channel '[id: 0x452d6b03, L:/127.0.0.1:58570 - R:localhost/127.0.0.1:19411]' for 'POST' to 'http://localhost:19411/session/6b9e7b13f65c8da9143bdad354a0ca47/element'
17:05:07.060 [Forwarding findElement on session 6b9e7b13f65c8da9143bdad354a0ca47 to remote] DEBUG org.asynchttpclient.netty.request.NettyRequestSender -- Using open Channel [id: 0x452d6b03, L:/127.0.0.1:58570 - R:localhost/127.0.0.1:19411] for POST '/session/6b9e7b13f65c8da9143bdad354a0ca47/element'
17:05:07.082 [AsyncHttpClient-1-4] DEBUG org.asynchttpclient.netty.handler.HttpHandler -- 

Request DefaultHttpRequest(decodeResult: success, version: HTTP/1.1)
POST /session/6b9e7b13f65c8da9143bdad354a0ca47/element HTTP/1.1
User-Agent: selenium/4.12.0 (java windows)
Content-Length: 151
Content-Type: application/json; charset=utf-8
host: localhost:19411
accept: */*

Response DefaultHttpResponse(decodeResult: success, version: HTTP/1.1)
HTTP/1.1 404 Not Found
Content-Length: 1093
Content-Type: application/json; charset=utf-8
cache-control: no-cache

17:05:07.083 [AsyncHttpClient-1-4] DEBUG org.asynchttpclient.netty.channel.ChannelManager -- Adding key: http://localhost:19411 for channel [id: 0x452d6b03, L:/127.0.0.1:58570 - R:localhost/127.0.0.1:19411]
17:05:07.600 [Forwarding findElement on session 6b9e7b13f65c8da9143bdad354a0ca47 to remote] DEBUG org.asynchttpclient.netty.request.NettyRequestSender -- Using pooled Channel '[id: 0x452d6b03, L:/127.0.0.1:58570 - R:localhost/127.0.0.1:19411]' for 'POST' to 'http://localhost:19411/session/6b9e7b13f65c8da9143bdad354a0ca47/element'
17:05:07.600 [Forwarding findElement on session 6b9e7b13f65c8da9143bdad354a0ca47 to remote] DEBUG org.asynchttpclient.netty.request.NettyRequestSender -- Using open Channel [id: 0x452d6b03, L:/127.0.0.1:58570 - R:localhost/127.0.0.1:19411] for POST '/session/6b9e7b13f65c8da9143bdad354a0ca47/element'
17:05:07.614 [AsyncHttpClient-1-4] DEBUG org.asynchttpclient.netty.handler.HttpHandler -- 

Request DefaultHttpRequest(decodeResult: success, version: HTTP/1.1)
POST /session/6b9e7b13f65c8da9143bdad354a0ca47/element HTTP/1.1
User-Agent: selenium/4.12.0 (java windows)
Content-Length: 151
Content-Type: application/json; charset=utf-8
host: localhost:19411
accept: */*

Response DefaultHttpResponse(decodeResult: success, version: HTTP/1.1)
HTTP/1.1 404 Not Found
Content-Length: 1093
Content-Type: application/json; charset=utf-8
cache-control: no-cache

17:05:07.614 [AsyncHttpClient-1-4] DEBUG org.asynchttpclient.netty.channel.ChannelManager -- Adding key: http://localhost:19411 for channel [id: 0x452d6b03, L:/127.0.0.1:58570 - R:localhost/127.0.0.1:19411]
17:05:07.790 [AsyncHttpClient-1-1] DEBUG org.asynchttpclient.netty.channel.DefaultChannelPool -- Entry count for : http://localhost:58571 : 1
17:05:07.790 [AsyncHttpClient-1-1] DEBUG org.asynchttpclient.netty.channel.DefaultChannelPool -- Entry count for : http://localhost:19411 : 1
17:05:08.128 [Forwarding findElement on session 6b9e7b13f65c8da9143bdad354a0ca47 to remote] DEBUG org.asynchttpclient.netty.request.NettyRequestSender -- Using pooled Channel '[id: 0x452d6b03, L:/127.0.0.1:58570 - R:localhost/127.0.0.1:19411]' for 'POST' to 'http://localhost:19411/session/6b9e7b13f65c8da9143bdad354a0ca47/element'
17:05:08.128 [Forwarding findElement on session 6b9e7b13f65c8da9143bdad354a0ca47 to remote] DEBUG org.asynchttpclient.netty.request.NettyRequestSender -- Using open Channel [id: 0x452d6b03, L:/127.0.0.1:58570 - R:localhost/127.0.0.1:19411] for POST '/session/6b9e7b13f65c8da9143bdad354a0ca47/element'
17:05:08.146 [AsyncHttpClient-1-4] DEBUG org.asynchttpclient.netty.handler.HttpHandler -- 

Request DefaultHttpRequest(decodeResult: success, version: HTTP/1.1)
POST /session/6b9e7b13f65c8da9143bdad354a0ca47/element HTTP/1.1
User-Agent: selenium/4.12.0 (java windows)
Content-Length: 151
Content-Type: application/json; charset=utf-8
host: localhost:19411
accept: */*

Response DefaultHttpResponse(decodeResult: success, version: HTTP/1.1)
HTTP/1.1 200 OK
Content-Length: 126
Content-Type: application/json; charset=utf-8
cache-control: no-cache

17:05:08.146 [AsyncHttpClient-1-4] DEBUG org.asynchttpclient.netty.channel.ChannelManager -- Adding key: http://localhost:19411 for channel [id: 0x452d6b03, L:/127.0.0.1:58570 - R:localhost/127.0.0.1:19411]
17:05:08.147 [Forwarding findElement on session 6b9e7b13f65c8da9143bdad354a0ca47 to remote] DEBUG org.asynchttpclient.netty.request.NettyRequestSender -- Using pooled Channel '[id: 0x452d6b03, L:/127.0.0.1:58570 - R:localhost/127.0.0.1:19411]' for 'POST' to 'http://localhost:19411/session/6b9e7b13f65c8da9143bdad354a0ca47/element'
17:05:08.149 [Forwarding findElement on session 6b9e7b13f65c8da9143bdad354a0ca47 to remote] DEBUG org.asynchttpclient.netty.request.NettyRequestSender -- Using open Channel [id: 0x452d6b03, L:/127.0.0.1:58570 - R:localhost/127.0.0.1:19411] for POST '/session/6b9e7b13f65c8da9143bdad354a0ca47/element'
17:05:08.169 [AsyncHttpClient-1-4] DEBUG org.asynchttpclient.netty.handler.HttpHandler -- 

Request DefaultHttpRequest(decodeResult: success, version: HTTP/1.1)
POST /session/6b9e7b13f65c8da9143bdad354a0ca47/element HTTP/1.1
User-Agent: selenium/4.12.0 (java windows)
Content-Length: 151
Content-Type: application/json; charset=utf-8
host: localhost:19411
accept: */*

Response DefaultHttpResponse(decodeResult: success, version: HTTP/1.1)
HTTP/1.1 200 OK
Content-Length: 126
Content-Type: application/json; charset=utf-8
cache-control: no-cache

17:05:08.169 [AsyncHttpClient-1-4] DEBUG org.asynchttpclient.netty.channel.ChannelManager -- Adding key: http://localhost:19411 for channel [id: 0x452d6b03, L:/127.0.0.1:58570 - R:localhost/127.0.0.1:19411]
17:05:08.173 [Forwarding isElementDisplayed on session 6b9e7b13f65c8da9143bdad354a0ca47 to remote] DEBUG org.asynchttpclient.netty.request.NettyRequestSender -- Using pooled Channel '[id: 0x452d6b03, L:/127.0.0.1:58570 - R:localhost/127.0.0.1:19411]' for 'POST' to 'http://localhost:19411/session/6b9e7b13f65c8da9143bdad354a0ca47/execute/sync'
17:05:08.173 [Forwarding isElementDisplayed on session 6b9e7b13f65c8da9143bdad354a0ca47 to remote] DEBUG org.asynchttpclient.netty.request.NettyRequestSender -- Using open Channel [id: 0x452d6b03, L:/127.0.0.1:58570 - R:localhost/127.0.0.1:19411] for POST '/session/6b9e7b13f65c8da9143bdad354a0ca47/execute/sync'
17:05:08.211 [AsyncHttpClient-1-4] DEBUG org.asynchttpclient.netty.handler.HttpHandler -- 

Request DefaultHttpRequest(decodeResult: success, version: HTTP/1.1)
POST /session/6b9e7b13f65c8da9143bdad354a0ca47/execute/sync HTTP/1.1
User-Agent: selenium/4.12.0 (java windows)
Content-Length: 48734
Content-Type: application/json; charset=utf-8
host: localhost:19411
accept: */*

Response DefaultHttpResponse(decodeResult: success, version: HTTP/1.1)
HTTP/1.1 200 OK
Content-Length: 14
Content-Type: application/json; charset=utf-8
cache-control: no-cache

17:05:08.211 [AsyncHttpClient-1-4] DEBUG org.asynchttpclient.netty.channel.ChannelManager -- Adding key: http://localhost:19411 for channel [id: 0x452d6b03, L:/127.0.0.1:58570 - R:localhost/127.0.0.1:19411]
17:05:08.212 [Forwarding findElement on session 6b9e7b13f65c8da9143bdad354a0ca47 to remote] DEBUG org.asynchttpclient.netty.request.NettyRequestSender -- Using pooled Channel '[id: 0x452d6b03, L:/127.0.0.1:58570 - R:localhost/127.0.0.1:19411]' for 'POST' to 'http://localhost:19411/session/6b9e7b13f65c8da9143bdad354a0ca47/element'
17:05:08.213 [Forwarding findElement on session 6b9e7b13f65c8da9143bdad354a0ca47 to remote] DEBUG org.asynchttpclient.netty.request.NettyRequestSender -- Using open Channel [id: 0x452d6b03, L:/127.0.0.1:58570 - R:localhost/127.0.0.1:19411] for POST '/session/6b9e7b13f65c8da9143bdad354a0ca47/element'
17:05:08.249 [AsyncHttpClient-1-4] DEBUG org.asynchttpclient.netty.handler.HttpHandler -- 

Request DefaultHttpRequest(decodeResult: success, version: HTTP/1.1)
POST /session/6b9e7b13f65c8da9143bdad354a0ca47/element HTTP/1.1
User-Agent: selenium/4.12.0 (java windows)
Content-Length: 48
Content-Type: application/json; charset=utf-8
host: localhost:19411
accept: */*

Response DefaultHttpResponse(decodeResult: success, version: HTTP/1.1)
HTTP/1.1 200 OK
Content-Length: 126
Content-Type: application/json; charset=utf-8
cache-control: no-cache

17:05:08.250 [AsyncHttpClient-1-4] DEBUG org.asynchttpclient.netty.channel.ChannelManager -- Adding key: http://localhost:19411 for channel [id: 0x452d6b03, L:/127.0.0.1:58570 - R:localhost/127.0.0.1:19411]
17:05:08.252 [Forwarding clickElement on session 6b9e7b13f65c8da9143bdad354a0ca47 to remote] DEBUG org.asynchttpclient.netty.request.NettyRequestSender -- Using pooled Channel '[id: 0x452d6b03, L:/127.0.0.1:58570 - R:localhost/127.0.0.1:19411]' for 'POST' to 'http://localhost:19411/session/6b9e7b13f65c8da9143bdad354a0ca47/element/f.FF053C8A7EF864C0DFB9C846FDD6179C.d.436DF963D742BF1E97B0D8998E55CFA1.e.31/click'
17:05:08.252 [Forwarding clickElement on session 6b9e7b13f65c8da9143bdad354a0ca47 to remote] DEBUG org.asynchttpclient.netty.request.NettyRequestSender -- Using open Channel [id: 0x452d6b03, L:/127.0.0.1:58570 - R:localhost/127.0.0.1:19411] for POST '/session/6b9e7b13f65c8da9143bdad354a0ca47/element/f.FF053C8A7EF864C0DFB9C846FDD6179C.d.436DF963D742BF1E97B0D8998E55CFA1.e.31/click'
17:05:08.430 [AsyncHttpClient-1-4] DEBUG org.asynchttpclient.netty.handler.HttpHandler -- 

Request DefaultHttpRequest(decodeResult: success, version: HTTP/1.1)
POST /session/6b9e7b13f65c8da9143bdad354a0ca47/element/f.FF053C8A7EF864C0DFB9C846FDD6179C.d.436DF963D742BF1E97B0D8998E55CFA1.e.31/click HTTP/1.1
User-Agent: selenium/4.12.0 (java windows)
Content-Length: 88
Content-Type: application/json; charset=utf-8
host: localhost:19411
accept: */*

Response DefaultHttpResponse(decodeResult: success, version: HTTP/1.1)
HTTP/1.1 200 OK
Content-Length: 14
Content-Type: application/json; charset=utf-8
cache-control: no-cache

17:05:08.431 [AsyncHttpClient-1-4] DEBUG org.asynchttpclient.netty.channel.ChannelManager -- Adding key: http://localhost:19411 for channel [id: 0x452d6b03, L:/127.0.0.1:58570 - R:localhost/127.0.0.1:19411]
17:05:08.432 [Forwarding findElement on session 6b9e7b13f65c8da9143bdad354a0ca47 to remote] DEBUG org.asynchttpclient.netty.request.NettyRequestSender -- Using pooled Channel '[id: 0x452d6b03, L:/127.0.0.1:58570 - R:localhost/127.0.0.1:19411]' for 'POST' to 'http://localhost:19411/session/6b9e7b13f65c8da9143bdad354a0ca47/element'
17:05:08.432 [Forwarding findElement on session 6b9e7b13f65c8da9143bdad354a0ca47 to remote] DEBUG org.asynchttpclient.netty.request.NettyRequestSender -- Using open Channel [id: 0x452d6b03, L:/127.0.0.1:58570 - R:localhost/127.0.0.1:19411] for POST '/session/6b9e7b13f65c8da9143bdad354a0ca47/element'
17:05:08.460 [AsyncHttpClient-1-4] DEBUG org.asynchttpclient.netty.handler.HttpHandler -- 

Request DefaultHttpRequest(decodeResult: success, version: HTTP/1.1)
POST /session/6b9e7b13f65c8da9143bdad354a0ca47/element HTTP/1.1
User-Agent: selenium/4.12.0 (java windows)
Content-Length: 47
Content-Type: application/json; charset=utf-8
host: localhost:19411
accept: */*

Response DefaultHttpResponse(decodeResult: success, version: HTTP/1.1)
HTTP/1.1 200 OK
Content-Length: 126
Content-Type: application/json; charset=utf-8
cache-control: no-cache

17:05:08.461 [AsyncHttpClient-1-4] DEBUG org.asynchttpclient.netty.channel.ChannelManager -- Adding key: http://localhost:19411 for channel [id: 0x452d6b03, L:/127.0.0.1:58570 - R:localhost/127.0.0.1:19411]
17:05:08.462 [Forwarding clickElement on session 6b9e7b13f65c8da9143bdad354a0ca47 to remote] DEBUG org.asynchttpclient.netty.request.NettyRequestSender -- Using pooled Channel '[id: 0x452d6b03, L:/127.0.0.1:58570 - R:localhost/127.0.0.1:19411]' for 'POST' to 'http://localhost:19411/session/6b9e7b13f65c8da9143bdad354a0ca47/element/f.FF053C8A7EF864C0DFB9C846FDD6179C.d.436DF963D742BF1E97B0D8998E55CFA1.e.33/click'
17:05:08.462 [Forwarding clickElement on session 6b9e7b13f65c8da9143bdad354a0ca47 to remote] DEBUG org.asynchttpclient.netty.request.NettyRequestSender -- Using open Channel [id: 0x452d6b03, L:/127.0.0.1:58570 - R:localhost/127.0.0.1:19411] for POST '/session/6b9e7b13f65c8da9143bdad354a0ca47/element/f.FF053C8A7EF864C0DFB9C846FDD6179C.d.436DF963D742BF1E97B0D8998E55CFA1.e.33/click'
17:05:08.568 [AsyncHttpClient-1-4] DEBUG org.asynchttpclient.netty.handler.HttpHandler -- 

Request DefaultHttpRequest(decodeResult: success, version: HTTP/1.1)
POST /session/6b9e7b13f65c8da9143bdad354a0ca47/element/f.FF053C8A7EF864C0DFB9C846FDD6179C.d.436DF963D742BF1E97B0D8998E55CFA1.e.33/click HTTP/1.1
User-Agent: selenium/4.12.0 (java windows)
Content-Length: 88
Content-Type: application/json; charset=utf-8
host: localhost:19411
accept: */*

Response DefaultHttpResponse(decodeResult: success, version: HTTP/1.1)
HTTP/1.1 200 OK
Content-Length: 14
Content-Type: application/json; charset=utf-8
cache-control: no-cache

17:05:08.569 [AsyncHttpClient-1-4] DEBUG org.asynchttpclient.netty.channel.ChannelManager -- Adding key: http://localhost:19411 for channel [id: 0x452d6b03, L:/127.0.0.1:58570 - R:localhost/127.0.0.1:19411]
17:05:08.570 [Forwarding getPageSource on session 6b9e7b13f65c8da9143bdad354a0ca47 to remote] DEBUG org.asynchttpclient.netty.request.NettyRequestSender -- Using pooled Channel '[id: 0x452d6b03, L:/127.0.0.1:58570 - R:localhost/127.0.0.1:19411]' for 'POST' to 'http://localhost:19411/session/6b9e7b13f65c8da9143bdad354a0ca47/execute/sync'
17:05:08.570 [Forwarding getPageSource on session 6b9e7b13f65c8da9143bdad354a0ca47 to remote] DEBUG org.asynchttpclient.netty.request.NettyRequestSender -- Using open Channel [id: 0x452d6b03, L:/127.0.0.1:58570 - R:localhost/127.0.0.1:19411] for POST '/session/6b9e7b13f65c8da9143bdad354a0ca47/execute/sync'
17:05:08.584 [AsyncHttpClient-1-4] DEBUG org.asynchttpclient.netty.handler.HttpHandler -- 

Request DefaultHttpRequest(decodeResult: success, version: HTTP/1.1)
POST /session/6b9e7b13f65c8da9143bdad354a0ca47/execute/sync HTTP/1.1
User-Agent: selenium/4.12.0 (java windows)
Content-Length: 176
Content-Type: application/json; charset=utf-8
host: localhost:19411
accept: */*

Response DefaultHttpResponse(decodeResult: success, version: HTTP/1.1)
HTTP/1.1 200 OK
Content-Length: 4124
Content-Type: application/json; charset=utf-8
cache-control: no-cache

17:05:08.585 [AsyncHttpClient-1-4] DEBUG org.asynchttpclient.netty.channel.ChannelManager -- Adding key: http://localhost:19411 for channel [id: 0x452d6b03, L:/127.0.0.1:58570 - R:localhost/127.0.0.1:19411]
]]></system-out>
    <system-err><![CDATA[Jan 03, 2025 5:05:04 PM org.openqa.selenium.devtools.CdpVersionFinder findNearestMatch
WARNING: Unable to find CDP implementation matching 131
Jan 03, 2025 5:05:04 PM org.openqa.selenium.chromium.ChromiumDriver lambda$new$5
WARNING: Unable to find version of CDP to use for 131.0.6778.205. You may need to include a dependency on a specific version of the CDP using something similar to `org.seleniumhq.selenium:selenium-devtools-v86:4.12.0` where the version ("v86") matches the version of the chromium-based browser you're using and the version number of the artifact is the same as Selenium's.
]]></system-err>
  </testcase>
  <testcase name="testMissingFieldsInRegistration" classname="UITestCases.BuggyCarsUITests" time="0.293">
    <failure message="expected [true] but found [false]" type="java.lang.AssertionError"><![CDATA[java.lang.AssertionError: expected [true] but found [false]
	at org.testng.Assert.fail(Assert.java:110)
	at org.testng.Assert.failNotEquals(Assert.java:1413)
	at org.testng.Assert.assertTrue(Assert.java:56)
	at org.testng.Assert.assertTrue(Assert.java:66)
	at UITestCases.BuggyCarsUITests.testMissingFieldsInRegistration(BuggyCarsUITests.java:81)
	at java.base/jdk.internal.reflect.NativeMethodAccessorImpl.invoke0(Native Method)
	at java.base/jdk.internal.reflect.NativeMethodAccessorImpl.invoke(NativeMethodAccessorImpl.java:77)
	at java.base/jdk.internal.reflect.DelegatingMethodAccessorImpl.invoke(DelegatingMethodAccessorImpl.java:43)
	at java.base/java.lang.reflect.Method.invoke(Method.java:568)
	at org.testng.internal.invokers.MethodInvocationHelper.invokeMethod(MethodInvocationHelper.java:139)
	at org.testng.internal.invokers.TestInvoker.invokeMethod(TestInvoker.java:677)
	at org.testng.internal.invokers.TestInvoker.invokeTestMethod(TestInvoker.java:221)
	at org.testng.internal.invokers.MethodRunner.runInSequence(MethodRunner.java:50)
	at org.testng.internal.invokers.TestInvoker$MethodInvocationAgent.invoke(TestInvoker.java:969)
	at org.testng.internal.invokers.TestInvoker.invokeTestMethods(TestInvoker.java:194)
	at org.testng.internal.invokers.TestMethodWorker.invokeTestMethods(TestMethodWorker.java:148)
	at org.testng.internal.invokers.TestMethodWorker.run(TestMethodWorker.java:128)
	at java.base/java.util.ArrayList.forEach(ArrayList.java:1511)
	at org.testng.TestRunner.privateRun(TestRunner.java:829)
	at org.testng.TestRunner.run(TestRunner.java:602)
	at org.testng.SuiteRunner.runTest(SuiteRunner.java:437)
	at org.testng.SuiteRunner.runSequentially(SuiteRunner.java:431)
	at org.testng.SuiteRunner.privateRun(SuiteRunner.java:391)
	at org.testng.SuiteRunner.run(SuiteRunner.java:330)
	at org.testng.SuiteRunnerWorker.runSuite(SuiteRunnerWorker.java:52)
	at org.testng.SuiteRunnerWorker.run(SuiteRunnerWorker.java:95)
	at org.testng.TestNG.runSuitesSequentially(TestNG.java:1256)
	at org.testng.TestNG.runSuitesLocally(TestNG.java:1176)
	at org.testng.TestNG.runSuites(TestNG.java:1099)
	at org.testng.TestNG.run(TestNG.java:1067)
	at org.apache.maven.surefire.testng.TestNGExecutor.run(TestNGExecutor.java:324)
	at org.apache.maven.surefire.testng.TestNGXmlTestSuite.execute(TestNGXmlTestSuite.java:74)
	at org.apache.maven.surefire.testng.TestNGProvider.invoke(TestNGProvider.java:123)
	at org.apache.maven.surefire.booter.ForkedBooter.runSuitesInProcess(ForkedBooter.java:456)
	at org.apache.maven.surefire.booter.ForkedBooter.execute(ForkedBooter.java:169)
	at org.apache.maven.surefire.booter.ForkedBooter.run(ForkedBooter.java:595)
	at org.apache.maven.surefire.booter.ForkedBooter.main(ForkedBooter.java:581)
]]></failure>
    <system-out><![CDATA[17:05:08.590 [AsyncHttpClient-1-6] DEBUG org.asynchttpclient.netty.handler.WebSocketHandler -- Channel Closed: [id: 0x306db76e, L:/127.0.0.1:58578 ! R:localhost/127.0.0.1:58571] with attribute DISCARD
17:05:08.590 [Driver Command Executor] DEBUG org.asynchttpclient.netty.request.NettyRequestSender -- Using pooled Channel '[id: 0x452d6b03, L:/127.0.0.1:58570 - R:localhost/127.0.0.1:19411]' for 'DELETE' to 'http://localhost:19411/session/6b9e7b13f65c8da9143bdad354a0ca47'
17:05:08.590 [Driver Command Executor] DEBUG org.asynchttpclient.netty.request.NettyRequestSender -- Using open Channel [id: 0x452d6b03, L:/127.0.0.1:58570 - R:localhost/127.0.0.1:19411] for DELETE '/session/6b9e7b13f65c8da9143bdad354a0ca47'
17:05:08.637 [AsyncHttpClient-1-5] DEBUG org.asynchttpclient.netty.handler.HttpHandler -- Unexpected I/O exception on channel [id: 0xac148cb0, L:/127.0.0.1:58577 - R:localhost/127.0.0.1:58571]
java.net.SocketException: Connection reset
	at java.base/sun.nio.ch.SocketChannelImpl.throwConnectionReset(SocketChannelImpl.java:394)
	at java.base/sun.nio.ch.SocketChannelImpl.read(SocketChannelImpl.java:426)
	at io.netty.buffer.PooledByteBuf.setBytes(PooledByteBuf.java:254)
	at io.netty.buffer.AbstractByteBuf.writeBytes(AbstractByteBuf.java:1132)
	at io.netty.channel.socket.nio.NioSocketChannel.doReadBytes(NioSocketChannel.java:357)
	at io.netty.channel.nio.AbstractNioByteChannel$NioByteUnsafe.read(AbstractNioByteChannel.java:151)
	at io.netty.channel.nio.NioEventLoop.processSelectedKey(NioEventLoop.java:788)
	at io.netty.channel.nio.NioEventLoop.processSelectedKeysOptimized(NioEventLoop.java:724)
	at io.netty.channel.nio.NioEventLoop.processSelectedKeys(NioEventLoop.java:650)
	at io.netty.channel.nio.NioEventLoop.run(NioEventLoop.java:562)
	at io.netty.util.concurrent.SingleThreadEventExecutor$4.run(SingleThreadEventExecutor.java:997)
	at io.netty.util.internal.ThreadExecutorMap$2.run(ThreadExecutorMap.java:74)
	at io.netty.util.concurrent.FastThreadLocalRunnable.run(FastThreadLocalRunnable.java:30)
	at java.base/java.lang.Thread.run(Thread.java:842)
17:05:08.637 [AsyncHttpClient-1-5] DEBUG org.asynchttpclient.netty.channel.ChannelManager -- Closing Channel [id: 0xac148cb0, L:/127.0.0.1:58577 - R:localhost/127.0.0.1:58571] 
17:05:08.638 [AsyncHttpClient-1-5] DEBUG org.asynchttpclient.netty.handler.HttpHandler -- Channel Closed: [id: 0xac148cb0, L:/127.0.0.1:58577 ! R:localhost/127.0.0.1:58571] with attribute DISCARD
17:05:08.690 [AsyncHttpClient-1-4] DEBUG org.asynchttpclient.netty.handler.HttpHandler -- 

Request DefaultFullHttpRequest(decodeResult: success, version: HTTP/1.1, content: EmptyByteBufBE)
DELETE /session/6b9e7b13f65c8da9143bdad354a0ca47 HTTP/1.1
User-Agent: selenium/4.12.0 (java windows)
Content-Type: application/json; charset=utf-8
host: localhost:19411
accept: */*

Response DefaultHttpResponse(decodeResult: success, version: HTTP/1.1)
HTTP/1.1 200 OK
Content-Length: 14
Content-Type: application/json; charset=utf-8
cache-control: no-cache

17:05:08.690 [AsyncHttpClient-1-4] DEBUG org.asynchttpclient.netty.channel.ChannelManager -- Adding key: http://localhost:19411 for channel [id: 0x452d6b03, L:/127.0.0.1:58570 - R:localhost/127.0.0.1:19411]
17:05:08.819 [AsyncHttpClient-1-4] DEBUG org.asynchttpclient.netty.handler.HttpHandler -- Channel Closed: [id: 0x452d6b03, L:/127.0.0.1:58570 ! R:localhost/127.0.0.1:19411] with attribute DISCARD
17:05:08.836 [main] DEBUG io.github.bonigarcia.wdm.WebDriverManager -- Using WebDriverManager 5.5.3
17:05:08.842 [main] DEBUG io.github.bonigarcia.wdm.cache.ResolutionCache -- Resolution chrome=131 in cache (valid until 17:53:13 03/01/2025 IST)
17:05:08.843 [main] DEBUG io.github.bonigarcia.wdm.cache.ResolutionCache -- Resolution chrome131=131.0.6778.204 in cache (valid until 16:53:13 04/01/2025 IST)
17:05:08.843 [main] INFO io.github.bonigarcia.wdm.WebDriverManager -- Using chromedriver 131.0.6778.204 (resolved driver for Chrome 131)
17:05:08.848 [main] DEBUG io.github.bonigarcia.wdm.WebDriverManager -- Driver chromedriver 131.0.6778.204 found in cache
17:05:08.849 [main] INFO io.github.bonigarcia.wdm.WebDriverManager -- Exporting webdriver.chrome.driver as C:\Users\sasitharan\.cache\selenium\chromedriver\win64\131.0.6778.204\chromedriver.exe
17:05:08.893 [AsyncHttpClient-1-1] DEBUG org.asynchttpclient.netty.channel.DefaultChannelPool -- Entry count for : http://localhost:58571 : 1
17:05:08.893 [AsyncHttpClient-1-1] DEBUG org.asynchttpclient.netty.channel.DefaultChannelPool -- Entry count for : http://localhost:19411 : 1
17:05:08.893 [AsyncHttpClient-1-1] DEBUG org.asynchttpclient.netty.channel.DefaultChannelPool -- Adding Candidate expired Channel [id: 0xac148cb0, L:/127.0.0.1:58577 ! R:localhost/127.0.0.1:58571] isIdleTimeoutExpired=false isRemotelyClosed=true isTtlExpired=false
17:05:08.894 [AsyncHttpClient-1-1] DEBUG org.asynchttpclient.netty.channel.DefaultChannelPool -- Closing Idle Channel [id: 0xac148cb0, L:/127.0.0.1:58577 ! R:localhost/127.0.0.1:58571]
17:05:08.894 [AsyncHttpClient-1-1] DEBUG org.asynchttpclient.netty.channel.DefaultChannelPool -- Adding Candidate expired Channel [id: 0x452d6b03, L:/127.0.0.1:58570 ! R:localhost/127.0.0.1:19411] isIdleTimeoutExpired=false isRemotelyClosed=true isTtlExpired=false
17:05:08.894 [AsyncHttpClient-1-1] DEBUG org.asynchttpclient.netty.channel.DefaultChannelPool -- Closing Idle Channel [id: 0x452d6b03, L:/127.0.0.1:58570 ! R:localhost/127.0.0.1:19411]
17:05:08.894 [AsyncHttpClient-1-1] DEBUG org.asynchttpclient.netty.channel.DefaultChannelPool -- Closed 2 connections out of 2 in 1 ms
17:05:08.916 [AsyncHttpClient-1-7] DEBUG org.asynchttpclient.netty.channel.NettyConnectListener -- Using new Channel '[id: 0x949b9e49, L:/127.0.0.1:58592 - R:localhost/127.0.0.1:4641]' for 'POST' to '/session'
17:05:09.771 [AsyncHttpClient-1-7] DEBUG org.asynchttpclient.netty.handler.HttpHandler -- 

Request DefaultHttpRequest(decodeResult: success, version: HTTP/1.1)
POST /session HTTP/1.1
User-Agent: selenium/4.12.0 (java windows)
Content-Length: 254
Content-Type: application/json; charset=utf-8
host: localhost:4641
accept: */*

Response DefaultHttpResponse(decodeResult: success, version: HTTP/1.1)
HTTP/1.1 200 OK
Content-Length: 888
Content-Type: application/json; charset=utf-8
cache-control: no-cache

17:05:09.771 [AsyncHttpClient-1-7] DEBUG org.asynchttpclient.netty.channel.ChannelManager -- Adding key: http://localhost:4641 for channel [id: 0x949b9e49, L:/127.0.0.1:58592 - R:localhost/127.0.0.1:4641]
17:05:09.776 [AsyncHttpClient-1-8] DEBUG org.asynchttpclient.netty.channel.NettyConnectListener -- Using new Channel '[id: 0xf1748ab1, L:/127.0.0.1:58599 - R:localhost/127.0.0.1:58593]' for 'GET' to '/json/version'
17:05:09.777 [AsyncHttpClient-1-8] DEBUG org.asynchttpclient.netty.handler.HttpHandler -- 

Request DefaultFullHttpRequest(decodeResult: success, version: HTTP/1.1, content: EmptyByteBufBE)
GET /json/version HTTP/1.1
User-Agent: selenium/4.12.0 (java windows)
host: localhost:58593
accept: */*

Response DefaultHttpResponse(decodeResult: success, version: HTTP/1.1)
HTTP/1.1 200 OK
Content-Security-Policy: frame-ancestors 'none'
Content-Length: 424
Content-Type: application/json; charset=UTF-8

17:05:09.777 [AsyncHttpClient-1-8] DEBUG org.asynchttpclient.netty.channel.ChannelManager -- Adding key: http://localhost:58593 for channel [id: 0xf1748ab1, L:/127.0.0.1:58599 - R:localhost/127.0.0.1:58593]
17:05:09.780 [AsyncHttpClient-1-9] DEBUG org.asynchttpclient.netty.channel.NettyConnectListener -- Using new Channel '[id: 0xf2ec63e8, L:/127.0.0.1:58600 - R:localhost/127.0.0.1:58593]' for 'GET' to '/devtools/browser/156a48dd-2bd4-428d-b456-71d878692821'
17:05:09.781 [AsyncHttpClient-1-9] DEBUG org.asynchttpclient.netty.handler.WebSocketHandler -- 

Request DefaultFullHttpRequest(decodeResult: success, version: HTTP/1.1, content: EmptyByteBufBE)
GET /devtools/browser/156a48dd-2bd4-428d-b456-71d878692821 HTTP/1.1
upgrade: websocket
connection: upgrade
sec-websocket-key: /pNV+NPRy+ZW8o0OZyuwqg==
sec-websocket-version: 13
origin: http://localhost:58593
host: localhost:58593
accept: */*
user-agent: AHC/2.1

Response DefaultHttpResponse(decodeResult: success, version: HTTP/1.1)
HTTP/1.1 101 WebSocket Protocol Handshake
Upgrade: WebSocket
Connection: Upgrade
Sec-WebSocket-Accept: g/gz0lh/mHekZBfv/hRYdkln8u4=

17:05:09.784 [Forwarding maximizeCurrentWindow on session 0027447630ea90c2bb41e1b33cf9033c to remote] DEBUG org.asynchttpclient.netty.request.NettyRequestSender -- Using pooled Channel '[id: 0x949b9e49, L:/127.0.0.1:58592 - R:localhost/127.0.0.1:4641]' for 'POST' to 'http://localhost:4641/session/0027447630ea90c2bb41e1b33cf9033c/window/maximize'
17:05:09.784 [Forwarding maximizeCurrentWindow on session 0027447630ea90c2bb41e1b33cf9033c to remote] DEBUG org.asynchttpclient.netty.request.NettyRequestSender -- Using open Channel [id: 0x949b9e49, L:/127.0.0.1:58592 - R:localhost/127.0.0.1:4641] for POST '/session/0027447630ea90c2bb41e1b33cf9033c/window/maximize'
17:05:09.852 [AsyncHttpClient-1-7] DEBUG org.asynchttpclient.netty.handler.HttpHandler -- 

Request DefaultHttpRequest(decodeResult: success, version: HTTP/1.1)
POST /session/0027447630ea90c2bb41e1b33cf9033c/window/maximize HTTP/1.1
User-Agent: selenium/4.12.0 (java windows)
Content-Length: 3
Content-Type: application/json; charset=utf-8
host: localhost:4641
accept: */*

Response DefaultHttpResponse(decodeResult: success, version: HTTP/1.1)
HTTP/1.1 200 OK
Content-Length: 51
Content-Type: application/json; charset=utf-8
cache-control: no-cache

17:05:09.852 [AsyncHttpClient-1-7] DEBUG org.asynchttpclient.netty.channel.ChannelManager -- Adding key: http://localhost:4641 for channel [id: 0x949b9e49, L:/127.0.0.1:58592 - R:localhost/127.0.0.1:4641]
17:05:09.853 [Forwarding get on session 0027447630ea90c2bb41e1b33cf9033c to remote] DEBUG org.asynchttpclient.netty.request.NettyRequestSender -- Using pooled Channel '[id: 0x949b9e49, L:/127.0.0.1:58592 - R:localhost/127.0.0.1:4641]' for 'POST' to 'http://localhost:4641/session/0027447630ea90c2bb41e1b33cf9033c/url'
17:05:09.853 [Forwarding get on session 0027447630ea90c2bb41e1b33cf9033c to remote] DEBUG org.asynchttpclient.netty.request.NettyRequestSender -- Using open Channel [id: 0x949b9e49, L:/127.0.0.1:58592 - R:localhost/127.0.0.1:4641] for POST '/session/0027447630ea90c2bb41e1b33cf9033c/url'
17:05:09.989 [AsyncHttpClient-1-1] DEBUG org.asynchttpclient.netty.channel.DefaultChannelPool -- Entry count for : http://localhost:58593 : 1
17:05:10.878 [AsyncHttpClient-1-7] DEBUG org.asynchttpclient.netty.handler.HttpHandler -- 

Request DefaultHttpRequest(decodeResult: success, version: HTTP/1.1)
POST /session/0027447630ea90c2bb41e1b33cf9033c/url HTTP/1.1
User-Agent: selenium/4.12.0 (java windows)
Content-Length: 58
Content-Type: application/json; charset=utf-8
host: localhost:4641
accept: */*

Response DefaultHttpResponse(decodeResult: success, version: HTTP/1.1)
HTTP/1.1 200 OK
Content-Length: 14
Content-Type: application/json; charset=utf-8
cache-control: no-cache

17:05:10.878 [AsyncHttpClient-1-7] DEBUG org.asynchttpclient.netty.channel.ChannelManager -- Adding key: http://localhost:4641 for channel [id: 0x949b9e49, L:/127.0.0.1:58592 - R:localhost/127.0.0.1:4641]
17:05:10.884 [Forwarding findElement on session 0027447630ea90c2bb41e1b33cf9033c to remote] DEBUG org.asynchttpclient.netty.request.NettyRequestSender -- Using pooled Channel '[id: 0x949b9e49, L:/127.0.0.1:58592 - R:localhost/127.0.0.1:4641]' for 'POST' to 'http://localhost:4641/session/0027447630ea90c2bb41e1b33cf9033c/element'
17:05:10.884 [Forwarding findElement on session 0027447630ea90c2bb41e1b33cf9033c to remote] DEBUG org.asynchttpclient.netty.request.NettyRequestSender -- Using open Channel [id: 0x949b9e49, L:/127.0.0.1:58592 - R:localhost/127.0.0.1:4641] for POST '/session/0027447630ea90c2bb41e1b33cf9033c/element'
17:05:10.923 [AsyncHttpClient-1-7] DEBUG org.asynchttpclient.netty.handler.HttpHandler -- 

Request DefaultHttpRequest(decodeResult: success, version: HTTP/1.1)
POST /session/0027447630ea90c2bb41e1b33cf9033c/element HTTP/1.1
User-Agent: selenium/4.12.0 (java windows)
Content-Length: 49
Content-Type: application/json; charset=utf-8
host: localhost:4641
accept: */*

Response DefaultHttpResponse(decodeResult: success, version: HTTP/1.1)
HTTP/1.1 200 OK
Content-Length: 126
Content-Type: application/json; charset=utf-8
cache-control: no-cache

17:05:10.923 [AsyncHttpClient-1-7] DEBUG org.asynchttpclient.netty.channel.ChannelManager -- Adding key: http://localhost:4641 for channel [id: 0x949b9e49, L:/127.0.0.1:58592 - R:localhost/127.0.0.1:4641]
17:05:10.925 [Forwarding clickElement on session 0027447630ea90c2bb41e1b33cf9033c to remote] DEBUG org.asynchttpclient.netty.request.NettyRequestSender -- Using pooled Channel '[id: 0x949b9e49, L:/127.0.0.1:58592 - R:localhost/127.0.0.1:4641]' for 'POST' to 'http://localhost:4641/session/0027447630ea90c2bb41e1b33cf9033c/element/f.9A7A0B74F9BF2A74ABAEF6F0F270FA37.d.AB173083D48C25A2A15720543C4ACEF7.e.21/click'
17:05:10.925 [Forwarding clickElement on session 0027447630ea90c2bb41e1b33cf9033c to remote] DEBUG org.asynchttpclient.netty.request.NettyRequestSender -- Using open Channel [id: 0x949b9e49, L:/127.0.0.1:58592 - R:localhost/127.0.0.1:4641] for POST '/session/0027447630ea90c2bb41e1b33cf9033c/element/f.9A7A0B74F9BF2A74ABAEF6F0F270FA37.d.AB173083D48C25A2A15720543C4ACEF7.e.21/click'
17:05:11.050 [AsyncHttpClient-1-7] DEBUG org.asynchttpclient.netty.handler.HttpHandler -- 

Request DefaultHttpRequest(decodeResult: success, version: HTTP/1.1)
POST /session/0027447630ea90c2bb41e1b33cf9033c/element/f.9A7A0B74F9BF2A74ABAEF6F0F270FA37.d.AB173083D48C25A2A15720543C4ACEF7.e.21/click HTTP/1.1
User-Agent: selenium/4.12.0 (java windows)
Content-Length: 88
Content-Type: application/json; charset=utf-8
host: localhost:4641
accept: */*

Response DefaultHttpResponse(decodeResult: success, version: HTTP/1.1)
HTTP/1.1 200 OK
Content-Length: 14
Content-Type: application/json; charset=utf-8
cache-control: no-cache

17:05:11.050 [AsyncHttpClient-1-7] DEBUG org.asynchttpclient.netty.channel.ChannelManager -- Adding key: http://localhost:4641 for channel [id: 0x949b9e49, L:/127.0.0.1:58592 - R:localhost/127.0.0.1:4641]
17:05:11.051 [Forwarding findElement on session 0027447630ea90c2bb41e1b33cf9033c to remote] DEBUG org.asynchttpclient.netty.request.NettyRequestSender -- Using pooled Channel '[id: 0x949b9e49, L:/127.0.0.1:58592 - R:localhost/127.0.0.1:4641]' for 'POST' to 'http://localhost:4641/session/0027447630ea90c2bb41e1b33cf9033c/element'
17:05:11.051 [Forwarding findElement on session 0027447630ea90c2bb41e1b33cf9033c to remote] DEBUG org.asynchttpclient.netty.request.NettyRequestSender -- Using open Channel [id: 0x949b9e49, L:/127.0.0.1:58592 - R:localhost/127.0.0.1:4641] for POST '/session/0027447630ea90c2bb41e1b33cf9033c/element'
17:05:11.065 [AsyncHttpClient-1-7] DEBUG org.asynchttpclient.netty.handler.HttpHandler -- 

Request DefaultHttpRequest(decodeResult: success, version: HTTP/1.1)
POST /session/0027447630ea90c2bb41e1b33cf9033c/element HTTP/1.1
User-Agent: selenium/4.12.0 (java windows)
Content-Length: 65
Content-Type: application/json; charset=utf-8
host: localhost:4641
accept: */*

Response DefaultHttpResponse(decodeResult: success, version: HTTP/1.1)
HTTP/1.1 200 OK
Content-Length: 125
Content-Type: application/json; charset=utf-8
cache-control: no-cache

17:05:11.065 [AsyncHttpClient-1-7] DEBUG org.asynchttpclient.netty.channel.ChannelManager -- Adding key: http://localhost:4641 for channel [id: 0x949b9e49, L:/127.0.0.1:58592 - R:localhost/127.0.0.1:4641]
17:05:11.066 [Forwarding clickElement on session 0027447630ea90c2bb41e1b33cf9033c to remote] DEBUG org.asynchttpclient.netty.request.NettyRequestSender -- Using pooled Channel '[id: 0x949b9e49, L:/127.0.0.1:58592 - R:localhost/127.0.0.1:4641]' for 'POST' to 'http://localhost:4641/session/0027447630ea90c2bb41e1b33cf9033c/element/f.9A7A0B74F9BF2A74ABAEF6F0F270FA37.d.AB173083D48C25A2A15720543C4ACEF7.e.7/click'
17:05:11.066 [Forwarding clickElement on session 0027447630ea90c2bb41e1b33cf9033c to remote] DEBUG org.asynchttpclient.netty.request.NettyRequestSender -- Using open Channel [id: 0x949b9e49, L:/127.0.0.1:58592 - R:localhost/127.0.0.1:4641] for POST '/session/0027447630ea90c2bb41e1b33cf9033c/element/f.9A7A0B74F9BF2A74ABAEF6F0F270FA37.d.AB173083D48C25A2A15720543C4ACEF7.e.7/click'
17:05:11.090 [AsyncHttpClient-1-1] DEBUG org.asynchttpclient.netty.channel.DefaultChannelPool -- Entry count for : http://localhost:58593 : 1
17:05:11.152 [AsyncHttpClient-1-7] DEBUG org.asynchttpclient.netty.handler.HttpHandler -- 

Request DefaultHttpRequest(decodeResult: success, version: HTTP/1.1)
POST /session/0027447630ea90c2bb41e1b33cf9033c/element/f.9A7A0B74F9BF2A74ABAEF6F0F270FA37.d.AB173083D48C25A2A15720543C4ACEF7.e.7/click HTTP/1.1
User-Agent: selenium/4.12.0 (java windows)
Content-Length: 87
Content-Type: application/json; charset=utf-8
host: localhost:4641
accept: */*

Response DefaultHttpResponse(decodeResult: success, version: HTTP/1.1)
HTTP/1.1 200 OK
Content-Length: 14
Content-Type: application/json; charset=utf-8
cache-control: no-cache

17:05:11.152 [AsyncHttpClient-1-7] DEBUG org.asynchttpclient.netty.channel.ChannelManager -- Adding key: http://localhost:4641 for channel [id: 0x949b9e49, L:/127.0.0.1:58592 - R:localhost/127.0.0.1:4641]
17:05:11.153 [Forwarding getPageSource on session 0027447630ea90c2bb41e1b33cf9033c to remote] DEBUG org.asynchttpclient.netty.request.NettyRequestSender -- Using pooled Channel '[id: 0x949b9e49, L:/127.0.0.1:58592 - R:localhost/127.0.0.1:4641]' for 'POST' to 'http://localhost:4641/session/0027447630ea90c2bb41e1b33cf9033c/execute/sync'
17:05:11.153 [Forwarding getPageSource on session 0027447630ea90c2bb41e1b33cf9033c to remote] DEBUG org.asynchttpclient.netty.request.NettyRequestSender -- Using open Channel [id: 0x949b9e49, L:/127.0.0.1:58592 - R:localhost/127.0.0.1:4641] for POST '/session/0027447630ea90c2bb41e1b33cf9033c/execute/sync'
17:05:11.163 [AsyncHttpClient-1-7] DEBUG org.asynchttpclient.netty.handler.HttpHandler -- 

Request DefaultHttpRequest(decodeResult: success, version: HTTP/1.1)
POST /session/0027447630ea90c2bb41e1b33cf9033c/execute/sync HTTP/1.1
User-Agent: selenium/4.12.0 (java windows)
Content-Length: 176
Content-Type: application/json; charset=utf-8
host: localhost:4641
accept: */*

Response DefaultHttpResponse(decodeResult: success, version: HTTP/1.1)
HTTP/1.1 200 OK
Content-Length: 7620
Content-Type: application/json; charset=utf-8
cache-control: no-cache

17:05:11.163 [AsyncHttpClient-1-7] DEBUG org.asynchttpclient.netty.channel.ChannelManager -- Adding key: http://localhost:4641 for channel [id: 0x949b9e49, L:/127.0.0.1:58592 - R:localhost/127.0.0.1:4641]
PageSource = <html><head>
    <meta charset="utf-8">
    <title>Buggy Cars Rating</title>
    <link rel="icon" type="image/x-icon" href="/img/favicon.ico">
    <base href="/">
  <link href="/css/vendor.a5856ccaff510c09debf.css" rel="stylesheet"><link href="/css/app.a5856ccaff510c09debf.css" rel="stylesheet"><style></style><style>.card[_ngcontent-hwl-4] img[_ngcontent-hwl-4]{height:170px;margin-top:20px}</style></head>
  <body>
    <my-app _nghost-hwl-1=""><header _ngcontent-hwl-1="">
  <nav _ngcontent-hwl-1="" class="navbar navbar-full navbar-dark bg-inverse">
    <div _ngcontent-hwl-1="" class="container">
      <a _ngcontent-hwl-1="" class="navbar-brand" href="/">Buggy Rating</a>
      <my-login _ngcontent-hwl-1="" _nghost-hwl-2=""><!--template bindings={}--><div _ngcontent-hwl-2="" class="pull-xs-right">
    <form _ngcontent-hwl-2="" class="form-inline">
        <div _ngcontent-hwl-2="" class="form-group">
            <!--template bindings={}-->
            <input _ngcontent-hwl-2="" class="form-control form-control-sm input-sm ng-untouched ng-pristine ng-invalid" name="login" ngmodel="" placeholder="Login" required="" type="text">
            <input _ngcontent-hwl-2="" class="form-control form-control-sm ng-untouched ng-pristine ng-invalid" name="password" ngmodel="" required="" type="password">
        </div>
        <button _ngcontent-hwl-2="" class="btn btn-success" type="submit">Login</button>
        <a _ngcontent-hwl-2="" class="btn btn-success-outline" href="/register">Register</a>
    </form>
</div>

<!--template bindings={}--></my-login>
    </div>
  </nav>

  <div _ngcontent-hwl-1="" class="jumbotron jumbotron-fluid">
    <div _ngcontent-hwl-1="" class="container">
      <div _ngcontent-hwl-1="" class="row">
        <div _ngcontent-hwl-1="" class="col-md-4">
          <h1 _ngcontent-hwl-1="" class="display-4">Buggy<br _ngcontent-hwl-1="">Cars<br _ngcontent-hwl-1="">Rating</h1>
        </div>
        <div _ngcontent-hwl-1="" class="col-md-8">
          <div _ngcontent-hwl-1="" class="center-block">
            <img _ngcontent-hwl-1="" class="img-fluid" src="/img/header-car.gif">
          </div>
        </div>
      </div>
    </div>
  </div>
</header>

<div _ngcontent-hwl-1="" class="container" role="main">
  <main _ngcontent-hwl-1="" class="row">
    <router-outlet _ngcontent-hwl-1=""></router-outlet><my-register _nghost-hwl-6=""><div _ngcontent-hwl-6="" class="container my-form">
    <div _ngcontent-hwl-6="" class="col-md-6">
        <h2 _ngcontent-hwl-6="">Register with Buggy Cars Rating</h2>

        <form _ngcontent-hwl-6="">
            <div _ngcontent-hwl-6="" class="form-group">
                <label _ngcontent-hwl-6="" for="username">Login</label>
                <input _ngcontent-hwl-6="" class="form-control ng-untouched ng-pristine ng-invalid" formcontrolname="username" id="username" name="username" required="" type="text">
                <div _ngcontent-hwl-6="" class="alert alert-danger" hidden="">
                    Login is required
                </div>
                <div _ngcontent-hwl-6="" class="alert alert-danger" hidden="">
                    Login cannot be more than 50 characters long
                </div>
            </div>

            <div _ngcontent-hwl-6="" class="form-group">
                <label _ngcontent-hwl-6="" for="firstName">First Name</label>
                <input _ngcontent-hwl-6="" class="form-control ng-untouched ng-pristine ng-invalid" formcontrolname="firstName" id="firstName" name="firstName" required="" type="text">
                <div _ngcontent-hwl-6="" class="alert alert-danger" hidden="">
                    First Name is required
                </div>
            </div>

            <div _ngcontent-hwl-6="" class="form-group">
                <label _ngcontent-hwl-6="" for="lastName">Last Name</label>
                <input _ngcontent-hwl-6="" class="form-control ng-untouched ng-pristine ng-invalid" formcontrolname="lastName" id="lastName" name="lastName" required="" type="text">
                <div _ngcontent-hwl-6="" class="alert alert-danger" hidden="">
                    First Name is required
                </div>
            </div>

            <div _ngcontent-hwl-6="" class="form-group">
                <label _ngcontent-hwl-6="" for="password">Password</label>
                <input _ngcontent-hwl-6="" class="form-control ng-untouched ng-pristine ng-invalid" formcontrolname="password" id="password" name="password" required="" type="password">
                <div _ngcontent-hwl-6="" class="alert alert-danger" hidden="">
                    Password is required
                </div>
            </div>

            <div _ngcontent-hwl-6="" class="form-group">
                <label _ngcontent-hwl-6="" for="confirmPassword">Confirm Password</label>
                <input _ngcontent-hwl-6="" class="form-control ng-untouched ng-pristine ng-invalid" formcontrolname="confirmPassword" id="confirmPassword" name="confirmPassword" required="" type="password">
                <div _ngcontent-hwl-6="" class="alert alert-danger" hidden="">
                    Passwords do not match
                </div>
            </div>

            <button _ngcontent-hwl-6="" class="btn btn-default" type="submit" disabled="">Register</button>
            <a _ngcontent-hwl-6="" class="btn" role="button" href="/">Cancel</a>

            <!--template bindings={}-->

            <!--template bindings={}-->
        </form>
    </div>
</div></my-register>
  </main>

  <hr _ngcontent-hwl-1="">

  <footer _ngcontent-hwl-1="" class="footer">
    <div _ngcontent-hwl-1="" class="container">
      <div _ngcontent-hwl-1="" class="pull-xs-right">
        <a _ngcontent-hwl-1="" href="https://www.facebook.com" target="_blank" title="Facebook">
          <img _ngcontent-hwl-1="" src="/img/FB-f-Logo__blue_29.png">
        </a>

        <a _ngcontent-hwl-1="" target="_blank" title="Twitter" href="https://www.twitter.com">
          <img _ngcontent-hwl-1="" src="/img/twitter.png">
        </a>
      </div>

      <p _ngcontent-hwl-1="">© 2016 Buggy Software, Inc.</p>
    </div>
  </footer>
</div></my-app>
  <script type="text/javascript" src="/js/polyfills.a5856ccaff510c09debf.js"></script><script type="text/javascript" src="/js/vendor.a5856ccaff510c09debf.js"></script><script type="text/javascript" src="/js/app.a5856ccaff510c09debf.js"></script>

</body></html>
17:05:11.165 [Forwarding getPageSource on session 0027447630ea90c2bb41e1b33cf9033c to remote] DEBUG org.asynchttpclient.netty.request.NettyRequestSender -- Using pooled Channel '[id: 0x949b9e49, L:/127.0.0.1:58592 - R:localhost/127.0.0.1:4641]' for 'POST' to 'http://localhost:4641/session/0027447630ea90c2bb41e1b33cf9033c/execute/sync'
17:05:11.165 [Forwarding getPageSource on session 0027447630ea90c2bb41e1b33cf9033c to remote] DEBUG org.asynchttpclient.netty.request.NettyRequestSender -- Using open Channel [id: 0x949b9e49, L:/127.0.0.1:58592 - R:localhost/127.0.0.1:4641] for POST '/session/0027447630ea90c2bb41e1b33cf9033c/execute/sync'
17:05:11.172 [AsyncHttpClient-1-7] DEBUG org.asynchttpclient.netty.handler.HttpHandler -- 

Request DefaultHttpRequest(decodeResult: success, version: HTTP/1.1)
POST /session/0027447630ea90c2bb41e1b33cf9033c/execute/sync HTTP/1.1
User-Agent: selenium/4.12.0 (java windows)
Content-Length: 176
Content-Type: application/json; charset=utf-8
host: localhost:4641
accept: */*

Response DefaultHttpResponse(decodeResult: success, version: HTTP/1.1)
HTTP/1.1 200 OK
Content-Length: 7620
Content-Type: application/json; charset=utf-8
cache-control: no-cache

17:05:11.172 [AsyncHttpClient-1-7] DEBUG org.asynchttpclient.netty.channel.ChannelManager -- Adding key: http://localhost:4641 for channel [id: 0x949b9e49, L:/127.0.0.1:58592 - R:localhost/127.0.0.1:4641]
]]></system-out>
    <system-err><![CDATA[Jan 03, 2025 5:05:09 PM org.openqa.selenium.devtools.CdpVersionFinder findNearestMatch
WARNING: Unable to find CDP implementation matching 131
Jan 03, 2025 5:05:09 PM org.openqa.selenium.chromium.ChromiumDriver lambda$new$5
WARNING: Unable to find version of CDP to use for 131.0.6778.205. You may need to include a dependency on a specific version of the CDP using something similar to `org.seleniumhq.selenium:selenium-devtools-v86:4.12.0` where the version ("v86") matches the version of the chromium-based browser you're using and the version number of the artifact is the same as Selenium's.
]]></system-err>
  </testcase>
  <testcase name="testPageTitle" classname="UITestCases.BuggyCarsUITests" time="0.018">
    <system-out><![CDATA[17:05:11.175 [AsyncHttpClient-1-9] DEBUG org.asynchttpclient.netty.handler.WebSocketHandler -- Channel Closed: [id: 0xf2ec63e8, L:/127.0.0.1:58600 ! R:localhost/127.0.0.1:58593] with attribute DISCARD
17:05:11.176 [Driver Command Executor] DEBUG org.asynchttpclient.netty.request.NettyRequestSender -- Using pooled Channel '[id: 0x949b9e49, L:/127.0.0.1:58592 - R:localhost/127.0.0.1:4641]' for 'DELETE' to 'http://localhost:4641/session/0027447630ea90c2bb41e1b33cf9033c'
17:05:11.176 [Driver Command Executor] DEBUG org.asynchttpclient.netty.request.NettyRequestSender -- Using open Channel [id: 0x949b9e49, L:/127.0.0.1:58592 - R:localhost/127.0.0.1:4641] for DELETE '/session/0027447630ea90c2bb41e1b33cf9033c'
17:05:11.230 [AsyncHttpClient-1-8] DEBUG org.asynchttpclient.netty.handler.HttpHandler -- Unexpected I/O exception on channel [id: 0xf1748ab1, L:/127.0.0.1:58599 - R:localhost/127.0.0.1:58593]
java.net.SocketException: Connection reset
	at java.base/sun.nio.ch.SocketChannelImpl.throwConnectionReset(SocketChannelImpl.java:394)
	at java.base/sun.nio.ch.SocketChannelImpl.read(SocketChannelImpl.java:426)
	at io.netty.buffer.PooledByteBuf.setBytes(PooledByteBuf.java:254)
	at io.netty.buffer.AbstractByteBuf.writeBytes(AbstractByteBuf.java:1132)
	at io.netty.channel.socket.nio.NioSocketChannel.doReadBytes(NioSocketChannel.java:357)
	at io.netty.channel.nio.AbstractNioByteChannel$NioByteUnsafe.read(AbstractNioByteChannel.java:151)
	at io.netty.channel.nio.NioEventLoop.processSelectedKey(NioEventLoop.java:788)
	at io.netty.channel.nio.NioEventLoop.processSelectedKeysOptimized(NioEventLoop.java:724)
	at io.netty.channel.nio.NioEventLoop.processSelectedKeys(NioEventLoop.java:650)
	at io.netty.channel.nio.NioEventLoop.run(NioEventLoop.java:562)
	at io.netty.util.concurrent.SingleThreadEventExecutor$4.run(SingleThreadEventExecutor.java:997)
	at io.netty.util.internal.ThreadExecutorMap$2.run(ThreadExecutorMap.java:74)
	at io.netty.util.concurrent.FastThreadLocalRunnable.run(FastThreadLocalRunnable.java:30)
	at java.base/java.lang.Thread.run(Thread.java:842)
17:05:11.230 [AsyncHttpClient-1-8] DEBUG org.asynchttpclient.netty.channel.ChannelManager -- Closing Channel [id: 0xf1748ab1, L:/127.0.0.1:58599 - R:localhost/127.0.0.1:58593] 
17:05:11.231 [AsyncHttpClient-1-8] DEBUG org.asynchttpclient.netty.handler.HttpHandler -- Channel Closed: [id: 0xf1748ab1, L:/127.0.0.1:58599 ! R:localhost/127.0.0.1:58593] with attribute DISCARD
17:05:11.269 [AsyncHttpClient-1-7] DEBUG org.asynchttpclient.netty.handler.HttpHandler -- 

Request DefaultFullHttpRequest(decodeResult: success, version: HTTP/1.1, content: EmptyByteBufBE)
DELETE /session/0027447630ea90c2bb41e1b33cf9033c HTTP/1.1
User-Agent: selenium/4.12.0 (java windows)
Content-Type: application/json; charset=utf-8
host: localhost:4641
accept: */*

Response DefaultHttpResponse(decodeResult: success, version: HTTP/1.1)
HTTP/1.1 200 OK
Content-Length: 14
Content-Type: application/json; charset=utf-8
cache-control: no-cache

17:05:11.269 [AsyncHttpClient-1-7] DEBUG org.asynchttpclient.netty.channel.ChannelManager -- Adding key: http://localhost:4641 for channel [id: 0x949b9e49, L:/127.0.0.1:58592 - R:localhost/127.0.0.1:4641]
17:05:11.402 [AsyncHttpClient-1-7] DEBUG org.asynchttpclient.netty.handler.HttpHandler -- Channel Closed: [id: 0x949b9e49, L:/127.0.0.1:58592 ! R:localhost/127.0.0.1:4641] with attribute DISCARD
17:05:11.434 [main] DEBUG io.github.bonigarcia.wdm.WebDriverManager -- Using WebDriverManager 5.5.3
17:05:11.441 [main] DEBUG io.github.bonigarcia.wdm.cache.ResolutionCache -- Resolution chrome=131 in cache (valid until 17:53:13 03/01/2025 IST)
17:05:11.441 [main] DEBUG io.github.bonigarcia.wdm.cache.ResolutionCache -- Resolution chrome131=131.0.6778.204 in cache (valid until 16:53:13 04/01/2025 IST)
17:05:11.441 [main] INFO io.github.bonigarcia.wdm.WebDriverManager -- Using chromedriver 131.0.6778.204 (resolved driver for Chrome 131)
17:05:11.444 [main] DEBUG io.github.bonigarcia.wdm.WebDriverManager -- Driver chromedriver 131.0.6778.204 found in cache
17:05:11.444 [main] INFO io.github.bonigarcia.wdm.WebDriverManager -- Exporting webdriver.chrome.driver as C:\Users\sasitharan\.cache\selenium\chromedriver\win64\131.0.6778.204\chromedriver.exe
17:05:11.516 [AsyncHttpClient-1-10] DEBUG org.asynchttpclient.netty.channel.NettyConnectListener -- Using new Channel '[id: 0xedb7f604, L:/127.0.0.1:58620 - R:localhost/127.0.0.1:31012]' for 'POST' to '/session'
17:05:12.193 [AsyncHttpClient-1-1] DEBUG org.asynchttpclient.netty.channel.DefaultChannelPool -- Entry count for : http://localhost:58593 : 1
17:05:12.194 [AsyncHttpClient-1-1] DEBUG org.asynchttpclient.netty.channel.DefaultChannelPool -- Entry count for : http://localhost:4641 : 1
17:05:12.194 [AsyncHttpClient-1-1] DEBUG org.asynchttpclient.netty.channel.DefaultChannelPool -- Adding Candidate expired Channel [id: 0xf1748ab1, L:/127.0.0.1:58599 ! R:localhost/127.0.0.1:58593] isIdleTimeoutExpired=false isRemotelyClosed=true isTtlExpired=false
17:05:12.194 [AsyncHttpClient-1-1] DEBUG org.asynchttpclient.netty.channel.DefaultChannelPool -- Closing Idle Channel [id: 0xf1748ab1, L:/127.0.0.1:58599 ! R:localhost/127.0.0.1:58593]
17:05:12.194 [AsyncHttpClient-1-1] DEBUG org.asynchttpclient.netty.channel.DefaultChannelPool -- Adding Candidate expired Channel [id: 0x949b9e49, L:/127.0.0.1:58592 ! R:localhost/127.0.0.1:4641] isIdleTimeoutExpired=false isRemotelyClosed=true isTtlExpired=false
17:05:12.194 [AsyncHttpClient-1-1] DEBUG org.asynchttpclient.netty.channel.DefaultChannelPool -- Closing Idle Channel [id: 0x949b9e49, L:/127.0.0.1:58592 ! R:localhost/127.0.0.1:4641]
17:05:12.194 [AsyncHttpClient-1-1] DEBUG org.asynchttpclient.netty.channel.DefaultChannelPool -- Closed 2 connections out of 2 in 0 ms
17:05:12.344 [AsyncHttpClient-1-10] DEBUG org.asynchttpclient.netty.handler.HttpHandler -- 

Request DefaultHttpRequest(decodeResult: success, version: HTTP/1.1)
POST /session HTTP/1.1
User-Agent: selenium/4.12.0 (java windows)
Content-Length: 254
Content-Type: application/json; charset=utf-8
host: localhost:31012
accept: */*

Response DefaultHttpResponse(decodeResult: success, version: HTTP/1.1)
HTTP/1.1 200 OK
Content-Length: 888
Content-Type: application/json; charset=utf-8
cache-control: no-cache

17:05:12.345 [AsyncHttpClient-1-10] DEBUG org.asynchttpclient.netty.channel.ChannelManager -- Adding key: http://localhost:31012 for channel [id: 0xedb7f604, L:/127.0.0.1:58620 - R:localhost/127.0.0.1:31012]
17:05:12.356 [AsyncHttpClient-1-11] DEBUG org.asynchttpclient.netty.channel.NettyConnectListener -- Using new Channel '[id: 0x5b9b728c, L:/127.0.0.1:58627 - R:localhost/127.0.0.1:58621]' for 'GET' to '/json/version'
17:05:12.357 [AsyncHttpClient-1-11] DEBUG org.asynchttpclient.netty.handler.HttpHandler -- 

Request DefaultFullHttpRequest(decodeResult: success, version: HTTP/1.1, content: EmptyByteBufBE)
GET /json/version HTTP/1.1
User-Agent: selenium/4.12.0 (java windows)
host: localhost:58621
accept: */*

Response DefaultHttpResponse(decodeResult: success, version: HTTP/1.1)
HTTP/1.1 200 OK
Content-Security-Policy: frame-ancestors 'none'
Content-Length: 424
Content-Type: application/json; charset=UTF-8

17:05:12.357 [AsyncHttpClient-1-11] DEBUG org.asynchttpclient.netty.channel.ChannelManager -- Adding key: http://localhost:58621 for channel [id: 0x5b9b728c, L:/127.0.0.1:58627 - R:localhost/127.0.0.1:58621]
17:05:12.360 [AsyncHttpClient-1-12] DEBUG org.asynchttpclient.netty.channel.NettyConnectListener -- Using new Channel '[id: 0x99d378ac, L:/127.0.0.1:58628 - R:localhost/127.0.0.1:58621]' for 'GET' to '/devtools/browser/6bf795b9-ce68-478e-b3c0-efd09fedcae0'
17:05:12.361 [AsyncHttpClient-1-12] DEBUG org.asynchttpclient.netty.handler.WebSocketHandler -- 

Request DefaultFullHttpRequest(decodeResult: success, version: HTTP/1.1, content: EmptyByteBufBE)
GET /devtools/browser/6bf795b9-ce68-478e-b3c0-efd09fedcae0 HTTP/1.1
upgrade: websocket
connection: upgrade
sec-websocket-key: nkBPvjKv/ZMn2hzjFSrjqA==
sec-websocket-version: 13
origin: http://localhost:58621
host: localhost:58621
accept: */*
user-agent: AHC/2.1

Response DefaultHttpResponse(decodeResult: success, version: HTTP/1.1)
HTTP/1.1 101 WebSocket Protocol Handshake
Upgrade: WebSocket
Connection: Upgrade
Sec-WebSocket-Accept: o3VEQWE2ILe5HEo0d30eiXwiJqk=

17:05:12.368 [Forwarding maximizeCurrentWindow on session 92f4712a5dcc55a8344c1a0c6ef05474 to remote] DEBUG org.asynchttpclient.netty.request.NettyRequestSender -- Using pooled Channel '[id: 0xedb7f604, L:/127.0.0.1:58620 - R:localhost/127.0.0.1:31012]' for 'POST' to 'http://localhost:31012/session/92f4712a5dcc55a8344c1a0c6ef05474/window/maximize'
17:05:12.368 [Forwarding maximizeCurrentWindow on session 92f4712a5dcc55a8344c1a0c6ef05474 to remote] DEBUG org.asynchttpclient.netty.request.NettyRequestSender -- Using open Channel [id: 0xedb7f604, L:/127.0.0.1:58620 - R:localhost/127.0.0.1:31012] for POST '/session/92f4712a5dcc55a8344c1a0c6ef05474/window/maximize'
17:05:12.451 [AsyncHttpClient-1-10] DEBUG org.asynchttpclient.netty.handler.HttpHandler -- 

Request DefaultHttpRequest(decodeResult: success, version: HTTP/1.1)
POST /session/92f4712a5dcc55a8344c1a0c6ef05474/window/maximize HTTP/1.1
User-Agent: selenium/4.12.0 (java windows)
Content-Length: 3
Content-Type: application/json; charset=utf-8
host: localhost:31012
accept: */*

Response DefaultHttpResponse(decodeResult: success, version: HTTP/1.1)
HTTP/1.1 200 OK
Content-Length: 51
Content-Type: application/json; charset=utf-8
cache-control: no-cache

17:05:12.451 [AsyncHttpClient-1-10] DEBUG org.asynchttpclient.netty.channel.ChannelManager -- Adding key: http://localhost:31012 for channel [id: 0xedb7f604, L:/127.0.0.1:58620 - R:localhost/127.0.0.1:31012]
17:05:12.453 [Forwarding get on session 92f4712a5dcc55a8344c1a0c6ef05474 to remote] DEBUG org.asynchttpclient.netty.request.NettyRequestSender -- Using pooled Channel '[id: 0xedb7f604, L:/127.0.0.1:58620 - R:localhost/127.0.0.1:31012]' for 'POST' to 'http://localhost:31012/session/92f4712a5dcc55a8344c1a0c6ef05474/url'
17:05:12.453 [Forwarding get on session 92f4712a5dcc55a8344c1a0c6ef05474 to remote] DEBUG org.asynchttpclient.netty.request.NettyRequestSender -- Using open Channel [id: 0xedb7f604, L:/127.0.0.1:58620 - R:localhost/127.0.0.1:31012] for POST '/session/92f4712a5dcc55a8344c1a0c6ef05474/url'
17:05:13.292 [AsyncHttpClient-1-1] DEBUG org.asynchttpclient.netty.channel.DefaultChannelPool -- Entry count for : http://localhost:58621 : 1
17:05:13.520 [AsyncHttpClient-1-10] DEBUG org.asynchttpclient.netty.handler.HttpHandler -- 

Request DefaultHttpRequest(decodeResult: success, version: HTTP/1.1)
POST /session/92f4712a5dcc55a8344c1a0c6ef05474/url HTTP/1.1
User-Agent: selenium/4.12.0 (java windows)
Content-Length: 58
Content-Type: application/json; charset=utf-8
host: localhost:31012
accept: */*

Response DefaultHttpResponse(decodeResult: success, version: HTTP/1.1)
HTTP/1.1 200 OK
Content-Length: 14
Content-Type: application/json; charset=utf-8
cache-control: no-cache

17:05:13.520 [AsyncHttpClient-1-10] DEBUG org.asynchttpclient.netty.channel.ChannelManager -- Adding key: http://localhost:31012 for channel [id: 0xedb7f604, L:/127.0.0.1:58620 - R:localhost/127.0.0.1:31012]
17:05:13.523 [Forwarding getTitle on session 92f4712a5dcc55a8344c1a0c6ef05474 to remote] DEBUG org.asynchttpclient.netty.request.NettyRequestSender -- Using pooled Channel '[id: 0xedb7f604, L:/127.0.0.1:58620 - R:localhost/127.0.0.1:31012]' for 'GET' to 'http://localhost:31012/session/92f4712a5dcc55a8344c1a0c6ef05474/title'
17:05:13.523 [Forwarding getTitle on session 92f4712a5dcc55a8344c1a0c6ef05474 to remote] DEBUG org.asynchttpclient.netty.request.NettyRequestSender -- Using open Channel [id: 0xedb7f604, L:/127.0.0.1:58620 - R:localhost/127.0.0.1:31012] for GET '/session/92f4712a5dcc55a8344c1a0c6ef05474/title'
17:05:13.536 [AsyncHttpClient-1-10] DEBUG org.asynchttpclient.netty.handler.HttpHandler -- 

Request DefaultFullHttpRequest(decodeResult: success, version: HTTP/1.1, content: EmptyByteBufBE)
GET /session/92f4712a5dcc55a8344c1a0c6ef05474/title HTTP/1.1
Cache-Control: no-cache
User-Agent: selenium/4.12.0 (java windows)
Content-Type: application/json; charset=utf-8
host: localhost:31012
accept: */*

Response DefaultHttpResponse(decodeResult: success, version: HTTP/1.1)
HTTP/1.1 200 OK
Content-Length: 29
Content-Type: application/json; charset=utf-8
cache-control: no-cache

17:05:13.536 [AsyncHttpClient-1-10] DEBUG org.asynchttpclient.netty.channel.ChannelManager -- Adding key: http://localhost:31012 for channel [id: 0xedb7f604, L:/127.0.0.1:58620 - R:localhost/127.0.0.1:31012]
]]></system-out>
    <system-err><![CDATA[Jan 03, 2025 5:05:12 PM org.openqa.selenium.devtools.CdpVersionFinder findNearestMatch
WARNING: Unable to find CDP implementation matching 131
Jan 03, 2025 5:05:12 PM org.openqa.selenium.chromium.ChromiumDriver lambda$new$5
WARNING: Unable to find version of CDP to use for 131.0.6778.205. You may need to include a dependency on a specific version of the CDP using something similar to `org.seleniumhq.selenium:selenium-devtools-v86:4.12.0` where the version ("v86") matches the version of the chromium-based browser you're using and the version number of the artifact is the same as Selenium's.
]]></system-err>
  </testcase>
  <testcase name="testProfilePageAccessibility" classname="UITestCases.BuggyCarsUITests" time="2.536">
    <failure message="expected [true] but found [false]" type="java.lang.AssertionError"><![CDATA[java.lang.AssertionError: expected [true] but found [false]
	at org.testng.Assert.fail(Assert.java:110)
	at org.testng.Assert.failNotEquals(Assert.java:1413)
	at org.testng.Assert.assertTrue(Assert.java:56)
	at org.testng.Assert.assertTrue(Assert.java:66)
	at UITestCases.BuggyCarsUITests.testProfilePageAccessibility(BuggyCarsUITests.java:141)
	at java.base/jdk.internal.reflect.NativeMethodAccessorImpl.invoke0(Native Method)
	at java.base/jdk.internal.reflect.NativeMethodAccessorImpl.invoke(NativeMethodAccessorImpl.java:77)
	at java.base/jdk.internal.reflect.DelegatingMethodAccessorImpl.invoke(DelegatingMethodAccessorImpl.java:43)
	at java.base/java.lang.reflect.Method.invoke(Method.java:568)
	at org.testng.internal.invokers.MethodInvocationHelper.invokeMethod(MethodInvocationHelper.java:139)
	at org.testng.internal.invokers.TestInvoker.invokeMethod(TestInvoker.java:677)
	at org.testng.internal.invokers.TestInvoker.invokeTestMethod(TestInvoker.java:221)
	at org.testng.internal.invokers.MethodRunner.runInSequence(MethodRunner.java:50)
	at org.testng.internal.invokers.TestInvoker$MethodInvocationAgent.invoke(TestInvoker.java:969)
	at org.testng.internal.invokers.TestInvoker.invokeTestMethods(TestInvoker.java:194)
	at org.testng.internal.invokers.TestMethodWorker.invokeTestMethods(TestMethodWorker.java:148)
	at org.testng.internal.invokers.TestMethodWorker.run(TestMethodWorker.java:128)
	at java.base/java.util.ArrayList.forEach(ArrayList.java:1511)
	at org.testng.TestRunner.privateRun(TestRunner.java:829)
	at org.testng.TestRunner.run(TestRunner.java:602)
	at org.testng.SuiteRunner.runTest(SuiteRunner.java:437)
	at org.testng.SuiteRunner.runSequentially(SuiteRunner.java:431)
	at org.testng.SuiteRunner.privateRun(SuiteRunner.java:391)
	at org.testng.SuiteRunner.run(SuiteRunner.java:330)
	at org.testng.SuiteRunnerWorker.runSuite(SuiteRunnerWorker.java:52)
	at org.testng.SuiteRunnerWorker.run(SuiteRunnerWorker.java:95)
	at org.testng.TestNG.runSuitesSequentially(TestNG.java:1256)
	at org.testng.TestNG.runSuitesLocally(TestNG.java:1176)
	at org.testng.TestNG.runSuites(TestNG.java:1099)
	at org.testng.TestNG.run(TestNG.java:1067)
	at org.apache.maven.surefire.testng.TestNGExecutor.run(TestNGExecutor.java:324)
	at org.apache.maven.surefire.testng.TestNGXmlTestSuite.execute(TestNGXmlTestSuite.java:74)
	at org.apache.maven.surefire.testng.TestNGProvider.invoke(TestNGProvider.java:123)
	at org.apache.maven.surefire.booter.ForkedBooter.runSuitesInProcess(ForkedBooter.java:456)
	at org.apache.maven.surefire.booter.ForkedBooter.execute(ForkedBooter.java:169)
	at org.apache.maven.surefire.booter.ForkedBooter.run(ForkedBooter.java:595)
	at org.apache.maven.surefire.booter.ForkedBooter.main(ForkedBooter.java:581)
]]></failure>
    <system-out><![CDATA[17:05:13.542 [AsyncHttpClient-1-12] DEBUG org.asynchttpclient.netty.handler.WebSocketHandler -- Channel Closed: [id: 0x99d378ac, L:/127.0.0.1:58628 ! R:localhost/127.0.0.1:58621] with attribute DISCARD
17:05:13.543 [Driver Command Executor] DEBUG org.asynchttpclient.netty.request.NettyRequestSender -- Using pooled Channel '[id: 0xedb7f604, L:/127.0.0.1:58620 - R:localhost/127.0.0.1:31012]' for 'DELETE' to 'http://localhost:31012/session/92f4712a5dcc55a8344c1a0c6ef05474'
17:05:13.543 [Driver Command Executor] DEBUG org.asynchttpclient.netty.request.NettyRequestSender -- Using open Channel [id: 0xedb7f604, L:/127.0.0.1:58620 - R:localhost/127.0.0.1:31012] for DELETE '/session/92f4712a5dcc55a8344c1a0c6ef05474'
17:05:13.624 [AsyncHttpClient-1-11] DEBUG org.asynchttpclient.netty.handler.HttpHandler -- Unexpected I/O exception on channel [id: 0x5b9b728c, L:/127.0.0.1:58627 - R:localhost/127.0.0.1:58621]
java.net.SocketException: Connection reset
	at java.base/sun.nio.ch.SocketChannelImpl.throwConnectionReset(SocketChannelImpl.java:394)
	at java.base/sun.nio.ch.SocketChannelImpl.read(SocketChannelImpl.java:426)
	at io.netty.buffer.PooledByteBuf.setBytes(PooledByteBuf.java:254)
	at io.netty.buffer.AbstractByteBuf.writeBytes(AbstractByteBuf.java:1132)
	at io.netty.channel.socket.nio.NioSocketChannel.doReadBytes(NioSocketChannel.java:357)
	at io.netty.channel.nio.AbstractNioByteChannel$NioByteUnsafe.read(AbstractNioByteChannel.java:151)
	at io.netty.channel.nio.NioEventLoop.processSelectedKey(NioEventLoop.java:788)
	at io.netty.channel.nio.NioEventLoop.processSelectedKeysOptimized(NioEventLoop.java:724)
	at io.netty.channel.nio.NioEventLoop.processSelectedKeys(NioEventLoop.java:650)
	at io.netty.channel.nio.NioEventLoop.run(NioEventLoop.java:562)
	at io.netty.util.concurrent.SingleThreadEventExecutor$4.run(SingleThreadEventExecutor.java:997)
	at io.netty.util.internal.ThreadExecutorMap$2.run(ThreadExecutorMap.java:74)
	at io.netty.util.concurrent.FastThreadLocalRunnable.run(FastThreadLocalRunnable.java:30)
	at java.base/java.lang.Thread.run(Thread.java:842)
17:05:13.625 [AsyncHttpClient-1-11] DEBUG org.asynchttpclient.netty.channel.ChannelManager -- Closing Channel [id: 0x5b9b728c, L:/127.0.0.1:58627 - R:localhost/127.0.0.1:58621] 
17:05:13.625 [AsyncHttpClient-1-11] DEBUG org.asynchttpclient.netty.handler.HttpHandler -- Channel Closed: [id: 0x5b9b728c, L:/127.0.0.1:58627 ! R:localhost/127.0.0.1:58621] with attribute DISCARD
17:05:13.652 [AsyncHttpClient-1-10] DEBUG org.asynchttpclient.netty.handler.HttpHandler -- 

Request DefaultFullHttpRequest(decodeResult: success, version: HTTP/1.1, content: EmptyByteBufBE)
DELETE /session/92f4712a5dcc55a8344c1a0c6ef05474 HTTP/1.1
User-Agent: selenium/4.12.0 (java windows)
Content-Type: application/json; charset=utf-8
host: localhost:31012
accept: */*

Response DefaultHttpResponse(decodeResult: success, version: HTTP/1.1)
HTTP/1.1 200 OK
Content-Length: 14
Content-Type: application/json; charset=utf-8
cache-control: no-cache

17:05:13.652 [AsyncHttpClient-1-10] DEBUG org.asynchttpclient.netty.channel.ChannelManager -- Adding key: http://localhost:31012 for channel [id: 0xedb7f604, L:/127.0.0.1:58620 - R:localhost/127.0.0.1:31012]
17:05:13.729 [AsyncHttpClient-1-10] DEBUG org.asynchttpclient.netty.handler.HttpHandler -- Channel Closed: [id: 0xedb7f604, L:/127.0.0.1:58620 ! R:localhost/127.0.0.1:31012] with attribute DISCARD
17:05:13.797 [main] DEBUG io.github.bonigarcia.wdm.WebDriverManager -- Using WebDriverManager 5.5.3
17:05:13.814 [main] DEBUG io.github.bonigarcia.wdm.cache.ResolutionCache -- Resolution chrome=131 in cache (valid until 17:53:13 03/01/2025 IST)
17:05:13.816 [main] DEBUG io.github.bonigarcia.wdm.cache.ResolutionCache -- Resolution chrome131=131.0.6778.204 in cache (valid until 16:53:13 04/01/2025 IST)
17:05:13.816 [main] INFO io.github.bonigarcia.wdm.WebDriverManager -- Using chromedriver 131.0.6778.204 (resolved driver for Chrome 131)
17:05:13.825 [main] DEBUG io.github.bonigarcia.wdm.WebDriverManager -- Driver chromedriver 131.0.6778.204 found in cache
17:05:13.826 [main] INFO io.github.bonigarcia.wdm.WebDriverManager -- Exporting webdriver.chrome.driver as C:\Users\sasitharan\.cache\selenium\chromedriver\win64\131.0.6778.204\chromedriver.exe
17:05:13.937 [AsyncHttpClient-1-13] DEBUG org.asynchttpclient.netty.channel.NettyConnectListener -- Using new Channel '[id: 0xb7365f62, L:/127.0.0.1:58643 - R:localhost/127.0.0.1:6901]' for 'POST' to '/session'
17:05:14.390 [AsyncHttpClient-1-1] DEBUG org.asynchttpclient.netty.channel.DefaultChannelPool -- Entry count for : http://localhost:58621 : 1
17:05:14.390 [AsyncHttpClient-1-1] DEBUG org.asynchttpclient.netty.channel.DefaultChannelPool -- Entry count for : http://localhost:31012 : 1
17:05:14.390 [AsyncHttpClient-1-1] DEBUG org.asynchttpclient.netty.channel.DefaultChannelPool -- Adding Candidate expired Channel [id: 0x5b9b728c, L:/127.0.0.1:58627 ! R:localhost/127.0.0.1:58621] isIdleTimeoutExpired=false isRemotelyClosed=true isTtlExpired=false
17:05:14.390 [AsyncHttpClient-1-1] DEBUG org.asynchttpclient.netty.channel.DefaultChannelPool -- Closing Idle Channel [id: 0x5b9b728c, L:/127.0.0.1:58627 ! R:localhost/127.0.0.1:58621]
17:05:14.390 [AsyncHttpClient-1-1] DEBUG org.asynchttpclient.netty.channel.DefaultChannelPool -- Adding Candidate expired Channel [id: 0xedb7f604, L:/127.0.0.1:58620 ! R:localhost/127.0.0.1:31012] isIdleTimeoutExpired=false isRemotelyClosed=true isTtlExpired=false
17:05:14.390 [AsyncHttpClient-1-1] DEBUG org.asynchttpclient.netty.channel.DefaultChannelPool -- Closing Idle Channel [id: 0xedb7f604, L:/127.0.0.1:58620 ! R:localhost/127.0.0.1:31012]
17:05:14.390 [AsyncHttpClient-1-1] DEBUG org.asynchttpclient.netty.channel.DefaultChannelPool -- Closed 2 connections out of 2 in 0 ms
17:05:14.872 [AsyncHttpClient-1-13] DEBUG org.asynchttpclient.netty.handler.HttpHandler -- 

Request DefaultHttpRequest(decodeResult: success, version: HTTP/1.1)
POST /session HTTP/1.1
User-Agent: selenium/4.12.0 (java windows)
Content-Length: 254
Content-Type: application/json; charset=utf-8
host: localhost:6901
accept: */*

Response DefaultHttpResponse(decodeResult: success, version: HTTP/1.1)
HTTP/1.1 200 OK
Content-Length: 886
Content-Type: application/json; charset=utf-8
cache-control: no-cache

17:05:14.873 [AsyncHttpClient-1-13] DEBUG org.asynchttpclient.netty.channel.ChannelManager -- Adding key: http://localhost:6901 for channel [id: 0xb7365f62, L:/127.0.0.1:58643 - R:localhost/127.0.0.1:6901]
17:05:14.881 [AsyncHttpClient-1-14] DEBUG org.asynchttpclient.netty.channel.NettyConnectListener -- Using new Channel '[id: 0xc47305dc, L:/127.0.0.1:58650 - R:localhost/127.0.0.1:58644]' for 'GET' to '/json/version'
17:05:14.884 [AsyncHttpClient-1-14] DEBUG org.asynchttpclient.netty.handler.HttpHandler -- 

Request DefaultFullHttpRequest(decodeResult: success, version: HTTP/1.1, content: EmptyByteBufBE)
GET /json/version HTTP/1.1
User-Agent: selenium/4.12.0 (java windows)
host: localhost:58644
accept: */*

Response DefaultHttpResponse(decodeResult: success, version: HTTP/1.1)
HTTP/1.1 200 OK
Content-Security-Policy: frame-ancestors 'none'
Content-Length: 424
Content-Type: application/json; charset=UTF-8

17:05:14.884 [AsyncHttpClient-1-14] DEBUG org.asynchttpclient.netty.channel.ChannelManager -- Adding key: http://localhost:58644 for channel [id: 0xc47305dc, L:/127.0.0.1:58650 - R:localhost/127.0.0.1:58644]
17:05:14.887 [AsyncHttpClient-1-15] DEBUG org.asynchttpclient.netty.channel.NettyConnectListener -- Using new Channel '[id: 0x2ccd6d48, L:/127.0.0.1:58651 - R:localhost/127.0.0.1:58644]' for 'GET' to '/devtools/browser/fe85a76f-72d6-4a18-b976-5d4ba36cd587'
17:05:14.888 [AsyncHttpClient-1-15] DEBUG org.asynchttpclient.netty.handler.WebSocketHandler -- 

Request DefaultFullHttpRequest(decodeResult: success, version: HTTP/1.1, content: EmptyByteBufBE)
GET /devtools/browser/fe85a76f-72d6-4a18-b976-5d4ba36cd587 HTTP/1.1
upgrade: websocket
connection: upgrade
sec-websocket-key: +gAg9Uk7tUkb4D/oEBWP9Q==
sec-websocket-version: 13
origin: http://localhost:58644
host: localhost:58644
accept: */*
user-agent: AHC/2.1

Response DefaultHttpResponse(decodeResult: success, version: HTTP/1.1)
HTTP/1.1 101 WebSocket Protocol Handshake
Upgrade: WebSocket
Connection: Upgrade
Sec-WebSocket-Accept: wjtKxPmzVWDNpN0HLQHcOTl2Y2k=

17:05:14.891 [Forwarding maximizeCurrentWindow on session 3c24c859bb4010f492a1dab3ae2d365c to remote] DEBUG org.asynchttpclient.netty.request.NettyRequestSender -- Using pooled Channel '[id: 0xb7365f62, L:/127.0.0.1:58643 - R:localhost/127.0.0.1:6901]' for 'POST' to 'http://localhost:6901/session/3c24c859bb4010f492a1dab3ae2d365c/window/maximize'
17:05:14.891 [Forwarding maximizeCurrentWindow on session 3c24c859bb4010f492a1dab3ae2d365c to remote] DEBUG org.asynchttpclient.netty.request.NettyRequestSender -- Using open Channel [id: 0xb7365f62, L:/127.0.0.1:58643 - R:localhost/127.0.0.1:6901] for POST '/session/3c24c859bb4010f492a1dab3ae2d365c/window/maximize'
17:05:14.960 [AsyncHttpClient-1-13] DEBUG org.asynchttpclient.netty.handler.HttpHandler -- 

Request DefaultHttpRequest(decodeResult: success, version: HTTP/1.1)
POST /session/3c24c859bb4010f492a1dab3ae2d365c/window/maximize HTTP/1.1
User-Agent: selenium/4.12.0 (java windows)
Content-Length: 3
Content-Type: application/json; charset=utf-8
host: localhost:6901
accept: */*

Response DefaultHttpResponse(decodeResult: success, version: HTTP/1.1)
HTTP/1.1 200 OK
Content-Length: 51
Content-Type: application/json; charset=utf-8
cache-control: no-cache

17:05:14.960 [AsyncHttpClient-1-13] DEBUG org.asynchttpclient.netty.channel.ChannelManager -- Adding key: http://localhost:6901 for channel [id: 0xb7365f62, L:/127.0.0.1:58643 - R:localhost/127.0.0.1:6901]
17:05:14.962 [Forwarding get on session 3c24c859bb4010f492a1dab3ae2d365c to remote] DEBUG org.asynchttpclient.netty.request.NettyRequestSender -- Using pooled Channel '[id: 0xb7365f62, L:/127.0.0.1:58643 - R:localhost/127.0.0.1:6901]' for 'POST' to 'http://localhost:6901/session/3c24c859bb4010f492a1dab3ae2d365c/url'
17:05:14.962 [Forwarding get on session 3c24c859bb4010f492a1dab3ae2d365c to remote] DEBUG org.asynchttpclient.netty.request.NettyRequestSender -- Using open Channel [id: 0xb7365f62, L:/127.0.0.1:58643 - R:localhost/127.0.0.1:6901] for POST '/session/3c24c859bb4010f492a1dab3ae2d365c/url'
17:05:15.490 [AsyncHttpClient-1-1] DEBUG org.asynchttpclient.netty.channel.DefaultChannelPool -- Entry count for : http://localhost:58644 : 1
17:05:16.414 [AsyncHttpClient-1-13] DEBUG org.asynchttpclient.netty.handler.HttpHandler -- 

Request DefaultHttpRequest(decodeResult: success, version: HTTP/1.1)
POST /session/3c24c859bb4010f492a1dab3ae2d365c/url HTTP/1.1
User-Agent: selenium/4.12.0 (java windows)
Content-Length: 58
Content-Type: application/json; charset=utf-8
host: localhost:6901
accept: */*

Response DefaultHttpResponse(decodeResult: success, version: HTTP/1.1)
HTTP/1.1 200 OK
Content-Length: 14
Content-Type: application/json; charset=utf-8
cache-control: no-cache

17:05:16.414 [AsyncHttpClient-1-13] DEBUG org.asynchttpclient.netty.channel.ChannelManager -- Adding key: http://localhost:6901 for channel [id: 0xb7365f62, L:/127.0.0.1:58643 - R:localhost/127.0.0.1:6901]
17:05:16.418 [Forwarding findElement on session 3c24c859bb4010f492a1dab3ae2d365c to remote] DEBUG org.asynchttpclient.netty.request.NettyRequestSender -- Using pooled Channel '[id: 0xb7365f62, L:/127.0.0.1:58643 - R:localhost/127.0.0.1:6901]' for 'POST' to 'http://localhost:6901/session/3c24c859bb4010f492a1dab3ae2d365c/element'
17:05:16.418 [Forwarding findElement on session 3c24c859bb4010f492a1dab3ae2d365c to remote] DEBUG org.asynchttpclient.netty.request.NettyRequestSender -- Using open Channel [id: 0xb7365f62, L:/127.0.0.1:58643 - R:localhost/127.0.0.1:6901] for POST '/session/3c24c859bb4010f492a1dab3ae2d365c/element'
17:05:16.440 [AsyncHttpClient-1-13] DEBUG org.asynchttpclient.netty.handler.HttpHandler -- 

Request DefaultHttpRequest(decodeResult: success, version: HTTP/1.1)
POST /session/3c24c859bb4010f492a1dab3ae2d365c/element HTTP/1.1
User-Agent: selenium/4.12.0 (java windows)
Content-Length: 59
Content-Type: application/json; charset=utf-8
host: localhost:6901
accept: */*

Response DefaultHttpResponse(decodeResult: success, version: HTTP/1.1)
HTTP/1.1 200 OK
Content-Length: 126
Content-Type: application/json; charset=utf-8
cache-control: no-cache

17:05:16.440 [AsyncHttpClient-1-13] DEBUG org.asynchttpclient.netty.channel.ChannelManager -- Adding key: http://localhost:6901 for channel [id: 0xb7365f62, L:/127.0.0.1:58643 - R:localhost/127.0.0.1:6901]
17:05:16.441 [Forwarding sendKeysToElement on session 3c24c859bb4010f492a1dab3ae2d365c to remote] DEBUG org.asynchttpclient.netty.request.NettyRequestSender -- Using pooled Channel '[id: 0xb7365f62, L:/127.0.0.1:58643 - R:localhost/127.0.0.1:6901]' for 'POST' to 'http://localhost:6901/session/3c24c859bb4010f492a1dab3ae2d365c/element/f.344B67C1DC1EA5A8250EA5333C1C3F29.d.9BE4020BDFF6839FCFE54A94E53CC08D.e.15/value'
17:05:16.441 [Forwarding sendKeysToElement on session 3c24c859bb4010f492a1dab3ae2d365c to remote] DEBUG org.asynchttpclient.netty.request.NettyRequestSender -- Using open Channel [id: 0xb7365f62, L:/127.0.0.1:58643 - R:localhost/127.0.0.1:6901] for POST '/session/3c24c859bb4010f492a1dab3ae2d365c/element/f.344B67C1DC1EA5A8250EA5333C1C3F29.d.9BE4020BDFF6839FCFE54A94E53CC08D.e.15/value'
17:05:16.595 [AsyncHttpClient-1-1] DEBUG org.asynchttpclient.netty.channel.DefaultChannelPool -- Entry count for : http://localhost:58644 : 1
17:05:16.788 [AsyncHttpClient-1-13] DEBUG org.asynchttpclient.netty.handler.HttpHandler -- 

Request DefaultHttpRequest(decodeResult: success, version: HTTP/1.1)
POST /session/3c24c859bb4010f492a1dab3ae2d365c/element/f.344B67C1DC1EA5A8250EA5333C1C3F29.d.9BE4020BDFF6839FCFE54A94E53CC08D.e.15/value HTTP/1.1
User-Agent: selenium/4.12.0 (java windows)
Content-Length: 389
Content-Type: application/json; charset=utf-8
host: localhost:6901
accept: */*

Response DefaultHttpResponse(decodeResult: success, version: HTTP/1.1)
HTTP/1.1 200 OK
Content-Length: 14
Content-Type: application/json; charset=utf-8
cache-control: no-cache

17:05:16.789 [AsyncHttpClient-1-13] DEBUG org.asynchttpclient.netty.channel.ChannelManager -- Adding key: http://localhost:6901 for channel [id: 0xb7365f62, L:/127.0.0.1:58643 - R:localhost/127.0.0.1:6901]
17:05:16.790 [Forwarding findElement on session 3c24c859bb4010f492a1dab3ae2d365c to remote] DEBUG org.asynchttpclient.netty.request.NettyRequestSender -- Using pooled Channel '[id: 0xb7365f62, L:/127.0.0.1:58643 - R:localhost/127.0.0.1:6901]' for 'POST' to 'http://localhost:6901/session/3c24c859bb4010f492a1dab3ae2d365c/element'
17:05:16.790 [Forwarding findElement on session 3c24c859bb4010f492a1dab3ae2d365c to remote] DEBUG org.asynchttpclient.netty.request.NettyRequestSender -- Using open Channel [id: 0xb7365f62, L:/127.0.0.1:58643 - R:localhost/127.0.0.1:6901] for POST '/session/3c24c859bb4010f492a1dab3ae2d365c/element'
17:05:16.809 [AsyncHttpClient-1-13] DEBUG org.asynchttpclient.netty.handler.HttpHandler -- 

Request DefaultHttpRequest(decodeResult: success, version: HTTP/1.1)
POST /session/3c24c859bb4010f492a1dab3ae2d365c/element HTTP/1.1
User-Agent: selenium/4.12.0 (java windows)
Content-Length: 62
Content-Type: application/json; charset=utf-8
host: localhost:6901
accept: */*

Response DefaultHttpResponse(decodeResult: success, version: HTTP/1.1)
HTTP/1.1 200 OK
Content-Length: 125
Content-Type: application/json; charset=utf-8
cache-control: no-cache

17:05:16.811 [AsyncHttpClient-1-13] DEBUG org.asynchttpclient.netty.channel.ChannelManager -- Adding key: http://localhost:6901 for channel [id: 0xb7365f62, L:/127.0.0.1:58643 - R:localhost/127.0.0.1:6901]
17:05:16.812 [Forwarding sendKeysToElement on session 3c24c859bb4010f492a1dab3ae2d365c to remote] DEBUG org.asynchttpclient.netty.request.NettyRequestSender -- Using pooled Channel '[id: 0xb7365f62, L:/127.0.0.1:58643 - R:localhost/127.0.0.1:6901]' for 'POST' to 'http://localhost:6901/session/3c24c859bb4010f492a1dab3ae2d365c/element/f.344B67C1DC1EA5A8250EA5333C1C3F29.d.9BE4020BDFF6839FCFE54A94E53CC08D.e.4/value'
17:05:16.812 [Forwarding sendKeysToElement on session 3c24c859bb4010f492a1dab3ae2d365c to remote] DEBUG org.asynchttpclient.netty.request.NettyRequestSender -- Using open Channel [id: 0xb7365f62, L:/127.0.0.1:58643 - R:localhost/127.0.0.1:6901] for POST '/session/3c24c859bb4010f492a1dab3ae2d365c/element/f.344B67C1DC1EA5A8250EA5333C1C3F29.d.9BE4020BDFF6839FCFE54A94E53CC08D.e.4/value'
17:05:16.896 [AsyncHttpClient-1-13] DEBUG org.asynchttpclient.netty.handler.HttpHandler -- 

Request DefaultHttpRequest(decodeResult: success, version: HTTP/1.1)
POST /session/3c24c859bb4010f492a1dab3ae2d365c/element/f.344B67C1DC1EA5A8250EA5333C1C3F29.d.9BE4020BDFF6839FCFE54A94E53CC08D.e.4/value HTTP/1.1
User-Agent: selenium/4.12.0 (java windows)
Content-Length: 218
Content-Type: application/json; charset=utf-8
host: localhost:6901
accept: */*

Response DefaultHttpResponse(decodeResult: success, version: HTTP/1.1)
HTTP/1.1 200 OK
Content-Length: 14
Content-Type: application/json; charset=utf-8
cache-control: no-cache

17:05:16.896 [AsyncHttpClient-1-13] DEBUG org.asynchttpclient.netty.channel.ChannelManager -- Adding key: http://localhost:6901 for channel [id: 0xb7365f62, L:/127.0.0.1:58643 - R:localhost/127.0.0.1:6901]
17:05:16.897 [Forwarding findElement on session 3c24c859bb4010f492a1dab3ae2d365c to remote] DEBUG org.asynchttpclient.netty.request.NettyRequestSender -- Using pooled Channel '[id: 0xb7365f62, L:/127.0.0.1:58643 - R:localhost/127.0.0.1:6901]' for 'POST' to 'http://localhost:6901/session/3c24c859bb4010f492a1dab3ae2d365c/element'
17:05:16.897 [Forwarding findElement on session 3c24c859bb4010f492a1dab3ae2d365c to remote] DEBUG org.asynchttpclient.netty.request.NettyRequestSender -- Using open Channel [id: 0xb7365f62, L:/127.0.0.1:58643 - R:localhost/127.0.0.1:6901] for POST '/session/3c24c859bb4010f492a1dab3ae2d365c/element'
17:05:16.911 [AsyncHttpClient-1-13] DEBUG org.asynchttpclient.netty.handler.HttpHandler -- 

Request DefaultHttpRequest(decodeResult: success, version: HTTP/1.1)
POST /session/3c24c859bb4010f492a1dab3ae2d365c/element HTTP/1.1
User-Agent: selenium/4.12.0 (java windows)
Content-Length: 65
Content-Type: application/json; charset=utf-8
host: localhost:6901
accept: */*

Response DefaultHttpResponse(decodeResult: success, version: HTTP/1.1)
HTTP/1.1 200 OK
Content-Length: 126
Content-Type: application/json; charset=utf-8
cache-control: no-cache

17:05:16.912 [AsyncHttpClient-1-13] DEBUG org.asynchttpclient.netty.channel.ChannelManager -- Adding key: http://localhost:6901 for channel [id: 0xb7365f62, L:/127.0.0.1:58643 - R:localhost/127.0.0.1:6901]
17:05:16.913 [Forwarding clickElement on session 3c24c859bb4010f492a1dab3ae2d365c to remote] DEBUG org.asynchttpclient.netty.request.NettyRequestSender -- Using pooled Channel '[id: 0xb7365f62, L:/127.0.0.1:58643 - R:localhost/127.0.0.1:6901]' for 'POST' to 'http://localhost:6901/session/3c24c859bb4010f492a1dab3ae2d365c/element/f.344B67C1DC1EA5A8250EA5333C1C3F29.d.9BE4020BDFF6839FCFE54A94E53CC08D.e.17/click'
17:05:16.913 [Forwarding clickElement on session 3c24c859bb4010f492a1dab3ae2d365c to remote] DEBUG org.asynchttpclient.netty.request.NettyRequestSender -- Using open Channel [id: 0xb7365f62, L:/127.0.0.1:58643 - R:localhost/127.0.0.1:6901] for POST '/session/3c24c859bb4010f492a1dab3ae2d365c/element/f.344B67C1DC1EA5A8250EA5333C1C3F29.d.9BE4020BDFF6839FCFE54A94E53CC08D.e.17/click'
17:05:16.985 [AsyncHttpClient-1-13] DEBUG org.asynchttpclient.netty.handler.HttpHandler -- 

Request DefaultHttpRequest(decodeResult: success, version: HTTP/1.1)
POST /session/3c24c859bb4010f492a1dab3ae2d365c/element/f.344B67C1DC1EA5A8250EA5333C1C3F29.d.9BE4020BDFF6839FCFE54A94E53CC08D.e.17/click HTTP/1.1
User-Agent: selenium/4.12.0 (java windows)
Content-Length: 88
Content-Type: application/json; charset=utf-8
host: localhost:6901
accept: */*

Response DefaultHttpResponse(decodeResult: success, version: HTTP/1.1)
HTTP/1.1 200 OK
Content-Length: 14
Content-Type: application/json; charset=utf-8
cache-control: no-cache

17:05:16.985 [AsyncHttpClient-1-13] DEBUG org.asynchttpclient.netty.channel.ChannelManager -- Adding key: http://localhost:6901 for channel [id: 0xb7365f62, L:/127.0.0.1:58643 - R:localhost/127.0.0.1:6901]
17:05:16.986 [Forwarding findElement on session 3c24c859bb4010f492a1dab3ae2d365c to remote] DEBUG org.asynchttpclient.netty.request.NettyRequestSender -- Using pooled Channel '[id: 0xb7365f62, L:/127.0.0.1:58643 - R:localhost/127.0.0.1:6901]' for 'POST' to 'http://localhost:6901/session/3c24c859bb4010f492a1dab3ae2d365c/element'
17:05:16.986 [Forwarding findElement on session 3c24c859bb4010f492a1dab3ae2d365c to remote] DEBUG org.asynchttpclient.netty.request.NettyRequestSender -- Using open Channel [id: 0xb7365f62, L:/127.0.0.1:58643 - R:localhost/127.0.0.1:6901] for POST '/session/3c24c859bb4010f492a1dab3ae2d365c/element'
17:05:17.013 [AsyncHttpClient-1-13] DEBUG org.asynchttpclient.netty.handler.HttpHandler -- 

Request DefaultHttpRequest(decodeResult: success, version: HTTP/1.1)
POST /session/3c24c859bb4010f492a1dab3ae2d365c/element HTTP/1.1
User-Agent: selenium/4.12.0 (java windows)
Content-Length: 151
Content-Type: application/json; charset=utf-8
host: localhost:6901
accept: */*

Response DefaultHttpResponse(decodeResult: success, version: HTTP/1.1)
HTTP/1.1 404 Not Found
Content-Length: 1093
Content-Type: application/json; charset=utf-8
cache-control: no-cache

17:05:17.013 [AsyncHttpClient-1-13] DEBUG org.asynchttpclient.netty.channel.ChannelManager -- Adding key: http://localhost:6901 for channel [id: 0xb7365f62, L:/127.0.0.1:58643 - R:localhost/127.0.0.1:6901]
17:05:17.525 [Forwarding findElement on session 3c24c859bb4010f492a1dab3ae2d365c to remote] DEBUG org.asynchttpclient.netty.request.NettyRequestSender -- Using pooled Channel '[id: 0xb7365f62, L:/127.0.0.1:58643 - R:localhost/127.0.0.1:6901]' for 'POST' to 'http://localhost:6901/session/3c24c859bb4010f492a1dab3ae2d365c/element'
17:05:17.525 [Forwarding findElement on session 3c24c859bb4010f492a1dab3ae2d365c to remote] DEBUG org.asynchttpclient.netty.request.NettyRequestSender -- Using open Channel [id: 0xb7365f62, L:/127.0.0.1:58643 - R:localhost/127.0.0.1:6901] for POST '/session/3c24c859bb4010f492a1dab3ae2d365c/element'
17:05:17.546 [AsyncHttpClient-1-13] DEBUG org.asynchttpclient.netty.handler.HttpHandler -- 

Request DefaultHttpRequest(decodeResult: success, version: HTTP/1.1)
POST /session/3c24c859bb4010f492a1dab3ae2d365c/element HTTP/1.1
User-Agent: selenium/4.12.0 (java windows)
Content-Length: 151
Content-Type: application/json; charset=utf-8
host: localhost:6901
accept: */*

Response DefaultHttpResponse(decodeResult: success, version: HTTP/1.1)
HTTP/1.1 404 Not Found
Content-Length: 1093
Content-Type: application/json; charset=utf-8
cache-control: no-cache

17:05:17.546 [AsyncHttpClient-1-13] DEBUG org.asynchttpclient.netty.channel.ChannelManager -- Adding key: http://localhost:6901 for channel [id: 0xb7365f62, L:/127.0.0.1:58643 - R:localhost/127.0.0.1:6901]
17:05:17.694 [AsyncHttpClient-1-1] DEBUG org.asynchttpclient.netty.channel.DefaultChannelPool -- Entry count for : http://localhost:6901 : 1
17:05:17.694 [AsyncHttpClient-1-1] DEBUG org.asynchttpclient.netty.channel.DefaultChannelPool -- Entry count for : http://localhost:58644 : 1
17:05:18.054 [Forwarding findElement on session 3c24c859bb4010f492a1dab3ae2d365c to remote] DEBUG org.asynchttpclient.netty.request.NettyRequestSender -- Using pooled Channel '[id: 0xb7365f62, L:/127.0.0.1:58643 - R:localhost/127.0.0.1:6901]' for 'POST' to 'http://localhost:6901/session/3c24c859bb4010f492a1dab3ae2d365c/element'
17:05:18.054 [Forwarding findElement on session 3c24c859bb4010f492a1dab3ae2d365c to remote] DEBUG org.asynchttpclient.netty.request.NettyRequestSender -- Using open Channel [id: 0xb7365f62, L:/127.0.0.1:58643 - R:localhost/127.0.0.1:6901] for POST '/session/3c24c859bb4010f492a1dab3ae2d365c/element'
17:05:18.080 [AsyncHttpClient-1-13] DEBUG org.asynchttpclient.netty.handler.HttpHandler -- 

Request DefaultHttpRequest(decodeResult: success, version: HTTP/1.1)
POST /session/3c24c859bb4010f492a1dab3ae2d365c/element HTTP/1.1
User-Agent: selenium/4.12.0 (java windows)
Content-Length: 151
Content-Type: application/json; charset=utf-8
host: localhost:6901
accept: */*

Response DefaultHttpResponse(decodeResult: success, version: HTTP/1.1)
HTTP/1.1 404 Not Found
Content-Length: 1093
Content-Type: application/json; charset=utf-8
cache-control: no-cache

17:05:18.080 [AsyncHttpClient-1-13] DEBUG org.asynchttpclient.netty.channel.ChannelManager -- Adding key: http://localhost:6901 for channel [id: 0xb7365f62, L:/127.0.0.1:58643 - R:localhost/127.0.0.1:6901]
17:05:18.583 [Forwarding findElement on session 3c24c859bb4010f492a1dab3ae2d365c to remote] DEBUG org.asynchttpclient.netty.request.NettyRequestSender -- Using pooled Channel '[id: 0xb7365f62, L:/127.0.0.1:58643 - R:localhost/127.0.0.1:6901]' for 'POST' to 'http://localhost:6901/session/3c24c859bb4010f492a1dab3ae2d365c/element'
17:05:18.583 [Forwarding findElement on session 3c24c859bb4010f492a1dab3ae2d365c to remote] DEBUG org.asynchttpclient.netty.request.NettyRequestSender -- Using open Channel [id: 0xb7365f62, L:/127.0.0.1:58643 - R:localhost/127.0.0.1:6901] for POST '/session/3c24c859bb4010f492a1dab3ae2d365c/element'
17:05:18.603 [AsyncHttpClient-1-13] DEBUG org.asynchttpclient.netty.handler.HttpHandler -- 

Request DefaultHttpRequest(decodeResult: success, version: HTTP/1.1)
POST /session/3c24c859bb4010f492a1dab3ae2d365c/element HTTP/1.1
User-Agent: selenium/4.12.0 (java windows)
Content-Length: 151
Content-Type: application/json; charset=utf-8
host: localhost:6901
accept: */*

Response DefaultHttpResponse(decodeResult: success, version: HTTP/1.1)
HTTP/1.1 200 OK
Content-Length: 126
Content-Type: application/json; charset=utf-8
cache-control: no-cache

17:05:18.603 [AsyncHttpClient-1-13] DEBUG org.asynchttpclient.netty.channel.ChannelManager -- Adding key: http://localhost:6901 for channel [id: 0xb7365f62, L:/127.0.0.1:58643 - R:localhost/127.0.0.1:6901]
17:05:18.604 [Forwarding findElement on session 3c24c859bb4010f492a1dab3ae2d365c to remote] DEBUG org.asynchttpclient.netty.request.NettyRequestSender -- Using pooled Channel '[id: 0xb7365f62, L:/127.0.0.1:58643 - R:localhost/127.0.0.1:6901]' for 'POST' to 'http://localhost:6901/session/3c24c859bb4010f492a1dab3ae2d365c/element'
17:05:18.604 [Forwarding findElement on session 3c24c859bb4010f492a1dab3ae2d365c to remote] DEBUG org.asynchttpclient.netty.request.NettyRequestSender -- Using open Channel [id: 0xb7365f62, L:/127.0.0.1:58643 - R:localhost/127.0.0.1:6901] for POST '/session/3c24c859bb4010f492a1dab3ae2d365c/element'
17:05:18.624 [AsyncHttpClient-1-13] DEBUG org.asynchttpclient.netty.handler.HttpHandler -- 

Request DefaultHttpRequest(decodeResult: success, version: HTTP/1.1)
POST /session/3c24c859bb4010f492a1dab3ae2d365c/element HTTP/1.1
User-Agent: selenium/4.12.0 (java windows)
Content-Length: 151
Content-Type: application/json; charset=utf-8
host: localhost:6901
accept: */*

Response DefaultHttpResponse(decodeResult: success, version: HTTP/1.1)
HTTP/1.1 200 OK
Content-Length: 126
Content-Type: application/json; charset=utf-8
cache-control: no-cache

17:05:18.625 [AsyncHttpClient-1-13] DEBUG org.asynchttpclient.netty.channel.ChannelManager -- Adding key: http://localhost:6901 for channel [id: 0xb7365f62, L:/127.0.0.1:58643 - R:localhost/127.0.0.1:6901]
17:05:18.627 [Forwarding isElementDisplayed on session 3c24c859bb4010f492a1dab3ae2d365c to remote] DEBUG org.asynchttpclient.netty.request.NettyRequestSender -- Using pooled Channel '[id: 0xb7365f62, L:/127.0.0.1:58643 - R:localhost/127.0.0.1:6901]' for 'POST' to 'http://localhost:6901/session/3c24c859bb4010f492a1dab3ae2d365c/execute/sync'
17:05:18.627 [Forwarding isElementDisplayed on session 3c24c859bb4010f492a1dab3ae2d365c to remote] DEBUG org.asynchttpclient.netty.request.NettyRequestSender -- Using open Channel [id: 0xb7365f62, L:/127.0.0.1:58643 - R:localhost/127.0.0.1:6901] for POST '/session/3c24c859bb4010f492a1dab3ae2d365c/execute/sync'
17:05:18.668 [AsyncHttpClient-1-13] DEBUG org.asynchttpclient.netty.handler.HttpHandler -- 

Request DefaultHttpRequest(decodeResult: success, version: HTTP/1.1)
POST /session/3c24c859bb4010f492a1dab3ae2d365c/execute/sync HTTP/1.1
User-Agent: selenium/4.12.0 (java windows)
Content-Length: 48734
Content-Type: application/json; charset=utf-8
host: localhost:6901
accept: */*

Response DefaultHttpResponse(decodeResult: success, version: HTTP/1.1)
HTTP/1.1 200 OK
Content-Length: 14
Content-Type: application/json; charset=utf-8
cache-control: no-cache

17:05:18.668 [AsyncHttpClient-1-13] DEBUG org.asynchttpclient.netty.channel.ChannelManager -- Adding key: http://localhost:6901 for channel [id: 0xb7365f62, L:/127.0.0.1:58643 - R:localhost/127.0.0.1:6901]
17:05:18.670 [Forwarding findElement on session 3c24c859bb4010f492a1dab3ae2d365c to remote] DEBUG org.asynchttpclient.netty.request.NettyRequestSender -- Using pooled Channel '[id: 0xb7365f62, L:/127.0.0.1:58643 - R:localhost/127.0.0.1:6901]' for 'POST' to 'http://localhost:6901/session/3c24c859bb4010f492a1dab3ae2d365c/element'
17:05:18.670 [Forwarding findElement on session 3c24c859bb4010f492a1dab3ae2d365c to remote] DEBUG org.asynchttpclient.netty.request.NettyRequestSender -- Using open Channel [id: 0xb7365f62, L:/127.0.0.1:58643 - R:localhost/127.0.0.1:6901] for POST '/session/3c24c859bb4010f492a1dab3ae2d365c/element'
17:05:18.711 [AsyncHttpClient-1-13] DEBUG org.asynchttpclient.netty.handler.HttpHandler -- 

Request DefaultHttpRequest(decodeResult: success, version: HTTP/1.1)
POST /session/3c24c859bb4010f492a1dab3ae2d365c/element HTTP/1.1
User-Agent: selenium/4.12.0 (java windows)
Content-Length: 48
Content-Type: application/json; charset=utf-8
host: localhost:6901
accept: */*

Response DefaultHttpResponse(decodeResult: success, version: HTTP/1.1)
HTTP/1.1 200 OK
Content-Length: 126
Content-Type: application/json; charset=utf-8
cache-control: no-cache

17:05:18.712 [AsyncHttpClient-1-13] DEBUG org.asynchttpclient.netty.channel.ChannelManager -- Adding key: http://localhost:6901 for channel [id: 0xb7365f62, L:/127.0.0.1:58643 - R:localhost/127.0.0.1:6901]
17:05:18.713 [Forwarding clickElement on session 3c24c859bb4010f492a1dab3ae2d365c to remote] DEBUG org.asynchttpclient.netty.request.NettyRequestSender -- Using pooled Channel '[id: 0xb7365f62, L:/127.0.0.1:58643 - R:localhost/127.0.0.1:6901]' for 'POST' to 'http://localhost:6901/session/3c24c859bb4010f492a1dab3ae2d365c/element/f.344B67C1DC1EA5A8250EA5333C1C3F29.d.9BE4020BDFF6839FCFE54A94E53CC08D.e.29/click'
17:05:18.713 [Forwarding clickElement on session 3c24c859bb4010f492a1dab3ae2d365c to remote] DEBUG org.asynchttpclient.netty.request.NettyRequestSender -- Using open Channel [id: 0xb7365f62, L:/127.0.0.1:58643 - R:localhost/127.0.0.1:6901] for POST '/session/3c24c859bb4010f492a1dab3ae2d365c/element/f.344B67C1DC1EA5A8250EA5333C1C3F29.d.9BE4020BDFF6839FCFE54A94E53CC08D.e.29/click'
17:05:18.790 [AsyncHttpClient-1-1] DEBUG org.asynchttpclient.netty.channel.DefaultChannelPool -- Entry count for : http://localhost:58644 : 1
17:05:18.928 [AsyncHttpClient-1-13] DEBUG org.asynchttpclient.netty.handler.HttpHandler -- 

Request DefaultHttpRequest(decodeResult: success, version: HTTP/1.1)
POST /session/3c24c859bb4010f492a1dab3ae2d365c/element/f.344B67C1DC1EA5A8250EA5333C1C3F29.d.9BE4020BDFF6839FCFE54A94E53CC08D.e.29/click HTTP/1.1
User-Agent: selenium/4.12.0 (java windows)
Content-Length: 88
Content-Type: application/json; charset=utf-8
host: localhost:6901
accept: */*

Response DefaultHttpResponse(decodeResult: success, version: HTTP/1.1)
HTTP/1.1 200 OK
Content-Length: 14
Content-Type: application/json; charset=utf-8
cache-control: no-cache

17:05:18.928 [AsyncHttpClient-1-13] DEBUG org.asynchttpclient.netty.channel.ChannelManager -- Adding key: http://localhost:6901 for channel [id: 0xb7365f62, L:/127.0.0.1:58643 - R:localhost/127.0.0.1:6901]
17:05:18.930 [Forwarding getPageSource on session 3c24c859bb4010f492a1dab3ae2d365c to remote] DEBUG org.asynchttpclient.netty.request.NettyRequestSender -- Using pooled Channel '[id: 0xb7365f62, L:/127.0.0.1:58643 - R:localhost/127.0.0.1:6901]' for 'POST' to 'http://localhost:6901/session/3c24c859bb4010f492a1dab3ae2d365c/execute/sync'
17:05:18.930 [Forwarding getPageSource on session 3c24c859bb4010f492a1dab3ae2d365c to remote] DEBUG org.asynchttpclient.netty.request.NettyRequestSender -- Using open Channel [id: 0xb7365f62, L:/127.0.0.1:58643 - R:localhost/127.0.0.1:6901] for POST '/session/3c24c859bb4010f492a1dab3ae2d365c/execute/sync'
17:05:18.948 [AsyncHttpClient-1-13] DEBUG org.asynchttpclient.netty.handler.HttpHandler -- 

Request DefaultHttpRequest(decodeResult: success, version: HTTP/1.1)
POST /session/3c24c859bb4010f492a1dab3ae2d365c/execute/sync HTTP/1.1
User-Agent: selenium/4.12.0 (java windows)
Content-Length: 176
Content-Type: application/json; charset=utf-8
host: localhost:6901
accept: */*

Response DefaultHttpResponse(decodeResult: success, version: HTTP/1.1)
HTTP/1.1 200 OK
Content-Length: 3968
Content-Type: application/json; charset=utf-8
cache-control: no-cache

17:05:18.948 [AsyncHttpClient-1-13] DEBUG org.asynchttpclient.netty.channel.ChannelManager -- Adding key: http://localhost:6901 for channel [id: 0xb7365f62, L:/127.0.0.1:58643 - R:localhost/127.0.0.1:6901]
]]></system-out>
    <system-err><![CDATA[Jan 03, 2025 5:05:14 PM org.openqa.selenium.devtools.CdpVersionFinder findNearestMatch
WARNING: Unable to find CDP implementation matching 131
Jan 03, 2025 5:05:14 PM org.openqa.selenium.chromium.ChromiumDriver lambda$new$5
WARNING: Unable to find version of CDP to use for 131.0.6778.205. You may need to include a dependency on a specific version of the CDP using something similar to `org.seleniumhq.selenium:selenium-devtools-v86:4.12.0` where the version ("v86") matches the version of the chromium-based browser you're using and the version number of the artifact is the same as Selenium's.
]]></system-err>
  </testcase>
  <testcase name="testResponsiveUI" classname="UITestCases.BuggyCarsUITests" time="0.789">
    <system-out><![CDATA[17:05:18.954 [Driver Command Executor] DEBUG org.asynchttpclient.netty.request.NettyRequestSender -- Using pooled Channel '[id: 0xb7365f62, L:/127.0.0.1:58643 - R:localhost/127.0.0.1:6901]' for 'DELETE' to 'http://localhost:6901/session/3c24c859bb4010f492a1dab3ae2d365c'
17:05:18.954 [Driver Command Executor] DEBUG org.asynchttpclient.netty.request.NettyRequestSender -- Using open Channel [id: 0xb7365f62, L:/127.0.0.1:58643 - R:localhost/127.0.0.1:6901] for DELETE '/session/3c24c859bb4010f492a1dab3ae2d365c'
17:05:18.954 [AsyncHttpClient-1-15] DEBUG org.asynchttpclient.netty.handler.WebSocketHandler -- Channel Closed: [id: 0x2ccd6d48, L:/127.0.0.1:58651 ! R:localhost/127.0.0.1:58644] with attribute DISCARD
17:05:19.049 [AsyncHttpClient-1-14] DEBUG org.asynchttpclient.netty.handler.HttpHandler -- Unexpected I/O exception on channel [id: 0xc47305dc, L:/127.0.0.1:58650 - R:localhost/127.0.0.1:58644]
java.net.SocketException: Connection reset
	at java.base/sun.nio.ch.SocketChannelImpl.throwConnectionReset(SocketChannelImpl.java:394)
	at java.base/sun.nio.ch.SocketChannelImpl.read(SocketChannelImpl.java:426)
	at io.netty.buffer.PooledByteBuf.setBytes(PooledByteBuf.java:254)
	at io.netty.buffer.AbstractByteBuf.writeBytes(AbstractByteBuf.java:1132)
	at io.netty.channel.socket.nio.NioSocketChannel.doReadBytes(NioSocketChannel.java:357)
	at io.netty.channel.nio.AbstractNioByteChannel$NioByteUnsafe.read(AbstractNioByteChannel.java:151)
	at io.netty.channel.nio.NioEventLoop.processSelectedKey(NioEventLoop.java:788)
	at io.netty.channel.nio.NioEventLoop.processSelectedKeysOptimized(NioEventLoop.java:724)
	at io.netty.channel.nio.NioEventLoop.processSelectedKeys(NioEventLoop.java:650)
	at io.netty.channel.nio.NioEventLoop.run(NioEventLoop.java:562)
	at io.netty.util.concurrent.SingleThreadEventExecutor$4.run(SingleThreadEventExecutor.java:997)
	at io.netty.util.internal.ThreadExecutorMap$2.run(ThreadExecutorMap.java:74)
	at io.netty.util.concurrent.FastThreadLocalRunnable.run(FastThreadLocalRunnable.java:30)
	at java.base/java.lang.Thread.run(Thread.java:842)
17:05:19.049 [AsyncHttpClient-1-14] DEBUG org.asynchttpclient.netty.channel.ChannelManager -- Closing Channel [id: 0xc47305dc, L:/127.0.0.1:58650 - R:localhost/127.0.0.1:58644] 
17:05:19.050 [AsyncHttpClient-1-14] DEBUG org.asynchttpclient.netty.handler.HttpHandler -- Channel Closed: [id: 0xc47305dc, L:/127.0.0.1:58650 ! R:localhost/127.0.0.1:58644] with attribute DISCARD
17:05:19.077 [AsyncHttpClient-1-13] DEBUG org.asynchttpclient.netty.handler.HttpHandler -- 

Request DefaultFullHttpRequest(decodeResult: success, version: HTTP/1.1, content: EmptyByteBufBE)
DELETE /session/3c24c859bb4010f492a1dab3ae2d365c HTTP/1.1
User-Agent: selenium/4.12.0 (java windows)
Content-Type: application/json; charset=utf-8
host: localhost:6901
accept: */*

Response DefaultHttpResponse(decodeResult: success, version: HTTP/1.1)
HTTP/1.1 200 OK
Content-Length: 14
Content-Type: application/json; charset=utf-8
cache-control: no-cache

17:05:19.077 [AsyncHttpClient-1-13] DEBUG org.asynchttpclient.netty.channel.ChannelManager -- Adding key: http://localhost:6901 for channel [id: 0xb7365f62, L:/127.0.0.1:58643 - R:localhost/127.0.0.1:6901]
17:05:19.164 [AsyncHttpClient-1-13] DEBUG org.asynchttpclient.netty.handler.HttpHandler -- Channel Closed: [id: 0xb7365f62, L:/127.0.0.1:58643 ! R:localhost/127.0.0.1:6901] with attribute DISCARD
17:05:19.208 [main] DEBUG io.github.bonigarcia.wdm.WebDriverManager -- Using WebDriverManager 5.5.3
17:05:19.214 [main] DEBUG io.github.bonigarcia.wdm.cache.ResolutionCache -- Resolution chrome=131 in cache (valid until 17:53:13 03/01/2025 IST)
17:05:19.215 [main] DEBUG io.github.bonigarcia.wdm.cache.ResolutionCache -- Resolution chrome131=131.0.6778.204 in cache (valid until 16:53:13 04/01/2025 IST)
17:05:19.215 [main] INFO io.github.bonigarcia.wdm.WebDriverManager -- Using chromedriver 131.0.6778.204 (resolved driver for Chrome 131)
17:05:19.218 [main] DEBUG io.github.bonigarcia.wdm.WebDriverManager -- Driver chromedriver 131.0.6778.204 found in cache
17:05:19.219 [main] INFO io.github.bonigarcia.wdm.WebDriverManager -- Exporting webdriver.chrome.driver as C:\Users\sasitharan\.cache\selenium\chromedriver\win64\131.0.6778.204\chromedriver.exe
17:05:19.336 [AsyncHttpClient-1-16] DEBUG org.asynchttpclient.netty.channel.NettyConnectListener -- Using new Channel '[id: 0xf5274782, L:/127.0.0.1:58668 - R:localhost/127.0.0.1:43499]' for 'POST' to '/session'
17:05:19.889 [AsyncHttpClient-1-1] DEBUG org.asynchttpclient.netty.channel.DefaultChannelPool -- Entry count for : http://localhost:6901 : 1
17:05:19.889 [AsyncHttpClient-1-1] DEBUG org.asynchttpclient.netty.channel.DefaultChannelPool -- Entry count for : http://localhost:58644 : 1
17:05:19.889 [AsyncHttpClient-1-1] DEBUG org.asynchttpclient.netty.channel.DefaultChannelPool -- Adding Candidate expired Channel [id: 0xb7365f62, L:/127.0.0.1:58643 ! R:localhost/127.0.0.1:6901] isIdleTimeoutExpired=false isRemotelyClosed=true isTtlExpired=false
17:05:19.889 [AsyncHttpClient-1-1] DEBUG org.asynchttpclient.netty.channel.DefaultChannelPool -- Closing Idle Channel [id: 0xb7365f62, L:/127.0.0.1:58643 ! R:localhost/127.0.0.1:6901]
17:05:19.889 [AsyncHttpClient-1-1] DEBUG org.asynchttpclient.netty.channel.DefaultChannelPool -- Adding Candidate expired Channel [id: 0xc47305dc, L:/127.0.0.1:58650 ! R:localhost/127.0.0.1:58644] isIdleTimeoutExpired=false isRemotelyClosed=true isTtlExpired=false
17:05:19.889 [AsyncHttpClient-1-1] DEBUG org.asynchttpclient.netty.channel.DefaultChannelPool -- Closing Idle Channel [id: 0xc47305dc, L:/127.0.0.1:58650 ! R:localhost/127.0.0.1:58644]
17:05:19.889 [AsyncHttpClient-1-1] DEBUG org.asynchttpclient.netty.channel.DefaultChannelPool -- Closed 2 connections out of 2 in 0 ms
17:05:20.473 [AsyncHttpClient-1-16] DEBUG org.asynchttpclient.netty.handler.HttpHandler -- 

Request DefaultHttpRequest(decodeResult: success, version: HTTP/1.1)
POST /session HTTP/1.1
User-Agent: selenium/4.12.0 (java windows)
Content-Length: 254
Content-Type: application/json; charset=utf-8
host: localhost:43499
accept: */*

Response DefaultHttpResponse(decodeResult: success, version: HTTP/1.1)
HTTP/1.1 200 OK
Content-Length: 888
Content-Type: application/json; charset=utf-8
cache-control: no-cache

17:05:20.473 [AsyncHttpClient-1-16] DEBUG org.asynchttpclient.netty.channel.ChannelManager -- Adding key: http://localhost:43499 for channel [id: 0xf5274782, L:/127.0.0.1:58668 - R:localhost/127.0.0.1:43499]
17:05:20.479 [AsyncHttpClient-1-17] DEBUG org.asynchttpclient.netty.channel.NettyConnectListener -- Using new Channel '[id: 0x9826f099, L:/127.0.0.1:58676 - R:localhost/127.0.0.1:58670]' for 'GET' to '/json/version'
17:05:20.480 [AsyncHttpClient-1-17] DEBUG org.asynchttpclient.netty.handler.HttpHandler -- 

Request DefaultFullHttpRequest(decodeResult: success, version: HTTP/1.1, content: EmptyByteBufBE)
GET /json/version HTTP/1.1
User-Agent: selenium/4.12.0 (java windows)
host: localhost:58670
accept: */*

Response DefaultHttpResponse(decodeResult: success, version: HTTP/1.1)
HTTP/1.1 200 OK
Content-Security-Policy: frame-ancestors 'none'
Content-Length: 424
Content-Type: application/json; charset=UTF-8

17:05:20.480 [AsyncHttpClient-1-17] DEBUG org.asynchttpclient.netty.channel.ChannelManager -- Adding key: http://localhost:58670 for channel [id: 0x9826f099, L:/127.0.0.1:58676 - R:localhost/127.0.0.1:58670]
17:05:20.482 [AsyncHttpClient-1-2] DEBUG org.asynchttpclient.netty.channel.NettyConnectListener -- Using new Channel '[id: 0x65e9ef7c, L:/127.0.0.1:58677 - R:localhost/127.0.0.1:58670]' for 'GET' to '/devtools/browser/ded1d7b5-cb7a-4957-9bcf-6d90567882d1'
17:05:20.483 [AsyncHttpClient-1-2] DEBUG org.asynchttpclient.netty.handler.WebSocketHandler -- 

Request DefaultFullHttpRequest(decodeResult: success, version: HTTP/1.1, content: EmptyByteBufBE)
GET /devtools/browser/ded1d7b5-cb7a-4957-9bcf-6d90567882d1 HTTP/1.1
upgrade: websocket
connection: upgrade
sec-websocket-key: 87yveBi6SEmhI7gc1L67WQ==
sec-websocket-version: 13
origin: http://localhost:58670
host: localhost:58670
accept: */*
user-agent: AHC/2.1

Response DefaultHttpResponse(decodeResult: success, version: HTTP/1.1)
HTTP/1.1 101 WebSocket Protocol Handshake
Upgrade: WebSocket
Connection: Upgrade
Sec-WebSocket-Accept: KJE3i4UClXOZhQq6gmhuLcVAM7A=

17:05:20.485 [Forwarding maximizeCurrentWindow on session 0da1a1bb45e21244cdd470db52cf4b70 to remote] DEBUG org.asynchttpclient.netty.request.NettyRequestSender -- Using pooled Channel '[id: 0xf5274782, L:/127.0.0.1:58668 - R:localhost/127.0.0.1:43499]' for 'POST' to 'http://localhost:43499/session/0da1a1bb45e21244cdd470db52cf4b70/window/maximize'
17:05:20.485 [Forwarding maximizeCurrentWindow on session 0da1a1bb45e21244cdd470db52cf4b70 to remote] DEBUG org.asynchttpclient.netty.request.NettyRequestSender -- Using open Channel [id: 0xf5274782, L:/127.0.0.1:58668 - R:localhost/127.0.0.1:43499] for POST '/session/0da1a1bb45e21244cdd470db52cf4b70/window/maximize'
17:05:20.527 [AsyncHttpClient-1-16] DEBUG org.asynchttpclient.netty.handler.HttpHandler -- 

Request DefaultHttpRequest(decodeResult: success, version: HTTP/1.1)
POST /session/0da1a1bb45e21244cdd470db52cf4b70/window/maximize HTTP/1.1
User-Agent: selenium/4.12.0 (java windows)
Content-Length: 3
Content-Type: application/json; charset=utf-8
host: localhost:43499
accept: */*

Response DefaultHttpResponse(decodeResult: success, version: HTTP/1.1)
HTTP/1.1 200 OK
Content-Length: 51
Content-Type: application/json; charset=utf-8
cache-control: no-cache

17:05:20.527 [AsyncHttpClient-1-16] DEBUG org.asynchttpclient.netty.channel.ChannelManager -- Adding key: http://localhost:43499 for channel [id: 0xf5274782, L:/127.0.0.1:58668 - R:localhost/127.0.0.1:43499]
17:05:20.529 [Forwarding get on session 0da1a1bb45e21244cdd470db52cf4b70 to remote] DEBUG org.asynchttpclient.netty.request.NettyRequestSender -- Using pooled Channel '[id: 0xf5274782, L:/127.0.0.1:58668 - R:localhost/127.0.0.1:43499]' for 'POST' to 'http://localhost:43499/session/0da1a1bb45e21244cdd470db52cf4b70/url'
17:05:20.529 [Forwarding get on session 0da1a1bb45e21244cdd470db52cf4b70 to remote] DEBUG org.asynchttpclient.netty.request.NettyRequestSender -- Using open Channel [id: 0xf5274782, L:/127.0.0.1:58668 - R:localhost/127.0.0.1:43499] for POST '/session/0da1a1bb45e21244cdd470db52cf4b70/url'
17:05:20.991 [AsyncHttpClient-1-1] DEBUG org.asynchttpclient.netty.channel.DefaultChannelPool -- Entry count for : http://localhost:58670 : 1
17:05:21.901 [AsyncHttpClient-1-16] DEBUG org.asynchttpclient.netty.handler.HttpHandler -- 

Request DefaultHttpRequest(decodeResult: success, version: HTTP/1.1)
POST /session/0da1a1bb45e21244cdd470db52cf4b70/url HTTP/1.1
User-Agent: selenium/4.12.0 (java windows)
Content-Length: 58
Content-Type: application/json; charset=utf-8
host: localhost:43499
accept: */*

Response DefaultHttpResponse(decodeResult: success, version: HTTP/1.1)
HTTP/1.1 200 OK
Content-Length: 14
Content-Type: application/json; charset=utf-8
cache-control: no-cache

17:05:21.901 [AsyncHttpClient-1-16] DEBUG org.asynchttpclient.netty.channel.ChannelManager -- Adding key: http://localhost:43499 for channel [id: 0xf5274782, L:/127.0.0.1:58668 - R:localhost/127.0.0.1:43499]
17:05:21.906 [Forwarding setCurrentWindowSize on session 0da1a1bb45e21244cdd470db52cf4b70 to remote] DEBUG org.asynchttpclient.netty.request.NettyRequestSender -- Using pooled Channel '[id: 0xf5274782, L:/127.0.0.1:58668 - R:localhost/127.0.0.1:43499]' for 'POST' to 'http://localhost:43499/session/0da1a1bb45e21244cdd470db52cf4b70/window/rect'
17:05:21.906 [Forwarding setCurrentWindowSize on session 0da1a1bb45e21244cdd470db52cf4b70 to remote] DEBUG org.asynchttpclient.netty.request.NettyRequestSender -- Using open Channel [id: 0xf5274782, L:/127.0.0.1:58668 - R:localhost/127.0.0.1:43499] for POST '/session/0da1a1bb45e21244cdd470db52cf4b70/window/rect'
17:05:22.090 [AsyncHttpClient-1-1] DEBUG org.asynchttpclient.netty.channel.DefaultChannelPool -- Entry count for : http://localhost:58670 : 1
17:05:22.293 [AsyncHttpClient-1-16] DEBUG org.asynchttpclient.netty.handler.HttpHandler -- 

Request DefaultHttpRequest(decodeResult: success, version: HTTP/1.1)
POST /session/0da1a1bb45e21244cdd470db52cf4b70/window/rect HTTP/1.1
User-Agent: selenium/4.12.0 (java windows)
Content-Length: 36
Content-Type: application/json; charset=utf-8
host: localhost:43499
accept: */*

Response DefaultHttpResponse(decodeResult: success, version: HTTP/1.1)
HTTP/1.1 200 OK
Content-Length: 51
Content-Type: application/json; charset=utf-8
cache-control: no-cache

17:05:22.293 [AsyncHttpClient-1-16] DEBUG org.asynchttpclient.netty.channel.ChannelManager -- Adding key: http://localhost:43499 for channel [id: 0xf5274782, L:/127.0.0.1:58668 - R:localhost/127.0.0.1:43499]
17:05:22.294 [Forwarding getPageSource on session 0da1a1bb45e21244cdd470db52cf4b70 to remote] DEBUG org.asynchttpclient.netty.request.NettyRequestSender -- Using pooled Channel '[id: 0xf5274782, L:/127.0.0.1:58668 - R:localhost/127.0.0.1:43499]' for 'POST' to 'http://localhost:43499/session/0da1a1bb45e21244cdd470db52cf4b70/execute/sync'
17:05:22.294 [Forwarding getPageSource on session 0da1a1bb45e21244cdd470db52cf4b70 to remote] DEBUG org.asynchttpclient.netty.request.NettyRequestSender -- Using open Channel [id: 0xf5274782, L:/127.0.0.1:58668 - R:localhost/127.0.0.1:43499] for POST '/session/0da1a1bb45e21244cdd470db52cf4b70/execute/sync'
17:05:22.304 [AsyncHttpClient-1-16] DEBUG org.asynchttpclient.netty.handler.HttpHandler -- 

Request DefaultHttpRequest(decodeResult: success, version: HTTP/1.1)
POST /session/0da1a1bb45e21244cdd470db52cf4b70/execute/sync HTTP/1.1
User-Agent: selenium/4.12.0 (java windows)
Content-Length: 176
Content-Type: application/json; charset=utf-8
host: localhost:43499
accept: */*

Response DefaultHttpResponse(decodeResult: success, version: HTTP/1.1)
HTTP/1.1 200 OK
Content-Length: 4159
Content-Type: application/json; charset=utf-8
cache-control: no-cache

17:05:22.304 [AsyncHttpClient-1-16] DEBUG org.asynchttpclient.netty.channel.ChannelManager -- Adding key: http://localhost:43499 for channel [id: 0xf5274782, L:/127.0.0.1:58668 - R:localhost/127.0.0.1:43499]
17:05:22.305 [Forwarding setCurrentWindowSize on session 0da1a1bb45e21244cdd470db52cf4b70 to remote] DEBUG org.asynchttpclient.netty.request.NettyRequestSender -- Using pooled Channel '[id: 0xf5274782, L:/127.0.0.1:58668 - R:localhost/127.0.0.1:43499]' for 'POST' to 'http://localhost:43499/session/0da1a1bb45e21244cdd470db52cf4b70/window/rect'
17:05:22.305 [Forwarding setCurrentWindowSize on session 0da1a1bb45e21244cdd470db52cf4b70 to remote] DEBUG org.asynchttpclient.netty.request.NettyRequestSender -- Using open Channel [id: 0xf5274782, L:/127.0.0.1:58668 - R:localhost/127.0.0.1:43499] for POST '/session/0da1a1bb45e21244cdd470db52cf4b70/window/rect'
17:05:22.682 [AsyncHttpClient-1-16] DEBUG org.asynchttpclient.netty.handler.HttpHandler -- 

Request DefaultHttpRequest(decodeResult: success, version: HTTP/1.1)
POST /session/0da1a1bb45e21244cdd470db52cf4b70/window/rect HTTP/1.1
User-Agent: selenium/4.12.0 (java windows)
Content-Length: 35
Content-Type: application/json; charset=utf-8
host: localhost:43499
accept: */*

Response DefaultHttpResponse(decodeResult: success, version: HTTP/1.1)
HTTP/1.1 200 OK
Content-Length: 50
Content-Type: application/json; charset=utf-8
cache-control: no-cache

17:05:22.682 [AsyncHttpClient-1-16] DEBUG org.asynchttpclient.netty.channel.ChannelManager -- Adding key: http://localhost:43499 for channel [id: 0xf5274782, L:/127.0.0.1:58668 - R:localhost/127.0.0.1:43499]
17:05:22.682 [Forwarding getPageSource on session 0da1a1bb45e21244cdd470db52cf4b70 to remote] DEBUG org.asynchttpclient.netty.request.NettyRequestSender -- Using pooled Channel '[id: 0xf5274782, L:/127.0.0.1:58668 - R:localhost/127.0.0.1:43499]' for 'POST' to 'http://localhost:43499/session/0da1a1bb45e21244cdd470db52cf4b70/execute/sync'
17:05:22.682 [Forwarding getPageSource on session 0da1a1bb45e21244cdd470db52cf4b70 to remote] DEBUG org.asynchttpclient.netty.request.NettyRequestSender -- Using open Channel [id: 0xf5274782, L:/127.0.0.1:58668 - R:localhost/127.0.0.1:43499] for POST '/session/0da1a1bb45e21244cdd470db52cf4b70/execute/sync'
17:05:22.690 [AsyncHttpClient-1-16] DEBUG org.asynchttpclient.netty.handler.HttpHandler -- 

Request DefaultHttpRequest(decodeResult: success, version: HTTP/1.1)
POST /session/0da1a1bb45e21244cdd470db52cf4b70/execute/sync HTTP/1.1
User-Agent: selenium/4.12.0 (java windows)
Content-Length: 176
Content-Type: application/json; charset=utf-8
host: localhost:43499
accept: */*

Response DefaultHttpResponse(decodeResult: success, version: HTTP/1.1)
HTTP/1.1 200 OK
Content-Length: 6124
Content-Type: application/json; charset=utf-8
cache-control: no-cache

17:05:22.690 [AsyncHttpClient-1-16] DEBUG org.asynchttpclient.netty.channel.ChannelManager -- Adding key: http://localhost:43499 for channel [id: 0xf5274782, L:/127.0.0.1:58668 - R:localhost/127.0.0.1:43499]
]]></system-out>
    <system-err><![CDATA[Jan 03, 2025 5:05:20 PM org.openqa.selenium.devtools.CdpVersionFinder findNearestMatch
WARNING: Unable to find CDP implementation matching 131
Jan 03, 2025 5:05:20 PM org.openqa.selenium.chromium.ChromiumDriver lambda$new$5
WARNING: Unable to find version of CDP to use for 131.0.6778.205. You may need to include a dependency on a specific version of the CDP using something similar to `org.seleniumhq.selenium:selenium-devtools-v86:4.12.0` where the version ("v86") matches the version of the chromium-based browser you're using and the version number of the artifact is the same as Selenium's.
]]></system-err>
  </testcase>
  <testcase name="testSuccessfulRegistration" classname="UITestCases.BuggyCarsUITests" time="2.222">
    <system-out><![CDATA[17:05:22.694 [AsyncHttpClient-1-2] DEBUG org.asynchttpclient.netty.handler.WebSocketHandler -- Channel Closed: [id: 0x65e9ef7c, L:/127.0.0.1:58677 ! R:localhost/127.0.0.1:58670] with attribute DISCARD
17:05:22.694 [Driver Command Executor] DEBUG org.asynchttpclient.netty.request.NettyRequestSender -- Using pooled Channel '[id: 0xf5274782, L:/127.0.0.1:58668 - R:localhost/127.0.0.1:43499]' for 'DELETE' to 'http://localhost:43499/session/0da1a1bb45e21244cdd470db52cf4b70'
17:05:22.695 [Driver Command Executor] DEBUG org.asynchttpclient.netty.request.NettyRequestSender -- Using open Channel [id: 0xf5274782, L:/127.0.0.1:58668 - R:localhost/127.0.0.1:43499] for DELETE '/session/0da1a1bb45e21244cdd470db52cf4b70'
17:05:22.733 [AsyncHttpClient-1-17] DEBUG org.asynchttpclient.netty.handler.HttpHandler -- Unexpected I/O exception on channel [id: 0x9826f099, L:/127.0.0.1:58676 - R:localhost/127.0.0.1:58670]
java.net.SocketException: Connection reset
	at java.base/sun.nio.ch.SocketChannelImpl.throwConnectionReset(SocketChannelImpl.java:394)
	at java.base/sun.nio.ch.SocketChannelImpl.read(SocketChannelImpl.java:426)
	at io.netty.buffer.PooledByteBuf.setBytes(PooledByteBuf.java:254)
	at io.netty.buffer.AbstractByteBuf.writeBytes(AbstractByteBuf.java:1132)
	at io.netty.channel.socket.nio.NioSocketChannel.doReadBytes(NioSocketChannel.java:357)
	at io.netty.channel.nio.AbstractNioByteChannel$NioByteUnsafe.read(AbstractNioByteChannel.java:151)
	at io.netty.channel.nio.NioEventLoop.processSelectedKey(NioEventLoop.java:788)
	at io.netty.channel.nio.NioEventLoop.processSelectedKeysOptimized(NioEventLoop.java:724)
	at io.netty.channel.nio.NioEventLoop.processSelectedKeys(NioEventLoop.java:650)
	at io.netty.channel.nio.NioEventLoop.run(NioEventLoop.java:562)
	at io.netty.util.concurrent.SingleThreadEventExecutor$4.run(SingleThreadEventExecutor.java:997)
	at io.netty.util.internal.ThreadExecutorMap$2.run(ThreadExecutorMap.java:74)
	at io.netty.util.concurrent.FastThreadLocalRunnable.run(FastThreadLocalRunnable.java:30)
	at java.base/java.lang.Thread.run(Thread.java:842)
17:05:22.734 [AsyncHttpClient-1-17] DEBUG org.asynchttpclient.netty.channel.ChannelManager -- Closing Channel [id: 0x9826f099, L:/127.0.0.1:58676 - R:localhost/127.0.0.1:58670] 
17:05:22.734 [AsyncHttpClient-1-17] DEBUG org.asynchttpclient.netty.handler.HttpHandler -- Channel Closed: [id: 0x9826f099, L:/127.0.0.1:58676 ! R:localhost/127.0.0.1:58670] with attribute DISCARD
17:05:22.764 [AsyncHttpClient-1-16] DEBUG org.asynchttpclient.netty.handler.HttpHandler -- 

Request DefaultFullHttpRequest(decodeResult: success, version: HTTP/1.1, content: EmptyByteBufBE)
DELETE /session/0da1a1bb45e21244cdd470db52cf4b70 HTTP/1.1
User-Agent: selenium/4.12.0 (java windows)
Content-Type: application/json; charset=utf-8
host: localhost:43499
accept: */*

Response DefaultHttpResponse(decodeResult: success, version: HTTP/1.1)
HTTP/1.1 200 OK
Content-Length: 14
Content-Type: application/json; charset=utf-8
cache-control: no-cache

17:05:22.765 [AsyncHttpClient-1-16] DEBUG org.asynchttpclient.netty.channel.ChannelManager -- Adding key: http://localhost:43499 for channel [id: 0xf5274782, L:/127.0.0.1:58668 - R:localhost/127.0.0.1:43499]
17:05:22.861 [AsyncHttpClient-1-16] DEBUG org.asynchttpclient.netty.handler.HttpHandler -- Channel Closed: [id: 0xf5274782, L:/127.0.0.1:58668 ! R:localhost/127.0.0.1:43499] with attribute DISCARD
17:05:22.928 [main] DEBUG io.github.bonigarcia.wdm.WebDriverManager -- Using WebDriverManager 5.5.3
17:05:22.943 [main] DEBUG io.github.bonigarcia.wdm.cache.ResolutionCache -- Resolution chrome=131 in cache (valid until 17:53:13 03/01/2025 IST)
17:05:22.943 [main] DEBUG io.github.bonigarcia.wdm.cache.ResolutionCache -- Resolution chrome131=131.0.6778.204 in cache (valid until 16:53:13 04/01/2025 IST)
17:05:22.943 [main] INFO io.github.bonigarcia.wdm.WebDriverManager -- Using chromedriver 131.0.6778.204 (resolved driver for Chrome 131)
17:05:22.949 [main] DEBUG io.github.bonigarcia.wdm.WebDriverManager -- Driver chromedriver 131.0.6778.204 found in cache
17:05:22.950 [main] INFO io.github.bonigarcia.wdm.WebDriverManager -- Exporting webdriver.chrome.driver as C:\Users\sasitharan\.cache\selenium\chromedriver\win64\131.0.6778.204\chromedriver.exe
17:05:23.032 [AsyncHttpClient-1-3] DEBUG org.asynchttpclient.netty.channel.NettyConnectListener -- Using new Channel '[id: 0x6068ab9d, L:/127.0.0.1:58689 - R:localhost/127.0.0.1:3590]' for 'POST' to '/session'
17:05:23.199 [AsyncHttpClient-1-1] DEBUG org.asynchttpclient.netty.channel.DefaultChannelPool -- Entry count for : http://localhost:58670 : 1
17:05:23.199 [AsyncHttpClient-1-1] DEBUG org.asynchttpclient.netty.channel.DefaultChannelPool -- Entry count for : http://localhost:43499 : 1
17:05:23.199 [AsyncHttpClient-1-1] DEBUG org.asynchttpclient.netty.channel.DefaultChannelPool -- Adding Candidate expired Channel [id: 0x9826f099, L:/127.0.0.1:58676 ! R:localhost/127.0.0.1:58670] isIdleTimeoutExpired=false isRemotelyClosed=true isTtlExpired=false
17:05:23.199 [AsyncHttpClient-1-1] DEBUG org.asynchttpclient.netty.channel.DefaultChannelPool -- Closing Idle Channel [id: 0x9826f099, L:/127.0.0.1:58676 ! R:localhost/127.0.0.1:58670]
17:05:23.199 [AsyncHttpClient-1-1] DEBUG org.asynchttpclient.netty.channel.DefaultChannelPool -- Adding Candidate expired Channel [id: 0xf5274782, L:/127.0.0.1:58668 ! R:localhost/127.0.0.1:43499] isIdleTimeoutExpired=false isRemotelyClosed=true isTtlExpired=false
17:05:23.199 [AsyncHttpClient-1-1] DEBUG org.asynchttpclient.netty.channel.DefaultChannelPool -- Closing Idle Channel [id: 0xf5274782, L:/127.0.0.1:58668 ! R:localhost/127.0.0.1:43499]
17:05:23.199 [AsyncHttpClient-1-1] DEBUG org.asynchttpclient.netty.channel.DefaultChannelPool -- Closed 2 connections out of 2 in 0 ms
17:05:23.902 [AsyncHttpClient-1-3] DEBUG org.asynchttpclient.netty.handler.HttpHandler -- 

Request DefaultHttpRequest(decodeResult: success, version: HTTP/1.1)
POST /session HTTP/1.1
User-Agent: selenium/4.12.0 (java windows)
Content-Length: 254
Content-Type: application/json; charset=utf-8
host: localhost:3590
accept: */*

Response DefaultHttpResponse(decodeResult: success, version: HTTP/1.1)
HTTP/1.1 200 OK
Content-Length: 887
Content-Type: application/json; charset=utf-8
cache-control: no-cache

17:05:23.902 [AsyncHttpClient-1-3] DEBUG org.asynchttpclient.netty.channel.ChannelManager -- Adding key: http://localhost:3590 for channel [id: 0x6068ab9d, L:/127.0.0.1:58689 - R:localhost/127.0.0.1:3590]
17:05:23.908 [AsyncHttpClient-1-4] DEBUG org.asynchttpclient.netty.channel.NettyConnectListener -- Using new Channel '[id: 0x59070172, L:/127.0.0.1:58696 - R:localhost/127.0.0.1:58690]' for 'GET' to '/json/version'
17:05:23.909 [AsyncHttpClient-1-4] DEBUG org.asynchttpclient.netty.handler.HttpHandler -- 

Request DefaultFullHttpRequest(decodeResult: success, version: HTTP/1.1, content: EmptyByteBufBE)
GET /json/version HTTP/1.1
User-Agent: selenium/4.12.0 (java windows)
host: localhost:58690
accept: */*

Response DefaultHttpResponse(decodeResult: success, version: HTTP/1.1)
HTTP/1.1 200 OK
Content-Security-Policy: frame-ancestors 'none'
Content-Length: 424
Content-Type: application/json; charset=UTF-8

17:05:23.910 [AsyncHttpClient-1-4] DEBUG org.asynchttpclient.netty.channel.ChannelManager -- Adding key: http://localhost:58690 for channel [id: 0x59070172, L:/127.0.0.1:58696 - R:localhost/127.0.0.1:58690]
17:05:23.913 [AsyncHttpClient-1-5] DEBUG org.asynchttpclient.netty.channel.NettyConnectListener -- Using new Channel '[id: 0x50d7e24b, L:/127.0.0.1:58697 - R:localhost/127.0.0.1:58690]' for 'GET' to '/devtools/browser/92bf4fd2-2743-4e0e-b2ce-670a7d0519b1'
17:05:23.914 [AsyncHttpClient-1-5] DEBUG org.asynchttpclient.netty.handler.WebSocketHandler -- 

Request DefaultFullHttpRequest(decodeResult: success, version: HTTP/1.1, content: EmptyByteBufBE)
GET /devtools/browser/92bf4fd2-2743-4e0e-b2ce-670a7d0519b1 HTTP/1.1
upgrade: websocket
connection: upgrade
sec-websocket-key: meN9pv0Tq+eo9HEbdyBlXQ==
sec-websocket-version: 13
origin: http://localhost:58690
host: localhost:58690
accept: */*
user-agent: AHC/2.1

Response DefaultHttpResponse(decodeResult: success, version: HTTP/1.1)
HTTP/1.1 101 WebSocket Protocol Handshake
Upgrade: WebSocket
Connection: Upgrade
Sec-WebSocket-Accept: kLz9MitS9iLcSm/wrz6pGgg1lJw=

17:05:23.918 [Forwarding maximizeCurrentWindow on session c76af7259e54e8a56e7a7e0a1e73f294 to remote] DEBUG org.asynchttpclient.netty.request.NettyRequestSender -- Using pooled Channel '[id: 0x6068ab9d, L:/127.0.0.1:58689 - R:localhost/127.0.0.1:3590]' for 'POST' to 'http://localhost:3590/session/c76af7259e54e8a56e7a7e0a1e73f294/window/maximize'
17:05:23.918 [Forwarding maximizeCurrentWindow on session c76af7259e54e8a56e7a7e0a1e73f294 to remote] DEBUG org.asynchttpclient.netty.request.NettyRequestSender -- Using open Channel [id: 0x6068ab9d, L:/127.0.0.1:58689 - R:localhost/127.0.0.1:3590] for POST '/session/c76af7259e54e8a56e7a7e0a1e73f294/window/maximize'
17:05:23.982 [AsyncHttpClient-1-3] DEBUG org.asynchttpclient.netty.handler.HttpHandler -- 

Request DefaultHttpRequest(decodeResult: success, version: HTTP/1.1)
POST /session/c76af7259e54e8a56e7a7e0a1e73f294/window/maximize HTTP/1.1
User-Agent: selenium/4.12.0 (java windows)
Content-Length: 3
Content-Type: application/json; charset=utf-8
host: localhost:3590
accept: */*

Response DefaultHttpResponse(decodeResult: success, version: HTTP/1.1)
HTTP/1.1 200 OK
Content-Length: 51
Content-Type: application/json; charset=utf-8
cache-control: no-cache

17:05:23.983 [AsyncHttpClient-1-3] DEBUG org.asynchttpclient.netty.channel.ChannelManager -- Adding key: http://localhost:3590 for channel [id: 0x6068ab9d, L:/127.0.0.1:58689 - R:localhost/127.0.0.1:3590]
17:05:23.984 [Forwarding get on session c76af7259e54e8a56e7a7e0a1e73f294 to remote] DEBUG org.asynchttpclient.netty.request.NettyRequestSender -- Using pooled Channel '[id: 0x6068ab9d, L:/127.0.0.1:58689 - R:localhost/127.0.0.1:3590]' for 'POST' to 'http://localhost:3590/session/c76af7259e54e8a56e7a7e0a1e73f294/url'
17:05:23.984 [Forwarding get on session c76af7259e54e8a56e7a7e0a1e73f294 to remote] DEBUG org.asynchttpclient.netty.request.NettyRequestSender -- Using open Channel [id: 0x6068ab9d, L:/127.0.0.1:58689 - R:localhost/127.0.0.1:3590] for POST '/session/c76af7259e54e8a56e7a7e0a1e73f294/url'
17:05:24.290 [AsyncHttpClient-1-1] DEBUG org.asynchttpclient.netty.channel.DefaultChannelPool -- Entry count for : http://localhost:58690 : 1
17:05:25.138 [AsyncHttpClient-1-3] DEBUG org.asynchttpclient.netty.handler.HttpHandler -- 

Request DefaultHttpRequest(decodeResult: success, version: HTTP/1.1)
POST /session/c76af7259e54e8a56e7a7e0a1e73f294/url HTTP/1.1
User-Agent: selenium/4.12.0 (java windows)
Content-Length: 58
Content-Type: application/json; charset=utf-8
host: localhost:3590
accept: */*

Response DefaultHttpResponse(decodeResult: success, version: HTTP/1.1)
HTTP/1.1 200 OK
Content-Length: 14
Content-Type: application/json; charset=utf-8
cache-control: no-cache

17:05:25.138 [AsyncHttpClient-1-3] DEBUG org.asynchttpclient.netty.channel.ChannelManager -- Adding key: http://localhost:3590 for channel [id: 0x6068ab9d, L:/127.0.0.1:58689 - R:localhost/127.0.0.1:3590]
17:05:25.145 [Forwarding findElement on session c76af7259e54e8a56e7a7e0a1e73f294 to remote] DEBUG org.asynchttpclient.netty.request.NettyRequestSender -- Using pooled Channel '[id: 0x6068ab9d, L:/127.0.0.1:58689 - R:localhost/127.0.0.1:3590]' for 'POST' to 'http://localhost:3590/session/c76af7259e54e8a56e7a7e0a1e73f294/element'
17:05:25.145 [Forwarding findElement on session c76af7259e54e8a56e7a7e0a1e73f294 to remote] DEBUG org.asynchttpclient.netty.request.NettyRequestSender -- Using open Channel [id: 0x6068ab9d, L:/127.0.0.1:58689 - R:localhost/127.0.0.1:3590] for POST '/session/c76af7259e54e8a56e7a7e0a1e73f294/element'
17:05:25.170 [AsyncHttpClient-1-3] DEBUG org.asynchttpclient.netty.handler.HttpHandler -- 

Request DefaultHttpRequest(decodeResult: success, version: HTTP/1.1)
POST /session/c76af7259e54e8a56e7a7e0a1e73f294/element HTTP/1.1
User-Agent: selenium/4.12.0 (java windows)
Content-Length: 49
Content-Type: application/json; charset=utf-8
host: localhost:3590
accept: */*

Response DefaultHttpResponse(decodeResult: success, version: HTTP/1.1)
HTTP/1.1 200 OK
Content-Length: 126
Content-Type: application/json; charset=utf-8
cache-control: no-cache

17:05:25.170 [AsyncHttpClient-1-3] DEBUG org.asynchttpclient.netty.channel.ChannelManager -- Adding key: http://localhost:3590 for channel [id: 0x6068ab9d, L:/127.0.0.1:58689 - R:localhost/127.0.0.1:3590]
17:05:25.171 [Forwarding clickElement on session c76af7259e54e8a56e7a7e0a1e73f294 to remote] DEBUG org.asynchttpclient.netty.request.NettyRequestSender -- Using pooled Channel '[id: 0x6068ab9d, L:/127.0.0.1:58689 - R:localhost/127.0.0.1:3590]' for 'POST' to 'http://localhost:3590/session/c76af7259e54e8a56e7a7e0a1e73f294/element/f.812BCD28773667EA4861E708ACFF6EC9.d.CB0BC4EE952C713B76619353E9F7E469.e.21/click'
17:05:25.171 [Forwarding clickElement on session c76af7259e54e8a56e7a7e0a1e73f294 to remote] DEBUG org.asynchttpclient.netty.request.NettyRequestSender -- Using open Channel [id: 0x6068ab9d, L:/127.0.0.1:58689 - R:localhost/127.0.0.1:3590] for POST '/session/c76af7259e54e8a56e7a7e0a1e73f294/element/f.812BCD28773667EA4861E708ACFF6EC9.d.CB0BC4EE952C713B76619353E9F7E469.e.21/click'
17:05:25.347 [AsyncHttpClient-1-3] DEBUG org.asynchttpclient.netty.handler.HttpHandler -- 

Request DefaultHttpRequest(decodeResult: success, version: HTTP/1.1)
POST /session/c76af7259e54e8a56e7a7e0a1e73f294/element/f.812BCD28773667EA4861E708ACFF6EC9.d.CB0BC4EE952C713B76619353E9F7E469.e.21/click HTTP/1.1
User-Agent: selenium/4.12.0 (java windows)
Content-Length: 88
Content-Type: application/json; charset=utf-8
host: localhost:3590
accept: */*

Response DefaultHttpResponse(decodeResult: success, version: HTTP/1.1)
HTTP/1.1 200 OK
Content-Length: 14
Content-Type: application/json; charset=utf-8
cache-control: no-cache

17:05:25.347 [AsyncHttpClient-1-3] DEBUG org.asynchttpclient.netty.channel.ChannelManager -- Adding key: http://localhost:3590 for channel [id: 0x6068ab9d, L:/127.0.0.1:58689 - R:localhost/127.0.0.1:3590]
17:05:25.348 [Forwarding findElement on session c76af7259e54e8a56e7a7e0a1e73f294 to remote] DEBUG org.asynchttpclient.netty.request.NettyRequestSender -- Using pooled Channel '[id: 0x6068ab9d, L:/127.0.0.1:58689 - R:localhost/127.0.0.1:3590]' for 'POST' to 'http://localhost:3590/session/c76af7259e54e8a56e7a7e0a1e73f294/element'
17:05:25.349 [Forwarding findElement on session c76af7259e54e8a56e7a7e0a1e73f294 to remote] DEBUG org.asynchttpclient.netty.request.NettyRequestSender -- Using open Channel [id: 0x6068ab9d, L:/127.0.0.1:58689 - R:localhost/127.0.0.1:3590] for POST '/session/c76af7259e54e8a56e7a7e0a1e73f294/element'
17:05:25.372 [AsyncHttpClient-1-3] DEBUG org.asynchttpclient.netty.handler.HttpHandler -- 

Request DefaultHttpRequest(decodeResult: success, version: HTTP/1.1)
POST /session/c76af7259e54e8a56e7a7e0a1e73f294/element HTTP/1.1
User-Agent: selenium/4.12.0 (java windows)
Content-Length: 53
Content-Type: application/json; charset=utf-8
host: localhost:3590
accept: */*

Response DefaultHttpResponse(decodeResult: success, version: HTTP/1.1)
HTTP/1.1 200 OK
Content-Length: 126
Content-Type: application/json; charset=utf-8
cache-control: no-cache

17:05:25.372 [AsyncHttpClient-1-3] DEBUG org.asynchttpclient.netty.channel.ChannelManager -- Adding key: http://localhost:3590 for channel [id: 0x6068ab9d, L:/127.0.0.1:58689 - R:localhost/127.0.0.1:3590]
17:05:25.374 [Forwarding sendKeysToElement on session c76af7259e54e8a56e7a7e0a1e73f294 to remote] DEBUG org.asynchttpclient.netty.request.NettyRequestSender -- Using pooled Channel '[id: 0x6068ab9d, L:/127.0.0.1:58689 - R:localhost/127.0.0.1:3590]' for 'POST' to 'http://localhost:3590/session/c76af7259e54e8a56e7a7e0a1e73f294/element/f.812BCD28773667EA4861E708ACFF6EC9.d.CB0BC4EE952C713B76619353E9F7E469.e.26/value'
17:05:25.374 [Forwarding sendKeysToElement on session c76af7259e54e8a56e7a7e0a1e73f294 to remote] DEBUG org.asynchttpclient.netty.request.NettyRequestSender -- Using open Channel [id: 0x6068ab9d, L:/127.0.0.1:58689 - R:localhost/127.0.0.1:3590] for POST '/session/c76af7259e54e8a56e7a7e0a1e73f294/element/f.812BCD28773667EA4861E708ACFF6EC9.d.CB0BC4EE952C713B76619353E9F7E469.e.26/value'
17:05:25.393 [AsyncHttpClient-1-1] DEBUG org.asynchttpclient.netty.channel.DefaultChannelPool -- Entry count for : http://localhost:58690 : 1
17:05:25.533 [AsyncHttpClient-1-3] DEBUG org.asynchttpclient.netty.handler.HttpHandler -- 

Request DefaultHttpRequest(decodeResult: success, version: HTTP/1.1)
POST /session/c76af7259e54e8a56e7a7e0a1e73f294/element/f.812BCD28773667EA4861E708ACFF6EC9.d.CB0BC4EE952C713B76619353E9F7E469.e.26/value HTTP/1.1
User-Agent: selenium/4.12.0 (java windows)
Content-Length: 199
Content-Type: application/json; charset=utf-8
host: localhost:3590
accept: */*

Response DefaultHttpResponse(decodeResult: success, version: HTTP/1.1)
HTTP/1.1 200 OK
Content-Length: 14
Content-Type: application/json; charset=utf-8
cache-control: no-cache

17:05:25.533 [AsyncHttpClient-1-3] DEBUG org.asynchttpclient.netty.channel.ChannelManager -- Adding key: http://localhost:3590 for channel [id: 0x6068ab9d, L:/127.0.0.1:58689 - R:localhost/127.0.0.1:3590]
17:05:25.534 [Forwarding findElement on session c76af7259e54e8a56e7a7e0a1e73f294 to remote] DEBUG org.asynchttpclient.netty.request.NettyRequestSender -- Using pooled Channel '[id: 0x6068ab9d, L:/127.0.0.1:58689 - R:localhost/127.0.0.1:3590]' for 'POST' to 'http://localhost:3590/session/c76af7259e54e8a56e7a7e0a1e73f294/element'
17:05:25.534 [Forwarding findElement on session c76af7259e54e8a56e7a7e0a1e73f294 to remote] DEBUG org.asynchttpclient.netty.request.NettyRequestSender -- Using open Channel [id: 0x6068ab9d, L:/127.0.0.1:58689 - R:localhost/127.0.0.1:3590] for POST '/session/c76af7259e54e8a56e7a7e0a1e73f294/element'
17:05:25.552 [AsyncHttpClient-1-3] DEBUG org.asynchttpclient.netty.handler.HttpHandler -- 

Request DefaultHttpRequest(decodeResult: success, version: HTTP/1.1)
POST /session/c76af7259e54e8a56e7a7e0a1e73f294/element HTTP/1.1
User-Agent: selenium/4.12.0 (java windows)
Content-Length: 54
Content-Type: application/json; charset=utf-8
host: localhost:3590
accept: */*

Response DefaultHttpResponse(decodeResult: success, version: HTTP/1.1)
HTTP/1.1 200 OK
Content-Length: 126
Content-Type: application/json; charset=utf-8
cache-control: no-cache

17:05:25.552 [AsyncHttpClient-1-3] DEBUG org.asynchttpclient.netty.channel.ChannelManager -- Adding key: http://localhost:3590 for channel [id: 0x6068ab9d, L:/127.0.0.1:58689 - R:localhost/127.0.0.1:3590]
17:05:25.553 [Forwarding sendKeysToElement on session c76af7259e54e8a56e7a7e0a1e73f294 to remote] DEBUG org.asynchttpclient.netty.request.NettyRequestSender -- Using pooled Channel '[id: 0x6068ab9d, L:/127.0.0.1:58689 - R:localhost/127.0.0.1:3590]' for 'POST' to 'http://localhost:3590/session/c76af7259e54e8a56e7a7e0a1e73f294/element/f.812BCD28773667EA4861E708ACFF6EC9.d.CB0BC4EE952C713B76619353E9F7E469.e.28/value'
17:05:25.553 [Forwarding sendKeysToElement on session c76af7259e54e8a56e7a7e0a1e73f294 to remote] DEBUG org.asynchttpclient.netty.request.NettyRequestSender -- Using open Channel [id: 0x6068ab9d, L:/127.0.0.1:58689 - R:localhost/127.0.0.1:3590] for POST '/session/c76af7259e54e8a56e7a7e0a1e73f294/element/f.812BCD28773667EA4861E708ACFF6EC9.d.CB0BC4EE952C713B76619353E9F7E469.e.28/value'
17:05:25.652 [AsyncHttpClient-1-3] DEBUG org.asynchttpclient.netty.handler.HttpHandler -- 

Request DefaultHttpRequest(decodeResult: success, version: HTTP/1.1)
POST /session/c76af7259e54e8a56e7a7e0a1e73f294/element/f.812BCD28773667EA4861E708ACFF6EC9.d.CB0BC4EE952C713B76619353E9F7E469.e.28/value HTTP/1.1
User-Agent: selenium/4.12.0 (java windows)
Content-Length: 159
Content-Type: application/json; charset=utf-8
host: localhost:3590
accept: */*

Response DefaultHttpResponse(decodeResult: success, version: HTTP/1.1)
HTTP/1.1 200 OK
Content-Length: 14
Content-Type: application/json; charset=utf-8
cache-control: no-cache

17:05:25.652 [AsyncHttpClient-1-3] DEBUG org.asynchttpclient.netty.channel.ChannelManager -- Adding key: http://localhost:3590 for channel [id: 0x6068ab9d, L:/127.0.0.1:58689 - R:localhost/127.0.0.1:3590]
17:05:25.653 [Forwarding findElement on session c76af7259e54e8a56e7a7e0a1e73f294 to remote] DEBUG org.asynchttpclient.netty.request.NettyRequestSender -- Using pooled Channel '[id: 0x6068ab9d, L:/127.0.0.1:58689 - R:localhost/127.0.0.1:3590]' for 'POST' to 'http://localhost:3590/session/c76af7259e54e8a56e7a7e0a1e73f294/element'
17:05:25.653 [Forwarding findElement on session c76af7259e54e8a56e7a7e0a1e73f294 to remote] DEBUG org.asynchttpclient.netty.request.NettyRequestSender -- Using open Channel [id: 0x6068ab9d, L:/127.0.0.1:58689 - R:localhost/127.0.0.1:3590] for POST '/session/c76af7259e54e8a56e7a7e0a1e73f294/element'
17:05:25.673 [AsyncHttpClient-1-3] DEBUG org.asynchttpclient.netty.handler.HttpHandler -- 

Request DefaultHttpRequest(decodeResult: success, version: HTTP/1.1)
POST /session/c76af7259e54e8a56e7a7e0a1e73f294/element HTTP/1.1
User-Agent: selenium/4.12.0 (java windows)
Content-Length: 53
Content-Type: application/json; charset=utf-8
host: localhost:3590
accept: */*

Response DefaultHttpResponse(decodeResult: success, version: HTTP/1.1)
HTTP/1.1 200 OK
Content-Length: 126
Content-Type: application/json; charset=utf-8
cache-control: no-cache

17:05:25.673 [AsyncHttpClient-1-3] DEBUG org.asynchttpclient.netty.channel.ChannelManager -- Adding key: http://localhost:3590 for channel [id: 0x6068ab9d, L:/127.0.0.1:58689 - R:localhost/127.0.0.1:3590]
17:05:25.674 [Forwarding sendKeysToElement on session c76af7259e54e8a56e7a7e0a1e73f294 to remote] DEBUG org.asynchttpclient.netty.request.NettyRequestSender -- Using pooled Channel '[id: 0x6068ab9d, L:/127.0.0.1:58689 - R:localhost/127.0.0.1:3590]' for 'POST' to 'http://localhost:3590/session/c76af7259e54e8a56e7a7e0a1e73f294/element/f.812BCD28773667EA4861E708ACFF6EC9.d.CB0BC4EE952C713B76619353E9F7E469.e.29/value'
17:05:25.674 [Forwarding sendKeysToElement on session c76af7259e54e8a56e7a7e0a1e73f294 to remote] DEBUG org.asynchttpclient.netty.request.NettyRequestSender -- Using open Channel [id: 0x6068ab9d, L:/127.0.0.1:58689 - R:localhost/127.0.0.1:3590] for POST '/session/c76af7259e54e8a56e7a7e0a1e73f294/element/f.812BCD28773667EA4861E708ACFF6EC9.d.CB0BC4EE952C713B76619353E9F7E469.e.29/value'
17:05:25.779 [AsyncHttpClient-1-3] DEBUG org.asynchttpclient.netty.handler.HttpHandler -- 

Request DefaultHttpRequest(decodeResult: success, version: HTTP/1.1)
POST /session/c76af7259e54e8a56e7a7e0a1e73f294/element/f.812BCD28773667EA4861E708ACFF6EC9.d.CB0BC4EE952C713B76619353E9F7E469.e.29/value HTTP/1.1
User-Agent: selenium/4.12.0 (java windows)
Content-Length: 159
Content-Type: application/json; charset=utf-8
host: localhost:3590
accept: */*

Response DefaultHttpResponse(decodeResult: success, version: HTTP/1.1)
HTTP/1.1 200 OK
Content-Length: 14
Content-Type: application/json; charset=utf-8
cache-control: no-cache

17:05:25.779 [AsyncHttpClient-1-3] DEBUG org.asynchttpclient.netty.channel.ChannelManager -- Adding key: http://localhost:3590 for channel [id: 0x6068ab9d, L:/127.0.0.1:58689 - R:localhost/127.0.0.1:3590]
17:05:25.780 [Forwarding findElement on session c76af7259e54e8a56e7a7e0a1e73f294 to remote] DEBUG org.asynchttpclient.netty.request.NettyRequestSender -- Using pooled Channel '[id: 0x6068ab9d, L:/127.0.0.1:58689 - R:localhost/127.0.0.1:3590]' for 'POST' to 'http://localhost:3590/session/c76af7259e54e8a56e7a7e0a1e73f294/element'
17:05:25.780 [Forwarding findElement on session c76af7259e54e8a56e7a7e0a1e73f294 to remote] DEBUG org.asynchttpclient.netty.request.NettyRequestSender -- Using open Channel [id: 0x6068ab9d, L:/127.0.0.1:58689 - R:localhost/127.0.0.1:3590] for POST '/session/c76af7259e54e8a56e7a7e0a1e73f294/element'
17:05:25.800 [AsyncHttpClient-1-3] DEBUG org.asynchttpclient.netty.handler.HttpHandler -- 

Request DefaultHttpRequest(decodeResult: success, version: HTTP/1.1)
POST /session/c76af7259e54e8a56e7a7e0a1e73f294/element HTTP/1.1
User-Agent: selenium/4.12.0 (java windows)
Content-Length: 53
Content-Type: application/json; charset=utf-8
host: localhost:3590
accept: */*

Response DefaultHttpResponse(decodeResult: success, version: HTTP/1.1)
HTTP/1.1 200 OK
Content-Length: 126
Content-Type: application/json; charset=utf-8
cache-control: no-cache

17:05:25.800 [AsyncHttpClient-1-3] DEBUG org.asynchttpclient.netty.channel.ChannelManager -- Adding key: http://localhost:3590 for channel [id: 0x6068ab9d, L:/127.0.0.1:58689 - R:localhost/127.0.0.1:3590]
17:05:25.801 [Forwarding sendKeysToElement on session c76af7259e54e8a56e7a7e0a1e73f294 to remote] DEBUG org.asynchttpclient.netty.request.NettyRequestSender -- Using pooled Channel '[id: 0x6068ab9d, L:/127.0.0.1:58689 - R:localhost/127.0.0.1:3590]' for 'POST' to 'http://localhost:3590/session/c76af7259e54e8a56e7a7e0a1e73f294/element/f.812BCD28773667EA4861E708ACFF6EC9.d.CB0BC4EE952C713B76619353E9F7E469.e.22/value'
17:05:25.801 [Forwarding sendKeysToElement on session c76af7259e54e8a56e7a7e0a1e73f294 to remote] DEBUG org.asynchttpclient.netty.request.NettyRequestSender -- Using open Channel [id: 0x6068ab9d, L:/127.0.0.1:58689 - R:localhost/127.0.0.1:3590] for POST '/session/c76af7259e54e8a56e7a7e0a1e73f294/element/f.812BCD28773667EA4861E708ACFF6EC9.d.CB0BC4EE952C713B76619353E9F7E469.e.22/value'
17:05:25.947 [AsyncHttpClient-1-3] DEBUG org.asynchttpclient.netty.handler.HttpHandler -- 

Request DefaultHttpRequest(decodeResult: success, version: HTTP/1.1)
POST /session/c76af7259e54e8a56e7a7e0a1e73f294/element/f.812BCD28773667EA4861E708ACFF6EC9.d.CB0BC4EE952C713B76619353E9F7E469.e.22/value HTTP/1.1
User-Agent: selenium/4.12.0 (java windows)
Content-Length: 239
Content-Type: application/json; charset=utf-8
host: localhost:3590
accept: */*

Response DefaultHttpResponse(decodeResult: success, version: HTTP/1.1)
HTTP/1.1 200 OK
Content-Length: 14
Content-Type: application/json; charset=utf-8
cache-control: no-cache

17:05:25.947 [AsyncHttpClient-1-3] DEBUG org.asynchttpclient.netty.channel.ChannelManager -- Adding key: http://localhost:3590 for channel [id: 0x6068ab9d, L:/127.0.0.1:58689 - R:localhost/127.0.0.1:3590]
17:05:25.949 [Forwarding findElement on session c76af7259e54e8a56e7a7e0a1e73f294 to remote] DEBUG org.asynchttpclient.netty.request.NettyRequestSender -- Using pooled Channel '[id: 0x6068ab9d, L:/127.0.0.1:58689 - R:localhost/127.0.0.1:3590]' for 'POST' to 'http://localhost:3590/session/c76af7259e54e8a56e7a7e0a1e73f294/element'
17:05:25.949 [Forwarding findElement on session c76af7259e54e8a56e7a7e0a1e73f294 to remote] DEBUG org.asynchttpclient.netty.request.NettyRequestSender -- Using open Channel [id: 0x6068ab9d, L:/127.0.0.1:58689 - R:localhost/127.0.0.1:3590] for POST '/session/c76af7259e54e8a56e7a7e0a1e73f294/element'
17:05:25.975 [AsyncHttpClient-1-3] DEBUG org.asynchttpclient.netty.handler.HttpHandler -- 

Request DefaultHttpRequest(decodeResult: success, version: HTTP/1.1)
POST /session/c76af7259e54e8a56e7a7e0a1e73f294/element HTTP/1.1
User-Agent: selenium/4.12.0 (java windows)
Content-Length: 60
Content-Type: application/json; charset=utf-8
host: localhost:3590
accept: */*

Response DefaultHttpResponse(decodeResult: success, version: HTTP/1.1)
HTTP/1.1 200 OK
Content-Length: 126
Content-Type: application/json; charset=utf-8
cache-control: no-cache

17:05:25.975 [AsyncHttpClient-1-3] DEBUG org.asynchttpclient.netty.channel.ChannelManager -- Adding key: http://localhost:3590 for channel [id: 0x6068ab9d, L:/127.0.0.1:58689 - R:localhost/127.0.0.1:3590]
17:05:25.977 [Forwarding sendKeysToElement on session c76af7259e54e8a56e7a7e0a1e73f294 to remote] DEBUG org.asynchttpclient.netty.request.NettyRequestSender -- Using pooled Channel '[id: 0x6068ab9d, L:/127.0.0.1:58689 - R:localhost/127.0.0.1:3590]' for 'POST' to 'http://localhost:3590/session/c76af7259e54e8a56e7a7e0a1e73f294/element/f.812BCD28773667EA4861E708ACFF6EC9.d.CB0BC4EE952C713B76619353E9F7E469.e.23/value'
17:05:25.977 [Forwarding sendKeysToElement on session c76af7259e54e8a56e7a7e0a1e73f294 to remote] DEBUG org.asynchttpclient.netty.request.NettyRequestSender -- Using open Channel [id: 0x6068ab9d, L:/127.0.0.1:58689 - R:localhost/127.0.0.1:3590] for POST '/session/c76af7259e54e8a56e7a7e0a1e73f294/element/f.812BCD28773667EA4861E708ACFF6EC9.d.CB0BC4EE952C713B76619353E9F7E469.e.23/value'
17:05:26.110 [AsyncHttpClient-1-3] DEBUG org.asynchttpclient.netty.handler.HttpHandler -- 

Request DefaultHttpRequest(decodeResult: success, version: HTTP/1.1)
POST /session/c76af7259e54e8a56e7a7e0a1e73f294/element/f.812BCD28773667EA4861E708ACFF6EC9.d.CB0BC4EE952C713B76619353E9F7E469.e.23/value HTTP/1.1
User-Agent: selenium/4.12.0 (java windows)
Content-Length: 239
Content-Type: application/json; charset=utf-8
host: localhost:3590
accept: */*

Response DefaultHttpResponse(decodeResult: success, version: HTTP/1.1)
HTTP/1.1 200 OK
Content-Length: 14
Content-Type: application/json; charset=utf-8
cache-control: no-cache

17:05:26.110 [AsyncHttpClient-1-3] DEBUG org.asynchttpclient.netty.channel.ChannelManager -- Adding key: http://localhost:3590 for channel [id: 0x6068ab9d, L:/127.0.0.1:58689 - R:localhost/127.0.0.1:3590]
17:05:26.111 [Forwarding findElement on session c76af7259e54e8a56e7a7e0a1e73f294 to remote] DEBUG org.asynchttpclient.netty.request.NettyRequestSender -- Using pooled Channel '[id: 0x6068ab9d, L:/127.0.0.1:58689 - R:localhost/127.0.0.1:3590]' for 'POST' to 'http://localhost:3590/session/c76af7259e54e8a56e7a7e0a1e73f294/element'
17:05:26.111 [Forwarding findElement on session c76af7259e54e8a56e7a7e0a1e73f294 to remote] DEBUG org.asynchttpclient.netty.request.NettyRequestSender -- Using open Channel [id: 0x6068ab9d, L:/127.0.0.1:58689 - R:localhost/127.0.0.1:3590] for POST '/session/c76af7259e54e8a56e7a7e0a1e73f294/element'
17:05:26.124 [AsyncHttpClient-1-3] DEBUG org.asynchttpclient.netty.handler.HttpHandler -- 

Request DefaultHttpRequest(decodeResult: success, version: HTTP/1.1)
POST /session/c76af7259e54e8a56e7a7e0a1e73f294/element HTTP/1.1
User-Agent: selenium/4.12.0 (java windows)
Content-Length: 81
Content-Type: application/json; charset=utf-8
host: localhost:3590
accept: */*

Response DefaultHttpResponse(decodeResult: success, version: HTTP/1.1)
HTTP/1.1 200 OK
Content-Length: 126
Content-Type: application/json; charset=utf-8
cache-control: no-cache

17:05:26.124 [AsyncHttpClient-1-3] DEBUG org.asynchttpclient.netty.channel.ChannelManager -- Adding key: http://localhost:3590 for channel [id: 0x6068ab9d, L:/127.0.0.1:58689 - R:localhost/127.0.0.1:3590]
17:05:26.125 [Forwarding clickElement on session c76af7259e54e8a56e7a7e0a1e73f294 to remote] DEBUG org.asynchttpclient.netty.request.NettyRequestSender -- Using pooled Channel '[id: 0x6068ab9d, L:/127.0.0.1:58689 - R:localhost/127.0.0.1:3590]' for 'POST' to 'http://localhost:3590/session/c76af7259e54e8a56e7a7e0a1e73f294/element/f.812BCD28773667EA4861E708ACFF6EC9.d.CB0BC4EE952C713B76619353E9F7E469.e.31/click'
17:05:26.125 [Forwarding clickElement on session c76af7259e54e8a56e7a7e0a1e73f294 to remote] DEBUG org.asynchttpclient.netty.request.NettyRequestSender -- Using open Channel [id: 0x6068ab9d, L:/127.0.0.1:58689 - R:localhost/127.0.0.1:3590] for POST '/session/c76af7259e54e8a56e7a7e0a1e73f294/element/f.812BCD28773667EA4861E708ACFF6EC9.d.CB0BC4EE952C713B76619353E9F7E469.e.31/click'
17:05:26.194 [AsyncHttpClient-1-3] DEBUG org.asynchttpclient.netty.handler.HttpHandler -- 

Request DefaultHttpRequest(decodeResult: success, version: HTTP/1.1)
POST /session/c76af7259e54e8a56e7a7e0a1e73f294/element/f.812BCD28773667EA4861E708ACFF6EC9.d.CB0BC4EE952C713B76619353E9F7E469.e.31/click HTTP/1.1
User-Agent: selenium/4.12.0 (java windows)
Content-Length: 88
Content-Type: application/json; charset=utf-8
host: localhost:3590
accept: */*

Response DefaultHttpResponse(decodeResult: success, version: HTTP/1.1)
HTTP/1.1 200 OK
Content-Length: 14
Content-Type: application/json; charset=utf-8
cache-control: no-cache

17:05:26.194 [AsyncHttpClient-1-3] DEBUG org.asynchttpclient.netty.channel.ChannelManager -- Adding key: http://localhost:3590 for channel [id: 0x6068ab9d, L:/127.0.0.1:58689 - R:localhost/127.0.0.1:3590]
17:05:26.197 [Forwarding findElement on session c76af7259e54e8a56e7a7e0a1e73f294 to remote] DEBUG org.asynchttpclient.netty.request.NettyRequestSender -- Using pooled Channel '[id: 0x6068ab9d, L:/127.0.0.1:58689 - R:localhost/127.0.0.1:3590]' for 'POST' to 'http://localhost:3590/session/c76af7259e54e8a56e7a7e0a1e73f294/element'
17:05:26.197 [Forwarding findElement on session c76af7259e54e8a56e7a7e0a1e73f294 to remote] DEBUG org.asynchttpclient.netty.request.NettyRequestSender -- Using open Channel [id: 0x6068ab9d, L:/127.0.0.1:58689 - R:localhost/127.0.0.1:3590] for POST '/session/c76af7259e54e8a56e7a7e0a1e73f294/element'
17:05:26.212 [AsyncHttpClient-1-3] DEBUG org.asynchttpclient.netty.handler.HttpHandler -- 

Request DefaultHttpRequest(decodeResult: success, version: HTTP/1.1)
POST /session/c76af7259e54e8a56e7a7e0a1e73f294/element HTTP/1.1
User-Agent: selenium/4.12.0 (java windows)
Content-Length: 145
Content-Type: application/json; charset=utf-8
host: localhost:3590
accept: */*

Response DefaultHttpResponse(decodeResult: success, version: HTTP/1.1)
HTTP/1.1 404 Not Found
Content-Length: 1092
Content-Type: application/json; charset=utf-8
cache-control: no-cache

17:05:26.213 [AsyncHttpClient-1-3] DEBUG org.asynchttpclient.netty.channel.ChannelManager -- Adding key: http://localhost:3590 for channel [id: 0x6068ab9d, L:/127.0.0.1:58689 - R:localhost/127.0.0.1:3590]
17:05:26.492 [AsyncHttpClient-1-1] DEBUG org.asynchttpclient.netty.channel.DefaultChannelPool -- Entry count for : http://localhost:3590 : 1
17:05:26.492 [AsyncHttpClient-1-1] DEBUG org.asynchttpclient.netty.channel.DefaultChannelPool -- Entry count for : http://localhost:58690 : 1
17:05:26.725 [Forwarding findElement on session c76af7259e54e8a56e7a7e0a1e73f294 to remote] DEBUG org.asynchttpclient.netty.request.NettyRequestSender -- Using pooled Channel '[id: 0x6068ab9d, L:/127.0.0.1:58689 - R:localhost/127.0.0.1:3590]' for 'POST' to 'http://localhost:3590/session/c76af7259e54e8a56e7a7e0a1e73f294/element'
17:05:26.725 [Forwarding findElement on session c76af7259e54e8a56e7a7e0a1e73f294 to remote] DEBUG org.asynchttpclient.netty.request.NettyRequestSender -- Using open Channel [id: 0x6068ab9d, L:/127.0.0.1:58689 - R:localhost/127.0.0.1:3590] for POST '/session/c76af7259e54e8a56e7a7e0a1e73f294/element'
17:05:26.750 [AsyncHttpClient-1-3] DEBUG org.asynchttpclient.netty.handler.HttpHandler -- 

Request DefaultHttpRequest(decodeResult: success, version: HTTP/1.1)
POST /session/c76af7259e54e8a56e7a7e0a1e73f294/element HTTP/1.1
User-Agent: selenium/4.12.0 (java windows)
Content-Length: 145
Content-Type: application/json; charset=utf-8
host: localhost:3590
accept: */*

Response DefaultHttpResponse(decodeResult: success, version: HTTP/1.1)
HTTP/1.1 404 Not Found
Content-Length: 1092
Content-Type: application/json; charset=utf-8
cache-control: no-cache

17:05:26.751 [AsyncHttpClient-1-3] DEBUG org.asynchttpclient.netty.channel.ChannelManager -- Adding key: http://localhost:3590 for channel [id: 0x6068ab9d, L:/127.0.0.1:58689 - R:localhost/127.0.0.1:3590]
17:05:27.268 [Forwarding findElement on session c76af7259e54e8a56e7a7e0a1e73f294 to remote] DEBUG org.asynchttpclient.netty.request.NettyRequestSender -- Using pooled Channel '[id: 0x6068ab9d, L:/127.0.0.1:58689 - R:localhost/127.0.0.1:3590]' for 'POST' to 'http://localhost:3590/session/c76af7259e54e8a56e7a7e0a1e73f294/element'
17:05:27.268 [Forwarding findElement on session c76af7259e54e8a56e7a7e0a1e73f294 to remote] DEBUG org.asynchttpclient.netty.request.NettyRequestSender -- Using open Channel [id: 0x6068ab9d, L:/127.0.0.1:58689 - R:localhost/127.0.0.1:3590] for POST '/session/c76af7259e54e8a56e7a7e0a1e73f294/element'
17:05:27.291 [AsyncHttpClient-1-3] DEBUG org.asynchttpclient.netty.handler.HttpHandler -- 

Request DefaultHttpRequest(decodeResult: success, version: HTTP/1.1)
POST /session/c76af7259e54e8a56e7a7e0a1e73f294/element HTTP/1.1
User-Agent: selenium/4.12.0 (java windows)
Content-Length: 145
Content-Type: application/json; charset=utf-8
host: localhost:3590
accept: */*

Response DefaultHttpResponse(decodeResult: success, version: HTTP/1.1)
HTTP/1.1 200 OK
Content-Length: 126
Content-Type: application/json; charset=utf-8
cache-control: no-cache

17:05:27.291 [AsyncHttpClient-1-3] DEBUG org.asynchttpclient.netty.channel.ChannelManager -- Adding key: http://localhost:3590 for channel [id: 0x6068ab9d, L:/127.0.0.1:58689 - R:localhost/127.0.0.1:3590]
17:05:27.294 [Forwarding isElementDisplayed on session c76af7259e54e8a56e7a7e0a1e73f294 to remote] DEBUG org.asynchttpclient.netty.request.NettyRequestSender -- Using pooled Channel '[id: 0x6068ab9d, L:/127.0.0.1:58689 - R:localhost/127.0.0.1:3590]' for 'POST' to 'http://localhost:3590/session/c76af7259e54e8a56e7a7e0a1e73f294/execute/sync'
17:05:27.294 [Forwarding isElementDisplayed on session c76af7259e54e8a56e7a7e0a1e73f294 to remote] DEBUG org.asynchttpclient.netty.request.NettyRequestSender -- Using open Channel [id: 0x6068ab9d, L:/127.0.0.1:58689 - R:localhost/127.0.0.1:3590] for POST '/session/c76af7259e54e8a56e7a7e0a1e73f294/execute/sync'
17:05:27.321 [AsyncHttpClient-1-3] DEBUG org.asynchttpclient.netty.handler.HttpHandler -- 

Request DefaultHttpRequest(decodeResult: success, version: HTTP/1.1)
POST /session/c76af7259e54e8a56e7a7e0a1e73f294/execute/sync HTTP/1.1
User-Agent: selenium/4.12.0 (java windows)
Content-Length: 48734
Content-Type: application/json; charset=utf-8
host: localhost:3590
accept: */*

Response DefaultHttpResponse(decodeResult: success, version: HTTP/1.1)
HTTP/1.1 200 OK
Content-Length: 14
Content-Type: application/json; charset=utf-8
cache-control: no-cache

17:05:27.322 [AsyncHttpClient-1-3] DEBUG org.asynchttpclient.netty.channel.ChannelManager -- Adding key: http://localhost:3590 for channel [id: 0x6068ab9d, L:/127.0.0.1:58689 - R:localhost/127.0.0.1:3590]
17:05:27.323 [Forwarding isElementDisplayed on session c76af7259e54e8a56e7a7e0a1e73f294 to remote] DEBUG org.asynchttpclient.netty.request.NettyRequestSender -- Using pooled Channel '[id: 0x6068ab9d, L:/127.0.0.1:58689 - R:localhost/127.0.0.1:3590]' for 'POST' to 'http://localhost:3590/session/c76af7259e54e8a56e7a7e0a1e73f294/execute/sync'
17:05:27.323 [Forwarding isElementDisplayed on session c76af7259e54e8a56e7a7e0a1e73f294 to remote] DEBUG org.asynchttpclient.netty.request.NettyRequestSender -- Using open Channel [id: 0x6068ab9d, L:/127.0.0.1:58689 - R:localhost/127.0.0.1:3590] for POST '/session/c76af7259e54e8a56e7a7e0a1e73f294/execute/sync'
17:05:27.342 [AsyncHttpClient-1-3] DEBUG org.asynchttpclient.netty.handler.HttpHandler -- 

Request DefaultHttpRequest(decodeResult: success, version: HTTP/1.1)
POST /session/c76af7259e54e8a56e7a7e0a1e73f294/execute/sync HTTP/1.1
User-Agent: selenium/4.12.0 (java windows)
Content-Length: 48734
Content-Type: application/json; charset=utf-8
host: localhost:3590
accept: */*

Response DefaultHttpResponse(decodeResult: success, version: HTTP/1.1)
HTTP/1.1 200 OK
Content-Length: 14
Content-Type: application/json; charset=utf-8
cache-control: no-cache

17:05:27.342 [AsyncHttpClient-1-3] DEBUG org.asynchttpclient.netty.channel.ChannelManager -- Adding key: http://localhost:3590 for channel [id: 0x6068ab9d, L:/127.0.0.1:58689 - R:localhost/127.0.0.1:3590]
17:05:27.343 [Forwarding getElementText on session c76af7259e54e8a56e7a7e0a1e73f294 to remote] DEBUG org.asynchttpclient.netty.request.NettyRequestSender -- Using pooled Channel '[id: 0x6068ab9d, L:/127.0.0.1:58689 - R:localhost/127.0.0.1:3590]' for 'GET' to 'http://localhost:3590/session/c76af7259e54e8a56e7a7e0a1e73f294/element/f.812BCD28773667EA4861E708ACFF6EC9.d.CB0BC4EE952C713B76619353E9F7E469.e.37/text'
17:05:27.343 [Forwarding getElementText on session c76af7259e54e8a56e7a7e0a1e73f294 to remote] DEBUG org.asynchttpclient.netty.request.NettyRequestSender -- Using open Channel [id: 0x6068ab9d, L:/127.0.0.1:58689 - R:localhost/127.0.0.1:3590] for GET '/session/c76af7259e54e8a56e7a7e0a1e73f294/element/f.812BCD28773667EA4861E708ACFF6EC9.d.CB0BC4EE952C713B76619353E9F7E469.e.37/text'
17:05:27.361 [AsyncHttpClient-1-3] DEBUG org.asynchttpclient.netty.handler.HttpHandler -- 

Request DefaultFullHttpRequest(decodeResult: success, version: HTTP/1.1, content: EmptyByteBufBE)
GET /session/c76af7259e54e8a56e7a7e0a1e73f294/element/f.812BCD28773667EA4861E708ACFF6EC9.d.CB0BC4EE952C713B76619353E9F7E469.e.37/text HTTP/1.1
Cache-Control: no-cache
User-Agent: selenium/4.12.0 (java windows)
Content-Type: application/json; charset=utf-8
host: localhost:3590
accept: */*

Response DefaultHttpResponse(decodeResult: success, version: HTTP/1.1)
HTTP/1.1 200 OK
Content-Length: 38
Content-Type: application/json; charset=utf-8
cache-control: no-cache

17:05:27.361 [AsyncHttpClient-1-3] DEBUG org.asynchttpclient.netty.channel.ChannelManager -- Adding key: http://localhost:3590 for channel [id: 0x6068ab9d, L:/127.0.0.1:58689 - R:localhost/127.0.0.1:3590]
]]></system-out>
    <system-err><![CDATA[Jan 03, 2025 5:05:23 PM org.openqa.selenium.devtools.CdpVersionFinder findNearestMatch
WARNING: Unable to find CDP implementation matching 131
Jan 03, 2025 5:05:23 PM org.openqa.selenium.chromium.ChromiumDriver lambda$new$5
WARNING: Unable to find version of CDP to use for 131.0.6778.205. You may need to include a dependency on a specific version of the CDP using something similar to `org.seleniumhq.selenium:selenium-devtools-v86:4.12.0` where the version ("v86") matches the version of the chromium-based browser you're using and the version number of the artifact is the same as Selenium's.
]]></system-err>
  </testcase>
  <testcase name="testWeakPasswordRegistration" classname="UITestCases.BuggyCarsUITests" time="0.671">
    <failure message="expected [true] but found [false]" type="java.lang.AssertionError"><![CDATA[java.lang.AssertionError: expected [true] but found [false]
	at org.testng.Assert.fail(Assert.java:110)
	at org.testng.Assert.failNotEquals(Assert.java:1413)
	at org.testng.Assert.assertTrue(Assert.java:56)
	at org.testng.Assert.assertTrue(Assert.java:66)
	at UITestCases.BuggyCarsUITests.testWeakPasswordRegistration(BuggyCarsUITests.java:134)
	at java.base/jdk.internal.reflect.NativeMethodAccessorImpl.invoke0(Native Method)
	at java.base/jdk.internal.reflect.NativeMethodAccessorImpl.invoke(NativeMethodAccessorImpl.java:77)
	at java.base/jdk.internal.reflect.DelegatingMethodAccessorImpl.invoke(DelegatingMethodAccessorImpl.java:43)
	at java.base/java.lang.reflect.Method.invoke(Method.java:568)
	at org.testng.internal.invokers.MethodInvocationHelper.invokeMethod(MethodInvocationHelper.java:139)
	at org.testng.internal.invokers.TestInvoker.invokeMethod(TestInvoker.java:677)
	at org.testng.internal.invokers.TestInvoker.invokeTestMethod(TestInvoker.java:221)
	at org.testng.internal.invokers.MethodRunner.runInSequence(MethodRunner.java:50)
	at org.testng.internal.invokers.TestInvoker$MethodInvocationAgent.invoke(TestInvoker.java:969)
	at org.testng.internal.invokers.TestInvoker.invokeTestMethods(TestInvoker.java:194)
	at org.testng.internal.invokers.TestMethodWorker.invokeTestMethods(TestMethodWorker.java:148)
	at org.testng.internal.invokers.TestMethodWorker.run(TestMethodWorker.java:128)
	at java.base/java.util.ArrayList.forEach(ArrayList.java:1511)
	at org.testng.TestRunner.privateRun(TestRunner.java:829)
	at org.testng.TestRunner.run(TestRunner.java:602)
	at org.testng.SuiteRunner.runTest(SuiteRunner.java:437)
	at org.testng.SuiteRunner.runSequentially(SuiteRunner.java:431)
	at org.testng.SuiteRunner.privateRun(SuiteRunner.java:391)
	at org.testng.SuiteRunner.run(SuiteRunner.java:330)
	at org.testng.SuiteRunnerWorker.runSuite(SuiteRunnerWorker.java:52)
	at org.testng.SuiteRunnerWorker.run(SuiteRunnerWorker.java:95)
	at org.testng.TestNG.runSuitesSequentially(TestNG.java:1256)
	at org.testng.TestNG.runSuitesLocally(TestNG.java:1176)
	at org.testng.TestNG.runSuites(TestNG.java:1099)
	at org.testng.TestNG.run(TestNG.java:1067)
	at org.apache.maven.surefire.testng.TestNGExecutor.run(TestNGExecutor.java:324)
	at org.apache.maven.surefire.testng.TestNGXmlTestSuite.execute(TestNGXmlTestSuite.java:74)
	at org.apache.maven.surefire.testng.TestNGProvider.invoke(TestNGProvider.java:123)
	at org.apache.maven.surefire.booter.ForkedBooter.runSuitesInProcess(ForkedBooter.java:456)
	at org.apache.maven.surefire.booter.ForkedBooter.execute(ForkedBooter.java:169)
	at org.apache.maven.surefire.booter.ForkedBooter.run(ForkedBooter.java:595)
	at org.apache.maven.surefire.booter.ForkedBooter.main(ForkedBooter.java:581)
]]></failure>
    <system-out><![CDATA[17:05:27.365 [Driver Command Executor] DEBUG org.asynchttpclient.netty.request.NettyRequestSender -- Using pooled Channel '[id: 0x6068ab9d, L:/127.0.0.1:58689 - R:localhost/127.0.0.1:3590]' for 'DELETE' to 'http://localhost:3590/session/c76af7259e54e8a56e7a7e0a1e73f294'
17:05:27.365 [Driver Command Executor] DEBUG org.asynchttpclient.netty.request.NettyRequestSender -- Using open Channel [id: 0x6068ab9d, L:/127.0.0.1:58689 - R:localhost/127.0.0.1:3590] for DELETE '/session/c76af7259e54e8a56e7a7e0a1e73f294'
17:05:27.365 [AsyncHttpClient-1-5] DEBUG org.asynchttpclient.netty.handler.WebSocketHandler -- Channel Closed: [id: 0x50d7e24b, L:/127.0.0.1:58697 ! R:localhost/127.0.0.1:58690] with attribute DISCARD
17:05:27.489 [AsyncHttpClient-1-4] DEBUG org.asynchttpclient.netty.handler.HttpHandler -- Unexpected I/O exception on channel [id: 0x59070172, L:/127.0.0.1:58696 - R:localhost/127.0.0.1:58690]
java.net.SocketException: Connection reset
	at java.base/sun.nio.ch.SocketChannelImpl.throwConnectionReset(SocketChannelImpl.java:394)
	at java.base/sun.nio.ch.SocketChannelImpl.read(SocketChannelImpl.java:426)
	at io.netty.buffer.PooledByteBuf.setBytes(PooledByteBuf.java:254)
	at io.netty.buffer.AbstractByteBuf.writeBytes(AbstractByteBuf.java:1132)
	at io.netty.channel.socket.nio.NioSocketChannel.doReadBytes(NioSocketChannel.java:357)
	at io.netty.channel.nio.AbstractNioByteChannel$NioByteUnsafe.read(AbstractNioByteChannel.java:151)
	at io.netty.channel.nio.NioEventLoop.processSelectedKey(NioEventLoop.java:788)
	at io.netty.channel.nio.NioEventLoop.processSelectedKeysOptimized(NioEventLoop.java:724)
	at io.netty.channel.nio.NioEventLoop.processSelectedKeys(NioEventLoop.java:650)
	at io.netty.channel.nio.NioEventLoop.run(NioEventLoop.java:562)
	at io.netty.util.concurrent.SingleThreadEventExecutor$4.run(SingleThreadEventExecutor.java:997)
	at io.netty.util.internal.ThreadExecutorMap$2.run(ThreadExecutorMap.java:74)
	at io.netty.util.concurrent.FastThreadLocalRunnable.run(FastThreadLocalRunnable.java:30)
	at java.base/java.lang.Thread.run(Thread.java:842)
17:05:27.489 [AsyncHttpClient-1-4] DEBUG org.asynchttpclient.netty.channel.ChannelManager -- Closing Channel [id: 0x59070172, L:/127.0.0.1:58696 - R:localhost/127.0.0.1:58690] 
17:05:27.489 [AsyncHttpClient-1-4] DEBUG org.asynchttpclient.netty.handler.HttpHandler -- Channel Closed: [id: 0x59070172, L:/127.0.0.1:58696 ! R:localhost/127.0.0.1:58690] with attribute DISCARD
17:05:27.532 [AsyncHttpClient-1-3] DEBUG org.asynchttpclient.netty.handler.HttpHandler -- 

Request DefaultFullHttpRequest(decodeResult: success, version: HTTP/1.1, content: EmptyByteBufBE)
DELETE /session/c76af7259e54e8a56e7a7e0a1e73f294 HTTP/1.1
User-Agent: selenium/4.12.0 (java windows)
Content-Type: application/json; charset=utf-8
host: localhost:3590
accept: */*

Response DefaultHttpResponse(decodeResult: success, version: HTTP/1.1)
HTTP/1.1 200 OK
Content-Length: 14
Content-Type: application/json; charset=utf-8
cache-control: no-cache

17:05:27.532 [AsyncHttpClient-1-3] DEBUG org.asynchttpclient.netty.channel.ChannelManager -- Adding key: http://localhost:3590 for channel [id: 0x6068ab9d, L:/127.0.0.1:58689 - R:localhost/127.0.0.1:3590]
17:05:27.593 [AsyncHttpClient-1-1] DEBUG org.asynchttpclient.netty.channel.DefaultChannelPool -- Entry count for : http://localhost:3590 : 1
17:05:27.593 [AsyncHttpClient-1-1] DEBUG org.asynchttpclient.netty.channel.DefaultChannelPool -- Entry count for : http://localhost:58690 : 1
17:05:27.593 [AsyncHttpClient-1-1] DEBUG org.asynchttpclient.netty.channel.DefaultChannelPool -- Adding Candidate expired Channel [id: 0x59070172, L:/127.0.0.1:58696 ! R:localhost/127.0.0.1:58690] isIdleTimeoutExpired=false isRemotelyClosed=true isTtlExpired=false
17:05:27.593 [AsyncHttpClient-1-1] DEBUG org.asynchttpclient.netty.channel.DefaultChannelPool -- Closing Idle Channel [id: 0x59070172, L:/127.0.0.1:58696 ! R:localhost/127.0.0.1:58690]
17:05:27.593 [AsyncHttpClient-1-1] DEBUG org.asynchttpclient.netty.channel.DefaultChannelPool -- Closed 1 connections out of 2 in 0 ms
17:05:27.608 [AsyncHttpClient-1-3] DEBUG org.asynchttpclient.netty.handler.HttpHandler -- Channel Closed: [id: 0x6068ab9d, L:/127.0.0.1:58689 ! R:localhost/127.0.0.1:3590] with attribute DISCARD
17:05:27.673 [main] DEBUG io.github.bonigarcia.wdm.WebDriverManager -- Using WebDriverManager 5.5.3
17:05:27.679 [main] DEBUG io.github.bonigarcia.wdm.cache.ResolutionCache -- Resolution chrome=131 in cache (valid until 17:53:13 03/01/2025 IST)
17:05:27.680 [main] DEBUG io.github.bonigarcia.wdm.cache.ResolutionCache -- Resolution chrome131=131.0.6778.204 in cache (valid until 16:53:13 04/01/2025 IST)
17:05:27.680 [main] INFO io.github.bonigarcia.wdm.WebDriverManager -- Using chromedriver 131.0.6778.204 (resolved driver for Chrome 131)
17:05:27.683 [main] DEBUG io.github.bonigarcia.wdm.WebDriverManager -- Driver chromedriver 131.0.6778.204 found in cache
17:05:27.683 [main] INFO io.github.bonigarcia.wdm.WebDriverManager -- Exporting webdriver.chrome.driver as C:\Users\sasitharan\.cache\selenium\chromedriver\win64\131.0.6778.204\chromedriver.exe
17:05:27.757 [AsyncHttpClient-1-6] DEBUG org.asynchttpclient.netty.channel.NettyConnectListener -- Using new Channel '[id: 0x850ca832, L:/127.0.0.1:58709 - R:localhost/127.0.0.1:5599]' for 'POST' to '/session'
17:05:28.624 [AsyncHttpClient-1-6] DEBUG org.asynchttpclient.netty.handler.HttpHandler -- 

Request DefaultHttpRequest(decodeResult: success, version: HTTP/1.1)
POST /session HTTP/1.1
User-Agent: selenium/4.12.0 (java windows)
Content-Length: 254
Content-Type: application/json; charset=utf-8
host: localhost:5599
accept: */*

Response DefaultHttpResponse(decodeResult: success, version: HTTP/1.1)
HTTP/1.1 200 OK
Content-Length: 885
Content-Type: application/json; charset=utf-8
cache-control: no-cache

17:05:28.624 [AsyncHttpClient-1-6] DEBUG org.asynchttpclient.netty.channel.ChannelManager -- Adding key: http://localhost:5599 for channel [id: 0x850ca832, L:/127.0.0.1:58709 - R:localhost/127.0.0.1:5599]
17:05:28.632 [AsyncHttpClient-1-7] DEBUG org.asynchttpclient.netty.channel.NettyConnectListener -- Using new Channel '[id: 0xb6c7fc27, L:/127.0.0.1:58716 - R:localhost/127.0.0.1:58710]' for 'GET' to '/json/version'
17:05:28.633 [AsyncHttpClient-1-7] DEBUG org.asynchttpclient.netty.handler.HttpHandler -- 

Request DefaultFullHttpRequest(decodeResult: success, version: HTTP/1.1, content: EmptyByteBufBE)
GET /json/version HTTP/1.1
User-Agent: selenium/4.12.0 (java windows)
host: localhost:58710
accept: */*

Response DefaultHttpResponse(decodeResult: success, version: HTTP/1.1)
HTTP/1.1 200 OK
Content-Security-Policy: frame-ancestors 'none'
Content-Length: 424
Content-Type: application/json; charset=UTF-8

17:05:28.633 [AsyncHttpClient-1-7] DEBUG org.asynchttpclient.netty.channel.ChannelManager -- Adding key: http://localhost:58710 for channel [id: 0xb6c7fc27, L:/127.0.0.1:58716 - R:localhost/127.0.0.1:58710]
17:05:28.636 [AsyncHttpClient-1-8] DEBUG org.asynchttpclient.netty.channel.NettyConnectListener -- Using new Channel '[id: 0xe2d110af, L:/127.0.0.1:58717 - R:localhost/127.0.0.1:58710]' for 'GET' to '/devtools/browser/13327e10-e21a-4f81-b176-b3bb7dc7e983'
17:05:28.638 [AsyncHttpClient-1-8] DEBUG org.asynchttpclient.netty.handler.WebSocketHandler -- 

Request DefaultFullHttpRequest(decodeResult: success, version: HTTP/1.1, content: EmptyByteBufBE)
GET /devtools/browser/13327e10-e21a-4f81-b176-b3bb7dc7e983 HTTP/1.1
upgrade: websocket
connection: upgrade
sec-websocket-key: DNMIlATaKUoebIvVIRSnsg==
sec-websocket-version: 13
origin: http://localhost:58710
host: localhost:58710
accept: */*
user-agent: AHC/2.1

Response DefaultHttpResponse(decodeResult: success, version: HTTP/1.1)
HTTP/1.1 101 WebSocket Protocol Handshake
Upgrade: WebSocket
Connection: Upgrade
Sec-WebSocket-Accept: baLccNf2zfhjo5vCiPJFkWqmDDY=

17:05:28.642 [Forwarding maximizeCurrentWindow on session f89d2815e1b2720174784d565275e880 to remote] DEBUG org.asynchttpclient.netty.request.NettyRequestSender -- Using pooled Channel '[id: 0x850ca832, L:/127.0.0.1:58709 - R:localhost/127.0.0.1:5599]' for 'POST' to 'http://localhost:5599/session/f89d2815e1b2720174784d565275e880/window/maximize'
17:05:28.642 [Forwarding maximizeCurrentWindow on session f89d2815e1b2720174784d565275e880 to remote] DEBUG org.asynchttpclient.netty.request.NettyRequestSender -- Using open Channel [id: 0x850ca832, L:/127.0.0.1:58709 - R:localhost/127.0.0.1:5599] for POST '/session/f89d2815e1b2720174784d565275e880/window/maximize'
17:05:28.689 [AsyncHttpClient-1-1] DEBUG org.asynchttpclient.netty.channel.DefaultChannelPool -- Entry count for : http://localhost:3590 : 1
17:05:28.689 [AsyncHttpClient-1-1] DEBUG org.asynchttpclient.netty.channel.DefaultChannelPool -- Entry count for : http://localhost:58710 : 1
17:05:28.689 [AsyncHttpClient-1-1] DEBUG org.asynchttpclient.netty.channel.DefaultChannelPool -- Adding Candidate expired Channel [id: 0x6068ab9d, L:/127.0.0.1:58689 ! R:localhost/127.0.0.1:3590] isIdleTimeoutExpired=false isRemotelyClosed=true isTtlExpired=false
17:05:28.689 [AsyncHttpClient-1-1] DEBUG org.asynchttpclient.netty.channel.DefaultChannelPool -- Closing Idle Channel [id: 0x6068ab9d, L:/127.0.0.1:58689 ! R:localhost/127.0.0.1:3590]
17:05:28.689 [AsyncHttpClient-1-1] DEBUG org.asynchttpclient.netty.channel.DefaultChannelPool -- Closed 1 connections out of 2 in 0 ms
17:05:28.704 [AsyncHttpClient-1-6] DEBUG org.asynchttpclient.netty.handler.HttpHandler -- 

Request DefaultHttpRequest(decodeResult: success, version: HTTP/1.1)
POST /session/f89d2815e1b2720174784d565275e880/window/maximize HTTP/1.1
User-Agent: selenium/4.12.0 (java windows)
Content-Length: 3
Content-Type: application/json; charset=utf-8
host: localhost:5599
accept: */*

Response DefaultHttpResponse(decodeResult: success, version: HTTP/1.1)
HTTP/1.1 200 OK
Content-Length: 51
Content-Type: application/json; charset=utf-8
cache-control: no-cache

17:05:28.704 [AsyncHttpClient-1-6] DEBUG org.asynchttpclient.netty.channel.ChannelManager -- Adding key: http://localhost:5599 for channel [id: 0x850ca832, L:/127.0.0.1:58709 - R:localhost/127.0.0.1:5599]
17:05:28.705 [Forwarding get on session f89d2815e1b2720174784d565275e880 to remote] DEBUG org.asynchttpclient.netty.request.NettyRequestSender -- Using pooled Channel '[id: 0x850ca832, L:/127.0.0.1:58709 - R:localhost/127.0.0.1:5599]' for 'POST' to 'http://localhost:5599/session/f89d2815e1b2720174784d565275e880/url'
17:05:28.705 [Forwarding get on session f89d2815e1b2720174784d565275e880 to remote] DEBUG org.asynchttpclient.netty.request.NettyRequestSender -- Using open Channel [id: 0x850ca832, L:/127.0.0.1:58709 - R:localhost/127.0.0.1:5599] for POST '/session/f89d2815e1b2720174784d565275e880/url'
17:05:29.798 [AsyncHttpClient-1-1] DEBUG org.asynchttpclient.netty.channel.DefaultChannelPool -- Entry count for : http://localhost:58710 : 1
17:05:29.905 [AsyncHttpClient-1-6] DEBUG org.asynchttpclient.netty.handler.HttpHandler -- 

Request DefaultHttpRequest(decodeResult: success, version: HTTP/1.1)
POST /session/f89d2815e1b2720174784d565275e880/url HTTP/1.1
User-Agent: selenium/4.12.0 (java windows)
Content-Length: 58
Content-Type: application/json; charset=utf-8
host: localhost:5599
accept: */*

Response DefaultHttpResponse(decodeResult: success, version: HTTP/1.1)
HTTP/1.1 200 OK
Content-Length: 14
Content-Type: application/json; charset=utf-8
cache-control: no-cache

17:05:29.905 [AsyncHttpClient-1-6] DEBUG org.asynchttpclient.netty.channel.ChannelManager -- Adding key: http://localhost:5599 for channel [id: 0x850ca832, L:/127.0.0.1:58709 - R:localhost/127.0.0.1:5599]
17:05:29.910 [Forwarding findElement on session f89d2815e1b2720174784d565275e880 to remote] DEBUG org.asynchttpclient.netty.request.NettyRequestSender -- Using pooled Channel '[id: 0x850ca832, L:/127.0.0.1:58709 - R:localhost/127.0.0.1:5599]' for 'POST' to 'http://localhost:5599/session/f89d2815e1b2720174784d565275e880/element'
17:05:29.910 [Forwarding findElement on session f89d2815e1b2720174784d565275e880 to remote] DEBUG org.asynchttpclient.netty.request.NettyRequestSender -- Using open Channel [id: 0x850ca832, L:/127.0.0.1:58709 - R:localhost/127.0.0.1:5599] for POST '/session/f89d2815e1b2720174784d565275e880/element'
17:05:29.929 [AsyncHttpClient-1-6] DEBUG org.asynchttpclient.netty.handler.HttpHandler -- 

Request DefaultHttpRequest(decodeResult: success, version: HTTP/1.1)
POST /session/f89d2815e1b2720174784d565275e880/element HTTP/1.1
User-Agent: selenium/4.12.0 (java windows)
Content-Length: 49
Content-Type: application/json; charset=utf-8
host: localhost:5599
accept: */*

Response DefaultHttpResponse(decodeResult: success, version: HTTP/1.1)
HTTP/1.1 200 OK
Content-Length: 126
Content-Type: application/json; charset=utf-8
cache-control: no-cache

17:05:29.929 [AsyncHttpClient-1-6] DEBUG org.asynchttpclient.netty.channel.ChannelManager -- Adding key: http://localhost:5599 for channel [id: 0x850ca832, L:/127.0.0.1:58709 - R:localhost/127.0.0.1:5599]
17:05:29.930 [Forwarding clickElement on session f89d2815e1b2720174784d565275e880 to remote] DEBUG org.asynchttpclient.netty.request.NettyRequestSender -- Using pooled Channel '[id: 0x850ca832, L:/127.0.0.1:58709 - R:localhost/127.0.0.1:5599]' for 'POST' to 'http://localhost:5599/session/f89d2815e1b2720174784d565275e880/element/f.3C4AF9C36FC6255469F6F8030453AFFA.d.F279CB058E666738E3B81943EEDD7726.e.21/click'
17:05:29.930 [Forwarding clickElement on session f89d2815e1b2720174784d565275e880 to remote] DEBUG org.asynchttpclient.netty.request.NettyRequestSender -- Using open Channel [id: 0x850ca832, L:/127.0.0.1:58709 - R:localhost/127.0.0.1:5599] for POST '/session/f89d2815e1b2720174784d565275e880/element/f.3C4AF9C36FC6255469F6F8030453AFFA.d.F279CB058E666738E3B81943EEDD7726.e.21/click'
17:05:30.049 [AsyncHttpClient-1-6] DEBUG org.asynchttpclient.netty.handler.HttpHandler -- 

Request DefaultHttpRequest(decodeResult: success, version: HTTP/1.1)
POST /session/f89d2815e1b2720174784d565275e880/element/f.3C4AF9C36FC6255469F6F8030453AFFA.d.F279CB058E666738E3B81943EEDD7726.e.21/click HTTP/1.1
User-Agent: selenium/4.12.0 (java windows)
Content-Length: 88
Content-Type: application/json; charset=utf-8
host: localhost:5599
accept: */*

Response DefaultHttpResponse(decodeResult: success, version: HTTP/1.1)
HTTP/1.1 200 OK
Content-Length: 14
Content-Type: application/json; charset=utf-8
cache-control: no-cache

17:05:30.049 [AsyncHttpClient-1-6] DEBUG org.asynchttpclient.netty.channel.ChannelManager -- Adding key: http://localhost:5599 for channel [id: 0x850ca832, L:/127.0.0.1:58709 - R:localhost/127.0.0.1:5599]
17:05:30.050 [Forwarding findElement on session f89d2815e1b2720174784d565275e880 to remote] DEBUG org.asynchttpclient.netty.request.NettyRequestSender -- Using pooled Channel '[id: 0x850ca832, L:/127.0.0.1:58709 - R:localhost/127.0.0.1:5599]' for 'POST' to 'http://localhost:5599/session/f89d2815e1b2720174784d565275e880/element'
17:05:30.050 [Forwarding findElement on session f89d2815e1b2720174784d565275e880 to remote] DEBUG org.asynchttpclient.netty.request.NettyRequestSender -- Using open Channel [id: 0x850ca832, L:/127.0.0.1:58709 - R:localhost/127.0.0.1:5599] for POST '/session/f89d2815e1b2720174784d565275e880/element'
17:05:30.068 [AsyncHttpClient-1-6] DEBUG org.asynchttpclient.netty.handler.HttpHandler -- 

Request DefaultHttpRequest(decodeResult: success, version: HTTP/1.1)
POST /session/f89d2815e1b2720174784d565275e880/element HTTP/1.1
User-Agent: selenium/4.12.0 (java windows)
Content-Length: 53
Content-Type: application/json; charset=utf-8
host: localhost:5599
accept: */*

Response DefaultHttpResponse(decodeResult: success, version: HTTP/1.1)
HTTP/1.1 200 OK
Content-Length: 126
Content-Type: application/json; charset=utf-8
cache-control: no-cache

17:05:30.068 [AsyncHttpClient-1-6] DEBUG org.asynchttpclient.netty.channel.ChannelManager -- Adding key: http://localhost:5599 for channel [id: 0x850ca832, L:/127.0.0.1:58709 - R:localhost/127.0.0.1:5599]
17:05:30.070 [Forwarding sendKeysToElement on session f89d2815e1b2720174784d565275e880 to remote] DEBUG org.asynchttpclient.netty.request.NettyRequestSender -- Using pooled Channel '[id: 0x850ca832, L:/127.0.0.1:58709 - R:localhost/127.0.0.1:5599]' for 'POST' to 'http://localhost:5599/session/f89d2815e1b2720174784d565275e880/element/f.3C4AF9C36FC6255469F6F8030453AFFA.d.F279CB058E666738E3B81943EEDD7726.e.26/value'
17:05:30.070 [Forwarding sendKeysToElement on session f89d2815e1b2720174784d565275e880 to remote] DEBUG org.asynchttpclient.netty.request.NettyRequestSender -- Using open Channel [id: 0x850ca832, L:/127.0.0.1:58709 - R:localhost/127.0.0.1:5599] for POST '/session/f89d2815e1b2720174784d565275e880/element/f.3C4AF9C36FC6255469F6F8030453AFFA.d.F279CB058E666738E3B81943EEDD7726.e.26/value'
17:05:30.180 [AsyncHttpClient-1-6] DEBUG org.asynchttpclient.netty.handler.HttpHandler -- 

Request DefaultHttpRequest(decodeResult: success, version: HTTP/1.1)
POST /session/f89d2815e1b2720174784d565275e880/element/f.3C4AF9C36FC6255469F6F8030453AFFA.d.F279CB058E666738E3B81943EEDD7726.e.26/value HTTP/1.1
User-Agent: selenium/4.12.0 (java windows)
Content-Length: 229
Content-Type: application/json; charset=utf-8
host: localhost:5599
accept: */*

Response DefaultHttpResponse(decodeResult: success, version: HTTP/1.1)
HTTP/1.1 200 OK
Content-Length: 14
Content-Type: application/json; charset=utf-8
cache-control: no-cache

17:05:30.180 [AsyncHttpClient-1-6] DEBUG org.asynchttpclient.netty.channel.ChannelManager -- Adding key: http://localhost:5599 for channel [id: 0x850ca832, L:/127.0.0.1:58709 - R:localhost/127.0.0.1:5599]
17:05:30.182 [Forwarding findElement on session f89d2815e1b2720174784d565275e880 to remote] DEBUG org.asynchttpclient.netty.request.NettyRequestSender -- Using pooled Channel '[id: 0x850ca832, L:/127.0.0.1:58709 - R:localhost/127.0.0.1:5599]' for 'POST' to 'http://localhost:5599/session/f89d2815e1b2720174784d565275e880/element'
17:05:30.182 [Forwarding findElement on session f89d2815e1b2720174784d565275e880 to remote] DEBUG org.asynchttpclient.netty.request.NettyRequestSender -- Using open Channel [id: 0x850ca832, L:/127.0.0.1:58709 - R:localhost/127.0.0.1:5599] for POST '/session/f89d2815e1b2720174784d565275e880/element'
17:05:30.194 [AsyncHttpClient-1-6] DEBUG org.asynchttpclient.netty.handler.HttpHandler -- 

Request DefaultHttpRequest(decodeResult: success, version: HTTP/1.1)
POST /session/f89d2815e1b2720174784d565275e880/element HTTP/1.1
User-Agent: selenium/4.12.0 (java windows)
Content-Length: 54
Content-Type: application/json; charset=utf-8
host: localhost:5599
accept: */*

Response DefaultHttpResponse(decodeResult: success, version: HTTP/1.1)
HTTP/1.1 200 OK
Content-Length: 126
Content-Type: application/json; charset=utf-8
cache-control: no-cache

17:05:30.194 [AsyncHttpClient-1-6] DEBUG org.asynchttpclient.netty.channel.ChannelManager -- Adding key: http://localhost:5599 for channel [id: 0x850ca832, L:/127.0.0.1:58709 - R:localhost/127.0.0.1:5599]
17:05:30.195 [Forwarding sendKeysToElement on session f89d2815e1b2720174784d565275e880 to remote] DEBUG org.asynchttpclient.netty.request.NettyRequestSender -- Using pooled Channel '[id: 0x850ca832, L:/127.0.0.1:58709 - R:localhost/127.0.0.1:5599]' for 'POST' to 'http://localhost:5599/session/f89d2815e1b2720174784d565275e880/element/f.3C4AF9C36FC6255469F6F8030453AFFA.d.F279CB058E666738E3B81943EEDD7726.e.29/value'
17:05:30.195 [Forwarding sendKeysToElement on session f89d2815e1b2720174784d565275e880 to remote] DEBUG org.asynchttpclient.netty.request.NettyRequestSender -- Using open Channel [id: 0x850ca832, L:/127.0.0.1:58709 - R:localhost/127.0.0.1:5599] for POST '/session/f89d2815e1b2720174784d565275e880/element/f.3C4AF9C36FC6255469F6F8030453AFFA.d.F279CB058E666738E3B81943EEDD7726.e.29/value'
17:05:30.248 [AsyncHttpClient-1-6] DEBUG org.asynchttpclient.netty.handler.HttpHandler -- 

Request DefaultHttpRequest(decodeResult: success, version: HTTP/1.1)
POST /session/f89d2815e1b2720174784d565275e880/element/f.3C4AF9C36FC6255469F6F8030453AFFA.d.F279CB058E666738E3B81943EEDD7726.e.29/value HTTP/1.1
User-Agent: selenium/4.12.0 (java windows)
Content-Length: 159
Content-Type: application/json; charset=utf-8
host: localhost:5599
accept: */*

Response DefaultHttpResponse(decodeResult: success, version: HTTP/1.1)
HTTP/1.1 200 OK
Content-Length: 14
Content-Type: application/json; charset=utf-8
cache-control: no-cache

17:05:30.249 [AsyncHttpClient-1-6] DEBUG org.asynchttpclient.netty.channel.ChannelManager -- Adding key: http://localhost:5599 for channel [id: 0x850ca832, L:/127.0.0.1:58709 - R:localhost/127.0.0.1:5599]
17:05:30.250 [Forwarding findElement on session f89d2815e1b2720174784d565275e880 to remote] DEBUG org.asynchttpclient.netty.request.NettyRequestSender -- Using pooled Channel '[id: 0x850ca832, L:/127.0.0.1:58709 - R:localhost/127.0.0.1:5599]' for 'POST' to 'http://localhost:5599/session/f89d2815e1b2720174784d565275e880/element'
17:05:30.250 [Forwarding findElement on session f89d2815e1b2720174784d565275e880 to remote] DEBUG org.asynchttpclient.netty.request.NettyRequestSender -- Using open Channel [id: 0x850ca832, L:/127.0.0.1:58709 - R:localhost/127.0.0.1:5599] for POST '/session/f89d2815e1b2720174784d565275e880/element'
17:05:30.265 [AsyncHttpClient-1-6] DEBUG org.asynchttpclient.netty.handler.HttpHandler -- 

Request DefaultHttpRequest(decodeResult: success, version: HTTP/1.1)
POST /session/f89d2815e1b2720174784d565275e880/element HTTP/1.1
User-Agent: selenium/4.12.0 (java windows)
Content-Length: 53
Content-Type: application/json; charset=utf-8
host: localhost:5599
accept: */*

Response DefaultHttpResponse(decodeResult: success, version: HTTP/1.1)
HTTP/1.1 200 OK
Content-Length: 126
Content-Type: application/json; charset=utf-8
cache-control: no-cache

17:05:30.266 [AsyncHttpClient-1-6] DEBUG org.asynchttpclient.netty.channel.ChannelManager -- Adding key: http://localhost:5599 for channel [id: 0x850ca832, L:/127.0.0.1:58709 - R:localhost/127.0.0.1:5599]
17:05:30.267 [Forwarding sendKeysToElement on session f89d2815e1b2720174784d565275e880 to remote] DEBUG org.asynchttpclient.netty.request.NettyRequestSender -- Using pooled Channel '[id: 0x850ca832, L:/127.0.0.1:58709 - R:localhost/127.0.0.1:5599]' for 'POST' to 'http://localhost:5599/session/f89d2815e1b2720174784d565275e880/element/f.3C4AF9C36FC6255469F6F8030453AFFA.d.F279CB058E666738E3B81943EEDD7726.e.30/value'
17:05:30.267 [Forwarding sendKeysToElement on session f89d2815e1b2720174784d565275e880 to remote] DEBUG org.asynchttpclient.netty.request.NettyRequestSender -- Using open Channel [id: 0x850ca832, L:/127.0.0.1:58709 - R:localhost/127.0.0.1:5599] for POST '/session/f89d2815e1b2720174784d565275e880/element/f.3C4AF9C36FC6255469F6F8030453AFFA.d.F279CB058E666738E3B81943EEDD7726.e.30/value'
17:05:30.332 [AsyncHttpClient-1-6] DEBUG org.asynchttpclient.netty.handler.HttpHandler -- 

Request DefaultHttpRequest(decodeResult: success, version: HTTP/1.1)
POST /session/f89d2815e1b2720174784d565275e880/element/f.3C4AF9C36FC6255469F6F8030453AFFA.d.F279CB058E666738E3B81943EEDD7726.e.30/value HTTP/1.1
User-Agent: selenium/4.12.0 (java windows)
Content-Length: 199
Content-Type: application/json; charset=utf-8
host: localhost:5599
accept: */*

Response DefaultHttpResponse(decodeResult: success, version: HTTP/1.1)
HTTP/1.1 200 OK
Content-Length: 14
Content-Type: application/json; charset=utf-8
cache-control: no-cache

17:05:30.332 [AsyncHttpClient-1-6] DEBUG org.asynchttpclient.netty.channel.ChannelManager -- Adding key: http://localhost:5599 for channel [id: 0x850ca832, L:/127.0.0.1:58709 - R:localhost/127.0.0.1:5599]
17:05:30.333 [Forwarding findElement on session f89d2815e1b2720174784d565275e880 to remote] DEBUG org.asynchttpclient.netty.request.NettyRequestSender -- Using pooled Channel '[id: 0x850ca832, L:/127.0.0.1:58709 - R:localhost/127.0.0.1:5599]' for 'POST' to 'http://localhost:5599/session/f89d2815e1b2720174784d565275e880/element'
17:05:30.333 [Forwarding findElement on session f89d2815e1b2720174784d565275e880 to remote] DEBUG org.asynchttpclient.netty.request.NettyRequestSender -- Using open Channel [id: 0x850ca832, L:/127.0.0.1:58709 - R:localhost/127.0.0.1:5599] for POST '/session/f89d2815e1b2720174784d565275e880/element'
17:05:30.345 [AsyncHttpClient-1-6] DEBUG org.asynchttpclient.netty.handler.HttpHandler -- 

Request DefaultHttpRequest(decodeResult: success, version: HTTP/1.1)
POST /session/f89d2815e1b2720174784d565275e880/element HTTP/1.1
User-Agent: selenium/4.12.0 (java windows)
Content-Length: 53
Content-Type: application/json; charset=utf-8
host: localhost:5599
accept: */*

Response DefaultHttpResponse(decodeResult: success, version: HTTP/1.1)
HTTP/1.1 200 OK
Content-Length: 126
Content-Type: application/json; charset=utf-8
cache-control: no-cache

17:05:30.345 [AsyncHttpClient-1-6] DEBUG org.asynchttpclient.netty.channel.ChannelManager -- Adding key: http://localhost:5599 for channel [id: 0x850ca832, L:/127.0.0.1:58709 - R:localhost/127.0.0.1:5599]
17:05:30.346 [Forwarding sendKeysToElement on session f89d2815e1b2720174784d565275e880 to remote] DEBUG org.asynchttpclient.netty.request.NettyRequestSender -- Using pooled Channel '[id: 0x850ca832, L:/127.0.0.1:58709 - R:localhost/127.0.0.1:5599]' for 'POST' to 'http://localhost:5599/session/f89d2815e1b2720174784d565275e880/element/f.3C4AF9C36FC6255469F6F8030453AFFA.d.F279CB058E666738E3B81943EEDD7726.e.22/value'
17:05:30.346 [Forwarding sendKeysToElement on session f89d2815e1b2720174784d565275e880 to remote] DEBUG org.asynchttpclient.netty.request.NettyRequestSender -- Using open Channel [id: 0x850ca832, L:/127.0.0.1:58709 - R:localhost/127.0.0.1:5599] for POST '/session/f89d2815e1b2720174784d565275e880/element/f.3C4AF9C36FC6255469F6F8030453AFFA.d.F279CB058E666738E3B81943EEDD7726.e.22/value'
17:05:30.394 [AsyncHttpClient-1-6] DEBUG org.asynchttpclient.netty.handler.HttpHandler -- 

Request DefaultHttpRequest(decodeResult: success, version: HTTP/1.1)
POST /session/f89d2815e1b2720174784d565275e880/element/f.3C4AF9C36FC6255469F6F8030453AFFA.d.F279CB058E666738E3B81943EEDD7726.e.22/value HTTP/1.1
User-Agent: selenium/4.12.0 (java windows)
Content-Length: 149
Content-Type: application/json; charset=utf-8
host: localhost:5599
accept: */*

Response DefaultHttpResponse(decodeResult: success, version: HTTP/1.1)
HTTP/1.1 200 OK
Content-Length: 14
Content-Type: application/json; charset=utf-8
cache-control: no-cache

17:05:30.394 [AsyncHttpClient-1-6] DEBUG org.asynchttpclient.netty.channel.ChannelManager -- Adding key: http://localhost:5599 for channel [id: 0x850ca832, L:/127.0.0.1:58709 - R:localhost/127.0.0.1:5599]
17:05:30.395 [Forwarding findElement on session f89d2815e1b2720174784d565275e880 to remote] DEBUG org.asynchttpclient.netty.request.NettyRequestSender -- Using pooled Channel '[id: 0x850ca832, L:/127.0.0.1:58709 - R:localhost/127.0.0.1:5599]' for 'POST' to 'http://localhost:5599/session/f89d2815e1b2720174784d565275e880/element'
17:05:30.395 [Forwarding findElement on session f89d2815e1b2720174784d565275e880 to remote] DEBUG org.asynchttpclient.netty.request.NettyRequestSender -- Using open Channel [id: 0x850ca832, L:/127.0.0.1:58709 - R:localhost/127.0.0.1:5599] for POST '/session/f89d2815e1b2720174784d565275e880/element'
17:05:30.407 [AsyncHttpClient-1-6] DEBUG org.asynchttpclient.netty.handler.HttpHandler -- 

Request DefaultHttpRequest(decodeResult: success, version: HTTP/1.1)
POST /session/f89d2815e1b2720174784d565275e880/element HTTP/1.1
User-Agent: selenium/4.12.0 (java windows)
Content-Length: 60
Content-Type: application/json; charset=utf-8
host: localhost:5599
accept: */*

Response DefaultHttpResponse(decodeResult: success, version: HTTP/1.1)
HTTP/1.1 200 OK
Content-Length: 126
Content-Type: application/json; charset=utf-8
cache-control: no-cache

17:05:30.408 [AsyncHttpClient-1-6] DEBUG org.asynchttpclient.netty.channel.ChannelManager -- Adding key: http://localhost:5599 for channel [id: 0x850ca832, L:/127.0.0.1:58709 - R:localhost/127.0.0.1:5599]
17:05:30.408 [Forwarding sendKeysToElement on session f89d2815e1b2720174784d565275e880 to remote] DEBUG org.asynchttpclient.netty.request.NettyRequestSender -- Using pooled Channel '[id: 0x850ca832, L:/127.0.0.1:58709 - R:localhost/127.0.0.1:5599]' for 'POST' to 'http://localhost:5599/session/f89d2815e1b2720174784d565275e880/element/f.3C4AF9C36FC6255469F6F8030453AFFA.d.F279CB058E666738E3B81943EEDD7726.e.23/value'
17:05:30.408 [Forwarding sendKeysToElement on session f89d2815e1b2720174784d565275e880 to remote] DEBUG org.asynchttpclient.netty.request.NettyRequestSender -- Using open Channel [id: 0x850ca832, L:/127.0.0.1:58709 - R:localhost/127.0.0.1:5599] for POST '/session/f89d2815e1b2720174784d565275e880/element/f.3C4AF9C36FC6255469F6F8030453AFFA.d.F279CB058E666738E3B81943EEDD7726.e.23/value'
17:05:30.463 [AsyncHttpClient-1-6] DEBUG org.asynchttpclient.netty.handler.HttpHandler -- 

Request DefaultHttpRequest(decodeResult: success, version: HTTP/1.1)
POST /session/f89d2815e1b2720174784d565275e880/element/f.3C4AF9C36FC6255469F6F8030453AFFA.d.F279CB058E666738E3B81943EEDD7726.e.23/value HTTP/1.1
User-Agent: selenium/4.12.0 (java windows)
Content-Length: 149
Content-Type: application/json; charset=utf-8
host: localhost:5599
accept: */*

Response DefaultHttpResponse(decodeResult: success, version: HTTP/1.1)
HTTP/1.1 200 OK
Content-Length: 14
Content-Type: application/json; charset=utf-8
cache-control: no-cache

17:05:30.463 [AsyncHttpClient-1-6] DEBUG org.asynchttpclient.netty.channel.ChannelManager -- Adding key: http://localhost:5599 for channel [id: 0x850ca832, L:/127.0.0.1:58709 - R:localhost/127.0.0.1:5599]
17:05:30.464 [Forwarding findElement on session f89d2815e1b2720174784d565275e880 to remote] DEBUG org.asynchttpclient.netty.request.NettyRequestSender -- Using pooled Channel '[id: 0x850ca832, L:/127.0.0.1:58709 - R:localhost/127.0.0.1:5599]' for 'POST' to 'http://localhost:5599/session/f89d2815e1b2720174784d565275e880/element'
17:05:30.464 [Forwarding findElement on session f89d2815e1b2720174784d565275e880 to remote] DEBUG org.asynchttpclient.netty.request.NettyRequestSender -- Using open Channel [id: 0x850ca832, L:/127.0.0.1:58709 - R:localhost/127.0.0.1:5599] for POST '/session/f89d2815e1b2720174784d565275e880/element'
17:05:30.479 [AsyncHttpClient-1-6] DEBUG org.asynchttpclient.netty.handler.HttpHandler -- 

Request DefaultHttpRequest(decodeResult: success, version: HTTP/1.1)
POST /session/f89d2815e1b2720174784d565275e880/element HTTP/1.1
User-Agent: selenium/4.12.0 (java windows)
Content-Length: 65
Content-Type: application/json; charset=utf-8
host: localhost:5599
accept: */*

Response DefaultHttpResponse(decodeResult: success, version: HTTP/1.1)
HTTP/1.1 200 OK
Content-Length: 126
Content-Type: application/json; charset=utf-8
cache-control: no-cache

17:05:30.479 [AsyncHttpClient-1-6] DEBUG org.asynchttpclient.netty.channel.ChannelManager -- Adding key: http://localhost:5599 for channel [id: 0x850ca832, L:/127.0.0.1:58709 - R:localhost/127.0.0.1:5599]
17:05:30.480 [Forwarding clickElement on session f89d2815e1b2720174784d565275e880 to remote] DEBUG org.asynchttpclient.netty.request.NettyRequestSender -- Using pooled Channel '[id: 0x850ca832, L:/127.0.0.1:58709 - R:localhost/127.0.0.1:5599]' for 'POST' to 'http://localhost:5599/session/f89d2815e1b2720174784d565275e880/element/f.3C4AF9C36FC6255469F6F8030453AFFA.d.F279CB058E666738E3B81943EEDD7726.e.17/click'
17:05:30.480 [Forwarding clickElement on session f89d2815e1b2720174784d565275e880 to remote] DEBUG org.asynchttpclient.netty.request.NettyRequestSender -- Using open Channel [id: 0x850ca832, L:/127.0.0.1:58709 - R:localhost/127.0.0.1:5599] for POST '/session/f89d2815e1b2720174784d565275e880/element/f.3C4AF9C36FC6255469F6F8030453AFFA.d.F279CB058E666738E3B81943EEDD7726.e.17/click'
17:05:30.563 [AsyncHttpClient-1-6] DEBUG org.asynchttpclient.netty.handler.HttpHandler -- 

Request DefaultHttpRequest(decodeResult: success, version: HTTP/1.1)
POST /session/f89d2815e1b2720174784d565275e880/element/f.3C4AF9C36FC6255469F6F8030453AFFA.d.F279CB058E666738E3B81943EEDD7726.e.17/click HTTP/1.1
User-Agent: selenium/4.12.0 (java windows)
Content-Length: 88
Content-Type: application/json; charset=utf-8
host: localhost:5599
accept: */*

Response DefaultHttpResponse(decodeResult: success, version: HTTP/1.1)
HTTP/1.1 200 OK
Content-Length: 14
Content-Type: application/json; charset=utf-8
cache-control: no-cache

17:05:30.563 [AsyncHttpClient-1-6] DEBUG org.asynchttpclient.netty.channel.ChannelManager -- Adding key: http://localhost:5599 for channel [id: 0x850ca832, L:/127.0.0.1:58709 - R:localhost/127.0.0.1:5599]
17:05:30.564 [Forwarding getPageSource on session f89d2815e1b2720174784d565275e880 to remote] DEBUG org.asynchttpclient.netty.request.NettyRequestSender -- Using pooled Channel '[id: 0x850ca832, L:/127.0.0.1:58709 - R:localhost/127.0.0.1:5599]' for 'POST' to 'http://localhost:5599/session/f89d2815e1b2720174784d565275e880/execute/sync'
17:05:30.564 [Forwarding getPageSource on session f89d2815e1b2720174784d565275e880 to remote] DEBUG org.asynchttpclient.netty.request.NettyRequestSender -- Using open Channel [id: 0x850ca832, L:/127.0.0.1:58709 - R:localhost/127.0.0.1:5599] for POST '/session/f89d2815e1b2720174784d565275e880/execute/sync'
17:05:30.574 [AsyncHttpClient-1-6] DEBUG org.asynchttpclient.netty.handler.HttpHandler -- 

Request DefaultHttpRequest(decodeResult: success, version: HTTP/1.1)
POST /session/f89d2815e1b2720174784d565275e880/execute/sync HTTP/1.1
User-Agent: selenium/4.12.0 (java windows)
Content-Length: 176
Content-Type: application/json; charset=utf-8
host: localhost:5599
accept: */*

Response DefaultHttpResponse(decodeResult: success, version: HTTP/1.1)
HTTP/1.1 200 OK
Content-Length: 7571
Content-Type: application/json; charset=utf-8
cache-control: no-cache

17:05:30.575 [AsyncHttpClient-1-6] DEBUG org.asynchttpclient.netty.channel.ChannelManager -- Adding key: http://localhost:5599 for channel [id: 0x850ca832, L:/127.0.0.1:58709 - R:localhost/127.0.0.1:5599]
]]></system-out>
    <system-err><![CDATA[Jan 03, 2025 5:05:28 PM org.openqa.selenium.devtools.CdpVersionFinder findNearestMatch
WARNING: Unable to find CDP implementation matching 131
Jan 03, 2025 5:05:28 PM org.openqa.selenium.chromium.ChromiumDriver lambda$new$5
WARNING: Unable to find version of CDP to use for 131.0.6778.205. You may need to include a dependency on a specific version of the CDP using something similar to `org.seleniumhq.selenium:selenium-devtools-v86:4.12.0` where the version ("v86") matches the version of the chromium-based browser you're using and the version number of the artifact is the same as Selenium's.
]]></system-err>
  </testcase>
  <testcase name="testunSuccessfulRegistrationWhileExistingUsername" classname="UITestCases.BuggyCarsUITests" time="2.197">
    <system-out><![CDATA[17:05:30.579 [AsyncHttpClient-1-8] DEBUG org.asynchttpclient.netty.handler.WebSocketHandler -- Channel Closed: [id: 0xe2d110af, L:/127.0.0.1:58717 ! R:localhost/127.0.0.1:58710] with attribute DISCARD
17:05:30.579 [Driver Command Executor] DEBUG org.asynchttpclient.netty.request.NettyRequestSender -- Using pooled Channel '[id: 0x850ca832, L:/127.0.0.1:58709 - R:localhost/127.0.0.1:5599]' for 'DELETE' to 'http://localhost:5599/session/f89d2815e1b2720174784d565275e880'
17:05:30.579 [Driver Command Executor] DEBUG org.asynchttpclient.netty.request.NettyRequestSender -- Using open Channel [id: 0x850ca832, L:/127.0.0.1:58709 - R:localhost/127.0.0.1:5599] for DELETE '/session/f89d2815e1b2720174784d565275e880'
17:05:30.644 [AsyncHttpClient-1-7] DEBUG org.asynchttpclient.netty.handler.HttpHandler -- Unexpected I/O exception on channel [id: 0xb6c7fc27, L:/127.0.0.1:58716 - R:localhost/127.0.0.1:58710]
java.net.SocketException: Connection reset
	at java.base/sun.nio.ch.SocketChannelImpl.throwConnectionReset(SocketChannelImpl.java:394)
	at java.base/sun.nio.ch.SocketChannelImpl.read(SocketChannelImpl.java:426)
	at io.netty.buffer.PooledByteBuf.setBytes(PooledByteBuf.java:254)
	at io.netty.buffer.AbstractByteBuf.writeBytes(AbstractByteBuf.java:1132)
	at io.netty.channel.socket.nio.NioSocketChannel.doReadBytes(NioSocketChannel.java:357)
	at io.netty.channel.nio.AbstractNioByteChannel$NioByteUnsafe.read(AbstractNioByteChannel.java:151)
	at io.netty.channel.nio.NioEventLoop.processSelectedKey(NioEventLoop.java:788)
	at io.netty.channel.nio.NioEventLoop.processSelectedKeysOptimized(NioEventLoop.java:724)
	at io.netty.channel.nio.NioEventLoop.processSelectedKeys(NioEventLoop.java:650)
	at io.netty.channel.nio.NioEventLoop.run(NioEventLoop.java:562)
	at io.netty.util.concurrent.SingleThreadEventExecutor$4.run(SingleThreadEventExecutor.java:997)
	at io.netty.util.internal.ThreadExecutorMap$2.run(ThreadExecutorMap.java:74)
	at io.netty.util.concurrent.FastThreadLocalRunnable.run(FastThreadLocalRunnable.java:30)
	at java.base/java.lang.Thread.run(Thread.java:842)
17:05:30.644 [AsyncHttpClient-1-7] DEBUG org.asynchttpclient.netty.channel.ChannelManager -- Closing Channel [id: 0xb6c7fc27, L:/127.0.0.1:58716 - R:localhost/127.0.0.1:58710] 
17:05:30.645 [AsyncHttpClient-1-7] DEBUG org.asynchttpclient.netty.handler.HttpHandler -- Channel Closed: [id: 0xb6c7fc27, L:/127.0.0.1:58716 ! R:localhost/127.0.0.1:58710] with attribute DISCARD
17:05:30.671 [AsyncHttpClient-1-6] DEBUG org.asynchttpclient.netty.handler.HttpHandler -- 

Request DefaultFullHttpRequest(decodeResult: success, version: HTTP/1.1, content: EmptyByteBufBE)
DELETE /session/f89d2815e1b2720174784d565275e880 HTTP/1.1
User-Agent: selenium/4.12.0 (java windows)
Content-Type: application/json; charset=utf-8
host: localhost:5599
accept: */*

Response DefaultHttpResponse(decodeResult: success, version: HTTP/1.1)
HTTP/1.1 200 OK
Content-Length: 14
Content-Type: application/json; charset=utf-8
cache-control: no-cache

17:05:30.671 [AsyncHttpClient-1-6] DEBUG org.asynchttpclient.netty.channel.ChannelManager -- Adding key: http://localhost:5599 for channel [id: 0x850ca832, L:/127.0.0.1:58709 - R:localhost/127.0.0.1:5599]
17:05:30.779 [AsyncHttpClient-1-6] DEBUG org.asynchttpclient.netty.handler.HttpHandler -- Channel Closed: [id: 0x850ca832, L:/127.0.0.1:58709 ! R:localhost/127.0.0.1:5599] with attribute DISCARD
17:05:30.840 [main] DEBUG io.github.bonigarcia.wdm.WebDriverManager -- Using WebDriverManager 5.5.3
17:05:30.848 [main] DEBUG io.github.bonigarcia.wdm.cache.ResolutionCache -- Resolution chrome=131 in cache (valid until 17:53:13 03/01/2025 IST)
17:05:30.849 [main] DEBUG io.github.bonigarcia.wdm.cache.ResolutionCache -- Resolution chrome131=131.0.6778.204 in cache (valid until 16:53:13 04/01/2025 IST)
17:05:30.849 [main] INFO io.github.bonigarcia.wdm.WebDriverManager -- Using chromedriver 131.0.6778.204 (resolved driver for Chrome 131)
17:05:30.851 [main] DEBUG io.github.bonigarcia.wdm.WebDriverManager -- Driver chromedriver 131.0.6778.204 found in cache
17:05:30.851 [main] INFO io.github.bonigarcia.wdm.WebDriverManager -- Exporting webdriver.chrome.driver as C:\Users\sasitharan\.cache\selenium\chromedriver\win64\131.0.6778.204\chromedriver.exe
17:05:30.890 [AsyncHttpClient-1-1] DEBUG org.asynchttpclient.netty.channel.DefaultChannelPool -- Entry count for : http://localhost:5599 : 1
17:05:30.890 [AsyncHttpClient-1-1] DEBUG org.asynchttpclient.netty.channel.DefaultChannelPool -- Entry count for : http://localhost:58710 : 1
17:05:30.890 [AsyncHttpClient-1-1] DEBUG org.asynchttpclient.netty.channel.DefaultChannelPool -- Adding Candidate expired Channel [id: 0x850ca832, L:/127.0.0.1:58709 ! R:localhost/127.0.0.1:5599] isIdleTimeoutExpired=false isRemotelyClosed=true isTtlExpired=false
17:05:30.890 [AsyncHttpClient-1-1] DEBUG org.asynchttpclient.netty.channel.DefaultChannelPool -- Closing Idle Channel [id: 0x850ca832, L:/127.0.0.1:58709 ! R:localhost/127.0.0.1:5599]
17:05:30.890 [AsyncHttpClient-1-1] DEBUG org.asynchttpclient.netty.channel.DefaultChannelPool -- Adding Candidate expired Channel [id: 0xb6c7fc27, L:/127.0.0.1:58716 ! R:localhost/127.0.0.1:58710] isIdleTimeoutExpired=false isRemotelyClosed=true isTtlExpired=false
17:05:30.890 [AsyncHttpClient-1-1] DEBUG org.asynchttpclient.netty.channel.DefaultChannelPool -- Closing Idle Channel [id: 0xb6c7fc27, L:/127.0.0.1:58716 ! R:localhost/127.0.0.1:58710]
17:05:30.890 [AsyncHttpClient-1-1] DEBUG org.asynchttpclient.netty.channel.DefaultChannelPool -- Closed 2 connections out of 2 in 0 ms
17:05:30.926 [AsyncHttpClient-1-9] DEBUG org.asynchttpclient.netty.channel.NettyConnectListener -- Using new Channel '[id: 0x9d778d6a, L:/127.0.0.1:58728 - R:localhost/127.0.0.1:32702]' for 'POST' to '/session'
17:05:31.908 [AsyncHttpClient-1-9] DEBUG org.asynchttpclient.netty.handler.HttpHandler -- 

Request DefaultHttpRequest(decodeResult: success, version: HTTP/1.1)
POST /session HTTP/1.1
User-Agent: selenium/4.12.0 (java windows)
Content-Length: 254
Content-Type: application/json; charset=utf-8
host: localhost:32702
accept: */*

Response DefaultHttpResponse(decodeResult: success, version: HTTP/1.1)
HTTP/1.1 200 OK
Content-Length: 887
Content-Type: application/json; charset=utf-8
cache-control: no-cache

17:05:31.908 [AsyncHttpClient-1-9] DEBUG org.asynchttpclient.netty.channel.ChannelManager -- Adding key: http://localhost:32702 for channel [id: 0x9d778d6a, L:/127.0.0.1:58728 - R:localhost/127.0.0.1:32702]
17:05:31.915 [AsyncHttpClient-1-10] DEBUG org.asynchttpclient.netty.channel.NettyConnectListener -- Using new Channel '[id: 0x6ade2b84, L:/127.0.0.1:58736 - R:localhost/127.0.0.1:58730]' for 'GET' to '/json/version'
17:05:31.916 [AsyncHttpClient-1-10] DEBUG org.asynchttpclient.netty.handler.HttpHandler -- 

Request DefaultFullHttpRequest(decodeResult: success, version: HTTP/1.1, content: EmptyByteBufBE)
GET /json/version HTTP/1.1
User-Agent: selenium/4.12.0 (java windows)
host: localhost:58730
accept: */*

Response DefaultHttpResponse(decodeResult: success, version: HTTP/1.1)
HTTP/1.1 200 OK
Content-Security-Policy: frame-ancestors 'none'
Content-Length: 424
Content-Type: application/json; charset=UTF-8

17:05:31.916 [AsyncHttpClient-1-10] DEBUG org.asynchttpclient.netty.channel.ChannelManager -- Adding key: http://localhost:58730 for channel [id: 0x6ade2b84, L:/127.0.0.1:58736 - R:localhost/127.0.0.1:58730]
17:05:31.919 [AsyncHttpClient-1-11] DEBUG org.asynchttpclient.netty.channel.NettyConnectListener -- Using new Channel '[id: 0xbbace8d2, L:/127.0.0.1:58737 - R:localhost/127.0.0.1:58730]' for 'GET' to '/devtools/browser/f494cc7b-6a3a-452f-8573-0ac7df8a7aaa'
17:05:31.919 [AsyncHttpClient-1-11] DEBUG org.asynchttpclient.netty.handler.WebSocketHandler -- 

Request DefaultFullHttpRequest(decodeResult: success, version: HTTP/1.1, content: EmptyByteBufBE)
GET /devtools/browser/f494cc7b-6a3a-452f-8573-0ac7df8a7aaa HTTP/1.1
upgrade: websocket
connection: upgrade
sec-websocket-key: s65On6l4c6s3Pqo//fgiyg==
sec-websocket-version: 13
origin: http://localhost:58730
host: localhost:58730
accept: */*
user-agent: AHC/2.1

Response DefaultHttpResponse(decodeResult: success, version: HTTP/1.1)
HTTP/1.1 101 WebSocket Protocol Handshake
Upgrade: WebSocket
Connection: Upgrade
Sec-WebSocket-Accept: nGX8D7MqDG0s/1XDNZVSI4OMiFY=

17:05:31.924 [Forwarding maximizeCurrentWindow on session e906908ffa83f5e102c14cd52c472464 to remote] DEBUG org.asynchttpclient.netty.request.NettyRequestSender -- Using pooled Channel '[id: 0x9d778d6a, L:/127.0.0.1:58728 - R:localhost/127.0.0.1:32702]' for 'POST' to 'http://localhost:32702/session/e906908ffa83f5e102c14cd52c472464/window/maximize'
17:05:31.924 [Forwarding maximizeCurrentWindow on session e906908ffa83f5e102c14cd52c472464 to remote] DEBUG org.asynchttpclient.netty.request.NettyRequestSender -- Using open Channel [id: 0x9d778d6a, L:/127.0.0.1:58728 - R:localhost/127.0.0.1:32702] for POST '/session/e906908ffa83f5e102c14cd52c472464/window/maximize'
17:05:31.968 [AsyncHttpClient-1-9] DEBUG org.asynchttpclient.netty.handler.HttpHandler -- 

Request DefaultHttpRequest(decodeResult: success, version: HTTP/1.1)
POST /session/e906908ffa83f5e102c14cd52c472464/window/maximize HTTP/1.1
User-Agent: selenium/4.12.0 (java windows)
Content-Length: 3
Content-Type: application/json; charset=utf-8
host: localhost:32702
accept: */*

Response DefaultHttpResponse(decodeResult: success, version: HTTP/1.1)
HTTP/1.1 200 OK
Content-Length: 51
Content-Type: application/json; charset=utf-8
cache-control: no-cache

17:05:31.968 [AsyncHttpClient-1-9] DEBUG org.asynchttpclient.netty.channel.ChannelManager -- Adding key: http://localhost:32702 for channel [id: 0x9d778d6a, L:/127.0.0.1:58728 - R:localhost/127.0.0.1:32702]
17:05:31.971 [Forwarding get on session e906908ffa83f5e102c14cd52c472464 to remote] DEBUG org.asynchttpclient.netty.request.NettyRequestSender -- Using pooled Channel '[id: 0x9d778d6a, L:/127.0.0.1:58728 - R:localhost/127.0.0.1:32702]' for 'POST' to 'http://localhost:32702/session/e906908ffa83f5e102c14cd52c472464/url'
17:05:31.971 [Forwarding get on session e906908ffa83f5e102c14cd52c472464 to remote] DEBUG org.asynchttpclient.netty.request.NettyRequestSender -- Using open Channel [id: 0x9d778d6a, L:/127.0.0.1:58728 - R:localhost/127.0.0.1:32702] for POST '/session/e906908ffa83f5e102c14cd52c472464/url'
17:05:31.991 [AsyncHttpClient-1-1] DEBUG org.asynchttpclient.netty.channel.DefaultChannelPool -- Entry count for : http://localhost:58730 : 1
17:05:33.090 [AsyncHttpClient-1-1] DEBUG org.asynchttpclient.netty.channel.DefaultChannelPool -- Entry count for : http://localhost:58730 : 1
17:05:33.217 [AsyncHttpClient-1-9] DEBUG org.asynchttpclient.netty.handler.HttpHandler -- 

Request DefaultHttpRequest(decodeResult: success, version: HTTP/1.1)
POST /session/e906908ffa83f5e102c14cd52c472464/url HTTP/1.1
User-Agent: selenium/4.12.0 (java windows)
Content-Length: 58
Content-Type: application/json; charset=utf-8
host: localhost:32702
accept: */*

Response DefaultHttpResponse(decodeResult: success, version: HTTP/1.1)
HTTP/1.1 200 OK
Content-Length: 14
Content-Type: application/json; charset=utf-8
cache-control: no-cache

17:05:33.217 [AsyncHttpClient-1-9] DEBUG org.asynchttpclient.netty.channel.ChannelManager -- Adding key: http://localhost:32702 for channel [id: 0x9d778d6a, L:/127.0.0.1:58728 - R:localhost/127.0.0.1:32702]
17:05:33.220 [Forwarding findElement on session e906908ffa83f5e102c14cd52c472464 to remote] DEBUG org.asynchttpclient.netty.request.NettyRequestSender -- Using pooled Channel '[id: 0x9d778d6a, L:/127.0.0.1:58728 - R:localhost/127.0.0.1:32702]' for 'POST' to 'http://localhost:32702/session/e906908ffa83f5e102c14cd52c472464/element'
17:05:33.220 [Forwarding findElement on session e906908ffa83f5e102c14cd52c472464 to remote] DEBUG org.asynchttpclient.netty.request.NettyRequestSender -- Using open Channel [id: 0x9d778d6a, L:/127.0.0.1:58728 - R:localhost/127.0.0.1:32702] for POST '/session/e906908ffa83f5e102c14cd52c472464/element'
17:05:33.246 [AsyncHttpClient-1-9] DEBUG org.asynchttpclient.netty.handler.HttpHandler -- 

Request DefaultHttpRequest(decodeResult: success, version: HTTP/1.1)
POST /session/e906908ffa83f5e102c14cd52c472464/element HTTP/1.1
User-Agent: selenium/4.12.0 (java windows)
Content-Length: 49
Content-Type: application/json; charset=utf-8
host: localhost:32702
accept: */*

Response DefaultHttpResponse(decodeResult: success, version: HTTP/1.1)
HTTP/1.1 200 OK
Content-Length: 126
Content-Type: application/json; charset=utf-8
cache-control: no-cache

17:05:33.246 [AsyncHttpClient-1-9] DEBUG org.asynchttpclient.netty.channel.ChannelManager -- Adding key: http://localhost:32702 for channel [id: 0x9d778d6a, L:/127.0.0.1:58728 - R:localhost/127.0.0.1:32702]
17:05:33.248 [Forwarding clickElement on session e906908ffa83f5e102c14cd52c472464 to remote] DEBUG org.asynchttpclient.netty.request.NettyRequestSender -- Using pooled Channel '[id: 0x9d778d6a, L:/127.0.0.1:58728 - R:localhost/127.0.0.1:32702]' for 'POST' to 'http://localhost:32702/session/e906908ffa83f5e102c14cd52c472464/element/f.18433E76A6AF7D88AD85C7749A82BE74.d.D5D7231FF802501DB4CB6A02D309CAC2.e.21/click'
17:05:33.248 [Forwarding clickElement on session e906908ffa83f5e102c14cd52c472464 to remote] DEBUG org.asynchttpclient.netty.request.NettyRequestSender -- Using open Channel [id: 0x9d778d6a, L:/127.0.0.1:58728 - R:localhost/127.0.0.1:32702] for POST '/session/e906908ffa83f5e102c14cd52c472464/element/f.18433E76A6AF7D88AD85C7749A82BE74.d.D5D7231FF802501DB4CB6A02D309CAC2.e.21/click'
17:05:33.455 [AsyncHttpClient-1-9] DEBUG org.asynchttpclient.netty.handler.HttpHandler -- 

Request DefaultHttpRequest(decodeResult: success, version: HTTP/1.1)
POST /session/e906908ffa83f5e102c14cd52c472464/element/f.18433E76A6AF7D88AD85C7749A82BE74.d.D5D7231FF802501DB4CB6A02D309CAC2.e.21/click HTTP/1.1
User-Agent: selenium/4.12.0 (java windows)
Content-Length: 88
Content-Type: application/json; charset=utf-8
host: localhost:32702
accept: */*

Response DefaultHttpResponse(decodeResult: success, version: HTTP/1.1)
HTTP/1.1 200 OK
Content-Length: 14
Content-Type: application/json; charset=utf-8
cache-control: no-cache

17:05:33.455 [AsyncHttpClient-1-9] DEBUG org.asynchttpclient.netty.channel.ChannelManager -- Adding key: http://localhost:32702 for channel [id: 0x9d778d6a, L:/127.0.0.1:58728 - R:localhost/127.0.0.1:32702]
17:05:33.457 [Forwarding findElement on session e906908ffa83f5e102c14cd52c472464 to remote] DEBUG org.asynchttpclient.netty.request.NettyRequestSender -- Using pooled Channel '[id: 0x9d778d6a, L:/127.0.0.1:58728 - R:localhost/127.0.0.1:32702]' for 'POST' to 'http://localhost:32702/session/e906908ffa83f5e102c14cd52c472464/element'
17:05:33.457 [Forwarding findElement on session e906908ffa83f5e102c14cd52c472464 to remote] DEBUG org.asynchttpclient.netty.request.NettyRequestSender -- Using open Channel [id: 0x9d778d6a, L:/127.0.0.1:58728 - R:localhost/127.0.0.1:32702] for POST '/session/e906908ffa83f5e102c14cd52c472464/element'
17:05:33.490 [AsyncHttpClient-1-9] DEBUG org.asynchttpclient.netty.handler.HttpHandler -- 

Request DefaultHttpRequest(decodeResult: success, version: HTTP/1.1)
POST /session/e906908ffa83f5e102c14cd52c472464/element HTTP/1.1
User-Agent: selenium/4.12.0 (java windows)
Content-Length: 53
Content-Type: application/json; charset=utf-8
host: localhost:32702
accept: */*

Response DefaultHttpResponse(decodeResult: success, version: HTTP/1.1)
HTTP/1.1 200 OK
Content-Length: 126
Content-Type: application/json; charset=utf-8
cache-control: no-cache

17:05:33.490 [AsyncHttpClient-1-9] DEBUG org.asynchttpclient.netty.channel.ChannelManager -- Adding key: http://localhost:32702 for channel [id: 0x9d778d6a, L:/127.0.0.1:58728 - R:localhost/127.0.0.1:32702]
17:05:33.492 [Forwarding sendKeysToElement on session e906908ffa83f5e102c14cd52c472464 to remote] DEBUG org.asynchttpclient.netty.request.NettyRequestSender -- Using pooled Channel '[id: 0x9d778d6a, L:/127.0.0.1:58728 - R:localhost/127.0.0.1:32702]' for 'POST' to 'http://localhost:32702/session/e906908ffa83f5e102c14cd52c472464/element/f.18433E76A6AF7D88AD85C7749A82BE74.d.D5D7231FF802501DB4CB6A02D309CAC2.e.26/value'
17:05:33.493 [Forwarding sendKeysToElement on session e906908ffa83f5e102c14cd52c472464 to remote] DEBUG org.asynchttpclient.netty.request.NettyRequestSender -- Using open Channel [id: 0x9d778d6a, L:/127.0.0.1:58728 - R:localhost/127.0.0.1:32702] for POST '/session/e906908ffa83f5e102c14cd52c472464/element/f.18433E76A6AF7D88AD85C7749A82BE74.d.D5D7231FF802501DB4CB6A02D309CAC2.e.26/value'
17:05:33.623 [AsyncHttpClient-1-9] DEBUG org.asynchttpclient.netty.handler.HttpHandler -- 

Request DefaultHttpRequest(decodeResult: success, version: HTTP/1.1)
POST /session/e906908ffa83f5e102c14cd52c472464/element/f.18433E76A6AF7D88AD85C7749A82BE74.d.D5D7231FF802501DB4CB6A02D309CAC2.e.26/value HTTP/1.1
User-Agent: selenium/4.12.0 (java windows)
Content-Length: 229
Content-Type: application/json; charset=utf-8
host: localhost:32702
accept: */*

Response DefaultHttpResponse(decodeResult: success, version: HTTP/1.1)
HTTP/1.1 200 OK
Content-Length: 14
Content-Type: application/json; charset=utf-8
cache-control: no-cache

17:05:33.623 [AsyncHttpClient-1-9] DEBUG org.asynchttpclient.netty.channel.ChannelManager -- Adding key: http://localhost:32702 for channel [id: 0x9d778d6a, L:/127.0.0.1:58728 - R:localhost/127.0.0.1:32702]
17:05:33.624 [Forwarding findElement on session e906908ffa83f5e102c14cd52c472464 to remote] DEBUG org.asynchttpclient.netty.request.NettyRequestSender -- Using pooled Channel '[id: 0x9d778d6a, L:/127.0.0.1:58728 - R:localhost/127.0.0.1:32702]' for 'POST' to 'http://localhost:32702/session/e906908ffa83f5e102c14cd52c472464/element'
17:05:33.624 [Forwarding findElement on session e906908ffa83f5e102c14cd52c472464 to remote] DEBUG org.asynchttpclient.netty.request.NettyRequestSender -- Using open Channel [id: 0x9d778d6a, L:/127.0.0.1:58728 - R:localhost/127.0.0.1:32702] for POST '/session/e906908ffa83f5e102c14cd52c472464/element'
17:05:33.637 [AsyncHttpClient-1-9] DEBUG org.asynchttpclient.netty.handler.HttpHandler -- 

Request DefaultHttpRequest(decodeResult: success, version: HTTP/1.1)
POST /session/e906908ffa83f5e102c14cd52c472464/element HTTP/1.1
User-Agent: selenium/4.12.0 (java windows)
Content-Length: 54
Content-Type: application/json; charset=utf-8
host: localhost:32702
accept: */*

Response DefaultHttpResponse(decodeResult: success, version: HTTP/1.1)
HTTP/1.1 200 OK
Content-Length: 126
Content-Type: application/json; charset=utf-8
cache-control: no-cache

17:05:33.637 [AsyncHttpClient-1-9] DEBUG org.asynchttpclient.netty.channel.ChannelManager -- Adding key: http://localhost:32702 for channel [id: 0x9d778d6a, L:/127.0.0.1:58728 - R:localhost/127.0.0.1:32702]
17:05:33.638 [Forwarding sendKeysToElement on session e906908ffa83f5e102c14cd52c472464 to remote] DEBUG org.asynchttpclient.netty.request.NettyRequestSender -- Using pooled Channel '[id: 0x9d778d6a, L:/127.0.0.1:58728 - R:localhost/127.0.0.1:32702]' for 'POST' to 'http://localhost:32702/session/e906908ffa83f5e102c14cd52c472464/element/f.18433E76A6AF7D88AD85C7749A82BE74.d.D5D7231FF802501DB4CB6A02D309CAC2.e.28/value'
17:05:33.638 [Forwarding sendKeysToElement on session e906908ffa83f5e102c14cd52c472464 to remote] DEBUG org.asynchttpclient.netty.request.NettyRequestSender -- Using open Channel [id: 0x9d778d6a, L:/127.0.0.1:58728 - R:localhost/127.0.0.1:32702] for POST '/session/e906908ffa83f5e102c14cd52c472464/element/f.18433E76A6AF7D88AD85C7749A82BE74.d.D5D7231FF802501DB4CB6A02D309CAC2.e.28/value'
17:05:33.794 [AsyncHttpClient-1-9] DEBUG org.asynchttpclient.netty.handler.HttpHandler -- 

Request DefaultHttpRequest(decodeResult: success, version: HTTP/1.1)
POST /session/e906908ffa83f5e102c14cd52c472464/element/f.18433E76A6AF7D88AD85C7749A82BE74.d.D5D7231FF802501DB4CB6A02D309CAC2.e.28/value HTTP/1.1
User-Agent: selenium/4.12.0 (java windows)
Content-Length: 159
Content-Type: application/json; charset=utf-8
host: localhost:32702
accept: */*

Response DefaultHttpResponse(decodeResult: success, version: HTTP/1.1)
HTTP/1.1 200 OK
Content-Length: 14
Content-Type: application/json; charset=utf-8
cache-control: no-cache

17:05:33.794 [AsyncHttpClient-1-9] DEBUG org.asynchttpclient.netty.channel.ChannelManager -- Adding key: http://localhost:32702 for channel [id: 0x9d778d6a, L:/127.0.0.1:58728 - R:localhost/127.0.0.1:32702]
17:05:33.795 [Forwarding findElement on session e906908ffa83f5e102c14cd52c472464 to remote] DEBUG org.asynchttpclient.netty.request.NettyRequestSender -- Using pooled Channel '[id: 0x9d778d6a, L:/127.0.0.1:58728 - R:localhost/127.0.0.1:32702]' for 'POST' to 'http://localhost:32702/session/e906908ffa83f5e102c14cd52c472464/element'
17:05:33.795 [Forwarding findElement on session e906908ffa83f5e102c14cd52c472464 to remote] DEBUG org.asynchttpclient.netty.request.NettyRequestSender -- Using open Channel [id: 0x9d778d6a, L:/127.0.0.1:58728 - R:localhost/127.0.0.1:32702] for POST '/session/e906908ffa83f5e102c14cd52c472464/element'
17:05:33.824 [AsyncHttpClient-1-9] DEBUG org.asynchttpclient.netty.handler.HttpHandler -- 

Request DefaultHttpRequest(decodeResult: success, version: HTTP/1.1)
POST /session/e906908ffa83f5e102c14cd52c472464/element HTTP/1.1
User-Agent: selenium/4.12.0 (java windows)
Content-Length: 53
Content-Type: application/json; charset=utf-8
host: localhost:32702
accept: */*

Response DefaultHttpResponse(decodeResult: success, version: HTTP/1.1)
HTTP/1.1 200 OK
Content-Length: 126
Content-Type: application/json; charset=utf-8
cache-control: no-cache

17:05:33.824 [AsyncHttpClient-1-9] DEBUG org.asynchttpclient.netty.channel.ChannelManager -- Adding key: http://localhost:32702 for channel [id: 0x9d778d6a, L:/127.0.0.1:58728 - R:localhost/127.0.0.1:32702]
17:05:33.826 [Forwarding sendKeysToElement on session e906908ffa83f5e102c14cd52c472464 to remote] DEBUG org.asynchttpclient.netty.request.NettyRequestSender -- Using pooled Channel '[id: 0x9d778d6a, L:/127.0.0.1:58728 - R:localhost/127.0.0.1:32702]' for 'POST' to 'http://localhost:32702/session/e906908ffa83f5e102c14cd52c472464/element/f.18433E76A6AF7D88AD85C7749A82BE74.d.D5D7231FF802501DB4CB6A02D309CAC2.e.29/value'
17:05:33.826 [Forwarding sendKeysToElement on session e906908ffa83f5e102c14cd52c472464 to remote] DEBUG org.asynchttpclient.netty.request.NettyRequestSender -- Using open Channel [id: 0x9d778d6a, L:/127.0.0.1:58728 - R:localhost/127.0.0.1:32702] for POST '/session/e906908ffa83f5e102c14cd52c472464/element/f.18433E76A6AF7D88AD85C7749A82BE74.d.D5D7231FF802501DB4CB6A02D309CAC2.e.29/value'
17:05:33.953 [AsyncHttpClient-1-9] DEBUG org.asynchttpclient.netty.handler.HttpHandler -- 

Request DefaultHttpRequest(decodeResult: success, version: HTTP/1.1)
POST /session/e906908ffa83f5e102c14cd52c472464/element/f.18433E76A6AF7D88AD85C7749A82BE74.d.D5D7231FF802501DB4CB6A02D309CAC2.e.29/value HTTP/1.1
User-Agent: selenium/4.12.0 (java windows)
Content-Length: 159
Content-Type: application/json; charset=utf-8
host: localhost:32702
accept: */*

Response DefaultHttpResponse(decodeResult: success, version: HTTP/1.1)
HTTP/1.1 200 OK
Content-Length: 14
Content-Type: application/json; charset=utf-8
cache-control: no-cache

17:05:33.953 [AsyncHttpClient-1-9] DEBUG org.asynchttpclient.netty.channel.ChannelManager -- Adding key: http://localhost:32702 for channel [id: 0x9d778d6a, L:/127.0.0.1:58728 - R:localhost/127.0.0.1:32702]
17:05:33.954 [Forwarding findElement on session e906908ffa83f5e102c14cd52c472464 to remote] DEBUG org.asynchttpclient.netty.request.NettyRequestSender -- Using pooled Channel '[id: 0x9d778d6a, L:/127.0.0.1:58728 - R:localhost/127.0.0.1:32702]' for 'POST' to 'http://localhost:32702/session/e906908ffa83f5e102c14cd52c472464/element'
17:05:33.954 [Forwarding findElement on session e906908ffa83f5e102c14cd52c472464 to remote] DEBUG org.asynchttpclient.netty.request.NettyRequestSender -- Using open Channel [id: 0x9d778d6a, L:/127.0.0.1:58728 - R:localhost/127.0.0.1:32702] for POST '/session/e906908ffa83f5e102c14cd52c472464/element'
17:05:33.969 [AsyncHttpClient-1-9] DEBUG org.asynchttpclient.netty.handler.HttpHandler -- 

Request DefaultHttpRequest(decodeResult: success, version: HTTP/1.1)
POST /session/e906908ffa83f5e102c14cd52c472464/element HTTP/1.1
User-Agent: selenium/4.12.0 (java windows)
Content-Length: 53
Content-Type: application/json; charset=utf-8
host: localhost:32702
accept: */*

Response DefaultHttpResponse(decodeResult: success, version: HTTP/1.1)
HTTP/1.1 200 OK
Content-Length: 126
Content-Type: application/json; charset=utf-8
cache-control: no-cache

17:05:33.969 [AsyncHttpClient-1-9] DEBUG org.asynchttpclient.netty.channel.ChannelManager -- Adding key: http://localhost:32702 for channel [id: 0x9d778d6a, L:/127.0.0.1:58728 - R:localhost/127.0.0.1:32702]
17:05:33.970 [Forwarding sendKeysToElement on session e906908ffa83f5e102c14cd52c472464 to remote] DEBUG org.asynchttpclient.netty.request.NettyRequestSender -- Using pooled Channel '[id: 0x9d778d6a, L:/127.0.0.1:58728 - R:localhost/127.0.0.1:32702]' for 'POST' to 'http://localhost:32702/session/e906908ffa83f5e102c14cd52c472464/element/f.18433E76A6AF7D88AD85C7749A82BE74.d.D5D7231FF802501DB4CB6A02D309CAC2.e.22/value'
17:05:33.970 [Forwarding sendKeysToElement on session e906908ffa83f5e102c14cd52c472464 to remote] DEBUG org.asynchttpclient.netty.request.NettyRequestSender -- Using open Channel [id: 0x9d778d6a, L:/127.0.0.1:58728 - R:localhost/127.0.0.1:32702] for POST '/session/e906908ffa83f5e102c14cd52c472464/element/f.18433E76A6AF7D88AD85C7749A82BE74.d.D5D7231FF802501DB4CB6A02D309CAC2.e.22/value'
17:05:34.054 [AsyncHttpClient-1-9] DEBUG org.asynchttpclient.netty.handler.HttpHandler -- 

Request DefaultHttpRequest(decodeResult: success, version: HTTP/1.1)
POST /session/e906908ffa83f5e102c14cd52c472464/element/f.18433E76A6AF7D88AD85C7749A82BE74.d.D5D7231FF802501DB4CB6A02D309CAC2.e.22/value HTTP/1.1
User-Agent: selenium/4.12.0 (java windows)
Content-Length: 239
Content-Type: application/json; charset=utf-8
host: localhost:32702
accept: */*

Response DefaultHttpResponse(decodeResult: success, version: HTTP/1.1)
HTTP/1.1 200 OK
Content-Length: 14
Content-Type: application/json; charset=utf-8
cache-control: no-cache

17:05:34.054 [AsyncHttpClient-1-9] DEBUG org.asynchttpclient.netty.channel.ChannelManager -- Adding key: http://localhost:32702 for channel [id: 0x9d778d6a, L:/127.0.0.1:58728 - R:localhost/127.0.0.1:32702]
17:05:34.055 [Forwarding findElement on session e906908ffa83f5e102c14cd52c472464 to remote] DEBUG org.asynchttpclient.netty.request.NettyRequestSender -- Using pooled Channel '[id: 0x9d778d6a, L:/127.0.0.1:58728 - R:localhost/127.0.0.1:32702]' for 'POST' to 'http://localhost:32702/session/e906908ffa83f5e102c14cd52c472464/element'
17:05:34.055 [Forwarding findElement on session e906908ffa83f5e102c14cd52c472464 to remote] DEBUG org.asynchttpclient.netty.request.NettyRequestSender -- Using open Channel [id: 0x9d778d6a, L:/127.0.0.1:58728 - R:localhost/127.0.0.1:32702] for POST '/session/e906908ffa83f5e102c14cd52c472464/element'
17:05:34.068 [AsyncHttpClient-1-9] DEBUG org.asynchttpclient.netty.handler.HttpHandler -- 

Request DefaultHttpRequest(decodeResult: success, version: HTTP/1.1)
POST /session/e906908ffa83f5e102c14cd52c472464/element HTTP/1.1
User-Agent: selenium/4.12.0 (java windows)
Content-Length: 60
Content-Type: application/json; charset=utf-8
host: localhost:32702
accept: */*

Response DefaultHttpResponse(decodeResult: success, version: HTTP/1.1)
HTTP/1.1 200 OK
Content-Length: 126
Content-Type: application/json; charset=utf-8
cache-control: no-cache

17:05:34.068 [AsyncHttpClient-1-9] DEBUG org.asynchttpclient.netty.channel.ChannelManager -- Adding key: http://localhost:32702 for channel [id: 0x9d778d6a, L:/127.0.0.1:58728 - R:localhost/127.0.0.1:32702]
17:05:34.069 [Forwarding sendKeysToElement on session e906908ffa83f5e102c14cd52c472464 to remote] DEBUG org.asynchttpclient.netty.request.NettyRequestSender -- Using pooled Channel '[id: 0x9d778d6a, L:/127.0.0.1:58728 - R:localhost/127.0.0.1:32702]' for 'POST' to 'http://localhost:32702/session/e906908ffa83f5e102c14cd52c472464/element/f.18433E76A6AF7D88AD85C7749A82BE74.d.D5D7231FF802501DB4CB6A02D309CAC2.e.23/value'
17:05:34.069 [Forwarding sendKeysToElement on session e906908ffa83f5e102c14cd52c472464 to remote] DEBUG org.asynchttpclient.netty.request.NettyRequestSender -- Using open Channel [id: 0x9d778d6a, L:/127.0.0.1:58728 - R:localhost/127.0.0.1:32702] for POST '/session/e906908ffa83f5e102c14cd52c472464/element/f.18433E76A6AF7D88AD85C7749A82BE74.d.D5D7231FF802501DB4CB6A02D309CAC2.e.23/value'
17:05:34.155 [AsyncHttpClient-1-9] DEBUG org.asynchttpclient.netty.handler.HttpHandler -- 

Request DefaultHttpRequest(decodeResult: success, version: HTTP/1.1)
POST /session/e906908ffa83f5e102c14cd52c472464/element/f.18433E76A6AF7D88AD85C7749A82BE74.d.D5D7231FF802501DB4CB6A02D309CAC2.e.23/value HTTP/1.1
User-Agent: selenium/4.12.0 (java windows)
Content-Length: 239
Content-Type: application/json; charset=utf-8
host: localhost:32702
accept: */*

Response DefaultHttpResponse(decodeResult: success, version: HTTP/1.1)
HTTP/1.1 200 OK
Content-Length: 14
Content-Type: application/json; charset=utf-8
cache-control: no-cache

17:05:34.155 [AsyncHttpClient-1-9] DEBUG org.asynchttpclient.netty.channel.ChannelManager -- Adding key: http://localhost:32702 for channel [id: 0x9d778d6a, L:/127.0.0.1:58728 - R:localhost/127.0.0.1:32702]
17:05:34.156 [Forwarding findElement on session e906908ffa83f5e102c14cd52c472464 to remote] DEBUG org.asynchttpclient.netty.request.NettyRequestSender -- Using pooled Channel '[id: 0x9d778d6a, L:/127.0.0.1:58728 - R:localhost/127.0.0.1:32702]' for 'POST' to 'http://localhost:32702/session/e906908ffa83f5e102c14cd52c472464/element'
17:05:34.156 [Forwarding findElement on session e906908ffa83f5e102c14cd52c472464 to remote] DEBUG org.asynchttpclient.netty.request.NettyRequestSender -- Using open Channel [id: 0x9d778d6a, L:/127.0.0.1:58728 - R:localhost/127.0.0.1:32702] for POST '/session/e906908ffa83f5e102c14cd52c472464/element'
17:05:34.169 [AsyncHttpClient-1-9] DEBUG org.asynchttpclient.netty.handler.HttpHandler -- 

Request DefaultHttpRequest(decodeResult: success, version: HTTP/1.1)
POST /session/e906908ffa83f5e102c14cd52c472464/element HTTP/1.1
User-Agent: selenium/4.12.0 (java windows)
Content-Length: 81
Content-Type: application/json; charset=utf-8
host: localhost:32702
accept: */*

Response DefaultHttpResponse(decodeResult: success, version: HTTP/1.1)
HTTP/1.1 200 OK
Content-Length: 126
Content-Type: application/json; charset=utf-8
cache-control: no-cache

17:05:34.169 [AsyncHttpClient-1-9] DEBUG org.asynchttpclient.netty.channel.ChannelManager -- Adding key: http://localhost:32702 for channel [id: 0x9d778d6a, L:/127.0.0.1:58728 - R:localhost/127.0.0.1:32702]
17:05:34.169 [Forwarding clickElement on session e906908ffa83f5e102c14cd52c472464 to remote] DEBUG org.asynchttpclient.netty.request.NettyRequestSender -- Using pooled Channel '[id: 0x9d778d6a, L:/127.0.0.1:58728 - R:localhost/127.0.0.1:32702]' for 'POST' to 'http://localhost:32702/session/e906908ffa83f5e102c14cd52c472464/element/f.18433E76A6AF7D88AD85C7749A82BE74.d.D5D7231FF802501DB4CB6A02D309CAC2.e.31/click'
17:05:34.169 [Forwarding clickElement on session e906908ffa83f5e102c14cd52c472464 to remote] DEBUG org.asynchttpclient.netty.request.NettyRequestSender -- Using open Channel [id: 0x9d778d6a, L:/127.0.0.1:58728 - R:localhost/127.0.0.1:32702] for POST '/session/e906908ffa83f5e102c14cd52c472464/element/f.18433E76A6AF7D88AD85C7749A82BE74.d.D5D7231FF802501DB4CB6A02D309CAC2.e.31/click'
17:05:34.190 [AsyncHttpClient-1-1] DEBUG org.asynchttpclient.netty.channel.DefaultChannelPool -- Entry count for : http://localhost:58730 : 1
17:05:34.243 [AsyncHttpClient-1-9] DEBUG org.asynchttpclient.netty.handler.HttpHandler -- 

Request DefaultHttpRequest(decodeResult: success, version: HTTP/1.1)
POST /session/e906908ffa83f5e102c14cd52c472464/element/f.18433E76A6AF7D88AD85C7749A82BE74.d.D5D7231FF802501DB4CB6A02D309CAC2.e.31/click HTTP/1.1
User-Agent: selenium/4.12.0 (java windows)
Content-Length: 88
Content-Type: application/json; charset=utf-8
host: localhost:32702
accept: */*

Response DefaultHttpResponse(decodeResult: success, version: HTTP/1.1)
HTTP/1.1 200 OK
Content-Length: 14
Content-Type: application/json; charset=utf-8
cache-control: no-cache

17:05:34.243 [AsyncHttpClient-1-9] DEBUG org.asynchttpclient.netty.channel.ChannelManager -- Adding key: http://localhost:32702 for channel [id: 0x9d778d6a, L:/127.0.0.1:58728 - R:localhost/127.0.0.1:32702]
17:05:34.244 [Forwarding findElement on session e906908ffa83f5e102c14cd52c472464 to remote] DEBUG org.asynchttpclient.netty.request.NettyRequestSender -- Using pooled Channel '[id: 0x9d778d6a, L:/127.0.0.1:58728 - R:localhost/127.0.0.1:32702]' for 'POST' to 'http://localhost:32702/session/e906908ffa83f5e102c14cd52c472464/element'
17:05:34.244 [Forwarding findElement on session e906908ffa83f5e102c14cd52c472464 to remote] DEBUG org.asynchttpclient.netty.request.NettyRequestSender -- Using open Channel [id: 0x9d778d6a, L:/127.0.0.1:58728 - R:localhost/127.0.0.1:32702] for POST '/session/e906908ffa83f5e102c14cd52c472464/element'
17:05:34.259 [AsyncHttpClient-1-9] DEBUG org.asynchttpclient.netty.handler.HttpHandler -- 

Request DefaultHttpRequest(decodeResult: success, version: HTTP/1.1)
POST /session/e906908ffa83f5e102c14cd52c472464/element HTTP/1.1
User-Agent: selenium/4.12.0 (java windows)
Content-Length: 145
Content-Type: application/json; charset=utf-8
host: localhost:32702
accept: */*

Response DefaultHttpResponse(decodeResult: success, version: HTTP/1.1)
HTTP/1.1 404 Not Found
Content-Length: 1092
Content-Type: application/json; charset=utf-8
cache-control: no-cache

17:05:34.260 [AsyncHttpClient-1-9] DEBUG org.asynchttpclient.netty.channel.ChannelManager -- Adding key: http://localhost:32702 for channel [id: 0x9d778d6a, L:/127.0.0.1:58728 - R:localhost/127.0.0.1:32702]
17:05:34.774 [Forwarding findElement on session e906908ffa83f5e102c14cd52c472464 to remote] DEBUG org.asynchttpclient.netty.request.NettyRequestSender -- Using pooled Channel '[id: 0x9d778d6a, L:/127.0.0.1:58728 - R:localhost/127.0.0.1:32702]' for 'POST' to 'http://localhost:32702/session/e906908ffa83f5e102c14cd52c472464/element'
17:05:34.774 [Forwarding findElement on session e906908ffa83f5e102c14cd52c472464 to remote] DEBUG org.asynchttpclient.netty.request.NettyRequestSender -- Using open Channel [id: 0x9d778d6a, L:/127.0.0.1:58728 - R:localhost/127.0.0.1:32702] for POST '/session/e906908ffa83f5e102c14cd52c472464/element'
17:05:34.798 [AsyncHttpClient-1-9] DEBUG org.asynchttpclient.netty.handler.HttpHandler -- 

Request DefaultHttpRequest(decodeResult: success, version: HTTP/1.1)
POST /session/e906908ffa83f5e102c14cd52c472464/element HTTP/1.1
User-Agent: selenium/4.12.0 (java windows)
Content-Length: 145
Content-Type: application/json; charset=utf-8
host: localhost:32702
accept: */*

Response DefaultHttpResponse(decodeResult: success, version: HTTP/1.1)
HTTP/1.1 404 Not Found
Content-Length: 1092
Content-Type: application/json; charset=utf-8
cache-control: no-cache

17:05:34.802 [AsyncHttpClient-1-9] DEBUG org.asynchttpclient.netty.channel.ChannelManager -- Adding key: http://localhost:32702 for channel [id: 0x9d778d6a, L:/127.0.0.1:58728 - R:localhost/127.0.0.1:32702]
17:05:35.290 [AsyncHttpClient-1-1] DEBUG org.asynchttpclient.netty.channel.DefaultChannelPool -- Entry count for : http://localhost:32702 : 1
17:05:35.290 [AsyncHttpClient-1-1] DEBUG org.asynchttpclient.netty.channel.DefaultChannelPool -- Entry count for : http://localhost:58730 : 1
17:05:35.320 [Forwarding findElement on session e906908ffa83f5e102c14cd52c472464 to remote] DEBUG org.asynchttpclient.netty.request.NettyRequestSender -- Using pooled Channel '[id: 0x9d778d6a, L:/127.0.0.1:58728 - R:localhost/127.0.0.1:32702]' for 'POST' to 'http://localhost:32702/session/e906908ffa83f5e102c14cd52c472464/element'
17:05:35.320 [Forwarding findElement on session e906908ffa83f5e102c14cd52c472464 to remote] DEBUG org.asynchttpclient.netty.request.NettyRequestSender -- Using open Channel [id: 0x9d778d6a, L:/127.0.0.1:58728 - R:localhost/127.0.0.1:32702] for POST '/session/e906908ffa83f5e102c14cd52c472464/element'
17:05:35.334 [AsyncHttpClient-1-9] DEBUG org.asynchttpclient.netty.handler.HttpHandler -- 

Request DefaultHttpRequest(decodeResult: success, version: HTTP/1.1)
POST /session/e906908ffa83f5e102c14cd52c472464/element HTTP/1.1
User-Agent: selenium/4.12.0 (java windows)
Content-Length: 145
Content-Type: application/json; charset=utf-8
host: localhost:32702
accept: */*

Response DefaultHttpResponse(decodeResult: success, version: HTTP/1.1)
HTTP/1.1 200 OK
Content-Length: 126
Content-Type: application/json; charset=utf-8
cache-control: no-cache

17:05:35.334 [AsyncHttpClient-1-9] DEBUG org.asynchttpclient.netty.channel.ChannelManager -- Adding key: http://localhost:32702 for channel [id: 0x9d778d6a, L:/127.0.0.1:58728 - R:localhost/127.0.0.1:32702]
17:05:35.336 [Forwarding isElementDisplayed on session e906908ffa83f5e102c14cd52c472464 to remote] DEBUG org.asynchttpclient.netty.request.NettyRequestSender -- Using pooled Channel '[id: 0x9d778d6a, L:/127.0.0.1:58728 - R:localhost/127.0.0.1:32702]' for 'POST' to 'http://localhost:32702/session/e906908ffa83f5e102c14cd52c472464/execute/sync'
17:05:35.336 [Forwarding isElementDisplayed on session e906908ffa83f5e102c14cd52c472464 to remote] DEBUG org.asynchttpclient.netty.request.NettyRequestSender -- Using open Channel [id: 0x9d778d6a, L:/127.0.0.1:58728 - R:localhost/127.0.0.1:32702] for POST '/session/e906908ffa83f5e102c14cd52c472464/execute/sync'
17:05:35.365 [AsyncHttpClient-1-9] DEBUG org.asynchttpclient.netty.handler.HttpHandler -- 

Request DefaultHttpRequest(decodeResult: success, version: HTTP/1.1)
POST /session/e906908ffa83f5e102c14cd52c472464/execute/sync HTTP/1.1
User-Agent: selenium/4.12.0 (java windows)
Content-Length: 48734
Content-Type: application/json; charset=utf-8
host: localhost:32702
accept: */*

Response DefaultHttpResponse(decodeResult: success, version: HTTP/1.1)
HTTP/1.1 200 OK
Content-Length: 14
Content-Type: application/json; charset=utf-8
cache-control: no-cache

17:05:35.365 [AsyncHttpClient-1-9] DEBUG org.asynchttpclient.netty.channel.ChannelManager -- Adding key: http://localhost:32702 for channel [id: 0x9d778d6a, L:/127.0.0.1:58728 - R:localhost/127.0.0.1:32702]
17:05:35.367 [Forwarding isElementDisplayed on session e906908ffa83f5e102c14cd52c472464 to remote] DEBUG org.asynchttpclient.netty.request.NettyRequestSender -- Using pooled Channel '[id: 0x9d778d6a, L:/127.0.0.1:58728 - R:localhost/127.0.0.1:32702]' for 'POST' to 'http://localhost:32702/session/e906908ffa83f5e102c14cd52c472464/execute/sync'
17:05:35.367 [Forwarding isElementDisplayed on session e906908ffa83f5e102c14cd52c472464 to remote] DEBUG org.asynchttpclient.netty.request.NettyRequestSender -- Using open Channel [id: 0x9d778d6a, L:/127.0.0.1:58728 - R:localhost/127.0.0.1:32702] for POST '/session/e906908ffa83f5e102c14cd52c472464/execute/sync'
17:05:35.389 [AsyncHttpClient-1-9] DEBUG org.asynchttpclient.netty.handler.HttpHandler -- 

Request DefaultHttpRequest(decodeResult: success, version: HTTP/1.1)
POST /session/e906908ffa83f5e102c14cd52c472464/execute/sync HTTP/1.1
User-Agent: selenium/4.12.0 (java windows)
Content-Length: 48734
Content-Type: application/json; charset=utf-8
host: localhost:32702
accept: */*

Response DefaultHttpResponse(decodeResult: success, version: HTTP/1.1)
HTTP/1.1 200 OK
Content-Length: 14
Content-Type: application/json; charset=utf-8
cache-control: no-cache

17:05:35.389 [AsyncHttpClient-1-9] DEBUG org.asynchttpclient.netty.channel.ChannelManager -- Adding key: http://localhost:32702 for channel [id: 0x9d778d6a, L:/127.0.0.1:58728 - R:localhost/127.0.0.1:32702]
17:05:35.390 [Forwarding getElementText on session e906908ffa83f5e102c14cd52c472464 to remote] DEBUG org.asynchttpclient.netty.request.NettyRequestSender -- Using pooled Channel '[id: 0x9d778d6a, L:/127.0.0.1:58728 - R:localhost/127.0.0.1:32702]' for 'GET' to 'http://localhost:32702/session/e906908ffa83f5e102c14cd52c472464/element/f.18433E76A6AF7D88AD85C7749A82BE74.d.D5D7231FF802501DB4CB6A02D309CAC2.e.37/text'
17:05:35.390 [Forwarding getElementText on session e906908ffa83f5e102c14cd52c472464 to remote] DEBUG org.asynchttpclient.netty.request.NettyRequestSender -- Using open Channel [id: 0x9d778d6a, L:/127.0.0.1:58728 - R:localhost/127.0.0.1:32702] for GET '/session/e906908ffa83f5e102c14cd52c472464/element/f.18433E76A6AF7D88AD85C7749A82BE74.d.D5D7231FF802501DB4CB6A02D309CAC2.e.37/text'
17:05:35.414 [AsyncHttpClient-1-9] DEBUG org.asynchttpclient.netty.handler.HttpHandler -- 

Request DefaultFullHttpRequest(decodeResult: success, version: HTTP/1.1, content: EmptyByteBufBE)
GET /session/e906908ffa83f5e102c14cd52c472464/element/f.18433E76A6AF7D88AD85C7749A82BE74.d.D5D7231FF802501DB4CB6A02D309CAC2.e.37/text HTTP/1.1
Cache-Control: no-cache
User-Agent: selenium/4.12.0 (java windows)
Content-Type: application/json; charset=utf-8
host: localhost:32702
accept: */*

Response DefaultHttpResponse(decodeResult: success, version: HTTP/1.1)
HTTP/1.1 200 OK
Content-Length: 56
Content-Type: application/json; charset=utf-8
cache-control: no-cache

17:05:35.415 [AsyncHttpClient-1-9] DEBUG org.asynchttpclient.netty.channel.ChannelManager -- Adding key: http://localhost:32702 for channel [id: 0x9d778d6a, L:/127.0.0.1:58728 - R:localhost/127.0.0.1:32702]
]]></system-out>
    <system-err><![CDATA[Jan 03, 2025 5:05:31 PM org.openqa.selenium.devtools.CdpVersionFinder findNearestMatch
WARNING: Unable to find CDP implementation matching 131
Jan 03, 2025 5:05:31 PM org.openqa.selenium.chromium.ChromiumDriver lambda$new$5
WARNING: Unable to find version of CDP to use for 131.0.6778.205. You may need to include a dependency on a specific version of the CDP using something similar to `org.seleniumhq.selenium:selenium-devtools-v86:4.12.0` where the version ("v86") matches the version of the chromium-based browser you're using and the version number of the artifact is the same as Selenium's.
]]></system-err>
  </testcase>
</testsuite>