<?xml version="1.0" encoding="UTF-8"?>
<testsuite xmlns:xsi="http://www.w3.org/2001/XMLSchema-instance" xsi:noNamespaceSchemaLocation="https://maven.apache.org/surefire/maven-surefire-plugin/xsd/surefire-test-report-3.0.xsd" version="3.0" name="TestSuite" time="44.819" tests="24" errors="0" skipped="0" failures="16">
  <properties>
    <property name="java.specification.version" value="17"/>
    <property name="webdriver.chrome.driver" value="C:\Users\ASUS\.cache\selenium\chromedriver\win64\131.0.6778.204\chromedriver.exe"/>
    <property name="sun.cpu.isalist" value="amd64"/>
    <property name="sun.jnu.encoding" value="Cp1252"/>
    <property name="java.class.path" value="E:\sample test\Group_01_GitRepository\target\test-classes;E:\sample test\Group_01_GitRepository\target\classes;C:\Users\ASUS\.m2\repository\io\rest-assured\rest-assured\5.4.0\rest-assured-5.4.0.jar;C:\Users\ASUS\.m2\repository\org\apache\groovy\groovy\4.0.16\groovy-4.0.16.jar;C:\Users\ASUS\.m2\repository\org\apache\groovy\groovy-xml\4.0.16\groovy-xml-4.0.16.jar;C:\Users\ASUS\.m2\repository\org\apache\httpcomponents\httpclient\4.5.13\httpclient-4.5.13.jar;C:\Users\ASUS\.m2\repository\org\apache\httpcomponents\httpcore\4.4.13\httpcore-4.4.13.jar;C:\Users\ASUS\.m2\repository\commons-logging\commons-logging\1.2\commons-logging-1.2.jar;C:\Users\ASUS\.m2\repository\commons-codec\commons-codec\1.11\commons-codec-1.11.jar;C:\Users\ASUS\.m2\repository\org\apache\httpcomponents\httpmime\4.5.13\httpmime-4.5.13.jar;C:\Users\ASUS\.m2\repository\org\hamcrest\hamcrest\2.2\hamcrest-2.2.jar;C:\Users\ASUS\.m2\repository\org\ccil\cowan\tagsoup\tagsoup\1.2.1\tagsoup-1.2.1.jar;C:\Users\ASUS\.m2\repository\io\rest-assured\xml-path\5.4.0\xml-path-5.4.0.jar;C:\Users\ASUS\.m2\repository\org\testng\testng\7.7.0\testng-7.7.0.jar;C:\Users\ASUS\.m2\repository\org\slf4j\slf4j-api\1.7.36\slf4j-api-1.7.36.jar;C:\Users\ASUS\.m2\repository\com\beust\jcommander\1.82\jcommander-1.82.jar;C:\Users\ASUS\.m2\repository\org\webjars\jquery\3.6.1\jquery-3.6.1.jar;C:\Users\ASUS\.m2\repository\com\fasterxml\jackson\core\jackson-databind\2.15.2\jackson-databind-2.15.2.jar;C:\Users\ASUS\.m2\repository\com\fasterxml\jackson\core\jackson-annotations\2.15.2\jackson-annotations-2.15.2.jar;C:\Users\ASUS\.m2\repository\com\fasterxml\jackson\core\jackson-core\2.15.2\jackson-core-2.15.2.jar;C:\Users\ASUS\.m2\repository\org\apache\logging\log4j\log4j-api\2.14.1\log4j-api-2.14.1.jar;C:\Users\ASUS\.m2\repository\org\apache\httpcomponents\client5\httpclient5\5.2.1\httpclient5-5.2.1.jar;C:\Users\ASUS\.m2\repository\org\apache\httpcomponents\core5\httpcore5\5.2\httpcore5-5.2.jar;C:\Users\ASUS\.m2\repository\org\apache\httpcomponents\core5\httpcore5-h2\5.2\httpcore5-h2-5.2.jar;C:\Users\ASUS\.m2\repository\org\seleniumhq\selenium\selenium-java\4.12.0\selenium-java-4.12.0.jar;C:\Users\ASUS\.m2\repository\org\seleniumhq\selenium\selenium-api\4.12.0\selenium-api-4.12.0.jar;C:\Users\ASUS\.m2\repository\org\seleniumhq\selenium\selenium-chrome-driver\4.12.0\selenium-chrome-driver-4.12.0.jar;C:\Users\ASUS\.m2\repository\com\google\auto\service\auto-service-annotations\1.1.1\auto-service-annotations-1.1.1.jar;C:\Users\ASUS\.m2\repository\com\google\guava\guava\32.1.2-jre\guava-32.1.2-jre.jar;C:\Users\ASUS\.m2\repository\com\google\guava\failureaccess\1.0.1\failureaccess-1.0.1.jar;C:\Users\ASUS\.m2\repository\com\google\guava\listenablefuture\9999.0-empty-to-avoid-conflict-with-guava\listenablefuture-9999.0-empty-to-avoid-conflict-with-guava.jar;C:\Users\ASUS\.m2\repository\com\google\code\findbugs\jsr305\3.0.2\jsr305-3.0.2.jar;C:\Users\ASUS\.m2\repository\org\checkerframework\checker-qual\3.33.0\checker-qual-3.33.0.jar;C:\Users\ASUS\.m2\repository\com\google\errorprone\error_prone_annotations\2.18.0\error_prone_annotations-2.18.0.jar;C:\Users\ASUS\.m2\repository\com\google\j2objc\j2objc-annotations\2.8\j2objc-annotations-2.8.jar;C:\Users\ASUS\.m2\repository\org\seleniumhq\selenium\selenium-chromium-driver\4.12.0\selenium-chromium-driver-4.12.0.jar;C:\Users\ASUS\.m2\repository\org\seleniumhq\selenium\selenium-json\4.12.0\selenium-json-4.12.0.jar;C:\Users\ASUS\.m2\repository\org\seleniumhq\selenium\selenium-manager\4.12.0\selenium-manager-4.12.0.jar;C:\Users\ASUS\.m2\repository\org\seleniumhq\selenium\selenium-devtools-v114\4.12.0\selenium-devtools-v114-4.12.0.jar;C:\Users\ASUS\.m2\repository\org\seleniumhq\selenium\selenium-devtools-v115\4.12.0\selenium-devtools-v115-4.12.0.jar;C:\Users\ASUS\.m2\repository\org\seleniumhq\selenium\selenium-devtools-v116\4.12.0\selenium-devtools-v116-4.12.0.jar;C:\Users\ASUS\.m2\repository\org\seleniumhq\selenium\selenium-devtools-v85\4.12.0\selenium-devtools-v85-4.12.0.jar;C:\Users\ASUS\.m2\repository\org\seleniumhq\selenium\selenium-edge-driver\4.12.0\selenium-edge-driver-4.12.0.jar;C:\Users\ASUS\.m2\repository\org\seleniumhq\selenium\selenium-firefox-driver\4.12.0\selenium-firefox-driver-4.12.0.jar;C:\Users\ASUS\.m2\repository\org\seleniumhq\selenium\selenium-http\4.12.0\selenium-http-4.12.0.jar;C:\Users\ASUS\.m2\repository\dev\failsafe\failsafe\3.3.2\failsafe-3.3.2.jar;C:\Users\ASUS\.m2\repository\org\seleniumhq\selenium\selenium-ie-driver\4.12.0\selenium-ie-driver-4.12.0.jar;C:\Users\ASUS\.m2\repository\org\seleniumhq\selenium\selenium-remote-driver\4.12.0\selenium-remote-driver-4.12.0.jar;C:\Users\ASUS\.m2\repository\io\netty\netty-buffer\4.1.96.Final\netty-buffer-4.1.96.Final.jar;C:\Users\ASUS\.m2\repository\io\netty\netty-codec-http\4.1.96.Final\netty-codec-http-4.1.96.Final.jar;C:\Users\ASUS\.m2\repository\io\netty\netty-codec\4.1.96.Final\netty-codec-4.1.96.Final.jar;C:\Users\ASUS\.m2\repository\io\netty\netty-handler\4.1.96.Final\netty-handler-4.1.96.Final.jar;C:\Users\ASUS\.m2\repository\io\netty\netty-common\4.1.96.Final\netty-common-4.1.96.Final.jar;C:\Users\ASUS\.m2\repository\io\netty\netty-transport-classes-epoll\4.1.96.Final\netty-transport-classes-epoll-4.1.96.Final.jar;C:\Users\ASUS\.m2\repository\io\netty\netty-transport-classes-kqueue\4.1.96.Final\netty-transport-classes-kqueue-4.1.96.Final.jar;C:\Users\ASUS\.m2\repository\io\netty\netty-transport-native-epoll\4.1.96.Final\netty-transport-native-epoll-4.1.96.Final.jar;C:\Users\ASUS\.m2\repository\io\netty\netty-transport-native-kqueue\4.1.96.Final\netty-transport-native-kqueue-4.1.96.Final.jar;C:\Users\ASUS\.m2\repository\io\netty\netty-transport-native-unix-common\4.1.96.Final\netty-transport-native-unix-common-4.1.96.Final.jar;C:\Users\ASUS\.m2\repository\io\netty\netty-transport\4.1.96.Final\netty-transport-4.1.96.Final.jar;C:\Users\ASUS\.m2\repository\io\netty\netty-resolver\4.1.96.Final\netty-resolver-4.1.96.Final.jar;C:\Users\ASUS\.m2\repository\io\opentelemetry\opentelemetry-api\1.28.0\opentelemetry-api-1.28.0.jar;C:\Users\ASUS\.m2\repository\io\opentelemetry\opentelemetry-context\1.28.0\opentelemetry-context-1.28.0.jar;C:\Users\ASUS\.m2\repository\io\opentelemetry\opentelemetry-exporter-logging\1.28.0\opentelemetry-exporter-logging-1.28.0.jar;C:\Users\ASUS\.m2\repository\io\opentelemetry\opentelemetry-sdk-metrics\1.28.0\opentelemetry-sdk-metrics-1.28.0.jar;C:\Users\ASUS\.m2\repository\io\opentelemetry\opentelemetry-extension-incubator\1.28.0-alpha\opentelemetry-extension-incubator-1.28.0-alpha.jar;C:\Users\ASUS\.m2\repository\io\opentelemetry\opentelemetry-sdk-logs\1.28.0\opentelemetry-sdk-logs-1.28.0.jar;C:\Users\ASUS\.m2\repository\io\opentelemetry\opentelemetry-sdk-common\1.28.0\opentelemetry-sdk-common-1.28.0.jar;C:\Users\ASUS\.m2\repository\io\opentelemetry\opentelemetry-sdk-extension-autoconfigure-spi\1.28.0\opentelemetry-sdk-extension-autoconfigure-spi-1.28.0.jar;C:\Users\ASUS\.m2\repository\io\opentelemetry\opentelemetry-sdk-extension-autoconfigure\1.28.0\opentelemetry-sdk-extension-autoconfigure-1.28.0.jar;C:\Users\ASUS\.m2\repository\io\opentelemetry\opentelemetry-api-events\1.28.0-alpha\opentelemetry-api-events-1.28.0-alpha.jar;C:\Users\ASUS\.m2\repository\io\opentelemetry\opentelemetry-sdk-trace\1.28.0\opentelemetry-sdk-trace-1.28.0.jar;C:\Users\ASUS\.m2\repository\io\opentelemetry\opentelemetry-sdk\1.28.0\opentelemetry-sdk-1.28.0.jar;C:\Users\ASUS\.m2\repository\io\opentelemetry\opentelemetry-semconv\1.28.0-alpha\opentelemetry-semconv-1.28.0-alpha.jar;C:\Users\ASUS\.m2\repository\net\bytebuddy\byte-buddy\1.14.5\byte-buddy-1.14.5.jar;C:\Users\ASUS\.m2\repository\org\asynchttpclient\async-http-client\2.12.3\async-http-client-2.12.3.jar;C:\Users\ASUS\.m2\repository\org\asynchttpclient\async-http-client-netty-utils\2.12.3\async-http-client-netty-utils-2.12.3.jar;C:\Users\ASUS\.m2\repository\io\netty\netty-codec-socks\4.1.60.Final\netty-codec-socks-4.1.60.Final.jar;C:\Users\ASUS\.m2\repository\io\netty\netty-handler-proxy\4.1.60.Final\netty-handler-proxy-4.1.60.Final.jar;C:\Users\ASUS\.m2\repository\io\netty\netty-transport-native-epoll\4.1.60.Final\netty-transport-native-epoll-4.1.60.Final-linux-x86_64.jar;C:\Users\ASUS\.m2\repository\io\netty\netty-transport-native-kqueue\4.1.60.Final\netty-transport-native-kqueue-4.1.60.Final-osx-x86_64.jar;C:\Users\ASUS\.m2\repository\org\reactivestreams\reactive-streams\1.0.3\reactive-streams-1.0.3.jar;C:\Users\ASUS\.m2\repository\com\typesafe\netty\netty-reactive-streams\2.0.4\netty-reactive-streams-2.0.4.jar;C:\Users\ASUS\.m2\repository\com\sun\activation\jakarta.activation\1.2.2\jakarta.activation-1.2.2.jar;C:\Users\ASUS\.m2\repository\org\seleniumhq\selenium\selenium-os\4.12.0\selenium-os-4.12.0.jar;C:\Users\ASUS\.m2\repository\org\apache\commons\commons-exec\1.3\commons-exec-1.3.jar;C:\Users\ASUS\.m2\repository\org\seleniumhq\selenium\selenium-safari-driver\4.12.0\selenium-safari-driver-4.12.0.jar;C:\Users\ASUS\.m2\repository\org\seleniumhq\selenium\selenium-support\4.12.0\selenium-support-4.12.0.jar;C:\Users\ASUS\.m2\repository\io\github\bonigarcia\webdrivermanager\5.5.3\webdrivermanager-5.5.3.jar;C:\Users\ASUS\.m2\repository\com\google\code\gson\gson\2.10.1\gson-2.10.1.jar;C:\Users\ASUS\.m2\repository\com\github\docker-java\docker-java\3.3.3\docker-java-3.3.3.jar;C:\Users\ASUS\.m2\repository\com\github\docker-java\docker-java-core\3.3.3\docker-java-core-3.3.3.jar;C:\Users\ASUS\.m2\repository\com\github\docker-java\docker-java-api\3.3.3\docker-java-api-3.3.3.jar;C:\Users\ASUS\.m2\repository\commons-io\commons-io\2.6\commons-io-2.6.jar;C:\Users\ASUS\.m2\repository\org\apache\commons\commons-compress\1.21\commons-compress-1.21.jar;C:\Users\ASUS\.m2\repository\org\bouncycastle\bcpkix-jdk18on\1.75\bcpkix-jdk18on-1.75.jar;C:\Users\ASUS\.m2\repository\org\bouncycastle\bcprov-jdk18on\1.75\bcprov-jdk18on-1.75.jar;C:\Users\ASUS\.m2\repository\org\bouncycastle\bcutil-jdk18on\1.75\bcutil-jdk18on-1.75.jar;C:\Users\ASUS\.m2\repository\org\slf4j\jcl-over-slf4j\1.7.30\jcl-over-slf4j-1.7.30.jar;C:\Users\ASUS\.m2\repository\com\github\docker-java\docker-java-transport-httpclient5\3.3.3\docker-java-transport-httpclient5-3.3.3.jar;C:\Users\ASUS\.m2\repository\com\github\docker-java\docker-java-transport\3.3.3\docker-java-transport-3.3.3.jar;C:\Users\ASUS\.m2\repository\net\java\dev\jna\jna\5.12.1\jna-5.12.1.jar;C:\Users\ASUS\.m2\repository\org\brotli\dec\0.1.2\dec-0.1.2.jar;C:\Users\ASUS\.m2\repository\org\apache\commons\commons-lang3\3.13.0\commons-lang3-3.13.0.jar;C:\Users\ASUS\.m2\repository\io\rest-assured\json-path\5.2.1\json-path-5.2.1.jar;C:\Users\ASUS\.m2\repository\org\apache\groovy\groovy-json\4.0.1\groovy-json-4.0.1.jar;C:\Users\ASUS\.m2\repository\io\rest-assured\rest-assured-common\5.2.1\rest-assured-common-5.2.1.jar;C:\Users\ASUS\.m2\repository\junit\junit\3.8.1\junit-3.8.1.jar;C:\Users\ASUS\.m2\repository\ch\qos\logback\logback-classic\1.2.11\logback-classic-1.2.11.jar;C:\Users\ASUS\.m2\repository\ch\qos\logback\logback-core\1.2.11\logback-core-1.2.11.jar;"/>
    <property name="java.vm.vendor" value="Amazon.com Inc."/>
    <property name="sun.arch.data.model" value="64"/>
    <property name="user.variant" value=""/>
    <property name="java.vendor.url" value="https://aws.amazon.com/corretto/"/>
    <property name="user.timezone" value="Asia/Colombo"/>
    <property name="os.name" value="Windows 10"/>
    <property name="java.vm.specification.version" value="17"/>
    <property name="sun.java.launcher" value="SUN_STANDARD"/>
    <property name="user.country" value="US"/>
    <property name="sun.boot.library.path" value="C:\Users\ASUS\.jdks\corretto-17.0.13\bin"/>
    <property name="sun.java.command" value="C:\Users\ASUS\AppData\Local\Temp\surefire16663094435340765629\surefirebooter-20250102131803993_3.jar C:\Users\ASUS\AppData\Local\Temp\surefire16663094435340765629 2025-01-02T13-18-03_600-jvmRun1 surefire-20250102131803993_1tmp surefire_0-20250102131803993_2tmp"/>
    <property name="jdk.debug" value="release"/>
    <property name="surefire.test.class.path" value="E:\sample test\Group_01_GitRepository\target\test-classes;E:\sample test\Group_01_GitRepository\target\classes;C:\Users\ASUS\.m2\repository\io\rest-assured\rest-assured\5.4.0\rest-assured-5.4.0.jar;C:\Users\ASUS\.m2\repository\org\apache\groovy\groovy\4.0.16\groovy-4.0.16.jar;C:\Users\ASUS\.m2\repository\org\apache\groovy\groovy-xml\4.0.16\groovy-xml-4.0.16.jar;C:\Users\ASUS\.m2\repository\org\apache\httpcomponents\httpclient\4.5.13\httpclient-4.5.13.jar;C:\Users\ASUS\.m2\repository\org\apache\httpcomponents\httpcore\4.4.13\httpcore-4.4.13.jar;C:\Users\ASUS\.m2\repository\commons-logging\commons-logging\1.2\commons-logging-1.2.jar;C:\Users\ASUS\.m2\repository\commons-codec\commons-codec\1.11\commons-codec-1.11.jar;C:\Users\ASUS\.m2\repository\org\apache\httpcomponents\httpmime\4.5.13\httpmime-4.5.13.jar;C:\Users\ASUS\.m2\repository\org\hamcrest\hamcrest\2.2\hamcrest-2.2.jar;C:\Users\ASUS\.m2\repository\org\ccil\cowan\tagsoup\tagsoup\1.2.1\tagsoup-1.2.1.jar;C:\Users\ASUS\.m2\repository\io\rest-assured\xml-path\5.4.0\xml-path-5.4.0.jar;C:\Users\ASUS\.m2\repository\org\testng\testng\7.7.0\testng-7.7.0.jar;C:\Users\ASUS\.m2\repository\org\slf4j\slf4j-api\1.7.36\slf4j-api-1.7.36.jar;C:\Users\ASUS\.m2\repository\com\beust\jcommander\1.82\jcommander-1.82.jar;C:\Users\ASUS\.m2\repository\org\webjars\jquery\3.6.1\jquery-3.6.1.jar;C:\Users\ASUS\.m2\repository\com\fasterxml\jackson\core\jackson-databind\2.15.2\jackson-databind-2.15.2.jar;C:\Users\ASUS\.m2\repository\com\fasterxml\jackson\core\jackson-annotations\2.15.2\jackson-annotations-2.15.2.jar;C:\Users\ASUS\.m2\repository\com\fasterxml\jackson\core\jackson-core\2.15.2\jackson-core-2.15.2.jar;C:\Users\ASUS\.m2\repository\org\apache\logging\log4j\log4j-api\2.14.1\log4j-api-2.14.1.jar;C:\Users\ASUS\.m2\repository\org\apache\httpcomponents\client5\httpclient5\5.2.1\httpclient5-5.2.1.jar;C:\Users\ASUS\.m2\repository\org\apache\httpcomponents\core5\httpcore5\5.2\httpcore5-5.2.jar;C:\Users\ASUS\.m2\repository\org\apache\httpcomponents\core5\httpcore5-h2\5.2\httpcore5-h2-5.2.jar;C:\Users\ASUS\.m2\repository\org\seleniumhq\selenium\selenium-java\4.12.0\selenium-java-4.12.0.jar;C:\Users\ASUS\.m2\repository\org\seleniumhq\selenium\selenium-api\4.12.0\selenium-api-4.12.0.jar;C:\Users\ASUS\.m2\repository\org\seleniumhq\selenium\selenium-chrome-driver\4.12.0\selenium-chrome-driver-4.12.0.jar;C:\Users\ASUS\.m2\repository\com\google\auto\service\auto-service-annotations\1.1.1\auto-service-annotations-1.1.1.jar;C:\Users\ASUS\.m2\repository\com\google\guava\guava\32.1.2-jre\guava-32.1.2-jre.jar;C:\Users\ASUS\.m2\repository\com\google\guava\failureaccess\1.0.1\failureaccess-1.0.1.jar;C:\Users\ASUS\.m2\repository\com\google\guava\listenablefuture\9999.0-empty-to-avoid-conflict-with-guava\listenablefuture-9999.0-empty-to-avoid-conflict-with-guava.jar;C:\Users\ASUS\.m2\repository\com\google\code\findbugs\jsr305\3.0.2\jsr305-3.0.2.jar;C:\Users\ASUS\.m2\repository\org\checkerframework\checker-qual\3.33.0\checker-qual-3.33.0.jar;C:\Users\ASUS\.m2\repository\com\google\errorprone\error_prone_annotations\2.18.0\error_prone_annotations-2.18.0.jar;C:\Users\ASUS\.m2\repository\com\google\j2objc\j2objc-annotations\2.8\j2objc-annotations-2.8.jar;C:\Users\ASUS\.m2\repository\org\seleniumhq\selenium\selenium-chromium-driver\4.12.0\selenium-chromium-driver-4.12.0.jar;C:\Users\ASUS\.m2\repository\org\seleniumhq\selenium\selenium-json\4.12.0\selenium-json-4.12.0.jar;C:\Users\ASUS\.m2\repository\org\seleniumhq\selenium\selenium-manager\4.12.0\selenium-manager-4.12.0.jar;C:\Users\ASUS\.m2\repository\org\seleniumhq\selenium\selenium-devtools-v114\4.12.0\selenium-devtools-v114-4.12.0.jar;C:\Users\ASUS\.m2\repository\org\seleniumhq\selenium\selenium-devtools-v115\4.12.0\selenium-devtools-v115-4.12.0.jar;C:\Users\ASUS\.m2\repository\org\seleniumhq\selenium\selenium-devtools-v116\4.12.0\selenium-devtools-v116-4.12.0.jar;C:\Users\ASUS\.m2\repository\org\seleniumhq\selenium\selenium-devtools-v85\4.12.0\selenium-devtools-v85-4.12.0.jar;C:\Users\ASUS\.m2\repository\org\seleniumhq\selenium\selenium-edge-driver\4.12.0\selenium-edge-driver-4.12.0.jar;C:\Users\ASUS\.m2\repository\org\seleniumhq\selenium\selenium-firefox-driver\4.12.0\selenium-firefox-driver-4.12.0.jar;C:\Users\ASUS\.m2\repository\org\seleniumhq\selenium\selenium-http\4.12.0\selenium-http-4.12.0.jar;C:\Users\ASUS\.m2\repository\dev\failsafe\failsafe\3.3.2\failsafe-3.3.2.jar;C:\Users\ASUS\.m2\repository\org\seleniumhq\selenium\selenium-ie-driver\4.12.0\selenium-ie-driver-4.12.0.jar;C:\Users\ASUS\.m2\repository\org\seleniumhq\selenium\selenium-remote-driver\4.12.0\selenium-remote-driver-4.12.0.jar;C:\Users\ASUS\.m2\repository\io\netty\netty-buffer\4.1.96.Final\netty-buffer-4.1.96.Final.jar;C:\Users\ASUS\.m2\repository\io\netty\netty-codec-http\4.1.96.Final\netty-codec-http-4.1.96.Final.jar;C:\Users\ASUS\.m2\repository\io\netty\netty-codec\4.1.96.Final\netty-codec-4.1.96.Final.jar;C:\Users\ASUS\.m2\repository\io\netty\netty-handler\4.1.96.Final\netty-handler-4.1.96.Final.jar;C:\Users\ASUS\.m2\repository\io\netty\netty-common\4.1.96.Final\netty-common-4.1.96.Final.jar;C:\Users\ASUS\.m2\repository\io\netty\netty-transport-classes-epoll\4.1.96.Final\netty-transport-classes-epoll-4.1.96.Final.jar;C:\Users\ASUS\.m2\repository\io\netty\netty-transport-classes-kqueue\4.1.96.Final\netty-transport-classes-kqueue-4.1.96.Final.jar;C:\Users\ASUS\.m2\repository\io\netty\netty-transport-native-epoll\4.1.96.Final\netty-transport-native-epoll-4.1.96.Final.jar;C:\Users\ASUS\.m2\repository\io\netty\netty-transport-native-kqueue\4.1.96.Final\netty-transport-native-kqueue-4.1.96.Final.jar;C:\Users\ASUS\.m2\repository\io\netty\netty-transport-native-unix-common\4.1.96.Final\netty-transport-native-unix-common-4.1.96.Final.jar;C:\Users\ASUS\.m2\repository\io\netty\netty-transport\4.1.96.Final\netty-transport-4.1.96.Final.jar;C:\Users\ASUS\.m2\repository\io\netty\netty-resolver\4.1.96.Final\netty-resolver-4.1.96.Final.jar;C:\Users\ASUS\.m2\repository\io\opentelemetry\opentelemetry-api\1.28.0\opentelemetry-api-1.28.0.jar;C:\Users\ASUS\.m2\repository\io\opentelemetry\opentelemetry-context\1.28.0\opentelemetry-context-1.28.0.jar;C:\Users\ASUS\.m2\repository\io\opentelemetry\opentelemetry-exporter-logging\1.28.0\opentelemetry-exporter-logging-1.28.0.jar;C:\Users\ASUS\.m2\repository\io\opentelemetry\opentelemetry-sdk-metrics\1.28.0\opentelemetry-sdk-metrics-1.28.0.jar;C:\Users\ASUS\.m2\repository\io\opentelemetry\opentelemetry-extension-incubator\1.28.0-alpha\opentelemetry-extension-incubator-1.28.0-alpha.jar;C:\Users\ASUS\.m2\repository\io\opentelemetry\opentelemetry-sdk-logs\1.28.0\opentelemetry-sdk-logs-1.28.0.jar;C:\Users\ASUS\.m2\repository\io\opentelemetry\opentelemetry-sdk-common\1.28.0\opentelemetry-sdk-common-1.28.0.jar;C:\Users\ASUS\.m2\repository\io\opentelemetry\opentelemetry-sdk-extension-autoconfigure-spi\1.28.0\opentelemetry-sdk-extension-autoconfigure-spi-1.28.0.jar;C:\Users\ASUS\.m2\repository\io\opentelemetry\opentelemetry-sdk-extension-autoconfigure\1.28.0\opentelemetry-sdk-extension-autoconfigure-1.28.0.jar;C:\Users\ASUS\.m2\repository\io\opentelemetry\opentelemetry-api-events\1.28.0-alpha\opentelemetry-api-events-1.28.0-alpha.jar;C:\Users\ASUS\.m2\repository\io\opentelemetry\opentelemetry-sdk-trace\1.28.0\opentelemetry-sdk-trace-1.28.0.jar;C:\Users\ASUS\.m2\repository\io\opentelemetry\opentelemetry-sdk\1.28.0\opentelemetry-sdk-1.28.0.jar;C:\Users\ASUS\.m2\repository\io\opentelemetry\opentelemetry-semconv\1.28.0-alpha\opentelemetry-semconv-1.28.0-alpha.jar;C:\Users\ASUS\.m2\repository\net\bytebuddy\byte-buddy\1.14.5\byte-buddy-1.14.5.jar;C:\Users\ASUS\.m2\repository\org\asynchttpclient\async-http-client\2.12.3\async-http-client-2.12.3.jar;C:\Users\ASUS\.m2\repository\org\asynchttpclient\async-http-client-netty-utils\2.12.3\async-http-client-netty-utils-2.12.3.jar;C:\Users\ASUS\.m2\repository\io\netty\netty-codec-socks\4.1.60.Final\netty-codec-socks-4.1.60.Final.jar;C:\Users\ASUS\.m2\repository\io\netty\netty-handler-proxy\4.1.60.Final\netty-handler-proxy-4.1.60.Final.jar;C:\Users\ASUS\.m2\repository\io\netty\netty-transport-native-epoll\4.1.60.Final\netty-transport-native-epoll-4.1.60.Final-linux-x86_64.jar;C:\Users\ASUS\.m2\repository\io\netty\netty-transport-native-kqueue\4.1.60.Final\netty-transport-native-kqueue-4.1.60.Final-osx-x86_64.jar;C:\Users\ASUS\.m2\repository\org\reactivestreams\reactive-streams\1.0.3\reactive-streams-1.0.3.jar;C:\Users\ASUS\.m2\repository\com\typesafe\netty\netty-reactive-streams\2.0.4\netty-reactive-streams-2.0.4.jar;C:\Users\ASUS\.m2\repository\com\sun\activation\jakarta.activation\1.2.2\jakarta.activation-1.2.2.jar;C:\Users\ASUS\.m2\repository\org\seleniumhq\selenium\selenium-os\4.12.0\selenium-os-4.12.0.jar;C:\Users\ASUS\.m2\repository\org\apache\commons\commons-exec\1.3\commons-exec-1.3.jar;C:\Users\ASUS\.m2\repository\org\seleniumhq\selenium\selenium-safari-driver\4.12.0\selenium-safari-driver-4.12.0.jar;C:\Users\ASUS\.m2\repository\org\seleniumhq\selenium\selenium-support\4.12.0\selenium-support-4.12.0.jar;C:\Users\ASUS\.m2\repository\io\github\bonigarcia\webdrivermanager\5.5.3\webdrivermanager-5.5.3.jar;C:\Users\ASUS\.m2\repository\com\google\code\gson\gson\2.10.1\gson-2.10.1.jar;C:\Users\ASUS\.m2\repository\com\github\docker-java\docker-java\3.3.3\docker-java-3.3.3.jar;C:\Users\ASUS\.m2\repository\com\github\docker-java\docker-java-core\3.3.3\docker-java-core-3.3.3.jar;C:\Users\ASUS\.m2\repository\com\github\docker-java\docker-java-api\3.3.3\docker-java-api-3.3.3.jar;C:\Users\ASUS\.m2\repository\commons-io\commons-io\2.6\commons-io-2.6.jar;C:\Users\ASUS\.m2\repository\org\apache\commons\commons-compress\1.21\commons-compress-1.21.jar;C:\Users\ASUS\.m2\repository\org\bouncycastle\bcpkix-jdk18on\1.75\bcpkix-jdk18on-1.75.jar;C:\Users\ASUS\.m2\repository\org\bouncycastle\bcprov-jdk18on\1.75\bcprov-jdk18on-1.75.jar;C:\Users\ASUS\.m2\repository\org\bouncycastle\bcutil-jdk18on\1.75\bcutil-jdk18on-1.75.jar;C:\Users\ASUS\.m2\repository\org\slf4j\jcl-over-slf4j\1.7.30\jcl-over-slf4j-1.7.30.jar;C:\Users\ASUS\.m2\repository\com\github\docker-java\docker-java-transport-httpclient5\3.3.3\docker-java-transport-httpclient5-3.3.3.jar;C:\Users\ASUS\.m2\repository\com\github\docker-java\docker-java-transport\3.3.3\docker-java-transport-3.3.3.jar;C:\Users\ASUS\.m2\repository\net\java\dev\jna\jna\5.12.1\jna-5.12.1.jar;C:\Users\ASUS\.m2\repository\org\brotli\dec\0.1.2\dec-0.1.2.jar;C:\Users\ASUS\.m2\repository\org\apache\commons\commons-lang3\3.13.0\commons-lang3-3.13.0.jar;C:\Users\ASUS\.m2\repository\io\rest-assured\json-path\5.2.1\json-path-5.2.1.jar;C:\Users\ASUS\.m2\repository\org\apache\groovy\groovy-json\4.0.1\groovy-json-4.0.1.jar;C:\Users\ASUS\.m2\repository\io\rest-assured\rest-assured-common\5.2.1\rest-assured-common-5.2.1.jar;C:\Users\ASUS\.m2\repository\junit\junit\3.8.1\junit-3.8.1.jar;C:\Users\ASUS\.m2\repository\ch\qos\logback\logback-classic\1.2.11\logback-classic-1.2.11.jar;C:\Users\ASUS\.m2\repository\ch\qos\logback\logback-core\1.2.11\logback-core-1.2.11.jar;"/>
    <property name="sun.cpu.endian" value="little"/>
    <property name="user.home" value="C:\Users\ASUS"/>
    <property name="user.language" value="en"/>
    <property name="java.specification.vendor" value="Oracle Corporation"/>
    <property name="java.version.date" value="2024-10-15"/>
    <property name="java.home" value="C:\Users\ASUS\.jdks\corretto-17.0.13"/>
    <property name="file.separator" value="\"/>
    <property name="basedir" value="E:\sample test\Group_01_GitRepository"/>
    <property name="java.vm.compressedOopsMode" value="32-bit"/>
    <property name="line.separator" value="&#10;"/>
    <property name="java.vm.specification.vendor" value="Oracle Corporation"/>
    <property name="java.specification.name" value="Java Platform API Specification"/>
    <property name="surefire.real.class.path" value="C:\Users\ASUS\AppData\Local\Temp\surefire16663094435340765629\surefirebooter-20250102131803993_3.jar"/>
    <property name="user.script" value=""/>
    <property name="sun.management.compiler" value="HotSpot 64-Bit Tiered Compilers"/>
    <property name="java.runtime.version" value="17.0.13+11-LTS"/>
    <property name="user.name" value="ASUS"/>
    <property name="path.separator" value=";"/>
    <property name="os.version" value="10.0"/>
    <property name="java.runtime.name" value="OpenJDK Runtime Environment"/>
    <property name="file.encoding" value="Cp1252"/>
    <property name="java.vm.name" value="OpenJDK 64-Bit Server VM"/>
    <property name="java.vendor.version" value="Corretto-17.0.13.11.1"/>
    <property name="localRepository" value="C:\Users\ASUS\.m2\repository"/>
    <property name="java.vendor.url.bug" value="https://github.com/corretto/corretto-17/issues/"/>
    <property name="java.io.tmpdir" value="C:\Users\ASUS\AppData\Local\Temp\"/>
    <property name="idea.version" value="2024.3.1.1"/>
    <property name="java.version" value="17.0.13"/>
    <property name="user.dir" value="E:\sample test\Group_01_GitRepository"/>
    <property name="os.arch" value="amd64"/>
    <property name="java.vm.specification.name" value="Java Virtual Machine Specification"/>
    <property name="sun.os.patch.level" value=""/>
    <property name="native.encoding" value="Cp1252"/>
    <property name="java.library.path" value="C:\Users\ASUS\.jdks\corretto-17.0.13\bin;C:\WINDOWS\Sun\Java\bin;C:\WINDOWS\system32;C:\WINDOWS;C:\Program Files\Microsoft MPI\Bin\;C:\Program Files\Common Files\Oracle\Java\javapath;C:\WINDOWS\system32;C:\WINDOWS;C:\WINDOWS\System32\Wbem;C:\WINDOWS\System32\WindowsPowerShell\v1.0\;C:\WINDOWS\System32\OpenSSH\;C:\Program Files\Microsoft SQL Server\Client SDK\ODBC\170\Tools\Binn\;C:\Program Files (x86)\Microsoft SQL Server\150\Tools\Binn\;C:\Program Files\Microsoft SQL Server\150\Tools\Binn\;C:\Program Files\Microsoft SQL Server\150\DTS\Binn\;C:\Program Files (x86)\Microsoft SQL Server\150\DTS\Binn\;C:\Program Files\Azure Data Studio\bin;C:\Program Files\Git\cmd;C:\Program Files\apache-maven-3.9.2-bin\apache-maven-3.9.2\bin;C:\Users\ASUS\AppData\Roaming\nvm;C:\Program Files\nodejs;C:\Program Files\nodejs\;C:\Program Files (x86)\Windows Kits\10\Windows Performance Toolkit\;C:\Users\ASUS\AppData\Local\Programs\Python\Python312\Scripts\;C:\Users\ASUS\AppData\Local\Programs\Python\Python312\;C:\Users\ASUS\AppData\Local\Programs\Python\Launcher\;C:\Users\ASUS\AppData\Local\Microsoft\WindowsApps;C:\Users\ASUS\AppData\Local\Programs\Microsoft VS Code\bin;C:\Program Files\Azure Data Studio\bin;C:\Users\ASUS\AppData\Local\GitHubDesktop\bin;C:\Program Files\apache-maven-3.9.2-bin\apache-maven-3.9.2\bin;C:\Users\ASUS\AppData\Roaming\nvm;C:\Program Files\nodejs;C:\Users\ASUS\AppData\Roaming\npm;E:\IntelliJ IDEA Community Edition 2024.3.1.1\bin;;."/>
    <property name="java.vm.info" value="mixed mode, sharing"/>
    <property name="java.vendor" value="Amazon.com Inc."/>
    <property name="java.vm.version" value="17.0.13+11-LTS"/>
    <property name="java.specification.maintenance.version" value="1"/>
    <property name="sun.io.unicode.encoding" value="UnicodeLittle"/>
    <property name="java.class.version" value="61.0"/>
  </properties>
  <testcase name="testGetAllBooksAsAdmin" classname="TestCases.GetBookAPITests" time="1.684">
    <system-out><![CDATA[13:18:05.816 [main] DEBUG org.apache.http.impl.conn.BasicClientConnectionManager - Get connection for route {}->http://13.60.22.209:7081
13:18:05.824 [main] DEBUG org.apache.http.impl.conn.DefaultClientConnectionOperator - Connecting to 13.60.22.209:7081
13:18:06.067 [main] DEBUG org.apache.http.client.protocol.RequestAddCookies - CookieSpec selected: ignoreCookies
13:18:06.067 [main] DEBUG org.apache.http.client.protocol.RequestAuthCache - Auth cache not set in the context
13:18:06.068 [main] DEBUG org.apache.http.client.protocol.RequestTargetAuthentication - Target auth state: UNCHALLENGED
13:18:06.068 [main] DEBUG org.apache.http.client.protocol.RequestProxyAuthentication - Proxy auth state: UNCHALLENGED
13:18:06.068 [main] DEBUG org.apache.http.impl.client.DefaultHttpClient - Attempt 1 to execute request
13:18:06.068 [main] DEBUG org.apache.http.impl.conn.DefaultClientConnection - Sending request: GET /api/books HTTP/1.1
13:18:06.068 [main] DEBUG org.apache.http.wire -  >> "GET /api/books HTTP/1.1[\r][\n]"
13:18:06.068 [main] DEBUG org.apache.http.wire -  >> "Accept: */*[\r][\n]"
13:18:06.068 [main] DEBUG org.apache.http.wire -  >> "Host: 13.60.22.209:7081[\r][\n]"
13:18:06.069 [main] DEBUG org.apache.http.wire -  >> "Connection: Keep-Alive[\r][\n]"
13:18:06.069 [main] DEBUG org.apache.http.wire -  >> "User-Agent: Apache-HttpClient/4.5.13 (Java/17.0.13)[\r][\n]"
13:18:06.069 [main] DEBUG org.apache.http.wire -  >> "Accept-Encoding: gzip,deflate[\r][\n]"
13:18:06.069 [main] DEBUG org.apache.http.wire -  >> "[\r][\n]"
13:18:06.069 [main] DEBUG org.apache.http.headers - >> GET /api/books HTTP/1.1
13:18:06.069 [main] DEBUG org.apache.http.headers - >> Accept: */*
13:18:06.069 [main] DEBUG org.apache.http.headers - >> Host: 13.60.22.209:7081
13:18:06.069 [main] DEBUG org.apache.http.headers - >> Connection: Keep-Alive
13:18:06.069 [main] DEBUG org.apache.http.headers - >> User-Agent: Apache-HttpClient/4.5.13 (Java/17.0.13)
13:18:06.069 [main] DEBUG org.apache.http.headers - >> Accept-Encoding: gzip,deflate
13:18:06.275 [main] DEBUG org.apache.http.wire -  << "HTTP/1.1 401 [\r][\n]"
13:18:06.277 [main] DEBUG org.apache.http.wire -  << "Set-Cookie: JSESSIONID=89BAD2D42481CA0440DE8032FFD553D0; Path=/; HttpOnly[\r][\n]"
13:18:06.278 [main] DEBUG org.apache.http.wire -  << "WWW-Authenticate: Basic realm="Realm"[\r][\n]"
13:18:06.278 [main] DEBUG org.apache.http.wire -  << "X-Content-Type-Options: nosniff[\r][\n]"
13:18:06.278 [main] DEBUG org.apache.http.wire -  << "X-XSS-Protection: 1; mode=block[\r][\n]"
13:18:06.278 [main] DEBUG org.apache.http.wire -  << "Cache-Control: no-cache, no-store, max-age=0, must-revalidate[\r][\n]"
13:18:06.278 [main] DEBUG org.apache.http.wire -  << "Pragma: no-cache[\r][\n]"
13:18:06.278 [main] DEBUG org.apache.http.wire -  << "Expires: 0[\r][\n]"
13:18:06.278 [main] DEBUG org.apache.http.wire -  << "X-Frame-Options: DENY[\r][\n]"
13:18:06.278 [main] DEBUG org.apache.http.wire -  << "Content-Length: 0[\r][\n]"
13:18:06.278 [main] DEBUG org.apache.http.wire -  << "Date: Thu, 02 Jan 2025 07:48:06 GMT[\r][\n]"
13:18:06.278 [main] DEBUG org.apache.http.wire -  << "Keep-Alive: timeout=60[\r][\n]"
13:18:06.278 [main] DEBUG org.apache.http.wire -  << "Connection: keep-alive[\r][\n]"
13:18:06.278 [main] DEBUG org.apache.http.wire -  << "[\r][\n]"
13:18:06.278 [main] DEBUG org.apache.http.impl.conn.DefaultClientConnection - Receiving response: HTTP/1.1 401 
13:18:06.278 [main] DEBUG org.apache.http.headers - << HTTP/1.1 401 
13:18:06.278 [main] DEBUG org.apache.http.headers - << Set-Cookie: JSESSIONID=89BAD2D42481CA0440DE8032FFD553D0; Path=/; HttpOnly
13:18:06.278 [main] DEBUG org.apache.http.headers - << WWW-Authenticate: Basic realm="Realm"
13:18:06.278 [main] DEBUG org.apache.http.headers - << X-Content-Type-Options: nosniff
13:18:06.278 [main] DEBUG org.apache.http.headers - << X-XSS-Protection: 1; mode=block
13:18:06.278 [main] DEBUG org.apache.http.headers - << Cache-Control: no-cache, no-store, max-age=0, must-revalidate
13:18:06.278 [main] DEBUG org.apache.http.headers - << Pragma: no-cache
13:18:06.278 [main] DEBUG org.apache.http.headers - << Expires: 0
13:18:06.278 [main] DEBUG org.apache.http.headers - << X-Frame-Options: DENY
13:18:06.278 [main] DEBUG org.apache.http.headers - << Content-Length: 0
13:18:06.279 [main] DEBUG org.apache.http.headers - << Date: Thu, 02 Jan 2025 07:48:06 GMT
13:18:06.279 [main] DEBUG org.apache.http.headers - << Keep-Alive: timeout=60
13:18:06.279 [main] DEBUG org.apache.http.headers - << Connection: keep-alive
13:18:06.281 [main] DEBUG org.apache.http.impl.client.DefaultHttpClient - Connection can be kept alive for 60000 MILLISECONDS
13:18:06.281 [main] DEBUG org.apache.http.impl.client.DefaultHttpClient - Authentication required
13:18:06.282 [main] DEBUG org.apache.http.impl.client.DefaultHttpClient - 13.60.22.209:7081 requested authentication
13:18:06.282 [main] DEBUG org.apache.http.impl.client.TargetAuthenticationStrategy - Authentication schemes in the order of preference: [Negotiate, Kerberos, NTLM, CredSSP, Digest, Basic]
13:18:06.282 [main] DEBUG org.apache.http.impl.client.TargetAuthenticationStrategy - Challenge for Negotiate authentication scheme not available
13:18:06.282 [main] DEBUG org.apache.http.impl.client.TargetAuthenticationStrategy - Challenge for Kerberos authentication scheme not available
13:18:06.282 [main] DEBUG org.apache.http.impl.client.TargetAuthenticationStrategy - Challenge for NTLM authentication scheme not available
13:18:06.282 [main] DEBUG org.apache.http.impl.client.TargetAuthenticationStrategy - Challenge for CredSSP authentication scheme not available
13:18:06.282 [main] DEBUG org.apache.http.impl.client.TargetAuthenticationStrategy - Challenge for Digest authentication scheme not available
13:18:06.284 [main] DEBUG org.apache.http.impl.client.DefaultHttpClient - Selected authentication options: [BASIC [complete=true]]
13:18:06.285 [main] DEBUG org.apache.http.client.protocol.RequestAddCookies - CookieSpec selected: ignoreCookies
13:18:06.285 [main] DEBUG org.apache.http.client.protocol.RequestAuthCache - Auth cache not set in the context
13:18:06.285 [main] DEBUG org.apache.http.client.protocol.RequestTargetAuthentication - Target auth state: CHALLENGED
13:18:06.285 [main] DEBUG org.apache.http.client.protocol.RequestTargetAuthentication - Generating response to an authentication challenge using basic scheme
13:18:06.287 [main] DEBUG org.apache.http.client.protocol.RequestProxyAuthentication - Proxy auth state: UNCHALLENGED
13:18:06.288 [main] DEBUG org.apache.http.impl.client.DefaultHttpClient - Attempt 2 to execute request
13:18:06.288 [main] DEBUG org.apache.http.impl.conn.DefaultClientConnection - Sending request: GET /api/books HTTP/1.1
13:18:06.289 [main] DEBUG org.apache.http.wire -  >> "GET /api/books HTTP/1.1[\r][\n]"
13:18:06.289 [main] DEBUG org.apache.http.wire -  >> "Accept: */*[\r][\n]"
13:18:06.289 [main] DEBUG org.apache.http.wire -  >> "Host: 13.60.22.209:7081[\r][\n]"
13:18:06.289 [main] DEBUG org.apache.http.wire -  >> "Connection: Keep-Alive[\r][\n]"
13:18:06.289 [main] DEBUG org.apache.http.wire -  >> "User-Agent: Apache-HttpClient/4.5.13 (Java/17.0.13)[\r][\n]"
13:18:06.289 [main] DEBUG org.apache.http.wire -  >> "Authorization: Basic YWRtaW46cGFzc3dvcmQ=[\r][\n]"
13:18:06.289 [main] DEBUG org.apache.http.wire -  >> "Accept-Encoding: gzip,deflate[\r][\n]"
13:18:06.289 [main] DEBUG org.apache.http.wire -  >> "[\r][\n]"
13:18:06.290 [main] DEBUG org.apache.http.headers - >> GET /api/books HTTP/1.1
13:18:06.290 [main] DEBUG org.apache.http.headers - >> Accept: */*
13:18:06.290 [main] DEBUG org.apache.http.headers - >> Host: 13.60.22.209:7081
13:18:06.290 [main] DEBUG org.apache.http.headers - >> Connection: Keep-Alive
13:18:06.290 [main] DEBUG org.apache.http.headers - >> User-Agent: Apache-HttpClient/4.5.13 (Java/17.0.13)
13:18:06.290 [main] DEBUG org.apache.http.headers - >> Authorization: Basic YWRtaW46cGFzc3dvcmQ=
13:18:06.290 [main] DEBUG org.apache.http.headers - >> Accept-Encoding: gzip,deflate
13:18:06.579 [main] DEBUG org.apache.http.wire -  << "HTTP/1.1 200 [\r][\n]"
13:18:06.580 [main] DEBUG org.apache.http.wire -  << "Set-Cookie: JSESSIONID=929A624F7B2F12E4F2B8B25EDFA6C1BA; Path=/; HttpOnly[\r][\n]"
13:18:06.580 [main] DEBUG org.apache.http.wire -  << "X-Content-Type-Options: nosniff[\r][\n]"
13:18:06.580 [main] DEBUG org.apache.http.wire -  << "X-XSS-Protection: 1; mode=block[\r][\n]"
13:18:06.580 [main] DEBUG org.apache.http.wire -  << "Cache-Control: no-cache, no-store, max-age=0, must-revalidate[\r][\n]"
13:18:06.580 [main] DEBUG org.apache.http.wire -  << "Pragma: no-cache[\r][\n]"
13:18:06.580 [main] DEBUG org.apache.http.wire -  << "Expires: 0[\r][\n]"
13:18:06.580 [main] DEBUG org.apache.http.wire -  << "X-Frame-Options: DENY[\r][\n]"
13:18:06.580 [main] DEBUG org.apache.http.wire -  << "Content-Type: application/json[\r][\n]"
13:18:06.580 [main] DEBUG org.apache.http.wire -  << "Transfer-Encoding: chunked[\r][\n]"
13:18:06.580 [main] DEBUG org.apache.http.wire -  << "Date: Thu, 02 Jan 2025 07:48:06 GMT[\r][\n]"
13:18:06.580 [main] DEBUG org.apache.http.wire -  << "Keep-Alive: timeout=60[\r][\n]"
13:18:06.580 [main] DEBUG org.apache.http.wire -  << "Connection: keep-alive[\r][\n]"
13:18:06.580 [main] DEBUG org.apache.http.wire -  << "[\r][\n]"
13:18:06.581 [main] DEBUG org.apache.http.impl.conn.DefaultClientConnection - Receiving response: HTTP/1.1 200 
13:18:06.581 [main] DEBUG org.apache.http.headers - << HTTP/1.1 200 
13:18:06.581 [main] DEBUG org.apache.http.headers - << Set-Cookie: JSESSIONID=929A624F7B2F12E4F2B8B25EDFA6C1BA; Path=/; HttpOnly
13:18:06.581 [main] DEBUG org.apache.http.headers - << X-Content-Type-Options: nosniff
13:18:06.581 [main] DEBUG org.apache.http.headers - << X-XSS-Protection: 1; mode=block
13:18:06.581 [main] DEBUG org.apache.http.headers - << Cache-Control: no-cache, no-store, max-age=0, must-revalidate
13:18:06.581 [main] DEBUG org.apache.http.headers - << Pragma: no-cache
13:18:06.581 [main] DEBUG org.apache.http.headers - << Expires: 0
13:18:06.582 [main] DEBUG org.apache.http.headers - << X-Frame-Options: DENY
13:18:06.582 [main] DEBUG org.apache.http.headers - << Content-Type: application/json
13:18:06.582 [main] DEBUG org.apache.http.headers - << Transfer-Encoding: chunked
13:18:06.582 [main] DEBUG org.apache.http.headers - << Date: Thu, 02 Jan 2025 07:48:06 GMT
13:18:06.582 [main] DEBUG org.apache.http.headers - << Keep-Alive: timeout=60
13:18:06.582 [main] DEBUG org.apache.http.headers - << Connection: keep-alive
13:18:06.585 [main] DEBUG org.apache.http.impl.client.DefaultHttpClient - Connection can be kept alive for 60000 MILLISECONDS
13:18:06.586 [main] DEBUG org.apache.http.impl.client.DefaultHttpClient - Authentication succeeded
13:18:06.589 [main] DEBUG org.apache.http.impl.client.TargetAuthenticationStrategy - Caching 'basic' auth scheme for http://13.60.22.209:7081
13:18:06.596 [main] DEBUG io.restassured.internal.RestAssuredHttpBuilder - Parsing response as: application/json
13:18:06.596 [main] DEBUG io.restassured.internal.RestAssuredHttpBuilder - Parsed data to instance of: class org.apache.http.conn.EofSensorInputStream
13:18:06.649 [main] DEBUG org.apache.http.wire -  << "c8[\r][\n]"
13:18:06.649 [main] DEBUG org.apache.http.wire -  << "[{"id":2,"title":"","author":"Hri"},{"id":3,"title":"Valid Book","author":"Valid Author"},{"id":4,"title":"User Books","author":"User Author"},{"id":5,"title":"Valid Bookss","author":"Valid Authors"}]"
13:18:06.652 [main] DEBUG org.apache.http.wire -  << "[\r][\n]"
13:18:06.652 [main] DEBUG org.apache.http.wire -  << "0[\r][\n]"
13:18:06.652 [main] DEBUG org.apache.http.wire -  << "[\r][\n]"
13:18:06.652 [main] DEBUG org.apache.http.impl.conn.BasicClientConnectionManager - Releasing connection org.apache.http.impl.conn.ManagedClientConnectionImpl@2a685eba
13:18:06.652 [main] DEBUG org.apache.http.impl.conn.BasicClientConnectionManager - Connection can be kept alive for 60000 MILLISECONDS
]]></system-out>
  </testcase>
  <testcase name="testGetAllBooksAsUser" classname="TestCases.GetBookAPITests" time="0.803">
    <system-out><![CDATA[13:18:06.803 [main] DEBUG org.apache.http.impl.conn.BasicClientConnectionManager - Get connection for route {}->http://13.60.22.209:7081
13:18:06.803 [main] DEBUG org.apache.http.impl.conn.DefaultClientConnectionOperator - Connecting to 13.60.22.209:7081
13:18:07.006 [main] DEBUG org.apache.http.client.protocol.RequestAddCookies - CookieSpec selected: ignoreCookies
13:18:07.006 [main] DEBUG org.apache.http.client.protocol.RequestAuthCache - Auth cache not set in the context
13:18:07.007 [main] DEBUG org.apache.http.client.protocol.RequestTargetAuthentication - Target auth state: UNCHALLENGED
13:18:07.007 [main] DEBUG org.apache.http.client.protocol.RequestProxyAuthentication - Proxy auth state: UNCHALLENGED
13:18:07.007 [main] DEBUG org.apache.http.impl.client.DefaultHttpClient - Attempt 1 to execute request
13:18:07.007 [main] DEBUG org.apache.http.impl.conn.DefaultClientConnection - Sending request: GET /api/books HTTP/1.1
13:18:07.007 [main] DEBUG org.apache.http.wire -  >> "GET /api/books HTTP/1.1[\r][\n]"
13:18:07.007 [main] DEBUG org.apache.http.wire -  >> "Accept: */*[\r][\n]"
13:18:07.007 [main] DEBUG org.apache.http.wire -  >> "Host: 13.60.22.209:7081[\r][\n]"
13:18:07.007 [main] DEBUG org.apache.http.wire -  >> "Connection: Keep-Alive[\r][\n]"
13:18:07.007 [main] DEBUG org.apache.http.wire -  >> "User-Agent: Apache-HttpClient/4.5.13 (Java/17.0.13)[\r][\n]"
13:18:07.007 [main] DEBUG org.apache.http.wire -  >> "Accept-Encoding: gzip,deflate[\r][\n]"
13:18:07.007 [main] DEBUG org.apache.http.wire -  >> "[\r][\n]"
13:18:07.007 [main] DEBUG org.apache.http.headers - >> GET /api/books HTTP/1.1
13:18:07.007 [main] DEBUG org.apache.http.headers - >> Accept: */*
13:18:07.007 [main] DEBUG org.apache.http.headers - >> Host: 13.60.22.209:7081
13:18:07.007 [main] DEBUG org.apache.http.headers - >> Connection: Keep-Alive
13:18:07.007 [main] DEBUG org.apache.http.headers - >> User-Agent: Apache-HttpClient/4.5.13 (Java/17.0.13)
13:18:07.007 [main] DEBUG org.apache.http.headers - >> Accept-Encoding: gzip,deflate
13:18:07.237 [main] DEBUG org.apache.http.wire -  << "HTTP/1.1 401 [\r][\n]"
13:18:07.238 [main] DEBUG org.apache.http.wire -  << "Set-Cookie: JSESSIONID=8D66906BB63FA8FD7056C85AEDAFDE66; Path=/; HttpOnly[\r][\n]"
13:18:07.238 [main] DEBUG org.apache.http.wire -  << "WWW-Authenticate: Basic realm="Realm"[\r][\n]"
13:18:07.238 [main] DEBUG org.apache.http.wire -  << "X-Content-Type-Options: nosniff[\r][\n]"
13:18:07.238 [main] DEBUG org.apache.http.wire -  << "X-XSS-Protection: 1; mode=block[\r][\n]"
13:18:07.238 [main] DEBUG org.apache.http.wire -  << "Cache-Control: no-cache, no-store, max-age=0, must-revalidate[\r][\n]"
13:18:07.238 [main] DEBUG org.apache.http.wire -  << "Pragma: no-cache[\r][\n]"
13:18:07.238 [main] DEBUG org.apache.http.wire -  << "Expires: 0[\r][\n]"
13:18:07.238 [main] DEBUG org.apache.http.wire -  << "X-Frame-Options: DENY[\r][\n]"
13:18:07.238 [main] DEBUG org.apache.http.wire -  << "Content-Length: 0[\r][\n]"
13:18:07.238 [main] DEBUG org.apache.http.wire -  << "Date: Thu, 02 Jan 2025 07:48:06 GMT[\r][\n]"
13:18:07.238 [main] DEBUG org.apache.http.wire -  << "Keep-Alive: timeout=60[\r][\n]"
13:18:07.238 [main] DEBUG org.apache.http.wire -  << "Connection: keep-alive[\r][\n]"
13:18:07.239 [main] DEBUG org.apache.http.wire -  << "[\r][\n]"
13:18:07.239 [main] DEBUG org.apache.http.impl.conn.DefaultClientConnection - Receiving response: HTTP/1.1 401 
13:18:07.239 [main] DEBUG org.apache.http.headers - << HTTP/1.1 401 
13:18:07.239 [main] DEBUG org.apache.http.headers - << Set-Cookie: JSESSIONID=8D66906BB63FA8FD7056C85AEDAFDE66; Path=/; HttpOnly
13:18:07.239 [main] DEBUG org.apache.http.headers - << WWW-Authenticate: Basic realm="Realm"
13:18:07.239 [main] DEBUG org.apache.http.headers - << X-Content-Type-Options: nosniff
13:18:07.239 [main] DEBUG org.apache.http.headers - << X-XSS-Protection: 1; mode=block
13:18:07.239 [main] DEBUG org.apache.http.headers - << Cache-Control: no-cache, no-store, max-age=0, must-revalidate
13:18:07.239 [main] DEBUG org.apache.http.headers - << Pragma: no-cache
13:18:07.239 [main] DEBUG org.apache.http.headers - << Expires: 0
13:18:07.239 [main] DEBUG org.apache.http.headers - << X-Frame-Options: DENY
13:18:07.239 [main] DEBUG org.apache.http.headers - << Content-Length: 0
13:18:07.239 [main] DEBUG org.apache.http.headers - << Date: Thu, 02 Jan 2025 07:48:06 GMT
13:18:07.239 [main] DEBUG org.apache.http.headers - << Keep-Alive: timeout=60
13:18:07.239 [main] DEBUG org.apache.http.headers - << Connection: keep-alive
13:18:07.239 [main] DEBUG org.apache.http.impl.client.DefaultHttpClient - Connection can be kept alive for 60000 MILLISECONDS
13:18:07.239 [main] DEBUG org.apache.http.impl.client.DefaultHttpClient - Authentication required
13:18:07.239 [main] DEBUG org.apache.http.impl.client.DefaultHttpClient - 13.60.22.209:7081 requested authentication
13:18:07.240 [main] DEBUG org.apache.http.impl.client.TargetAuthenticationStrategy - Authentication schemes in the order of preference: [Negotiate, Kerberos, NTLM, CredSSP, Digest, Basic]
13:18:07.240 [main] DEBUG org.apache.http.impl.client.TargetAuthenticationStrategy - Challenge for Negotiate authentication scheme not available
13:18:07.240 [main] DEBUG org.apache.http.impl.client.TargetAuthenticationStrategy - Challenge for Kerberos authentication scheme not available
13:18:07.240 [main] DEBUG org.apache.http.impl.client.TargetAuthenticationStrategy - Challenge for NTLM authentication scheme not available
13:18:07.240 [main] DEBUG org.apache.http.impl.client.TargetAuthenticationStrategy - Challenge for CredSSP authentication scheme not available
13:18:07.240 [main] DEBUG org.apache.http.impl.client.TargetAuthenticationStrategy - Challenge for Digest authentication scheme not available
13:18:07.240 [main] DEBUG org.apache.http.impl.client.DefaultHttpClient - Selected authentication options: [BASIC [complete=true]]
13:18:07.240 [main] DEBUG org.apache.http.client.protocol.RequestAddCookies - CookieSpec selected: ignoreCookies
13:18:07.240 [main] DEBUG org.apache.http.client.protocol.RequestAuthCache - Auth cache not set in the context
13:18:07.240 [main] DEBUG org.apache.http.client.protocol.RequestTargetAuthentication - Target auth state: CHALLENGED
13:18:07.240 [main] DEBUG org.apache.http.client.protocol.RequestTargetAuthentication - Generating response to an authentication challenge using basic scheme
13:18:07.240 [main] DEBUG org.apache.http.client.protocol.RequestProxyAuthentication - Proxy auth state: UNCHALLENGED
13:18:07.240 [main] DEBUG org.apache.http.impl.client.DefaultHttpClient - Attempt 2 to execute request
13:18:07.240 [main] DEBUG org.apache.http.impl.conn.DefaultClientConnection - Sending request: GET /api/books HTTP/1.1
13:18:07.240 [main] DEBUG org.apache.http.wire -  >> "GET /api/books HTTP/1.1[\r][\n]"
13:18:07.240 [main] DEBUG org.apache.http.wire -  >> "Accept: */*[\r][\n]"
13:18:07.241 [main] DEBUG org.apache.http.wire -  >> "Host: 13.60.22.209:7081[\r][\n]"
13:18:07.241 [main] DEBUG org.apache.http.wire -  >> "Connection: Keep-Alive[\r][\n]"
13:18:07.241 [main] DEBUG org.apache.http.wire -  >> "User-Agent: Apache-HttpClient/4.5.13 (Java/17.0.13)[\r][\n]"
13:18:07.241 [main] DEBUG org.apache.http.wire -  >> "Authorization: Basic dXNlcjpwYXNzd29yZA==[\r][\n]"
13:18:07.241 [main] DEBUG org.apache.http.wire -  >> "Accept-Encoding: gzip,deflate[\r][\n]"
13:18:07.241 [main] DEBUG org.apache.http.wire -  >> "[\r][\n]"
13:18:07.241 [main] DEBUG org.apache.http.headers - >> GET /api/books HTTP/1.1
13:18:07.241 [main] DEBUG org.apache.http.headers - >> Accept: */*
13:18:07.241 [main] DEBUG org.apache.http.headers - >> Host: 13.60.22.209:7081
13:18:07.241 [main] DEBUG org.apache.http.headers - >> Connection: Keep-Alive
13:18:07.241 [main] DEBUG org.apache.http.headers - >> User-Agent: Apache-HttpClient/4.5.13 (Java/17.0.13)
13:18:07.241 [main] DEBUG org.apache.http.headers - >> Authorization: Basic dXNlcjpwYXNzd29yZA==
13:18:07.241 [main] DEBUG org.apache.http.headers - >> Accept-Encoding: gzip,deflate
13:18:07.585 [main] DEBUG org.apache.http.wire -  << "HTTP/1.1 200 [\r][\n]"
13:18:07.586 [main] DEBUG org.apache.http.wire -  << "Set-Cookie: JSESSIONID=CC4B20F261887AB00E2727E63EEE7FF1; Path=/; HttpOnly[\r][\n]"
13:18:07.586 [main] DEBUG org.apache.http.wire -  << "X-Content-Type-Options: nosniff[\r][\n]"
13:18:07.586 [main] DEBUG org.apache.http.wire -  << "X-XSS-Protection: 1; mode=block[\r][\n]"
13:18:07.586 [main] DEBUG org.apache.http.wire -  << "Cache-Control: no-cache, no-store, max-age=0, must-revalidate[\r][\n]"
13:18:07.586 [main] DEBUG org.apache.http.wire -  << "Pragma: no-cache[\r][\n]"
13:18:07.586 [main] DEBUG org.apache.http.wire -  << "Expires: 0[\r][\n]"
13:18:07.586 [main] DEBUG org.apache.http.wire -  << "X-Frame-Options: DENY[\r][\n]"
13:18:07.586 [main] DEBUG org.apache.http.wire -  << "Content-Type: application/json[\r][\n]"
13:18:07.586 [main] DEBUG org.apache.http.wire -  << "Transfer-Encoding: chunked[\r][\n]"
13:18:07.586 [main] DEBUG org.apache.http.wire -  << "Date: Thu, 02 Jan 2025 07:48:07 GMT[\r][\n]"
13:18:07.587 [main] DEBUG org.apache.http.wire -  << "Keep-Alive: timeout=60[\r][\n]"
13:18:07.587 [main] DEBUG org.apache.http.wire -  << "Connection: keep-alive[\r][\n]"
13:18:07.587 [main] DEBUG org.apache.http.wire -  << "[\r][\n]"
13:18:07.587 [main] DEBUG org.apache.http.impl.conn.DefaultClientConnection - Receiving response: HTTP/1.1 200 
13:18:07.587 [main] DEBUG org.apache.http.headers - << HTTP/1.1 200 
13:18:07.587 [main] DEBUG org.apache.http.headers - << Set-Cookie: JSESSIONID=CC4B20F261887AB00E2727E63EEE7FF1; Path=/; HttpOnly
13:18:07.587 [main] DEBUG org.apache.http.headers - << X-Content-Type-Options: nosniff
13:18:07.587 [main] DEBUG org.apache.http.headers - << X-XSS-Protection: 1; mode=block
13:18:07.587 [main] DEBUG org.apache.http.headers - << Cache-Control: no-cache, no-store, max-age=0, must-revalidate
13:18:07.587 [main] DEBUG org.apache.http.headers - << Pragma: no-cache
13:18:07.587 [main] DEBUG org.apache.http.headers - << Expires: 0
13:18:07.587 [main] DEBUG org.apache.http.headers - << X-Frame-Options: DENY
13:18:07.587 [main] DEBUG org.apache.http.headers - << Content-Type: application/json
13:18:07.587 [main] DEBUG org.apache.http.headers - << Transfer-Encoding: chunked
13:18:07.587 [main] DEBUG org.apache.http.headers - << Date: Thu, 02 Jan 2025 07:48:07 GMT
13:18:07.587 [main] DEBUG org.apache.http.headers - << Keep-Alive: timeout=60
13:18:07.587 [main] DEBUG org.apache.http.headers - << Connection: keep-alive
13:18:07.588 [main] DEBUG org.apache.http.impl.client.DefaultHttpClient - Connection can be kept alive for 60000 MILLISECONDS
13:18:07.588 [main] DEBUG org.apache.http.impl.client.DefaultHttpClient - Authentication succeeded
13:18:07.588 [main] DEBUG org.apache.http.impl.client.TargetAuthenticationStrategy - Caching 'basic' auth scheme for http://13.60.22.209:7081
13:18:07.589 [main] DEBUG io.restassured.internal.RestAssuredHttpBuilder - Parsing response as: application/json
13:18:07.590 [main] DEBUG io.restassured.internal.RestAssuredHttpBuilder - Parsed data to instance of: class org.apache.http.conn.EofSensorInputStream
13:18:07.591 [main] DEBUG org.apache.http.wire -  << "c8[\r][\n]"
13:18:07.591 [main] DEBUG org.apache.http.wire -  << "[{"id":2,"title":"","author":"Hri"},{"id":3,"title":"Valid Book","author":"Valid Author"},{"id":4,"title":"User Books","author":"User Author"},{"id":5,"title":"Valid Bookss","author":"Valid Authors"}]"
13:18:07.591 [main] DEBUG org.apache.http.wire -  << "[\r][\n]"
13:18:07.591 [main] DEBUG org.apache.http.wire -  << "0[\r][\n]"
13:18:07.591 [main] DEBUG org.apache.http.wire -  << "[\r][\n]"
13:18:07.591 [main] DEBUG org.apache.http.impl.conn.BasicClientConnectionManager - Releasing connection org.apache.http.impl.conn.ManagedClientConnectionImpl@22a0d4ea
13:18:07.592 [main] DEBUG org.apache.http.impl.conn.BasicClientConnectionManager - Connection can be kept alive for 60000 MILLISECONDS
]]></system-out>
  </testcase>
  <testcase name="testGetBookByIdAsAdmin" classname="TestCases.GetBookAPITests" time="0.798">
    <failure message="Expected status code is 200 expected [200] but found [404]" type="java.lang.AssertionError"><![CDATA[java.lang.AssertionError: Expected status code is 200 expected [200] but found [404]
	at org.testng.Assert.fail(Assert.java:110)
	at org.testng.Assert.failNotEquals(Assert.java:1413)
	at org.testng.Assert.assertEqualsImpl(Assert.java:149)
	at org.testng.Assert.assertEquals(Assert.java:131)
	at org.testng.Assert.assertEquals(Assert.java:1240)
	at TestCases.GetBookAPITests.testGetBookByIdAsAdmin(GetBookAPITests.java:73)
	at java.base/jdk.internal.reflect.NativeMethodAccessorImpl.invoke0(Native Method)
	at java.base/jdk.internal.reflect.NativeMethodAccessorImpl.invoke(NativeMethodAccessorImpl.java:77)
	at java.base/jdk.internal.reflect.DelegatingMethodAccessorImpl.invoke(DelegatingMethodAccessorImpl.java:43)
	at java.base/java.lang.reflect.Method.invoke(Method.java:569)
	at org.testng.internal.invokers.MethodInvocationHelper.invokeMethod(MethodInvocationHelper.java:139)
	at org.testng.internal.invokers.TestInvoker.invokeMethod(TestInvoker.java:677)
	at org.testng.internal.invokers.TestInvoker.invokeTestMethod(TestInvoker.java:221)
	at org.testng.internal.invokers.MethodRunner.runInSequence(MethodRunner.java:50)
	at org.testng.internal.invokers.TestInvoker$MethodInvocationAgent.invoke(TestInvoker.java:969)
	at org.testng.internal.invokers.TestInvoker.invokeTestMethods(TestInvoker.java:194)
	at org.testng.internal.invokers.TestMethodWorker.invokeTestMethods(TestMethodWorker.java:148)
	at org.testng.internal.invokers.TestMethodWorker.run(TestMethodWorker.java:128)
	at java.base/java.util.ArrayList.forEach(ArrayList.java:1511)
	at org.testng.TestRunner.privateRun(TestRunner.java:829)
	at org.testng.TestRunner.run(TestRunner.java:602)
	at org.testng.SuiteRunner.runTest(SuiteRunner.java:437)
	at org.testng.SuiteRunner.runSequentially(SuiteRunner.java:431)
	at org.testng.SuiteRunner.privateRun(SuiteRunner.java:391)
	at org.testng.SuiteRunner.run(SuiteRunner.java:330)
	at org.testng.SuiteRunnerWorker.runSuite(SuiteRunnerWorker.java:52)
	at org.testng.SuiteRunnerWorker.run(SuiteRunnerWorker.java:95)
	at org.testng.TestNG.runSuitesSequentially(TestNG.java:1256)
	at org.testng.TestNG.runSuitesLocally(TestNG.java:1176)
	at org.testng.TestNG.runSuites(TestNG.java:1099)
	at org.testng.TestNG.run(TestNG.java:1067)
	at org.apache.maven.surefire.testng.TestNGExecutor.run(TestNGExecutor.java:151)
	at org.apache.maven.surefire.testng.TestNGDirectoryTestSuite.executeMulti(TestNGDirectoryTestSuite.java:192)
	at org.apache.maven.surefire.testng.TestNGDirectoryTestSuite.execute(TestNGDirectoryTestSuite.java:93)
	at org.apache.maven.surefire.testng.TestNGProvider.invoke(TestNGProvider.java:155)
	at org.apache.maven.surefire.booter.ForkedBooter.runSuitesInProcess(ForkedBooter.java:456)
	at org.apache.maven.surefire.booter.ForkedBooter.execute(ForkedBooter.java:169)
	at org.apache.maven.surefire.booter.ForkedBooter.run(ForkedBooter.java:595)
	at org.apache.maven.surefire.booter.ForkedBooter.main(ForkedBooter.java:581)
]]></failure>
    <system-out><![CDATA[13:18:07.612 [main] DEBUG org.apache.http.impl.conn.BasicClientConnectionManager - Get connection for route {}->http://13.60.22.209:7081
13:18:07.612 [main] DEBUG org.apache.http.impl.conn.DefaultClientConnectionOperator - Connecting to 13.60.22.209:7081
13:18:07.814 [main] DEBUG org.apache.http.client.protocol.RequestAddCookies - CookieSpec selected: ignoreCookies
13:18:07.815 [main] DEBUG org.apache.http.client.protocol.RequestAuthCache - Auth cache not set in the context
13:18:07.815 [main] DEBUG org.apache.http.client.protocol.RequestTargetAuthentication - Target auth state: UNCHALLENGED
13:18:07.815 [main] DEBUG org.apache.http.client.protocol.RequestProxyAuthentication - Proxy auth state: UNCHALLENGED
13:18:07.815 [main] DEBUG org.apache.http.impl.client.DefaultHttpClient - Attempt 1 to execute request
13:18:07.815 [main] DEBUG org.apache.http.impl.conn.DefaultClientConnection - Sending request: GET /api/books/1 HTTP/1.1
13:18:07.815 [main] DEBUG org.apache.http.wire -  >> "GET /api/books/1 HTTP/1.1[\r][\n]"
13:18:07.815 [main] DEBUG org.apache.http.wire -  >> "Accept: */*[\r][\n]"
13:18:07.815 [main] DEBUG org.apache.http.wire -  >> "Host: 13.60.22.209:7081[\r][\n]"
13:18:07.815 [main] DEBUG org.apache.http.wire -  >> "Connection: Keep-Alive[\r][\n]"
13:18:07.815 [main] DEBUG org.apache.http.wire -  >> "User-Agent: Apache-HttpClient/4.5.13 (Java/17.0.13)[\r][\n]"
13:18:07.815 [main] DEBUG org.apache.http.wire -  >> "Accept-Encoding: gzip,deflate[\r][\n]"
13:18:07.815 [main] DEBUG org.apache.http.wire -  >> "[\r][\n]"
13:18:07.815 [main] DEBUG org.apache.http.headers - >> GET /api/books/1 HTTP/1.1
13:18:07.815 [main] DEBUG org.apache.http.headers - >> Accept: */*
13:18:07.815 [main] DEBUG org.apache.http.headers - >> Host: 13.60.22.209:7081
13:18:07.815 [main] DEBUG org.apache.http.headers - >> Connection: Keep-Alive
13:18:07.815 [main] DEBUG org.apache.http.headers - >> User-Agent: Apache-HttpClient/4.5.13 (Java/17.0.13)
13:18:07.815 [main] DEBUG org.apache.http.headers - >> Accept-Encoding: gzip,deflate
13:18:08.029 [main] DEBUG org.apache.http.wire -  << "HTTP/1.1 401 [\r][\n]"
13:18:08.029 [main] DEBUG org.apache.http.wire -  << "Set-Cookie: JSESSIONID=A352720E86E8DACF06B82E08308380CE; Path=/; HttpOnly[\r][\n]"
13:18:08.029 [main] DEBUG org.apache.http.wire -  << "WWW-Authenticate: Basic realm="Realm"[\r][\n]"
13:18:08.029 [main] DEBUG org.apache.http.wire -  << "X-Content-Type-Options: nosniff[\r][\n]"
13:18:08.029 [main] DEBUG org.apache.http.wire -  << "X-XSS-Protection: 1; mode=block[\r][\n]"
13:18:08.029 [main] DEBUG org.apache.http.wire -  << "Cache-Control: no-cache, no-store, max-age=0, must-revalidate[\r][\n]"
13:18:08.029 [main] DEBUG org.apache.http.wire -  << "Pragma: no-cache[\r][\n]"
13:18:08.029 [main] DEBUG org.apache.http.wire -  << "Expires: 0[\r][\n]"
13:18:08.029 [main] DEBUG org.apache.http.wire -  << "X-Frame-Options: DENY[\r][\n]"
13:18:08.029 [main] DEBUG org.apache.http.wire -  << "Content-Length: 0[\r][\n]"
13:18:08.029 [main] DEBUG org.apache.http.wire -  << "Date: Thu, 02 Jan 2025 07:48:07 GMT[\r][\n]"
13:18:08.029 [main] DEBUG org.apache.http.wire -  << "Keep-Alive: timeout=60[\r][\n]"
13:18:08.029 [main] DEBUG org.apache.http.wire -  << "Connection: keep-alive[\r][\n]"
13:18:08.029 [main] DEBUG org.apache.http.wire -  << "[\r][\n]"
13:18:08.029 [main] DEBUG org.apache.http.impl.conn.DefaultClientConnection - Receiving response: HTTP/1.1 401 
13:18:08.029 [main] DEBUG org.apache.http.headers - << HTTP/1.1 401 
13:18:08.029 [main] DEBUG org.apache.http.headers - << Set-Cookie: JSESSIONID=A352720E86E8DACF06B82E08308380CE; Path=/; HttpOnly
13:18:08.030 [main] DEBUG org.apache.http.headers - << WWW-Authenticate: Basic realm="Realm"
13:18:08.030 [main] DEBUG org.apache.http.headers - << X-Content-Type-Options: nosniff
13:18:08.030 [main] DEBUG org.apache.http.headers - << X-XSS-Protection: 1; mode=block
13:18:08.030 [main] DEBUG org.apache.http.headers - << Cache-Control: no-cache, no-store, max-age=0, must-revalidate
13:18:08.030 [main] DEBUG org.apache.http.headers - << Pragma: no-cache
13:18:08.030 [main] DEBUG org.apache.http.headers - << Expires: 0
13:18:08.030 [main] DEBUG org.apache.http.headers - << X-Frame-Options: DENY
13:18:08.030 [main] DEBUG org.apache.http.headers - << Content-Length: 0
13:18:08.030 [main] DEBUG org.apache.http.headers - << Date: Thu, 02 Jan 2025 07:48:07 GMT
13:18:08.030 [main] DEBUG org.apache.http.headers - << Keep-Alive: timeout=60
13:18:08.030 [main] DEBUG org.apache.http.headers - << Connection: keep-alive
13:18:08.030 [main] DEBUG org.apache.http.impl.client.DefaultHttpClient - Connection can be kept alive for 60000 MILLISECONDS
13:18:08.030 [main] DEBUG org.apache.http.impl.client.DefaultHttpClient - Authentication required
13:18:08.030 [main] DEBUG org.apache.http.impl.client.DefaultHttpClient - 13.60.22.209:7081 requested authentication
13:18:08.030 [main] DEBUG org.apache.http.impl.client.TargetAuthenticationStrategy - Authentication schemes in the order of preference: [Negotiate, Kerberos, NTLM, CredSSP, Digest, Basic]
13:18:08.030 [main] DEBUG org.apache.http.impl.client.TargetAuthenticationStrategy - Challenge for Negotiate authentication scheme not available
13:18:08.030 [main] DEBUG org.apache.http.impl.client.TargetAuthenticationStrategy - Challenge for Kerberos authentication scheme not available
13:18:08.030 [main] DEBUG org.apache.http.impl.client.TargetAuthenticationStrategy - Challenge for NTLM authentication scheme not available
13:18:08.031 [main] DEBUG org.apache.http.impl.client.TargetAuthenticationStrategy - Challenge for CredSSP authentication scheme not available
13:18:08.031 [main] DEBUG org.apache.http.impl.client.TargetAuthenticationStrategy - Challenge for Digest authentication scheme not available
13:18:08.031 [main] DEBUG org.apache.http.impl.client.DefaultHttpClient - Selected authentication options: [BASIC [complete=true]]
13:18:08.031 [main] DEBUG org.apache.http.client.protocol.RequestAddCookies - CookieSpec selected: ignoreCookies
13:18:08.031 [main] DEBUG org.apache.http.client.protocol.RequestAuthCache - Auth cache not set in the context
13:18:08.031 [main] DEBUG org.apache.http.client.protocol.RequestTargetAuthentication - Target auth state: CHALLENGED
13:18:08.031 [main] DEBUG org.apache.http.client.protocol.RequestTargetAuthentication - Generating response to an authentication challenge using basic scheme
13:18:08.031 [main] DEBUG org.apache.http.client.protocol.RequestProxyAuthentication - Proxy auth state: UNCHALLENGED
13:18:08.031 [main] DEBUG org.apache.http.impl.client.DefaultHttpClient - Attempt 2 to execute request
13:18:08.031 [main] DEBUG org.apache.http.impl.conn.DefaultClientConnection - Sending request: GET /api/books/1 HTTP/1.1
13:18:08.031 [main] DEBUG org.apache.http.wire -  >> "GET /api/books/1 HTTP/1.1[\r][\n]"
13:18:08.031 [main] DEBUG org.apache.http.wire -  >> "Accept: */*[\r][\n]"
13:18:08.031 [main] DEBUG org.apache.http.wire -  >> "Host: 13.60.22.209:7081[\r][\n]"
13:18:08.031 [main] DEBUG org.apache.http.wire -  >> "Connection: Keep-Alive[\r][\n]"
13:18:08.032 [main] DEBUG org.apache.http.wire -  >> "User-Agent: Apache-HttpClient/4.5.13 (Java/17.0.13)[\r][\n]"
13:18:08.032 [main] DEBUG org.apache.http.wire -  >> "Authorization: Basic YWRtaW46cGFzc3dvcmQ=[\r][\n]"
13:18:08.032 [main] DEBUG org.apache.http.wire -  >> "Accept-Encoding: gzip,deflate[\r][\n]"
13:18:08.032 [main] DEBUG org.apache.http.wire -  >> "[\r][\n]"
13:18:08.032 [main] DEBUG org.apache.http.headers - >> GET /api/books/1 HTTP/1.1
13:18:08.032 [main] DEBUG org.apache.http.headers - >> Accept: */*
13:18:08.032 [main] DEBUG org.apache.http.headers - >> Host: 13.60.22.209:7081
13:18:08.032 [main] DEBUG org.apache.http.headers - >> Connection: Keep-Alive
13:18:08.032 [main] DEBUG org.apache.http.headers - >> User-Agent: Apache-HttpClient/4.5.13 (Java/17.0.13)
13:18:08.032 [main] DEBUG org.apache.http.headers - >> Authorization: Basic YWRtaW46cGFzc3dvcmQ=
13:18:08.032 [main] DEBUG org.apache.http.headers - >> Accept-Encoding: gzip,deflate
13:18:08.387 [main] DEBUG org.apache.http.wire -  << "HTTP/1.1 404 [\r][\n]"
13:18:08.387 [main] DEBUG org.apache.http.wire -  << "Set-Cookie: JSESSIONID=0669B3FC45404989A4BCAAF5ABB46FAB; Path=/; HttpOnly[\r][\n]"
13:18:08.388 [main] DEBUG org.apache.http.wire -  << "X-Content-Type-Options: nosniff[\r][\n]"
13:18:08.388 [main] DEBUG org.apache.http.wire -  << "X-XSS-Protection: 1; mode=block[\r][\n]"
13:18:08.388 [main] DEBUG org.apache.http.wire -  << "Cache-Control: no-cache, no-store, max-age=0, must-revalidate[\r][\n]"
13:18:08.388 [main] DEBUG org.apache.http.wire -  << "Pragma: no-cache[\r][\n]"
13:18:08.388 [main] DEBUG org.apache.http.wire -  << "Expires: 0[\r][\n]"
13:18:08.388 [main] DEBUG org.apache.http.wire -  << "X-Frame-Options: DENY[\r][\n]"
13:18:08.388 [main] DEBUG org.apache.http.wire -  << "Content-Type: text/plain;charset=UTF-8[\r][\n]"
13:18:08.388 [main] DEBUG org.apache.http.wire -  << "Content-Length: 14[\r][\n]"
13:18:08.388 [main] DEBUG org.apache.http.wire -  << "Date: Thu, 02 Jan 2025 07:48:07 GMT[\r][\n]"
13:18:08.388 [main] DEBUG org.apache.http.wire -  << "Keep-Alive: timeout=60[\r][\n]"
13:18:08.388 [main] DEBUG org.apache.http.wire -  << "Connection: keep-alive[\r][\n]"
13:18:08.388 [main] DEBUG org.apache.http.wire -  << "[\r][\n]"
13:18:08.388 [main] DEBUG org.apache.http.impl.conn.DefaultClientConnection - Receiving response: HTTP/1.1 404 
13:18:08.388 [main] DEBUG org.apache.http.headers - << HTTP/1.1 404 
13:18:08.388 [main] DEBUG org.apache.http.headers - << Set-Cookie: JSESSIONID=0669B3FC45404989A4BCAAF5ABB46FAB; Path=/; HttpOnly
13:18:08.388 [main] DEBUG org.apache.http.headers - << X-Content-Type-Options: nosniff
13:18:08.388 [main] DEBUG org.apache.http.headers - << X-XSS-Protection: 1; mode=block
13:18:08.388 [main] DEBUG org.apache.http.headers - << Cache-Control: no-cache, no-store, max-age=0, must-revalidate
13:18:08.388 [main] DEBUG org.apache.http.headers - << Pragma: no-cache
13:18:08.388 [main] DEBUG org.apache.http.headers - << Expires: 0
13:18:08.388 [main] DEBUG org.apache.http.headers - << X-Frame-Options: DENY
13:18:08.388 [main] DEBUG org.apache.http.headers - << Content-Type: text/plain;charset=UTF-8
13:18:08.388 [main] DEBUG org.apache.http.headers - << Content-Length: 14
13:18:08.388 [main] DEBUG org.apache.http.headers - << Date: Thu, 02 Jan 2025 07:48:07 GMT
13:18:08.388 [main] DEBUG org.apache.http.headers - << Keep-Alive: timeout=60
13:18:08.388 [main] DEBUG org.apache.http.headers - << Connection: keep-alive
13:18:08.388 [main] DEBUG org.apache.http.impl.client.DefaultHttpClient - Connection can be kept alive for 60000 MILLISECONDS
13:18:08.388 [main] DEBUG org.apache.http.impl.client.DefaultHttpClient - Authentication succeeded
13:18:08.388 [main] DEBUG org.apache.http.impl.client.TargetAuthenticationStrategy - Caching 'basic' auth scheme for http://13.60.22.209:7081
13:18:08.388 [main] DEBUG io.restassured.internal.RestAssuredHttpBuilder - Parsing response as: text/plain;charset=UTF-8
13:18:08.388 [main] DEBUG io.restassured.internal.RestAssuredHttpBuilder - Parsed data to instance of: class org.apache.http.conn.EofSensorInputStream
]]></system-out>
  </testcase>
  <testcase name="testGetBookByIdAsRegularUser" classname="TestCases.GetBookAPITests" time="0.723">
    <failure message="Expected status code is 200 expected [200] but found [403]" type="java.lang.AssertionError"><![CDATA[java.lang.AssertionError: Expected status code is 200 expected [200] but found [403]
	at org.testng.Assert.fail(Assert.java:110)
	at org.testng.Assert.failNotEquals(Assert.java:1413)
	at org.testng.Assert.assertEqualsImpl(Assert.java:149)
	at org.testng.Assert.assertEquals(Assert.java:131)
	at org.testng.Assert.assertEquals(Assert.java:1240)
	at TestCases.GetBookAPITests.testGetBookByIdAsRegularUser(GetBookAPITests.java:133)
	at java.base/jdk.internal.reflect.NativeMethodAccessorImpl.invoke0(Native Method)
	at java.base/jdk.internal.reflect.NativeMethodAccessorImpl.invoke(NativeMethodAccessorImpl.java:77)
	at java.base/jdk.internal.reflect.DelegatingMethodAccessorImpl.invoke(DelegatingMethodAccessorImpl.java:43)
	at java.base/java.lang.reflect.Method.invoke(Method.java:569)
	at org.testng.internal.invokers.MethodInvocationHelper.invokeMethod(MethodInvocationHelper.java:139)
	at org.testng.internal.invokers.TestInvoker.invokeMethod(TestInvoker.java:677)
	at org.testng.internal.invokers.TestInvoker.invokeTestMethod(TestInvoker.java:221)
	at org.testng.internal.invokers.MethodRunner.runInSequence(MethodRunner.java:50)
	at org.testng.internal.invokers.TestInvoker$MethodInvocationAgent.invoke(TestInvoker.java:969)
	at org.testng.internal.invokers.TestInvoker.invokeTestMethods(TestInvoker.java:194)
	at org.testng.internal.invokers.TestMethodWorker.invokeTestMethods(TestMethodWorker.java:148)
	at org.testng.internal.invokers.TestMethodWorker.run(TestMethodWorker.java:128)
	at java.base/java.util.ArrayList.forEach(ArrayList.java:1511)
	at org.testng.TestRunner.privateRun(TestRunner.java:829)
	at org.testng.TestRunner.run(TestRunner.java:602)
	at org.testng.SuiteRunner.runTest(SuiteRunner.java:437)
	at org.testng.SuiteRunner.runSequentially(SuiteRunner.java:431)
	at org.testng.SuiteRunner.privateRun(SuiteRunner.java:391)
	at org.testng.SuiteRunner.run(SuiteRunner.java:330)
	at org.testng.SuiteRunnerWorker.runSuite(SuiteRunnerWorker.java:52)
	at org.testng.SuiteRunnerWorker.run(SuiteRunnerWorker.java:95)
	at org.testng.TestNG.runSuitesSequentially(TestNG.java:1256)
	at org.testng.TestNG.runSuitesLocally(TestNG.java:1176)
	at org.testng.TestNG.runSuites(TestNG.java:1099)
	at org.testng.TestNG.run(TestNG.java:1067)
	at org.apache.maven.surefire.testng.TestNGExecutor.run(TestNGExecutor.java:151)
	at org.apache.maven.surefire.testng.TestNGDirectoryTestSuite.executeMulti(TestNGDirectoryTestSuite.java:192)
	at org.apache.maven.surefire.testng.TestNGDirectoryTestSuite.execute(TestNGDirectoryTestSuite.java:93)
	at org.apache.maven.surefire.testng.TestNGProvider.invoke(TestNGProvider.java:155)
	at org.apache.maven.surefire.booter.ForkedBooter.runSuitesInProcess(ForkedBooter.java:456)
	at org.apache.maven.surefire.booter.ForkedBooter.execute(ForkedBooter.java:169)
	at org.apache.maven.surefire.booter.ForkedBooter.run(ForkedBooter.java:595)
	at org.apache.maven.surefire.booter.ForkedBooter.main(ForkedBooter.java:581)
]]></failure>
    <system-out><![CDATA[13:18:08.413 [main] DEBUG org.apache.http.impl.conn.BasicClientConnectionManager - Get connection for route {}->http://13.60.22.209:7081
13:18:08.413 [main] DEBUG org.apache.http.impl.conn.DefaultClientConnectionOperator - Connecting to 13.60.22.209:7081
13:18:08.632 [main] DEBUG org.apache.http.client.protocol.RequestAddCookies - CookieSpec selected: ignoreCookies
13:18:08.632 [main] DEBUG org.apache.http.client.protocol.RequestAuthCache - Auth cache not set in the context
13:18:08.632 [main] DEBUG org.apache.http.client.protocol.RequestTargetAuthentication - Target auth state: UNCHALLENGED
13:18:08.632 [main] DEBUG org.apache.http.client.protocol.RequestProxyAuthentication - Proxy auth state: UNCHALLENGED
13:18:08.632 [main] DEBUG org.apache.http.impl.client.DefaultHttpClient - Attempt 1 to execute request
13:18:08.632 [main] DEBUG org.apache.http.impl.conn.DefaultClientConnection - Sending request: GET /api/books/1 HTTP/1.1
13:18:08.632 [main] DEBUG org.apache.http.wire -  >> "GET /api/books/1 HTTP/1.1[\r][\n]"
13:18:08.633 [main] DEBUG org.apache.http.wire -  >> "Accept: */*[\r][\n]"
13:18:08.633 [main] DEBUG org.apache.http.wire -  >> "Host: 13.60.22.209:7081[\r][\n]"
13:18:08.633 [main] DEBUG org.apache.http.wire -  >> "Connection: Keep-Alive[\r][\n]"
13:18:08.633 [main] DEBUG org.apache.http.wire -  >> "User-Agent: Apache-HttpClient/4.5.13 (Java/17.0.13)[\r][\n]"
13:18:08.633 [main] DEBUG org.apache.http.wire -  >> "Accept-Encoding: gzip,deflate[\r][\n]"
13:18:08.633 [main] DEBUG org.apache.http.wire -  >> "[\r][\n]"
13:18:08.633 [main] DEBUG org.apache.http.headers - >> GET /api/books/1 HTTP/1.1
13:18:08.633 [main] DEBUG org.apache.http.headers - >> Accept: */*
13:18:08.633 [main] DEBUG org.apache.http.headers - >> Host: 13.60.22.209:7081
13:18:08.633 [main] DEBUG org.apache.http.headers - >> Connection: Keep-Alive
13:18:08.633 [main] DEBUG org.apache.http.headers - >> User-Agent: Apache-HttpClient/4.5.13 (Java/17.0.13)
13:18:08.633 [main] DEBUG org.apache.http.headers - >> Accept-Encoding: gzip,deflate
13:18:08.834 [main] DEBUG org.apache.http.wire -  << "HTTP/1.1 401 [\r][\n]"
13:18:08.835 [main] DEBUG org.apache.http.wire -  << "Set-Cookie: JSESSIONID=812587105C6841ED1071C6E0E0450658; Path=/; HttpOnly[\r][\n]"
13:18:08.835 [main] DEBUG org.apache.http.wire -  << "WWW-Authenticate: Basic realm="Realm"[\r][\n]"
13:18:08.835 [main] DEBUG org.apache.http.wire -  << "X-Content-Type-Options: nosniff[\r][\n]"
13:18:08.835 [main] DEBUG org.apache.http.wire -  << "X-XSS-Protection: 1; mode=block[\r][\n]"
13:18:08.835 [main] DEBUG org.apache.http.wire -  << "Cache-Control: no-cache, no-store, max-age=0, must-revalidate[\r][\n]"
13:18:08.835 [main] DEBUG org.apache.http.wire -  << "Pragma: no-cache[\r][\n]"
13:18:08.835 [main] DEBUG org.apache.http.wire -  << "Expires: 0[\r][\n]"
13:18:08.835 [main] DEBUG org.apache.http.wire -  << "X-Frame-Options: DENY[\r][\n]"
13:18:08.835 [main] DEBUG org.apache.http.wire -  << "Content-Length: 0[\r][\n]"
13:18:08.835 [main] DEBUG org.apache.http.wire -  << "Date: Thu, 02 Jan 2025 07:48:08 GMT[\r][\n]"
13:18:08.835 [main] DEBUG org.apache.http.wire -  << "Keep-Alive: timeout=60[\r][\n]"
13:18:08.835 [main] DEBUG org.apache.http.wire -  << "Connection: keep-alive[\r][\n]"
13:18:08.835 [main] DEBUG org.apache.http.wire -  << "[\r][\n]"
13:18:08.835 [main] DEBUG org.apache.http.impl.conn.DefaultClientConnection - Receiving response: HTTP/1.1 401 
13:18:08.835 [main] DEBUG org.apache.http.headers - << HTTP/1.1 401 
13:18:08.835 [main] DEBUG org.apache.http.headers - << Set-Cookie: JSESSIONID=812587105C6841ED1071C6E0E0450658; Path=/; HttpOnly
13:18:08.835 [main] DEBUG org.apache.http.headers - << WWW-Authenticate: Basic realm="Realm"
13:18:08.835 [main] DEBUG org.apache.http.headers - << X-Content-Type-Options: nosniff
13:18:08.835 [main] DEBUG org.apache.http.headers - << X-XSS-Protection: 1; mode=block
13:18:08.835 [main] DEBUG org.apache.http.headers - << Cache-Control: no-cache, no-store, max-age=0, must-revalidate
13:18:08.835 [main] DEBUG org.apache.http.headers - << Pragma: no-cache
13:18:08.835 [main] DEBUG org.apache.http.headers - << Expires: 0
13:18:08.835 [main] DEBUG org.apache.http.headers - << X-Frame-Options: DENY
13:18:08.835 [main] DEBUG org.apache.http.headers - << Content-Length: 0
13:18:08.835 [main] DEBUG org.apache.http.headers - << Date: Thu, 02 Jan 2025 07:48:08 GMT
13:18:08.835 [main] DEBUG org.apache.http.headers - << Keep-Alive: timeout=60
13:18:08.835 [main] DEBUG org.apache.http.headers - << Connection: keep-alive
13:18:08.835 [main] DEBUG org.apache.http.impl.client.DefaultHttpClient - Connection can be kept alive for 60000 MILLISECONDS
13:18:08.835 [main] DEBUG org.apache.http.impl.client.DefaultHttpClient - Authentication required
13:18:08.835 [main] DEBUG org.apache.http.impl.client.DefaultHttpClient - 13.60.22.209:7081 requested authentication
13:18:08.835 [main] DEBUG org.apache.http.impl.client.TargetAuthenticationStrategy - Authentication schemes in the order of preference: [Negotiate, Kerberos, NTLM, CredSSP, Digest, Basic]
13:18:08.835 [main] DEBUG org.apache.http.impl.client.TargetAuthenticationStrategy - Challenge for Negotiate authentication scheme not available
13:18:08.835 [main] DEBUG org.apache.http.impl.client.TargetAuthenticationStrategy - Challenge for Kerberos authentication scheme not available
13:18:08.835 [main] DEBUG org.apache.http.impl.client.TargetAuthenticationStrategy - Challenge for NTLM authentication scheme not available
13:18:08.835 [main] DEBUG org.apache.http.impl.client.TargetAuthenticationStrategy - Challenge for CredSSP authentication scheme not available
13:18:08.835 [main] DEBUG org.apache.http.impl.client.TargetAuthenticationStrategy - Challenge for Digest authentication scheme not available
13:18:08.835 [main] DEBUG org.apache.http.impl.client.DefaultHttpClient - Selected authentication options: [BASIC [complete=true]]
13:18:08.835 [main] DEBUG org.apache.http.client.protocol.RequestAddCookies - CookieSpec selected: ignoreCookies
13:18:08.835 [main] DEBUG org.apache.http.client.protocol.RequestAuthCache - Auth cache not set in the context
13:18:08.835 [main] DEBUG org.apache.http.client.protocol.RequestTargetAuthentication - Target auth state: CHALLENGED
13:18:08.835 [main] DEBUG org.apache.http.client.protocol.RequestTargetAuthentication - Generating response to an authentication challenge using basic scheme
13:18:08.835 [main] DEBUG org.apache.http.client.protocol.RequestProxyAuthentication - Proxy auth state: UNCHALLENGED
13:18:08.835 [main] DEBUG org.apache.http.impl.client.DefaultHttpClient - Attempt 2 to execute request
13:18:08.835 [main] DEBUG org.apache.http.impl.conn.DefaultClientConnection - Sending request: GET /api/books/1 HTTP/1.1
13:18:08.836 [main] DEBUG org.apache.http.wire -  >> "GET /api/books/1 HTTP/1.1[\r][\n]"
13:18:08.836 [main] DEBUG org.apache.http.wire -  >> "Accept: */*[\r][\n]"
13:18:08.836 [main] DEBUG org.apache.http.wire -  >> "Host: 13.60.22.209:7081[\r][\n]"
13:18:08.836 [main] DEBUG org.apache.http.wire -  >> "Connection: Keep-Alive[\r][\n]"
13:18:08.836 [main] DEBUG org.apache.http.wire -  >> "User-Agent: Apache-HttpClient/4.5.13 (Java/17.0.13)[\r][\n]"
13:18:08.836 [main] DEBUG org.apache.http.wire -  >> "Authorization: Basic dXNlcjpwYXNzd29yZA==[\r][\n]"
13:18:08.836 [main] DEBUG org.apache.http.wire -  >> "Accept-Encoding: gzip,deflate[\r][\n]"
13:18:08.836 [main] DEBUG org.apache.http.wire -  >> "[\r][\n]"
13:18:08.836 [main] DEBUG org.apache.http.headers - >> GET /api/books/1 HTTP/1.1
13:18:08.836 [main] DEBUG org.apache.http.headers - >> Accept: */*
13:18:08.836 [main] DEBUG org.apache.http.headers - >> Host: 13.60.22.209:7081
13:18:08.836 [main] DEBUG org.apache.http.headers - >> Connection: Keep-Alive
13:18:08.836 [main] DEBUG org.apache.http.headers - >> User-Agent: Apache-HttpClient/4.5.13 (Java/17.0.13)
13:18:08.836 [main] DEBUG org.apache.http.headers - >> Authorization: Basic dXNlcjpwYXNzd29yZA==
13:18:08.836 [main] DEBUG org.apache.http.headers - >> Accept-Encoding: gzip,deflate
13:18:09.118 [main] DEBUG org.apache.http.wire -  << "HTTP/1.1 403 [\r][\n]"
13:18:09.118 [main] DEBUG org.apache.http.wire -  << "Set-Cookie: JSESSIONID=C8467BF988FB755503D21A8FD7961F42; Path=/; HttpOnly[\r][\n]"
13:18:09.118 [main] DEBUG org.apache.http.wire -  << "X-Content-Type-Options: nosniff[\r][\n]"
13:18:09.118 [main] DEBUG org.apache.http.wire -  << "X-XSS-Protection: 1; mode=block[\r][\n]"
13:18:09.118 [main] DEBUG org.apache.http.wire -  << "Cache-Control: no-cache, no-store, max-age=0, must-revalidate[\r][\n]"
13:18:09.118 [main] DEBUG org.apache.http.wire -  << "Pragma: no-cache[\r][\n]"
13:18:09.118 [main] DEBUG org.apache.http.wire -  << "Expires: 0[\r][\n]"
13:18:09.118 [main] DEBUG org.apache.http.wire -  << "X-Frame-Options: DENY[\r][\n]"
13:18:09.118 [main] DEBUG org.apache.http.wire -  << "Content-Type: text/plain;charset=UTF-8[\r][\n]"
13:18:09.118 [main] DEBUG org.apache.http.wire -  << "Content-Length: 22[\r][\n]"
13:18:09.118 [main] DEBUG org.apache.http.wire -  << "Date: Thu, 02 Jan 2025 07:48:08 GMT[\r][\n]"
13:18:09.118 [main] DEBUG org.apache.http.wire -  << "Keep-Alive: timeout=60[\r][\n]"
13:18:09.118 [main] DEBUG org.apache.http.wire -  << "Connection: keep-alive[\r][\n]"
13:18:09.118 [main] DEBUG org.apache.http.wire -  << "[\r][\n]"
13:18:09.118 [main] DEBUG org.apache.http.impl.conn.DefaultClientConnection - Receiving response: HTTP/1.1 403 
13:18:09.118 [main] DEBUG org.apache.http.headers - << HTTP/1.1 403 
13:18:09.118 [main] DEBUG org.apache.http.headers - << Set-Cookie: JSESSIONID=C8467BF988FB755503D21A8FD7961F42; Path=/; HttpOnly
13:18:09.118 [main] DEBUG org.apache.http.headers - << X-Content-Type-Options: nosniff
13:18:09.118 [main] DEBUG org.apache.http.headers - << X-XSS-Protection: 1; mode=block
13:18:09.118 [main] DEBUG org.apache.http.headers - << Cache-Control: no-cache, no-store, max-age=0, must-revalidate
13:18:09.118 [main] DEBUG org.apache.http.headers - << Pragma: no-cache
13:18:09.118 [main] DEBUG org.apache.http.headers - << Expires: 0
13:18:09.118 [main] DEBUG org.apache.http.headers - << X-Frame-Options: DENY
13:18:09.118 [main] DEBUG org.apache.http.headers - << Content-Type: text/plain;charset=UTF-8
13:18:09.118 [main] DEBUG org.apache.http.headers - << Content-Length: 22
13:18:09.119 [main] DEBUG org.apache.http.headers - << Date: Thu, 02 Jan 2025 07:48:08 GMT
13:18:09.119 [main] DEBUG org.apache.http.headers - << Keep-Alive: timeout=60
13:18:09.119 [main] DEBUG org.apache.http.headers - << Connection: keep-alive
13:18:09.119 [main] DEBUG org.apache.http.impl.client.DefaultHttpClient - Connection can be kept alive for 60000 MILLISECONDS
13:18:09.119 [main] DEBUG org.apache.http.impl.client.DefaultHttpClient - Authentication succeeded
13:18:09.119 [main] DEBUG org.apache.http.impl.client.TargetAuthenticationStrategy - Caching 'basic' auth scheme for http://13.60.22.209:7081
13:18:09.119 [main] DEBUG io.restassured.internal.RestAssuredHttpBuilder - Parsing response as: text/plain;charset=UTF-8
13:18:09.119 [main] DEBUG io.restassured.internal.RestAssuredHttpBuilder - Parsed data to instance of: class org.apache.http.conn.EofSensorInputStream
]]></system-out>
  </testcase>
  <testcase name="testGetBookByIdAsUser" classname="TestCases.GetBookAPITests" time="0.741">
    <failure message="Expected status code is 200 expected [200] but found [403]" type="java.lang.AssertionError"><![CDATA[java.lang.AssertionError: Expected status code is 200 expected [200] but found [403]
	at org.testng.Assert.fail(Assert.java:110)
	at org.testng.Assert.failNotEquals(Assert.java:1413)
	at org.testng.Assert.assertEqualsImpl(Assert.java:149)
	at org.testng.Assert.assertEquals(Assert.java:131)
	at org.testng.Assert.assertEquals(Assert.java:1240)
	at TestCases.GetBookAPITests.testGetBookByIdAsUser(GetBookAPITests.java:58)
	at java.base/jdk.internal.reflect.NativeMethodAccessorImpl.invoke0(Native Method)
	at java.base/jdk.internal.reflect.NativeMethodAccessorImpl.invoke(NativeMethodAccessorImpl.java:77)
	at java.base/jdk.internal.reflect.DelegatingMethodAccessorImpl.invoke(DelegatingMethodAccessorImpl.java:43)
	at java.base/java.lang.reflect.Method.invoke(Method.java:569)
	at org.testng.internal.invokers.MethodInvocationHelper.invokeMethod(MethodInvocationHelper.java:139)
	at org.testng.internal.invokers.TestInvoker.invokeMethod(TestInvoker.java:677)
	at org.testng.internal.invokers.TestInvoker.invokeTestMethod(TestInvoker.java:221)
	at org.testng.internal.invokers.MethodRunner.runInSequence(MethodRunner.java:50)
	at org.testng.internal.invokers.TestInvoker$MethodInvocationAgent.invoke(TestInvoker.java:969)
	at org.testng.internal.invokers.TestInvoker.invokeTestMethods(TestInvoker.java:194)
	at org.testng.internal.invokers.TestMethodWorker.invokeTestMethods(TestMethodWorker.java:148)
	at org.testng.internal.invokers.TestMethodWorker.run(TestMethodWorker.java:128)
	at java.base/java.util.ArrayList.forEach(ArrayList.java:1511)
	at org.testng.TestRunner.privateRun(TestRunner.java:829)
	at org.testng.TestRunner.run(TestRunner.java:602)
	at org.testng.SuiteRunner.runTest(SuiteRunner.java:437)
	at org.testng.SuiteRunner.runSequentially(SuiteRunner.java:431)
	at org.testng.SuiteRunner.privateRun(SuiteRunner.java:391)
	at org.testng.SuiteRunner.run(SuiteRunner.java:330)
	at org.testng.SuiteRunnerWorker.runSuite(SuiteRunnerWorker.java:52)
	at org.testng.SuiteRunnerWorker.run(SuiteRunnerWorker.java:95)
	at org.testng.TestNG.runSuitesSequentially(TestNG.java:1256)
	at org.testng.TestNG.runSuitesLocally(TestNG.java:1176)
	at org.testng.TestNG.runSuites(TestNG.java:1099)
	at org.testng.TestNG.run(TestNG.java:1067)
	at org.apache.maven.surefire.testng.TestNGExecutor.run(TestNGExecutor.java:151)
	at org.apache.maven.surefire.testng.TestNGDirectoryTestSuite.executeMulti(TestNGDirectoryTestSuite.java:192)
	at org.apache.maven.surefire.testng.TestNGDirectoryTestSuite.execute(TestNGDirectoryTestSuite.java:93)
	at org.apache.maven.surefire.testng.TestNGProvider.invoke(TestNGProvider.java:155)
	at org.apache.maven.surefire.booter.ForkedBooter.runSuitesInProcess(ForkedBooter.java:456)
	at org.apache.maven.surefire.booter.ForkedBooter.execute(ForkedBooter.java:169)
	at org.apache.maven.surefire.booter.ForkedBooter.run(ForkedBooter.java:595)
	at org.apache.maven.surefire.booter.ForkedBooter.main(ForkedBooter.java:581)
]]></failure>
    <system-out><![CDATA[13:18:09.129 [main] DEBUG org.apache.http.impl.conn.BasicClientConnectionManager - Get connection for route {}->http://13.60.22.209:7081
13:18:09.129 [main] DEBUG org.apache.http.impl.conn.DefaultClientConnectionOperator - Connecting to 13.60.22.209:7081
13:18:09.346 [main] DEBUG org.apache.http.client.protocol.RequestAddCookies - CookieSpec selected: ignoreCookies
13:18:09.346 [main] DEBUG org.apache.http.client.protocol.RequestAuthCache - Auth cache not set in the context
13:18:09.346 [main] DEBUG org.apache.http.client.protocol.RequestTargetAuthentication - Target auth state: UNCHALLENGED
13:18:09.346 [main] DEBUG org.apache.http.client.protocol.RequestProxyAuthentication - Proxy auth state: UNCHALLENGED
13:18:09.346 [main] DEBUG org.apache.http.impl.client.DefaultHttpClient - Attempt 1 to execute request
13:18:09.346 [main] DEBUG org.apache.http.impl.conn.DefaultClientConnection - Sending request: GET /api/books/1 HTTP/1.1
13:18:09.346 [main] DEBUG org.apache.http.wire -  >> "GET /api/books/1 HTTP/1.1[\r][\n]"
13:18:09.346 [main] DEBUG org.apache.http.wire -  >> "Accept: */*[\r][\n]"
13:18:09.346 [main] DEBUG org.apache.http.wire -  >> "Host: 13.60.22.209:7081[\r][\n]"
13:18:09.346 [main] DEBUG org.apache.http.wire -  >> "Connection: Keep-Alive[\r][\n]"
13:18:09.346 [main] DEBUG org.apache.http.wire -  >> "User-Agent: Apache-HttpClient/4.5.13 (Java/17.0.13)[\r][\n]"
13:18:09.346 [main] DEBUG org.apache.http.wire -  >> "Accept-Encoding: gzip,deflate[\r][\n]"
13:18:09.346 [main] DEBUG org.apache.http.wire -  >> "[\r][\n]"
13:18:09.346 [main] DEBUG org.apache.http.headers - >> GET /api/books/1 HTTP/1.1
13:18:09.346 [main] DEBUG org.apache.http.headers - >> Accept: */*
13:18:09.346 [main] DEBUG org.apache.http.headers - >> Host: 13.60.22.209:7081
13:18:09.346 [main] DEBUG org.apache.http.headers - >> Connection: Keep-Alive
13:18:09.346 [main] DEBUG org.apache.http.headers - >> User-Agent: Apache-HttpClient/4.5.13 (Java/17.0.13)
13:18:09.346 [main] DEBUG org.apache.http.headers - >> Accept-Encoding: gzip,deflate
13:18:09.556 [main] DEBUG org.apache.http.wire -  << "HTTP/1.1 401 [\r][\n]"
13:18:09.556 [main] DEBUG org.apache.http.wire -  << "Set-Cookie: JSESSIONID=119D5C5D018E290C71FB050C78091B69; Path=/; HttpOnly[\r][\n]"
13:18:09.556 [main] DEBUG org.apache.http.wire -  << "WWW-Authenticate: Basic realm="Realm"[\r][\n]"
13:18:09.556 [main] DEBUG org.apache.http.wire -  << "X-Content-Type-Options: nosniff[\r][\n]"
13:18:09.556 [main] DEBUG org.apache.http.wire -  << "X-XSS-Protection: 1; mode=block[\r][\n]"
13:18:09.556 [main] DEBUG org.apache.http.wire -  << "Cache-Control: no-cache, no-store, max-age=0, must-revalidate[\r][\n]"
13:18:09.556 [main] DEBUG org.apache.http.wire -  << "Pragma: no-cache[\r][\n]"
13:18:09.556 [main] DEBUG org.apache.http.wire -  << "Expires: 0[\r][\n]"
13:18:09.556 [main] DEBUG org.apache.http.wire -  << "X-Frame-Options: DENY[\r][\n]"
13:18:09.556 [main] DEBUG org.apache.http.wire -  << "Content-Length: 0[\r][\n]"
13:18:09.556 [main] DEBUG org.apache.http.wire -  << "Date: Thu, 02 Jan 2025 07:48:08 GMT[\r][\n]"
13:18:09.556 [main] DEBUG org.apache.http.wire -  << "Keep-Alive: timeout=60[\r][\n]"
13:18:09.556 [main] DEBUG org.apache.http.wire -  << "Connection: keep-alive[\r][\n]"
13:18:09.556 [main] DEBUG org.apache.http.wire -  << "[\r][\n]"
13:18:09.556 [main] DEBUG org.apache.http.impl.conn.DefaultClientConnection - Receiving response: HTTP/1.1 401 
13:18:09.556 [main] DEBUG org.apache.http.headers - << HTTP/1.1 401 
13:18:09.556 [main] DEBUG org.apache.http.headers - << Set-Cookie: JSESSIONID=119D5C5D018E290C71FB050C78091B69; Path=/; HttpOnly
13:18:09.556 [main] DEBUG org.apache.http.headers - << WWW-Authenticate: Basic realm="Realm"
13:18:09.556 [main] DEBUG org.apache.http.headers - << X-Content-Type-Options: nosniff
13:18:09.556 [main] DEBUG org.apache.http.headers - << X-XSS-Protection: 1; mode=block
13:18:09.556 [main] DEBUG org.apache.http.headers - << Cache-Control: no-cache, no-store, max-age=0, must-revalidate
13:18:09.556 [main] DEBUG org.apache.http.headers - << Pragma: no-cache
13:18:09.556 [main] DEBUG org.apache.http.headers - << Expires: 0
13:18:09.556 [main] DEBUG org.apache.http.headers - << X-Frame-Options: DENY
13:18:09.556 [main] DEBUG org.apache.http.headers - << Content-Length: 0
13:18:09.556 [main] DEBUG org.apache.http.headers - << Date: Thu, 02 Jan 2025 07:48:08 GMT
13:18:09.556 [main] DEBUG org.apache.http.headers - << Keep-Alive: timeout=60
13:18:09.556 [main] DEBUG org.apache.http.headers - << Connection: keep-alive
13:18:09.556 [main] DEBUG org.apache.http.impl.client.DefaultHttpClient - Connection can be kept alive for 60000 MILLISECONDS
13:18:09.556 [main] DEBUG org.apache.http.impl.client.DefaultHttpClient - Authentication required
13:18:09.556 [main] DEBUG org.apache.http.impl.client.DefaultHttpClient - 13.60.22.209:7081 requested authentication
13:18:09.556 [main] DEBUG org.apache.http.impl.client.TargetAuthenticationStrategy - Authentication schemes in the order of preference: [Negotiate, Kerberos, NTLM, CredSSP, Digest, Basic]
13:18:09.556 [main] DEBUG org.apache.http.impl.client.TargetAuthenticationStrategy - Challenge for Negotiate authentication scheme not available
13:18:09.556 [main] DEBUG org.apache.http.impl.client.TargetAuthenticationStrategy - Challenge for Kerberos authentication scheme not available
13:18:09.556 [main] DEBUG org.apache.http.impl.client.TargetAuthenticationStrategy - Challenge for NTLM authentication scheme not available
13:18:09.556 [main] DEBUG org.apache.http.impl.client.TargetAuthenticationStrategy - Challenge for CredSSP authentication scheme not available
13:18:09.556 [main] DEBUG org.apache.http.impl.client.TargetAuthenticationStrategy - Challenge for Digest authentication scheme not available
13:18:09.556 [main] DEBUG org.apache.http.impl.client.DefaultHttpClient - Selected authentication options: [BASIC [complete=true]]
13:18:09.557 [main] DEBUG org.apache.http.client.protocol.RequestAddCookies - CookieSpec selected: ignoreCookies
13:18:09.557 [main] DEBUG org.apache.http.client.protocol.RequestAuthCache - Auth cache not set in the context
13:18:09.557 [main] DEBUG org.apache.http.client.protocol.RequestTargetAuthentication - Target auth state: CHALLENGED
13:18:09.557 [main] DEBUG org.apache.http.client.protocol.RequestTargetAuthentication - Generating response to an authentication challenge using basic scheme
13:18:09.557 [main] DEBUG org.apache.http.client.protocol.RequestProxyAuthentication - Proxy auth state: UNCHALLENGED
13:18:09.557 [main] DEBUG org.apache.http.impl.client.DefaultHttpClient - Attempt 2 to execute request
13:18:09.557 [main] DEBUG org.apache.http.impl.conn.DefaultClientConnection - Sending request: GET /api/books/1 HTTP/1.1
13:18:09.557 [main] DEBUG org.apache.http.wire -  >> "GET /api/books/1 HTTP/1.1[\r][\n]"
13:18:09.557 [main] DEBUG org.apache.http.wire -  >> "Accept: */*[\r][\n]"
13:18:09.557 [main] DEBUG org.apache.http.wire -  >> "Host: 13.60.22.209:7081[\r][\n]"
13:18:09.557 [main] DEBUG org.apache.http.wire -  >> "Connection: Keep-Alive[\r][\n]"
13:18:09.557 [main] DEBUG org.apache.http.wire -  >> "User-Agent: Apache-HttpClient/4.5.13 (Java/17.0.13)[\r][\n]"
13:18:09.557 [main] DEBUG org.apache.http.wire -  >> "Authorization: Basic dXNlcjpwYXNzd29yZA==[\r][\n]"
13:18:09.557 [main] DEBUG org.apache.http.wire -  >> "Accept-Encoding: gzip,deflate[\r][\n]"
13:18:09.557 [main] DEBUG org.apache.http.wire -  >> "[\r][\n]"
13:18:09.557 [main] DEBUG org.apache.http.headers - >> GET /api/books/1 HTTP/1.1
13:18:09.557 [main] DEBUG org.apache.http.headers - >> Accept: */*
13:18:09.557 [main] DEBUG org.apache.http.headers - >> Host: 13.60.22.209:7081
13:18:09.557 [main] DEBUG org.apache.http.headers - >> Connection: Keep-Alive
13:18:09.557 [main] DEBUG org.apache.http.headers - >> User-Agent: Apache-HttpClient/4.5.13 (Java/17.0.13)
13:18:09.557 [main] DEBUG org.apache.http.headers - >> Authorization: Basic dXNlcjpwYXNzd29yZA==
13:18:09.557 [main] DEBUG org.apache.http.headers - >> Accept-Encoding: gzip,deflate
13:18:09.858 [main] DEBUG org.apache.http.wire -  << "HTTP/1.1 403 [\r][\n]"
13:18:09.859 [main] DEBUG org.apache.http.wire -  << "Set-Cookie: JSESSIONID=90DBE3465D5BC48BE2EAC5B331EB9DB5; Path=/; HttpOnly[\r][\n]"
13:18:09.859 [main] DEBUG org.apache.http.wire -  << "X-Content-Type-Options: nosniff[\r][\n]"
13:18:09.859 [main] DEBUG org.apache.http.wire -  << "X-XSS-Protection: 1; mode=block[\r][\n]"
13:18:09.859 [main] DEBUG org.apache.http.wire -  << "Cache-Control: no-cache, no-store, max-age=0, must-revalidate[\r][\n]"
13:18:09.859 [main] DEBUG org.apache.http.wire -  << "Pragma: no-cache[\r][\n]"
13:18:09.859 [main] DEBUG org.apache.http.wire -  << "Expires: 0[\r][\n]"
13:18:09.859 [main] DEBUG org.apache.http.wire -  << "X-Frame-Options: DENY[\r][\n]"
13:18:09.859 [main] DEBUG org.apache.http.wire -  << "Content-Type: text/plain;charset=UTF-8[\r][\n]"
13:18:09.859 [main] DEBUG org.apache.http.wire -  << "Content-Length: 22[\r][\n]"
13:18:09.859 [main] DEBUG org.apache.http.wire -  << "Date: Thu, 02 Jan 2025 07:48:09 GMT[\r][\n]"
13:18:09.859 [main] DEBUG org.apache.http.wire -  << "Keep-Alive: timeout=60[\r][\n]"
13:18:09.859 [main] DEBUG org.apache.http.wire -  << "Connection: keep-alive[\r][\n]"
13:18:09.859 [main] DEBUG org.apache.http.wire -  << "[\r][\n]"
13:18:09.859 [main] DEBUG org.apache.http.impl.conn.DefaultClientConnection - Receiving response: HTTP/1.1 403 
13:18:09.859 [main] DEBUG org.apache.http.headers - << HTTP/1.1 403 
13:18:09.859 [main] DEBUG org.apache.http.headers - << Set-Cookie: JSESSIONID=90DBE3465D5BC48BE2EAC5B331EB9DB5; Path=/; HttpOnly
13:18:09.859 [main] DEBUG org.apache.http.headers - << X-Content-Type-Options: nosniff
13:18:09.859 [main] DEBUG org.apache.http.headers - << X-XSS-Protection: 1; mode=block
13:18:09.859 [main] DEBUG org.apache.http.headers - << Cache-Control: no-cache, no-store, max-age=0, must-revalidate
13:18:09.859 [main] DEBUG org.apache.http.headers - << Pragma: no-cache
13:18:09.859 [main] DEBUG org.apache.http.headers - << Expires: 0
13:18:09.859 [main] DEBUG org.apache.http.headers - << X-Frame-Options: DENY
13:18:09.859 [main] DEBUG org.apache.http.headers - << Content-Type: text/plain;charset=UTF-8
13:18:09.859 [main] DEBUG org.apache.http.headers - << Content-Length: 22
13:18:09.859 [main] DEBUG org.apache.http.headers - << Date: Thu, 02 Jan 2025 07:48:09 GMT
13:18:09.859 [main] DEBUG org.apache.http.headers - << Keep-Alive: timeout=60
13:18:09.859 [main] DEBUG org.apache.http.headers - << Connection: keep-alive
13:18:09.860 [main] DEBUG org.apache.http.impl.client.DefaultHttpClient - Connection can be kept alive for 60000 MILLISECONDS
13:18:09.860 [main] DEBUG org.apache.http.impl.client.DefaultHttpClient - Authentication succeeded
13:18:09.860 [main] DEBUG org.apache.http.impl.client.TargetAuthenticationStrategy - Caching 'basic' auth scheme for http://13.60.22.209:7081
13:18:09.860 [main] DEBUG io.restassured.internal.RestAssuredHttpBuilder - Parsing response as: text/plain;charset=UTF-8
13:18:09.860 [main] DEBUG io.restassured.internal.RestAssuredHttpBuilder - Parsed data to instance of: class org.apache.http.conn.EofSensorInputStream
]]></system-out>
  </testcase>
  <testcase name="testGetBookByInvalidIdAsAdmin" classname="TestCases.GetBookAPITests" time="0.806">
    <system-out><![CDATA[13:18:09.871 [main] DEBUG org.apache.http.impl.conn.BasicClientConnectionManager - Get connection for route {}->http://13.60.22.209:7081
13:18:09.872 [main] DEBUG org.apache.http.impl.conn.DefaultClientConnectionOperator - Connecting to 13.60.22.209:7081
13:18:10.088 [main] DEBUG org.apache.http.client.protocol.RequestAddCookies - CookieSpec selected: ignoreCookies
13:18:10.088 [main] DEBUG org.apache.http.client.protocol.RequestAuthCache - Auth cache not set in the context
13:18:10.088 [main] DEBUG org.apache.http.client.protocol.RequestTargetAuthentication - Target auth state: UNCHALLENGED
13:18:10.088 [main] DEBUG org.apache.http.client.protocol.RequestProxyAuthentication - Proxy auth state: UNCHALLENGED
13:18:10.088 [main] DEBUG org.apache.http.impl.client.DefaultHttpClient - Attempt 1 to execute request
13:18:10.088 [main] DEBUG org.apache.http.impl.conn.DefaultClientConnection - Sending request: GET /api/books/9999 HTTP/1.1
13:18:10.089 [main] DEBUG org.apache.http.wire -  >> "GET /api/books/9999 HTTP/1.1[\r][\n]"
13:18:10.089 [main] DEBUG org.apache.http.wire -  >> "Accept: */*[\r][\n]"
13:18:10.089 [main] DEBUG org.apache.http.wire -  >> "Host: 13.60.22.209:7081[\r][\n]"
13:18:10.089 [main] DEBUG org.apache.http.wire -  >> "Connection: Keep-Alive[\r][\n]"
13:18:10.089 [main] DEBUG org.apache.http.wire -  >> "User-Agent: Apache-HttpClient/4.5.13 (Java/17.0.13)[\r][\n]"
13:18:10.089 [main] DEBUG org.apache.http.wire -  >> "Accept-Encoding: gzip,deflate[\r][\n]"
13:18:10.089 [main] DEBUG org.apache.http.wire -  >> "[\r][\n]"
13:18:10.089 [main] DEBUG org.apache.http.headers - >> GET /api/books/9999 HTTP/1.1
13:18:10.089 [main] DEBUG org.apache.http.headers - >> Accept: */*
13:18:10.089 [main] DEBUG org.apache.http.headers - >> Host: 13.60.22.209:7081
13:18:10.089 [main] DEBUG org.apache.http.headers - >> Connection: Keep-Alive
13:18:10.089 [main] DEBUG org.apache.http.headers - >> User-Agent: Apache-HttpClient/4.5.13 (Java/17.0.13)
13:18:10.089 [main] DEBUG org.apache.http.headers - >> Accept-Encoding: gzip,deflate
13:18:10.365 [main] DEBUG org.apache.http.wire -  << "HTTP/1.1 401 [\r][\n]"
13:18:10.365 [main] DEBUG org.apache.http.wire -  << "Set-Cookie: JSESSIONID=BE18903825937B5E962275DE4DCBAAC0; Path=/; HttpOnly[\r][\n]"
13:18:10.365 [main] DEBUG org.apache.http.wire -  << "WWW-Authenticate: Basic realm="Realm"[\r][\n]"
13:18:10.365 [main] DEBUG org.apache.http.wire -  << "X-Content-Type-Options: nosniff[\r][\n]"
13:18:10.367 [main] DEBUG org.apache.http.wire -  << "X-XSS-Protection: 1; mode=block[\r][\n]"
13:18:10.367 [main] DEBUG org.apache.http.wire -  << "Cache-Control: no-cache, no-store, max-age=0, must-revalidate[\r][\n]"
13:18:10.367 [main] DEBUG org.apache.http.wire -  << "Pragma: no-cache[\r][\n]"
13:18:10.367 [main] DEBUG org.apache.http.wire -  << "Expires: 0[\r][\n]"
13:18:10.367 [main] DEBUG org.apache.http.wire -  << "X-Frame-Options: DENY[\r][\n]"
13:18:10.367 [main] DEBUG org.apache.http.wire -  << "Content-Length: 0[\r][\n]"
13:18:10.367 [main] DEBUG org.apache.http.wire -  << "Date: Thu, 02 Jan 2025 07:48:09 GMT[\r][\n]"
13:18:10.367 [main] DEBUG org.apache.http.wire -  << "Keep-Alive: timeout=60[\r][\n]"
13:18:10.367 [main] DEBUG org.apache.http.wire -  << "Connection: keep-alive[\r][\n]"
13:18:10.367 [main] DEBUG org.apache.http.wire -  << "[\r][\n]"
13:18:10.367 [main] DEBUG org.apache.http.impl.conn.DefaultClientConnection - Receiving response: HTTP/1.1 401 
13:18:10.367 [main] DEBUG org.apache.http.headers - << HTTP/1.1 401 
13:18:10.367 [main] DEBUG org.apache.http.headers - << Set-Cookie: JSESSIONID=BE18903825937B5E962275DE4DCBAAC0; Path=/; HttpOnly
13:18:10.367 [main] DEBUG org.apache.http.headers - << WWW-Authenticate: Basic realm="Realm"
13:18:10.367 [main] DEBUG org.apache.http.headers - << X-Content-Type-Options: nosniff
13:18:10.367 [main] DEBUG org.apache.http.headers - << X-XSS-Protection: 1; mode=block
13:18:10.367 [main] DEBUG org.apache.http.headers - << Cache-Control: no-cache, no-store, max-age=0, must-revalidate
13:18:10.367 [main] DEBUG org.apache.http.headers - << Pragma: no-cache
13:18:10.367 [main] DEBUG org.apache.http.headers - << Expires: 0
13:18:10.367 [main] DEBUG org.apache.http.headers - << X-Frame-Options: DENY
13:18:10.367 [main] DEBUG org.apache.http.headers - << Content-Length: 0
13:18:10.367 [main] DEBUG org.apache.http.headers - << Date: Thu, 02 Jan 2025 07:48:09 GMT
13:18:10.367 [main] DEBUG org.apache.http.headers - << Keep-Alive: timeout=60
13:18:10.367 [main] DEBUG org.apache.http.headers - << Connection: keep-alive
13:18:10.367 [main] DEBUG org.apache.http.impl.client.DefaultHttpClient - Connection can be kept alive for 60000 MILLISECONDS
13:18:10.367 [main] DEBUG org.apache.http.impl.client.DefaultHttpClient - Authentication required
13:18:10.367 [main] DEBUG org.apache.http.impl.client.DefaultHttpClient - 13.60.22.209:7081 requested authentication
13:18:10.367 [main] DEBUG org.apache.http.impl.client.TargetAuthenticationStrategy - Authentication schemes in the order of preference: [Negotiate, Kerberos, NTLM, CredSSP, Digest, Basic]
13:18:10.368 [main] DEBUG org.apache.http.impl.client.TargetAuthenticationStrategy - Challenge for Negotiate authentication scheme not available
13:18:10.368 [main] DEBUG org.apache.http.impl.client.TargetAuthenticationStrategy - Challenge for Kerberos authentication scheme not available
13:18:10.368 [main] DEBUG org.apache.http.impl.client.TargetAuthenticationStrategy - Challenge for NTLM authentication scheme not available
13:18:10.368 [main] DEBUG org.apache.http.impl.client.TargetAuthenticationStrategy - Challenge for CredSSP authentication scheme not available
13:18:10.368 [main] DEBUG org.apache.http.impl.client.TargetAuthenticationStrategy - Challenge for Digest authentication scheme not available
13:18:10.368 [main] DEBUG org.apache.http.impl.client.DefaultHttpClient - Selected authentication options: [BASIC [complete=true]]
13:18:10.368 [main] DEBUG org.apache.http.client.protocol.RequestAddCookies - CookieSpec selected: ignoreCookies
13:18:10.368 [main] DEBUG org.apache.http.client.protocol.RequestAuthCache - Auth cache not set in the context
13:18:10.368 [main] DEBUG org.apache.http.client.protocol.RequestTargetAuthentication - Target auth state: CHALLENGED
13:18:10.368 [main] DEBUG org.apache.http.client.protocol.RequestTargetAuthentication - Generating response to an authentication challenge using basic scheme
13:18:10.368 [main] DEBUG org.apache.http.client.protocol.RequestProxyAuthentication - Proxy auth state: UNCHALLENGED
13:18:10.368 [main] DEBUG org.apache.http.impl.client.DefaultHttpClient - Attempt 2 to execute request
13:18:10.368 [main] DEBUG org.apache.http.impl.conn.DefaultClientConnection - Sending request: GET /api/books/9999 HTTP/1.1
13:18:10.368 [main] DEBUG org.apache.http.wire -  >> "GET /api/books/9999 HTTP/1.1[\r][\n]"
13:18:10.368 [main] DEBUG org.apache.http.wire -  >> "Accept: */*[\r][\n]"
13:18:10.368 [main] DEBUG org.apache.http.wire -  >> "Host: 13.60.22.209:7081[\r][\n]"
13:18:10.368 [main] DEBUG org.apache.http.wire -  >> "Connection: Keep-Alive[\r][\n]"
13:18:10.368 [main] DEBUG org.apache.http.wire -  >> "User-Agent: Apache-HttpClient/4.5.13 (Java/17.0.13)[\r][\n]"
13:18:10.368 [main] DEBUG org.apache.http.wire -  >> "Authorization: Basic YWRtaW46cGFzc3dvcmQ=[\r][\n]"
13:18:10.368 [main] DEBUG org.apache.http.wire -  >> "Accept-Encoding: gzip,deflate[\r][\n]"
13:18:10.368 [main] DEBUG org.apache.http.wire -  >> "[\r][\n]"
13:18:10.368 [main] DEBUG org.apache.http.headers - >> GET /api/books/9999 HTTP/1.1
13:18:10.368 [main] DEBUG org.apache.http.headers - >> Accept: */*
13:18:10.368 [main] DEBUG org.apache.http.headers - >> Host: 13.60.22.209:7081
13:18:10.368 [main] DEBUG org.apache.http.headers - >> Connection: Keep-Alive
13:18:10.368 [main] DEBUG org.apache.http.headers - >> User-Agent: Apache-HttpClient/4.5.13 (Java/17.0.13)
13:18:10.368 [main] DEBUG org.apache.http.headers - >> Authorization: Basic YWRtaW46cGFzc3dvcmQ=
13:18:10.368 [main] DEBUG org.apache.http.headers - >> Accept-Encoding: gzip,deflate
13:18:10.663 [main] DEBUG org.apache.http.wire -  << "HTTP/1.1 404 [\r][\n]"
13:18:10.663 [main] DEBUG org.apache.http.wire -  << "Set-Cookie: JSESSIONID=4A28F2C70814EC2701C89B94C1761B53; Path=/; HttpOnly[\r][\n]"
13:18:10.663 [main] DEBUG org.apache.http.wire -  << "X-Content-Type-Options: nosniff[\r][\n]"
13:18:10.663 [main] DEBUG org.apache.http.wire -  << "X-XSS-Protection: 1; mode=block[\r][\n]"
13:18:10.663 [main] DEBUG org.apache.http.wire -  << "Cache-Control: no-cache, no-store, max-age=0, must-revalidate[\r][\n]"
13:18:10.663 [main] DEBUG org.apache.http.wire -  << "Pragma: no-cache[\r][\n]"
13:18:10.663 [main] DEBUG org.apache.http.wire -  << "Expires: 0[\r][\n]"
13:18:10.663 [main] DEBUG org.apache.http.wire -  << "X-Frame-Options: DENY[\r][\n]"
13:18:10.663 [main] DEBUG org.apache.http.wire -  << "Content-Type: text/plain;charset=UTF-8[\r][\n]"
13:18:10.663 [main] DEBUG org.apache.http.wire -  << "Content-Length: 14[\r][\n]"
13:18:10.663 [main] DEBUG org.apache.http.wire -  << "Date: Thu, 02 Jan 2025 07:48:09 GMT[\r][\n]"
13:18:10.663 [main] DEBUG org.apache.http.wire -  << "Keep-Alive: timeout=60[\r][\n]"
13:18:10.663 [main] DEBUG org.apache.http.wire -  << "Connection: keep-alive[\r][\n]"
13:18:10.663 [main] DEBUG org.apache.http.wire -  << "[\r][\n]"
13:18:10.663 [main] DEBUG org.apache.http.impl.conn.DefaultClientConnection - Receiving response: HTTP/1.1 404 
13:18:10.663 [main] DEBUG org.apache.http.headers - << HTTP/1.1 404 
13:18:10.663 [main] DEBUG org.apache.http.headers - << Set-Cookie: JSESSIONID=4A28F2C70814EC2701C89B94C1761B53; Path=/; HttpOnly
13:18:10.663 [main] DEBUG org.apache.http.headers - << X-Content-Type-Options: nosniff
13:18:10.663 [main] DEBUG org.apache.http.headers - << X-XSS-Protection: 1; mode=block
13:18:10.663 [main] DEBUG org.apache.http.headers - << Cache-Control: no-cache, no-store, max-age=0, must-revalidate
13:18:10.663 [main] DEBUG org.apache.http.headers - << Pragma: no-cache
13:18:10.663 [main] DEBUG org.apache.http.headers - << Expires: 0
13:18:10.663 [main] DEBUG org.apache.http.headers - << X-Frame-Options: DENY
13:18:10.663 [main] DEBUG org.apache.http.headers - << Content-Type: text/plain;charset=UTF-8
13:18:10.663 [main] DEBUG org.apache.http.headers - << Content-Length: 14
13:18:10.663 [main] DEBUG org.apache.http.headers - << Date: Thu, 02 Jan 2025 07:48:09 GMT
13:18:10.663 [main] DEBUG org.apache.http.headers - << Keep-Alive: timeout=60
13:18:10.663 [main] DEBUG org.apache.http.headers - << Connection: keep-alive
13:18:10.663 [main] DEBUG org.apache.http.impl.client.DefaultHttpClient - Connection can be kept alive for 60000 MILLISECONDS
13:18:10.664 [main] DEBUG org.apache.http.impl.client.DefaultHttpClient - Authentication succeeded
13:18:10.664 [main] DEBUG org.apache.http.impl.client.TargetAuthenticationStrategy - Caching 'basic' auth scheme for http://13.60.22.209:7081
13:18:10.664 [main] DEBUG io.restassured.internal.RestAssuredHttpBuilder - Parsing response as: text/plain;charset=UTF-8
13:18:10.664 [main] DEBUG io.restassured.internal.RestAssuredHttpBuilder - Parsed data to instance of: class org.apache.http.conn.EofSensorInputStream
13:18:10.669 [main] DEBUG org.apache.http.wire -  << "Book not found"
13:18:10.669 [main] DEBUG org.apache.http.impl.conn.BasicClientConnectionManager - Releasing connection org.apache.http.impl.conn.ManagedClientConnectionImpl@42373389
13:18:10.669 [main] DEBUG org.apache.http.impl.conn.BasicClientConnectionManager - Connection can be kept alive for 60000 MILLISECONDS
]]></system-out>
  </testcase>
  <testcase name="testGetBookByValidIdAsAdmin" classname="TestCases.GetBookAPITests" time="0.757">
    <failure message="Expected status code is 200 expected [400] but found [404]" type="java.lang.AssertionError"><![CDATA[java.lang.AssertionError: Expected status code is 200 expected [400] but found [404]
	at org.testng.Assert.fail(Assert.java:110)
	at org.testng.Assert.failNotEquals(Assert.java:1413)
	at org.testng.Assert.assertEqualsImpl(Assert.java:149)
	at org.testng.Assert.assertEquals(Assert.java:131)
	at org.testng.Assert.assertEquals(Assert.java:1240)
	at TestCases.GetBookAPITests.testGetBookByValidIdAsAdmin(GetBookAPITests.java:91)
	at java.base/jdk.internal.reflect.NativeMethodAccessorImpl.invoke0(Native Method)
	at java.base/jdk.internal.reflect.NativeMethodAccessorImpl.invoke(NativeMethodAccessorImpl.java:77)
	at java.base/jdk.internal.reflect.DelegatingMethodAccessorImpl.invoke(DelegatingMethodAccessorImpl.java:43)
	at java.base/java.lang.reflect.Method.invoke(Method.java:569)
	at org.testng.internal.invokers.MethodInvocationHelper.invokeMethod(MethodInvocationHelper.java:139)
	at org.testng.internal.invokers.TestInvoker.invokeMethod(TestInvoker.java:677)
	at org.testng.internal.invokers.TestInvoker.invokeTestMethod(TestInvoker.java:221)
	at org.testng.internal.invokers.MethodRunner.runInSequence(MethodRunner.java:50)
	at org.testng.internal.invokers.TestInvoker$MethodInvocationAgent.invoke(TestInvoker.java:969)
	at org.testng.internal.invokers.TestInvoker.invokeTestMethods(TestInvoker.java:194)
	at org.testng.internal.invokers.TestMethodWorker.invokeTestMethods(TestMethodWorker.java:148)
	at org.testng.internal.invokers.TestMethodWorker.run(TestMethodWorker.java:128)
	at java.base/java.util.ArrayList.forEach(ArrayList.java:1511)
	at org.testng.TestRunner.privateRun(TestRunner.java:829)
	at org.testng.TestRunner.run(TestRunner.java:602)
	at org.testng.SuiteRunner.runTest(SuiteRunner.java:437)
	at org.testng.SuiteRunner.runSequentially(SuiteRunner.java:431)
	at org.testng.SuiteRunner.privateRun(SuiteRunner.java:391)
	at org.testng.SuiteRunner.run(SuiteRunner.java:330)
	at org.testng.SuiteRunnerWorker.runSuite(SuiteRunnerWorker.java:52)
	at org.testng.SuiteRunnerWorker.run(SuiteRunnerWorker.java:95)
	at org.testng.TestNG.runSuitesSequentially(TestNG.java:1256)
	at org.testng.TestNG.runSuitesLocally(TestNG.java:1176)
	at org.testng.TestNG.runSuites(TestNG.java:1099)
	at org.testng.TestNG.run(TestNG.java:1067)
	at org.apache.maven.surefire.testng.TestNGExecutor.run(TestNGExecutor.java:151)
	at org.apache.maven.surefire.testng.TestNGDirectoryTestSuite.executeMulti(TestNGDirectoryTestSuite.java:192)
	at org.apache.maven.surefire.testng.TestNGDirectoryTestSuite.execute(TestNGDirectoryTestSuite.java:93)
	at org.apache.maven.surefire.testng.TestNGProvider.invoke(TestNGProvider.java:155)
	at org.apache.maven.surefire.booter.ForkedBooter.runSuitesInProcess(ForkedBooter.java:456)
	at org.apache.maven.surefire.booter.ForkedBooter.execute(ForkedBooter.java:169)
	at org.apache.maven.surefire.booter.ForkedBooter.run(ForkedBooter.java:595)
	at org.apache.maven.surefire.booter.ForkedBooter.main(ForkedBooter.java:581)
]]></failure>
    <system-out><![CDATA[13:18:10.681 [main] DEBUG org.apache.http.impl.conn.BasicClientConnectionManager - Get connection for route {}->http://13.60.22.209:7081
13:18:10.681 [main] DEBUG org.apache.http.impl.conn.DefaultClientConnectionOperator - Connecting to 13.60.22.209:7081
13:18:10.889 [main] DEBUG org.apache.http.client.protocol.RequestAddCookies - CookieSpec selected: ignoreCookies
13:18:10.889 [main] DEBUG org.apache.http.client.protocol.RequestAuthCache - Auth cache not set in the context
13:18:10.889 [main] DEBUG org.apache.http.client.protocol.RequestTargetAuthentication - Target auth state: UNCHALLENGED
13:18:10.889 [main] DEBUG org.apache.http.client.protocol.RequestProxyAuthentication - Proxy auth state: UNCHALLENGED
13:18:10.889 [main] DEBUG org.apache.http.impl.client.DefaultHttpClient - Attempt 1 to execute request
13:18:10.889 [main] DEBUG org.apache.http.impl.conn.DefaultClientConnection - Sending request: GET /api/books/9999 HTTP/1.1
13:18:10.889 [main] DEBUG org.apache.http.wire -  >> "GET /api/books/9999 HTTP/1.1[\r][\n]"
13:18:10.889 [main] DEBUG org.apache.http.wire -  >> "Accept: */*[\r][\n]"
13:18:10.889 [main] DEBUG org.apache.http.wire -  >> "Host: 13.60.22.209:7081[\r][\n]"
13:18:10.889 [main] DEBUG org.apache.http.wire -  >> "Connection: Keep-Alive[\r][\n]"
13:18:10.889 [main] DEBUG org.apache.http.wire -  >> "User-Agent: Apache-HttpClient/4.5.13 (Java/17.0.13)[\r][\n]"
13:18:10.889 [main] DEBUG org.apache.http.wire -  >> "Accept-Encoding: gzip,deflate[\r][\n]"
13:18:10.889 [main] DEBUG org.apache.http.wire -  >> "[\r][\n]"
13:18:10.889 [main] DEBUG org.apache.http.headers - >> GET /api/books/9999 HTTP/1.1
13:18:10.889 [main] DEBUG org.apache.http.headers - >> Accept: */*
13:18:10.889 [main] DEBUG org.apache.http.headers - >> Host: 13.60.22.209:7081
13:18:10.889 [main] DEBUG org.apache.http.headers - >> Connection: Keep-Alive
13:18:10.889 [main] DEBUG org.apache.http.headers - >> User-Agent: Apache-HttpClient/4.5.13 (Java/17.0.13)
13:18:10.889 [main] DEBUG org.apache.http.headers - >> Accept-Encoding: gzip,deflate
13:18:11.110 [main] DEBUG org.apache.http.wire -  << "HTTP/1.1 401 [\r][\n]"
13:18:11.110 [main] DEBUG org.apache.http.wire -  << "Set-Cookie: JSESSIONID=F1C09266DA57699C11EC1C50AB6910E9; Path=/; HttpOnly[\r][\n]"
13:18:11.110 [main] DEBUG org.apache.http.wire -  << "WWW-Authenticate: Basic realm="Realm"[\r][\n]"
13:18:11.110 [main] DEBUG org.apache.http.wire -  << "X-Content-Type-Options: nosniff[\r][\n]"
13:18:11.110 [main] DEBUG org.apache.http.wire -  << "X-XSS-Protection: 1; mode=block[\r][\n]"
13:18:11.110 [main] DEBUG org.apache.http.wire -  << "Cache-Control: no-cache, no-store, max-age=0, must-revalidate[\r][\n]"
13:18:11.110 [main] DEBUG org.apache.http.wire -  << "Pragma: no-cache[\r][\n]"
13:18:11.110 [main] DEBUG org.apache.http.wire -  << "Expires: 0[\r][\n]"
13:18:11.110 [main] DEBUG org.apache.http.wire -  << "X-Frame-Options: DENY[\r][\n]"
13:18:11.110 [main] DEBUG org.apache.http.wire -  << "Content-Length: 0[\r][\n]"
13:18:11.110 [main] DEBUG org.apache.http.wire -  << "Date: Thu, 02 Jan 2025 07:48:11 GMT[\r][\n]"
13:18:11.110 [main] DEBUG org.apache.http.wire -  << "Keep-Alive: timeout=60[\r][\n]"
13:18:11.110 [main] DEBUG org.apache.http.wire -  << "Connection: keep-alive[\r][\n]"
13:18:11.110 [main] DEBUG org.apache.http.wire -  << "[\r][\n]"
13:18:11.110 [main] DEBUG org.apache.http.impl.conn.DefaultClientConnection - Receiving response: HTTP/1.1 401 
13:18:11.110 [main] DEBUG org.apache.http.headers - << HTTP/1.1 401 
13:18:11.110 [main] DEBUG org.apache.http.headers - << Set-Cookie: JSESSIONID=F1C09266DA57699C11EC1C50AB6910E9; Path=/; HttpOnly
13:18:11.110 [main] DEBUG org.apache.http.headers - << WWW-Authenticate: Basic realm="Realm"
13:18:11.110 [main] DEBUG org.apache.http.headers - << X-Content-Type-Options: nosniff
13:18:11.110 [main] DEBUG org.apache.http.headers - << X-XSS-Protection: 1; mode=block
13:18:11.110 [main] DEBUG org.apache.http.headers - << Cache-Control: no-cache, no-store, max-age=0, must-revalidate
13:18:11.110 [main] DEBUG org.apache.http.headers - << Pragma: no-cache
13:18:11.110 [main] DEBUG org.apache.http.headers - << Expires: 0
13:18:11.110 [main] DEBUG org.apache.http.headers - << X-Frame-Options: DENY
13:18:11.110 [main] DEBUG org.apache.http.headers - << Content-Length: 0
13:18:11.110 [main] DEBUG org.apache.http.headers - << Date: Thu, 02 Jan 2025 07:48:11 GMT
13:18:11.110 [main] DEBUG org.apache.http.headers - << Keep-Alive: timeout=60
13:18:11.110 [main] DEBUG org.apache.http.headers - << Connection: keep-alive
13:18:11.110 [main] DEBUG org.apache.http.impl.client.DefaultHttpClient - Connection can be kept alive for 60000 MILLISECONDS
13:18:11.110 [main] DEBUG org.apache.http.impl.client.DefaultHttpClient - Authentication required
13:18:11.110 [main] DEBUG org.apache.http.impl.client.DefaultHttpClient - 13.60.22.209:7081 requested authentication
13:18:11.110 [main] DEBUG org.apache.http.impl.client.TargetAuthenticationStrategy - Authentication schemes in the order of preference: [Negotiate, Kerberos, NTLM, CredSSP, Digest, Basic]
13:18:11.110 [main] DEBUG org.apache.http.impl.client.TargetAuthenticationStrategy - Challenge for Negotiate authentication scheme not available
13:18:11.110 [main] DEBUG org.apache.http.impl.client.TargetAuthenticationStrategy - Challenge for Kerberos authentication scheme not available
13:18:11.110 [main] DEBUG org.apache.http.impl.client.TargetAuthenticationStrategy - Challenge for NTLM authentication scheme not available
13:18:11.110 [main] DEBUG org.apache.http.impl.client.TargetAuthenticationStrategy - Challenge for CredSSP authentication scheme not available
13:18:11.110 [main] DEBUG org.apache.http.impl.client.TargetAuthenticationStrategy - Challenge for Digest authentication scheme not available
13:18:11.110 [main] DEBUG org.apache.http.impl.client.DefaultHttpClient - Selected authentication options: [BASIC [complete=true]]
13:18:11.110 [main] DEBUG org.apache.http.client.protocol.RequestAddCookies - CookieSpec selected: ignoreCookies
13:18:11.110 [main] DEBUG org.apache.http.client.protocol.RequestAuthCache - Auth cache not set in the context
13:18:11.110 [main] DEBUG org.apache.http.client.protocol.RequestTargetAuthentication - Target auth state: CHALLENGED
13:18:11.110 [main] DEBUG org.apache.http.client.protocol.RequestTargetAuthentication - Generating response to an authentication challenge using basic scheme
13:18:11.110 [main] DEBUG org.apache.http.client.protocol.RequestProxyAuthentication - Proxy auth state: UNCHALLENGED
13:18:11.110 [main] DEBUG org.apache.http.impl.client.DefaultHttpClient - Attempt 2 to execute request
13:18:11.110 [main] DEBUG org.apache.http.impl.conn.DefaultClientConnection - Sending request: GET /api/books/9999 HTTP/1.1
13:18:11.110 [main] DEBUG org.apache.http.wire -  >> "GET /api/books/9999 HTTP/1.1[\r][\n]"
13:18:11.110 [main] DEBUG org.apache.http.wire -  >> "Accept: */*[\r][\n]"
13:18:11.110 [main] DEBUG org.apache.http.wire -  >> "Host: 13.60.22.209:7081[\r][\n]"
13:18:11.110 [main] DEBUG org.apache.http.wire -  >> "Connection: Keep-Alive[\r][\n]"
13:18:11.110 [main] DEBUG org.apache.http.wire -  >> "User-Agent: Apache-HttpClient/4.5.13 (Java/17.0.13)[\r][\n]"
13:18:11.110 [main] DEBUG org.apache.http.wire -  >> "Authorization: Basic YWRtaW46cGFzc3dvcmQ=[\r][\n]"
13:18:11.110 [main] DEBUG org.apache.http.wire -  >> "Accept-Encoding: gzip,deflate[\r][\n]"
13:18:11.111 [main] DEBUG org.apache.http.wire -  >> "[\r][\n]"
13:18:11.111 [main] DEBUG org.apache.http.headers - >> GET /api/books/9999 HTTP/1.1
13:18:11.111 [main] DEBUG org.apache.http.headers - >> Accept: */*
13:18:11.111 [main] DEBUG org.apache.http.headers - >> Host: 13.60.22.209:7081
13:18:11.111 [main] DEBUG org.apache.http.headers - >> Connection: Keep-Alive
13:18:11.111 [main] DEBUG org.apache.http.headers - >> User-Agent: Apache-HttpClient/4.5.13 (Java/17.0.13)
13:18:11.111 [main] DEBUG org.apache.http.headers - >> Authorization: Basic YWRtaW46cGFzc3dvcmQ=
13:18:11.111 [main] DEBUG org.apache.http.headers - >> Accept-Encoding: gzip,deflate
13:18:11.426 [main] DEBUG org.apache.http.wire -  << "HTTP/1.1 404 [\r][\n]"
13:18:11.427 [main] DEBUG org.apache.http.wire -  << "Set-Cookie: JSESSIONID=E558D2439EAFFDAAA58FC818A1494B9B; Path=/; HttpOnly[\r][\n]"
13:18:11.427 [main] DEBUG org.apache.http.wire -  << "X-Content-Type-Options: nosniff[\r][\n]"
13:18:11.427 [main] DEBUG org.apache.http.wire -  << "X-XSS-Protection: 1; mode=block[\r][\n]"
13:18:11.427 [main] DEBUG org.apache.http.wire -  << "Cache-Control: no-cache, no-store, max-age=0, must-revalidate[\r][\n]"
13:18:11.427 [main] DEBUG org.apache.http.wire -  << "Pragma: no-cache[\r][\n]"
13:18:11.427 [main] DEBUG org.apache.http.wire -  << "Expires: 0[\r][\n]"
13:18:11.427 [main] DEBUG org.apache.http.wire -  << "X-Frame-Options: DENY[\r][\n]"
13:18:11.427 [main] DEBUG org.apache.http.wire -  << "Content-Type: text/plain;charset=UTF-8[\r][\n]"
13:18:11.427 [main] DEBUG org.apache.http.wire -  << "Content-Length: 14[\r][\n]"
13:18:11.427 [main] DEBUG org.apache.http.wire -  << "Date: Thu, 02 Jan 2025 07:48:11 GMT[\r][\n]"
13:18:11.427 [main] DEBUG org.apache.http.wire -  << "Keep-Alive: timeout=60[\r][\n]"
13:18:11.427 [main] DEBUG org.apache.http.wire -  << "Connection: keep-alive[\r][\n]"
13:18:11.427 [main] DEBUG org.apache.http.wire -  << "[\r][\n]"
13:18:11.427 [main] DEBUG org.apache.http.impl.conn.DefaultClientConnection - Receiving response: HTTP/1.1 404 
13:18:11.427 [main] DEBUG org.apache.http.headers - << HTTP/1.1 404 
13:18:11.427 [main] DEBUG org.apache.http.headers - << Set-Cookie: JSESSIONID=E558D2439EAFFDAAA58FC818A1494B9B; Path=/; HttpOnly
13:18:11.427 [main] DEBUG org.apache.http.headers - << X-Content-Type-Options: nosniff
13:18:11.427 [main] DEBUG org.apache.http.headers - << X-XSS-Protection: 1; mode=block
13:18:11.427 [main] DEBUG org.apache.http.headers - << Cache-Control: no-cache, no-store, max-age=0, must-revalidate
13:18:11.427 [main] DEBUG org.apache.http.headers - << Pragma: no-cache
13:18:11.427 [main] DEBUG org.apache.http.headers - << Expires: 0
13:18:11.427 [main] DEBUG org.apache.http.headers - << X-Frame-Options: DENY
13:18:11.427 [main] DEBUG org.apache.http.headers - << Content-Type: text/plain;charset=UTF-8
13:18:11.427 [main] DEBUG org.apache.http.headers - << Content-Length: 14
13:18:11.427 [main] DEBUG org.apache.http.headers - << Date: Thu, 02 Jan 2025 07:48:11 GMT
13:18:11.427 [main] DEBUG org.apache.http.headers - << Keep-Alive: timeout=60
13:18:11.427 [main] DEBUG org.apache.http.headers - << Connection: keep-alive
13:18:11.427 [main] DEBUG org.apache.http.impl.client.DefaultHttpClient - Connection can be kept alive for 60000 MILLISECONDS
13:18:11.427 [main] DEBUG org.apache.http.impl.client.DefaultHttpClient - Authentication succeeded
13:18:11.427 [main] DEBUG org.apache.http.impl.client.TargetAuthenticationStrategy - Caching 'basic' auth scheme for http://13.60.22.209:7081
13:18:11.428 [main] DEBUG io.restassured.internal.RestAssuredHttpBuilder - Parsing response as: text/plain;charset=UTF-8
13:18:11.428 [main] DEBUG io.restassured.internal.RestAssuredHttpBuilder - Parsed data to instance of: class org.apache.http.conn.EofSensorInputStream
]]></system-out>
  </testcase>
  <testcase name="testUpdateBookWithAnotherBooksId" classname="TestCases.PutBookAPITests" time="0.999">
    <system-out><![CDATA[13:18:11.658 [main] DEBUG org.apache.http.impl.conn.BasicClientConnectionManager - Get connection for route {}->http://13.60.22.209:7081
13:18:11.658 [main] DEBUG org.apache.http.impl.conn.DefaultClientConnectionOperator - Connecting to 13.60.22.209:7081
13:18:11.864 [main] DEBUG org.apache.http.client.protocol.RequestAddCookies - CookieSpec selected: ignoreCookies
13:18:11.864 [main] DEBUG org.apache.http.client.protocol.RequestAuthCache - Auth cache not set in the context
13:18:11.864 [main] DEBUG org.apache.http.client.protocol.RequestTargetAuthentication - Target auth state: UNCHALLENGED
13:18:11.864 [main] DEBUG org.apache.http.client.protocol.RequestProxyAuthentication - Proxy auth state: UNCHALLENGED
13:18:11.864 [main] DEBUG org.apache.http.impl.client.DefaultHttpClient - Attempt 1 to execute request
13:18:11.864 [main] DEBUG org.apache.http.impl.conn.DefaultClientConnection - Sending request: PUT /api/books/1 HTTP/1.1
13:18:11.865 [main] DEBUG org.apache.http.wire -  >> "PUT /api/books/1 HTTP/1.1[\r][\n]"
13:18:11.865 [main] DEBUG org.apache.http.wire -  >> "Accept: */*[\r][\n]"
13:18:11.865 [main] DEBUG org.apache.http.wire -  >> "Content-Type: application/json[\r][\n]"
13:18:11.865 [main] DEBUG org.apache.http.wire -  >> "Content-Length: 54[\r][\n]"
13:18:11.865 [main] DEBUG org.apache.http.wire -  >> "Host: 13.60.22.209:7081[\r][\n]"
13:18:11.865 [main] DEBUG org.apache.http.wire -  >> "Connection: Keep-Alive[\r][\n]"
13:18:11.865 [main] DEBUG org.apache.http.wire -  >> "User-Agent: Apache-HttpClient/4.5.13 (Java/17.0.13)[\r][\n]"
13:18:11.865 [main] DEBUG org.apache.http.wire -  >> "Accept-Encoding: gzip,deflate[\r][\n]"
13:18:11.865 [main] DEBUG org.apache.http.wire -  >> "[\r][\n]"
13:18:11.865 [main] DEBUG org.apache.http.headers - >> PUT /api/books/1 HTTP/1.1
13:18:11.865 [main] DEBUG org.apache.http.headers - >> Accept: */*
13:18:11.865 [main] DEBUG org.apache.http.headers - >> Content-Type: application/json
13:18:11.865 [main] DEBUG org.apache.http.headers - >> Content-Length: 54
13:18:11.865 [main] DEBUG org.apache.http.headers - >> Host: 13.60.22.209:7081
13:18:11.865 [main] DEBUG org.apache.http.headers - >> Connection: Keep-Alive
13:18:11.865 [main] DEBUG org.apache.http.headers - >> User-Agent: Apache-HttpClient/4.5.13 (Java/17.0.13)
13:18:11.865 [main] DEBUG org.apache.http.headers - >> Accept-Encoding: gzip,deflate
13:18:11.865 [main] DEBUG org.apache.http.wire -  >> "{"author":"Valid Author","id":2,"title":"Valid Title"}"
13:18:12.079 [main] DEBUG org.apache.http.wire -  << "HTTP/1.1 401 [\r][\n]"
13:18:12.079 [main] DEBUG org.apache.http.wire -  << "Set-Cookie: JSESSIONID=88A8E9DED70F8DD7F7C7D99037900625; Path=/; HttpOnly[\r][\n]"
13:18:12.079 [main] DEBUG org.apache.http.wire -  << "WWW-Authenticate: Basic realm="Realm"[\r][\n]"
13:18:12.079 [main] DEBUG org.apache.http.wire -  << "X-Content-Type-Options: nosniff[\r][\n]"
13:18:12.079 [main] DEBUG org.apache.http.wire -  << "X-XSS-Protection: 1; mode=block[\r][\n]"
13:18:12.079 [main] DEBUG org.apache.http.wire -  << "Cache-Control: no-cache, no-store, max-age=0, must-revalidate[\r][\n]"
13:18:12.079 [main] DEBUG org.apache.http.wire -  << "Pragma: no-cache[\r][\n]"
13:18:12.079 [main] DEBUG org.apache.http.wire -  << "Expires: 0[\r][\n]"
13:18:12.079 [main] DEBUG org.apache.http.wire -  << "X-Frame-Options: DENY[\r][\n]"
13:18:12.079 [main] DEBUG org.apache.http.wire -  << "Content-Length: 0[\r][\n]"
13:18:12.079 [main] DEBUG org.apache.http.wire -  << "Date: Thu, 02 Jan 2025 07:48:11 GMT[\r][\n]"
13:18:12.079 [main] DEBUG org.apache.http.wire -  << "Keep-Alive: timeout=60[\r][\n]"
13:18:12.079 [main] DEBUG org.apache.http.wire -  << "Connection: keep-alive[\r][\n]"
13:18:12.079 [main] DEBUG org.apache.http.wire -  << "[\r][\n]"
13:18:12.080 [main] DEBUG org.apache.http.impl.conn.DefaultClientConnection - Receiving response: HTTP/1.1 401 
13:18:12.080 [main] DEBUG org.apache.http.headers - << HTTP/1.1 401 
13:18:12.080 [main] DEBUG org.apache.http.headers - << Set-Cookie: JSESSIONID=88A8E9DED70F8DD7F7C7D99037900625; Path=/; HttpOnly
13:18:12.080 [main] DEBUG org.apache.http.headers - << WWW-Authenticate: Basic realm="Realm"
13:18:12.080 [main] DEBUG org.apache.http.headers - << X-Content-Type-Options: nosniff
13:18:12.080 [main] DEBUG org.apache.http.headers - << X-XSS-Protection: 1; mode=block
13:18:12.080 [main] DEBUG org.apache.http.headers - << Cache-Control: no-cache, no-store, max-age=0, must-revalidate
13:18:12.080 [main] DEBUG org.apache.http.headers - << Pragma: no-cache
13:18:12.080 [main] DEBUG org.apache.http.headers - << Expires: 0
13:18:12.080 [main] DEBUG org.apache.http.headers - << X-Frame-Options: DENY
13:18:12.080 [main] DEBUG org.apache.http.headers - << Content-Length: 0
13:18:12.080 [main] DEBUG org.apache.http.headers - << Date: Thu, 02 Jan 2025 07:48:11 GMT
13:18:12.080 [main] DEBUG org.apache.http.headers - << Keep-Alive: timeout=60
13:18:12.080 [main] DEBUG org.apache.http.headers - << Connection: keep-alive
13:18:12.080 [main] DEBUG org.apache.http.impl.client.DefaultHttpClient - Connection can be kept alive for 60000 MILLISECONDS
13:18:12.080 [main] DEBUG org.apache.http.impl.client.DefaultHttpClient - Authentication required
13:18:12.080 [main] DEBUG org.apache.http.impl.client.DefaultHttpClient - 13.60.22.209:7081 requested authentication
13:18:12.080 [main] DEBUG org.apache.http.impl.client.TargetAuthenticationStrategy - Authentication schemes in the order of preference: [Negotiate, Kerberos, NTLM, CredSSP, Digest, Basic]
13:18:12.080 [main] DEBUG org.apache.http.impl.client.TargetAuthenticationStrategy - Challenge for Negotiate authentication scheme not available
13:18:12.080 [main] DEBUG org.apache.http.impl.client.TargetAuthenticationStrategy - Challenge for Kerberos authentication scheme not available
13:18:12.080 [main] DEBUG org.apache.http.impl.client.TargetAuthenticationStrategy - Challenge for NTLM authentication scheme not available
13:18:12.080 [main] DEBUG org.apache.http.impl.client.TargetAuthenticationStrategy - Challenge for CredSSP authentication scheme not available
13:18:12.080 [main] DEBUG org.apache.http.impl.client.TargetAuthenticationStrategy - Challenge for Digest authentication scheme not available
13:18:12.080 [main] DEBUG org.apache.http.impl.client.DefaultHttpClient - Selected authentication options: [BASIC [complete=true]]
13:18:12.080 [main] DEBUG org.apache.http.client.protocol.RequestAddCookies - CookieSpec selected: ignoreCookies
13:18:12.080 [main] DEBUG org.apache.http.client.protocol.RequestAuthCache - Auth cache not set in the context
13:18:12.080 [main] DEBUG org.apache.http.client.protocol.RequestTargetAuthentication - Target auth state: CHALLENGED
13:18:12.080 [main] DEBUG org.apache.http.client.protocol.RequestTargetAuthentication - Generating response to an authentication challenge using basic scheme
13:18:12.080 [main] DEBUG org.apache.http.client.protocol.RequestProxyAuthentication - Proxy auth state: UNCHALLENGED
13:18:12.080 [main] DEBUG org.apache.http.impl.client.DefaultHttpClient - Attempt 2 to execute request
13:18:12.080 [main] DEBUG org.apache.http.impl.conn.DefaultClientConnection - Sending request: PUT /api/books/1 HTTP/1.1
13:18:12.080 [main] DEBUG org.apache.http.wire -  >> "PUT /api/books/1 HTTP/1.1[\r][\n]"
13:18:12.080 [main] DEBUG org.apache.http.wire -  >> "Accept: */*[\r][\n]"
13:18:12.080 [main] DEBUG org.apache.http.wire -  >> "Content-Type: application/json[\r][\n]"
13:18:12.080 [main] DEBUG org.apache.http.wire -  >> "Content-Length: 54[\r][\n]"
13:18:12.080 [main] DEBUG org.apache.http.wire -  >> "Host: 13.60.22.209:7081[\r][\n]"
13:18:12.080 [main] DEBUG org.apache.http.wire -  >> "Connection: Keep-Alive[\r][\n]"
13:18:12.080 [main] DEBUG org.apache.http.wire -  >> "User-Agent: Apache-HttpClient/4.5.13 (Java/17.0.13)[\r][\n]"
13:18:12.080 [main] DEBUG org.apache.http.wire -  >> "Authorization: Basic YWRtaW46cGFzc3dvcmQ=[\r][\n]"
13:18:12.080 [main] DEBUG org.apache.http.wire -  >> "Accept-Encoding: gzip,deflate[\r][\n]"
13:18:12.080 [main] DEBUG org.apache.http.wire -  >> "[\r][\n]"
13:18:12.080 [main] DEBUG org.apache.http.headers - >> PUT /api/books/1 HTTP/1.1
13:18:12.080 [main] DEBUG org.apache.http.headers - >> Accept: */*
13:18:12.080 [main] DEBUG org.apache.http.headers - >> Content-Type: application/json
13:18:12.080 [main] DEBUG org.apache.http.headers - >> Content-Length: 54
13:18:12.081 [main] DEBUG org.apache.http.headers - >> Host: 13.60.22.209:7081
13:18:12.081 [main] DEBUG org.apache.http.headers - >> Connection: Keep-Alive
13:18:12.081 [main] DEBUG org.apache.http.headers - >> User-Agent: Apache-HttpClient/4.5.13 (Java/17.0.13)
13:18:12.081 [main] DEBUG org.apache.http.headers - >> Authorization: Basic YWRtaW46cGFzc3dvcmQ=
13:18:12.081 [main] DEBUG org.apache.http.headers - >> Accept-Encoding: gzip,deflate
13:18:12.081 [main] DEBUG org.apache.http.wire -  >> "{"author":"Valid Author","id":2,"title":"Valid Title"}"
13:18:12.428 [main] DEBUG org.apache.http.wire -  << "HTTP/1.1 400 [\r][\n]"
13:18:12.429 [main] DEBUG org.apache.http.wire -  << "Set-Cookie: JSESSIONID=6694656E4C3FF07D88CB74F90701CD45; Path=/; HttpOnly[\r][\n]"
13:18:12.429 [main] DEBUG org.apache.http.wire -  << "X-Content-Type-Options: nosniff[\r][\n]"
13:18:12.429 [main] DEBUG org.apache.http.wire -  << "X-XSS-Protection: 1; mode=block[\r][\n]"
13:18:12.429 [main] DEBUG org.apache.http.wire -  << "Cache-Control: no-cache, no-store, max-age=0, must-revalidate[\r][\n]"
13:18:12.429 [main] DEBUG org.apache.http.wire -  << "Pragma: no-cache[\r][\n]"
13:18:12.429 [main] DEBUG org.apache.http.wire -  << "Expires: 0[\r][\n]"
13:18:12.429 [main] DEBUG org.apache.http.wire -  << "X-Frame-Options: DENY[\r][\n]"
13:18:12.429 [main] DEBUG org.apache.http.wire -  << "Content-Type: text/plain;charset=UTF-8[\r][\n]"
13:18:12.429 [main] DEBUG org.apache.http.wire -  << "Content-Length: 22[\r][\n]"
13:18:12.429 [main] DEBUG org.apache.http.wire -  << "Date: Thu, 02 Jan 2025 07:48:12 GMT[\r][\n]"
13:18:12.429 [main] DEBUG org.apache.http.wire -  << "Connection: close[\r][\n]"
13:18:12.429 [main] DEBUG org.apache.http.wire -  << "[\r][\n]"
13:18:12.429 [main] DEBUG org.apache.http.impl.conn.DefaultClientConnection - Receiving response: HTTP/1.1 400 
13:18:12.429 [main] DEBUG org.apache.http.headers - << HTTP/1.1 400 
13:18:12.429 [main] DEBUG org.apache.http.headers - << Set-Cookie: JSESSIONID=6694656E4C3FF07D88CB74F90701CD45; Path=/; HttpOnly
13:18:12.429 [main] DEBUG org.apache.http.headers - << X-Content-Type-Options: nosniff
13:18:12.429 [main] DEBUG org.apache.http.headers - << X-XSS-Protection: 1; mode=block
13:18:12.429 [main] DEBUG org.apache.http.headers - << Cache-Control: no-cache, no-store, max-age=0, must-revalidate
13:18:12.429 [main] DEBUG org.apache.http.headers - << Pragma: no-cache
13:18:12.429 [main] DEBUG org.apache.http.headers - << Expires: 0
13:18:12.429 [main] DEBUG org.apache.http.headers - << X-Frame-Options: DENY
13:18:12.429 [main] DEBUG org.apache.http.headers - << Content-Type: text/plain;charset=UTF-8
13:18:12.429 [main] DEBUG org.apache.http.headers - << Content-Length: 22
13:18:12.429 [main] DEBUG org.apache.http.headers - << Date: Thu, 02 Jan 2025 07:48:12 GMT
13:18:12.429 [main] DEBUG org.apache.http.headers - << Connection: close
13:18:12.429 [main] DEBUG org.apache.http.impl.client.DefaultHttpClient - Authentication succeeded
13:18:12.429 [main] DEBUG org.apache.http.impl.client.TargetAuthenticationStrategy - Caching 'basic' auth scheme for http://13.60.22.209:7081
13:18:12.429 [main] DEBUG io.restassured.internal.RestAssuredHttpBuilder - Parsing response as: text/plain;charset=UTF-8
13:18:12.429 [main] DEBUG io.restassured.internal.RestAssuredHttpBuilder - Parsed data to instance of: class org.apache.http.conn.EofSensorInputStream
13:18:12.430 [main] DEBUG org.apache.http.wire -  << "Book id is not matched"
13:18:12.430 [main] DEBUG org.apache.http.impl.conn.BasicClientConnectionManager - Releasing connection org.apache.http.impl.conn.ManagedClientConnectionImpl@44d64d4e
13:18:12.430 [main] DEBUG org.apache.http.impl.conn.DefaultClientConnection - Connection 0.0.0.0:53974<->13.60.22.209:7081 shut down
]]></system-out>
  </testcase>
  <testcase name="testUpdateBookWithAnotherBooksTitleAsAdmin" classname="TestCases.PutBookAPITests" time="0.843">
    <failure message="Expected status code is 400 for using another book&apos;s title expected [400] but found [404]" type="java.lang.AssertionError"><![CDATA[java.lang.AssertionError: Expected status code is 400 for using another book's title expected [400] but found [404]
	at org.testng.Assert.fail(Assert.java:110)
	at org.testng.Assert.failNotEquals(Assert.java:1413)
	at org.testng.Assert.assertEqualsImpl(Assert.java:149)
	at org.testng.Assert.assertEquals(Assert.java:131)
	at org.testng.Assert.assertEquals(Assert.java:1240)
	at TestCases.PutBookAPITests.testUpdateBookWithAnotherBooksTitleAsAdmin(PutBookAPITests.java:216)
	at java.base/jdk.internal.reflect.NativeMethodAccessorImpl.invoke0(Native Method)
	at java.base/jdk.internal.reflect.NativeMethodAccessorImpl.invoke(NativeMethodAccessorImpl.java:77)
	at java.base/jdk.internal.reflect.DelegatingMethodAccessorImpl.invoke(DelegatingMethodAccessorImpl.java:43)
	at java.base/java.lang.reflect.Method.invoke(Method.java:569)
	at org.testng.internal.invokers.MethodInvocationHelper.invokeMethod(MethodInvocationHelper.java:139)
	at org.testng.internal.invokers.TestInvoker.invokeMethod(TestInvoker.java:677)
	at org.testng.internal.invokers.TestInvoker.invokeTestMethod(TestInvoker.java:221)
	at org.testng.internal.invokers.MethodRunner.runInSequence(MethodRunner.java:50)
	at org.testng.internal.invokers.TestInvoker$MethodInvocationAgent.invoke(TestInvoker.java:969)
	at org.testng.internal.invokers.TestInvoker.invokeTestMethods(TestInvoker.java:194)
	at org.testng.internal.invokers.TestMethodWorker.invokeTestMethods(TestMethodWorker.java:148)
	at org.testng.internal.invokers.TestMethodWorker.run(TestMethodWorker.java:128)
	at java.base/java.util.ArrayList.forEach(ArrayList.java:1511)
	at org.testng.TestRunner.privateRun(TestRunner.java:829)
	at org.testng.TestRunner.run(TestRunner.java:602)
	at org.testng.SuiteRunner.runTest(SuiteRunner.java:437)
	at org.testng.SuiteRunner.runSequentially(SuiteRunner.java:431)
	at org.testng.SuiteRunner.privateRun(SuiteRunner.java:391)
	at org.testng.SuiteRunner.run(SuiteRunner.java:330)
	at org.testng.SuiteRunnerWorker.runSuite(SuiteRunnerWorker.java:52)
	at org.testng.SuiteRunnerWorker.run(SuiteRunnerWorker.java:95)
	at org.testng.TestNG.runSuitesSequentially(TestNG.java:1256)
	at org.testng.TestNG.runSuitesLocally(TestNG.java:1176)
	at org.testng.TestNG.runSuites(TestNG.java:1099)
	at org.testng.TestNG.run(TestNG.java:1067)
	at org.apache.maven.surefire.testng.TestNGExecutor.run(TestNGExecutor.java:151)
	at org.apache.maven.surefire.testng.TestNGDirectoryTestSuite.executeMulti(TestNGDirectoryTestSuite.java:192)
	at org.apache.maven.surefire.testng.TestNGDirectoryTestSuite.execute(TestNGDirectoryTestSuite.java:93)
	at org.apache.maven.surefire.testng.TestNGProvider.invoke(TestNGProvider.java:155)
	at org.apache.maven.surefire.booter.ForkedBooter.runSuitesInProcess(ForkedBooter.java:456)
	at org.apache.maven.surefire.booter.ForkedBooter.execute(ForkedBooter.java:169)
	at org.apache.maven.surefire.booter.ForkedBooter.run(ForkedBooter.java:595)
	at org.apache.maven.surefire.booter.ForkedBooter.main(ForkedBooter.java:581)
]]></failure>
    <system-out><![CDATA[13:18:12.447 [main] DEBUG org.apache.http.impl.conn.BasicClientConnectionManager - Get connection for route {}->http://13.60.22.209:7081
13:18:12.447 [main] DEBUG org.apache.http.impl.conn.DefaultClientConnectionOperator - Connecting to 13.60.22.209:7081
13:18:12.711 [main] DEBUG org.apache.http.client.protocol.RequestAddCookies - CookieSpec selected: ignoreCookies
13:18:12.712 [main] DEBUG org.apache.http.client.protocol.RequestAuthCache - Auth cache not set in the context
13:18:12.712 [main] DEBUG org.apache.http.client.protocol.RequestTargetAuthentication - Target auth state: UNCHALLENGED
13:18:12.712 [main] DEBUG org.apache.http.client.protocol.RequestProxyAuthentication - Proxy auth state: UNCHALLENGED
13:18:12.712 [main] DEBUG org.apache.http.impl.client.DefaultHttpClient - Attempt 1 to execute request
13:18:12.712 [main] DEBUG org.apache.http.impl.conn.DefaultClientConnection - Sending request: PUT /api/books/1 HTTP/1.1
13:18:12.712 [main] DEBUG org.apache.http.wire -  >> "PUT /api/books/1 HTTP/1.1[\r][\n]"
13:18:12.712 [main] DEBUG org.apache.http.wire -  >> "Accept: */*[\r][\n]"
13:18:12.712 [main] DEBUG org.apache.http.wire -  >> "Content-Type: application/json[\r][\n]"
13:18:12.712 [main] DEBUG org.apache.http.wire -  >> "Content-Length: 63[\r][\n]"
13:18:12.712 [main] DEBUG org.apache.http.wire -  >> "Host: 13.60.22.209:7081[\r][\n]"
13:18:12.712 [main] DEBUG org.apache.http.wire -  >> "Connection: Keep-Alive[\r][\n]"
13:18:12.712 [main] DEBUG org.apache.http.wire -  >> "User-Agent: Apache-HttpClient/4.5.13 (Java/17.0.13)[\r][\n]"
13:18:12.712 [main] DEBUG org.apache.http.wire -  >> "Accept-Encoding: gzip,deflate[\r][\n]"
13:18:12.712 [main] DEBUG org.apache.http.wire -  >> "[\r][\n]"
13:18:12.712 [main] DEBUG org.apache.http.headers - >> PUT /api/books/1 HTTP/1.1
13:18:12.712 [main] DEBUG org.apache.http.headers - >> Accept: */*
13:18:12.712 [main] DEBUG org.apache.http.headers - >> Content-Type: application/json
13:18:12.712 [main] DEBUG org.apache.http.headers - >> Content-Length: 63
13:18:12.712 [main] DEBUG org.apache.http.headers - >> Host: 13.60.22.209:7081
13:18:12.712 [main] DEBUG org.apache.http.headers - >> Connection: Keep-Alive
13:18:12.712 [main] DEBUG org.apache.http.headers - >> User-Agent: Apache-HttpClient/4.5.13 (Java/17.0.13)
13:18:12.712 [main] DEBUG org.apache.http.headers - >> Accept-Encoding: gzip,deflate
13:18:12.713 [main] DEBUG org.apache.http.wire -  >> "{"author":"CorrectAuthor","id":1,"title":"TitleOfAnotherBook1"}"
13:18:12.925 [main] DEBUG org.apache.http.wire -  << "HTTP/1.1 401 [\r][\n]"
13:18:12.925 [main] DEBUG org.apache.http.wire -  << "Set-Cookie: JSESSIONID=078AE0FE1BF26EB97B18924D351A0927; Path=/; HttpOnly[\r][\n]"
13:18:12.925 [main] DEBUG org.apache.http.wire -  << "WWW-Authenticate: Basic realm="Realm"[\r][\n]"
13:18:12.925 [main] DEBUG org.apache.http.wire -  << "X-Content-Type-Options: nosniff[\r][\n]"
13:18:12.925 [main] DEBUG org.apache.http.wire -  << "X-XSS-Protection: 1; mode=block[\r][\n]"
13:18:12.925 [main] DEBUG org.apache.http.wire -  << "Cache-Control: no-cache, no-store, max-age=0, must-revalidate[\r][\n]"
13:18:12.925 [main] DEBUG org.apache.http.wire -  << "Pragma: no-cache[\r][\n]"
13:18:12.925 [main] DEBUG org.apache.http.wire -  << "Expires: 0[\r][\n]"
13:18:12.925 [main] DEBUG org.apache.http.wire -  << "X-Frame-Options: DENY[\r][\n]"
13:18:12.925 [main] DEBUG org.apache.http.wire -  << "Content-Length: 0[\r][\n]"
13:18:12.925 [main] DEBUG org.apache.http.wire -  << "Date: Thu, 02 Jan 2025 07:48:12 GMT[\r][\n]"
13:18:12.925 [main] DEBUG org.apache.http.wire -  << "Keep-Alive: timeout=60[\r][\n]"
13:18:12.925 [main] DEBUG org.apache.http.wire -  << "Connection: keep-alive[\r][\n]"
13:18:12.925 [main] DEBUG org.apache.http.wire -  << "[\r][\n]"
13:18:12.925 [main] DEBUG org.apache.http.impl.conn.DefaultClientConnection - Receiving response: HTTP/1.1 401 
13:18:12.925 [main] DEBUG org.apache.http.headers - << HTTP/1.1 401 
13:18:12.925 [main] DEBUG org.apache.http.headers - << Set-Cookie: JSESSIONID=078AE0FE1BF26EB97B18924D351A0927; Path=/; HttpOnly
13:18:12.925 [main] DEBUG org.apache.http.headers - << WWW-Authenticate: Basic realm="Realm"
13:18:12.925 [main] DEBUG org.apache.http.headers - << X-Content-Type-Options: nosniff
13:18:12.925 [main] DEBUG org.apache.http.headers - << X-XSS-Protection: 1; mode=block
13:18:12.925 [main] DEBUG org.apache.http.headers - << Cache-Control: no-cache, no-store, max-age=0, must-revalidate
13:18:12.925 [main] DEBUG org.apache.http.headers - << Pragma: no-cache
13:18:12.925 [main] DEBUG org.apache.http.headers - << Expires: 0
13:18:12.925 [main] DEBUG org.apache.http.headers - << X-Frame-Options: DENY
13:18:12.925 [main] DEBUG org.apache.http.headers - << Content-Length: 0
13:18:12.925 [main] DEBUG org.apache.http.headers - << Date: Thu, 02 Jan 2025 07:48:12 GMT
13:18:12.925 [main] DEBUG org.apache.http.headers - << Keep-Alive: timeout=60
13:18:12.925 [main] DEBUG org.apache.http.headers - << Connection: keep-alive
13:18:12.925 [main] DEBUG org.apache.http.impl.client.DefaultHttpClient - Connection can be kept alive for 60000 MILLISECONDS
13:18:12.925 [main] DEBUG org.apache.http.impl.client.DefaultHttpClient - Authentication required
13:18:12.925 [main] DEBUG org.apache.http.impl.client.DefaultHttpClient - 13.60.22.209:7081 requested authentication
13:18:12.925 [main] DEBUG org.apache.http.impl.client.TargetAuthenticationStrategy - Authentication schemes in the order of preference: [Negotiate, Kerberos, NTLM, CredSSP, Digest, Basic]
13:18:12.925 [main] DEBUG org.apache.http.impl.client.TargetAuthenticationStrategy - Challenge for Negotiate authentication scheme not available
13:18:12.925 [main] DEBUG org.apache.http.impl.client.TargetAuthenticationStrategy - Challenge for Kerberos authentication scheme not available
13:18:12.925 [main] DEBUG org.apache.http.impl.client.TargetAuthenticationStrategy - Challenge for NTLM authentication scheme not available
13:18:12.925 [main] DEBUG org.apache.http.impl.client.TargetAuthenticationStrategy - Challenge for CredSSP authentication scheme not available
13:18:12.925 [main] DEBUG org.apache.http.impl.client.TargetAuthenticationStrategy - Challenge for Digest authentication scheme not available
13:18:12.925 [main] DEBUG org.apache.http.impl.client.DefaultHttpClient - Selected authentication options: [BASIC [complete=true]]
13:18:12.926 [main] DEBUG org.apache.http.client.protocol.RequestAddCookies - CookieSpec selected: ignoreCookies
13:18:12.926 [main] DEBUG org.apache.http.client.protocol.RequestAuthCache - Auth cache not set in the context
13:18:12.926 [main] DEBUG org.apache.http.client.protocol.RequestTargetAuthentication - Target auth state: CHALLENGED
13:18:12.926 [main] DEBUG org.apache.http.client.protocol.RequestTargetAuthentication - Generating response to an authentication challenge using basic scheme
13:18:12.926 [main] DEBUG org.apache.http.client.protocol.RequestProxyAuthentication - Proxy auth state: UNCHALLENGED
13:18:12.926 [main] DEBUG org.apache.http.impl.client.DefaultHttpClient - Attempt 2 to execute request
13:18:12.926 [main] DEBUG org.apache.http.impl.conn.DefaultClientConnection - Sending request: PUT /api/books/1 HTTP/1.1
13:18:12.926 [main] DEBUG org.apache.http.wire -  >> "PUT /api/books/1 HTTP/1.1[\r][\n]"
13:18:12.926 [main] DEBUG org.apache.http.wire -  >> "Accept: */*[\r][\n]"
13:18:12.926 [main] DEBUG org.apache.http.wire -  >> "Content-Type: application/json[\r][\n]"
13:18:12.926 [main] DEBUG org.apache.http.wire -  >> "Content-Length: 63[\r][\n]"
13:18:12.926 [main] DEBUG org.apache.http.wire -  >> "Host: 13.60.22.209:7081[\r][\n]"
13:18:12.926 [main] DEBUG org.apache.http.wire -  >> "Connection: Keep-Alive[\r][\n]"
13:18:12.926 [main] DEBUG org.apache.http.wire -  >> "User-Agent: Apache-HttpClient/4.5.13 (Java/17.0.13)[\r][\n]"
13:18:12.926 [main] DEBUG org.apache.http.wire -  >> "Authorization: Basic YWRtaW46cGFzc3dvcmQ=[\r][\n]"
13:18:12.926 [main] DEBUG org.apache.http.wire -  >> "Accept-Encoding: gzip,deflate[\r][\n]"
13:18:12.926 [main] DEBUG org.apache.http.wire -  >> "[\r][\n]"
13:18:12.926 [main] DEBUG org.apache.http.headers - >> PUT /api/books/1 HTTP/1.1
13:18:12.926 [main] DEBUG org.apache.http.headers - >> Accept: */*
13:18:12.926 [main] DEBUG org.apache.http.headers - >> Content-Type: application/json
13:18:12.926 [main] DEBUG org.apache.http.headers - >> Content-Length: 63
13:18:12.926 [main] DEBUG org.apache.http.headers - >> Host: 13.60.22.209:7081
13:18:12.926 [main] DEBUG org.apache.http.headers - >> Connection: Keep-Alive
13:18:12.926 [main] DEBUG org.apache.http.headers - >> User-Agent: Apache-HttpClient/4.5.13 (Java/17.0.13)
13:18:12.926 [main] DEBUG org.apache.http.headers - >> Authorization: Basic YWRtaW46cGFzc3dvcmQ=
13:18:12.926 [main] DEBUG org.apache.http.headers - >> Accept-Encoding: gzip,deflate
13:18:12.926 [main] DEBUG org.apache.http.wire -  >> "{"author":"CorrectAuthor","id":1,"title":"TitleOfAnotherBook1"}"
13:18:13.273 [main] DEBUG org.apache.http.wire -  << "HTTP/1.1 404 [\r][\n]"
13:18:13.273 [main] DEBUG org.apache.http.wire -  << "Set-Cookie: JSESSIONID=F82BACECF5639A2E475144AD2C9C97F4; Path=/; HttpOnly[\r][\n]"
13:18:13.273 [main] DEBUG org.apache.http.wire -  << "X-Content-Type-Options: nosniff[\r][\n]"
13:18:13.273 [main] DEBUG org.apache.http.wire -  << "X-XSS-Protection: 1; mode=block[\r][\n]"
13:18:13.273 [main] DEBUG org.apache.http.wire -  << "Cache-Control: no-cache, no-store, max-age=0, must-revalidate[\r][\n]"
13:18:13.273 [main] DEBUG org.apache.http.wire -  << "Pragma: no-cache[\r][\n]"
13:18:13.273 [main] DEBUG org.apache.http.wire -  << "Expires: 0[\r][\n]"
13:18:13.273 [main] DEBUG org.apache.http.wire -  << "X-Frame-Options: DENY[\r][\n]"
13:18:13.273 [main] DEBUG org.apache.http.wire -  << "Content-Type: text/plain;charset=UTF-8[\r][\n]"
13:18:13.273 [main] DEBUG org.apache.http.wire -  << "Content-Length: 14[\r][\n]"
13:18:13.273 [main] DEBUG org.apache.http.wire -  << "Date: Thu, 02 Jan 2025 07:48:12 GMT[\r][\n]"
13:18:13.273 [main] DEBUG org.apache.http.wire -  << "Keep-Alive: timeout=60[\r][\n]"
13:18:13.273 [main] DEBUG org.apache.http.wire -  << "Connection: keep-alive[\r][\n]"
13:18:13.273 [main] DEBUG org.apache.http.wire -  << "[\r][\n]"
13:18:13.273 [main] DEBUG org.apache.http.impl.conn.DefaultClientConnection - Receiving response: HTTP/1.1 404 
13:18:13.273 [main] DEBUG org.apache.http.headers - << HTTP/1.1 404 
13:18:13.273 [main] DEBUG org.apache.http.headers - << Set-Cookie: JSESSIONID=F82BACECF5639A2E475144AD2C9C97F4; Path=/; HttpOnly
13:18:13.273 [main] DEBUG org.apache.http.headers - << X-Content-Type-Options: nosniff
13:18:13.273 [main] DEBUG org.apache.http.headers - << X-XSS-Protection: 1; mode=block
13:18:13.273 [main] DEBUG org.apache.http.headers - << Cache-Control: no-cache, no-store, max-age=0, must-revalidate
13:18:13.273 [main] DEBUG org.apache.http.headers - << Pragma: no-cache
13:18:13.273 [main] DEBUG org.apache.http.headers - << Expires: 0
13:18:13.273 [main] DEBUG org.apache.http.headers - << X-Frame-Options: DENY
13:18:13.273 [main] DEBUG org.apache.http.headers - << Content-Type: text/plain;charset=UTF-8
13:18:13.273 [main] DEBUG org.apache.http.headers - << Content-Length: 14
13:18:13.273 [main] DEBUG org.apache.http.headers - << Date: Thu, 02 Jan 2025 07:48:12 GMT
13:18:13.273 [main] DEBUG org.apache.http.headers - << Keep-Alive: timeout=60
13:18:13.273 [main] DEBUG org.apache.http.headers - << Connection: keep-alive
13:18:13.273 [main] DEBUG org.apache.http.impl.client.DefaultHttpClient - Connection can be kept alive for 60000 MILLISECONDS
13:18:13.273 [main] DEBUG org.apache.http.impl.client.DefaultHttpClient - Authentication succeeded
13:18:13.273 [main] DEBUG org.apache.http.impl.client.TargetAuthenticationStrategy - Caching 'basic' auth scheme for http://13.60.22.209:7081
13:18:13.273 [main] DEBUG io.restassured.internal.RestAssuredHttpBuilder - Parsing response as: text/plain;charset=UTF-8
13:18:13.273 [main] DEBUG io.restassured.internal.RestAssuredHttpBuilder - Parsed data to instance of: class org.apache.http.conn.EofSensorInputStream
]]></system-out>
  </testcase>
  <testcase name="testUpdateBookWithEmptyAuthor" classname="TestCases.PutBookAPITests" time="0.801">
    <failure message="Expected status code is 400 for empty author expected [400] but found [200]" type="java.lang.AssertionError"><![CDATA[java.lang.AssertionError: Expected status code is 400 for empty author expected [400] but found [200]
	at org.testng.Assert.fail(Assert.java:110)
	at org.testng.Assert.failNotEquals(Assert.java:1413)
	at org.testng.Assert.assertEqualsImpl(Assert.java:149)
	at org.testng.Assert.assertEquals(Assert.java:131)
	at org.testng.Assert.assertEquals(Assert.java:1240)
	at TestCases.PutBookAPITests.testUpdateBookWithEmptyAuthor(PutBookAPITests.java:113)
	at java.base/jdk.internal.reflect.NativeMethodAccessorImpl.invoke0(Native Method)
	at java.base/jdk.internal.reflect.NativeMethodAccessorImpl.invoke(NativeMethodAccessorImpl.java:77)
	at java.base/jdk.internal.reflect.DelegatingMethodAccessorImpl.invoke(DelegatingMethodAccessorImpl.java:43)
	at java.base/java.lang.reflect.Method.invoke(Method.java:569)
	at org.testng.internal.invokers.MethodInvocationHelper.invokeMethod(MethodInvocationHelper.java:139)
	at org.testng.internal.invokers.TestInvoker.invokeMethod(TestInvoker.java:677)
	at org.testng.internal.invokers.TestInvoker.invokeTestMethod(TestInvoker.java:221)
	at org.testng.internal.invokers.MethodRunner.runInSequence(MethodRunner.java:50)
	at org.testng.internal.invokers.TestInvoker$MethodInvocationAgent.invoke(TestInvoker.java:969)
	at org.testng.internal.invokers.TestInvoker.invokeTestMethods(TestInvoker.java:194)
	at org.testng.internal.invokers.TestMethodWorker.invokeTestMethods(TestMethodWorker.java:148)
	at org.testng.internal.invokers.TestMethodWorker.run(TestMethodWorker.java:128)
	at java.base/java.util.ArrayList.forEach(ArrayList.java:1511)
	at org.testng.TestRunner.privateRun(TestRunner.java:829)
	at org.testng.TestRunner.run(TestRunner.java:602)
	at org.testng.SuiteRunner.runTest(SuiteRunner.java:437)
	at org.testng.SuiteRunner.runSequentially(SuiteRunner.java:431)
	at org.testng.SuiteRunner.privateRun(SuiteRunner.java:391)
	at org.testng.SuiteRunner.run(SuiteRunner.java:330)
	at org.testng.SuiteRunnerWorker.runSuite(SuiteRunnerWorker.java:52)
	at org.testng.SuiteRunnerWorker.run(SuiteRunnerWorker.java:95)
	at org.testng.TestNG.runSuitesSequentially(TestNG.java:1256)
	at org.testng.TestNG.runSuitesLocally(TestNG.java:1176)
	at org.testng.TestNG.runSuites(TestNG.java:1099)
	at org.testng.TestNG.run(TestNG.java:1067)
	at org.apache.maven.surefire.testng.TestNGExecutor.run(TestNGExecutor.java:151)
	at org.apache.maven.surefire.testng.TestNGDirectoryTestSuite.executeMulti(TestNGDirectoryTestSuite.java:192)
	at org.apache.maven.surefire.testng.TestNGDirectoryTestSuite.execute(TestNGDirectoryTestSuite.java:93)
	at org.apache.maven.surefire.testng.TestNGProvider.invoke(TestNGProvider.java:155)
	at org.apache.maven.surefire.booter.ForkedBooter.runSuitesInProcess(ForkedBooter.java:456)
	at org.apache.maven.surefire.booter.ForkedBooter.execute(ForkedBooter.java:169)
	at org.apache.maven.surefire.booter.ForkedBooter.run(ForkedBooter.java:595)
	at org.apache.maven.surefire.booter.ForkedBooter.main(ForkedBooter.java:581)
]]></failure>
    <system-out><![CDATA[13:18:13.291 [main] DEBUG org.apache.http.impl.conn.BasicClientConnectionManager - Get connection for route {}->http://13.60.22.209:7081
13:18:13.292 [main] DEBUG org.apache.http.impl.conn.DefaultClientConnectionOperator - Connecting to 13.60.22.209:7081
13:18:13.517 [main] DEBUG org.apache.http.client.protocol.RequestAddCookies - CookieSpec selected: ignoreCookies
13:18:13.518 [main] DEBUG org.apache.http.client.protocol.RequestAuthCache - Auth cache not set in the context
13:18:13.518 [main] DEBUG org.apache.http.client.protocol.RequestTargetAuthentication - Target auth state: UNCHALLENGED
13:18:13.518 [main] DEBUG org.apache.http.client.protocol.RequestProxyAuthentication - Proxy auth state: UNCHALLENGED
13:18:13.518 [main] DEBUG org.apache.http.impl.client.DefaultHttpClient - Attempt 1 to execute request
13:18:13.518 [main] DEBUG org.apache.http.impl.conn.DefaultClientConnection - Sending request: PUT /api/books/2 HTTP/1.1
13:18:13.518 [main] DEBUG org.apache.http.wire -  >> "PUT /api/books/2 HTTP/1.1[\r][\n]"
13:18:13.518 [main] DEBUG org.apache.http.wire -  >> "Accept: */*[\r][\n]"
13:18:13.518 [main] DEBUG org.apache.http.wire -  >> "Content-Type: application/json[\r][\n]"
13:18:13.518 [main] DEBUG org.apache.http.wire -  >> "Content-Length: 43[\r][\n]"
13:18:13.518 [main] DEBUG org.apache.http.wire -  >> "Host: 13.60.22.209:7081[\r][\n]"
13:18:13.518 [main] DEBUG org.apache.http.wire -  >> "Connection: Keep-Alive[\r][\n]"
13:18:13.518 [main] DEBUG org.apache.http.wire -  >> "User-Agent: Apache-HttpClient/4.5.13 (Java/17.0.13)[\r][\n]"
13:18:13.518 [main] DEBUG org.apache.http.wire -  >> "Accept-Encoding: gzip,deflate[\r][\n]"
13:18:13.518 [main] DEBUG org.apache.http.wire -  >> "[\r][\n]"
13:18:13.518 [main] DEBUG org.apache.http.headers - >> PUT /api/books/2 HTTP/1.1
13:18:13.518 [main] DEBUG org.apache.http.headers - >> Accept: */*
13:18:13.518 [main] DEBUG org.apache.http.headers - >> Content-Type: application/json
13:18:13.518 [main] DEBUG org.apache.http.headers - >> Content-Length: 43
13:18:13.518 [main] DEBUG org.apache.http.headers - >> Host: 13.60.22.209:7081
13:18:13.518 [main] DEBUG org.apache.http.headers - >> Connection: Keep-Alive
13:18:13.518 [main] DEBUG org.apache.http.headers - >> User-Agent: Apache-HttpClient/4.5.13 (Java/17.0.13)
13:18:13.518 [main] DEBUG org.apache.http.headers - >> Accept-Encoding: gzip,deflate
13:18:13.518 [main] DEBUG org.apache.http.wire -  >> "{"author":"","id":2,"title":"Valid Title3"}"
13:18:13.729 [main] DEBUG org.apache.http.wire -  << "HTTP/1.1 401 [\r][\n]"
13:18:13.729 [main] DEBUG org.apache.http.wire -  << "Set-Cookie: JSESSIONID=A8660831B5148750880BD2A5C3CB4BE2; Path=/; HttpOnly[\r][\n]"
13:18:13.729 [main] DEBUG org.apache.http.wire -  << "WWW-Authenticate: Basic realm="Realm"[\r][\n]"
13:18:13.729 [main] DEBUG org.apache.http.wire -  << "X-Content-Type-Options: nosniff[\r][\n]"
13:18:13.729 [main] DEBUG org.apache.http.wire -  << "X-XSS-Protection: 1; mode=block[\r][\n]"
13:18:13.729 [main] DEBUG org.apache.http.wire -  << "Cache-Control: no-cache, no-store, max-age=0, must-revalidate[\r][\n]"
13:18:13.729 [main] DEBUG org.apache.http.wire -  << "Pragma: no-cache[\r][\n]"
13:18:13.729 [main] DEBUG org.apache.http.wire -  << "Expires: 0[\r][\n]"
13:18:13.729 [main] DEBUG org.apache.http.wire -  << "X-Frame-Options: DENY[\r][\n]"
13:18:13.729 [main] DEBUG org.apache.http.wire -  << "Content-Length: 0[\r][\n]"
13:18:13.729 [main] DEBUG org.apache.http.wire -  << "Date: Thu, 02 Jan 2025 07:48:13 GMT[\r][\n]"
13:18:13.729 [main] DEBUG org.apache.http.wire -  << "Keep-Alive: timeout=60[\r][\n]"
13:18:13.729 [main] DEBUG org.apache.http.wire -  << "Connection: keep-alive[\r][\n]"
13:18:13.729 [main] DEBUG org.apache.http.wire -  << "[\r][\n]"
13:18:13.729 [main] DEBUG org.apache.http.impl.conn.DefaultClientConnection - Receiving response: HTTP/1.1 401 
13:18:13.729 [main] DEBUG org.apache.http.headers - << HTTP/1.1 401 
13:18:13.729 [main] DEBUG org.apache.http.headers - << Set-Cookie: JSESSIONID=A8660831B5148750880BD2A5C3CB4BE2; Path=/; HttpOnly
13:18:13.729 [main] DEBUG org.apache.http.headers - << WWW-Authenticate: Basic realm="Realm"
13:18:13.729 [main] DEBUG org.apache.http.headers - << X-Content-Type-Options: nosniff
13:18:13.729 [main] DEBUG org.apache.http.headers - << X-XSS-Protection: 1; mode=block
13:18:13.729 [main] DEBUG org.apache.http.headers - << Cache-Control: no-cache, no-store, max-age=0, must-revalidate
13:18:13.729 [main] DEBUG org.apache.http.headers - << Pragma: no-cache
13:18:13.729 [main] DEBUG org.apache.http.headers - << Expires: 0
13:18:13.729 [main] DEBUG org.apache.http.headers - << X-Frame-Options: DENY
13:18:13.729 [main] DEBUG org.apache.http.headers - << Content-Length: 0
13:18:13.729 [main] DEBUG org.apache.http.headers - << Date: Thu, 02 Jan 2025 07:48:13 GMT
13:18:13.729 [main] DEBUG org.apache.http.headers - << Keep-Alive: timeout=60
13:18:13.729 [main] DEBUG org.apache.http.headers - << Connection: keep-alive
13:18:13.730 [main] DEBUG org.apache.http.impl.client.DefaultHttpClient - Connection can be kept alive for 60000 MILLISECONDS
13:18:13.730 [main] DEBUG org.apache.http.impl.client.DefaultHttpClient - Authentication required
13:18:13.730 [main] DEBUG org.apache.http.impl.client.DefaultHttpClient - 13.60.22.209:7081 requested authentication
13:18:13.730 [main] DEBUG org.apache.http.impl.client.TargetAuthenticationStrategy - Authentication schemes in the order of preference: [Negotiate, Kerberos, NTLM, CredSSP, Digest, Basic]
13:18:13.730 [main] DEBUG org.apache.http.impl.client.TargetAuthenticationStrategy - Challenge for Negotiate authentication scheme not available
13:18:13.730 [main] DEBUG org.apache.http.impl.client.TargetAuthenticationStrategy - Challenge for Kerberos authentication scheme not available
13:18:13.730 [main] DEBUG org.apache.http.impl.client.TargetAuthenticationStrategy - Challenge for NTLM authentication scheme not available
13:18:13.730 [main] DEBUG org.apache.http.impl.client.TargetAuthenticationStrategy - Challenge for CredSSP authentication scheme not available
13:18:13.730 [main] DEBUG org.apache.http.impl.client.TargetAuthenticationStrategy - Challenge for Digest authentication scheme not available
13:18:13.730 [main] DEBUG org.apache.http.impl.client.DefaultHttpClient - Selected authentication options: [BASIC [complete=true]]
13:18:13.730 [main] DEBUG org.apache.http.client.protocol.RequestAddCookies - CookieSpec selected: ignoreCookies
13:18:13.730 [main] DEBUG org.apache.http.client.protocol.RequestAuthCache - Auth cache not set in the context
13:18:13.730 [main] DEBUG org.apache.http.client.protocol.RequestTargetAuthentication - Target auth state: CHALLENGED
13:18:13.730 [main] DEBUG org.apache.http.client.protocol.RequestTargetAuthentication - Generating response to an authentication challenge using basic scheme
13:18:13.730 [main] DEBUG org.apache.http.client.protocol.RequestProxyAuthentication - Proxy auth state: UNCHALLENGED
13:18:13.730 [main] DEBUG org.apache.http.impl.client.DefaultHttpClient - Attempt 2 to execute request
13:18:13.730 [main] DEBUG org.apache.http.impl.conn.DefaultClientConnection - Sending request: PUT /api/books/2 HTTP/1.1
13:18:13.730 [main] DEBUG org.apache.http.wire -  >> "PUT /api/books/2 HTTP/1.1[\r][\n]"
13:18:13.730 [main] DEBUG org.apache.http.wire -  >> "Accept: */*[\r][\n]"
13:18:13.730 [main] DEBUG org.apache.http.wire -  >> "Content-Type: application/json[\r][\n]"
13:18:13.730 [main] DEBUG org.apache.http.wire -  >> "Content-Length: 43[\r][\n]"
13:18:13.730 [main] DEBUG org.apache.http.wire -  >> "Host: 13.60.22.209:7081[\r][\n]"
13:18:13.730 [main] DEBUG org.apache.http.wire -  >> "Connection: Keep-Alive[\r][\n]"
13:18:13.730 [main] DEBUG org.apache.http.wire -  >> "User-Agent: Apache-HttpClient/4.5.13 (Java/17.0.13)[\r][\n]"
13:18:13.730 [main] DEBUG org.apache.http.wire -  >> "Authorization: Basic YWRtaW46cGFzc3dvcmQ=[\r][\n]"
13:18:13.730 [main] DEBUG org.apache.http.wire -  >> "Accept-Encoding: gzip,deflate[\r][\n]"
13:18:13.730 [main] DEBUG org.apache.http.wire -  >> "[\r][\n]"
13:18:13.730 [main] DEBUG org.apache.http.headers - >> PUT /api/books/2 HTTP/1.1
13:18:13.730 [main] DEBUG org.apache.http.headers - >> Accept: */*
13:18:13.731 [main] DEBUG org.apache.http.headers - >> Content-Type: application/json
13:18:13.731 [main] DEBUG org.apache.http.headers - >> Content-Length: 43
13:18:13.731 [main] DEBUG org.apache.http.headers - >> Host: 13.60.22.209:7081
13:18:13.731 [main] DEBUG org.apache.http.headers - >> Connection: Keep-Alive
13:18:13.731 [main] DEBUG org.apache.http.headers - >> User-Agent: Apache-HttpClient/4.5.13 (Java/17.0.13)
13:18:13.731 [main] DEBUG org.apache.http.headers - >> Authorization: Basic YWRtaW46cGFzc3dvcmQ=
13:18:13.731 [main] DEBUG org.apache.http.headers - >> Accept-Encoding: gzip,deflate
13:18:13.731 [main] DEBUG org.apache.http.wire -  >> "{"author":"","id":2,"title":"Valid Title3"}"
13:18:14.071 [main] DEBUG org.apache.http.wire -  << "HTTP/1.1 200 [\r][\n]"
13:18:14.072 [main] DEBUG org.apache.http.wire -  << "Set-Cookie: JSESSIONID=BD2475D602594469865799656A81A9F0; Path=/; HttpOnly[\r][\n]"
13:18:14.072 [main] DEBUG org.apache.http.wire -  << "X-Content-Type-Options: nosniff[\r][\n]"
13:18:14.072 [main] DEBUG org.apache.http.wire -  << "X-XSS-Protection: 1; mode=block[\r][\n]"
13:18:14.072 [main] DEBUG org.apache.http.wire -  << "Cache-Control: no-cache, no-store, max-age=0, must-revalidate[\r][\n]"
13:18:14.072 [main] DEBUG org.apache.http.wire -  << "Pragma: no-cache[\r][\n]"
13:18:14.072 [main] DEBUG org.apache.http.wire -  << "Expires: 0[\r][\n]"
13:18:14.072 [main] DEBUG org.apache.http.wire -  << "X-Frame-Options: DENY[\r][\n]"
13:18:14.072 [main] DEBUG org.apache.http.wire -  << "Content-Type: application/json[\r][\n]"
13:18:14.072 [main] DEBUG org.apache.http.wire -  << "Transfer-Encoding: chunked[\r][\n]"
13:18:14.072 [main] DEBUG org.apache.http.wire -  << "Date: Thu, 02 Jan 2025 07:48:13 GMT[\r][\n]"
13:18:14.072 [main] DEBUG org.apache.http.wire -  << "Keep-Alive: timeout=60[\r][\n]"
13:18:14.072 [main] DEBUG org.apache.http.wire -  << "Connection: keep-alive[\r][\n]"
13:18:14.072 [main] DEBUG org.apache.http.wire -  << "[\r][\n]"
13:18:14.072 [main] DEBUG org.apache.http.impl.conn.DefaultClientConnection - Receiving response: HTTP/1.1 200 
13:18:14.072 [main] DEBUG org.apache.http.headers - << HTTP/1.1 200 
13:18:14.072 [main] DEBUG org.apache.http.headers - << Set-Cookie: JSESSIONID=BD2475D602594469865799656A81A9F0; Path=/; HttpOnly
13:18:14.072 [main] DEBUG org.apache.http.headers - << X-Content-Type-Options: nosniff
13:18:14.072 [main] DEBUG org.apache.http.headers - << X-XSS-Protection: 1; mode=block
13:18:14.072 [main] DEBUG org.apache.http.headers - << Cache-Control: no-cache, no-store, max-age=0, must-revalidate
13:18:14.072 [main] DEBUG org.apache.http.headers - << Pragma: no-cache
13:18:14.072 [main] DEBUG org.apache.http.headers - << Expires: 0
13:18:14.072 [main] DEBUG org.apache.http.headers - << X-Frame-Options: DENY
13:18:14.072 [main] DEBUG org.apache.http.headers - << Content-Type: application/json
13:18:14.072 [main] DEBUG org.apache.http.headers - << Transfer-Encoding: chunked
13:18:14.072 [main] DEBUG org.apache.http.headers - << Date: Thu, 02 Jan 2025 07:48:13 GMT
13:18:14.072 [main] DEBUG org.apache.http.headers - << Keep-Alive: timeout=60
13:18:14.072 [main] DEBUG org.apache.http.headers - << Connection: keep-alive
13:18:14.073 [main] DEBUG org.apache.http.impl.client.DefaultHttpClient - Connection can be kept alive for 60000 MILLISECONDS
13:18:14.073 [main] DEBUG org.apache.http.impl.client.DefaultHttpClient - Authentication succeeded
13:18:14.073 [main] DEBUG org.apache.http.impl.client.TargetAuthenticationStrategy - Caching 'basic' auth scheme for http://13.60.22.209:7081
13:18:14.073 [main] DEBUG io.restassured.internal.RestAssuredHttpBuilder - Parsing response as: application/json
13:18:14.073 [main] DEBUG io.restassured.internal.RestAssuredHttpBuilder - Parsed data to instance of: class org.apache.http.conn.EofSensorInputStream
]]></system-out>
  </testcase>
  <testcase name="testUpdateBookWithInvalidIdAsAdmin" classname="TestCases.PutBookAPITests" time="0.826">
    <system-out><![CDATA[13:18:14.086 [main] DEBUG org.apache.http.impl.conn.BasicClientConnectionManager - Get connection for route {}->http://13.60.22.209:7081
13:18:14.086 [main] DEBUG org.apache.http.impl.conn.DefaultClientConnectionOperator - Connecting to 13.60.22.209:7081
13:18:14.288 [main] DEBUG org.apache.http.client.protocol.RequestAddCookies - CookieSpec selected: ignoreCookies
13:18:14.289 [main] DEBUG org.apache.http.client.protocol.RequestAuthCache - Auth cache not set in the context
13:18:14.289 [main] DEBUG org.apache.http.client.protocol.RequestTargetAuthentication - Target auth state: UNCHALLENGED
13:18:14.289 [main] DEBUG org.apache.http.client.protocol.RequestProxyAuthentication - Proxy auth state: UNCHALLENGED
13:18:14.289 [main] DEBUG org.apache.http.impl.client.DefaultHttpClient - Attempt 1 to execute request
13:18:14.289 [main] DEBUG org.apache.http.impl.conn.DefaultClientConnection - Sending request: PUT /api/books/999 HTTP/1.1
13:18:14.289 [main] DEBUG org.apache.http.wire -  >> "PUT /api/books/999 HTTP/1.1[\r][\n]"
13:18:14.289 [main] DEBUG org.apache.http.wire -  >> "Accept: */*[\r][\n]"
13:18:14.289 [main] DEBUG org.apache.http.wire -  >> "Content-Type: application/json[\r][\n]"
13:18:14.289 [main] DEBUG org.apache.http.wire -  >> "Content-Length: 75[\r][\n]"
13:18:14.289 [main] DEBUG org.apache.http.wire -  >> "Host: 13.60.22.209:7081[\r][\n]"
13:18:14.289 [main] DEBUG org.apache.http.wire -  >> "Connection: Keep-Alive[\r][\n]"
13:18:14.289 [main] DEBUG org.apache.http.wire -  >> "User-Agent: Apache-HttpClient/4.5.13 (Java/17.0.13)[\r][\n]"
13:18:14.289 [main] DEBUG org.apache.http.wire -  >> "Accept-Encoding: gzip,deflate[\r][\n]"
13:18:14.289 [main] DEBUG org.apache.http.wire -  >> "[\r][\n]"
13:18:14.289 [main] DEBUG org.apache.http.headers - >> PUT /api/books/999 HTTP/1.1
13:18:14.289 [main] DEBUG org.apache.http.headers - >> Accept: */*
13:18:14.289 [main] DEBUG org.apache.http.headers - >> Content-Type: application/json
13:18:14.289 [main] DEBUG org.apache.http.headers - >> Content-Length: 75
13:18:14.289 [main] DEBUG org.apache.http.headers - >> Host: 13.60.22.209:7081
13:18:14.289 [main] DEBUG org.apache.http.headers - >> Connection: Keep-Alive
13:18:14.289 [main] DEBUG org.apache.http.headers - >> User-Agent: Apache-HttpClient/4.5.13 (Java/17.0.13)
13:18:14.289 [main] DEBUG org.apache.http.headers - >> Accept-Encoding: gzip,deflate
13:18:14.289 [main] DEBUG org.apache.http.wire -  >> "{"author":"Non-existent Author","id":999,"title":"Non-existent Book Title"}"
13:18:14.541 [main] DEBUG org.apache.http.wire -  << "HTTP/1.1 401 [\r][\n]"
13:18:14.541 [main] DEBUG org.apache.http.wire -  << "Set-Cookie: JSESSIONID=2AC1380854BE23E08A5F6BED03A087B5; Path=/; HttpOnly[\r][\n]"
13:18:14.541 [main] DEBUG org.apache.http.wire -  << "WWW-Authenticate: Basic realm="Realm"[\r][\n]"
13:18:14.541 [main] DEBUG org.apache.http.wire -  << "X-Content-Type-Options: nosniff[\r][\n]"
13:18:14.541 [main] DEBUG org.apache.http.wire -  << "X-XSS-Protection: 1; mode=block[\r][\n]"
13:18:14.541 [main] DEBUG org.apache.http.wire -  << "Cache-Control: no-cache, no-store, max-age=0, must-revalidate[\r][\n]"
13:18:14.541 [main] DEBUG org.apache.http.wire -  << "Pragma: no-cache[\r][\n]"
13:18:14.541 [main] DEBUG org.apache.http.wire -  << "Expires: 0[\r][\n]"
13:18:14.541 [main] DEBUG org.apache.http.wire -  << "X-Frame-Options: DENY[\r][\n]"
13:18:14.541 [main] DEBUG org.apache.http.wire -  << "Content-Length: 0[\r][\n]"
13:18:14.542 [main] DEBUG org.apache.http.wire -  << "Date: Thu, 02 Jan 2025 07:48:13 GMT[\r][\n]"
13:18:14.542 [main] DEBUG org.apache.http.wire -  << "Keep-Alive: timeout=60[\r][\n]"
13:18:14.542 [main] DEBUG org.apache.http.wire -  << "Connection: keep-alive[\r][\n]"
13:18:14.542 [main] DEBUG org.apache.http.wire -  << "[\r][\n]"
13:18:14.542 [main] DEBUG org.apache.http.impl.conn.DefaultClientConnection - Receiving response: HTTP/1.1 401 
13:18:14.542 [main] DEBUG org.apache.http.headers - << HTTP/1.1 401 
13:18:14.542 [main] DEBUG org.apache.http.headers - << Set-Cookie: JSESSIONID=2AC1380854BE23E08A5F6BED03A087B5; Path=/; HttpOnly
13:18:14.542 [main] DEBUG org.apache.http.headers - << WWW-Authenticate: Basic realm="Realm"
13:18:14.542 [main] DEBUG org.apache.http.headers - << X-Content-Type-Options: nosniff
13:18:14.542 [main] DEBUG org.apache.http.headers - << X-XSS-Protection: 1; mode=block
13:18:14.542 [main] DEBUG org.apache.http.headers - << Cache-Control: no-cache, no-store, max-age=0, must-revalidate
13:18:14.542 [main] DEBUG org.apache.http.headers - << Pragma: no-cache
13:18:14.542 [main] DEBUG org.apache.http.headers - << Expires: 0
13:18:14.542 [main] DEBUG org.apache.http.headers - << X-Frame-Options: DENY
13:18:14.542 [main] DEBUG org.apache.http.headers - << Content-Length: 0
13:18:14.542 [main] DEBUG org.apache.http.headers - << Date: Thu, 02 Jan 2025 07:48:13 GMT
13:18:14.542 [main] DEBUG org.apache.http.headers - << Keep-Alive: timeout=60
13:18:14.542 [main] DEBUG org.apache.http.headers - << Connection: keep-alive
13:18:14.542 [main] DEBUG org.apache.http.impl.client.DefaultHttpClient - Connection can be kept alive for 60000 MILLISECONDS
13:18:14.542 [main] DEBUG org.apache.http.impl.client.DefaultHttpClient - Authentication required
13:18:14.542 [main] DEBUG org.apache.http.impl.client.DefaultHttpClient - 13.60.22.209:7081 requested authentication
13:18:14.542 [main] DEBUG org.apache.http.impl.client.TargetAuthenticationStrategy - Authentication schemes in the order of preference: [Negotiate, Kerberos, NTLM, CredSSP, Digest, Basic]
13:18:14.542 [main] DEBUG org.apache.http.impl.client.TargetAuthenticationStrategy - Challenge for Negotiate authentication scheme not available
13:18:14.542 [main] DEBUG org.apache.http.impl.client.TargetAuthenticationStrategy - Challenge for Kerberos authentication scheme not available
13:18:14.542 [main] DEBUG org.apache.http.impl.client.TargetAuthenticationStrategy - Challenge for NTLM authentication scheme not available
13:18:14.542 [main] DEBUG org.apache.http.impl.client.TargetAuthenticationStrategy - Challenge for CredSSP authentication scheme not available
13:18:14.542 [main] DEBUG org.apache.http.impl.client.TargetAuthenticationStrategy - Challenge for Digest authentication scheme not available
13:18:14.542 [main] DEBUG org.apache.http.impl.client.DefaultHttpClient - Selected authentication options: [BASIC [complete=true]]
13:18:14.542 [main] DEBUG org.apache.http.client.protocol.RequestAddCookies - CookieSpec selected: ignoreCookies
13:18:14.542 [main] DEBUG org.apache.http.client.protocol.RequestAuthCache - Auth cache not set in the context
13:18:14.542 [main] DEBUG org.apache.http.client.protocol.RequestTargetAuthentication - Target auth state: CHALLENGED
13:18:14.542 [main] DEBUG org.apache.http.client.protocol.RequestTargetAuthentication - Generating response to an authentication challenge using basic scheme
13:18:14.542 [main] DEBUG org.apache.http.client.protocol.RequestProxyAuthentication - Proxy auth state: UNCHALLENGED
13:18:14.542 [main] DEBUG org.apache.http.impl.client.DefaultHttpClient - Attempt 2 to execute request
13:18:14.542 [main] DEBUG org.apache.http.impl.conn.DefaultClientConnection - Sending request: PUT /api/books/999 HTTP/1.1
13:18:14.542 [main] DEBUG org.apache.http.wire -  >> "PUT /api/books/999 HTTP/1.1[\r][\n]"
13:18:14.542 [main] DEBUG org.apache.http.wire -  >> "Accept: */*[\r][\n]"
13:18:14.542 [main] DEBUG org.apache.http.wire -  >> "Content-Type: application/json[\r][\n]"
13:18:14.542 [main] DEBUG org.apache.http.wire -  >> "Content-Length: 75[\r][\n]"
13:18:14.542 [main] DEBUG org.apache.http.wire -  >> "Host: 13.60.22.209:7081[\r][\n]"
13:18:14.542 [main] DEBUG org.apache.http.wire -  >> "Connection: Keep-Alive[\r][\n]"
13:18:14.542 [main] DEBUG org.apache.http.wire -  >> "User-Agent: Apache-HttpClient/4.5.13 (Java/17.0.13)[\r][\n]"
13:18:14.542 [main] DEBUG org.apache.http.wire -  >> "Authorization: Basic YWRtaW46cGFzc3dvcmQ=[\r][\n]"
13:18:14.542 [main] DEBUG org.apache.http.wire -  >> "Accept-Encoding: gzip,deflate[\r][\n]"
13:18:14.542 [main] DEBUG org.apache.http.wire -  >> "[\r][\n]"
13:18:14.542 [main] DEBUG org.apache.http.headers - >> PUT /api/books/999 HTTP/1.1
13:18:14.542 [main] DEBUG org.apache.http.headers - >> Accept: */*
13:18:14.542 [main] DEBUG org.apache.http.headers - >> Content-Type: application/json
13:18:14.542 [main] DEBUG org.apache.http.headers - >> Content-Length: 75
13:18:14.542 [main] DEBUG org.apache.http.headers - >> Host: 13.60.22.209:7081
13:18:14.542 [main] DEBUG org.apache.http.headers - >> Connection: Keep-Alive
13:18:14.542 [main] DEBUG org.apache.http.headers - >> User-Agent: Apache-HttpClient/4.5.13 (Java/17.0.13)
13:18:14.542 [main] DEBUG org.apache.http.headers - >> Authorization: Basic YWRtaW46cGFzc3dvcmQ=
13:18:14.542 [main] DEBUG org.apache.http.headers - >> Accept-Encoding: gzip,deflate
13:18:14.542 [main] DEBUG org.apache.http.wire -  >> "{"author":"Non-existent Author","id":999,"title":"Non-existent Book Title"}"
13:18:14.899 [main] DEBUG org.apache.http.wire -  << "HTTP/1.1 404 [\r][\n]"
13:18:14.899 [main] DEBUG org.apache.http.wire -  << "Set-Cookie: JSESSIONID=92FF5D8BDAF6C7E525A4C12949C4DCE5; Path=/; HttpOnly[\r][\n]"
13:18:14.899 [main] DEBUG org.apache.http.wire -  << "X-Content-Type-Options: nosniff[\r][\n]"
13:18:14.899 [main] DEBUG org.apache.http.wire -  << "X-XSS-Protection: 1; mode=block[\r][\n]"
13:18:14.899 [main] DEBUG org.apache.http.wire -  << "Cache-Control: no-cache, no-store, max-age=0, must-revalidate[\r][\n]"
13:18:14.899 [main] DEBUG org.apache.http.wire -  << "Pragma: no-cache[\r][\n]"
13:18:14.899 [main] DEBUG org.apache.http.wire -  << "Expires: 0[\r][\n]"
13:18:14.899 [main] DEBUG org.apache.http.wire -  << "X-Frame-Options: DENY[\r][\n]"
13:18:14.899 [main] DEBUG org.apache.http.wire -  << "Content-Type: text/plain;charset=UTF-8[\r][\n]"
13:18:14.899 [main] DEBUG org.apache.http.wire -  << "Content-Length: 14[\r][\n]"
13:18:14.899 [main] DEBUG org.apache.http.wire -  << "Date: Thu, 02 Jan 2025 07:48:14 GMT[\r][\n]"
13:18:14.899 [main] DEBUG org.apache.http.wire -  << "Keep-Alive: timeout=60[\r][\n]"
13:18:14.899 [main] DEBUG org.apache.http.wire -  << "Connection: keep-alive[\r][\n]"
13:18:14.899 [main] DEBUG org.apache.http.wire -  << "[\r][\n]"
13:18:14.899 [main] DEBUG org.apache.http.impl.conn.DefaultClientConnection - Receiving response: HTTP/1.1 404 
13:18:14.899 [main] DEBUG org.apache.http.headers - << HTTP/1.1 404 
13:18:14.899 [main] DEBUG org.apache.http.headers - << Set-Cookie: JSESSIONID=92FF5D8BDAF6C7E525A4C12949C4DCE5; Path=/; HttpOnly
13:18:14.899 [main] DEBUG org.apache.http.headers - << X-Content-Type-Options: nosniff
13:18:14.899 [main] DEBUG org.apache.http.headers - << X-XSS-Protection: 1; mode=block
13:18:14.899 [main] DEBUG org.apache.http.headers - << Cache-Control: no-cache, no-store, max-age=0, must-revalidate
13:18:14.899 [main] DEBUG org.apache.http.headers - << Pragma: no-cache
13:18:14.899 [main] DEBUG org.apache.http.headers - << Expires: 0
13:18:14.899 [main] DEBUG org.apache.http.headers - << X-Frame-Options: DENY
13:18:14.899 [main] DEBUG org.apache.http.headers - << Content-Type: text/plain;charset=UTF-8
13:18:14.899 [main] DEBUG org.apache.http.headers - << Content-Length: 14
13:18:14.899 [main] DEBUG org.apache.http.headers - << Date: Thu, 02 Jan 2025 07:48:14 GMT
13:18:14.899 [main] DEBUG org.apache.http.headers - << Keep-Alive: timeout=60
13:18:14.899 [main] DEBUG org.apache.http.headers - << Connection: keep-alive
13:18:14.899 [main] DEBUG org.apache.http.impl.client.DefaultHttpClient - Connection can be kept alive for 60000 MILLISECONDS
13:18:14.899 [main] DEBUG org.apache.http.impl.client.DefaultHttpClient - Authentication succeeded
13:18:14.899 [main] DEBUG org.apache.http.impl.client.TargetAuthenticationStrategy - Caching 'basic' auth scheme for http://13.60.22.209:7081
13:18:14.900 [main] DEBUG io.restassured.internal.RestAssuredHttpBuilder - Parsing response as: text/plain;charset=UTF-8
13:18:14.900 [main] DEBUG io.restassured.internal.RestAssuredHttpBuilder - Parsed data to instance of: class org.apache.http.conn.EofSensorInputStream
13:18:14.901 [main] DEBUG org.apache.http.wire -  << "Book not found"
13:18:14.901 [main] DEBUG org.apache.http.impl.conn.BasicClientConnectionManager - Releasing connection org.apache.http.impl.conn.ManagedClientConnectionImpl@3c8a7e38
13:18:14.901 [main] DEBUG org.apache.http.impl.conn.BasicClientConnectionManager - Connection can be kept alive for 60000 MILLISECONDS
]]></system-out>
  </testcase>
  <testcase name="testUpdateBookWithMissingOrInvalidTitleAsAdmin" classname="TestCases.PutBookAPITests" time="0.956">
    <failure message="Expected status code is 400 for missing/empty title expected [400] but found [200]" type="java.lang.AssertionError"><![CDATA[java.lang.AssertionError: Expected status code is 400 for missing/empty title expected [400] but found [200]
	at org.testng.Assert.fail(Assert.java:110)
	at org.testng.Assert.failNotEquals(Assert.java:1413)
	at org.testng.Assert.assertEqualsImpl(Assert.java:149)
	at org.testng.Assert.assertEquals(Assert.java:131)
	at org.testng.Assert.assertEquals(Assert.java:1240)
	at TestCases.PutBookAPITests.testUpdateBookWithMissingOrInvalidTitleAsAdmin(PutBookAPITests.java:181)
	at java.base/jdk.internal.reflect.NativeMethodAccessorImpl.invoke0(Native Method)
	at java.base/jdk.internal.reflect.NativeMethodAccessorImpl.invoke(NativeMethodAccessorImpl.java:77)
	at java.base/jdk.internal.reflect.DelegatingMethodAccessorImpl.invoke(DelegatingMethodAccessorImpl.java:43)
	at java.base/java.lang.reflect.Method.invoke(Method.java:569)
	at org.testng.internal.invokers.MethodInvocationHelper.invokeMethod(MethodInvocationHelper.java:139)
	at org.testng.internal.invokers.TestInvoker.invokeMethod(TestInvoker.java:677)
	at org.testng.internal.invokers.TestInvoker.invokeTestMethod(TestInvoker.java:221)
	at org.testng.internal.invokers.MethodRunner.runInSequence(MethodRunner.java:50)
	at org.testng.internal.invokers.TestInvoker$MethodInvocationAgent.invoke(TestInvoker.java:969)
	at org.testng.internal.invokers.TestInvoker.invokeTestMethods(TestInvoker.java:194)
	at org.testng.internal.invokers.TestMethodWorker.invokeTestMethods(TestMethodWorker.java:148)
	at org.testng.internal.invokers.TestMethodWorker.run(TestMethodWorker.java:128)
	at java.base/java.util.ArrayList.forEach(ArrayList.java:1511)
	at org.testng.TestRunner.privateRun(TestRunner.java:829)
	at org.testng.TestRunner.run(TestRunner.java:602)
	at org.testng.SuiteRunner.runTest(SuiteRunner.java:437)
	at org.testng.SuiteRunner.runSequentially(SuiteRunner.java:431)
	at org.testng.SuiteRunner.privateRun(SuiteRunner.java:391)
	at org.testng.SuiteRunner.run(SuiteRunner.java:330)
	at org.testng.SuiteRunnerWorker.runSuite(SuiteRunnerWorker.java:52)
	at org.testng.SuiteRunnerWorker.run(SuiteRunnerWorker.java:95)
	at org.testng.TestNG.runSuitesSequentially(TestNG.java:1256)
	at org.testng.TestNG.runSuitesLocally(TestNG.java:1176)
	at org.testng.TestNG.runSuites(TestNG.java:1099)
	at org.testng.TestNG.run(TestNG.java:1067)
	at org.apache.maven.surefire.testng.TestNGExecutor.run(TestNGExecutor.java:151)
	at org.apache.maven.surefire.testng.TestNGDirectoryTestSuite.executeMulti(TestNGDirectoryTestSuite.java:192)
	at org.apache.maven.surefire.testng.TestNGDirectoryTestSuite.execute(TestNGDirectoryTestSuite.java:93)
	at org.apache.maven.surefire.testng.TestNGProvider.invoke(TestNGProvider.java:155)
	at org.apache.maven.surefire.booter.ForkedBooter.runSuitesInProcess(ForkedBooter.java:456)
	at org.apache.maven.surefire.booter.ForkedBooter.execute(ForkedBooter.java:169)
	at org.apache.maven.surefire.booter.ForkedBooter.run(ForkedBooter.java:595)
	at org.apache.maven.surefire.booter.ForkedBooter.main(ForkedBooter.java:581)
]]></failure>
    <system-out><![CDATA[13:18:14.910 [main] DEBUG org.apache.http.impl.conn.BasicClientConnectionManager - Get connection for route {}->http://13.60.22.209:7081
13:18:14.910 [main] DEBUG org.apache.http.impl.conn.DefaultClientConnectionOperator - Connecting to 13.60.22.209:7081
13:18:15.155 [main] DEBUG org.apache.http.client.protocol.RequestAddCookies - CookieSpec selected: ignoreCookies
13:18:15.155 [main] DEBUG org.apache.http.client.protocol.RequestAuthCache - Auth cache not set in the context
13:18:15.155 [main] DEBUG org.apache.http.client.protocol.RequestTargetAuthentication - Target auth state: UNCHALLENGED
13:18:15.155 [main] DEBUG org.apache.http.client.protocol.RequestProxyAuthentication - Proxy auth state: UNCHALLENGED
13:18:15.155 [main] DEBUG org.apache.http.impl.client.DefaultHttpClient - Attempt 1 to execute request
13:18:15.155 [main] DEBUG org.apache.http.impl.conn.DefaultClientConnection - Sending request: PUT /api/books/2 HTTP/1.1
13:18:15.155 [main] DEBUG org.apache.http.wire -  >> "PUT /api/books/2 HTTP/1.1[\r][\n]"
13:18:15.155 [main] DEBUG org.apache.http.wire -  >> "Accept: */*[\r][\n]"
13:18:15.155 [main] DEBUG org.apache.http.wire -  >> "Content-Type: application/json[\r][\n]"
13:18:15.155 [main] DEBUG org.apache.http.wire -  >> "Content-Length: 34[\r][\n]"
13:18:15.155 [main] DEBUG org.apache.http.wire -  >> "Host: 13.60.22.209:7081[\r][\n]"
13:18:15.155 [main] DEBUG org.apache.http.wire -  >> "Connection: Keep-Alive[\r][\n]"
13:18:15.156 [main] DEBUG org.apache.http.wire -  >> "User-Agent: Apache-HttpClient/4.5.13 (Java/17.0.13)[\r][\n]"
13:18:15.156 [main] DEBUG org.apache.http.wire -  >> "Accept-Encoding: gzip,deflate[\r][\n]"
13:18:15.156 [main] DEBUG org.apache.http.wire -  >> "[\r][\n]"
13:18:15.156 [main] DEBUG org.apache.http.headers - >> PUT /api/books/2 HTTP/1.1
13:18:15.156 [main] DEBUG org.apache.http.headers - >> Accept: */*
13:18:15.156 [main] DEBUG org.apache.http.headers - >> Content-Type: application/json
13:18:15.156 [main] DEBUG org.apache.http.headers - >> Content-Length: 34
13:18:15.156 [main] DEBUG org.apache.http.headers - >> Host: 13.60.22.209:7081
13:18:15.156 [main] DEBUG org.apache.http.headers - >> Connection: Keep-Alive
13:18:15.156 [main] DEBUG org.apache.http.headers - >> User-Agent: Apache-HttpClient/4.5.13 (Java/17.0.13)
13:18:15.156 [main] DEBUG org.apache.http.headers - >> Accept-Encoding: gzip,deflate
13:18:15.156 [main] DEBUG org.apache.http.wire -  >> "{"author":"Hri","id":2,"title":""}"
13:18:15.540 [main] DEBUG org.apache.http.wire -  << "HTTP/1.1 401 [\r][\n]"
13:18:15.541 [main] DEBUG org.apache.http.wire -  << "Set-Cookie: JSESSIONID=356A508D1B1C760AE2FEFD5F94C77F4E; Path=/; HttpOnly[\r][\n]"
13:18:15.541 [main] DEBUG org.apache.http.wire -  << "WWW-Authenticate: Basic realm="Realm"[\r][\n]"
13:18:15.541 [main] DEBUG org.apache.http.wire -  << "X-Content-Type-Options: nosniff[\r][\n]"
13:18:15.541 [main] DEBUG org.apache.http.wire -  << "X-XSS-Protection: 1; mode=block[\r][\n]"
13:18:15.541 [main] DEBUG org.apache.http.wire -  << "Cache-Control: no-cache, no-store, max-age=0, must-revalidate[\r][\n]"
13:18:15.541 [main] DEBUG org.apache.http.wire -  << "Pragma: no-cache[\r][\n]"
13:18:15.541 [main] DEBUG org.apache.http.wire -  << "Expires: 0[\r][\n]"
13:18:15.541 [main] DEBUG org.apache.http.wire -  << "X-Frame-Options: DENY[\r][\n]"
13:18:15.541 [main] DEBUG org.apache.http.wire -  << "Content-Length: 0[\r][\n]"
13:18:15.541 [main] DEBUG org.apache.http.wire -  << "Date: Thu, 02 Jan 2025 07:48:14 GMT[\r][\n]"
13:18:15.541 [main] DEBUG org.apache.http.wire -  << "Keep-Alive: timeout=60[\r][\n]"
13:18:15.541 [main] DEBUG org.apache.http.wire -  << "Connection: keep-alive[\r][\n]"
13:18:15.541 [main] DEBUG org.apache.http.wire -  << "[\r][\n]"
13:18:15.541 [main] DEBUG org.apache.http.impl.conn.DefaultClientConnection - Receiving response: HTTP/1.1 401 
13:18:15.541 [main] DEBUG org.apache.http.headers - << HTTP/1.1 401 
13:18:15.541 [main] DEBUG org.apache.http.headers - << Set-Cookie: JSESSIONID=356A508D1B1C760AE2FEFD5F94C77F4E; Path=/; HttpOnly
13:18:15.541 [main] DEBUG org.apache.http.headers - << WWW-Authenticate: Basic realm="Realm"
13:18:15.541 [main] DEBUG org.apache.http.headers - << X-Content-Type-Options: nosniff
13:18:15.541 [main] DEBUG org.apache.http.headers - << X-XSS-Protection: 1; mode=block
13:18:15.541 [main] DEBUG org.apache.http.headers - << Cache-Control: no-cache, no-store, max-age=0, must-revalidate
13:18:15.541 [main] DEBUG org.apache.http.headers - << Pragma: no-cache
13:18:15.542 [main] DEBUG org.apache.http.headers - << Expires: 0
13:18:15.542 [main] DEBUG org.apache.http.headers - << X-Frame-Options: DENY
13:18:15.542 [main] DEBUG org.apache.http.headers - << Content-Length: 0
13:18:15.542 [main] DEBUG org.apache.http.headers - << Date: Thu, 02 Jan 2025 07:48:14 GMT
13:18:15.542 [main] DEBUG org.apache.http.headers - << Keep-Alive: timeout=60
13:18:15.542 [main] DEBUG org.apache.http.headers - << Connection: keep-alive
13:18:15.542 [main] DEBUG org.apache.http.impl.client.DefaultHttpClient - Connection can be kept alive for 60000 MILLISECONDS
13:18:15.542 [main] DEBUG org.apache.http.impl.client.DefaultHttpClient - Authentication required
13:18:15.542 [main] DEBUG org.apache.http.impl.client.DefaultHttpClient - 13.60.22.209:7081 requested authentication
13:18:15.542 [main] DEBUG org.apache.http.impl.client.TargetAuthenticationStrategy - Authentication schemes in the order of preference: [Negotiate, Kerberos, NTLM, CredSSP, Digest, Basic]
13:18:15.542 [main] DEBUG org.apache.http.impl.client.TargetAuthenticationStrategy - Challenge for Negotiate authentication scheme not available
13:18:15.542 [main] DEBUG org.apache.http.impl.client.TargetAuthenticationStrategy - Challenge for Kerberos authentication scheme not available
13:18:15.542 [main] DEBUG org.apache.http.impl.client.TargetAuthenticationStrategy - Challenge for NTLM authentication scheme not available
13:18:15.542 [main] DEBUG org.apache.http.impl.client.TargetAuthenticationStrategy - Challenge for CredSSP authentication scheme not available
13:18:15.542 [main] DEBUG org.apache.http.impl.client.TargetAuthenticationStrategy - Challenge for Digest authentication scheme not available
13:18:15.543 [main] DEBUG org.apache.http.impl.client.DefaultHttpClient - Selected authentication options: [BASIC [complete=true]]
13:18:15.543 [main] DEBUG org.apache.http.client.protocol.RequestAddCookies - CookieSpec selected: ignoreCookies
13:18:15.544 [main] DEBUG org.apache.http.client.protocol.RequestAuthCache - Auth cache not set in the context
13:18:15.544 [main] DEBUG org.apache.http.client.protocol.RequestTargetAuthentication - Target auth state: CHALLENGED
13:18:15.544 [main] DEBUG org.apache.http.client.protocol.RequestTargetAuthentication - Generating response to an authentication challenge using basic scheme
13:18:15.544 [main] DEBUG org.apache.http.client.protocol.RequestProxyAuthentication - Proxy auth state: UNCHALLENGED
13:18:15.544 [main] DEBUG org.apache.http.impl.client.DefaultHttpClient - Attempt 2 to execute request
13:18:15.544 [main] DEBUG org.apache.http.impl.conn.DefaultClientConnection - Sending request: PUT /api/books/2 HTTP/1.1
13:18:15.544 [main] DEBUG org.apache.http.wire -  >> "PUT /api/books/2 HTTP/1.1[\r][\n]"
13:18:15.544 [main] DEBUG org.apache.http.wire -  >> "Accept: */*[\r][\n]"
13:18:15.544 [main] DEBUG org.apache.http.wire -  >> "Content-Type: application/json[\r][\n]"
13:18:15.544 [main] DEBUG org.apache.http.wire -  >> "Content-Length: 34[\r][\n]"
13:18:15.544 [main] DEBUG org.apache.http.wire -  >> "Host: 13.60.22.209:7081[\r][\n]"
13:18:15.544 [main] DEBUG org.apache.http.wire -  >> "Connection: Keep-Alive[\r][\n]"
13:18:15.544 [main] DEBUG org.apache.http.wire -  >> "User-Agent: Apache-HttpClient/4.5.13 (Java/17.0.13)[\r][\n]"
13:18:15.544 [main] DEBUG org.apache.http.wire -  >> "Authorization: Basic YWRtaW46cGFzc3dvcmQ=[\r][\n]"
13:18:15.544 [main] DEBUG org.apache.http.wire -  >> "Accept-Encoding: gzip,deflate[\r][\n]"
13:18:15.544 [main] DEBUG org.apache.http.wire -  >> "[\r][\n]"
13:18:15.544 [main] DEBUG org.apache.http.headers - >> PUT /api/books/2 HTTP/1.1
13:18:15.544 [main] DEBUG org.apache.http.headers - >> Accept: */*
13:18:15.544 [main] DEBUG org.apache.http.headers - >> Content-Type: application/json
13:18:15.544 [main] DEBUG org.apache.http.headers - >> Content-Length: 34
13:18:15.544 [main] DEBUG org.apache.http.headers - >> Host: 13.60.22.209:7081
13:18:15.544 [main] DEBUG org.apache.http.headers - >> Connection: Keep-Alive
13:18:15.544 [main] DEBUG org.apache.http.headers - >> User-Agent: Apache-HttpClient/4.5.13 (Java/17.0.13)
13:18:15.544 [main] DEBUG org.apache.http.headers - >> Authorization: Basic YWRtaW46cGFzc3dvcmQ=
13:18:15.544 [main] DEBUG org.apache.http.headers - >> Accept-Encoding: gzip,deflate
13:18:15.544 [main] DEBUG org.apache.http.wire -  >> "{"author":"Hri","id":2,"title":""}"
13:18:15.858 [main] DEBUG org.apache.http.wire -  << "HTTP/1.1 200 [\r][\n]"
13:18:15.858 [main] DEBUG org.apache.http.wire -  << "Set-Cookie: JSESSIONID=80291177F5A6FB2CD2356BED830FCC2F; Path=/; HttpOnly[\r][\n]"
13:18:15.858 [main] DEBUG org.apache.http.wire -  << "X-Content-Type-Options: nosniff[\r][\n]"
13:18:15.858 [main] DEBUG org.apache.http.wire -  << "X-XSS-Protection: 1; mode=block[\r][\n]"
13:18:15.858 [main] DEBUG org.apache.http.wire -  << "Cache-Control: no-cache, no-store, max-age=0, must-revalidate[\r][\n]"
13:18:15.858 [main] DEBUG org.apache.http.wire -  << "Pragma: no-cache[\r][\n]"
13:18:15.858 [main] DEBUG org.apache.http.wire -  << "Expires: 0[\r][\n]"
13:18:15.858 [main] DEBUG org.apache.http.wire -  << "X-Frame-Options: DENY[\r][\n]"
13:18:15.858 [main] DEBUG org.apache.http.wire -  << "Content-Type: application/json[\r][\n]"
13:18:15.858 [main] DEBUG org.apache.http.wire -  << "Transfer-Encoding: chunked[\r][\n]"
13:18:15.858 [main] DEBUG org.apache.http.wire -  << "Date: Thu, 02 Jan 2025 07:48:14 GMT[\r][\n]"
13:18:15.858 [main] DEBUG org.apache.http.wire -  << "Keep-Alive: timeout=60[\r][\n]"
13:18:15.858 [main] DEBUG org.apache.http.wire -  << "Connection: keep-alive[\r][\n]"
13:18:15.858 [main] DEBUG org.apache.http.wire -  << "[\r][\n]"
13:18:15.858 [main] DEBUG org.apache.http.impl.conn.DefaultClientConnection - Receiving response: HTTP/1.1 200 
13:18:15.858 [main] DEBUG org.apache.http.headers - << HTTP/1.1 200 
13:18:15.858 [main] DEBUG org.apache.http.headers - << Set-Cookie: JSESSIONID=80291177F5A6FB2CD2356BED830FCC2F; Path=/; HttpOnly
13:18:15.858 [main] DEBUG org.apache.http.headers - << X-Content-Type-Options: nosniff
13:18:15.858 [main] DEBUG org.apache.http.headers - << X-XSS-Protection: 1; mode=block
13:18:15.858 [main] DEBUG org.apache.http.headers - << Cache-Control: no-cache, no-store, max-age=0, must-revalidate
13:18:15.858 [main] DEBUG org.apache.http.headers - << Pragma: no-cache
13:18:15.858 [main] DEBUG org.apache.http.headers - << Expires: 0
13:18:15.858 [main] DEBUG org.apache.http.headers - << X-Frame-Options: DENY
13:18:15.858 [main] DEBUG org.apache.http.headers - << Content-Type: application/json
13:18:15.858 [main] DEBUG org.apache.http.headers - << Transfer-Encoding: chunked
13:18:15.858 [main] DEBUG org.apache.http.headers - << Date: Thu, 02 Jan 2025 07:48:14 GMT
13:18:15.858 [main] DEBUG org.apache.http.headers - << Keep-Alive: timeout=60
13:18:15.858 [main] DEBUG org.apache.http.headers - << Connection: keep-alive
13:18:15.858 [main] DEBUG org.apache.http.impl.client.DefaultHttpClient - Connection can be kept alive for 60000 MILLISECONDS
13:18:15.858 [main] DEBUG org.apache.http.impl.client.DefaultHttpClient - Authentication succeeded
13:18:15.858 [main] DEBUG org.apache.http.impl.client.TargetAuthenticationStrategy - Caching 'basic' auth scheme for http://13.60.22.209:7081
13:18:15.858 [main] DEBUG io.restassured.internal.RestAssuredHttpBuilder - Parsing response as: application/json
13:18:15.858 [main] DEBUG io.restassured.internal.RestAssuredHttpBuilder - Parsed data to instance of: class org.apache.http.conn.EofSensorInputStream
]]></system-out>
  </testcase>
  <testcase name="testUpdateBookWithMissingTitleAndAuthor" classname="TestCases.PutBookAPITests" time="0.819">
    <system-out><![CDATA[13:18:15.868 [main] DEBUG org.apache.http.impl.conn.BasicClientConnectionManager - Get connection for route {}->http://13.60.22.209:7081
13:18:15.869 [main] DEBUG org.apache.http.impl.conn.DefaultClientConnectionOperator - Connecting to 13.60.22.209:7081
13:18:16.097 [main] DEBUG org.apache.http.client.protocol.RequestAddCookies - CookieSpec selected: ignoreCookies
13:18:16.097 [main] DEBUG org.apache.http.client.protocol.RequestAuthCache - Auth cache not set in the context
13:18:16.097 [main] DEBUG org.apache.http.client.protocol.RequestTargetAuthentication - Target auth state: UNCHALLENGED
13:18:16.097 [main] DEBUG org.apache.http.client.protocol.RequestProxyAuthentication - Proxy auth state: UNCHALLENGED
13:18:16.097 [main] DEBUG org.apache.http.impl.client.DefaultHttpClient - Attempt 1 to execute request
13:18:16.097 [main] DEBUG org.apache.http.impl.conn.DefaultClientConnection - Sending request: PUT /api/books/1 HTTP/1.1
13:18:16.097 [main] DEBUG org.apache.http.wire -  >> "PUT /api/books/1 HTTP/1.1[\r][\n]"
13:18:16.097 [main] DEBUG org.apache.http.wire -  >> "Accept: */*[\r][\n]"
13:18:16.097 [main] DEBUG org.apache.http.wire -  >> "Content-Type: application/json[\r][\n]"
13:18:16.097 [main] DEBUG org.apache.http.wire -  >> "Content-Length: 35[\r][\n]"
13:18:16.097 [main] DEBUG org.apache.http.wire -  >> "Host: 13.60.22.209:7081[\r][\n]"
13:18:16.097 [main] DEBUG org.apache.http.wire -  >> "Connection: Keep-Alive[\r][\n]"
13:18:16.097 [main] DEBUG org.apache.http.wire -  >> "User-Agent: Apache-HttpClient/4.5.13 (Java/17.0.13)[\r][\n]"
13:18:16.097 [main] DEBUG org.apache.http.wire -  >> "Accept-Encoding: gzip,deflate[\r][\n]"
13:18:16.097 [main] DEBUG org.apache.http.wire -  >> "[\r][\n]"
13:18:16.097 [main] DEBUG org.apache.http.headers - >> PUT /api/books/1 HTTP/1.1
13:18:16.097 [main] DEBUG org.apache.http.headers - >> Accept: */*
13:18:16.097 [main] DEBUG org.apache.http.headers - >> Content-Type: application/json
13:18:16.097 [main] DEBUG org.apache.http.headers - >> Content-Length: 35
13:18:16.097 [main] DEBUG org.apache.http.headers - >> Host: 13.60.22.209:7081
13:18:16.097 [main] DEBUG org.apache.http.headers - >> Connection: Keep-Alive
13:18:16.097 [main] DEBUG org.apache.http.headers - >> User-Agent: Apache-HttpClient/4.5.13 (Java/17.0.13)
13:18:16.097 [main] DEBUG org.apache.http.headers - >> Accept-Encoding: gzip,deflate
13:18:16.097 [main] DEBUG org.apache.http.wire -  >> "{"author":null,"id":1,"title":null}"
13:18:16.331 [main] DEBUG org.apache.http.wire -  << "HTTP/1.1 401 [\r][\n]"
13:18:16.331 [main] DEBUG org.apache.http.wire -  << "Set-Cookie: JSESSIONID=DCB37C0963486C65ED201620C06B5ACB; Path=/; HttpOnly[\r][\n]"
13:18:16.331 [main] DEBUG org.apache.http.wire -  << "WWW-Authenticate: Basic realm="Realm"[\r][\n]"
13:18:16.331 [main] DEBUG org.apache.http.wire -  << "X-Content-Type-Options: nosniff[\r][\n]"
13:18:16.331 [main] DEBUG org.apache.http.wire -  << "X-XSS-Protection: 1; mode=block[\r][\n]"
13:18:16.331 [main] DEBUG org.apache.http.wire -  << "Cache-Control: no-cache, no-store, max-age=0, must-revalidate[\r][\n]"
13:18:16.331 [main] DEBUG org.apache.http.wire -  << "Pragma: no-cache[\r][\n]"
13:18:16.331 [main] DEBUG org.apache.http.wire -  << "Expires: 0[\r][\n]"
13:18:16.331 [main] DEBUG org.apache.http.wire -  << "X-Frame-Options: DENY[\r][\n]"
13:18:16.331 [main] DEBUG org.apache.http.wire -  << "Content-Length: 0[\r][\n]"
13:18:16.331 [main] DEBUG org.apache.http.wire -  << "Date: Thu, 02 Jan 2025 07:48:16 GMT[\r][\n]"
13:18:16.331 [main] DEBUG org.apache.http.wire -  << "Keep-Alive: timeout=60[\r][\n]"
13:18:16.331 [main] DEBUG org.apache.http.wire -  << "Connection: keep-alive[\r][\n]"
13:18:16.331 [main] DEBUG org.apache.http.wire -  << "[\r][\n]"
13:18:16.331 [main] DEBUG org.apache.http.impl.conn.DefaultClientConnection - Receiving response: HTTP/1.1 401 
13:18:16.331 [main] DEBUG org.apache.http.headers - << HTTP/1.1 401 
13:18:16.331 [main] DEBUG org.apache.http.headers - << Set-Cookie: JSESSIONID=DCB37C0963486C65ED201620C06B5ACB; Path=/; HttpOnly
13:18:16.331 [main] DEBUG org.apache.http.headers - << WWW-Authenticate: Basic realm="Realm"
13:18:16.331 [main] DEBUG org.apache.http.headers - << X-Content-Type-Options: nosniff
13:18:16.331 [main] DEBUG org.apache.http.headers - << X-XSS-Protection: 1; mode=block
13:18:16.331 [main] DEBUG org.apache.http.headers - << Cache-Control: no-cache, no-store, max-age=0, must-revalidate
13:18:16.331 [main] DEBUG org.apache.http.headers - << Pragma: no-cache
13:18:16.331 [main] DEBUG org.apache.http.headers - << Expires: 0
13:18:16.331 [main] DEBUG org.apache.http.headers - << X-Frame-Options: DENY
13:18:16.331 [main] DEBUG org.apache.http.headers - << Content-Length: 0
13:18:16.331 [main] DEBUG org.apache.http.headers - << Date: Thu, 02 Jan 2025 07:48:16 GMT
13:18:16.331 [main] DEBUG org.apache.http.headers - << Keep-Alive: timeout=60
13:18:16.331 [main] DEBUG org.apache.http.headers - << Connection: keep-alive
13:18:16.331 [main] DEBUG org.apache.http.impl.client.DefaultHttpClient - Connection can be kept alive for 60000 MILLISECONDS
13:18:16.331 [main] DEBUG org.apache.http.impl.client.DefaultHttpClient - Authentication required
13:18:16.331 [main] DEBUG org.apache.http.impl.client.DefaultHttpClient - 13.60.22.209:7081 requested authentication
13:18:16.332 [main] DEBUG org.apache.http.impl.client.TargetAuthenticationStrategy - Authentication schemes in the order of preference: [Negotiate, Kerberos, NTLM, CredSSP, Digest, Basic]
13:18:16.332 [main] DEBUG org.apache.http.impl.client.TargetAuthenticationStrategy - Challenge for Negotiate authentication scheme not available
13:18:16.332 [main] DEBUG org.apache.http.impl.client.TargetAuthenticationStrategy - Challenge for Kerberos authentication scheme not available
13:18:16.332 [main] DEBUG org.apache.http.impl.client.TargetAuthenticationStrategy - Challenge for NTLM authentication scheme not available
13:18:16.332 [main] DEBUG org.apache.http.impl.client.TargetAuthenticationStrategy - Challenge for CredSSP authentication scheme not available
13:18:16.332 [main] DEBUG org.apache.http.impl.client.TargetAuthenticationStrategy - Challenge for Digest authentication scheme not available
13:18:16.332 [main] DEBUG org.apache.http.impl.client.DefaultHttpClient - Selected authentication options: [BASIC [complete=true]]
13:18:16.332 [main] DEBUG org.apache.http.client.protocol.RequestAddCookies - CookieSpec selected: ignoreCookies
13:18:16.332 [main] DEBUG org.apache.http.client.protocol.RequestAuthCache - Auth cache not set in the context
13:18:16.332 [main] DEBUG org.apache.http.client.protocol.RequestTargetAuthentication - Target auth state: CHALLENGED
13:18:16.332 [main] DEBUG org.apache.http.client.protocol.RequestTargetAuthentication - Generating response to an authentication challenge using basic scheme
13:18:16.332 [main] DEBUG org.apache.http.client.protocol.RequestProxyAuthentication - Proxy auth state: UNCHALLENGED
13:18:16.332 [main] DEBUG org.apache.http.impl.client.DefaultHttpClient - Attempt 2 to execute request
13:18:16.332 [main] DEBUG org.apache.http.impl.conn.DefaultClientConnection - Sending request: PUT /api/books/1 HTTP/1.1
13:18:16.332 [main] DEBUG org.apache.http.wire -  >> "PUT /api/books/1 HTTP/1.1[\r][\n]"
13:18:16.333 [main] DEBUG org.apache.http.wire -  >> "Accept: */*[\r][\n]"
13:18:16.333 [main] DEBUG org.apache.http.wire -  >> "Content-Type: application/json[\r][\n]"
13:18:16.333 [main] DEBUG org.apache.http.wire -  >> "Content-Length: 35[\r][\n]"
13:18:16.333 [main] DEBUG org.apache.http.wire -  >> "Host: 13.60.22.209:7081[\r][\n]"
13:18:16.333 [main] DEBUG org.apache.http.wire -  >> "Connection: Keep-Alive[\r][\n]"
13:18:16.333 [main] DEBUG org.apache.http.wire -  >> "User-Agent: Apache-HttpClient/4.5.13 (Java/17.0.13)[\r][\n]"
13:18:16.333 [main] DEBUG org.apache.http.wire -  >> "Authorization: Basic YWRtaW46cGFzc3dvcmQ=[\r][\n]"
13:18:16.333 [main] DEBUG org.apache.http.wire -  >> "Accept-Encoding: gzip,deflate[\r][\n]"
13:18:16.333 [main] DEBUG org.apache.http.wire -  >> "[\r][\n]"
13:18:16.333 [main] DEBUG org.apache.http.headers - >> PUT /api/books/1 HTTP/1.1
13:18:16.333 [main] DEBUG org.apache.http.headers - >> Accept: */*
13:18:16.333 [main] DEBUG org.apache.http.headers - >> Content-Type: application/json
13:18:16.333 [main] DEBUG org.apache.http.headers - >> Content-Length: 35
13:18:16.333 [main] DEBUG org.apache.http.headers - >> Host: 13.60.22.209:7081
13:18:16.333 [main] DEBUG org.apache.http.headers - >> Connection: Keep-Alive
13:18:16.333 [main] DEBUG org.apache.http.headers - >> User-Agent: Apache-HttpClient/4.5.13 (Java/17.0.13)
13:18:16.333 [main] DEBUG org.apache.http.headers - >> Authorization: Basic YWRtaW46cGFzc3dvcmQ=
13:18:16.333 [main] DEBUG org.apache.http.headers - >> Accept-Encoding: gzip,deflate
13:18:16.333 [main] DEBUG org.apache.http.wire -  >> "{"author":null,"id":1,"title":null}"
13:18:16.678 [main] DEBUG org.apache.http.wire -  << "HTTP/1.1 400 [\r][\n]"
13:18:16.678 [main] DEBUG org.apache.http.wire -  << "Set-Cookie: JSESSIONID=E1C1AD85A9C19DF01496C15D03738DD7; Path=/; HttpOnly[\r][\n]"
13:18:16.678 [main] DEBUG org.apache.http.wire -  << "X-Content-Type-Options: nosniff[\r][\n]"
13:18:16.678 [main] DEBUG org.apache.http.wire -  << "X-XSS-Protection: 1; mode=block[\r][\n]"
13:18:16.678 [main] DEBUG org.apache.http.wire -  << "Cache-Control: no-cache, no-store, max-age=0, must-revalidate[\r][\n]"
13:18:16.678 [main] DEBUG org.apache.http.wire -  << "Pragma: no-cache[\r][\n]"
13:18:16.678 [main] DEBUG org.apache.http.wire -  << "Expires: 0[\r][\n]"
13:18:16.678 [main] DEBUG org.apache.http.wire -  << "X-Frame-Options: DENY[\r][\n]"
13:18:16.678 [main] DEBUG org.apache.http.wire -  << "Content-Type: text/plain;charset=UTF-8[\r][\n]"
13:18:16.678 [main] DEBUG org.apache.http.wire -  << "Content-Length: 39[\r][\n]"
13:18:16.678 [main] DEBUG org.apache.http.wire -  << "Date: Thu, 02 Jan 2025 07:48:16 GMT[\r][\n]"
13:18:16.678 [main] DEBUG org.apache.http.wire -  << "Connection: close[\r][\n]"
13:18:16.678 [main] DEBUG org.apache.http.wire -  << "[\r][\n]"
13:18:16.678 [main] DEBUG org.apache.http.impl.conn.DefaultClientConnection - Receiving response: HTTP/1.1 400 
13:18:16.678 [main] DEBUG org.apache.http.headers - << HTTP/1.1 400 
13:18:16.678 [main] DEBUG org.apache.http.headers - << Set-Cookie: JSESSIONID=E1C1AD85A9C19DF01496C15D03738DD7; Path=/; HttpOnly
13:18:16.678 [main] DEBUG org.apache.http.headers - << X-Content-Type-Options: nosniff
13:18:16.678 [main] DEBUG org.apache.http.headers - << X-XSS-Protection: 1; mode=block
13:18:16.678 [main] DEBUG org.apache.http.headers - << Cache-Control: no-cache, no-store, max-age=0, must-revalidate
13:18:16.678 [main] DEBUG org.apache.http.headers - << Pragma: no-cache
13:18:16.678 [main] DEBUG org.apache.http.headers - << Expires: 0
13:18:16.678 [main] DEBUG org.apache.http.headers - << X-Frame-Options: DENY
13:18:16.678 [main] DEBUG org.apache.http.headers - << Content-Type: text/plain;charset=UTF-8
13:18:16.678 [main] DEBUG org.apache.http.headers - << Content-Length: 39
13:18:16.678 [main] DEBUG org.apache.http.headers - << Date: Thu, 02 Jan 2025 07:48:16 GMT
13:18:16.678 [main] DEBUG org.apache.http.headers - << Connection: close
13:18:16.678 [main] DEBUG org.apache.http.impl.client.DefaultHttpClient - Authentication succeeded
13:18:16.678 [main] DEBUG org.apache.http.impl.client.TargetAuthenticationStrategy - Caching 'basic' auth scheme for http://13.60.22.209:7081
13:18:16.678 [main] DEBUG io.restassured.internal.RestAssuredHttpBuilder - Parsing response as: text/plain;charset=UTF-8
13:18:16.678 [main] DEBUG io.restassured.internal.RestAssuredHttpBuilder - Parsed data to instance of: class org.apache.http.conn.EofSensorInputStream
13:18:16.679 [main] DEBUG org.apache.http.wire -  << "Mandatory parameters should not be null"
13:18:16.679 [main] DEBUG org.apache.http.impl.conn.BasicClientConnectionManager - Releasing connection org.apache.http.impl.conn.ManagedClientConnectionImpl@57545c3f
13:18:16.679 [main] DEBUG org.apache.http.impl.conn.DefaultClientConnection - Connection 0.0.0.0:53979<->13.60.22.209:7081 shut down
]]></system-out>
  </testcase>
  <testcase name="testUpdateBookWithNoneParametersAsAdmin" classname="TestCases.PutBookAPITests" time="1.025">
    <failure message="Response should indicate invalid input parameters expected [true] but found [false]" type="java.lang.AssertionError"><![CDATA[java.lang.AssertionError: Response should indicate invalid input parameters expected [true] but found [false]
	at org.testng.Assert.fail(Assert.java:110)
	at org.testng.Assert.failNotEquals(Assert.java:1413)
	at org.testng.Assert.assertTrue(Assert.java:56)
	at TestCases.PutBookAPITests.testUpdateBookWithNoneParametersAsAdmin(PutBookAPITests.java:239)
	at java.base/jdk.internal.reflect.NativeMethodAccessorImpl.invoke0(Native Method)
	at java.base/jdk.internal.reflect.NativeMethodAccessorImpl.invoke(NativeMethodAccessorImpl.java:77)
	at java.base/jdk.internal.reflect.DelegatingMethodAccessorImpl.invoke(DelegatingMethodAccessorImpl.java:43)
	at java.base/java.lang.reflect.Method.invoke(Method.java:569)
	at org.testng.internal.invokers.MethodInvocationHelper.invokeMethod(MethodInvocationHelper.java:139)
	at org.testng.internal.invokers.TestInvoker.invokeMethod(TestInvoker.java:677)
	at org.testng.internal.invokers.TestInvoker.invokeTestMethod(TestInvoker.java:221)
	at org.testng.internal.invokers.MethodRunner.runInSequence(MethodRunner.java:50)
	at org.testng.internal.invokers.TestInvoker$MethodInvocationAgent.invoke(TestInvoker.java:969)
	at org.testng.internal.invokers.TestInvoker.invokeTestMethods(TestInvoker.java:194)
	at org.testng.internal.invokers.TestMethodWorker.invokeTestMethods(TestMethodWorker.java:148)
	at org.testng.internal.invokers.TestMethodWorker.run(TestMethodWorker.java:128)
	at java.base/java.util.ArrayList.forEach(ArrayList.java:1511)
	at org.testng.TestRunner.privateRun(TestRunner.java:829)
	at org.testng.TestRunner.run(TestRunner.java:602)
	at org.testng.SuiteRunner.runTest(SuiteRunner.java:437)
	at org.testng.SuiteRunner.runSequentially(SuiteRunner.java:431)
	at org.testng.SuiteRunner.privateRun(SuiteRunner.java:391)
	at org.testng.SuiteRunner.run(SuiteRunner.java:330)
	at org.testng.SuiteRunnerWorker.runSuite(SuiteRunnerWorker.java:52)
	at org.testng.SuiteRunnerWorker.run(SuiteRunnerWorker.java:95)
	at org.testng.TestNG.runSuitesSequentially(TestNG.java:1256)
	at org.testng.TestNG.runSuitesLocally(TestNG.java:1176)
	at org.testng.TestNG.runSuites(TestNG.java:1099)
	at org.testng.TestNG.run(TestNG.java:1067)
	at org.apache.maven.surefire.testng.TestNGExecutor.run(TestNGExecutor.java:151)
	at org.apache.maven.surefire.testng.TestNGDirectoryTestSuite.executeMulti(TestNGDirectoryTestSuite.java:192)
	at org.apache.maven.surefire.testng.TestNGDirectoryTestSuite.execute(TestNGDirectoryTestSuite.java:93)
	at org.apache.maven.surefire.testng.TestNGProvider.invoke(TestNGProvider.java:155)
	at org.apache.maven.surefire.booter.ForkedBooter.runSuitesInProcess(ForkedBooter.java:456)
	at org.apache.maven.surefire.booter.ForkedBooter.execute(ForkedBooter.java:169)
	at org.apache.maven.surefire.booter.ForkedBooter.run(ForkedBooter.java:595)
	at org.apache.maven.surefire.booter.ForkedBooter.main(ForkedBooter.java:581)
]]></failure>
    <system-out><![CDATA[13:18:16.688 [main] DEBUG org.apache.http.impl.conn.BasicClientConnectionManager - Get connection for route {}->http://13.60.22.209:7081
13:18:16.688 [main] DEBUG org.apache.http.impl.conn.DefaultClientConnectionOperator - Connecting to 13.60.22.209:7081
13:18:16.946 [main] DEBUG org.apache.http.client.protocol.RequestAddCookies - CookieSpec selected: ignoreCookies
13:18:16.946 [main] DEBUG org.apache.http.client.protocol.RequestAuthCache - Auth cache not set in the context
13:18:16.946 [main] DEBUG org.apache.http.client.protocol.RequestTargetAuthentication - Target auth state: UNCHALLENGED
13:18:16.946 [main] DEBUG org.apache.http.client.protocol.RequestProxyAuthentication - Proxy auth state: UNCHALLENGED
13:18:16.946 [main] DEBUG org.apache.http.impl.client.DefaultHttpClient - Attempt 1 to execute request
13:18:16.946 [main] DEBUG org.apache.http.impl.conn.DefaultClientConnection - Sending request: PUT /api/books/1 HTTP/1.1
13:18:16.946 [main] DEBUG org.apache.http.wire -  >> "PUT /api/books/1 HTTP/1.1[\r][\n]"
13:18:16.946 [main] DEBUG org.apache.http.wire -  >> "Accept: */*[\r][\n]"
13:18:16.946 [main] DEBUG org.apache.http.wire -  >> "Content-Type: application/json[\r][\n]"
13:18:16.946 [main] DEBUG org.apache.http.wire -  >> "Content-Length: 38[\r][\n]"
13:18:16.946 [main] DEBUG org.apache.http.wire -  >> "Host: 13.60.22.209:7081[\r][\n]"
13:18:16.946 [main] DEBUG org.apache.http.wire -  >> "Connection: Keep-Alive[\r][\n]"
13:18:16.946 [main] DEBUG org.apache.http.wire -  >> "User-Agent: Apache-HttpClient/4.5.13 (Java/17.0.13)[\r][\n]"
13:18:16.946 [main] DEBUG org.apache.http.wire -  >> "Accept-Encoding: gzip,deflate[\r][\n]"
13:18:16.946 [main] DEBUG org.apache.http.wire -  >> "[\r][\n]"
13:18:16.946 [main] DEBUG org.apache.http.headers - >> PUT /api/books/1 HTTP/1.1
13:18:16.946 [main] DEBUG org.apache.http.headers - >> Accept: */*
13:18:16.946 [main] DEBUG org.apache.http.headers - >> Content-Type: application/json
13:18:16.946 [main] DEBUG org.apache.http.headers - >> Content-Length: 38
13:18:16.946 [main] DEBUG org.apache.http.headers - >> Host: 13.60.22.209:7081
13:18:16.946 [main] DEBUG org.apache.http.headers - >> Connection: Keep-Alive
13:18:16.946 [main] DEBUG org.apache.http.headers - >> User-Agent: Apache-HttpClient/4.5.13 (Java/17.0.13)
13:18:16.946 [main] DEBUG org.apache.http.headers - >> Accept-Encoding: gzip,deflate
13:18:16.946 [main] DEBUG org.apache.http.wire -  >> "{"author":null,"id":null,"title":null}"
13:18:17.335 [main] DEBUG org.apache.http.wire -  << "HTTP/1.1 401 [\r][\n]"
13:18:17.336 [main] DEBUG org.apache.http.wire -  << "Set-Cookie: JSESSIONID=20972598C9E0CE2418A424C45DCDD3E5; Path=/; HttpOnly[\r][\n]"
13:18:17.336 [main] DEBUG org.apache.http.wire -  << "WWW-Authenticate: Basic realm="Realm"[\r][\n]"
13:18:17.336 [main] DEBUG org.apache.http.wire -  << "X-Content-Type-Options: nosniff[\r][\n]"
13:18:17.336 [main] DEBUG org.apache.http.wire -  << "X-XSS-Protection: 1; mode=block[\r][\n]"
13:18:17.336 [main] DEBUG org.apache.http.wire -  << "Cache-Control: no-cache, no-store, max-age=0, must-revalidate[\r][\n]"
13:18:17.336 [main] DEBUG org.apache.http.wire -  << "Pragma: no-cache[\r][\n]"
13:18:17.336 [main] DEBUG org.apache.http.wire -  << "Expires: 0[\r][\n]"
13:18:17.336 [main] DEBUG org.apache.http.wire -  << "X-Frame-Options: DENY[\r][\n]"
13:18:17.336 [main] DEBUG org.apache.http.wire -  << "Content-Length: 0[\r][\n]"
13:18:17.336 [main] DEBUG org.apache.http.wire -  << "Date: Thu, 02 Jan 2025 07:48:16 GMT[\r][\n]"
13:18:17.336 [main] DEBUG org.apache.http.wire -  << "Keep-Alive: timeout=60[\r][\n]"
13:18:17.336 [main] DEBUG org.apache.http.wire -  << "Connection: keep-alive[\r][\n]"
13:18:17.336 [main] DEBUG org.apache.http.wire -  << "[\r][\n]"
13:18:17.336 [main] DEBUG org.apache.http.impl.conn.DefaultClientConnection - Receiving response: HTTP/1.1 401 
13:18:17.336 [main] DEBUG org.apache.http.headers - << HTTP/1.1 401 
13:18:17.336 [main] DEBUG org.apache.http.headers - << Set-Cookie: JSESSIONID=20972598C9E0CE2418A424C45DCDD3E5; Path=/; HttpOnly
13:18:17.336 [main] DEBUG org.apache.http.headers - << WWW-Authenticate: Basic realm="Realm"
13:18:17.336 [main] DEBUG org.apache.http.headers - << X-Content-Type-Options: nosniff
13:18:17.336 [main] DEBUG org.apache.http.headers - << X-XSS-Protection: 1; mode=block
13:18:17.336 [main] DEBUG org.apache.http.headers - << Cache-Control: no-cache, no-store, max-age=0, must-revalidate
13:18:17.336 [main] DEBUG org.apache.http.headers - << Pragma: no-cache
13:18:17.336 [main] DEBUG org.apache.http.headers - << Expires: 0
13:18:17.336 [main] DEBUG org.apache.http.headers - << X-Frame-Options: DENY
13:18:17.336 [main] DEBUG org.apache.http.headers - << Content-Length: 0
13:18:17.336 [main] DEBUG org.apache.http.headers - << Date: Thu, 02 Jan 2025 07:48:16 GMT
13:18:17.336 [main] DEBUG org.apache.http.headers - << Keep-Alive: timeout=60
13:18:17.336 [main] DEBUG org.apache.http.headers - << Connection: keep-alive
13:18:17.337 [main] DEBUG org.apache.http.impl.client.DefaultHttpClient - Connection can be kept alive for 60000 MILLISECONDS
13:18:17.337 [main] DEBUG org.apache.http.impl.client.DefaultHttpClient - Authentication required
13:18:17.337 [main] DEBUG org.apache.http.impl.client.DefaultHttpClient - 13.60.22.209:7081 requested authentication
13:18:17.337 [main] DEBUG org.apache.http.impl.client.TargetAuthenticationStrategy - Authentication schemes in the order of preference: [Negotiate, Kerberos, NTLM, CredSSP, Digest, Basic]
13:18:17.337 [main] DEBUG org.apache.http.impl.client.TargetAuthenticationStrategy - Challenge for Negotiate authentication scheme not available
13:18:17.337 [main] DEBUG org.apache.http.impl.client.TargetAuthenticationStrategy - Challenge for Kerberos authentication scheme not available
13:18:17.337 [main] DEBUG org.apache.http.impl.client.TargetAuthenticationStrategy - Challenge for NTLM authentication scheme not available
13:18:17.337 [main] DEBUG org.apache.http.impl.client.TargetAuthenticationStrategy - Challenge for CredSSP authentication scheme not available
13:18:17.337 [main] DEBUG org.apache.http.impl.client.TargetAuthenticationStrategy - Challenge for Digest authentication scheme not available
13:18:17.337 [main] DEBUG org.apache.http.impl.client.DefaultHttpClient - Selected authentication options: [BASIC [complete=true]]
13:18:17.337 [main] DEBUG org.apache.http.client.protocol.RequestAddCookies - CookieSpec selected: ignoreCookies
13:18:17.337 [main] DEBUG org.apache.http.client.protocol.RequestAuthCache - Auth cache not set in the context
13:18:17.337 [main] DEBUG org.apache.http.client.protocol.RequestTargetAuthentication - Target auth state: CHALLENGED
13:18:17.337 [main] DEBUG org.apache.http.client.protocol.RequestTargetAuthentication - Generating response to an authentication challenge using basic scheme
13:18:17.337 [main] DEBUG org.apache.http.client.protocol.RequestProxyAuthentication - Proxy auth state: UNCHALLENGED
13:18:17.337 [main] DEBUG org.apache.http.impl.client.DefaultHttpClient - Attempt 2 to execute request
13:18:17.337 [main] DEBUG org.apache.http.impl.conn.DefaultClientConnection - Sending request: PUT /api/books/1 HTTP/1.1
13:18:17.337 [main] DEBUG org.apache.http.wire -  >> "PUT /api/books/1 HTTP/1.1[\r][\n]"
13:18:17.337 [main] DEBUG org.apache.http.wire -  >> "Accept: */*[\r][\n]"
13:18:17.337 [main] DEBUG org.apache.http.wire -  >> "Content-Type: application/json[\r][\n]"
13:18:17.337 [main] DEBUG org.apache.http.wire -  >> "Content-Length: 38[\r][\n]"
13:18:17.337 [main] DEBUG org.apache.http.wire -  >> "Host: 13.60.22.209:7081[\r][\n]"
13:18:17.337 [main] DEBUG org.apache.http.wire -  >> "Connection: Keep-Alive[\r][\n]"
13:18:17.337 [main] DEBUG org.apache.http.wire -  >> "User-Agent: Apache-HttpClient/4.5.13 (Java/17.0.13)[\r][\n]"
13:18:17.337 [main] DEBUG org.apache.http.wire -  >> "Authorization: Basic YWRtaW46cGFzc3dvcmQ=[\r][\n]"
13:18:17.337 [main] DEBUG org.apache.http.wire -  >> "Accept-Encoding: gzip,deflate[\r][\n]"
13:18:17.337 [main] DEBUG org.apache.http.wire -  >> "[\r][\n]"
13:18:17.337 [main] DEBUG org.apache.http.headers - >> PUT /api/books/1 HTTP/1.1
13:18:17.337 [main] DEBUG org.apache.http.headers - >> Accept: */*
13:18:17.337 [main] DEBUG org.apache.http.headers - >> Content-Type: application/json
13:18:17.337 [main] DEBUG org.apache.http.headers - >> Content-Length: 38
13:18:17.337 [main] DEBUG org.apache.http.headers - >> Host: 13.60.22.209:7081
13:18:17.337 [main] DEBUG org.apache.http.headers - >> Connection: Keep-Alive
13:18:17.337 [main] DEBUG org.apache.http.headers - >> User-Agent: Apache-HttpClient/4.5.13 (Java/17.0.13)
13:18:17.337 [main] DEBUG org.apache.http.headers - >> Authorization: Basic YWRtaW46cGFzc3dvcmQ=
13:18:17.337 [main] DEBUG org.apache.http.headers - >> Accept-Encoding: gzip,deflate
13:18:17.337 [main] DEBUG org.apache.http.wire -  >> "{"author":null,"id":null,"title":null}"
13:18:17.700 [main] DEBUG org.apache.http.wire -  << "HTTP/1.1 400 [\r][\n]"
13:18:17.700 [main] DEBUG org.apache.http.wire -  << "Set-Cookie: JSESSIONID=FD6F84AF9E085E49102B369DDED596E7; Path=/; HttpOnly[\r][\n]"
13:18:17.701 [main] DEBUG org.apache.http.wire -  << "X-Content-Type-Options: nosniff[\r][\n]"
13:18:17.701 [main] DEBUG org.apache.http.wire -  << "X-XSS-Protection: 1; mode=block[\r][\n]"
13:18:17.701 [main] DEBUG org.apache.http.wire -  << "Cache-Control: no-cache, no-store, max-age=0, must-revalidate[\r][\n]"
13:18:17.701 [main] DEBUG org.apache.http.wire -  << "Pragma: no-cache[\r][\n]"
13:18:17.701 [main] DEBUG org.apache.http.wire -  << "Expires: 0[\r][\n]"
13:18:17.701 [main] DEBUG org.apache.http.wire -  << "X-Frame-Options: DENY[\r][\n]"
13:18:17.701 [main] DEBUG org.apache.http.wire -  << "Content-Type: text/plain;charset=UTF-8[\r][\n]"
13:18:17.701 [main] DEBUG org.apache.http.wire -  << "Content-Length: 22[\r][\n]"
13:18:17.701 [main] DEBUG org.apache.http.wire -  << "Date: Thu, 02 Jan 2025 07:48:17 GMT[\r][\n]"
13:18:17.701 [main] DEBUG org.apache.http.wire -  << "Connection: close[\r][\n]"
13:18:17.701 [main] DEBUG org.apache.http.wire -  << "[\r][\n]"
13:18:17.701 [main] DEBUG org.apache.http.impl.conn.DefaultClientConnection - Receiving response: HTTP/1.1 400 
13:18:17.701 [main] DEBUG org.apache.http.headers - << HTTP/1.1 400 
13:18:17.701 [main] DEBUG org.apache.http.headers - << Set-Cookie: JSESSIONID=FD6F84AF9E085E49102B369DDED596E7; Path=/; HttpOnly
13:18:17.701 [main] DEBUG org.apache.http.headers - << X-Content-Type-Options: nosniff
13:18:17.701 [main] DEBUG org.apache.http.headers - << X-XSS-Protection: 1; mode=block
13:18:17.701 [main] DEBUG org.apache.http.headers - << Cache-Control: no-cache, no-store, max-age=0, must-revalidate
13:18:17.701 [main] DEBUG org.apache.http.headers - << Pragma: no-cache
13:18:17.701 [main] DEBUG org.apache.http.headers - << Expires: 0
13:18:17.701 [main] DEBUG org.apache.http.headers - << X-Frame-Options: DENY
13:18:17.701 [main] DEBUG org.apache.http.headers - << Content-Type: text/plain;charset=UTF-8
13:18:17.701 [main] DEBUG org.apache.http.headers - << Content-Length: 22
13:18:17.701 [main] DEBUG org.apache.http.headers - << Date: Thu, 02 Jan 2025 07:48:17 GMT
13:18:17.701 [main] DEBUG org.apache.http.headers - << Connection: close
13:18:17.701 [main] DEBUG org.apache.http.impl.client.DefaultHttpClient - Authentication succeeded
13:18:17.701 [main] DEBUG org.apache.http.impl.client.TargetAuthenticationStrategy - Caching 'basic' auth scheme for http://13.60.22.209:7081
13:18:17.702 [main] DEBUG io.restassured.internal.RestAssuredHttpBuilder - Parsing response as: text/plain;charset=UTF-8
13:18:17.702 [main] DEBUG io.restassured.internal.RestAssuredHttpBuilder - Parsed data to instance of: class org.apache.http.conn.EofSensorInputStream
13:18:17.704 [main] DEBUG org.apache.http.wire -  << "Book id is not matched"
13:18:17.704 [main] DEBUG org.apache.http.impl.conn.BasicClientConnectionManager - Releasing connection org.apache.http.impl.conn.ManagedClientConnectionImpl@591a4f8e
13:18:17.704 [main] DEBUG org.apache.http.impl.conn.DefaultClientConnection - Connection 0.0.0.0:53980<->13.60.22.209:7081 shut down
]]></system-out>
  </testcase>
  <testcase name="testUpdateBookWithValidDataAsAdmin" classname="TestCases.PutBookAPITests" time="0.782">
    <failure message="Expected status code is 200 expected [200] but found [404]" type="java.lang.AssertionError"><![CDATA[java.lang.AssertionError: Expected status code is 200 expected [200] but found [404]
	at org.testng.Assert.fail(Assert.java:110)
	at org.testng.Assert.failNotEquals(Assert.java:1413)
	at org.testng.Assert.assertEqualsImpl(Assert.java:149)
	at org.testng.Assert.assertEquals(Assert.java:131)
	at org.testng.Assert.assertEquals(Assert.java:1240)
	at TestCases.PutBookAPITests.testUpdateBookWithValidDataAsAdmin(PutBookAPITests.java:42)
	at java.base/jdk.internal.reflect.NativeMethodAccessorImpl.invoke0(Native Method)
	at java.base/jdk.internal.reflect.NativeMethodAccessorImpl.invoke(NativeMethodAccessorImpl.java:77)
	at java.base/jdk.internal.reflect.DelegatingMethodAccessorImpl.invoke(DelegatingMethodAccessorImpl.java:43)
	at java.base/java.lang.reflect.Method.invoke(Method.java:569)
	at org.testng.internal.invokers.MethodInvocationHelper.invokeMethod(MethodInvocationHelper.java:139)
	at org.testng.internal.invokers.TestInvoker.invokeMethod(TestInvoker.java:677)
	at org.testng.internal.invokers.TestInvoker.invokeTestMethod(TestInvoker.java:221)
	at org.testng.internal.invokers.MethodRunner.runInSequence(MethodRunner.java:50)
	at org.testng.internal.invokers.TestInvoker$MethodInvocationAgent.invoke(TestInvoker.java:969)
	at org.testng.internal.invokers.TestInvoker.invokeTestMethods(TestInvoker.java:194)
	at org.testng.internal.invokers.TestMethodWorker.invokeTestMethods(TestMethodWorker.java:148)
	at org.testng.internal.invokers.TestMethodWorker.run(TestMethodWorker.java:128)
	at java.base/java.util.ArrayList.forEach(ArrayList.java:1511)
	at org.testng.TestRunner.privateRun(TestRunner.java:829)
	at org.testng.TestRunner.run(TestRunner.java:602)
	at org.testng.SuiteRunner.runTest(SuiteRunner.java:437)
	at org.testng.SuiteRunner.runSequentially(SuiteRunner.java:431)
	at org.testng.SuiteRunner.privateRun(SuiteRunner.java:391)
	at org.testng.SuiteRunner.run(SuiteRunner.java:330)
	at org.testng.SuiteRunnerWorker.runSuite(SuiteRunnerWorker.java:52)
	at org.testng.SuiteRunnerWorker.run(SuiteRunnerWorker.java:95)
	at org.testng.TestNG.runSuitesSequentially(TestNG.java:1256)
	at org.testng.TestNG.runSuitesLocally(TestNG.java:1176)
	at org.testng.TestNG.runSuites(TestNG.java:1099)
	at org.testng.TestNG.run(TestNG.java:1067)
	at org.apache.maven.surefire.testng.TestNGExecutor.run(TestNGExecutor.java:151)
	at org.apache.maven.surefire.testng.TestNGDirectoryTestSuite.executeMulti(TestNGDirectoryTestSuite.java:192)
	at org.apache.maven.surefire.testng.TestNGDirectoryTestSuite.execute(TestNGDirectoryTestSuite.java:93)
	at org.apache.maven.surefire.testng.TestNGProvider.invoke(TestNGProvider.java:155)
	at org.apache.maven.surefire.booter.ForkedBooter.runSuitesInProcess(ForkedBooter.java:456)
	at org.apache.maven.surefire.booter.ForkedBooter.execute(ForkedBooter.java:169)
	at org.apache.maven.surefire.booter.ForkedBooter.run(ForkedBooter.java:595)
	at org.apache.maven.surefire.booter.ForkedBooter.main(ForkedBooter.java:581)
]]></failure>
    <system-out><![CDATA[13:18:17.715 [main] DEBUG org.apache.http.impl.conn.BasicClientConnectionManager - Get connection for route {}->http://13.60.22.209:7081
13:18:17.715 [main] DEBUG org.apache.http.impl.conn.DefaultClientConnectionOperator - Connecting to 13.60.22.209:7081
13:18:17.953 [main] DEBUG org.apache.http.client.protocol.RequestAddCookies - CookieSpec selected: ignoreCookies
13:18:17.953 [main] DEBUG org.apache.http.client.protocol.RequestAuthCache - Auth cache not set in the context
13:18:17.953 [main] DEBUG org.apache.http.client.protocol.RequestTargetAuthentication - Target auth state: UNCHALLENGED
13:18:17.953 [main] DEBUG org.apache.http.client.protocol.RequestProxyAuthentication - Proxy auth state: UNCHALLENGED
13:18:17.953 [main] DEBUG org.apache.http.impl.client.DefaultHttpClient - Attempt 1 to execute request
13:18:17.953 [main] DEBUG org.apache.http.impl.conn.DefaultClientConnection - Sending request: PUT /api/books/1 HTTP/1.1
13:18:17.953 [main] DEBUG org.apache.http.wire -  >> "PUT /api/books/1 HTTP/1.1[\r][\n]"
13:18:17.953 [main] DEBUG org.apache.http.wire -  >> "Accept: */*[\r][\n]"
13:18:17.953 [main] DEBUG org.apache.http.wire -  >> "Content-Type: application/json[\r][\n]"
13:18:17.953 [main] DEBUG org.apache.http.wire -  >> "Content-Length: 66[\r][\n]"
13:18:17.953 [main] DEBUG org.apache.http.wire -  >> "Host: 13.60.22.209:7081[\r][\n]"
13:18:17.953 [main] DEBUG org.apache.http.wire -  >> "Connection: Keep-Alive[\r][\n]"
13:18:17.953 [main] DEBUG org.apache.http.wire -  >> "User-Agent: Apache-HttpClient/4.5.13 (Java/17.0.13)[\r][\n]"
13:18:17.953 [main] DEBUG org.apache.http.wire -  >> "Accept-Encoding: gzip,deflate[\r][\n]"
13:18:17.953 [main] DEBUG org.apache.http.wire -  >> "[\r][\n]"
13:18:17.953 [main] DEBUG org.apache.http.headers - >> PUT /api/books/1 HTTP/1.1
13:18:17.953 [main] DEBUG org.apache.http.headers - >> Accept: */*
13:18:17.953 [main] DEBUG org.apache.http.headers - >> Content-Type: application/json
13:18:17.953 [main] DEBUG org.apache.http.headers - >> Content-Length: 66
13:18:17.953 [main] DEBUG org.apache.http.headers - >> Host: 13.60.22.209:7081
13:18:17.953 [main] DEBUG org.apache.http.headers - >> Connection: Keep-Alive
13:18:17.953 [main] DEBUG org.apache.http.headers - >> User-Agent: Apache-HttpClient/4.5.13 (Java/17.0.13)
13:18:17.953 [main] DEBUG org.apache.http.headers - >> Accept-Encoding: gzip,deflate
13:18:17.953 [main] DEBUG org.apache.http.wire -  >> "{"author":"UpdatedAuthor101","id":1,"title":"UpdatedBookTitle102"}"
13:18:18.159 [main] DEBUG org.apache.http.wire -  << "HTTP/1.1 401 [\r][\n]"
13:18:18.159 [main] DEBUG org.apache.http.wire -  << "Set-Cookie: JSESSIONID=505FE3F5A55FF67B10030F9886E0B6CC; Path=/; HttpOnly[\r][\n]"
13:18:18.159 [main] DEBUG org.apache.http.wire -  << "WWW-Authenticate: Basic realm="Realm"[\r][\n]"
13:18:18.159 [main] DEBUG org.apache.http.wire -  << "X-Content-Type-Options: nosniff[\r][\n]"
13:18:18.159 [main] DEBUG org.apache.http.wire -  << "X-XSS-Protection: 1; mode=block[\r][\n]"
13:18:18.159 [main] DEBUG org.apache.http.wire -  << "Cache-Control: no-cache, no-store, max-age=0, must-revalidate[\r][\n]"
13:18:18.159 [main] DEBUG org.apache.http.wire -  << "Pragma: no-cache[\r][\n]"
13:18:18.159 [main] DEBUG org.apache.http.wire -  << "Expires: 0[\r][\n]"
13:18:18.159 [main] DEBUG org.apache.http.wire -  << "X-Frame-Options: DENY[\r][\n]"
13:18:18.159 [main] DEBUG org.apache.http.wire -  << "Content-Length: 0[\r][\n]"
13:18:18.159 [main] DEBUG org.apache.http.wire -  << "Date: Thu, 02 Jan 2025 07:48:17 GMT[\r][\n]"
13:18:18.159 [main] DEBUG org.apache.http.wire -  << "Keep-Alive: timeout=60[\r][\n]"
13:18:18.159 [main] DEBUG org.apache.http.wire -  << "Connection: keep-alive[\r][\n]"
13:18:18.159 [main] DEBUG org.apache.http.wire -  << "[\r][\n]"
13:18:18.159 [main] DEBUG org.apache.http.impl.conn.DefaultClientConnection - Receiving response: HTTP/1.1 401 
13:18:18.159 [main] DEBUG org.apache.http.headers - << HTTP/1.1 401 
13:18:18.159 [main] DEBUG org.apache.http.headers - << Set-Cookie: JSESSIONID=505FE3F5A55FF67B10030F9886E0B6CC; Path=/; HttpOnly
13:18:18.159 [main] DEBUG org.apache.http.headers - << WWW-Authenticate: Basic realm="Realm"
13:18:18.159 [main] DEBUG org.apache.http.headers - << X-Content-Type-Options: nosniff
13:18:18.159 [main] DEBUG org.apache.http.headers - << X-XSS-Protection: 1; mode=block
13:18:18.159 [main] DEBUG org.apache.http.headers - << Cache-Control: no-cache, no-store, max-age=0, must-revalidate
13:18:18.159 [main] DEBUG org.apache.http.headers - << Pragma: no-cache
13:18:18.159 [main] DEBUG org.apache.http.headers - << Expires: 0
13:18:18.159 [main] DEBUG org.apache.http.headers - << X-Frame-Options: DENY
13:18:18.159 [main] DEBUG org.apache.http.headers - << Content-Length: 0
13:18:18.159 [main] DEBUG org.apache.http.headers - << Date: Thu, 02 Jan 2025 07:48:17 GMT
13:18:18.159 [main] DEBUG org.apache.http.headers - << Keep-Alive: timeout=60
13:18:18.159 [main] DEBUG org.apache.http.headers - << Connection: keep-alive
13:18:18.160 [main] DEBUG org.apache.http.impl.client.DefaultHttpClient - Connection can be kept alive for 60000 MILLISECONDS
13:18:18.160 [main] DEBUG org.apache.http.impl.client.DefaultHttpClient - Authentication required
13:18:18.160 [main] DEBUG org.apache.http.impl.client.DefaultHttpClient - 13.60.22.209:7081 requested authentication
13:18:18.160 [main] DEBUG org.apache.http.impl.client.TargetAuthenticationStrategy - Authentication schemes in the order of preference: [Negotiate, Kerberos, NTLM, CredSSP, Digest, Basic]
13:18:18.160 [main] DEBUG org.apache.http.impl.client.TargetAuthenticationStrategy - Challenge for Negotiate authentication scheme not available
13:18:18.160 [main] DEBUG org.apache.http.impl.client.TargetAuthenticationStrategy - Challenge for Kerberos authentication scheme not available
13:18:18.160 [main] DEBUG org.apache.http.impl.client.TargetAuthenticationStrategy - Challenge for NTLM authentication scheme not available
13:18:18.160 [main] DEBUG org.apache.http.impl.client.TargetAuthenticationStrategy - Challenge for CredSSP authentication scheme not available
13:18:18.160 [main] DEBUG org.apache.http.impl.client.TargetAuthenticationStrategy - Challenge for Digest authentication scheme not available
13:18:18.160 [main] DEBUG org.apache.http.impl.client.DefaultHttpClient - Selected authentication options: [BASIC [complete=true]]
13:18:18.160 [main] DEBUG org.apache.http.client.protocol.RequestAddCookies - CookieSpec selected: ignoreCookies
13:18:18.160 [main] DEBUG org.apache.http.client.protocol.RequestAuthCache - Auth cache not set in the context
13:18:18.160 [main] DEBUG org.apache.http.client.protocol.RequestTargetAuthentication - Target auth state: CHALLENGED
13:18:18.160 [main] DEBUG org.apache.http.client.protocol.RequestTargetAuthentication - Generating response to an authentication challenge using basic scheme
13:18:18.160 [main] DEBUG org.apache.http.client.protocol.RequestProxyAuthentication - Proxy auth state: UNCHALLENGED
13:18:18.160 [main] DEBUG org.apache.http.impl.client.DefaultHttpClient - Attempt 2 to execute request
13:18:18.160 [main] DEBUG org.apache.http.impl.conn.DefaultClientConnection - Sending request: PUT /api/books/1 HTTP/1.1
13:18:18.160 [main] DEBUG org.apache.http.wire -  >> "PUT /api/books/1 HTTP/1.1[\r][\n]"
13:18:18.160 [main] DEBUG org.apache.http.wire -  >> "Accept: */*[\r][\n]"
13:18:18.160 [main] DEBUG org.apache.http.wire -  >> "Content-Type: application/json[\r][\n]"
13:18:18.160 [main] DEBUG org.apache.http.wire -  >> "Content-Length: 66[\r][\n]"
13:18:18.160 [main] DEBUG org.apache.http.wire -  >> "Host: 13.60.22.209:7081[\r][\n]"
13:18:18.160 [main] DEBUG org.apache.http.wire -  >> "Connection: Keep-Alive[\r][\n]"
13:18:18.160 [main] DEBUG org.apache.http.wire -  >> "User-Agent: Apache-HttpClient/4.5.13 (Java/17.0.13)[\r][\n]"
13:18:18.160 [main] DEBUG org.apache.http.wire -  >> "Authorization: Basic YWRtaW46cGFzc3dvcmQ=[\r][\n]"
13:18:18.160 [main] DEBUG org.apache.http.wire -  >> "Accept-Encoding: gzip,deflate[\r][\n]"
13:18:18.160 [main] DEBUG org.apache.http.wire -  >> "[\r][\n]"
13:18:18.160 [main] DEBUG org.apache.http.headers - >> PUT /api/books/1 HTTP/1.1
13:18:18.160 [main] DEBUG org.apache.http.headers - >> Accept: */*
13:18:18.160 [main] DEBUG org.apache.http.headers - >> Content-Type: application/json
13:18:18.160 [main] DEBUG org.apache.http.headers - >> Content-Length: 66
13:18:18.160 [main] DEBUG org.apache.http.headers - >> Host: 13.60.22.209:7081
13:18:18.160 [main] DEBUG org.apache.http.headers - >> Connection: Keep-Alive
13:18:18.160 [main] DEBUG org.apache.http.headers - >> User-Agent: Apache-HttpClient/4.5.13 (Java/17.0.13)
13:18:18.160 [main] DEBUG org.apache.http.headers - >> Authorization: Basic YWRtaW46cGFzc3dvcmQ=
13:18:18.160 [main] DEBUG org.apache.http.headers - >> Accept-Encoding: gzip,deflate
13:18:18.161 [main] DEBUG org.apache.http.wire -  >> "{"author":"UpdatedAuthor101","id":1,"title":"UpdatedBookTitle102"}"
13:18:18.478 [main] DEBUG org.apache.http.wire -  << "HTTP/1.1 404 [\r][\n]"
13:18:18.478 [main] DEBUG org.apache.http.wire -  << "Set-Cookie: JSESSIONID=8163930E91D8518D524F24C6B0739B55; Path=/; HttpOnly[\r][\n]"
13:18:18.478 [main] DEBUG org.apache.http.wire -  << "X-Content-Type-Options: nosniff[\r][\n]"
13:18:18.478 [main] DEBUG org.apache.http.wire -  << "X-XSS-Protection: 1; mode=block[\r][\n]"
13:18:18.478 [main] DEBUG org.apache.http.wire -  << "Cache-Control: no-cache, no-store, max-age=0, must-revalidate[\r][\n]"
13:18:18.478 [main] DEBUG org.apache.http.wire -  << "Pragma: no-cache[\r][\n]"
13:18:18.478 [main] DEBUG org.apache.http.wire -  << "Expires: 0[\r][\n]"
13:18:18.478 [main] DEBUG org.apache.http.wire -  << "X-Frame-Options: DENY[\r][\n]"
13:18:18.478 [main] DEBUG org.apache.http.wire -  << "Content-Type: text/plain;charset=UTF-8[\r][\n]"
13:18:18.478 [main] DEBUG org.apache.http.wire -  << "Content-Length: 14[\r][\n]"
13:18:18.478 [main] DEBUG org.apache.http.wire -  << "Date: Thu, 02 Jan 2025 07:48:17 GMT[\r][\n]"
13:18:18.478 [main] DEBUG org.apache.http.wire -  << "Keep-Alive: timeout=60[\r][\n]"
13:18:18.478 [main] DEBUG org.apache.http.wire -  << "Connection: keep-alive[\r][\n]"
13:18:18.478 [main] DEBUG org.apache.http.wire -  << "[\r][\n]"
13:18:18.478 [main] DEBUG org.apache.http.impl.conn.DefaultClientConnection - Receiving response: HTTP/1.1 404 
13:18:18.478 [main] DEBUG org.apache.http.headers - << HTTP/1.1 404 
13:18:18.478 [main] DEBUG org.apache.http.headers - << Set-Cookie: JSESSIONID=8163930E91D8518D524F24C6B0739B55; Path=/; HttpOnly
13:18:18.478 [main] DEBUG org.apache.http.headers - << X-Content-Type-Options: nosniff
13:18:18.478 [main] DEBUG org.apache.http.headers - << X-XSS-Protection: 1; mode=block
13:18:18.478 [main] DEBUG org.apache.http.headers - << Cache-Control: no-cache, no-store, max-age=0, must-revalidate
13:18:18.478 [main] DEBUG org.apache.http.headers - << Pragma: no-cache
13:18:18.478 [main] DEBUG org.apache.http.headers - << Expires: 0
13:18:18.478 [main] DEBUG org.apache.http.headers - << X-Frame-Options: DENY
13:18:18.478 [main] DEBUG org.apache.http.headers - << Content-Type: text/plain;charset=UTF-8
13:18:18.478 [main] DEBUG org.apache.http.headers - << Content-Length: 14
13:18:18.478 [main] DEBUG org.apache.http.headers - << Date: Thu, 02 Jan 2025 07:48:17 GMT
13:18:18.478 [main] DEBUG org.apache.http.headers - << Keep-Alive: timeout=60
13:18:18.478 [main] DEBUG org.apache.http.headers - << Connection: keep-alive
13:18:18.478 [main] DEBUG org.apache.http.impl.client.DefaultHttpClient - Connection can be kept alive for 60000 MILLISECONDS
13:18:18.478 [main] DEBUG org.apache.http.impl.client.DefaultHttpClient - Authentication succeeded
13:18:18.478 [main] DEBUG org.apache.http.impl.client.TargetAuthenticationStrategy - Caching 'basic' auth scheme for http://13.60.22.209:7081
13:18:18.478 [main] DEBUG io.restassured.internal.RestAssuredHttpBuilder - Parsing response as: text/plain;charset=UTF-8
13:18:18.478 [main] DEBUG io.restassured.internal.RestAssuredHttpBuilder - Parsed data to instance of: class org.apache.http.conn.EofSensorInputStream
Response Status Code: 404
13:18:18.482 [main] DEBUG org.apache.http.wire -  << "Book not found"
13:18:18.482 [main] DEBUG org.apache.http.impl.conn.BasicClientConnectionManager - Releasing connection org.apache.http.impl.conn.ManagedClientConnectionImpl@1e60b459
13:18:18.482 [main] DEBUG org.apache.http.impl.conn.BasicClientConnectionManager - Connection can be kept alive for 60000 MILLISECONDS
Book not found
]]></system-out>
  </testcase>
  <testcase name="testUpdateBookWithValidDataAsUser" classname="TestCases.PutBookAPITests" time="0.917">
    <failure message="Response should indicate forbidden access expected [true] but found [false]" type="java.lang.AssertionError"><![CDATA[java.lang.AssertionError: Response should indicate forbidden access expected [true] but found [false]
	at org.testng.Assert.fail(Assert.java:110)
	at org.testng.Assert.failNotEquals(Assert.java:1413)
	at org.testng.Assert.assertTrue(Assert.java:56)
	at TestCases.PutBookAPITests.testUpdateBookWithValidDataAsUser(PutBookAPITests.java:67)
	at java.base/jdk.internal.reflect.NativeMethodAccessorImpl.invoke0(Native Method)
	at java.base/jdk.internal.reflect.NativeMethodAccessorImpl.invoke(NativeMethodAccessorImpl.java:77)
	at java.base/jdk.internal.reflect.DelegatingMethodAccessorImpl.invoke(DelegatingMethodAccessorImpl.java:43)
	at java.base/java.lang.reflect.Method.invoke(Method.java:569)
	at org.testng.internal.invokers.MethodInvocationHelper.invokeMethod(MethodInvocationHelper.java:139)
	at org.testng.internal.invokers.TestInvoker.invokeMethod(TestInvoker.java:677)
	at org.testng.internal.invokers.TestInvoker.invokeTestMethod(TestInvoker.java:221)
	at org.testng.internal.invokers.MethodRunner.runInSequence(MethodRunner.java:50)
	at org.testng.internal.invokers.TestInvoker$MethodInvocationAgent.invoke(TestInvoker.java:969)
	at org.testng.internal.invokers.TestInvoker.invokeTestMethods(TestInvoker.java:194)
	at org.testng.internal.invokers.TestMethodWorker.invokeTestMethods(TestMethodWorker.java:148)
	at org.testng.internal.invokers.TestMethodWorker.run(TestMethodWorker.java:128)
	at java.base/java.util.ArrayList.forEach(ArrayList.java:1511)
	at org.testng.TestRunner.privateRun(TestRunner.java:829)
	at org.testng.TestRunner.run(TestRunner.java:602)
	at org.testng.SuiteRunner.runTest(SuiteRunner.java:437)
	at org.testng.SuiteRunner.runSequentially(SuiteRunner.java:431)
	at org.testng.SuiteRunner.privateRun(SuiteRunner.java:391)
	at org.testng.SuiteRunner.run(SuiteRunner.java:330)
	at org.testng.SuiteRunnerWorker.runSuite(SuiteRunnerWorker.java:52)
	at org.testng.SuiteRunnerWorker.run(SuiteRunnerWorker.java:95)
	at org.testng.TestNG.runSuitesSequentially(TestNG.java:1256)
	at org.testng.TestNG.runSuitesLocally(TestNG.java:1176)
	at org.testng.TestNG.runSuites(TestNG.java:1099)
	at org.testng.TestNG.run(TestNG.java:1067)
	at org.apache.maven.surefire.testng.TestNGExecutor.run(TestNGExecutor.java:151)
	at org.apache.maven.surefire.testng.TestNGDirectoryTestSuite.executeMulti(TestNGDirectoryTestSuite.java:192)
	at org.apache.maven.surefire.testng.TestNGDirectoryTestSuite.execute(TestNGDirectoryTestSuite.java:93)
	at org.apache.maven.surefire.testng.TestNGProvider.invoke(TestNGProvider.java:155)
	at org.apache.maven.surefire.booter.ForkedBooter.runSuitesInProcess(ForkedBooter.java:456)
	at org.apache.maven.surefire.booter.ForkedBooter.execute(ForkedBooter.java:169)
	at org.apache.maven.surefire.booter.ForkedBooter.run(ForkedBooter.java:595)
	at org.apache.maven.surefire.booter.ForkedBooter.main(ForkedBooter.java:581)
]]></failure>
    <system-out><![CDATA[13:18:18.519 [main] DEBUG org.apache.http.impl.conn.BasicClientConnectionManager - Get connection for route {}->http://13.60.22.209:7081
13:18:18.519 [main] DEBUG org.apache.http.impl.conn.DefaultClientConnectionOperator - Connecting to 13.60.22.209:7081
13:18:18.777 [main] DEBUG org.apache.http.client.protocol.RequestAddCookies - CookieSpec selected: ignoreCookies
13:18:18.777 [main] DEBUG org.apache.http.client.protocol.RequestAuthCache - Auth cache not set in the context
13:18:18.777 [main] DEBUG org.apache.http.client.protocol.RequestTargetAuthentication - Target auth state: UNCHALLENGED
13:18:18.777 [main] DEBUG org.apache.http.client.protocol.RequestProxyAuthentication - Proxy auth state: UNCHALLENGED
13:18:18.778 [main] DEBUG org.apache.http.impl.client.DefaultHttpClient - Attempt 1 to execute request
13:18:18.778 [main] DEBUG org.apache.http.impl.conn.DefaultClientConnection - Sending request: PUT /api/books/1 HTTP/1.1
13:18:18.778 [main] DEBUG org.apache.http.wire -  >> "PUT /api/books/1 HTTP/1.1[\r][\n]"
13:18:18.778 [main] DEBUG org.apache.http.wire -  >> "Accept: */*[\r][\n]"
13:18:18.778 [main] DEBUG org.apache.http.wire -  >> "Content-Type: application/json[\r][\n]"
13:18:18.778 [main] DEBUG org.apache.http.wire -  >> "Content-Length: 63[\r][\n]"
13:18:18.778 [main] DEBUG org.apache.http.wire -  >> "Host: 13.60.22.209:7081[\r][\n]"
13:18:18.778 [main] DEBUG org.apache.http.wire -  >> "Connection: Keep-Alive[\r][\n]"
13:18:18.778 [main] DEBUG org.apache.http.wire -  >> "User-Agent: Apache-HttpClient/4.5.13 (Java/17.0.13)[\r][\n]"
13:18:18.778 [main] DEBUG org.apache.http.wire -  >> "Accept-Encoding: gzip,deflate[\r][\n]"
13:18:18.778 [main] DEBUG org.apache.http.wire -  >> "[\r][\n]"
13:18:18.778 [main] DEBUG org.apache.http.headers - >> PUT /api/books/1 HTTP/1.1
13:18:18.778 [main] DEBUG org.apache.http.headers - >> Accept: */*
13:18:18.778 [main] DEBUG org.apache.http.headers - >> Content-Type: application/json
13:18:18.778 [main] DEBUG org.apache.http.headers - >> Content-Length: 63
13:18:18.778 [main] DEBUG org.apache.http.headers - >> Host: 13.60.22.209:7081
13:18:18.778 [main] DEBUG org.apache.http.headers - >> Connection: Keep-Alive
13:18:18.778 [main] DEBUG org.apache.http.headers - >> User-Agent: Apache-HttpClient/4.5.13 (Java/17.0.13)
13:18:18.778 [main] DEBUG org.apache.http.headers - >> Accept-Encoding: gzip,deflate
13:18:18.778 [main] DEBUG org.apache.http.wire -  >> "{"author":"Updated Author","id":1,"title":"Updated Book Title"}"
13:18:19.051 [main] DEBUG org.apache.http.wire -  << "HTTP/1.1 401 [\r][\n]"
13:18:19.051 [main] DEBUG org.apache.http.wire -  << "Set-Cookie: JSESSIONID=EE5209AA7870C48AA91050DF3B96F072; Path=/; HttpOnly[\r][\n]"
13:18:19.051 [main] DEBUG org.apache.http.wire -  << "WWW-Authenticate: Basic realm="Realm"[\r][\n]"
13:18:19.051 [main] DEBUG org.apache.http.wire -  << "X-Content-Type-Options: nosniff[\r][\n]"
13:18:19.051 [main] DEBUG org.apache.http.wire -  << "X-XSS-Protection: 1; mode=block[\r][\n]"
13:18:19.051 [main] DEBUG org.apache.http.wire -  << "Cache-Control: no-cache, no-store, max-age=0, must-revalidate[\r][\n]"
13:18:19.051 [main] DEBUG org.apache.http.wire -  << "Pragma: no-cache[\r][\n]"
13:18:19.051 [main] DEBUG org.apache.http.wire -  << "Expires: 0[\r][\n]"
13:18:19.051 [main] DEBUG org.apache.http.wire -  << "X-Frame-Options: DENY[\r][\n]"
13:18:19.051 [main] DEBUG org.apache.http.wire -  << "Content-Length: 0[\r][\n]"
13:18:19.051 [main] DEBUG org.apache.http.wire -  << "Date: Thu, 02 Jan 2025 07:48:19 GMT[\r][\n]"
13:18:19.051 [main] DEBUG org.apache.http.wire -  << "Keep-Alive: timeout=60[\r][\n]"
13:18:19.051 [main] DEBUG org.apache.http.wire -  << "Connection: keep-alive[\r][\n]"
13:18:19.051 [main] DEBUG org.apache.http.wire -  << "[\r][\n]"
13:18:19.052 [main] DEBUG org.apache.http.impl.conn.DefaultClientConnection - Receiving response: HTTP/1.1 401 
13:18:19.052 [main] DEBUG org.apache.http.headers - << HTTP/1.1 401 
13:18:19.052 [main] DEBUG org.apache.http.headers - << Set-Cookie: JSESSIONID=EE5209AA7870C48AA91050DF3B96F072; Path=/; HttpOnly
13:18:19.052 [main] DEBUG org.apache.http.headers - << WWW-Authenticate: Basic realm="Realm"
13:18:19.052 [main] DEBUG org.apache.http.headers - << X-Content-Type-Options: nosniff
13:18:19.052 [main] DEBUG org.apache.http.headers - << X-XSS-Protection: 1; mode=block
13:18:19.052 [main] DEBUG org.apache.http.headers - << Cache-Control: no-cache, no-store, max-age=0, must-revalidate
13:18:19.052 [main] DEBUG org.apache.http.headers - << Pragma: no-cache
13:18:19.052 [main] DEBUG org.apache.http.headers - << Expires: 0
13:18:19.052 [main] DEBUG org.apache.http.headers - << X-Frame-Options: DENY
13:18:19.052 [main] DEBUG org.apache.http.headers - << Content-Length: 0
13:18:19.052 [main] DEBUG org.apache.http.headers - << Date: Thu, 02 Jan 2025 07:48:19 GMT
13:18:19.052 [main] DEBUG org.apache.http.headers - << Keep-Alive: timeout=60
13:18:19.052 [main] DEBUG org.apache.http.headers - << Connection: keep-alive
13:18:19.053 [main] DEBUG org.apache.http.impl.client.DefaultHttpClient - Connection can be kept alive for 60000 MILLISECONDS
13:18:19.053 [main] DEBUG org.apache.http.impl.client.DefaultHttpClient - Authentication required
13:18:19.053 [main] DEBUG org.apache.http.impl.client.DefaultHttpClient - 13.60.22.209:7081 requested authentication
13:18:19.053 [main] DEBUG org.apache.http.impl.client.TargetAuthenticationStrategy - Authentication schemes in the order of preference: [Negotiate, Kerberos, NTLM, CredSSP, Digest, Basic]
13:18:19.053 [main] DEBUG org.apache.http.impl.client.TargetAuthenticationStrategy - Challenge for Negotiate authentication scheme not available
13:18:19.053 [main] DEBUG org.apache.http.impl.client.TargetAuthenticationStrategy - Challenge for Kerberos authentication scheme not available
13:18:19.053 [main] DEBUG org.apache.http.impl.client.TargetAuthenticationStrategy - Challenge for NTLM authentication scheme not available
13:18:19.053 [main] DEBUG org.apache.http.impl.client.TargetAuthenticationStrategy - Challenge for CredSSP authentication scheme not available
13:18:19.053 [main] DEBUG org.apache.http.impl.client.TargetAuthenticationStrategy - Challenge for Digest authentication scheme not available
13:18:19.053 [main] DEBUG org.apache.http.impl.client.DefaultHttpClient - Selected authentication options: [BASIC [complete=true]]
13:18:19.053 [main] DEBUG org.apache.http.client.protocol.RequestAddCookies - CookieSpec selected: ignoreCookies
13:18:19.054 [main] DEBUG org.apache.http.client.protocol.RequestAuthCache - Auth cache not set in the context
13:18:19.054 [main] DEBUG org.apache.http.client.protocol.RequestTargetAuthentication - Target auth state: CHALLENGED
13:18:19.054 [main] DEBUG org.apache.http.client.protocol.RequestTargetAuthentication - Generating response to an authentication challenge using basic scheme
13:18:19.054 [main] DEBUG org.apache.http.client.protocol.RequestProxyAuthentication - Proxy auth state: UNCHALLENGED
13:18:19.054 [main] DEBUG org.apache.http.impl.client.DefaultHttpClient - Attempt 2 to execute request
13:18:19.054 [main] DEBUG org.apache.http.impl.conn.DefaultClientConnection - Sending request: PUT /api/books/1 HTTP/1.1
13:18:19.054 [main] DEBUG org.apache.http.wire -  >> "PUT /api/books/1 HTTP/1.1[\r][\n]"
13:18:19.054 [main] DEBUG org.apache.http.wire -  >> "Accept: */*[\r][\n]"
13:18:19.054 [main] DEBUG org.apache.http.wire -  >> "Content-Type: application/json[\r][\n]"
13:18:19.054 [main] DEBUG org.apache.http.wire -  >> "Content-Length: 63[\r][\n]"
13:18:19.054 [main] DEBUG org.apache.http.wire -  >> "Host: 13.60.22.209:7081[\r][\n]"
13:18:19.054 [main] DEBUG org.apache.http.wire -  >> "Connection: Keep-Alive[\r][\n]"
13:18:19.054 [main] DEBUG org.apache.http.wire -  >> "User-Agent: Apache-HttpClient/4.5.13 (Java/17.0.13)[\r][\n]"
13:18:19.054 [main] DEBUG org.apache.http.wire -  >> "Authorization: Basic dXNlcjpwYXNzd29yZA==[\r][\n]"
13:18:19.054 [main] DEBUG org.apache.http.wire -  >> "Accept-Encoding: gzip,deflate[\r][\n]"
13:18:19.054 [main] DEBUG org.apache.http.wire -  >> "[\r][\n]"
13:18:19.054 [main] DEBUG org.apache.http.headers - >> PUT /api/books/1 HTTP/1.1
13:18:19.054 [main] DEBUG org.apache.http.headers - >> Accept: */*
13:18:19.054 [main] DEBUG org.apache.http.headers - >> Content-Type: application/json
13:18:19.054 [main] DEBUG org.apache.http.headers - >> Content-Length: 63
13:18:19.054 [main] DEBUG org.apache.http.headers - >> Host: 13.60.22.209:7081
13:18:19.054 [main] DEBUG org.apache.http.headers - >> Connection: Keep-Alive
13:18:19.054 [main] DEBUG org.apache.http.headers - >> User-Agent: Apache-HttpClient/4.5.13 (Java/17.0.13)
13:18:19.054 [main] DEBUG org.apache.http.headers - >> Authorization: Basic dXNlcjpwYXNzd29yZA==
13:18:19.054 [main] DEBUG org.apache.http.headers - >> Accept-Encoding: gzip,deflate
13:18:19.054 [main] DEBUG org.apache.http.wire -  >> "{"author":"Updated Author","id":1,"title":"Updated Book Title"}"
13:18:19.405 [main] DEBUG org.apache.http.wire -  << "HTTP/1.1 403 [\r][\n]"
13:18:19.405 [main] DEBUG org.apache.http.wire -  << "Set-Cookie: JSESSIONID=C7CA1F96E483E252A8D407A198015429; Path=/; HttpOnly[\r][\n]"
13:18:19.405 [main] DEBUG org.apache.http.wire -  << "X-Content-Type-Options: nosniff[\r][\n]"
13:18:19.405 [main] DEBUG org.apache.http.wire -  << "X-XSS-Protection: 1; mode=block[\r][\n]"
13:18:19.405 [main] DEBUG org.apache.http.wire -  << "Cache-Control: no-cache, no-store, max-age=0, must-revalidate[\r][\n]"
13:18:19.405 [main] DEBUG org.apache.http.wire -  << "Pragma: no-cache[\r][\n]"
13:18:19.405 [main] DEBUG org.apache.http.wire -  << "Expires: 0[\r][\n]"
13:18:19.405 [main] DEBUG org.apache.http.wire -  << "X-Frame-Options: DENY[\r][\n]"
13:18:19.405 [main] DEBUG org.apache.http.wire -  << "Content-Type: text/plain;charset=UTF-8[\r][\n]"
13:18:19.405 [main] DEBUG org.apache.http.wire -  << "Content-Length: 22[\r][\n]"
13:18:19.405 [main] DEBUG org.apache.http.wire -  << "Date: Thu, 02 Jan 2025 07:48:19 GMT[\r][\n]"
13:18:19.405 [main] DEBUG org.apache.http.wire -  << "Keep-Alive: timeout=60[\r][\n]"
13:18:19.405 [main] DEBUG org.apache.http.wire -  << "Connection: keep-alive[\r][\n]"
13:18:19.405 [main] DEBUG org.apache.http.wire -  << "[\r][\n]"
13:18:19.405 [main] DEBUG org.apache.http.impl.conn.DefaultClientConnection - Receiving response: HTTP/1.1 403 
13:18:19.405 [main] DEBUG org.apache.http.headers - << HTTP/1.1 403 
13:18:19.405 [main] DEBUG org.apache.http.headers - << Set-Cookie: JSESSIONID=C7CA1F96E483E252A8D407A198015429; Path=/; HttpOnly
13:18:19.405 [main] DEBUG org.apache.http.headers - << X-Content-Type-Options: nosniff
13:18:19.405 [main] DEBUG org.apache.http.headers - << X-XSS-Protection: 1; mode=block
13:18:19.405 [main] DEBUG org.apache.http.headers - << Cache-Control: no-cache, no-store, max-age=0, must-revalidate
13:18:19.405 [main] DEBUG org.apache.http.headers - << Pragma: no-cache
13:18:19.405 [main] DEBUG org.apache.http.headers - << Expires: 0
13:18:19.405 [main] DEBUG org.apache.http.headers - << X-Frame-Options: DENY
13:18:19.405 [main] DEBUG org.apache.http.headers - << Content-Type: text/plain;charset=UTF-8
13:18:19.405 [main] DEBUG org.apache.http.headers - << Content-Length: 22
13:18:19.405 [main] DEBUG org.apache.http.headers - << Date: Thu, 02 Jan 2025 07:48:19 GMT
13:18:19.405 [main] DEBUG org.apache.http.headers - << Keep-Alive: timeout=60
13:18:19.405 [main] DEBUG org.apache.http.headers - << Connection: keep-alive
13:18:19.405 [main] DEBUG org.apache.http.impl.client.DefaultHttpClient - Connection can be kept alive for 60000 MILLISECONDS
13:18:19.405 [main] DEBUG org.apache.http.impl.client.DefaultHttpClient - Authentication succeeded
13:18:19.405 [main] DEBUG org.apache.http.impl.client.TargetAuthenticationStrategy - Caching 'basic' auth scheme for http://13.60.22.209:7081
13:18:19.406 [main] DEBUG io.restassured.internal.RestAssuredHttpBuilder - Parsing response as: text/plain;charset=UTF-8
13:18:19.406 [main] DEBUG io.restassured.internal.RestAssuredHttpBuilder - Parsed data to instance of: class org.apache.http.conn.EofSensorInputStream
13:18:19.407 [main] DEBUG org.apache.http.wire -  << "User is not permitted."
13:18:19.407 [main] DEBUG org.apache.http.impl.conn.BasicClientConnectionManager - Releasing connection org.apache.http.impl.conn.ManagedClientConnectionImpl@3a1706e1
13:18:19.407 [main] DEBUG org.apache.http.impl.conn.BasicClientConnectionManager - Connection can be kept alive for 60000 MILLISECONDS
]]></system-out>
  </testcase>
  <testcase name="testAccessibilityOfLinks" classname="UITestCases.BuggyCarsUITests" time="0.219">
    <system-out><![CDATA[13:18:19.430 [main] DEBUG io.github.bonigarcia.wdm.WebDriverManager - Using WebDriverManager 5.5.3
13:18:19.559 [Finalizer] DEBUG org.apache.http.impl.conn.DefaultClientConnection - Connection 0.0.0.0:53975<->13.60.22.209:7081 closed
13:18:19.559 [Finalizer] DEBUG org.apache.http.impl.conn.DefaultClientConnection - Connection 0.0.0.0:53973<->13.60.22.209:7081 closed
13:18:19.559 [Finalizer] DEBUG org.apache.http.impl.conn.DefaultClientConnection - Connection 0.0.0.0:53972<->13.60.22.209:7081 closed
13:18:19.559 [Finalizer] DEBUG org.apache.http.impl.conn.DefaultClientConnection - Connection 0.0.0.0:53971<->13.60.22.209:7081 closed
13:18:19.559 [Finalizer] DEBUG org.apache.http.impl.conn.DefaultClientConnection - Connection 0.0.0.0:53970<->13.60.22.209:7081 closed
13:18:19.559 [Finalizer] DEBUG org.apache.http.impl.conn.DefaultClientConnection - Connection 0.0.0.0:53969<->13.60.22.209:7081 closed
13:18:19.560 [Finalizer] DEBUG org.apache.http.impl.conn.DefaultClientConnection - Connection 0.0.0.0:53968<->13.60.22.209:7081 closed
13:18:19.560 [Finalizer] DEBUG org.apache.http.impl.conn.DefaultClientConnection - Connection 0.0.0.0:53982<->13.60.22.209:7081 closed
13:18:19.560 [Finalizer] DEBUG org.apache.http.impl.conn.DefaultClientConnection - Connection 0.0.0.0:53981<->13.60.22.209:7081 closed
13:18:19.560 [Finalizer] DEBUG org.apache.http.impl.conn.DefaultClientConnection - Connection 0.0.0.0:53978<->13.60.22.209:7081 closed
13:18:19.560 [Finalizer] DEBUG org.apache.http.impl.conn.DefaultClientConnection - Connection 0.0.0.0:53977<->13.60.22.209:7081 closed
13:18:19.560 [Finalizer] DEBUG org.apache.http.impl.conn.DefaultClientConnection - Connection 0.0.0.0:53976<->13.60.22.209:7081 closed
13:18:19.601 [main] DEBUG io.github.bonigarcia.wdm.cache.ResolutionCache - Resolution chrome=131 in cache (valid until 13:56:25 02/01/2025 IST)
13:18:19.602 [main] DEBUG io.github.bonigarcia.wdm.cache.ResolutionCache - Resolution chrome131=131.0.6778.204 in cache (valid until 12:56:25 03/01/2025 IST)
13:18:19.603 [main] INFO io.github.bonigarcia.wdm.WebDriverManager - Using chromedriver 131.0.6778.204 (resolved driver for Chrome 131)
13:18:19.619 [main] DEBUG io.github.bonigarcia.wdm.WebDriverManager - Driver chromedriver 131.0.6778.204 found in cache
13:18:19.623 [main] INFO io.github.bonigarcia.wdm.WebDriverManager - Exporting webdriver.chrome.driver as C:\Users\ASUS\.cache\selenium\chromedriver\win64\131.0.6778.204\chromedriver.exe
13:18:19.720 [main] DEBUG io.netty.util.internal.logging.InternalLoggerFactory - Using SLF4J as the default logging framework
13:18:19.723 [main] DEBUG io.netty.util.ResourceLeakDetector - -Dio.netty.leakDetection.level: simple
13:18:19.723 [main] DEBUG io.netty.util.ResourceLeakDetector - -Dio.netty.leakDetection.targetRecords: 4
13:18:19.725 [main] DEBUG io.netty.util.ResourceLeakDetectorFactory - Loaded default ResourceLeakDetector: io.netty.util.ResourceLeakDetector@37c5284a
13:18:19.741 [main] DEBUG io.netty.util.internal.PlatformDependent0 - -Dio.netty.noUnsafe: false
13:18:19.742 [main] DEBUG io.netty.util.internal.PlatformDependent0 - Java version: 17
13:18:19.745 [main] DEBUG io.netty.util.internal.PlatformDependent0 - sun.misc.Unsafe.theUnsafe: available
13:18:19.745 [main] DEBUG io.netty.util.internal.PlatformDependent0 - sun.misc.Unsafe.copyMemory: available
13:18:19.746 [main] DEBUG io.netty.util.internal.PlatformDependent0 - sun.misc.Unsafe.storeFence: available
13:18:19.746 [main] DEBUG io.netty.util.internal.PlatformDependent0 - java.nio.Buffer.address: available
13:18:19.746 [main] DEBUG io.netty.util.internal.PlatformDependent0 - direct buffer constructor: unavailable: Reflective setAccessible(true) disabled
13:18:19.747 [main] DEBUG io.netty.util.internal.PlatformDependent0 - java.nio.Bits.unaligned: available, true
13:18:19.747 [main] DEBUG io.netty.util.internal.PlatformDependent0 - jdk.internal.misc.Unsafe.allocateUninitializedArray(int): unavailable: class io.netty.util.internal.PlatformDependent0$7 cannot access class jdk.internal.misc.Unsafe (in module java.base) because module java.base does not export jdk.internal.misc to unnamed module @778d1062
13:18:19.748 [main] DEBUG io.netty.util.internal.PlatformDependent0 - java.nio.DirectByteBuffer.<init>(long, {int,long}): unavailable
13:18:19.748 [main] DEBUG io.netty.util.internal.PlatformDependent - sun.misc.Unsafe: available
13:18:19.750 [main] DEBUG io.netty.util.internal.PlatformDependent - maxDirectMemory: 2067791872 bytes (maybe)
13:18:19.750 [main] DEBUG io.netty.util.internal.PlatformDependent - -Dio.netty.tmpdir: C:\Users\ASUS\AppData\Local\Temp (java.io.tmpdir)
13:18:19.750 [main] DEBUG io.netty.util.internal.PlatformDependent - -Dio.netty.bitMode: 64 (sun.arch.data.model)
13:18:19.751 [main] DEBUG io.netty.util.internal.PlatformDependent - Platform: Windows
13:18:19.753 [main] DEBUG io.netty.util.internal.PlatformDependent - -Dio.netty.maxDirectMemory: -1 bytes
13:18:19.753 [main] DEBUG io.netty.util.internal.PlatformDependent - -Dio.netty.uninitializedArrayAllocationThreshold: -1
13:18:19.754 [main] DEBUG io.netty.util.internal.CleanerJava9 - java.nio.ByteBuffer.cleaner(): available
13:18:19.754 [main] DEBUG io.netty.util.internal.PlatformDependent - -Dio.netty.noPreferDirect: false
13:18:19.758 [main] DEBUG io.netty.util.internal.PlatformDependent - org.jctools-core.MpscChunkedArrayQueue: available
13:18:19.771 [main] DEBUG io.netty.util.internal.InternalThreadLocalMap - -Dio.netty.threadLocalMap.stringBuilder.initialSize: 1024
13:18:19.772 [main] DEBUG io.netty.util.internal.InternalThreadLocalMap - -Dio.netty.threadLocalMap.stringBuilder.maxSize: 4096
13:18:19.813 [main] DEBUG io.netty.handler.ssl.JdkSslContext - Default protocols (JDK): [TLSv1.3, TLSv1.2] 
13:18:19.813 [main] DEBUG io.netty.handler.ssl.JdkSslContext - Default cipher suites (JDK): [TLS_ECDHE_ECDSA_WITH_AES_256_GCM_SHA384, TLS_ECDHE_ECDSA_WITH_AES_128_GCM_SHA256, TLS_ECDHE_RSA_WITH_AES_128_GCM_SHA256, TLS_ECDHE_RSA_WITH_AES_256_GCM_SHA384, TLS_ECDHE_RSA_WITH_AES_128_CBC_SHA, TLS_ECDHE_RSA_WITH_AES_256_CBC_SHA, TLS_RSA_WITH_AES_128_GCM_SHA256, TLS_RSA_WITH_AES_128_CBC_SHA, TLS_RSA_WITH_AES_256_CBC_SHA, TLS_AES_128_GCM_SHA256, TLS_AES_256_GCM_SHA384]
13:18:19.821 [main] DEBUG io.netty.util.concurrent.GlobalEventExecutor - -Dio.netty.globalEventExecutor.quietPeriodSeconds: 1
13:18:19.828 [main] DEBUG io.netty.channel.MultithreadEventLoopGroup - -Dio.netty.eventLoopThreads: 16
13:18:19.836 [main] DEBUG io.netty.channel.nio.NioEventLoop - -Dio.netty.noKeySetOptimization: false
13:18:19.836 [main] DEBUG io.netty.channel.nio.NioEventLoop - -Dio.netty.selectorAutoRebuildThreshold: 512
13:18:19.872 [main] DEBUG io.netty.buffer.PooledByteBufAllocator - -Dio.netty.allocator.numHeapArenas: 16
13:18:19.872 [main] DEBUG io.netty.buffer.PooledByteBufAllocator - -Dio.netty.allocator.numDirectArenas: 16
13:18:19.872 [main] DEBUG io.netty.buffer.PooledByteBufAllocator - -Dio.netty.allocator.pageSize: 8192
13:18:19.872 [main] DEBUG io.netty.buffer.PooledByteBufAllocator - -Dio.netty.allocator.maxOrder: 9
13:18:19.872 [main] DEBUG io.netty.buffer.PooledByteBufAllocator - -Dio.netty.allocator.chunkSize: 4194304
13:18:19.872 [main] DEBUG io.netty.buffer.PooledByteBufAllocator - -Dio.netty.allocator.smallCacheSize: 256
13:18:19.872 [main] DEBUG io.netty.buffer.PooledByteBufAllocator - -Dio.netty.allocator.normalCacheSize: 64
13:18:19.872 [main] DEBUG io.netty.buffer.PooledByteBufAllocator - -Dio.netty.allocator.maxCachedBufferCapacity: 32768
13:18:19.872 [main] DEBUG io.netty.buffer.PooledByteBufAllocator - -Dio.netty.allocator.cacheTrimInterval: 8192
13:18:19.872 [main] DEBUG io.netty.buffer.PooledByteBufAllocator - -Dio.netty.allocator.cacheTrimIntervalMillis: 0
13:18:19.872 [main] DEBUG io.netty.buffer.PooledByteBufAllocator - -Dio.netty.allocator.useCacheForAllThreads: false
13:18:19.872 [main] DEBUG io.netty.buffer.PooledByteBufAllocator - -Dio.netty.allocator.maxCachedByteBuffersPerChunk: 1023
13:18:19.879 [main] DEBUG io.netty.buffer.ByteBufUtil - -Dio.netty.allocator.type: pooled
13:18:19.879 [main] DEBUG io.netty.buffer.ByteBufUtil - -Dio.netty.threadLocalDirectBufferSize: 0
13:18:19.879 [main] DEBUG io.netty.buffer.ByteBufUtil - -Dio.netty.maxThreadLocalCharBufferSize: 16384
13:18:20.187 [Finalizer] DEBUG org.apache.http.impl.conn.DefaultClientConnection - Connection 0.0.0.0:53967<->13.60.22.209:7081 closed
13:18:20.205 [Forwarding newSession on session null to remote] DEBUG io.netty.channel.DefaultChannelId - -Dio.netty.processId: 17076 (auto-detected)
13:18:20.206 [Forwarding newSession on session null to remote] DEBUG io.netty.util.NetUtil - -Djava.net.preferIPv4Stack: false
13:18:20.206 [Forwarding newSession on session null to remote] DEBUG io.netty.util.NetUtil - -Djava.net.preferIPv6Addresses: false
13:18:20.212 [Forwarding newSession on session null to remote] DEBUG io.netty.util.NetUtilInitializations - Loopback interface: lo (Software Loopback Interface 1, 127.0.0.1)
13:18:20.213 [Forwarding newSession on session null to remote] DEBUG io.netty.util.NetUtil - Failed to get SOMAXCONN from sysctl and file \proc\sys\net\core\somaxconn. Default: 200
13:18:20.235 [Forwarding newSession on session null to remote] DEBUG io.netty.channel.DefaultChannelId - -Dio.netty.machineId: f4:4e:e3:ff:fe:a3:05:7a (auto-detected)
13:18:20.261 [AsyncHttpClient-1-2] DEBUG io.netty.buffer.AbstractByteBuf - -Dio.netty.buffer.checkAccessible: true
13:18:20.261 [AsyncHttpClient-1-2] DEBUG io.netty.buffer.AbstractByteBuf - -Dio.netty.buffer.checkBounds: true
13:18:20.261 [AsyncHttpClient-1-2] DEBUG io.netty.util.ResourceLeakDetectorFactory - Loaded default ResourceLeakDetector: io.netty.util.ResourceLeakDetector@74491686
13:18:20.272 [AsyncHttpClient-1-2] DEBUG org.asynchttpclient.netty.channel.NettyConnectListener - Using new Channel '[id: 0x9f2730e7, L:/127.0.0.1:53987 - R:localhost/127.0.0.1:42231]' for 'POST' to '/session'
13:18:20.282 [AsyncHttpClient-1-2] DEBUG io.netty.util.Recycler - -Dio.netty.recycler.maxCapacityPerThread: 4096
13:18:20.282 [AsyncHttpClient-1-2] DEBUG io.netty.util.Recycler - -Dio.netty.recycler.ratio: 8
13:18:20.282 [AsyncHttpClient-1-2] DEBUG io.netty.util.Recycler - -Dio.netty.recycler.chunkSize: 32
13:18:20.282 [AsyncHttpClient-1-2] DEBUG io.netty.util.Recycler - -Dio.netty.recycler.blocking: false
13:18:20.282 [AsyncHttpClient-1-2] DEBUG io.netty.util.Recycler - -Dio.netty.recycler.batchFastThreadLocalOnly: true
13:18:20.977 [AsyncHttpClient-1-2] DEBUG io.netty.handler.codec.compression.Brotli - brotli4j not in the classpath; Brotli support will be unavailable.
13:18:20.978 [AsyncHttpClient-1-2] DEBUG org.asynchttpclient.netty.handler.HttpHandler - 

Request DefaultHttpRequest(decodeResult: success, version: HTTP/1.1)
POST /session HTTP/1.1
User-Agent: selenium/4.12.0 (java windows)
Content-Length: 254
Content-Type: application/json; charset=utf-8
host: localhost:42231
accept: */*

Response DefaultHttpResponse(decodeResult: success, version: HTTP/1.1)
HTTP/1.1 200 OK
Content-Length: 882
Content-Type: application/json; charset=utf-8
cache-control: no-cache

13:18:20.988 [AsyncHttpClient-1-2] DEBUG org.asynchttpclient.netty.channel.ChannelManager - Adding key: http://localhost:42231 for channel [id: 0x9f2730e7, L:/127.0.0.1:53987 - R:localhost/127.0.0.1:42231]
13:18:21.102 [AsyncHttpClient-1-3] DEBUG org.asynchttpclient.netty.channel.NettyConnectListener - Using new Channel '[id: 0xa17d6214, L:/127.0.0.1:53994 - R:localhost/127.0.0.1:53988]' for 'GET' to '/json/version'
13:18:21.105 [AsyncHttpClient-1-3] DEBUG org.asynchttpclient.netty.handler.HttpHandler - 

Request DefaultFullHttpRequest(decodeResult: success, version: HTTP/1.1, content: EmptyByteBufBE)
GET /json/version HTTP/1.1
User-Agent: selenium/4.12.0 (java windows)
host: localhost:53988
accept: */*

Response DefaultHttpResponse(decodeResult: success, version: HTTP/1.1)
HTTP/1.1 200 OK
Content-Security-Policy: frame-ancestors 'none'
Content-Length: 424
Content-Type: application/json; charset=UTF-8

13:18:21.106 [AsyncHttpClient-1-3] DEBUG org.asynchttpclient.netty.channel.ChannelManager - Adding key: http://localhost:53988 for channel [id: 0xa17d6214, L:/127.0.0.1:53994 - R:localhost/127.0.0.1:53988]
13:18:21.113 [main] DEBUG io.netty.util.internal.ThreadLocalRandom - -Dio.netty.initialSeedUniquifier: 0xae6947265f17942d
13:18:21.116 [AsyncHttpClient-1-4] DEBUG org.asynchttpclient.netty.channel.NettyConnectListener - Using new Channel '[id: 0x91825a4b, L:/127.0.0.1:53995 - R:localhost/127.0.0.1:53988]' for 'GET' to '/devtools/browser/f134e964-8323-4f29-bc14-54330c2a635a'
13:18:21.125 [AsyncHttpClient-1-4] DEBUG org.asynchttpclient.netty.handler.WebSocketHandler - 

Request DefaultFullHttpRequest(decodeResult: success, version: HTTP/1.1, content: EmptyByteBufBE)
GET /devtools/browser/f134e964-8323-4f29-bc14-54330c2a635a HTTP/1.1
upgrade: websocket
connection: upgrade
sec-websocket-key: irNJi53GsCsTER+BkdsoBQ==
sec-websocket-version: 13
origin: http://localhost:53988
host: localhost:53988
accept: */*
user-agent: AHC/2.1

Response DefaultHttpResponse(decodeResult: success, version: HTTP/1.1)
HTTP/1.1 101 WebSocket Protocol Handshake
Upgrade: WebSocket
Connection: Upgrade
Sec-WebSocket-Accept: NkRk/BANgm99CWunT6tGA/aPhtc=

13:18:21.170 [Forwarding maximizeCurrentWindow on session afcff8ae9e8c2912ecc6aab2c25217bf to remote] DEBUG org.asynchttpclient.netty.request.NettyRequestSender - Using pooled Channel '[id: 0x9f2730e7, L:/127.0.0.1:53987 - R:localhost/127.0.0.1:42231]' for 'POST' to 'http://localhost:42231/session/afcff8ae9e8c2912ecc6aab2c25217bf/window/maximize'
13:18:21.171 [Forwarding maximizeCurrentWindow on session afcff8ae9e8c2912ecc6aab2c25217bf to remote] DEBUG org.asynchttpclient.netty.request.NettyRequestSender - Using open Channel [id: 0x9f2730e7, L:/127.0.0.1:53987 - R:localhost/127.0.0.1:42231] for POST '/session/afcff8ae9e8c2912ecc6aab2c25217bf/window/maximize'
13:18:21.228 [AsyncHttpClient-1-2] DEBUG org.asynchttpclient.netty.handler.HttpHandler - 

Request DefaultHttpRequest(decodeResult: success, version: HTTP/1.1)
POST /session/afcff8ae9e8c2912ecc6aab2c25217bf/window/maximize HTTP/1.1
User-Agent: selenium/4.12.0 (java windows)
Content-Length: 3
Content-Type: application/json; charset=utf-8
host: localhost:42231
accept: */*

Response DefaultHttpResponse(decodeResult: success, version: HTTP/1.1)
HTTP/1.1 200 OK
Content-Length: 51
Content-Type: application/json; charset=utf-8
cache-control: no-cache

13:18:21.229 [AsyncHttpClient-1-2] DEBUG org.asynchttpclient.netty.channel.ChannelManager - Adding key: http://localhost:42231 for channel [id: 0x9f2730e7, L:/127.0.0.1:53987 - R:localhost/127.0.0.1:42231]
13:18:21.232 [Forwarding get on session afcff8ae9e8c2912ecc6aab2c25217bf to remote] DEBUG org.asynchttpclient.netty.request.NettyRequestSender - Using pooled Channel '[id: 0x9f2730e7, L:/127.0.0.1:53987 - R:localhost/127.0.0.1:42231]' for 'POST' to 'http://localhost:42231/session/afcff8ae9e8c2912ecc6aab2c25217bf/url'
13:18:21.233 [Forwarding get on session afcff8ae9e8c2912ecc6aab2c25217bf to remote] DEBUG org.asynchttpclient.netty.request.NettyRequestSender - Using open Channel [id: 0x9f2730e7, L:/127.0.0.1:53987 - R:localhost/127.0.0.1:42231] for POST '/session/afcff8ae9e8c2912ecc6aab2c25217bf/url'
13:18:21.961 [AsyncHttpClient-1-1] DEBUG org.asynchttpclient.netty.channel.DefaultChannelPool - Entry count for : http://localhost:53988 : 1
13:18:23.061 [AsyncHttpClient-1-1] DEBUG org.asynchttpclient.netty.channel.DefaultChannelPool - Entry count for : http://localhost:53988 : 1
13:18:23.326 [AsyncHttpClient-1-2] DEBUG org.asynchttpclient.netty.handler.HttpHandler - 

Request DefaultHttpRequest(decodeResult: success, version: HTTP/1.1)
POST /session/afcff8ae9e8c2912ecc6aab2c25217bf/url HTTP/1.1
User-Agent: selenium/4.12.0 (java windows)
Content-Length: 58
Content-Type: application/json; charset=utf-8
host: localhost:42231
accept: */*

Response DefaultHttpResponse(decodeResult: success, version: HTTP/1.1)
HTTP/1.1 200 OK
Content-Length: 14
Content-Type: application/json; charset=utf-8
cache-control: no-cache

13:18:23.326 [AsyncHttpClient-1-2] DEBUG org.asynchttpclient.netty.channel.ChannelManager - Adding key: http://localhost:42231 for channel [id: 0x9f2730e7, L:/127.0.0.1:53987 - R:localhost/127.0.0.1:42231]
13:18:23.330 [Forwarding findElements on session afcff8ae9e8c2912ecc6aab2c25217bf to remote] DEBUG org.asynchttpclient.netty.request.NettyRequestSender - Using pooled Channel '[id: 0x9f2730e7, L:/127.0.0.1:53987 - R:localhost/127.0.0.1:42231]' for 'POST' to 'http://localhost:42231/session/afcff8ae9e8c2912ecc6aab2c25217bf/elements'
13:18:23.330 [Forwarding findElements on session afcff8ae9e8c2912ecc6aab2c25217bf to remote] DEBUG org.asynchttpclient.netty.request.NettyRequestSender - Using open Channel [id: 0x9f2730e7, L:/127.0.0.1:53987 - R:localhost/127.0.0.1:42231] for POST '/session/afcff8ae9e8c2912ecc6aab2c25217bf/elements'
13:18:23.362 [AsyncHttpClient-1-2] DEBUG org.asynchttpclient.netty.handler.HttpHandler - 

Request DefaultHttpRequest(decodeResult: success, version: HTTP/1.1)
POST /session/afcff8ae9e8c2912ecc6aab2c25217bf/elements HTTP/1.1
User-Agent: selenium/4.12.0 (java windows)
Content-Length: 41
Content-Type: application/json; charset=utf-8
host: localhost:42231
accept: */*

Response DefaultHttpResponse(decodeResult: success, version: HTTP/1.1)
HTTP/1.1 200 OK
Content-Length: 479
Content-Type: application/json; charset=utf-8
cache-control: no-cache

13:18:23.363 [AsyncHttpClient-1-2] DEBUG org.asynchttpclient.netty.channel.ChannelManager - Adding key: http://localhost:42231 for channel [id: 0x9f2730e7, L:/127.0.0.1:53987 - R:localhost/127.0.0.1:42231]
13:18:23.393 [Forwarding isElementDisplayed on session afcff8ae9e8c2912ecc6aab2c25217bf to remote] DEBUG org.asynchttpclient.netty.request.NettyRequestSender - Using pooled Channel '[id: 0x9f2730e7, L:/127.0.0.1:53987 - R:localhost/127.0.0.1:42231]' for 'POST' to 'http://localhost:42231/session/afcff8ae9e8c2912ecc6aab2c25217bf/execute/sync'
13:18:23.393 [Forwarding isElementDisplayed on session afcff8ae9e8c2912ecc6aab2c25217bf to remote] DEBUG org.asynchttpclient.netty.request.NettyRequestSender - Using open Channel [id: 0x9f2730e7, L:/127.0.0.1:53987 - R:localhost/127.0.0.1:42231] for POST '/session/afcff8ae9e8c2912ecc6aab2c25217bf/execute/sync'
13:18:23.419 [AsyncHttpClient-1-2] DEBUG org.asynchttpclient.netty.handler.HttpHandler - 

Request DefaultHttpRequest(decodeResult: success, version: HTTP/1.1)
POST /session/afcff8ae9e8c2912ecc6aab2c25217bf/execute/sync HTTP/1.1
User-Agent: selenium/4.12.0 (java windows)
Content-Length: 48734
Content-Type: application/json; charset=utf-8
host: localhost:42231
accept: */*

Response DefaultHttpResponse(decodeResult: success, version: HTTP/1.1)
HTTP/1.1 200 OK
Content-Length: 14
Content-Type: application/json; charset=utf-8
cache-control: no-cache

13:18:23.420 [AsyncHttpClient-1-2] DEBUG org.asynchttpclient.netty.channel.ChannelManager - Adding key: http://localhost:42231 for channel [id: 0x9f2730e7, L:/127.0.0.1:53987 - R:localhost/127.0.0.1:42231]
13:18:23.425 [Forwarding getElementText on session afcff8ae9e8c2912ecc6aab2c25217bf to remote] DEBUG org.asynchttpclient.netty.request.NettyRequestSender - Using pooled Channel '[id: 0x9f2730e7, L:/127.0.0.1:53987 - R:localhost/127.0.0.1:42231]' for 'GET' to 'http://localhost:42231/session/afcff8ae9e8c2912ecc6aab2c25217bf/element/f.90FA9169923E88F763F3C15C0B86BE18.d.9C74E8C912D6194AA48E434B9529F2C0.e.14/text'
13:18:23.425 [Forwarding getElementText on session afcff8ae9e8c2912ecc6aab2c25217bf to remote] DEBUG org.asynchttpclient.netty.request.NettyRequestSender - Using open Channel [id: 0x9f2730e7, L:/127.0.0.1:53987 - R:localhost/127.0.0.1:42231] for GET '/session/afcff8ae9e8c2912ecc6aab2c25217bf/element/f.90FA9169923E88F763F3C15C0B86BE18.d.9C74E8C912D6194AA48E434B9529F2C0.e.14/text'
13:18:23.446 [AsyncHttpClient-1-2] DEBUG org.asynchttpclient.netty.handler.HttpHandler - 

Request DefaultFullHttpRequest(decodeResult: success, version: HTTP/1.1, content: EmptyByteBufBE)
GET /session/afcff8ae9e8c2912ecc6aab2c25217bf/element/f.90FA9169923E88F763F3C15C0B86BE18.d.9C74E8C912D6194AA48E434B9529F2C0.e.14/text HTTP/1.1
Cache-Control: no-cache
User-Agent: selenium/4.12.0 (java windows)
Content-Type: application/json; charset=utf-8
host: localhost:42231
accept: */*

Response DefaultHttpResponse(decodeResult: success, version: HTTP/1.1)
HTTP/1.1 200 OK
Content-Length: 24
Content-Type: application/json; charset=utf-8
cache-control: no-cache

13:18:23.446 [AsyncHttpClient-1-2] DEBUG org.asynchttpclient.netty.channel.ChannelManager - Adding key: http://localhost:42231 for channel [id: 0x9f2730e7, L:/127.0.0.1:53987 - R:localhost/127.0.0.1:42231]
13:18:23.453 [Forwarding isElementDisplayed on session afcff8ae9e8c2912ecc6aab2c25217bf to remote] DEBUG org.asynchttpclient.netty.request.NettyRequestSender - Using pooled Channel '[id: 0x9f2730e7, L:/127.0.0.1:53987 - R:localhost/127.0.0.1:42231]' for 'POST' to 'http://localhost:42231/session/afcff8ae9e8c2912ecc6aab2c25217bf/execute/sync'
13:18:23.453 [Forwarding isElementDisplayed on session afcff8ae9e8c2912ecc6aab2c25217bf to remote] DEBUG org.asynchttpclient.netty.request.NettyRequestSender - Using open Channel [id: 0x9f2730e7, L:/127.0.0.1:53987 - R:localhost/127.0.0.1:42231] for POST '/session/afcff8ae9e8c2912ecc6aab2c25217bf/execute/sync'
13:18:23.479 [AsyncHttpClient-1-2] DEBUG org.asynchttpclient.netty.handler.HttpHandler - 

Request DefaultHttpRequest(decodeResult: success, version: HTTP/1.1)
POST /session/afcff8ae9e8c2912ecc6aab2c25217bf/execute/sync HTTP/1.1
User-Agent: selenium/4.12.0 (java windows)
Content-Length: 48734
Content-Type: application/json; charset=utf-8
host: localhost:42231
accept: */*

Response DefaultHttpResponse(decodeResult: success, version: HTTP/1.1)
HTTP/1.1 200 OK
Content-Length: 14
Content-Type: application/json; charset=utf-8
cache-control: no-cache

13:18:23.480 [AsyncHttpClient-1-2] DEBUG org.asynchttpclient.netty.channel.ChannelManager - Adding key: http://localhost:42231 for channel [id: 0x9f2730e7, L:/127.0.0.1:53987 - R:localhost/127.0.0.1:42231]
13:18:23.483 [Forwarding getElementText on session afcff8ae9e8c2912ecc6aab2c25217bf to remote] DEBUG org.asynchttpclient.netty.request.NettyRequestSender - Using pooled Channel '[id: 0x9f2730e7, L:/127.0.0.1:53987 - R:localhost/127.0.0.1:42231]' for 'GET' to 'http://localhost:42231/session/afcff8ae9e8c2912ecc6aab2c25217bf/element/f.90FA9169923E88F763F3C15C0B86BE18.d.9C74E8C912D6194AA48E434B9529F2C0.e.15/text'
13:18:23.484 [Forwarding getElementText on session afcff8ae9e8c2912ecc6aab2c25217bf to remote] DEBUG org.asynchttpclient.netty.request.NettyRequestSender - Using open Channel [id: 0x9f2730e7, L:/127.0.0.1:53987 - R:localhost/127.0.0.1:42231] for GET '/session/afcff8ae9e8c2912ecc6aab2c25217bf/element/f.90FA9169923E88F763F3C15C0B86BE18.d.9C74E8C912D6194AA48E434B9529F2C0.e.15/text'
13:18:23.496 [AsyncHttpClient-1-2] DEBUG org.asynchttpclient.netty.handler.HttpHandler - 

Request DefaultFullHttpRequest(decodeResult: success, version: HTTP/1.1, content: EmptyByteBufBE)
GET /session/afcff8ae9e8c2912ecc6aab2c25217bf/element/f.90FA9169923E88F763F3C15C0B86BE18.d.9C74E8C912D6194AA48E434B9529F2C0.e.15/text HTTP/1.1
Cache-Control: no-cache
User-Agent: selenium/4.12.0 (java windows)
Content-Type: application/json; charset=utf-8
host: localhost:42231
accept: */*

Response DefaultHttpResponse(decodeResult: success, version: HTTP/1.1)
HTTP/1.1 200 OK
Content-Length: 20
Content-Type: application/json; charset=utf-8
cache-control: no-cache

13:18:23.497 [AsyncHttpClient-1-2] DEBUG org.asynchttpclient.netty.channel.ChannelManager - Adding key: http://localhost:42231 for channel [id: 0x9f2730e7, L:/127.0.0.1:53987 - R:localhost/127.0.0.1:42231]
13:18:23.500 [Forwarding isElementDisplayed on session afcff8ae9e8c2912ecc6aab2c25217bf to remote] DEBUG org.asynchttpclient.netty.request.NettyRequestSender - Using pooled Channel '[id: 0x9f2730e7, L:/127.0.0.1:53987 - R:localhost/127.0.0.1:42231]' for 'POST' to 'http://localhost:42231/session/afcff8ae9e8c2912ecc6aab2c25217bf/execute/sync'
13:18:23.500 [Forwarding isElementDisplayed on session afcff8ae9e8c2912ecc6aab2c25217bf to remote] DEBUG org.asynchttpclient.netty.request.NettyRequestSender - Using open Channel [id: 0x9f2730e7, L:/127.0.0.1:53987 - R:localhost/127.0.0.1:42231] for POST '/session/afcff8ae9e8c2912ecc6aab2c25217bf/execute/sync'
13:18:23.508 [AsyncHttpClient-1-2] DEBUG org.asynchttpclient.netty.handler.HttpHandler - 

Request DefaultHttpRequest(decodeResult: success, version: HTTP/1.1)
POST /session/afcff8ae9e8c2912ecc6aab2c25217bf/execute/sync HTTP/1.1
User-Agent: selenium/4.12.0 (java windows)
Content-Length: 48734
Content-Type: application/json; charset=utf-8
host: localhost:42231
accept: */*

Response DefaultHttpResponse(decodeResult: success, version: HTTP/1.1)
HTTP/1.1 200 OK
Content-Length: 14
Content-Type: application/json; charset=utf-8
cache-control: no-cache

13:18:23.508 [AsyncHttpClient-1-2] DEBUG org.asynchttpclient.netty.channel.ChannelManager - Adding key: http://localhost:42231 for channel [id: 0x9f2730e7, L:/127.0.0.1:53987 - R:localhost/127.0.0.1:42231]
13:18:23.509 [Forwarding getElementText on session afcff8ae9e8c2912ecc6aab2c25217bf to remote] DEBUG org.asynchttpclient.netty.request.NettyRequestSender - Using pooled Channel '[id: 0x9f2730e7, L:/127.0.0.1:53987 - R:localhost/127.0.0.1:42231]' for 'GET' to 'http://localhost:42231/session/afcff8ae9e8c2912ecc6aab2c25217bf/element/f.90FA9169923E88F763F3C15C0B86BE18.d.9C74E8C912D6194AA48E434B9529F2C0.e.16/text'
13:18:23.510 [Forwarding getElementText on session afcff8ae9e8c2912ecc6aab2c25217bf to remote] DEBUG org.asynchttpclient.netty.request.NettyRequestSender - Using open Channel [id: 0x9f2730e7, L:/127.0.0.1:53987 - R:localhost/127.0.0.1:42231] for GET '/session/afcff8ae9e8c2912ecc6aab2c25217bf/element/f.90FA9169923E88F763F3C15C0B86BE18.d.9C74E8C912D6194AA48E434B9529F2C0.e.16/text'
13:18:23.516 [AsyncHttpClient-1-2] DEBUG org.asynchttpclient.netty.handler.HttpHandler - 

Request DefaultFullHttpRequest(decodeResult: success, version: HTTP/1.1, content: EmptyByteBufBE)
GET /session/afcff8ae9e8c2912ecc6aab2c25217bf/element/f.90FA9169923E88F763F3C15C0B86BE18.d.9C74E8C912D6194AA48E434B9529F2C0.e.16/text HTTP/1.1
Cache-Control: no-cache
User-Agent: selenium/4.12.0 (java windows)
Content-Type: application/json; charset=utf-8
host: localhost:42231
accept: */*

Response DefaultHttpResponse(decodeResult: success, version: HTTP/1.1)
HTTP/1.1 200 OK
Content-Length: 12
Content-Type: application/json; charset=utf-8
cache-control: no-cache

13:18:23.516 [AsyncHttpClient-1-2] DEBUG org.asynchttpclient.netty.channel.ChannelManager - Adding key: http://localhost:42231 for channel [id: 0x9f2730e7, L:/127.0.0.1:53987 - R:localhost/127.0.0.1:42231]
13:18:23.521 [Forwarding isElementDisplayed on session afcff8ae9e8c2912ecc6aab2c25217bf to remote] DEBUG org.asynchttpclient.netty.request.NettyRequestSender - Using pooled Channel '[id: 0x9f2730e7, L:/127.0.0.1:53987 - R:localhost/127.0.0.1:42231]' for 'POST' to 'http://localhost:42231/session/afcff8ae9e8c2912ecc6aab2c25217bf/execute/sync'
13:18:23.522 [Forwarding isElementDisplayed on session afcff8ae9e8c2912ecc6aab2c25217bf to remote] DEBUG org.asynchttpclient.netty.request.NettyRequestSender - Using open Channel [id: 0x9f2730e7, L:/127.0.0.1:53987 - R:localhost/127.0.0.1:42231] for POST '/session/afcff8ae9e8c2912ecc6aab2c25217bf/execute/sync'
13:18:23.534 [AsyncHttpClient-1-2] DEBUG org.asynchttpclient.netty.handler.HttpHandler - 

Request DefaultHttpRequest(decodeResult: success, version: HTTP/1.1)
POST /session/afcff8ae9e8c2912ecc6aab2c25217bf/execute/sync HTTP/1.1
User-Agent: selenium/4.12.0 (java windows)
Content-Length: 48734
Content-Type: application/json; charset=utf-8
host: localhost:42231
accept: */*

Response DefaultHttpResponse(decodeResult: success, version: HTTP/1.1)
HTTP/1.1 200 OK
Content-Length: 14
Content-Type: application/json; charset=utf-8
cache-control: no-cache

13:18:23.534 [AsyncHttpClient-1-2] DEBUG org.asynchttpclient.netty.channel.ChannelManager - Adding key: http://localhost:42231 for channel [id: 0x9f2730e7, L:/127.0.0.1:53987 - R:localhost/127.0.0.1:42231]
13:18:23.535 [Forwarding getElementText on session afcff8ae9e8c2912ecc6aab2c25217bf to remote] DEBUG org.asynchttpclient.netty.request.NettyRequestSender - Using pooled Channel '[id: 0x9f2730e7, L:/127.0.0.1:53987 - R:localhost/127.0.0.1:42231]' for 'GET' to 'http://localhost:42231/session/afcff8ae9e8c2912ecc6aab2c25217bf/element/f.90FA9169923E88F763F3C15C0B86BE18.d.9C74E8C912D6194AA48E434B9529F2C0.e.17/text'
13:18:23.535 [Forwarding getElementText on session afcff8ae9e8c2912ecc6aab2c25217bf to remote] DEBUG org.asynchttpclient.netty.request.NettyRequestSender - Using open Channel [id: 0x9f2730e7, L:/127.0.0.1:53987 - R:localhost/127.0.0.1:42231] for GET '/session/afcff8ae9e8c2912ecc6aab2c25217bf/element/f.90FA9169923E88F763F3C15C0B86BE18.d.9C74E8C912D6194AA48E434B9529F2C0.e.17/text'
13:18:23.546 [AsyncHttpClient-1-2] DEBUG org.asynchttpclient.netty.handler.HttpHandler - 

Request DefaultFullHttpRequest(decodeResult: success, version: HTTP/1.1, content: EmptyByteBufBE)
GET /session/afcff8ae9e8c2912ecc6aab2c25217bf/element/f.90FA9169923E88F763F3C15C0B86BE18.d.9C74E8C912D6194AA48E434B9529F2C0.e.17/text HTTP/1.1
Cache-Control: no-cache
User-Agent: selenium/4.12.0 (java windows)
Content-Type: application/json; charset=utf-8
host: localhost:42231
accept: */*

Response DefaultHttpResponse(decodeResult: success, version: HTTP/1.1)
HTTP/1.1 200 OK
Content-Length: 12
Content-Type: application/json; charset=utf-8
cache-control: no-cache

13:18:23.547 [AsyncHttpClient-1-2] DEBUG org.asynchttpclient.netty.channel.ChannelManager - Adding key: http://localhost:42231 for channel [id: 0x9f2730e7, L:/127.0.0.1:53987 - R:localhost/127.0.0.1:42231]
]]></system-out>
    <system-err><![CDATA[Jan 02, 2025 1:18:21 PM org.openqa.selenium.devtools.CdpVersionFinder findNearestMatch
WARNING: Unable to find CDP implementation matching 131
Jan 02, 2025 1:18:21 PM org.openqa.selenium.chromium.ChromiumDriver lambda$new$5
WARNING: Unable to find version of CDP to use for 131.0.6778.205. You may need to include a dependency on a specific version of the CDP using something similar to `org.seleniumhq.selenium:selenium-devtools-v86:4.12.0` where the version ("v86") matches the version of the chromium-based browser you're using and the version number of the artifact is the same as Selenium's.
]]></system-err>
  </testcase>
  <testcase name="testDuplicateRegistration" classname="UITestCases.BuggyCarsUITests" time="0.674">
    <failure message="expected [true] but found [false]" type="java.lang.AssertionError"><![CDATA[java.lang.AssertionError: expected [true] but found [false]
	at org.testng.Assert.fail(Assert.java:110)
	at org.testng.Assert.failNotEquals(Assert.java:1413)
	at org.testng.Assert.assertTrue(Assert.java:56)
	at org.testng.Assert.assertTrue(Assert.java:66)
	at UITestCases.BuggyCarsUITests.testDuplicateRegistration(BuggyCarsUITests.java:76)
	at java.base/jdk.internal.reflect.NativeMethodAccessorImpl.invoke0(Native Method)
	at java.base/jdk.internal.reflect.NativeMethodAccessorImpl.invoke(NativeMethodAccessorImpl.java:77)
	at java.base/jdk.internal.reflect.DelegatingMethodAccessorImpl.invoke(DelegatingMethodAccessorImpl.java:43)
	at java.base/java.lang.reflect.Method.invoke(Method.java:569)
	at org.testng.internal.invokers.MethodInvocationHelper.invokeMethod(MethodInvocationHelper.java:139)
	at org.testng.internal.invokers.TestInvoker.invokeMethod(TestInvoker.java:677)
	at org.testng.internal.invokers.TestInvoker.invokeTestMethod(TestInvoker.java:221)
	at org.testng.internal.invokers.MethodRunner.runInSequence(MethodRunner.java:50)
	at org.testng.internal.invokers.TestInvoker$MethodInvocationAgent.invoke(TestInvoker.java:969)
	at org.testng.internal.invokers.TestInvoker.invokeTestMethods(TestInvoker.java:194)
	at org.testng.internal.invokers.TestMethodWorker.invokeTestMethods(TestMethodWorker.java:148)
	at org.testng.internal.invokers.TestMethodWorker.run(TestMethodWorker.java:128)
	at java.base/java.util.ArrayList.forEach(ArrayList.java:1511)
	at org.testng.TestRunner.privateRun(TestRunner.java:829)
	at org.testng.TestRunner.run(TestRunner.java:602)
	at org.testng.SuiteRunner.runTest(SuiteRunner.java:437)
	at org.testng.SuiteRunner.runSequentially(SuiteRunner.java:431)
	at org.testng.SuiteRunner.privateRun(SuiteRunner.java:391)
	at org.testng.SuiteRunner.run(SuiteRunner.java:330)
	at org.testng.SuiteRunnerWorker.runSuite(SuiteRunnerWorker.java:52)
	at org.testng.SuiteRunnerWorker.run(SuiteRunnerWorker.java:95)
	at org.testng.TestNG.runSuitesSequentially(TestNG.java:1256)
	at org.testng.TestNG.runSuitesLocally(TestNG.java:1176)
	at org.testng.TestNG.runSuites(TestNG.java:1099)
	at org.testng.TestNG.run(TestNG.java:1067)
	at org.apache.maven.surefire.testng.TestNGExecutor.run(TestNGExecutor.java:151)
	at org.apache.maven.surefire.testng.TestNGDirectoryTestSuite.executeMulti(TestNGDirectoryTestSuite.java:192)
	at org.apache.maven.surefire.testng.TestNGDirectoryTestSuite.execute(TestNGDirectoryTestSuite.java:93)
	at org.apache.maven.surefire.testng.TestNGProvider.invoke(TestNGProvider.java:155)
	at org.apache.maven.surefire.booter.ForkedBooter.runSuitesInProcess(ForkedBooter.java:456)
	at org.apache.maven.surefire.booter.ForkedBooter.execute(ForkedBooter.java:169)
	at org.apache.maven.surefire.booter.ForkedBooter.run(ForkedBooter.java:595)
	at org.apache.maven.surefire.booter.ForkedBooter.main(ForkedBooter.java:581)
]]></failure>
    <system-out><![CDATA[13:18:23.558 [Driver Command Executor] DEBUG org.asynchttpclient.netty.request.NettyRequestSender - Using pooled Channel '[id: 0x9f2730e7, L:/127.0.0.1:53987 - R:localhost/127.0.0.1:42231]' for 'DELETE' to 'http://localhost:42231/session/afcff8ae9e8c2912ecc6aab2c25217bf'
13:18:23.558 [Driver Command Executor] DEBUG org.asynchttpclient.netty.request.NettyRequestSender - Using open Channel [id: 0x9f2730e7, L:/127.0.0.1:53987 - R:localhost/127.0.0.1:42231] for DELETE '/session/afcff8ae9e8c2912ecc6aab2c25217bf'
13:18:23.561 [AsyncHttpClient-1-4] DEBUG org.asynchttpclient.netty.handler.WebSocketHandler - Channel Closed: [id: 0x91825a4b, L:/127.0.0.1:53995 ! R:localhost/127.0.0.1:53988] with attribute DISCARD
13:18:23.647 [AsyncHttpClient-1-3] DEBUG org.asynchttpclient.netty.handler.HttpHandler - Unexpected I/O exception on channel [id: 0xa17d6214, L:/127.0.0.1:53994 - R:localhost/127.0.0.1:53988]
java.net.SocketException: Connection reset
	at java.base/sun.nio.ch.SocketChannelImpl.throwConnectionReset(SocketChannelImpl.java:394)
	at java.base/sun.nio.ch.SocketChannelImpl.read(SocketChannelImpl.java:426)
	at io.netty.buffer.PooledByteBuf.setBytes(PooledByteBuf.java:254)
	at io.netty.buffer.AbstractByteBuf.writeBytes(AbstractByteBuf.java:1132)
	at io.netty.channel.socket.nio.NioSocketChannel.doReadBytes(NioSocketChannel.java:357)
	at io.netty.channel.nio.AbstractNioByteChannel$NioByteUnsafe.read(AbstractNioByteChannel.java:151)
	at io.netty.channel.nio.NioEventLoop.processSelectedKey(NioEventLoop.java:788)
	at io.netty.channel.nio.NioEventLoop.processSelectedKeysOptimized(NioEventLoop.java:724)
	at io.netty.channel.nio.NioEventLoop.processSelectedKeys(NioEventLoop.java:650)
	at io.netty.channel.nio.NioEventLoop.run(NioEventLoop.java:562)
	at io.netty.util.concurrent.SingleThreadEventExecutor$4.run(SingleThreadEventExecutor.java:997)
	at io.netty.util.internal.ThreadExecutorMap$2.run(ThreadExecutorMap.java:74)
	at io.netty.util.concurrent.FastThreadLocalRunnable.run(FastThreadLocalRunnable.java:30)
	at java.base/java.lang.Thread.run(Thread.java:840)
13:18:23.647 [AsyncHttpClient-1-3] DEBUG org.asynchttpclient.netty.channel.ChannelManager - Closing Channel [id: 0xa17d6214, L:/127.0.0.1:53994 - R:localhost/127.0.0.1:53988] 
13:18:23.648 [AsyncHttpClient-1-3] DEBUG org.asynchttpclient.netty.handler.HttpHandler - Channel Closed: [id: 0xa17d6214, L:/127.0.0.1:53994 ! R:localhost/127.0.0.1:53988] with attribute DISCARD
13:18:23.700 [AsyncHttpClient-1-2] DEBUG org.asynchttpclient.netty.handler.HttpHandler - 

Request DefaultFullHttpRequest(decodeResult: success, version: HTTP/1.1, content: EmptyByteBufBE)
DELETE /session/afcff8ae9e8c2912ecc6aab2c25217bf HTTP/1.1
User-Agent: selenium/4.12.0 (java windows)
Content-Type: application/json; charset=utf-8
host: localhost:42231
accept: */*

Response DefaultHttpResponse(decodeResult: success, version: HTTP/1.1)
HTTP/1.1 200 OK
Content-Length: 14
Content-Type: application/json; charset=utf-8
cache-control: no-cache

13:18:23.701 [AsyncHttpClient-1-2] DEBUG org.asynchttpclient.netty.channel.ChannelManager - Adding key: http://localhost:42231 for channel [id: 0x9f2730e7, L:/127.0.0.1:53987 - R:localhost/127.0.0.1:42231]
13:18:23.816 [AsyncHttpClient-1-2] DEBUG org.asynchttpclient.netty.handler.HttpHandler - Channel Closed: [id: 0x9f2730e7, L:/127.0.0.1:53987 ! R:localhost/127.0.0.1:42231] with attribute DISCARD
13:18:23.879 [main] DEBUG io.github.bonigarcia.wdm.WebDriverManager - Using WebDriverManager 5.5.3
13:18:23.891 [main] DEBUG io.github.bonigarcia.wdm.cache.ResolutionCache - Resolution chrome=131 in cache (valid until 13:56:25 02/01/2025 IST)
13:18:23.892 [main] DEBUG io.github.bonigarcia.wdm.cache.ResolutionCache - Resolution chrome131=131.0.6778.204 in cache (valid until 12:56:25 03/01/2025 IST)
13:18:23.892 [main] INFO io.github.bonigarcia.wdm.WebDriverManager - Using chromedriver 131.0.6778.204 (resolved driver for Chrome 131)
13:18:23.896 [main] DEBUG io.github.bonigarcia.wdm.WebDriverManager - Driver chromedriver 131.0.6778.204 found in cache
13:18:23.897 [main] INFO io.github.bonigarcia.wdm.WebDriverManager - Exporting webdriver.chrome.driver as C:\Users\ASUS\.cache\selenium\chromedriver\win64\131.0.6778.204\chromedriver.exe
13:18:24.028 [AsyncHttpClient-1-5] DEBUG org.asynchttpclient.netty.channel.NettyConnectListener - Using new Channel '[id: 0x01b4161b, L:/127.0.0.1:54007 - R:localhost/127.0.0.1:16391]' for 'POST' to '/session'
13:18:24.164 [AsyncHttpClient-1-1] DEBUG org.asynchttpclient.netty.channel.DefaultChannelPool - Entry count for : http://localhost:53988 : 1
13:18:24.165 [AsyncHttpClient-1-1] DEBUG org.asynchttpclient.netty.channel.DefaultChannelPool - Entry count for : http://localhost:42231 : 1
13:18:24.165 [AsyncHttpClient-1-1] DEBUG org.asynchttpclient.netty.channel.DefaultChannelPool - Adding Candidate expired Channel [id: 0xa17d6214, L:/127.0.0.1:53994 ! R:localhost/127.0.0.1:53988] isIdleTimeoutExpired=false isRemotelyClosed=true isTtlExpired=false
13:18:24.165 [AsyncHttpClient-1-1] DEBUG org.asynchttpclient.netty.channel.DefaultChannelPool - Closing Idle Channel [id: 0xa17d6214, L:/127.0.0.1:53994 ! R:localhost/127.0.0.1:53988]
13:18:24.166 [AsyncHttpClient-1-1] DEBUG org.asynchttpclient.netty.channel.DefaultChannelPool - Adding Candidate expired Channel [id: 0x9f2730e7, L:/127.0.0.1:53987 ! R:localhost/127.0.0.1:42231] isIdleTimeoutExpired=false isRemotelyClosed=true isTtlExpired=false
13:18:24.166 [AsyncHttpClient-1-1] DEBUG org.asynchttpclient.netty.channel.DefaultChannelPool - Closing Idle Channel [id: 0x9f2730e7, L:/127.0.0.1:53987 ! R:localhost/127.0.0.1:42231]
13:18:24.167 [AsyncHttpClient-1-1] DEBUG org.asynchttpclient.netty.channel.DefaultChannelPool - Closed 2 connections out of 2 in 1 ms
13:18:24.911 [AsyncHttpClient-1-5] DEBUG org.asynchttpclient.netty.handler.HttpHandler - 

Request DefaultHttpRequest(decodeResult: success, version: HTTP/1.1)
POST /session HTTP/1.1
User-Agent: selenium/4.12.0 (java windows)
Content-Length: 254
Content-Type: application/json; charset=utf-8
host: localhost:16391
accept: */*

Response DefaultHttpResponse(decodeResult: success, version: HTTP/1.1)
HTTP/1.1 200 OK
Content-Length: 883
Content-Type: application/json; charset=utf-8
cache-control: no-cache

13:18:24.912 [AsyncHttpClient-1-5] DEBUG org.asynchttpclient.netty.channel.ChannelManager - Adding key: http://localhost:16391 for channel [id: 0x01b4161b, L:/127.0.0.1:54007 - R:localhost/127.0.0.1:16391]
13:18:24.930 [AsyncHttpClient-1-6] DEBUG org.asynchttpclient.netty.channel.NettyConnectListener - Using new Channel '[id: 0x8e989d4e, L:/127.0.0.1:54014 - R:localhost/127.0.0.1:54008]' for 'GET' to '/json/version'
13:18:24.946 [AsyncHttpClient-1-6] DEBUG org.asynchttpclient.netty.handler.HttpHandler - 

Request DefaultFullHttpRequest(decodeResult: success, version: HTTP/1.1, content: EmptyByteBufBE)
GET /json/version HTTP/1.1
User-Agent: selenium/4.12.0 (java windows)
host: localhost:54008
accept: */*

Response DefaultHttpResponse(decodeResult: success, version: HTTP/1.1)
HTTP/1.1 200 OK
Content-Security-Policy: frame-ancestors 'none'
Content-Length: 424
Content-Type: application/json; charset=UTF-8

13:18:24.947 [AsyncHttpClient-1-6] DEBUG org.asynchttpclient.netty.channel.ChannelManager - Adding key: http://localhost:54008 for channel [id: 0x8e989d4e, L:/127.0.0.1:54014 - R:localhost/127.0.0.1:54008]
13:18:24.955 [AsyncHttpClient-1-7] DEBUG org.asynchttpclient.netty.channel.NettyConnectListener - Using new Channel '[id: 0x24df8f39, L:/127.0.0.1:54015 - R:localhost/127.0.0.1:54008]' for 'GET' to '/devtools/browser/595bd11f-20b2-47f2-8e2f-58dae61022ed'
13:18:24.958 [AsyncHttpClient-1-7] DEBUG org.asynchttpclient.netty.handler.WebSocketHandler - 

Request DefaultFullHttpRequest(decodeResult: success, version: HTTP/1.1, content: EmptyByteBufBE)
GET /devtools/browser/595bd11f-20b2-47f2-8e2f-58dae61022ed HTTP/1.1
upgrade: websocket
connection: upgrade
sec-websocket-key: EtFEAUC7BQjtb/UcRjbpsQ==
sec-websocket-version: 13
origin: http://localhost:54008
host: localhost:54008
accept: */*
user-agent: AHC/2.1

Response DefaultHttpResponse(decodeResult: success, version: HTTP/1.1)
HTTP/1.1 101 WebSocket Protocol Handshake
Upgrade: WebSocket
Connection: Upgrade
Sec-WebSocket-Accept: txEVwIGXr0TZUvNBPsRALiqXk8Q=

13:18:24.961 [Forwarding maximizeCurrentWindow on session a5abb70ff8b3ad580f5c41184036437d to remote] DEBUG org.asynchttpclient.netty.request.NettyRequestSender - Using pooled Channel '[id: 0x01b4161b, L:/127.0.0.1:54007 - R:localhost/127.0.0.1:16391]' for 'POST' to 'http://localhost:16391/session/a5abb70ff8b3ad580f5c41184036437d/window/maximize'
13:18:24.961 [Forwarding maximizeCurrentWindow on session a5abb70ff8b3ad580f5c41184036437d to remote] DEBUG org.asynchttpclient.netty.request.NettyRequestSender - Using open Channel [id: 0x01b4161b, L:/127.0.0.1:54007 - R:localhost/127.0.0.1:16391] for POST '/session/a5abb70ff8b3ad580f5c41184036437d/window/maximize'
13:18:25.062 [AsyncHttpClient-1-5] DEBUG org.asynchttpclient.netty.handler.HttpHandler - 

Request DefaultHttpRequest(decodeResult: success, version: HTTP/1.1)
POST /session/a5abb70ff8b3ad580f5c41184036437d/window/maximize HTTP/1.1
User-Agent: selenium/4.12.0 (java windows)
Content-Length: 3
Content-Type: application/json; charset=utf-8
host: localhost:16391
accept: */*

Response DefaultHttpResponse(decodeResult: success, version: HTTP/1.1)
HTTP/1.1 200 OK
Content-Length: 51
Content-Type: application/json; charset=utf-8
cache-control: no-cache

13:18:25.064 [AsyncHttpClient-1-5] DEBUG org.asynchttpclient.netty.channel.ChannelManager - Adding key: http://localhost:16391 for channel [id: 0x01b4161b, L:/127.0.0.1:54007 - R:localhost/127.0.0.1:16391]
13:18:25.065 [Forwarding get on session a5abb70ff8b3ad580f5c41184036437d to remote] DEBUG org.asynchttpclient.netty.request.NettyRequestSender - Using pooled Channel '[id: 0x01b4161b, L:/127.0.0.1:54007 - R:localhost/127.0.0.1:16391]' for 'POST' to 'http://localhost:16391/session/a5abb70ff8b3ad580f5c41184036437d/url'
13:18:25.065 [Forwarding get on session a5abb70ff8b3ad580f5c41184036437d to remote] DEBUG org.asynchttpclient.netty.request.NettyRequestSender - Using open Channel [id: 0x01b4161b, L:/127.0.0.1:54007 - R:localhost/127.0.0.1:16391] for POST '/session/a5abb70ff8b3ad580f5c41184036437d/url'
13:18:25.261 [AsyncHttpClient-1-1] DEBUG org.asynchttpclient.netty.channel.DefaultChannelPool - Entry count for : http://localhost:54008 : 1
13:18:26.367 [AsyncHttpClient-1-1] DEBUG org.asynchttpclient.netty.channel.DefaultChannelPool - Entry count for : http://localhost:54008 : 1
13:18:26.522 [AsyncHttpClient-1-5] DEBUG org.asynchttpclient.netty.handler.HttpHandler - 

Request DefaultHttpRequest(decodeResult: success, version: HTTP/1.1)
POST /session/a5abb70ff8b3ad580f5c41184036437d/url HTTP/1.1
User-Agent: selenium/4.12.0 (java windows)
Content-Length: 58
Content-Type: application/json; charset=utf-8
host: localhost:16391
accept: */*

Response DefaultHttpResponse(decodeResult: success, version: HTTP/1.1)
HTTP/1.1 200 OK
Content-Length: 14
Content-Type: application/json; charset=utf-8
cache-control: no-cache

13:18:26.522 [AsyncHttpClient-1-5] DEBUG org.asynchttpclient.netty.channel.ChannelManager - Adding key: http://localhost:16391 for channel [id: 0x01b4161b, L:/127.0.0.1:54007 - R:localhost/127.0.0.1:16391]
13:18:26.524 [Forwarding findElement on session a5abb70ff8b3ad580f5c41184036437d to remote] DEBUG org.asynchttpclient.netty.request.NettyRequestSender - Using pooled Channel '[id: 0x01b4161b, L:/127.0.0.1:54007 - R:localhost/127.0.0.1:16391]' for 'POST' to 'http://localhost:16391/session/a5abb70ff8b3ad580f5c41184036437d/element'
13:18:26.524 [Forwarding findElement on session a5abb70ff8b3ad580f5c41184036437d to remote] DEBUG org.asynchttpclient.netty.request.NettyRequestSender - Using open Channel [id: 0x01b4161b, L:/127.0.0.1:54007 - R:localhost/127.0.0.1:16391] for POST '/session/a5abb70ff8b3ad580f5c41184036437d/element'
13:18:26.539 [AsyncHttpClient-1-5] DEBUG org.asynchttpclient.netty.handler.HttpHandler - 

Request DefaultHttpRequest(decodeResult: success, version: HTTP/1.1)
POST /session/a5abb70ff8b3ad580f5c41184036437d/element HTTP/1.1
User-Agent: selenium/4.12.0 (java windows)
Content-Length: 49
Content-Type: application/json; charset=utf-8
host: localhost:16391
accept: */*

Response DefaultHttpResponse(decodeResult: success, version: HTTP/1.1)
HTTP/1.1 200 OK
Content-Length: 126
Content-Type: application/json; charset=utf-8
cache-control: no-cache

13:18:26.539 [AsyncHttpClient-1-5] DEBUG org.asynchttpclient.netty.channel.ChannelManager - Adding key: http://localhost:16391 for channel [id: 0x01b4161b, L:/127.0.0.1:54007 - R:localhost/127.0.0.1:16391]
13:18:26.540 [Forwarding clickElement on session a5abb70ff8b3ad580f5c41184036437d to remote] DEBUG org.asynchttpclient.netty.request.NettyRequestSender - Using pooled Channel '[id: 0x01b4161b, L:/127.0.0.1:54007 - R:localhost/127.0.0.1:16391]' for 'POST' to 'http://localhost:16391/session/a5abb70ff8b3ad580f5c41184036437d/element/f.7F7BB405E02265E4BCAD64703472F7AD.d.F7272C9B1E88921770998B0840B10EBA.e.11/click'
13:18:26.540 [Forwarding clickElement on session a5abb70ff8b3ad580f5c41184036437d to remote] DEBUG org.asynchttpclient.netty.request.NettyRequestSender - Using open Channel [id: 0x01b4161b, L:/127.0.0.1:54007 - R:localhost/127.0.0.1:16391] for POST '/session/a5abb70ff8b3ad580f5c41184036437d/element/f.7F7BB405E02265E4BCAD64703472F7AD.d.F7272C9B1E88921770998B0840B10EBA.e.11/click'
13:18:26.638 [AsyncHttpClient-1-5] DEBUG org.asynchttpclient.netty.handler.HttpHandler - 

Request DefaultHttpRequest(decodeResult: success, version: HTTP/1.1)
POST /session/a5abb70ff8b3ad580f5c41184036437d/element/f.7F7BB405E02265E4BCAD64703472F7AD.d.F7272C9B1E88921770998B0840B10EBA.e.11/click HTTP/1.1
User-Agent: selenium/4.12.0 (java windows)
Content-Length: 88
Content-Type: application/json; charset=utf-8
host: localhost:16391
accept: */*

Response DefaultHttpResponse(decodeResult: success, version: HTTP/1.1)
HTTP/1.1 200 OK
Content-Length: 14
Content-Type: application/json; charset=utf-8
cache-control: no-cache

13:18:26.638 [AsyncHttpClient-1-5] DEBUG org.asynchttpclient.netty.channel.ChannelManager - Adding key: http://localhost:16391 for channel [id: 0x01b4161b, L:/127.0.0.1:54007 - R:localhost/127.0.0.1:16391]
13:18:26.640 [Forwarding findElement on session a5abb70ff8b3ad580f5c41184036437d to remote] DEBUG org.asynchttpclient.netty.request.NettyRequestSender - Using pooled Channel '[id: 0x01b4161b, L:/127.0.0.1:54007 - R:localhost/127.0.0.1:16391]' for 'POST' to 'http://localhost:16391/session/a5abb70ff8b3ad580f5c41184036437d/element'
13:18:26.641 [Forwarding findElement on session a5abb70ff8b3ad580f5c41184036437d to remote] DEBUG org.asynchttpclient.netty.request.NettyRequestSender - Using open Channel [id: 0x01b4161b, L:/127.0.0.1:54007 - R:localhost/127.0.0.1:16391] for POST '/session/a5abb70ff8b3ad580f5c41184036437d/element'
13:18:26.671 [AsyncHttpClient-1-5] DEBUG org.asynchttpclient.netty.handler.HttpHandler - 

Request DefaultHttpRequest(decodeResult: success, version: HTTP/1.1)
POST /session/a5abb70ff8b3ad580f5c41184036437d/element HTTP/1.1
User-Agent: selenium/4.12.0 (java windows)
Content-Length: 53
Content-Type: application/json; charset=utf-8
host: localhost:16391
accept: */*

Response DefaultHttpResponse(decodeResult: success, version: HTTP/1.1)
HTTP/1.1 200 OK
Content-Length: 126
Content-Type: application/json; charset=utf-8
cache-control: no-cache

13:18:26.671 [AsyncHttpClient-1-5] DEBUG org.asynchttpclient.netty.channel.ChannelManager - Adding key: http://localhost:16391 for channel [id: 0x01b4161b, L:/127.0.0.1:54007 - R:localhost/127.0.0.1:16391]
13:18:26.678 [Forwarding sendKeysToElement on session a5abb70ff8b3ad580f5c41184036437d to remote] DEBUG org.asynchttpclient.netty.request.NettyRequestSender - Using pooled Channel '[id: 0x01b4161b, L:/127.0.0.1:54007 - R:localhost/127.0.0.1:16391]' for 'POST' to 'http://localhost:16391/session/a5abb70ff8b3ad580f5c41184036437d/element/f.7F7BB405E02265E4BCAD64703472F7AD.d.F7272C9B1E88921770998B0840B10EBA.e.27/value'
13:18:26.678 [Forwarding sendKeysToElement on session a5abb70ff8b3ad580f5c41184036437d to remote] DEBUG org.asynchttpclient.netty.request.NettyRequestSender - Using open Channel [id: 0x01b4161b, L:/127.0.0.1:54007 - R:localhost/127.0.0.1:16391] for POST '/session/a5abb70ff8b3ad580f5c41184036437d/element/f.7F7BB405E02265E4BCAD64703472F7AD.d.F7272C9B1E88921770998B0840B10EBA.e.27/value'
13:18:26.777 [AsyncHttpClient-1-5] DEBUG org.asynchttpclient.netty.handler.HttpHandler - 

Request DefaultHttpRequest(decodeResult: success, version: HTTP/1.1)
POST /session/a5abb70ff8b3ad580f5c41184036437d/element/f.7F7BB405E02265E4BCAD64703472F7AD.d.F7272C9B1E88921770998B0840B10EBA.e.27/value HTTP/1.1
User-Agent: selenium/4.12.0 (java windows)
Content-Length: 229
Content-Type: application/json; charset=utf-8
host: localhost:16391
accept: */*

Response DefaultHttpResponse(decodeResult: success, version: HTTP/1.1)
HTTP/1.1 200 OK
Content-Length: 14
Content-Type: application/json; charset=utf-8
cache-control: no-cache

13:18:26.778 [AsyncHttpClient-1-5] DEBUG org.asynchttpclient.netty.channel.ChannelManager - Adding key: http://localhost:16391 for channel [id: 0x01b4161b, L:/127.0.0.1:54007 - R:localhost/127.0.0.1:16391]
13:18:26.780 [Forwarding findElement on session a5abb70ff8b3ad580f5c41184036437d to remote] DEBUG org.asynchttpclient.netty.request.NettyRequestSender - Using pooled Channel '[id: 0x01b4161b, L:/127.0.0.1:54007 - R:localhost/127.0.0.1:16391]' for 'POST' to 'http://localhost:16391/session/a5abb70ff8b3ad580f5c41184036437d/element'
13:18:26.780 [Forwarding findElement on session a5abb70ff8b3ad580f5c41184036437d to remote] DEBUG org.asynchttpclient.netty.request.NettyRequestSender - Using open Channel [id: 0x01b4161b, L:/127.0.0.1:54007 - R:localhost/127.0.0.1:16391] for POST '/session/a5abb70ff8b3ad580f5c41184036437d/element'
13:18:26.794 [AsyncHttpClient-1-5] DEBUG org.asynchttpclient.netty.handler.HttpHandler - 

Request DefaultHttpRequest(decodeResult: success, version: HTTP/1.1)
POST /session/a5abb70ff8b3ad580f5c41184036437d/element HTTP/1.1
User-Agent: selenium/4.12.0 (java windows)
Content-Length: 54
Content-Type: application/json; charset=utf-8
host: localhost:16391
accept: */*

Response DefaultHttpResponse(decodeResult: success, version: HTTP/1.1)
HTTP/1.1 200 OK
Content-Length: 126
Content-Type: application/json; charset=utf-8
cache-control: no-cache

13:18:26.794 [AsyncHttpClient-1-5] DEBUG org.asynchttpclient.netty.channel.ChannelManager - Adding key: http://localhost:16391 for channel [id: 0x01b4161b, L:/127.0.0.1:54007 - R:localhost/127.0.0.1:16391]
13:18:26.795 [Forwarding sendKeysToElement on session a5abb70ff8b3ad580f5c41184036437d to remote] DEBUG org.asynchttpclient.netty.request.NettyRequestSender - Using pooled Channel '[id: 0x01b4161b, L:/127.0.0.1:54007 - R:localhost/127.0.0.1:16391]' for 'POST' to 'http://localhost:16391/session/a5abb70ff8b3ad580f5c41184036437d/element/f.7F7BB405E02265E4BCAD64703472F7AD.d.F7272C9B1E88921770998B0840B10EBA.e.30/value'
13:18:26.795 [Forwarding sendKeysToElement on session a5abb70ff8b3ad580f5c41184036437d to remote] DEBUG org.asynchttpclient.netty.request.NettyRequestSender - Using open Channel [id: 0x01b4161b, L:/127.0.0.1:54007 - R:localhost/127.0.0.1:16391] for POST '/session/a5abb70ff8b3ad580f5c41184036437d/element/f.7F7BB405E02265E4BCAD64703472F7AD.d.F7272C9B1E88921770998B0840B10EBA.e.30/value'
13:18:26.853 [AsyncHttpClient-1-5] DEBUG org.asynchttpclient.netty.handler.HttpHandler - 

Request DefaultHttpRequest(decodeResult: success, version: HTTP/1.1)
POST /session/a5abb70ff8b3ad580f5c41184036437d/element/f.7F7BB405E02265E4BCAD64703472F7AD.d.F7272C9B1E88921770998B0840B10EBA.e.30/value HTTP/1.1
User-Agent: selenium/4.12.0 (java windows)
Content-Length: 159
Content-Type: application/json; charset=utf-8
host: localhost:16391
accept: */*

Response DefaultHttpResponse(decodeResult: success, version: HTTP/1.1)
HTTP/1.1 200 OK
Content-Length: 14
Content-Type: application/json; charset=utf-8
cache-control: no-cache

13:18:26.853 [AsyncHttpClient-1-5] DEBUG org.asynchttpclient.netty.channel.ChannelManager - Adding key: http://localhost:16391 for channel [id: 0x01b4161b, L:/127.0.0.1:54007 - R:localhost/127.0.0.1:16391]
13:18:26.854 [Forwarding findElement on session a5abb70ff8b3ad580f5c41184036437d to remote] DEBUG org.asynchttpclient.netty.request.NettyRequestSender - Using pooled Channel '[id: 0x01b4161b, L:/127.0.0.1:54007 - R:localhost/127.0.0.1:16391]' for 'POST' to 'http://localhost:16391/session/a5abb70ff8b3ad580f5c41184036437d/element'
13:18:26.854 [Forwarding findElement on session a5abb70ff8b3ad580f5c41184036437d to remote] DEBUG org.asynchttpclient.netty.request.NettyRequestSender - Using open Channel [id: 0x01b4161b, L:/127.0.0.1:54007 - R:localhost/127.0.0.1:16391] for POST '/session/a5abb70ff8b3ad580f5c41184036437d/element'
13:18:26.864 [AsyncHttpClient-1-5] DEBUG org.asynchttpclient.netty.handler.HttpHandler - 

Request DefaultHttpRequest(decodeResult: success, version: HTTP/1.1)
POST /session/a5abb70ff8b3ad580f5c41184036437d/element HTTP/1.1
User-Agent: selenium/4.12.0 (java windows)
Content-Length: 53
Content-Type: application/json; charset=utf-8
host: localhost:16391
accept: */*

Response DefaultHttpResponse(decodeResult: success, version: HTTP/1.1)
HTTP/1.1 200 OK
Content-Length: 126
Content-Type: application/json; charset=utf-8
cache-control: no-cache

13:18:26.865 [AsyncHttpClient-1-5] DEBUG org.asynchttpclient.netty.channel.ChannelManager - Adding key: http://localhost:16391 for channel [id: 0x01b4161b, L:/127.0.0.1:54007 - R:localhost/127.0.0.1:16391]
13:18:26.867 [Forwarding sendKeysToElement on session a5abb70ff8b3ad580f5c41184036437d to remote] DEBUG org.asynchttpclient.netty.request.NettyRequestSender - Using pooled Channel '[id: 0x01b4161b, L:/127.0.0.1:54007 - R:localhost/127.0.0.1:16391]' for 'POST' to 'http://localhost:16391/session/a5abb70ff8b3ad580f5c41184036437d/element/f.7F7BB405E02265E4BCAD64703472F7AD.d.F7272C9B1E88921770998B0840B10EBA.e.31/value'
13:18:26.867 [Forwarding sendKeysToElement on session a5abb70ff8b3ad580f5c41184036437d to remote] DEBUG org.asynchttpclient.netty.request.NettyRequestSender - Using open Channel [id: 0x01b4161b, L:/127.0.0.1:54007 - R:localhost/127.0.0.1:16391] for POST '/session/a5abb70ff8b3ad580f5c41184036437d/element/f.7F7BB405E02265E4BCAD64703472F7AD.d.F7272C9B1E88921770998B0840B10EBA.e.31/value'
13:18:26.923 [AsyncHttpClient-1-5] DEBUG org.asynchttpclient.netty.handler.HttpHandler - 

Request DefaultHttpRequest(decodeResult: success, version: HTTP/1.1)
POST /session/a5abb70ff8b3ad580f5c41184036437d/element/f.7F7BB405E02265E4BCAD64703472F7AD.d.F7272C9B1E88921770998B0840B10EBA.e.31/value HTTP/1.1
User-Agent: selenium/4.12.0 (java windows)
Content-Length: 159
Content-Type: application/json; charset=utf-8
host: localhost:16391
accept: */*

Response DefaultHttpResponse(decodeResult: success, version: HTTP/1.1)
HTTP/1.1 200 OK
Content-Length: 14
Content-Type: application/json; charset=utf-8
cache-control: no-cache

13:18:26.923 [AsyncHttpClient-1-5] DEBUG org.asynchttpclient.netty.channel.ChannelManager - Adding key: http://localhost:16391 for channel [id: 0x01b4161b, L:/127.0.0.1:54007 - R:localhost/127.0.0.1:16391]
13:18:26.926 [Forwarding findElement on session a5abb70ff8b3ad580f5c41184036437d to remote] DEBUG org.asynchttpclient.netty.request.NettyRequestSender - Using pooled Channel '[id: 0x01b4161b, L:/127.0.0.1:54007 - R:localhost/127.0.0.1:16391]' for 'POST' to 'http://localhost:16391/session/a5abb70ff8b3ad580f5c41184036437d/element'
13:18:26.926 [Forwarding findElement on session a5abb70ff8b3ad580f5c41184036437d to remote] DEBUG org.asynchttpclient.netty.request.NettyRequestSender - Using open Channel [id: 0x01b4161b, L:/127.0.0.1:54007 - R:localhost/127.0.0.1:16391] for POST '/session/a5abb70ff8b3ad580f5c41184036437d/element'
13:18:26.944 [AsyncHttpClient-1-5] DEBUG org.asynchttpclient.netty.handler.HttpHandler - 

Request DefaultHttpRequest(decodeResult: success, version: HTTP/1.1)
POST /session/a5abb70ff8b3ad580f5c41184036437d/element HTTP/1.1
User-Agent: selenium/4.12.0 (java windows)
Content-Length: 53
Content-Type: application/json; charset=utf-8
host: localhost:16391
accept: */*

Response DefaultHttpResponse(decodeResult: success, version: HTTP/1.1)
HTTP/1.1 200 OK
Content-Length: 126
Content-Type: application/json; charset=utf-8
cache-control: no-cache

13:18:26.944 [AsyncHttpClient-1-5] DEBUG org.asynchttpclient.netty.channel.ChannelManager - Adding key: http://localhost:16391 for channel [id: 0x01b4161b, L:/127.0.0.1:54007 - R:localhost/127.0.0.1:16391]
13:18:26.948 [Forwarding sendKeysToElement on session a5abb70ff8b3ad580f5c41184036437d to remote] DEBUG org.asynchttpclient.netty.request.NettyRequestSender - Using pooled Channel '[id: 0x01b4161b, L:/127.0.0.1:54007 - R:localhost/127.0.0.1:16391]' for 'POST' to 'http://localhost:16391/session/a5abb70ff8b3ad580f5c41184036437d/element/f.7F7BB405E02265E4BCAD64703472F7AD.d.F7272C9B1E88921770998B0840B10EBA.e.15/value'
13:18:26.948 [Forwarding sendKeysToElement on session a5abb70ff8b3ad580f5c41184036437d to remote] DEBUG org.asynchttpclient.netty.request.NettyRequestSender - Using open Channel [id: 0x01b4161b, L:/127.0.0.1:54007 - R:localhost/127.0.0.1:16391] for POST '/session/a5abb70ff8b3ad580f5c41184036437d/element/f.7F7BB405E02265E4BCAD64703472F7AD.d.F7272C9B1E88921770998B0840B10EBA.e.15/value'
13:18:27.020 [AsyncHttpClient-1-5] DEBUG org.asynchttpclient.netty.handler.HttpHandler - 

Request DefaultHttpRequest(decodeResult: success, version: HTTP/1.1)
POST /session/a5abb70ff8b3ad580f5c41184036437d/element/f.7F7BB405E02265E4BCAD64703472F7AD.d.F7272C9B1E88921770998B0840B10EBA.e.15/value HTTP/1.1
User-Agent: selenium/4.12.0 (java windows)
Content-Length: 239
Content-Type: application/json; charset=utf-8
host: localhost:16391
accept: */*

Response DefaultHttpResponse(decodeResult: success, version: HTTP/1.1)
HTTP/1.1 200 OK
Content-Length: 14
Content-Type: application/json; charset=utf-8
cache-control: no-cache

13:18:27.021 [AsyncHttpClient-1-5] DEBUG org.asynchttpclient.netty.channel.ChannelManager - Adding key: http://localhost:16391 for channel [id: 0x01b4161b, L:/127.0.0.1:54007 - R:localhost/127.0.0.1:16391]
13:18:27.022 [Forwarding findElement on session a5abb70ff8b3ad580f5c41184036437d to remote] DEBUG org.asynchttpclient.netty.request.NettyRequestSender - Using pooled Channel '[id: 0x01b4161b, L:/127.0.0.1:54007 - R:localhost/127.0.0.1:16391]' for 'POST' to 'http://localhost:16391/session/a5abb70ff8b3ad580f5c41184036437d/element'
13:18:27.022 [Forwarding findElement on session a5abb70ff8b3ad580f5c41184036437d to remote] DEBUG org.asynchttpclient.netty.request.NettyRequestSender - Using open Channel [id: 0x01b4161b, L:/127.0.0.1:54007 - R:localhost/127.0.0.1:16391] for POST '/session/a5abb70ff8b3ad580f5c41184036437d/element'
13:18:27.030 [AsyncHttpClient-1-5] DEBUG org.asynchttpclient.netty.handler.HttpHandler - 

Request DefaultHttpRequest(decodeResult: success, version: HTTP/1.1)
POST /session/a5abb70ff8b3ad580f5c41184036437d/element HTTP/1.1
User-Agent: selenium/4.12.0 (java windows)
Content-Length: 60
Content-Type: application/json; charset=utf-8
host: localhost:16391
accept: */*

Response DefaultHttpResponse(decodeResult: success, version: HTTP/1.1)
HTTP/1.1 200 OK
Content-Length: 126
Content-Type: application/json; charset=utf-8
cache-control: no-cache

13:18:27.030 [AsyncHttpClient-1-5] DEBUG org.asynchttpclient.netty.channel.ChannelManager - Adding key: http://localhost:16391 for channel [id: 0x01b4161b, L:/127.0.0.1:54007 - R:localhost/127.0.0.1:16391]
13:18:27.031 [Forwarding sendKeysToElement on session a5abb70ff8b3ad580f5c41184036437d to remote] DEBUG org.asynchttpclient.netty.request.NettyRequestSender - Using pooled Channel '[id: 0x01b4161b, L:/127.0.0.1:54007 - R:localhost/127.0.0.1:16391]' for 'POST' to 'http://localhost:16391/session/a5abb70ff8b3ad580f5c41184036437d/element/f.7F7BB405E02265E4BCAD64703472F7AD.d.F7272C9B1E88921770998B0840B10EBA.e.16/value'
13:18:27.031 [Forwarding sendKeysToElement on session a5abb70ff8b3ad580f5c41184036437d to remote] DEBUG org.asynchttpclient.netty.request.NettyRequestSender - Using open Channel [id: 0x01b4161b, L:/127.0.0.1:54007 - R:localhost/127.0.0.1:16391] for POST '/session/a5abb70ff8b3ad580f5c41184036437d/element/f.7F7BB405E02265E4BCAD64703472F7AD.d.F7272C9B1E88921770998B0840B10EBA.e.16/value'
13:18:27.073 [AsyncHttpClient-1-5] DEBUG org.asynchttpclient.netty.handler.HttpHandler - 

Request DefaultHttpRequest(decodeResult: success, version: HTTP/1.1)
POST /session/a5abb70ff8b3ad580f5c41184036437d/element/f.7F7BB405E02265E4BCAD64703472F7AD.d.F7272C9B1E88921770998B0840B10EBA.e.16/value HTTP/1.1
User-Agent: selenium/4.12.0 (java windows)
Content-Length: 239
Content-Type: application/json; charset=utf-8
host: localhost:16391
accept: */*

Response DefaultHttpResponse(decodeResult: success, version: HTTP/1.1)
HTTP/1.1 200 OK
Content-Length: 14
Content-Type: application/json; charset=utf-8
cache-control: no-cache

13:18:27.074 [AsyncHttpClient-1-5] DEBUG org.asynchttpclient.netty.channel.ChannelManager - Adding key: http://localhost:16391 for channel [id: 0x01b4161b, L:/127.0.0.1:54007 - R:localhost/127.0.0.1:16391]
13:18:27.075 [Forwarding findElement on session a5abb70ff8b3ad580f5c41184036437d to remote] DEBUG org.asynchttpclient.netty.request.NettyRequestSender - Using pooled Channel '[id: 0x01b4161b, L:/127.0.0.1:54007 - R:localhost/127.0.0.1:16391]' for 'POST' to 'http://localhost:16391/session/a5abb70ff8b3ad580f5c41184036437d/element'
13:18:27.075 [Forwarding findElement on session a5abb70ff8b3ad580f5c41184036437d to remote] DEBUG org.asynchttpclient.netty.request.NettyRequestSender - Using open Channel [id: 0x01b4161b, L:/127.0.0.1:54007 - R:localhost/127.0.0.1:16391] for POST '/session/a5abb70ff8b3ad580f5c41184036437d/element'
13:18:27.084 [AsyncHttpClient-1-5] DEBUG org.asynchttpclient.netty.handler.HttpHandler - 

Request DefaultHttpRequest(decodeResult: success, version: HTTP/1.1)
POST /session/a5abb70ff8b3ad580f5c41184036437d/element HTTP/1.1
User-Agent: selenium/4.12.0 (java windows)
Content-Length: 65
Content-Type: application/json; charset=utf-8
host: localhost:16391
accept: */*

Response DefaultHttpResponse(decodeResult: success, version: HTTP/1.1)
HTTP/1.1 200 OK
Content-Length: 125
Content-Type: application/json; charset=utf-8
cache-control: no-cache

13:18:27.085 [AsyncHttpClient-1-5] DEBUG org.asynchttpclient.netty.channel.ChannelManager - Adding key: http://localhost:16391 for channel [id: 0x01b4161b, L:/127.0.0.1:54007 - R:localhost/127.0.0.1:16391]
13:18:27.085 [Forwarding clickElement on session a5abb70ff8b3ad580f5c41184036437d to remote] DEBUG org.asynchttpclient.netty.request.NettyRequestSender - Using pooled Channel '[id: 0x01b4161b, L:/127.0.0.1:54007 - R:localhost/127.0.0.1:16391]' for 'POST' to 'http://localhost:16391/session/a5abb70ff8b3ad580f5c41184036437d/element/f.7F7BB405E02265E4BCAD64703472F7AD.d.F7272C9B1E88921770998B0840B10EBA.e.7/click'
13:18:27.085 [Forwarding clickElement on session a5abb70ff8b3ad580f5c41184036437d to remote] DEBUG org.asynchttpclient.netty.request.NettyRequestSender - Using open Channel [id: 0x01b4161b, L:/127.0.0.1:54007 - R:localhost/127.0.0.1:16391] for POST '/session/a5abb70ff8b3ad580f5c41184036437d/element/f.7F7BB405E02265E4BCAD64703472F7AD.d.F7272C9B1E88921770998B0840B10EBA.e.7/click'
13:18:27.164 [AsyncHttpClient-1-5] DEBUG org.asynchttpclient.netty.handler.HttpHandler - 

Request DefaultHttpRequest(decodeResult: success, version: HTTP/1.1)
POST /session/a5abb70ff8b3ad580f5c41184036437d/element/f.7F7BB405E02265E4BCAD64703472F7AD.d.F7272C9B1E88921770998B0840B10EBA.e.7/click HTTP/1.1
User-Agent: selenium/4.12.0 (java windows)
Content-Length: 87
Content-Type: application/json; charset=utf-8
host: localhost:16391
accept: */*

Response DefaultHttpResponse(decodeResult: success, version: HTTP/1.1)
HTTP/1.1 200 OK
Content-Length: 14
Content-Type: application/json; charset=utf-8
cache-control: no-cache

13:18:27.164 [AsyncHttpClient-1-5] DEBUG org.asynchttpclient.netty.channel.ChannelManager - Adding key: http://localhost:16391 for channel [id: 0x01b4161b, L:/127.0.0.1:54007 - R:localhost/127.0.0.1:16391]
13:18:27.166 [Forwarding getPageSource on session a5abb70ff8b3ad580f5c41184036437d to remote] DEBUG org.asynchttpclient.netty.request.NettyRequestSender - Using pooled Channel '[id: 0x01b4161b, L:/127.0.0.1:54007 - R:localhost/127.0.0.1:16391]' for 'POST' to 'http://localhost:16391/session/a5abb70ff8b3ad580f5c41184036437d/execute/sync'
13:18:27.166 [Forwarding getPageSource on session a5abb70ff8b3ad580f5c41184036437d to remote] DEBUG org.asynchttpclient.netty.request.NettyRequestSender - Using open Channel [id: 0x01b4161b, L:/127.0.0.1:54007 - R:localhost/127.0.0.1:16391] for POST '/session/a5abb70ff8b3ad580f5c41184036437d/execute/sync'
13:18:27.193 [AsyncHttpClient-1-5] DEBUG org.asynchttpclient.netty.handler.HttpHandler - 

Request DefaultHttpRequest(decodeResult: success, version: HTTP/1.1)
POST /session/a5abb70ff8b3ad580f5c41184036437d/execute/sync HTTP/1.1
User-Agent: selenium/4.12.0 (java windows)
Content-Length: 176
Content-Type: application/json; charset=utf-8
host: localhost:16391
accept: */*

Response DefaultHttpResponse(decodeResult: success, version: HTTP/1.1)
HTTP/1.1 200 OK
Content-Length: 7571
Content-Type: application/json; charset=utf-8
cache-control: no-cache

13:18:27.195 [AsyncHttpClient-1-5] DEBUG org.asynchttpclient.netty.channel.ChannelManager - Adding key: http://localhost:16391 for channel [id: 0x01b4161b, L:/127.0.0.1:54007 - R:localhost/127.0.0.1:16391]
]]></system-out>
    <system-err><![CDATA[Jan 02, 2025 1:18:24 PM org.openqa.selenium.devtools.CdpVersionFinder findNearestMatch
WARNING: Unable to find CDP implementation matching 131
Jan 02, 2025 1:18:24 PM org.openqa.selenium.chromium.ChromiumDriver lambda$new$5
WARNING: Unable to find version of CDP to use for 131.0.6778.205. You may need to include a dependency on a specific version of the CDP using something similar to `org.seleniumhq.selenium:selenium-devtools-v86:4.12.0` where the version ("v86") matches the version of the chromium-based browser you're using and the version number of the artifact is the same as Selenium's.
]]></system-err>
  </testcase>
  <testcase name="testLoginWithValidCredentials" classname="UITestCases.BuggyCarsUITests" time="0.298">
    <failure message="expected [true] but found [false]" type="java.lang.AssertionError"><![CDATA[java.lang.AssertionError: expected [true] but found [false]
	at org.testng.Assert.fail(Assert.java:110)
	at org.testng.Assert.failNotEquals(Assert.java:1413)
	at org.testng.Assert.assertTrue(Assert.java:56)
	at org.testng.Assert.assertTrue(Assert.java:66)
	at UITestCases.BuggyCarsUITests.testLoginWithValidCredentials(BuggyCarsUITests.java:36)
	at java.base/jdk.internal.reflect.NativeMethodAccessorImpl.invoke0(Native Method)
	at java.base/jdk.internal.reflect.NativeMethodAccessorImpl.invoke(NativeMethodAccessorImpl.java:77)
	at java.base/jdk.internal.reflect.DelegatingMethodAccessorImpl.invoke(DelegatingMethodAccessorImpl.java:43)
	at java.base/java.lang.reflect.Method.invoke(Method.java:569)
	at org.testng.internal.invokers.MethodInvocationHelper.invokeMethod(MethodInvocationHelper.java:139)
	at org.testng.internal.invokers.TestInvoker.invokeMethod(TestInvoker.java:677)
	at org.testng.internal.invokers.TestInvoker.invokeTestMethod(TestInvoker.java:221)
	at org.testng.internal.invokers.MethodRunner.runInSequence(MethodRunner.java:50)
	at org.testng.internal.invokers.TestInvoker$MethodInvocationAgent.invoke(TestInvoker.java:969)
	at org.testng.internal.invokers.TestInvoker.invokeTestMethods(TestInvoker.java:194)
	at org.testng.internal.invokers.TestMethodWorker.invokeTestMethods(TestMethodWorker.java:148)
	at org.testng.internal.invokers.TestMethodWorker.run(TestMethodWorker.java:128)
	at java.base/java.util.ArrayList.forEach(ArrayList.java:1511)
	at org.testng.TestRunner.privateRun(TestRunner.java:829)
	at org.testng.TestRunner.run(TestRunner.java:602)
	at org.testng.SuiteRunner.runTest(SuiteRunner.java:437)
	at org.testng.SuiteRunner.runSequentially(SuiteRunner.java:431)
	at org.testng.SuiteRunner.privateRun(SuiteRunner.java:391)
	at org.testng.SuiteRunner.run(SuiteRunner.java:330)
	at org.testng.SuiteRunnerWorker.runSuite(SuiteRunnerWorker.java:52)
	at org.testng.SuiteRunnerWorker.run(SuiteRunnerWorker.java:95)
	at org.testng.TestNG.runSuitesSequentially(TestNG.java:1256)
	at org.testng.TestNG.runSuitesLocally(TestNG.java:1176)
	at org.testng.TestNG.runSuites(TestNG.java:1099)
	at org.testng.TestNG.run(TestNG.java:1067)
	at org.apache.maven.surefire.testng.TestNGExecutor.run(TestNGExecutor.java:151)
	at org.apache.maven.surefire.testng.TestNGDirectoryTestSuite.executeMulti(TestNGDirectoryTestSuite.java:192)
	at org.apache.maven.surefire.testng.TestNGDirectoryTestSuite.execute(TestNGDirectoryTestSuite.java:93)
	at org.apache.maven.surefire.testng.TestNGProvider.invoke(TestNGProvider.java:155)
	at org.apache.maven.surefire.booter.ForkedBooter.runSuitesInProcess(ForkedBooter.java:456)
	at org.apache.maven.surefire.booter.ForkedBooter.execute(ForkedBooter.java:169)
	at org.apache.maven.surefire.booter.ForkedBooter.run(ForkedBooter.java:595)
	at org.apache.maven.surefire.booter.ForkedBooter.main(ForkedBooter.java:581)
]]></failure>
    <system-out><![CDATA[13:18:27.198 [AsyncHttpClient-1-7] DEBUG org.asynchttpclient.netty.handler.WebSocketHandler - Channel Closed: [id: 0x24df8f39, L:/127.0.0.1:54015 ! R:localhost/127.0.0.1:54008] with attribute DISCARD
13:18:27.215 [Driver Command Executor] DEBUG org.asynchttpclient.netty.request.NettyRequestSender - Using pooled Channel '[id: 0x01b4161b, L:/127.0.0.1:54007 - R:localhost/127.0.0.1:16391]' for 'DELETE' to 'http://localhost:16391/session/a5abb70ff8b3ad580f5c41184036437d'
13:18:27.215 [Driver Command Executor] DEBUG org.asynchttpclient.netty.request.NettyRequestSender - Using open Channel [id: 0x01b4161b, L:/127.0.0.1:54007 - R:localhost/127.0.0.1:16391] for DELETE '/session/a5abb70ff8b3ad580f5c41184036437d'
13:18:27.262 [AsyncHttpClient-1-6] DEBUG org.asynchttpclient.netty.handler.HttpHandler - Unexpected I/O exception on channel [id: 0x8e989d4e, L:/127.0.0.1:54014 - R:localhost/127.0.0.1:54008]
java.net.SocketException: Connection reset
	at java.base/sun.nio.ch.SocketChannelImpl.throwConnectionReset(SocketChannelImpl.java:394)
	at java.base/sun.nio.ch.SocketChannelImpl.read(SocketChannelImpl.java:426)
	at io.netty.buffer.PooledByteBuf.setBytes(PooledByteBuf.java:254)
	at io.netty.buffer.AbstractByteBuf.writeBytes(AbstractByteBuf.java:1132)
	at io.netty.channel.socket.nio.NioSocketChannel.doReadBytes(NioSocketChannel.java:357)
	at io.netty.channel.nio.AbstractNioByteChannel$NioByteUnsafe.read(AbstractNioByteChannel.java:151)
	at io.netty.channel.nio.NioEventLoop.processSelectedKey(NioEventLoop.java:788)
	at io.netty.channel.nio.NioEventLoop.processSelectedKeysOptimized(NioEventLoop.java:724)
	at io.netty.channel.nio.NioEventLoop.processSelectedKeys(NioEventLoop.java:650)
	at io.netty.channel.nio.NioEventLoop.run(NioEventLoop.java:562)
	at io.netty.util.concurrent.SingleThreadEventExecutor$4.run(SingleThreadEventExecutor.java:997)
	at io.netty.util.internal.ThreadExecutorMap$2.run(ThreadExecutorMap.java:74)
	at io.netty.util.concurrent.FastThreadLocalRunnable.run(FastThreadLocalRunnable.java:30)
	at java.base/java.lang.Thread.run(Thread.java:840)
13:18:27.262 [AsyncHttpClient-1-6] DEBUG org.asynchttpclient.netty.channel.ChannelManager - Closing Channel [id: 0x8e989d4e, L:/127.0.0.1:54014 - R:localhost/127.0.0.1:54008] 
13:18:27.263 [AsyncHttpClient-1-6] DEBUG org.asynchttpclient.netty.handler.HttpHandler - Channel Closed: [id: 0x8e989d4e, L:/127.0.0.1:54014 ! R:localhost/127.0.0.1:54008] with attribute DISCARD
13:18:27.289 [AsyncHttpClient-1-5] DEBUG org.asynchttpclient.netty.handler.HttpHandler - 

Request DefaultFullHttpRequest(decodeResult: success, version: HTTP/1.1, content: EmptyByteBufBE)
DELETE /session/a5abb70ff8b3ad580f5c41184036437d HTTP/1.1
User-Agent: selenium/4.12.0 (java windows)
Content-Type: application/json; charset=utf-8
host: localhost:16391
accept: */*

Response DefaultHttpResponse(decodeResult: success, version: HTTP/1.1)
HTTP/1.1 200 OK
Content-Length: 14
Content-Type: application/json; charset=utf-8
cache-control: no-cache

13:18:27.291 [AsyncHttpClient-1-5] DEBUG org.asynchttpclient.netty.channel.ChannelManager - Adding key: http://localhost:16391 for channel [id: 0x01b4161b, L:/127.0.0.1:54007 - R:localhost/127.0.0.1:16391]
13:18:27.435 [AsyncHttpClient-1-5] DEBUG org.asynchttpclient.netty.handler.HttpHandler - Channel Closed: [id: 0x01b4161b, L:/127.0.0.1:54007 ! R:localhost/127.0.0.1:16391] with attribute DISCARD
13:18:27.462 [AsyncHttpClient-1-1] DEBUG org.asynchttpclient.netty.channel.DefaultChannelPool - Entry count for : http://localhost:54008 : 1
13:18:27.462 [AsyncHttpClient-1-1] DEBUG org.asynchttpclient.netty.channel.DefaultChannelPool - Entry count for : http://localhost:16391 : 1
13:18:27.462 [AsyncHttpClient-1-1] DEBUG org.asynchttpclient.netty.channel.DefaultChannelPool - Adding Candidate expired Channel [id: 0x8e989d4e, L:/127.0.0.1:54014 ! R:localhost/127.0.0.1:54008] isIdleTimeoutExpired=false isRemotelyClosed=true isTtlExpired=false
13:18:27.462 [AsyncHttpClient-1-1] DEBUG org.asynchttpclient.netty.channel.DefaultChannelPool - Closing Idle Channel [id: 0x8e989d4e, L:/127.0.0.1:54014 ! R:localhost/127.0.0.1:54008]
13:18:27.462 [AsyncHttpClient-1-1] DEBUG org.asynchttpclient.netty.channel.DefaultChannelPool - Adding Candidate expired Channel [id: 0x01b4161b, L:/127.0.0.1:54007 ! R:localhost/127.0.0.1:16391] isIdleTimeoutExpired=false isRemotelyClosed=true isTtlExpired=false
13:18:27.462 [AsyncHttpClient-1-1] DEBUG org.asynchttpclient.netty.channel.DefaultChannelPool - Closing Idle Channel [id: 0x01b4161b, L:/127.0.0.1:54007 ! R:localhost/127.0.0.1:16391]
13:18:27.462 [AsyncHttpClient-1-1] DEBUG org.asynchttpclient.netty.channel.DefaultChannelPool - Closed 2 connections out of 2 in 0 ms
13:18:27.511 [main] DEBUG io.github.bonigarcia.wdm.WebDriverManager - Using WebDriverManager 5.5.3
13:18:27.522 [main] DEBUG io.github.bonigarcia.wdm.cache.ResolutionCache - Resolution chrome=131 in cache (valid until 13:56:25 02/01/2025 IST)
13:18:27.523 [main] DEBUG io.github.bonigarcia.wdm.cache.ResolutionCache - Resolution chrome131=131.0.6778.204 in cache (valid until 12:56:25 03/01/2025 IST)
13:18:27.524 [main] INFO io.github.bonigarcia.wdm.WebDriverManager - Using chromedriver 131.0.6778.204 (resolved driver for Chrome 131)
13:18:27.528 [main] DEBUG io.github.bonigarcia.wdm.WebDriverManager - Driver chromedriver 131.0.6778.204 found in cache
13:18:27.529 [main] INFO io.github.bonigarcia.wdm.WebDriverManager - Exporting webdriver.chrome.driver as C:\Users\ASUS\.cache\selenium\chromedriver\win64\131.0.6778.204\chromedriver.exe
13:18:27.596 [AsyncHttpClient-1-8] DEBUG org.asynchttpclient.netty.channel.NettyConnectListener - Using new Channel '[id: 0x5af66867, L:/127.0.0.1:54025 - R:localhost/127.0.0.1:10578]' for 'POST' to '/session'
13:18:28.270 [AsyncHttpClient-1-8] DEBUG org.asynchttpclient.netty.handler.HttpHandler - 

Request DefaultHttpRequest(decodeResult: success, version: HTTP/1.1)
POST /session HTTP/1.1
User-Agent: selenium/4.12.0 (java windows)
Content-Length: 254
Content-Type: application/json; charset=utf-8
host: localhost:10578
accept: */*

Response DefaultHttpResponse(decodeResult: success, version: HTTP/1.1)
HTTP/1.1 200 OK
Content-Length: 883
Content-Type: application/json; charset=utf-8
cache-control: no-cache

13:18:28.271 [AsyncHttpClient-1-8] DEBUG org.asynchttpclient.netty.channel.ChannelManager - Adding key: http://localhost:10578 for channel [id: 0x5af66867, L:/127.0.0.1:54025 - R:localhost/127.0.0.1:10578]
13:18:28.295 [AsyncHttpClient-1-9] DEBUG org.asynchttpclient.netty.channel.NettyConnectListener - Using new Channel '[id: 0xac76dab1, L:/127.0.0.1:54032 - R:localhost/127.0.0.1:54026]' for 'GET' to '/json/version'
13:18:28.302 [AsyncHttpClient-1-9] DEBUG org.asynchttpclient.netty.handler.HttpHandler - 

Request DefaultFullHttpRequest(decodeResult: success, version: HTTP/1.1, content: EmptyByteBufBE)
GET /json/version HTTP/1.1
User-Agent: selenium/4.12.0 (java windows)
host: localhost:54026
accept: */*

Response DefaultHttpResponse(decodeResult: success, version: HTTP/1.1)
HTTP/1.1 200 OK
Content-Security-Policy: frame-ancestors 'none'
Content-Length: 424
Content-Type: application/json; charset=UTF-8

13:18:28.304 [AsyncHttpClient-1-9] DEBUG org.asynchttpclient.netty.channel.ChannelManager - Adding key: http://localhost:54026 for channel [id: 0xac76dab1, L:/127.0.0.1:54032 - R:localhost/127.0.0.1:54026]
13:18:28.308 [AsyncHttpClient-1-10] DEBUG org.asynchttpclient.netty.channel.NettyConnectListener - Using new Channel '[id: 0x84af4d38, L:/127.0.0.1:54033 - R:localhost/127.0.0.1:54026]' for 'GET' to '/devtools/browser/c5592765-1e74-4bd8-b800-f1e9304280f0'
13:18:28.309 [AsyncHttpClient-1-10] DEBUG org.asynchttpclient.netty.handler.WebSocketHandler - 

Request DefaultFullHttpRequest(decodeResult: success, version: HTTP/1.1, content: EmptyByteBufBE)
GET /devtools/browser/c5592765-1e74-4bd8-b800-f1e9304280f0 HTTP/1.1
upgrade: websocket
connection: upgrade
sec-websocket-key: JQbkXXH0Jac2AaqbMOskkw==
sec-websocket-version: 13
origin: http://localhost:54026
host: localhost:54026
accept: */*
user-agent: AHC/2.1

Response DefaultHttpResponse(decodeResult: success, version: HTTP/1.1)
HTTP/1.1 101 WebSocket Protocol Handshake
Upgrade: WebSocket
Connection: Upgrade
Sec-WebSocket-Accept: P5HLldoPuTJ/5H/8oLrFzMB2WDc=

13:18:28.313 [Forwarding maximizeCurrentWindow on session 38d5137c8fd0f925fd04c7aa39b464a4 to remote] DEBUG org.asynchttpclient.netty.request.NettyRequestSender - Using pooled Channel '[id: 0x5af66867, L:/127.0.0.1:54025 - R:localhost/127.0.0.1:10578]' for 'POST' to 'http://localhost:10578/session/38d5137c8fd0f925fd04c7aa39b464a4/window/maximize'
13:18:28.313 [Forwarding maximizeCurrentWindow on session 38d5137c8fd0f925fd04c7aa39b464a4 to remote] DEBUG org.asynchttpclient.netty.request.NettyRequestSender - Using open Channel [id: 0x5af66867, L:/127.0.0.1:54025 - R:localhost/127.0.0.1:10578] for POST '/session/38d5137c8fd0f925fd04c7aa39b464a4/window/maximize'
13:18:28.362 [AsyncHttpClient-1-8] DEBUG org.asynchttpclient.netty.handler.HttpHandler - 

Request DefaultHttpRequest(decodeResult: success, version: HTTP/1.1)
POST /session/38d5137c8fd0f925fd04c7aa39b464a4/window/maximize HTTP/1.1
User-Agent: selenium/4.12.0 (java windows)
Content-Length: 3
Content-Type: application/json; charset=utf-8
host: localhost:10578
accept: */*

Response DefaultHttpResponse(decodeResult: success, version: HTTP/1.1)
HTTP/1.1 200 OK
Content-Length: 51
Content-Type: application/json; charset=utf-8
cache-control: no-cache

13:18:28.363 [AsyncHttpClient-1-8] DEBUG org.asynchttpclient.netty.channel.ChannelManager - Adding key: http://localhost:10578 for channel [id: 0x5af66867, L:/127.0.0.1:54025 - R:localhost/127.0.0.1:10578]
13:18:28.368 [Forwarding get on session 38d5137c8fd0f925fd04c7aa39b464a4 to remote] DEBUG org.asynchttpclient.netty.request.NettyRequestSender - Using pooled Channel '[id: 0x5af66867, L:/127.0.0.1:54025 - R:localhost/127.0.0.1:10578]' for 'POST' to 'http://localhost:10578/session/38d5137c8fd0f925fd04c7aa39b464a4/url'
13:18:28.369 [Forwarding get on session 38d5137c8fd0f925fd04c7aa39b464a4 to remote] DEBUG org.asynchttpclient.netty.request.NettyRequestSender - Using open Channel [id: 0x5af66867, L:/127.0.0.1:54025 - R:localhost/127.0.0.1:10578] for POST '/session/38d5137c8fd0f925fd04c7aa39b464a4/url'
13:18:28.561 [AsyncHttpClient-1-1] DEBUG org.asynchttpclient.netty.channel.DefaultChannelPool - Entry count for : http://localhost:54026 : 1
13:18:29.661 [AsyncHttpClient-1-1] DEBUG org.asynchttpclient.netty.channel.DefaultChannelPool - Entry count for : http://localhost:54026 : 1
13:18:30.762 [AsyncHttpClient-1-1] DEBUG org.asynchttpclient.netty.channel.DefaultChannelPool - Entry count for : http://localhost:54026 : 1
13:18:31.379 [AsyncHttpClient-1-8] DEBUG org.asynchttpclient.netty.handler.HttpHandler - 

Request DefaultHttpRequest(decodeResult: success, version: HTTP/1.1)
POST /session/38d5137c8fd0f925fd04c7aa39b464a4/url HTTP/1.1
User-Agent: selenium/4.12.0 (java windows)
Content-Length: 58
Content-Type: application/json; charset=utf-8
host: localhost:10578
accept: */*

Response DefaultHttpResponse(decodeResult: success, version: HTTP/1.1)
HTTP/1.1 200 OK
Content-Length: 14
Content-Type: application/json; charset=utf-8
cache-control: no-cache

13:18:31.379 [AsyncHttpClient-1-8] DEBUG org.asynchttpclient.netty.channel.ChannelManager - Adding key: http://localhost:10578 for channel [id: 0x5af66867, L:/127.0.0.1:54025 - R:localhost/127.0.0.1:10578]
13:18:31.382 [Forwarding findElement on session 38d5137c8fd0f925fd04c7aa39b464a4 to remote] DEBUG org.asynchttpclient.netty.request.NettyRequestSender - Using pooled Channel '[id: 0x5af66867, L:/127.0.0.1:54025 - R:localhost/127.0.0.1:10578]' for 'POST' to 'http://localhost:10578/session/38d5137c8fd0f925fd04c7aa39b464a4/element'
13:18:31.382 [Forwarding findElement on session 38d5137c8fd0f925fd04c7aa39b464a4 to remote] DEBUG org.asynchttpclient.netty.request.NettyRequestSender - Using open Channel [id: 0x5af66867, L:/127.0.0.1:54025 - R:localhost/127.0.0.1:10578] for POST '/session/38d5137c8fd0f925fd04c7aa39b464a4/element'
13:18:31.414 [AsyncHttpClient-1-8] DEBUG org.asynchttpclient.netty.handler.HttpHandler - 

Request DefaultHttpRequest(decodeResult: success, version: HTTP/1.1)
POST /session/38d5137c8fd0f925fd04c7aa39b464a4/element HTTP/1.1
User-Agent: selenium/4.12.0 (java windows)
Content-Length: 59
Content-Type: application/json; charset=utf-8
host: localhost:10578
accept: */*

Response DefaultHttpResponse(decodeResult: success, version: HTTP/1.1)
HTTP/1.1 200 OK
Content-Length: 125
Content-Type: application/json; charset=utf-8
cache-control: no-cache

13:18:31.414 [AsyncHttpClient-1-8] DEBUG org.asynchttpclient.netty.channel.ChannelManager - Adding key: http://localhost:10578 for channel [id: 0x5af66867, L:/127.0.0.1:54025 - R:localhost/127.0.0.1:10578]
13:18:31.417 [Forwarding sendKeysToElement on session 38d5137c8fd0f925fd04c7aa39b464a4 to remote] DEBUG org.asynchttpclient.netty.request.NettyRequestSender - Using pooled Channel '[id: 0x5af66867, L:/127.0.0.1:54025 - R:localhost/127.0.0.1:10578]' for 'POST' to 'http://localhost:10578/session/38d5137c8fd0f925fd04c7aa39b464a4/element/f.FD1F8CB294402203BFAD3C41A6EE35B1.d.075B21341E454775CCC6EDA1FDEDE30F.e.6/value'
13:18:31.417 [Forwarding sendKeysToElement on session 38d5137c8fd0f925fd04c7aa39b464a4 to remote] DEBUG org.asynchttpclient.netty.request.NettyRequestSender - Using open Channel [id: 0x5af66867, L:/127.0.0.1:54025 - R:localhost/127.0.0.1:10578] for POST '/session/38d5137c8fd0f925fd04c7aa39b464a4/element/f.FD1F8CB294402203BFAD3C41A6EE35B1.d.075B21341E454775CCC6EDA1FDEDE30F.e.6/value'
13:18:31.493 [AsyncHttpClient-1-8] DEBUG org.asynchttpclient.netty.handler.HttpHandler - 

Request DefaultHttpRequest(decodeResult: success, version: HTTP/1.1)
POST /session/38d5137c8fd0f925fd04c7aa39b464a4/element/f.FD1F8CB294402203BFAD3C41A6EE35B1.d.075B21341E454775CCC6EDA1FDEDE30F.e.6/value HTTP/1.1
User-Agent: selenium/4.12.0 (java windows)
Content-Length: 228
Content-Type: application/json; charset=utf-8
host: localhost:10578
accept: */*

Response DefaultHttpResponse(decodeResult: success, version: HTTP/1.1)
HTTP/1.1 200 OK
Content-Length: 14
Content-Type: application/json; charset=utf-8
cache-control: no-cache

13:18:31.493 [AsyncHttpClient-1-8] DEBUG org.asynchttpclient.netty.channel.ChannelManager - Adding key: http://localhost:10578 for channel [id: 0x5af66867, L:/127.0.0.1:54025 - R:localhost/127.0.0.1:10578]
13:18:31.494 [Forwarding findElement on session 38d5137c8fd0f925fd04c7aa39b464a4 to remote] DEBUG org.asynchttpclient.netty.request.NettyRequestSender - Using pooled Channel '[id: 0x5af66867, L:/127.0.0.1:54025 - R:localhost/127.0.0.1:10578]' for 'POST' to 'http://localhost:10578/session/38d5137c8fd0f925fd04c7aa39b464a4/element'
13:18:31.494 [Forwarding findElement on session 38d5137c8fd0f925fd04c7aa39b464a4 to remote] DEBUG org.asynchttpclient.netty.request.NettyRequestSender - Using open Channel [id: 0x5af66867, L:/127.0.0.1:54025 - R:localhost/127.0.0.1:10578] for POST '/session/38d5137c8fd0f925fd04c7aa39b464a4/element'
13:18:31.507 [AsyncHttpClient-1-8] DEBUG org.asynchttpclient.netty.handler.HttpHandler - 

Request DefaultHttpRequest(decodeResult: success, version: HTTP/1.1)
POST /session/38d5137c8fd0f925fd04c7aa39b464a4/element HTTP/1.1
User-Agent: selenium/4.12.0 (java windows)
Content-Length: 62
Content-Type: application/json; charset=utf-8
host: localhost:10578
accept: */*

Response DefaultHttpResponse(decodeResult: success, version: HTTP/1.1)
HTTP/1.1 200 OK
Content-Length: 125
Content-Type: application/json; charset=utf-8
cache-control: no-cache

13:18:31.507 [AsyncHttpClient-1-8] DEBUG org.asynchttpclient.netty.channel.ChannelManager - Adding key: http://localhost:10578 for channel [id: 0x5af66867, L:/127.0.0.1:54025 - R:localhost/127.0.0.1:10578]
13:18:31.509 [Forwarding sendKeysToElement on session 38d5137c8fd0f925fd04c7aa39b464a4 to remote] DEBUG org.asynchttpclient.netty.request.NettyRequestSender - Using pooled Channel '[id: 0x5af66867, L:/127.0.0.1:54025 - R:localhost/127.0.0.1:10578]' for 'POST' to 'http://localhost:10578/session/38d5137c8fd0f925fd04c7aa39b464a4/element/f.FD1F8CB294402203BFAD3C41A6EE35B1.d.075B21341E454775CCC6EDA1FDEDE30F.e.4/value'
13:18:31.510 [Forwarding sendKeysToElement on session 38d5137c8fd0f925fd04c7aa39b464a4 to remote] DEBUG org.asynchttpclient.netty.request.NettyRequestSender - Using open Channel [id: 0x5af66867, L:/127.0.0.1:54025 - R:localhost/127.0.0.1:10578] for POST '/session/38d5137c8fd0f925fd04c7aa39b464a4/element/f.FD1F8CB294402203BFAD3C41A6EE35B1.d.075B21341E454775CCC6EDA1FDEDE30F.e.4/value'
13:18:31.560 [AsyncHttpClient-1-8] DEBUG org.asynchttpclient.netty.handler.HttpHandler - 

Request DefaultHttpRequest(decodeResult: success, version: HTTP/1.1)
POST /session/38d5137c8fd0f925fd04c7aa39b464a4/element/f.FD1F8CB294402203BFAD3C41A6EE35B1.d.075B21341E454775CCC6EDA1FDEDE30F.e.4/value HTTP/1.1
User-Agent: selenium/4.12.0 (java windows)
Content-Length: 238
Content-Type: application/json; charset=utf-8
host: localhost:10578
accept: */*

Response DefaultHttpResponse(decodeResult: success, version: HTTP/1.1)
HTTP/1.1 200 OK
Content-Length: 14
Content-Type: application/json; charset=utf-8
cache-control: no-cache

13:18:31.561 [AsyncHttpClient-1-8] DEBUG org.asynchttpclient.netty.channel.ChannelManager - Adding key: http://localhost:10578 for channel [id: 0x5af66867, L:/127.0.0.1:54025 - R:localhost/127.0.0.1:10578]
13:18:31.564 [Forwarding findElement on session 38d5137c8fd0f925fd04c7aa39b464a4 to remote] DEBUG org.asynchttpclient.netty.request.NettyRequestSender - Using pooled Channel '[id: 0x5af66867, L:/127.0.0.1:54025 - R:localhost/127.0.0.1:10578]' for 'POST' to 'http://localhost:10578/session/38d5137c8fd0f925fd04c7aa39b464a4/element'
13:18:31.564 [Forwarding findElement on session 38d5137c8fd0f925fd04c7aa39b464a4 to remote] DEBUG org.asynchttpclient.netty.request.NettyRequestSender - Using open Channel [id: 0x5af66867, L:/127.0.0.1:54025 - R:localhost/127.0.0.1:10578] for POST '/session/38d5137c8fd0f925fd04c7aa39b464a4/element'
13:18:31.578 [AsyncHttpClient-1-8] DEBUG org.asynchttpclient.netty.handler.HttpHandler - 

Request DefaultHttpRequest(decodeResult: success, version: HTTP/1.1)
POST /session/38d5137c8fd0f925fd04c7aa39b464a4/element HTTP/1.1
User-Agent: selenium/4.12.0 (java windows)
Content-Length: 65
Content-Type: application/json; charset=utf-8
host: localhost:10578
accept: */*

Response DefaultHttpResponse(decodeResult: success, version: HTTP/1.1)
HTTP/1.1 200 OK
Content-Length: 125
Content-Type: application/json; charset=utf-8
cache-control: no-cache

13:18:31.578 [AsyncHttpClient-1-8] DEBUG org.asynchttpclient.netty.channel.ChannelManager - Adding key: http://localhost:10578 for channel [id: 0x5af66867, L:/127.0.0.1:54025 - R:localhost/127.0.0.1:10578]
13:18:31.579 [Forwarding clickElement on session 38d5137c8fd0f925fd04c7aa39b464a4 to remote] DEBUG org.asynchttpclient.netty.request.NettyRequestSender - Using pooled Channel '[id: 0x5af66867, L:/127.0.0.1:54025 - R:localhost/127.0.0.1:10578]' for 'POST' to 'http://localhost:10578/session/38d5137c8fd0f925fd04c7aa39b464a4/element/f.FD1F8CB294402203BFAD3C41A6EE35B1.d.075B21341E454775CCC6EDA1FDEDE30F.e.8/click'
13:18:31.579 [Forwarding clickElement on session 38d5137c8fd0f925fd04c7aa39b464a4 to remote] DEBUG org.asynchttpclient.netty.request.NettyRequestSender - Using open Channel [id: 0x5af66867, L:/127.0.0.1:54025 - R:localhost/127.0.0.1:10578] for POST '/session/38d5137c8fd0f925fd04c7aa39b464a4/element/f.FD1F8CB294402203BFAD3C41A6EE35B1.d.075B21341E454775CCC6EDA1FDEDE30F.e.8/click'
13:18:31.660 [AsyncHttpClient-1-8] DEBUG org.asynchttpclient.netty.handler.HttpHandler - 

Request DefaultHttpRequest(decodeResult: success, version: HTTP/1.1)
POST /session/38d5137c8fd0f925fd04c7aa39b464a4/element/f.FD1F8CB294402203BFAD3C41A6EE35B1.d.075B21341E454775CCC6EDA1FDEDE30F.e.8/click HTTP/1.1
User-Agent: selenium/4.12.0 (java windows)
Content-Length: 87
Content-Type: application/json; charset=utf-8
host: localhost:10578
accept: */*

Response DefaultHttpResponse(decodeResult: success, version: HTTP/1.1)
HTTP/1.1 200 OK
Content-Length: 14
Content-Type: application/json; charset=utf-8
cache-control: no-cache

13:18:31.661 [AsyncHttpClient-1-8] DEBUG org.asynchttpclient.netty.channel.ChannelManager - Adding key: http://localhost:10578 for channel [id: 0x5af66867, L:/127.0.0.1:54025 - R:localhost/127.0.0.1:10578]
13:18:31.669 [Forwarding getPageSource on session 38d5137c8fd0f925fd04c7aa39b464a4 to remote] DEBUG org.asynchttpclient.netty.request.NettyRequestSender - Using pooled Channel '[id: 0x5af66867, L:/127.0.0.1:54025 - R:localhost/127.0.0.1:10578]' for 'POST' to 'http://localhost:10578/session/38d5137c8fd0f925fd04c7aa39b464a4/execute/sync'
13:18:31.669 [Forwarding getPageSource on session 38d5137c8fd0f925fd04c7aa39b464a4 to remote] DEBUG org.asynchttpclient.netty.request.NettyRequestSender - Using open Channel [id: 0x5af66867, L:/127.0.0.1:54025 - R:localhost/127.0.0.1:10578] for POST '/session/38d5137c8fd0f925fd04c7aa39b464a4/execute/sync'
13:18:31.677 [AsyncHttpClient-1-8] DEBUG org.asynchttpclient.netty.handler.HttpHandler - 

Request DefaultHttpRequest(decodeResult: success, version: HTTP/1.1)
POST /session/38d5137c8fd0f925fd04c7aa39b464a4/execute/sync HTTP/1.1
User-Agent: selenium/4.12.0 (java windows)
Content-Length: 176
Content-Type: application/json; charset=utf-8
host: localhost:10578
accept: */*

Response DefaultHttpResponse(decodeResult: success, version: HTTP/1.1)
HTTP/1.1 200 OK
Content-Length: 4159
Content-Type: application/json; charset=utf-8
cache-control: no-cache

13:18:31.677 [AsyncHttpClient-1-8] DEBUG org.asynchttpclient.netty.channel.ChannelManager - Adding key: http://localhost:10578 for channel [id: 0x5af66867, L:/127.0.0.1:54025 - R:localhost/127.0.0.1:10578]
]]></system-out>
    <system-err><![CDATA[Jan 02, 2025 1:18:28 PM org.openqa.selenium.devtools.CdpVersionFinder findNearestMatch
WARNING: Unable to find CDP implementation matching 131
Jan 02, 2025 1:18:28 PM org.openqa.selenium.chromium.ChromiumDriver lambda$new$5
WARNING: Unable to find version of CDP to use for 131.0.6778.205. You may need to include a dependency on a specific version of the CDP using something similar to `org.seleniumhq.selenium:selenium-devtools-v86:4.12.0` where the version ("v86") matches the version of the chromium-based browser you're using and the version number of the artifact is the same as Selenium's.
]]></system-err>
  </testcase>
  <testcase name="testMissingFieldsInRegistration" classname="UITestCases.BuggyCarsUITests" time="0.268">
    <failure message="expected [true] but found [false]" type="java.lang.AssertionError"><![CDATA[java.lang.AssertionError: expected [true] but found [false]
	at org.testng.Assert.fail(Assert.java:110)
	at org.testng.Assert.failNotEquals(Assert.java:1413)
	at org.testng.Assert.assertTrue(Assert.java:56)
	at org.testng.Assert.assertTrue(Assert.java:66)
	at UITestCases.BuggyCarsUITests.testMissingFieldsInRegistration(BuggyCarsUITests.java:54)
	at java.base/jdk.internal.reflect.NativeMethodAccessorImpl.invoke0(Native Method)
	at java.base/jdk.internal.reflect.NativeMethodAccessorImpl.invoke(NativeMethodAccessorImpl.java:77)
	at java.base/jdk.internal.reflect.DelegatingMethodAccessorImpl.invoke(DelegatingMethodAccessorImpl.java:43)
	at java.base/java.lang.reflect.Method.invoke(Method.java:569)
	at org.testng.internal.invokers.MethodInvocationHelper.invokeMethod(MethodInvocationHelper.java:139)
	at org.testng.internal.invokers.TestInvoker.invokeMethod(TestInvoker.java:677)
	at org.testng.internal.invokers.TestInvoker.invokeTestMethod(TestInvoker.java:221)
	at org.testng.internal.invokers.MethodRunner.runInSequence(MethodRunner.java:50)
	at org.testng.internal.invokers.TestInvoker$MethodInvocationAgent.invoke(TestInvoker.java:969)
	at org.testng.internal.invokers.TestInvoker.invokeTestMethods(TestInvoker.java:194)
	at org.testng.internal.invokers.TestMethodWorker.invokeTestMethods(TestMethodWorker.java:148)
	at org.testng.internal.invokers.TestMethodWorker.run(TestMethodWorker.java:128)
	at java.base/java.util.ArrayList.forEach(ArrayList.java:1511)
	at org.testng.TestRunner.privateRun(TestRunner.java:829)
	at org.testng.TestRunner.run(TestRunner.java:602)
	at org.testng.SuiteRunner.runTest(SuiteRunner.java:437)
	at org.testng.SuiteRunner.runSequentially(SuiteRunner.java:431)
	at org.testng.SuiteRunner.privateRun(SuiteRunner.java:391)
	at org.testng.SuiteRunner.run(SuiteRunner.java:330)
	at org.testng.SuiteRunnerWorker.runSuite(SuiteRunnerWorker.java:52)
	at org.testng.SuiteRunnerWorker.run(SuiteRunnerWorker.java:95)
	at org.testng.TestNG.runSuitesSequentially(TestNG.java:1256)
	at org.testng.TestNG.runSuitesLocally(TestNG.java:1176)
	at org.testng.TestNG.runSuites(TestNG.java:1099)
	at org.testng.TestNG.run(TestNG.java:1067)
	at org.apache.maven.surefire.testng.TestNGExecutor.run(TestNGExecutor.java:151)
	at org.apache.maven.surefire.testng.TestNGDirectoryTestSuite.executeMulti(TestNGDirectoryTestSuite.java:192)
	at org.apache.maven.surefire.testng.TestNGDirectoryTestSuite.execute(TestNGDirectoryTestSuite.java:93)
	at org.apache.maven.surefire.testng.TestNGProvider.invoke(TestNGProvider.java:155)
	at org.apache.maven.surefire.booter.ForkedBooter.runSuitesInProcess(ForkedBooter.java:456)
	at org.apache.maven.surefire.booter.ForkedBooter.execute(ForkedBooter.java:169)
	at org.apache.maven.surefire.booter.ForkedBooter.run(ForkedBooter.java:595)
	at org.apache.maven.surefire.booter.ForkedBooter.main(ForkedBooter.java:581)
]]></failure>
    <system-out><![CDATA[13:18:31.680 [AsyncHttpClient-1-10] DEBUG org.asynchttpclient.netty.handler.WebSocketHandler - Channel Closed: [id: 0x84af4d38, L:/127.0.0.1:54033 ! R:localhost/127.0.0.1:54026] with attribute DISCARD
13:18:31.680 [Driver Command Executor] DEBUG org.asynchttpclient.netty.request.NettyRequestSender - Using pooled Channel '[id: 0x5af66867, L:/127.0.0.1:54025 - R:localhost/127.0.0.1:10578]' for 'DELETE' to 'http://localhost:10578/session/38d5137c8fd0f925fd04c7aa39b464a4'
13:18:31.680 [Driver Command Executor] DEBUG org.asynchttpclient.netty.request.NettyRequestSender - Using open Channel [id: 0x5af66867, L:/127.0.0.1:54025 - R:localhost/127.0.0.1:10578] for DELETE '/session/38d5137c8fd0f925fd04c7aa39b464a4'
13:18:31.704 [AsyncHttpClient-1-9] DEBUG org.asynchttpclient.netty.handler.HttpHandler - Unexpected I/O exception on channel [id: 0xac76dab1, L:/127.0.0.1:54032 - R:localhost/127.0.0.1:54026]
java.net.SocketException: Connection reset
	at java.base/sun.nio.ch.SocketChannelImpl.throwConnectionReset(SocketChannelImpl.java:394)
	at java.base/sun.nio.ch.SocketChannelImpl.read(SocketChannelImpl.java:426)
	at io.netty.buffer.PooledByteBuf.setBytes(PooledByteBuf.java:254)
	at io.netty.buffer.AbstractByteBuf.writeBytes(AbstractByteBuf.java:1132)
	at io.netty.channel.socket.nio.NioSocketChannel.doReadBytes(NioSocketChannel.java:357)
	at io.netty.channel.nio.AbstractNioByteChannel$NioByteUnsafe.read(AbstractNioByteChannel.java:151)
	at io.netty.channel.nio.NioEventLoop.processSelectedKey(NioEventLoop.java:788)
	at io.netty.channel.nio.NioEventLoop.processSelectedKeysOptimized(NioEventLoop.java:724)
	at io.netty.channel.nio.NioEventLoop.processSelectedKeys(NioEventLoop.java:650)
	at io.netty.channel.nio.NioEventLoop.run(NioEventLoop.java:562)
	at io.netty.util.concurrent.SingleThreadEventExecutor$4.run(SingleThreadEventExecutor.java:997)
	at io.netty.util.internal.ThreadExecutorMap$2.run(ThreadExecutorMap.java:74)
	at io.netty.util.concurrent.FastThreadLocalRunnable.run(FastThreadLocalRunnable.java:30)
	at java.base/java.lang.Thread.run(Thread.java:840)
13:18:31.705 [AsyncHttpClient-1-9] DEBUG org.asynchttpclient.netty.channel.ChannelManager - Closing Channel [id: 0xac76dab1, L:/127.0.0.1:54032 - R:localhost/127.0.0.1:54026] 
13:18:31.705 [AsyncHttpClient-1-9] DEBUG org.asynchttpclient.netty.handler.HttpHandler - Channel Closed: [id: 0xac76dab1, L:/127.0.0.1:54032 ! R:localhost/127.0.0.1:54026] with attribute DISCARD
13:18:31.741 [AsyncHttpClient-1-8] DEBUG org.asynchttpclient.netty.handler.HttpHandler - 

Request DefaultFullHttpRequest(decodeResult: success, version: HTTP/1.1, content: EmptyByteBufBE)
DELETE /session/38d5137c8fd0f925fd04c7aa39b464a4 HTTP/1.1
User-Agent: selenium/4.12.0 (java windows)
Content-Type: application/json; charset=utf-8
host: localhost:10578
accept: */*

Response DefaultHttpResponse(decodeResult: success, version: HTTP/1.1)
HTTP/1.1 200 OK
Content-Length: 14
Content-Type: application/json; charset=utf-8
cache-control: no-cache

13:18:31.742 [AsyncHttpClient-1-8] DEBUG org.asynchttpclient.netty.channel.ChannelManager - Adding key: http://localhost:10578 for channel [id: 0x5af66867, L:/127.0.0.1:54025 - R:localhost/127.0.0.1:10578]
13:18:31.869 [AsyncHttpClient-1-1] DEBUG org.asynchttpclient.netty.channel.DefaultChannelPool - Entry count for : http://localhost:10578 : 1
13:18:31.870 [AsyncHttpClient-1-1] DEBUG org.asynchttpclient.netty.channel.DefaultChannelPool - Entry count for : http://localhost:54026 : 1
13:18:31.870 [AsyncHttpClient-1-1] DEBUG org.asynchttpclient.netty.channel.DefaultChannelPool - Adding Candidate expired Channel [id: 0xac76dab1, L:/127.0.0.1:54032 ! R:localhost/127.0.0.1:54026] isIdleTimeoutExpired=false isRemotelyClosed=true isTtlExpired=false
13:18:31.870 [AsyncHttpClient-1-1] DEBUG org.asynchttpclient.netty.channel.DefaultChannelPool - Closing Idle Channel [id: 0xac76dab1, L:/127.0.0.1:54032 ! R:localhost/127.0.0.1:54026]
13:18:31.871 [AsyncHttpClient-1-1] DEBUG org.asynchttpclient.netty.channel.DefaultChannelPool - Closed 1 connections out of 2 in 1 ms
13:18:31.922 [AsyncHttpClient-1-8] DEBUG org.asynchttpclient.netty.handler.HttpHandler - Channel Closed: [id: 0x5af66867, L:/127.0.0.1:54025 ! R:localhost/127.0.0.1:10578] with attribute DISCARD
13:18:31.981 [main] DEBUG io.github.bonigarcia.wdm.WebDriverManager - Using WebDriverManager 5.5.3
13:18:31.990 [main] DEBUG io.github.bonigarcia.wdm.cache.ResolutionCache - Resolution chrome=131 in cache (valid until 13:56:25 02/01/2025 IST)
13:18:31.990 [main] DEBUG io.github.bonigarcia.wdm.cache.ResolutionCache - Resolution chrome131=131.0.6778.204 in cache (valid until 12:56:25 03/01/2025 IST)
13:18:31.990 [main] INFO io.github.bonigarcia.wdm.WebDriverManager - Using chromedriver 131.0.6778.204 (resolved driver for Chrome 131)
13:18:31.993 [main] DEBUG io.github.bonigarcia.wdm.WebDriverManager - Driver chromedriver 131.0.6778.204 found in cache
13:18:31.993 [main] INFO io.github.bonigarcia.wdm.WebDriverManager - Exporting webdriver.chrome.driver as C:\Users\ASUS\.cache\selenium\chromedriver\win64\131.0.6778.204\chromedriver.exe
13:18:32.062 [AsyncHttpClient-1-11] DEBUG org.asynchttpclient.netty.channel.NettyConnectListener - Using new Channel '[id: 0x6a872577, L:/127.0.0.1:54053 - R:localhost/127.0.0.1:41885]' for 'POST' to '/session'
13:18:32.744 [AsyncHttpClient-1-11] DEBUG org.asynchttpclient.netty.handler.HttpHandler - 

Request DefaultHttpRequest(decodeResult: success, version: HTTP/1.1)
POST /session HTTP/1.1
User-Agent: selenium/4.12.0 (java windows)
Content-Length: 254
Content-Type: application/json; charset=utf-8
host: localhost:41885
accept: */*

Response DefaultHttpResponse(decodeResult: success, version: HTTP/1.1)
HTTP/1.1 200 OK
Content-Length: 883
Content-Type: application/json; charset=utf-8
cache-control: no-cache

13:18:32.744 [AsyncHttpClient-1-11] DEBUG org.asynchttpclient.netty.channel.ChannelManager - Adding key: http://localhost:41885 for channel [id: 0x6a872577, L:/127.0.0.1:54053 - R:localhost/127.0.0.1:41885]
13:18:32.750 [AsyncHttpClient-1-12] DEBUG org.asynchttpclient.netty.channel.NettyConnectListener - Using new Channel '[id: 0x95081708, L:/127.0.0.1:54062 - R:localhost/127.0.0.1:54055]' for 'GET' to '/json/version'
13:18:32.764 [AsyncHttpClient-1-12] DEBUG org.asynchttpclient.netty.handler.HttpHandler - 

Request DefaultFullHttpRequest(decodeResult: success, version: HTTP/1.1, content: EmptyByteBufBE)
GET /json/version HTTP/1.1
User-Agent: selenium/4.12.0 (java windows)
host: localhost:54055
accept: */*

Response DefaultHttpResponse(decodeResult: success, version: HTTP/1.1)
HTTP/1.1 200 OK
Content-Security-Policy: frame-ancestors 'none'
Content-Length: 424
Content-Type: application/json; charset=UTF-8

13:18:32.766 [AsyncHttpClient-1-12] DEBUG org.asynchttpclient.netty.channel.ChannelManager - Adding key: http://localhost:54055 for channel [id: 0x95081708, L:/127.0.0.1:54062 - R:localhost/127.0.0.1:54055]
13:18:32.776 [AsyncHttpClient-1-13] DEBUG org.asynchttpclient.netty.channel.NettyConnectListener - Using new Channel '[id: 0x56d09144, L:/127.0.0.1:54063 - R:localhost/127.0.0.1:54055]' for 'GET' to '/devtools/browser/1f342326-376d-4ac7-ac1b-a86372f69857'
13:18:32.781 [AsyncHttpClient-1-13] DEBUG org.asynchttpclient.netty.handler.WebSocketHandler - 

Request DefaultFullHttpRequest(decodeResult: success, version: HTTP/1.1, content: EmptyByteBufBE)
GET /devtools/browser/1f342326-376d-4ac7-ac1b-a86372f69857 HTTP/1.1
upgrade: websocket
connection: upgrade
sec-websocket-key: SEcqvggh5XmDWKY6w1nRuw==
sec-websocket-version: 13
origin: http://localhost:54055
host: localhost:54055
accept: */*
user-agent: AHC/2.1

Response DefaultHttpResponse(decodeResult: success, version: HTTP/1.1)
HTTP/1.1 101 WebSocket Protocol Handshake
Upgrade: WebSocket
Connection: Upgrade
Sec-WebSocket-Accept: Rl0MwJK8Qio9Jj6PJ0RDsxYaTGI=

13:18:32.790 [Forwarding maximizeCurrentWindow on session b9c5e9ef04663f9447d2f92e708749f6 to remote] DEBUG org.asynchttpclient.netty.request.NettyRequestSender - Using pooled Channel '[id: 0x6a872577, L:/127.0.0.1:54053 - R:localhost/127.0.0.1:41885]' for 'POST' to 'http://localhost:41885/session/b9c5e9ef04663f9447d2f92e708749f6/window/maximize'
13:18:32.790 [Forwarding maximizeCurrentWindow on session b9c5e9ef04663f9447d2f92e708749f6 to remote] DEBUG org.asynchttpclient.netty.request.NettyRequestSender - Using open Channel [id: 0x6a872577, L:/127.0.0.1:54053 - R:localhost/127.0.0.1:41885] for POST '/session/b9c5e9ef04663f9447d2f92e708749f6/window/maximize'
13:18:32.828 [AsyncHttpClient-1-11] DEBUG org.asynchttpclient.netty.handler.HttpHandler - 

Request DefaultHttpRequest(decodeResult: success, version: HTTP/1.1)
POST /session/b9c5e9ef04663f9447d2f92e708749f6/window/maximize HTTP/1.1
User-Agent: selenium/4.12.0 (java windows)
Content-Length: 3
Content-Type: application/json; charset=utf-8
host: localhost:41885
accept: */*

Response DefaultHttpResponse(decodeResult: success, version: HTTP/1.1)
HTTP/1.1 200 OK
Content-Length: 51
Content-Type: application/json; charset=utf-8
cache-control: no-cache

13:18:32.829 [AsyncHttpClient-1-11] DEBUG org.asynchttpclient.netty.channel.ChannelManager - Adding key: http://localhost:41885 for channel [id: 0x6a872577, L:/127.0.0.1:54053 - R:localhost/127.0.0.1:41885]
13:18:32.830 [Forwarding get on session b9c5e9ef04663f9447d2f92e708749f6 to remote] DEBUG org.asynchttpclient.netty.request.NettyRequestSender - Using pooled Channel '[id: 0x6a872577, L:/127.0.0.1:54053 - R:localhost/127.0.0.1:41885]' for 'POST' to 'http://localhost:41885/session/b9c5e9ef04663f9447d2f92e708749f6/url'
13:18:32.830 [Forwarding get on session b9c5e9ef04663f9447d2f92e708749f6 to remote] DEBUG org.asynchttpclient.netty.request.NettyRequestSender - Using open Channel [id: 0x6a872577, L:/127.0.0.1:54053 - R:localhost/127.0.0.1:41885] for POST '/session/b9c5e9ef04663f9447d2f92e708749f6/url'
13:18:32.964 [AsyncHttpClient-1-1] DEBUG org.asynchttpclient.netty.channel.DefaultChannelPool - Entry count for : http://localhost:10578 : 1
13:18:32.965 [AsyncHttpClient-1-1] DEBUG org.asynchttpclient.netty.channel.DefaultChannelPool - Entry count for : http://localhost:54055 : 1
13:18:32.965 [AsyncHttpClient-1-1] DEBUG org.asynchttpclient.netty.channel.DefaultChannelPool - Adding Candidate expired Channel [id: 0x5af66867, L:/127.0.0.1:54025 ! R:localhost/127.0.0.1:10578] isIdleTimeoutExpired=false isRemotelyClosed=true isTtlExpired=false
13:18:32.965 [AsyncHttpClient-1-1] DEBUG org.asynchttpclient.netty.channel.DefaultChannelPool - Closing Idle Channel [id: 0x5af66867, L:/127.0.0.1:54025 ! R:localhost/127.0.0.1:10578]
13:18:32.965 [AsyncHttpClient-1-1] DEBUG org.asynchttpclient.netty.channel.DefaultChannelPool - Closed 1 connections out of 2 in 0 ms
13:18:34.066 [AsyncHttpClient-1-1] DEBUG org.asynchttpclient.netty.channel.DefaultChannelPool - Entry count for : http://localhost:54055 : 1
13:18:35.164 [AsyncHttpClient-1-1] DEBUG org.asynchttpclient.netty.channel.DefaultChannelPool - Entry count for : http://localhost:54055 : 1
13:18:35.937 [AsyncHttpClient-1-11] DEBUG org.asynchttpclient.netty.handler.HttpHandler - 

Request DefaultHttpRequest(decodeResult: success, version: HTTP/1.1)
POST /session/b9c5e9ef04663f9447d2f92e708749f6/url HTTP/1.1
User-Agent: selenium/4.12.0 (java windows)
Content-Length: 58
Content-Type: application/json; charset=utf-8
host: localhost:41885
accept: */*

Response DefaultHttpResponse(decodeResult: success, version: HTTP/1.1)
HTTP/1.1 200 OK
Content-Length: 14
Content-Type: application/json; charset=utf-8
cache-control: no-cache

13:18:35.938 [AsyncHttpClient-1-11] DEBUG org.asynchttpclient.netty.channel.ChannelManager - Adding key: http://localhost:41885 for channel [id: 0x6a872577, L:/127.0.0.1:54053 - R:localhost/127.0.0.1:41885]
13:18:35.941 [Forwarding findElement on session b9c5e9ef04663f9447d2f92e708749f6 to remote] DEBUG org.asynchttpclient.netty.request.NettyRequestSender - Using pooled Channel '[id: 0x6a872577, L:/127.0.0.1:54053 - R:localhost/127.0.0.1:41885]' for 'POST' to 'http://localhost:41885/session/b9c5e9ef04663f9447d2f92e708749f6/element'
13:18:35.941 [Forwarding findElement on session b9c5e9ef04663f9447d2f92e708749f6 to remote] DEBUG org.asynchttpclient.netty.request.NettyRequestSender - Using open Channel [id: 0x6a872577, L:/127.0.0.1:54053 - R:localhost/127.0.0.1:41885] for POST '/session/b9c5e9ef04663f9447d2f92e708749f6/element'
13:18:35.959 [AsyncHttpClient-1-11] DEBUG org.asynchttpclient.netty.handler.HttpHandler - 

Request DefaultHttpRequest(decodeResult: success, version: HTTP/1.1)
POST /session/b9c5e9ef04663f9447d2f92e708749f6/element HTTP/1.1
User-Agent: selenium/4.12.0 (java windows)
Content-Length: 49
Content-Type: application/json; charset=utf-8
host: localhost:41885
accept: */*

Response DefaultHttpResponse(decodeResult: success, version: HTTP/1.1)
HTTP/1.1 200 OK
Content-Length: 126
Content-Type: application/json; charset=utf-8
cache-control: no-cache

13:18:35.959 [AsyncHttpClient-1-11] DEBUG org.asynchttpclient.netty.channel.ChannelManager - Adding key: http://localhost:41885 for channel [id: 0x6a872577, L:/127.0.0.1:54053 - R:localhost/127.0.0.1:41885]
13:18:35.960 [Forwarding clickElement on session b9c5e9ef04663f9447d2f92e708749f6 to remote] DEBUG org.asynchttpclient.netty.request.NettyRequestSender - Using pooled Channel '[id: 0x6a872577, L:/127.0.0.1:54053 - R:localhost/127.0.0.1:41885]' for 'POST' to 'http://localhost:41885/session/b9c5e9ef04663f9447d2f92e708749f6/element/f.B03AC55D5B6CDA06E8D3DC1816FDB7D8.d.ED3D55703D3C7135DC52FF3EB03D209D.e.15/click'
13:18:35.961 [Forwarding clickElement on session b9c5e9ef04663f9447d2f92e708749f6 to remote] DEBUG org.asynchttpclient.netty.request.NettyRequestSender - Using open Channel [id: 0x6a872577, L:/127.0.0.1:54053 - R:localhost/127.0.0.1:41885] for POST '/session/b9c5e9ef04663f9447d2f92e708749f6/element/f.B03AC55D5B6CDA06E8D3DC1816FDB7D8.d.ED3D55703D3C7135DC52FF3EB03D209D.e.15/click'
13:18:36.063 [AsyncHttpClient-1-11] DEBUG org.asynchttpclient.netty.handler.HttpHandler - 

Request DefaultHttpRequest(decodeResult: success, version: HTTP/1.1)
POST /session/b9c5e9ef04663f9447d2f92e708749f6/element/f.B03AC55D5B6CDA06E8D3DC1816FDB7D8.d.ED3D55703D3C7135DC52FF3EB03D209D.e.15/click HTTP/1.1
User-Agent: selenium/4.12.0 (java windows)
Content-Length: 88
Content-Type: application/json; charset=utf-8
host: localhost:41885
accept: */*

Response DefaultHttpResponse(decodeResult: success, version: HTTP/1.1)
HTTP/1.1 200 OK
Content-Length: 14
Content-Type: application/json; charset=utf-8
cache-control: no-cache

13:18:36.064 [AsyncHttpClient-1-11] DEBUG org.asynchttpclient.netty.channel.ChannelManager - Adding key: http://localhost:41885 for channel [id: 0x6a872577, L:/127.0.0.1:54053 - R:localhost/127.0.0.1:41885]
13:18:36.066 [Forwarding findElement on session b9c5e9ef04663f9447d2f92e708749f6 to remote] DEBUG org.asynchttpclient.netty.request.NettyRequestSender - Using pooled Channel '[id: 0x6a872577, L:/127.0.0.1:54053 - R:localhost/127.0.0.1:41885]' for 'POST' to 'http://localhost:41885/session/b9c5e9ef04663f9447d2f92e708749f6/element'
13:18:36.066 [Forwarding findElement on session b9c5e9ef04663f9447d2f92e708749f6 to remote] DEBUG org.asynchttpclient.netty.request.NettyRequestSender - Using open Channel [id: 0x6a872577, L:/127.0.0.1:54053 - R:localhost/127.0.0.1:41885] for POST '/session/b9c5e9ef04663f9447d2f92e708749f6/element'
13:18:36.075 [AsyncHttpClient-1-11] DEBUG org.asynchttpclient.netty.handler.HttpHandler - 

Request DefaultHttpRequest(decodeResult: success, version: HTTP/1.1)
POST /session/b9c5e9ef04663f9447d2f92e708749f6/element HTTP/1.1
User-Agent: selenium/4.12.0 (java windows)
Content-Length: 65
Content-Type: application/json; charset=utf-8
host: localhost:41885
accept: */*

Response DefaultHttpResponse(decodeResult: success, version: HTTP/1.1)
HTTP/1.1 200 OK
Content-Length: 125
Content-Type: application/json; charset=utf-8
cache-control: no-cache

13:18:36.075 [AsyncHttpClient-1-11] DEBUG org.asynchttpclient.netty.channel.ChannelManager - Adding key: http://localhost:41885 for channel [id: 0x6a872577, L:/127.0.0.1:54053 - R:localhost/127.0.0.1:41885]
13:18:36.076 [Forwarding clickElement on session b9c5e9ef04663f9447d2f92e708749f6 to remote] DEBUG org.asynchttpclient.netty.request.NettyRequestSender - Using pooled Channel '[id: 0x6a872577, L:/127.0.0.1:54053 - R:localhost/127.0.0.1:41885]' for 'POST' to 'http://localhost:41885/session/b9c5e9ef04663f9447d2f92e708749f6/element/f.B03AC55D5B6CDA06E8D3DC1816FDB7D8.d.ED3D55703D3C7135DC52FF3EB03D209D.e.8/click'
13:18:36.076 [Forwarding clickElement on session b9c5e9ef04663f9447d2f92e708749f6 to remote] DEBUG org.asynchttpclient.netty.request.NettyRequestSender - Using open Channel [id: 0x6a872577, L:/127.0.0.1:54053 - R:localhost/127.0.0.1:41885] for POST '/session/b9c5e9ef04663f9447d2f92e708749f6/element/f.B03AC55D5B6CDA06E8D3DC1816FDB7D8.d.ED3D55703D3C7135DC52FF3EB03D209D.e.8/click'
13:18:36.157 [AsyncHttpClient-1-11] DEBUG org.asynchttpclient.netty.handler.HttpHandler - 

Request DefaultHttpRequest(decodeResult: success, version: HTTP/1.1)
POST /session/b9c5e9ef04663f9447d2f92e708749f6/element/f.B03AC55D5B6CDA06E8D3DC1816FDB7D8.d.ED3D55703D3C7135DC52FF3EB03D209D.e.8/click HTTP/1.1
User-Agent: selenium/4.12.0 (java windows)
Content-Length: 87
Content-Type: application/json; charset=utf-8
host: localhost:41885
accept: */*

Response DefaultHttpResponse(decodeResult: success, version: HTTP/1.1)
HTTP/1.1 200 OK
Content-Length: 14
Content-Type: application/json; charset=utf-8
cache-control: no-cache

13:18:36.158 [AsyncHttpClient-1-11] DEBUG org.asynchttpclient.netty.channel.ChannelManager - Adding key: http://localhost:41885 for channel [id: 0x6a872577, L:/127.0.0.1:54053 - R:localhost/127.0.0.1:41885]
13:18:36.161 [Forwarding getPageSource on session b9c5e9ef04663f9447d2f92e708749f6 to remote] DEBUG org.asynchttpclient.netty.request.NettyRequestSender - Using pooled Channel '[id: 0x6a872577, L:/127.0.0.1:54053 - R:localhost/127.0.0.1:41885]' for 'POST' to 'http://localhost:41885/session/b9c5e9ef04663f9447d2f92e708749f6/execute/sync'
13:18:36.161 [Forwarding getPageSource on session b9c5e9ef04663f9447d2f92e708749f6 to remote] DEBUG org.asynchttpclient.netty.request.NettyRequestSender - Using open Channel [id: 0x6a872577, L:/127.0.0.1:54053 - R:localhost/127.0.0.1:41885] for POST '/session/b9c5e9ef04663f9447d2f92e708749f6/execute/sync'
13:18:36.175 [AsyncHttpClient-1-11] DEBUG org.asynchttpclient.netty.handler.HttpHandler - 

Request DefaultHttpRequest(decodeResult: success, version: HTTP/1.1)
POST /session/b9c5e9ef04663f9447d2f92e708749f6/execute/sync HTTP/1.1
User-Agent: selenium/4.12.0 (java windows)
Content-Length: 176
Content-Type: application/json; charset=utf-8
host: localhost:41885
accept: */*

Response DefaultHttpResponse(decodeResult: success, version: HTTP/1.1)
HTTP/1.1 200 OK
Content-Length: 7620
Content-Type: application/json; charset=utf-8
cache-control: no-cache

13:18:36.176 [AsyncHttpClient-1-11] DEBUG org.asynchttpclient.netty.channel.ChannelManager - Adding key: http://localhost:41885 for channel [id: 0x6a872577, L:/127.0.0.1:54053 - R:localhost/127.0.0.1:41885]
PageSource = <html><head>
    <meta charset="utf-8">
    <title>Buggy Cars Rating</title>
    <link rel="icon" type="image/x-icon" href="/img/favicon.ico">
    <base href="/">
  <link href="/css/vendor.a5856ccaff510c09debf.css" rel="stylesheet"><link href="/css/app.a5856ccaff510c09debf.css" rel="stylesheet"><style></style><style>.card[_ngcontent-anu-4] img[_ngcontent-anu-4]{height:170px;margin-top:20px}</style></head>
  <body>
    <my-app _nghost-anu-1=""><header _ngcontent-anu-1="">
  <nav _ngcontent-anu-1="" class="navbar navbar-full navbar-dark bg-inverse">
    <div _ngcontent-anu-1="" class="container">
      <a _ngcontent-anu-1="" class="navbar-brand" href="/">Buggy Rating</a>
      <my-login _ngcontent-anu-1="" _nghost-anu-2=""><!--template bindings={}--><div _ngcontent-anu-2="" class="pull-xs-right">
    <form _ngcontent-anu-2="" class="form-inline">
        <div _ngcontent-anu-2="" class="form-group">
            <!--template bindings={}-->
            <input _ngcontent-anu-2="" class="form-control form-control-sm input-sm ng-untouched ng-pristine ng-invalid" name="login" ngmodel="" placeholder="Login" required="" type="text">
            <input _ngcontent-anu-2="" class="form-control form-control-sm ng-untouched ng-pristine ng-invalid" name="password" ngmodel="" required="" type="password">
        </div>
        <button _ngcontent-anu-2="" class="btn btn-success" type="submit">Login</button>
        <a _ngcontent-anu-2="" class="btn btn-success-outline" href="/register">Register</a>
    </form>
</div>

<!--template bindings={}--></my-login>
    </div>
  </nav>

  <div _ngcontent-anu-1="" class="jumbotron jumbotron-fluid">
    <div _ngcontent-anu-1="" class="container">
      <div _ngcontent-anu-1="" class="row">
        <div _ngcontent-anu-1="" class="col-md-4">
          <h1 _ngcontent-anu-1="" class="display-4">Buggy<br _ngcontent-anu-1="">Cars<br _ngcontent-anu-1="">Rating</h1>
        </div>
        <div _ngcontent-anu-1="" class="col-md-8">
          <div _ngcontent-anu-1="" class="center-block">
            <img _ngcontent-anu-1="" class="img-fluid" src="/img/header-car.gif">
          </div>
        </div>
      </div>
    </div>
  </div>
</header>

<div _ngcontent-anu-1="" class="container" role="main">
  <main _ngcontent-anu-1="" class="row">
    <router-outlet _ngcontent-anu-1=""></router-outlet><my-register _nghost-anu-6=""><div _ngcontent-anu-6="" class="container my-form">
    <div _ngcontent-anu-6="" class="col-md-6">
        <h2 _ngcontent-anu-6="">Register with Buggy Cars Rating</h2>

        <form _ngcontent-anu-6="">
            <div _ngcontent-anu-6="" class="form-group">
                <label _ngcontent-anu-6="" for="username">Login</label>
                <input _ngcontent-anu-6="" class="form-control ng-untouched ng-pristine ng-invalid" formcontrolname="username" id="username" name="username" required="" type="text">
                <div _ngcontent-anu-6="" class="alert alert-danger" hidden="">
                    Login is required
                </div>
                <div _ngcontent-anu-6="" class="alert alert-danger" hidden="">
                    Login cannot be more than 50 characters long
                </div>
            </div>

            <div _ngcontent-anu-6="" class="form-group">
                <label _ngcontent-anu-6="" for="firstName">First Name</label>
                <input _ngcontent-anu-6="" class="form-control ng-untouched ng-pristine ng-invalid" formcontrolname="firstName" id="firstName" name="firstName" required="" type="text">
                <div _ngcontent-anu-6="" class="alert alert-danger" hidden="">
                    First Name is required
                </div>
            </div>

            <div _ngcontent-anu-6="" class="form-group">
                <label _ngcontent-anu-6="" for="lastName">Last Name</label>
                <input _ngcontent-anu-6="" class="form-control ng-untouched ng-pristine ng-invalid" formcontrolname="lastName" id="lastName" name="lastName" required="" type="text">
                <div _ngcontent-anu-6="" class="alert alert-danger" hidden="">
                    First Name is required
                </div>
            </div>

            <div _ngcontent-anu-6="" class="form-group">
                <label _ngcontent-anu-6="" for="password">Password</label>
                <input _ngcontent-anu-6="" class="form-control ng-untouched ng-pristine ng-invalid" formcontrolname="password" id="password" name="password" required="" type="password">
                <div _ngcontent-anu-6="" class="alert alert-danger" hidden="">
                    Password is required
                </div>
            </div>

            <div _ngcontent-anu-6="" class="form-group">
                <label _ngcontent-anu-6="" for="confirmPassword">Confirm Password</label>
                <input _ngcontent-anu-6="" class="form-control ng-untouched ng-pristine ng-invalid" formcontrolname="confirmPassword" id="confirmPassword" name="confirmPassword" required="" type="password">
                <div _ngcontent-anu-6="" class="alert alert-danger" hidden="">
                    Passwords do not match
                </div>
            </div>

            <button _ngcontent-anu-6="" class="btn btn-default" type="submit" disabled="">Register</button>
            <a _ngcontent-anu-6="" class="btn" role="button" href="/">Cancel</a>

            <!--template bindings={}-->

            <!--template bindings={}-->
        </form>
    </div>
</div></my-register>
  </main>

  <hr _ngcontent-anu-1="">

  <footer _ngcontent-anu-1="" class="footer">
    <div _ngcontent-anu-1="" class="container">
      <div _ngcontent-anu-1="" class="pull-xs-right">
        <a _ngcontent-anu-1="" href="https://www.facebook.com" target="_blank" title="Facebook">
          <img _ngcontent-anu-1="" src="/img/FB-f-Logo__blue_29.png">
        </a>

        <a _ngcontent-anu-1="" target="_blank" title="Twitter" href="https://www.twitter.com">
          <img _ngcontent-anu-1="" src="/img/twitter.png">
        </a>
      </div>

      <p _ngcontent-anu-1="">© 2016 Buggy Software, Inc.</p>
    </div>
  </footer>
</div></my-app>
  <script type="text/javascript" src="/js/polyfills.a5856ccaff510c09debf.js"></script><script type="text/javascript" src="/js/vendor.a5856ccaff510c09debf.js"></script><script type="text/javascript" src="/js/app.a5856ccaff510c09debf.js"></script>

</body></html>
13:18:36.177 [Forwarding getPageSource on session b9c5e9ef04663f9447d2f92e708749f6 to remote] DEBUG org.asynchttpclient.netty.request.NettyRequestSender - Using pooled Channel '[id: 0x6a872577, L:/127.0.0.1:54053 - R:localhost/127.0.0.1:41885]' for 'POST' to 'http://localhost:41885/session/b9c5e9ef04663f9447d2f92e708749f6/execute/sync'
13:18:36.177 [Forwarding getPageSource on session b9c5e9ef04663f9447d2f92e708749f6 to remote] DEBUG org.asynchttpclient.netty.request.NettyRequestSender - Using open Channel [id: 0x6a872577, L:/127.0.0.1:54053 - R:localhost/127.0.0.1:41885] for POST '/session/b9c5e9ef04663f9447d2f92e708749f6/execute/sync'
13:18:36.194 [AsyncHttpClient-1-11] DEBUG org.asynchttpclient.netty.handler.HttpHandler - 

Request DefaultHttpRequest(decodeResult: success, version: HTTP/1.1)
POST /session/b9c5e9ef04663f9447d2f92e708749f6/execute/sync HTTP/1.1
User-Agent: selenium/4.12.0 (java windows)
Content-Length: 176
Content-Type: application/json; charset=utf-8
host: localhost:41885
accept: */*

Response DefaultHttpResponse(decodeResult: success, version: HTTP/1.1)
HTTP/1.1 200 OK
Content-Length: 7620
Content-Type: application/json; charset=utf-8
cache-control: no-cache

13:18:36.195 [AsyncHttpClient-1-11] DEBUG org.asynchttpclient.netty.channel.ChannelManager - Adding key: http://localhost:41885 for channel [id: 0x6a872577, L:/127.0.0.1:54053 - R:localhost/127.0.0.1:41885]
]]></system-out>
    <system-err><![CDATA[Jan 02, 2025 1:18:32 PM org.openqa.selenium.devtools.CdpVersionFinder findNearestMatch
WARNING: Unable to find CDP implementation matching 131
Jan 02, 2025 1:18:32 PM org.openqa.selenium.chromium.ChromiumDriver lambda$new$5
WARNING: Unable to find version of CDP to use for 131.0.6778.205. You may need to include a dependency on a specific version of the CDP using something similar to `org.seleniumhq.selenium:selenium-devtools-v86:4.12.0` where the version ("v86") matches the version of the chromium-based browser you're using and the version number of the artifact is the same as Selenium's.
]]></system-err>
  </testcase>
  <testcase name="testProfilePageAccessibility" classname="UITestCases.BuggyCarsUITests" time="0.267">
    <failure message="expected [true] but found [false]" type="java.lang.AssertionError"><![CDATA[java.lang.AssertionError: expected [true] but found [false]
	at org.testng.Assert.fail(Assert.java:110)
	at org.testng.Assert.failNotEquals(Assert.java:1413)
	at org.testng.Assert.assertTrue(Assert.java:56)
	at org.testng.Assert.assertTrue(Assert.java:66)
	at UITestCases.BuggyCarsUITests.testLoginWithValidCredentials(BuggyCarsUITests.java:36)
	at UITestCases.BuggyCarsUITests.testProfilePageAccessibility(BuggyCarsUITests.java:93)
	at java.base/jdk.internal.reflect.NativeMethodAccessorImpl.invoke0(Native Method)
	at java.base/jdk.internal.reflect.NativeMethodAccessorImpl.invoke(NativeMethodAccessorImpl.java:77)
	at java.base/jdk.internal.reflect.DelegatingMethodAccessorImpl.invoke(DelegatingMethodAccessorImpl.java:43)
	at java.base/java.lang.reflect.Method.invoke(Method.java:569)
	at org.testng.internal.invokers.MethodInvocationHelper.invokeMethod(MethodInvocationHelper.java:139)
	at org.testng.internal.invokers.TestInvoker.invokeMethod(TestInvoker.java:677)
	at org.testng.internal.invokers.TestInvoker.invokeTestMethod(TestInvoker.java:221)
	at org.testng.internal.invokers.MethodRunner.runInSequence(MethodRunner.java:50)
	at org.testng.internal.invokers.TestInvoker$MethodInvocationAgent.invoke(TestInvoker.java:969)
	at org.testng.internal.invokers.TestInvoker.invokeTestMethods(TestInvoker.java:194)
	at org.testng.internal.invokers.TestMethodWorker.invokeTestMethods(TestMethodWorker.java:148)
	at org.testng.internal.invokers.TestMethodWorker.run(TestMethodWorker.java:128)
	at java.base/java.util.ArrayList.forEach(ArrayList.java:1511)
	at org.testng.TestRunner.privateRun(TestRunner.java:829)
	at org.testng.TestRunner.run(TestRunner.java:602)
	at org.testng.SuiteRunner.runTest(SuiteRunner.java:437)
	at org.testng.SuiteRunner.runSequentially(SuiteRunner.java:431)
	at org.testng.SuiteRunner.privateRun(SuiteRunner.java:391)
	at org.testng.SuiteRunner.run(SuiteRunner.java:330)
	at org.testng.SuiteRunnerWorker.runSuite(SuiteRunnerWorker.java:52)
	at org.testng.SuiteRunnerWorker.run(SuiteRunnerWorker.java:95)
	at org.testng.TestNG.runSuitesSequentially(TestNG.java:1256)
	at org.testng.TestNG.runSuitesLocally(TestNG.java:1176)
	at org.testng.TestNG.runSuites(TestNG.java:1099)
	at org.testng.TestNG.run(TestNG.java:1067)
	at org.apache.maven.surefire.testng.TestNGExecutor.run(TestNGExecutor.java:151)
	at org.apache.maven.surefire.testng.TestNGDirectoryTestSuite.executeMulti(TestNGDirectoryTestSuite.java:192)
	at org.apache.maven.surefire.testng.TestNGDirectoryTestSuite.execute(TestNGDirectoryTestSuite.java:93)
	at org.apache.maven.surefire.testng.TestNGProvider.invoke(TestNGProvider.java:155)
	at org.apache.maven.surefire.booter.ForkedBooter.runSuitesInProcess(ForkedBooter.java:456)
	at org.apache.maven.surefire.booter.ForkedBooter.execute(ForkedBooter.java:169)
	at org.apache.maven.surefire.booter.ForkedBooter.run(ForkedBooter.java:595)
	at org.apache.maven.surefire.booter.ForkedBooter.main(ForkedBooter.java:581)
]]></failure>
    <system-out><![CDATA[13:18:36.207 [AsyncHttpClient-1-13] DEBUG org.asynchttpclient.netty.handler.WebSocketHandler - Channel Closed: [id: 0x56d09144, L:/127.0.0.1:54063 ! R:localhost/127.0.0.1:54055] with attribute DISCARD
13:18:36.220 [Driver Command Executor] DEBUG org.asynchttpclient.netty.request.NettyRequestSender - Using pooled Channel '[id: 0x6a872577, L:/127.0.0.1:54053 - R:localhost/127.0.0.1:41885]' for 'DELETE' to 'http://localhost:41885/session/b9c5e9ef04663f9447d2f92e708749f6'
13:18:36.221 [Driver Command Executor] DEBUG org.asynchttpclient.netty.request.NettyRequestSender - Using open Channel [id: 0x6a872577, L:/127.0.0.1:54053 - R:localhost/127.0.0.1:41885] for DELETE '/session/b9c5e9ef04663f9447d2f92e708749f6'
13:18:36.257 [AsyncHttpClient-1-12] DEBUG org.asynchttpclient.netty.handler.HttpHandler - Unexpected I/O exception on channel [id: 0x95081708, L:/127.0.0.1:54062 - R:localhost/127.0.0.1:54055]
java.net.SocketException: Connection reset
	at java.base/sun.nio.ch.SocketChannelImpl.throwConnectionReset(SocketChannelImpl.java:394)
	at java.base/sun.nio.ch.SocketChannelImpl.read(SocketChannelImpl.java:426)
	at io.netty.buffer.PooledByteBuf.setBytes(PooledByteBuf.java:254)
	at io.netty.buffer.AbstractByteBuf.writeBytes(AbstractByteBuf.java:1132)
	at io.netty.channel.socket.nio.NioSocketChannel.doReadBytes(NioSocketChannel.java:357)
	at io.netty.channel.nio.AbstractNioByteChannel$NioByteUnsafe.read(AbstractNioByteChannel.java:151)
	at io.netty.channel.nio.NioEventLoop.processSelectedKey(NioEventLoop.java:788)
	at io.netty.channel.nio.NioEventLoop.processSelectedKeysOptimized(NioEventLoop.java:724)
	at io.netty.channel.nio.NioEventLoop.processSelectedKeys(NioEventLoop.java:650)
	at io.netty.channel.nio.NioEventLoop.run(NioEventLoop.java:562)
	at io.netty.util.concurrent.SingleThreadEventExecutor$4.run(SingleThreadEventExecutor.java:997)
	at io.netty.util.internal.ThreadExecutorMap$2.run(ThreadExecutorMap.java:74)
	at io.netty.util.concurrent.FastThreadLocalRunnable.run(FastThreadLocalRunnable.java:30)
	at java.base/java.lang.Thread.run(Thread.java:840)
13:18:36.258 [AsyncHttpClient-1-12] DEBUG org.asynchttpclient.netty.channel.ChannelManager - Closing Channel [id: 0x95081708, L:/127.0.0.1:54062 - R:localhost/127.0.0.1:54055] 
13:18:36.259 [AsyncHttpClient-1-12] DEBUG org.asynchttpclient.netty.handler.HttpHandler - Channel Closed: [id: 0x95081708, L:/127.0.0.1:54062 ! R:localhost/127.0.0.1:54055] with attribute DISCARD
13:18:36.261 [AsyncHttpClient-1-1] DEBUG org.asynchttpclient.netty.channel.DefaultChannelPool - Entry count for : http://localhost:54055 : 1
13:18:36.262 [AsyncHttpClient-1-1] DEBUG org.asynchttpclient.netty.channel.DefaultChannelPool - Adding Candidate expired Channel [id: 0x95081708, L:/127.0.0.1:54062 ! R:localhost/127.0.0.1:54055] isIdleTimeoutExpired=false isRemotelyClosed=true isTtlExpired=false
13:18:36.262 [AsyncHttpClient-1-1] DEBUG org.asynchttpclient.netty.channel.DefaultChannelPool - Closing Idle Channel [id: 0x95081708, L:/127.0.0.1:54062 ! R:localhost/127.0.0.1:54055]
13:18:36.263 [AsyncHttpClient-1-1] DEBUG org.asynchttpclient.netty.channel.DefaultChannelPool - Closed 1 connections out of 1 in 1 ms
13:18:36.304 [AsyncHttpClient-1-11] DEBUG org.asynchttpclient.netty.handler.HttpHandler - 

Request DefaultFullHttpRequest(decodeResult: success, version: HTTP/1.1, content: EmptyByteBufBE)
DELETE /session/b9c5e9ef04663f9447d2f92e708749f6 HTTP/1.1
User-Agent: selenium/4.12.0 (java windows)
Content-Type: application/json; charset=utf-8
host: localhost:41885
accept: */*

Response DefaultHttpResponse(decodeResult: success, version: HTTP/1.1)
HTTP/1.1 200 OK
Content-Length: 14
Content-Type: application/json; charset=utf-8
cache-control: no-cache

13:18:36.307 [AsyncHttpClient-1-11] DEBUG org.asynchttpclient.netty.channel.ChannelManager - Adding key: http://localhost:41885 for channel [id: 0x6a872577, L:/127.0.0.1:54053 - R:localhost/127.0.0.1:41885]
13:18:36.465 [AsyncHttpClient-1-11] DEBUG org.asynchttpclient.netty.handler.HttpHandler - Channel Closed: [id: 0x6a872577, L:/127.0.0.1:54053 ! R:localhost/127.0.0.1:41885] with attribute DISCARD
13:18:36.530 [main] DEBUG io.github.bonigarcia.wdm.WebDriverManager - Using WebDriverManager 5.5.3
13:18:36.541 [main] DEBUG io.github.bonigarcia.wdm.cache.ResolutionCache - Resolution chrome=131 in cache (valid until 13:56:25 02/01/2025 IST)
13:18:36.541 [main] DEBUG io.github.bonigarcia.wdm.cache.ResolutionCache - Resolution chrome131=131.0.6778.204 in cache (valid until 12:56:25 03/01/2025 IST)
13:18:36.541 [main] INFO io.github.bonigarcia.wdm.WebDriverManager - Using chromedriver 131.0.6778.204 (resolved driver for Chrome 131)
13:18:36.545 [main] DEBUG io.github.bonigarcia.wdm.WebDriverManager - Driver chromedriver 131.0.6778.204 found in cache
13:18:36.545 [main] INFO io.github.bonigarcia.wdm.WebDriverManager - Exporting webdriver.chrome.driver as C:\Users\ASUS\.cache\selenium\chromedriver\win64\131.0.6778.204\chromedriver.exe
13:18:36.630 [AsyncHttpClient-1-14] DEBUG org.asynchttpclient.netty.channel.NettyConnectListener - Using new Channel '[id: 0x3f15b7e4, L:/127.0.0.1:54075 - R:localhost/127.0.0.1:14416]' for 'POST' to '/session'
13:18:37.299 [AsyncHttpClient-1-14] DEBUG org.asynchttpclient.netty.handler.HttpHandler - 

Request DefaultHttpRequest(decodeResult: success, version: HTTP/1.1)
POST /session HTTP/1.1
User-Agent: selenium/4.12.0 (java windows)
Content-Length: 254
Content-Type: application/json; charset=utf-8
host: localhost:14416
accept: */*

Response DefaultHttpResponse(decodeResult: success, version: HTTP/1.1)
HTTP/1.1 200 OK
Content-Length: 882
Content-Type: application/json; charset=utf-8
cache-control: no-cache

13:18:37.299 [AsyncHttpClient-1-14] DEBUG org.asynchttpclient.netty.channel.ChannelManager - Adding key: http://localhost:14416 for channel [id: 0x3f15b7e4, L:/127.0.0.1:54075 - R:localhost/127.0.0.1:14416]
13:18:37.320 [AsyncHttpClient-1-15] DEBUG org.asynchttpclient.netty.channel.NettyConnectListener - Using new Channel '[id: 0x5bd4c725, L:/127.0.0.1:54082 - R:localhost/127.0.0.1:54076]' for 'GET' to '/json/version'
13:18:37.325 [AsyncHttpClient-1-15] DEBUG org.asynchttpclient.netty.handler.HttpHandler - 

Request DefaultFullHttpRequest(decodeResult: success, version: HTTP/1.1, content: EmptyByteBufBE)
GET /json/version HTTP/1.1
User-Agent: selenium/4.12.0 (java windows)
host: localhost:54076
accept: */*

Response DefaultHttpResponse(decodeResult: success, version: HTTP/1.1)
HTTP/1.1 200 OK
Content-Security-Policy: frame-ancestors 'none'
Content-Length: 424
Content-Type: application/json; charset=UTF-8

13:18:37.325 [AsyncHttpClient-1-15] DEBUG org.asynchttpclient.netty.channel.ChannelManager - Adding key: http://localhost:54076 for channel [id: 0x5bd4c725, L:/127.0.0.1:54082 - R:localhost/127.0.0.1:54076]
13:18:37.328 [AsyncHttpClient-1-16] DEBUG org.asynchttpclient.netty.channel.NettyConnectListener - Using new Channel '[id: 0x378435d5, L:/127.0.0.1:54083 - R:localhost/127.0.0.1:54076]' for 'GET' to '/devtools/browser/ac6b91ca-c30f-40ad-8109-2858477712e1'
13:18:37.330 [AsyncHttpClient-1-16] DEBUG org.asynchttpclient.netty.handler.WebSocketHandler - 

Request DefaultFullHttpRequest(decodeResult: success, version: HTTP/1.1, content: EmptyByteBufBE)
GET /devtools/browser/ac6b91ca-c30f-40ad-8109-2858477712e1 HTTP/1.1
upgrade: websocket
connection: upgrade
sec-websocket-key: a8Z8JuWv8AtHgsVQrAb/fA==
sec-websocket-version: 13
origin: http://localhost:54076
host: localhost:54076
accept: */*
user-agent: AHC/2.1

Response DefaultHttpResponse(decodeResult: success, version: HTTP/1.1)
HTTP/1.1 101 WebSocket Protocol Handshake
Upgrade: WebSocket
Connection: Upgrade
Sec-WebSocket-Accept: LveYL/rH1Trghm5enbpzXFfcc+0=

13:18:37.339 [Forwarding maximizeCurrentWindow on session 3be979adb81f43b601e68b946338eea5 to remote] DEBUG org.asynchttpclient.netty.request.NettyRequestSender - Using pooled Channel '[id: 0x3f15b7e4, L:/127.0.0.1:54075 - R:localhost/127.0.0.1:14416]' for 'POST' to 'http://localhost:14416/session/3be979adb81f43b601e68b946338eea5/window/maximize'
13:18:37.339 [Forwarding maximizeCurrentWindow on session 3be979adb81f43b601e68b946338eea5 to remote] DEBUG org.asynchttpclient.netty.request.NettyRequestSender - Using open Channel [id: 0x3f15b7e4, L:/127.0.0.1:54075 - R:localhost/127.0.0.1:14416] for POST '/session/3be979adb81f43b601e68b946338eea5/window/maximize'
13:18:37.362 [AsyncHttpClient-1-1] DEBUG org.asynchttpclient.netty.channel.DefaultChannelPool - Entry count for : http://localhost:54076 : 1
13:18:37.362 [AsyncHttpClient-1-1] DEBUG org.asynchttpclient.netty.channel.DefaultChannelPool - Entry count for : http://localhost:41885 : 1
13:18:37.362 [AsyncHttpClient-1-1] DEBUG org.asynchttpclient.netty.channel.DefaultChannelPool - Adding Candidate expired Channel [id: 0x6a872577, L:/127.0.0.1:54053 ! R:localhost/127.0.0.1:41885] isIdleTimeoutExpired=false isRemotelyClosed=true isTtlExpired=false
13:18:37.362 [AsyncHttpClient-1-1] DEBUG org.asynchttpclient.netty.channel.DefaultChannelPool - Closing Idle Channel [id: 0x6a872577, L:/127.0.0.1:54053 ! R:localhost/127.0.0.1:41885]
13:18:37.362 [AsyncHttpClient-1-1] DEBUG org.asynchttpclient.netty.channel.DefaultChannelPool - Closed 1 connections out of 2 in 0 ms
13:18:37.378 [AsyncHttpClient-1-14] DEBUG org.asynchttpclient.netty.handler.HttpHandler - 

Request DefaultHttpRequest(decodeResult: success, version: HTTP/1.1)
POST /session/3be979adb81f43b601e68b946338eea5/window/maximize HTTP/1.1
User-Agent: selenium/4.12.0 (java windows)
Content-Length: 3
Content-Type: application/json; charset=utf-8
host: localhost:14416
accept: */*

Response DefaultHttpResponse(decodeResult: success, version: HTTP/1.1)
HTTP/1.1 200 OK
Content-Length: 51
Content-Type: application/json; charset=utf-8
cache-control: no-cache

13:18:37.378 [AsyncHttpClient-1-14] DEBUG org.asynchttpclient.netty.channel.ChannelManager - Adding key: http://localhost:14416 for channel [id: 0x3f15b7e4, L:/127.0.0.1:54075 - R:localhost/127.0.0.1:14416]
13:18:37.380 [Forwarding get on session 3be979adb81f43b601e68b946338eea5 to remote] DEBUG org.asynchttpclient.netty.request.NettyRequestSender - Using pooled Channel '[id: 0x3f15b7e4, L:/127.0.0.1:54075 - R:localhost/127.0.0.1:14416]' for 'POST' to 'http://localhost:14416/session/3be979adb81f43b601e68b946338eea5/url'
13:18:37.380 [Forwarding get on session 3be979adb81f43b601e68b946338eea5 to remote] DEBUG org.asynchttpclient.netty.request.NettyRequestSender - Using open Channel [id: 0x3f15b7e4, L:/127.0.0.1:54075 - R:localhost/127.0.0.1:14416] for POST '/session/3be979adb81f43b601e68b946338eea5/url'
13:18:38.465 [AsyncHttpClient-1-1] DEBUG org.asynchttpclient.netty.channel.DefaultChannelPool - Entry count for : http://localhost:54076 : 1
13:18:38.707 [AsyncHttpClient-1-14] DEBUG org.asynchttpclient.netty.handler.HttpHandler - 

Request DefaultHttpRequest(decodeResult: success, version: HTTP/1.1)
POST /session/3be979adb81f43b601e68b946338eea5/url HTTP/1.1
User-Agent: selenium/4.12.0 (java windows)
Content-Length: 58
Content-Type: application/json; charset=utf-8
host: localhost:14416
accept: */*

Response DefaultHttpResponse(decodeResult: success, version: HTTP/1.1)
HTTP/1.1 200 OK
Content-Length: 14
Content-Type: application/json; charset=utf-8
cache-control: no-cache

13:18:38.708 [AsyncHttpClient-1-14] DEBUG org.asynchttpclient.netty.channel.ChannelManager - Adding key: http://localhost:14416 for channel [id: 0x3f15b7e4, L:/127.0.0.1:54075 - R:localhost/127.0.0.1:14416]
13:18:38.709 [Forwarding findElement on session 3be979adb81f43b601e68b946338eea5 to remote] DEBUG org.asynchttpclient.netty.request.NettyRequestSender - Using pooled Channel '[id: 0x3f15b7e4, L:/127.0.0.1:54075 - R:localhost/127.0.0.1:14416]' for 'POST' to 'http://localhost:14416/session/3be979adb81f43b601e68b946338eea5/element'
13:18:38.710 [Forwarding findElement on session 3be979adb81f43b601e68b946338eea5 to remote] DEBUG org.asynchttpclient.netty.request.NettyRequestSender - Using open Channel [id: 0x3f15b7e4, L:/127.0.0.1:54075 - R:localhost/127.0.0.1:14416] for POST '/session/3be979adb81f43b601e68b946338eea5/element'
13:18:38.729 [AsyncHttpClient-1-14] DEBUG org.asynchttpclient.netty.handler.HttpHandler - 

Request DefaultHttpRequest(decodeResult: success, version: HTTP/1.1)
POST /session/3be979adb81f43b601e68b946338eea5/element HTTP/1.1
User-Agent: selenium/4.12.0 (java windows)
Content-Length: 59
Content-Type: application/json; charset=utf-8
host: localhost:14416
accept: */*

Response DefaultHttpResponse(decodeResult: success, version: HTTP/1.1)
HTTP/1.1 200 OK
Content-Length: 125
Content-Type: application/json; charset=utf-8
cache-control: no-cache

13:18:38.729 [AsyncHttpClient-1-14] DEBUG org.asynchttpclient.netty.channel.ChannelManager - Adding key: http://localhost:14416 for channel [id: 0x3f15b7e4, L:/127.0.0.1:54075 - R:localhost/127.0.0.1:14416]
13:18:38.731 [Forwarding sendKeysToElement on session 3be979adb81f43b601e68b946338eea5 to remote] DEBUG org.asynchttpclient.netty.request.NettyRequestSender - Using pooled Channel '[id: 0x3f15b7e4, L:/127.0.0.1:54075 - R:localhost/127.0.0.1:14416]' for 'POST' to 'http://localhost:14416/session/3be979adb81f43b601e68b946338eea5/element/f.D0F99D8BF66D81BBA91A3116FB27331C.d.0B93A29A54ECA10CA9ED393DE28F2F14.e.8/value'
13:18:38.731 [Forwarding sendKeysToElement on session 3be979adb81f43b601e68b946338eea5 to remote] DEBUG org.asynchttpclient.netty.request.NettyRequestSender - Using open Channel [id: 0x3f15b7e4, L:/127.0.0.1:54075 - R:localhost/127.0.0.1:14416] for POST '/session/3be979adb81f43b601e68b946338eea5/element/f.D0F99D8BF66D81BBA91A3116FB27331C.d.0B93A29A54ECA10CA9ED393DE28F2F14.e.8/value'
13:18:38.809 [AsyncHttpClient-1-14] DEBUG org.asynchttpclient.netty.handler.HttpHandler - 

Request DefaultHttpRequest(decodeResult: success, version: HTTP/1.1)
POST /session/3be979adb81f43b601e68b946338eea5/element/f.D0F99D8BF66D81BBA91A3116FB27331C.d.0B93A29A54ECA10CA9ED393DE28F2F14.e.8/value HTTP/1.1
User-Agent: selenium/4.12.0 (java windows)
Content-Length: 228
Content-Type: application/json; charset=utf-8
host: localhost:14416
accept: */*

Response DefaultHttpResponse(decodeResult: success, version: HTTP/1.1)
HTTP/1.1 200 OK
Content-Length: 14
Content-Type: application/json; charset=utf-8
cache-control: no-cache

13:18:38.810 [AsyncHttpClient-1-14] DEBUG org.asynchttpclient.netty.channel.ChannelManager - Adding key: http://localhost:14416 for channel [id: 0x3f15b7e4, L:/127.0.0.1:54075 - R:localhost/127.0.0.1:14416]
13:18:38.814 [Forwarding findElement on session 3be979adb81f43b601e68b946338eea5 to remote] DEBUG org.asynchttpclient.netty.request.NettyRequestSender - Using pooled Channel '[id: 0x3f15b7e4, L:/127.0.0.1:54075 - R:localhost/127.0.0.1:14416]' for 'POST' to 'http://localhost:14416/session/3be979adb81f43b601e68b946338eea5/element'
13:18:38.814 [Forwarding findElement on session 3be979adb81f43b601e68b946338eea5 to remote] DEBUG org.asynchttpclient.netty.request.NettyRequestSender - Using open Channel [id: 0x3f15b7e4, L:/127.0.0.1:54075 - R:localhost/127.0.0.1:14416] for POST '/session/3be979adb81f43b601e68b946338eea5/element'
13:18:38.827 [AsyncHttpClient-1-14] DEBUG org.asynchttpclient.netty.handler.HttpHandler - 

Request DefaultHttpRequest(decodeResult: success, version: HTTP/1.1)
POST /session/3be979adb81f43b601e68b946338eea5/element HTTP/1.1
User-Agent: selenium/4.12.0 (java windows)
Content-Length: 62
Content-Type: application/json; charset=utf-8
host: localhost:14416
accept: */*

Response DefaultHttpResponse(decodeResult: success, version: HTTP/1.1)
HTTP/1.1 200 OK
Content-Length: 125
Content-Type: application/json; charset=utf-8
cache-control: no-cache

13:18:38.827 [AsyncHttpClient-1-14] DEBUG org.asynchttpclient.netty.channel.ChannelManager - Adding key: http://localhost:14416 for channel [id: 0x3f15b7e4, L:/127.0.0.1:54075 - R:localhost/127.0.0.1:14416]
13:18:38.828 [Forwarding sendKeysToElement on session 3be979adb81f43b601e68b946338eea5 to remote] DEBUG org.asynchttpclient.netty.request.NettyRequestSender - Using pooled Channel '[id: 0x3f15b7e4, L:/127.0.0.1:54075 - R:localhost/127.0.0.1:14416]' for 'POST' to 'http://localhost:14416/session/3be979adb81f43b601e68b946338eea5/element/f.D0F99D8BF66D81BBA91A3116FB27331C.d.0B93A29A54ECA10CA9ED393DE28F2F14.e.4/value'
13:18:38.828 [Forwarding sendKeysToElement on session 3be979adb81f43b601e68b946338eea5 to remote] DEBUG org.asynchttpclient.netty.request.NettyRequestSender - Using open Channel [id: 0x3f15b7e4, L:/127.0.0.1:54075 - R:localhost/127.0.0.1:14416] for POST '/session/3be979adb81f43b601e68b946338eea5/element/f.D0F99D8BF66D81BBA91A3116FB27331C.d.0B93A29A54ECA10CA9ED393DE28F2F14.e.4/value'
13:18:38.873 [AsyncHttpClient-1-14] DEBUG org.asynchttpclient.netty.handler.HttpHandler - 

Request DefaultHttpRequest(decodeResult: success, version: HTTP/1.1)
POST /session/3be979adb81f43b601e68b946338eea5/element/f.D0F99D8BF66D81BBA91A3116FB27331C.d.0B93A29A54ECA10CA9ED393DE28F2F14.e.4/value HTTP/1.1
User-Agent: selenium/4.12.0 (java windows)
Content-Length: 238
Content-Type: application/json; charset=utf-8
host: localhost:14416
accept: */*

Response DefaultHttpResponse(decodeResult: success, version: HTTP/1.1)
HTTP/1.1 200 OK
Content-Length: 14
Content-Type: application/json; charset=utf-8
cache-control: no-cache

13:18:38.873 [AsyncHttpClient-1-14] DEBUG org.asynchttpclient.netty.channel.ChannelManager - Adding key: http://localhost:14416 for channel [id: 0x3f15b7e4, L:/127.0.0.1:54075 - R:localhost/127.0.0.1:14416]
13:18:38.874 [Forwarding findElement on session 3be979adb81f43b601e68b946338eea5 to remote] DEBUG org.asynchttpclient.netty.request.NettyRequestSender - Using pooled Channel '[id: 0x3f15b7e4, L:/127.0.0.1:54075 - R:localhost/127.0.0.1:14416]' for 'POST' to 'http://localhost:14416/session/3be979adb81f43b601e68b946338eea5/element'
13:18:38.874 [Forwarding findElement on session 3be979adb81f43b601e68b946338eea5 to remote] DEBUG org.asynchttpclient.netty.request.NettyRequestSender - Using open Channel [id: 0x3f15b7e4, L:/127.0.0.1:54075 - R:localhost/127.0.0.1:14416] for POST '/session/3be979adb81f43b601e68b946338eea5/element'
13:18:38.886 [AsyncHttpClient-1-14] DEBUG org.asynchttpclient.netty.handler.HttpHandler - 

Request DefaultHttpRequest(decodeResult: success, version: HTTP/1.1)
POST /session/3be979adb81f43b601e68b946338eea5/element HTTP/1.1
User-Agent: selenium/4.12.0 (java windows)
Content-Length: 65
Content-Type: application/json; charset=utf-8
host: localhost:14416
accept: */*

Response DefaultHttpResponse(decodeResult: success, version: HTTP/1.1)
HTTP/1.1 200 OK
Content-Length: 126
Content-Type: application/json; charset=utf-8
cache-control: no-cache

13:18:38.887 [AsyncHttpClient-1-14] DEBUG org.asynchttpclient.netty.channel.ChannelManager - Adding key: http://localhost:14416 for channel [id: 0x3f15b7e4, L:/127.0.0.1:54075 - R:localhost/127.0.0.1:14416]
13:18:38.893 [Forwarding clickElement on session 3be979adb81f43b601e68b946338eea5 to remote] DEBUG org.asynchttpclient.netty.request.NettyRequestSender - Using pooled Channel '[id: 0x3f15b7e4, L:/127.0.0.1:54075 - R:localhost/127.0.0.1:14416]' for 'POST' to 'http://localhost:14416/session/3be979adb81f43b601e68b946338eea5/element/f.D0F99D8BF66D81BBA91A3116FB27331C.d.0B93A29A54ECA10CA9ED393DE28F2F14.e.10/click'
13:18:38.894 [Forwarding clickElement on session 3be979adb81f43b601e68b946338eea5 to remote] DEBUG org.asynchttpclient.netty.request.NettyRequestSender - Using open Channel [id: 0x3f15b7e4, L:/127.0.0.1:54075 - R:localhost/127.0.0.1:14416] for POST '/session/3be979adb81f43b601e68b946338eea5/element/f.D0F99D8BF66D81BBA91A3116FB27331C.d.0B93A29A54ECA10CA9ED393DE28F2F14.e.10/click'
13:18:38.964 [AsyncHttpClient-1-14] DEBUG org.asynchttpclient.netty.handler.HttpHandler - 

Request DefaultHttpRequest(decodeResult: success, version: HTTP/1.1)
POST /session/3be979adb81f43b601e68b946338eea5/element/f.D0F99D8BF66D81BBA91A3116FB27331C.d.0B93A29A54ECA10CA9ED393DE28F2F14.e.10/click HTTP/1.1
User-Agent: selenium/4.12.0 (java windows)
Content-Length: 88
Content-Type: application/json; charset=utf-8
host: localhost:14416
accept: */*

Response DefaultHttpResponse(decodeResult: success, version: HTTP/1.1)
HTTP/1.1 200 OK
Content-Length: 14
Content-Type: application/json; charset=utf-8
cache-control: no-cache

13:18:38.965 [AsyncHttpClient-1-14] DEBUG org.asynchttpclient.netty.channel.ChannelManager - Adding key: http://localhost:14416 for channel [id: 0x3f15b7e4, L:/127.0.0.1:54075 - R:localhost/127.0.0.1:14416]
13:18:38.967 [Forwarding getPageSource on session 3be979adb81f43b601e68b946338eea5 to remote] DEBUG org.asynchttpclient.netty.request.NettyRequestSender - Using pooled Channel '[id: 0x3f15b7e4, L:/127.0.0.1:54075 - R:localhost/127.0.0.1:14416]' for 'POST' to 'http://localhost:14416/session/3be979adb81f43b601e68b946338eea5/execute/sync'
13:18:38.967 [Forwarding getPageSource on session 3be979adb81f43b601e68b946338eea5 to remote] DEBUG org.asynchttpclient.netty.request.NettyRequestSender - Using open Channel [id: 0x3f15b7e4, L:/127.0.0.1:54075 - R:localhost/127.0.0.1:14416] for POST '/session/3be979adb81f43b601e68b946338eea5/execute/sync'
13:18:38.972 [AsyncHttpClient-1-14] DEBUG org.asynchttpclient.netty.handler.HttpHandler - 

Request DefaultHttpRequest(decodeResult: success, version: HTTP/1.1)
POST /session/3be979adb81f43b601e68b946338eea5/execute/sync HTTP/1.1
User-Agent: selenium/4.12.0 (java windows)
Content-Length: 176
Content-Type: application/json; charset=utf-8
host: localhost:14416
accept: */*

Response DefaultHttpResponse(decodeResult: success, version: HTTP/1.1)
HTTP/1.1 200 OK
Content-Length: 4159
Content-Type: application/json; charset=utf-8
cache-control: no-cache

13:18:38.973 [AsyncHttpClient-1-14] DEBUG org.asynchttpclient.netty.channel.ChannelManager - Adding key: http://localhost:14416 for channel [id: 0x3f15b7e4, L:/127.0.0.1:54075 - R:localhost/127.0.0.1:14416]
]]></system-out>
    <system-err><![CDATA[Jan 02, 2025 1:18:37 PM org.openqa.selenium.devtools.CdpVersionFinder findNearestMatch
WARNING: Unable to find CDP implementation matching 131
Jan 02, 2025 1:18:37 PM org.openqa.selenium.chromium.ChromiumDriver lambda$new$5
WARNING: Unable to find version of CDP to use for 131.0.6778.205. You may need to include a dependency on a specific version of the CDP using something similar to `org.seleniumhq.selenium:selenium-devtools-v86:4.12.0` where the version ("v86") matches the version of the chromium-based browser you're using and the version number of the artifact is the same as Selenium's.
]]></system-err>
  </testcase>
  <testcase name="testResponsiveUI" classname="UITestCases.BuggyCarsUITests" time="0.792">
    <system-out><![CDATA[13:18:38.979 [AsyncHttpClient-1-16] DEBUG org.asynchttpclient.netty.handler.WebSocketHandler - Channel Closed: [id: 0x378435d5, L:/127.0.0.1:54083 ! R:localhost/127.0.0.1:54076] with attribute DISCARD
13:18:38.985 [Driver Command Executor] DEBUG org.asynchttpclient.netty.request.NettyRequestSender - Using pooled Channel '[id: 0x3f15b7e4, L:/127.0.0.1:54075 - R:localhost/127.0.0.1:14416]' for 'DELETE' to 'http://localhost:14416/session/3be979adb81f43b601e68b946338eea5'
13:18:38.986 [Driver Command Executor] DEBUG org.asynchttpclient.netty.request.NettyRequestSender - Using open Channel [id: 0x3f15b7e4, L:/127.0.0.1:54075 - R:localhost/127.0.0.1:14416] for DELETE '/session/3be979adb81f43b601e68b946338eea5'
13:18:39.049 [AsyncHttpClient-1-15] DEBUG org.asynchttpclient.netty.handler.HttpHandler - Unexpected I/O exception on channel [id: 0x5bd4c725, L:/127.0.0.1:54082 - R:localhost/127.0.0.1:54076]
java.net.SocketException: Connection reset
	at java.base/sun.nio.ch.SocketChannelImpl.throwConnectionReset(SocketChannelImpl.java:394)
	at java.base/sun.nio.ch.SocketChannelImpl.read(SocketChannelImpl.java:426)
	at io.netty.buffer.PooledByteBuf.setBytes(PooledByteBuf.java:254)
	at io.netty.buffer.AbstractByteBuf.writeBytes(AbstractByteBuf.java:1132)
	at io.netty.channel.socket.nio.NioSocketChannel.doReadBytes(NioSocketChannel.java:357)
	at io.netty.channel.nio.AbstractNioByteChannel$NioByteUnsafe.read(AbstractNioByteChannel.java:151)
	at io.netty.channel.nio.NioEventLoop.processSelectedKey(NioEventLoop.java:788)
	at io.netty.channel.nio.NioEventLoop.processSelectedKeysOptimized(NioEventLoop.java:724)
	at io.netty.channel.nio.NioEventLoop.processSelectedKeys(NioEventLoop.java:650)
	at io.netty.channel.nio.NioEventLoop.run(NioEventLoop.java:562)
	at io.netty.util.concurrent.SingleThreadEventExecutor$4.run(SingleThreadEventExecutor.java:997)
	at io.netty.util.internal.ThreadExecutorMap$2.run(ThreadExecutorMap.java:74)
	at io.netty.util.concurrent.FastThreadLocalRunnable.run(FastThreadLocalRunnable.java:30)
	at java.base/java.lang.Thread.run(Thread.java:840)
13:18:39.050 [AsyncHttpClient-1-15] DEBUG org.asynchttpclient.netty.channel.ChannelManager - Closing Channel [id: 0x5bd4c725, L:/127.0.0.1:54082 - R:localhost/127.0.0.1:54076] 
13:18:39.053 [AsyncHttpClient-1-15] DEBUG org.asynchttpclient.netty.handler.HttpHandler - Channel Closed: [id: 0x5bd4c725, L:/127.0.0.1:54082 ! R:localhost/127.0.0.1:54076] with attribute DISCARD
13:18:39.081 [AsyncHttpClient-1-14] DEBUG org.asynchttpclient.netty.handler.HttpHandler - 

Request DefaultFullHttpRequest(decodeResult: success, version: HTTP/1.1, content: EmptyByteBufBE)
DELETE /session/3be979adb81f43b601e68b946338eea5 HTTP/1.1
User-Agent: selenium/4.12.0 (java windows)
Content-Type: application/json; charset=utf-8
host: localhost:14416
accept: */*

Response DefaultHttpResponse(decodeResult: success, version: HTTP/1.1)
HTTP/1.1 200 OK
Content-Length: 14
Content-Type: application/json; charset=utf-8
cache-control: no-cache

13:18:39.081 [AsyncHttpClient-1-14] DEBUG org.asynchttpclient.netty.channel.ChannelManager - Adding key: http://localhost:14416 for channel [id: 0x3f15b7e4, L:/127.0.0.1:54075 - R:localhost/127.0.0.1:14416]
13:18:39.290 [AsyncHttpClient-1-14] DEBUG org.asynchttpclient.netty.handler.HttpHandler - Channel Closed: [id: 0x3f15b7e4, L:/127.0.0.1:54075 ! R:localhost/127.0.0.1:14416] with attribute DISCARD
13:18:39.361 [main] DEBUG io.github.bonigarcia.wdm.WebDriverManager - Using WebDriverManager 5.5.3
13:18:39.366 [main] DEBUG io.github.bonigarcia.wdm.cache.ResolutionCache - Resolution chrome=131 in cache (valid until 13:56:25 02/01/2025 IST)
13:18:39.367 [main] DEBUG io.github.bonigarcia.wdm.cache.ResolutionCache - Resolution chrome131=131.0.6778.204 in cache (valid until 12:56:25 03/01/2025 IST)
13:18:39.367 [main] INFO io.github.bonigarcia.wdm.WebDriverManager - Using chromedriver 131.0.6778.204 (resolved driver for Chrome 131)
13:18:39.369 [main] DEBUG io.github.bonigarcia.wdm.WebDriverManager - Driver chromedriver 131.0.6778.204 found in cache
13:18:39.369 [main] INFO io.github.bonigarcia.wdm.WebDriverManager - Exporting webdriver.chrome.driver as C:\Users\ASUS\.cache\selenium\chromedriver\win64\131.0.6778.204\chromedriver.exe
13:18:39.439 [AsyncHttpClient-1-17] DEBUG org.asynchttpclient.netty.channel.NettyConnectListener - Using new Channel '[id: 0x92fc31fd, L:/127.0.0.1:54093 - R:localhost/127.0.0.1:43616]' for 'POST' to '/session'
13:18:39.561 [AsyncHttpClient-1-1] DEBUG org.asynchttpclient.netty.channel.DefaultChannelPool - Entry count for : http://localhost:14416 : 1
13:18:39.561 [AsyncHttpClient-1-1] DEBUG org.asynchttpclient.netty.channel.DefaultChannelPool - Entry count for : http://localhost:54076 : 1
13:18:39.561 [AsyncHttpClient-1-1] DEBUG org.asynchttpclient.netty.channel.DefaultChannelPool - Adding Candidate expired Channel [id: 0x3f15b7e4, L:/127.0.0.1:54075 ! R:localhost/127.0.0.1:14416] isIdleTimeoutExpired=false isRemotelyClosed=true isTtlExpired=false
13:18:39.561 [AsyncHttpClient-1-1] DEBUG org.asynchttpclient.netty.channel.DefaultChannelPool - Closing Idle Channel [id: 0x3f15b7e4, L:/127.0.0.1:54075 ! R:localhost/127.0.0.1:14416]
13:18:39.561 [AsyncHttpClient-1-1] DEBUG org.asynchttpclient.netty.channel.DefaultChannelPool - Adding Candidate expired Channel [id: 0x5bd4c725, L:/127.0.0.1:54082 ! R:localhost/127.0.0.1:54076] isIdleTimeoutExpired=false isRemotelyClosed=true isTtlExpired=false
13:18:39.561 [AsyncHttpClient-1-1] DEBUG org.asynchttpclient.netty.channel.DefaultChannelPool - Closing Idle Channel [id: 0x5bd4c725, L:/127.0.0.1:54082 ! R:localhost/127.0.0.1:54076]
13:18:39.561 [AsyncHttpClient-1-1] DEBUG org.asynchttpclient.netty.channel.DefaultChannelPool - Closed 2 connections out of 2 in 0 ms
13:18:40.112 [AsyncHttpClient-1-17] DEBUG org.asynchttpclient.netty.handler.HttpHandler - 

Request DefaultHttpRequest(decodeResult: success, version: HTTP/1.1)
POST /session HTTP/1.1
User-Agent: selenium/4.12.0 (java windows)
Content-Length: 254
Content-Type: application/json; charset=utf-8
host: localhost:43616
accept: */*

Response DefaultHttpResponse(decodeResult: success, version: HTTP/1.1)
HTTP/1.1 200 OK
Content-Length: 883
Content-Type: application/json; charset=utf-8
cache-control: no-cache

13:18:40.113 [AsyncHttpClient-1-17] DEBUG org.asynchttpclient.netty.channel.ChannelManager - Adding key: http://localhost:43616 for channel [id: 0x92fc31fd, L:/127.0.0.1:54093 - R:localhost/127.0.0.1:43616]
13:18:40.122 [AsyncHttpClient-1-2] DEBUG org.asynchttpclient.netty.channel.NettyConnectListener - Using new Channel '[id: 0x18a2d424, L:/127.0.0.1:54100 - R:localhost/127.0.0.1:54094]' for 'GET' to '/json/version'
13:18:40.125 [AsyncHttpClient-1-2] DEBUG org.asynchttpclient.netty.handler.HttpHandler - 

Request DefaultFullHttpRequest(decodeResult: success, version: HTTP/1.1, content: EmptyByteBufBE)
GET /json/version HTTP/1.1
User-Agent: selenium/4.12.0 (java windows)
host: localhost:54094
accept: */*

Response DefaultHttpResponse(decodeResult: success, version: HTTP/1.1)
HTTP/1.1 200 OK
Content-Security-Policy: frame-ancestors 'none'
Content-Length: 424
Content-Type: application/json; charset=UTF-8

13:18:40.126 [AsyncHttpClient-1-2] DEBUG org.asynchttpclient.netty.channel.ChannelManager - Adding key: http://localhost:54094 for channel [id: 0x18a2d424, L:/127.0.0.1:54100 - R:localhost/127.0.0.1:54094]
13:18:40.131 [AsyncHttpClient-1-3] DEBUG org.asynchttpclient.netty.channel.NettyConnectListener - Using new Channel '[id: 0x3304c1fd, L:/127.0.0.1:54101 - R:localhost/127.0.0.1:54094]' for 'GET' to '/devtools/browser/6a9e2df2-a32c-4ff6-a27f-bc25b6af38b0'
13:18:40.133 [AsyncHttpClient-1-3] DEBUG org.asynchttpclient.netty.handler.WebSocketHandler - 

Request DefaultFullHttpRequest(decodeResult: success, version: HTTP/1.1, content: EmptyByteBufBE)
GET /devtools/browser/6a9e2df2-a32c-4ff6-a27f-bc25b6af38b0 HTTP/1.1
upgrade: websocket
connection: upgrade
sec-websocket-key: W3QbQvycW6+96etUnQ4Ydw==
sec-websocket-version: 13
origin: http://localhost:54094
host: localhost:54094
accept: */*
user-agent: AHC/2.1

Response DefaultHttpResponse(decodeResult: success, version: HTTP/1.1)
HTTP/1.1 101 WebSocket Protocol Handshake
Upgrade: WebSocket
Connection: Upgrade
Sec-WebSocket-Accept: NNOw1Q/UzP4JeAgwmW4hUmEydmM=

13:18:40.137 [Forwarding maximizeCurrentWindow on session 69297134b2ac4b297643cd83393ecaeb to remote] DEBUG org.asynchttpclient.netty.request.NettyRequestSender - Using pooled Channel '[id: 0x92fc31fd, L:/127.0.0.1:54093 - R:localhost/127.0.0.1:43616]' for 'POST' to 'http://localhost:43616/session/69297134b2ac4b297643cd83393ecaeb/window/maximize'
13:18:40.137 [Forwarding maximizeCurrentWindow on session 69297134b2ac4b297643cd83393ecaeb to remote] DEBUG org.asynchttpclient.netty.request.NettyRequestSender - Using open Channel [id: 0x92fc31fd, L:/127.0.0.1:54093 - R:localhost/127.0.0.1:43616] for POST '/session/69297134b2ac4b297643cd83393ecaeb/window/maximize'
13:18:40.176 [AsyncHttpClient-1-17] DEBUG org.asynchttpclient.netty.handler.HttpHandler - 

Request DefaultHttpRequest(decodeResult: success, version: HTTP/1.1)
POST /session/69297134b2ac4b297643cd83393ecaeb/window/maximize HTTP/1.1
User-Agent: selenium/4.12.0 (java windows)
Content-Length: 3
Content-Type: application/json; charset=utf-8
host: localhost:43616
accept: */*

Response DefaultHttpResponse(decodeResult: success, version: HTTP/1.1)
HTTP/1.1 200 OK
Content-Length: 51
Content-Type: application/json; charset=utf-8
cache-control: no-cache

13:18:40.176 [AsyncHttpClient-1-17] DEBUG org.asynchttpclient.netty.channel.ChannelManager - Adding key: http://localhost:43616 for channel [id: 0x92fc31fd, L:/127.0.0.1:54093 - R:localhost/127.0.0.1:43616]
13:18:40.177 [Forwarding get on session 69297134b2ac4b297643cd83393ecaeb to remote] DEBUG org.asynchttpclient.netty.request.NettyRequestSender - Using pooled Channel '[id: 0x92fc31fd, L:/127.0.0.1:54093 - R:localhost/127.0.0.1:43616]' for 'POST' to 'http://localhost:43616/session/69297134b2ac4b297643cd83393ecaeb/url'
13:18:40.177 [Forwarding get on session 69297134b2ac4b297643cd83393ecaeb to remote] DEBUG org.asynchttpclient.netty.request.NettyRequestSender - Using open Channel [id: 0x92fc31fd, L:/127.0.0.1:54093 - R:localhost/127.0.0.1:43616] for POST '/session/69297134b2ac4b297643cd83393ecaeb/url'
13:18:40.668 [AsyncHttpClient-1-1] DEBUG org.asynchttpclient.netty.channel.DefaultChannelPool - Entry count for : http://localhost:54094 : 1
13:18:41.454 [AsyncHttpClient-1-17] DEBUG org.asynchttpclient.netty.handler.HttpHandler - 

Request DefaultHttpRequest(decodeResult: success, version: HTTP/1.1)
POST /session/69297134b2ac4b297643cd83393ecaeb/url HTTP/1.1
User-Agent: selenium/4.12.0 (java windows)
Content-Length: 58
Content-Type: application/json; charset=utf-8
host: localhost:43616
accept: */*

Response DefaultHttpResponse(decodeResult: success, version: HTTP/1.1)
HTTP/1.1 200 OK
Content-Length: 14
Content-Type: application/json; charset=utf-8
cache-control: no-cache

13:18:41.456 [AsyncHttpClient-1-17] DEBUG org.asynchttpclient.netty.channel.ChannelManager - Adding key: http://localhost:43616 for channel [id: 0x92fc31fd, L:/127.0.0.1:54093 - R:localhost/127.0.0.1:43616]
13:18:41.460 [Forwarding setCurrentWindowSize on session 69297134b2ac4b297643cd83393ecaeb to remote] DEBUG org.asynchttpclient.netty.request.NettyRequestSender - Using pooled Channel '[id: 0x92fc31fd, L:/127.0.0.1:54093 - R:localhost/127.0.0.1:43616]' for 'POST' to 'http://localhost:43616/session/69297134b2ac4b297643cd83393ecaeb/window/rect'
13:18:41.460 [Forwarding setCurrentWindowSize on session 69297134b2ac4b297643cd83393ecaeb to remote] DEBUG org.asynchttpclient.netty.request.NettyRequestSender - Using open Channel [id: 0x92fc31fd, L:/127.0.0.1:54093 - R:localhost/127.0.0.1:43616] for POST '/session/69297134b2ac4b297643cd83393ecaeb/window/rect'
13:18:41.765 [AsyncHttpClient-1-1] DEBUG org.asynchttpclient.netty.channel.DefaultChannelPool - Entry count for : http://localhost:54094 : 1
13:18:41.873 [AsyncHttpClient-1-17] DEBUG org.asynchttpclient.netty.handler.HttpHandler - 

Request DefaultHttpRequest(decodeResult: success, version: HTTP/1.1)
POST /session/69297134b2ac4b297643cd83393ecaeb/window/rect HTTP/1.1
User-Agent: selenium/4.12.0 (java windows)
Content-Length: 36
Content-Type: application/json; charset=utf-8
host: localhost:43616
accept: */*

Response DefaultHttpResponse(decodeResult: success, version: HTTP/1.1)
HTTP/1.1 200 OK
Content-Length: 49
Content-Type: application/json; charset=utf-8
cache-control: no-cache

13:18:41.874 [AsyncHttpClient-1-17] DEBUG org.asynchttpclient.netty.channel.ChannelManager - Adding key: http://localhost:43616 for channel [id: 0x92fc31fd, L:/127.0.0.1:54093 - R:localhost/127.0.0.1:43616]
13:18:41.874 [Forwarding getPageSource on session 69297134b2ac4b297643cd83393ecaeb to remote] DEBUG org.asynchttpclient.netty.request.NettyRequestSender - Using pooled Channel '[id: 0x92fc31fd, L:/127.0.0.1:54093 - R:localhost/127.0.0.1:43616]' for 'POST' to 'http://localhost:43616/session/69297134b2ac4b297643cd83393ecaeb/execute/sync'
13:18:41.874 [Forwarding getPageSource on session 69297134b2ac4b297643cd83393ecaeb to remote] DEBUG org.asynchttpclient.netty.request.NettyRequestSender - Using open Channel [id: 0x92fc31fd, L:/127.0.0.1:54093 - R:localhost/127.0.0.1:43616] for POST '/session/69297134b2ac4b297643cd83393ecaeb/execute/sync'
13:18:41.879 [AsyncHttpClient-1-17] DEBUG org.asynchttpclient.netty.handler.HttpHandler - 

Request DefaultHttpRequest(decodeResult: success, version: HTTP/1.1)
POST /session/69297134b2ac4b297643cd83393ecaeb/execute/sync HTTP/1.1
User-Agent: selenium/4.12.0 (java windows)
Content-Length: 176
Content-Type: application/json; charset=utf-8
host: localhost:43616
accept: */*

Response DefaultHttpResponse(decodeResult: success, version: HTTP/1.1)
HTTP/1.1 200 OK
Content-Length: 4159
Content-Type: application/json; charset=utf-8
cache-control: no-cache

13:18:41.879 [AsyncHttpClient-1-17] DEBUG org.asynchttpclient.netty.channel.ChannelManager - Adding key: http://localhost:43616 for channel [id: 0x92fc31fd, L:/127.0.0.1:54093 - R:localhost/127.0.0.1:43616]
13:18:41.880 [Forwarding setCurrentWindowSize on session 69297134b2ac4b297643cd83393ecaeb to remote] DEBUG org.asynchttpclient.netty.request.NettyRequestSender - Using pooled Channel '[id: 0x92fc31fd, L:/127.0.0.1:54093 - R:localhost/127.0.0.1:43616]' for 'POST' to 'http://localhost:43616/session/69297134b2ac4b297643cd83393ecaeb/window/rect'
13:18:41.880 [Forwarding setCurrentWindowSize on session 69297134b2ac4b297643cd83393ecaeb to remote] DEBUG org.asynchttpclient.netty.request.NettyRequestSender - Using open Channel [id: 0x92fc31fd, L:/127.0.0.1:54093 - R:localhost/127.0.0.1:43616] for POST '/session/69297134b2ac4b297643cd83393ecaeb/window/rect'
13:18:42.245 [AsyncHttpClient-1-17] DEBUG org.asynchttpclient.netty.handler.HttpHandler - 

Request DefaultHttpRequest(decodeResult: success, version: HTTP/1.1)
POST /session/69297134b2ac4b297643cd83393ecaeb/window/rect HTTP/1.1
User-Agent: selenium/4.12.0 (java windows)
Content-Length: 35
Content-Type: application/json; charset=utf-8
host: localhost:43616
accept: */*

Response DefaultHttpResponse(decodeResult: success, version: HTTP/1.1)
HTTP/1.1 200 OK
Content-Length: 48
Content-Type: application/json; charset=utf-8
cache-control: no-cache

13:18:42.245 [AsyncHttpClient-1-17] DEBUG org.asynchttpclient.netty.channel.ChannelManager - Adding key: http://localhost:43616 for channel [id: 0x92fc31fd, L:/127.0.0.1:54093 - R:localhost/127.0.0.1:43616]
13:18:42.246 [Forwarding getPageSource on session 69297134b2ac4b297643cd83393ecaeb to remote] DEBUG org.asynchttpclient.netty.request.NettyRequestSender - Using pooled Channel '[id: 0x92fc31fd, L:/127.0.0.1:54093 - R:localhost/127.0.0.1:43616]' for 'POST' to 'http://localhost:43616/session/69297134b2ac4b297643cd83393ecaeb/execute/sync'
13:18:42.246 [Forwarding getPageSource on session 69297134b2ac4b297643cd83393ecaeb to remote] DEBUG org.asynchttpclient.netty.request.NettyRequestSender - Using open Channel [id: 0x92fc31fd, L:/127.0.0.1:54093 - R:localhost/127.0.0.1:43616] for POST '/session/69297134b2ac4b297643cd83393ecaeb/execute/sync'
13:18:42.250 [AsyncHttpClient-1-17] DEBUG org.asynchttpclient.netty.handler.HttpHandler - 

Request DefaultHttpRequest(decodeResult: success, version: HTTP/1.1)
POST /session/69297134b2ac4b297643cd83393ecaeb/execute/sync HTTP/1.1
User-Agent: selenium/4.12.0 (java windows)
Content-Length: 176
Content-Type: application/json; charset=utf-8
host: localhost:43616
accept: */*

Response DefaultHttpResponse(decodeResult: success, version: HTTP/1.1)
HTTP/1.1 200 OK
Content-Length: 6124
Content-Type: application/json; charset=utf-8
cache-control: no-cache

13:18:42.250 [AsyncHttpClient-1-17] DEBUG org.asynchttpclient.netty.channel.ChannelManager - Adding key: http://localhost:43616 for channel [id: 0x92fc31fd, L:/127.0.0.1:54093 - R:localhost/127.0.0.1:43616]
]]></system-out>
    <system-err><![CDATA[Jan 02, 2025 1:18:40 PM org.openqa.selenium.devtools.CdpVersionFinder findNearestMatch
WARNING: Unable to find CDP implementation matching 131
Jan 02, 2025 1:18:40 PM org.openqa.selenium.chromium.ChromiumDriver lambda$new$5
WARNING: Unable to find version of CDP to use for 131.0.6778.205. You may need to include a dependency on a specific version of the CDP using something similar to `org.seleniumhq.selenium:selenium-devtools-v86:4.12.0` where the version ("v86") matches the version of the chromium-based browser you're using and the version number of the artifact is the same as Selenium's.
]]></system-err>
  </testcase>
  <testcase name="testUserRegistration" classname="UITestCases.BuggyCarsUITests" time="0.754">
    <failure message="expected [true] but found [false]" type="java.lang.AssertionError"><![CDATA[java.lang.AssertionError: expected [true] but found [false]
	at org.testng.Assert.fail(Assert.java:110)
	at org.testng.Assert.failNotEquals(Assert.java:1413)
	at org.testng.Assert.assertTrue(Assert.java:56)
	at org.testng.Assert.assertTrue(Assert.java:66)
	at UITestCases.BuggyCarsUITests.testUserRegistration(BuggyCarsUITests.java:25)
	at java.base/jdk.internal.reflect.NativeMethodAccessorImpl.invoke0(Native Method)
	at java.base/jdk.internal.reflect.NativeMethodAccessorImpl.invoke(NativeMethodAccessorImpl.java:77)
	at java.base/jdk.internal.reflect.DelegatingMethodAccessorImpl.invoke(DelegatingMethodAccessorImpl.java:43)
	at java.base/java.lang.reflect.Method.invoke(Method.java:569)
	at org.testng.internal.invokers.MethodInvocationHelper.invokeMethod(MethodInvocationHelper.java:139)
	at org.testng.internal.invokers.TestInvoker.invokeMethod(TestInvoker.java:677)
	at org.testng.internal.invokers.TestInvoker.invokeTestMethod(TestInvoker.java:221)
	at org.testng.internal.invokers.MethodRunner.runInSequence(MethodRunner.java:50)
	at org.testng.internal.invokers.TestInvoker$MethodInvocationAgent.invoke(TestInvoker.java:969)
	at org.testng.internal.invokers.TestInvoker.invokeTestMethods(TestInvoker.java:194)
	at org.testng.internal.invokers.TestMethodWorker.invokeTestMethods(TestMethodWorker.java:148)
	at org.testng.internal.invokers.TestMethodWorker.run(TestMethodWorker.java:128)
	at java.base/java.util.ArrayList.forEach(ArrayList.java:1511)
	at org.testng.TestRunner.privateRun(TestRunner.java:829)
	at org.testng.TestRunner.run(TestRunner.java:602)
	at org.testng.SuiteRunner.runTest(SuiteRunner.java:437)
	at org.testng.SuiteRunner.runSequentially(SuiteRunner.java:431)
	at org.testng.SuiteRunner.privateRun(SuiteRunner.java:391)
	at org.testng.SuiteRunner.run(SuiteRunner.java:330)
	at org.testng.SuiteRunnerWorker.runSuite(SuiteRunnerWorker.java:52)
	at org.testng.SuiteRunnerWorker.run(SuiteRunnerWorker.java:95)
	at org.testng.TestNG.runSuitesSequentially(TestNG.java:1256)
	at org.testng.TestNG.runSuitesLocally(TestNG.java:1176)
	at org.testng.TestNG.runSuites(TestNG.java:1099)
	at org.testng.TestNG.run(TestNG.java:1067)
	at org.apache.maven.surefire.testng.TestNGExecutor.run(TestNGExecutor.java:151)
	at org.apache.maven.surefire.testng.TestNGDirectoryTestSuite.executeMulti(TestNGDirectoryTestSuite.java:192)
	at org.apache.maven.surefire.testng.TestNGDirectoryTestSuite.execute(TestNGDirectoryTestSuite.java:93)
	at org.apache.maven.surefire.testng.TestNGProvider.invoke(TestNGProvider.java:155)
	at org.apache.maven.surefire.booter.ForkedBooter.runSuitesInProcess(ForkedBooter.java:456)
	at org.apache.maven.surefire.booter.ForkedBooter.execute(ForkedBooter.java:169)
	at org.apache.maven.surefire.booter.ForkedBooter.run(ForkedBooter.java:595)
	at org.apache.maven.surefire.booter.ForkedBooter.main(ForkedBooter.java:581)
]]></failure>
    <system-out><![CDATA[13:18:42.252 [AsyncHttpClient-1-3] DEBUG org.asynchttpclient.netty.handler.WebSocketHandler - Channel Closed: [id: 0x3304c1fd, L:/127.0.0.1:54101 ! R:localhost/127.0.0.1:54094] with attribute DISCARD
13:18:42.253 [Driver Command Executor] DEBUG org.asynchttpclient.netty.request.NettyRequestSender - Using pooled Channel '[id: 0x92fc31fd, L:/127.0.0.1:54093 - R:localhost/127.0.0.1:43616]' for 'DELETE' to 'http://localhost:43616/session/69297134b2ac4b297643cd83393ecaeb'
13:18:42.253 [Driver Command Executor] DEBUG org.asynchttpclient.netty.request.NettyRequestSender - Using open Channel [id: 0x92fc31fd, L:/127.0.0.1:54093 - R:localhost/127.0.0.1:43616] for DELETE '/session/69297134b2ac4b297643cd83393ecaeb'
13:18:42.297 [AsyncHttpClient-1-2] DEBUG org.asynchttpclient.netty.handler.HttpHandler - Unexpected I/O exception on channel [id: 0x18a2d424, L:/127.0.0.1:54100 - R:localhost/127.0.0.1:54094]
java.net.SocketException: Connection reset
	at java.base/sun.nio.ch.SocketChannelImpl.throwConnectionReset(SocketChannelImpl.java:394)
	at java.base/sun.nio.ch.SocketChannelImpl.read(SocketChannelImpl.java:426)
	at io.netty.buffer.PooledByteBuf.setBytes(PooledByteBuf.java:254)
	at io.netty.buffer.AbstractByteBuf.writeBytes(AbstractByteBuf.java:1132)
	at io.netty.channel.socket.nio.NioSocketChannel.doReadBytes(NioSocketChannel.java:357)
	at io.netty.channel.nio.AbstractNioByteChannel$NioByteUnsafe.read(AbstractNioByteChannel.java:151)
	at io.netty.channel.nio.NioEventLoop.processSelectedKey(NioEventLoop.java:788)
	at io.netty.channel.nio.NioEventLoop.processSelectedKeysOptimized(NioEventLoop.java:724)
	at io.netty.channel.nio.NioEventLoop.processSelectedKeys(NioEventLoop.java:650)
	at io.netty.channel.nio.NioEventLoop.run(NioEventLoop.java:562)
	at io.netty.util.concurrent.SingleThreadEventExecutor$4.run(SingleThreadEventExecutor.java:997)
	at io.netty.util.internal.ThreadExecutorMap$2.run(ThreadExecutorMap.java:74)
	at io.netty.util.concurrent.FastThreadLocalRunnable.run(FastThreadLocalRunnable.java:30)
	at java.base/java.lang.Thread.run(Thread.java:840)
13:18:42.297 [AsyncHttpClient-1-2] DEBUG org.asynchttpclient.netty.channel.ChannelManager - Closing Channel [id: 0x18a2d424, L:/127.0.0.1:54100 - R:localhost/127.0.0.1:54094] 
13:18:42.298 [AsyncHttpClient-1-2] DEBUG org.asynchttpclient.netty.handler.HttpHandler - Channel Closed: [id: 0x18a2d424, L:/127.0.0.1:54100 ! R:localhost/127.0.0.1:54094] with attribute DISCARD
13:18:42.317 [AsyncHttpClient-1-17] DEBUG org.asynchttpclient.netty.handler.HttpHandler - 

Request DefaultFullHttpRequest(decodeResult: success, version: HTTP/1.1, content: EmptyByteBufBE)
DELETE /session/69297134b2ac4b297643cd83393ecaeb HTTP/1.1
User-Agent: selenium/4.12.0 (java windows)
Content-Type: application/json; charset=utf-8
host: localhost:43616
accept: */*

Response DefaultHttpResponse(decodeResult: success, version: HTTP/1.1)
HTTP/1.1 200 OK
Content-Length: 14
Content-Type: application/json; charset=utf-8
cache-control: no-cache

13:18:42.319 [AsyncHttpClient-1-17] DEBUG org.asynchttpclient.netty.channel.ChannelManager - Adding key: http://localhost:43616 for channel [id: 0x92fc31fd, L:/127.0.0.1:54093 - R:localhost/127.0.0.1:43616]
13:18:42.430 [AsyncHttpClient-1-17] DEBUG org.asynchttpclient.netty.handler.HttpHandler - Channel Closed: [id: 0x92fc31fd, L:/127.0.0.1:54093 ! R:localhost/127.0.0.1:43616] with attribute DISCARD
13:18:42.493 [main] DEBUG io.github.bonigarcia.wdm.WebDriverManager - Using WebDriverManager 5.5.3
13:18:42.498 [main] DEBUG io.github.bonigarcia.wdm.cache.ResolutionCache - Resolution chrome=131 in cache (valid until 13:56:25 02/01/2025 IST)
13:18:42.498 [main] DEBUG io.github.bonigarcia.wdm.cache.ResolutionCache - Resolution chrome131=131.0.6778.204 in cache (valid until 12:56:25 03/01/2025 IST)
13:18:42.498 [main] INFO io.github.bonigarcia.wdm.WebDriverManager - Using chromedriver 131.0.6778.204 (resolved driver for Chrome 131)
13:18:42.503 [main] DEBUG io.github.bonigarcia.wdm.WebDriverManager - Driver chromedriver 131.0.6778.204 found in cache
13:18:42.503 [main] INFO io.github.bonigarcia.wdm.WebDriverManager - Exporting webdriver.chrome.driver as C:\Users\ASUS\.cache\selenium\chromedriver\win64\131.0.6778.204\chromedriver.exe
13:18:42.578 [AsyncHttpClient-1-4] DEBUG org.asynchttpclient.netty.channel.NettyConnectListener - Using new Channel '[id: 0x4e893f5a, L:/127.0.0.1:54111 - R:localhost/127.0.0.1:39273]' for 'POST' to '/session'
13:18:42.864 [AsyncHttpClient-1-1] DEBUG org.asynchttpclient.netty.channel.DefaultChannelPool - Entry count for : http://localhost:43616 : 1
13:18:42.864 [AsyncHttpClient-1-1] DEBUG org.asynchttpclient.netty.channel.DefaultChannelPool - Entry count for : http://localhost:54094 : 1
13:18:42.864 [AsyncHttpClient-1-1] DEBUG org.asynchttpclient.netty.channel.DefaultChannelPool - Adding Candidate expired Channel [id: 0x92fc31fd, L:/127.0.0.1:54093 ! R:localhost/127.0.0.1:43616] isIdleTimeoutExpired=false isRemotelyClosed=true isTtlExpired=false
13:18:42.865 [AsyncHttpClient-1-1] DEBUG org.asynchttpclient.netty.channel.DefaultChannelPool - Closing Idle Channel [id: 0x92fc31fd, L:/127.0.0.1:54093 ! R:localhost/127.0.0.1:43616]
13:18:42.865 [AsyncHttpClient-1-1] DEBUG org.asynchttpclient.netty.channel.DefaultChannelPool - Adding Candidate expired Channel [id: 0x18a2d424, L:/127.0.0.1:54100 ! R:localhost/127.0.0.1:54094] isIdleTimeoutExpired=false isRemotelyClosed=true isTtlExpired=false
13:18:42.865 [AsyncHttpClient-1-1] DEBUG org.asynchttpclient.netty.channel.DefaultChannelPool - Closing Idle Channel [id: 0x18a2d424, L:/127.0.0.1:54100 ! R:localhost/127.0.0.1:54094]
13:18:42.865 [AsyncHttpClient-1-1] DEBUG org.asynchttpclient.netty.channel.DefaultChannelPool - Closed 2 connections out of 2 in 1 ms
13:18:43.265 [AsyncHttpClient-1-4] DEBUG org.asynchttpclient.netty.handler.HttpHandler - 

Request DefaultHttpRequest(decodeResult: success, version: HTTP/1.1)
POST /session HTTP/1.1
User-Agent: selenium/4.12.0 (java windows)
Content-Length: 254
Content-Type: application/json; charset=utf-8
host: localhost:39273
accept: */*

Response DefaultHttpResponse(decodeResult: success, version: HTTP/1.1)
HTTP/1.1 200 OK
Content-Length: 883
Content-Type: application/json; charset=utf-8
cache-control: no-cache

13:18:43.265 [AsyncHttpClient-1-4] DEBUG org.asynchttpclient.netty.channel.ChannelManager - Adding key: http://localhost:39273 for channel [id: 0x4e893f5a, L:/127.0.0.1:54111 - R:localhost/127.0.0.1:39273]
13:18:43.278 [AsyncHttpClient-1-5] DEBUG org.asynchttpclient.netty.channel.NettyConnectListener - Using new Channel '[id: 0x85f3daac, L:/127.0.0.1:54118 - R:localhost/127.0.0.1:54112]' for 'GET' to '/json/version'
13:18:43.280 [AsyncHttpClient-1-5] DEBUG org.asynchttpclient.netty.handler.HttpHandler - 

Request DefaultFullHttpRequest(decodeResult: success, version: HTTP/1.1, content: EmptyByteBufBE)
GET /json/version HTTP/1.1
User-Agent: selenium/4.12.0 (java windows)
host: localhost:54112
accept: */*

Response DefaultHttpResponse(decodeResult: success, version: HTTP/1.1)
HTTP/1.1 200 OK
Content-Security-Policy: frame-ancestors 'none'
Content-Length: 424
Content-Type: application/json; charset=UTF-8

13:18:43.280 [AsyncHttpClient-1-5] DEBUG org.asynchttpclient.netty.channel.ChannelManager - Adding key: http://localhost:54112 for channel [id: 0x85f3daac, L:/127.0.0.1:54118 - R:localhost/127.0.0.1:54112]
13:18:43.286 [AsyncHttpClient-1-6] DEBUG org.asynchttpclient.netty.channel.NettyConnectListener - Using new Channel '[id: 0x2f65ef38, L:/127.0.0.1:54119 - R:localhost/127.0.0.1:54112]' for 'GET' to '/devtools/browser/f3f876d5-1987-4c69-82ce-75d2391ca937'
13:18:43.300 [AsyncHttpClient-1-6] DEBUG org.asynchttpclient.netty.handler.WebSocketHandler - 

Request DefaultFullHttpRequest(decodeResult: success, version: HTTP/1.1, content: EmptyByteBufBE)
GET /devtools/browser/f3f876d5-1987-4c69-82ce-75d2391ca937 HTTP/1.1
upgrade: websocket
connection: upgrade
sec-websocket-key: lYh/DaiWx7vxk/acSEytWw==
sec-websocket-version: 13
origin: http://localhost:54112
host: localhost:54112
accept: */*
user-agent: AHC/2.1

Response DefaultHttpResponse(decodeResult: success, version: HTTP/1.1)
HTTP/1.1 101 WebSocket Protocol Handshake
Upgrade: WebSocket
Connection: Upgrade
Sec-WebSocket-Accept: j5rVF/GnZTcLBfYud+QfacHGKnE=

13:18:43.313 [Forwarding maximizeCurrentWindow on session 51094781d711db7f18487e9dada4e824 to remote] DEBUG org.asynchttpclient.netty.request.NettyRequestSender - Using pooled Channel '[id: 0x4e893f5a, L:/127.0.0.1:54111 - R:localhost/127.0.0.1:39273]' for 'POST' to 'http://localhost:39273/session/51094781d711db7f18487e9dada4e824/window/maximize'
13:18:43.313 [Forwarding maximizeCurrentWindow on session 51094781d711db7f18487e9dada4e824 to remote] DEBUG org.asynchttpclient.netty.request.NettyRequestSender - Using open Channel [id: 0x4e893f5a, L:/127.0.0.1:54111 - R:localhost/127.0.0.1:39273] for POST '/session/51094781d711db7f18487e9dada4e824/window/maximize'
13:18:43.380 [AsyncHttpClient-1-4] DEBUG org.asynchttpclient.netty.handler.HttpHandler - 

Request DefaultHttpRequest(decodeResult: success, version: HTTP/1.1)
POST /session/51094781d711db7f18487e9dada4e824/window/maximize HTTP/1.1
User-Agent: selenium/4.12.0 (java windows)
Content-Length: 3
Content-Type: application/json; charset=utf-8
host: localhost:39273
accept: */*

Response DefaultHttpResponse(decodeResult: success, version: HTTP/1.1)
HTTP/1.1 200 OK
Content-Length: 51
Content-Type: application/json; charset=utf-8
cache-control: no-cache

13:18:43.380 [AsyncHttpClient-1-4] DEBUG org.asynchttpclient.netty.channel.ChannelManager - Adding key: http://localhost:39273 for channel [id: 0x4e893f5a, L:/127.0.0.1:54111 - R:localhost/127.0.0.1:39273]
13:18:43.387 [Forwarding get on session 51094781d711db7f18487e9dada4e824 to remote] DEBUG org.asynchttpclient.netty.request.NettyRequestSender - Using pooled Channel '[id: 0x4e893f5a, L:/127.0.0.1:54111 - R:localhost/127.0.0.1:39273]' for 'POST' to 'http://localhost:39273/session/51094781d711db7f18487e9dada4e824/url'
13:18:43.388 [Forwarding get on session 51094781d711db7f18487e9dada4e824 to remote] DEBUG org.asynchttpclient.netty.request.NettyRequestSender - Using open Channel [id: 0x4e893f5a, L:/127.0.0.1:54111 - R:localhost/127.0.0.1:39273] for POST '/session/51094781d711db7f18487e9dada4e824/url'
13:18:43.961 [AsyncHttpClient-1-1] DEBUG org.asynchttpclient.netty.channel.DefaultChannelPool - Entry count for : http://localhost:54112 : 1
13:18:44.744 [AsyncHttpClient-1-4] DEBUG org.asynchttpclient.netty.handler.HttpHandler - 

Request DefaultHttpRequest(decodeResult: success, version: HTTP/1.1)
POST /session/51094781d711db7f18487e9dada4e824/url HTTP/1.1
User-Agent: selenium/4.12.0 (java windows)
Content-Length: 58
Content-Type: application/json; charset=utf-8
host: localhost:39273
accept: */*

Response DefaultHttpResponse(decodeResult: success, version: HTTP/1.1)
HTTP/1.1 200 OK
Content-Length: 14
Content-Type: application/json; charset=utf-8
cache-control: no-cache

13:18:44.744 [AsyncHttpClient-1-4] DEBUG org.asynchttpclient.netty.channel.ChannelManager - Adding key: http://localhost:39273 for channel [id: 0x4e893f5a, L:/127.0.0.1:54111 - R:localhost/127.0.0.1:39273]
13:18:44.747 [Forwarding findElement on session 51094781d711db7f18487e9dada4e824 to remote] DEBUG org.asynchttpclient.netty.request.NettyRequestSender - Using pooled Channel '[id: 0x4e893f5a, L:/127.0.0.1:54111 - R:localhost/127.0.0.1:39273]' for 'POST' to 'http://localhost:39273/session/51094781d711db7f18487e9dada4e824/element'
13:18:44.747 [Forwarding findElement on session 51094781d711db7f18487e9dada4e824 to remote] DEBUG org.asynchttpclient.netty.request.NettyRequestSender - Using open Channel [id: 0x4e893f5a, L:/127.0.0.1:54111 - R:localhost/127.0.0.1:39273] for POST '/session/51094781d711db7f18487e9dada4e824/element'
13:18:44.786 [AsyncHttpClient-1-4] DEBUG org.asynchttpclient.netty.handler.HttpHandler - 

Request DefaultHttpRequest(decodeResult: success, version: HTTP/1.1)
POST /session/51094781d711db7f18487e9dada4e824/element HTTP/1.1
User-Agent: selenium/4.12.0 (java windows)
Content-Length: 49
Content-Type: application/json; charset=utf-8
host: localhost:39273
accept: */*

Response DefaultHttpResponse(decodeResult: success, version: HTTP/1.1)
HTTP/1.1 200 OK
Content-Length: 126
Content-Type: application/json; charset=utf-8
cache-control: no-cache

13:18:44.787 [AsyncHttpClient-1-4] DEBUG org.asynchttpclient.netty.channel.ChannelManager - Adding key: http://localhost:39273 for channel [id: 0x4e893f5a, L:/127.0.0.1:54111 - R:localhost/127.0.0.1:39273]
13:18:44.790 [Forwarding clickElement on session 51094781d711db7f18487e9dada4e824 to remote] DEBUG org.asynchttpclient.netty.request.NettyRequestSender - Using pooled Channel '[id: 0x4e893f5a, L:/127.0.0.1:54111 - R:localhost/127.0.0.1:39273]' for 'POST' to 'http://localhost:39273/session/51094781d711db7f18487e9dada4e824/element/f.85BEE454E8AEB7C5A71F9EF18B1FB976.d.7DCA79134F33C94B77B3AF70191119A1.e.14/click'
13:18:44.790 [Forwarding clickElement on session 51094781d711db7f18487e9dada4e824 to remote] DEBUG org.asynchttpclient.netty.request.NettyRequestSender - Using open Channel [id: 0x4e893f5a, L:/127.0.0.1:54111 - R:localhost/127.0.0.1:39273] for POST '/session/51094781d711db7f18487e9dada4e824/element/f.85BEE454E8AEB7C5A71F9EF18B1FB976.d.7DCA79134F33C94B77B3AF70191119A1.e.14/click'
13:18:44.880 [AsyncHttpClient-1-4] DEBUG org.asynchttpclient.netty.handler.HttpHandler - 

Request DefaultHttpRequest(decodeResult: success, version: HTTP/1.1)
POST /session/51094781d711db7f18487e9dada4e824/element/f.85BEE454E8AEB7C5A71F9EF18B1FB976.d.7DCA79134F33C94B77B3AF70191119A1.e.14/click HTTP/1.1
User-Agent: selenium/4.12.0 (java windows)
Content-Length: 88
Content-Type: application/json; charset=utf-8
host: localhost:39273
accept: */*

Response DefaultHttpResponse(decodeResult: success, version: HTTP/1.1)
HTTP/1.1 200 OK
Content-Length: 14
Content-Type: application/json; charset=utf-8
cache-control: no-cache

13:18:44.882 [AsyncHttpClient-1-4] DEBUG org.asynchttpclient.netty.channel.ChannelManager - Adding key: http://localhost:39273 for channel [id: 0x4e893f5a, L:/127.0.0.1:54111 - R:localhost/127.0.0.1:39273]
13:18:44.886 [Forwarding findElement on session 51094781d711db7f18487e9dada4e824 to remote] DEBUG org.asynchttpclient.netty.request.NettyRequestSender - Using pooled Channel '[id: 0x4e893f5a, L:/127.0.0.1:54111 - R:localhost/127.0.0.1:39273]' for 'POST' to 'http://localhost:39273/session/51094781d711db7f18487e9dada4e824/element'
13:18:44.887 [Forwarding findElement on session 51094781d711db7f18487e9dada4e824 to remote] DEBUG org.asynchttpclient.netty.request.NettyRequestSender - Using open Channel [id: 0x4e893f5a, L:/127.0.0.1:54111 - R:localhost/127.0.0.1:39273] for POST '/session/51094781d711db7f18487e9dada4e824/element'
13:18:44.905 [AsyncHttpClient-1-4] DEBUG org.asynchttpclient.netty.handler.HttpHandler - 

Request DefaultHttpRequest(decodeResult: success, version: HTTP/1.1)
POST /session/51094781d711db7f18487e9dada4e824/element HTTP/1.1
User-Agent: selenium/4.12.0 (java windows)
Content-Length: 53
Content-Type: application/json; charset=utf-8
host: localhost:39273
accept: */*

Response DefaultHttpResponse(decodeResult: success, version: HTTP/1.1)
HTTP/1.1 200 OK
Content-Length: 126
Content-Type: application/json; charset=utf-8
cache-control: no-cache

13:18:44.906 [AsyncHttpClient-1-4] DEBUG org.asynchttpclient.netty.channel.ChannelManager - Adding key: http://localhost:39273 for channel [id: 0x4e893f5a, L:/127.0.0.1:54111 - R:localhost/127.0.0.1:39273]
13:18:44.906 [Forwarding sendKeysToElement on session 51094781d711db7f18487e9dada4e824 to remote] DEBUG org.asynchttpclient.netty.request.NettyRequestSender - Using pooled Channel '[id: 0x4e893f5a, L:/127.0.0.1:54111 - R:localhost/127.0.0.1:39273]' for 'POST' to 'http://localhost:39273/session/51094781d711db7f18487e9dada4e824/element/f.85BEE454E8AEB7C5A71F9EF18B1FB976.d.7DCA79134F33C94B77B3AF70191119A1.e.25/value'
13:18:44.906 [Forwarding sendKeysToElement on session 51094781d711db7f18487e9dada4e824 to remote] DEBUG org.asynchttpclient.netty.request.NettyRequestSender - Using open Channel [id: 0x4e893f5a, L:/127.0.0.1:54111 - R:localhost/127.0.0.1:39273] for POST '/session/51094781d711db7f18487e9dada4e824/element/f.85BEE454E8AEB7C5A71F9EF18B1FB976.d.7DCA79134F33C94B77B3AF70191119A1.e.25/value'
13:18:44.988 [AsyncHttpClient-1-4] DEBUG org.asynchttpclient.netty.handler.HttpHandler - 

Request DefaultHttpRequest(decodeResult: success, version: HTTP/1.1)
POST /session/51094781d711db7f18487e9dada4e824/element/f.85BEE454E8AEB7C5A71F9EF18B1FB976.d.7DCA79134F33C94B77B3AF70191119A1.e.25/value HTTP/1.1
User-Agent: selenium/4.12.0 (java windows)
Content-Length: 229
Content-Type: application/json; charset=utf-8
host: localhost:39273
accept: */*

Response DefaultHttpResponse(decodeResult: success, version: HTTP/1.1)
HTTP/1.1 200 OK
Content-Length: 14
Content-Type: application/json; charset=utf-8
cache-control: no-cache

13:18:44.990 [AsyncHttpClient-1-4] DEBUG org.asynchttpclient.netty.channel.ChannelManager - Adding key: http://localhost:39273 for channel [id: 0x4e893f5a, L:/127.0.0.1:54111 - R:localhost/127.0.0.1:39273]
13:18:44.993 [Forwarding findElement on session 51094781d711db7f18487e9dada4e824 to remote] DEBUG org.asynchttpclient.netty.request.NettyRequestSender - Using pooled Channel '[id: 0x4e893f5a, L:/127.0.0.1:54111 - R:localhost/127.0.0.1:39273]' for 'POST' to 'http://localhost:39273/session/51094781d711db7f18487e9dada4e824/element'
13:18:44.993 [Forwarding findElement on session 51094781d711db7f18487e9dada4e824 to remote] DEBUG org.asynchttpclient.netty.request.NettyRequestSender - Using open Channel [id: 0x4e893f5a, L:/127.0.0.1:54111 - R:localhost/127.0.0.1:39273] for POST '/session/51094781d711db7f18487e9dada4e824/element'
13:18:45.020 [AsyncHttpClient-1-4] DEBUG org.asynchttpclient.netty.handler.HttpHandler - 

Request DefaultHttpRequest(decodeResult: success, version: HTTP/1.1)
POST /session/51094781d711db7f18487e9dada4e824/element HTTP/1.1
User-Agent: selenium/4.12.0 (java windows)
Content-Length: 54
Content-Type: application/json; charset=utf-8
host: localhost:39273
accept: */*

Response DefaultHttpResponse(decodeResult: success, version: HTTP/1.1)
HTTP/1.1 200 OK
Content-Length: 126
Content-Type: application/json; charset=utf-8
cache-control: no-cache

13:18:45.020 [AsyncHttpClient-1-4] DEBUG org.asynchttpclient.netty.channel.ChannelManager - Adding key: http://localhost:39273 for channel [id: 0x4e893f5a, L:/127.0.0.1:54111 - R:localhost/127.0.0.1:39273]
13:18:45.022 [Forwarding sendKeysToElement on session 51094781d711db7f18487e9dada4e824 to remote] DEBUG org.asynchttpclient.netty.request.NettyRequestSender - Using pooled Channel '[id: 0x4e893f5a, L:/127.0.0.1:54111 - R:localhost/127.0.0.1:39273]' for 'POST' to 'http://localhost:39273/session/51094781d711db7f18487e9dada4e824/element/f.85BEE454E8AEB7C5A71F9EF18B1FB976.d.7DCA79134F33C94B77B3AF70191119A1.e.28/value'
13:18:45.022 [Forwarding sendKeysToElement on session 51094781d711db7f18487e9dada4e824 to remote] DEBUG org.asynchttpclient.netty.request.NettyRequestSender - Using open Channel [id: 0x4e893f5a, L:/127.0.0.1:54111 - R:localhost/127.0.0.1:39273] for POST '/session/51094781d711db7f18487e9dada4e824/element/f.85BEE454E8AEB7C5A71F9EF18B1FB976.d.7DCA79134F33C94B77B3AF70191119A1.e.28/value'
13:18:45.068 [AsyncHttpClient-1-1] DEBUG org.asynchttpclient.netty.channel.DefaultChannelPool - Entry count for : http://localhost:54112 : 1
13:18:45.096 [AsyncHttpClient-1-4] DEBUG org.asynchttpclient.netty.handler.HttpHandler - 

Request DefaultHttpRequest(decodeResult: success, version: HTTP/1.1)
POST /session/51094781d711db7f18487e9dada4e824/element/f.85BEE454E8AEB7C5A71F9EF18B1FB976.d.7DCA79134F33C94B77B3AF70191119A1.e.28/value HTTP/1.1
User-Agent: selenium/4.12.0 (java windows)
Content-Length: 159
Content-Type: application/json; charset=utf-8
host: localhost:39273
accept: */*

Response DefaultHttpResponse(decodeResult: success, version: HTTP/1.1)
HTTP/1.1 200 OK
Content-Length: 14
Content-Type: application/json; charset=utf-8
cache-control: no-cache

13:18:45.096 [AsyncHttpClient-1-4] DEBUG org.asynchttpclient.netty.channel.ChannelManager - Adding key: http://localhost:39273 for channel [id: 0x4e893f5a, L:/127.0.0.1:54111 - R:localhost/127.0.0.1:39273]
13:18:45.099 [Forwarding findElement on session 51094781d711db7f18487e9dada4e824 to remote] DEBUG org.asynchttpclient.netty.request.NettyRequestSender - Using pooled Channel '[id: 0x4e893f5a, L:/127.0.0.1:54111 - R:localhost/127.0.0.1:39273]' for 'POST' to 'http://localhost:39273/session/51094781d711db7f18487e9dada4e824/element'
13:18:45.099 [Forwarding findElement on session 51094781d711db7f18487e9dada4e824 to remote] DEBUG org.asynchttpclient.netty.request.NettyRequestSender - Using open Channel [id: 0x4e893f5a, L:/127.0.0.1:54111 - R:localhost/127.0.0.1:39273] for POST '/session/51094781d711db7f18487e9dada4e824/element'
13:18:45.123 [AsyncHttpClient-1-4] DEBUG org.asynchttpclient.netty.handler.HttpHandler - 

Request DefaultHttpRequest(decodeResult: success, version: HTTP/1.1)
POST /session/51094781d711db7f18487e9dada4e824/element HTTP/1.1
User-Agent: selenium/4.12.0 (java windows)
Content-Length: 53
Content-Type: application/json; charset=utf-8
host: localhost:39273
accept: */*

Response DefaultHttpResponse(decodeResult: success, version: HTTP/1.1)
HTTP/1.1 200 OK
Content-Length: 126
Content-Type: application/json; charset=utf-8
cache-control: no-cache

13:18:45.123 [AsyncHttpClient-1-4] DEBUG org.asynchttpclient.netty.channel.ChannelManager - Adding key: http://localhost:39273 for channel [id: 0x4e893f5a, L:/127.0.0.1:54111 - R:localhost/127.0.0.1:39273]
13:18:45.124 [Forwarding sendKeysToElement on session 51094781d711db7f18487e9dada4e824 to remote] DEBUG org.asynchttpclient.netty.request.NettyRequestSender - Using pooled Channel '[id: 0x4e893f5a, L:/127.0.0.1:54111 - R:localhost/127.0.0.1:39273]' for 'POST' to 'http://localhost:39273/session/51094781d711db7f18487e9dada4e824/element/f.85BEE454E8AEB7C5A71F9EF18B1FB976.d.7DCA79134F33C94B77B3AF70191119A1.e.29/value'
13:18:45.124 [Forwarding sendKeysToElement on session 51094781d711db7f18487e9dada4e824 to remote] DEBUG org.asynchttpclient.netty.request.NettyRequestSender - Using open Channel [id: 0x4e893f5a, L:/127.0.0.1:54111 - R:localhost/127.0.0.1:39273] for POST '/session/51094781d711db7f18487e9dada4e824/element/f.85BEE454E8AEB7C5A71F9EF18B1FB976.d.7DCA79134F33C94B77B3AF70191119A1.e.29/value'
13:18:45.174 [AsyncHttpClient-1-4] DEBUG org.asynchttpclient.netty.handler.HttpHandler - 

Request DefaultHttpRequest(decodeResult: success, version: HTTP/1.1)
POST /session/51094781d711db7f18487e9dada4e824/element/f.85BEE454E8AEB7C5A71F9EF18B1FB976.d.7DCA79134F33C94B77B3AF70191119A1.e.29/value HTTP/1.1
User-Agent: selenium/4.12.0 (java windows)
Content-Length: 159
Content-Type: application/json; charset=utf-8
host: localhost:39273
accept: */*

Response DefaultHttpResponse(decodeResult: success, version: HTTP/1.1)
HTTP/1.1 200 OK
Content-Length: 14
Content-Type: application/json; charset=utf-8
cache-control: no-cache

13:18:45.174 [AsyncHttpClient-1-4] DEBUG org.asynchttpclient.netty.channel.ChannelManager - Adding key: http://localhost:39273 for channel [id: 0x4e893f5a, L:/127.0.0.1:54111 - R:localhost/127.0.0.1:39273]
13:18:45.175 [Forwarding findElement on session 51094781d711db7f18487e9dada4e824 to remote] DEBUG org.asynchttpclient.netty.request.NettyRequestSender - Using pooled Channel '[id: 0x4e893f5a, L:/127.0.0.1:54111 - R:localhost/127.0.0.1:39273]' for 'POST' to 'http://localhost:39273/session/51094781d711db7f18487e9dada4e824/element'
13:18:45.175 [Forwarding findElement on session 51094781d711db7f18487e9dada4e824 to remote] DEBUG org.asynchttpclient.netty.request.NettyRequestSender - Using open Channel [id: 0x4e893f5a, L:/127.0.0.1:54111 - R:localhost/127.0.0.1:39273] for POST '/session/51094781d711db7f18487e9dada4e824/element'
13:18:45.193 [AsyncHttpClient-1-4] DEBUG org.asynchttpclient.netty.handler.HttpHandler - 

Request DefaultHttpRequest(decodeResult: success, version: HTTP/1.1)
POST /session/51094781d711db7f18487e9dada4e824/element HTTP/1.1
User-Agent: selenium/4.12.0 (java windows)
Content-Length: 53
Content-Type: application/json; charset=utf-8
host: localhost:39273
accept: */*

Response DefaultHttpResponse(decodeResult: success, version: HTTP/1.1)
HTTP/1.1 200 OK
Content-Length: 126
Content-Type: application/json; charset=utf-8
cache-control: no-cache

13:18:45.194 [AsyncHttpClient-1-4] DEBUG org.asynchttpclient.netty.channel.ChannelManager - Adding key: http://localhost:39273 for channel [id: 0x4e893f5a, L:/127.0.0.1:54111 - R:localhost/127.0.0.1:39273]
13:18:45.196 [Forwarding sendKeysToElement on session 51094781d711db7f18487e9dada4e824 to remote] DEBUG org.asynchttpclient.netty.request.NettyRequestSender - Using pooled Channel '[id: 0x4e893f5a, L:/127.0.0.1:54111 - R:localhost/127.0.0.1:39273]' for 'POST' to 'http://localhost:39273/session/51094781d711db7f18487e9dada4e824/element/f.85BEE454E8AEB7C5A71F9EF18B1FB976.d.7DCA79134F33C94B77B3AF70191119A1.e.15/value'
13:18:45.196 [Forwarding sendKeysToElement on session 51094781d711db7f18487e9dada4e824 to remote] DEBUG org.asynchttpclient.netty.request.NettyRequestSender - Using open Channel [id: 0x4e893f5a, L:/127.0.0.1:54111 - R:localhost/127.0.0.1:39273] for POST '/session/51094781d711db7f18487e9dada4e824/element/f.85BEE454E8AEB7C5A71F9EF18B1FB976.d.7DCA79134F33C94B77B3AF70191119A1.e.15/value'
13:18:45.264 [AsyncHttpClient-1-4] DEBUG org.asynchttpclient.netty.handler.HttpHandler - 

Request DefaultHttpRequest(decodeResult: success, version: HTTP/1.1)
POST /session/51094781d711db7f18487e9dada4e824/element/f.85BEE454E8AEB7C5A71F9EF18B1FB976.d.7DCA79134F33C94B77B3AF70191119A1.e.15/value HTTP/1.1
User-Agent: selenium/4.12.0 (java windows)
Content-Length: 239
Content-Type: application/json; charset=utf-8
host: localhost:39273
accept: */*

Response DefaultHttpResponse(decodeResult: success, version: HTTP/1.1)
HTTP/1.1 200 OK
Content-Length: 14
Content-Type: application/json; charset=utf-8
cache-control: no-cache

13:18:45.265 [AsyncHttpClient-1-4] DEBUG org.asynchttpclient.netty.channel.ChannelManager - Adding key: http://localhost:39273 for channel [id: 0x4e893f5a, L:/127.0.0.1:54111 - R:localhost/127.0.0.1:39273]
13:18:45.269 [Forwarding findElement on session 51094781d711db7f18487e9dada4e824 to remote] DEBUG org.asynchttpclient.netty.request.NettyRequestSender - Using pooled Channel '[id: 0x4e893f5a, L:/127.0.0.1:54111 - R:localhost/127.0.0.1:39273]' for 'POST' to 'http://localhost:39273/session/51094781d711db7f18487e9dada4e824/element'
13:18:45.270 [Forwarding findElement on session 51094781d711db7f18487e9dada4e824 to remote] DEBUG org.asynchttpclient.netty.request.NettyRequestSender - Using open Channel [id: 0x4e893f5a, L:/127.0.0.1:54111 - R:localhost/127.0.0.1:39273] for POST '/session/51094781d711db7f18487e9dada4e824/element'
13:18:45.284 [AsyncHttpClient-1-4] DEBUG org.asynchttpclient.netty.handler.HttpHandler - 

Request DefaultHttpRequest(decodeResult: success, version: HTTP/1.1)
POST /session/51094781d711db7f18487e9dada4e824/element HTTP/1.1
User-Agent: selenium/4.12.0 (java windows)
Content-Length: 60
Content-Type: application/json; charset=utf-8
host: localhost:39273
accept: */*

Response DefaultHttpResponse(decodeResult: success, version: HTTP/1.1)
HTTP/1.1 200 OK
Content-Length: 126
Content-Type: application/json; charset=utf-8
cache-control: no-cache

13:18:45.284 [AsyncHttpClient-1-4] DEBUG org.asynchttpclient.netty.channel.ChannelManager - Adding key: http://localhost:39273 for channel [id: 0x4e893f5a, L:/127.0.0.1:54111 - R:localhost/127.0.0.1:39273]
13:18:45.288 [Forwarding sendKeysToElement on session 51094781d711db7f18487e9dada4e824 to remote] DEBUG org.asynchttpclient.netty.request.NettyRequestSender - Using pooled Channel '[id: 0x4e893f5a, L:/127.0.0.1:54111 - R:localhost/127.0.0.1:39273]' for 'POST' to 'http://localhost:39273/session/51094781d711db7f18487e9dada4e824/element/f.85BEE454E8AEB7C5A71F9EF18B1FB976.d.7DCA79134F33C94B77B3AF70191119A1.e.16/value'
13:18:45.288 [Forwarding sendKeysToElement on session 51094781d711db7f18487e9dada4e824 to remote] DEBUG org.asynchttpclient.netty.request.NettyRequestSender - Using open Channel [id: 0x4e893f5a, L:/127.0.0.1:54111 - R:localhost/127.0.0.1:39273] for POST '/session/51094781d711db7f18487e9dada4e824/element/f.85BEE454E8AEB7C5A71F9EF18B1FB976.d.7DCA79134F33C94B77B3AF70191119A1.e.16/value'
13:18:45.355 [AsyncHttpClient-1-4] DEBUG org.asynchttpclient.netty.handler.HttpHandler - 

Request DefaultHttpRequest(decodeResult: success, version: HTTP/1.1)
POST /session/51094781d711db7f18487e9dada4e824/element/f.85BEE454E8AEB7C5A71F9EF18B1FB976.d.7DCA79134F33C94B77B3AF70191119A1.e.16/value HTTP/1.1
User-Agent: selenium/4.12.0 (java windows)
Content-Length: 239
Content-Type: application/json; charset=utf-8
host: localhost:39273
accept: */*

Response DefaultHttpResponse(decodeResult: success, version: HTTP/1.1)
HTTP/1.1 200 OK
Content-Length: 14
Content-Type: application/json; charset=utf-8
cache-control: no-cache

13:18:45.355 [AsyncHttpClient-1-4] DEBUG org.asynchttpclient.netty.channel.ChannelManager - Adding key: http://localhost:39273 for channel [id: 0x4e893f5a, L:/127.0.0.1:54111 - R:localhost/127.0.0.1:39273]
13:18:45.356 [Forwarding findElement on session 51094781d711db7f18487e9dada4e824 to remote] DEBUG org.asynchttpclient.netty.request.NettyRequestSender - Using pooled Channel '[id: 0x4e893f5a, L:/127.0.0.1:54111 - R:localhost/127.0.0.1:39273]' for 'POST' to 'http://localhost:39273/session/51094781d711db7f18487e9dada4e824/element'
13:18:45.356 [Forwarding findElement on session 51094781d711db7f18487e9dada4e824 to remote] DEBUG org.asynchttpclient.netty.request.NettyRequestSender - Using open Channel [id: 0x4e893f5a, L:/127.0.0.1:54111 - R:localhost/127.0.0.1:39273] for POST '/session/51094781d711db7f18487e9dada4e824/element'
13:18:45.372 [AsyncHttpClient-1-4] DEBUG org.asynchttpclient.netty.handler.HttpHandler - 

Request DefaultHttpRequest(decodeResult: success, version: HTTP/1.1)
POST /session/51094781d711db7f18487e9dada4e824/element HTTP/1.1
User-Agent: selenium/4.12.0 (java windows)
Content-Length: 65
Content-Type: application/json; charset=utf-8
host: localhost:39273
accept: */*

Response DefaultHttpResponse(decodeResult: success, version: HTTP/1.1)
HTTP/1.1 200 OK
Content-Length: 125
Content-Type: application/json; charset=utf-8
cache-control: no-cache

13:18:45.373 [AsyncHttpClient-1-4] DEBUG org.asynchttpclient.netty.channel.ChannelManager - Adding key: http://localhost:39273 for channel [id: 0x4e893f5a, L:/127.0.0.1:54111 - R:localhost/127.0.0.1:39273]
13:18:45.374 [Forwarding clickElement on session 51094781d711db7f18487e9dada4e824 to remote] DEBUG org.asynchttpclient.netty.request.NettyRequestSender - Using pooled Channel '[id: 0x4e893f5a, L:/127.0.0.1:54111 - R:localhost/127.0.0.1:39273]' for 'POST' to 'http://localhost:39273/session/51094781d711db7f18487e9dada4e824/element/f.85BEE454E8AEB7C5A71F9EF18B1FB976.d.7DCA79134F33C94B77B3AF70191119A1.e.7/click'
13:18:45.374 [Forwarding clickElement on session 51094781d711db7f18487e9dada4e824 to remote] DEBUG org.asynchttpclient.netty.request.NettyRequestSender - Using open Channel [id: 0x4e893f5a, L:/127.0.0.1:54111 - R:localhost/127.0.0.1:39273] for POST '/session/51094781d711db7f18487e9dada4e824/element/f.85BEE454E8AEB7C5A71F9EF18B1FB976.d.7DCA79134F33C94B77B3AF70191119A1.e.7/click'
13:18:45.468 [AsyncHttpClient-1-4] DEBUG org.asynchttpclient.netty.handler.HttpHandler - 

Request DefaultHttpRequest(decodeResult: success, version: HTTP/1.1)
POST /session/51094781d711db7f18487e9dada4e824/element/f.85BEE454E8AEB7C5A71F9EF18B1FB976.d.7DCA79134F33C94B77B3AF70191119A1.e.7/click HTTP/1.1
User-Agent: selenium/4.12.0 (java windows)
Content-Length: 87
Content-Type: application/json; charset=utf-8
host: localhost:39273
accept: */*

Response DefaultHttpResponse(decodeResult: success, version: HTTP/1.1)
HTTP/1.1 200 OK
Content-Length: 14
Content-Type: application/json; charset=utf-8
cache-control: no-cache

13:18:45.468 [AsyncHttpClient-1-4] DEBUG org.asynchttpclient.netty.channel.ChannelManager - Adding key: http://localhost:39273 for channel [id: 0x4e893f5a, L:/127.0.0.1:54111 - R:localhost/127.0.0.1:39273]
13:18:45.469 [Forwarding getPageSource on session 51094781d711db7f18487e9dada4e824 to remote] DEBUG org.asynchttpclient.netty.request.NettyRequestSender - Using pooled Channel '[id: 0x4e893f5a, L:/127.0.0.1:54111 - R:localhost/127.0.0.1:39273]' for 'POST' to 'http://localhost:39273/session/51094781d711db7f18487e9dada4e824/execute/sync'
13:18:45.470 [Forwarding getPageSource on session 51094781d711db7f18487e9dada4e824 to remote] DEBUG org.asynchttpclient.netty.request.NettyRequestSender - Using open Channel [id: 0x4e893f5a, L:/127.0.0.1:54111 - R:localhost/127.0.0.1:39273] for POST '/session/51094781d711db7f18487e9dada4e824/execute/sync'
13:18:45.495 [AsyncHttpClient-1-4] DEBUG org.asynchttpclient.netty.handler.HttpHandler - 

Request DefaultHttpRequest(decodeResult: success, version: HTTP/1.1)
POST /session/51094781d711db7f18487e9dada4e824/execute/sync HTTP/1.1
User-Agent: selenium/4.12.0 (java windows)
Content-Length: 176
Content-Type: application/json; charset=utf-8
host: localhost:39273
accept: */*

Response DefaultHttpResponse(decodeResult: success, version: HTTP/1.1)
HTTP/1.1 200 OK
Content-Length: 7571
Content-Type: application/json; charset=utf-8
cache-control: no-cache

13:18:45.496 [AsyncHttpClient-1-4] DEBUG org.asynchttpclient.netty.channel.ChannelManager - Adding key: http://localhost:39273 for channel [id: 0x4e893f5a, L:/127.0.0.1:54111 - R:localhost/127.0.0.1:39273]
]]></system-out>
    <system-err><![CDATA[Jan 02, 2025 1:18:43 PM org.openqa.selenium.devtools.CdpVersionFinder findNearestMatch
WARNING: Unable to find CDP implementation matching 131
Jan 02, 2025 1:18:43 PM org.openqa.selenium.chromium.ChromiumDriver lambda$new$5
WARNING: Unable to find version of CDP to use for 131.0.6778.205. You may need to include a dependency on a specific version of the CDP using something similar to `org.seleniumhq.selenium:selenium-devtools-v86:4.12.0` where the version ("v86") matches the version of the chromium-based browser you're using and the version number of the artifact is the same as Selenium's.
]]></system-err>
  </testcase>
  <testcase name="testWeakPasswordRegistration" classname="UITestCases.BuggyCarsUITests" time="0.774">
    <failure message="expected [true] but found [false]" type="java.lang.AssertionError"><![CDATA[java.lang.AssertionError: expected [true] but found [false]
	at org.testng.Assert.fail(Assert.java:110)
	at org.testng.Assert.failNotEquals(Assert.java:1413)
	at org.testng.Assert.assertTrue(Assert.java:56)
	at org.testng.Assert.assertTrue(Assert.java:66)
	at UITestCases.BuggyCarsUITests.testWeakPasswordRegistration(BuggyCarsUITests.java:88)
	at java.base/jdk.internal.reflect.NativeMethodAccessorImpl.invoke0(Native Method)
	at java.base/jdk.internal.reflect.NativeMethodAccessorImpl.invoke(NativeMethodAccessorImpl.java:77)
	at java.base/jdk.internal.reflect.DelegatingMethodAccessorImpl.invoke(DelegatingMethodAccessorImpl.java:43)
	at java.base/java.lang.reflect.Method.invoke(Method.java:569)
	at org.testng.internal.invokers.MethodInvocationHelper.invokeMethod(MethodInvocationHelper.java:139)
	at org.testng.internal.invokers.TestInvoker.invokeMethod(TestInvoker.java:677)
	at org.testng.internal.invokers.TestInvoker.invokeTestMethod(TestInvoker.java:221)
	at org.testng.internal.invokers.MethodRunner.runInSequence(MethodRunner.java:50)
	at org.testng.internal.invokers.TestInvoker$MethodInvocationAgent.invoke(TestInvoker.java:969)
	at org.testng.internal.invokers.TestInvoker.invokeTestMethods(TestInvoker.java:194)
	at org.testng.internal.invokers.TestMethodWorker.invokeTestMethods(TestMethodWorker.java:148)
	at org.testng.internal.invokers.TestMethodWorker.run(TestMethodWorker.java:128)
	at java.base/java.util.ArrayList.forEach(ArrayList.java:1511)
	at org.testng.TestRunner.privateRun(TestRunner.java:829)
	at org.testng.TestRunner.run(TestRunner.java:602)
	at org.testng.SuiteRunner.runTest(SuiteRunner.java:437)
	at org.testng.SuiteRunner.runSequentially(SuiteRunner.java:431)
	at org.testng.SuiteRunner.privateRun(SuiteRunner.java:391)
	at org.testng.SuiteRunner.run(SuiteRunner.java:330)
	at org.testng.SuiteRunnerWorker.runSuite(SuiteRunnerWorker.java:52)
	at org.testng.SuiteRunnerWorker.run(SuiteRunnerWorker.java:95)
	at org.testng.TestNG.runSuitesSequentially(TestNG.java:1256)
	at org.testng.TestNG.runSuitesLocally(TestNG.java:1176)
	at org.testng.TestNG.runSuites(TestNG.java:1099)
	at org.testng.TestNG.run(TestNG.java:1067)
	at org.apache.maven.surefire.testng.TestNGExecutor.run(TestNGExecutor.java:151)
	at org.apache.maven.surefire.testng.TestNGDirectoryTestSuite.executeMulti(TestNGDirectoryTestSuite.java:192)
	at org.apache.maven.surefire.testng.TestNGDirectoryTestSuite.execute(TestNGDirectoryTestSuite.java:93)
	at org.apache.maven.surefire.testng.TestNGProvider.invoke(TestNGProvider.java:155)
	at org.apache.maven.surefire.booter.ForkedBooter.runSuitesInProcess(ForkedBooter.java:456)
	at org.apache.maven.surefire.booter.ForkedBooter.execute(ForkedBooter.java:169)
	at org.apache.maven.surefire.booter.ForkedBooter.run(ForkedBooter.java:595)
	at org.apache.maven.surefire.booter.ForkedBooter.main(ForkedBooter.java:581)
]]></failure>
    <system-out><![CDATA[13:18:45.510 [AsyncHttpClient-1-6] DEBUG org.asynchttpclient.netty.handler.WebSocketHandler - Channel Closed: [id: 0x2f65ef38, L:/127.0.0.1:54119 ! R:localhost/127.0.0.1:54112] with attribute DISCARD
13:18:45.521 [Driver Command Executor] DEBUG org.asynchttpclient.netty.request.NettyRequestSender - Using pooled Channel '[id: 0x4e893f5a, L:/127.0.0.1:54111 - R:localhost/127.0.0.1:39273]' for 'DELETE' to 'http://localhost:39273/session/51094781d711db7f18487e9dada4e824'
13:18:45.521 [Driver Command Executor] DEBUG org.asynchttpclient.netty.request.NettyRequestSender - Using open Channel [id: 0x4e893f5a, L:/127.0.0.1:54111 - R:localhost/127.0.0.1:39273] for DELETE '/session/51094781d711db7f18487e9dada4e824'
13:18:45.597 [AsyncHttpClient-1-5] DEBUG org.asynchttpclient.netty.handler.HttpHandler - Unexpected I/O exception on channel [id: 0x85f3daac, L:/127.0.0.1:54118 - R:localhost/127.0.0.1:54112]
java.net.SocketException: Connection reset
	at java.base/sun.nio.ch.SocketChannelImpl.throwConnectionReset(SocketChannelImpl.java:394)
	at java.base/sun.nio.ch.SocketChannelImpl.read(SocketChannelImpl.java:426)
	at io.netty.buffer.PooledByteBuf.setBytes(PooledByteBuf.java:254)
	at io.netty.buffer.AbstractByteBuf.writeBytes(AbstractByteBuf.java:1132)
	at io.netty.channel.socket.nio.NioSocketChannel.doReadBytes(NioSocketChannel.java:357)
	at io.netty.channel.nio.AbstractNioByteChannel$NioByteUnsafe.read(AbstractNioByteChannel.java:151)
	at io.netty.channel.nio.NioEventLoop.processSelectedKey(NioEventLoop.java:788)
	at io.netty.channel.nio.NioEventLoop.processSelectedKeysOptimized(NioEventLoop.java:724)
	at io.netty.channel.nio.NioEventLoop.processSelectedKeys(NioEventLoop.java:650)
	at io.netty.channel.nio.NioEventLoop.run(NioEventLoop.java:562)
	at io.netty.util.concurrent.SingleThreadEventExecutor$4.run(SingleThreadEventExecutor.java:997)
	at io.netty.util.internal.ThreadExecutorMap$2.run(ThreadExecutorMap.java:74)
	at io.netty.util.concurrent.FastThreadLocalRunnable.run(FastThreadLocalRunnable.java:30)
	at java.base/java.lang.Thread.run(Thread.java:840)
13:18:45.597 [AsyncHttpClient-1-5] DEBUG org.asynchttpclient.netty.channel.ChannelManager - Closing Channel [id: 0x85f3daac, L:/127.0.0.1:54118 - R:localhost/127.0.0.1:54112] 
13:18:45.597 [AsyncHttpClient-1-5] DEBUG org.asynchttpclient.netty.handler.HttpHandler - Channel Closed: [id: 0x85f3daac, L:/127.0.0.1:54118 ! R:localhost/127.0.0.1:54112] with attribute DISCARD
13:18:45.611 [AsyncHttpClient-1-4] DEBUG org.asynchttpclient.netty.handler.HttpHandler - 

Request DefaultFullHttpRequest(decodeResult: success, version: HTTP/1.1, content: EmptyByteBufBE)
DELETE /session/51094781d711db7f18487e9dada4e824 HTTP/1.1
User-Agent: selenium/4.12.0 (java windows)
Content-Type: application/json; charset=utf-8
host: localhost:39273
accept: */*

Response DefaultHttpResponse(decodeResult: success, version: HTTP/1.1)
HTTP/1.1 200 OK
Content-Length: 14
Content-Type: application/json; charset=utf-8
cache-control: no-cache

13:18:45.612 [AsyncHttpClient-1-4] DEBUG org.asynchttpclient.netty.channel.ChannelManager - Adding key: http://localhost:39273 for channel [id: 0x4e893f5a, L:/127.0.0.1:54111 - R:localhost/127.0.0.1:39273]
13:18:45.767 [AsyncHttpClient-1-4] DEBUG org.asynchttpclient.netty.handler.HttpHandler - Channel Closed: [id: 0x4e893f5a, L:/127.0.0.1:54111 ! R:localhost/127.0.0.1:39273] with attribute DISCARD
13:18:45.842 [main] DEBUG io.github.bonigarcia.wdm.WebDriverManager - Using WebDriverManager 5.5.3
13:18:45.846 [main] DEBUG io.github.bonigarcia.wdm.cache.ResolutionCache - Resolution chrome=131 in cache (valid until 13:56:25 02/01/2025 IST)
13:18:45.846 [main] DEBUG io.github.bonigarcia.wdm.cache.ResolutionCache - Resolution chrome131=131.0.6778.204 in cache (valid until 12:56:25 03/01/2025 IST)
13:18:45.846 [main] INFO io.github.bonigarcia.wdm.WebDriverManager - Using chromedriver 131.0.6778.204 (resolved driver for Chrome 131)
13:18:45.848 [main] DEBUG io.github.bonigarcia.wdm.WebDriverManager - Driver chromedriver 131.0.6778.204 found in cache
13:18:45.848 [main] INFO io.github.bonigarcia.wdm.WebDriverManager - Exporting webdriver.chrome.driver as C:\Users\ASUS\.cache\selenium\chromedriver\win64\131.0.6778.204\chromedriver.exe
13:18:45.937 [AsyncHttpClient-1-7] DEBUG org.asynchttpclient.netty.channel.NettyConnectListener - Using new Channel '[id: 0xd04f775c, L:/127.0.0.1:54131 - R:localhost/127.0.0.1:36896]' for 'POST' to '/session'
13:18:46.165 [AsyncHttpClient-1-1] DEBUG org.asynchttpclient.netty.channel.DefaultChannelPool - Entry count for : http://localhost:54112 : 1
13:18:46.165 [AsyncHttpClient-1-1] DEBUG org.asynchttpclient.netty.channel.DefaultChannelPool - Entry count for : http://localhost:39273 : 1
13:18:46.165 [AsyncHttpClient-1-1] DEBUG org.asynchttpclient.netty.channel.DefaultChannelPool - Adding Candidate expired Channel [id: 0x85f3daac, L:/127.0.0.1:54118 ! R:localhost/127.0.0.1:54112] isIdleTimeoutExpired=false isRemotelyClosed=true isTtlExpired=false
13:18:46.165 [AsyncHttpClient-1-1] DEBUG org.asynchttpclient.netty.channel.DefaultChannelPool - Closing Idle Channel [id: 0x85f3daac, L:/127.0.0.1:54118 ! R:localhost/127.0.0.1:54112]
13:18:46.165 [AsyncHttpClient-1-1] DEBUG org.asynchttpclient.netty.channel.DefaultChannelPool - Adding Candidate expired Channel [id: 0x4e893f5a, L:/127.0.0.1:54111 ! R:localhost/127.0.0.1:39273] isIdleTimeoutExpired=false isRemotelyClosed=true isTtlExpired=false
13:18:46.165 [AsyncHttpClient-1-1] DEBUG org.asynchttpclient.netty.channel.DefaultChannelPool - Closing Idle Channel [id: 0x4e893f5a, L:/127.0.0.1:54111 ! R:localhost/127.0.0.1:39273]
13:18:46.165 [AsyncHttpClient-1-1] DEBUG org.asynchttpclient.netty.channel.DefaultChannelPool - Closed 2 connections out of 2 in 0 ms
13:18:46.599 [AsyncHttpClient-1-7] DEBUG org.asynchttpclient.netty.handler.HttpHandler - 

Request DefaultHttpRequest(decodeResult: success, version: HTTP/1.1)
POST /session HTTP/1.1
User-Agent: selenium/4.12.0 (java windows)
Content-Length: 254
Content-Type: application/json; charset=utf-8
host: localhost:36896
accept: */*

Response DefaultHttpResponse(decodeResult: success, version: HTTP/1.1)
HTTP/1.1 200 OK
Content-Length: 884
Content-Type: application/json; charset=utf-8
cache-control: no-cache

13:18:46.599 [AsyncHttpClient-1-7] DEBUG org.asynchttpclient.netty.channel.ChannelManager - Adding key: http://localhost:36896 for channel [id: 0xd04f775c, L:/127.0.0.1:54131 - R:localhost/127.0.0.1:36896]
13:18:46.612 [AsyncHttpClient-1-8] DEBUG org.asynchttpclient.netty.channel.NettyConnectListener - Using new Channel '[id: 0x18f7767e, L:/127.0.0.1:54138 - R:localhost/127.0.0.1:54132]' for 'GET' to '/json/version'
13:18:46.614 [AsyncHttpClient-1-8] DEBUG org.asynchttpclient.netty.handler.HttpHandler - 

Request DefaultFullHttpRequest(decodeResult: success, version: HTTP/1.1, content: EmptyByteBufBE)
GET /json/version HTTP/1.1
User-Agent: selenium/4.12.0 (java windows)
host: localhost:54132
accept: */*

Response DefaultHttpResponse(decodeResult: success, version: HTTP/1.1)
HTTP/1.1 200 OK
Content-Security-Policy: frame-ancestors 'none'
Content-Length: 424
Content-Type: application/json; charset=UTF-8

13:18:46.614 [AsyncHttpClient-1-8] DEBUG org.asynchttpclient.netty.channel.ChannelManager - Adding key: http://localhost:54132 for channel [id: 0x18f7767e, L:/127.0.0.1:54138 - R:localhost/127.0.0.1:54132]
13:18:46.620 [AsyncHttpClient-1-9] DEBUG org.asynchttpclient.netty.channel.NettyConnectListener - Using new Channel '[id: 0x66922d22, L:/127.0.0.1:54139 - R:localhost/127.0.0.1:54132]' for 'GET' to '/devtools/browser/0cb687c9-bb81-471a-bac0-870ad73718cf'
13:18:46.625 [AsyncHttpClient-1-9] DEBUG org.asynchttpclient.netty.handler.WebSocketHandler - 

Request DefaultFullHttpRequest(decodeResult: success, version: HTTP/1.1, content: EmptyByteBufBE)
GET /devtools/browser/0cb687c9-bb81-471a-bac0-870ad73718cf HTTP/1.1
upgrade: websocket
connection: upgrade
sec-websocket-key: t2TYLtHPOa3DW/LJqMFu2w==
sec-websocket-version: 13
origin: http://localhost:54132
host: localhost:54132
accept: */*
user-agent: AHC/2.1

Response DefaultHttpResponse(decodeResult: success, version: HTTP/1.1)
HTTP/1.1 101 WebSocket Protocol Handshake
Upgrade: WebSocket
Connection: Upgrade
Sec-WebSocket-Accept: iMpVfo0MbrLO6BaCCsEnOO5RHBs=

13:18:46.630 [Forwarding maximizeCurrentWindow on session 94410117eccf211a1ab8ed70bfbff4f1 to remote] DEBUG org.asynchttpclient.netty.request.NettyRequestSender - Using pooled Channel '[id: 0xd04f775c, L:/127.0.0.1:54131 - R:localhost/127.0.0.1:36896]' for 'POST' to 'http://localhost:36896/session/94410117eccf211a1ab8ed70bfbff4f1/window/maximize'
13:18:46.630 [Forwarding maximizeCurrentWindow on session 94410117eccf211a1ab8ed70bfbff4f1 to remote] DEBUG org.asynchttpclient.netty.request.NettyRequestSender - Using open Channel [id: 0xd04f775c, L:/127.0.0.1:54131 - R:localhost/127.0.0.1:36896] for POST '/session/94410117eccf211a1ab8ed70bfbff4f1/window/maximize'
13:18:46.709 [AsyncHttpClient-1-7] DEBUG org.asynchttpclient.netty.handler.HttpHandler - 

Request DefaultHttpRequest(decodeResult: success, version: HTTP/1.1)
POST /session/94410117eccf211a1ab8ed70bfbff4f1/window/maximize HTTP/1.1
User-Agent: selenium/4.12.0 (java windows)
Content-Length: 3
Content-Type: application/json; charset=utf-8
host: localhost:36896
accept: */*

Response DefaultHttpResponse(decodeResult: success, version: HTTP/1.1)
HTTP/1.1 200 OK
Content-Length: 51
Content-Type: application/json; charset=utf-8
cache-control: no-cache

13:18:46.710 [AsyncHttpClient-1-7] DEBUG org.asynchttpclient.netty.channel.ChannelManager - Adding key: http://localhost:36896 for channel [id: 0xd04f775c, L:/127.0.0.1:54131 - R:localhost/127.0.0.1:36896]
13:18:46.721 [Forwarding get on session 94410117eccf211a1ab8ed70bfbff4f1 to remote] DEBUG org.asynchttpclient.netty.request.NettyRequestSender - Using pooled Channel '[id: 0xd04f775c, L:/127.0.0.1:54131 - R:localhost/127.0.0.1:36896]' for 'POST' to 'http://localhost:36896/session/94410117eccf211a1ab8ed70bfbff4f1/url'
13:18:46.721 [Forwarding get on session 94410117eccf211a1ab8ed70bfbff4f1 to remote] DEBUG org.asynchttpclient.netty.request.NettyRequestSender - Using open Channel [id: 0xd04f775c, L:/127.0.0.1:54131 - R:localhost/127.0.0.1:36896] for POST '/session/94410117eccf211a1ab8ed70bfbff4f1/url'
13:18:47.261 [AsyncHttpClient-1-1] DEBUG org.asynchttpclient.netty.channel.DefaultChannelPool - Entry count for : http://localhost:54132 : 1
13:18:47.946 [AsyncHttpClient-1-7] DEBUG org.asynchttpclient.netty.handler.HttpHandler - 

Request DefaultHttpRequest(decodeResult: success, version: HTTP/1.1)
POST /session/94410117eccf211a1ab8ed70bfbff4f1/url HTTP/1.1
User-Agent: selenium/4.12.0 (java windows)
Content-Length: 58
Content-Type: application/json; charset=utf-8
host: localhost:36896
accept: */*

Response DefaultHttpResponse(decodeResult: success, version: HTTP/1.1)
HTTP/1.1 200 OK
Content-Length: 14
Content-Type: application/json; charset=utf-8
cache-control: no-cache

13:18:47.946 [AsyncHttpClient-1-7] DEBUG org.asynchttpclient.netty.channel.ChannelManager - Adding key: http://localhost:36896 for channel [id: 0xd04f775c, L:/127.0.0.1:54131 - R:localhost/127.0.0.1:36896]
13:18:47.949 [Forwarding findElement on session 94410117eccf211a1ab8ed70bfbff4f1 to remote] DEBUG org.asynchttpclient.netty.request.NettyRequestSender - Using pooled Channel '[id: 0xd04f775c, L:/127.0.0.1:54131 - R:localhost/127.0.0.1:36896]' for 'POST' to 'http://localhost:36896/session/94410117eccf211a1ab8ed70bfbff4f1/element'
13:18:47.950 [Forwarding findElement on session 94410117eccf211a1ab8ed70bfbff4f1 to remote] DEBUG org.asynchttpclient.netty.request.NettyRequestSender - Using open Channel [id: 0xd04f775c, L:/127.0.0.1:54131 - R:localhost/127.0.0.1:36896] for POST '/session/94410117eccf211a1ab8ed70bfbff4f1/element'
13:18:47.963 [AsyncHttpClient-1-7] DEBUG org.asynchttpclient.netty.handler.HttpHandler - 

Request DefaultHttpRequest(decodeResult: success, version: HTTP/1.1)
POST /session/94410117eccf211a1ab8ed70bfbff4f1/element HTTP/1.1
User-Agent: selenium/4.12.0 (java windows)
Content-Length: 49
Content-Type: application/json; charset=utf-8
host: localhost:36896
accept: */*

Response DefaultHttpResponse(decodeResult: success, version: HTTP/1.1)
HTTP/1.1 200 OK
Content-Length: 126
Content-Type: application/json; charset=utf-8
cache-control: no-cache

13:18:47.964 [AsyncHttpClient-1-7] DEBUG org.asynchttpclient.netty.channel.ChannelManager - Adding key: http://localhost:36896 for channel [id: 0xd04f775c, L:/127.0.0.1:54131 - R:localhost/127.0.0.1:36896]
13:18:47.966 [Forwarding clickElement on session 94410117eccf211a1ab8ed70bfbff4f1 to remote] DEBUG org.asynchttpclient.netty.request.NettyRequestSender - Using pooled Channel '[id: 0xd04f775c, L:/127.0.0.1:54131 - R:localhost/127.0.0.1:36896]' for 'POST' to 'http://localhost:36896/session/94410117eccf211a1ab8ed70bfbff4f1/element/f.7056FF71DF01F897C412C2DA1E13D067.d.032E97076AADD2E7EC6789009A02522B.e.14/click'
13:18:47.967 [Forwarding clickElement on session 94410117eccf211a1ab8ed70bfbff4f1 to remote] DEBUG org.asynchttpclient.netty.request.NettyRequestSender - Using open Channel [id: 0xd04f775c, L:/127.0.0.1:54131 - R:localhost/127.0.0.1:36896] for POST '/session/94410117eccf211a1ab8ed70bfbff4f1/element/f.7056FF71DF01F897C412C2DA1E13D067.d.032E97076AADD2E7EC6789009A02522B.e.14/click'
13:18:48.086 [AsyncHttpClient-1-7] DEBUG org.asynchttpclient.netty.handler.HttpHandler - 

Request DefaultHttpRequest(decodeResult: success, version: HTTP/1.1)
POST /session/94410117eccf211a1ab8ed70bfbff4f1/element/f.7056FF71DF01F897C412C2DA1E13D067.d.032E97076AADD2E7EC6789009A02522B.e.14/click HTTP/1.1
User-Agent: selenium/4.12.0 (java windows)
Content-Length: 88
Content-Type: application/json; charset=utf-8
host: localhost:36896
accept: */*

Response DefaultHttpResponse(decodeResult: success, version: HTTP/1.1)
HTTP/1.1 200 OK
Content-Length: 14
Content-Type: application/json; charset=utf-8
cache-control: no-cache

13:18:48.086 [AsyncHttpClient-1-7] DEBUG org.asynchttpclient.netty.channel.ChannelManager - Adding key: http://localhost:36896 for channel [id: 0xd04f775c, L:/127.0.0.1:54131 - R:localhost/127.0.0.1:36896]
13:18:48.090 [Forwarding findElement on session 94410117eccf211a1ab8ed70bfbff4f1 to remote] DEBUG org.asynchttpclient.netty.request.NettyRequestSender - Using pooled Channel '[id: 0xd04f775c, L:/127.0.0.1:54131 - R:localhost/127.0.0.1:36896]' for 'POST' to 'http://localhost:36896/session/94410117eccf211a1ab8ed70bfbff4f1/element'
13:18:48.090 [Forwarding findElement on session 94410117eccf211a1ab8ed70bfbff4f1 to remote] DEBUG org.asynchttpclient.netty.request.NettyRequestSender - Using open Channel [id: 0xd04f775c, L:/127.0.0.1:54131 - R:localhost/127.0.0.1:36896] for POST '/session/94410117eccf211a1ab8ed70bfbff4f1/element'
13:18:48.110 [AsyncHttpClient-1-7] DEBUG org.asynchttpclient.netty.handler.HttpHandler - 

Request DefaultHttpRequest(decodeResult: success, version: HTTP/1.1)
POST /session/94410117eccf211a1ab8ed70bfbff4f1/element HTTP/1.1
User-Agent: selenium/4.12.0 (java windows)
Content-Length: 53
Content-Type: application/json; charset=utf-8
host: localhost:36896
accept: */*

Response DefaultHttpResponse(decodeResult: success, version: HTTP/1.1)
HTTP/1.1 200 OK
Content-Length: 126
Content-Type: application/json; charset=utf-8
cache-control: no-cache

13:18:48.111 [AsyncHttpClient-1-7] DEBUG org.asynchttpclient.netty.channel.ChannelManager - Adding key: http://localhost:36896 for channel [id: 0xd04f775c, L:/127.0.0.1:54131 - R:localhost/127.0.0.1:36896]
13:18:48.113 [Forwarding sendKeysToElement on session 94410117eccf211a1ab8ed70bfbff4f1 to remote] DEBUG org.asynchttpclient.netty.request.NettyRequestSender - Using pooled Channel '[id: 0xd04f775c, L:/127.0.0.1:54131 - R:localhost/127.0.0.1:36896]' for 'POST' to 'http://localhost:36896/session/94410117eccf211a1ab8ed70bfbff4f1/element/f.7056FF71DF01F897C412C2DA1E13D067.d.032E97076AADD2E7EC6789009A02522B.e.25/value'
13:18:48.113 [Forwarding sendKeysToElement on session 94410117eccf211a1ab8ed70bfbff4f1 to remote] DEBUG org.asynchttpclient.netty.request.NettyRequestSender - Using open Channel [id: 0xd04f775c, L:/127.0.0.1:54131 - R:localhost/127.0.0.1:36896] for POST '/session/94410117eccf211a1ab8ed70bfbff4f1/element/f.7056FF71DF01F897C412C2DA1E13D067.d.032E97076AADD2E7EC6789009A02522B.e.25/value'
13:18:48.204 [AsyncHttpClient-1-7] DEBUG org.asynchttpclient.netty.handler.HttpHandler - 

Request DefaultHttpRequest(decodeResult: success, version: HTTP/1.1)
POST /session/94410117eccf211a1ab8ed70bfbff4f1/element/f.7056FF71DF01F897C412C2DA1E13D067.d.032E97076AADD2E7EC6789009A02522B.e.25/value HTTP/1.1
User-Agent: selenium/4.12.0 (java windows)
Content-Length: 229
Content-Type: application/json; charset=utf-8
host: localhost:36896
accept: */*

Response DefaultHttpResponse(decodeResult: success, version: HTTP/1.1)
HTTP/1.1 200 OK
Content-Length: 14
Content-Type: application/json; charset=utf-8
cache-control: no-cache

13:18:48.204 [AsyncHttpClient-1-7] DEBUG org.asynchttpclient.netty.channel.ChannelManager - Adding key: http://localhost:36896 for channel [id: 0xd04f775c, L:/127.0.0.1:54131 - R:localhost/127.0.0.1:36896]
13:18:48.205 [Forwarding findElement on session 94410117eccf211a1ab8ed70bfbff4f1 to remote] DEBUG org.asynchttpclient.netty.request.NettyRequestSender - Using pooled Channel '[id: 0xd04f775c, L:/127.0.0.1:54131 - R:localhost/127.0.0.1:36896]' for 'POST' to 'http://localhost:36896/session/94410117eccf211a1ab8ed70bfbff4f1/element'
13:18:48.205 [Forwarding findElement on session 94410117eccf211a1ab8ed70bfbff4f1 to remote] DEBUG org.asynchttpclient.netty.request.NettyRequestSender - Using open Channel [id: 0xd04f775c, L:/127.0.0.1:54131 - R:localhost/127.0.0.1:36896] for POST '/session/94410117eccf211a1ab8ed70bfbff4f1/element'
13:18:48.217 [AsyncHttpClient-1-7] DEBUG org.asynchttpclient.netty.handler.HttpHandler - 

Request DefaultHttpRequest(decodeResult: success, version: HTTP/1.1)
POST /session/94410117eccf211a1ab8ed70bfbff4f1/element HTTP/1.1
User-Agent: selenium/4.12.0 (java windows)
Content-Length: 54
Content-Type: application/json; charset=utf-8
host: localhost:36896
accept: */*

Response DefaultHttpResponse(decodeResult: success, version: HTTP/1.1)
HTTP/1.1 200 OK
Content-Length: 126
Content-Type: application/json; charset=utf-8
cache-control: no-cache

13:18:48.218 [AsyncHttpClient-1-7] DEBUG org.asynchttpclient.netty.channel.ChannelManager - Adding key: http://localhost:36896 for channel [id: 0xd04f775c, L:/127.0.0.1:54131 - R:localhost/127.0.0.1:36896]
13:18:48.221 [Forwarding sendKeysToElement on session 94410117eccf211a1ab8ed70bfbff4f1 to remote] DEBUG org.asynchttpclient.netty.request.NettyRequestSender - Using pooled Channel '[id: 0xd04f775c, L:/127.0.0.1:54131 - R:localhost/127.0.0.1:36896]' for 'POST' to 'http://localhost:36896/session/94410117eccf211a1ab8ed70bfbff4f1/element/f.7056FF71DF01F897C412C2DA1E13D067.d.032E97076AADD2E7EC6789009A02522B.e.28/value'
13:18:48.221 [Forwarding sendKeysToElement on session 94410117eccf211a1ab8ed70bfbff4f1 to remote] DEBUG org.asynchttpclient.netty.request.NettyRequestSender - Using open Channel [id: 0xd04f775c, L:/127.0.0.1:54131 - R:localhost/127.0.0.1:36896] for POST '/session/94410117eccf211a1ab8ed70bfbff4f1/element/f.7056FF71DF01F897C412C2DA1E13D067.d.032E97076AADD2E7EC6789009A02522B.e.28/value'
13:18:48.290 [AsyncHttpClient-1-7] DEBUG org.asynchttpclient.netty.handler.HttpHandler - 

Request DefaultHttpRequest(decodeResult: success, version: HTTP/1.1)
POST /session/94410117eccf211a1ab8ed70bfbff4f1/element/f.7056FF71DF01F897C412C2DA1E13D067.d.032E97076AADD2E7EC6789009A02522B.e.28/value HTTP/1.1
User-Agent: selenium/4.12.0 (java windows)
Content-Length: 159
Content-Type: application/json; charset=utf-8
host: localhost:36896
accept: */*

Response DefaultHttpResponse(decodeResult: success, version: HTTP/1.1)
HTTP/1.1 200 OK
Content-Length: 14
Content-Type: application/json; charset=utf-8
cache-control: no-cache

13:18:48.290 [AsyncHttpClient-1-7] DEBUG org.asynchttpclient.netty.channel.ChannelManager - Adding key: http://localhost:36896 for channel [id: 0xd04f775c, L:/127.0.0.1:54131 - R:localhost/127.0.0.1:36896]
13:18:48.291 [Forwarding findElement on session 94410117eccf211a1ab8ed70bfbff4f1 to remote] DEBUG org.asynchttpclient.netty.request.NettyRequestSender - Using pooled Channel '[id: 0xd04f775c, L:/127.0.0.1:54131 - R:localhost/127.0.0.1:36896]' for 'POST' to 'http://localhost:36896/session/94410117eccf211a1ab8ed70bfbff4f1/element'
13:18:48.292 [Forwarding findElement on session 94410117eccf211a1ab8ed70bfbff4f1 to remote] DEBUG org.asynchttpclient.netty.request.NettyRequestSender - Using open Channel [id: 0xd04f775c, L:/127.0.0.1:54131 - R:localhost/127.0.0.1:36896] for POST '/session/94410117eccf211a1ab8ed70bfbff4f1/element'
13:18:48.318 [AsyncHttpClient-1-7] DEBUG org.asynchttpclient.netty.handler.HttpHandler - 

Request DefaultHttpRequest(decodeResult: success, version: HTTP/1.1)
POST /session/94410117eccf211a1ab8ed70bfbff4f1/element HTTP/1.1
User-Agent: selenium/4.12.0 (java windows)
Content-Length: 53
Content-Type: application/json; charset=utf-8
host: localhost:36896
accept: */*

Response DefaultHttpResponse(decodeResult: success, version: HTTP/1.1)
HTTP/1.1 200 OK
Content-Length: 126
Content-Type: application/json; charset=utf-8
cache-control: no-cache

13:18:48.318 [AsyncHttpClient-1-7] DEBUG org.asynchttpclient.netty.channel.ChannelManager - Adding key: http://localhost:36896 for channel [id: 0xd04f775c, L:/127.0.0.1:54131 - R:localhost/127.0.0.1:36896]
13:18:48.320 [Forwarding sendKeysToElement on session 94410117eccf211a1ab8ed70bfbff4f1 to remote] DEBUG org.asynchttpclient.netty.request.NettyRequestSender - Using pooled Channel '[id: 0xd04f775c, L:/127.0.0.1:54131 - R:localhost/127.0.0.1:36896]' for 'POST' to 'http://localhost:36896/session/94410117eccf211a1ab8ed70bfbff4f1/element/f.7056FF71DF01F897C412C2DA1E13D067.d.032E97076AADD2E7EC6789009A02522B.e.29/value'
13:18:48.320 [Forwarding sendKeysToElement on session 94410117eccf211a1ab8ed70bfbff4f1 to remote] DEBUG org.asynchttpclient.netty.request.NettyRequestSender - Using open Channel [id: 0xd04f775c, L:/127.0.0.1:54131 - R:localhost/127.0.0.1:36896] for POST '/session/94410117eccf211a1ab8ed70bfbff4f1/element/f.7056FF71DF01F897C412C2DA1E13D067.d.032E97076AADD2E7EC6789009A02522B.e.29/value'
13:18:48.363 [AsyncHttpClient-1-1] DEBUG org.asynchttpclient.netty.channel.DefaultChannelPool - Entry count for : http://localhost:54132 : 1
13:18:48.376 [AsyncHttpClient-1-7] DEBUG org.asynchttpclient.netty.handler.HttpHandler - 

Request DefaultHttpRequest(decodeResult: success, version: HTTP/1.1)
POST /session/94410117eccf211a1ab8ed70bfbff4f1/element/f.7056FF71DF01F897C412C2DA1E13D067.d.032E97076AADD2E7EC6789009A02522B.e.29/value HTTP/1.1
User-Agent: selenium/4.12.0 (java windows)
Content-Length: 199
Content-Type: application/json; charset=utf-8
host: localhost:36896
accept: */*

Response DefaultHttpResponse(decodeResult: success, version: HTTP/1.1)
HTTP/1.1 200 OK
Content-Length: 14
Content-Type: application/json; charset=utf-8
cache-control: no-cache

13:18:48.376 [AsyncHttpClient-1-7] DEBUG org.asynchttpclient.netty.channel.ChannelManager - Adding key: http://localhost:36896 for channel [id: 0xd04f775c, L:/127.0.0.1:54131 - R:localhost/127.0.0.1:36896]
13:18:48.377 [Forwarding findElement on session 94410117eccf211a1ab8ed70bfbff4f1 to remote] DEBUG org.asynchttpclient.netty.request.NettyRequestSender - Using pooled Channel '[id: 0xd04f775c, L:/127.0.0.1:54131 - R:localhost/127.0.0.1:36896]' for 'POST' to 'http://localhost:36896/session/94410117eccf211a1ab8ed70bfbff4f1/element'
13:18:48.377 [Forwarding findElement on session 94410117eccf211a1ab8ed70bfbff4f1 to remote] DEBUG org.asynchttpclient.netty.request.NettyRequestSender - Using open Channel [id: 0xd04f775c, L:/127.0.0.1:54131 - R:localhost/127.0.0.1:36896] for POST '/session/94410117eccf211a1ab8ed70bfbff4f1/element'
13:18:48.392 [AsyncHttpClient-1-7] DEBUG org.asynchttpclient.netty.handler.HttpHandler - 

Request DefaultHttpRequest(decodeResult: success, version: HTTP/1.1)
POST /session/94410117eccf211a1ab8ed70bfbff4f1/element HTTP/1.1
User-Agent: selenium/4.12.0 (java windows)
Content-Length: 53
Content-Type: application/json; charset=utf-8
host: localhost:36896
accept: */*

Response DefaultHttpResponse(decodeResult: success, version: HTTP/1.1)
HTTP/1.1 200 OK
Content-Length: 126
Content-Type: application/json; charset=utf-8
cache-control: no-cache

13:18:48.392 [AsyncHttpClient-1-7] DEBUG org.asynchttpclient.netty.channel.ChannelManager - Adding key: http://localhost:36896 for channel [id: 0xd04f775c, L:/127.0.0.1:54131 - R:localhost/127.0.0.1:36896]
13:18:48.395 [Forwarding sendKeysToElement on session 94410117eccf211a1ab8ed70bfbff4f1 to remote] DEBUG org.asynchttpclient.netty.request.NettyRequestSender - Using pooled Channel '[id: 0xd04f775c, L:/127.0.0.1:54131 - R:localhost/127.0.0.1:36896]' for 'POST' to 'http://localhost:36896/session/94410117eccf211a1ab8ed70bfbff4f1/element/f.7056FF71DF01F897C412C2DA1E13D067.d.032E97076AADD2E7EC6789009A02522B.e.15/value'
13:18:48.396 [Forwarding sendKeysToElement on session 94410117eccf211a1ab8ed70bfbff4f1 to remote] DEBUG org.asynchttpclient.netty.request.NettyRequestSender - Using open Channel [id: 0xd04f775c, L:/127.0.0.1:54131 - R:localhost/127.0.0.1:36896] for POST '/session/94410117eccf211a1ab8ed70bfbff4f1/element/f.7056FF71DF01F897C412C2DA1E13D067.d.032E97076AADD2E7EC6789009A02522B.e.15/value'
13:18:48.490 [AsyncHttpClient-1-7] DEBUG org.asynchttpclient.netty.handler.HttpHandler - 

Request DefaultHttpRequest(decodeResult: success, version: HTTP/1.1)
POST /session/94410117eccf211a1ab8ed70bfbff4f1/element/f.7056FF71DF01F897C412C2DA1E13D067.d.032E97076AADD2E7EC6789009A02522B.e.15/value HTTP/1.1
User-Agent: selenium/4.12.0 (java windows)
Content-Length: 149
Content-Type: application/json; charset=utf-8
host: localhost:36896
accept: */*

Response DefaultHttpResponse(decodeResult: success, version: HTTP/1.1)
HTTP/1.1 200 OK
Content-Length: 14
Content-Type: application/json; charset=utf-8
cache-control: no-cache

13:18:48.490 [AsyncHttpClient-1-7] DEBUG org.asynchttpclient.netty.channel.ChannelManager - Adding key: http://localhost:36896 for channel [id: 0xd04f775c, L:/127.0.0.1:54131 - R:localhost/127.0.0.1:36896]
13:18:48.491 [Forwarding findElement on session 94410117eccf211a1ab8ed70bfbff4f1 to remote] DEBUG org.asynchttpclient.netty.request.NettyRequestSender - Using pooled Channel '[id: 0xd04f775c, L:/127.0.0.1:54131 - R:localhost/127.0.0.1:36896]' for 'POST' to 'http://localhost:36896/session/94410117eccf211a1ab8ed70bfbff4f1/element'
13:18:48.491 [Forwarding findElement on session 94410117eccf211a1ab8ed70bfbff4f1 to remote] DEBUG org.asynchttpclient.netty.request.NettyRequestSender - Using open Channel [id: 0xd04f775c, L:/127.0.0.1:54131 - R:localhost/127.0.0.1:36896] for POST '/session/94410117eccf211a1ab8ed70bfbff4f1/element'
13:18:48.504 [AsyncHttpClient-1-7] DEBUG org.asynchttpclient.netty.handler.HttpHandler - 

Request DefaultHttpRequest(decodeResult: success, version: HTTP/1.1)
POST /session/94410117eccf211a1ab8ed70bfbff4f1/element HTTP/1.1
User-Agent: selenium/4.12.0 (java windows)
Content-Length: 60
Content-Type: application/json; charset=utf-8
host: localhost:36896
accept: */*

Response DefaultHttpResponse(decodeResult: success, version: HTTP/1.1)
HTTP/1.1 200 OK
Content-Length: 126
Content-Type: application/json; charset=utf-8
cache-control: no-cache

13:18:48.506 [AsyncHttpClient-1-7] DEBUG org.asynchttpclient.netty.channel.ChannelManager - Adding key: http://localhost:36896 for channel [id: 0xd04f775c, L:/127.0.0.1:54131 - R:localhost/127.0.0.1:36896]
13:18:48.508 [Forwarding sendKeysToElement on session 94410117eccf211a1ab8ed70bfbff4f1 to remote] DEBUG org.asynchttpclient.netty.request.NettyRequestSender - Using pooled Channel '[id: 0xd04f775c, L:/127.0.0.1:54131 - R:localhost/127.0.0.1:36896]' for 'POST' to 'http://localhost:36896/session/94410117eccf211a1ab8ed70bfbff4f1/element/f.7056FF71DF01F897C412C2DA1E13D067.d.032E97076AADD2E7EC6789009A02522B.e.16/value'
13:18:48.508 [Forwarding sendKeysToElement on session 94410117eccf211a1ab8ed70bfbff4f1 to remote] DEBUG org.asynchttpclient.netty.request.NettyRequestSender - Using open Channel [id: 0xd04f775c, L:/127.0.0.1:54131 - R:localhost/127.0.0.1:36896] for POST '/session/94410117eccf211a1ab8ed70bfbff4f1/element/f.7056FF71DF01F897C412C2DA1E13D067.d.032E97076AADD2E7EC6789009A02522B.e.16/value'
13:18:48.570 [AsyncHttpClient-1-7] DEBUG org.asynchttpclient.netty.handler.HttpHandler - 

Request DefaultHttpRequest(decodeResult: success, version: HTTP/1.1)
POST /session/94410117eccf211a1ab8ed70bfbff4f1/element/f.7056FF71DF01F897C412C2DA1E13D067.d.032E97076AADD2E7EC6789009A02522B.e.16/value HTTP/1.1
User-Agent: selenium/4.12.0 (java windows)
Content-Length: 149
Content-Type: application/json; charset=utf-8
host: localhost:36896
accept: */*

Response DefaultHttpResponse(decodeResult: success, version: HTTP/1.1)
HTTP/1.1 200 OK
Content-Length: 14
Content-Type: application/json; charset=utf-8
cache-control: no-cache

13:18:48.570 [AsyncHttpClient-1-7] DEBUG org.asynchttpclient.netty.channel.ChannelManager - Adding key: http://localhost:36896 for channel [id: 0xd04f775c, L:/127.0.0.1:54131 - R:localhost/127.0.0.1:36896]
13:18:48.572 [Forwarding findElement on session 94410117eccf211a1ab8ed70bfbff4f1 to remote] DEBUG org.asynchttpclient.netty.request.NettyRequestSender - Using pooled Channel '[id: 0xd04f775c, L:/127.0.0.1:54131 - R:localhost/127.0.0.1:36896]' for 'POST' to 'http://localhost:36896/session/94410117eccf211a1ab8ed70bfbff4f1/element'
13:18:48.572 [Forwarding findElement on session 94410117eccf211a1ab8ed70bfbff4f1 to remote] DEBUG org.asynchttpclient.netty.request.NettyRequestSender - Using open Channel [id: 0xd04f775c, L:/127.0.0.1:54131 - R:localhost/127.0.0.1:36896] for POST '/session/94410117eccf211a1ab8ed70bfbff4f1/element'
13:18:48.584 [AsyncHttpClient-1-7] DEBUG org.asynchttpclient.netty.handler.HttpHandler - 

Request DefaultHttpRequest(decodeResult: success, version: HTTP/1.1)
POST /session/94410117eccf211a1ab8ed70bfbff4f1/element HTTP/1.1
User-Agent: selenium/4.12.0 (java windows)
Content-Length: 65
Content-Type: application/json; charset=utf-8
host: localhost:36896
accept: */*

Response DefaultHttpResponse(decodeResult: success, version: HTTP/1.1)
HTTP/1.1 200 OK
Content-Length: 125
Content-Type: application/json; charset=utf-8
cache-control: no-cache

13:18:48.585 [AsyncHttpClient-1-7] DEBUG org.asynchttpclient.netty.channel.ChannelManager - Adding key: http://localhost:36896 for channel [id: 0xd04f775c, L:/127.0.0.1:54131 - R:localhost/127.0.0.1:36896]
13:18:48.588 [Forwarding clickElement on session 94410117eccf211a1ab8ed70bfbff4f1 to remote] DEBUG org.asynchttpclient.netty.request.NettyRequestSender - Using pooled Channel '[id: 0xd04f775c, L:/127.0.0.1:54131 - R:localhost/127.0.0.1:36896]' for 'POST' to 'http://localhost:36896/session/94410117eccf211a1ab8ed70bfbff4f1/element/f.7056FF71DF01F897C412C2DA1E13D067.d.032E97076AADD2E7EC6789009A02522B.e.7/click'
13:18:48.588 [Forwarding clickElement on session 94410117eccf211a1ab8ed70bfbff4f1 to remote] DEBUG org.asynchttpclient.netty.request.NettyRequestSender - Using open Channel [id: 0xd04f775c, L:/127.0.0.1:54131 - R:localhost/127.0.0.1:36896] for POST '/session/94410117eccf211a1ab8ed70bfbff4f1/element/f.7056FF71DF01F897C412C2DA1E13D067.d.032E97076AADD2E7EC6789009A02522B.e.7/click'
13:18:48.677 [AsyncHttpClient-1-7] DEBUG org.asynchttpclient.netty.handler.HttpHandler - 

Request DefaultHttpRequest(decodeResult: success, version: HTTP/1.1)
POST /session/94410117eccf211a1ab8ed70bfbff4f1/element/f.7056FF71DF01F897C412C2DA1E13D067.d.032E97076AADD2E7EC6789009A02522B.e.7/click HTTP/1.1
User-Agent: selenium/4.12.0 (java windows)
Content-Length: 87
Content-Type: application/json; charset=utf-8
host: localhost:36896
accept: */*

Response DefaultHttpResponse(decodeResult: success, version: HTTP/1.1)
HTTP/1.1 200 OK
Content-Length: 14
Content-Type: application/json; charset=utf-8
cache-control: no-cache

13:18:48.678 [AsyncHttpClient-1-7] DEBUG org.asynchttpclient.netty.channel.ChannelManager - Adding key: http://localhost:36896 for channel [id: 0xd04f775c, L:/127.0.0.1:54131 - R:localhost/127.0.0.1:36896]
13:18:48.679 [Forwarding getPageSource on session 94410117eccf211a1ab8ed70bfbff4f1 to remote] DEBUG org.asynchttpclient.netty.request.NettyRequestSender - Using pooled Channel '[id: 0xd04f775c, L:/127.0.0.1:54131 - R:localhost/127.0.0.1:36896]' for 'POST' to 'http://localhost:36896/session/94410117eccf211a1ab8ed70bfbff4f1/execute/sync'
13:18:48.679 [Forwarding getPageSource on session 94410117eccf211a1ab8ed70bfbff4f1 to remote] DEBUG org.asynchttpclient.netty.request.NettyRequestSender - Using open Channel [id: 0xd04f775c, L:/127.0.0.1:54131 - R:localhost/127.0.0.1:36896] for POST '/session/94410117eccf211a1ab8ed70bfbff4f1/execute/sync'
13:18:48.709 [AsyncHttpClient-1-7] DEBUG org.asynchttpclient.netty.handler.HttpHandler - 

Request DefaultHttpRequest(decodeResult: success, version: HTTP/1.1)
POST /session/94410117eccf211a1ab8ed70bfbff4f1/execute/sync HTTP/1.1
User-Agent: selenium/4.12.0 (java windows)
Content-Length: 176
Content-Type: application/json; charset=utf-8
host: localhost:36896
accept: */*

Response DefaultHttpResponse(decodeResult: success, version: HTTP/1.1)
HTTP/1.1 200 OK
Content-Length: 7571
Content-Type: application/json; charset=utf-8
cache-control: no-cache

13:18:48.712 [AsyncHttpClient-1-7] DEBUG org.asynchttpclient.netty.channel.ChannelManager - Adding key: http://localhost:36896 for channel [id: 0xd04f775c, L:/127.0.0.1:54131 - R:localhost/127.0.0.1:36896]
]]></system-out>
    <system-err><![CDATA[Jan 02, 2025 1:18:46 PM org.openqa.selenium.devtools.CdpVersionFinder findNearestMatch
WARNING: Unable to find CDP implementation matching 131
Jan 02, 2025 1:18:46 PM org.openqa.selenium.chromium.ChromiumDriver lambda$new$5
WARNING: Unable to find version of CDP to use for 131.0.6778.205. You may need to include a dependency on a specific version of the CDP using something similar to `org.seleniumhq.selenium:selenium-devtools-v86:4.12.0` where the version ("v86") matches the version of the chromium-based browser you're using and the version number of the artifact is the same as Selenium's.
]]></system-err>
  </testcase>
</testsuite>