<?xml version="1.0" encoding="UTF-8"?>
<testsuite xmlns:xsi="http://www.w3.org/2001/XMLSchema-instance" xsi:noNamespaceSchemaLocation="https://maven.apache.org/surefire/maven-surefire-plugin/xsd/surefire-test-report-3.0.xsd" version="3.0" name="TestSuite" time="38.486" tests="29" errors="0" skipped="0" failures="20">
  <properties>
    <property name="java.specification.version" value="17"/>
    <property name="webdriver.chrome.driver" value="C:\Users\sasitharan\.cache\selenium\chromedriver\win64\131.0.6778.204\chromedriver.exe"/>
    <property name="sun.cpu.isalist" value="amd64"/>
    <property name="sun.jnu.encoding" value="Cp1252"/>
    <property name="java.class.path" value="H:\Group_01_GitRepository\target\test-classes;H:\Group_01_GitRepository\target\classes;C:\Users\sasitharan\.m2\repository\io\rest-assured\rest-assured\5.4.0\rest-assured-5.4.0.jar;C:\Users\sasitharan\.m2\repository\org\apache\groovy\groovy\4.0.16\groovy-4.0.16.jar;C:\Users\sasitharan\.m2\repository\org\apache\groovy\groovy-xml\4.0.16\groovy-xml-4.0.16.jar;C:\Users\sasitharan\.m2\repository\org\apache\httpcomponents\httpclient\4.5.13\httpclient-4.5.13.jar;C:\Users\sasitharan\.m2\repository\org\apache\httpcomponents\httpcore\4.4.13\httpcore-4.4.13.jar;C:\Users\sasitharan\.m2\repository\commons-logging\commons-logging\1.2\commons-logging-1.2.jar;C:\Users\sasitharan\.m2\repository\commons-codec\commons-codec\1.11\commons-codec-1.11.jar;C:\Users\sasitharan\.m2\repository\org\apache\httpcomponents\httpmime\4.5.13\httpmime-4.5.13.jar;C:\Users\sasitharan\.m2\repository\org\hamcrest\hamcrest\2.2\hamcrest-2.2.jar;C:\Users\sasitharan\.m2\repository\org\ccil\cowan\tagsoup\tagsoup\1.2.1\tagsoup-1.2.1.jar;C:\Users\sasitharan\.m2\repository\io\rest-assured\json-path\5.4.0\json-path-5.4.0.jar;C:\Users\sasitharan\.m2\repository\org\apache\groovy\groovy-json\4.0.16\groovy-json-4.0.16.jar;C:\Users\sasitharan\.m2\repository\io\rest-assured\rest-assured-common\5.4.0\rest-assured-common-5.4.0.jar;C:\Users\sasitharan\.m2\repository\io\rest-assured\xml-path\5.4.0\xml-path-5.4.0.jar;C:\Users\sasitharan\.m2\repository\ch\qos\logback\logback-classic\1.4.11\logback-classic-1.4.11.jar;C:\Users\sasitharan\.m2\repository\ch\qos\logback\logback-core\1.4.11\logback-core-1.4.11.jar;C:\Users\sasitharan\.m2\repository\org\slf4j\slf4j-api\2.0.7\slf4j-api-2.0.7.jar;C:\Users\sasitharan\.m2\repository\org\testng\testng\7.7.0\testng-7.7.0.jar;C:\Users\sasitharan\.m2\repository\com\beust\jcommander\1.82\jcommander-1.82.jar;C:\Users\sasitharan\.m2\repository\org\webjars\jquery\3.6.1\jquery-3.6.1.jar;C:\Users\sasitharan\.m2\repository\com\fasterxml\jackson\core\jackson-databind\2.15.2\jackson-databind-2.15.2.jar;C:\Users\sasitharan\.m2\repository\com\fasterxml\jackson\core\jackson-annotations\2.15.2\jackson-annotations-2.15.2.jar;C:\Users\sasitharan\.m2\repository\com\fasterxml\jackson\core\jackson-core\2.15.2\jackson-core-2.15.2.jar;C:\Users\sasitharan\.m2\repository\org\apache\logging\log4j\log4j-api\2.14.1\log4j-api-2.14.1.jar;C:\Users\sasitharan\.m2\repository\org\apache\httpcomponents\client5\httpclient5\5.2.1\httpclient5-5.2.1.jar;C:\Users\sasitharan\.m2\repository\org\apache\httpcomponents\core5\httpcore5\5.2\httpcore5-5.2.jar;C:\Users\sasitharan\.m2\repository\org\apache\httpcomponents\core5\httpcore5-h2\5.2\httpcore5-h2-5.2.jar;C:\Users\sasitharan\.m2\repository\org\seleniumhq\selenium\selenium-java\4.12.0\selenium-java-4.12.0.jar;C:\Users\sasitharan\.m2\repository\org\seleniumhq\selenium\selenium-api\4.12.0\selenium-api-4.12.0.jar;C:\Users\sasitharan\.m2\repository\org\seleniumhq\selenium\selenium-chrome-driver\4.12.0\selenium-chrome-driver-4.12.0.jar;C:\Users\sasitharan\.m2\repository\com\google\auto\service\auto-service-annotations\1.1.1\auto-service-annotations-1.1.1.jar;C:\Users\sasitharan\.m2\repository\com\google\guava\guava\32.1.2-jre\guava-32.1.2-jre.jar;C:\Users\sasitharan\.m2\repository\com\google\guava\failureaccess\1.0.1\failureaccess-1.0.1.jar;C:\Users\sasitharan\.m2\repository\com\google\guava\listenablefuture\9999.0-empty-to-avoid-conflict-with-guava\listenablefuture-9999.0-empty-to-avoid-conflict-with-guava.jar;C:\Users\sasitharan\.m2\repository\com\google\code\findbugs\jsr305\3.0.2\jsr305-3.0.2.jar;C:\Users\sasitharan\.m2\repository\org\checkerframework\checker-qual\3.33.0\checker-qual-3.33.0.jar;C:\Users\sasitharan\.m2\repository\com\google\errorprone\error_prone_annotations\2.18.0\error_prone_annotations-2.18.0.jar;C:\Users\sasitharan\.m2\repository\com\google\j2objc\j2objc-annotations\2.8\j2objc-annotations-2.8.jar;C:\Users\sasitharan\.m2\repository\org\seleniumhq\selenium\selenium-chromium-driver\4.12.0\selenium-chromium-driver-4.12.0.jar;C:\Users\sasitharan\.m2\repository\org\seleniumhq\selenium\selenium-json\4.12.0\selenium-json-4.12.0.jar;C:\Users\sasitharan\.m2\repository\org\seleniumhq\selenium\selenium-manager\4.12.0\selenium-manager-4.12.0.jar;C:\Users\sasitharan\.m2\repository\org\seleniumhq\selenium\selenium-devtools-v114\4.12.0\selenium-devtools-v114-4.12.0.jar;C:\Users\sasitharan\.m2\repository\org\seleniumhq\selenium\selenium-devtools-v115\4.12.0\selenium-devtools-v115-4.12.0.jar;C:\Users\sasitharan\.m2\repository\org\seleniumhq\selenium\selenium-devtools-v116\4.12.0\selenium-devtools-v116-4.12.0.jar;C:\Users\sasitharan\.m2\repository\org\seleniumhq\selenium\selenium-devtools-v85\4.12.0\selenium-devtools-v85-4.12.0.jar;C:\Users\sasitharan\.m2\repository\org\seleniumhq\selenium\selenium-edge-driver\4.12.0\selenium-edge-driver-4.12.0.jar;C:\Users\sasitharan\.m2\repository\org\seleniumhq\selenium\selenium-firefox-driver\4.12.0\selenium-firefox-driver-4.12.0.jar;C:\Users\sasitharan\.m2\repository\org\seleniumhq\selenium\selenium-http\4.12.0\selenium-http-4.12.0.jar;C:\Users\sasitharan\.m2\repository\dev\failsafe\failsafe\3.3.2\failsafe-3.3.2.jar;C:\Users\sasitharan\.m2\repository\org\seleniumhq\selenium\selenium-ie-driver\4.12.0\selenium-ie-driver-4.12.0.jar;C:\Users\sasitharan\.m2\repository\org\seleniumhq\selenium\selenium-remote-driver\4.12.0\selenium-remote-driver-4.12.0.jar;C:\Users\sasitharan\.m2\repository\io\netty\netty-buffer\4.1.96.Final\netty-buffer-4.1.96.Final.jar;C:\Users\sasitharan\.m2\repository\io\netty\netty-codec-http\4.1.96.Final\netty-codec-http-4.1.96.Final.jar;C:\Users\sasitharan\.m2\repository\io\netty\netty-codec\4.1.96.Final\netty-codec-4.1.96.Final.jar;C:\Users\sasitharan\.m2\repository\io\netty\netty-handler\4.1.96.Final\netty-handler-4.1.96.Final.jar;C:\Users\sasitharan\.m2\repository\io\netty\netty-common\4.1.96.Final\netty-common-4.1.96.Final.jar;C:\Users\sasitharan\.m2\repository\io\netty\netty-transport-classes-epoll\4.1.96.Final\netty-transport-classes-epoll-4.1.96.Final.jar;C:\Users\sasitharan\.m2\repository\io\netty\netty-transport-classes-kqueue\4.1.96.Final\netty-transport-classes-kqueue-4.1.96.Final.jar;C:\Users\sasitharan\.m2\repository\io\netty\netty-transport-native-epoll\4.1.96.Final\netty-transport-native-epoll-4.1.96.Final.jar;C:\Users\sasitharan\.m2\repository\io\netty\netty-transport-native-kqueue\4.1.96.Final\netty-transport-native-kqueue-4.1.96.Final.jar;C:\Users\sasitharan\.m2\repository\io\netty\netty-transport-native-unix-common\4.1.96.Final\netty-transport-native-unix-common-4.1.96.Final.jar;C:\Users\sasitharan\.m2\repository\io\netty\netty-transport\4.1.96.Final\netty-transport-4.1.96.Final.jar;C:\Users\sasitharan\.m2\repository\io\netty\netty-resolver\4.1.96.Final\netty-resolver-4.1.96.Final.jar;C:\Users\sasitharan\.m2\repository\io\opentelemetry\opentelemetry-api\1.28.0\opentelemetry-api-1.28.0.jar;C:\Users\sasitharan\.m2\repository\io\opentelemetry\opentelemetry-context\1.28.0\opentelemetry-context-1.28.0.jar;C:\Users\sasitharan\.m2\repository\io\opentelemetry\opentelemetry-exporter-logging\1.28.0\opentelemetry-exporter-logging-1.28.0.jar;C:\Users\sasitharan\.m2\repository\io\opentelemetry\opentelemetry-sdk-metrics\1.28.0\opentelemetry-sdk-metrics-1.28.0.jar;C:\Users\sasitharan\.m2\repository\io\opentelemetry\opentelemetry-extension-incubator\1.28.0-alpha\opentelemetry-extension-incubator-1.28.0-alpha.jar;C:\Users\sasitharan\.m2\repository\io\opentelemetry\opentelemetry-sdk-logs\1.28.0\opentelemetry-sdk-logs-1.28.0.jar;C:\Users\sasitharan\.m2\repository\io\opentelemetry\opentelemetry-sdk-common\1.28.0\opentelemetry-sdk-common-1.28.0.jar;C:\Users\sasitharan\.m2\repository\io\opentelemetry\opentelemetry-sdk-extension-autoconfigure-spi\1.28.0\opentelemetry-sdk-extension-autoconfigure-spi-1.28.0.jar;C:\Users\sasitharan\.m2\repository\io\opentelemetry\opentelemetry-sdk-extension-autoconfigure\1.28.0\opentelemetry-sdk-extension-autoconfigure-1.28.0.jar;C:\Users\sasitharan\.m2\repository\io\opentelemetry\opentelemetry-api-events\1.28.0-alpha\opentelemetry-api-events-1.28.0-alpha.jar;C:\Users\sasitharan\.m2\repository\io\opentelemetry\opentelemetry-sdk-trace\1.28.0\opentelemetry-sdk-trace-1.28.0.jar;C:\Users\sasitharan\.m2\repository\io\opentelemetry\opentelemetry-sdk\1.28.0\opentelemetry-sdk-1.28.0.jar;C:\Users\sasitharan\.m2\repository\io\opentelemetry\opentelemetry-semconv\1.28.0-alpha\opentelemetry-semconv-1.28.0-alpha.jar;C:\Users\sasitharan\.m2\repository\net\bytebuddy\byte-buddy\1.14.5\byte-buddy-1.14.5.jar;C:\Users\sasitharan\.m2\repository\org\asynchttpclient\async-http-client\2.12.3\async-http-client-2.12.3.jar;C:\Users\sasitharan\.m2\repository\org\asynchttpclient\async-http-client-netty-utils\2.12.3\async-http-client-netty-utils-2.12.3.jar;C:\Users\sasitharan\.m2\repository\io\netty\netty-codec-socks\4.1.60.Final\netty-codec-socks-4.1.60.Final.jar;C:\Users\sasitharan\.m2\repository\io\netty\netty-handler-proxy\4.1.60.Final\netty-handler-proxy-4.1.60.Final.jar;C:\Users\sasitharan\.m2\repository\io\netty\netty-transport-native-epoll\4.1.60.Final\netty-transport-native-epoll-4.1.60.Final-linux-x86_64.jar;C:\Users\sasitharan\.m2\repository\io\netty\netty-transport-native-kqueue\4.1.60.Final\netty-transport-native-kqueue-4.1.60.Final-osx-x86_64.jar;C:\Users\sasitharan\.m2\repository\org\reactivestreams\reactive-streams\1.0.3\reactive-streams-1.0.3.jar;C:\Users\sasitharan\.m2\repository\com\typesafe\netty\netty-reactive-streams\2.0.4\netty-reactive-streams-2.0.4.jar;C:\Users\sasitharan\.m2\repository\com\sun\activation\jakarta.activation\1.2.2\jakarta.activation-1.2.2.jar;C:\Users\sasitharan\.m2\repository\org\seleniumhq\selenium\selenium-os\4.12.0\selenium-os-4.12.0.jar;C:\Users\sasitharan\.m2\repository\org\apache\commons\commons-exec\1.3\commons-exec-1.3.jar;C:\Users\sasitharan\.m2\repository\org\seleniumhq\selenium\selenium-safari-driver\4.12.0\selenium-safari-driver-4.12.0.jar;C:\Users\sasitharan\.m2\repository\org\seleniumhq\selenium\selenium-support\4.12.0\selenium-support-4.12.0.jar;C:\Users\sasitharan\.m2\repository\io\github\bonigarcia\webdrivermanager\5.5.3\webdrivermanager-5.5.3.jar;C:\Users\sasitharan\.m2\repository\com\google\code\gson\gson\2.10.1\gson-2.10.1.jar;C:\Users\sasitharan\.m2\repository\com\github\docker-java\docker-java\3.3.3\docker-java-3.3.3.jar;C:\Users\sasitharan\.m2\repository\com\github\docker-java\docker-java-core\3.3.3\docker-java-core-3.3.3.jar;C:\Users\sasitharan\.m2\repository\com\github\docker-java\docker-java-api\3.3.3\docker-java-api-3.3.3.jar;C:\Users\sasitharan\.m2\repository\commons-io\commons-io\2.6\commons-io-2.6.jar;C:\Users\sasitharan\.m2\repository\org\apache\commons\commons-compress\1.21\commons-compress-1.21.jar;C:\Users\sasitharan\.m2\repository\org\bouncycastle\bcpkix-jdk18on\1.75\bcpkix-jdk18on-1.75.jar;C:\Users\sasitharan\.m2\repository\org\bouncycastle\bcprov-jdk18on\1.75\bcprov-jdk18on-1.75.jar;C:\Users\sasitharan\.m2\repository\org\bouncycastle\bcutil-jdk18on\1.75\bcutil-jdk18on-1.75.jar;C:\Users\sasitharan\.m2\repository\org\slf4j\jcl-over-slf4j\1.7.30\jcl-over-slf4j-1.7.30.jar;C:\Users\sasitharan\.m2\repository\com\github\docker-java\docker-java-transport-httpclient5\3.3.3\docker-java-transport-httpclient5-3.3.3.jar;C:\Users\sasitharan\.m2\repository\com\github\docker-java\docker-java-transport\3.3.3\docker-java-transport-3.3.3.jar;C:\Users\sasitharan\.m2\repository\net\java\dev\jna\jna\5.12.1\jna-5.12.1.jar;C:\Users\sasitharan\.m2\repository\org\brotli\dec\0.1.2\dec-0.1.2.jar;C:\Users\sasitharan\.m2\repository\org\apache\commons\commons-lang3\3.13.0\commons-lang3-3.13.0.jar;C:\Users\sasitharan\.m2\repository\io\qameta\allure\allure-testng\2.29.1\allure-testng-2.29.1.jar;C:\Users\sasitharan\.m2\repository\io\qameta\allure\allure-java-commons\2.29.1\allure-java-commons-2.29.1.jar;C:\Users\sasitharan\.m2\repository\io\qameta\allure\allure-model\2.29.1\allure-model-2.29.1.jar;C:\Users\sasitharan\.m2\repository\io\qameta\allure\allure-test-filter\2.29.1\allure-test-filter-2.29.1.jar;"/>
    <property name="java.vm.vendor" value="Oracle Corporation"/>
    <property name="sun.arch.data.model" value="64"/>
    <property name="user.variant" value=""/>
    <property name="java.vendor.url" value="https://java.oracle.com/"/>
    <property name="user.timezone" value="Asia/Colombo"/>
    <property name="os.name" value="Windows 11"/>
    <property name="java.vm.specification.version" value="17"/>
    <property name="sun.java.launcher" value="SUN_STANDARD"/>
    <property name="user.country" value="US"/>
    <property name="sun.boot.library.path" value="C:\Program Files\Java\jdk-17\bin"/>
    <property name="sun.java.command" value="C:\Users\sasitharan\AppData\Local\Temp\surefire2709010754515681202\surefirebooter-20250102160930296_3.jar C:\Users\sasitharan\AppData\Local\Temp\surefire2709010754515681202 2025-01-02T16-09-29_993-jvmRun1 surefire-20250102160930296_1tmp surefire_0-20250102160930296_2tmp"/>
    <property name="jdk.debug" value="release"/>
    <property name="surefire.test.class.path" value="H:\Group_01_GitRepository\target\test-classes;H:\Group_01_GitRepository\target\classes;C:\Users\sasitharan\.m2\repository\io\rest-assured\rest-assured\5.4.0\rest-assured-5.4.0.jar;C:\Users\sasitharan\.m2\repository\org\apache\groovy\groovy\4.0.16\groovy-4.0.16.jar;C:\Users\sasitharan\.m2\repository\org\apache\groovy\groovy-xml\4.0.16\groovy-xml-4.0.16.jar;C:\Users\sasitharan\.m2\repository\org\apache\httpcomponents\httpclient\4.5.13\httpclient-4.5.13.jar;C:\Users\sasitharan\.m2\repository\org\apache\httpcomponents\httpcore\4.4.13\httpcore-4.4.13.jar;C:\Users\sasitharan\.m2\repository\commons-logging\commons-logging\1.2\commons-logging-1.2.jar;C:\Users\sasitharan\.m2\repository\commons-codec\commons-codec\1.11\commons-codec-1.11.jar;C:\Users\sasitharan\.m2\repository\org\apache\httpcomponents\httpmime\4.5.13\httpmime-4.5.13.jar;C:\Users\sasitharan\.m2\repository\org\hamcrest\hamcrest\2.2\hamcrest-2.2.jar;C:\Users\sasitharan\.m2\repository\org\ccil\cowan\tagsoup\tagsoup\1.2.1\tagsoup-1.2.1.jar;C:\Users\sasitharan\.m2\repository\io\rest-assured\json-path\5.4.0\json-path-5.4.0.jar;C:\Users\sasitharan\.m2\repository\org\apache\groovy\groovy-json\4.0.16\groovy-json-4.0.16.jar;C:\Users\sasitharan\.m2\repository\io\rest-assured\rest-assured-common\5.4.0\rest-assured-common-5.4.0.jar;C:\Users\sasitharan\.m2\repository\io\rest-assured\xml-path\5.4.0\xml-path-5.4.0.jar;C:\Users\sasitharan\.m2\repository\ch\qos\logback\logback-classic\1.4.11\logback-classic-1.4.11.jar;C:\Users\sasitharan\.m2\repository\ch\qos\logback\logback-core\1.4.11\logback-core-1.4.11.jar;C:\Users\sasitharan\.m2\repository\org\slf4j\slf4j-api\2.0.7\slf4j-api-2.0.7.jar;C:\Users\sasitharan\.m2\repository\org\testng\testng\7.7.0\testng-7.7.0.jar;C:\Users\sasitharan\.m2\repository\com\beust\jcommander\1.82\jcommander-1.82.jar;C:\Users\sasitharan\.m2\repository\org\webjars\jquery\3.6.1\jquery-3.6.1.jar;C:\Users\sasitharan\.m2\repository\com\fasterxml\jackson\core\jackson-databind\2.15.2\jackson-databind-2.15.2.jar;C:\Users\sasitharan\.m2\repository\com\fasterxml\jackson\core\jackson-annotations\2.15.2\jackson-annotations-2.15.2.jar;C:\Users\sasitharan\.m2\repository\com\fasterxml\jackson\core\jackson-core\2.15.2\jackson-core-2.15.2.jar;C:\Users\sasitharan\.m2\repository\org\apache\logging\log4j\log4j-api\2.14.1\log4j-api-2.14.1.jar;C:\Users\sasitharan\.m2\repository\org\apache\httpcomponents\client5\httpclient5\5.2.1\httpclient5-5.2.1.jar;C:\Users\sasitharan\.m2\repository\org\apache\httpcomponents\core5\httpcore5\5.2\httpcore5-5.2.jar;C:\Users\sasitharan\.m2\repository\org\apache\httpcomponents\core5\httpcore5-h2\5.2\httpcore5-h2-5.2.jar;C:\Users\sasitharan\.m2\repository\org\seleniumhq\selenium\selenium-java\4.12.0\selenium-java-4.12.0.jar;C:\Users\sasitharan\.m2\repository\org\seleniumhq\selenium\selenium-api\4.12.0\selenium-api-4.12.0.jar;C:\Users\sasitharan\.m2\repository\org\seleniumhq\selenium\selenium-chrome-driver\4.12.0\selenium-chrome-driver-4.12.0.jar;C:\Users\sasitharan\.m2\repository\com\google\auto\service\auto-service-annotations\1.1.1\auto-service-annotations-1.1.1.jar;C:\Users\sasitharan\.m2\repository\com\google\guava\guava\32.1.2-jre\guava-32.1.2-jre.jar;C:\Users\sasitharan\.m2\repository\com\google\guava\failureaccess\1.0.1\failureaccess-1.0.1.jar;C:\Users\sasitharan\.m2\repository\com\google\guava\listenablefuture\9999.0-empty-to-avoid-conflict-with-guava\listenablefuture-9999.0-empty-to-avoid-conflict-with-guava.jar;C:\Users\sasitharan\.m2\repository\com\google\code\findbugs\jsr305\3.0.2\jsr305-3.0.2.jar;C:\Users\sasitharan\.m2\repository\org\checkerframework\checker-qual\3.33.0\checker-qual-3.33.0.jar;C:\Users\sasitharan\.m2\repository\com\google\errorprone\error_prone_annotations\2.18.0\error_prone_annotations-2.18.0.jar;C:\Users\sasitharan\.m2\repository\com\google\j2objc\j2objc-annotations\2.8\j2objc-annotations-2.8.jar;C:\Users\sasitharan\.m2\repository\org\seleniumhq\selenium\selenium-chromium-driver\4.12.0\selenium-chromium-driver-4.12.0.jar;C:\Users\sasitharan\.m2\repository\org\seleniumhq\selenium\selenium-json\4.12.0\selenium-json-4.12.0.jar;C:\Users\sasitharan\.m2\repository\org\seleniumhq\selenium\selenium-manager\4.12.0\selenium-manager-4.12.0.jar;C:\Users\sasitharan\.m2\repository\org\seleniumhq\selenium\selenium-devtools-v114\4.12.0\selenium-devtools-v114-4.12.0.jar;C:\Users\sasitharan\.m2\repository\org\seleniumhq\selenium\selenium-devtools-v115\4.12.0\selenium-devtools-v115-4.12.0.jar;C:\Users\sasitharan\.m2\repository\org\seleniumhq\selenium\selenium-devtools-v116\4.12.0\selenium-devtools-v116-4.12.0.jar;C:\Users\sasitharan\.m2\repository\org\seleniumhq\selenium\selenium-devtools-v85\4.12.0\selenium-devtools-v85-4.12.0.jar;C:\Users\sasitharan\.m2\repository\org\seleniumhq\selenium\selenium-edge-driver\4.12.0\selenium-edge-driver-4.12.0.jar;C:\Users\sasitharan\.m2\repository\org\seleniumhq\selenium\selenium-firefox-driver\4.12.0\selenium-firefox-driver-4.12.0.jar;C:\Users\sasitharan\.m2\repository\org\seleniumhq\selenium\selenium-http\4.12.0\selenium-http-4.12.0.jar;C:\Users\sasitharan\.m2\repository\dev\failsafe\failsafe\3.3.2\failsafe-3.3.2.jar;C:\Users\sasitharan\.m2\repository\org\seleniumhq\selenium\selenium-ie-driver\4.12.0\selenium-ie-driver-4.12.0.jar;C:\Users\sasitharan\.m2\repository\org\seleniumhq\selenium\selenium-remote-driver\4.12.0\selenium-remote-driver-4.12.0.jar;C:\Users\sasitharan\.m2\repository\io\netty\netty-buffer\4.1.96.Final\netty-buffer-4.1.96.Final.jar;C:\Users\sasitharan\.m2\repository\io\netty\netty-codec-http\4.1.96.Final\netty-codec-http-4.1.96.Final.jar;C:\Users\sasitharan\.m2\repository\io\netty\netty-codec\4.1.96.Final\netty-codec-4.1.96.Final.jar;C:\Users\sasitharan\.m2\repository\io\netty\netty-handler\4.1.96.Final\netty-handler-4.1.96.Final.jar;C:\Users\sasitharan\.m2\repository\io\netty\netty-common\4.1.96.Final\netty-common-4.1.96.Final.jar;C:\Users\sasitharan\.m2\repository\io\netty\netty-transport-classes-epoll\4.1.96.Final\netty-transport-classes-epoll-4.1.96.Final.jar;C:\Users\sasitharan\.m2\repository\io\netty\netty-transport-classes-kqueue\4.1.96.Final\netty-transport-classes-kqueue-4.1.96.Final.jar;C:\Users\sasitharan\.m2\repository\io\netty\netty-transport-native-epoll\4.1.96.Final\netty-transport-native-epoll-4.1.96.Final.jar;C:\Users\sasitharan\.m2\repository\io\netty\netty-transport-native-kqueue\4.1.96.Final\netty-transport-native-kqueue-4.1.96.Final.jar;C:\Users\sasitharan\.m2\repository\io\netty\netty-transport-native-unix-common\4.1.96.Final\netty-transport-native-unix-common-4.1.96.Final.jar;C:\Users\sasitharan\.m2\repository\io\netty\netty-transport\4.1.96.Final\netty-transport-4.1.96.Final.jar;C:\Users\sasitharan\.m2\repository\io\netty\netty-resolver\4.1.96.Final\netty-resolver-4.1.96.Final.jar;C:\Users\sasitharan\.m2\repository\io\opentelemetry\opentelemetry-api\1.28.0\opentelemetry-api-1.28.0.jar;C:\Users\sasitharan\.m2\repository\io\opentelemetry\opentelemetry-context\1.28.0\opentelemetry-context-1.28.0.jar;C:\Users\sasitharan\.m2\repository\io\opentelemetry\opentelemetry-exporter-logging\1.28.0\opentelemetry-exporter-logging-1.28.0.jar;C:\Users\sasitharan\.m2\repository\io\opentelemetry\opentelemetry-sdk-metrics\1.28.0\opentelemetry-sdk-metrics-1.28.0.jar;C:\Users\sasitharan\.m2\repository\io\opentelemetry\opentelemetry-extension-incubator\1.28.0-alpha\opentelemetry-extension-incubator-1.28.0-alpha.jar;C:\Users\sasitharan\.m2\repository\io\opentelemetry\opentelemetry-sdk-logs\1.28.0\opentelemetry-sdk-logs-1.28.0.jar;C:\Users\sasitharan\.m2\repository\io\opentelemetry\opentelemetry-sdk-common\1.28.0\opentelemetry-sdk-common-1.28.0.jar;C:\Users\sasitharan\.m2\repository\io\opentelemetry\opentelemetry-sdk-extension-autoconfigure-spi\1.28.0\opentelemetry-sdk-extension-autoconfigure-spi-1.28.0.jar;C:\Users\sasitharan\.m2\repository\io\opentelemetry\opentelemetry-sdk-extension-autoconfigure\1.28.0\opentelemetry-sdk-extension-autoconfigure-1.28.0.jar;C:\Users\sasitharan\.m2\repository\io\opentelemetry\opentelemetry-api-events\1.28.0-alpha\opentelemetry-api-events-1.28.0-alpha.jar;C:\Users\sasitharan\.m2\repository\io\opentelemetry\opentelemetry-sdk-trace\1.28.0\opentelemetry-sdk-trace-1.28.0.jar;C:\Users\sasitharan\.m2\repository\io\opentelemetry\opentelemetry-sdk\1.28.0\opentelemetry-sdk-1.28.0.jar;C:\Users\sasitharan\.m2\repository\io\opentelemetry\opentelemetry-semconv\1.28.0-alpha\opentelemetry-semconv-1.28.0-alpha.jar;C:\Users\sasitharan\.m2\repository\net\bytebuddy\byte-buddy\1.14.5\byte-buddy-1.14.5.jar;C:\Users\sasitharan\.m2\repository\org\asynchttpclient\async-http-client\2.12.3\async-http-client-2.12.3.jar;C:\Users\sasitharan\.m2\repository\org\asynchttpclient\async-http-client-netty-utils\2.12.3\async-http-client-netty-utils-2.12.3.jar;C:\Users\sasitharan\.m2\repository\io\netty\netty-codec-socks\4.1.60.Final\netty-codec-socks-4.1.60.Final.jar;C:\Users\sasitharan\.m2\repository\io\netty\netty-handler-proxy\4.1.60.Final\netty-handler-proxy-4.1.60.Final.jar;C:\Users\sasitharan\.m2\repository\io\netty\netty-transport-native-epoll\4.1.60.Final\netty-transport-native-epoll-4.1.60.Final-linux-x86_64.jar;C:\Users\sasitharan\.m2\repository\io\netty\netty-transport-native-kqueue\4.1.60.Final\netty-transport-native-kqueue-4.1.60.Final-osx-x86_64.jar;C:\Users\sasitharan\.m2\repository\org\reactivestreams\reactive-streams\1.0.3\reactive-streams-1.0.3.jar;C:\Users\sasitharan\.m2\repository\com\typesafe\netty\netty-reactive-streams\2.0.4\netty-reactive-streams-2.0.4.jar;C:\Users\sasitharan\.m2\repository\com\sun\activation\jakarta.activation\1.2.2\jakarta.activation-1.2.2.jar;C:\Users\sasitharan\.m2\repository\org\seleniumhq\selenium\selenium-os\4.12.0\selenium-os-4.12.0.jar;C:\Users\sasitharan\.m2\repository\org\apache\commons\commons-exec\1.3\commons-exec-1.3.jar;C:\Users\sasitharan\.m2\repository\org\seleniumhq\selenium\selenium-safari-driver\4.12.0\selenium-safari-driver-4.12.0.jar;C:\Users\sasitharan\.m2\repository\org\seleniumhq\selenium\selenium-support\4.12.0\selenium-support-4.12.0.jar;C:\Users\sasitharan\.m2\repository\io\github\bonigarcia\webdrivermanager\5.5.3\webdrivermanager-5.5.3.jar;C:\Users\sasitharan\.m2\repository\com\google\code\gson\gson\2.10.1\gson-2.10.1.jar;C:\Users\sasitharan\.m2\repository\com\github\docker-java\docker-java\3.3.3\docker-java-3.3.3.jar;C:\Users\sasitharan\.m2\repository\com\github\docker-java\docker-java-core\3.3.3\docker-java-core-3.3.3.jar;C:\Users\sasitharan\.m2\repository\com\github\docker-java\docker-java-api\3.3.3\docker-java-api-3.3.3.jar;C:\Users\sasitharan\.m2\repository\commons-io\commons-io\2.6\commons-io-2.6.jar;C:\Users\sasitharan\.m2\repository\org\apache\commons\commons-compress\1.21\commons-compress-1.21.jar;C:\Users\sasitharan\.m2\repository\org\bouncycastle\bcpkix-jdk18on\1.75\bcpkix-jdk18on-1.75.jar;C:\Users\sasitharan\.m2\repository\org\bouncycastle\bcprov-jdk18on\1.75\bcprov-jdk18on-1.75.jar;C:\Users\sasitharan\.m2\repository\org\bouncycastle\bcutil-jdk18on\1.75\bcutil-jdk18on-1.75.jar;C:\Users\sasitharan\.m2\repository\org\slf4j\jcl-over-slf4j\1.7.30\jcl-over-slf4j-1.7.30.jar;C:\Users\sasitharan\.m2\repository\com\github\docker-java\docker-java-transport-httpclient5\3.3.3\docker-java-transport-httpclient5-3.3.3.jar;C:\Users\sasitharan\.m2\repository\com\github\docker-java\docker-java-transport\3.3.3\docker-java-transport-3.3.3.jar;C:\Users\sasitharan\.m2\repository\net\java\dev\jna\jna\5.12.1\jna-5.12.1.jar;C:\Users\sasitharan\.m2\repository\org\brotli\dec\0.1.2\dec-0.1.2.jar;C:\Users\sasitharan\.m2\repository\org\apache\commons\commons-lang3\3.13.0\commons-lang3-3.13.0.jar;C:\Users\sasitharan\.m2\repository\io\qameta\allure\allure-testng\2.29.1\allure-testng-2.29.1.jar;C:\Users\sasitharan\.m2\repository\io\qameta\allure\allure-java-commons\2.29.1\allure-java-commons-2.29.1.jar;C:\Users\sasitharan\.m2\repository\io\qameta\allure\allure-model\2.29.1\allure-model-2.29.1.jar;C:\Users\sasitharan\.m2\repository\io\qameta\allure\allure-test-filter\2.29.1\allure-test-filter-2.29.1.jar;"/>
    <property name="allure.results.directory" value="H:\Group_01_GitRepository\target/allure-results"/>
    <property name="sun.cpu.endian" value="little"/>
    <property name="user.home" value="C:\Users\sasitharan"/>
    <property name="user.language" value="en"/>
    <property name="java.specification.vendor" value="Oracle Corporation"/>
    <property name="java.version.date" value="2023-10-17"/>
    <property name="java.home" value="C:\Program Files\Java\jdk-17"/>
    <property name="file.separator" value="\"/>
    <property name="basedir" value="H:\Group_01_GitRepository"/>
    <property name="java.vm.compressedOopsMode" value="Zero based"/>
    <property name="line.separator" value="&#10;"/>
    <property name="java.vm.specification.vendor" value="Oracle Corporation"/>
    <property name="java.specification.name" value="Java Platform API Specification"/>
    <property name="surefire.real.class.path" value="C:\Users\sasitharan\AppData\Local\Temp\surefire2709010754515681202\surefirebooter-20250102160930296_3.jar"/>
    <property name="user.script" value=""/>
    <property name="sun.management.compiler" value="HotSpot 64-Bit Tiered Compilers"/>
    <property name="java.runtime.version" value="17.0.9+11-LTS-201"/>
    <property name="user.name" value="sasitharan"/>
    <property name="path.separator" value=";"/>
    <property name="os.version" value="10.0"/>
    <property name="java.runtime.name" value="Java(TM) SE Runtime Environment"/>
    <property name="file.encoding" value="Cp1252"/>
    <property name="java.vm.name" value="Java HotSpot(TM) 64-Bit Server VM"/>
    <property name="localRepository" value="C:\Users\sasitharan\.m2\repository"/>
    <property name="java.vendor.url.bug" value="https://bugreport.java.com/bugreport/"/>
    <property name="java.io.tmpdir" value="C:\Users\SASITH~1\AppData\Local\Temp\"/>
    <property name="idea.version" value="2024.1.7"/>
    <property name="java.version" value="17.0.9"/>
    <property name="user.dir" value="H:\Group_01_GitRepository"/>
    <property name="os.arch" value="amd64"/>
    <property name="java.vm.specification.name" value="Java Virtual Machine Specification"/>
    <property name="sun.os.patch.level" value=""/>
    <property name="native.encoding" value="Cp1252"/>
    <property name="java.library.path" value="C:\Program Files\Java\jdk-17\bin;C:\WINDOWS\Sun\Java\bin;C:\WINDOWS\system32;C:\WINDOWS;C:\Program Files\Common Files\Oracle\Java\javapath;C:\WINDOWS\system32;C:\WINDOWS;C:\WINDOWS\System32\Wbem;C:\WINDOWS\System32\WindowsPowerShell\v1.0\;C:\WINDOWS\System32\OpenSSH\;C:\Program Files\nodejs\;C:\Program Files\Git\cmd;C:\Program Files\HP\HP One Agent;C:\Program Files\Microsoft SQL Server\150\Tools\Binn\;C:\Program Files (x86)\Windows Kits\10\Windows Performance Toolkit\;C:\Program Files\dotnet\;C:\opencv\build\x64\vc14\bin;C:\Users\sasitharan\AppData\Local\Programs\Python\Python312\Scripts\;C:\Users\sasitharan\AppData\Local\Programs\Python\Python312\;C:\Users\sasitharan\AppData\Local\Microsoft\WindowsApps;C:\Users\sasitharan\AppData\Roaming\npm;C:\Users\sasitharan\AppData\Local\GitHubDesktop\bin;C:\Users\sasitharan\AppData\Local\Programs\Microsoft VS Code\bin;C:\Program Files\JetBrains\IntelliJ IDEA 2024.1.3\bin;;C:\Users\sasitharan\.dotnet\tools;."/>
    <property name="java.vm.info" value="mixed mode, sharing"/>
    <property name="java.vendor" value="Oracle Corporation"/>
    <property name="java.vm.version" value="17.0.9+11-LTS-201"/>
    <property name="sun.io.unicode.encoding" value="UnicodeLittle"/>
    <property name="java.class.version" value="61.0"/>
  </properties>
  <testcase name="testGetAllBooksAsAdmin" classname="TestCases.GetBookAPITests" time="1.53">
    <system-out><![CDATA[16:09:30.746 [main] DEBUG org.testng.TestNG -- suiteXmlPath: "H:\Group_01_GitRepository\src\test\resources\testng.xml"
16:09:30.800 [main] WARN org.testng.xml.TestNGContentHandler -- It is strongly recommended to add "<!DOCTYPE suite SYSTEM "https://testng.org/testng-1.0.dtd" >" at the top of the suite file [H:\Group_01_GitRepository\src\test\resources\testng.xml] otherwise TestNG may fail or not work as expected.
16:09:31.045 [main] WARN org.testng.TestNG -- Ignoring duplicate listener : io.qameta.allure.testng.AllureTestNg
16:09:31.046 [main] WARN org.testng.TestNG -- Ignoring duplicate listener : io.qameta.allure.testng.AllureTestNg
16:09:31.046 [main] WARN org.testng.TestNG -- Ignoring duplicate listener : io.qameta.allure.testng.AllureTestNg
16:09:32.209 [main] DEBUG org.apache.http.impl.conn.BasicClientConnectionManager -- Get connection for route {}->http://13.60.22.209:7081
16:09:32.220 [main] DEBUG org.apache.http.impl.conn.DefaultClientConnectionOperator -- Connecting to 13.60.22.209:7081
16:09:32.411 [main] DEBUG org.apache.http.client.protocol.RequestAddCookies -- CookieSpec selected: ignoreCookies
16:09:32.413 [main] DEBUG org.apache.http.client.protocol.RequestAuthCache -- Auth cache not set in the context
16:09:32.413 [main] DEBUG org.apache.http.client.protocol.RequestTargetAuthentication -- Target auth state: UNCHALLENGED
16:09:32.414 [main] DEBUG org.apache.http.client.protocol.RequestProxyAuthentication -- Proxy auth state: UNCHALLENGED
16:09:32.414 [main] DEBUG org.apache.http.impl.client.DefaultHttpClient -- Attempt 1 to execute request
16:09:32.415 [main] DEBUG org.apache.http.impl.conn.DefaultClientConnection -- Sending request: GET /api/books HTTP/1.1
16:09:32.415 [main] DEBUG org.apache.http.wire --  >> "GET /api/books HTTP/1.1[\r][\n]"
16:09:32.416 [main] DEBUG org.apache.http.wire --  >> "Accept: */*[\r][\n]"
16:09:32.416 [main] DEBUG org.apache.http.wire --  >> "Host: 13.60.22.209:7081[\r][\n]"
16:09:32.416 [main] DEBUG org.apache.http.wire --  >> "Connection: Keep-Alive[\r][\n]"
16:09:32.416 [main] DEBUG org.apache.http.wire --  >> "User-Agent: Apache-HttpClient/4.5.13 (Java/17.0.9)[\r][\n]"
16:09:32.416 [main] DEBUG org.apache.http.wire --  >> "Accept-Encoding: gzip,deflate[\r][\n]"
16:09:32.416 [main] DEBUG org.apache.http.wire --  >> "[\r][\n]"
16:09:32.416 [main] DEBUG org.apache.http.headers -- >> GET /api/books HTTP/1.1
16:09:32.416 [main] DEBUG org.apache.http.headers -- >> Accept: */*
16:09:32.416 [main] DEBUG org.apache.http.headers -- >> Host: 13.60.22.209:7081
16:09:32.416 [main] DEBUG org.apache.http.headers -- >> Connection: Keep-Alive
16:09:32.416 [main] DEBUG org.apache.http.headers -- >> User-Agent: Apache-HttpClient/4.5.13 (Java/17.0.9)
16:09:32.417 [main] DEBUG org.apache.http.headers -- >> Accept-Encoding: gzip,deflate
16:09:32.578 [main] DEBUG org.apache.http.wire --  << "HTTP/1.1 401 [\r][\n]"
16:09:32.580 [main] DEBUG org.apache.http.wire --  << "Set-Cookie: JSESSIONID=CDDA8C576FEEA435608921A2E2E1BBBC; Path=/; HttpOnly[\r][\n]"
16:09:32.580 [main] DEBUG org.apache.http.wire --  << "WWW-Authenticate: Basic realm="Realm"[\r][\n]"
16:09:32.580 [main] DEBUG org.apache.http.wire --  << "X-Content-Type-Options: nosniff[\r][\n]"
16:09:32.580 [main] DEBUG org.apache.http.wire --  << "X-XSS-Protection: 1; mode=block[\r][\n]"
16:09:32.580 [main] DEBUG org.apache.http.wire --  << "Cache-Control: no-cache, no-store, max-age=0, must-revalidate[\r][\n]"
16:09:32.580 [main] DEBUG org.apache.http.wire --  << "Pragma: no-cache[\r][\n]"
16:09:32.580 [main] DEBUG org.apache.http.wire --  << "Expires: 0[\r][\n]"
16:09:32.580 [main] DEBUG org.apache.http.wire --  << "X-Frame-Options: DENY[\r][\n]"
16:09:32.580 [main] DEBUG org.apache.http.wire --  << "Content-Length: 0[\r][\n]"
16:09:32.580 [main] DEBUG org.apache.http.wire --  << "Date: Thu, 02 Jan 2025 10:39:33 GMT[\r][\n]"
16:09:32.580 [main] DEBUG org.apache.http.wire --  << "Keep-Alive: timeout=60[\r][\n]"
16:09:32.580 [main] DEBUG org.apache.http.wire --  << "Connection: keep-alive[\r][\n]"
16:09:32.580 [main] DEBUG org.apache.http.wire --  << "[\r][\n]"
16:09:32.580 [main] DEBUG org.apache.http.impl.conn.DefaultClientConnection -- Receiving response: HTTP/1.1 401 
16:09:32.580 [main] DEBUG org.apache.http.headers -- << HTTP/1.1 401 
16:09:32.580 [main] DEBUG org.apache.http.headers -- << Set-Cookie: JSESSIONID=CDDA8C576FEEA435608921A2E2E1BBBC; Path=/; HttpOnly
16:09:32.580 [main] DEBUG org.apache.http.headers -- << WWW-Authenticate: Basic realm="Realm"
16:09:32.580 [main] DEBUG org.apache.http.headers -- << X-Content-Type-Options: nosniff
16:09:32.580 [main] DEBUG org.apache.http.headers -- << X-XSS-Protection: 1; mode=block
16:09:32.581 [main] DEBUG org.apache.http.headers -- << Cache-Control: no-cache, no-store, max-age=0, must-revalidate
16:09:32.581 [main] DEBUG org.apache.http.headers -- << Pragma: no-cache
16:09:32.581 [main] DEBUG org.apache.http.headers -- << Expires: 0
16:09:32.581 [main] DEBUG org.apache.http.headers -- << X-Frame-Options: DENY
16:09:32.581 [main] DEBUG org.apache.http.headers -- << Content-Length: 0
16:09:32.581 [main] DEBUG org.apache.http.headers -- << Date: Thu, 02 Jan 2025 10:39:33 GMT
16:09:32.581 [main] DEBUG org.apache.http.headers -- << Keep-Alive: timeout=60
16:09:32.581 [main] DEBUG org.apache.http.headers -- << Connection: keep-alive
16:09:32.587 [main] DEBUG org.apache.http.impl.client.DefaultHttpClient -- Connection can be kept alive for 60000 MILLISECONDS
16:09:32.587 [main] DEBUG org.apache.http.impl.client.DefaultHttpClient -- Authentication required
16:09:32.589 [main] DEBUG org.apache.http.impl.client.DefaultHttpClient -- 13.60.22.209:7081 requested authentication
16:09:32.589 [main] DEBUG org.apache.http.impl.client.TargetAuthenticationStrategy -- Authentication schemes in the order of preference: [Negotiate, Kerberos, NTLM, CredSSP, Digest, Basic]
16:09:32.589 [main] DEBUG org.apache.http.impl.client.TargetAuthenticationStrategy -- Challenge for Negotiate authentication scheme not available
16:09:32.589 [main] DEBUG org.apache.http.impl.client.TargetAuthenticationStrategy -- Challenge for Kerberos authentication scheme not available
16:09:32.589 [main] DEBUG org.apache.http.impl.client.TargetAuthenticationStrategy -- Challenge for NTLM authentication scheme not available
16:09:32.589 [main] DEBUG org.apache.http.impl.client.TargetAuthenticationStrategy -- Challenge for CredSSP authentication scheme not available
16:09:32.589 [main] DEBUG org.apache.http.impl.client.TargetAuthenticationStrategy -- Challenge for Digest authentication scheme not available
16:09:32.590 [main] DEBUG org.apache.http.impl.client.DefaultHttpClient -- Selected authentication options: [BASIC [complete=true]]
16:09:32.591 [main] DEBUG org.apache.http.client.protocol.RequestAddCookies -- CookieSpec selected: ignoreCookies
16:09:32.591 [main] DEBUG org.apache.http.client.protocol.RequestAuthCache -- Auth cache not set in the context
16:09:32.591 [main] DEBUG org.apache.http.client.protocol.RequestTargetAuthentication -- Target auth state: CHALLENGED
16:09:32.591 [main] DEBUG org.apache.http.client.protocol.RequestTargetAuthentication -- Generating response to an authentication challenge using basic scheme
16:09:32.596 [main] DEBUG org.apache.http.client.protocol.RequestProxyAuthentication -- Proxy auth state: UNCHALLENGED
16:09:32.596 [main] DEBUG org.apache.http.impl.client.DefaultHttpClient -- Attempt 2 to execute request
16:09:32.596 [main] DEBUG org.apache.http.impl.conn.DefaultClientConnection -- Sending request: GET /api/books HTTP/1.1
16:09:32.596 [main] DEBUG org.apache.http.wire --  >> "GET /api/books HTTP/1.1[\r][\n]"
16:09:32.597 [main] DEBUG org.apache.http.wire --  >> "Accept: */*[\r][\n]"
16:09:32.597 [main] DEBUG org.apache.http.wire --  >> "Host: 13.60.22.209:7081[\r][\n]"
16:09:32.597 [main] DEBUG org.apache.http.wire --  >> "Connection: Keep-Alive[\r][\n]"
16:09:32.597 [main] DEBUG org.apache.http.wire --  >> "User-Agent: Apache-HttpClient/4.5.13 (Java/17.0.9)[\r][\n]"
16:09:32.597 [main] DEBUG org.apache.http.wire --  >> "Authorization: Basic YWRtaW46cGFzc3dvcmQ=[\r][\n]"
16:09:32.598 [main] DEBUG org.apache.http.wire --  >> "Accept-Encoding: gzip,deflate[\r][\n]"
16:09:32.598 [main] DEBUG org.apache.http.wire --  >> "[\r][\n]"
16:09:32.598 [main] DEBUG org.apache.http.headers -- >> GET /api/books HTTP/1.1
16:09:32.598 [main] DEBUG org.apache.http.headers -- >> Accept: */*
16:09:32.598 [main] DEBUG org.apache.http.headers -- >> Host: 13.60.22.209:7081
16:09:32.598 [main] DEBUG org.apache.http.headers -- >> Connection: Keep-Alive
16:09:32.598 [main] DEBUG org.apache.http.headers -- >> User-Agent: Apache-HttpClient/4.5.13 (Java/17.0.9)
16:09:32.598 [main] DEBUG org.apache.http.headers -- >> Authorization: Basic YWRtaW46cGFzc3dvcmQ=
16:09:32.599 [main] DEBUG org.apache.http.headers -- >> Accept-Encoding: gzip,deflate
16:09:32.850 [main] DEBUG org.apache.http.wire --  << "HTTP/1.1 200 [\r][\n]"
16:09:32.851 [main] DEBUG org.apache.http.wire --  << "Set-Cookie: JSESSIONID=4042ECFC0F9C8033561998764C1271E3; Path=/; HttpOnly[\r][\n]"
16:09:32.851 [main] DEBUG org.apache.http.wire --  << "X-Content-Type-Options: nosniff[\r][\n]"
16:09:32.851 [main] DEBUG org.apache.http.wire --  << "X-XSS-Protection: 1; mode=block[\r][\n]"
16:09:32.851 [main] DEBUG org.apache.http.wire --  << "Cache-Control: no-cache, no-store, max-age=0, must-revalidate[\r][\n]"
16:09:32.851 [main] DEBUG org.apache.http.wire --  << "Pragma: no-cache[\r][\n]"
16:09:32.851 [main] DEBUG org.apache.http.wire --  << "Expires: 0[\r][\n]"
16:09:32.851 [main] DEBUG org.apache.http.wire --  << "X-Frame-Options: DENY[\r][\n]"
16:09:32.851 [main] DEBUG org.apache.http.wire --  << "Content-Type: application/json[\r][\n]"
16:09:32.851 [main] DEBUG org.apache.http.wire --  << "Transfer-Encoding: chunked[\r][\n]"
16:09:32.851 [main] DEBUG org.apache.http.wire --  << "Date: Thu, 02 Jan 2025 10:39:33 GMT[\r][\n]"
16:09:32.851 [main] DEBUG org.apache.http.wire --  << "Keep-Alive: timeout=60[\r][\n]"
16:09:32.851 [main] DEBUG org.apache.http.wire --  << "Connection: keep-alive[\r][\n]"
16:09:32.851 [main] DEBUG org.apache.http.wire --  << "[\r][\n]"
16:09:32.852 [main] DEBUG org.apache.http.impl.conn.DefaultClientConnection -- Receiving response: HTTP/1.1 200 
16:09:32.852 [main] DEBUG org.apache.http.headers -- << HTTP/1.1 200 
16:09:32.852 [main] DEBUG org.apache.http.headers -- << Set-Cookie: JSESSIONID=4042ECFC0F9C8033561998764C1271E3; Path=/; HttpOnly
16:09:32.852 [main] DEBUG org.apache.http.headers -- << X-Content-Type-Options: nosniff
16:09:32.852 [main] DEBUG org.apache.http.headers -- << X-XSS-Protection: 1; mode=block
16:09:32.852 [main] DEBUG org.apache.http.headers -- << Cache-Control: no-cache, no-store, max-age=0, must-revalidate
16:09:32.852 [main] DEBUG org.apache.http.headers -- << Pragma: no-cache
16:09:32.852 [main] DEBUG org.apache.http.headers -- << Expires: 0
16:09:32.852 [main] DEBUG org.apache.http.headers -- << X-Frame-Options: DENY
16:09:32.852 [main] DEBUG org.apache.http.headers -- << Content-Type: application/json
16:09:32.852 [main] DEBUG org.apache.http.headers -- << Transfer-Encoding: chunked
16:09:32.852 [main] DEBUG org.apache.http.headers -- << Date: Thu, 02 Jan 2025 10:39:33 GMT
16:09:32.852 [main] DEBUG org.apache.http.headers -- << Keep-Alive: timeout=60
16:09:32.852 [main] DEBUG org.apache.http.headers -- << Connection: keep-alive
16:09:32.853 [main] DEBUG org.apache.http.impl.client.DefaultHttpClient -- Connection can be kept alive for 60000 MILLISECONDS
16:09:32.853 [main] DEBUG org.apache.http.impl.client.DefaultHttpClient -- Authentication succeeded
16:09:32.854 [main] DEBUG org.apache.http.impl.client.TargetAuthenticationStrategy -- Caching 'basic' auth scheme for http://13.60.22.209:7081
16:09:32.864 [main] DEBUG io.restassured.internal.RestAssuredHttpBuilder -- Parsing response as: application/json
16:09:32.864 [main] DEBUG io.restassured.internal.RestAssuredHttpBuilder -- Parsed data to instance of: class org.apache.http.conn.EofSensorInputStream
16:09:32.901 [main] DEBUG org.apache.http.wire --  << "c8[\r][\n]"
16:09:32.902 [main] DEBUG org.apache.http.wire --  << "[{"id":2,"title":"","author":"Hri"},{"id":3,"title":"Valid Book","author":"Valid Author"},{"id":4,"title":"User Books","author":"User Author"},{"id":5,"title":"Valid Bookss","author":"Valid Authors"}]"
16:09:32.903 [main] DEBUG org.apache.http.wire --  << "[\r][\n]"
16:09:32.903 [main] DEBUG org.apache.http.wire --  << "0[\r][\n]"
16:09:32.903 [main] DEBUG org.apache.http.wire --  << "[\r][\n]"
16:09:32.903 [main] DEBUG org.apache.http.impl.conn.BasicClientConnectionManager -- Releasing connection org.apache.http.impl.conn.ManagedClientConnectionImpl@58867cd5
16:09:32.903 [main] DEBUG org.apache.http.impl.conn.BasicClientConnectionManager -- Connection can be kept alive for 60000 MILLISECONDS
]]></system-out>
  </testcase>
  <testcase name="testGetAllBooksAsUser" classname="TestCases.GetBookAPITests" time="0.643">
    <system-out><![CDATA[16:09:33.087 [main] DEBUG org.apache.http.impl.conn.BasicClientConnectionManager -- Get connection for route {}->http://13.60.22.209:7081
16:09:33.087 [main] DEBUG org.apache.http.impl.conn.DefaultClientConnectionOperator -- Connecting to 13.60.22.209:7081
16:09:33.260 [main] DEBUG org.apache.http.client.protocol.RequestAddCookies -- CookieSpec selected: ignoreCookies
16:09:33.260 [main] DEBUG org.apache.http.client.protocol.RequestAuthCache -- Auth cache not set in the context
16:09:33.260 [main] DEBUG org.apache.http.client.protocol.RequestTargetAuthentication -- Target auth state: UNCHALLENGED
16:09:33.260 [main] DEBUG org.apache.http.client.protocol.RequestProxyAuthentication -- Proxy auth state: UNCHALLENGED
16:09:33.260 [main] DEBUG org.apache.http.impl.client.DefaultHttpClient -- Attempt 1 to execute request
16:09:33.261 [main] DEBUG org.apache.http.impl.conn.DefaultClientConnection -- Sending request: GET /api/books HTTP/1.1
16:09:33.261 [main] DEBUG org.apache.http.wire --  >> "GET /api/books HTTP/1.1[\r][\n]"
16:09:33.261 [main] DEBUG org.apache.http.wire --  >> "Accept: */*[\r][\n]"
16:09:33.261 [main] DEBUG org.apache.http.wire --  >> "Host: 13.60.22.209:7081[\r][\n]"
16:09:33.261 [main] DEBUG org.apache.http.wire --  >> "Connection: Keep-Alive[\r][\n]"
16:09:33.261 [main] DEBUG org.apache.http.wire --  >> "User-Agent: Apache-HttpClient/4.5.13 (Java/17.0.9)[\r][\n]"
16:09:33.261 [main] DEBUG org.apache.http.wire --  >> "Accept-Encoding: gzip,deflate[\r][\n]"
16:09:33.261 [main] DEBUG org.apache.http.wire --  >> "[\r][\n]"
16:09:33.262 [main] DEBUG org.apache.http.headers -- >> GET /api/books HTTP/1.1
16:09:33.262 [main] DEBUG org.apache.http.headers -- >> Accept: */*
16:09:33.262 [main] DEBUG org.apache.http.headers -- >> Host: 13.60.22.209:7081
16:09:33.262 [main] DEBUG org.apache.http.headers -- >> Connection: Keep-Alive
16:09:33.262 [main] DEBUG org.apache.http.headers -- >> User-Agent: Apache-HttpClient/4.5.13 (Java/17.0.9)
16:09:33.262 [main] DEBUG org.apache.http.headers -- >> Accept-Encoding: gzip,deflate
16:09:33.436 [main] DEBUG org.apache.http.wire --  << "HTTP/1.1 401 [\r][\n]"
16:09:33.436 [main] DEBUG org.apache.http.wire --  << "Set-Cookie: JSESSIONID=7F158AF37FD46DBC3670A325BA2DC884; Path=/; HttpOnly[\r][\n]"
16:09:33.437 [main] DEBUG org.apache.http.wire --  << "WWW-Authenticate: Basic realm="Realm"[\r][\n]"
16:09:33.437 [main] DEBUG org.apache.http.wire --  << "X-Content-Type-Options: nosniff[\r][\n]"
16:09:33.437 [main] DEBUG org.apache.http.wire --  << "X-XSS-Protection: 1; mode=block[\r][\n]"
16:09:33.437 [main] DEBUG org.apache.http.wire --  << "Cache-Control: no-cache, no-store, max-age=0, must-revalidate[\r][\n]"
16:09:33.437 [main] DEBUG org.apache.http.wire --  << "Pragma: no-cache[\r][\n]"
16:09:33.437 [main] DEBUG org.apache.http.wire --  << "Expires: 0[\r][\n]"
16:09:33.437 [main] DEBUG org.apache.http.wire --  << "X-Frame-Options: DENY[\r][\n]"
16:09:33.437 [main] DEBUG org.apache.http.wire --  << "Content-Length: 0[\r][\n]"
16:09:33.437 [main] DEBUG org.apache.http.wire --  << "Date: Thu, 02 Jan 2025 10:39:33 GMT[\r][\n]"
16:09:33.437 [main] DEBUG org.apache.http.wire --  << "Keep-Alive: timeout=60[\r][\n]"
16:09:33.437 [main] DEBUG org.apache.http.wire --  << "Connection: keep-alive[\r][\n]"
16:09:33.437 [main] DEBUG org.apache.http.wire --  << "[\r][\n]"
16:09:33.438 [main] DEBUG org.apache.http.impl.conn.DefaultClientConnection -- Receiving response: HTTP/1.1 401 
16:09:33.438 [main] DEBUG org.apache.http.headers -- << HTTP/1.1 401 
16:09:33.438 [main] DEBUG org.apache.http.headers -- << Set-Cookie: JSESSIONID=7F158AF37FD46DBC3670A325BA2DC884; Path=/; HttpOnly
16:09:33.438 [main] DEBUG org.apache.http.headers -- << WWW-Authenticate: Basic realm="Realm"
16:09:33.438 [main] DEBUG org.apache.http.headers -- << X-Content-Type-Options: nosniff
16:09:33.438 [main] DEBUG org.apache.http.headers -- << X-XSS-Protection: 1; mode=block
16:09:33.438 [main] DEBUG org.apache.http.headers -- << Cache-Control: no-cache, no-store, max-age=0, must-revalidate
16:09:33.438 [main] DEBUG org.apache.http.headers -- << Pragma: no-cache
16:09:33.438 [main] DEBUG org.apache.http.headers -- << Expires: 0
16:09:33.438 [main] DEBUG org.apache.http.headers -- << X-Frame-Options: DENY
16:09:33.438 [main] DEBUG org.apache.http.headers -- << Content-Length: 0
16:09:33.438 [main] DEBUG org.apache.http.headers -- << Date: Thu, 02 Jan 2025 10:39:33 GMT
16:09:33.438 [main] DEBUG org.apache.http.headers -- << Keep-Alive: timeout=60
16:09:33.438 [main] DEBUG org.apache.http.headers -- << Connection: keep-alive
16:09:33.438 [main] DEBUG org.apache.http.impl.client.DefaultHttpClient -- Connection can be kept alive for 60000 MILLISECONDS
16:09:33.438 [main] DEBUG org.apache.http.impl.client.DefaultHttpClient -- Authentication required
16:09:33.439 [main] DEBUG org.apache.http.impl.client.DefaultHttpClient -- 13.60.22.209:7081 requested authentication
16:09:33.439 [main] DEBUG org.apache.http.impl.client.TargetAuthenticationStrategy -- Authentication schemes in the order of preference: [Negotiate, Kerberos, NTLM, CredSSP, Digest, Basic]
16:09:33.439 [main] DEBUG org.apache.http.impl.client.TargetAuthenticationStrategy -- Challenge for Negotiate authentication scheme not available
16:09:33.439 [main] DEBUG org.apache.http.impl.client.TargetAuthenticationStrategy -- Challenge for Kerberos authentication scheme not available
16:09:33.439 [main] DEBUG org.apache.http.impl.client.TargetAuthenticationStrategy -- Challenge for NTLM authentication scheme not available
16:09:33.439 [main] DEBUG org.apache.http.impl.client.TargetAuthenticationStrategy -- Challenge for CredSSP authentication scheme not available
16:09:33.439 [main] DEBUG org.apache.http.impl.client.TargetAuthenticationStrategy -- Challenge for Digest authentication scheme not available
16:09:33.439 [main] DEBUG org.apache.http.impl.client.DefaultHttpClient -- Selected authentication options: [BASIC [complete=true]]
16:09:33.439 [main] DEBUG org.apache.http.client.protocol.RequestAddCookies -- CookieSpec selected: ignoreCookies
16:09:33.440 [main] DEBUG org.apache.http.client.protocol.RequestAuthCache -- Auth cache not set in the context
16:09:33.440 [main] DEBUG org.apache.http.client.protocol.RequestTargetAuthentication -- Target auth state: CHALLENGED
16:09:33.440 [main] DEBUG org.apache.http.client.protocol.RequestTargetAuthentication -- Generating response to an authentication challenge using basic scheme
16:09:33.440 [main] DEBUG org.apache.http.client.protocol.RequestProxyAuthentication -- Proxy auth state: UNCHALLENGED
16:09:33.440 [main] DEBUG org.apache.http.impl.client.DefaultHttpClient -- Attempt 2 to execute request
16:09:33.440 [main] DEBUG org.apache.http.impl.conn.DefaultClientConnection -- Sending request: GET /api/books HTTP/1.1
16:09:33.440 [main] DEBUG org.apache.http.wire --  >> "GET /api/books HTTP/1.1[\r][\n]"
16:09:33.440 [main] DEBUG org.apache.http.wire --  >> "Accept: */*[\r][\n]"
16:09:33.440 [main] DEBUG org.apache.http.wire --  >> "Host: 13.60.22.209:7081[\r][\n]"
16:09:33.440 [main] DEBUG org.apache.http.wire --  >> "Connection: Keep-Alive[\r][\n]"
16:09:33.441 [main] DEBUG org.apache.http.wire --  >> "User-Agent: Apache-HttpClient/4.5.13 (Java/17.0.9)[\r][\n]"
16:09:33.441 [main] DEBUG org.apache.http.wire --  >> "Authorization: Basic dXNlcjpwYXNzd29yZA==[\r][\n]"
16:09:33.441 [main] DEBUG org.apache.http.wire --  >> "Accept-Encoding: gzip,deflate[\r][\n]"
16:09:33.441 [main] DEBUG org.apache.http.wire --  >> "[\r][\n]"
16:09:33.441 [main] DEBUG org.apache.http.headers -- >> GET /api/books HTTP/1.1
16:09:33.441 [main] DEBUG org.apache.http.headers -- >> Accept: */*
16:09:33.441 [main] DEBUG org.apache.http.headers -- >> Host: 13.60.22.209:7081
16:09:33.441 [main] DEBUG org.apache.http.headers -- >> Connection: Keep-Alive
16:09:33.441 [main] DEBUG org.apache.http.headers -- >> User-Agent: Apache-HttpClient/4.5.13 (Java/17.0.9)
16:09:33.441 [main] DEBUG org.apache.http.headers -- >> Authorization: Basic dXNlcjpwYXNzd29yZA==
16:09:33.441 [main] DEBUG org.apache.http.headers -- >> Accept-Encoding: gzip,deflate
16:09:33.708 [main] DEBUG org.apache.http.wire --  << "HTTP/1.1 200 [\r][\n]"
16:09:33.708 [main] DEBUG org.apache.http.wire --  << "Set-Cookie: JSESSIONID=BD6FE76DBCD5ADDCF157901AB6E79378; Path=/; HttpOnly[\r][\n]"
16:09:33.708 [main] DEBUG org.apache.http.wire --  << "X-Content-Type-Options: nosniff[\r][\n]"
16:09:33.708 [main] DEBUG org.apache.http.wire --  << "X-XSS-Protection: 1; mode=block[\r][\n]"
16:09:33.708 [main] DEBUG org.apache.http.wire --  << "Cache-Control: no-cache, no-store, max-age=0, must-revalidate[\r][\n]"
16:09:33.708 [main] DEBUG org.apache.http.wire --  << "Pragma: no-cache[\r][\n]"
16:09:33.708 [main] DEBUG org.apache.http.wire --  << "Expires: 0[\r][\n]"
16:09:33.708 [main] DEBUG org.apache.http.wire --  << "X-Frame-Options: DENY[\r][\n]"
16:09:33.708 [main] DEBUG org.apache.http.wire --  << "Content-Type: application/json[\r][\n]"
16:09:33.708 [main] DEBUG org.apache.http.wire --  << "Transfer-Encoding: chunked[\r][\n]"
16:09:33.708 [main] DEBUG org.apache.http.wire --  << "Date: Thu, 02 Jan 2025 10:39:34 GMT[\r][\n]"
16:09:33.708 [main] DEBUG org.apache.http.wire --  << "Keep-Alive: timeout=60[\r][\n]"
16:09:33.708 [main] DEBUG org.apache.http.wire --  << "Connection: keep-alive[\r][\n]"
16:09:33.708 [main] DEBUG org.apache.http.wire --  << "[\r][\n]"
16:09:33.708 [main] DEBUG org.apache.http.impl.conn.DefaultClientConnection -- Receiving response: HTTP/1.1 200 
16:09:33.708 [main] DEBUG org.apache.http.headers -- << HTTP/1.1 200 
16:09:33.708 [main] DEBUG org.apache.http.headers -- << Set-Cookie: JSESSIONID=BD6FE76DBCD5ADDCF157901AB6E79378; Path=/; HttpOnly
16:09:33.708 [main] DEBUG org.apache.http.headers -- << X-Content-Type-Options: nosniff
16:09:33.708 [main] DEBUG org.apache.http.headers -- << X-XSS-Protection: 1; mode=block
16:09:33.708 [main] DEBUG org.apache.http.headers -- << Cache-Control: no-cache, no-store, max-age=0, must-revalidate
16:09:33.708 [main] DEBUG org.apache.http.headers -- << Pragma: no-cache
16:09:33.708 [main] DEBUG org.apache.http.headers -- << Expires: 0
16:09:33.710 [main] DEBUG org.apache.http.headers -- << X-Frame-Options: DENY
16:09:33.710 [main] DEBUG org.apache.http.headers -- << Content-Type: application/json
16:09:33.710 [main] DEBUG org.apache.http.headers -- << Transfer-Encoding: chunked
16:09:33.710 [main] DEBUG org.apache.http.headers -- << Date: Thu, 02 Jan 2025 10:39:34 GMT
16:09:33.710 [main] DEBUG org.apache.http.headers -- << Keep-Alive: timeout=60
16:09:33.710 [main] DEBUG org.apache.http.headers -- << Connection: keep-alive
16:09:33.710 [main] DEBUG org.apache.http.impl.client.DefaultHttpClient -- Connection can be kept alive for 60000 MILLISECONDS
16:09:33.710 [main] DEBUG org.apache.http.impl.client.DefaultHttpClient -- Authentication succeeded
16:09:33.710 [main] DEBUG org.apache.http.impl.client.TargetAuthenticationStrategy -- Caching 'basic' auth scheme for http://13.60.22.209:7081
16:09:33.710 [main] DEBUG io.restassured.internal.RestAssuredHttpBuilder -- Parsing response as: application/json
16:09:33.710 [main] DEBUG io.restassured.internal.RestAssuredHttpBuilder -- Parsed data to instance of: class org.apache.http.conn.EofSensorInputStream
16:09:33.711 [main] DEBUG org.apache.http.wire --  << "c8[\r][\n]"
16:09:33.711 [main] DEBUG org.apache.http.wire --  << "[{"id":2,"title":"","author":"Hri"},{"id":3,"title":"Valid Book","author":"Valid Author"},{"id":4,"title":"User Books","author":"User Author"},{"id":5,"title":"Valid Bookss","author":"Valid Authors"}]"
16:09:33.711 [main] DEBUG org.apache.http.wire --  << "[\r][\n]"
16:09:33.711 [main] DEBUG org.apache.http.wire --  << "0[\r][\n]"
16:09:33.711 [main] DEBUG org.apache.http.wire --  << "[\r][\n]"
16:09:33.711 [main] DEBUG org.apache.http.impl.conn.BasicClientConnectionManager -- Releasing connection org.apache.http.impl.conn.ManagedClientConnectionImpl@221a2068
16:09:33.711 [main] DEBUG org.apache.http.impl.conn.BasicClientConnectionManager -- Connection can be kept alive for 60000 MILLISECONDS
]]></system-out>
  </testcase>
  <testcase name="testGetBookByIdAsAdmin" classname="TestCases.GetBookAPITests" time="0.657">
    <failure message="Expected status code is 200 expected [200] but found [404]" type="java.lang.AssertionError"><![CDATA[java.lang.AssertionError: Expected status code is 200 expected [200] but found [404]
	at org.testng.Assert.fail(Assert.java:110)
	at org.testng.Assert.failNotEquals(Assert.java:1413)
	at org.testng.Assert.assertEqualsImpl(Assert.java:149)
	at org.testng.Assert.assertEquals(Assert.java:131)
	at org.testng.Assert.assertEquals(Assert.java:1240)
	at TestCases.GetBookAPITests.testGetBookByIdAsAdmin(GetBookAPITests.java:73)
	at java.base/jdk.internal.reflect.NativeMethodAccessorImpl.invoke0(Native Method)
	at java.base/jdk.internal.reflect.NativeMethodAccessorImpl.invoke(NativeMethodAccessorImpl.java:77)
	at java.base/jdk.internal.reflect.DelegatingMethodAccessorImpl.invoke(DelegatingMethodAccessorImpl.java:43)
	at java.base/java.lang.reflect.Method.invoke(Method.java:568)
	at org.testng.internal.invokers.MethodInvocationHelper.invokeMethod(MethodInvocationHelper.java:139)
	at org.testng.internal.invokers.TestInvoker.invokeMethod(TestInvoker.java:677)
	at org.testng.internal.invokers.TestInvoker.invokeTestMethod(TestInvoker.java:221)
	at org.testng.internal.invokers.MethodRunner.runInSequence(MethodRunner.java:50)
	at org.testng.internal.invokers.TestInvoker$MethodInvocationAgent.invoke(TestInvoker.java:969)
	at org.testng.internal.invokers.TestInvoker.invokeTestMethods(TestInvoker.java:194)
	at org.testng.internal.invokers.TestMethodWorker.invokeTestMethods(TestMethodWorker.java:148)
	at org.testng.internal.invokers.TestMethodWorker.run(TestMethodWorker.java:128)
	at java.base/java.util.ArrayList.forEach(ArrayList.java:1511)
	at org.testng.TestRunner.privateRun(TestRunner.java:829)
	at org.testng.TestRunner.run(TestRunner.java:602)
	at org.testng.SuiteRunner.runTest(SuiteRunner.java:437)
	at org.testng.SuiteRunner.runSequentially(SuiteRunner.java:431)
	at org.testng.SuiteRunner.privateRun(SuiteRunner.java:391)
	at org.testng.SuiteRunner.run(SuiteRunner.java:330)
	at org.testng.SuiteRunnerWorker.runSuite(SuiteRunnerWorker.java:52)
	at org.testng.SuiteRunnerWorker.run(SuiteRunnerWorker.java:95)
	at org.testng.TestNG.runSuitesSequentially(TestNG.java:1256)
	at org.testng.TestNG.runSuitesLocally(TestNG.java:1176)
	at org.testng.TestNG.runSuites(TestNG.java:1099)
	at org.testng.TestNG.run(TestNG.java:1067)
	at org.apache.maven.surefire.testng.TestNGExecutor.run(TestNGExecutor.java:324)
	at org.apache.maven.surefire.testng.TestNGXmlTestSuite.execute(TestNGXmlTestSuite.java:74)
	at org.apache.maven.surefire.testng.TestNGProvider.invoke(TestNGProvider.java:123)
	at org.apache.maven.surefire.booter.ForkedBooter.runSuitesInProcess(ForkedBooter.java:456)
	at org.apache.maven.surefire.booter.ForkedBooter.execute(ForkedBooter.java:169)
	at org.apache.maven.surefire.booter.ForkedBooter.run(ForkedBooter.java:595)
	at org.apache.maven.surefire.booter.ForkedBooter.main(ForkedBooter.java:581)
]]></failure>
    <system-out><![CDATA[16:09:33.734 [main] DEBUG org.apache.http.impl.conn.BasicClientConnectionManager -- Get connection for route {}->http://13.60.22.209:7081
16:09:33.735 [main] DEBUG org.apache.http.impl.conn.DefaultClientConnectionOperator -- Connecting to 13.60.22.209:7081
16:09:33.909 [main] DEBUG org.apache.http.client.protocol.RequestAddCookies -- CookieSpec selected: ignoreCookies
16:09:33.909 [main] DEBUG org.apache.http.client.protocol.RequestAuthCache -- Auth cache not set in the context
16:09:33.909 [main] DEBUG org.apache.http.client.protocol.RequestTargetAuthentication -- Target auth state: UNCHALLENGED
16:09:33.910 [main] DEBUG org.apache.http.client.protocol.RequestProxyAuthentication -- Proxy auth state: UNCHALLENGED
16:09:33.910 [main] DEBUG org.apache.http.impl.client.DefaultHttpClient -- Attempt 1 to execute request
16:09:33.910 [main] DEBUG org.apache.http.impl.conn.DefaultClientConnection -- Sending request: GET /api/books/1 HTTP/1.1
16:09:33.910 [main] DEBUG org.apache.http.wire --  >> "GET /api/books/1 HTTP/1.1[\r][\n]"
16:09:33.910 [main] DEBUG org.apache.http.wire --  >> "Accept: */*[\r][\n]"
16:09:33.910 [main] DEBUG org.apache.http.wire --  >> "Host: 13.60.22.209:7081[\r][\n]"
16:09:33.910 [main] DEBUG org.apache.http.wire --  >> "Connection: Keep-Alive[\r][\n]"
16:09:33.910 [main] DEBUG org.apache.http.wire --  >> "User-Agent: Apache-HttpClient/4.5.13 (Java/17.0.9)[\r][\n]"
16:09:33.910 [main] DEBUG org.apache.http.wire --  >> "Accept-Encoding: gzip,deflate[\r][\n]"
16:09:33.910 [main] DEBUG org.apache.http.wire --  >> "[\r][\n]"
16:09:33.910 [main] DEBUG org.apache.http.headers -- >> GET /api/books/1 HTTP/1.1
16:09:33.910 [main] DEBUG org.apache.http.headers -- >> Accept: */*
16:09:33.910 [main] DEBUG org.apache.http.headers -- >> Host: 13.60.22.209:7081
16:09:33.910 [main] DEBUG org.apache.http.headers -- >> Connection: Keep-Alive
16:09:33.910 [main] DEBUG org.apache.http.headers -- >> User-Agent: Apache-HttpClient/4.5.13 (Java/17.0.9)
16:09:33.910 [main] DEBUG org.apache.http.headers -- >> Accept-Encoding: gzip,deflate
16:09:34.086 [main] DEBUG org.apache.http.wire --  << "HTTP/1.1 401 [\r][\n]"
16:09:34.086 [main] DEBUG org.apache.http.wire --  << "Set-Cookie: JSESSIONID=B3D832EA99594BFE957CF41977D23857; Path=/; HttpOnly[\r][\n]"
16:09:34.086 [main] DEBUG org.apache.http.wire --  << "WWW-Authenticate: Basic realm="Realm"[\r][\n]"
16:09:34.086 [main] DEBUG org.apache.http.wire --  << "X-Content-Type-Options: nosniff[\r][\n]"
16:09:34.087 [main] DEBUG org.apache.http.wire --  << "X-XSS-Protection: 1; mode=block[\r][\n]"
16:09:34.087 [main] DEBUG org.apache.http.wire --  << "Cache-Control: no-cache, no-store, max-age=0, must-revalidate[\r][\n]"
16:09:34.087 [main] DEBUG org.apache.http.wire --  << "Pragma: no-cache[\r][\n]"
16:09:34.087 [main] DEBUG org.apache.http.wire --  << "Expires: 0[\r][\n]"
16:09:34.087 [main] DEBUG org.apache.http.wire --  << "X-Frame-Options: DENY[\r][\n]"
16:09:34.087 [main] DEBUG org.apache.http.wire --  << "Content-Length: 0[\r][\n]"
16:09:34.087 [main] DEBUG org.apache.http.wire --  << "Date: Thu, 02 Jan 2025 10:39:34 GMT[\r][\n]"
16:09:34.087 [main] DEBUG org.apache.http.wire --  << "Keep-Alive: timeout=60[\r][\n]"
16:09:34.087 [main] DEBUG org.apache.http.wire --  << "Connection: keep-alive[\r][\n]"
16:09:34.087 [main] DEBUG org.apache.http.wire --  << "[\r][\n]"
16:09:34.087 [main] DEBUG org.apache.http.impl.conn.DefaultClientConnection -- Receiving response: HTTP/1.1 401 
16:09:34.087 [main] DEBUG org.apache.http.headers -- << HTTP/1.1 401 
16:09:34.087 [main] DEBUG org.apache.http.headers -- << Set-Cookie: JSESSIONID=B3D832EA99594BFE957CF41977D23857; Path=/; HttpOnly
16:09:34.087 [main] DEBUG org.apache.http.headers -- << WWW-Authenticate: Basic realm="Realm"
16:09:34.087 [main] DEBUG org.apache.http.headers -- << X-Content-Type-Options: nosniff
16:09:34.087 [main] DEBUG org.apache.http.headers -- << X-XSS-Protection: 1; mode=block
16:09:34.087 [main] DEBUG org.apache.http.headers -- << Cache-Control: no-cache, no-store, max-age=0, must-revalidate
16:09:34.087 [main] DEBUG org.apache.http.headers -- << Pragma: no-cache
16:09:34.087 [main] DEBUG org.apache.http.headers -- << Expires: 0
16:09:34.087 [main] DEBUG org.apache.http.headers -- << X-Frame-Options: DENY
16:09:34.087 [main] DEBUG org.apache.http.headers -- << Content-Length: 0
16:09:34.087 [main] DEBUG org.apache.http.headers -- << Date: Thu, 02 Jan 2025 10:39:34 GMT
16:09:34.087 [main] DEBUG org.apache.http.headers -- << Keep-Alive: timeout=60
16:09:34.088 [main] DEBUG org.apache.http.headers -- << Connection: keep-alive
16:09:34.088 [main] DEBUG org.apache.http.impl.client.DefaultHttpClient -- Connection can be kept alive for 60000 MILLISECONDS
16:09:34.088 [main] DEBUG org.apache.http.impl.client.DefaultHttpClient -- Authentication required
16:09:34.088 [main] DEBUG org.apache.http.impl.client.DefaultHttpClient -- 13.60.22.209:7081 requested authentication
16:09:34.088 [main] DEBUG org.apache.http.impl.client.TargetAuthenticationStrategy -- Authentication schemes in the order of preference: [Negotiate, Kerberos, NTLM, CredSSP, Digest, Basic]
16:09:34.088 [main] DEBUG org.apache.http.impl.client.TargetAuthenticationStrategy -- Challenge for Negotiate authentication scheme not available
16:09:34.088 [main] DEBUG org.apache.http.impl.client.TargetAuthenticationStrategy -- Challenge for Kerberos authentication scheme not available
16:09:34.088 [main] DEBUG org.apache.http.impl.client.TargetAuthenticationStrategy -- Challenge for NTLM authentication scheme not available
16:09:34.088 [main] DEBUG org.apache.http.impl.client.TargetAuthenticationStrategy -- Challenge for CredSSP authentication scheme not available
16:09:34.088 [main] DEBUG org.apache.http.impl.client.TargetAuthenticationStrategy -- Challenge for Digest authentication scheme not available
16:09:34.088 [main] DEBUG org.apache.http.impl.client.DefaultHttpClient -- Selected authentication options: [BASIC [complete=true]]
16:09:34.090 [main] DEBUG org.apache.http.client.protocol.RequestAddCookies -- CookieSpec selected: ignoreCookies
16:09:34.090 [main] DEBUG org.apache.http.client.protocol.RequestAuthCache -- Auth cache not set in the context
16:09:34.090 [main] DEBUG org.apache.http.client.protocol.RequestTargetAuthentication -- Target auth state: CHALLENGED
16:09:34.090 [main] DEBUG org.apache.http.client.protocol.RequestTargetAuthentication -- Generating response to an authentication challenge using basic scheme
16:09:34.090 [main] DEBUG org.apache.http.client.protocol.RequestProxyAuthentication -- Proxy auth state: UNCHALLENGED
16:09:34.090 [main] DEBUG org.apache.http.impl.client.DefaultHttpClient -- Attempt 2 to execute request
16:09:34.090 [main] DEBUG org.apache.http.impl.conn.DefaultClientConnection -- Sending request: GET /api/books/1 HTTP/1.1
16:09:34.090 [main] DEBUG org.apache.http.wire --  >> "GET /api/books/1 HTTP/1.1[\r][\n]"
16:09:34.090 [main] DEBUG org.apache.http.wire --  >> "Accept: */*[\r][\n]"
16:09:34.090 [main] DEBUG org.apache.http.wire --  >> "Host: 13.60.22.209:7081[\r][\n]"
16:09:34.090 [main] DEBUG org.apache.http.wire --  >> "Connection: Keep-Alive[\r][\n]"
16:09:34.090 [main] DEBUG org.apache.http.wire --  >> "User-Agent: Apache-HttpClient/4.5.13 (Java/17.0.9)[\r][\n]"
16:09:34.090 [main] DEBUG org.apache.http.wire --  >> "Authorization: Basic YWRtaW46cGFzc3dvcmQ=[\r][\n]"
16:09:34.090 [main] DEBUG org.apache.http.wire --  >> "Accept-Encoding: gzip,deflate[\r][\n]"
16:09:34.090 [main] DEBUG org.apache.http.wire --  >> "[\r][\n]"
16:09:34.090 [main] DEBUG org.apache.http.headers -- >> GET /api/books/1 HTTP/1.1
16:09:34.090 [main] DEBUG org.apache.http.headers -- >> Accept: */*
16:09:34.090 [main] DEBUG org.apache.http.headers -- >> Host: 13.60.22.209:7081
16:09:34.090 [main] DEBUG org.apache.http.headers -- >> Connection: Keep-Alive
16:09:34.090 [main] DEBUG org.apache.http.headers -- >> User-Agent: Apache-HttpClient/4.5.13 (Java/17.0.9)
16:09:34.091 [main] DEBUG org.apache.http.headers -- >> Authorization: Basic YWRtaW46cGFzc3dvcmQ=
16:09:34.091 [main] DEBUG org.apache.http.headers -- >> Accept-Encoding: gzip,deflate
16:09:34.359 [main] DEBUG org.apache.http.wire --  << "HTTP/1.1 404 [\r][\n]"
16:09:34.359 [main] DEBUG org.apache.http.wire --  << "Set-Cookie: JSESSIONID=7B2C99681A838680B06E4463FC207031; Path=/; HttpOnly[\r][\n]"
16:09:34.359 [main] DEBUG org.apache.http.wire --  << "X-Content-Type-Options: nosniff[\r][\n]"
16:09:34.359 [main] DEBUG org.apache.http.wire --  << "X-XSS-Protection: 1; mode=block[\r][\n]"
16:09:34.359 [main] DEBUG org.apache.http.wire --  << "Cache-Control: no-cache, no-store, max-age=0, must-revalidate[\r][\n]"
16:09:34.359 [main] DEBUG org.apache.http.wire --  << "Pragma: no-cache[\r][\n]"
16:09:34.359 [main] DEBUG org.apache.http.wire --  << "Expires: 0[\r][\n]"
16:09:34.359 [main] DEBUG org.apache.http.wire --  << "X-Frame-Options: DENY[\r][\n]"
16:09:34.359 [main] DEBUG org.apache.http.wire --  << "Content-Type: text/plain;charset=UTF-8[\r][\n]"
16:09:34.359 [main] DEBUG org.apache.http.wire --  << "Content-Length: 14[\r][\n]"
16:09:34.359 [main] DEBUG org.apache.http.wire --  << "Date: Thu, 02 Jan 2025 10:39:34 GMT[\r][\n]"
16:09:34.359 [main] DEBUG org.apache.http.wire --  << "Keep-Alive: timeout=60[\r][\n]"
16:09:34.359 [main] DEBUG org.apache.http.wire --  << "Connection: keep-alive[\r][\n]"
16:09:34.359 [main] DEBUG org.apache.http.wire --  << "[\r][\n]"
16:09:34.360 [main] DEBUG org.apache.http.impl.conn.DefaultClientConnection -- Receiving response: HTTP/1.1 404 
16:09:34.360 [main] DEBUG org.apache.http.headers -- << HTTP/1.1 404 
16:09:34.360 [main] DEBUG org.apache.http.headers -- << Set-Cookie: JSESSIONID=7B2C99681A838680B06E4463FC207031; Path=/; HttpOnly
16:09:34.360 [main] DEBUG org.apache.http.headers -- << X-Content-Type-Options: nosniff
16:09:34.360 [main] DEBUG org.apache.http.headers -- << X-XSS-Protection: 1; mode=block
16:09:34.360 [main] DEBUG org.apache.http.headers -- << Cache-Control: no-cache, no-store, max-age=0, must-revalidate
16:09:34.360 [main] DEBUG org.apache.http.headers -- << Pragma: no-cache
16:09:34.360 [main] DEBUG org.apache.http.headers -- << Expires: 0
16:09:34.360 [main] DEBUG org.apache.http.headers -- << X-Frame-Options: DENY
16:09:34.360 [main] DEBUG org.apache.http.headers -- << Content-Type: text/plain;charset=UTF-8
16:09:34.360 [main] DEBUG org.apache.http.headers -- << Content-Length: 14
16:09:34.360 [main] DEBUG org.apache.http.headers -- << Date: Thu, 02 Jan 2025 10:39:34 GMT
16:09:34.360 [main] DEBUG org.apache.http.headers -- << Keep-Alive: timeout=60
16:09:34.360 [main] DEBUG org.apache.http.headers -- << Connection: keep-alive
16:09:34.360 [main] DEBUG org.apache.http.impl.client.DefaultHttpClient -- Connection can be kept alive for 60000 MILLISECONDS
16:09:34.360 [main] DEBUG org.apache.http.impl.client.DefaultHttpClient -- Authentication succeeded
16:09:34.360 [main] DEBUG org.apache.http.impl.client.TargetAuthenticationStrategy -- Caching 'basic' auth scheme for http://13.60.22.209:7081
16:09:34.360 [main] DEBUG io.restassured.internal.RestAssuredHttpBuilder -- Parsing response as: text/plain;charset=UTF-8
16:09:34.360 [main] DEBUG io.restassured.internal.RestAssuredHttpBuilder -- Parsed data to instance of: class org.apache.http.conn.EofSensorInputStream
]]></system-out>
  </testcase>
  <testcase name="testGetBookByIdAsRegularUser" classname="TestCases.GetBookAPITests" time="0.713">
    <failure message="Expected status code is 200 expected [200] but found [403]" type="java.lang.AssertionError"><![CDATA[java.lang.AssertionError: Expected status code is 200 expected [200] but found [403]
	at org.testng.Assert.fail(Assert.java:110)
	at org.testng.Assert.failNotEquals(Assert.java:1413)
	at org.testng.Assert.assertEqualsImpl(Assert.java:149)
	at org.testng.Assert.assertEquals(Assert.java:131)
	at org.testng.Assert.assertEquals(Assert.java:1240)
	at TestCases.GetBookAPITests.testGetBookByIdAsRegularUser(GetBookAPITests.java:133)
	at java.base/jdk.internal.reflect.NativeMethodAccessorImpl.invoke0(Native Method)
	at java.base/jdk.internal.reflect.NativeMethodAccessorImpl.invoke(NativeMethodAccessorImpl.java:77)
	at java.base/jdk.internal.reflect.DelegatingMethodAccessorImpl.invoke(DelegatingMethodAccessorImpl.java:43)
	at java.base/java.lang.reflect.Method.invoke(Method.java:568)
	at org.testng.internal.invokers.MethodInvocationHelper.invokeMethod(MethodInvocationHelper.java:139)
	at org.testng.internal.invokers.TestInvoker.invokeMethod(TestInvoker.java:677)
	at org.testng.internal.invokers.TestInvoker.invokeTestMethod(TestInvoker.java:221)
	at org.testng.internal.invokers.MethodRunner.runInSequence(MethodRunner.java:50)
	at org.testng.internal.invokers.TestInvoker$MethodInvocationAgent.invoke(TestInvoker.java:969)
	at org.testng.internal.invokers.TestInvoker.invokeTestMethods(TestInvoker.java:194)
	at org.testng.internal.invokers.TestMethodWorker.invokeTestMethods(TestMethodWorker.java:148)
	at org.testng.internal.invokers.TestMethodWorker.run(TestMethodWorker.java:128)
	at java.base/java.util.ArrayList.forEach(ArrayList.java:1511)
	at org.testng.TestRunner.privateRun(TestRunner.java:829)
	at org.testng.TestRunner.run(TestRunner.java:602)
	at org.testng.SuiteRunner.runTest(SuiteRunner.java:437)
	at org.testng.SuiteRunner.runSequentially(SuiteRunner.java:431)
	at org.testng.SuiteRunner.privateRun(SuiteRunner.java:391)
	at org.testng.SuiteRunner.run(SuiteRunner.java:330)
	at org.testng.SuiteRunnerWorker.runSuite(SuiteRunnerWorker.java:52)
	at org.testng.SuiteRunnerWorker.run(SuiteRunnerWorker.java:95)
	at org.testng.TestNG.runSuitesSequentially(TestNG.java:1256)
	at org.testng.TestNG.runSuitesLocally(TestNG.java:1176)
	at org.testng.TestNG.runSuites(TestNG.java:1099)
	at org.testng.TestNG.run(TestNG.java:1067)
	at org.apache.maven.surefire.testng.TestNGExecutor.run(TestNGExecutor.java:324)
	at org.apache.maven.surefire.testng.TestNGXmlTestSuite.execute(TestNGXmlTestSuite.java:74)
	at org.apache.maven.surefire.testng.TestNGProvider.invoke(TestNGProvider.java:123)
	at org.apache.maven.surefire.booter.ForkedBooter.runSuitesInProcess(ForkedBooter.java:456)
	at org.apache.maven.surefire.booter.ForkedBooter.execute(ForkedBooter.java:169)
	at org.apache.maven.surefire.booter.ForkedBooter.run(ForkedBooter.java:595)
	at org.apache.maven.surefire.booter.ForkedBooter.main(ForkedBooter.java:581)
]]></failure>
    <system-out><![CDATA[16:09:34.397 [main] DEBUG org.apache.http.impl.conn.BasicClientConnectionManager -- Get connection for route {}->http://13.60.22.209:7081
16:09:34.397 [main] DEBUG org.apache.http.impl.conn.DefaultClientConnectionOperator -- Connecting to 13.60.22.209:7081
16:09:34.590 [main] DEBUG org.apache.http.client.protocol.RequestAddCookies -- CookieSpec selected: ignoreCookies
16:09:34.591 [main] DEBUG org.apache.http.client.protocol.RequestAuthCache -- Auth cache not set in the context
16:09:34.591 [main] DEBUG org.apache.http.client.protocol.RequestTargetAuthentication -- Target auth state: UNCHALLENGED
16:09:34.591 [main] DEBUG org.apache.http.client.protocol.RequestProxyAuthentication -- Proxy auth state: UNCHALLENGED
16:09:34.591 [main] DEBUG org.apache.http.impl.client.DefaultHttpClient -- Attempt 1 to execute request
16:09:34.591 [main] DEBUG org.apache.http.impl.conn.DefaultClientConnection -- Sending request: GET /api/books/1 HTTP/1.1
16:09:34.591 [main] DEBUG org.apache.http.wire --  >> "GET /api/books/1 HTTP/1.1[\r][\n]"
16:09:34.591 [main] DEBUG org.apache.http.wire --  >> "Accept: */*[\r][\n]"
16:09:34.591 [main] DEBUG org.apache.http.wire --  >> "Host: 13.60.22.209:7081[\r][\n]"
16:09:34.591 [main] DEBUG org.apache.http.wire --  >> "Connection: Keep-Alive[\r][\n]"
16:09:34.591 [main] DEBUG org.apache.http.wire --  >> "User-Agent: Apache-HttpClient/4.5.13 (Java/17.0.9)[\r][\n]"
16:09:34.591 [main] DEBUG org.apache.http.wire --  >> "Accept-Encoding: gzip,deflate[\r][\n]"
16:09:34.591 [main] DEBUG org.apache.http.wire --  >> "[\r][\n]"
16:09:34.591 [main] DEBUG org.apache.http.headers -- >> GET /api/books/1 HTTP/1.1
16:09:34.591 [main] DEBUG org.apache.http.headers -- >> Accept: */*
16:09:34.591 [main] DEBUG org.apache.http.headers -- >> Host: 13.60.22.209:7081
16:09:34.591 [main] DEBUG org.apache.http.headers -- >> Connection: Keep-Alive
16:09:34.591 [main] DEBUG org.apache.http.headers -- >> User-Agent: Apache-HttpClient/4.5.13 (Java/17.0.9)
16:09:34.591 [main] DEBUG org.apache.http.headers -- >> Accept-Encoding: gzip,deflate
16:09:34.788 [main] DEBUG org.apache.http.wire --  << "HTTP/1.1 401 [\r][\n]"
16:09:34.788 [main] DEBUG org.apache.http.wire --  << "Set-Cookie: JSESSIONID=B4B5EE6B3FC4582C12E70553272AA48E; Path=/; HttpOnly[\r][\n]"
16:09:34.789 [main] DEBUG org.apache.http.wire --  << "WWW-Authenticate: Basic realm="Realm"[\r][\n]"
16:09:34.789 [main] DEBUG org.apache.http.wire --  << "X-Content-Type-Options: nosniff[\r][\n]"
16:09:34.789 [main] DEBUG org.apache.http.wire --  << "X-XSS-Protection: 1; mode=block[\r][\n]"
16:09:34.789 [main] DEBUG org.apache.http.wire --  << "Cache-Control: no-cache, no-store, max-age=0, must-revalidate[\r][\n]"
16:09:34.789 [main] DEBUG org.apache.http.wire --  << "Pragma: no-cache[\r][\n]"
16:09:34.789 [main] DEBUG org.apache.http.wire --  << "Expires: 0[\r][\n]"
16:09:34.789 [main] DEBUG org.apache.http.wire --  << "X-Frame-Options: DENY[\r][\n]"
16:09:34.789 [main] DEBUG org.apache.http.wire --  << "Content-Length: 0[\r][\n]"
16:09:34.789 [main] DEBUG org.apache.http.wire --  << "Date: Thu, 02 Jan 2025 10:39:35 GMT[\r][\n]"
16:09:34.789 [main] DEBUG org.apache.http.wire --  << "Keep-Alive: timeout=60[\r][\n]"
16:09:34.789 [main] DEBUG org.apache.http.wire --  << "Connection: keep-alive[\r][\n]"
16:09:34.789 [main] DEBUG org.apache.http.wire --  << "[\r][\n]"
16:09:34.789 [main] DEBUG org.apache.http.impl.conn.DefaultClientConnection -- Receiving response: HTTP/1.1 401 
16:09:34.789 [main] DEBUG org.apache.http.headers -- << HTTP/1.1 401 
16:09:34.789 [main] DEBUG org.apache.http.headers -- << Set-Cookie: JSESSIONID=B4B5EE6B3FC4582C12E70553272AA48E; Path=/; HttpOnly
16:09:34.789 [main] DEBUG org.apache.http.headers -- << WWW-Authenticate: Basic realm="Realm"
16:09:34.789 [main] DEBUG org.apache.http.headers -- << X-Content-Type-Options: nosniff
16:09:34.789 [main] DEBUG org.apache.http.headers -- << X-XSS-Protection: 1; mode=block
16:09:34.789 [main] DEBUG org.apache.http.headers -- << Cache-Control: no-cache, no-store, max-age=0, must-revalidate
16:09:34.789 [main] DEBUG org.apache.http.headers -- << Pragma: no-cache
16:09:34.789 [main] DEBUG org.apache.http.headers -- << Expires: 0
16:09:34.789 [main] DEBUG org.apache.http.headers -- << X-Frame-Options: DENY
16:09:34.789 [main] DEBUG org.apache.http.headers -- << Content-Length: 0
16:09:34.789 [main] DEBUG org.apache.http.headers -- << Date: Thu, 02 Jan 2025 10:39:35 GMT
16:09:34.789 [main] DEBUG org.apache.http.headers -- << Keep-Alive: timeout=60
16:09:34.789 [main] DEBUG org.apache.http.headers -- << Connection: keep-alive
16:09:34.789 [main] DEBUG org.apache.http.impl.client.DefaultHttpClient -- Connection can be kept alive for 60000 MILLISECONDS
16:09:34.789 [main] DEBUG org.apache.http.impl.client.DefaultHttpClient -- Authentication required
16:09:34.789 [main] DEBUG org.apache.http.impl.client.DefaultHttpClient -- 13.60.22.209:7081 requested authentication
16:09:34.789 [main] DEBUG org.apache.http.impl.client.TargetAuthenticationStrategy -- Authentication schemes in the order of preference: [Negotiate, Kerberos, NTLM, CredSSP, Digest, Basic]
16:09:34.790 [main] DEBUG org.apache.http.impl.client.TargetAuthenticationStrategy -- Challenge for Negotiate authentication scheme not available
16:09:34.790 [main] DEBUG org.apache.http.impl.client.TargetAuthenticationStrategy -- Challenge for Kerberos authentication scheme not available
16:09:34.790 [main] DEBUG org.apache.http.impl.client.TargetAuthenticationStrategy -- Challenge for NTLM authentication scheme not available
16:09:34.790 [main] DEBUG org.apache.http.impl.client.TargetAuthenticationStrategy -- Challenge for CredSSP authentication scheme not available
16:09:34.790 [main] DEBUG org.apache.http.impl.client.TargetAuthenticationStrategy -- Challenge for Digest authentication scheme not available
16:09:34.790 [main] DEBUG org.apache.http.impl.client.DefaultHttpClient -- Selected authentication options: [BASIC [complete=true]]
16:09:34.790 [main] DEBUG org.apache.http.client.protocol.RequestAddCookies -- CookieSpec selected: ignoreCookies
16:09:34.790 [main] DEBUG org.apache.http.client.protocol.RequestAuthCache -- Auth cache not set in the context
16:09:34.790 [main] DEBUG org.apache.http.client.protocol.RequestTargetAuthentication -- Target auth state: CHALLENGED
16:09:34.790 [main] DEBUG org.apache.http.client.protocol.RequestTargetAuthentication -- Generating response to an authentication challenge using basic scheme
16:09:34.790 [main] DEBUG org.apache.http.client.protocol.RequestProxyAuthentication -- Proxy auth state: UNCHALLENGED
16:09:34.790 [main] DEBUG org.apache.http.impl.client.DefaultHttpClient -- Attempt 2 to execute request
16:09:34.790 [main] DEBUG org.apache.http.impl.conn.DefaultClientConnection -- Sending request: GET /api/books/1 HTTP/1.1
16:09:34.790 [main] DEBUG org.apache.http.wire --  >> "GET /api/books/1 HTTP/1.1[\r][\n]"
16:09:34.790 [main] DEBUG org.apache.http.wire --  >> "Accept: */*[\r][\n]"
16:09:34.790 [main] DEBUG org.apache.http.wire --  >> "Host: 13.60.22.209:7081[\r][\n]"
16:09:34.790 [main] DEBUG org.apache.http.wire --  >> "Connection: Keep-Alive[\r][\n]"
16:09:34.790 [main] DEBUG org.apache.http.wire --  >> "User-Agent: Apache-HttpClient/4.5.13 (Java/17.0.9)[\r][\n]"
16:09:34.790 [main] DEBUG org.apache.http.wire --  >> "Authorization: Basic dXNlcjpwYXNzd29yZA==[\r][\n]"
16:09:34.790 [main] DEBUG org.apache.http.wire --  >> "Accept-Encoding: gzip,deflate[\r][\n]"
16:09:34.790 [main] DEBUG org.apache.http.wire --  >> "[\r][\n]"
16:09:34.790 [main] DEBUG org.apache.http.headers -- >> GET /api/books/1 HTTP/1.1
16:09:34.790 [main] DEBUG org.apache.http.headers -- >> Accept: */*
16:09:34.790 [main] DEBUG org.apache.http.headers -- >> Host: 13.60.22.209:7081
16:09:34.790 [main] DEBUG org.apache.http.headers -- >> Connection: Keep-Alive
16:09:34.790 [main] DEBUG org.apache.http.headers -- >> User-Agent: Apache-HttpClient/4.5.13 (Java/17.0.9)
16:09:34.790 [main] DEBUG org.apache.http.headers -- >> Authorization: Basic dXNlcjpwYXNzd29yZA==
16:09:34.791 [main] DEBUG org.apache.http.headers -- >> Accept-Encoding: gzip,deflate
16:09:35.088 [main] DEBUG org.apache.http.wire --  << "HTTP/1.1 403 [\r][\n]"
16:09:35.089 [main] DEBUG org.apache.http.wire --  << "Set-Cookie: JSESSIONID=0378CE0B526DBCFB03B88EA0C96F253B; Path=/; HttpOnly[\r][\n]"
16:09:35.089 [main] DEBUG org.apache.http.wire --  << "X-Content-Type-Options: nosniff[\r][\n]"
16:09:35.089 [main] DEBUG org.apache.http.wire --  << "X-XSS-Protection: 1; mode=block[\r][\n]"
16:09:35.089 [main] DEBUG org.apache.http.wire --  << "Cache-Control: no-cache, no-store, max-age=0, must-revalidate[\r][\n]"
16:09:35.089 [main] DEBUG org.apache.http.wire --  << "Pragma: no-cache[\r][\n]"
16:09:35.089 [main] DEBUG org.apache.http.wire --  << "Expires: 0[\r][\n]"
16:09:35.089 [main] DEBUG org.apache.http.wire --  << "X-Frame-Options: DENY[\r][\n]"
16:09:35.089 [main] DEBUG org.apache.http.wire --  << "Content-Type: text/plain;charset=UTF-8[\r][\n]"
16:09:35.089 [main] DEBUG org.apache.http.wire --  << "Content-Length: 22[\r][\n]"
16:09:35.089 [main] DEBUG org.apache.http.wire --  << "Date: Thu, 02 Jan 2025 10:39:35 GMT[\r][\n]"
16:09:35.089 [main] DEBUG org.apache.http.wire --  << "Keep-Alive: timeout=60[\r][\n]"
16:09:35.089 [main] DEBUG org.apache.http.wire --  << "Connection: keep-alive[\r][\n]"
16:09:35.089 [main] DEBUG org.apache.http.wire --  << "[\r][\n]"
16:09:35.089 [main] DEBUG org.apache.http.impl.conn.DefaultClientConnection -- Receiving response: HTTP/1.1 403 
16:09:35.089 [main] DEBUG org.apache.http.headers -- << HTTP/1.1 403 
16:09:35.089 [main] DEBUG org.apache.http.headers -- << Set-Cookie: JSESSIONID=0378CE0B526DBCFB03B88EA0C96F253B; Path=/; HttpOnly
16:09:35.089 [main] DEBUG org.apache.http.headers -- << X-Content-Type-Options: nosniff
16:09:35.089 [main] DEBUG org.apache.http.headers -- << X-XSS-Protection: 1; mode=block
16:09:35.089 [main] DEBUG org.apache.http.headers -- << Cache-Control: no-cache, no-store, max-age=0, must-revalidate
16:09:35.089 [main] DEBUG org.apache.http.headers -- << Pragma: no-cache
16:09:35.089 [main] DEBUG org.apache.http.headers -- << Expires: 0
16:09:35.089 [main] DEBUG org.apache.http.headers -- << X-Frame-Options: DENY
16:09:35.089 [main] DEBUG org.apache.http.headers -- << Content-Type: text/plain;charset=UTF-8
16:09:35.089 [main] DEBUG org.apache.http.headers -- << Content-Length: 22
16:09:35.089 [main] DEBUG org.apache.http.headers -- << Date: Thu, 02 Jan 2025 10:39:35 GMT
16:09:35.089 [main] DEBUG org.apache.http.headers -- << Keep-Alive: timeout=60
16:09:35.089 [main] DEBUG org.apache.http.headers -- << Connection: keep-alive
16:09:35.089 [main] DEBUG org.apache.http.impl.client.DefaultHttpClient -- Connection can be kept alive for 60000 MILLISECONDS
16:09:35.089 [main] DEBUG org.apache.http.impl.client.DefaultHttpClient -- Authentication succeeded
16:09:35.089 [main] DEBUG org.apache.http.impl.client.TargetAuthenticationStrategy -- Caching 'basic' auth scheme for http://13.60.22.209:7081
16:09:35.089 [main] DEBUG io.restassured.internal.RestAssuredHttpBuilder -- Parsing response as: text/plain;charset=UTF-8
16:09:35.089 [main] DEBUG io.restassured.internal.RestAssuredHttpBuilder -- Parsed data to instance of: class org.apache.http.conn.EofSensorInputStream
]]></system-out>
  </testcase>
  <testcase name="testGetBookByIdAsUser" classname="TestCases.GetBookAPITests" time="0.579">
    <failure message="Expected status code is 200 expected [200] but found [403]" type="java.lang.AssertionError"><![CDATA[java.lang.AssertionError: Expected status code is 200 expected [200] but found [403]
	at org.testng.Assert.fail(Assert.java:110)
	at org.testng.Assert.failNotEquals(Assert.java:1413)
	at org.testng.Assert.assertEqualsImpl(Assert.java:149)
	at org.testng.Assert.assertEquals(Assert.java:131)
	at org.testng.Assert.assertEquals(Assert.java:1240)
	at TestCases.GetBookAPITests.testGetBookByIdAsUser(GetBookAPITests.java:58)
	at java.base/jdk.internal.reflect.NativeMethodAccessorImpl.invoke0(Native Method)
	at java.base/jdk.internal.reflect.NativeMethodAccessorImpl.invoke(NativeMethodAccessorImpl.java:77)
	at java.base/jdk.internal.reflect.DelegatingMethodAccessorImpl.invoke(DelegatingMethodAccessorImpl.java:43)
	at java.base/java.lang.reflect.Method.invoke(Method.java:568)
	at org.testng.internal.invokers.MethodInvocationHelper.invokeMethod(MethodInvocationHelper.java:139)
	at org.testng.internal.invokers.TestInvoker.invokeMethod(TestInvoker.java:677)
	at org.testng.internal.invokers.TestInvoker.invokeTestMethod(TestInvoker.java:221)
	at org.testng.internal.invokers.MethodRunner.runInSequence(MethodRunner.java:50)
	at org.testng.internal.invokers.TestInvoker$MethodInvocationAgent.invoke(TestInvoker.java:969)
	at org.testng.internal.invokers.TestInvoker.invokeTestMethods(TestInvoker.java:194)
	at org.testng.internal.invokers.TestMethodWorker.invokeTestMethods(TestMethodWorker.java:148)
	at org.testng.internal.invokers.TestMethodWorker.run(TestMethodWorker.java:128)
	at java.base/java.util.ArrayList.forEach(ArrayList.java:1511)
	at org.testng.TestRunner.privateRun(TestRunner.java:829)
	at org.testng.TestRunner.run(TestRunner.java:602)
	at org.testng.SuiteRunner.runTest(SuiteRunner.java:437)
	at org.testng.SuiteRunner.runSequentially(SuiteRunner.java:431)
	at org.testng.SuiteRunner.privateRun(SuiteRunner.java:391)
	at org.testng.SuiteRunner.run(SuiteRunner.java:330)
	at org.testng.SuiteRunnerWorker.runSuite(SuiteRunnerWorker.java:52)
	at org.testng.SuiteRunnerWorker.run(SuiteRunnerWorker.java:95)
	at org.testng.TestNG.runSuitesSequentially(TestNG.java:1256)
	at org.testng.TestNG.runSuitesLocally(TestNG.java:1176)
	at org.testng.TestNG.runSuites(TestNG.java:1099)
	at org.testng.TestNG.run(TestNG.java:1067)
	at org.apache.maven.surefire.testng.TestNGExecutor.run(TestNGExecutor.java:324)
	at org.apache.maven.surefire.testng.TestNGXmlTestSuite.execute(TestNGXmlTestSuite.java:74)
	at org.apache.maven.surefire.testng.TestNGProvider.invoke(TestNGProvider.java:123)
	at org.apache.maven.surefire.booter.ForkedBooter.runSuitesInProcess(ForkedBooter.java:456)
	at org.apache.maven.surefire.booter.ForkedBooter.execute(ForkedBooter.java:169)
	at org.apache.maven.surefire.booter.ForkedBooter.run(ForkedBooter.java:595)
	at org.apache.maven.surefire.booter.ForkedBooter.main(ForkedBooter.java:581)
]]></failure>
    <system-out><![CDATA[16:09:35.098 [main] DEBUG org.apache.http.impl.conn.BasicClientConnectionManager -- Get connection for route {}->http://13.60.22.209:7081
16:09:35.098 [main] DEBUG org.apache.http.impl.conn.DefaultClientConnectionOperator -- Connecting to 13.60.22.209:7081
16:09:35.249 [main] DEBUG org.apache.http.client.protocol.RequestAddCookies -- CookieSpec selected: ignoreCookies
16:09:35.249 [main] DEBUG org.apache.http.client.protocol.RequestAuthCache -- Auth cache not set in the context
16:09:35.249 [main] DEBUG org.apache.http.client.protocol.RequestTargetAuthentication -- Target auth state: UNCHALLENGED
16:09:35.249 [main] DEBUG org.apache.http.client.protocol.RequestProxyAuthentication -- Proxy auth state: UNCHALLENGED
16:09:35.249 [main] DEBUG org.apache.http.impl.client.DefaultHttpClient -- Attempt 1 to execute request
16:09:35.249 [main] DEBUG org.apache.http.impl.conn.DefaultClientConnection -- Sending request: GET /api/books/1 HTTP/1.1
16:09:35.249 [main] DEBUG org.apache.http.wire --  >> "GET /api/books/1 HTTP/1.1[\r][\n]"
16:09:35.249 [main] DEBUG org.apache.http.wire --  >> "Accept: */*[\r][\n]"
16:09:35.249 [main] DEBUG org.apache.http.wire --  >> "Host: 13.60.22.209:7081[\r][\n]"
16:09:35.249 [main] DEBUG org.apache.http.wire --  >> "Connection: Keep-Alive[\r][\n]"
16:09:35.249 [main] DEBUG org.apache.http.wire --  >> "User-Agent: Apache-HttpClient/4.5.13 (Java/17.0.9)[\r][\n]"
16:09:35.249 [main] DEBUG org.apache.http.wire --  >> "Accept-Encoding: gzip,deflate[\r][\n]"
16:09:35.249 [main] DEBUG org.apache.http.wire --  >> "[\r][\n]"
16:09:35.249 [main] DEBUG org.apache.http.headers -- >> GET /api/books/1 HTTP/1.1
16:09:35.249 [main] DEBUG org.apache.http.headers -- >> Accept: */*
16:09:35.249 [main] DEBUG org.apache.http.headers -- >> Host: 13.60.22.209:7081
16:09:35.249 [main] DEBUG org.apache.http.headers -- >> Connection: Keep-Alive
16:09:35.249 [main] DEBUG org.apache.http.headers -- >> User-Agent: Apache-HttpClient/4.5.13 (Java/17.0.9)
16:09:35.249 [main] DEBUG org.apache.http.headers -- >> Accept-Encoding: gzip,deflate
16:09:35.402 [main] DEBUG org.apache.http.wire --  << "HTTP/1.1 401 [\r][\n]"
16:09:35.402 [main] DEBUG org.apache.http.wire --  << "Set-Cookie: JSESSIONID=BEE6C791445A2AF70C379A516FA24CA7; Path=/; HttpOnly[\r][\n]"
16:09:35.403 [main] DEBUG org.apache.http.wire --  << "WWW-Authenticate: Basic realm="Realm"[\r][\n]"
16:09:35.403 [main] DEBUG org.apache.http.wire --  << "X-Content-Type-Options: nosniff[\r][\n]"
16:09:35.403 [main] DEBUG org.apache.http.wire --  << "X-XSS-Protection: 1; mode=block[\r][\n]"
16:09:35.403 [main] DEBUG org.apache.http.wire --  << "Cache-Control: no-cache, no-store, max-age=0, must-revalidate[\r][\n]"
16:09:35.403 [main] DEBUG org.apache.http.wire --  << "Pragma: no-cache[\r][\n]"
16:09:35.403 [main] DEBUG org.apache.http.wire --  << "Expires: 0[\r][\n]"
16:09:35.403 [main] DEBUG org.apache.http.wire --  << "X-Frame-Options: DENY[\r][\n]"
16:09:35.403 [main] DEBUG org.apache.http.wire --  << "Content-Length: 0[\r][\n]"
16:09:35.403 [main] DEBUG org.apache.http.wire --  << "Date: Thu, 02 Jan 2025 10:39:35 GMT[\r][\n]"
16:09:35.403 [main] DEBUG org.apache.http.wire --  << "Keep-Alive: timeout=60[\r][\n]"
16:09:35.403 [main] DEBUG org.apache.http.wire --  << "Connection: keep-alive[\r][\n]"
16:09:35.403 [main] DEBUG org.apache.http.wire --  << "[\r][\n]"
16:09:35.403 [main] DEBUG org.apache.http.impl.conn.DefaultClientConnection -- Receiving response: HTTP/1.1 401 
16:09:35.403 [main] DEBUG org.apache.http.headers -- << HTTP/1.1 401 
16:09:35.405 [main] DEBUG org.apache.http.headers -- << Set-Cookie: JSESSIONID=BEE6C791445A2AF70C379A516FA24CA7; Path=/; HttpOnly
16:09:35.405 [main] DEBUG org.apache.http.headers -- << WWW-Authenticate: Basic realm="Realm"
16:09:35.405 [main] DEBUG org.apache.http.headers -- << X-Content-Type-Options: nosniff
16:09:35.405 [main] DEBUG org.apache.http.headers -- << X-XSS-Protection: 1; mode=block
16:09:35.405 [main] DEBUG org.apache.http.headers -- << Cache-Control: no-cache, no-store, max-age=0, must-revalidate
16:09:35.405 [main] DEBUG org.apache.http.headers -- << Pragma: no-cache
16:09:35.405 [main] DEBUG org.apache.http.headers -- << Expires: 0
16:09:35.405 [main] DEBUG org.apache.http.headers -- << X-Frame-Options: DENY
16:09:35.405 [main] DEBUG org.apache.http.headers -- << Content-Length: 0
16:09:35.405 [main] DEBUG org.apache.http.headers -- << Date: Thu, 02 Jan 2025 10:39:35 GMT
16:09:35.405 [main] DEBUG org.apache.http.headers -- << Keep-Alive: timeout=60
16:09:35.405 [main] DEBUG org.apache.http.headers -- << Connection: keep-alive
16:09:35.405 [main] DEBUG org.apache.http.impl.client.DefaultHttpClient -- Connection can be kept alive for 60000 MILLISECONDS
16:09:35.405 [main] DEBUG org.apache.http.impl.client.DefaultHttpClient -- Authentication required
16:09:35.405 [main] DEBUG org.apache.http.impl.client.DefaultHttpClient -- 13.60.22.209:7081 requested authentication
16:09:35.405 [main] DEBUG org.apache.http.impl.client.TargetAuthenticationStrategy -- Authentication schemes in the order of preference: [Negotiate, Kerberos, NTLM, CredSSP, Digest, Basic]
16:09:35.405 [main] DEBUG org.apache.http.impl.client.TargetAuthenticationStrategy -- Challenge for Negotiate authentication scheme not available
16:09:35.405 [main] DEBUG org.apache.http.impl.client.TargetAuthenticationStrategy -- Challenge for Kerberos authentication scheme not available
16:09:35.405 [main] DEBUG org.apache.http.impl.client.TargetAuthenticationStrategy -- Challenge for NTLM authentication scheme not available
16:09:35.405 [main] DEBUG org.apache.http.impl.client.TargetAuthenticationStrategy -- Challenge for CredSSP authentication scheme not available
16:09:35.405 [main] DEBUG org.apache.http.impl.client.TargetAuthenticationStrategy -- Challenge for Digest authentication scheme not available
16:09:35.405 [main] DEBUG org.apache.http.impl.client.DefaultHttpClient -- Selected authentication options: [BASIC [complete=true]]
16:09:35.406 [main] DEBUG org.apache.http.client.protocol.RequestAddCookies -- CookieSpec selected: ignoreCookies
16:09:35.406 [main] DEBUG org.apache.http.client.protocol.RequestAuthCache -- Auth cache not set in the context
16:09:35.406 [main] DEBUG org.apache.http.client.protocol.RequestTargetAuthentication -- Target auth state: CHALLENGED
16:09:35.406 [main] DEBUG org.apache.http.client.protocol.RequestTargetAuthentication -- Generating response to an authentication challenge using basic scheme
16:09:35.406 [main] DEBUG org.apache.http.client.protocol.RequestProxyAuthentication -- Proxy auth state: UNCHALLENGED
16:09:35.407 [main] DEBUG org.apache.http.impl.client.DefaultHttpClient -- Attempt 2 to execute request
16:09:35.407 [main] DEBUG org.apache.http.impl.conn.DefaultClientConnection -- Sending request: GET /api/books/1 HTTP/1.1
16:09:35.407 [main] DEBUG org.apache.http.wire --  >> "GET /api/books/1 HTTP/1.1[\r][\n]"
16:09:35.407 [main] DEBUG org.apache.http.wire --  >> "Accept: */*[\r][\n]"
16:09:35.407 [main] DEBUG org.apache.http.wire --  >> "Host: 13.60.22.209:7081[\r][\n]"
16:09:35.407 [main] DEBUG org.apache.http.wire --  >> "Connection: Keep-Alive[\r][\n]"
16:09:35.407 [main] DEBUG org.apache.http.wire --  >> "User-Agent: Apache-HttpClient/4.5.13 (Java/17.0.9)[\r][\n]"
16:09:35.407 [main] DEBUG org.apache.http.wire --  >> "Authorization: Basic dXNlcjpwYXNzd29yZA==[\r][\n]"
16:09:35.407 [main] DEBUG org.apache.http.wire --  >> "Accept-Encoding: gzip,deflate[\r][\n]"
16:09:35.407 [main] DEBUG org.apache.http.wire --  >> "[\r][\n]"
16:09:35.407 [main] DEBUG org.apache.http.headers -- >> GET /api/books/1 HTTP/1.1
16:09:35.407 [main] DEBUG org.apache.http.headers -- >> Accept: */*
16:09:35.407 [main] DEBUG org.apache.http.headers -- >> Host: 13.60.22.209:7081
16:09:35.407 [main] DEBUG org.apache.http.headers -- >> Connection: Keep-Alive
16:09:35.407 [main] DEBUG org.apache.http.headers -- >> User-Agent: Apache-HttpClient/4.5.13 (Java/17.0.9)
16:09:35.407 [main] DEBUG org.apache.http.headers -- >> Authorization: Basic dXNlcjpwYXNzd29yZA==
16:09:35.407 [main] DEBUG org.apache.http.headers -- >> Accept-Encoding: gzip,deflate
16:09:35.668 [main] DEBUG org.apache.http.wire --  << "HTTP/1.1 403 [\r][\n]"
16:09:35.668 [main] DEBUG org.apache.http.wire --  << "Set-Cookie: JSESSIONID=6AA9D30D6597ECB840B5B59DEF731D87; Path=/; HttpOnly[\r][\n]"
16:09:35.668 [main] DEBUG org.apache.http.wire --  << "X-Content-Type-Options: nosniff[\r][\n]"
16:09:35.668 [main] DEBUG org.apache.http.wire --  << "X-XSS-Protection: 1; mode=block[\r][\n]"
16:09:35.668 [main] DEBUG org.apache.http.wire --  << "Cache-Control: no-cache, no-store, max-age=0, must-revalidate[\r][\n]"
16:09:35.668 [main] DEBUG org.apache.http.wire --  << "Pragma: no-cache[\r][\n]"
16:09:35.668 [main] DEBUG org.apache.http.wire --  << "Expires: 0[\r][\n]"
16:09:35.668 [main] DEBUG org.apache.http.wire --  << "X-Frame-Options: DENY[\r][\n]"
16:09:35.668 [main] DEBUG org.apache.http.wire --  << "Content-Type: text/plain;charset=UTF-8[\r][\n]"
16:09:35.668 [main] DEBUG org.apache.http.wire --  << "Content-Length: 22[\r][\n]"
16:09:35.668 [main] DEBUG org.apache.http.wire --  << "Date: Thu, 02 Jan 2025 10:39:35 GMT[\r][\n]"
16:09:35.668 [main] DEBUG org.apache.http.wire --  << "Keep-Alive: timeout=60[\r][\n]"
16:09:35.668 [main] DEBUG org.apache.http.wire --  << "Connection: keep-alive[\r][\n]"
16:09:35.668 [main] DEBUG org.apache.http.wire --  << "[\r][\n]"
16:09:35.668 [main] DEBUG org.apache.http.impl.conn.DefaultClientConnection -- Receiving response: HTTP/1.1 403 
16:09:35.668 [main] DEBUG org.apache.http.headers -- << HTTP/1.1 403 
16:09:35.668 [main] DEBUG org.apache.http.headers -- << Set-Cookie: JSESSIONID=6AA9D30D6597ECB840B5B59DEF731D87; Path=/; HttpOnly
16:09:35.668 [main] DEBUG org.apache.http.headers -- << X-Content-Type-Options: nosniff
16:09:35.668 [main] DEBUG org.apache.http.headers -- << X-XSS-Protection: 1; mode=block
16:09:35.668 [main] DEBUG org.apache.http.headers -- << Cache-Control: no-cache, no-store, max-age=0, must-revalidate
16:09:35.668 [main] DEBUG org.apache.http.headers -- << Pragma: no-cache
16:09:35.668 [main] DEBUG org.apache.http.headers -- << Expires: 0
16:09:35.668 [main] DEBUG org.apache.http.headers -- << X-Frame-Options: DENY
16:09:35.668 [main] DEBUG org.apache.http.headers -- << Content-Type: text/plain;charset=UTF-8
16:09:35.668 [main] DEBUG org.apache.http.headers -- << Content-Length: 22
16:09:35.668 [main] DEBUG org.apache.http.headers -- << Date: Thu, 02 Jan 2025 10:39:35 GMT
16:09:35.668 [main] DEBUG org.apache.http.headers -- << Keep-Alive: timeout=60
16:09:35.668 [main] DEBUG org.apache.http.headers -- << Connection: keep-alive
16:09:35.668 [main] DEBUG org.apache.http.impl.client.DefaultHttpClient -- Connection can be kept alive for 60000 MILLISECONDS
16:09:35.668 [main] DEBUG org.apache.http.impl.client.DefaultHttpClient -- Authentication succeeded
16:09:35.668 [main] DEBUG org.apache.http.impl.client.TargetAuthenticationStrategy -- Caching 'basic' auth scheme for http://13.60.22.209:7081
16:09:35.668 [main] DEBUG io.restassured.internal.RestAssuredHttpBuilder -- Parsing response as: text/plain;charset=UTF-8
16:09:35.668 [main] DEBUG io.restassured.internal.RestAssuredHttpBuilder -- Parsed data to instance of: class org.apache.http.conn.EofSensorInputStream
]]></system-out>
  </testcase>
  <testcase name="testGetBookByInvalidIdAsAdmin" classname="TestCases.GetBookAPITests" time="0.637">
    <system-out><![CDATA[16:09:35.682 [main] DEBUG org.apache.http.impl.conn.BasicClientConnectionManager -- Get connection for route {}->http://13.60.22.209:7081
16:09:35.682 [main] DEBUG org.apache.http.impl.conn.DefaultClientConnectionOperator -- Connecting to 13.60.22.209:7081
16:09:35.854 [main] DEBUG org.apache.http.client.protocol.RequestAddCookies -- CookieSpec selected: ignoreCookies
16:09:35.854 [main] DEBUG org.apache.http.client.protocol.RequestAuthCache -- Auth cache not set in the context
16:09:35.854 [main] DEBUG org.apache.http.client.protocol.RequestTargetAuthentication -- Target auth state: UNCHALLENGED
16:09:35.854 [main] DEBUG org.apache.http.client.protocol.RequestProxyAuthentication -- Proxy auth state: UNCHALLENGED
16:09:35.855 [main] DEBUG org.apache.http.impl.client.DefaultHttpClient -- Attempt 1 to execute request
16:09:35.855 [main] DEBUG org.apache.http.impl.conn.DefaultClientConnection -- Sending request: GET /api/books/9999 HTTP/1.1
16:09:35.855 [main] DEBUG org.apache.http.wire --  >> "GET /api/books/9999 HTTP/1.1[\r][\n]"
16:09:35.855 [main] DEBUG org.apache.http.wire --  >> "Accept: */*[\r][\n]"
16:09:35.855 [main] DEBUG org.apache.http.wire --  >> "Host: 13.60.22.209:7081[\r][\n]"
16:09:35.855 [main] DEBUG org.apache.http.wire --  >> "Connection: Keep-Alive[\r][\n]"
16:09:35.855 [main] DEBUG org.apache.http.wire --  >> "User-Agent: Apache-HttpClient/4.5.13 (Java/17.0.9)[\r][\n]"
16:09:35.855 [main] DEBUG org.apache.http.wire --  >> "Accept-Encoding: gzip,deflate[\r][\n]"
16:09:35.855 [main] DEBUG org.apache.http.wire --  >> "[\r][\n]"
16:09:35.855 [main] DEBUG org.apache.http.headers -- >> GET /api/books/9999 HTTP/1.1
16:09:35.855 [main] DEBUG org.apache.http.headers -- >> Accept: */*
16:09:35.855 [main] DEBUG org.apache.http.headers -- >> Host: 13.60.22.209:7081
16:09:35.855 [main] DEBUG org.apache.http.headers -- >> Connection: Keep-Alive
16:09:35.855 [main] DEBUG org.apache.http.headers -- >> User-Agent: Apache-HttpClient/4.5.13 (Java/17.0.9)
16:09:35.855 [main] DEBUG org.apache.http.headers -- >> Accept-Encoding: gzip,deflate
16:09:36.030 [main] DEBUG org.apache.http.wire --  << "HTTP/1.1 401 [\r][\n]"
16:09:36.030 [main] DEBUG org.apache.http.wire --  << "Set-Cookie: JSESSIONID=DF5C322C5EF2138840F4BF4EA1F67262; Path=/; HttpOnly[\r][\n]"
16:09:36.030 [main] DEBUG org.apache.http.wire --  << "WWW-Authenticate: Basic realm="Realm"[\r][\n]"
16:09:36.031 [main] DEBUG org.apache.http.wire --  << "X-Content-Type-Options: nosniff[\r][\n]"
16:09:36.031 [main] DEBUG org.apache.http.wire --  << "X-XSS-Protection: 1; mode=block[\r][\n]"
16:09:36.031 [main] DEBUG org.apache.http.wire --  << "Cache-Control: no-cache, no-store, max-age=0, must-revalidate[\r][\n]"
16:09:36.031 [main] DEBUG org.apache.http.wire --  << "Pragma: no-cache[\r][\n]"
16:09:36.031 [main] DEBUG org.apache.http.wire --  << "Expires: 0[\r][\n]"
16:09:36.031 [main] DEBUG org.apache.http.wire --  << "X-Frame-Options: DENY[\r][\n]"
16:09:36.031 [main] DEBUG org.apache.http.wire --  << "Content-Length: 0[\r][\n]"
16:09:36.031 [main] DEBUG org.apache.http.wire --  << "Date: Thu, 02 Jan 2025 10:39:36 GMT[\r][\n]"
16:09:36.031 [main] DEBUG org.apache.http.wire --  << "Keep-Alive: timeout=60[\r][\n]"
16:09:36.031 [main] DEBUG org.apache.http.wire --  << "Connection: keep-alive[\r][\n]"
16:09:36.031 [main] DEBUG org.apache.http.wire --  << "[\r][\n]"
16:09:36.031 [main] DEBUG org.apache.http.impl.conn.DefaultClientConnection -- Receiving response: HTTP/1.1 401 
16:09:36.031 [main] DEBUG org.apache.http.headers -- << HTTP/1.1 401 
16:09:36.031 [main] DEBUG org.apache.http.headers -- << Set-Cookie: JSESSIONID=DF5C322C5EF2138840F4BF4EA1F67262; Path=/; HttpOnly
16:09:36.031 [main] DEBUG org.apache.http.headers -- << WWW-Authenticate: Basic realm="Realm"
16:09:36.031 [main] DEBUG org.apache.http.headers -- << X-Content-Type-Options: nosniff
16:09:36.031 [main] DEBUG org.apache.http.headers -- << X-XSS-Protection: 1; mode=block
16:09:36.031 [main] DEBUG org.apache.http.headers -- << Cache-Control: no-cache, no-store, max-age=0, must-revalidate
16:09:36.031 [main] DEBUG org.apache.http.headers -- << Pragma: no-cache
16:09:36.031 [main] DEBUG org.apache.http.headers -- << Expires: 0
16:09:36.031 [main] DEBUG org.apache.http.headers -- << X-Frame-Options: DENY
16:09:36.031 [main] DEBUG org.apache.http.headers -- << Content-Length: 0
16:09:36.031 [main] DEBUG org.apache.http.headers -- << Date: Thu, 02 Jan 2025 10:39:36 GMT
16:09:36.031 [main] DEBUG org.apache.http.headers -- << Keep-Alive: timeout=60
16:09:36.031 [main] DEBUG org.apache.http.headers -- << Connection: keep-alive
16:09:36.031 [main] DEBUG org.apache.http.impl.client.DefaultHttpClient -- Connection can be kept alive for 60000 MILLISECONDS
16:09:36.031 [main] DEBUG org.apache.http.impl.client.DefaultHttpClient -- Authentication required
16:09:36.031 [main] DEBUG org.apache.http.impl.client.DefaultHttpClient -- 13.60.22.209:7081 requested authentication
16:09:36.031 [main] DEBUG org.apache.http.impl.client.TargetAuthenticationStrategy -- Authentication schemes in the order of preference: [Negotiate, Kerberos, NTLM, CredSSP, Digest, Basic]
16:09:36.031 [main] DEBUG org.apache.http.impl.client.TargetAuthenticationStrategy -- Challenge for Negotiate authentication scheme not available
16:09:36.031 [main] DEBUG org.apache.http.impl.client.TargetAuthenticationStrategy -- Challenge for Kerberos authentication scheme not available
16:09:36.031 [main] DEBUG org.apache.http.impl.client.TargetAuthenticationStrategy -- Challenge for NTLM authentication scheme not available
16:09:36.031 [main] DEBUG org.apache.http.impl.client.TargetAuthenticationStrategy -- Challenge for CredSSP authentication scheme not available
16:09:36.032 [main] DEBUG org.apache.http.impl.client.TargetAuthenticationStrategy -- Challenge for Digest authentication scheme not available
16:09:36.032 [main] DEBUG org.apache.http.impl.client.DefaultHttpClient -- Selected authentication options: [BASIC [complete=true]]
16:09:36.032 [main] DEBUG org.apache.http.client.protocol.RequestAddCookies -- CookieSpec selected: ignoreCookies
16:09:36.032 [main] DEBUG org.apache.http.client.protocol.RequestAuthCache -- Auth cache not set in the context
16:09:36.032 [main] DEBUG org.apache.http.client.protocol.RequestTargetAuthentication -- Target auth state: CHALLENGED
16:09:36.032 [main] DEBUG org.apache.http.client.protocol.RequestTargetAuthentication -- Generating response to an authentication challenge using basic scheme
16:09:36.032 [main] DEBUG org.apache.http.client.protocol.RequestProxyAuthentication -- Proxy auth state: UNCHALLENGED
16:09:36.032 [main] DEBUG org.apache.http.impl.client.DefaultHttpClient -- Attempt 2 to execute request
16:09:36.032 [main] DEBUG org.apache.http.impl.conn.DefaultClientConnection -- Sending request: GET /api/books/9999 HTTP/1.1
16:09:36.032 [main] DEBUG org.apache.http.wire --  >> "GET /api/books/9999 HTTP/1.1[\r][\n]"
16:09:36.032 [main] DEBUG org.apache.http.wire --  >> "Accept: */*[\r][\n]"
16:09:36.032 [main] DEBUG org.apache.http.wire --  >> "Host: 13.60.22.209:7081[\r][\n]"
16:09:36.032 [main] DEBUG org.apache.http.wire --  >> "Connection: Keep-Alive[\r][\n]"
16:09:36.032 [main] DEBUG org.apache.http.wire --  >> "User-Agent: Apache-HttpClient/4.5.13 (Java/17.0.9)[\r][\n]"
16:09:36.032 [main] DEBUG org.apache.http.wire --  >> "Authorization: Basic YWRtaW46cGFzc3dvcmQ=[\r][\n]"
16:09:36.032 [main] DEBUG org.apache.http.wire --  >> "Accept-Encoding: gzip,deflate[\r][\n]"
16:09:36.032 [main] DEBUG org.apache.http.wire --  >> "[\r][\n]"
16:09:36.032 [main] DEBUG org.apache.http.headers -- >> GET /api/books/9999 HTTP/1.1
16:09:36.032 [main] DEBUG org.apache.http.headers -- >> Accept: */*
16:09:36.033 [main] DEBUG org.apache.http.headers -- >> Host: 13.60.22.209:7081
16:09:36.033 [main] DEBUG org.apache.http.headers -- >> Connection: Keep-Alive
16:09:36.033 [main] DEBUG org.apache.http.headers -- >> User-Agent: Apache-HttpClient/4.5.13 (Java/17.0.9)
16:09:36.033 [main] DEBUG org.apache.http.headers -- >> Authorization: Basic YWRtaW46cGFzc3dvcmQ=
16:09:36.033 [main] DEBUG org.apache.http.headers -- >> Accept-Encoding: gzip,deflate
16:09:36.302 [main] DEBUG org.apache.http.wire --  << "HTTP/1.1 404 [\r][\n]"
16:09:36.302 [main] DEBUG org.apache.http.wire --  << "Set-Cookie: JSESSIONID=531D14F824749F4127D6081350AF7A6B; Path=/; HttpOnly[\r][\n]"
16:09:36.302 [main] DEBUG org.apache.http.wire --  << "X-Content-Type-Options: nosniff[\r][\n]"
16:09:36.303 [main] DEBUG org.apache.http.wire --  << "X-XSS-Protection: 1; mode=block[\r][\n]"
16:09:36.303 [main] DEBUG org.apache.http.wire --  << "Cache-Control: no-cache, no-store, max-age=0, must-revalidate[\r][\n]"
16:09:36.303 [main] DEBUG org.apache.http.wire --  << "Pragma: no-cache[\r][\n]"
16:09:36.303 [main] DEBUG org.apache.http.wire --  << "Expires: 0[\r][\n]"
16:09:36.303 [main] DEBUG org.apache.http.wire --  << "X-Frame-Options: DENY[\r][\n]"
16:09:36.303 [main] DEBUG org.apache.http.wire --  << "Content-Type: text/plain;charset=UTF-8[\r][\n]"
16:09:36.303 [main] DEBUG org.apache.http.wire --  << "Content-Length: 14[\r][\n]"
16:09:36.303 [main] DEBUG org.apache.http.wire --  << "Date: Thu, 02 Jan 2025 10:39:36 GMT[\r][\n]"
16:09:36.303 [main] DEBUG org.apache.http.wire --  << "Keep-Alive: timeout=60[\r][\n]"
16:09:36.303 [main] DEBUG org.apache.http.wire --  << "Connection: keep-alive[\r][\n]"
16:09:36.303 [main] DEBUG org.apache.http.wire --  << "[\r][\n]"
16:09:36.303 [main] DEBUG org.apache.http.impl.conn.DefaultClientConnection -- Receiving response: HTTP/1.1 404 
16:09:36.303 [main] DEBUG org.apache.http.headers -- << HTTP/1.1 404 
16:09:36.303 [main] DEBUG org.apache.http.headers -- << Set-Cookie: JSESSIONID=531D14F824749F4127D6081350AF7A6B; Path=/; HttpOnly
16:09:36.303 [main] DEBUG org.apache.http.headers -- << X-Content-Type-Options: nosniff
16:09:36.303 [main] DEBUG org.apache.http.headers -- << X-XSS-Protection: 1; mode=block
16:09:36.303 [main] DEBUG org.apache.http.headers -- << Cache-Control: no-cache, no-store, max-age=0, must-revalidate
16:09:36.303 [main] DEBUG org.apache.http.headers -- << Pragma: no-cache
16:09:36.303 [main] DEBUG org.apache.http.headers -- << Expires: 0
16:09:36.303 [main] DEBUG org.apache.http.headers -- << X-Frame-Options: DENY
16:09:36.303 [main] DEBUG org.apache.http.headers -- << Content-Type: text/plain;charset=UTF-8
16:09:36.303 [main] DEBUG org.apache.http.headers -- << Content-Length: 14
16:09:36.303 [main] DEBUG org.apache.http.headers -- << Date: Thu, 02 Jan 2025 10:39:36 GMT
16:09:36.303 [main] DEBUG org.apache.http.headers -- << Keep-Alive: timeout=60
16:09:36.303 [main] DEBUG org.apache.http.headers -- << Connection: keep-alive
16:09:36.303 [main] DEBUG org.apache.http.impl.client.DefaultHttpClient -- Connection can be kept alive for 60000 MILLISECONDS
16:09:36.303 [main] DEBUG org.apache.http.impl.client.DefaultHttpClient -- Authentication succeeded
16:09:36.303 [main] DEBUG org.apache.http.impl.client.TargetAuthenticationStrategy -- Caching 'basic' auth scheme for http://13.60.22.209:7081
16:09:36.304 [main] DEBUG io.restassured.internal.RestAssuredHttpBuilder -- Parsing response as: text/plain;charset=UTF-8
16:09:36.304 [main] DEBUG io.restassured.internal.RestAssuredHttpBuilder -- Parsed data to instance of: class org.apache.http.conn.EofSensorInputStream
16:09:36.306 [main] DEBUG org.apache.http.wire --  << "Book not found"
16:09:36.306 [main] DEBUG org.apache.http.impl.conn.BasicClientConnectionManager -- Releasing connection org.apache.http.impl.conn.ManagedClientConnectionImpl@ebe067d
16:09:36.306 [main] DEBUG org.apache.http.impl.conn.BasicClientConnectionManager -- Connection can be kept alive for 60000 MILLISECONDS
]]></system-out>
  </testcase>
  <testcase name="testGetBookByValidIdAsAdmin" classname="TestCases.GetBookAPITests" time="0.653">
    <failure message="Expected status code is 200 expected [400] but found [404]" type="java.lang.AssertionError"><![CDATA[java.lang.AssertionError: Expected status code is 200 expected [400] but found [404]
	at org.testng.Assert.fail(Assert.java:110)
	at org.testng.Assert.failNotEquals(Assert.java:1413)
	at org.testng.Assert.assertEqualsImpl(Assert.java:149)
	at org.testng.Assert.assertEquals(Assert.java:131)
	at org.testng.Assert.assertEquals(Assert.java:1240)
	at TestCases.GetBookAPITests.testGetBookByValidIdAsAdmin(GetBookAPITests.java:91)
	at java.base/jdk.internal.reflect.NativeMethodAccessorImpl.invoke0(Native Method)
	at java.base/jdk.internal.reflect.NativeMethodAccessorImpl.invoke(NativeMethodAccessorImpl.java:77)
	at java.base/jdk.internal.reflect.DelegatingMethodAccessorImpl.invoke(DelegatingMethodAccessorImpl.java:43)
	at java.base/java.lang.reflect.Method.invoke(Method.java:568)
	at org.testng.internal.invokers.MethodInvocationHelper.invokeMethod(MethodInvocationHelper.java:139)
	at org.testng.internal.invokers.TestInvoker.invokeMethod(TestInvoker.java:677)
	at org.testng.internal.invokers.TestInvoker.invokeTestMethod(TestInvoker.java:221)
	at org.testng.internal.invokers.MethodRunner.runInSequence(MethodRunner.java:50)
	at org.testng.internal.invokers.TestInvoker$MethodInvocationAgent.invoke(TestInvoker.java:969)
	at org.testng.internal.invokers.TestInvoker.invokeTestMethods(TestInvoker.java:194)
	at org.testng.internal.invokers.TestMethodWorker.invokeTestMethods(TestMethodWorker.java:148)
	at org.testng.internal.invokers.TestMethodWorker.run(TestMethodWorker.java:128)
	at java.base/java.util.ArrayList.forEach(ArrayList.java:1511)
	at org.testng.TestRunner.privateRun(TestRunner.java:829)
	at org.testng.TestRunner.run(TestRunner.java:602)
	at org.testng.SuiteRunner.runTest(SuiteRunner.java:437)
	at org.testng.SuiteRunner.runSequentially(SuiteRunner.java:431)
	at org.testng.SuiteRunner.privateRun(SuiteRunner.java:391)
	at org.testng.SuiteRunner.run(SuiteRunner.java:330)
	at org.testng.SuiteRunnerWorker.runSuite(SuiteRunnerWorker.java:52)
	at org.testng.SuiteRunnerWorker.run(SuiteRunnerWorker.java:95)
	at org.testng.TestNG.runSuitesSequentially(TestNG.java:1256)
	at org.testng.TestNG.runSuitesLocally(TestNG.java:1176)
	at org.testng.TestNG.runSuites(TestNG.java:1099)
	at org.testng.TestNG.run(TestNG.java:1067)
	at org.apache.maven.surefire.testng.TestNGExecutor.run(TestNGExecutor.java:324)
	at org.apache.maven.surefire.testng.TestNGXmlTestSuite.execute(TestNGXmlTestSuite.java:74)
	at org.apache.maven.surefire.testng.TestNGProvider.invoke(TestNGProvider.java:123)
	at org.apache.maven.surefire.booter.ForkedBooter.runSuitesInProcess(ForkedBooter.java:456)
	at org.apache.maven.surefire.booter.ForkedBooter.execute(ForkedBooter.java:169)
	at org.apache.maven.surefire.booter.ForkedBooter.run(ForkedBooter.java:595)
	at org.apache.maven.surefire.booter.ForkedBooter.main(ForkedBooter.java:581)
]]></failure>
    <system-out><![CDATA[16:09:36.316 [main] DEBUG org.apache.http.impl.conn.BasicClientConnectionManager -- Get connection for route {}->http://13.60.22.209:7081
16:09:36.316 [main] DEBUG org.apache.http.impl.conn.DefaultClientConnectionOperator -- Connecting to 13.60.22.209:7081
16:09:36.493 [main] DEBUG org.apache.http.client.protocol.RequestAddCookies -- CookieSpec selected: ignoreCookies
16:09:36.493 [main] DEBUG org.apache.http.client.protocol.RequestAuthCache -- Auth cache not set in the context
16:09:36.494 [main] DEBUG org.apache.http.client.protocol.RequestTargetAuthentication -- Target auth state: UNCHALLENGED
16:09:36.494 [main] DEBUG org.apache.http.client.protocol.RequestProxyAuthentication -- Proxy auth state: UNCHALLENGED
16:09:36.494 [main] DEBUG org.apache.http.impl.client.DefaultHttpClient -- Attempt 1 to execute request
16:09:36.494 [main] DEBUG org.apache.http.impl.conn.DefaultClientConnection -- Sending request: GET /api/books/9999 HTTP/1.1
16:09:36.494 [main] DEBUG org.apache.http.wire --  >> "GET /api/books/9999 HTTP/1.1[\r][\n]"
16:09:36.494 [main] DEBUG org.apache.http.wire --  >> "Accept: */*[\r][\n]"
16:09:36.494 [main] DEBUG org.apache.http.wire --  >> "Host: 13.60.22.209:7081[\r][\n]"
16:09:36.494 [main] DEBUG org.apache.http.wire --  >> "Connection: Keep-Alive[\r][\n]"
16:09:36.494 [main] DEBUG org.apache.http.wire --  >> "User-Agent: Apache-HttpClient/4.5.13 (Java/17.0.9)[\r][\n]"
16:09:36.494 [main] DEBUG org.apache.http.wire --  >> "Accept-Encoding: gzip,deflate[\r][\n]"
16:09:36.494 [main] DEBUG org.apache.http.wire --  >> "[\r][\n]"
16:09:36.494 [main] DEBUG org.apache.http.headers -- >> GET /api/books/9999 HTTP/1.1
16:09:36.494 [main] DEBUG org.apache.http.headers -- >> Accept: */*
16:09:36.494 [main] DEBUG org.apache.http.headers -- >> Host: 13.60.22.209:7081
16:09:36.494 [main] DEBUG org.apache.http.headers -- >> Connection: Keep-Alive
16:09:36.494 [main] DEBUG org.apache.http.headers -- >> User-Agent: Apache-HttpClient/4.5.13 (Java/17.0.9)
16:09:36.494 [main] DEBUG org.apache.http.headers -- >> Accept-Encoding: gzip,deflate
16:09:36.685 [main] DEBUG org.apache.http.wire --  << "HTTP/1.1 401 [\r][\n]"
16:09:36.685 [main] DEBUG org.apache.http.wire --  << "Set-Cookie: JSESSIONID=1B4A105809AA68A035111BA5F2052BA7; Path=/; HttpOnly[\r][\n]"
16:09:36.685 [main] DEBUG org.apache.http.wire --  << "WWW-Authenticate: Basic realm="Realm"[\r][\n]"
16:09:36.685 [main] DEBUG org.apache.http.wire --  << "X-Content-Type-Options: nosniff[\r][\n]"
16:09:36.685 [main] DEBUG org.apache.http.wire --  << "X-XSS-Protection: 1; mode=block[\r][\n]"
16:09:36.685 [main] DEBUG org.apache.http.wire --  << "Cache-Control: no-cache, no-store, max-age=0, must-revalidate[\r][\n]"
16:09:36.685 [main] DEBUG org.apache.http.wire --  << "Pragma: no-cache[\r][\n]"
16:09:36.685 [main] DEBUG org.apache.http.wire --  << "Expires: 0[\r][\n]"
16:09:36.685 [main] DEBUG org.apache.http.wire --  << "X-Frame-Options: DENY[\r][\n]"
16:09:36.685 [main] DEBUG org.apache.http.wire --  << "Content-Length: 0[\r][\n]"
16:09:36.685 [main] DEBUG org.apache.http.wire --  << "Date: Thu, 02 Jan 2025 10:39:36 GMT[\r][\n]"
16:09:36.685 [main] DEBUG org.apache.http.wire --  << "Keep-Alive: timeout=60[\r][\n]"
16:09:36.685 [main] DEBUG org.apache.http.wire --  << "Connection: keep-alive[\r][\n]"
16:09:36.685 [main] DEBUG org.apache.http.wire --  << "[\r][\n]"
16:09:36.685 [main] DEBUG org.apache.http.impl.conn.DefaultClientConnection -- Receiving response: HTTP/1.1 401 
16:09:36.685 [main] DEBUG org.apache.http.headers -- << HTTP/1.1 401 
16:09:36.685 [main] DEBUG org.apache.http.headers -- << Set-Cookie: JSESSIONID=1B4A105809AA68A035111BA5F2052BA7; Path=/; HttpOnly
16:09:36.685 [main] DEBUG org.apache.http.headers -- << WWW-Authenticate: Basic realm="Realm"
16:09:36.685 [main] DEBUG org.apache.http.headers -- << X-Content-Type-Options: nosniff
16:09:36.685 [main] DEBUG org.apache.http.headers -- << X-XSS-Protection: 1; mode=block
16:09:36.685 [main] DEBUG org.apache.http.headers -- << Cache-Control: no-cache, no-store, max-age=0, must-revalidate
16:09:36.685 [main] DEBUG org.apache.http.headers -- << Pragma: no-cache
16:09:36.685 [main] DEBUG org.apache.http.headers -- << Expires: 0
16:09:36.685 [main] DEBUG org.apache.http.headers -- << X-Frame-Options: DENY
16:09:36.685 [main] DEBUG org.apache.http.headers -- << Content-Length: 0
16:09:36.685 [main] DEBUG org.apache.http.headers -- << Date: Thu, 02 Jan 2025 10:39:36 GMT
16:09:36.685 [main] DEBUG org.apache.http.headers -- << Keep-Alive: timeout=60
16:09:36.685 [main] DEBUG org.apache.http.headers -- << Connection: keep-alive
16:09:36.686 [main] DEBUG org.apache.http.impl.client.DefaultHttpClient -- Connection can be kept alive for 60000 MILLISECONDS
16:09:36.686 [main] DEBUG org.apache.http.impl.client.DefaultHttpClient -- Authentication required
16:09:36.686 [main] DEBUG org.apache.http.impl.client.DefaultHttpClient -- 13.60.22.209:7081 requested authentication
16:09:36.686 [main] DEBUG org.apache.http.impl.client.TargetAuthenticationStrategy -- Authentication schemes in the order of preference: [Negotiate, Kerberos, NTLM, CredSSP, Digest, Basic]
16:09:36.686 [main] DEBUG org.apache.http.impl.client.TargetAuthenticationStrategy -- Challenge for Negotiate authentication scheme not available
16:09:36.686 [main] DEBUG org.apache.http.impl.client.TargetAuthenticationStrategy -- Challenge for Kerberos authentication scheme not available
16:09:36.686 [main] DEBUG org.apache.http.impl.client.TargetAuthenticationStrategy -- Challenge for NTLM authentication scheme not available
16:09:36.686 [main] DEBUG org.apache.http.impl.client.TargetAuthenticationStrategy -- Challenge for CredSSP authentication scheme not available
16:09:36.686 [main] DEBUG org.apache.http.impl.client.TargetAuthenticationStrategy -- Challenge for Digest authentication scheme not available
16:09:36.686 [main] DEBUG org.apache.http.impl.client.DefaultHttpClient -- Selected authentication options: [BASIC [complete=true]]
16:09:36.686 [main] DEBUG org.apache.http.client.protocol.RequestAddCookies -- CookieSpec selected: ignoreCookies
16:09:36.687 [main] DEBUG org.apache.http.client.protocol.RequestAuthCache -- Auth cache not set in the context
16:09:36.687 [main] DEBUG org.apache.http.client.protocol.RequestTargetAuthentication -- Target auth state: CHALLENGED
16:09:36.687 [main] DEBUG org.apache.http.client.protocol.RequestTargetAuthentication -- Generating response to an authentication challenge using basic scheme
16:09:36.687 [main] DEBUG org.apache.http.client.protocol.RequestProxyAuthentication -- Proxy auth state: UNCHALLENGED
16:09:36.687 [main] DEBUG org.apache.http.impl.client.DefaultHttpClient -- Attempt 2 to execute request
16:09:36.687 [main] DEBUG org.apache.http.impl.conn.DefaultClientConnection -- Sending request: GET /api/books/9999 HTTP/1.1
16:09:36.687 [main] DEBUG org.apache.http.wire --  >> "GET /api/books/9999 HTTP/1.1[\r][\n]"
16:09:36.687 [main] DEBUG org.apache.http.wire --  >> "Accept: */*[\r][\n]"
16:09:36.687 [main] DEBUG org.apache.http.wire --  >> "Host: 13.60.22.209:7081[\r][\n]"
16:09:36.687 [main] DEBUG org.apache.http.wire --  >> "Connection: Keep-Alive[\r][\n]"
16:09:36.687 [main] DEBUG org.apache.http.wire --  >> "User-Agent: Apache-HttpClient/4.5.13 (Java/17.0.9)[\r][\n]"
16:09:36.687 [main] DEBUG org.apache.http.wire --  >> "Authorization: Basic YWRtaW46cGFzc3dvcmQ=[\r][\n]"
16:09:36.687 [main] DEBUG org.apache.http.wire --  >> "Accept-Encoding: gzip,deflate[\r][\n]"
16:09:36.687 [main] DEBUG org.apache.http.wire --  >> "[\r][\n]"
16:09:36.687 [main] DEBUG org.apache.http.headers -- >> GET /api/books/9999 HTTP/1.1
16:09:36.687 [main] DEBUG org.apache.http.headers -- >> Accept: */*
16:09:36.687 [main] DEBUG org.apache.http.headers -- >> Host: 13.60.22.209:7081
16:09:36.687 [main] DEBUG org.apache.http.headers -- >> Connection: Keep-Alive
16:09:36.687 [main] DEBUG org.apache.http.headers -- >> User-Agent: Apache-HttpClient/4.5.13 (Java/17.0.9)
16:09:36.687 [main] DEBUG org.apache.http.headers -- >> Authorization: Basic YWRtaW46cGFzc3dvcmQ=
16:09:36.687 [main] DEBUG org.apache.http.headers -- >> Accept-Encoding: gzip,deflate
16:09:36.961 [main] DEBUG org.apache.http.wire --  << "HTTP/1.1 404 [\r][\n]"
16:09:36.961 [main] DEBUG org.apache.http.wire --  << "Set-Cookie: JSESSIONID=536B3DF8F7FC6D028CD64D80ABA3E77B; Path=/; HttpOnly[\r][\n]"
16:09:36.961 [main] DEBUG org.apache.http.wire --  << "X-Content-Type-Options: nosniff[\r][\n]"
16:09:36.961 [main] DEBUG org.apache.http.wire --  << "X-XSS-Protection: 1; mode=block[\r][\n]"
16:09:36.961 [main] DEBUG org.apache.http.wire --  << "Cache-Control: no-cache, no-store, max-age=0, must-revalidate[\r][\n]"
16:09:36.961 [main] DEBUG org.apache.http.wire --  << "Pragma: no-cache[\r][\n]"
16:09:36.961 [main] DEBUG org.apache.http.wire --  << "Expires: 0[\r][\n]"
16:09:36.961 [main] DEBUG org.apache.http.wire --  << "X-Frame-Options: DENY[\r][\n]"
16:09:36.961 [main] DEBUG org.apache.http.wire --  << "Content-Type: text/plain;charset=UTF-8[\r][\n]"
16:09:36.961 [main] DEBUG org.apache.http.wire --  << "Content-Length: 14[\r][\n]"
16:09:36.961 [main] DEBUG org.apache.http.wire --  << "Date: Thu, 02 Jan 2025 10:39:36 GMT[\r][\n]"
16:09:36.961 [main] DEBUG org.apache.http.wire --  << "Keep-Alive: timeout=60[\r][\n]"
16:09:36.961 [main] DEBUG org.apache.http.wire --  << "Connection: keep-alive[\r][\n]"
16:09:36.961 [main] DEBUG org.apache.http.wire --  << "[\r][\n]"
16:09:36.961 [main] DEBUG org.apache.http.impl.conn.DefaultClientConnection -- Receiving response: HTTP/1.1 404 
16:09:36.961 [main] DEBUG org.apache.http.headers -- << HTTP/1.1 404 
16:09:36.961 [main] DEBUG org.apache.http.headers -- << Set-Cookie: JSESSIONID=536B3DF8F7FC6D028CD64D80ABA3E77B; Path=/; HttpOnly
16:09:36.961 [main] DEBUG org.apache.http.headers -- << X-Content-Type-Options: nosniff
16:09:36.961 [main] DEBUG org.apache.http.headers -- << X-XSS-Protection: 1; mode=block
16:09:36.961 [main] DEBUG org.apache.http.headers -- << Cache-Control: no-cache, no-store, max-age=0, must-revalidate
16:09:36.961 [main] DEBUG org.apache.http.headers -- << Pragma: no-cache
16:09:36.961 [main] DEBUG org.apache.http.headers -- << Expires: 0
16:09:36.961 [main] DEBUG org.apache.http.headers -- << X-Frame-Options: DENY
16:09:36.961 [main] DEBUG org.apache.http.headers -- << Content-Type: text/plain;charset=UTF-8
16:09:36.961 [main] DEBUG org.apache.http.headers -- << Content-Length: 14
16:09:36.961 [main] DEBUG org.apache.http.headers -- << Date: Thu, 02 Jan 2025 10:39:36 GMT
16:09:36.961 [main] DEBUG org.apache.http.headers -- << Keep-Alive: timeout=60
16:09:36.961 [main] DEBUG org.apache.http.headers -- << Connection: keep-alive
16:09:36.961 [main] DEBUG org.apache.http.impl.client.DefaultHttpClient -- Connection can be kept alive for 60000 MILLISECONDS
16:09:36.961 [main] DEBUG org.apache.http.impl.client.DefaultHttpClient -- Authentication succeeded
16:09:36.961 [main] DEBUG org.apache.http.impl.client.TargetAuthenticationStrategy -- Caching 'basic' auth scheme for http://13.60.22.209:7081
16:09:36.961 [main] DEBUG io.restassured.internal.RestAssuredHttpBuilder -- Parsing response as: text/plain;charset=UTF-8
16:09:36.961 [main] DEBUG io.restassured.internal.RestAssuredHttpBuilder -- Parsed data to instance of: class org.apache.http.conn.EofSensorInputStream
]]></system-out>
  </testcase>
  <testcase name="testUpdateBookWithAnotherBooksId" classname="TestCases.PutBookAPITests" time="0.76">
    <system-out><![CDATA[16:09:37.109 [Finalizer] DEBUG org.apache.http.impl.conn.DefaultClientConnection -- Connection 0.0.0.0:49184<->13.60.22.209:7081 closed
16:09:37.109 [Finalizer] DEBUG org.apache.http.impl.conn.DefaultClientConnection -- Connection 0.0.0.0:49183<->13.60.22.209:7081 closed
16:09:37.109 [Finalizer] DEBUG org.apache.http.impl.conn.DefaultClientConnection -- Connection 0.0.0.0:49182<->13.60.22.209:7081 closed
16:09:37.111 [Finalizer] DEBUG org.apache.http.impl.conn.DefaultClientConnection -- Connection 0.0.0.0:49181<->13.60.22.209:7081 closed
16:09:37.111 [Finalizer] DEBUG org.apache.http.impl.conn.DefaultClientConnection -- Connection 0.0.0.0:49186<->13.60.22.209:7081 closed
16:09:37.111 [Finalizer] DEBUG org.apache.http.impl.conn.DefaultClientConnection -- Connection 0.0.0.0:49185<->13.60.22.209:7081 closed
16:09:37.139 [main] DEBUG org.apache.http.impl.conn.BasicClientConnectionManager -- Get connection for route {}->http://13.60.22.209:7081
16:09:37.139 [main] DEBUG org.apache.http.impl.conn.DefaultClientConnectionOperator -- Connecting to 13.60.22.209:7081
16:09:37.304 [main] DEBUG org.apache.http.client.protocol.RequestAddCookies -- CookieSpec selected: ignoreCookies
16:09:37.304 [main] DEBUG org.apache.http.client.protocol.RequestAuthCache -- Auth cache not set in the context
16:09:37.304 [main] DEBUG org.apache.http.client.protocol.RequestTargetAuthentication -- Target auth state: UNCHALLENGED
16:09:37.304 [main] DEBUG org.apache.http.client.protocol.RequestProxyAuthentication -- Proxy auth state: UNCHALLENGED
16:09:37.304 [main] DEBUG org.apache.http.impl.client.DefaultHttpClient -- Attempt 1 to execute request
16:09:37.304 [main] DEBUG org.apache.http.impl.conn.DefaultClientConnection -- Sending request: PUT /api/books/1 HTTP/1.1
16:09:37.304 [main] DEBUG org.apache.http.wire --  >> "PUT /api/books/1 HTTP/1.1[\r][\n]"
16:09:37.304 [main] DEBUG org.apache.http.wire --  >> "Accept: */*[\r][\n]"
16:09:37.304 [main] DEBUG org.apache.http.wire --  >> "Content-Type: application/json[\r][\n]"
16:09:37.304 [main] DEBUG org.apache.http.wire --  >> "Content-Length: 54[\r][\n]"
16:09:37.304 [main] DEBUG org.apache.http.wire --  >> "Host: 13.60.22.209:7081[\r][\n]"
16:09:37.304 [main] DEBUG org.apache.http.wire --  >> "Connection: Keep-Alive[\r][\n]"
16:09:37.304 [main] DEBUG org.apache.http.wire --  >> "User-Agent: Apache-HttpClient/4.5.13 (Java/17.0.9)[\r][\n]"
16:09:37.304 [main] DEBUG org.apache.http.wire --  >> "Accept-Encoding: gzip,deflate[\r][\n]"
16:09:37.304 [main] DEBUG org.apache.http.wire --  >> "[\r][\n]"
16:09:37.304 [main] DEBUG org.apache.http.headers -- >> PUT /api/books/1 HTTP/1.1
16:09:37.304 [main] DEBUG org.apache.http.headers -- >> Accept: */*
16:09:37.304 [main] DEBUG org.apache.http.headers -- >> Content-Type: application/json
16:09:37.304 [main] DEBUG org.apache.http.headers -- >> Content-Length: 54
16:09:37.304 [main] DEBUG org.apache.http.headers -- >> Host: 13.60.22.209:7081
16:09:37.304 [main] DEBUG org.apache.http.headers -- >> Connection: Keep-Alive
16:09:37.304 [main] DEBUG org.apache.http.headers -- >> User-Agent: Apache-HttpClient/4.5.13 (Java/17.0.9)
16:09:37.304 [main] DEBUG org.apache.http.headers -- >> Accept-Encoding: gzip,deflate
16:09:37.304 [main] DEBUG org.apache.http.wire --  >> "{"author":"Valid Author","id":2,"title":"Valid Title"}"
16:09:37.471 [main] DEBUG org.apache.http.wire --  << "HTTP/1.1 401 [\r][\n]"
16:09:37.471 [main] DEBUG org.apache.http.wire --  << "Set-Cookie: JSESSIONID=CD8C6924772B7E05F4F62B83DF2D4012; Path=/; HttpOnly[\r][\n]"
16:09:37.471 [main] DEBUG org.apache.http.wire --  << "WWW-Authenticate: Basic realm="Realm"[\r][\n]"
16:09:37.471 [main] DEBUG org.apache.http.wire --  << "X-Content-Type-Options: nosniff[\r][\n]"
16:09:37.471 [main] DEBUG org.apache.http.wire --  << "X-XSS-Protection: 1; mode=block[\r][\n]"
16:09:37.471 [main] DEBUG org.apache.http.wire --  << "Cache-Control: no-cache, no-store, max-age=0, must-revalidate[\r][\n]"
16:09:37.471 [main] DEBUG org.apache.http.wire --  << "Pragma: no-cache[\r][\n]"
16:09:37.471 [main] DEBUG org.apache.http.wire --  << "Expires: 0[\r][\n]"
16:09:37.471 [main] DEBUG org.apache.http.wire --  << "X-Frame-Options: DENY[\r][\n]"
16:09:37.471 [main] DEBUG org.apache.http.wire --  << "Content-Length: 0[\r][\n]"
16:09:37.471 [main] DEBUG org.apache.http.wire --  << "Date: Thu, 02 Jan 2025 10:39:38 GMT[\r][\n]"
16:09:37.471 [main] DEBUG org.apache.http.wire --  << "Keep-Alive: timeout=60[\r][\n]"
16:09:37.471 [main] DEBUG org.apache.http.wire --  << "Connection: keep-alive[\r][\n]"
16:09:37.471 [main] DEBUG org.apache.http.wire --  << "[\r][\n]"
16:09:37.471 [main] DEBUG org.apache.http.impl.conn.DefaultClientConnection -- Receiving response: HTTP/1.1 401 
16:09:37.471 [main] DEBUG org.apache.http.headers -- << HTTP/1.1 401 
16:09:37.471 [main] DEBUG org.apache.http.headers -- << Set-Cookie: JSESSIONID=CD8C6924772B7E05F4F62B83DF2D4012; Path=/; HttpOnly
16:09:37.471 [main] DEBUG org.apache.http.headers -- << WWW-Authenticate: Basic realm="Realm"
16:09:37.471 [main] DEBUG org.apache.http.headers -- << X-Content-Type-Options: nosniff
16:09:37.471 [main] DEBUG org.apache.http.headers -- << X-XSS-Protection: 1; mode=block
16:09:37.471 [main] DEBUG org.apache.http.headers -- << Cache-Control: no-cache, no-store, max-age=0, must-revalidate
16:09:37.471 [main] DEBUG org.apache.http.headers -- << Pragma: no-cache
16:09:37.471 [main] DEBUG org.apache.http.headers -- << Expires: 0
16:09:37.471 [main] DEBUG org.apache.http.headers -- << X-Frame-Options: DENY
16:09:37.471 [main] DEBUG org.apache.http.headers -- << Content-Length: 0
16:09:37.471 [main] DEBUG org.apache.http.headers -- << Date: Thu, 02 Jan 2025 10:39:38 GMT
16:09:37.471 [main] DEBUG org.apache.http.headers -- << Keep-Alive: timeout=60
16:09:37.471 [main] DEBUG org.apache.http.headers -- << Connection: keep-alive
16:09:37.472 [main] DEBUG org.apache.http.impl.client.DefaultHttpClient -- Connection can be kept alive for 60000 MILLISECONDS
16:09:37.472 [main] DEBUG org.apache.http.impl.client.DefaultHttpClient -- Authentication required
16:09:37.472 [main] DEBUG org.apache.http.impl.client.DefaultHttpClient -- 13.60.22.209:7081 requested authentication
16:09:37.472 [main] DEBUG org.apache.http.impl.client.TargetAuthenticationStrategy -- Authentication schemes in the order of preference: [Negotiate, Kerberos, NTLM, CredSSP, Digest, Basic]
16:09:37.472 [main] DEBUG org.apache.http.impl.client.TargetAuthenticationStrategy -- Challenge for Negotiate authentication scheme not available
16:09:37.472 [main] DEBUG org.apache.http.impl.client.TargetAuthenticationStrategy -- Challenge for Kerberos authentication scheme not available
16:09:37.472 [main] DEBUG org.apache.http.impl.client.TargetAuthenticationStrategy -- Challenge for NTLM authentication scheme not available
16:09:37.472 [main] DEBUG org.apache.http.impl.client.TargetAuthenticationStrategy -- Challenge for CredSSP authentication scheme not available
16:09:37.472 [main] DEBUG org.apache.http.impl.client.TargetAuthenticationStrategy -- Challenge for Digest authentication scheme not available
16:09:37.472 [main] DEBUG org.apache.http.impl.client.DefaultHttpClient -- Selected authentication options: [BASIC [complete=true]]
16:09:37.472 [main] DEBUG org.apache.http.client.protocol.RequestAddCookies -- CookieSpec selected: ignoreCookies
16:09:37.472 [main] DEBUG org.apache.http.client.protocol.RequestAuthCache -- Auth cache not set in the context
16:09:37.472 [main] DEBUG org.apache.http.client.protocol.RequestTargetAuthentication -- Target auth state: CHALLENGED
16:09:37.472 [main] DEBUG org.apache.http.client.protocol.RequestTargetAuthentication -- Generating response to an authentication challenge using basic scheme
16:09:37.472 [main] DEBUG org.apache.http.client.protocol.RequestProxyAuthentication -- Proxy auth state: UNCHALLENGED
16:09:37.473 [main] DEBUG org.apache.http.impl.client.DefaultHttpClient -- Attempt 2 to execute request
16:09:37.473 [main] DEBUG org.apache.http.impl.conn.DefaultClientConnection -- Sending request: PUT /api/books/1 HTTP/1.1
16:09:37.473 [main] DEBUG org.apache.http.wire --  >> "PUT /api/books/1 HTTP/1.1[\r][\n]"
16:09:37.473 [main] DEBUG org.apache.http.wire --  >> "Accept: */*[\r][\n]"
16:09:37.473 [main] DEBUG org.apache.http.wire --  >> "Content-Type: application/json[\r][\n]"
16:09:37.473 [main] DEBUG org.apache.http.wire --  >> "Content-Length: 54[\r][\n]"
16:09:37.473 [main] DEBUG org.apache.http.wire --  >> "Host: 13.60.22.209:7081[\r][\n]"
16:09:37.473 [main] DEBUG org.apache.http.wire --  >> "Connection: Keep-Alive[\r][\n]"
16:09:37.473 [main] DEBUG org.apache.http.wire --  >> "User-Agent: Apache-HttpClient/4.5.13 (Java/17.0.9)[\r][\n]"
16:09:37.473 [main] DEBUG org.apache.http.wire --  >> "Authorization: Basic YWRtaW46cGFzc3dvcmQ=[\r][\n]"
16:09:37.473 [main] DEBUG org.apache.http.wire --  >> "Accept-Encoding: gzip,deflate[\r][\n]"
16:09:37.473 [main] DEBUG org.apache.http.wire --  >> "[\r][\n]"
16:09:37.473 [main] DEBUG org.apache.http.headers -- >> PUT /api/books/1 HTTP/1.1
16:09:37.473 [main] DEBUG org.apache.http.headers -- >> Accept: */*
16:09:37.473 [main] DEBUG org.apache.http.headers -- >> Content-Type: application/json
16:09:37.473 [main] DEBUG org.apache.http.headers -- >> Content-Length: 54
16:09:37.473 [main] DEBUG org.apache.http.headers -- >> Host: 13.60.22.209:7081
16:09:37.473 [main] DEBUG org.apache.http.headers -- >> Connection: Keep-Alive
16:09:37.473 [main] DEBUG org.apache.http.headers -- >> User-Agent: Apache-HttpClient/4.5.13 (Java/17.0.9)
16:09:37.473 [main] DEBUG org.apache.http.headers -- >> Authorization: Basic YWRtaW46cGFzc3dvcmQ=
16:09:37.473 [main] DEBUG org.apache.http.headers -- >> Accept-Encoding: gzip,deflate
16:09:37.473 [main] DEBUG org.apache.http.wire --  >> "{"author":"Valid Author","id":2,"title":"Valid Title"}"
16:09:37.722 [main] DEBUG org.apache.http.wire --  << "HTTP/1.1 400 [\r][\n]"
16:09:37.722 [main] DEBUG org.apache.http.wire --  << "Set-Cookie: JSESSIONID=5622A7F2F185B95CD2CEE141917EA73E; Path=/; HttpOnly[\r][\n]"
16:09:37.722 [main] DEBUG org.apache.http.wire --  << "X-Content-Type-Options: nosniff[\r][\n]"
16:09:37.722 [main] DEBUG org.apache.http.wire --  << "X-XSS-Protection: 1; mode=block[\r][\n]"
16:09:37.722 [main] DEBUG org.apache.http.wire --  << "Cache-Control: no-cache, no-store, max-age=0, must-revalidate[\r][\n]"
16:09:37.722 [main] DEBUG org.apache.http.wire --  << "Pragma: no-cache[\r][\n]"
16:09:37.722 [main] DEBUG org.apache.http.wire --  << "Expires: 0[\r][\n]"
16:09:37.722 [main] DEBUG org.apache.http.wire --  << "X-Frame-Options: DENY[\r][\n]"
16:09:37.722 [main] DEBUG org.apache.http.wire --  << "Content-Type: text/plain;charset=UTF-8[\r][\n]"
16:09:37.722 [main] DEBUG org.apache.http.wire --  << "Content-Length: 22[\r][\n]"
16:09:37.722 [main] DEBUG org.apache.http.wire --  << "Date: Thu, 02 Jan 2025 10:39:38 GMT[\r][\n]"
16:09:37.722 [main] DEBUG org.apache.http.wire --  << "Connection: close[\r][\n]"
16:09:37.722 [main] DEBUG org.apache.http.wire --  << "[\r][\n]"
16:09:37.722 [main] DEBUG org.apache.http.impl.conn.DefaultClientConnection -- Receiving response: HTTP/1.1 400 
16:09:37.722 [main] DEBUG org.apache.http.headers -- << HTTP/1.1 400 
16:09:37.722 [main] DEBUG org.apache.http.headers -- << Set-Cookie: JSESSIONID=5622A7F2F185B95CD2CEE141917EA73E; Path=/; HttpOnly
16:09:37.722 [main] DEBUG org.apache.http.headers -- << X-Content-Type-Options: nosniff
16:09:37.722 [main] DEBUG org.apache.http.headers -- << X-XSS-Protection: 1; mode=block
16:09:37.722 [main] DEBUG org.apache.http.headers -- << Cache-Control: no-cache, no-store, max-age=0, must-revalidate
16:09:37.722 [main] DEBUG org.apache.http.headers -- << Pragma: no-cache
16:09:37.722 [main] DEBUG org.apache.http.headers -- << Expires: 0
16:09:37.722 [main] DEBUG org.apache.http.headers -- << X-Frame-Options: DENY
16:09:37.722 [main] DEBUG org.apache.http.headers -- << Content-Type: text/plain;charset=UTF-8
16:09:37.722 [main] DEBUG org.apache.http.headers -- << Content-Length: 22
16:09:37.722 [main] DEBUG org.apache.http.headers -- << Date: Thu, 02 Jan 2025 10:39:38 GMT
16:09:37.722 [main] DEBUG org.apache.http.headers -- << Connection: close
16:09:37.722 [main] DEBUG org.apache.http.impl.client.DefaultHttpClient -- Authentication succeeded
16:09:37.722 [main] DEBUG org.apache.http.impl.client.TargetAuthenticationStrategy -- Caching 'basic' auth scheme for http://13.60.22.209:7081
16:09:37.722 [main] DEBUG io.restassured.internal.RestAssuredHttpBuilder -- Parsing response as: text/plain;charset=UTF-8
16:09:37.722 [main] DEBUG io.restassured.internal.RestAssuredHttpBuilder -- Parsed data to instance of: class org.apache.http.conn.EofSensorInputStream
16:09:37.724 [main] DEBUG org.apache.http.wire --  << "Book id is not matched"
16:09:37.724 [main] DEBUG org.apache.http.impl.conn.BasicClientConnectionManager -- Releasing connection org.apache.http.impl.conn.ManagedClientConnectionImpl@673e76b3
16:09:37.724 [main] DEBUG org.apache.http.impl.conn.DefaultClientConnection -- Connection 0.0.0.0:49190<->13.60.22.209:7081 shut down
]]></system-out>
  </testcase>
  <testcase name="testUpdateBookWithAnotherBooksTitleAsAdmin" classname="TestCases.PutBookAPITests" time="0.574">
    <failure message="Expected status code is 400 for using another book&apos;s title expected [400] but found [404]" type="java.lang.AssertionError"><![CDATA[java.lang.AssertionError: Expected status code is 400 for using another book's title expected [400] but found [404]
	at org.testng.Assert.fail(Assert.java:110)
	at org.testng.Assert.failNotEquals(Assert.java:1413)
	at org.testng.Assert.assertEqualsImpl(Assert.java:149)
	at org.testng.Assert.assertEquals(Assert.java:131)
	at org.testng.Assert.assertEquals(Assert.java:1240)
	at TestCases.PutBookAPITests.testUpdateBookWithAnotherBooksTitleAsAdmin(PutBookAPITests.java:219)
	at java.base/jdk.internal.reflect.NativeMethodAccessorImpl.invoke0(Native Method)
	at java.base/jdk.internal.reflect.NativeMethodAccessorImpl.invoke(NativeMethodAccessorImpl.java:77)
	at java.base/jdk.internal.reflect.DelegatingMethodAccessorImpl.invoke(DelegatingMethodAccessorImpl.java:43)
	at java.base/java.lang.reflect.Method.invoke(Method.java:568)
	at org.testng.internal.invokers.MethodInvocationHelper.invokeMethod(MethodInvocationHelper.java:139)
	at org.testng.internal.invokers.TestInvoker.invokeMethod(TestInvoker.java:677)
	at org.testng.internal.invokers.TestInvoker.invokeTestMethod(TestInvoker.java:221)
	at org.testng.internal.invokers.MethodRunner.runInSequence(MethodRunner.java:50)
	at org.testng.internal.invokers.TestInvoker$MethodInvocationAgent.invoke(TestInvoker.java:969)
	at org.testng.internal.invokers.TestInvoker.invokeTestMethods(TestInvoker.java:194)
	at org.testng.internal.invokers.TestMethodWorker.invokeTestMethods(TestMethodWorker.java:148)
	at org.testng.internal.invokers.TestMethodWorker.run(TestMethodWorker.java:128)
	at java.base/java.util.ArrayList.forEach(ArrayList.java:1511)
	at org.testng.TestRunner.privateRun(TestRunner.java:829)
	at org.testng.TestRunner.run(TestRunner.java:602)
	at org.testng.SuiteRunner.runTest(SuiteRunner.java:437)
	at org.testng.SuiteRunner.runSequentially(SuiteRunner.java:431)
	at org.testng.SuiteRunner.privateRun(SuiteRunner.java:391)
	at org.testng.SuiteRunner.run(SuiteRunner.java:330)
	at org.testng.SuiteRunnerWorker.runSuite(SuiteRunnerWorker.java:52)
	at org.testng.SuiteRunnerWorker.run(SuiteRunnerWorker.java:95)
	at org.testng.TestNG.runSuitesSequentially(TestNG.java:1256)
	at org.testng.TestNG.runSuitesLocally(TestNG.java:1176)
	at org.testng.TestNG.runSuites(TestNG.java:1099)
	at org.testng.TestNG.run(TestNG.java:1067)
	at org.apache.maven.surefire.testng.TestNGExecutor.run(TestNGExecutor.java:324)
	at org.apache.maven.surefire.testng.TestNGXmlTestSuite.execute(TestNGXmlTestSuite.java:74)
	at org.apache.maven.surefire.testng.TestNGProvider.invoke(TestNGProvider.java:123)
	at org.apache.maven.surefire.booter.ForkedBooter.runSuitesInProcess(ForkedBooter.java:456)
	at org.apache.maven.surefire.booter.ForkedBooter.execute(ForkedBooter.java:169)
	at org.apache.maven.surefire.booter.ForkedBooter.run(ForkedBooter.java:595)
	at org.apache.maven.surefire.booter.ForkedBooter.main(ForkedBooter.java:581)
]]></failure>
    <system-out><![CDATA[16:09:37.737 [main] DEBUG org.apache.http.impl.conn.BasicClientConnectionManager -- Get connection for route {}->http://13.60.22.209:7081
16:09:37.737 [main] DEBUG org.apache.http.impl.conn.DefaultClientConnectionOperator -- Connecting to 13.60.22.209:7081
16:09:37.896 [main] DEBUG org.apache.http.client.protocol.RequestAddCookies -- CookieSpec selected: ignoreCookies
16:09:37.896 [main] DEBUG org.apache.http.client.protocol.RequestAuthCache -- Auth cache not set in the context
16:09:37.896 [main] DEBUG org.apache.http.client.protocol.RequestTargetAuthentication -- Target auth state: UNCHALLENGED
16:09:37.896 [main] DEBUG org.apache.http.client.protocol.RequestProxyAuthentication -- Proxy auth state: UNCHALLENGED
16:09:37.896 [main] DEBUG org.apache.http.impl.client.DefaultHttpClient -- Attempt 1 to execute request
16:09:37.896 [main] DEBUG org.apache.http.impl.conn.DefaultClientConnection -- Sending request: PUT /api/books/1 HTTP/1.1
16:09:37.896 [main] DEBUG org.apache.http.wire --  >> "PUT /api/books/1 HTTP/1.1[\r][\n]"
16:09:37.896 [main] DEBUG org.apache.http.wire --  >> "Accept: */*[\r][\n]"
16:09:37.896 [main] DEBUG org.apache.http.wire --  >> "Content-Type: application/json[\r][\n]"
16:09:37.896 [main] DEBUG org.apache.http.wire --  >> "Content-Length: 63[\r][\n]"
16:09:37.896 [main] DEBUG org.apache.http.wire --  >> "Host: 13.60.22.209:7081[\r][\n]"
16:09:37.896 [main] DEBUG org.apache.http.wire --  >> "Connection: Keep-Alive[\r][\n]"
16:09:37.896 [main] DEBUG org.apache.http.wire --  >> "User-Agent: Apache-HttpClient/4.5.13 (Java/17.0.9)[\r][\n]"
16:09:37.896 [main] DEBUG org.apache.http.wire --  >> "Accept-Encoding: gzip,deflate[\r][\n]"
16:09:37.896 [main] DEBUG org.apache.http.wire --  >> "[\r][\n]"
16:09:37.896 [main] DEBUG org.apache.http.headers -- >> PUT /api/books/1 HTTP/1.1
16:09:37.896 [main] DEBUG org.apache.http.headers -- >> Accept: */*
16:09:37.896 [main] DEBUG org.apache.http.headers -- >> Content-Type: application/json
16:09:37.896 [main] DEBUG org.apache.http.headers -- >> Content-Length: 63
16:09:37.896 [main] DEBUG org.apache.http.headers -- >> Host: 13.60.22.209:7081
16:09:37.896 [main] DEBUG org.apache.http.headers -- >> Connection: Keep-Alive
16:09:37.896 [main] DEBUG org.apache.http.headers -- >> User-Agent: Apache-HttpClient/4.5.13 (Java/17.0.9)
16:09:37.896 [main] DEBUG org.apache.http.headers -- >> Accept-Encoding: gzip,deflate
16:09:37.896 [main] DEBUG org.apache.http.wire --  >> "{"author":"CorrectAuthor","id":1,"title":"TitleOfAnotherBook1"}"
16:09:38.054 [main] DEBUG org.apache.http.wire --  << "HTTP/1.1 401 [\r][\n]"
16:09:38.054 [main] DEBUG org.apache.http.wire --  << "Set-Cookie: JSESSIONID=A838D03EDB49460888EF5413990CD59D; Path=/; HttpOnly[\r][\n]"
16:09:38.054 [main] DEBUG org.apache.http.wire --  << "WWW-Authenticate: Basic realm="Realm"[\r][\n]"
16:09:38.054 [main] DEBUG org.apache.http.wire --  << "X-Content-Type-Options: nosniff[\r][\n]"
16:09:38.054 [main] DEBUG org.apache.http.wire --  << "X-XSS-Protection: 1; mode=block[\r][\n]"
16:09:38.054 [main] DEBUG org.apache.http.wire --  << "Cache-Control: no-cache, no-store, max-age=0, must-revalidate[\r][\n]"
16:09:38.054 [main] DEBUG org.apache.http.wire --  << "Pragma: no-cache[\r][\n]"
16:09:38.054 [main] DEBUG org.apache.http.wire --  << "Expires: 0[\r][\n]"
16:09:38.054 [main] DEBUG org.apache.http.wire --  << "X-Frame-Options: DENY[\r][\n]"
16:09:38.054 [main] DEBUG org.apache.http.wire --  << "Content-Length: 0[\r][\n]"
16:09:38.054 [main] DEBUG org.apache.http.wire --  << "Date: Thu, 02 Jan 2025 10:39:38 GMT[\r][\n]"
16:09:38.054 [main] DEBUG org.apache.http.wire --  << "Keep-Alive: timeout=60[\r][\n]"
16:09:38.054 [main] DEBUG org.apache.http.wire --  << "Connection: keep-alive[\r][\n]"
16:09:38.054 [main] DEBUG org.apache.http.wire --  << "[\r][\n]"
16:09:38.054 [main] DEBUG org.apache.http.impl.conn.DefaultClientConnection -- Receiving response: HTTP/1.1 401 
16:09:38.054 [main] DEBUG org.apache.http.headers -- << HTTP/1.1 401 
16:09:38.054 [main] DEBUG org.apache.http.headers -- << Set-Cookie: JSESSIONID=A838D03EDB49460888EF5413990CD59D; Path=/; HttpOnly
16:09:38.054 [main] DEBUG org.apache.http.headers -- << WWW-Authenticate: Basic realm="Realm"
16:09:38.054 [main] DEBUG org.apache.http.headers -- << X-Content-Type-Options: nosniff
16:09:38.054 [main] DEBUG org.apache.http.headers -- << X-XSS-Protection: 1; mode=block
16:09:38.054 [main] DEBUG org.apache.http.headers -- << Cache-Control: no-cache, no-store, max-age=0, must-revalidate
16:09:38.054 [main] DEBUG org.apache.http.headers -- << Pragma: no-cache
16:09:38.054 [main] DEBUG org.apache.http.headers -- << Expires: 0
16:09:38.054 [main] DEBUG org.apache.http.headers -- << X-Frame-Options: DENY
16:09:38.054 [main] DEBUG org.apache.http.headers -- << Content-Length: 0
16:09:38.054 [main] DEBUG org.apache.http.headers -- << Date: Thu, 02 Jan 2025 10:39:38 GMT
16:09:38.054 [main] DEBUG org.apache.http.headers -- << Keep-Alive: timeout=60
16:09:38.054 [main] DEBUG org.apache.http.headers -- << Connection: keep-alive
16:09:38.054 [main] DEBUG org.apache.http.impl.client.DefaultHttpClient -- Connection can be kept alive for 60000 MILLISECONDS
16:09:38.054 [main] DEBUG org.apache.http.impl.client.DefaultHttpClient -- Authentication required
16:09:38.054 [main] DEBUG org.apache.http.impl.client.DefaultHttpClient -- 13.60.22.209:7081 requested authentication
16:09:38.054 [main] DEBUG org.apache.http.impl.client.TargetAuthenticationStrategy -- Authentication schemes in the order of preference: [Negotiate, Kerberos, NTLM, CredSSP, Digest, Basic]
16:09:38.054 [main] DEBUG org.apache.http.impl.client.TargetAuthenticationStrategy -- Challenge for Negotiate authentication scheme not available
16:09:38.054 [main] DEBUG org.apache.http.impl.client.TargetAuthenticationStrategy -- Challenge for Kerberos authentication scheme not available
16:09:38.054 [main] DEBUG org.apache.http.impl.client.TargetAuthenticationStrategy -- Challenge for NTLM authentication scheme not available
16:09:38.054 [main] DEBUG org.apache.http.impl.client.TargetAuthenticationStrategy -- Challenge for CredSSP authentication scheme not available
16:09:38.054 [main] DEBUG org.apache.http.impl.client.TargetAuthenticationStrategy -- Challenge for Digest authentication scheme not available
16:09:38.054 [main] DEBUG org.apache.http.impl.client.DefaultHttpClient -- Selected authentication options: [BASIC [complete=true]]
16:09:38.054 [main] DEBUG org.apache.http.client.protocol.RequestAddCookies -- CookieSpec selected: ignoreCookies
16:09:38.055 [main] DEBUG org.apache.http.client.protocol.RequestAuthCache -- Auth cache not set in the context
16:09:38.055 [main] DEBUG org.apache.http.client.protocol.RequestTargetAuthentication -- Target auth state: CHALLENGED
16:09:38.055 [main] DEBUG org.apache.http.client.protocol.RequestTargetAuthentication -- Generating response to an authentication challenge using basic scheme
16:09:38.055 [main] DEBUG org.apache.http.client.protocol.RequestProxyAuthentication -- Proxy auth state: UNCHALLENGED
16:09:38.055 [main] DEBUG org.apache.http.impl.client.DefaultHttpClient -- Attempt 2 to execute request
16:09:38.055 [main] DEBUG org.apache.http.impl.conn.DefaultClientConnection -- Sending request: PUT /api/books/1 HTTP/1.1
16:09:38.055 [main] DEBUG org.apache.http.wire --  >> "PUT /api/books/1 HTTP/1.1[\r][\n]"
16:09:38.055 [main] DEBUG org.apache.http.wire --  >> "Accept: */*[\r][\n]"
16:09:38.055 [main] DEBUG org.apache.http.wire --  >> "Content-Type: application/json[\r][\n]"
16:09:38.055 [main] DEBUG org.apache.http.wire --  >> "Content-Length: 63[\r][\n]"
16:09:38.055 [main] DEBUG org.apache.http.wire --  >> "Host: 13.60.22.209:7081[\r][\n]"
16:09:38.055 [main] DEBUG org.apache.http.wire --  >> "Connection: Keep-Alive[\r][\n]"
16:09:38.055 [main] DEBUG org.apache.http.wire --  >> "User-Agent: Apache-HttpClient/4.5.13 (Java/17.0.9)[\r][\n]"
16:09:38.055 [main] DEBUG org.apache.http.wire --  >> "Authorization: Basic YWRtaW46cGFzc3dvcmQ=[\r][\n]"
16:09:38.055 [main] DEBUG org.apache.http.wire --  >> "Accept-Encoding: gzip,deflate[\r][\n]"
16:09:38.055 [main] DEBUG org.apache.http.wire --  >> "[\r][\n]"
16:09:38.055 [main] DEBUG org.apache.http.headers -- >> PUT /api/books/1 HTTP/1.1
16:09:38.055 [main] DEBUG org.apache.http.headers -- >> Accept: */*
16:09:38.055 [main] DEBUG org.apache.http.headers -- >> Content-Type: application/json
16:09:38.055 [main] DEBUG org.apache.http.headers -- >> Content-Length: 63
16:09:38.055 [main] DEBUG org.apache.http.headers -- >> Host: 13.60.22.209:7081
16:09:38.055 [main] DEBUG org.apache.http.headers -- >> Connection: Keep-Alive
16:09:38.055 [main] DEBUG org.apache.http.headers -- >> User-Agent: Apache-HttpClient/4.5.13 (Java/17.0.9)
16:09:38.055 [main] DEBUG org.apache.http.headers -- >> Authorization: Basic YWRtaW46cGFzc3dvcmQ=
16:09:38.055 [main] DEBUG org.apache.http.headers -- >> Accept-Encoding: gzip,deflate
16:09:38.055 [main] DEBUG org.apache.http.wire --  >> "{"author":"CorrectAuthor","id":1,"title":"TitleOfAnotherBook1"}"
16:09:38.298 [main] DEBUG org.apache.http.wire --  << "HTTP/1.1 404 [\r][\n]"
16:09:38.298 [main] DEBUG org.apache.http.wire --  << "Set-Cookie: JSESSIONID=B98E8935AF6531CB8B0BB7F52D42F9A6; Path=/; HttpOnly[\r][\n]"
16:09:38.298 [main] DEBUG org.apache.http.wire --  << "X-Content-Type-Options: nosniff[\r][\n]"
16:09:38.298 [main] DEBUG org.apache.http.wire --  << "X-XSS-Protection: 1; mode=block[\r][\n]"
16:09:38.298 [main] DEBUG org.apache.http.wire --  << "Cache-Control: no-cache, no-store, max-age=0, must-revalidate[\r][\n]"
16:09:38.298 [main] DEBUG org.apache.http.wire --  << "Pragma: no-cache[\r][\n]"
16:09:38.298 [main] DEBUG org.apache.http.wire --  << "Expires: 0[\r][\n]"
16:09:38.298 [main] DEBUG org.apache.http.wire --  << "X-Frame-Options: DENY[\r][\n]"
16:09:38.298 [main] DEBUG org.apache.http.wire --  << "Content-Type: text/plain;charset=UTF-8[\r][\n]"
16:09:38.298 [main] DEBUG org.apache.http.wire --  << "Content-Length: 14[\r][\n]"
16:09:38.298 [main] DEBUG org.apache.http.wire --  << "Date: Thu, 02 Jan 2025 10:39:38 GMT[\r][\n]"
16:09:38.298 [main] DEBUG org.apache.http.wire --  << "Keep-Alive: timeout=60[\r][\n]"
16:09:38.298 [main] DEBUG org.apache.http.wire --  << "Connection: keep-alive[\r][\n]"
16:09:38.298 [main] DEBUG org.apache.http.wire --  << "[\r][\n]"
16:09:38.298 [main] DEBUG org.apache.http.impl.conn.DefaultClientConnection -- Receiving response: HTTP/1.1 404 
16:09:38.298 [main] DEBUG org.apache.http.headers -- << HTTP/1.1 404 
16:09:38.298 [main] DEBUG org.apache.http.headers -- << Set-Cookie: JSESSIONID=B98E8935AF6531CB8B0BB7F52D42F9A6; Path=/; HttpOnly
16:09:38.298 [main] DEBUG org.apache.http.headers -- << X-Content-Type-Options: nosniff
16:09:38.298 [main] DEBUG org.apache.http.headers -- << X-XSS-Protection: 1; mode=block
16:09:38.298 [main] DEBUG org.apache.http.headers -- << Cache-Control: no-cache, no-store, max-age=0, must-revalidate
16:09:38.298 [main] DEBUG org.apache.http.headers -- << Pragma: no-cache
16:09:38.298 [main] DEBUG org.apache.http.headers -- << Expires: 0
16:09:38.298 [main] DEBUG org.apache.http.headers -- << X-Frame-Options: DENY
16:09:38.298 [main] DEBUG org.apache.http.headers -- << Content-Type: text/plain;charset=UTF-8
16:09:38.298 [main] DEBUG org.apache.http.headers -- << Content-Length: 14
16:09:38.298 [main] DEBUG org.apache.http.headers -- << Date: Thu, 02 Jan 2025 10:39:38 GMT
16:09:38.298 [main] DEBUG org.apache.http.headers -- << Keep-Alive: timeout=60
16:09:38.298 [main] DEBUG org.apache.http.headers -- << Connection: keep-alive
16:09:38.298 [main] DEBUG org.apache.http.impl.client.DefaultHttpClient -- Connection can be kept alive for 60000 MILLISECONDS
16:09:38.298 [main] DEBUG org.apache.http.impl.client.DefaultHttpClient -- Authentication succeeded
16:09:38.298 [main] DEBUG org.apache.http.impl.client.TargetAuthenticationStrategy -- Caching 'basic' auth scheme for http://13.60.22.209:7081
16:09:38.298 [main] DEBUG io.restassured.internal.RestAssuredHttpBuilder -- Parsing response as: text/plain;charset=UTF-8
16:09:38.298 [main] DEBUG io.restassured.internal.RestAssuredHttpBuilder -- Parsed data to instance of: class org.apache.http.conn.EofSensorInputStream
]]></system-out>
  </testcase>
  <testcase name="testUpdateBookWithEmptyAuthor" classname="TestCases.PutBookAPITests" time="0.595">
    <failure message="Expected status code is 400 for empty author expected [400] but found [200]" type="java.lang.AssertionError"><![CDATA[java.lang.AssertionError: Expected status code is 400 for empty author expected [400] but found [200]
	at org.testng.Assert.fail(Assert.java:110)
	at org.testng.Assert.failNotEquals(Assert.java:1413)
	at org.testng.Assert.assertEqualsImpl(Assert.java:149)
	at org.testng.Assert.assertEquals(Assert.java:131)
	at org.testng.Assert.assertEquals(Assert.java:1240)
	at TestCases.PutBookAPITests.testUpdateBookWithEmptyAuthor(PutBookAPITests.java:116)
	at java.base/jdk.internal.reflect.NativeMethodAccessorImpl.invoke0(Native Method)
	at java.base/jdk.internal.reflect.NativeMethodAccessorImpl.invoke(NativeMethodAccessorImpl.java:77)
	at java.base/jdk.internal.reflect.DelegatingMethodAccessorImpl.invoke(DelegatingMethodAccessorImpl.java:43)
	at java.base/java.lang.reflect.Method.invoke(Method.java:568)
	at org.testng.internal.invokers.MethodInvocationHelper.invokeMethod(MethodInvocationHelper.java:139)
	at org.testng.internal.invokers.TestInvoker.invokeMethod(TestInvoker.java:677)
	at org.testng.internal.invokers.TestInvoker.invokeTestMethod(TestInvoker.java:221)
	at org.testng.internal.invokers.MethodRunner.runInSequence(MethodRunner.java:50)
	at org.testng.internal.invokers.TestInvoker$MethodInvocationAgent.invoke(TestInvoker.java:969)
	at org.testng.internal.invokers.TestInvoker.invokeTestMethods(TestInvoker.java:194)
	at org.testng.internal.invokers.TestMethodWorker.invokeTestMethods(TestMethodWorker.java:148)
	at org.testng.internal.invokers.TestMethodWorker.run(TestMethodWorker.java:128)
	at java.base/java.util.ArrayList.forEach(ArrayList.java:1511)
	at org.testng.TestRunner.privateRun(TestRunner.java:829)
	at org.testng.TestRunner.run(TestRunner.java:602)
	at org.testng.SuiteRunner.runTest(SuiteRunner.java:437)
	at org.testng.SuiteRunner.runSequentially(SuiteRunner.java:431)
	at org.testng.SuiteRunner.privateRun(SuiteRunner.java:391)
	at org.testng.SuiteRunner.run(SuiteRunner.java:330)
	at org.testng.SuiteRunnerWorker.runSuite(SuiteRunnerWorker.java:52)
	at org.testng.SuiteRunnerWorker.run(SuiteRunnerWorker.java:95)
	at org.testng.TestNG.runSuitesSequentially(TestNG.java:1256)
	at org.testng.TestNG.runSuitesLocally(TestNG.java:1176)
	at org.testng.TestNG.runSuites(TestNG.java:1099)
	at org.testng.TestNG.run(TestNG.java:1067)
	at org.apache.maven.surefire.testng.TestNGExecutor.run(TestNGExecutor.java:324)
	at org.apache.maven.surefire.testng.TestNGXmlTestSuite.execute(TestNGXmlTestSuite.java:74)
	at org.apache.maven.surefire.testng.TestNGProvider.invoke(TestNGProvider.java:123)
	at org.apache.maven.surefire.booter.ForkedBooter.runSuitesInProcess(ForkedBooter.java:456)
	at org.apache.maven.surefire.booter.ForkedBooter.execute(ForkedBooter.java:169)
	at org.apache.maven.surefire.booter.ForkedBooter.run(ForkedBooter.java:595)
	at org.apache.maven.surefire.booter.ForkedBooter.main(ForkedBooter.java:581)
]]></failure>
    <system-out><![CDATA[16:09:38.320 [main] DEBUG org.apache.http.impl.conn.BasicClientConnectionManager -- Get connection for route {}->http://13.60.22.209:7081
16:09:38.320 [main] DEBUG org.apache.http.impl.conn.DefaultClientConnectionOperator -- Connecting to 13.60.22.209:7081
16:09:38.480 [main] DEBUG org.apache.http.client.protocol.RequestAddCookies -- CookieSpec selected: ignoreCookies
16:09:38.480 [main] DEBUG org.apache.http.client.protocol.RequestAuthCache -- Auth cache not set in the context
16:09:38.480 [main] DEBUG org.apache.http.client.protocol.RequestTargetAuthentication -- Target auth state: UNCHALLENGED
16:09:38.480 [main] DEBUG org.apache.http.client.protocol.RequestProxyAuthentication -- Proxy auth state: UNCHALLENGED
16:09:38.480 [main] DEBUG org.apache.http.impl.client.DefaultHttpClient -- Attempt 1 to execute request
16:09:38.480 [main] DEBUG org.apache.http.impl.conn.DefaultClientConnection -- Sending request: PUT /api/books/2 HTTP/1.1
16:09:38.480 [main] DEBUG org.apache.http.wire --  >> "PUT /api/books/2 HTTP/1.1[\r][\n]"
16:09:38.480 [main] DEBUG org.apache.http.wire --  >> "Accept: */*[\r][\n]"
16:09:38.480 [main] DEBUG org.apache.http.wire --  >> "Content-Type: application/json[\r][\n]"
16:09:38.480 [main] DEBUG org.apache.http.wire --  >> "Content-Length: 43[\r][\n]"
16:09:38.480 [main] DEBUG org.apache.http.wire --  >> "Host: 13.60.22.209:7081[\r][\n]"
16:09:38.480 [main] DEBUG org.apache.http.wire --  >> "Connection: Keep-Alive[\r][\n]"
16:09:38.480 [main] DEBUG org.apache.http.wire --  >> "User-Agent: Apache-HttpClient/4.5.13 (Java/17.0.9)[\r][\n]"
16:09:38.480 [main] DEBUG org.apache.http.wire --  >> "Accept-Encoding: gzip,deflate[\r][\n]"
16:09:38.481 [main] DEBUG org.apache.http.wire --  >> "[\r][\n]"
16:09:38.481 [main] DEBUG org.apache.http.headers -- >> PUT /api/books/2 HTTP/1.1
16:09:38.481 [main] DEBUG org.apache.http.headers -- >> Accept: */*
16:09:38.481 [main] DEBUG org.apache.http.headers -- >> Content-Type: application/json
16:09:38.481 [main] DEBUG org.apache.http.headers -- >> Content-Length: 43
16:09:38.481 [main] DEBUG org.apache.http.headers -- >> Host: 13.60.22.209:7081
16:09:38.481 [main] DEBUG org.apache.http.headers -- >> Connection: Keep-Alive
16:09:38.481 [main] DEBUG org.apache.http.headers -- >> User-Agent: Apache-HttpClient/4.5.13 (Java/17.0.9)
16:09:38.481 [main] DEBUG org.apache.http.headers -- >> Accept-Encoding: gzip,deflate
16:09:38.481 [main] DEBUG org.apache.http.wire --  >> "{"author":"","id":2,"title":"Valid Title3"}"
16:09:38.643 [main] DEBUG org.apache.http.wire --  << "HTTP/1.1 401 [\r][\n]"
16:09:38.643 [main] DEBUG org.apache.http.wire --  << "Set-Cookie: JSESSIONID=0400EC8BB131E560FE578BF4ACE3D296; Path=/; HttpOnly[\r][\n]"
16:09:38.643 [main] DEBUG org.apache.http.wire --  << "WWW-Authenticate: Basic realm="Realm"[\r][\n]"
16:09:38.643 [main] DEBUG org.apache.http.wire --  << "X-Content-Type-Options: nosniff[\r][\n]"
16:09:38.643 [main] DEBUG org.apache.http.wire --  << "X-XSS-Protection: 1; mode=block[\r][\n]"
16:09:38.643 [main] DEBUG org.apache.http.wire --  << "Cache-Control: no-cache, no-store, max-age=0, must-revalidate[\r][\n]"
16:09:38.643 [main] DEBUG org.apache.http.wire --  << "Pragma: no-cache[\r][\n]"
16:09:38.643 [main] DEBUG org.apache.http.wire --  << "Expires: 0[\r][\n]"
16:09:38.643 [main] DEBUG org.apache.http.wire --  << "X-Frame-Options: DENY[\r][\n]"
16:09:38.643 [main] DEBUG org.apache.http.wire --  << "Content-Length: 0[\r][\n]"
16:09:38.643 [main] DEBUG org.apache.http.wire --  << "Date: Thu, 02 Jan 2025 10:39:39 GMT[\r][\n]"
16:09:38.643 [main] DEBUG org.apache.http.wire --  << "Keep-Alive: timeout=60[\r][\n]"
16:09:38.643 [main] DEBUG org.apache.http.wire --  << "Connection: keep-alive[\r][\n]"
16:09:38.643 [main] DEBUG org.apache.http.wire --  << "[\r][\n]"
16:09:38.643 [main] DEBUG org.apache.http.impl.conn.DefaultClientConnection -- Receiving response: HTTP/1.1 401 
16:09:38.643 [main] DEBUG org.apache.http.headers -- << HTTP/1.1 401 
16:09:38.643 [main] DEBUG org.apache.http.headers -- << Set-Cookie: JSESSIONID=0400EC8BB131E560FE578BF4ACE3D296; Path=/; HttpOnly
16:09:38.643 [main] DEBUG org.apache.http.headers -- << WWW-Authenticate: Basic realm="Realm"
16:09:38.643 [main] DEBUG org.apache.http.headers -- << X-Content-Type-Options: nosniff
16:09:38.643 [main] DEBUG org.apache.http.headers -- << X-XSS-Protection: 1; mode=block
16:09:38.643 [main] DEBUG org.apache.http.headers -- << Cache-Control: no-cache, no-store, max-age=0, must-revalidate
16:09:38.643 [main] DEBUG org.apache.http.headers -- << Pragma: no-cache
16:09:38.643 [main] DEBUG org.apache.http.headers -- << Expires: 0
16:09:38.643 [main] DEBUG org.apache.http.headers -- << X-Frame-Options: DENY
16:09:38.643 [main] DEBUG org.apache.http.headers -- << Content-Length: 0
16:09:38.643 [main] DEBUG org.apache.http.headers -- << Date: Thu, 02 Jan 2025 10:39:39 GMT
16:09:38.643 [main] DEBUG org.apache.http.headers -- << Keep-Alive: timeout=60
16:09:38.643 [main] DEBUG org.apache.http.headers -- << Connection: keep-alive
16:09:38.644 [main] DEBUG org.apache.http.impl.client.DefaultHttpClient -- Connection can be kept alive for 60000 MILLISECONDS
16:09:38.644 [main] DEBUG org.apache.http.impl.client.DefaultHttpClient -- Authentication required
16:09:38.644 [main] DEBUG org.apache.http.impl.client.DefaultHttpClient -- 13.60.22.209:7081 requested authentication
16:09:38.644 [main] DEBUG org.apache.http.impl.client.TargetAuthenticationStrategy -- Authentication schemes in the order of preference: [Negotiate, Kerberos, NTLM, CredSSP, Digest, Basic]
16:09:38.644 [main] DEBUG org.apache.http.impl.client.TargetAuthenticationStrategy -- Challenge for Negotiate authentication scheme not available
16:09:38.644 [main] DEBUG org.apache.http.impl.client.TargetAuthenticationStrategy -- Challenge for Kerberos authentication scheme not available
16:09:38.644 [main] DEBUG org.apache.http.impl.client.TargetAuthenticationStrategy -- Challenge for NTLM authentication scheme not available
16:09:38.644 [main] DEBUG org.apache.http.impl.client.TargetAuthenticationStrategy -- Challenge for CredSSP authentication scheme not available
16:09:38.644 [main] DEBUG org.apache.http.impl.client.TargetAuthenticationStrategy -- Challenge for Digest authentication scheme not available
16:09:38.644 [main] DEBUG org.apache.http.impl.client.DefaultHttpClient -- Selected authentication options: [BASIC [complete=true]]
16:09:38.644 [main] DEBUG org.apache.http.client.protocol.RequestAddCookies -- CookieSpec selected: ignoreCookies
16:09:38.644 [main] DEBUG org.apache.http.client.protocol.RequestAuthCache -- Auth cache not set in the context
16:09:38.644 [main] DEBUG org.apache.http.client.protocol.RequestTargetAuthentication -- Target auth state: CHALLENGED
16:09:38.644 [main] DEBUG org.apache.http.client.protocol.RequestTargetAuthentication -- Generating response to an authentication challenge using basic scheme
16:09:38.645 [main] DEBUG org.apache.http.client.protocol.RequestProxyAuthentication -- Proxy auth state: UNCHALLENGED
16:09:38.645 [main] DEBUG org.apache.http.impl.client.DefaultHttpClient -- Attempt 2 to execute request
16:09:38.645 [main] DEBUG org.apache.http.impl.conn.DefaultClientConnection -- Sending request: PUT /api/books/2 HTTP/1.1
16:09:38.645 [main] DEBUG org.apache.http.wire --  >> "PUT /api/books/2 HTTP/1.1[\r][\n]"
16:09:38.645 [main] DEBUG org.apache.http.wire --  >> "Accept: */*[\r][\n]"
16:09:38.645 [main] DEBUG org.apache.http.wire --  >> "Content-Type: application/json[\r][\n]"
16:09:38.645 [main] DEBUG org.apache.http.wire --  >> "Content-Length: 43[\r][\n]"
16:09:38.645 [main] DEBUG org.apache.http.wire --  >> "Host: 13.60.22.209:7081[\r][\n]"
16:09:38.645 [main] DEBUG org.apache.http.wire --  >> "Connection: Keep-Alive[\r][\n]"
16:09:38.645 [main] DEBUG org.apache.http.wire --  >> "User-Agent: Apache-HttpClient/4.5.13 (Java/17.0.9)[\r][\n]"
16:09:38.645 [main] DEBUG org.apache.http.wire --  >> "Authorization: Basic YWRtaW46cGFzc3dvcmQ=[\r][\n]"
16:09:38.645 [main] DEBUG org.apache.http.wire --  >> "Accept-Encoding: gzip,deflate[\r][\n]"
16:09:38.645 [main] DEBUG org.apache.http.wire --  >> "[\r][\n]"
16:09:38.645 [main] DEBUG org.apache.http.headers -- >> PUT /api/books/2 HTTP/1.1
16:09:38.645 [main] DEBUG org.apache.http.headers -- >> Accept: */*
16:09:38.645 [main] DEBUG org.apache.http.headers -- >> Content-Type: application/json
16:09:38.645 [main] DEBUG org.apache.http.headers -- >> Content-Length: 43
16:09:38.645 [main] DEBUG org.apache.http.headers -- >> Host: 13.60.22.209:7081
16:09:38.645 [main] DEBUG org.apache.http.headers -- >> Connection: Keep-Alive
16:09:38.645 [main] DEBUG org.apache.http.headers -- >> User-Agent: Apache-HttpClient/4.5.13 (Java/17.0.9)
16:09:38.645 [main] DEBUG org.apache.http.headers -- >> Authorization: Basic YWRtaW46cGFzc3dvcmQ=
16:09:38.645 [main] DEBUG org.apache.http.headers -- >> Accept-Encoding: gzip,deflate
16:09:38.645 [main] DEBUG org.apache.http.wire --  >> "{"author":"","id":2,"title":"Valid Title3"}"
16:09:38.892 [main] DEBUG org.apache.http.wire --  << "HTTP/1.1 200 [\r][\n]"
16:09:38.892 [main] DEBUG org.apache.http.wire --  << "Set-Cookie: JSESSIONID=D8FF0AA65B35218ADC62C08E7636ACBC; Path=/; HttpOnly[\r][\n]"
16:09:38.892 [main] DEBUG org.apache.http.wire --  << "X-Content-Type-Options: nosniff[\r][\n]"
16:09:38.892 [main] DEBUG org.apache.http.wire --  << "X-XSS-Protection: 1; mode=block[\r][\n]"
16:09:38.892 [main] DEBUG org.apache.http.wire --  << "Cache-Control: no-cache, no-store, max-age=0, must-revalidate[\r][\n]"
16:09:38.892 [main] DEBUG org.apache.http.wire --  << "Pragma: no-cache[\r][\n]"
16:09:38.892 [main] DEBUG org.apache.http.wire --  << "Expires: 0[\r][\n]"
16:09:38.892 [main] DEBUG org.apache.http.wire --  << "X-Frame-Options: DENY[\r][\n]"
16:09:38.892 [main] DEBUG org.apache.http.wire --  << "Content-Type: application/json[\r][\n]"
16:09:38.892 [main] DEBUG org.apache.http.wire --  << "Transfer-Encoding: chunked[\r][\n]"
16:09:38.892 [main] DEBUG org.apache.http.wire --  << "Date: Thu, 02 Jan 2025 10:39:39 GMT[\r][\n]"
16:09:38.892 [main] DEBUG org.apache.http.wire --  << "Keep-Alive: timeout=60[\r][\n]"
16:09:38.892 [main] DEBUG org.apache.http.wire --  << "Connection: keep-alive[\r][\n]"
16:09:38.892 [main] DEBUG org.apache.http.wire --  << "[\r][\n]"
16:09:38.892 [main] DEBUG org.apache.http.impl.conn.DefaultClientConnection -- Receiving response: HTTP/1.1 200 
16:09:38.892 [main] DEBUG org.apache.http.headers -- << HTTP/1.1 200 
16:09:38.892 [main] DEBUG org.apache.http.headers -- << Set-Cookie: JSESSIONID=D8FF0AA65B35218ADC62C08E7636ACBC; Path=/; HttpOnly
16:09:38.892 [main] DEBUG org.apache.http.headers -- << X-Content-Type-Options: nosniff
16:09:38.892 [main] DEBUG org.apache.http.headers -- << X-XSS-Protection: 1; mode=block
16:09:38.892 [main] DEBUG org.apache.http.headers -- << Cache-Control: no-cache, no-store, max-age=0, must-revalidate
16:09:38.892 [main] DEBUG org.apache.http.headers -- << Pragma: no-cache
16:09:38.892 [main] DEBUG org.apache.http.headers -- << Expires: 0
16:09:38.892 [main] DEBUG org.apache.http.headers -- << X-Frame-Options: DENY
16:09:38.892 [main] DEBUG org.apache.http.headers -- << Content-Type: application/json
16:09:38.892 [main] DEBUG org.apache.http.headers -- << Transfer-Encoding: chunked
16:09:38.892 [main] DEBUG org.apache.http.headers -- << Date: Thu, 02 Jan 2025 10:39:39 GMT
16:09:38.892 [main] DEBUG org.apache.http.headers -- << Keep-Alive: timeout=60
16:09:38.892 [main] DEBUG org.apache.http.headers -- << Connection: keep-alive
16:09:38.892 [main] DEBUG org.apache.http.impl.client.DefaultHttpClient -- Connection can be kept alive for 60000 MILLISECONDS
16:09:38.892 [main] DEBUG org.apache.http.impl.client.DefaultHttpClient -- Authentication succeeded
16:09:38.892 [main] DEBUG org.apache.http.impl.client.TargetAuthenticationStrategy -- Caching 'basic' auth scheme for http://13.60.22.209:7081
16:09:38.892 [main] DEBUG io.restassured.internal.RestAssuredHttpBuilder -- Parsing response as: application/json
16:09:38.892 [main] DEBUG io.restassured.internal.RestAssuredHttpBuilder -- Parsed data to instance of: class org.apache.http.conn.EofSensorInputStream
]]></system-out>
  </testcase>
  <testcase name="testUpdateBookWithInvalidIdAsAdmin" classname="TestCases.PutBookAPITests" time="0.635">
    <system-out><![CDATA[16:09:38.903 [main] DEBUG org.apache.http.impl.conn.BasicClientConnectionManager -- Get connection for route {}->http://13.60.22.209:7081
16:09:38.903 [main] DEBUG org.apache.http.impl.conn.DefaultClientConnectionOperator -- Connecting to 13.60.22.209:7081
16:09:39.075 [main] DEBUG org.apache.http.client.protocol.RequestAddCookies -- CookieSpec selected: ignoreCookies
16:09:39.075 [main] DEBUG org.apache.http.client.protocol.RequestAuthCache -- Auth cache not set in the context
16:09:39.076 [main] DEBUG org.apache.http.client.protocol.RequestTargetAuthentication -- Target auth state: UNCHALLENGED
16:09:39.076 [main] DEBUG org.apache.http.client.protocol.RequestProxyAuthentication -- Proxy auth state: UNCHALLENGED
16:09:39.076 [main] DEBUG org.apache.http.impl.client.DefaultHttpClient -- Attempt 1 to execute request
16:09:39.076 [main] DEBUG org.apache.http.impl.conn.DefaultClientConnection -- Sending request: PUT /api/books/999 HTTP/1.1
16:09:39.076 [main] DEBUG org.apache.http.wire --  >> "PUT /api/books/999 HTTP/1.1[\r][\n]"
16:09:39.076 [main] DEBUG org.apache.http.wire --  >> "Accept: */*[\r][\n]"
16:09:39.076 [main] DEBUG org.apache.http.wire --  >> "Content-Type: application/json[\r][\n]"
16:09:39.076 [main] DEBUG org.apache.http.wire --  >> "Content-Length: 75[\r][\n]"
16:09:39.076 [main] DEBUG org.apache.http.wire --  >> "Host: 13.60.22.209:7081[\r][\n]"
16:09:39.076 [main] DEBUG org.apache.http.wire --  >> "Connection: Keep-Alive[\r][\n]"
16:09:39.076 [main] DEBUG org.apache.http.wire --  >> "User-Agent: Apache-HttpClient/4.5.13 (Java/17.0.9)[\r][\n]"
16:09:39.076 [main] DEBUG org.apache.http.wire --  >> "Accept-Encoding: gzip,deflate[\r][\n]"
16:09:39.076 [main] DEBUG org.apache.http.wire --  >> "[\r][\n]"
16:09:39.076 [main] DEBUG org.apache.http.headers -- >> PUT /api/books/999 HTTP/1.1
16:09:39.076 [main] DEBUG org.apache.http.headers -- >> Accept: */*
16:09:39.076 [main] DEBUG org.apache.http.headers -- >> Content-Type: application/json
16:09:39.076 [main] DEBUG org.apache.http.headers -- >> Content-Length: 75
16:09:39.076 [main] DEBUG org.apache.http.headers -- >> Host: 13.60.22.209:7081
16:09:39.076 [main] DEBUG org.apache.http.headers -- >> Connection: Keep-Alive
16:09:39.076 [main] DEBUG org.apache.http.headers -- >> User-Agent: Apache-HttpClient/4.5.13 (Java/17.0.9)
16:09:39.076 [main] DEBUG org.apache.http.headers -- >> Accept-Encoding: gzip,deflate
16:09:39.076 [main] DEBUG org.apache.http.wire --  >> "{"author":"Non-existent Author","id":999,"title":"Non-existent Book Title"}"
16:09:39.252 [main] DEBUG org.apache.http.wire --  << "HTTP/1.1 401 [\r][\n]"
16:09:39.253 [main] DEBUG org.apache.http.wire --  << "Set-Cookie: JSESSIONID=E27D491C3AF2B6BDA309AA33CECD5AC1; Path=/; HttpOnly[\r][\n]"
16:09:39.253 [main] DEBUG org.apache.http.wire --  << "WWW-Authenticate: Basic realm="Realm"[\r][\n]"
16:09:39.253 [main] DEBUG org.apache.http.wire --  << "X-Content-Type-Options: nosniff[\r][\n]"
16:09:39.253 [main] DEBUG org.apache.http.wire --  << "X-XSS-Protection: 1; mode=block[\r][\n]"
16:09:39.253 [main] DEBUG org.apache.http.wire --  << "Cache-Control: no-cache, no-store, max-age=0, must-revalidate[\r][\n]"
16:09:39.253 [main] DEBUG org.apache.http.wire --  << "Pragma: no-cache[\r][\n]"
16:09:39.253 [main] DEBUG org.apache.http.wire --  << "Expires: 0[\r][\n]"
16:09:39.253 [main] DEBUG org.apache.http.wire --  << "X-Frame-Options: DENY[\r][\n]"
16:09:39.253 [main] DEBUG org.apache.http.wire --  << "Content-Length: 0[\r][\n]"
16:09:39.253 [main] DEBUG org.apache.http.wire --  << "Date: Thu, 02 Jan 2025 10:39:39 GMT[\r][\n]"
16:09:39.253 [main] DEBUG org.apache.http.wire --  << "Keep-Alive: timeout=60[\r][\n]"
16:09:39.253 [main] DEBUG org.apache.http.wire --  << "Connection: keep-alive[\r][\n]"
16:09:39.253 [main] DEBUG org.apache.http.wire --  << "[\r][\n]"
16:09:39.253 [main] DEBUG org.apache.http.impl.conn.DefaultClientConnection -- Receiving response: HTTP/1.1 401 
16:09:39.253 [main] DEBUG org.apache.http.headers -- << HTTP/1.1 401 
16:09:39.253 [main] DEBUG org.apache.http.headers -- << Set-Cookie: JSESSIONID=E27D491C3AF2B6BDA309AA33CECD5AC1; Path=/; HttpOnly
16:09:39.253 [main] DEBUG org.apache.http.headers -- << WWW-Authenticate: Basic realm="Realm"
16:09:39.253 [main] DEBUG org.apache.http.headers -- << X-Content-Type-Options: nosniff
16:09:39.253 [main] DEBUG org.apache.http.headers -- << X-XSS-Protection: 1; mode=block
16:09:39.253 [main] DEBUG org.apache.http.headers -- << Cache-Control: no-cache, no-store, max-age=0, must-revalidate
16:09:39.253 [main] DEBUG org.apache.http.headers -- << Pragma: no-cache
16:09:39.253 [main] DEBUG org.apache.http.headers -- << Expires: 0
16:09:39.253 [main] DEBUG org.apache.http.headers -- << X-Frame-Options: DENY
16:09:39.253 [main] DEBUG org.apache.http.headers -- << Content-Length: 0
16:09:39.253 [main] DEBUG org.apache.http.headers -- << Date: Thu, 02 Jan 2025 10:39:39 GMT
16:09:39.253 [main] DEBUG org.apache.http.headers -- << Keep-Alive: timeout=60
16:09:39.253 [main] DEBUG org.apache.http.headers -- << Connection: keep-alive
16:09:39.253 [main] DEBUG org.apache.http.impl.client.DefaultHttpClient -- Connection can be kept alive for 60000 MILLISECONDS
16:09:39.253 [main] DEBUG org.apache.http.impl.client.DefaultHttpClient -- Authentication required
16:09:39.253 [main] DEBUG org.apache.http.impl.client.DefaultHttpClient -- 13.60.22.209:7081 requested authentication
16:09:39.253 [main] DEBUG org.apache.http.impl.client.TargetAuthenticationStrategy -- Authentication schemes in the order of preference: [Negotiate, Kerberos, NTLM, CredSSP, Digest, Basic]
16:09:39.253 [main] DEBUG org.apache.http.impl.client.TargetAuthenticationStrategy -- Challenge for Negotiate authentication scheme not available
16:09:39.253 [main] DEBUG org.apache.http.impl.client.TargetAuthenticationStrategy -- Challenge for Kerberos authentication scheme not available
16:09:39.253 [main] DEBUG org.apache.http.impl.client.TargetAuthenticationStrategy -- Challenge for NTLM authentication scheme not available
16:09:39.253 [main] DEBUG org.apache.http.impl.client.TargetAuthenticationStrategy -- Challenge for CredSSP authentication scheme not available
16:09:39.253 [main] DEBUG org.apache.http.impl.client.TargetAuthenticationStrategy -- Challenge for Digest authentication scheme not available
16:09:39.254 [main] DEBUG org.apache.http.impl.client.DefaultHttpClient -- Selected authentication options: [BASIC [complete=true]]
16:09:39.254 [main] DEBUG org.apache.http.client.protocol.RequestAddCookies -- CookieSpec selected: ignoreCookies
16:09:39.254 [main] DEBUG org.apache.http.client.protocol.RequestAuthCache -- Auth cache not set in the context
16:09:39.254 [main] DEBUG org.apache.http.client.protocol.RequestTargetAuthentication -- Target auth state: CHALLENGED
16:09:39.254 [main] DEBUG org.apache.http.client.protocol.RequestTargetAuthentication -- Generating response to an authentication challenge using basic scheme
16:09:39.254 [main] DEBUG org.apache.http.client.protocol.RequestProxyAuthentication -- Proxy auth state: UNCHALLENGED
16:09:39.254 [main] DEBUG org.apache.http.impl.client.DefaultHttpClient -- Attempt 2 to execute request
16:09:39.254 [main] DEBUG org.apache.http.impl.conn.DefaultClientConnection -- Sending request: PUT /api/books/999 HTTP/1.1
16:09:39.254 [main] DEBUG org.apache.http.wire --  >> "PUT /api/books/999 HTTP/1.1[\r][\n]"
16:09:39.254 [main] DEBUG org.apache.http.wire --  >> "Accept: */*[\r][\n]"
16:09:39.254 [main] DEBUG org.apache.http.wire --  >> "Content-Type: application/json[\r][\n]"
16:09:39.254 [main] DEBUG org.apache.http.wire --  >> "Content-Length: 75[\r][\n]"
16:09:39.254 [main] DEBUG org.apache.http.wire --  >> "Host: 13.60.22.209:7081[\r][\n]"
16:09:39.254 [main] DEBUG org.apache.http.wire --  >> "Connection: Keep-Alive[\r][\n]"
16:09:39.254 [main] DEBUG org.apache.http.wire --  >> "User-Agent: Apache-HttpClient/4.5.13 (Java/17.0.9)[\r][\n]"
16:09:39.254 [main] DEBUG org.apache.http.wire --  >> "Authorization: Basic YWRtaW46cGFzc3dvcmQ=[\r][\n]"
16:09:39.254 [main] DEBUG org.apache.http.wire --  >> "Accept-Encoding: gzip,deflate[\r][\n]"
16:09:39.254 [main] DEBUG org.apache.http.wire --  >> "[\r][\n]"
16:09:39.254 [main] DEBUG org.apache.http.headers -- >> PUT /api/books/999 HTTP/1.1
16:09:39.254 [main] DEBUG org.apache.http.headers -- >> Accept: */*
16:09:39.254 [main] DEBUG org.apache.http.headers -- >> Content-Type: application/json
16:09:39.254 [main] DEBUG org.apache.http.headers -- >> Content-Length: 75
16:09:39.254 [main] DEBUG org.apache.http.headers -- >> Host: 13.60.22.209:7081
16:09:39.254 [main] DEBUG org.apache.http.headers -- >> Connection: Keep-Alive
16:09:39.254 [main] DEBUG org.apache.http.headers -- >> User-Agent: Apache-HttpClient/4.5.13 (Java/17.0.9)
16:09:39.254 [main] DEBUG org.apache.http.headers -- >> Authorization: Basic YWRtaW46cGFzc3dvcmQ=
16:09:39.254 [main] DEBUG org.apache.http.headers -- >> Accept-Encoding: gzip,deflate
16:09:39.254 [main] DEBUG org.apache.http.wire --  >> "{"author":"Non-existent Author","id":999,"title":"Non-existent Book Title"}"
16:09:39.526 [main] DEBUG org.apache.http.wire --  << "HTTP/1.1 404 [\r][\n]"
16:09:39.526 [main] DEBUG org.apache.http.wire --  << "Set-Cookie: JSESSIONID=6EC37D119495DDDD4C8A25E3307CB8A4; Path=/; HttpOnly[\r][\n]"
16:09:39.526 [main] DEBUG org.apache.http.wire --  << "X-Content-Type-Options: nosniff[\r][\n]"
16:09:39.526 [main] DEBUG org.apache.http.wire --  << "X-XSS-Protection: 1; mode=block[\r][\n]"
16:09:39.526 [main] DEBUG org.apache.http.wire --  << "Cache-Control: no-cache, no-store, max-age=0, must-revalidate[\r][\n]"
16:09:39.526 [main] DEBUG org.apache.http.wire --  << "Pragma: no-cache[\r][\n]"
16:09:39.526 [main] DEBUG org.apache.http.wire --  << "Expires: 0[\r][\n]"
16:09:39.526 [main] DEBUG org.apache.http.wire --  << "X-Frame-Options: DENY[\r][\n]"
16:09:39.526 [main] DEBUG org.apache.http.wire --  << "Content-Type: text/plain;charset=UTF-8[\r][\n]"
16:09:39.526 [main] DEBUG org.apache.http.wire --  << "Content-Length: 14[\r][\n]"
16:09:39.526 [main] DEBUG org.apache.http.wire --  << "Date: Thu, 02 Jan 2025 10:39:39 GMT[\r][\n]"
16:09:39.526 [main] DEBUG org.apache.http.wire --  << "Keep-Alive: timeout=60[\r][\n]"
16:09:39.526 [main] DEBUG org.apache.http.wire --  << "Connection: keep-alive[\r][\n]"
16:09:39.526 [main] DEBUG org.apache.http.wire --  << "[\r][\n]"
16:09:39.526 [main] DEBUG org.apache.http.impl.conn.DefaultClientConnection -- Receiving response: HTTP/1.1 404 
16:09:39.526 [main] DEBUG org.apache.http.headers -- << HTTP/1.1 404 
16:09:39.526 [main] DEBUG org.apache.http.headers -- << Set-Cookie: JSESSIONID=6EC37D119495DDDD4C8A25E3307CB8A4; Path=/; HttpOnly
16:09:39.526 [main] DEBUG org.apache.http.headers -- << X-Content-Type-Options: nosniff
16:09:39.526 [main] DEBUG org.apache.http.headers -- << X-XSS-Protection: 1; mode=block
16:09:39.526 [main] DEBUG org.apache.http.headers -- << Cache-Control: no-cache, no-store, max-age=0, must-revalidate
16:09:39.526 [main] DEBUG org.apache.http.headers -- << Pragma: no-cache
16:09:39.526 [main] DEBUG org.apache.http.headers -- << Expires: 0
16:09:39.526 [main] DEBUG org.apache.http.headers -- << X-Frame-Options: DENY
16:09:39.526 [main] DEBUG org.apache.http.headers -- << Content-Type: text/plain;charset=UTF-8
16:09:39.526 [main] DEBUG org.apache.http.headers -- << Content-Length: 14
16:09:39.526 [main] DEBUG org.apache.http.headers -- << Date: Thu, 02 Jan 2025 10:39:39 GMT
16:09:39.526 [main] DEBUG org.apache.http.headers -- << Keep-Alive: timeout=60
16:09:39.526 [main] DEBUG org.apache.http.headers -- << Connection: keep-alive
16:09:39.527 [main] DEBUG org.apache.http.impl.client.DefaultHttpClient -- Connection can be kept alive for 60000 MILLISECONDS
16:09:39.527 [main] DEBUG org.apache.http.impl.client.DefaultHttpClient -- Authentication succeeded
16:09:39.527 [main] DEBUG org.apache.http.impl.client.TargetAuthenticationStrategy -- Caching 'basic' auth scheme for http://13.60.22.209:7081
16:09:39.527 [main] DEBUG io.restassured.internal.RestAssuredHttpBuilder -- Parsing response as: text/plain;charset=UTF-8
16:09:39.527 [main] DEBUG io.restassured.internal.RestAssuredHttpBuilder -- Parsed data to instance of: class org.apache.http.conn.EofSensorInputStream
16:09:39.528 [main] DEBUG org.apache.http.wire --  << "Book not found"
16:09:39.528 [main] DEBUG org.apache.http.impl.conn.BasicClientConnectionManager -- Releasing connection org.apache.http.impl.conn.ManagedClientConnectionImpl@47b33e07
16:09:39.528 [main] DEBUG org.apache.http.impl.conn.BasicClientConnectionManager -- Connection can be kept alive for 60000 MILLISECONDS
]]></system-out>
  </testcase>
  <testcase name="testUpdateBookWithMissingOrInvalidTitleAsAdmin" classname="TestCases.PutBookAPITests" time="0.575">
    <failure message="Expected status code is 400 for missing/empty title expected [400] but found [200]" type="java.lang.AssertionError"><![CDATA[java.lang.AssertionError: Expected status code is 400 for missing/empty title expected [400] but found [200]
	at org.testng.Assert.fail(Assert.java:110)
	at org.testng.Assert.failNotEquals(Assert.java:1413)
	at org.testng.Assert.assertEqualsImpl(Assert.java:149)
	at org.testng.Assert.assertEquals(Assert.java:131)
	at org.testng.Assert.assertEquals(Assert.java:1240)
	at TestCases.PutBookAPITests.testUpdateBookWithMissingOrInvalidTitleAsAdmin(PutBookAPITests.java:184)
	at java.base/jdk.internal.reflect.NativeMethodAccessorImpl.invoke0(Native Method)
	at java.base/jdk.internal.reflect.NativeMethodAccessorImpl.invoke(NativeMethodAccessorImpl.java:77)
	at java.base/jdk.internal.reflect.DelegatingMethodAccessorImpl.invoke(DelegatingMethodAccessorImpl.java:43)
	at java.base/java.lang.reflect.Method.invoke(Method.java:568)
	at org.testng.internal.invokers.MethodInvocationHelper.invokeMethod(MethodInvocationHelper.java:139)
	at org.testng.internal.invokers.TestInvoker.invokeMethod(TestInvoker.java:677)
	at org.testng.internal.invokers.TestInvoker.invokeTestMethod(TestInvoker.java:221)
	at org.testng.internal.invokers.MethodRunner.runInSequence(MethodRunner.java:50)
	at org.testng.internal.invokers.TestInvoker$MethodInvocationAgent.invoke(TestInvoker.java:969)
	at org.testng.internal.invokers.TestInvoker.invokeTestMethods(TestInvoker.java:194)
	at org.testng.internal.invokers.TestMethodWorker.invokeTestMethods(TestMethodWorker.java:148)
	at org.testng.internal.invokers.TestMethodWorker.run(TestMethodWorker.java:128)
	at java.base/java.util.ArrayList.forEach(ArrayList.java:1511)
	at org.testng.TestRunner.privateRun(TestRunner.java:829)
	at org.testng.TestRunner.run(TestRunner.java:602)
	at org.testng.SuiteRunner.runTest(SuiteRunner.java:437)
	at org.testng.SuiteRunner.runSequentially(SuiteRunner.java:431)
	at org.testng.SuiteRunner.privateRun(SuiteRunner.java:391)
	at org.testng.SuiteRunner.run(SuiteRunner.java:330)
	at org.testng.SuiteRunnerWorker.runSuite(SuiteRunnerWorker.java:52)
	at org.testng.SuiteRunnerWorker.run(SuiteRunnerWorker.java:95)
	at org.testng.TestNG.runSuitesSequentially(TestNG.java:1256)
	at org.testng.TestNG.runSuitesLocally(TestNG.java:1176)
	at org.testng.TestNG.runSuites(TestNG.java:1099)
	at org.testng.TestNG.run(TestNG.java:1067)
	at org.apache.maven.surefire.testng.TestNGExecutor.run(TestNGExecutor.java:324)
	at org.apache.maven.surefire.testng.TestNGXmlTestSuite.execute(TestNGXmlTestSuite.java:74)
	at org.apache.maven.surefire.testng.TestNGProvider.invoke(TestNGProvider.java:123)
	at org.apache.maven.surefire.booter.ForkedBooter.runSuitesInProcess(ForkedBooter.java:456)
	at org.apache.maven.surefire.booter.ForkedBooter.execute(ForkedBooter.java:169)
	at org.apache.maven.surefire.booter.ForkedBooter.run(ForkedBooter.java:595)
	at org.apache.maven.surefire.booter.ForkedBooter.main(ForkedBooter.java:581)
]]></failure>
    <system-out><![CDATA[16:09:39.547 [main] DEBUG org.apache.http.impl.conn.BasicClientConnectionManager -- Get connection for route {}->http://13.60.22.209:7081
16:09:39.547 [main] DEBUG org.apache.http.impl.conn.DefaultClientConnectionOperator -- Connecting to 13.60.22.209:7081
16:09:39.699 [main] DEBUG org.apache.http.client.protocol.RequestAddCookies -- CookieSpec selected: ignoreCookies
16:09:39.699 [main] DEBUG org.apache.http.client.protocol.RequestAuthCache -- Auth cache not set in the context
16:09:39.699 [main] DEBUG org.apache.http.client.protocol.RequestTargetAuthentication -- Target auth state: UNCHALLENGED
16:09:39.699 [main] DEBUG org.apache.http.client.protocol.RequestProxyAuthentication -- Proxy auth state: UNCHALLENGED
16:09:39.699 [main] DEBUG org.apache.http.impl.client.DefaultHttpClient -- Attempt 1 to execute request
16:09:39.699 [main] DEBUG org.apache.http.impl.conn.DefaultClientConnection -- Sending request: PUT /api/books/2 HTTP/1.1
16:09:39.699 [main] DEBUG org.apache.http.wire --  >> "PUT /api/books/2 HTTP/1.1[\r][\n]"
16:09:39.699 [main] DEBUG org.apache.http.wire --  >> "Accept: */*[\r][\n]"
16:09:39.699 [main] DEBUG org.apache.http.wire --  >> "Content-Type: application/json[\r][\n]"
16:09:39.699 [main] DEBUG org.apache.http.wire --  >> "Content-Length: 34[\r][\n]"
16:09:39.699 [main] DEBUG org.apache.http.wire --  >> "Host: 13.60.22.209:7081[\r][\n]"
16:09:39.699 [main] DEBUG org.apache.http.wire --  >> "Connection: Keep-Alive[\r][\n]"
16:09:39.699 [main] DEBUG org.apache.http.wire --  >> "User-Agent: Apache-HttpClient/4.5.13 (Java/17.0.9)[\r][\n]"
16:09:39.699 [main] DEBUG org.apache.http.wire --  >> "Accept-Encoding: gzip,deflate[\r][\n]"
16:09:39.699 [main] DEBUG org.apache.http.wire --  >> "[\r][\n]"
16:09:39.699 [main] DEBUG org.apache.http.headers -- >> PUT /api/books/2 HTTP/1.1
16:09:39.699 [main] DEBUG org.apache.http.headers -- >> Accept: */*
16:09:39.699 [main] DEBUG org.apache.http.headers -- >> Content-Type: application/json
16:09:39.699 [main] DEBUG org.apache.http.headers -- >> Content-Length: 34
16:09:39.699 [main] DEBUG org.apache.http.headers -- >> Host: 13.60.22.209:7081
16:09:39.699 [main] DEBUG org.apache.http.headers -- >> Connection: Keep-Alive
16:09:39.699 [main] DEBUG org.apache.http.headers -- >> User-Agent: Apache-HttpClient/4.5.13 (Java/17.0.9)
16:09:39.699 [main] DEBUG org.apache.http.headers -- >> Accept-Encoding: gzip,deflate
16:09:39.699 [main] DEBUG org.apache.http.wire --  >> "{"author":"Hri","id":2,"title":""}"
16:09:39.856 [main] DEBUG org.apache.http.wire --  << "HTTP/1.1 401 [\r][\n]"
16:09:39.856 [main] DEBUG org.apache.http.wire --  << "Set-Cookie: JSESSIONID=6311CB72263F1C260111641A66B01B51; Path=/; HttpOnly[\r][\n]"
16:09:39.856 [main] DEBUG org.apache.http.wire --  << "WWW-Authenticate: Basic realm="Realm"[\r][\n]"
16:09:39.856 [main] DEBUG org.apache.http.wire --  << "X-Content-Type-Options: nosniff[\r][\n]"
16:09:39.856 [main] DEBUG org.apache.http.wire --  << "X-XSS-Protection: 1; mode=block[\r][\n]"
16:09:39.856 [main] DEBUG org.apache.http.wire --  << "Cache-Control: no-cache, no-store, max-age=0, must-revalidate[\r][\n]"
16:09:39.856 [main] DEBUG org.apache.http.wire --  << "Pragma: no-cache[\r][\n]"
16:09:39.856 [main] DEBUG org.apache.http.wire --  << "Expires: 0[\r][\n]"
16:09:39.856 [main] DEBUG org.apache.http.wire --  << "X-Frame-Options: DENY[\r][\n]"
16:09:39.856 [main] DEBUG org.apache.http.wire --  << "Content-Length: 0[\r][\n]"
16:09:39.856 [main] DEBUG org.apache.http.wire --  << "Date: Thu, 02 Jan 2025 10:39:40 GMT[\r][\n]"
16:09:39.856 [main] DEBUG org.apache.http.wire --  << "Keep-Alive: timeout=60[\r][\n]"
16:09:39.856 [main] DEBUG org.apache.http.wire --  << "Connection: keep-alive[\r][\n]"
16:09:39.856 [main] DEBUG org.apache.http.wire --  << "[\r][\n]"
16:09:39.857 [main] DEBUG org.apache.http.impl.conn.DefaultClientConnection -- Receiving response: HTTP/1.1 401 
16:09:39.857 [main] DEBUG org.apache.http.headers -- << HTTP/1.1 401 
16:09:39.857 [main] DEBUG org.apache.http.headers -- << Set-Cookie: JSESSIONID=6311CB72263F1C260111641A66B01B51; Path=/; HttpOnly
16:09:39.857 [main] DEBUG org.apache.http.headers -- << WWW-Authenticate: Basic realm="Realm"
16:09:39.857 [main] DEBUG org.apache.http.headers -- << X-Content-Type-Options: nosniff
16:09:39.857 [main] DEBUG org.apache.http.headers -- << X-XSS-Protection: 1; mode=block
16:09:39.857 [main] DEBUG org.apache.http.headers -- << Cache-Control: no-cache, no-store, max-age=0, must-revalidate
16:09:39.857 [main] DEBUG org.apache.http.headers -- << Pragma: no-cache
16:09:39.857 [main] DEBUG org.apache.http.headers -- << Expires: 0
16:09:39.857 [main] DEBUG org.apache.http.headers -- << X-Frame-Options: DENY
16:09:39.857 [main] DEBUG org.apache.http.headers -- << Content-Length: 0
16:09:39.857 [main] DEBUG org.apache.http.headers -- << Date: Thu, 02 Jan 2025 10:39:40 GMT
16:09:39.857 [main] DEBUG org.apache.http.headers -- << Keep-Alive: timeout=60
16:09:39.857 [main] DEBUG org.apache.http.headers -- << Connection: keep-alive
16:09:39.857 [main] DEBUG org.apache.http.impl.client.DefaultHttpClient -- Connection can be kept alive for 60000 MILLISECONDS
16:09:39.857 [main] DEBUG org.apache.http.impl.client.DefaultHttpClient -- Authentication required
16:09:39.857 [main] DEBUG org.apache.http.impl.client.DefaultHttpClient -- 13.60.22.209:7081 requested authentication
16:09:39.857 [main] DEBUG org.apache.http.impl.client.TargetAuthenticationStrategy -- Authentication schemes in the order of preference: [Negotiate, Kerberos, NTLM, CredSSP, Digest, Basic]
16:09:39.857 [main] DEBUG org.apache.http.impl.client.TargetAuthenticationStrategy -- Challenge for Negotiate authentication scheme not available
16:09:39.857 [main] DEBUG org.apache.http.impl.client.TargetAuthenticationStrategy -- Challenge for Kerberos authentication scheme not available
16:09:39.857 [main] DEBUG org.apache.http.impl.client.TargetAuthenticationStrategy -- Challenge for NTLM authentication scheme not available
16:09:39.857 [main] DEBUG org.apache.http.impl.client.TargetAuthenticationStrategy -- Challenge for CredSSP authentication scheme not available
16:09:39.857 [main] DEBUG org.apache.http.impl.client.TargetAuthenticationStrategy -- Challenge for Digest authentication scheme not available
16:09:39.857 [main] DEBUG org.apache.http.impl.client.DefaultHttpClient -- Selected authentication options: [BASIC [complete=true]]
16:09:39.857 [main] DEBUG org.apache.http.client.protocol.RequestAddCookies -- CookieSpec selected: ignoreCookies
16:09:39.857 [main] DEBUG org.apache.http.client.protocol.RequestAuthCache -- Auth cache not set in the context
16:09:39.857 [main] DEBUG org.apache.http.client.protocol.RequestTargetAuthentication -- Target auth state: CHALLENGED
16:09:39.857 [main] DEBUG org.apache.http.client.protocol.RequestTargetAuthentication -- Generating response to an authentication challenge using basic scheme
16:09:39.858 [main] DEBUG org.apache.http.client.protocol.RequestProxyAuthentication -- Proxy auth state: UNCHALLENGED
16:09:39.858 [main] DEBUG org.apache.http.impl.client.DefaultHttpClient -- Attempt 2 to execute request
16:09:39.858 [main] DEBUG org.apache.http.impl.conn.DefaultClientConnection -- Sending request: PUT /api/books/2 HTTP/1.1
16:09:39.858 [main] DEBUG org.apache.http.wire --  >> "PUT /api/books/2 HTTP/1.1[\r][\n]"
16:09:39.858 [main] DEBUG org.apache.http.wire --  >> "Accept: */*[\r][\n]"
16:09:39.858 [main] DEBUG org.apache.http.wire --  >> "Content-Type: application/json[\r][\n]"
16:09:39.858 [main] DEBUG org.apache.http.wire --  >> "Content-Length: 34[\r][\n]"
16:09:39.858 [main] DEBUG org.apache.http.wire --  >> "Host: 13.60.22.209:7081[\r][\n]"
16:09:39.858 [main] DEBUG org.apache.http.wire --  >> "Connection: Keep-Alive[\r][\n]"
16:09:39.858 [main] DEBUG org.apache.http.wire --  >> "User-Agent: Apache-HttpClient/4.5.13 (Java/17.0.9)[\r][\n]"
16:09:39.858 [main] DEBUG org.apache.http.wire --  >> "Authorization: Basic YWRtaW46cGFzc3dvcmQ=[\r][\n]"
16:09:39.858 [main] DEBUG org.apache.http.wire --  >> "Accept-Encoding: gzip,deflate[\r][\n]"
16:09:39.858 [main] DEBUG org.apache.http.wire --  >> "[\r][\n]"
16:09:39.858 [main] DEBUG org.apache.http.headers -- >> PUT /api/books/2 HTTP/1.1
16:09:39.858 [main] DEBUG org.apache.http.headers -- >> Accept: */*
16:09:39.858 [main] DEBUG org.apache.http.headers -- >> Content-Type: application/json
16:09:39.858 [main] DEBUG org.apache.http.headers -- >> Content-Length: 34
16:09:39.858 [main] DEBUG org.apache.http.headers -- >> Host: 13.60.22.209:7081
16:09:39.858 [main] DEBUG org.apache.http.headers -- >> Connection: Keep-Alive
16:09:39.858 [main] DEBUG org.apache.http.headers -- >> User-Agent: Apache-HttpClient/4.5.13 (Java/17.0.9)
16:09:39.858 [main] DEBUG org.apache.http.headers -- >> Authorization: Basic YWRtaW46cGFzc3dvcmQ=
16:09:39.858 [main] DEBUG org.apache.http.headers -- >> Accept-Encoding: gzip,deflate
16:09:39.858 [main] DEBUG org.apache.http.wire --  >> "{"author":"Hri","id":2,"title":""}"
16:09:40.105 [main] DEBUG org.apache.http.wire --  << "HTTP/1.1 200 [\r][\n]"
16:09:40.105 [main] DEBUG org.apache.http.wire --  << "Set-Cookie: JSESSIONID=13381FFC65291F305083531E0DB29264; Path=/; HttpOnly[\r][\n]"
16:09:40.105 [main] DEBUG org.apache.http.wire --  << "X-Content-Type-Options: nosniff[\r][\n]"
16:09:40.105 [main] DEBUG org.apache.http.wire --  << "X-XSS-Protection: 1; mode=block[\r][\n]"
16:09:40.105 [main] DEBUG org.apache.http.wire --  << "Cache-Control: no-cache, no-store, max-age=0, must-revalidate[\r][\n]"
16:09:40.105 [main] DEBUG org.apache.http.wire --  << "Pragma: no-cache[\r][\n]"
16:09:40.105 [main] DEBUG org.apache.http.wire --  << "Expires: 0[\r][\n]"
16:09:40.105 [main] DEBUG org.apache.http.wire --  << "X-Frame-Options: DENY[\r][\n]"
16:09:40.105 [main] DEBUG org.apache.http.wire --  << "Content-Type: application/json[\r][\n]"
16:09:40.105 [main] DEBUG org.apache.http.wire --  << "Transfer-Encoding: chunked[\r][\n]"
16:09:40.105 [main] DEBUG org.apache.http.wire --  << "Date: Thu, 02 Jan 2025 10:39:40 GMT[\r][\n]"
16:09:40.105 [main] DEBUG org.apache.http.wire --  << "Keep-Alive: timeout=60[\r][\n]"
16:09:40.105 [main] DEBUG org.apache.http.wire --  << "Connection: keep-alive[\r][\n]"
16:09:40.105 [main] DEBUG org.apache.http.wire --  << "[\r][\n]"
16:09:40.105 [main] DEBUG org.apache.http.impl.conn.DefaultClientConnection -- Receiving response: HTTP/1.1 200 
16:09:40.105 [main] DEBUG org.apache.http.headers -- << HTTP/1.1 200 
16:09:40.105 [main] DEBUG org.apache.http.headers -- << Set-Cookie: JSESSIONID=13381FFC65291F305083531E0DB29264; Path=/; HttpOnly
16:09:40.105 [main] DEBUG org.apache.http.headers -- << X-Content-Type-Options: nosniff
16:09:40.105 [main] DEBUG org.apache.http.headers -- << X-XSS-Protection: 1; mode=block
16:09:40.105 [main] DEBUG org.apache.http.headers -- << Cache-Control: no-cache, no-store, max-age=0, must-revalidate
16:09:40.105 [main] DEBUG org.apache.http.headers -- << Pragma: no-cache
16:09:40.105 [main] DEBUG org.apache.http.headers -- << Expires: 0
16:09:40.105 [main] DEBUG org.apache.http.headers -- << X-Frame-Options: DENY
16:09:40.105 [main] DEBUG org.apache.http.headers -- << Content-Type: application/json
16:09:40.105 [main] DEBUG org.apache.http.headers -- << Transfer-Encoding: chunked
16:09:40.105 [main] DEBUG org.apache.http.headers -- << Date: Thu, 02 Jan 2025 10:39:40 GMT
16:09:40.105 [main] DEBUG org.apache.http.headers -- << Keep-Alive: timeout=60
16:09:40.105 [main] DEBUG org.apache.http.headers -- << Connection: keep-alive
16:09:40.105 [main] DEBUG org.apache.http.impl.client.DefaultHttpClient -- Connection can be kept alive for 60000 MILLISECONDS
16:09:40.105 [main] DEBUG org.apache.http.impl.client.DefaultHttpClient -- Authentication succeeded
16:09:40.106 [main] DEBUG org.apache.http.impl.client.TargetAuthenticationStrategy -- Caching 'basic' auth scheme for http://13.60.22.209:7081
16:09:40.106 [main] DEBUG io.restassured.internal.RestAssuredHttpBuilder -- Parsing response as: application/json
16:09:40.106 [main] DEBUG io.restassured.internal.RestAssuredHttpBuilder -- Parsed data to instance of: class org.apache.http.conn.EofSensorInputStream
]]></system-out>
  </testcase>
  <testcase name="testUpdateBookWithMissingTitleAndAuthor" classname="TestCases.PutBookAPITests" time="0.603">
    <system-out><![CDATA[16:09:40.118 [main] DEBUG org.apache.http.impl.conn.BasicClientConnectionManager -- Get connection for route {}->http://13.60.22.209:7081
16:09:40.118 [main] DEBUG org.apache.http.impl.conn.DefaultClientConnectionOperator -- Connecting to 13.60.22.209:7081
16:09:40.273 [main] DEBUG org.apache.http.client.protocol.RequestAddCookies -- CookieSpec selected: ignoreCookies
16:09:40.273 [main] DEBUG org.apache.http.client.protocol.RequestAuthCache -- Auth cache not set in the context
16:09:40.274 [main] DEBUG org.apache.http.client.protocol.RequestTargetAuthentication -- Target auth state: UNCHALLENGED
16:09:40.274 [main] DEBUG org.apache.http.client.protocol.RequestProxyAuthentication -- Proxy auth state: UNCHALLENGED
16:09:40.274 [main] DEBUG org.apache.http.impl.client.DefaultHttpClient -- Attempt 1 to execute request
16:09:40.274 [main] DEBUG org.apache.http.impl.conn.DefaultClientConnection -- Sending request: PUT /api/books/1 HTTP/1.1
16:09:40.274 [main] DEBUG org.apache.http.wire --  >> "PUT /api/books/1 HTTP/1.1[\r][\n]"
16:09:40.274 [main] DEBUG org.apache.http.wire --  >> "Accept: */*[\r][\n]"
16:09:40.274 [main] DEBUG org.apache.http.wire --  >> "Content-Type: application/json[\r][\n]"
16:09:40.274 [main] DEBUG org.apache.http.wire --  >> "Content-Length: 35[\r][\n]"
16:09:40.274 [main] DEBUG org.apache.http.wire --  >> "Host: 13.60.22.209:7081[\r][\n]"
16:09:40.274 [main] DEBUG org.apache.http.wire --  >> "Connection: Keep-Alive[\r][\n]"
16:09:40.274 [main] DEBUG org.apache.http.wire --  >> "User-Agent: Apache-HttpClient/4.5.13 (Java/17.0.9)[\r][\n]"
16:09:40.274 [main] DEBUG org.apache.http.wire --  >> "Accept-Encoding: gzip,deflate[\r][\n]"
16:09:40.274 [main] DEBUG org.apache.http.wire --  >> "[\r][\n]"
16:09:40.274 [main] DEBUG org.apache.http.headers -- >> PUT /api/books/1 HTTP/1.1
16:09:40.274 [main] DEBUG org.apache.http.headers -- >> Accept: */*
16:09:40.274 [main] DEBUG org.apache.http.headers -- >> Content-Type: application/json
16:09:40.274 [main] DEBUG org.apache.http.headers -- >> Content-Length: 35
16:09:40.274 [main] DEBUG org.apache.http.headers -- >> Host: 13.60.22.209:7081
16:09:40.274 [main] DEBUG org.apache.http.headers -- >> Connection: Keep-Alive
16:09:40.274 [main] DEBUG org.apache.http.headers -- >> User-Agent: Apache-HttpClient/4.5.13 (Java/17.0.9)
16:09:40.274 [main] DEBUG org.apache.http.headers -- >> Accept-Encoding: gzip,deflate
16:09:40.274 [main] DEBUG org.apache.http.wire --  >> "{"author":null,"id":1,"title":null}"
16:09:40.431 [main] DEBUG org.apache.http.wire --  << "HTTP/1.1 401 [\r][\n]"
16:09:40.431 [main] DEBUG org.apache.http.wire --  << "Set-Cookie: JSESSIONID=FAA296E3CC3F5A30C281184AB1710000; Path=/; HttpOnly[\r][\n]"
16:09:40.431 [main] DEBUG org.apache.http.wire --  << "WWW-Authenticate: Basic realm="Realm"[\r][\n]"
16:09:40.431 [main] DEBUG org.apache.http.wire --  << "X-Content-Type-Options: nosniff[\r][\n]"
16:09:40.431 [main] DEBUG org.apache.http.wire --  << "X-XSS-Protection: 1; mode=block[\r][\n]"
16:09:40.431 [main] DEBUG org.apache.http.wire --  << "Cache-Control: no-cache, no-store, max-age=0, must-revalidate[\r][\n]"
16:09:40.431 [main] DEBUG org.apache.http.wire --  << "Pragma: no-cache[\r][\n]"
16:09:40.431 [main] DEBUG org.apache.http.wire --  << "Expires: 0[\r][\n]"
16:09:40.431 [main] DEBUG org.apache.http.wire --  << "X-Frame-Options: DENY[\r][\n]"
16:09:40.431 [main] DEBUG org.apache.http.wire --  << "Content-Length: 0[\r][\n]"
16:09:40.431 [main] DEBUG org.apache.http.wire --  << "Date: Thu, 02 Jan 2025 10:39:40 GMT[\r][\n]"
16:09:40.431 [main] DEBUG org.apache.http.wire --  << "Keep-Alive: timeout=60[\r][\n]"
16:09:40.431 [main] DEBUG org.apache.http.wire --  << "Connection: keep-alive[\r][\n]"
16:09:40.431 [main] DEBUG org.apache.http.wire --  << "[\r][\n]"
16:09:40.431 [main] DEBUG org.apache.http.impl.conn.DefaultClientConnection -- Receiving response: HTTP/1.1 401 
16:09:40.431 [main] DEBUG org.apache.http.headers -- << HTTP/1.1 401 
16:09:40.431 [main] DEBUG org.apache.http.headers -- << Set-Cookie: JSESSIONID=FAA296E3CC3F5A30C281184AB1710000; Path=/; HttpOnly
16:09:40.431 [main] DEBUG org.apache.http.headers -- << WWW-Authenticate: Basic realm="Realm"
16:09:40.431 [main] DEBUG org.apache.http.headers -- << X-Content-Type-Options: nosniff
16:09:40.431 [main] DEBUG org.apache.http.headers -- << X-XSS-Protection: 1; mode=block
16:09:40.431 [main] DEBUG org.apache.http.headers -- << Cache-Control: no-cache, no-store, max-age=0, must-revalidate
16:09:40.431 [main] DEBUG org.apache.http.headers -- << Pragma: no-cache
16:09:40.431 [main] DEBUG org.apache.http.headers -- << Expires: 0
16:09:40.431 [main] DEBUG org.apache.http.headers -- << X-Frame-Options: DENY
16:09:40.431 [main] DEBUG org.apache.http.headers -- << Content-Length: 0
16:09:40.431 [main] DEBUG org.apache.http.headers -- << Date: Thu, 02 Jan 2025 10:39:40 GMT
16:09:40.431 [main] DEBUG org.apache.http.headers -- << Keep-Alive: timeout=60
16:09:40.431 [main] DEBUG org.apache.http.headers -- << Connection: keep-alive
16:09:40.431 [main] DEBUG org.apache.http.impl.client.DefaultHttpClient -- Connection can be kept alive for 60000 MILLISECONDS
16:09:40.431 [main] DEBUG org.apache.http.impl.client.DefaultHttpClient -- Authentication required
16:09:40.431 [main] DEBUG org.apache.http.impl.client.DefaultHttpClient -- 13.60.22.209:7081 requested authentication
16:09:40.431 [main] DEBUG org.apache.http.impl.client.TargetAuthenticationStrategy -- Authentication schemes in the order of preference: [Negotiate, Kerberos, NTLM, CredSSP, Digest, Basic]
16:09:40.431 [main] DEBUG org.apache.http.impl.client.TargetAuthenticationStrategy -- Challenge for Negotiate authentication scheme not available
16:09:40.431 [main] DEBUG org.apache.http.impl.client.TargetAuthenticationStrategy -- Challenge for Kerberos authentication scheme not available
16:09:40.431 [main] DEBUG org.apache.http.impl.client.TargetAuthenticationStrategy -- Challenge for NTLM authentication scheme not available
16:09:40.431 [main] DEBUG org.apache.http.impl.client.TargetAuthenticationStrategy -- Challenge for CredSSP authentication scheme not available
16:09:40.431 [main] DEBUG org.apache.http.impl.client.TargetAuthenticationStrategy -- Challenge for Digest authentication scheme not available
16:09:40.432 [main] DEBUG org.apache.http.impl.client.DefaultHttpClient -- Selected authentication options: [BASIC [complete=true]]
16:09:40.432 [main] DEBUG org.apache.http.client.protocol.RequestAddCookies -- CookieSpec selected: ignoreCookies
16:09:40.432 [main] DEBUG org.apache.http.client.protocol.RequestAuthCache -- Auth cache not set in the context
16:09:40.432 [main] DEBUG org.apache.http.client.protocol.RequestTargetAuthentication -- Target auth state: CHALLENGED
16:09:40.432 [main] DEBUG org.apache.http.client.protocol.RequestTargetAuthentication -- Generating response to an authentication challenge using basic scheme
16:09:40.432 [main] DEBUG org.apache.http.client.protocol.RequestProxyAuthentication -- Proxy auth state: UNCHALLENGED
16:09:40.432 [main] DEBUG org.apache.http.impl.client.DefaultHttpClient -- Attempt 2 to execute request
16:09:40.432 [main] DEBUG org.apache.http.impl.conn.DefaultClientConnection -- Sending request: PUT /api/books/1 HTTP/1.1
16:09:40.432 [main] DEBUG org.apache.http.wire --  >> "PUT /api/books/1 HTTP/1.1[\r][\n]"
16:09:40.432 [main] DEBUG org.apache.http.wire --  >> "Accept: */*[\r][\n]"
16:09:40.432 [main] DEBUG org.apache.http.wire --  >> "Content-Type: application/json[\r][\n]"
16:09:40.432 [main] DEBUG org.apache.http.wire --  >> "Content-Length: 35[\r][\n]"
16:09:40.432 [main] DEBUG org.apache.http.wire --  >> "Host: 13.60.22.209:7081[\r][\n]"
16:09:40.432 [main] DEBUG org.apache.http.wire --  >> "Connection: Keep-Alive[\r][\n]"
16:09:40.432 [main] DEBUG org.apache.http.wire --  >> "User-Agent: Apache-HttpClient/4.5.13 (Java/17.0.9)[\r][\n]"
16:09:40.432 [main] DEBUG org.apache.http.wire --  >> "Authorization: Basic YWRtaW46cGFzc3dvcmQ=[\r][\n]"
16:09:40.432 [main] DEBUG org.apache.http.wire --  >> "Accept-Encoding: gzip,deflate[\r][\n]"
16:09:40.432 [main] DEBUG org.apache.http.wire --  >> "[\r][\n]"
16:09:40.432 [main] DEBUG org.apache.http.headers -- >> PUT /api/books/1 HTTP/1.1
16:09:40.432 [main] DEBUG org.apache.http.headers -- >> Accept: */*
16:09:40.432 [main] DEBUG org.apache.http.headers -- >> Content-Type: application/json
16:09:40.432 [main] DEBUG org.apache.http.headers -- >> Content-Length: 35
16:09:40.432 [main] DEBUG org.apache.http.headers -- >> Host: 13.60.22.209:7081
16:09:40.432 [main] DEBUG org.apache.http.headers -- >> Connection: Keep-Alive
16:09:40.432 [main] DEBUG org.apache.http.headers -- >> User-Agent: Apache-HttpClient/4.5.13 (Java/17.0.9)
16:09:40.432 [main] DEBUG org.apache.http.headers -- >> Authorization: Basic YWRtaW46cGFzc3dvcmQ=
16:09:40.432 [main] DEBUG org.apache.http.headers -- >> Accept-Encoding: gzip,deflate
16:09:40.432 [main] DEBUG org.apache.http.wire --  >> "{"author":null,"id":1,"title":null}"
16:09:40.705 [main] DEBUG org.apache.http.wire --  << "HTTP/1.1 400 [\r][\n]"
16:09:40.706 [main] DEBUG org.apache.http.wire --  << "Set-Cookie: JSESSIONID=5AE03736D787EE8E095571E669F661E7; Path=/; HttpOnly[\r][\n]"
16:09:40.706 [main] DEBUG org.apache.http.wire --  << "X-Content-Type-Options: nosniff[\r][\n]"
16:09:40.706 [main] DEBUG org.apache.http.wire --  << "X-XSS-Protection: 1; mode=block[\r][\n]"
16:09:40.706 [main] DEBUG org.apache.http.wire --  << "Cache-Control: no-cache, no-store, max-age=0, must-revalidate[\r][\n]"
16:09:40.706 [main] DEBUG org.apache.http.wire --  << "Pragma: no-cache[\r][\n]"
16:09:40.706 [main] DEBUG org.apache.http.wire --  << "Expires: 0[\r][\n]"
16:09:40.706 [main] DEBUG org.apache.http.wire --  << "X-Frame-Options: DENY[\r][\n]"
16:09:40.706 [main] DEBUG org.apache.http.wire --  << "Content-Type: text/plain;charset=UTF-8[\r][\n]"
16:09:40.706 [main] DEBUG org.apache.http.wire --  << "Content-Length: 39[\r][\n]"
16:09:40.706 [main] DEBUG org.apache.http.wire --  << "Date: Thu, 02 Jan 2025 10:39:40 GMT[\r][\n]"
16:09:40.706 [main] DEBUG org.apache.http.wire --  << "Connection: close[\r][\n]"
16:09:40.706 [main] DEBUG org.apache.http.wire --  << "[\r][\n]"
16:09:40.706 [main] DEBUG org.apache.http.impl.conn.DefaultClientConnection -- Receiving response: HTTP/1.1 400 
16:09:40.706 [main] DEBUG org.apache.http.headers -- << HTTP/1.1 400 
16:09:40.706 [main] DEBUG org.apache.http.headers -- << Set-Cookie: JSESSIONID=5AE03736D787EE8E095571E669F661E7; Path=/; HttpOnly
16:09:40.706 [main] DEBUG org.apache.http.headers -- << X-Content-Type-Options: nosniff
16:09:40.706 [main] DEBUG org.apache.http.headers -- << X-XSS-Protection: 1; mode=block
16:09:40.706 [main] DEBUG org.apache.http.headers -- << Cache-Control: no-cache, no-store, max-age=0, must-revalidate
16:09:40.706 [main] DEBUG org.apache.http.headers -- << Pragma: no-cache
16:09:40.706 [main] DEBUG org.apache.http.headers -- << Expires: 0
16:09:40.706 [main] DEBUG org.apache.http.headers -- << X-Frame-Options: DENY
16:09:40.706 [main] DEBUG org.apache.http.headers -- << Content-Type: text/plain;charset=UTF-8
16:09:40.706 [main] DEBUG org.apache.http.headers -- << Content-Length: 39
16:09:40.706 [main] DEBUG org.apache.http.headers -- << Date: Thu, 02 Jan 2025 10:39:40 GMT
16:09:40.706 [main] DEBUG org.apache.http.headers -- << Connection: close
16:09:40.706 [main] DEBUG org.apache.http.impl.client.DefaultHttpClient -- Authentication succeeded
16:09:40.706 [main] DEBUG org.apache.http.impl.client.TargetAuthenticationStrategy -- Caching 'basic' auth scheme for http://13.60.22.209:7081
16:09:40.707 [main] DEBUG io.restassured.internal.RestAssuredHttpBuilder -- Parsing response as: text/plain;charset=UTF-8
16:09:40.707 [main] DEBUG io.restassured.internal.RestAssuredHttpBuilder -- Parsed data to instance of: class org.apache.http.conn.EofSensorInputStream
16:09:40.708 [main] DEBUG org.apache.http.wire --  << "Mandatory parameters should not be null"
16:09:40.708 [main] DEBUG org.apache.http.impl.conn.BasicClientConnectionManager -- Releasing connection org.apache.http.impl.conn.ManagedClientConnectionImpl@5809fa26
16:09:40.708 [main] DEBUG org.apache.http.impl.conn.DefaultClientConnection -- Connection 0.0.0.0:49195<->13.60.22.209:7081 shut down
]]></system-out>
  </testcase>
  <testcase name="testUpdateBookWithNoneParametersAsAdmin" classname="TestCases.PutBookAPITests" time="0.701">
    <failure message="Response should indicate invalid input parameters expected [true] but found [false]" type="java.lang.AssertionError"><![CDATA[java.lang.AssertionError: Response should indicate invalid input parameters expected [true] but found [false]
	at org.testng.Assert.fail(Assert.java:110)
	at org.testng.Assert.failNotEquals(Assert.java:1413)
	at org.testng.Assert.assertTrue(Assert.java:56)
	at TestCases.PutBookAPITests.testUpdateBookWithNoneParametersAsAdmin(PutBookAPITests.java:242)
	at java.base/jdk.internal.reflect.NativeMethodAccessorImpl.invoke0(Native Method)
	at java.base/jdk.internal.reflect.NativeMethodAccessorImpl.invoke(NativeMethodAccessorImpl.java:77)
	at java.base/jdk.internal.reflect.DelegatingMethodAccessorImpl.invoke(DelegatingMethodAccessorImpl.java:43)
	at java.base/java.lang.reflect.Method.invoke(Method.java:568)
	at org.testng.internal.invokers.MethodInvocationHelper.invokeMethod(MethodInvocationHelper.java:139)
	at org.testng.internal.invokers.TestInvoker.invokeMethod(TestInvoker.java:677)
	at org.testng.internal.invokers.TestInvoker.invokeTestMethod(TestInvoker.java:221)
	at org.testng.internal.invokers.MethodRunner.runInSequence(MethodRunner.java:50)
	at org.testng.internal.invokers.TestInvoker$MethodInvocationAgent.invoke(TestInvoker.java:969)
	at org.testng.internal.invokers.TestInvoker.invokeTestMethods(TestInvoker.java:194)
	at org.testng.internal.invokers.TestMethodWorker.invokeTestMethods(TestMethodWorker.java:148)
	at org.testng.internal.invokers.TestMethodWorker.run(TestMethodWorker.java:128)
	at java.base/java.util.ArrayList.forEach(ArrayList.java:1511)
	at org.testng.TestRunner.privateRun(TestRunner.java:829)
	at org.testng.TestRunner.run(TestRunner.java:602)
	at org.testng.SuiteRunner.runTest(SuiteRunner.java:437)
	at org.testng.SuiteRunner.runSequentially(SuiteRunner.java:431)
	at org.testng.SuiteRunner.privateRun(SuiteRunner.java:391)
	at org.testng.SuiteRunner.run(SuiteRunner.java:330)
	at org.testng.SuiteRunnerWorker.runSuite(SuiteRunnerWorker.java:52)
	at org.testng.SuiteRunnerWorker.run(SuiteRunnerWorker.java:95)
	at org.testng.TestNG.runSuitesSequentially(TestNG.java:1256)
	at org.testng.TestNG.runSuitesLocally(TestNG.java:1176)
	at org.testng.TestNG.runSuites(TestNG.java:1099)
	at org.testng.TestNG.run(TestNG.java:1067)
	at org.apache.maven.surefire.testng.TestNGExecutor.run(TestNGExecutor.java:324)
	at org.apache.maven.surefire.testng.TestNGXmlTestSuite.execute(TestNGXmlTestSuite.java:74)
	at org.apache.maven.surefire.testng.TestNGProvider.invoke(TestNGProvider.java:123)
	at org.apache.maven.surefire.booter.ForkedBooter.runSuitesInProcess(ForkedBooter.java:456)
	at org.apache.maven.surefire.booter.ForkedBooter.execute(ForkedBooter.java:169)
	at org.apache.maven.surefire.booter.ForkedBooter.run(ForkedBooter.java:595)
	at org.apache.maven.surefire.booter.ForkedBooter.main(ForkedBooter.java:581)
]]></failure>
    <system-out><![CDATA[16:09:40.727 [main] DEBUG org.apache.http.impl.conn.BasicClientConnectionManager -- Get connection for route {}->http://13.60.22.209:7081
16:09:40.728 [main] DEBUG org.apache.http.impl.conn.DefaultClientConnectionOperator -- Connecting to 13.60.22.209:7081
16:09:40.921 [main] DEBUG org.apache.http.client.protocol.RequestAddCookies -- CookieSpec selected: ignoreCookies
16:09:40.921 [main] DEBUG org.apache.http.client.protocol.RequestAuthCache -- Auth cache not set in the context
16:09:40.921 [main] DEBUG org.apache.http.client.protocol.RequestTargetAuthentication -- Target auth state: UNCHALLENGED
16:09:40.921 [main] DEBUG org.apache.http.client.protocol.RequestProxyAuthentication -- Proxy auth state: UNCHALLENGED
16:09:40.921 [main] DEBUG org.apache.http.impl.client.DefaultHttpClient -- Attempt 1 to execute request
16:09:40.921 [main] DEBUG org.apache.http.impl.conn.DefaultClientConnection -- Sending request: PUT /api/books/1 HTTP/1.1
16:09:40.921 [main] DEBUG org.apache.http.wire --  >> "PUT /api/books/1 HTTP/1.1[\r][\n]"
16:09:40.921 [main] DEBUG org.apache.http.wire --  >> "Accept: */*[\r][\n]"
16:09:40.921 [main] DEBUG org.apache.http.wire --  >> "Content-Type: application/json[\r][\n]"
16:09:40.921 [main] DEBUG org.apache.http.wire --  >> "Content-Length: 38[\r][\n]"
16:09:40.921 [main] DEBUG org.apache.http.wire --  >> "Host: 13.60.22.209:7081[\r][\n]"
16:09:40.921 [main] DEBUG org.apache.http.wire --  >> "Connection: Keep-Alive[\r][\n]"
16:09:40.921 [main] DEBUG org.apache.http.wire --  >> "User-Agent: Apache-HttpClient/4.5.13 (Java/17.0.9)[\r][\n]"
16:09:40.921 [main] DEBUG org.apache.http.wire --  >> "Accept-Encoding: gzip,deflate[\r][\n]"
16:09:40.921 [main] DEBUG org.apache.http.wire --  >> "[\r][\n]"
16:09:40.921 [main] DEBUG org.apache.http.headers -- >> PUT /api/books/1 HTTP/1.1
16:09:40.921 [main] DEBUG org.apache.http.headers -- >> Accept: */*
16:09:40.921 [main] DEBUG org.apache.http.headers -- >> Content-Type: application/json
16:09:40.921 [main] DEBUG org.apache.http.headers -- >> Content-Length: 38
16:09:40.921 [main] DEBUG org.apache.http.headers -- >> Host: 13.60.22.209:7081
16:09:40.921 [main] DEBUG org.apache.http.headers -- >> Connection: Keep-Alive
16:09:40.921 [main] DEBUG org.apache.http.headers -- >> User-Agent: Apache-HttpClient/4.5.13 (Java/17.0.9)
16:09:40.921 [main] DEBUG org.apache.http.headers -- >> Accept-Encoding: gzip,deflate
16:09:40.921 [main] DEBUG org.apache.http.wire --  >> "{"author":null,"id":null,"title":null}"
16:09:41.116 [main] DEBUG org.apache.http.wire --  << "HTTP/1.1 401 [\r][\n]"
16:09:41.116 [main] DEBUG org.apache.http.wire --  << "Set-Cookie: JSESSIONID=0EFE383E385E5A536BFF24E4C035B9B3; Path=/; HttpOnly[\r][\n]"
16:09:41.116 [main] DEBUG org.apache.http.wire --  << "WWW-Authenticate: Basic realm="Realm"[\r][\n]"
16:09:41.116 [main] DEBUG org.apache.http.wire --  << "X-Content-Type-Options: nosniff[\r][\n]"
16:09:41.116 [main] DEBUG org.apache.http.wire --  << "X-XSS-Protection: 1; mode=block[\r][\n]"
16:09:41.116 [main] DEBUG org.apache.http.wire --  << "Cache-Control: no-cache, no-store, max-age=0, must-revalidate[\r][\n]"
16:09:41.116 [main] DEBUG org.apache.http.wire --  << "Pragma: no-cache[\r][\n]"
16:09:41.116 [main] DEBUG org.apache.http.wire --  << "Expires: 0[\r][\n]"
16:09:41.116 [main] DEBUG org.apache.http.wire --  << "X-Frame-Options: DENY[\r][\n]"
16:09:41.116 [main] DEBUG org.apache.http.wire --  << "Content-Length: 0[\r][\n]"
16:09:41.116 [main] DEBUG org.apache.http.wire --  << "Date: Thu, 02 Jan 2025 10:39:41 GMT[\r][\n]"
16:09:41.116 [main] DEBUG org.apache.http.wire --  << "Keep-Alive: timeout=60[\r][\n]"
16:09:41.116 [main] DEBUG org.apache.http.wire --  << "Connection: keep-alive[\r][\n]"
16:09:41.116 [main] DEBUG org.apache.http.wire --  << "[\r][\n]"
16:09:41.118 [main] DEBUG org.apache.http.impl.conn.DefaultClientConnection -- Receiving response: HTTP/1.1 401 
16:09:41.118 [main] DEBUG org.apache.http.headers -- << HTTP/1.1 401 
16:09:41.118 [main] DEBUG org.apache.http.headers -- << Set-Cookie: JSESSIONID=0EFE383E385E5A536BFF24E4C035B9B3; Path=/; HttpOnly
16:09:41.118 [main] DEBUG org.apache.http.headers -- << WWW-Authenticate: Basic realm="Realm"
16:09:41.118 [main] DEBUG org.apache.http.headers -- << X-Content-Type-Options: nosniff
16:09:41.118 [main] DEBUG org.apache.http.headers -- << X-XSS-Protection: 1; mode=block
16:09:41.118 [main] DEBUG org.apache.http.headers -- << Cache-Control: no-cache, no-store, max-age=0, must-revalidate
16:09:41.118 [main] DEBUG org.apache.http.headers -- << Pragma: no-cache
16:09:41.118 [main] DEBUG org.apache.http.headers -- << Expires: 0
16:09:41.118 [main] DEBUG org.apache.http.headers -- << X-Frame-Options: DENY
16:09:41.118 [main] DEBUG org.apache.http.headers -- << Content-Length: 0
16:09:41.118 [main] DEBUG org.apache.http.headers -- << Date: Thu, 02 Jan 2025 10:39:41 GMT
16:09:41.118 [main] DEBUG org.apache.http.headers -- << Keep-Alive: timeout=60
16:09:41.118 [main] DEBUG org.apache.http.headers -- << Connection: keep-alive
16:09:41.118 [main] DEBUG org.apache.http.impl.client.DefaultHttpClient -- Connection can be kept alive for 60000 MILLISECONDS
16:09:41.118 [main] DEBUG org.apache.http.impl.client.DefaultHttpClient -- Authentication required
16:09:41.118 [main] DEBUG org.apache.http.impl.client.DefaultHttpClient -- 13.60.22.209:7081 requested authentication
16:09:41.118 [main] DEBUG org.apache.http.impl.client.TargetAuthenticationStrategy -- Authentication schemes in the order of preference: [Negotiate, Kerberos, NTLM, CredSSP, Digest, Basic]
16:09:41.118 [main] DEBUG org.apache.http.impl.client.TargetAuthenticationStrategy -- Challenge for Negotiate authentication scheme not available
16:09:41.118 [main] DEBUG org.apache.http.impl.client.TargetAuthenticationStrategy -- Challenge for Kerberos authentication scheme not available
16:09:41.118 [main] DEBUG org.apache.http.impl.client.TargetAuthenticationStrategy -- Challenge for NTLM authentication scheme not available
16:09:41.118 [main] DEBUG org.apache.http.impl.client.TargetAuthenticationStrategy -- Challenge for CredSSP authentication scheme not available
16:09:41.118 [main] DEBUG org.apache.http.impl.client.TargetAuthenticationStrategy -- Challenge for Digest authentication scheme not available
16:09:41.118 [main] DEBUG org.apache.http.impl.client.DefaultHttpClient -- Selected authentication options: [BASIC [complete=true]]
16:09:41.118 [main] DEBUG org.apache.http.client.protocol.RequestAddCookies -- CookieSpec selected: ignoreCookies
16:09:41.118 [main] DEBUG org.apache.http.client.protocol.RequestAuthCache -- Auth cache not set in the context
16:09:41.118 [main] DEBUG org.apache.http.client.protocol.RequestTargetAuthentication -- Target auth state: CHALLENGED
16:09:41.118 [main] DEBUG org.apache.http.client.protocol.RequestTargetAuthentication -- Generating response to an authentication challenge using basic scheme
16:09:41.118 [main] DEBUG org.apache.http.client.protocol.RequestProxyAuthentication -- Proxy auth state: UNCHALLENGED
16:09:41.119 [main] DEBUG org.apache.http.impl.client.DefaultHttpClient -- Attempt 2 to execute request
16:09:41.119 [main] DEBUG org.apache.http.impl.conn.DefaultClientConnection -- Sending request: PUT /api/books/1 HTTP/1.1
16:09:41.119 [main] DEBUG org.apache.http.wire --  >> "PUT /api/books/1 HTTP/1.1[\r][\n]"
16:09:41.119 [main] DEBUG org.apache.http.wire --  >> "Accept: */*[\r][\n]"
16:09:41.119 [main] DEBUG org.apache.http.wire --  >> "Content-Type: application/json[\r][\n]"
16:09:41.119 [main] DEBUG org.apache.http.wire --  >> "Content-Length: 38[\r][\n]"
16:09:41.119 [main] DEBUG org.apache.http.wire --  >> "Host: 13.60.22.209:7081[\r][\n]"
16:09:41.119 [main] DEBUG org.apache.http.wire --  >> "Connection: Keep-Alive[\r][\n]"
16:09:41.119 [main] DEBUG org.apache.http.wire --  >> "User-Agent: Apache-HttpClient/4.5.13 (Java/17.0.9)[\r][\n]"
16:09:41.119 [main] DEBUG org.apache.http.wire --  >> "Authorization: Basic YWRtaW46cGFzc3dvcmQ=[\r][\n]"
16:09:41.119 [main] DEBUG org.apache.http.wire --  >> "Accept-Encoding: gzip,deflate[\r][\n]"
16:09:41.119 [main] DEBUG org.apache.http.wire --  >> "[\r][\n]"
16:09:41.119 [main] DEBUG org.apache.http.headers -- >> PUT /api/books/1 HTTP/1.1
16:09:41.119 [main] DEBUG org.apache.http.headers -- >> Accept: */*
16:09:41.119 [main] DEBUG org.apache.http.headers -- >> Content-Type: application/json
16:09:41.119 [main] DEBUG org.apache.http.headers -- >> Content-Length: 38
16:09:41.119 [main] DEBUG org.apache.http.headers -- >> Host: 13.60.22.209:7081
16:09:41.119 [main] DEBUG org.apache.http.headers -- >> Connection: Keep-Alive
16:09:41.119 [main] DEBUG org.apache.http.headers -- >> User-Agent: Apache-HttpClient/4.5.13 (Java/17.0.9)
16:09:41.119 [main] DEBUG org.apache.http.headers -- >> Authorization: Basic YWRtaW46cGFzc3dvcmQ=
16:09:41.119 [main] DEBUG org.apache.http.headers -- >> Accept-Encoding: gzip,deflate
16:09:41.119 [main] DEBUG org.apache.http.wire --  >> "{"author":null,"id":null,"title":null}"
16:09:41.404 [main] DEBUG org.apache.http.wire --  << "HTTP/1.1 400 [\r][\n]"
16:09:41.404 [main] DEBUG org.apache.http.wire --  << "Set-Cookie: JSESSIONID=83C305327E60424FFECD3613DEAEB65C; Path=/; HttpOnly[\r][\n]"
16:09:41.404 [main] DEBUG org.apache.http.wire --  << "X-Content-Type-Options: nosniff[\r][\n]"
16:09:41.404 [main] DEBUG org.apache.http.wire --  << "X-XSS-Protection: 1; mode=block[\r][\n]"
16:09:41.404 [main] DEBUG org.apache.http.wire --  << "Cache-Control: no-cache, no-store, max-age=0, must-revalidate[\r][\n]"
16:09:41.404 [main] DEBUG org.apache.http.wire --  << "Pragma: no-cache[\r][\n]"
16:09:41.404 [main] DEBUG org.apache.http.wire --  << "Expires: 0[\r][\n]"
16:09:41.404 [main] DEBUG org.apache.http.wire --  << "X-Frame-Options: DENY[\r][\n]"
16:09:41.404 [main] DEBUG org.apache.http.wire --  << "Content-Type: text/plain;charset=UTF-8[\r][\n]"
16:09:41.404 [main] DEBUG org.apache.http.wire --  << "Content-Length: 22[\r][\n]"
16:09:41.404 [main] DEBUG org.apache.http.wire --  << "Date: Thu, 02 Jan 2025 10:39:41 GMT[\r][\n]"
16:09:41.404 [main] DEBUG org.apache.http.wire --  << "Connection: close[\r][\n]"
16:09:41.404 [main] DEBUG org.apache.http.wire --  << "[\r][\n]"
16:09:41.404 [main] DEBUG org.apache.http.impl.conn.DefaultClientConnection -- Receiving response: HTTP/1.1 400 
16:09:41.404 [main] DEBUG org.apache.http.headers -- << HTTP/1.1 400 
16:09:41.404 [main] DEBUG org.apache.http.headers -- << Set-Cookie: JSESSIONID=83C305327E60424FFECD3613DEAEB65C; Path=/; HttpOnly
16:09:41.404 [main] DEBUG org.apache.http.headers -- << X-Content-Type-Options: nosniff
16:09:41.404 [main] DEBUG org.apache.http.headers -- << X-XSS-Protection: 1; mode=block
16:09:41.404 [main] DEBUG org.apache.http.headers -- << Cache-Control: no-cache, no-store, max-age=0, must-revalidate
16:09:41.404 [main] DEBUG org.apache.http.headers -- << Pragma: no-cache
16:09:41.404 [main] DEBUG org.apache.http.headers -- << Expires: 0
16:09:41.404 [main] DEBUG org.apache.http.headers -- << X-Frame-Options: DENY
16:09:41.404 [main] DEBUG org.apache.http.headers -- << Content-Type: text/plain;charset=UTF-8
16:09:41.404 [main] DEBUG org.apache.http.headers -- << Content-Length: 22
16:09:41.404 [main] DEBUG org.apache.http.headers -- << Date: Thu, 02 Jan 2025 10:39:41 GMT
16:09:41.404 [main] DEBUG org.apache.http.headers -- << Connection: close
16:09:41.404 [main] DEBUG org.apache.http.impl.client.DefaultHttpClient -- Authentication succeeded
16:09:41.404 [main] DEBUG org.apache.http.impl.client.TargetAuthenticationStrategy -- Caching 'basic' auth scheme for http://13.60.22.209:7081
16:09:41.405 [main] DEBUG io.restassured.internal.RestAssuredHttpBuilder -- Parsing response as: text/plain;charset=UTF-8
16:09:41.405 [main] DEBUG io.restassured.internal.RestAssuredHttpBuilder -- Parsed data to instance of: class org.apache.http.conn.EofSensorInputStream
16:09:41.406 [main] DEBUG org.apache.http.wire --  << "Book id is not matched"
16:09:41.406 [main] DEBUG org.apache.http.impl.conn.BasicClientConnectionManager -- Releasing connection org.apache.http.impl.conn.ManagedClientConnectionImpl@f2276c9
16:09:41.406 [main] DEBUG org.apache.http.impl.conn.DefaultClientConnection -- Connection 0.0.0.0:49196<->13.60.22.209:7081 shut down
]]></system-out>
  </testcase>
  <testcase name="testUpdateBookWithValidDataAsAdmin" classname="TestCases.PutBookAPITests" time="0.61">
    <failure message="Expected status code is 200 expected [200] but found [404]" type="java.lang.AssertionError"><![CDATA[java.lang.AssertionError: Expected status code is 200 expected [200] but found [404]
	at org.testng.Assert.fail(Assert.java:110)
	at org.testng.Assert.failNotEquals(Assert.java:1413)
	at org.testng.Assert.assertEqualsImpl(Assert.java:149)
	at org.testng.Assert.assertEquals(Assert.java:131)
	at org.testng.Assert.assertEquals(Assert.java:1240)
	at TestCases.PutBookAPITests.testUpdateBookWithValidDataAsAdmin(PutBookAPITests.java:45)
	at java.base/jdk.internal.reflect.NativeMethodAccessorImpl.invoke0(Native Method)
	at java.base/jdk.internal.reflect.NativeMethodAccessorImpl.invoke(NativeMethodAccessorImpl.java:77)
	at java.base/jdk.internal.reflect.DelegatingMethodAccessorImpl.invoke(DelegatingMethodAccessorImpl.java:43)
	at java.base/java.lang.reflect.Method.invoke(Method.java:568)
	at org.testng.internal.invokers.MethodInvocationHelper.invokeMethod(MethodInvocationHelper.java:139)
	at org.testng.internal.invokers.TestInvoker.invokeMethod(TestInvoker.java:677)
	at org.testng.internal.invokers.TestInvoker.invokeTestMethod(TestInvoker.java:221)
	at org.testng.internal.invokers.MethodRunner.runInSequence(MethodRunner.java:50)
	at org.testng.internal.invokers.TestInvoker$MethodInvocationAgent.invoke(TestInvoker.java:969)
	at org.testng.internal.invokers.TestInvoker.invokeTestMethods(TestInvoker.java:194)
	at org.testng.internal.invokers.TestMethodWorker.invokeTestMethods(TestMethodWorker.java:148)
	at org.testng.internal.invokers.TestMethodWorker.run(TestMethodWorker.java:128)
	at java.base/java.util.ArrayList.forEach(ArrayList.java:1511)
	at org.testng.TestRunner.privateRun(TestRunner.java:829)
	at org.testng.TestRunner.run(TestRunner.java:602)
	at org.testng.SuiteRunner.runTest(SuiteRunner.java:437)
	at org.testng.SuiteRunner.runSequentially(SuiteRunner.java:431)
	at org.testng.SuiteRunner.privateRun(SuiteRunner.java:391)
	at org.testng.SuiteRunner.run(SuiteRunner.java:330)
	at org.testng.SuiteRunnerWorker.runSuite(SuiteRunnerWorker.java:52)
	at org.testng.SuiteRunnerWorker.run(SuiteRunnerWorker.java:95)
	at org.testng.TestNG.runSuitesSequentially(TestNG.java:1256)
	at org.testng.TestNG.runSuitesLocally(TestNG.java:1176)
	at org.testng.TestNG.runSuites(TestNG.java:1099)
	at org.testng.TestNG.run(TestNG.java:1067)
	at org.apache.maven.surefire.testng.TestNGExecutor.run(TestNGExecutor.java:324)
	at org.apache.maven.surefire.testng.TestNGXmlTestSuite.execute(TestNGXmlTestSuite.java:74)
	at org.apache.maven.surefire.testng.TestNGProvider.invoke(TestNGProvider.java:123)
	at org.apache.maven.surefire.booter.ForkedBooter.runSuitesInProcess(ForkedBooter.java:456)
	at org.apache.maven.surefire.booter.ForkedBooter.execute(ForkedBooter.java:169)
	at org.apache.maven.surefire.booter.ForkedBooter.run(ForkedBooter.java:595)
	at org.apache.maven.surefire.booter.ForkedBooter.main(ForkedBooter.java:581)
]]></failure>
    <system-out><![CDATA[16:09:41.433 [main] DEBUG org.apache.http.impl.conn.BasicClientConnectionManager -- Get connection for route {}->http://13.60.22.209:7081
16:09:41.433 [main] DEBUG org.apache.http.impl.conn.DefaultClientConnectionOperator -- Connecting to 13.60.22.209:7081
16:09:41.595 [main] DEBUG org.apache.http.client.protocol.RequestAddCookies -- CookieSpec selected: ignoreCookies
16:09:41.595 [main] DEBUG org.apache.http.client.protocol.RequestAuthCache -- Auth cache not set in the context
16:09:41.596 [main] DEBUG org.apache.http.client.protocol.RequestTargetAuthentication -- Target auth state: UNCHALLENGED
16:09:41.596 [main] DEBUG org.apache.http.client.protocol.RequestProxyAuthentication -- Proxy auth state: UNCHALLENGED
16:09:41.596 [main] DEBUG org.apache.http.impl.client.DefaultHttpClient -- Attempt 1 to execute request
16:09:41.596 [main] DEBUG org.apache.http.impl.conn.DefaultClientConnection -- Sending request: PUT /api/books/1 HTTP/1.1
16:09:41.596 [main] DEBUG org.apache.http.wire --  >> "PUT /api/books/1 HTTP/1.1[\r][\n]"
16:09:41.596 [main] DEBUG org.apache.http.wire --  >> "Accept: */*[\r][\n]"
16:09:41.596 [main] DEBUG org.apache.http.wire --  >> "Content-Type: application/json[\r][\n]"
16:09:41.596 [main] DEBUG org.apache.http.wire --  >> "Content-Length: 66[\r][\n]"
16:09:41.596 [main] DEBUG org.apache.http.wire --  >> "Host: 13.60.22.209:7081[\r][\n]"
16:09:41.596 [main] DEBUG org.apache.http.wire --  >> "Connection: Keep-Alive[\r][\n]"
16:09:41.596 [main] DEBUG org.apache.http.wire --  >> "User-Agent: Apache-HttpClient/4.5.13 (Java/17.0.9)[\r][\n]"
16:09:41.596 [main] DEBUG org.apache.http.wire --  >> "Accept-Encoding: gzip,deflate[\r][\n]"
16:09:41.596 [main] DEBUG org.apache.http.wire --  >> "[\r][\n]"
16:09:41.596 [main] DEBUG org.apache.http.headers -- >> PUT /api/books/1 HTTP/1.1
16:09:41.596 [main] DEBUG org.apache.http.headers -- >> Accept: */*
16:09:41.596 [main] DEBUG org.apache.http.headers -- >> Content-Type: application/json
16:09:41.596 [main] DEBUG org.apache.http.headers -- >> Content-Length: 66
16:09:41.596 [main] DEBUG org.apache.http.headers -- >> Host: 13.60.22.209:7081
16:09:41.596 [main] DEBUG org.apache.http.headers -- >> Connection: Keep-Alive
16:09:41.596 [main] DEBUG org.apache.http.headers -- >> User-Agent: Apache-HttpClient/4.5.13 (Java/17.0.9)
16:09:41.596 [main] DEBUG org.apache.http.headers -- >> Accept-Encoding: gzip,deflate
16:09:41.596 [main] DEBUG org.apache.http.wire --  >> "{"author":"UpdatedAuthor101","id":1,"title":"UpdatedBookTitle102"}"
16:09:41.758 [main] DEBUG org.apache.http.wire --  << "HTTP/1.1 401 [\r][\n]"
16:09:41.760 [main] DEBUG org.apache.http.wire --  << "Set-Cookie: JSESSIONID=42B2B2BBD8FC3AD75763DB1CAB5A539E; Path=/; HttpOnly[\r][\n]"
16:09:41.760 [main] DEBUG org.apache.http.wire --  << "WWW-Authenticate: Basic realm="Realm"[\r][\n]"
16:09:41.760 [main] DEBUG org.apache.http.wire --  << "X-Content-Type-Options: nosniff[\r][\n]"
16:09:41.760 [main] DEBUG org.apache.http.wire --  << "X-XSS-Protection: 1; mode=block[\r][\n]"
16:09:41.760 [main] DEBUG org.apache.http.wire --  << "Cache-Control: no-cache, no-store, max-age=0, must-revalidate[\r][\n]"
16:09:41.760 [main] DEBUG org.apache.http.wire --  << "Pragma: no-cache[\r][\n]"
16:09:41.760 [main] DEBUG org.apache.http.wire --  << "Expires: 0[\r][\n]"
16:09:41.760 [main] DEBUG org.apache.http.wire --  << "X-Frame-Options: DENY[\r][\n]"
16:09:41.760 [main] DEBUG org.apache.http.wire --  << "Content-Length: 0[\r][\n]"
16:09:41.760 [main] DEBUG org.apache.http.wire --  << "Date: Thu, 02 Jan 2025 10:39:41 GMT[\r][\n]"
16:09:41.760 [main] DEBUG org.apache.http.wire --  << "Keep-Alive: timeout=60[\r][\n]"
16:09:41.760 [main] DEBUG org.apache.http.wire --  << "Connection: keep-alive[\r][\n]"
16:09:41.760 [main] DEBUG org.apache.http.wire --  << "[\r][\n]"
16:09:41.760 [main] DEBUG org.apache.http.impl.conn.DefaultClientConnection -- Receiving response: HTTP/1.1 401 
16:09:41.760 [main] DEBUG org.apache.http.headers -- << HTTP/1.1 401 
16:09:41.760 [main] DEBUG org.apache.http.headers -- << Set-Cookie: JSESSIONID=42B2B2BBD8FC3AD75763DB1CAB5A539E; Path=/; HttpOnly
16:09:41.760 [main] DEBUG org.apache.http.headers -- << WWW-Authenticate: Basic realm="Realm"
16:09:41.760 [main] DEBUG org.apache.http.headers -- << X-Content-Type-Options: nosniff
16:09:41.760 [main] DEBUG org.apache.http.headers -- << X-XSS-Protection: 1; mode=block
16:09:41.760 [main] DEBUG org.apache.http.headers -- << Cache-Control: no-cache, no-store, max-age=0, must-revalidate
16:09:41.760 [main] DEBUG org.apache.http.headers -- << Pragma: no-cache
16:09:41.760 [main] DEBUG org.apache.http.headers -- << Expires: 0
16:09:41.760 [main] DEBUG org.apache.http.headers -- << X-Frame-Options: DENY
16:09:41.760 [main] DEBUG org.apache.http.headers -- << Content-Length: 0
16:09:41.760 [main] DEBUG org.apache.http.headers -- << Date: Thu, 02 Jan 2025 10:39:41 GMT
16:09:41.760 [main] DEBUG org.apache.http.headers -- << Keep-Alive: timeout=60
16:09:41.760 [main] DEBUG org.apache.http.headers -- << Connection: keep-alive
16:09:41.760 [main] DEBUG org.apache.http.impl.client.DefaultHttpClient -- Connection can be kept alive for 60000 MILLISECONDS
16:09:41.760 [main] DEBUG org.apache.http.impl.client.DefaultHttpClient -- Authentication required
16:09:41.760 [main] DEBUG org.apache.http.impl.client.DefaultHttpClient -- 13.60.22.209:7081 requested authentication
16:09:41.760 [main] DEBUG org.apache.http.impl.client.TargetAuthenticationStrategy -- Authentication schemes in the order of preference: [Negotiate, Kerberos, NTLM, CredSSP, Digest, Basic]
16:09:41.760 [main] DEBUG org.apache.http.impl.client.TargetAuthenticationStrategy -- Challenge for Negotiate authentication scheme not available
16:09:41.760 [main] DEBUG org.apache.http.impl.client.TargetAuthenticationStrategy -- Challenge for Kerberos authentication scheme not available
16:09:41.760 [main] DEBUG org.apache.http.impl.client.TargetAuthenticationStrategy -- Challenge for NTLM authentication scheme not available
16:09:41.760 [main] DEBUG org.apache.http.impl.client.TargetAuthenticationStrategy -- Challenge for CredSSP authentication scheme not available
16:09:41.760 [main] DEBUG org.apache.http.impl.client.TargetAuthenticationStrategy -- Challenge for Digest authentication scheme not available
16:09:41.760 [main] DEBUG org.apache.http.impl.client.DefaultHttpClient -- Selected authentication options: [BASIC [complete=true]]
16:09:41.760 [main] DEBUG org.apache.http.client.protocol.RequestAddCookies -- CookieSpec selected: ignoreCookies
16:09:41.760 [main] DEBUG org.apache.http.client.protocol.RequestAuthCache -- Auth cache not set in the context
16:09:41.760 [main] DEBUG org.apache.http.client.protocol.RequestTargetAuthentication -- Target auth state: CHALLENGED
16:09:41.760 [main] DEBUG org.apache.http.client.protocol.RequestTargetAuthentication -- Generating response to an authentication challenge using basic scheme
16:09:41.760 [main] DEBUG org.apache.http.client.protocol.RequestProxyAuthentication -- Proxy auth state: UNCHALLENGED
16:09:41.760 [main] DEBUG org.apache.http.impl.client.DefaultHttpClient -- Attempt 2 to execute request
16:09:41.760 [main] DEBUG org.apache.http.impl.conn.DefaultClientConnection -- Sending request: PUT /api/books/1 HTTP/1.1
16:09:41.760 [main] DEBUG org.apache.http.wire --  >> "PUT /api/books/1 HTTP/1.1[\r][\n]"
16:09:41.760 [main] DEBUG org.apache.http.wire --  >> "Accept: */*[\r][\n]"
16:09:41.760 [main] DEBUG org.apache.http.wire --  >> "Content-Type: application/json[\r][\n]"
16:09:41.760 [main] DEBUG org.apache.http.wire --  >> "Content-Length: 66[\r][\n]"
16:09:41.760 [main] DEBUG org.apache.http.wire --  >> "Host: 13.60.22.209:7081[\r][\n]"
16:09:41.760 [main] DEBUG org.apache.http.wire --  >> "Connection: Keep-Alive[\r][\n]"
16:09:41.760 [main] DEBUG org.apache.http.wire --  >> "User-Agent: Apache-HttpClient/4.5.13 (Java/17.0.9)[\r][\n]"
16:09:41.760 [main] DEBUG org.apache.http.wire --  >> "Authorization: Basic YWRtaW46cGFzc3dvcmQ=[\r][\n]"
16:09:41.760 [main] DEBUG org.apache.http.wire --  >> "Accept-Encoding: gzip,deflate[\r][\n]"
16:09:41.760 [main] DEBUG org.apache.http.wire --  >> "[\r][\n]"
16:09:41.760 [main] DEBUG org.apache.http.headers -- >> PUT /api/books/1 HTTP/1.1
16:09:41.760 [main] DEBUG org.apache.http.headers -- >> Accept: */*
16:09:41.760 [main] DEBUG org.apache.http.headers -- >> Content-Type: application/json
16:09:41.760 [main] DEBUG org.apache.http.headers -- >> Content-Length: 66
16:09:41.762 [main] DEBUG org.apache.http.headers -- >> Host: 13.60.22.209:7081
16:09:41.762 [main] DEBUG org.apache.http.headers -- >> Connection: Keep-Alive
16:09:41.762 [main] DEBUG org.apache.http.headers -- >> User-Agent: Apache-HttpClient/4.5.13 (Java/17.0.9)
16:09:41.762 [main] DEBUG org.apache.http.headers -- >> Authorization: Basic YWRtaW46cGFzc3dvcmQ=
16:09:41.762 [main] DEBUG org.apache.http.headers -- >> Accept-Encoding: gzip,deflate
16:09:41.762 [main] DEBUG org.apache.http.wire --  >> "{"author":"UpdatedAuthor101","id":1,"title":"UpdatedBookTitle102"}"
16:09:42.006 [main] DEBUG org.apache.http.wire --  << "HTTP/1.1 404 [\r][\n]"
16:09:42.006 [main] DEBUG org.apache.http.wire --  << "Set-Cookie: JSESSIONID=457DFC557164C33EB4A3923C16A67453; Path=/; HttpOnly[\r][\n]"
16:09:42.006 [main] DEBUG org.apache.http.wire --  << "X-Content-Type-Options: nosniff[\r][\n]"
16:09:42.006 [main] DEBUG org.apache.http.wire --  << "X-XSS-Protection: 1; mode=block[\r][\n]"
16:09:42.006 [main] DEBUG org.apache.http.wire --  << "Cache-Control: no-cache, no-store, max-age=0, must-revalidate[\r][\n]"
16:09:42.006 [main] DEBUG org.apache.http.wire --  << "Pragma: no-cache[\r][\n]"
16:09:42.006 [main] DEBUG org.apache.http.wire --  << "Expires: 0[\r][\n]"
16:09:42.006 [main] DEBUG org.apache.http.wire --  << "X-Frame-Options: DENY[\r][\n]"
16:09:42.006 [main] DEBUG org.apache.http.wire --  << "Content-Type: text/plain;charset=UTF-8[\r][\n]"
16:09:42.006 [main] DEBUG org.apache.http.wire --  << "Content-Length: 14[\r][\n]"
16:09:42.006 [main] DEBUG org.apache.http.wire --  << "Date: Thu, 02 Jan 2025 10:39:41 GMT[\r][\n]"
16:09:42.006 [main] DEBUG org.apache.http.wire --  << "Keep-Alive: timeout=60[\r][\n]"
16:09:42.006 [main] DEBUG org.apache.http.wire --  << "Connection: keep-alive[\r][\n]"
16:09:42.006 [main] DEBUG org.apache.http.wire --  << "[\r][\n]"
16:09:42.006 [main] DEBUG org.apache.http.impl.conn.DefaultClientConnection -- Receiving response: HTTP/1.1 404 
16:09:42.006 [main] DEBUG org.apache.http.headers -- << HTTP/1.1 404 
16:09:42.006 [main] DEBUG org.apache.http.headers -- << Set-Cookie: JSESSIONID=457DFC557164C33EB4A3923C16A67453; Path=/; HttpOnly
16:09:42.007 [main] DEBUG org.apache.http.headers -- << X-Content-Type-Options: nosniff
16:09:42.007 [main] DEBUG org.apache.http.headers -- << X-XSS-Protection: 1; mode=block
16:09:42.007 [main] DEBUG org.apache.http.headers -- << Cache-Control: no-cache, no-store, max-age=0, must-revalidate
16:09:42.007 [main] DEBUG org.apache.http.headers -- << Pragma: no-cache
16:09:42.007 [main] DEBUG org.apache.http.headers -- << Expires: 0
16:09:42.007 [main] DEBUG org.apache.http.headers -- << X-Frame-Options: DENY
16:09:42.007 [main] DEBUG org.apache.http.headers -- << Content-Type: text/plain;charset=UTF-8
16:09:42.007 [main] DEBUG org.apache.http.headers -- << Content-Length: 14
16:09:42.007 [main] DEBUG org.apache.http.headers -- << Date: Thu, 02 Jan 2025 10:39:41 GMT
16:09:42.007 [main] DEBUG org.apache.http.headers -- << Keep-Alive: timeout=60
16:09:42.007 [main] DEBUG org.apache.http.headers -- << Connection: keep-alive
16:09:42.007 [main] DEBUG org.apache.http.impl.client.DefaultHttpClient -- Connection can be kept alive for 60000 MILLISECONDS
16:09:42.007 [main] DEBUG org.apache.http.impl.client.DefaultHttpClient -- Authentication succeeded
16:09:42.007 [main] DEBUG org.apache.http.impl.client.TargetAuthenticationStrategy -- Caching 'basic' auth scheme for http://13.60.22.209:7081
16:09:42.007 [main] DEBUG io.restassured.internal.RestAssuredHttpBuilder -- Parsing response as: text/plain;charset=UTF-8
16:09:42.007 [main] DEBUG io.restassured.internal.RestAssuredHttpBuilder -- Parsed data to instance of: class org.apache.http.conn.EofSensorInputStream
Response Status Code: 404
16:09:42.018 [main] DEBUG org.apache.http.wire --  << "Book not found"
16:09:42.018 [main] DEBUG org.apache.http.impl.conn.BasicClientConnectionManager -- Releasing connection org.apache.http.impl.conn.ManagedClientConnectionImpl@5382184b
16:09:42.018 [main] DEBUG org.apache.http.impl.conn.BasicClientConnectionManager -- Connection can be kept alive for 60000 MILLISECONDS
Book not found
]]></system-out>
  </testcase>
  <testcase name="testUpdateBookWithValidDataAsUser" classname="TestCases.PutBookAPITests" time="0.587">
    <failure message="Response should indicate forbidden access expected [true] but found [false]" type="java.lang.AssertionError"><![CDATA[java.lang.AssertionError: Response should indicate forbidden access expected [true] but found [false]
	at org.testng.Assert.fail(Assert.java:110)
	at org.testng.Assert.failNotEquals(Assert.java:1413)
	at org.testng.Assert.assertTrue(Assert.java:56)
	at TestCases.PutBookAPITests.testUpdateBookWithValidDataAsUser(PutBookAPITests.java:70)
	at java.base/jdk.internal.reflect.NativeMethodAccessorImpl.invoke0(Native Method)
	at java.base/jdk.internal.reflect.NativeMethodAccessorImpl.invoke(NativeMethodAccessorImpl.java:77)
	at java.base/jdk.internal.reflect.DelegatingMethodAccessorImpl.invoke(DelegatingMethodAccessorImpl.java:43)
	at java.base/java.lang.reflect.Method.invoke(Method.java:568)
	at org.testng.internal.invokers.MethodInvocationHelper.invokeMethod(MethodInvocationHelper.java:139)
	at org.testng.internal.invokers.TestInvoker.invokeMethod(TestInvoker.java:677)
	at org.testng.internal.invokers.TestInvoker.invokeTestMethod(TestInvoker.java:221)
	at org.testng.internal.invokers.MethodRunner.runInSequence(MethodRunner.java:50)
	at org.testng.internal.invokers.TestInvoker$MethodInvocationAgent.invoke(TestInvoker.java:969)
	at org.testng.internal.invokers.TestInvoker.invokeTestMethods(TestInvoker.java:194)
	at org.testng.internal.invokers.TestMethodWorker.invokeTestMethods(TestMethodWorker.java:148)
	at org.testng.internal.invokers.TestMethodWorker.run(TestMethodWorker.java:128)
	at java.base/java.util.ArrayList.forEach(ArrayList.java:1511)
	at org.testng.TestRunner.privateRun(TestRunner.java:829)
	at org.testng.TestRunner.run(TestRunner.java:602)
	at org.testng.SuiteRunner.runTest(SuiteRunner.java:437)
	at org.testng.SuiteRunner.runSequentially(SuiteRunner.java:431)
	at org.testng.SuiteRunner.privateRun(SuiteRunner.java:391)
	at org.testng.SuiteRunner.run(SuiteRunner.java:330)
	at org.testng.SuiteRunnerWorker.runSuite(SuiteRunnerWorker.java:52)
	at org.testng.SuiteRunnerWorker.run(SuiteRunnerWorker.java:95)
	at org.testng.TestNG.runSuitesSequentially(TestNG.java:1256)
	at org.testng.TestNG.runSuitesLocally(TestNG.java:1176)
	at org.testng.TestNG.runSuites(TestNG.java:1099)
	at org.testng.TestNG.run(TestNG.java:1067)
	at org.apache.maven.surefire.testng.TestNGExecutor.run(TestNGExecutor.java:324)
	at org.apache.maven.surefire.testng.TestNGXmlTestSuite.execute(TestNGXmlTestSuite.java:74)
	at org.apache.maven.surefire.testng.TestNGProvider.invoke(TestNGProvider.java:123)
	at org.apache.maven.surefire.booter.ForkedBooter.runSuitesInProcess(ForkedBooter.java:456)
	at org.apache.maven.surefire.booter.ForkedBooter.execute(ForkedBooter.java:169)
	at org.apache.maven.surefire.booter.ForkedBooter.run(ForkedBooter.java:595)
	at org.apache.maven.surefire.booter.ForkedBooter.main(ForkedBooter.java:581)
]]></failure>
    <system-out><![CDATA[16:09:42.048 [main] DEBUG org.apache.http.impl.conn.BasicClientConnectionManager -- Get connection for route {}->http://13.60.22.209:7081
16:09:42.048 [main] DEBUG org.apache.http.impl.conn.DefaultClientConnectionOperator -- Connecting to 13.60.22.209:7081
16:09:42.206 [main] DEBUG org.apache.http.client.protocol.RequestAddCookies -- CookieSpec selected: ignoreCookies
16:09:42.206 [main] DEBUG org.apache.http.client.protocol.RequestAuthCache -- Auth cache not set in the context
16:09:42.206 [main] DEBUG org.apache.http.client.protocol.RequestTargetAuthentication -- Target auth state: UNCHALLENGED
16:09:42.206 [main] DEBUG org.apache.http.client.protocol.RequestProxyAuthentication -- Proxy auth state: UNCHALLENGED
16:09:42.206 [main] DEBUG org.apache.http.impl.client.DefaultHttpClient -- Attempt 1 to execute request
16:09:42.206 [main] DEBUG org.apache.http.impl.conn.DefaultClientConnection -- Sending request: PUT /api/books/1 HTTP/1.1
16:09:42.206 [main] DEBUG org.apache.http.wire --  >> "PUT /api/books/1 HTTP/1.1[\r][\n]"
16:09:42.206 [main] DEBUG org.apache.http.wire --  >> "Accept: */*[\r][\n]"
16:09:42.206 [main] DEBUG org.apache.http.wire --  >> "Content-Type: application/json[\r][\n]"
16:09:42.206 [main] DEBUG org.apache.http.wire --  >> "Content-Length: 63[\r][\n]"
16:09:42.206 [main] DEBUG org.apache.http.wire --  >> "Host: 13.60.22.209:7081[\r][\n]"
16:09:42.206 [main] DEBUG org.apache.http.wire --  >> "Connection: Keep-Alive[\r][\n]"
16:09:42.206 [main] DEBUG org.apache.http.wire --  >> "User-Agent: Apache-HttpClient/4.5.13 (Java/17.0.9)[\r][\n]"
16:09:42.206 [main] DEBUG org.apache.http.wire --  >> "Accept-Encoding: gzip,deflate[\r][\n]"
16:09:42.206 [main] DEBUG org.apache.http.wire --  >> "[\r][\n]"
16:09:42.206 [main] DEBUG org.apache.http.headers -- >> PUT /api/books/1 HTTP/1.1
16:09:42.206 [main] DEBUG org.apache.http.headers -- >> Accept: */*
16:09:42.206 [main] DEBUG org.apache.http.headers -- >> Content-Type: application/json
16:09:42.206 [main] DEBUG org.apache.http.headers -- >> Content-Length: 63
16:09:42.206 [main] DEBUG org.apache.http.headers -- >> Host: 13.60.22.209:7081
16:09:42.206 [main] DEBUG org.apache.http.headers -- >> Connection: Keep-Alive
16:09:42.206 [main] DEBUG org.apache.http.headers -- >> User-Agent: Apache-HttpClient/4.5.13 (Java/17.0.9)
16:09:42.206 [main] DEBUG org.apache.http.headers -- >> Accept-Encoding: gzip,deflate
16:09:42.206 [main] DEBUG org.apache.http.wire --  >> "{"author":"Updated Author","id":1,"title":"Updated Book Title"}"
16:09:42.366 [main] DEBUG org.apache.http.wire --  << "HTTP/1.1 401 [\r][\n]"
16:09:42.366 [main] DEBUG org.apache.http.wire --  << "Set-Cookie: JSESSIONID=F7E7DC557D0520D21BFC456F48695DD0; Path=/; HttpOnly[\r][\n]"
16:09:42.366 [main] DEBUG org.apache.http.wire --  << "WWW-Authenticate: Basic realm="Realm"[\r][\n]"
16:09:42.366 [main] DEBUG org.apache.http.wire --  << "X-Content-Type-Options: nosniff[\r][\n]"
16:09:42.366 [main] DEBUG org.apache.http.wire --  << "X-XSS-Protection: 1; mode=block[\r][\n]"
16:09:42.366 [main] DEBUG org.apache.http.wire --  << "Cache-Control: no-cache, no-store, max-age=0, must-revalidate[\r][\n]"
16:09:42.366 [main] DEBUG org.apache.http.wire --  << "Pragma: no-cache[\r][\n]"
16:09:42.366 [main] DEBUG org.apache.http.wire --  << "Expires: 0[\r][\n]"
16:09:42.366 [main] DEBUG org.apache.http.wire --  << "X-Frame-Options: DENY[\r][\n]"
16:09:42.366 [main] DEBUG org.apache.http.wire --  << "Content-Length: 0[\r][\n]"
16:09:42.366 [main] DEBUG org.apache.http.wire --  << "Date: Thu, 02 Jan 2025 10:39:42 GMT[\r][\n]"
16:09:42.366 [main] DEBUG org.apache.http.wire --  << "Keep-Alive: timeout=60[\r][\n]"
16:09:42.366 [main] DEBUG org.apache.http.wire --  << "Connection: keep-alive[\r][\n]"
16:09:42.366 [main] DEBUG org.apache.http.wire --  << "[\r][\n]"
16:09:42.366 [main] DEBUG org.apache.http.impl.conn.DefaultClientConnection -- Receiving response: HTTP/1.1 401 
16:09:42.366 [main] DEBUG org.apache.http.headers -- << HTTP/1.1 401 
16:09:42.366 [main] DEBUG org.apache.http.headers -- << Set-Cookie: JSESSIONID=F7E7DC557D0520D21BFC456F48695DD0; Path=/; HttpOnly
16:09:42.366 [main] DEBUG org.apache.http.headers -- << WWW-Authenticate: Basic realm="Realm"
16:09:42.366 [main] DEBUG org.apache.http.headers -- << X-Content-Type-Options: nosniff
16:09:42.366 [main] DEBUG org.apache.http.headers -- << X-XSS-Protection: 1; mode=block
16:09:42.366 [main] DEBUG org.apache.http.headers -- << Cache-Control: no-cache, no-store, max-age=0, must-revalidate
16:09:42.366 [main] DEBUG org.apache.http.headers -- << Pragma: no-cache
16:09:42.366 [main] DEBUG org.apache.http.headers -- << Expires: 0
16:09:42.366 [main] DEBUG org.apache.http.headers -- << X-Frame-Options: DENY
16:09:42.366 [main] DEBUG org.apache.http.headers -- << Content-Length: 0
16:09:42.366 [main] DEBUG org.apache.http.headers -- << Date: Thu, 02 Jan 2025 10:39:42 GMT
16:09:42.366 [main] DEBUG org.apache.http.headers -- << Keep-Alive: timeout=60
16:09:42.366 [main] DEBUG org.apache.http.headers -- << Connection: keep-alive
16:09:42.366 [main] DEBUG org.apache.http.impl.client.DefaultHttpClient -- Connection can be kept alive for 60000 MILLISECONDS
16:09:42.366 [main] DEBUG org.apache.http.impl.client.DefaultHttpClient -- Authentication required
16:09:42.366 [main] DEBUG org.apache.http.impl.client.DefaultHttpClient -- 13.60.22.209:7081 requested authentication
16:09:42.366 [main] DEBUG org.apache.http.impl.client.TargetAuthenticationStrategy -- Authentication schemes in the order of preference: [Negotiate, Kerberos, NTLM, CredSSP, Digest, Basic]
16:09:42.366 [main] DEBUG org.apache.http.impl.client.TargetAuthenticationStrategy -- Challenge for Negotiate authentication scheme not available
16:09:42.366 [main] DEBUG org.apache.http.impl.client.TargetAuthenticationStrategy -- Challenge for Kerberos authentication scheme not available
16:09:42.366 [main] DEBUG org.apache.http.impl.client.TargetAuthenticationStrategy -- Challenge for NTLM authentication scheme not available
16:09:42.366 [main] DEBUG org.apache.http.impl.client.TargetAuthenticationStrategy -- Challenge for CredSSP authentication scheme not available
16:09:42.366 [main] DEBUG org.apache.http.impl.client.TargetAuthenticationStrategy -- Challenge for Digest authentication scheme not available
16:09:42.366 [main] DEBUG org.apache.http.impl.client.DefaultHttpClient -- Selected authentication options: [BASIC [complete=true]]
16:09:42.366 [main] DEBUG org.apache.http.client.protocol.RequestAddCookies -- CookieSpec selected: ignoreCookies
16:09:42.367 [main] DEBUG org.apache.http.client.protocol.RequestAuthCache -- Auth cache not set in the context
16:09:42.367 [main] DEBUG org.apache.http.client.protocol.RequestTargetAuthentication -- Target auth state: CHALLENGED
16:09:42.367 [main] DEBUG org.apache.http.client.protocol.RequestTargetAuthentication -- Generating response to an authentication challenge using basic scheme
16:09:42.367 [main] DEBUG org.apache.http.client.protocol.RequestProxyAuthentication -- Proxy auth state: UNCHALLENGED
16:09:42.367 [main] DEBUG org.apache.http.impl.client.DefaultHttpClient -- Attempt 2 to execute request
16:09:42.367 [main] DEBUG org.apache.http.impl.conn.DefaultClientConnection -- Sending request: PUT /api/books/1 HTTP/1.1
16:09:42.367 [main] DEBUG org.apache.http.wire --  >> "PUT /api/books/1 HTTP/1.1[\r][\n]"
16:09:42.367 [main] DEBUG org.apache.http.wire --  >> "Accept: */*[\r][\n]"
16:09:42.367 [main] DEBUG org.apache.http.wire --  >> "Content-Type: application/json[\r][\n]"
16:09:42.367 [main] DEBUG org.apache.http.wire --  >> "Content-Length: 63[\r][\n]"
16:09:42.367 [main] DEBUG org.apache.http.wire --  >> "Host: 13.60.22.209:7081[\r][\n]"
16:09:42.367 [main] DEBUG org.apache.http.wire --  >> "Connection: Keep-Alive[\r][\n]"
16:09:42.367 [main] DEBUG org.apache.http.wire --  >> "User-Agent: Apache-HttpClient/4.5.13 (Java/17.0.9)[\r][\n]"
16:09:42.367 [main] DEBUG org.apache.http.wire --  >> "Authorization: Basic dXNlcjpwYXNzd29yZA==[\r][\n]"
16:09:42.367 [main] DEBUG org.apache.http.wire --  >> "Accept-Encoding: gzip,deflate[\r][\n]"
16:09:42.367 [main] DEBUG org.apache.http.wire --  >> "[\r][\n]"
16:09:42.367 [main] DEBUG org.apache.http.headers -- >> PUT /api/books/1 HTTP/1.1
16:09:42.367 [main] DEBUG org.apache.http.headers -- >> Accept: */*
16:09:42.367 [main] DEBUG org.apache.http.headers -- >> Content-Type: application/json
16:09:42.367 [main] DEBUG org.apache.http.headers -- >> Content-Length: 63
16:09:42.367 [main] DEBUG org.apache.http.headers -- >> Host: 13.60.22.209:7081
16:09:42.367 [main] DEBUG org.apache.http.headers -- >> Connection: Keep-Alive
16:09:42.367 [main] DEBUG org.apache.http.headers -- >> User-Agent: Apache-HttpClient/4.5.13 (Java/17.0.9)
16:09:42.367 [main] DEBUG org.apache.http.headers -- >> Authorization: Basic dXNlcjpwYXNzd29yZA==
16:09:42.367 [main] DEBUG org.apache.http.headers -- >> Accept-Encoding: gzip,deflate
16:09:42.367 [main] DEBUG org.apache.http.wire --  >> "{"author":"Updated Author","id":1,"title":"Updated Book Title"}"
16:09:42.607 [main] DEBUG org.apache.http.wire --  << "HTTP/1.1 403 [\r][\n]"
16:09:42.607 [main] DEBUG org.apache.http.wire --  << "Set-Cookie: JSESSIONID=5BC3CEF3C4BB579150ADCD016F65FF2D; Path=/; HttpOnly[\r][\n]"
16:09:42.607 [main] DEBUG org.apache.http.wire --  << "X-Content-Type-Options: nosniff[\r][\n]"
16:09:42.607 [main] DEBUG org.apache.http.wire --  << "X-XSS-Protection: 1; mode=block[\r][\n]"
16:09:42.607 [main] DEBUG org.apache.http.wire --  << "Cache-Control: no-cache, no-store, max-age=0, must-revalidate[\r][\n]"
16:09:42.607 [main] DEBUG org.apache.http.wire --  << "Pragma: no-cache[\r][\n]"
16:09:42.607 [main] DEBUG org.apache.http.wire --  << "Expires: 0[\r][\n]"
16:09:42.607 [main] DEBUG org.apache.http.wire --  << "X-Frame-Options: DENY[\r][\n]"
16:09:42.607 [main] DEBUG org.apache.http.wire --  << "Content-Type: text/plain;charset=UTF-8[\r][\n]"
16:09:42.607 [main] DEBUG org.apache.http.wire --  << "Content-Length: 22[\r][\n]"
16:09:42.607 [main] DEBUG org.apache.http.wire --  << "Date: Thu, 02 Jan 2025 10:39:42 GMT[\r][\n]"
16:09:42.607 [main] DEBUG org.apache.http.wire --  << "Keep-Alive: timeout=60[\r][\n]"
16:09:42.607 [main] DEBUG org.apache.http.wire --  << "Connection: keep-alive[\r][\n]"
16:09:42.607 [main] DEBUG org.apache.http.wire --  << "[\r][\n]"
16:09:42.607 [main] DEBUG org.apache.http.impl.conn.DefaultClientConnection -- Receiving response: HTTP/1.1 403 
16:09:42.607 [main] DEBUG org.apache.http.headers -- << HTTP/1.1 403 
16:09:42.607 [main] DEBUG org.apache.http.headers -- << Set-Cookie: JSESSIONID=5BC3CEF3C4BB579150ADCD016F65FF2D; Path=/; HttpOnly
16:09:42.607 [main] DEBUG org.apache.http.headers -- << X-Content-Type-Options: nosniff
16:09:42.607 [main] DEBUG org.apache.http.headers -- << X-XSS-Protection: 1; mode=block
16:09:42.607 [main] DEBUG org.apache.http.headers -- << Cache-Control: no-cache, no-store, max-age=0, must-revalidate
16:09:42.607 [main] DEBUG org.apache.http.headers -- << Pragma: no-cache
16:09:42.607 [main] DEBUG org.apache.http.headers -- << Expires: 0
16:09:42.607 [main] DEBUG org.apache.http.headers -- << X-Frame-Options: DENY
16:09:42.607 [main] DEBUG org.apache.http.headers -- << Content-Type: text/plain;charset=UTF-8
16:09:42.607 [main] DEBUG org.apache.http.headers -- << Content-Length: 22
16:09:42.607 [main] DEBUG org.apache.http.headers -- << Date: Thu, 02 Jan 2025 10:39:42 GMT
16:09:42.607 [main] DEBUG org.apache.http.headers -- << Keep-Alive: timeout=60
16:09:42.607 [main] DEBUG org.apache.http.headers -- << Connection: keep-alive
16:09:42.607 [main] DEBUG org.apache.http.impl.client.DefaultHttpClient -- Connection can be kept alive for 60000 MILLISECONDS
16:09:42.607 [main] DEBUG org.apache.http.impl.client.DefaultHttpClient -- Authentication succeeded
16:09:42.607 [main] DEBUG org.apache.http.impl.client.TargetAuthenticationStrategy -- Caching 'basic' auth scheme for http://13.60.22.209:7081
16:09:42.608 [main] DEBUG io.restassured.internal.RestAssuredHttpBuilder -- Parsing response as: text/plain;charset=UTF-8
16:09:42.608 [main] DEBUG io.restassured.internal.RestAssuredHttpBuilder -- Parsed data to instance of: class org.apache.http.conn.EofSensorInputStream
16:09:42.609 [main] DEBUG org.apache.http.wire --  << "User is not permitted."
16:09:42.609 [main] DEBUG org.apache.http.impl.conn.BasicClientConnectionManager -- Releasing connection org.apache.http.impl.conn.ManagedClientConnectionImpl@385dfb63
16:09:42.609 [main] DEBUG org.apache.http.impl.conn.BasicClientConnectionManager -- Connection can be kept alive for 60000 MILLISECONDS
]]></system-out>
  </testcase>
  <testcase name="testDeleteBookAsUser" classname="TestCases.DeleteBookAPITests" time="0.573">
    <failure message="Expected status code is 403 for forbidden access expected [403] but found [404]" type="java.lang.AssertionError"><![CDATA[java.lang.AssertionError: Expected status code is 403 for forbidden access expected [403] but found [404]
	at org.testng.Assert.fail(Assert.java:110)
	at org.testng.Assert.failNotEquals(Assert.java:1413)
	at org.testng.Assert.assertEqualsImpl(Assert.java:149)
	at org.testng.Assert.assertEquals(Assert.java:131)
	at org.testng.Assert.assertEquals(Assert.java:1240)
	at TestCases.DeleteBookAPITests.testDeleteBookAsUser(DeleteBookAPITests.java:77)
	at java.base/jdk.internal.reflect.NativeMethodAccessorImpl.invoke0(Native Method)
	at java.base/jdk.internal.reflect.NativeMethodAccessorImpl.invoke(NativeMethodAccessorImpl.java:77)
	at java.base/jdk.internal.reflect.DelegatingMethodAccessorImpl.invoke(DelegatingMethodAccessorImpl.java:43)
	at java.base/java.lang.reflect.Method.invoke(Method.java:568)
	at org.testng.internal.invokers.MethodInvocationHelper.invokeMethod(MethodInvocationHelper.java:139)
	at org.testng.internal.invokers.TestInvoker.invokeMethod(TestInvoker.java:677)
	at org.testng.internal.invokers.TestInvoker.invokeTestMethod(TestInvoker.java:221)
	at org.testng.internal.invokers.MethodRunner.runInSequence(MethodRunner.java:50)
	at org.testng.internal.invokers.TestInvoker$MethodInvocationAgent.invoke(TestInvoker.java:969)
	at org.testng.internal.invokers.TestInvoker.invokeTestMethods(TestInvoker.java:194)
	at org.testng.internal.invokers.TestMethodWorker.invokeTestMethods(TestMethodWorker.java:148)
	at org.testng.internal.invokers.TestMethodWorker.run(TestMethodWorker.java:128)
	at java.base/java.util.ArrayList.forEach(ArrayList.java:1511)
	at org.testng.TestRunner.privateRun(TestRunner.java:829)
	at org.testng.TestRunner.run(TestRunner.java:602)
	at org.testng.SuiteRunner.runTest(SuiteRunner.java:437)
	at org.testng.SuiteRunner.runSequentially(SuiteRunner.java:431)
	at org.testng.SuiteRunner.privateRun(SuiteRunner.java:391)
	at org.testng.SuiteRunner.run(SuiteRunner.java:330)
	at org.testng.SuiteRunnerWorker.runSuite(SuiteRunnerWorker.java:52)
	at org.testng.SuiteRunnerWorker.run(SuiteRunnerWorker.java:95)
	at org.testng.TestNG.runSuitesSequentially(TestNG.java:1256)
	at org.testng.TestNG.runSuitesLocally(TestNG.java:1176)
	at org.testng.TestNG.runSuites(TestNG.java:1099)
	at org.testng.TestNG.run(TestNG.java:1067)
	at org.apache.maven.surefire.testng.TestNGExecutor.run(TestNGExecutor.java:324)
	at org.apache.maven.surefire.testng.TestNGXmlTestSuite.execute(TestNGXmlTestSuite.java:74)
	at org.apache.maven.surefire.testng.TestNGProvider.invoke(TestNGProvider.java:123)
	at org.apache.maven.surefire.booter.ForkedBooter.runSuitesInProcess(ForkedBooter.java:456)
	at org.apache.maven.surefire.booter.ForkedBooter.execute(ForkedBooter.java:169)
	at org.apache.maven.surefire.booter.ForkedBooter.run(ForkedBooter.java:595)
	at org.apache.maven.surefire.booter.ForkedBooter.main(ForkedBooter.java:581)
]]></failure>
    <system-out><![CDATA[16:09:42.617 [main] DEBUG org.apache.http.impl.conn.BasicClientConnectionManager -- Get connection for route {}->http://13.60.22.209:7081
16:09:42.617 [main] DEBUG org.apache.http.impl.conn.DefaultClientConnectionOperator -- Connecting to 13.60.22.209:7081
16:09:42.774 [main] DEBUG org.apache.http.client.protocol.RequestAddCookies -- CookieSpec selected: ignoreCookies
16:09:42.774 [main] DEBUG org.apache.http.client.protocol.RequestAuthCache -- Auth cache not set in the context
16:09:42.774 [main] DEBUG org.apache.http.client.protocol.RequestTargetAuthentication -- Target auth state: UNCHALLENGED
16:09:42.774 [main] DEBUG org.apache.http.client.protocol.RequestProxyAuthentication -- Proxy auth state: UNCHALLENGED
16:09:42.774 [main] DEBUG org.apache.http.impl.client.DefaultHttpClient -- Attempt 1 to execute request
16:09:42.774 [main] DEBUG org.apache.http.impl.conn.DefaultClientConnection -- Sending request: DELETE /api/books/1 HTTP/1.1
16:09:42.774 [main] DEBUG org.apache.http.wire --  >> "DELETE /api/books/1 HTTP/1.1[\r][\n]"
16:09:42.774 [main] DEBUG org.apache.http.wire --  >> "Accept: */*[\r][\n]"
16:09:42.774 [main] DEBUG org.apache.http.wire --  >> "Host: 13.60.22.209:7081[\r][\n]"
16:09:42.774 [main] DEBUG org.apache.http.wire --  >> "Connection: Keep-Alive[\r][\n]"
16:09:42.774 [main] DEBUG org.apache.http.wire --  >> "User-Agent: Apache-HttpClient/4.5.13 (Java/17.0.9)[\r][\n]"
16:09:42.774 [main] DEBUG org.apache.http.wire --  >> "Accept-Encoding: gzip,deflate[\r][\n]"
16:09:42.774 [main] DEBUG org.apache.http.wire --  >> "[\r][\n]"
16:09:42.774 [main] DEBUG org.apache.http.headers -- >> DELETE /api/books/1 HTTP/1.1
16:09:42.774 [main] DEBUG org.apache.http.headers -- >> Accept: */*
16:09:42.774 [main] DEBUG org.apache.http.headers -- >> Host: 13.60.22.209:7081
16:09:42.774 [main] DEBUG org.apache.http.headers -- >> Connection: Keep-Alive
16:09:42.774 [main] DEBUG org.apache.http.headers -- >> User-Agent: Apache-HttpClient/4.5.13 (Java/17.0.9)
16:09:42.774 [main] DEBUG org.apache.http.headers -- >> Accept-Encoding: gzip,deflate
16:09:42.931 [main] DEBUG org.apache.http.wire --  << "HTTP/1.1 401 [\r][\n]"
16:09:42.931 [main] DEBUG org.apache.http.wire --  << "Set-Cookie: JSESSIONID=D938554F5076E3D1E2B8C66D5C7A2023; Path=/; HttpOnly[\r][\n]"
16:09:42.931 [main] DEBUG org.apache.http.wire --  << "WWW-Authenticate: Basic realm="Realm"[\r][\n]"
16:09:42.931 [main] DEBUG org.apache.http.wire --  << "X-Content-Type-Options: nosniff[\r][\n]"
16:09:42.931 [main] DEBUG org.apache.http.wire --  << "X-XSS-Protection: 1; mode=block[\r][\n]"
16:09:42.931 [main] DEBUG org.apache.http.wire --  << "Cache-Control: no-cache, no-store, max-age=0, must-revalidate[\r][\n]"
16:09:42.931 [main] DEBUG org.apache.http.wire --  << "Pragma: no-cache[\r][\n]"
16:09:42.931 [main] DEBUG org.apache.http.wire --  << "Expires: 0[\r][\n]"
16:09:42.931 [main] DEBUG org.apache.http.wire --  << "X-Frame-Options: DENY[\r][\n]"
16:09:42.932 [main] DEBUG org.apache.http.wire --  << "Content-Length: 0[\r][\n]"
16:09:42.932 [main] DEBUG org.apache.http.wire --  << "Date: Thu, 02 Jan 2025 10:39:42 GMT[\r][\n]"
16:09:42.932 [main] DEBUG org.apache.http.wire --  << "Keep-Alive: timeout=60[\r][\n]"
16:09:42.932 [main] DEBUG org.apache.http.wire --  << "Connection: keep-alive[\r][\n]"
16:09:42.932 [main] DEBUG org.apache.http.wire --  << "[\r][\n]"
16:09:42.932 [main] DEBUG org.apache.http.impl.conn.DefaultClientConnection -- Receiving response: HTTP/1.1 401 
16:09:42.932 [main] DEBUG org.apache.http.headers -- << HTTP/1.1 401 
16:09:42.932 [main] DEBUG org.apache.http.headers -- << Set-Cookie: JSESSIONID=D938554F5076E3D1E2B8C66D5C7A2023; Path=/; HttpOnly
16:09:42.932 [main] DEBUG org.apache.http.headers -- << WWW-Authenticate: Basic realm="Realm"
16:09:42.932 [main] DEBUG org.apache.http.headers -- << X-Content-Type-Options: nosniff
16:09:42.932 [main] DEBUG org.apache.http.headers -- << X-XSS-Protection: 1; mode=block
16:09:42.932 [main] DEBUG org.apache.http.headers -- << Cache-Control: no-cache, no-store, max-age=0, must-revalidate
16:09:42.932 [main] DEBUG org.apache.http.headers -- << Pragma: no-cache
16:09:42.932 [main] DEBUG org.apache.http.headers -- << Expires: 0
16:09:42.932 [main] DEBUG org.apache.http.headers -- << X-Frame-Options: DENY
16:09:42.932 [main] DEBUG org.apache.http.headers -- << Content-Length: 0
16:09:42.932 [main] DEBUG org.apache.http.headers -- << Date: Thu, 02 Jan 2025 10:39:42 GMT
16:09:42.932 [main] DEBUG org.apache.http.headers -- << Keep-Alive: timeout=60
16:09:42.932 [main] DEBUG org.apache.http.headers -- << Connection: keep-alive
16:09:42.932 [main] DEBUG org.apache.http.impl.client.DefaultHttpClient -- Connection can be kept alive for 60000 MILLISECONDS
16:09:42.932 [main] DEBUG org.apache.http.impl.client.DefaultHttpClient -- Authentication required
16:09:42.932 [main] DEBUG org.apache.http.impl.client.DefaultHttpClient -- 13.60.22.209:7081 requested authentication
16:09:42.932 [main] DEBUG org.apache.http.impl.client.TargetAuthenticationStrategy -- Authentication schemes in the order of preference: [Negotiate, Kerberos, NTLM, CredSSP, Digest, Basic]
16:09:42.932 [main] DEBUG org.apache.http.impl.client.TargetAuthenticationStrategy -- Challenge for Negotiate authentication scheme not available
16:09:42.932 [main] DEBUG org.apache.http.impl.client.TargetAuthenticationStrategy -- Challenge for Kerberos authentication scheme not available
16:09:42.932 [main] DEBUG org.apache.http.impl.client.TargetAuthenticationStrategy -- Challenge for NTLM authentication scheme not available
16:09:42.932 [main] DEBUG org.apache.http.impl.client.TargetAuthenticationStrategy -- Challenge for CredSSP authentication scheme not available
16:09:42.932 [main] DEBUG org.apache.http.impl.client.TargetAuthenticationStrategy -- Challenge for Digest authentication scheme not available
16:09:42.932 [main] DEBUG org.apache.http.impl.client.DefaultHttpClient -- Selected authentication options: [BASIC [complete=true]]
16:09:42.932 [main] DEBUG org.apache.http.client.protocol.RequestAddCookies -- CookieSpec selected: ignoreCookies
16:09:42.933 [main] DEBUG org.apache.http.client.protocol.RequestAuthCache -- Auth cache not set in the context
16:09:42.933 [main] DEBUG org.apache.http.client.protocol.RequestTargetAuthentication -- Target auth state: CHALLENGED
16:09:42.933 [main] DEBUG org.apache.http.client.protocol.RequestTargetAuthentication -- Generating response to an authentication challenge using basic scheme
16:09:42.933 [main] DEBUG org.apache.http.client.protocol.RequestProxyAuthentication -- Proxy auth state: UNCHALLENGED
16:09:42.933 [main] DEBUG org.apache.http.impl.client.DefaultHttpClient -- Attempt 2 to execute request
16:09:42.933 [main] DEBUG org.apache.http.impl.conn.DefaultClientConnection -- Sending request: DELETE /api/books/1 HTTP/1.1
16:09:42.933 [main] DEBUG org.apache.http.wire --  >> "DELETE /api/books/1 HTTP/1.1[\r][\n]"
16:09:42.933 [main] DEBUG org.apache.http.wire --  >> "Accept: */*[\r][\n]"
16:09:42.933 [main] DEBUG org.apache.http.wire --  >> "Host: 13.60.22.209:7081[\r][\n]"
16:09:42.933 [main] DEBUG org.apache.http.wire --  >> "Connection: Keep-Alive[\r][\n]"
16:09:42.933 [main] DEBUG org.apache.http.wire --  >> "User-Agent: Apache-HttpClient/4.5.13 (Java/17.0.9)[\r][\n]"
16:09:42.933 [main] DEBUG org.apache.http.wire --  >> "Authorization: Basic dXNlcjpwYXNzd29yZA==[\r][\n]"
16:09:42.933 [main] DEBUG org.apache.http.wire --  >> "Accept-Encoding: gzip,deflate[\r][\n]"
16:09:42.933 [main] DEBUG org.apache.http.wire --  >> "[\r][\n]"
16:09:42.933 [main] DEBUG org.apache.http.headers -- >> DELETE /api/books/1 HTTP/1.1
16:09:42.933 [main] DEBUG org.apache.http.headers -- >> Accept: */*
16:09:42.933 [main] DEBUG org.apache.http.headers -- >> Host: 13.60.22.209:7081
16:09:42.933 [main] DEBUG org.apache.http.headers -- >> Connection: Keep-Alive
16:09:42.933 [main] DEBUG org.apache.http.headers -- >> User-Agent: Apache-HttpClient/4.5.13 (Java/17.0.9)
16:09:42.933 [main] DEBUG org.apache.http.headers -- >> Authorization: Basic dXNlcjpwYXNzd29yZA==
16:09:42.933 [main] DEBUG org.apache.http.headers -- >> Accept-Encoding: gzip,deflate
16:09:43.174 [main] DEBUG org.apache.http.wire --  << "HTTP/1.1 404 [\r][\n]"
16:09:43.174 [main] DEBUG org.apache.http.wire --  << "Set-Cookie: JSESSIONID=3041B396B2D902777268AA30425EFE9C; Path=/; HttpOnly[\r][\n]"
16:09:43.174 [main] DEBUG org.apache.http.wire --  << "X-Content-Type-Options: nosniff[\r][\n]"
16:09:43.174 [main] DEBUG org.apache.http.wire --  << "X-XSS-Protection: 1; mode=block[\r][\n]"
16:09:43.174 [main] DEBUG org.apache.http.wire --  << "Cache-Control: no-cache, no-store, max-age=0, must-revalidate[\r][\n]"
16:09:43.175 [main] DEBUG org.apache.http.wire --  << "Pragma: no-cache[\r][\n]"
16:09:43.175 [main] DEBUG org.apache.http.wire --  << "Expires: 0[\r][\n]"
16:09:43.175 [main] DEBUG org.apache.http.wire --  << "X-Frame-Options: DENY[\r][\n]"
16:09:43.175 [main] DEBUG org.apache.http.wire --  << "Content-Type: text/plain;charset=UTF-8[\r][\n]"
16:09:43.175 [main] DEBUG org.apache.http.wire --  << "Content-Length: 14[\r][\n]"
16:09:43.175 [main] DEBUG org.apache.http.wire --  << "Date: Thu, 02 Jan 2025 10:39:42 GMT[\r][\n]"
16:09:43.175 [main] DEBUG org.apache.http.wire --  << "Keep-Alive: timeout=60[\r][\n]"
16:09:43.175 [main] DEBUG org.apache.http.wire --  << "Connection: keep-alive[\r][\n]"
16:09:43.175 [main] DEBUG org.apache.http.wire --  << "[\r][\n]"
16:09:43.175 [main] DEBUG org.apache.http.impl.conn.DefaultClientConnection -- Receiving response: HTTP/1.1 404 
16:09:43.175 [main] DEBUG org.apache.http.headers -- << HTTP/1.1 404 
16:09:43.175 [main] DEBUG org.apache.http.headers -- << Set-Cookie: JSESSIONID=3041B396B2D902777268AA30425EFE9C; Path=/; HttpOnly
16:09:43.175 [main] DEBUG org.apache.http.headers -- << X-Content-Type-Options: nosniff
16:09:43.175 [main] DEBUG org.apache.http.headers -- << X-XSS-Protection: 1; mode=block
16:09:43.175 [main] DEBUG org.apache.http.headers -- << Cache-Control: no-cache, no-store, max-age=0, must-revalidate
16:09:43.175 [main] DEBUG org.apache.http.headers -- << Pragma: no-cache
16:09:43.175 [main] DEBUG org.apache.http.headers -- << Expires: 0
16:09:43.175 [main] DEBUG org.apache.http.headers -- << X-Frame-Options: DENY
16:09:43.175 [main] DEBUG org.apache.http.headers -- << Content-Type: text/plain;charset=UTF-8
16:09:43.175 [main] DEBUG org.apache.http.headers -- << Content-Length: 14
16:09:43.175 [main] DEBUG org.apache.http.headers -- << Date: Thu, 02 Jan 2025 10:39:42 GMT
16:09:43.175 [main] DEBUG org.apache.http.headers -- << Keep-Alive: timeout=60
16:09:43.175 [main] DEBUG org.apache.http.headers -- << Connection: keep-alive
16:09:43.175 [main] DEBUG org.apache.http.impl.client.DefaultHttpClient -- Connection can be kept alive for 60000 MILLISECONDS
16:09:43.175 [main] DEBUG org.apache.http.impl.client.DefaultHttpClient -- Authentication succeeded
16:09:43.175 [main] DEBUG org.apache.http.impl.client.TargetAuthenticationStrategy -- Caching 'basic' auth scheme for http://13.60.22.209:7081
16:09:43.175 [main] DEBUG io.restassured.internal.RestAssuredHttpBuilder -- Parsing response as: text/plain;charset=UTF-8
16:09:43.175 [main] DEBUG io.restassured.internal.RestAssuredHttpBuilder -- Parsed data to instance of: class org.apache.http.conn.EofSensorInputStream
Response Status Code: 404
16:09:43.178 [main] DEBUG org.apache.http.wire --  << "Book not found"
16:09:43.179 [main] DEBUG org.apache.http.impl.conn.BasicClientConnectionManager -- Releasing connection org.apache.http.impl.conn.ManagedClientConnectionImpl@4f3e9fbb
16:09:43.179 [main] DEBUG org.apache.http.impl.conn.BasicClientConnectionManager -- Connection can be kept alive for 60000 MILLISECONDS
Book not found
]]></system-out>
  </testcase>
  <testcase name="testDeleteBookWithInvalidIdAsAdmin" classname="TestCases.DeleteBookAPITests" time="0.595">
    <failure message="Expected status code is 404 for non-existent book deletion expected [404] but found [403]" type="java.lang.AssertionError"><![CDATA[java.lang.AssertionError: Expected status code is 404 for non-existent book deletion expected [404] but found [403]
	at org.testng.Assert.fail(Assert.java:110)
	at org.testng.Assert.failNotEquals(Assert.java:1413)
	at org.testng.Assert.assertEqualsImpl(Assert.java:149)
	at org.testng.Assert.assertEquals(Assert.java:131)
	at org.testng.Assert.assertEquals(Assert.java:1240)
	at TestCases.DeleteBookAPITests.testDeleteBookWithInvalidIdAsAdmin(DeleteBookAPITests.java:57)
	at java.base/jdk.internal.reflect.NativeMethodAccessorImpl.invoke0(Native Method)
	at java.base/jdk.internal.reflect.NativeMethodAccessorImpl.invoke(NativeMethodAccessorImpl.java:77)
	at java.base/jdk.internal.reflect.DelegatingMethodAccessorImpl.invoke(DelegatingMethodAccessorImpl.java:43)
	at java.base/java.lang.reflect.Method.invoke(Method.java:568)
	at org.testng.internal.invokers.MethodInvocationHelper.invokeMethod(MethodInvocationHelper.java:139)
	at org.testng.internal.invokers.TestInvoker.invokeMethod(TestInvoker.java:677)
	at org.testng.internal.invokers.TestInvoker.invokeTestMethod(TestInvoker.java:221)
	at org.testng.internal.invokers.MethodRunner.runInSequence(MethodRunner.java:50)
	at org.testng.internal.invokers.TestInvoker$MethodInvocationAgent.invoke(TestInvoker.java:969)
	at org.testng.internal.invokers.TestInvoker.invokeTestMethods(TestInvoker.java:194)
	at org.testng.internal.invokers.TestMethodWorker.invokeTestMethods(TestMethodWorker.java:148)
	at org.testng.internal.invokers.TestMethodWorker.run(TestMethodWorker.java:128)
	at java.base/java.util.ArrayList.forEach(ArrayList.java:1511)
	at org.testng.TestRunner.privateRun(TestRunner.java:829)
	at org.testng.TestRunner.run(TestRunner.java:602)
	at org.testng.SuiteRunner.runTest(SuiteRunner.java:437)
	at org.testng.SuiteRunner.runSequentially(SuiteRunner.java:431)
	at org.testng.SuiteRunner.privateRun(SuiteRunner.java:391)
	at org.testng.SuiteRunner.run(SuiteRunner.java:330)
	at org.testng.SuiteRunnerWorker.runSuite(SuiteRunnerWorker.java:52)
	at org.testng.SuiteRunnerWorker.run(SuiteRunnerWorker.java:95)
	at org.testng.TestNG.runSuitesSequentially(TestNG.java:1256)
	at org.testng.TestNG.runSuitesLocally(TestNG.java:1176)
	at org.testng.TestNG.runSuites(TestNG.java:1099)
	at org.testng.TestNG.run(TestNG.java:1067)
	at org.apache.maven.surefire.testng.TestNGExecutor.run(TestNGExecutor.java:324)
	at org.apache.maven.surefire.testng.TestNGXmlTestSuite.execute(TestNGXmlTestSuite.java:74)
	at org.apache.maven.surefire.testng.TestNGProvider.invoke(TestNGProvider.java:123)
	at org.apache.maven.surefire.booter.ForkedBooter.runSuitesInProcess(ForkedBooter.java:456)
	at org.apache.maven.surefire.booter.ForkedBooter.execute(ForkedBooter.java:169)
	at org.apache.maven.surefire.booter.ForkedBooter.run(ForkedBooter.java:595)
	at org.apache.maven.surefire.booter.ForkedBooter.main(ForkedBooter.java:581)
]]></failure>
    <system-out><![CDATA[16:09:43.195 [main] DEBUG org.apache.http.impl.conn.BasicClientConnectionManager -- Get connection for route {}->http://13.60.22.209:7081
16:09:43.196 [main] DEBUG org.apache.http.impl.conn.DefaultClientConnectionOperator -- Connecting to 13.60.22.209:7081
16:09:43.357 [main] DEBUG org.apache.http.client.protocol.RequestAddCookies -- CookieSpec selected: ignoreCookies
16:09:43.357 [main] DEBUG org.apache.http.client.protocol.RequestAuthCache -- Auth cache not set in the context
16:09:43.357 [main] DEBUG org.apache.http.client.protocol.RequestTargetAuthentication -- Target auth state: UNCHALLENGED
16:09:43.357 [main] DEBUG org.apache.http.client.protocol.RequestProxyAuthentication -- Proxy auth state: UNCHALLENGED
16:09:43.357 [main] DEBUG org.apache.http.impl.client.DefaultHttpClient -- Attempt 1 to execute request
16:09:43.357 [main] DEBUG org.apache.http.impl.conn.DefaultClientConnection -- Sending request: DELETE /api/books/999 HTTP/1.1
16:09:43.357 [main] DEBUG org.apache.http.wire --  >> "DELETE /api/books/999 HTTP/1.1[\r][\n]"
16:09:43.357 [main] DEBUG org.apache.http.wire --  >> "Accept: */*[\r][\n]"
16:09:43.357 [main] DEBUG org.apache.http.wire --  >> "Host: 13.60.22.209:7081[\r][\n]"
16:09:43.357 [main] DEBUG org.apache.http.wire --  >> "Connection: Keep-Alive[\r][\n]"
16:09:43.357 [main] DEBUG org.apache.http.wire --  >> "User-Agent: Apache-HttpClient/4.5.13 (Java/17.0.9)[\r][\n]"
16:09:43.357 [main] DEBUG org.apache.http.wire --  >> "Accept-Encoding: gzip,deflate[\r][\n]"
16:09:43.357 [main] DEBUG org.apache.http.wire --  >> "[\r][\n]"
16:09:43.357 [main] DEBUG org.apache.http.headers -- >> DELETE /api/books/999 HTTP/1.1
16:09:43.357 [main] DEBUG org.apache.http.headers -- >> Accept: */*
16:09:43.357 [main] DEBUG org.apache.http.headers -- >> Host: 13.60.22.209:7081
16:09:43.357 [main] DEBUG org.apache.http.headers -- >> Connection: Keep-Alive
16:09:43.357 [main] DEBUG org.apache.http.headers -- >> User-Agent: Apache-HttpClient/4.5.13 (Java/17.0.9)
16:09:43.357 [main] DEBUG org.apache.http.headers -- >> Accept-Encoding: gzip,deflate
16:09:43.521 [main] DEBUG org.apache.http.wire --  << "HTTP/1.1 401 [\r][\n]"
16:09:43.521 [main] DEBUG org.apache.http.wire --  << "Set-Cookie: JSESSIONID=096D0A87B093F028757A6D5FDFC33D91; Path=/; HttpOnly[\r][\n]"
16:09:43.521 [main] DEBUG org.apache.http.wire --  << "WWW-Authenticate: Basic realm="Realm"[\r][\n]"
16:09:43.521 [main] DEBUG org.apache.http.wire --  << "X-Content-Type-Options: nosniff[\r][\n]"
16:09:43.521 [main] DEBUG org.apache.http.wire --  << "X-XSS-Protection: 1; mode=block[\r][\n]"
16:09:43.521 [main] DEBUG org.apache.http.wire --  << "Cache-Control: no-cache, no-store, max-age=0, must-revalidate[\r][\n]"
16:09:43.521 [main] DEBUG org.apache.http.wire --  << "Pragma: no-cache[\r][\n]"
16:09:43.521 [main] DEBUG org.apache.http.wire --  << "Expires: 0[\r][\n]"
16:09:43.521 [main] DEBUG org.apache.http.wire --  << "X-Frame-Options: DENY[\r][\n]"
16:09:43.521 [main] DEBUG org.apache.http.wire --  << "Content-Length: 0[\r][\n]"
16:09:43.521 [main] DEBUG org.apache.http.wire --  << "Date: Thu, 02 Jan 2025 10:39:44 GMT[\r][\n]"
16:09:43.521 [main] DEBUG org.apache.http.wire --  << "Keep-Alive: timeout=60[\r][\n]"
16:09:43.521 [main] DEBUG org.apache.http.wire --  << "Connection: keep-alive[\r][\n]"
16:09:43.521 [main] DEBUG org.apache.http.wire --  << "[\r][\n]"
16:09:43.521 [main] DEBUG org.apache.http.impl.conn.DefaultClientConnection -- Receiving response: HTTP/1.1 401 
16:09:43.521 [main] DEBUG org.apache.http.headers -- << HTTP/1.1 401 
16:09:43.521 [main] DEBUG org.apache.http.headers -- << Set-Cookie: JSESSIONID=096D0A87B093F028757A6D5FDFC33D91; Path=/; HttpOnly
16:09:43.521 [main] DEBUG org.apache.http.headers -- << WWW-Authenticate: Basic realm="Realm"
16:09:43.521 [main] DEBUG org.apache.http.headers -- << X-Content-Type-Options: nosniff
16:09:43.521 [main] DEBUG org.apache.http.headers -- << X-XSS-Protection: 1; mode=block
16:09:43.521 [main] DEBUG org.apache.http.headers -- << Cache-Control: no-cache, no-store, max-age=0, must-revalidate
16:09:43.521 [main] DEBUG org.apache.http.headers -- << Pragma: no-cache
16:09:43.521 [main] DEBUG org.apache.http.headers -- << Expires: 0
16:09:43.521 [main] DEBUG org.apache.http.headers -- << X-Frame-Options: DENY
16:09:43.521 [main] DEBUG org.apache.http.headers -- << Content-Length: 0
16:09:43.521 [main] DEBUG org.apache.http.headers -- << Date: Thu, 02 Jan 2025 10:39:44 GMT
16:09:43.521 [main] DEBUG org.apache.http.headers -- << Keep-Alive: timeout=60
16:09:43.521 [main] DEBUG org.apache.http.headers -- << Connection: keep-alive
16:09:43.521 [main] DEBUG org.apache.http.impl.client.DefaultHttpClient -- Connection can be kept alive for 60000 MILLISECONDS
16:09:43.521 [main] DEBUG org.apache.http.impl.client.DefaultHttpClient -- Authentication required
16:09:43.521 [main] DEBUG org.apache.http.impl.client.DefaultHttpClient -- 13.60.22.209:7081 requested authentication
16:09:43.521 [main] DEBUG org.apache.http.impl.client.TargetAuthenticationStrategy -- Authentication schemes in the order of preference: [Negotiate, Kerberos, NTLM, CredSSP, Digest, Basic]
16:09:43.521 [main] DEBUG org.apache.http.impl.client.TargetAuthenticationStrategy -- Challenge for Negotiate authentication scheme not available
16:09:43.521 [main] DEBUG org.apache.http.impl.client.TargetAuthenticationStrategy -- Challenge for Kerberos authentication scheme not available
16:09:43.521 [main] DEBUG org.apache.http.impl.client.TargetAuthenticationStrategy -- Challenge for NTLM authentication scheme not available
16:09:43.521 [main] DEBUG org.apache.http.impl.client.TargetAuthenticationStrategy -- Challenge for CredSSP authentication scheme not available
16:09:43.521 [main] DEBUG org.apache.http.impl.client.TargetAuthenticationStrategy -- Challenge for Digest authentication scheme not available
16:09:43.521 [main] DEBUG org.apache.http.impl.client.DefaultHttpClient -- Selected authentication options: [BASIC [complete=true]]
16:09:43.521 [main] DEBUG org.apache.http.client.protocol.RequestAddCookies -- CookieSpec selected: ignoreCookies
16:09:43.521 [main] DEBUG org.apache.http.client.protocol.RequestAuthCache -- Auth cache not set in the context
16:09:43.521 [main] DEBUG org.apache.http.client.protocol.RequestTargetAuthentication -- Target auth state: CHALLENGED
16:09:43.521 [main] DEBUG org.apache.http.client.protocol.RequestTargetAuthentication -- Generating response to an authentication challenge using basic scheme
16:09:43.521 [main] DEBUG org.apache.http.client.protocol.RequestProxyAuthentication -- Proxy auth state: UNCHALLENGED
16:09:43.521 [main] DEBUG org.apache.http.impl.client.DefaultHttpClient -- Attempt 2 to execute request
16:09:43.521 [main] DEBUG org.apache.http.impl.conn.DefaultClientConnection -- Sending request: DELETE /api/books/999 HTTP/1.1
16:09:43.521 [main] DEBUG org.apache.http.wire --  >> "DELETE /api/books/999 HTTP/1.1[\r][\n]"
16:09:43.521 [main] DEBUG org.apache.http.wire --  >> "Accept: */*[\r][\n]"
16:09:43.521 [main] DEBUG org.apache.http.wire --  >> "Host: 13.60.22.209:7081[\r][\n]"
16:09:43.521 [main] DEBUG org.apache.http.wire --  >> "Connection: Keep-Alive[\r][\n]"
16:09:43.521 [main] DEBUG org.apache.http.wire --  >> "User-Agent: Apache-HttpClient/4.5.13 (Java/17.0.9)[\r][\n]"
16:09:43.521 [main] DEBUG org.apache.http.wire --  >> "Authorization: Basic YWRtaW46cGFzc3dvcmQ=[\r][\n]"
16:09:43.521 [main] DEBUG org.apache.http.wire --  >> "Accept-Encoding: gzip,deflate[\r][\n]"
16:09:43.521 [main] DEBUG org.apache.http.wire --  >> "[\r][\n]"
16:09:43.521 [main] DEBUG org.apache.http.headers -- >> DELETE /api/books/999 HTTP/1.1
16:09:43.521 [main] DEBUG org.apache.http.headers -- >> Accept: */*
16:09:43.521 [main] DEBUG org.apache.http.headers -- >> Host: 13.60.22.209:7081
16:09:43.521 [main] DEBUG org.apache.http.headers -- >> Connection: Keep-Alive
16:09:43.521 [main] DEBUG org.apache.http.headers -- >> User-Agent: Apache-HttpClient/4.5.13 (Java/17.0.9)
16:09:43.521 [main] DEBUG org.apache.http.headers -- >> Authorization: Basic YWRtaW46cGFzc3dvcmQ=
16:09:43.521 [main] DEBUG org.apache.http.headers -- >> Accept-Encoding: gzip,deflate
16:09:43.771 [main] DEBUG org.apache.http.wire --  << "HTTP/1.1 403 [\r][\n]"
16:09:43.771 [main] DEBUG org.apache.http.wire --  << "Set-Cookie: JSESSIONID=773A46A73B9176F039B72084D055B642; Path=/; HttpOnly[\r][\n]"
16:09:43.771 [main] DEBUG org.apache.http.wire --  << "X-Content-Type-Options: nosniff[\r][\n]"
16:09:43.771 [main] DEBUG org.apache.http.wire --  << "X-XSS-Protection: 1; mode=block[\r][\n]"
16:09:43.771 [main] DEBUG org.apache.http.wire --  << "Cache-Control: no-cache, no-store, max-age=0, must-revalidate[\r][\n]"
16:09:43.771 [main] DEBUG org.apache.http.wire --  << "Pragma: no-cache[\r][\n]"
16:09:43.771 [main] DEBUG org.apache.http.wire --  << "Expires: 0[\r][\n]"
16:09:43.771 [main] DEBUG org.apache.http.wire --  << "X-Frame-Options: DENY[\r][\n]"
16:09:43.771 [main] DEBUG org.apache.http.wire --  << "Content-Type: text/plain;charset=UTF-8[\r][\n]"
16:09:43.771 [main] DEBUG org.apache.http.wire --  << "Content-Length: 22[\r][\n]"
16:09:43.771 [main] DEBUG org.apache.http.wire --  << "Date: Thu, 02 Jan 2025 10:39:44 GMT[\r][\n]"
16:09:43.771 [main] DEBUG org.apache.http.wire --  << "Keep-Alive: timeout=60[\r][\n]"
16:09:43.771 [main] DEBUG org.apache.http.wire --  << "Connection: keep-alive[\r][\n]"
16:09:43.771 [main] DEBUG org.apache.http.wire --  << "[\r][\n]"
16:09:43.771 [main] DEBUG org.apache.http.impl.conn.DefaultClientConnection -- Receiving response: HTTP/1.1 403 
16:09:43.771 [main] DEBUG org.apache.http.headers -- << HTTP/1.1 403 
16:09:43.771 [main] DEBUG org.apache.http.headers -- << Set-Cookie: JSESSIONID=773A46A73B9176F039B72084D055B642; Path=/; HttpOnly
16:09:43.771 [main] DEBUG org.apache.http.headers -- << X-Content-Type-Options: nosniff
16:09:43.771 [main] DEBUG org.apache.http.headers -- << X-XSS-Protection: 1; mode=block
16:09:43.771 [main] DEBUG org.apache.http.headers -- << Cache-Control: no-cache, no-store, max-age=0, must-revalidate
16:09:43.771 [main] DEBUG org.apache.http.headers -- << Pragma: no-cache
16:09:43.771 [main] DEBUG org.apache.http.headers -- << Expires: 0
16:09:43.771 [main] DEBUG org.apache.http.headers -- << X-Frame-Options: DENY
16:09:43.771 [main] DEBUG org.apache.http.headers -- << Content-Type: text/plain;charset=UTF-8
16:09:43.771 [main] DEBUG org.apache.http.headers -- << Content-Length: 22
16:09:43.771 [main] DEBUG org.apache.http.headers -- << Date: Thu, 02 Jan 2025 10:39:44 GMT
16:09:43.771 [main] DEBUG org.apache.http.headers -- << Keep-Alive: timeout=60
16:09:43.771 [main] DEBUG org.apache.http.headers -- << Connection: keep-alive
16:09:43.773 [main] DEBUG org.apache.http.impl.client.DefaultHttpClient -- Connection can be kept alive for 60000 MILLISECONDS
16:09:43.773 [main] DEBUG org.apache.http.impl.client.DefaultHttpClient -- Authentication succeeded
16:09:43.773 [main] DEBUG org.apache.http.impl.client.TargetAuthenticationStrategy -- Caching 'basic' auth scheme for http://13.60.22.209:7081
16:09:43.773 [main] DEBUG io.restassured.internal.RestAssuredHttpBuilder -- Parsing response as: text/plain;charset=UTF-8
16:09:43.773 [main] DEBUG io.restassured.internal.RestAssuredHttpBuilder -- Parsed data to instance of: class org.apache.http.conn.EofSensorInputStream
Response Status Code: 403
16:09:43.773 [main] DEBUG org.apache.http.wire --  << "User is not permitted."
16:09:43.773 [main] DEBUG org.apache.http.impl.conn.BasicClientConnectionManager -- Releasing connection org.apache.http.impl.conn.ManagedClientConnectionImpl@198536f6
16:09:43.773 [main] DEBUG org.apache.http.impl.conn.BasicClientConnectionManager -- Connection can be kept alive for 60000 MILLISECONDS
User is not permitted.
]]></system-out>
  </testcase>
  <testcase name="testDeleteBookWithValidIdAsAdmin" classname="TestCases.DeleteBookAPITests" time="0.588">
    <failure message="Expected status code is 200 for valid book deletion expected [200] but found [403]" type="java.lang.AssertionError"><![CDATA[java.lang.AssertionError: Expected status code is 200 for valid book deletion expected [200] but found [403]
	at org.testng.Assert.fail(Assert.java:110)
	at org.testng.Assert.failNotEquals(Assert.java:1413)
	at org.testng.Assert.assertEqualsImpl(Assert.java:149)
	at org.testng.Assert.assertEquals(Assert.java:131)
	at org.testng.Assert.assertEquals(Assert.java:1240)
	at TestCases.DeleteBookAPITests.testDeleteBookWithValidIdAsAdmin(DeleteBookAPITests.java:37)
	at java.base/jdk.internal.reflect.NativeMethodAccessorImpl.invoke0(Native Method)
	at java.base/jdk.internal.reflect.NativeMethodAccessorImpl.invoke(NativeMethodAccessorImpl.java:77)
	at java.base/jdk.internal.reflect.DelegatingMethodAccessorImpl.invoke(DelegatingMethodAccessorImpl.java:43)
	at java.base/java.lang.reflect.Method.invoke(Method.java:568)
	at org.testng.internal.invokers.MethodInvocationHelper.invokeMethod(MethodInvocationHelper.java:139)
	at org.testng.internal.invokers.TestInvoker.invokeMethod(TestInvoker.java:677)
	at org.testng.internal.invokers.TestInvoker.invokeTestMethod(TestInvoker.java:221)
	at org.testng.internal.invokers.MethodRunner.runInSequence(MethodRunner.java:50)
	at org.testng.internal.invokers.TestInvoker$MethodInvocationAgent.invoke(TestInvoker.java:969)
	at org.testng.internal.invokers.TestInvoker.invokeTestMethods(TestInvoker.java:194)
	at org.testng.internal.invokers.TestMethodWorker.invokeTestMethods(TestMethodWorker.java:148)
	at org.testng.internal.invokers.TestMethodWorker.run(TestMethodWorker.java:128)
	at java.base/java.util.ArrayList.forEach(ArrayList.java:1511)
	at org.testng.TestRunner.privateRun(TestRunner.java:829)
	at org.testng.TestRunner.run(TestRunner.java:602)
	at org.testng.SuiteRunner.runTest(SuiteRunner.java:437)
	at org.testng.SuiteRunner.runSequentially(SuiteRunner.java:431)
	at org.testng.SuiteRunner.privateRun(SuiteRunner.java:391)
	at org.testng.SuiteRunner.run(SuiteRunner.java:330)
	at org.testng.SuiteRunnerWorker.runSuite(SuiteRunnerWorker.java:52)
	at org.testng.SuiteRunnerWorker.run(SuiteRunnerWorker.java:95)
	at org.testng.TestNG.runSuitesSequentially(TestNG.java:1256)
	at org.testng.TestNG.runSuitesLocally(TestNG.java:1176)
	at org.testng.TestNG.runSuites(TestNG.java:1099)
	at org.testng.TestNG.run(TestNG.java:1067)
	at org.apache.maven.surefire.testng.TestNGExecutor.run(TestNGExecutor.java:324)
	at org.apache.maven.surefire.testng.TestNGXmlTestSuite.execute(TestNGXmlTestSuite.java:74)
	at org.apache.maven.surefire.testng.TestNGProvider.invoke(TestNGProvider.java:123)
	at org.apache.maven.surefire.booter.ForkedBooter.runSuitesInProcess(ForkedBooter.java:456)
	at org.apache.maven.surefire.booter.ForkedBooter.execute(ForkedBooter.java:169)
	at org.apache.maven.surefire.booter.ForkedBooter.run(ForkedBooter.java:595)
	at org.apache.maven.surefire.booter.ForkedBooter.main(ForkedBooter.java:581)
]]></failure>
    <system-out><![CDATA[16:09:43.792 [main] DEBUG org.apache.http.impl.conn.BasicClientConnectionManager -- Get connection for route {}->http://13.60.22.209:7081
16:09:43.792 [main] DEBUG org.apache.http.impl.conn.DefaultClientConnectionOperator -- Connecting to 13.60.22.209:7081
16:09:43.950 [main] DEBUG org.apache.http.client.protocol.RequestAddCookies -- CookieSpec selected: ignoreCookies
16:09:43.950 [main] DEBUG org.apache.http.client.protocol.RequestAuthCache -- Auth cache not set in the context
16:09:43.950 [main] DEBUG org.apache.http.client.protocol.RequestTargetAuthentication -- Target auth state: UNCHALLENGED
16:09:43.950 [main] DEBUG org.apache.http.client.protocol.RequestProxyAuthentication -- Proxy auth state: UNCHALLENGED
16:09:43.950 [main] DEBUG org.apache.http.impl.client.DefaultHttpClient -- Attempt 1 to execute request
16:09:43.950 [main] DEBUG org.apache.http.impl.conn.DefaultClientConnection -- Sending request: DELETE /api/books/1 HTTP/1.1
16:09:43.950 [main] DEBUG org.apache.http.wire --  >> "DELETE /api/books/1 HTTP/1.1[\r][\n]"
16:09:43.950 [main] DEBUG org.apache.http.wire --  >> "Accept: */*[\r][\n]"
16:09:43.950 [main] DEBUG org.apache.http.wire --  >> "Host: 13.60.22.209:7081[\r][\n]"
16:09:43.950 [main] DEBUG org.apache.http.wire --  >> "Connection: Keep-Alive[\r][\n]"
16:09:43.950 [main] DEBUG org.apache.http.wire --  >> "User-Agent: Apache-HttpClient/4.5.13 (Java/17.0.9)[\r][\n]"
16:09:43.950 [main] DEBUG org.apache.http.wire --  >> "Accept-Encoding: gzip,deflate[\r][\n]"
16:09:43.950 [main] DEBUG org.apache.http.wire --  >> "[\r][\n]"
16:09:43.950 [main] DEBUG org.apache.http.headers -- >> DELETE /api/books/1 HTTP/1.1
16:09:43.950 [main] DEBUG org.apache.http.headers -- >> Accept: */*
16:09:43.950 [main] DEBUG org.apache.http.headers -- >> Host: 13.60.22.209:7081
16:09:43.950 [main] DEBUG org.apache.http.headers -- >> Connection: Keep-Alive
16:09:43.950 [main] DEBUG org.apache.http.headers -- >> User-Agent: Apache-HttpClient/4.5.13 (Java/17.0.9)
16:09:43.950 [main] DEBUG org.apache.http.headers -- >> Accept-Encoding: gzip,deflate
16:09:44.113 [main] DEBUG org.apache.http.wire --  << "HTTP/1.1 401 [\r][\n]"
16:09:44.113 [main] DEBUG org.apache.http.wire --  << "Set-Cookie: JSESSIONID=A87AC7CD44381C2FB1FF339E3219B759; Path=/; HttpOnly[\r][\n]"
16:09:44.113 [main] DEBUG org.apache.http.wire --  << "WWW-Authenticate: Basic realm="Realm"[\r][\n]"
16:09:44.113 [main] DEBUG org.apache.http.wire --  << "X-Content-Type-Options: nosniff[\r][\n]"
16:09:44.113 [main] DEBUG org.apache.http.wire --  << "X-XSS-Protection: 1; mode=block[\r][\n]"
16:09:44.113 [main] DEBUG org.apache.http.wire --  << "Cache-Control: no-cache, no-store, max-age=0, must-revalidate[\r][\n]"
16:09:44.113 [main] DEBUG org.apache.http.wire --  << "Pragma: no-cache[\r][\n]"
16:09:44.113 [main] DEBUG org.apache.http.wire --  << "Expires: 0[\r][\n]"
16:09:44.113 [main] DEBUG org.apache.http.wire --  << "X-Frame-Options: DENY[\r][\n]"
16:09:44.113 [main] DEBUG org.apache.http.wire --  << "Content-Length: 0[\r][\n]"
16:09:44.113 [main] DEBUG org.apache.http.wire --  << "Date: Thu, 02 Jan 2025 10:39:44 GMT[\r][\n]"
16:09:44.113 [main] DEBUG org.apache.http.wire --  << "Keep-Alive: timeout=60[\r][\n]"
16:09:44.113 [main] DEBUG org.apache.http.wire --  << "Connection: keep-alive[\r][\n]"
16:09:44.113 [main] DEBUG org.apache.http.wire --  << "[\r][\n]"
16:09:44.113 [main] DEBUG org.apache.http.impl.conn.DefaultClientConnection -- Receiving response: HTTP/1.1 401 
16:09:44.113 [main] DEBUG org.apache.http.headers -- << HTTP/1.1 401 
16:09:44.113 [main] DEBUG org.apache.http.headers -- << Set-Cookie: JSESSIONID=A87AC7CD44381C2FB1FF339E3219B759; Path=/; HttpOnly
16:09:44.113 [main] DEBUG org.apache.http.headers -- << WWW-Authenticate: Basic realm="Realm"
16:09:44.113 [main] DEBUG org.apache.http.headers -- << X-Content-Type-Options: nosniff
16:09:44.113 [main] DEBUG org.apache.http.headers -- << X-XSS-Protection: 1; mode=block
16:09:44.113 [main] DEBUG org.apache.http.headers -- << Cache-Control: no-cache, no-store, max-age=0, must-revalidate
16:09:44.113 [main] DEBUG org.apache.http.headers -- << Pragma: no-cache
16:09:44.113 [main] DEBUG org.apache.http.headers -- << Expires: 0
16:09:44.113 [main] DEBUG org.apache.http.headers -- << X-Frame-Options: DENY
16:09:44.113 [main] DEBUG org.apache.http.headers -- << Content-Length: 0
16:09:44.113 [main] DEBUG org.apache.http.headers -- << Date: Thu, 02 Jan 2025 10:39:44 GMT
16:09:44.113 [main] DEBUG org.apache.http.headers -- << Keep-Alive: timeout=60
16:09:44.113 [main] DEBUG org.apache.http.headers -- << Connection: keep-alive
16:09:44.113 [main] DEBUG org.apache.http.impl.client.DefaultHttpClient -- Connection can be kept alive for 60000 MILLISECONDS
16:09:44.113 [main] DEBUG org.apache.http.impl.client.DefaultHttpClient -- Authentication required
16:09:44.113 [main] DEBUG org.apache.http.impl.client.DefaultHttpClient -- 13.60.22.209:7081 requested authentication
16:09:44.113 [main] DEBUG org.apache.http.impl.client.TargetAuthenticationStrategy -- Authentication schemes in the order of preference: [Negotiate, Kerberos, NTLM, CredSSP, Digest, Basic]
16:09:44.113 [main] DEBUG org.apache.http.impl.client.TargetAuthenticationStrategy -- Challenge for Negotiate authentication scheme not available
16:09:44.113 [main] DEBUG org.apache.http.impl.client.TargetAuthenticationStrategy -- Challenge for Kerberos authentication scheme not available
16:09:44.113 [main] DEBUG org.apache.http.impl.client.TargetAuthenticationStrategy -- Challenge for NTLM authentication scheme not available
16:09:44.113 [main] DEBUG org.apache.http.impl.client.TargetAuthenticationStrategy -- Challenge for CredSSP authentication scheme not available
16:09:44.113 [main] DEBUG org.apache.http.impl.client.TargetAuthenticationStrategy -- Challenge for Digest authentication scheme not available
16:09:44.114 [main] DEBUG org.apache.http.impl.client.DefaultHttpClient -- Selected authentication options: [BASIC [complete=true]]
16:09:44.114 [main] DEBUG org.apache.http.client.protocol.RequestAddCookies -- CookieSpec selected: ignoreCookies
16:09:44.114 [main] DEBUG org.apache.http.client.protocol.RequestAuthCache -- Auth cache not set in the context
16:09:44.114 [main] DEBUG org.apache.http.client.protocol.RequestTargetAuthentication -- Target auth state: CHALLENGED
16:09:44.114 [main] DEBUG org.apache.http.client.protocol.RequestTargetAuthentication -- Generating response to an authentication challenge using basic scheme
16:09:44.114 [main] DEBUG org.apache.http.client.protocol.RequestProxyAuthentication -- Proxy auth state: UNCHALLENGED
16:09:44.114 [main] DEBUG org.apache.http.impl.client.DefaultHttpClient -- Attempt 2 to execute request
16:09:44.114 [main] DEBUG org.apache.http.impl.conn.DefaultClientConnection -- Sending request: DELETE /api/books/1 HTTP/1.1
16:09:44.114 [main] DEBUG org.apache.http.wire --  >> "DELETE /api/books/1 HTTP/1.1[\r][\n]"
16:09:44.114 [main] DEBUG org.apache.http.wire --  >> "Accept: */*[\r][\n]"
16:09:44.114 [main] DEBUG org.apache.http.wire --  >> "Host: 13.60.22.209:7081[\r][\n]"
16:09:44.114 [main] DEBUG org.apache.http.wire --  >> "Connection: Keep-Alive[\r][\n]"
16:09:44.114 [main] DEBUG org.apache.http.wire --  >> "User-Agent: Apache-HttpClient/4.5.13 (Java/17.0.9)[\r][\n]"
16:09:44.114 [main] DEBUG org.apache.http.wire --  >> "Authorization: Basic YWRtaW46cGFzc3dvcmQ=[\r][\n]"
16:09:44.114 [main] DEBUG org.apache.http.wire --  >> "Accept-Encoding: gzip,deflate[\r][\n]"
16:09:44.114 [main] DEBUG org.apache.http.wire --  >> "[\r][\n]"
16:09:44.114 [main] DEBUG org.apache.http.headers -- >> DELETE /api/books/1 HTTP/1.1
16:09:44.114 [main] DEBUG org.apache.http.headers -- >> Accept: */*
16:09:44.114 [main] DEBUG org.apache.http.headers -- >> Host: 13.60.22.209:7081
16:09:44.114 [main] DEBUG org.apache.http.headers -- >> Connection: Keep-Alive
16:09:44.114 [main] DEBUG org.apache.http.headers -- >> User-Agent: Apache-HttpClient/4.5.13 (Java/17.0.9)
16:09:44.114 [main] DEBUG org.apache.http.headers -- >> Authorization: Basic YWRtaW46cGFzc3dvcmQ=
16:09:44.114 [main] DEBUG org.apache.http.headers -- >> Accept-Encoding: gzip,deflate
16:09:44.367 [main] DEBUG org.apache.http.wire --  << "HTTP/1.1 403 [\r][\n]"
16:09:44.367 [main] DEBUG org.apache.http.wire --  << "Set-Cookie: JSESSIONID=64139B3FFE2FB5CFB595460D32D20A1B; Path=/; HttpOnly[\r][\n]"
16:09:44.367 [main] DEBUG org.apache.http.wire --  << "X-Content-Type-Options: nosniff[\r][\n]"
16:09:44.367 [main] DEBUG org.apache.http.wire --  << "X-XSS-Protection: 1; mode=block[\r][\n]"
16:09:44.367 [main] DEBUG org.apache.http.wire --  << "Cache-Control: no-cache, no-store, max-age=0, must-revalidate[\r][\n]"
16:09:44.367 [main] DEBUG org.apache.http.wire --  << "Pragma: no-cache[\r][\n]"
16:09:44.367 [main] DEBUG org.apache.http.wire --  << "Expires: 0[\r][\n]"
16:09:44.367 [main] DEBUG org.apache.http.wire --  << "X-Frame-Options: DENY[\r][\n]"
16:09:44.367 [main] DEBUG org.apache.http.wire --  << "Content-Type: text/plain;charset=UTF-8[\r][\n]"
16:09:44.367 [main] DEBUG org.apache.http.wire --  << "Content-Length: 22[\r][\n]"
16:09:44.367 [main] DEBUG org.apache.http.wire --  << "Date: Thu, 02 Jan 2025 10:39:44 GMT[\r][\n]"
16:09:44.367 [main] DEBUG org.apache.http.wire --  << "Keep-Alive: timeout=60[\r][\n]"
16:09:44.367 [main] DEBUG org.apache.http.wire --  << "Connection: keep-alive[\r][\n]"
16:09:44.367 [main] DEBUG org.apache.http.wire --  << "[\r][\n]"
16:09:44.367 [main] DEBUG org.apache.http.impl.conn.DefaultClientConnection -- Receiving response: HTTP/1.1 403 
16:09:44.367 [main] DEBUG org.apache.http.headers -- << HTTP/1.1 403 
16:09:44.367 [main] DEBUG org.apache.http.headers -- << Set-Cookie: JSESSIONID=64139B3FFE2FB5CFB595460D32D20A1B; Path=/; HttpOnly
16:09:44.367 [main] DEBUG org.apache.http.headers -- << X-Content-Type-Options: nosniff
16:09:44.367 [main] DEBUG org.apache.http.headers -- << X-XSS-Protection: 1; mode=block
16:09:44.367 [main] DEBUG org.apache.http.headers -- << Cache-Control: no-cache, no-store, max-age=0, must-revalidate
16:09:44.367 [main] DEBUG org.apache.http.headers -- << Pragma: no-cache
16:09:44.367 [main] DEBUG org.apache.http.headers -- << Expires: 0
16:09:44.367 [main] DEBUG org.apache.http.headers -- << X-Frame-Options: DENY
16:09:44.367 [main] DEBUG org.apache.http.headers -- << Content-Type: text/plain;charset=UTF-8
16:09:44.367 [main] DEBUG org.apache.http.headers -- << Content-Length: 22
16:09:44.367 [main] DEBUG org.apache.http.headers -- << Date: Thu, 02 Jan 2025 10:39:44 GMT
16:09:44.367 [main] DEBUG org.apache.http.headers -- << Keep-Alive: timeout=60
16:09:44.367 [main] DEBUG org.apache.http.headers -- << Connection: keep-alive
16:09:44.367 [main] DEBUG org.apache.http.impl.client.DefaultHttpClient -- Connection can be kept alive for 60000 MILLISECONDS
16:09:44.367 [main] DEBUG org.apache.http.impl.client.DefaultHttpClient -- Authentication succeeded
16:09:44.367 [main] DEBUG org.apache.http.impl.client.TargetAuthenticationStrategy -- Caching 'basic' auth scheme for http://13.60.22.209:7081
16:09:44.367 [main] DEBUG io.restassured.internal.RestAssuredHttpBuilder -- Parsing response as: text/plain;charset=UTF-8
16:09:44.367 [main] DEBUG io.restassured.internal.RestAssuredHttpBuilder -- Parsed data to instance of: class org.apache.http.conn.EofSensorInputStream
Response Status Code: 403
16:09:44.368 [main] DEBUG org.apache.http.wire --  << "User is not permitted."
16:09:44.368 [main] DEBUG org.apache.http.impl.conn.BasicClientConnectionManager -- Releasing connection org.apache.http.impl.conn.ManagedClientConnectionImpl@7bee8621
16:09:44.368 [main] DEBUG org.apache.http.impl.conn.BasicClientConnectionManager -- Connection can be kept alive for 60000 MILLISECONDS
User is not permitted.
]]></system-out>
  </testcase>
  <testcase name="testAccessibilityOfLinks" classname="UITestCases.BuggyCarsUITests" time="0.119">
    <system-out><![CDATA[16:09:44.419 [main] DEBUG io.github.bonigarcia.wdm.WebDriverManager -- Using WebDriverManager 5.5.3
16:09:44.544 [main] DEBUG io.github.bonigarcia.wdm.cache.ResolutionCache -- Removing resolution chrome=131 from cache (expired on Thu Jan 02 15:21:23 IST 2025)
16:09:44.558 [main] DEBUG org.apache.hc.client5.http.impl.classic.InternalHttpClient -- ex-0000000001 preparing request execution
16:09:44.565 [main] DEBUG org.apache.hc.client5.http.impl.classic.ProtocolExec -- ex-0000000001 target auth state: UNCHALLENGED
16:09:44.567 [main] DEBUG org.apache.hc.client5.http.impl.classic.ProtocolExec -- ex-0000000001 proxy auth state: UNCHALLENGED
16:09:44.567 [main] DEBUG org.apache.hc.client5.http.impl.classic.ConnectExec -- ex-0000000001 acquiring connection with route {s}->https://raw.githubusercontent.com:443
16:09:44.567 [main] DEBUG org.apache.hc.client5.http.impl.classic.InternalHttpClient -- ex-0000000001 acquiring endpoint (3 MINUTES)
16:09:44.567 [main] DEBUG org.apache.hc.client5.http.impl.io.PoolingHttpClientConnectionManager -- ex-0000000001 endpoint lease request (3 MINUTES) [route: {s}->https://raw.githubusercontent.com:443][total available: 0; route allocated: 0 of 5; total allocated: 0 of 25]
16:09:44.570 [main] DEBUG org.apache.hc.client5.http.impl.io.PoolingHttpClientConnectionManager -- ex-0000000001 endpoint leased [route: {s}->https://raw.githubusercontent.com:443][total available: 0; route allocated: 1 of 5; total allocated: 1 of 25]
16:09:44.575 [main] DEBUG org.apache.hc.client5.http.impl.io.PoolingHttpClientConnectionManager -- ex-0000000001 acquired ep-0000000001
16:09:44.575 [main] DEBUG org.apache.hc.client5.http.impl.classic.InternalHttpClient -- ex-0000000001 acquired endpoint ep-0000000001
16:09:44.575 [main] DEBUG org.apache.hc.client5.http.impl.classic.ConnectExec -- ex-0000000001 opening connection {s}->https://raw.githubusercontent.com:443
16:09:44.575 [main] DEBUG org.apache.hc.client5.http.impl.classic.InternalHttpClient -- ep-0000000001 connecting endpoint (null)
16:09:44.576 [main] DEBUG org.apache.hc.client5.http.impl.io.PoolingHttpClientConnectionManager -- ep-0000000001 connecting endpoint to https://raw.githubusercontent.com:443 (30 SECONDS)
16:09:44.576 [main] DEBUG org.apache.hc.client5.http.impl.io.DefaultHttpClientConnectionOperator -- raw.githubusercontent.com resolving remote address
16:09:44.581 [main] DEBUG org.apache.hc.client5.http.impl.io.DefaultHttpClientConnectionOperator -- raw.githubusercontent.com resolved to [raw.githubusercontent.com/185.199.109.133, raw.githubusercontent.com/185.199.110.133, raw.githubusercontent.com/185.199.108.133, raw.githubusercontent.com/185.199.111.133, raw.githubusercontent.com/2606:50c0:8000:0:0:0:0:154, raw.githubusercontent.com/2606:50c0:8001:0:0:0:0:154, raw.githubusercontent.com/2606:50c0:8002:0:0:0:0:154, raw.githubusercontent.com/2606:50c0:8003:0:0:0:0:154]
16:09:44.581 [main] DEBUG org.apache.hc.client5.http.impl.io.DefaultHttpClientConnectionOperator -- raw.githubusercontent.com:443 connecting null->raw.githubusercontent.com/185.199.109.133:443 (30 SECONDS)
16:09:44.581 [main] DEBUG org.apache.hc.client5.http.ssl.SSLConnectionSocketFactory -- Connecting socket to raw.githubusercontent.com/185.199.109.133:443 with timeout 30 SECONDS
16:09:44.650 [Finalizer] DEBUG org.apache.http.impl.conn.DefaultClientConnection -- Connection 0.0.0.0:49200<->13.60.22.209:7081 closed
16:09:44.650 [Finalizer] DEBUG org.apache.http.impl.conn.DefaultClientConnection -- Connection 0.0.0.0:49201<->13.60.22.209:7081 closed
16:09:44.650 [Finalizer] DEBUG org.apache.http.impl.conn.DefaultClientConnection -- Connection 0.0.0.0:49202<->13.60.22.209:7081 closed
16:09:44.651 [Finalizer] DEBUG org.apache.http.impl.conn.DefaultClientConnection -- Connection 0.0.0.0:49203<->13.60.22.209:7081 closed
16:09:44.651 [Finalizer] DEBUG org.apache.http.impl.conn.DefaultClientConnection -- Connection 0.0.0.0:49204<->13.60.22.209:7081 closed
16:09:44.651 [Finalizer] DEBUG org.apache.http.impl.conn.DefaultClientConnection -- Connection 0.0.0.0:49192<->13.60.22.209:7081 closed
16:09:44.651 [Finalizer] DEBUG org.apache.http.impl.conn.DefaultClientConnection -- Connection 0.0.0.0:49193<->13.60.22.209:7081 closed
16:09:44.651 [Finalizer] DEBUG org.apache.http.impl.conn.DefaultClientConnection -- Connection 0.0.0.0:49194<->13.60.22.209:7081 closed
16:09:44.651 [Finalizer] DEBUG org.apache.http.impl.conn.DefaultClientConnection -- Connection 0.0.0.0:49191<->13.60.22.209:7081 closed
16:09:44.664 [main] DEBUG org.apache.hc.client5.http.ssl.SSLConnectionSocketFactory -- Enabled protocols: [TLSv1.3, TLSv1.2]
16:09:44.664 [main] DEBUG org.apache.hc.client5.http.ssl.SSLConnectionSocketFactory -- Enabled cipher suites: [TLS_AES_256_GCM_SHA384, TLS_AES_128_GCM_SHA256, TLS_CHACHA20_POLY1305_SHA256, TLS_ECDHE_ECDSA_WITH_AES_256_GCM_SHA384, TLS_ECDHE_ECDSA_WITH_AES_128_GCM_SHA256, TLS_ECDHE_ECDSA_WITH_CHACHA20_POLY1305_SHA256, TLS_ECDHE_RSA_WITH_AES_256_GCM_SHA384, TLS_ECDHE_RSA_WITH_CHACHA20_POLY1305_SHA256, TLS_ECDHE_RSA_WITH_AES_128_GCM_SHA256, TLS_DHE_RSA_WITH_AES_256_GCM_SHA384, TLS_DHE_RSA_WITH_CHACHA20_POLY1305_SHA256, TLS_DHE_DSS_WITH_AES_256_GCM_SHA384, TLS_DHE_RSA_WITH_AES_128_GCM_SHA256, TLS_DHE_DSS_WITH_AES_128_GCM_SHA256, TLS_ECDHE_ECDSA_WITH_AES_256_CBC_SHA384, TLS_ECDHE_RSA_WITH_AES_256_CBC_SHA384, TLS_ECDHE_ECDSA_WITH_AES_128_CBC_SHA256, TLS_ECDHE_RSA_WITH_AES_128_CBC_SHA256, TLS_DHE_RSA_WITH_AES_256_CBC_SHA256, TLS_DHE_DSS_WITH_AES_256_CBC_SHA256, TLS_DHE_RSA_WITH_AES_128_CBC_SHA256, TLS_DHE_DSS_WITH_AES_128_CBC_SHA256, TLS_ECDH_ECDSA_WITH_AES_256_GCM_SHA384, TLS_ECDH_RSA_WITH_AES_256_GCM_SHA384, TLS_ECDH_ECDSA_WITH_AES_128_GCM_SHA256, TLS_ECDH_RSA_WITH_AES_128_GCM_SHA256, TLS_ECDH_ECDSA_WITH_AES_256_CBC_SHA384, TLS_ECDH_RSA_WITH_AES_256_CBC_SHA384, TLS_ECDH_ECDSA_WITH_AES_128_CBC_SHA256, TLS_ECDH_RSA_WITH_AES_128_CBC_SHA256, TLS_ECDHE_ECDSA_WITH_AES_256_CBC_SHA, TLS_ECDHE_RSA_WITH_AES_256_CBC_SHA, TLS_ECDHE_ECDSA_WITH_AES_128_CBC_SHA, TLS_ECDHE_RSA_WITH_AES_128_CBC_SHA, TLS_DHE_RSA_WITH_AES_256_CBC_SHA, TLS_DHE_DSS_WITH_AES_256_CBC_SHA, TLS_DHE_RSA_WITH_AES_128_CBC_SHA, TLS_DHE_DSS_WITH_AES_128_CBC_SHA, TLS_ECDH_ECDSA_WITH_AES_256_CBC_SHA, TLS_ECDH_RSA_WITH_AES_256_CBC_SHA, TLS_ECDH_ECDSA_WITH_AES_128_CBC_SHA, TLS_ECDH_RSA_WITH_AES_128_CBC_SHA, TLS_RSA_WITH_AES_256_GCM_SHA384, TLS_RSA_WITH_AES_128_GCM_SHA256, TLS_RSA_WITH_AES_256_CBC_SHA256, TLS_RSA_WITH_AES_128_CBC_SHA256, TLS_RSA_WITH_AES_256_CBC_SHA, TLS_RSA_WITH_AES_128_CBC_SHA, TLS_EMPTY_RENEGOTIATION_INFO_SCSV]
16:09:44.664 [main] DEBUG org.apache.hc.client5.http.ssl.SSLConnectionSocketFactory -- Starting handshake (null)
16:09:44.673 [Finalizer] DEBUG org.apache.http.impl.conn.DefaultClientConnection -- Connection 0.0.0.0:49180<->13.60.22.209:7081 closed
16:09:44.767 [main] DEBUG org.apache.hc.client5.http.ssl.SSLConnectionSocketFactory -- Secure session established
16:09:44.767 [main] DEBUG org.apache.hc.client5.http.ssl.SSLConnectionSocketFactory --  negotiated protocol: TLSv1.3
16:09:44.767 [main] DEBUG org.apache.hc.client5.http.ssl.SSLConnectionSocketFactory --  negotiated cipher suite: TLS_AES_128_GCM_SHA256
16:09:44.767 [main] DEBUG org.apache.hc.client5.http.ssl.SSLConnectionSocketFactory --  peer principal: CN=*.github.io, O="GitHub, Inc.", L=San Francisco, ST=California, C=US
16:09:44.768 [main] DEBUG org.apache.hc.client5.http.ssl.SSLConnectionSocketFactory --  peer alternative names: [*.github.io, github.io, githubusercontent.com, www.github.com, *.github.com, *.githubusercontent.com, github.com]
16:09:44.768 [main] DEBUG org.apache.hc.client5.http.ssl.SSLConnectionSocketFactory --  issuer principal: CN=DigiCert Global G2 TLS RSA SHA256 2020 CA1, O=DigiCert Inc, C=US
16:09:44.768 [main] DEBUG org.apache.hc.client5.http.impl.io.DefaultManagedHttpClientConnection -- http-outgoing-0 set socket timeout to 3 MINUTES
16:09:44.768 [main] DEBUG org.apache.hc.client5.http.impl.io.DefaultHttpClientConnectionOperator -- raw.githubusercontent.com:443 connected null->raw.githubusercontent.com/185.199.109.133:443 as http-outgoing-0
16:09:44.768 [main] DEBUG org.apache.hc.client5.http.impl.io.PoolingHttpClientConnectionManager -- ep-0000000001 connected http-outgoing-0
16:09:44.768 [main] DEBUG org.apache.hc.client5.http.impl.classic.InternalHttpClient -- ep-0000000001 endpoint connected
16:09:44.769 [main] DEBUG org.apache.hc.client5.http.impl.classic.MainClientExec -- ex-0000000001 executing GET /bonigarcia/webdrivermanager/master/src/main/resources/commands.properties HTTP/1.1
16:09:44.769 [main] DEBUG org.apache.hc.client5.http.protocol.RequestAddCookies -- ex-0000000001 Cookie spec selected: strict
16:09:44.774 [main] DEBUG org.apache.hc.client5.http.impl.classic.InternalHttpClient -- ep-0000000001 start execution ex-0000000001
16:09:44.774 [main] DEBUG org.apache.hc.client5.http.impl.io.PoolingHttpClientConnectionManager -- ep-0000000001 executing exchange ex-0000000001 over http-outgoing-0
16:09:44.774 [main] DEBUG org.apache.hc.client5.http.headers -- http-outgoing-0 >> GET /bonigarcia/webdrivermanager/master/src/main/resources/commands.properties HTTP/1.1
16:09:44.774 [main] DEBUG org.apache.hc.client5.http.headers -- http-outgoing-0 >> user-agent: Apache-HttpClient/5.0
16:09:44.774 [main] DEBUG org.apache.hc.client5.http.headers -- http-outgoing-0 >> accept-encoding: gzip, deflate, br
16:09:44.774 [main] DEBUG org.apache.hc.client5.http.headers -- http-outgoing-0 >> cache-control: max-age=0
16:09:44.774 [main] DEBUG org.apache.hc.client5.http.headers -- http-outgoing-0 >> connection: keep-alive
16:09:44.774 [main] DEBUG org.apache.hc.client5.http.headers -- http-outgoing-0 >> Host: raw.githubusercontent.com
16:09:44.774 [main] DEBUG org.apache.hc.client5.http.wire -- http-outgoing-0 >> "GET /bonigarcia/webdrivermanager/master/src/main/resources/commands.properties HTTP/1.1[\r][\n]"
16:09:44.774 [main] DEBUG org.apache.hc.client5.http.wire -- http-outgoing-0 >> "user-agent: Apache-HttpClient/5.0[\r][\n]"
16:09:44.774 [main] DEBUG org.apache.hc.client5.http.wire -- http-outgoing-0 >> "accept-encoding: gzip, deflate, br[\r][\n]"
16:09:44.774 [main] DEBUG org.apache.hc.client5.http.wire -- http-outgoing-0 >> "cache-control: max-age=0[\r][\n]"
16:09:44.774 [main] DEBUG org.apache.hc.client5.http.wire -- http-outgoing-0 >> "connection: keep-alive[\r][\n]"
16:09:44.774 [main] DEBUG org.apache.hc.client5.http.wire -- http-outgoing-0 >> "Host: raw.githubusercontent.com[\r][\n]"
16:09:44.774 [main] DEBUG org.apache.hc.client5.http.wire -- http-outgoing-0 >> "[\r][\n]"
16:09:44.813 [main] DEBUG org.apache.hc.client5.http.wire -- http-outgoing-0 << "HTTP/1.1 200 OK[\r][\n]"
16:09:44.813 [main] DEBUG org.apache.hc.client5.http.wire -- http-outgoing-0 << "Connection: keep-alive[\r][\n]"
16:09:44.813 [main] DEBUG org.apache.hc.client5.http.wire -- http-outgoing-0 << "Content-Length: 745[\r][\n]"
16:09:44.813 [main] DEBUG org.apache.hc.client5.http.wire -- http-outgoing-0 << "Cache-Control: max-age=300[\r][\n]"
16:09:44.813 [main] DEBUG org.apache.hc.client5.http.wire -- http-outgoing-0 << "Content-Security-Policy: default-src 'none'; style-src 'unsafe-inline'; sandbox[\r][\n]"
16:09:44.813 [main] DEBUG org.apache.hc.client5.http.wire -- http-outgoing-0 << "Content-Type: text/plain; charset=utf-8[\r][\n]"
16:09:44.813 [main] DEBUG org.apache.hc.client5.http.wire -- http-outgoing-0 << "ETag: W/"dd41edff335272162022217759820159dac501cff56850e2510f504462cd9b5f"[\r][\n]"
16:09:44.813 [main] DEBUG org.apache.hc.client5.http.wire -- http-outgoing-0 << "Strict-Transport-Security: max-age=31536000[\r][\n]"
16:09:44.813 [main] DEBUG org.apache.hc.client5.http.wire -- http-outgoing-0 << "X-Content-Type-Options: nosniff[\r][\n]"
16:09:44.813 [main] DEBUG org.apache.hc.client5.http.wire -- http-outgoing-0 << "X-Frame-Options: deny[\r][\n]"
16:09:44.813 [main] DEBUG org.apache.hc.client5.http.wire -- http-outgoing-0 << "X-XSS-Protection: 1; mode=block[\r][\n]"
16:09:44.813 [main] DEBUG org.apache.hc.client5.http.wire -- http-outgoing-0 << "X-GitHub-Request-Id: 8C8B:1F21AF:3977F1C:3BE2482:676B39C9[\r][\n]"
16:09:44.813 [main] DEBUG org.apache.hc.client5.http.wire -- http-outgoing-0 << "Content-Encoding: gzip[\r][\n]"
16:09:44.813 [main] DEBUG org.apache.hc.client5.http.wire -- http-outgoing-0 << "Accept-Ranges: bytes[\r][\n]"
16:09:44.813 [main] DEBUG org.apache.hc.client5.http.wire -- http-outgoing-0 << "Date: Thu, 02 Jan 2025 10:39:45 GMT[\r][\n]"
16:09:44.813 [main] DEBUG org.apache.hc.client5.http.wire -- http-outgoing-0 << "Via: 1.1 varnish[\r][\n]"
16:09:44.813 [main] DEBUG org.apache.hc.client5.http.wire -- http-outgoing-0 << "X-Served-By: cache-sin-wsss1830027-SIN[\r][\n]"
16:09:44.813 [main] DEBUG org.apache.hc.client5.http.wire -- http-outgoing-0 << "X-Cache: HIT[\r][\n]"
16:09:44.813 [main] DEBUG org.apache.hc.client5.http.wire -- http-outgoing-0 << "X-Cache-Hits: 1[\r][\n]"
16:09:44.813 [main] DEBUG org.apache.hc.client5.http.wire -- http-outgoing-0 << "X-Timer: S1735814385.496766,VS0,VE1[\r][\n]"
16:09:44.813 [main] DEBUG org.apache.hc.client5.http.wire -- http-outgoing-0 << "Vary: Authorization,Accept-Encoding,Origin[\r][\n]"
16:09:44.813 [main] DEBUG org.apache.hc.client5.http.wire -- http-outgoing-0 << "Access-Control-Allow-Origin: *[\r][\n]"
16:09:44.813 [main] DEBUG org.apache.hc.client5.http.wire -- http-outgoing-0 << "Cross-Origin-Resource-Policy: cross-origin[\r][\n]"
16:09:44.813 [main] DEBUG org.apache.hc.client5.http.wire -- http-outgoing-0 << "X-Fastly-Request-ID: e6bca783918305a49d3a1b7022b8d73541d918e2[\r][\n]"
16:09:44.813 [main] DEBUG org.apache.hc.client5.http.wire -- http-outgoing-0 << "Expires: Thu, 02 Jan 2025 10:44:45 GMT[\r][\n]"
16:09:44.813 [main] DEBUG org.apache.hc.client5.http.wire -- http-outgoing-0 << "Source-Age: 265[\r][\n]"
16:09:44.813 [main] DEBUG org.apache.hc.client5.http.wire -- http-outgoing-0 << "[\r][\n]"
16:09:44.815 [main] DEBUG org.apache.hc.client5.http.headers -- http-outgoing-0 << HTTP/1.1 200 OK
16:09:44.815 [main] DEBUG org.apache.hc.client5.http.headers -- http-outgoing-0 << Connection: keep-alive
16:09:44.815 [main] DEBUG org.apache.hc.client5.http.headers -- http-outgoing-0 << Content-Length: 745
16:09:44.815 [main] DEBUG org.apache.hc.client5.http.headers -- http-outgoing-0 << Cache-Control: max-age=300
16:09:44.815 [main] DEBUG org.apache.hc.client5.http.headers -- http-outgoing-0 << Content-Security-Policy: default-src 'none'; style-src 'unsafe-inline'; sandbox
16:09:44.815 [main] DEBUG org.apache.hc.client5.http.headers -- http-outgoing-0 << Content-Type: text/plain; charset=utf-8
16:09:44.815 [main] DEBUG org.apache.hc.client5.http.headers -- http-outgoing-0 << ETag: W/"dd41edff335272162022217759820159dac501cff56850e2510f504462cd9b5f"
16:09:44.815 [main] DEBUG org.apache.hc.client5.http.headers -- http-outgoing-0 << Strict-Transport-Security: max-age=31536000
16:09:44.815 [main] DEBUG org.apache.hc.client5.http.headers -- http-outgoing-0 << X-Content-Type-Options: nosniff
16:09:44.815 [main] DEBUG org.apache.hc.client5.http.headers -- http-outgoing-0 << X-Frame-Options: deny
16:09:44.815 [main] DEBUG org.apache.hc.client5.http.headers -- http-outgoing-0 << X-XSS-Protection: 1; mode=block
16:09:44.815 [main] DEBUG org.apache.hc.client5.http.headers -- http-outgoing-0 << X-GitHub-Request-Id: 8C8B:1F21AF:3977F1C:3BE2482:676B39C9
16:09:44.816 [main] DEBUG org.apache.hc.client5.http.headers -- http-outgoing-0 << Content-Encoding: gzip
16:09:44.816 [main] DEBUG org.apache.hc.client5.http.headers -- http-outgoing-0 << Accept-Ranges: bytes
16:09:44.816 [main] DEBUG org.apache.hc.client5.http.headers -- http-outgoing-0 << Date: Thu, 02 Jan 2025 10:39:45 GMT
16:09:44.816 [main] DEBUG org.apache.hc.client5.http.headers -- http-outgoing-0 << Via: 1.1 varnish
16:09:44.816 [main] DEBUG org.apache.hc.client5.http.headers -- http-outgoing-0 << X-Served-By: cache-sin-wsss1830027-SIN
16:09:44.816 [main] DEBUG org.apache.hc.client5.http.headers -- http-outgoing-0 << X-Cache: HIT
16:09:44.816 [main] DEBUG org.apache.hc.client5.http.headers -- http-outgoing-0 << X-Cache-Hits: 1
16:09:44.816 [main] DEBUG org.apache.hc.client5.http.headers -- http-outgoing-0 << X-Timer: S1735814385.496766,VS0,VE1
16:09:44.816 [main] DEBUG org.apache.hc.client5.http.headers -- http-outgoing-0 << Vary: Authorization,Accept-Encoding,Origin
16:09:44.816 [main] DEBUG org.apache.hc.client5.http.headers -- http-outgoing-0 << Access-Control-Allow-Origin: *
16:09:44.816 [main] DEBUG org.apache.hc.client5.http.headers -- http-outgoing-0 << Cross-Origin-Resource-Policy: cross-origin
16:09:44.816 [main] DEBUG org.apache.hc.client5.http.headers -- http-outgoing-0 << X-Fastly-Request-ID: e6bca783918305a49d3a1b7022b8d73541d918e2
16:09:44.816 [main] DEBUG org.apache.hc.client5.http.headers -- http-outgoing-0 << Expires: Thu, 02 Jan 2025 10:44:45 GMT
16:09:44.816 [main] DEBUG org.apache.hc.client5.http.headers -- http-outgoing-0 << Source-Age: 265
16:09:44.818 [main] DEBUG org.apache.hc.client5.http.impl.classic.MainClientExec -- ex-0000000001 connection can be kept alive for 3 MINUTES
16:09:44.824 [main] DEBUG org.apache.hc.client5.http.wire -- http-outgoing-0 << "[0x1f][0xffffff8b][0x8][0x0][0x0][0x0][0x0][0x0][0x0][0x3][0xffffffb5]W]o[0xffffffda]0[0x14]}[0xffffffe7]W\QUj% [0x1b][0xffffffad][0xffffffa6]i[0x12][0xf]4c[0xffffffdd]4*[0x18][0xffffffb4][0xffffffdd]&[0xfffffff9][0xffffffc5]$N[0xffffffb0][0xffffff94][0xffffffd8][0xffffffc8]NJ[0xffffffb7]_?[0xffffffdb][0xfffffff9]X[0xffffff92]:[0xffffffa3]k[0xffffffe8][0x1b][0xffffffb6][0xffffffef]=[0xffffffe7][0xffffffd8][0xfffffff7][0xffffffe4][0xffffffda][0xffffff9c][0xffffff80][0xffffffcb][0xffffffe3][0x18]3_[0xffffff82][0xffffff8f][0x13][0xffffffbc][0xffffffc1][0xffffff92][0xfffffff4]N[0xffffffe0]vK%[0x4]4"[0xffffffe0]q[0xffffff96]`[0xffffffca]$$[=[0xffffffc8]C[0x13][0xe][0x1b][0x2][0xffffffe4][0xffffff91]xiB|[0xffffffa0][0xffffffcc],[0xffffffcb]-[0xffffff89]"=[0xffffffe0][0xffffffc2]'B[0x7][0xfffffff9]$!^b[0x16][0x1f][0xffffff88][0xffffff90][0xffffff94][0xffffffab][0xffffffb5][0x0][0xffffff88][0xfffffffa][0x1d][\n]"
16:09:44.824 [main] DEBUG org.apache.hc.client5.http.wire -- http-outgoing-0 << "B[0x18]l[0x4][0xffffffdf]K[0xffffffb5][0xffffffa0]([0xffffffcf][0xffffffdc][0xffffffad][0xffffffe0]1[0x19][0xffffffc0]'*H[0xffffffc0][0x1f][0x7][0xffffffb0][0xffffffd8][0x11][0xffffff81][0x7]0[0xfffffff3]C5kVi[0x1a][0xffffff9f]k|[0xffffff9f][0x6][0x1][0x11][0xffffff84]%[0xffffffc0]uLBY[0x8][0xfffffff2][0xffffff97]LH,[0xffffffe1][0xffffffec];e[0xffffffbe]B[0x1d][0xffffffc0][0xffffff9c][0xffffffb2]T[0xffffffc1][0xffffffdc]`[0xf][0x16][0xffffffeb][0xfffffff3][0xffffff9e][0xffffffe2][0xffffffc8](z[0xfffffff9]6F[0xffffff9e][0x19][0xffffff8e][0xfffffff6]Y[0xffffffc2][0xffffffe8][0xffffffcd][0xffffffdb][0xffffff89][0x17][0xfffffffb]#[0xffffffb5]+p\[0xffffffd8][0xffffffc7][0xffffffd4]3Gb[0xffffff8e]a[0xffffffbf]U|[0xffffffc0]pL&[0xfffffffd][0xffffffd3][0xffffffe5]jq[0xffffffbd][0xffffff9a][0xffffffde]|[0xfffffffa]2[0xffffff9f][0xffffffad]?[0xffffffa0][0x9]B[0xffffffa7][0x8]]s[0x1e]F[0x4][0xffffffa1][0xffffff8c][0x2][0xffffffa1][0xffffffe9]n[0x17]QOI[0xffffffe3][0xc][0xffffffa1][0xffffff9c]H![0xfffffff7]!$[0x9][0xffffffdc][0xffffffe7]g[0xffffffe1]<[0xffffffe0](m[0xffffffd7]3~[0xffffff81][0xffffff9e][0xffffffb3][0x1f][0xffffffef][0xffffffdf][0xffffff9d][0xffffffbf][0xffffffa6][0xffffffa8][0xffffff8b]g[0xffffff8a][0xffffff9a]/[0xffffffdc][0xffffffe9]|[0xffffffba]\~[0xffffff9c][0xffffffde]N_S[0xffffffcf][0xffffffe5]d5[0xffffffbb][0xffffff86]ow[0xffffffb3][0xffffffd5]O[0xfffffff8][0xfffffffc][0xffffffd5][0xffffffbd]Ck[0x1e]${,H[0xffffffc1][0xffffff96][0xffffff93]][0xffffffcd][0xffffffaf][0x8][0xfffffff6][0xc]^[0xffffffe1][0xffffffc5]^[0x13]4[0xffffffd2][0xffffff8e][0xffffffd1]>pR)[0xffffff9c][\r]eNh0[0xffffff86][0xffffffd9]:[0xc][0xffffff87]E[0xffffffa6]=q<i[0xffffff8b]o&[0xffffffc4][0xffffffd8]3<[0xffffff95][0x13][0xffffff90]N&8w[0xffffffe9][0x8][0xffffffef]v[0xffffff8e][0xffffffab][0xffffffbe]>es[0xffffffe9]([0x13]/[0xffffffd6][0xfffffff5][0xffffff80]*[0xffffffba][0xfffffff2]v[0xfffffffe][0xffffffd9][0xffffff94]DA6>[0xffffff8e][0xffffffbb]o[0xfffffff8]o[0x1a]E[0xffffffb8] A[0xffffffa8]@?T[0xffffffad]'*:{[0xfffffffa]xR.*[0xffffffce][0xffffffe9][0xffffffd7][0xffffffad][0xffffff93][0xffffff93]4[0xffffffc9][0xfffffffa][0xffffffda]<n*t[0xffffffeb][0xffffffb9]oV[0xffffffb6][0xffffffc0]/M[0xffffff94]O[0xffffffc0][0xfffffff0][0xffffffe1]i[0xffffff90][0xffffffb5][0xfffffffe]9[0xffffff8b][0xffffffad][0xfffffff2]U,Ul[0xffffffdd][0x13]KL[0xffffffa2][0x6][0xffffffdd][0xffffffca]\?`[0xffffffea][0x9].[0xffffffd5]I [0xffffffa4]i[0x1a]_i,[\r][0xffffffdd][0xffffffa1][0xffffffc3][0xffffffae]kzI[0xffffffd1]_Q[0xffffffce]Ek[0xffffffcb][0xfffffff8]Kf[0xffffffb8][0xfffffffe][0xffffffd9]3[0xc][0xffffffe6][0xffffffd3][0xffffff8e][0x11][0x17][0x10]C[0x1d]`i[0x19][0xffffffd5][0xffffffbc][0xfffffff1][0xffffffa4]5[0xffffffbc][0x1e]o[0xfffffff5]K[0xffffffa9][0xffffffd6][0xfffffff8][0xffffffc1]f[0xffffff9b]z[0x4][0xffffffd4][0x1a][0xffffff86][0xffffffb9]^K[0x16]s[0xffffff91][0xfffffffe][0xffffffbf][0xffffff8b]l]~)x(p,[0x11]2[0x14][0x8]E8e[0xffffff9e][0xffffffca]:X[0xffffffa6][0xffffff86][0xffffff88].[0xffffffb6]9[0xffffff9a][0xffffff88].[0xfffffff7]]G[0xffffffea][0xffffffcb][0xe][0xfffffffb][0x7f].u[0xffffff83][0xffffffbb][0xfffffff4][0xffffffb3][0x19][0xffffffda][0xffffffec][0xffffff98][0xffffffc5]Y[0xfffffffd]h8m6\4[0xffffffc1][0xffffff8a][0xffffffb7][0xffffff98]z[0xffffffd0][0xffffffd5]oF5q[0x1c][0x13][0x16][0xfffffff0][0x1d][0x1e][0x19]5-[0xffffff9d][0xffffffef][0xffffffad]c[0xb]z[0xffffffae]/m[0xffffffe6]8[0xffffffb6][0xffffff96][0xfffffff6]7X[0xffffffc9]t[0xfffffff8][0xfffffff9][0xffffffa5][0x11]K[0xfffffffb][0x15]3[0xffffffc3][0xfffffffc][0x1f]B[0xffffffdb][0xffffffd3][0xffffffab][0xffffff92]4.[0xffffff93]Z[0xffffffdf]]:[0xffffffda][0xffffffea][0xffffffdc]B[0xffffffa6][0xffffffcd][0xffffffbc][0xffffffae][0x5][0xfffffff5][0x4][0xffffffd6]8[0xffffffc0][0xffffff82][0xffffff96][0xfffffff0][0xffffffd2][0xc][0xffffffed][0xffffffe0]Y[0xffffffa8][\r]:[[0xffffffa9][0x0][0xffffffff][0x1][0xfffffff8][0x15][0xffffffb4][0xffffffee][0xffffff8e][\r][0x0][0x0]"
16:09:44.825 [main] DEBUG org.apache.hc.client5.http.impl.classic.InternalHttpClient -- ep-0000000001 releasing valid endpoint
16:09:44.825 [main] DEBUG org.apache.hc.client5.http.impl.io.PoolingHttpClientConnectionManager -- ep-0000000001 releasing endpoint
16:09:44.825 [main] DEBUG org.apache.hc.client5.http.impl.io.PoolingHttpClientConnectionManager -- ep-0000000001 connection http-outgoing-0 can be kept alive for 3 MINUTES
16:09:44.827 [main] DEBUG org.apache.hc.client5.http.impl.io.PoolingHttpClientConnectionManager -- ep-0000000001 connection released [route: {s}->https://raw.githubusercontent.com:443][total available: 1; route allocated: 1 of 5; total allocated: 1 of 25]
16:09:44.827 [main] DEBUG io.github.bonigarcia.wdm.versions.VersionDetector -- Detecting chrome version using online commands.properties
16:09:44.829 [main] DEBUG io.github.bonigarcia.wdm.versions.Shell -- Running command on the shell: [cmd.exe, /C, wmic, datafile, where, name="%PROGRAMFILES:\=\\%\\Google\\Chrome\\Application\\chrome.exe", get, Version, /value]
16:09:44.998 [main] DEBUG io.github.bonigarcia.wdm.versions.Shell -- Result: Version=131.0.6778.205
16:09:44.999 [main] DEBUG io.github.bonigarcia.wdm.cache.ResolutionCache -- Resolution chrome131=131.0.6778.204 in cache (valid until 14:21:23 03/01/2025 IST)
16:09:44.999 [main] INFO io.github.bonigarcia.wdm.WebDriverManager -- Using chromedriver 131.0.6778.204 (resolved driver for Chrome 131)
16:09:45.001 [main] DEBUG io.github.bonigarcia.wdm.cache.ResolutionCache -- Storing resolution chrome=131 in cache (valid until 17:09:45 02/01/2025 IST)
16:09:45.012 [main] DEBUG io.github.bonigarcia.wdm.WebDriverManager -- Driver chromedriver 131.0.6778.204 found in cache
16:09:45.012 [main] INFO io.github.bonigarcia.wdm.WebDriverManager -- Exporting webdriver.chrome.driver as C:\Users\sasitharan\.cache\selenium\chromedriver\win64\131.0.6778.204\chromedriver.exe
16:09:45.090 [main] DEBUG io.netty.util.internal.logging.InternalLoggerFactory -- Using SLF4J as the default logging framework
16:09:45.092 [main] DEBUG io.netty.util.ResourceLeakDetector -- -Dio.netty.leakDetection.level: simple
16:09:45.092 [main] DEBUG io.netty.util.ResourceLeakDetector -- -Dio.netty.leakDetection.targetRecords: 4
16:09:45.093 [main] DEBUG io.netty.util.ResourceLeakDetectorFactory -- Loaded default ResourceLeakDetector: io.netty.util.ResourceLeakDetector@376af784
16:09:45.104 [main] DEBUG io.netty.util.internal.PlatformDependent0 -- -Dio.netty.noUnsafe: false
16:09:45.104 [main] DEBUG io.netty.util.internal.PlatformDependent0 -- Java version: 17
16:09:45.105 [main] DEBUG io.netty.util.internal.PlatformDependent0 -- sun.misc.Unsafe.theUnsafe: available
16:09:45.105 [main] DEBUG io.netty.util.internal.PlatformDependent0 -- sun.misc.Unsafe.copyMemory: available
16:09:45.105 [main] DEBUG io.netty.util.internal.PlatformDependent0 -- sun.misc.Unsafe.storeFence: available
16:09:45.106 [main] DEBUG io.netty.util.internal.PlatformDependent0 -- java.nio.Buffer.address: available
16:09:45.106 [main] DEBUG io.netty.util.internal.PlatformDependent0 -- direct buffer constructor: unavailable: Reflective setAccessible(true) disabled
16:09:45.106 [main] DEBUG io.netty.util.internal.PlatformDependent0 -- java.nio.Bits.unaligned: available, true
16:09:45.107 [main] DEBUG io.netty.util.internal.PlatformDependent0 -- jdk.internal.misc.Unsafe.allocateUninitializedArray(int): unavailable: class io.netty.util.internal.PlatformDependent0$7 cannot access class jdk.internal.misc.Unsafe (in module java.base) because module java.base does not export jdk.internal.misc to unnamed module @740fb309
16:09:45.107 [main] DEBUG io.netty.util.internal.PlatformDependent0 -- java.nio.DirectByteBuffer.<init>(long, {int,long}): unavailable
16:09:45.107 [main] DEBUG io.netty.util.internal.PlatformDependent -- sun.misc.Unsafe: available
16:09:45.108 [main] DEBUG io.netty.util.internal.PlatformDependent -- maxDirectMemory: 5276434432 bytes (maybe)
16:09:45.108 [main] DEBUG io.netty.util.internal.PlatformDependent -- -Dio.netty.tmpdir: C:\Users\SASITH~1\AppData\Local\Temp (java.io.tmpdir)
16:09:45.108 [main] DEBUG io.netty.util.internal.PlatformDependent -- -Dio.netty.bitMode: 64 (sun.arch.data.model)
16:09:45.108 [main] DEBUG io.netty.util.internal.PlatformDependent -- Platform: Windows
16:09:45.109 [main] DEBUG io.netty.util.internal.PlatformDependent -- -Dio.netty.maxDirectMemory: -1 bytes
16:09:45.109 [main] DEBUG io.netty.util.internal.PlatformDependent -- -Dio.netty.uninitializedArrayAllocationThreshold: -1
16:09:45.109 [main] DEBUG io.netty.util.internal.CleanerJava9 -- java.nio.ByteBuffer.cleaner(): available
16:09:45.109 [main] DEBUG io.netty.util.internal.PlatformDependent -- -Dio.netty.noPreferDirect: false
16:09:45.114 [main] DEBUG io.netty.util.internal.PlatformDependent -- org.jctools-core.MpscChunkedArrayQueue: available
16:09:45.122 [main] DEBUG io.netty.util.internal.InternalThreadLocalMap -- -Dio.netty.threadLocalMap.stringBuilder.initialSize: 1024
16:09:45.122 [main] DEBUG io.netty.util.internal.InternalThreadLocalMap -- -Dio.netty.threadLocalMap.stringBuilder.maxSize: 4096
16:09:45.132 [main] DEBUG io.netty.handler.ssl.JdkSslContext -- Default protocols (JDK): [TLSv1.3, TLSv1.2] 
16:09:45.132 [main] DEBUG io.netty.handler.ssl.JdkSslContext -- Default cipher suites (JDK): [TLS_ECDHE_ECDSA_WITH_AES_256_GCM_SHA384, TLS_ECDHE_ECDSA_WITH_AES_128_GCM_SHA256, TLS_ECDHE_RSA_WITH_AES_128_GCM_SHA256, TLS_ECDHE_RSA_WITH_AES_256_GCM_SHA384, TLS_ECDHE_RSA_WITH_AES_128_CBC_SHA, TLS_ECDHE_RSA_WITH_AES_256_CBC_SHA, TLS_RSA_WITH_AES_128_GCM_SHA256, TLS_RSA_WITH_AES_128_CBC_SHA, TLS_RSA_WITH_AES_256_CBC_SHA, TLS_AES_128_GCM_SHA256, TLS_AES_256_GCM_SHA384]
16:09:45.139 [main] DEBUG io.netty.util.concurrent.GlobalEventExecutor -- -Dio.netty.globalEventExecutor.quietPeriodSeconds: 1
16:09:45.146 [main] DEBUG io.netty.channel.MultithreadEventLoopGroup -- -Dio.netty.eventLoopThreads: 16
16:09:45.154 [main] DEBUG io.netty.channel.nio.NioEventLoop -- -Dio.netty.noKeySetOptimization: false
16:09:45.154 [main] DEBUG io.netty.channel.nio.NioEventLoop -- -Dio.netty.selectorAutoRebuildThreshold: 512
16:09:45.190 [main] DEBUG io.netty.buffer.PooledByteBufAllocator -- -Dio.netty.allocator.numHeapArenas: 16
16:09:45.190 [main] DEBUG io.netty.buffer.PooledByteBufAllocator -- -Dio.netty.allocator.numDirectArenas: 16
16:09:45.190 [main] DEBUG io.netty.buffer.PooledByteBufAllocator -- -Dio.netty.allocator.pageSize: 8192
16:09:45.190 [main] DEBUG io.netty.buffer.PooledByteBufAllocator -- -Dio.netty.allocator.maxOrder: 9
16:09:45.190 [main] DEBUG io.netty.buffer.PooledByteBufAllocator -- -Dio.netty.allocator.chunkSize: 4194304
16:09:45.190 [main] DEBUG io.netty.buffer.PooledByteBufAllocator -- -Dio.netty.allocator.smallCacheSize: 256
16:09:45.190 [main] DEBUG io.netty.buffer.PooledByteBufAllocator -- -Dio.netty.allocator.normalCacheSize: 64
16:09:45.190 [main] DEBUG io.netty.buffer.PooledByteBufAllocator -- -Dio.netty.allocator.maxCachedBufferCapacity: 32768
16:09:45.190 [main] DEBUG io.netty.buffer.PooledByteBufAllocator -- -Dio.netty.allocator.cacheTrimInterval: 8192
16:09:45.190 [main] DEBUG io.netty.buffer.PooledByteBufAllocator -- -Dio.netty.allocator.cacheTrimIntervalMillis: 0
16:09:45.190 [main] DEBUG io.netty.buffer.PooledByteBufAllocator -- -Dio.netty.allocator.useCacheForAllThreads: false
16:09:45.190 [main] DEBUG io.netty.buffer.PooledByteBufAllocator -- -Dio.netty.allocator.maxCachedByteBuffersPerChunk: 1023
16:09:45.201 [main] DEBUG io.netty.buffer.ByteBufUtil -- -Dio.netty.allocator.type: pooled
16:09:45.201 [main] DEBUG io.netty.buffer.ByteBufUtil -- -Dio.netty.threadLocalDirectBufferSize: 0
16:09:45.201 [main] DEBUG io.netty.buffer.ByteBufUtil -- -Dio.netty.maxThreadLocalCharBufferSize: 16384
16:09:45.473 [Forwarding newSession on session null to remote] DEBUG io.netty.channel.DefaultChannelId -- -Dio.netty.processId: 5012 (auto-detected)
16:09:45.474 [Forwarding newSession on session null to remote] DEBUG io.netty.util.NetUtil -- -Djava.net.preferIPv4Stack: false
16:09:45.474 [Forwarding newSession on session null to remote] DEBUG io.netty.util.NetUtil -- -Djava.net.preferIPv6Addresses: false
16:09:45.480 [Forwarding newSession on session null to remote] DEBUG io.netty.util.NetUtilInitializations -- Loopback interface: lo (Software Loopback Interface 1, 127.0.0.1)
16:09:45.481 [Forwarding newSession on session null to remote] DEBUG io.netty.util.NetUtil -- Failed to get SOMAXCONN from sysctl and file \proc\sys\net\core\somaxconn. Default: 200
16:09:45.498 [Forwarding newSession on session null to remote] DEBUG io.netty.channel.DefaultChannelId -- -Dio.netty.machineId: 14:13:33:ff:fe:41:79:0d (auto-detected)
16:09:45.528 [AsyncHttpClient-1-2] DEBUG io.netty.buffer.AbstractByteBuf -- -Dio.netty.buffer.checkAccessible: true
16:09:45.528 [AsyncHttpClient-1-2] DEBUG io.netty.buffer.AbstractByteBuf -- -Dio.netty.buffer.checkBounds: true
16:09:45.528 [AsyncHttpClient-1-2] DEBUG io.netty.util.ResourceLeakDetectorFactory -- Loaded default ResourceLeakDetector: io.netty.util.ResourceLeakDetector@5e03d988
16:09:45.539 [AsyncHttpClient-1-2] DEBUG org.asynchttpclient.netty.channel.NettyConnectListener -- Using new Channel '[id: 0xffbf3851, L:/127.0.0.1:49209 - R:localhost/127.0.0.1:27462]' for 'POST' to '/session'
16:09:45.553 [AsyncHttpClient-1-2] DEBUG io.netty.util.Recycler -- -Dio.netty.recycler.maxCapacityPerThread: 4096
16:09:45.553 [AsyncHttpClient-1-2] DEBUG io.netty.util.Recycler -- -Dio.netty.recycler.ratio: 8
16:09:45.553 [AsyncHttpClient-1-2] DEBUG io.netty.util.Recycler -- -Dio.netty.recycler.chunkSize: 32
16:09:45.553 [AsyncHttpClient-1-2] DEBUG io.netty.util.Recycler -- -Dio.netty.recycler.blocking: false
16:09:45.553 [AsyncHttpClient-1-2] DEBUG io.netty.util.Recycler -- -Dio.netty.recycler.batchFastThreadLocalOnly: true
16:09:46.122 [AsyncHttpClient-1-2] DEBUG io.netty.handler.codec.compression.Brotli -- brotli4j not in the classpath; Brotli support will be unavailable.
16:09:46.122 [AsyncHttpClient-1-2] DEBUG org.asynchttpclient.netty.handler.HttpHandler -- 

Request DefaultHttpRequest(decodeResult: success, version: HTTP/1.1)
POST /session HTTP/1.1
User-Agent: selenium/4.12.0 (java windows)
Content-Length: 254
Content-Type: application/json; charset=utf-8
host: localhost:27462
accept: */*

Response DefaultHttpResponse(decodeResult: success, version: HTTP/1.1)
HTTP/1.1 200 OK
Content-Length: 888
Content-Type: application/json; charset=utf-8
cache-control: no-cache

16:09:46.126 [AsyncHttpClient-1-2] DEBUG org.asynchttpclient.netty.channel.ChannelManager -- Adding key: http://localhost:27462 for channel [id: 0xffbf3851, L:/127.0.0.1:49209 - R:localhost/127.0.0.1:27462]
16:09:46.186 [AsyncHttpClient-1-3] DEBUG org.asynchttpclient.netty.channel.NettyConnectListener -- Using new Channel '[id: 0xbc9ec124, L:/127.0.0.1:49216 - R:localhost/127.0.0.1:49210]' for 'GET' to '/json/version'
16:09:46.188 [AsyncHttpClient-1-3] DEBUG org.asynchttpclient.netty.handler.HttpHandler -- 

Request DefaultFullHttpRequest(decodeResult: success, version: HTTP/1.1, content: EmptyByteBufBE)
GET /json/version HTTP/1.1
User-Agent: selenium/4.12.0 (java windows)
host: localhost:49210
accept: */*

Response DefaultHttpResponse(decodeResult: success, version: HTTP/1.1)
HTTP/1.1 200 OK
Content-Security-Policy: frame-ancestors 'none'
Content-Length: 424
Content-Type: application/json; charset=UTF-8

16:09:46.189 [AsyncHttpClient-1-3] DEBUG org.asynchttpclient.netty.channel.ChannelManager -- Adding key: http://localhost:49210 for channel [id: 0xbc9ec124, L:/127.0.0.1:49216 - R:localhost/127.0.0.1:49210]
16:09:46.196 [main] DEBUG io.netty.util.internal.ThreadLocalRandom -- -Dio.netty.initialSeedUniquifier: 0xf1e825206d162a72
16:09:46.199 [AsyncHttpClient-1-4] DEBUG org.asynchttpclient.netty.channel.NettyConnectListener -- Using new Channel '[id: 0x1ff97090, L:/127.0.0.1:49217 - R:localhost/127.0.0.1:49210]' for 'GET' to '/devtools/browser/2cc68322-267b-4122-916e-469704b88b8d'
16:09:46.202 [AsyncHttpClient-1-4] DEBUG org.asynchttpclient.netty.handler.WebSocketHandler -- 

Request DefaultFullHttpRequest(decodeResult: success, version: HTTP/1.1, content: EmptyByteBufBE)
GET /devtools/browser/2cc68322-267b-4122-916e-469704b88b8d HTTP/1.1
upgrade: websocket
connection: upgrade
sec-websocket-key: iaS7LT1GmR+sbAE5CsOohg==
sec-websocket-version: 13
origin: http://localhost:49210
host: localhost:49210
accept: */*
user-agent: AHC/2.1

Response DefaultHttpResponse(decodeResult: success, version: HTTP/1.1)
HTTP/1.1 101 WebSocket Protocol Handshake
Upgrade: WebSocket
Connection: Upgrade
Sec-WebSocket-Accept: 1hbK4F0YdNw6bMEtRrLjGnMi9xI=

16:09:46.225 [AsyncHttpClient-1-1] DEBUG org.asynchttpclient.netty.channel.DefaultChannelPool -- Entry count for : http://localhost:49210 : 1
16:09:46.226 [AsyncHttpClient-1-1] DEBUG org.asynchttpclient.netty.channel.DefaultChannelPool -- Entry count for : http://localhost:27462 : 1
16:09:46.237 [Forwarding maximizeCurrentWindow on session c56d7c82b459b379080ea9eb2d48ce84 to remote] DEBUG org.asynchttpclient.netty.request.NettyRequestSender -- Using pooled Channel '[id: 0xffbf3851, L:/127.0.0.1:49209 - R:localhost/127.0.0.1:27462]' for 'POST' to 'http://localhost:27462/session/c56d7c82b459b379080ea9eb2d48ce84/window/maximize'
16:09:46.237 [Forwarding maximizeCurrentWindow on session c56d7c82b459b379080ea9eb2d48ce84 to remote] DEBUG org.asynchttpclient.netty.request.NettyRequestSender -- Using open Channel [id: 0xffbf3851, L:/127.0.0.1:49209 - R:localhost/127.0.0.1:27462] for POST '/session/c56d7c82b459b379080ea9eb2d48ce84/window/maximize'
16:09:46.275 [AsyncHttpClient-1-2] DEBUG org.asynchttpclient.netty.handler.HttpHandler -- 

Request DefaultHttpRequest(decodeResult: success, version: HTTP/1.1)
POST /session/c56d7c82b459b379080ea9eb2d48ce84/window/maximize HTTP/1.1
User-Agent: selenium/4.12.0 (java windows)
Content-Length: 3
Content-Type: application/json; charset=utf-8
host: localhost:27462
accept: */*

Response DefaultHttpResponse(decodeResult: success, version: HTTP/1.1)
HTTP/1.1 200 OK
Content-Length: 51
Content-Type: application/json; charset=utf-8
cache-control: no-cache

16:09:46.275 [AsyncHttpClient-1-2] DEBUG org.asynchttpclient.netty.channel.ChannelManager -- Adding key: http://localhost:27462 for channel [id: 0xffbf3851, L:/127.0.0.1:49209 - R:localhost/127.0.0.1:27462]
16:09:46.278 [Forwarding get on session c56d7c82b459b379080ea9eb2d48ce84 to remote] DEBUG org.asynchttpclient.netty.request.NettyRequestSender -- Using pooled Channel '[id: 0xffbf3851, L:/127.0.0.1:49209 - R:localhost/127.0.0.1:27462]' for 'POST' to 'http://localhost:27462/session/c56d7c82b459b379080ea9eb2d48ce84/url'
16:09:46.278 [Forwarding get on session c56d7c82b459b379080ea9eb2d48ce84 to remote] DEBUG org.asynchttpclient.netty.request.NettyRequestSender -- Using open Channel [id: 0xffbf3851, L:/127.0.0.1:49209 - R:localhost/127.0.0.1:27462] for POST '/session/c56d7c82b459b379080ea9eb2d48ce84/url'
16:09:47.317 [AsyncHttpClient-1-1] DEBUG org.asynchttpclient.netty.channel.DefaultChannelPool -- Entry count for : http://localhost:49210 : 1
16:09:47.672 [AsyncHttpClient-1-2] DEBUG org.asynchttpclient.netty.handler.HttpHandler -- 

Request DefaultHttpRequest(decodeResult: success, version: HTTP/1.1)
POST /session/c56d7c82b459b379080ea9eb2d48ce84/url HTTP/1.1
User-Agent: selenium/4.12.0 (java windows)
Content-Length: 58
Content-Type: application/json; charset=utf-8
host: localhost:27462
accept: */*

Response DefaultHttpResponse(decodeResult: success, version: HTTP/1.1)
HTTP/1.1 200 OK
Content-Length: 14
Content-Type: application/json; charset=utf-8
cache-control: no-cache

16:09:47.672 [AsyncHttpClient-1-2] DEBUG org.asynchttpclient.netty.channel.ChannelManager -- Adding key: http://localhost:27462 for channel [id: 0xffbf3851, L:/127.0.0.1:49209 - R:localhost/127.0.0.1:27462]
16:09:47.681 [Forwarding findElements on session c56d7c82b459b379080ea9eb2d48ce84 to remote] DEBUG org.asynchttpclient.netty.request.NettyRequestSender -- Using pooled Channel '[id: 0xffbf3851, L:/127.0.0.1:49209 - R:localhost/127.0.0.1:27462]' for 'POST' to 'http://localhost:27462/session/c56d7c82b459b379080ea9eb2d48ce84/elements'
16:09:47.681 [Forwarding findElements on session c56d7c82b459b379080ea9eb2d48ce84 to remote] DEBUG org.asynchttpclient.netty.request.NettyRequestSender -- Using open Channel [id: 0xffbf3851, L:/127.0.0.1:49209 - R:localhost/127.0.0.1:27462] for POST '/session/c56d7c82b459b379080ea9eb2d48ce84/elements'
16:09:47.697 [AsyncHttpClient-1-2] DEBUG org.asynchttpclient.netty.handler.HttpHandler -- 

Request DefaultHttpRequest(decodeResult: success, version: HTTP/1.1)
POST /session/c56d7c82b459b379080ea9eb2d48ce84/elements HTTP/1.1
User-Agent: selenium/4.12.0 (java windows)
Content-Length: 41
Content-Type: application/json; charset=utf-8
host: localhost:27462
accept: */*

Response DefaultHttpResponse(decodeResult: success, version: HTTP/1.1)
HTTP/1.1 200 OK
Content-Length: 478
Content-Type: application/json; charset=utf-8
cache-control: no-cache

16:09:47.697 [AsyncHttpClient-1-2] DEBUG org.asynchttpclient.netty.channel.ChannelManager -- Adding key: http://localhost:27462 for channel [id: 0xffbf3851, L:/127.0.0.1:49209 - R:localhost/127.0.0.1:27462]
16:09:47.707 [Forwarding isElementDisplayed on session c56d7c82b459b379080ea9eb2d48ce84 to remote] DEBUG org.asynchttpclient.netty.request.NettyRequestSender -- Using pooled Channel '[id: 0xffbf3851, L:/127.0.0.1:49209 - R:localhost/127.0.0.1:27462]' for 'POST' to 'http://localhost:27462/session/c56d7c82b459b379080ea9eb2d48ce84/execute/sync'
16:09:47.707 [Forwarding isElementDisplayed on session c56d7c82b459b379080ea9eb2d48ce84 to remote] DEBUG org.asynchttpclient.netty.request.NettyRequestSender -- Using open Channel [id: 0xffbf3851, L:/127.0.0.1:49209 - R:localhost/127.0.0.1:27462] for POST '/session/c56d7c82b459b379080ea9eb2d48ce84/execute/sync'
16:09:47.722 [AsyncHttpClient-1-2] DEBUG org.asynchttpclient.netty.handler.HttpHandler -- 

Request DefaultHttpRequest(decodeResult: success, version: HTTP/1.1)
POST /session/c56d7c82b459b379080ea9eb2d48ce84/execute/sync HTTP/1.1
User-Agent: selenium/4.12.0 (java windows)
Content-Length: 48733
Content-Type: application/json; charset=utf-8
host: localhost:27462
accept: */*

Response DefaultHttpResponse(decodeResult: success, version: HTTP/1.1)
HTTP/1.1 200 OK
Content-Length: 14
Content-Type: application/json; charset=utf-8
cache-control: no-cache

16:09:47.722 [AsyncHttpClient-1-2] DEBUG org.asynchttpclient.netty.channel.ChannelManager -- Adding key: http://localhost:27462 for channel [id: 0xffbf3851, L:/127.0.0.1:49209 - R:localhost/127.0.0.1:27462]
16:09:47.724 [Forwarding getElementText on session c56d7c82b459b379080ea9eb2d48ce84 to remote] DEBUG org.asynchttpclient.netty.request.NettyRequestSender -- Using pooled Channel '[id: 0xffbf3851, L:/127.0.0.1:49209 - R:localhost/127.0.0.1:27462]' for 'GET' to 'http://localhost:27462/session/c56d7c82b459b379080ea9eb2d48ce84/element/f.7674FB7810A5DDFCC4160ADD62ECA2FA.d.D3BE711394DD1162FB28945DAAA619C4.e.6/text'
16:09:47.724 [Forwarding getElementText on session c56d7c82b459b379080ea9eb2d48ce84 to remote] DEBUG org.asynchttpclient.netty.request.NettyRequestSender -- Using open Channel [id: 0xffbf3851, L:/127.0.0.1:49209 - R:localhost/127.0.0.1:27462] for GET '/session/c56d7c82b459b379080ea9eb2d48ce84/element/f.7674FB7810A5DDFCC4160ADD62ECA2FA.d.D3BE711394DD1162FB28945DAAA619C4.e.6/text'
16:09:47.740 [AsyncHttpClient-1-2] DEBUG org.asynchttpclient.netty.handler.HttpHandler -- 

Request DefaultFullHttpRequest(decodeResult: success, version: HTTP/1.1, content: EmptyByteBufBE)
GET /session/c56d7c82b459b379080ea9eb2d48ce84/element/f.7674FB7810A5DDFCC4160ADD62ECA2FA.d.D3BE711394DD1162FB28945DAAA619C4.e.6/text HTTP/1.1
Cache-Control: no-cache
User-Agent: selenium/4.12.0 (java windows)
Content-Type: application/json; charset=utf-8
host: localhost:27462
accept: */*

Response DefaultHttpResponse(decodeResult: success, version: HTTP/1.1)
HTTP/1.1 200 OK
Content-Length: 24
Content-Type: application/json; charset=utf-8
cache-control: no-cache

16:09:47.740 [AsyncHttpClient-1-2] DEBUG org.asynchttpclient.netty.channel.ChannelManager -- Adding key: http://localhost:27462 for channel [id: 0xffbf3851, L:/127.0.0.1:49209 - R:localhost/127.0.0.1:27462]
16:09:47.742 [Forwarding isElementDisplayed on session c56d7c82b459b379080ea9eb2d48ce84 to remote] DEBUG org.asynchttpclient.netty.request.NettyRequestSender -- Using pooled Channel '[id: 0xffbf3851, L:/127.0.0.1:49209 - R:localhost/127.0.0.1:27462]' for 'POST' to 'http://localhost:27462/session/c56d7c82b459b379080ea9eb2d48ce84/execute/sync'
16:09:47.742 [Forwarding isElementDisplayed on session c56d7c82b459b379080ea9eb2d48ce84 to remote] DEBUG org.asynchttpclient.netty.request.NettyRequestSender -- Using open Channel [id: 0xffbf3851, L:/127.0.0.1:49209 - R:localhost/127.0.0.1:27462] for POST '/session/c56d7c82b459b379080ea9eb2d48ce84/execute/sync'
16:09:47.754 [AsyncHttpClient-1-2] DEBUG org.asynchttpclient.netty.handler.HttpHandler -- 

Request DefaultHttpRequest(decodeResult: success, version: HTTP/1.1)
POST /session/c56d7c82b459b379080ea9eb2d48ce84/execute/sync HTTP/1.1
User-Agent: selenium/4.12.0 (java windows)
Content-Length: 48734
Content-Type: application/json; charset=utf-8
host: localhost:27462
accept: */*

Response DefaultHttpResponse(decodeResult: success, version: HTTP/1.1)
HTTP/1.1 200 OK
Content-Length: 14
Content-Type: application/json; charset=utf-8
cache-control: no-cache

16:09:47.754 [AsyncHttpClient-1-2] DEBUG org.asynchttpclient.netty.channel.ChannelManager -- Adding key: http://localhost:27462 for channel [id: 0xffbf3851, L:/127.0.0.1:49209 - R:localhost/127.0.0.1:27462]
16:09:47.755 [Forwarding getElementText on session c56d7c82b459b379080ea9eb2d48ce84 to remote] DEBUG org.asynchttpclient.netty.request.NettyRequestSender -- Using pooled Channel '[id: 0xffbf3851, L:/127.0.0.1:49209 - R:localhost/127.0.0.1:27462]' for 'GET' to 'http://localhost:27462/session/c56d7c82b459b379080ea9eb2d48ce84/element/f.7674FB7810A5DDFCC4160ADD62ECA2FA.d.D3BE711394DD1162FB28945DAAA619C4.e.21/text'
16:09:47.755 [Forwarding getElementText on session c56d7c82b459b379080ea9eb2d48ce84 to remote] DEBUG org.asynchttpclient.netty.request.NettyRequestSender -- Using open Channel [id: 0xffbf3851, L:/127.0.0.1:49209 - R:localhost/127.0.0.1:27462] for GET '/session/c56d7c82b459b379080ea9eb2d48ce84/element/f.7674FB7810A5DDFCC4160ADD62ECA2FA.d.D3BE711394DD1162FB28945DAAA619C4.e.21/text'
16:09:47.762 [AsyncHttpClient-1-2] DEBUG org.asynchttpclient.netty.handler.HttpHandler -- 

Request DefaultFullHttpRequest(decodeResult: success, version: HTTP/1.1, content: EmptyByteBufBE)
GET /session/c56d7c82b459b379080ea9eb2d48ce84/element/f.7674FB7810A5DDFCC4160ADD62ECA2FA.d.D3BE711394DD1162FB28945DAAA619C4.e.21/text HTTP/1.1
Cache-Control: no-cache
User-Agent: selenium/4.12.0 (java windows)
Content-Type: application/json; charset=utf-8
host: localhost:27462
accept: */*

Response DefaultHttpResponse(decodeResult: success, version: HTTP/1.1)
HTTP/1.1 200 OK
Content-Length: 20
Content-Type: application/json; charset=utf-8
cache-control: no-cache

16:09:47.762 [AsyncHttpClient-1-2] DEBUG org.asynchttpclient.netty.channel.ChannelManager -- Adding key: http://localhost:27462 for channel [id: 0xffbf3851, L:/127.0.0.1:49209 - R:localhost/127.0.0.1:27462]
16:09:47.763 [Forwarding isElementDisplayed on session c56d7c82b459b379080ea9eb2d48ce84 to remote] DEBUG org.asynchttpclient.netty.request.NettyRequestSender -- Using pooled Channel '[id: 0xffbf3851, L:/127.0.0.1:49209 - R:localhost/127.0.0.1:27462]' for 'POST' to 'http://localhost:27462/session/c56d7c82b459b379080ea9eb2d48ce84/execute/sync'
16:09:47.763 [Forwarding isElementDisplayed on session c56d7c82b459b379080ea9eb2d48ce84 to remote] DEBUG org.asynchttpclient.netty.request.NettyRequestSender -- Using open Channel [id: 0xffbf3851, L:/127.0.0.1:49209 - R:localhost/127.0.0.1:27462] for POST '/session/c56d7c82b459b379080ea9eb2d48ce84/execute/sync'
16:09:47.771 [AsyncHttpClient-1-2] DEBUG org.asynchttpclient.netty.handler.HttpHandler -- 

Request DefaultHttpRequest(decodeResult: success, version: HTTP/1.1)
POST /session/c56d7c82b459b379080ea9eb2d48ce84/execute/sync HTTP/1.1
User-Agent: selenium/4.12.0 (java windows)
Content-Length: 48734
Content-Type: application/json; charset=utf-8
host: localhost:27462
accept: */*

Response DefaultHttpResponse(decodeResult: success, version: HTTP/1.1)
HTTP/1.1 200 OK
Content-Length: 14
Content-Type: application/json; charset=utf-8
cache-control: no-cache

16:09:47.772 [AsyncHttpClient-1-2] DEBUG org.asynchttpclient.netty.channel.ChannelManager -- Adding key: http://localhost:27462 for channel [id: 0xffbf3851, L:/127.0.0.1:49209 - R:localhost/127.0.0.1:27462]
16:09:47.772 [Forwarding getElementText on session c56d7c82b459b379080ea9eb2d48ce84 to remote] DEBUG org.asynchttpclient.netty.request.NettyRequestSender -- Using pooled Channel '[id: 0xffbf3851, L:/127.0.0.1:49209 - R:localhost/127.0.0.1:27462]' for 'GET' to 'http://localhost:27462/session/c56d7c82b459b379080ea9eb2d48ce84/element/f.7674FB7810A5DDFCC4160ADD62ECA2FA.d.D3BE711394DD1162FB28945DAAA619C4.e.22/text'
16:09:47.772 [Forwarding getElementText on session c56d7c82b459b379080ea9eb2d48ce84 to remote] DEBUG org.asynchttpclient.netty.request.NettyRequestSender -- Using open Channel [id: 0xffbf3851, L:/127.0.0.1:49209 - R:localhost/127.0.0.1:27462] for GET '/session/c56d7c82b459b379080ea9eb2d48ce84/element/f.7674FB7810A5DDFCC4160ADD62ECA2FA.d.D3BE711394DD1162FB28945DAAA619C4.e.22/text'
16:09:47.779 [AsyncHttpClient-1-2] DEBUG org.asynchttpclient.netty.handler.HttpHandler -- 

Request DefaultFullHttpRequest(decodeResult: success, version: HTTP/1.1, content: EmptyByteBufBE)
GET /session/c56d7c82b459b379080ea9eb2d48ce84/element/f.7674FB7810A5DDFCC4160ADD62ECA2FA.d.D3BE711394DD1162FB28945DAAA619C4.e.22/text HTTP/1.1
Cache-Control: no-cache
User-Agent: selenium/4.12.0 (java windows)
Content-Type: application/json; charset=utf-8
host: localhost:27462
accept: */*

Response DefaultHttpResponse(decodeResult: success, version: HTTP/1.1)
HTTP/1.1 200 OK
Content-Length: 12
Content-Type: application/json; charset=utf-8
cache-control: no-cache

16:09:47.779 [AsyncHttpClient-1-2] DEBUG org.asynchttpclient.netty.channel.ChannelManager -- Adding key: http://localhost:27462 for channel [id: 0xffbf3851, L:/127.0.0.1:49209 - R:localhost/127.0.0.1:27462]
16:09:47.781 [Forwarding isElementDisplayed on session c56d7c82b459b379080ea9eb2d48ce84 to remote] DEBUG org.asynchttpclient.netty.request.NettyRequestSender -- Using pooled Channel '[id: 0xffbf3851, L:/127.0.0.1:49209 - R:localhost/127.0.0.1:27462]' for 'POST' to 'http://localhost:27462/session/c56d7c82b459b379080ea9eb2d48ce84/execute/sync'
16:09:47.781 [Forwarding isElementDisplayed on session c56d7c82b459b379080ea9eb2d48ce84 to remote] DEBUG org.asynchttpclient.netty.request.NettyRequestSender -- Using open Channel [id: 0xffbf3851, L:/127.0.0.1:49209 - R:localhost/127.0.0.1:27462] for POST '/session/c56d7c82b459b379080ea9eb2d48ce84/execute/sync'
16:09:47.788 [AsyncHttpClient-1-2] DEBUG org.asynchttpclient.netty.handler.HttpHandler -- 

Request DefaultHttpRequest(decodeResult: success, version: HTTP/1.1)
POST /session/c56d7c82b459b379080ea9eb2d48ce84/execute/sync HTTP/1.1
User-Agent: selenium/4.12.0 (java windows)
Content-Length: 48734
Content-Type: application/json; charset=utf-8
host: localhost:27462
accept: */*

Response DefaultHttpResponse(decodeResult: success, version: HTTP/1.1)
HTTP/1.1 200 OK
Content-Length: 14
Content-Type: application/json; charset=utf-8
cache-control: no-cache

16:09:47.788 [AsyncHttpClient-1-2] DEBUG org.asynchttpclient.netty.channel.ChannelManager -- Adding key: http://localhost:27462 for channel [id: 0xffbf3851, L:/127.0.0.1:49209 - R:localhost/127.0.0.1:27462]
16:09:47.789 [Forwarding getElementText on session c56d7c82b459b379080ea9eb2d48ce84 to remote] DEBUG org.asynchttpclient.netty.request.NettyRequestSender -- Using pooled Channel '[id: 0xffbf3851, L:/127.0.0.1:49209 - R:localhost/127.0.0.1:27462]' for 'GET' to 'http://localhost:27462/session/c56d7c82b459b379080ea9eb2d48ce84/element/f.7674FB7810A5DDFCC4160ADD62ECA2FA.d.D3BE711394DD1162FB28945DAAA619C4.e.23/text'
16:09:47.789 [Forwarding getElementText on session c56d7c82b459b379080ea9eb2d48ce84 to remote] DEBUG org.asynchttpclient.netty.request.NettyRequestSender -- Using open Channel [id: 0xffbf3851, L:/127.0.0.1:49209 - R:localhost/127.0.0.1:27462] for GET '/session/c56d7c82b459b379080ea9eb2d48ce84/element/f.7674FB7810A5DDFCC4160ADD62ECA2FA.d.D3BE711394DD1162FB28945DAAA619C4.e.23/text'
16:09:47.796 [AsyncHttpClient-1-2] DEBUG org.asynchttpclient.netty.handler.HttpHandler -- 

Request DefaultFullHttpRequest(decodeResult: success, version: HTTP/1.1, content: EmptyByteBufBE)
GET /session/c56d7c82b459b379080ea9eb2d48ce84/element/f.7674FB7810A5DDFCC4160ADD62ECA2FA.d.D3BE711394DD1162FB28945DAAA619C4.e.23/text HTTP/1.1
Cache-Control: no-cache
User-Agent: selenium/4.12.0 (java windows)
Content-Type: application/json; charset=utf-8
host: localhost:27462
accept: */*

Response DefaultHttpResponse(decodeResult: success, version: HTTP/1.1)
HTTP/1.1 200 OK
Content-Length: 12
Content-Type: application/json; charset=utf-8
cache-control: no-cache

16:09:47.796 [AsyncHttpClient-1-2] DEBUG org.asynchttpclient.netty.channel.ChannelManager -- Adding key: http://localhost:27462 for channel [id: 0xffbf3851, L:/127.0.0.1:49209 - R:localhost/127.0.0.1:27462]
]]></system-out>
    <system-err><![CDATA[Jan 02, 2025 4:09:46 PM org.openqa.selenium.devtools.CdpVersionFinder findNearestMatch
WARNING: Unable to find CDP implementation matching 131
Jan 02, 2025 4:09:46 PM org.openqa.selenium.chromium.ChromiumDriver lambda$new$5
WARNING: Unable to find version of CDP to use for 131.0.6778.205. You may need to include a dependency on a specific version of the CDP using something similar to `org.seleniumhq.selenium:selenium-devtools-v86:4.12.0` where the version ("v86") matches the version of the chromium-based browser you're using and the version number of the artifact is the same as Selenium's.
]]></system-err>
  </testcase>
  <testcase name="testBrokenLinksOnHomepage" classname="UITestCases.BuggyCarsUITests" time="0.105">
    <system-out><![CDATA[16:09:47.802 [Driver Command Executor] DEBUG org.asynchttpclient.netty.request.NettyRequestSender -- Using pooled Channel '[id: 0xffbf3851, L:/127.0.0.1:49209 - R:localhost/127.0.0.1:27462]' for 'DELETE' to 'http://localhost:27462/session/c56d7c82b459b379080ea9eb2d48ce84'
16:09:47.802 [Driver Command Executor] DEBUG org.asynchttpclient.netty.request.NettyRequestSender -- Using open Channel [id: 0xffbf3851, L:/127.0.0.1:49209 - R:localhost/127.0.0.1:27462] for DELETE '/session/c56d7c82b459b379080ea9eb2d48ce84'
16:09:47.804 [AsyncHttpClient-1-4] DEBUG org.asynchttpclient.netty.handler.WebSocketHandler -- Channel Closed: [id: 0x1ff97090, L:/127.0.0.1:49217 ! R:localhost/127.0.0.1:49210] with attribute DISCARD
16:09:47.836 [AsyncHttpClient-1-3] DEBUG org.asynchttpclient.netty.handler.HttpHandler -- Unexpected I/O exception on channel [id: 0xbc9ec124, L:/127.0.0.1:49216 - R:localhost/127.0.0.1:49210]
java.net.SocketException: Connection reset
	at java.base/sun.nio.ch.SocketChannelImpl.throwConnectionReset(SocketChannelImpl.java:394)
	at java.base/sun.nio.ch.SocketChannelImpl.read(SocketChannelImpl.java:426)
	at io.netty.buffer.PooledByteBuf.setBytes(PooledByteBuf.java:254)
	at io.netty.buffer.AbstractByteBuf.writeBytes(AbstractByteBuf.java:1132)
	at io.netty.channel.socket.nio.NioSocketChannel.doReadBytes(NioSocketChannel.java:357)
	at io.netty.channel.nio.AbstractNioByteChannel$NioByteUnsafe.read(AbstractNioByteChannel.java:151)
	at io.netty.channel.nio.NioEventLoop.processSelectedKey(NioEventLoop.java:788)
	at io.netty.channel.nio.NioEventLoop.processSelectedKeysOptimized(NioEventLoop.java:724)
	at io.netty.channel.nio.NioEventLoop.processSelectedKeys(NioEventLoop.java:650)
	at io.netty.channel.nio.NioEventLoop.run(NioEventLoop.java:562)
	at io.netty.util.concurrent.SingleThreadEventExecutor$4.run(SingleThreadEventExecutor.java:997)
	at io.netty.util.internal.ThreadExecutorMap$2.run(ThreadExecutorMap.java:74)
	at io.netty.util.concurrent.FastThreadLocalRunnable.run(FastThreadLocalRunnable.java:30)
	at java.base/java.lang.Thread.run(Thread.java:842)
16:09:47.838 [AsyncHttpClient-1-3] DEBUG org.asynchttpclient.netty.channel.ChannelManager -- Closing Channel [id: 0xbc9ec124, L:/127.0.0.1:49216 - R:localhost/127.0.0.1:49210] 
16:09:47.839 [AsyncHttpClient-1-3] DEBUG org.asynchttpclient.netty.handler.HttpHandler -- Channel Closed: [id: 0xbc9ec124, L:/127.0.0.1:49216 ! R:localhost/127.0.0.1:49210] with attribute DISCARD
16:09:47.853 [AsyncHttpClient-1-2] DEBUG org.asynchttpclient.netty.handler.HttpHandler -- 

Request DefaultFullHttpRequest(decodeResult: success, version: HTTP/1.1, content: EmptyByteBufBE)
DELETE /session/c56d7c82b459b379080ea9eb2d48ce84 HTTP/1.1
User-Agent: selenium/4.12.0 (java windows)
Content-Type: application/json; charset=utf-8
host: localhost:27462
accept: */*

Response DefaultHttpResponse(decodeResult: success, version: HTTP/1.1)
HTTP/1.1 200 OK
Content-Length: 14
Content-Type: application/json; charset=utf-8
cache-control: no-cache

16:09:47.853 [AsyncHttpClient-1-2] DEBUG org.asynchttpclient.netty.channel.ChannelManager -- Adding key: http://localhost:27462 for channel [id: 0xffbf3851, L:/127.0.0.1:49209 - R:localhost/127.0.0.1:27462]
16:09:47.949 [AsyncHttpClient-1-2] DEBUG org.asynchttpclient.netty.handler.HttpHandler -- Channel Closed: [id: 0xffbf3851, L:/127.0.0.1:49209 ! R:localhost/127.0.0.1:27462] with attribute DISCARD
16:09:48.030 [main] DEBUG io.github.bonigarcia.wdm.WebDriverManager -- Using WebDriverManager 5.5.3
16:09:48.037 [main] DEBUG io.github.bonigarcia.wdm.cache.ResolutionCache -- Resolution chrome=131 in cache (valid until 17:09:45 02/01/2025 IST)
16:09:48.037 [main] DEBUG io.github.bonigarcia.wdm.cache.ResolutionCache -- Resolution chrome131=131.0.6778.204 in cache (valid until 14:21:23 03/01/2025 IST)
16:09:48.037 [main] INFO io.github.bonigarcia.wdm.WebDriverManager -- Using chromedriver 131.0.6778.204 (resolved driver for Chrome 131)
16:09:48.040 [main] DEBUG io.github.bonigarcia.wdm.WebDriverManager -- Driver chromedriver 131.0.6778.204 found in cache
16:09:48.041 [main] INFO io.github.bonigarcia.wdm.WebDriverManager -- Exporting webdriver.chrome.driver as C:\Users\sasitharan\.cache\selenium\chromedriver\win64\131.0.6778.204\chromedriver.exe
16:09:48.112 [AsyncHttpClient-1-5] DEBUG org.asynchttpclient.netty.channel.NettyConnectListener -- Using new Channel '[id: 0x6b384779, L:/127.0.0.1:49228 - R:localhost/127.0.0.1:43961]' for 'POST' to '/session'
16:09:48.417 [AsyncHttpClient-1-1] DEBUG org.asynchttpclient.netty.channel.DefaultChannelPool -- Entry count for : http://localhost:49210 : 1
16:09:48.417 [AsyncHttpClient-1-1] DEBUG org.asynchttpclient.netty.channel.DefaultChannelPool -- Entry count for : http://localhost:27462 : 1
16:09:48.417 [AsyncHttpClient-1-1] DEBUG org.asynchttpclient.netty.channel.DefaultChannelPool -- Adding Candidate expired Channel [id: 0xbc9ec124, L:/127.0.0.1:49216 ! R:localhost/127.0.0.1:49210] isIdleTimeoutExpired=false isRemotelyClosed=true isTtlExpired=false
16:09:48.417 [AsyncHttpClient-1-1] DEBUG org.asynchttpclient.netty.channel.DefaultChannelPool -- Closing Idle Channel [id: 0xbc9ec124, L:/127.0.0.1:49216 ! R:localhost/127.0.0.1:49210]
16:09:48.418 [AsyncHttpClient-1-1] DEBUG org.asynchttpclient.netty.channel.DefaultChannelPool -- Adding Candidate expired Channel [id: 0xffbf3851, L:/127.0.0.1:49209 ! R:localhost/127.0.0.1:27462] isIdleTimeoutExpired=false isRemotelyClosed=true isTtlExpired=false
16:09:48.418 [AsyncHttpClient-1-1] DEBUG org.asynchttpclient.netty.channel.DefaultChannelPool -- Closing Idle Channel [id: 0xffbf3851, L:/127.0.0.1:49209 ! R:localhost/127.0.0.1:27462]
16:09:48.418 [AsyncHttpClient-1-1] DEBUG org.asynchttpclient.netty.channel.DefaultChannelPool -- Closed 2 connections out of 2 in 1 ms
16:09:48.817 [AsyncHttpClient-1-5] DEBUG org.asynchttpclient.netty.handler.HttpHandler -- 

Request DefaultHttpRequest(decodeResult: success, version: HTTP/1.1)
POST /session HTTP/1.1
User-Agent: selenium/4.12.0 (java windows)
Content-Length: 254
Content-Type: application/json; charset=utf-8
host: localhost:43961
accept: */*

Response DefaultHttpResponse(decodeResult: success, version: HTTP/1.1)
HTTP/1.1 200 OK
Content-Length: 886
Content-Type: application/json; charset=utf-8
cache-control: no-cache

16:09:48.817 [AsyncHttpClient-1-5] DEBUG org.asynchttpclient.netty.channel.ChannelManager -- Adding key: http://localhost:43961 for channel [id: 0x6b384779, L:/127.0.0.1:49228 - R:localhost/127.0.0.1:43961]
16:09:48.833 [AsyncHttpClient-1-6] DEBUG org.asynchttpclient.netty.channel.NettyConnectListener -- Using new Channel '[id: 0xa34547f2, L:/127.0.0.1:49235 - R:localhost/127.0.0.1:49229]' for 'GET' to '/json/version'
16:09:48.835 [AsyncHttpClient-1-6] DEBUG org.asynchttpclient.netty.handler.HttpHandler -- 

Request DefaultFullHttpRequest(decodeResult: success, version: HTTP/1.1, content: EmptyByteBufBE)
GET /json/version HTTP/1.1
User-Agent: selenium/4.12.0 (java windows)
host: localhost:49229
accept: */*

Response DefaultHttpResponse(decodeResult: success, version: HTTP/1.1)
HTTP/1.1 200 OK
Content-Security-Policy: frame-ancestors 'none'
Content-Length: 424
Content-Type: application/json; charset=UTF-8

16:09:48.836 [AsyncHttpClient-1-6] DEBUG org.asynchttpclient.netty.channel.ChannelManager -- Adding key: http://localhost:49229 for channel [id: 0xa34547f2, L:/127.0.0.1:49235 - R:localhost/127.0.0.1:49229]
16:09:48.840 [AsyncHttpClient-1-7] DEBUG org.asynchttpclient.netty.channel.NettyConnectListener -- Using new Channel '[id: 0xa8fecbd7, L:/127.0.0.1:49236 - R:localhost/127.0.0.1:49229]' for 'GET' to '/devtools/browser/3733dd2e-243c-4a97-9b3f-a9bb60285cd8'
16:09:48.844 [AsyncHttpClient-1-7] DEBUG org.asynchttpclient.netty.handler.WebSocketHandler -- 

Request DefaultFullHttpRequest(decodeResult: success, version: HTTP/1.1, content: EmptyByteBufBE)
GET /devtools/browser/3733dd2e-243c-4a97-9b3f-a9bb60285cd8 HTTP/1.1
upgrade: websocket
connection: upgrade
sec-websocket-key: BfYARHa0OZQtgu2cfo0L6Q==
sec-websocket-version: 13
origin: http://localhost:49229
host: localhost:49229
accept: */*
user-agent: AHC/2.1

Response DefaultHttpResponse(decodeResult: success, version: HTTP/1.1)
HTTP/1.1 101 WebSocket Protocol Handshake
Upgrade: WebSocket
Connection: Upgrade
Sec-WebSocket-Accept: IinAZhkUnhxPMEJF+nKXFOpwVgg=

16:09:48.850 [Forwarding maximizeCurrentWindow on session c2a64e68dda94a97c2ca1d1cde411a18 to remote] DEBUG org.asynchttpclient.netty.request.NettyRequestSender -- Using pooled Channel '[id: 0x6b384779, L:/127.0.0.1:49228 - R:localhost/127.0.0.1:43961]' for 'POST' to 'http://localhost:43961/session/c2a64e68dda94a97c2ca1d1cde411a18/window/maximize'
16:09:48.850 [Forwarding maximizeCurrentWindow on session c2a64e68dda94a97c2ca1d1cde411a18 to remote] DEBUG org.asynchttpclient.netty.request.NettyRequestSender -- Using open Channel [id: 0x6b384779, L:/127.0.0.1:49228 - R:localhost/127.0.0.1:43961] for POST '/session/c2a64e68dda94a97c2ca1d1cde411a18/window/maximize'
16:09:48.890 [AsyncHttpClient-1-5] DEBUG org.asynchttpclient.netty.handler.HttpHandler -- 

Request DefaultHttpRequest(decodeResult: success, version: HTTP/1.1)
POST /session/c2a64e68dda94a97c2ca1d1cde411a18/window/maximize HTTP/1.1
User-Agent: selenium/4.12.0 (java windows)
Content-Length: 3
Content-Type: application/json; charset=utf-8
host: localhost:43961
accept: */*

Response DefaultHttpResponse(decodeResult: success, version: HTTP/1.1)
HTTP/1.1 200 OK
Content-Length: 51
Content-Type: application/json; charset=utf-8
cache-control: no-cache

16:09:48.890 [AsyncHttpClient-1-5] DEBUG org.asynchttpclient.netty.channel.ChannelManager -- Adding key: http://localhost:43961 for channel [id: 0x6b384779, L:/127.0.0.1:49228 - R:localhost/127.0.0.1:43961]
16:09:48.892 [Forwarding get on session c2a64e68dda94a97c2ca1d1cde411a18 to remote] DEBUG org.asynchttpclient.netty.request.NettyRequestSender -- Using pooled Channel '[id: 0x6b384779, L:/127.0.0.1:49228 - R:localhost/127.0.0.1:43961]' for 'POST' to 'http://localhost:43961/session/c2a64e68dda94a97c2ca1d1cde411a18/url'
16:09:48.892 [Forwarding get on session c2a64e68dda94a97c2ca1d1cde411a18 to remote] DEBUG org.asynchttpclient.netty.request.NettyRequestSender -- Using open Channel [id: 0x6b384779, L:/127.0.0.1:49228 - R:localhost/127.0.0.1:43961] for POST '/session/c2a64e68dda94a97c2ca1d1cde411a18/url'
16:09:49.517 [AsyncHttpClient-1-1] DEBUG org.asynchttpclient.netty.channel.DefaultChannelPool -- Entry count for : http://localhost:49229 : 1
16:09:49.753 [AsyncHttpClient-1-5] DEBUG org.asynchttpclient.netty.handler.HttpHandler -- 

Request DefaultHttpRequest(decodeResult: success, version: HTTP/1.1)
POST /session/c2a64e68dda94a97c2ca1d1cde411a18/url HTTP/1.1
User-Agent: selenium/4.12.0 (java windows)
Content-Length: 58
Content-Type: application/json; charset=utf-8
host: localhost:43961
accept: */*

Response DefaultHttpResponse(decodeResult: success, version: HTTP/1.1)
HTTP/1.1 200 OK
Content-Length: 14
Content-Type: application/json; charset=utf-8
cache-control: no-cache

16:09:49.754 [AsyncHttpClient-1-5] DEBUG org.asynchttpclient.netty.channel.ChannelManager -- Adding key: http://localhost:43961 for channel [id: 0x6b384779, L:/127.0.0.1:49228 - R:localhost/127.0.0.1:43961]
16:09:49.756 [Forwarding findElements on session c2a64e68dda94a97c2ca1d1cde411a18 to remote] DEBUG org.asynchttpclient.netty.request.NettyRequestSender -- Using pooled Channel '[id: 0x6b384779, L:/127.0.0.1:49228 - R:localhost/127.0.0.1:43961]' for 'POST' to 'http://localhost:43961/session/c2a64e68dda94a97c2ca1d1cde411a18/elements'
16:09:49.756 [Forwarding findElements on session c2a64e68dda94a97c2ca1d1cde411a18 to remote] DEBUG org.asynchttpclient.netty.request.NettyRequestSender -- Using open Channel [id: 0x6b384779, L:/127.0.0.1:49228 - R:localhost/127.0.0.1:43961] for POST '/session/c2a64e68dda94a97c2ca1d1cde411a18/elements'
16:09:49.772 [AsyncHttpClient-1-5] DEBUG org.asynchttpclient.netty.handler.HttpHandler -- 

Request DefaultHttpRequest(decodeResult: success, version: HTTP/1.1)
POST /session/c2a64e68dda94a97c2ca1d1cde411a18/elements HTTP/1.1
User-Agent: selenium/4.12.0 (java windows)
Content-Length: 41
Content-Type: application/json; charset=utf-8
host: localhost:43961
accept: */*

Response DefaultHttpResponse(decodeResult: success, version: HTTP/1.1)
HTTP/1.1 200 OK
Content-Length: 478
Content-Type: application/json; charset=utf-8
cache-control: no-cache

16:09:49.772 [AsyncHttpClient-1-5] DEBUG org.asynchttpclient.netty.channel.ChannelManager -- Adding key: http://localhost:43961 for channel [id: 0x6b384779, L:/127.0.0.1:49228 - R:localhost/127.0.0.1:43961]
16:09:49.775 [Forwarding getElementAttribute on session c2a64e68dda94a97c2ca1d1cde411a18 to remote] DEBUG org.asynchttpclient.netty.request.NettyRequestSender -- Using pooled Channel '[id: 0x6b384779, L:/127.0.0.1:49228 - R:localhost/127.0.0.1:43961]' for 'POST' to 'http://localhost:43961/session/c2a64e68dda94a97c2ca1d1cde411a18/execute/sync'
16:09:49.775 [Forwarding getElementAttribute on session c2a64e68dda94a97c2ca1d1cde411a18 to remote] DEBUG org.asynchttpclient.netty.request.NettyRequestSender -- Using open Channel [id: 0x6b384779, L:/127.0.0.1:49228 - R:localhost/127.0.0.1:43961] for POST '/session/c2a64e68dda94a97c2ca1d1cde411a18/execute/sync'
16:09:49.788 [AsyncHttpClient-1-5] DEBUG org.asynchttpclient.netty.handler.HttpHandler -- 

Request DefaultHttpRequest(decodeResult: success, version: HTTP/1.1)
POST /session/c2a64e68dda94a97c2ca1d1cde411a18/execute/sync HTTP/1.1
User-Agent: selenium/4.12.0 (java windows)
Content-Length: 47293
Content-Type: application/json; charset=utf-8
host: localhost:43961
accept: */*

Response DefaultHttpResponse(decodeResult: success, version: HTTP/1.1)
HTTP/1.1 200 OK
Content-Length: 41
Content-Type: application/json; charset=utf-8
cache-control: no-cache

16:09:49.789 [AsyncHttpClient-1-5] DEBUG org.asynchttpclient.netty.channel.ChannelManager -- Adding key: http://localhost:43961 for channel [id: 0x6b384779, L:/127.0.0.1:49228 - R:localhost/127.0.0.1:43961]
16:09:49.789 [Forwarding getElementText on session c2a64e68dda94a97c2ca1d1cde411a18 to remote] DEBUG org.asynchttpclient.netty.request.NettyRequestSender -- Using pooled Channel '[id: 0x6b384779, L:/127.0.0.1:49228 - R:localhost/127.0.0.1:43961]' for 'GET' to 'http://localhost:43961/session/c2a64e68dda94a97c2ca1d1cde411a18/element/f.EBB03C9CD70E015B96FFA94640EF41A0.d.3E70CD6F3B31EA722BDFD8A4CF0E3ED1.e.9/text'
16:09:49.789 [Forwarding getElementText on session c2a64e68dda94a97c2ca1d1cde411a18 to remote] DEBUG org.asynchttpclient.netty.request.NettyRequestSender -- Using open Channel [id: 0x6b384779, L:/127.0.0.1:49228 - R:localhost/127.0.0.1:43961] for GET '/session/c2a64e68dda94a97c2ca1d1cde411a18/element/f.EBB03C9CD70E015B96FFA94640EF41A0.d.3E70CD6F3B31EA722BDFD8A4CF0E3ED1.e.9/text'
16:09:49.802 [AsyncHttpClient-1-5] DEBUG org.asynchttpclient.netty.handler.HttpHandler -- 

Request DefaultFullHttpRequest(decodeResult: success, version: HTTP/1.1, content: EmptyByteBufBE)
GET /session/c2a64e68dda94a97c2ca1d1cde411a18/element/f.EBB03C9CD70E015B96FFA94640EF41A0.d.3E70CD6F3B31EA722BDFD8A4CF0E3ED1.e.9/text HTTP/1.1
Cache-Control: no-cache
User-Agent: selenium/4.12.0 (java windows)
Content-Type: application/json; charset=utf-8
host: localhost:43961
accept: */*

Response DefaultHttpResponse(decodeResult: success, version: HTTP/1.1)
HTTP/1.1 200 OK
Content-Length: 24
Content-Type: application/json; charset=utf-8
cache-control: no-cache

16:09:49.802 [AsyncHttpClient-1-5] DEBUG org.asynchttpclient.netty.channel.ChannelManager -- Adding key: http://localhost:43961 for channel [id: 0x6b384779, L:/127.0.0.1:49228 - R:localhost/127.0.0.1:43961]
16:09:49.804 [Forwarding getElementAttribute on session c2a64e68dda94a97c2ca1d1cde411a18 to remote] DEBUG org.asynchttpclient.netty.request.NettyRequestSender -- Using pooled Channel '[id: 0x6b384779, L:/127.0.0.1:49228 - R:localhost/127.0.0.1:43961]' for 'POST' to 'http://localhost:43961/session/c2a64e68dda94a97c2ca1d1cde411a18/execute/sync'
16:09:49.804 [Forwarding getElementAttribute on session c2a64e68dda94a97c2ca1d1cde411a18 to remote] DEBUG org.asynchttpclient.netty.request.NettyRequestSender -- Using open Channel [id: 0x6b384779, L:/127.0.0.1:49228 - R:localhost/127.0.0.1:43961] for POST '/session/c2a64e68dda94a97c2ca1d1cde411a18/execute/sync'
16:09:49.813 [AsyncHttpClient-1-5] DEBUG org.asynchttpclient.netty.handler.HttpHandler -- 

Request DefaultHttpRequest(decodeResult: success, version: HTTP/1.1)
POST /session/c2a64e68dda94a97c2ca1d1cde411a18/execute/sync HTTP/1.1
User-Agent: selenium/4.12.0 (java windows)
Content-Length: 47294
Content-Type: application/json; charset=utf-8
host: localhost:43961
accept: */*

Response DefaultHttpResponse(decodeResult: success, version: HTTP/1.1)
HTTP/1.1 200 OK
Content-Length: 49
Content-Type: application/json; charset=utf-8
cache-control: no-cache

16:09:49.813 [AsyncHttpClient-1-5] DEBUG org.asynchttpclient.netty.channel.ChannelManager -- Adding key: http://localhost:43961 for channel [id: 0x6b384779, L:/127.0.0.1:49228 - R:localhost/127.0.0.1:43961]
16:09:49.814 [Forwarding getElementText on session c2a64e68dda94a97c2ca1d1cde411a18 to remote] DEBUG org.asynchttpclient.netty.request.NettyRequestSender -- Using pooled Channel '[id: 0x6b384779, L:/127.0.0.1:49228 - R:localhost/127.0.0.1:43961]' for 'GET' to 'http://localhost:43961/session/c2a64e68dda94a97c2ca1d1cde411a18/element/f.EBB03C9CD70E015B96FFA94640EF41A0.d.3E70CD6F3B31EA722BDFD8A4CF0E3ED1.e.21/text'
16:09:49.814 [Forwarding getElementText on session c2a64e68dda94a97c2ca1d1cde411a18 to remote] DEBUG org.asynchttpclient.netty.request.NettyRequestSender -- Using open Channel [id: 0x6b384779, L:/127.0.0.1:49228 - R:localhost/127.0.0.1:43961] for GET '/session/c2a64e68dda94a97c2ca1d1cde411a18/element/f.EBB03C9CD70E015B96FFA94640EF41A0.d.3E70CD6F3B31EA722BDFD8A4CF0E3ED1.e.21/text'
16:09:49.820 [AsyncHttpClient-1-5] DEBUG org.asynchttpclient.netty.handler.HttpHandler -- 

Request DefaultFullHttpRequest(decodeResult: success, version: HTTP/1.1, content: EmptyByteBufBE)
GET /session/c2a64e68dda94a97c2ca1d1cde411a18/element/f.EBB03C9CD70E015B96FFA94640EF41A0.d.3E70CD6F3B31EA722BDFD8A4CF0E3ED1.e.21/text HTTP/1.1
Cache-Control: no-cache
User-Agent: selenium/4.12.0 (java windows)
Content-Type: application/json; charset=utf-8
host: localhost:43961
accept: */*

Response DefaultHttpResponse(decodeResult: success, version: HTTP/1.1)
HTTP/1.1 200 OK
Content-Length: 20
Content-Type: application/json; charset=utf-8
cache-control: no-cache

16:09:49.820 [AsyncHttpClient-1-5] DEBUG org.asynchttpclient.netty.channel.ChannelManager -- Adding key: http://localhost:43961 for channel [id: 0x6b384779, L:/127.0.0.1:49228 - R:localhost/127.0.0.1:43961]
16:09:49.821 [Forwarding getElementAttribute on session c2a64e68dda94a97c2ca1d1cde411a18 to remote] DEBUG org.asynchttpclient.netty.request.NettyRequestSender -- Using pooled Channel '[id: 0x6b384779, L:/127.0.0.1:49228 - R:localhost/127.0.0.1:43961]' for 'POST' to 'http://localhost:43961/session/c2a64e68dda94a97c2ca1d1cde411a18/execute/sync'
16:09:49.821 [Forwarding getElementAttribute on session c2a64e68dda94a97c2ca1d1cde411a18 to remote] DEBUG org.asynchttpclient.netty.request.NettyRequestSender -- Using open Channel [id: 0x6b384779, L:/127.0.0.1:49228 - R:localhost/127.0.0.1:43961] for POST '/session/c2a64e68dda94a97c2ca1d1cde411a18/execute/sync'
16:09:49.830 [AsyncHttpClient-1-5] DEBUG org.asynchttpclient.netty.handler.HttpHandler -- 

Request DefaultHttpRequest(decodeResult: success, version: HTTP/1.1)
POST /session/c2a64e68dda94a97c2ca1d1cde411a18/execute/sync HTTP/1.1
User-Agent: selenium/4.12.0 (java windows)
Content-Length: 47294
Content-Type: application/json; charset=utf-8
host: localhost:43961
accept: */*

Response DefaultHttpResponse(decodeResult: success, version: HTTP/1.1)
HTTP/1.1 200 OK
Content-Length: 37
Content-Type: application/json; charset=utf-8
cache-control: no-cache

16:09:49.832 [AsyncHttpClient-1-5] DEBUG org.asynchttpclient.netty.channel.ChannelManager -- Adding key: http://localhost:43961 for channel [id: 0x6b384779, L:/127.0.0.1:49228 - R:localhost/127.0.0.1:43961]
16:09:49.832 [Forwarding getElementText on session c2a64e68dda94a97c2ca1d1cde411a18 to remote] DEBUG org.asynchttpclient.netty.request.NettyRequestSender -- Using pooled Channel '[id: 0x6b384779, L:/127.0.0.1:49228 - R:localhost/127.0.0.1:43961]' for 'GET' to 'http://localhost:43961/session/c2a64e68dda94a97c2ca1d1cde411a18/element/f.EBB03C9CD70E015B96FFA94640EF41A0.d.3E70CD6F3B31EA722BDFD8A4CF0E3ED1.e.22/text'
16:09:49.832 [Forwarding getElementText on session c2a64e68dda94a97c2ca1d1cde411a18 to remote] DEBUG org.asynchttpclient.netty.request.NettyRequestSender -- Using open Channel [id: 0x6b384779, L:/127.0.0.1:49228 - R:localhost/127.0.0.1:43961] for GET '/session/c2a64e68dda94a97c2ca1d1cde411a18/element/f.EBB03C9CD70E015B96FFA94640EF41A0.d.3E70CD6F3B31EA722BDFD8A4CF0E3ED1.e.22/text'
16:09:49.839 [AsyncHttpClient-1-5] DEBUG org.asynchttpclient.netty.handler.HttpHandler -- 

Request DefaultFullHttpRequest(decodeResult: success, version: HTTP/1.1, content: EmptyByteBufBE)
GET /session/c2a64e68dda94a97c2ca1d1cde411a18/element/f.EBB03C9CD70E015B96FFA94640EF41A0.d.3E70CD6F3B31EA722BDFD8A4CF0E3ED1.e.22/text HTTP/1.1
Cache-Control: no-cache
User-Agent: selenium/4.12.0 (java windows)
Content-Type: application/json; charset=utf-8
host: localhost:43961
accept: */*

Response DefaultHttpResponse(decodeResult: success, version: HTTP/1.1)
HTTP/1.1 200 OK
Content-Length: 12
Content-Type: application/json; charset=utf-8
cache-control: no-cache

16:09:49.840 [AsyncHttpClient-1-5] DEBUG org.asynchttpclient.netty.channel.ChannelManager -- Adding key: http://localhost:43961 for channel [id: 0x6b384779, L:/127.0.0.1:49228 - R:localhost/127.0.0.1:43961]
16:09:49.841 [Forwarding getElementAttribute on session c2a64e68dda94a97c2ca1d1cde411a18 to remote] DEBUG org.asynchttpclient.netty.request.NettyRequestSender -- Using pooled Channel '[id: 0x6b384779, L:/127.0.0.1:49228 - R:localhost/127.0.0.1:43961]' for 'POST' to 'http://localhost:43961/session/c2a64e68dda94a97c2ca1d1cde411a18/execute/sync'
16:09:49.841 [Forwarding getElementAttribute on session c2a64e68dda94a97c2ca1d1cde411a18 to remote] DEBUG org.asynchttpclient.netty.request.NettyRequestSender -- Using open Channel [id: 0x6b384779, L:/127.0.0.1:49228 - R:localhost/127.0.0.1:43961] for POST '/session/c2a64e68dda94a97c2ca1d1cde411a18/execute/sync'
16:09:49.850 [AsyncHttpClient-1-5] DEBUG org.asynchttpclient.netty.handler.HttpHandler -- 

Request DefaultHttpRequest(decodeResult: success, version: HTTP/1.1)
POST /session/c2a64e68dda94a97c2ca1d1cde411a18/execute/sync HTTP/1.1
User-Agent: selenium/4.12.0 (java windows)
Content-Length: 47294
Content-Type: application/json; charset=utf-8
host: localhost:43961
accept: */*

Response DefaultHttpResponse(decodeResult: success, version: HTTP/1.1)
HTTP/1.1 200 OK
Content-Length: 36
Content-Type: application/json; charset=utf-8
cache-control: no-cache

16:09:49.851 [AsyncHttpClient-1-5] DEBUG org.asynchttpclient.netty.channel.ChannelManager -- Adding key: http://localhost:43961 for channel [id: 0x6b384779, L:/127.0.0.1:49228 - R:localhost/127.0.0.1:43961]
16:09:49.851 [Forwarding getElementText on session c2a64e68dda94a97c2ca1d1cde411a18 to remote] DEBUG org.asynchttpclient.netty.request.NettyRequestSender -- Using pooled Channel '[id: 0x6b384779, L:/127.0.0.1:49228 - R:localhost/127.0.0.1:43961]' for 'GET' to 'http://localhost:43961/session/c2a64e68dda94a97c2ca1d1cde411a18/element/f.EBB03C9CD70E015B96FFA94640EF41A0.d.3E70CD6F3B31EA722BDFD8A4CF0E3ED1.e.23/text'
16:09:49.851 [Forwarding getElementText on session c2a64e68dda94a97c2ca1d1cde411a18 to remote] DEBUG org.asynchttpclient.netty.request.NettyRequestSender -- Using open Channel [id: 0x6b384779, L:/127.0.0.1:49228 - R:localhost/127.0.0.1:43961] for GET '/session/c2a64e68dda94a97c2ca1d1cde411a18/element/f.EBB03C9CD70E015B96FFA94640EF41A0.d.3E70CD6F3B31EA722BDFD8A4CF0E3ED1.e.23/text'
16:09:49.858 [AsyncHttpClient-1-5] DEBUG org.asynchttpclient.netty.handler.HttpHandler -- 

Request DefaultFullHttpRequest(decodeResult: success, version: HTTP/1.1, content: EmptyByteBufBE)
GET /session/c2a64e68dda94a97c2ca1d1cde411a18/element/f.EBB03C9CD70E015B96FFA94640EF41A0.d.3E70CD6F3B31EA722BDFD8A4CF0E3ED1.e.23/text HTTP/1.1
Cache-Control: no-cache
User-Agent: selenium/4.12.0 (java windows)
Content-Type: application/json; charset=utf-8
host: localhost:43961
accept: */*

Response DefaultHttpResponse(decodeResult: success, version: HTTP/1.1)
HTTP/1.1 200 OK
Content-Length: 12
Content-Type: application/json; charset=utf-8
cache-control: no-cache

16:09:49.858 [AsyncHttpClient-1-5] DEBUG org.asynchttpclient.netty.channel.ChannelManager -- Adding key: http://localhost:43961 for channel [id: 0x6b384779, L:/127.0.0.1:49228 - R:localhost/127.0.0.1:43961]
]]></system-out>
    <system-err><![CDATA[Jan 02, 2025 4:09:48 PM org.openqa.selenium.devtools.CdpVersionFinder findNearestMatch
WARNING: Unable to find CDP implementation matching 131
Jan 02, 2025 4:09:48 PM org.openqa.selenium.chromium.ChromiumDriver lambda$new$5
WARNING: Unable to find version of CDP to use for 131.0.6778.205. You may need to include a dependency on a specific version of the CDP using something similar to `org.seleniumhq.selenium:selenium-devtools-v86:4.12.0` where the version ("v86") matches the version of the chromium-based browser you're using and the version number of the artifact is the same as Selenium's.
]]></system-err>
  </testcase>
  <testcase name="testCommentCharacterLimit" classname="UITestCases.BuggyCarsUITests" time="0.293">
    <failure message="expected [true] but found [false]" type="java.lang.AssertionError"><![CDATA[java.lang.AssertionError: expected [true] but found [false]
	at org.testng.Assert.fail(Assert.java:110)
	at org.testng.Assert.failNotEquals(Assert.java:1413)
	at org.testng.Assert.assertTrue(Assert.java:56)
	at org.testng.Assert.assertTrue(Assert.java:66)
	at UITestCases.BuggyCarsUITests.testLoginWithValidCredentials(BuggyCarsUITests.java:44)
	at UITestCases.BuggyCarsUITests.testCommentCharacterLimit(BuggyCarsUITests.java:117)
	at java.base/jdk.internal.reflect.NativeMethodAccessorImpl.invoke0(Native Method)
	at java.base/jdk.internal.reflect.NativeMethodAccessorImpl.invoke(NativeMethodAccessorImpl.java:77)
	at java.base/jdk.internal.reflect.DelegatingMethodAccessorImpl.invoke(DelegatingMethodAccessorImpl.java:43)
	at java.base/java.lang.reflect.Method.invoke(Method.java:568)
	at org.testng.internal.invokers.MethodInvocationHelper.invokeMethod(MethodInvocationHelper.java:139)
	at org.testng.internal.invokers.TestInvoker.invokeMethod(TestInvoker.java:677)
	at org.testng.internal.invokers.TestInvoker.invokeTestMethod(TestInvoker.java:221)
	at org.testng.internal.invokers.MethodRunner.runInSequence(MethodRunner.java:50)
	at org.testng.internal.invokers.TestInvoker$MethodInvocationAgent.invoke(TestInvoker.java:969)
	at org.testng.internal.invokers.TestInvoker.invokeTestMethods(TestInvoker.java:194)
	at org.testng.internal.invokers.TestMethodWorker.invokeTestMethods(TestMethodWorker.java:148)
	at org.testng.internal.invokers.TestMethodWorker.run(TestMethodWorker.java:128)
	at java.base/java.util.ArrayList.forEach(ArrayList.java:1511)
	at org.testng.TestRunner.privateRun(TestRunner.java:829)
	at org.testng.TestRunner.run(TestRunner.java:602)
	at org.testng.SuiteRunner.runTest(SuiteRunner.java:437)
	at org.testng.SuiteRunner.runSequentially(SuiteRunner.java:431)
	at org.testng.SuiteRunner.privateRun(SuiteRunner.java:391)
	at org.testng.SuiteRunner.run(SuiteRunner.java:330)
	at org.testng.SuiteRunnerWorker.runSuite(SuiteRunnerWorker.java:52)
	at org.testng.SuiteRunnerWorker.run(SuiteRunnerWorker.java:95)
	at org.testng.TestNG.runSuitesSequentially(TestNG.java:1256)
	at org.testng.TestNG.runSuitesLocally(TestNG.java:1176)
	at org.testng.TestNG.runSuites(TestNG.java:1099)
	at org.testng.TestNG.run(TestNG.java:1067)
	at org.apache.maven.surefire.testng.TestNGExecutor.run(TestNGExecutor.java:324)
	at org.apache.maven.surefire.testng.TestNGXmlTestSuite.execute(TestNGXmlTestSuite.java:74)
	at org.apache.maven.surefire.testng.TestNGProvider.invoke(TestNGProvider.java:123)
	at org.apache.maven.surefire.booter.ForkedBooter.runSuitesInProcess(ForkedBooter.java:456)
	at org.apache.maven.surefire.booter.ForkedBooter.execute(ForkedBooter.java:169)
	at org.apache.maven.surefire.booter.ForkedBooter.run(ForkedBooter.java:595)
	at org.apache.maven.surefire.booter.ForkedBooter.main(ForkedBooter.java:581)
]]></failure>
    <system-out><![CDATA[16:09:49.869 [Driver Command Executor] DEBUG org.asynchttpclient.netty.request.NettyRequestSender -- Using pooled Channel '[id: 0x6b384779, L:/127.0.0.1:49228 - R:localhost/127.0.0.1:43961]' for 'DELETE' to 'http://localhost:43961/session/c2a64e68dda94a97c2ca1d1cde411a18'
16:09:49.869 [AsyncHttpClient-1-7] DEBUG org.asynchttpclient.netty.handler.WebSocketHandler -- Channel Closed: [id: 0xa8fecbd7, L:/127.0.0.1:49236 ! R:localhost/127.0.0.1:49229] with attribute DISCARD
16:09:49.869 [Driver Command Executor] DEBUG org.asynchttpclient.netty.request.NettyRequestSender -- Using open Channel [id: 0x6b384779, L:/127.0.0.1:49228 - R:localhost/127.0.0.1:43961] for DELETE '/session/c2a64e68dda94a97c2ca1d1cde411a18'
16:09:49.896 [AsyncHttpClient-1-6] DEBUG org.asynchttpclient.netty.handler.HttpHandler -- Unexpected I/O exception on channel [id: 0xa34547f2, L:/127.0.0.1:49235 - R:localhost/127.0.0.1:49229]
java.net.SocketException: Connection reset
	at java.base/sun.nio.ch.SocketChannelImpl.throwConnectionReset(SocketChannelImpl.java:394)
	at java.base/sun.nio.ch.SocketChannelImpl.read(SocketChannelImpl.java:426)
	at io.netty.buffer.PooledByteBuf.setBytes(PooledByteBuf.java:254)
	at io.netty.buffer.AbstractByteBuf.writeBytes(AbstractByteBuf.java:1132)
	at io.netty.channel.socket.nio.NioSocketChannel.doReadBytes(NioSocketChannel.java:357)
	at io.netty.channel.nio.AbstractNioByteChannel$NioByteUnsafe.read(AbstractNioByteChannel.java:151)
	at io.netty.channel.nio.NioEventLoop.processSelectedKey(NioEventLoop.java:788)
	at io.netty.channel.nio.NioEventLoop.processSelectedKeysOptimized(NioEventLoop.java:724)
	at io.netty.channel.nio.NioEventLoop.processSelectedKeys(NioEventLoop.java:650)
	at io.netty.channel.nio.NioEventLoop.run(NioEventLoop.java:562)
	at io.netty.util.concurrent.SingleThreadEventExecutor$4.run(SingleThreadEventExecutor.java:997)
	at io.netty.util.internal.ThreadExecutorMap$2.run(ThreadExecutorMap.java:74)
	at io.netty.util.concurrent.FastThreadLocalRunnable.run(FastThreadLocalRunnable.java:30)
	at java.base/java.lang.Thread.run(Thread.java:842)
16:09:49.897 [AsyncHttpClient-1-6] DEBUG org.asynchttpclient.netty.channel.ChannelManager -- Closing Channel [id: 0xa34547f2, L:/127.0.0.1:49235 - R:localhost/127.0.0.1:49229] 
16:09:49.897 [AsyncHttpClient-1-6] DEBUG org.asynchttpclient.netty.handler.HttpHandler -- Channel Closed: [id: 0xa34547f2, L:/127.0.0.1:49235 ! R:localhost/127.0.0.1:49229] with attribute DISCARD
16:09:49.914 [AsyncHttpClient-1-5] DEBUG org.asynchttpclient.netty.handler.HttpHandler -- 

Request DefaultFullHttpRequest(decodeResult: success, version: HTTP/1.1, content: EmptyByteBufBE)
DELETE /session/c2a64e68dda94a97c2ca1d1cde411a18 HTTP/1.1
User-Agent: selenium/4.12.0 (java windows)
Content-Type: application/json; charset=utf-8
host: localhost:43961
accept: */*

Response DefaultHttpResponse(decodeResult: success, version: HTTP/1.1)
HTTP/1.1 200 OK
Content-Length: 14
Content-Type: application/json; charset=utf-8
cache-control: no-cache

16:09:49.915 [AsyncHttpClient-1-5] DEBUG org.asynchttpclient.netty.channel.ChannelManager -- Adding key: http://localhost:43961 for channel [id: 0x6b384779, L:/127.0.0.1:49228 - R:localhost/127.0.0.1:43961]
16:09:50.013 [AsyncHttpClient-1-5] DEBUG org.asynchttpclient.netty.handler.HttpHandler -- Channel Closed: [id: 0x6b384779, L:/127.0.0.1:49228 ! R:localhost/127.0.0.1:43961] with attribute DISCARD
16:09:50.075 [main] DEBUG io.github.bonigarcia.wdm.WebDriverManager -- Using WebDriverManager 5.5.3
16:09:50.083 [main] DEBUG io.github.bonigarcia.wdm.cache.ResolutionCache -- Resolution chrome=131 in cache (valid until 17:09:45 02/01/2025 IST)
16:09:50.084 [main] DEBUG io.github.bonigarcia.wdm.cache.ResolutionCache -- Resolution chrome131=131.0.6778.204 in cache (valid until 14:21:23 03/01/2025 IST)
16:09:50.084 [main] INFO io.github.bonigarcia.wdm.WebDriverManager -- Using chromedriver 131.0.6778.204 (resolved driver for Chrome 131)
16:09:50.087 [main] DEBUG io.github.bonigarcia.wdm.WebDriverManager -- Driver chromedriver 131.0.6778.204 found in cache
16:09:50.088 [main] INFO io.github.bonigarcia.wdm.WebDriverManager -- Exporting webdriver.chrome.driver as C:\Users\sasitharan\.cache\selenium\chromedriver\win64\131.0.6778.204\chromedriver.exe
16:09:50.154 [AsyncHttpClient-1-8] DEBUG org.asynchttpclient.netty.channel.NettyConnectListener -- Using new Channel '[id: 0x90405862, L:/127.0.0.1:49247 - R:localhost/127.0.0.1:45375]' for 'POST' to '/session'
16:09:50.620 [AsyncHttpClient-1-1] DEBUG org.asynchttpclient.netty.channel.DefaultChannelPool -- Entry count for : http://localhost:49229 : 1
16:09:50.620 [AsyncHttpClient-1-1] DEBUG org.asynchttpclient.netty.channel.DefaultChannelPool -- Entry count for : http://localhost:43961 : 1
16:09:50.620 [AsyncHttpClient-1-1] DEBUG org.asynchttpclient.netty.channel.DefaultChannelPool -- Adding Candidate expired Channel [id: 0xa34547f2, L:/127.0.0.1:49235 ! R:localhost/127.0.0.1:49229] isIdleTimeoutExpired=false isRemotelyClosed=true isTtlExpired=false
16:09:50.620 [AsyncHttpClient-1-1] DEBUG org.asynchttpclient.netty.channel.DefaultChannelPool -- Closing Idle Channel [id: 0xa34547f2, L:/127.0.0.1:49235 ! R:localhost/127.0.0.1:49229]
16:09:50.622 [AsyncHttpClient-1-1] DEBUG org.asynchttpclient.netty.channel.DefaultChannelPool -- Adding Candidate expired Channel [id: 0x6b384779, L:/127.0.0.1:49228 ! R:localhost/127.0.0.1:43961] isIdleTimeoutExpired=false isRemotelyClosed=true isTtlExpired=false
16:09:50.622 [AsyncHttpClient-1-1] DEBUG org.asynchttpclient.netty.channel.DefaultChannelPool -- Closing Idle Channel [id: 0x6b384779, L:/127.0.0.1:49228 ! R:localhost/127.0.0.1:43961]
16:09:50.622 [AsyncHttpClient-1-1] DEBUG org.asynchttpclient.netty.channel.DefaultChannelPool -- Closed 2 connections out of 2 in 2 ms
16:09:50.817 [AsyncHttpClient-1-8] DEBUG org.asynchttpclient.netty.handler.HttpHandler -- 

Request DefaultHttpRequest(decodeResult: success, version: HTTP/1.1)
POST /session HTTP/1.1
User-Agent: selenium/4.12.0 (java windows)
Content-Length: 254
Content-Type: application/json; charset=utf-8
host: localhost:45375
accept: */*

Response DefaultHttpResponse(decodeResult: success, version: HTTP/1.1)
HTTP/1.1 200 OK
Content-Length: 888
Content-Type: application/json; charset=utf-8
cache-control: no-cache

16:09:50.817 [AsyncHttpClient-1-8] DEBUG org.asynchttpclient.netty.channel.ChannelManager -- Adding key: http://localhost:45375 for channel [id: 0x90405862, L:/127.0.0.1:49247 - R:localhost/127.0.0.1:45375]
16:09:50.828 [AsyncHttpClient-1-9] DEBUG org.asynchttpclient.netty.channel.NettyConnectListener -- Using new Channel '[id: 0xc5a7a917, L:/127.0.0.1:49254 - R:localhost/127.0.0.1:49248]' for 'GET' to '/json/version'
16:09:50.832 [AsyncHttpClient-1-9] DEBUG org.asynchttpclient.netty.handler.HttpHandler -- 

Request DefaultFullHttpRequest(decodeResult: success, version: HTTP/1.1, content: EmptyByteBufBE)
GET /json/version HTTP/1.1
User-Agent: selenium/4.12.0 (java windows)
host: localhost:49248
accept: */*

Response DefaultHttpResponse(decodeResult: success, version: HTTP/1.1)
HTTP/1.1 200 OK
Content-Security-Policy: frame-ancestors 'none'
Content-Length: 424
Content-Type: application/json; charset=UTF-8

16:09:50.833 [AsyncHttpClient-1-9] DEBUG org.asynchttpclient.netty.channel.ChannelManager -- Adding key: http://localhost:49248 for channel [id: 0xc5a7a917, L:/127.0.0.1:49254 - R:localhost/127.0.0.1:49248]
16:09:50.838 [AsyncHttpClient-1-10] DEBUG org.asynchttpclient.netty.channel.NettyConnectListener -- Using new Channel '[id: 0xd5ddab89, L:/127.0.0.1:49255 - R:localhost/127.0.0.1:49248]' for 'GET' to '/devtools/browser/0a8ea882-269b-451d-b8c8-251d592a3436'
16:09:50.847 [AsyncHttpClient-1-10] DEBUG org.asynchttpclient.netty.handler.WebSocketHandler -- 

Request DefaultFullHttpRequest(decodeResult: success, version: HTTP/1.1, content: EmptyByteBufBE)
GET /devtools/browser/0a8ea882-269b-451d-b8c8-251d592a3436 HTTP/1.1
upgrade: websocket
connection: upgrade
sec-websocket-key: /7iscaMUTEDgo9Xz9HLg8w==
sec-websocket-version: 13
origin: http://localhost:49248
host: localhost:49248
accept: */*
user-agent: AHC/2.1

Response DefaultHttpResponse(decodeResult: success, version: HTTP/1.1)
HTTP/1.1 101 WebSocket Protocol Handshake
Upgrade: WebSocket
Connection: Upgrade
Sec-WebSocket-Accept: 8S9kOpA5y+K87AqjdkawI8/jyPo=

16:09:50.851 [Forwarding maximizeCurrentWindow on session c75ccf133d7aa16b5a27dff5470603ea to remote] DEBUG org.asynchttpclient.netty.request.NettyRequestSender -- Using pooled Channel '[id: 0x90405862, L:/127.0.0.1:49247 - R:localhost/127.0.0.1:45375]' for 'POST' to 'http://localhost:45375/session/c75ccf133d7aa16b5a27dff5470603ea/window/maximize'
16:09:50.852 [Forwarding maximizeCurrentWindow on session c75ccf133d7aa16b5a27dff5470603ea to remote] DEBUG org.asynchttpclient.netty.request.NettyRequestSender -- Using open Channel [id: 0x90405862, L:/127.0.0.1:49247 - R:localhost/127.0.0.1:45375] for POST '/session/c75ccf133d7aa16b5a27dff5470603ea/window/maximize'
16:09:50.887 [AsyncHttpClient-1-8] DEBUG org.asynchttpclient.netty.handler.HttpHandler -- 

Request DefaultHttpRequest(decodeResult: success, version: HTTP/1.1)
POST /session/c75ccf133d7aa16b5a27dff5470603ea/window/maximize HTTP/1.1
User-Agent: selenium/4.12.0 (java windows)
Content-Length: 3
Content-Type: application/json; charset=utf-8
host: localhost:45375
accept: */*

Response DefaultHttpResponse(decodeResult: success, version: HTTP/1.1)
HTTP/1.1 200 OK
Content-Length: 51
Content-Type: application/json; charset=utf-8
cache-control: no-cache

16:09:50.887 [AsyncHttpClient-1-8] DEBUG org.asynchttpclient.netty.channel.ChannelManager -- Adding key: http://localhost:45375 for channel [id: 0x90405862, L:/127.0.0.1:49247 - R:localhost/127.0.0.1:45375]
16:09:50.890 [Forwarding get on session c75ccf133d7aa16b5a27dff5470603ea to remote] DEBUG org.asynchttpclient.netty.request.NettyRequestSender -- Using pooled Channel '[id: 0x90405862, L:/127.0.0.1:49247 - R:localhost/127.0.0.1:45375]' for 'POST' to 'http://localhost:45375/session/c75ccf133d7aa16b5a27dff5470603ea/url'
16:09:50.890 [Forwarding get on session c75ccf133d7aa16b5a27dff5470603ea to remote] DEBUG org.asynchttpclient.netty.request.NettyRequestSender -- Using open Channel [id: 0x90405862, L:/127.0.0.1:49247 - R:localhost/127.0.0.1:45375] for POST '/session/c75ccf133d7aa16b5a27dff5470603ea/url'
16:09:51.695 [AsyncHttpClient-1-8] DEBUG org.asynchttpclient.netty.handler.HttpHandler -- 

Request DefaultHttpRequest(decodeResult: success, version: HTTP/1.1)
POST /session/c75ccf133d7aa16b5a27dff5470603ea/url HTTP/1.1
User-Agent: selenium/4.12.0 (java windows)
Content-Length: 58
Content-Type: application/json; charset=utf-8
host: localhost:45375
accept: */*

Response DefaultHttpResponse(decodeResult: success, version: HTTP/1.1)
HTTP/1.1 200 OK
Content-Length: 14
Content-Type: application/json; charset=utf-8
cache-control: no-cache

16:09:51.695 [AsyncHttpClient-1-8] DEBUG org.asynchttpclient.netty.channel.ChannelManager -- Adding key: http://localhost:45375 for channel [id: 0x90405862, L:/127.0.0.1:49247 - R:localhost/127.0.0.1:45375]
16:09:51.701 [Forwarding findElement on session c75ccf133d7aa16b5a27dff5470603ea to remote] DEBUG org.asynchttpclient.netty.request.NettyRequestSender -- Using pooled Channel '[id: 0x90405862, L:/127.0.0.1:49247 - R:localhost/127.0.0.1:45375]' for 'POST' to 'http://localhost:45375/session/c75ccf133d7aa16b5a27dff5470603ea/element'
16:09:51.701 [Forwarding findElement on session c75ccf133d7aa16b5a27dff5470603ea to remote] DEBUG org.asynchttpclient.netty.request.NettyRequestSender -- Using open Channel [id: 0x90405862, L:/127.0.0.1:49247 - R:localhost/127.0.0.1:45375] for POST '/session/c75ccf133d7aa16b5a27dff5470603ea/element'
16:09:51.717 [AsyncHttpClient-1-1] DEBUG org.asynchttpclient.netty.channel.DefaultChannelPool -- Entry count for : http://localhost:49248 : 1
16:09:51.719 [AsyncHttpClient-1-8] DEBUG org.asynchttpclient.netty.handler.HttpHandler -- 

Request DefaultHttpRequest(decodeResult: success, version: HTTP/1.1)
POST /session/c75ccf133d7aa16b5a27dff5470603ea/element HTTP/1.1
User-Agent: selenium/4.12.0 (java windows)
Content-Length: 59
Content-Type: application/json; charset=utf-8
host: localhost:45375
accept: */*

Response DefaultHttpResponse(decodeResult: success, version: HTTP/1.1)
HTTP/1.1 200 OK
Content-Length: 126
Content-Type: application/json; charset=utf-8
cache-control: no-cache

16:09:51.720 [AsyncHttpClient-1-8] DEBUG org.asynchttpclient.netty.channel.ChannelManager -- Adding key: http://localhost:45375 for channel [id: 0x90405862, L:/127.0.0.1:49247 - R:localhost/127.0.0.1:45375]
16:09:51.722 [Forwarding sendKeysToElement on session c75ccf133d7aa16b5a27dff5470603ea to remote] DEBUG org.asynchttpclient.netty.request.NettyRequestSender -- Using pooled Channel '[id: 0x90405862, L:/127.0.0.1:49247 - R:localhost/127.0.0.1:45375]' for 'POST' to 'http://localhost:45375/session/c75ccf133d7aa16b5a27dff5470603ea/element/f.46E746619CD4AF9454E89B274C59AF9B.d.03DB1160A707486363067531CEF0561B.e.15/value'
16:09:51.722 [Forwarding sendKeysToElement on session c75ccf133d7aa16b5a27dff5470603ea to remote] DEBUG org.asynchttpclient.netty.request.NettyRequestSender -- Using open Channel [id: 0x90405862, L:/127.0.0.1:49247 - R:localhost/127.0.0.1:45375] for POST '/session/c75ccf133d7aa16b5a27dff5470603ea/element/f.46E746619CD4AF9454E89B274C59AF9B.d.03DB1160A707486363067531CEF0561B.e.15/value'
16:09:51.823 [AsyncHttpClient-1-8] DEBUG org.asynchttpclient.netty.handler.HttpHandler -- 

Request DefaultHttpRequest(decodeResult: success, version: HTTP/1.1)
POST /session/c75ccf133d7aa16b5a27dff5470603ea/element/f.46E746619CD4AF9454E89B274C59AF9B.d.03DB1160A707486363067531CEF0561B.e.15/value HTTP/1.1
User-Agent: selenium/4.12.0 (java windows)
Content-Length: 229
Content-Type: application/json; charset=utf-8
host: localhost:45375
accept: */*

Response DefaultHttpResponse(decodeResult: success, version: HTTP/1.1)
HTTP/1.1 200 OK
Content-Length: 14
Content-Type: application/json; charset=utf-8
cache-control: no-cache

16:09:51.823 [AsyncHttpClient-1-8] DEBUG org.asynchttpclient.netty.channel.ChannelManager -- Adding key: http://localhost:45375 for channel [id: 0x90405862, L:/127.0.0.1:49247 - R:localhost/127.0.0.1:45375]
16:09:51.824 [Forwarding findElement on session c75ccf133d7aa16b5a27dff5470603ea to remote] DEBUG org.asynchttpclient.netty.request.NettyRequestSender -- Using pooled Channel '[id: 0x90405862, L:/127.0.0.1:49247 - R:localhost/127.0.0.1:45375]' for 'POST' to 'http://localhost:45375/session/c75ccf133d7aa16b5a27dff5470603ea/element'
16:09:51.824 [Forwarding findElement on session c75ccf133d7aa16b5a27dff5470603ea to remote] DEBUG org.asynchttpclient.netty.request.NettyRequestSender -- Using open Channel [id: 0x90405862, L:/127.0.0.1:49247 - R:localhost/127.0.0.1:45375] for POST '/session/c75ccf133d7aa16b5a27dff5470603ea/element'
16:09:51.835 [AsyncHttpClient-1-8] DEBUG org.asynchttpclient.netty.handler.HttpHandler -- 

Request DefaultHttpRequest(decodeResult: success, version: HTTP/1.1)
POST /session/c75ccf133d7aa16b5a27dff5470603ea/element HTTP/1.1
User-Agent: selenium/4.12.0 (java windows)
Content-Length: 62
Content-Type: application/json; charset=utf-8
host: localhost:45375
accept: */*

Response DefaultHttpResponse(decodeResult: success, version: HTTP/1.1)
HTTP/1.1 200 OK
Content-Length: 125
Content-Type: application/json; charset=utf-8
cache-control: no-cache

16:09:51.835 [AsyncHttpClient-1-8] DEBUG org.asynchttpclient.netty.channel.ChannelManager -- Adding key: http://localhost:45375 for channel [id: 0x90405862, L:/127.0.0.1:49247 - R:localhost/127.0.0.1:45375]
16:09:51.836 [Forwarding sendKeysToElement on session c75ccf133d7aa16b5a27dff5470603ea to remote] DEBUG org.asynchttpclient.netty.request.NettyRequestSender -- Using pooled Channel '[id: 0x90405862, L:/127.0.0.1:49247 - R:localhost/127.0.0.1:45375]' for 'POST' to 'http://localhost:45375/session/c75ccf133d7aa16b5a27dff5470603ea/element/f.46E746619CD4AF9454E89B274C59AF9B.d.03DB1160A707486363067531CEF0561B.e.4/value'
16:09:51.836 [Forwarding sendKeysToElement on session c75ccf133d7aa16b5a27dff5470603ea to remote] DEBUG org.asynchttpclient.netty.request.NettyRequestSender -- Using open Channel [id: 0x90405862, L:/127.0.0.1:49247 - R:localhost/127.0.0.1:45375] for POST '/session/c75ccf133d7aa16b5a27dff5470603ea/element/f.46E746619CD4AF9454E89B274C59AF9B.d.03DB1160A707486363067531CEF0561B.e.4/value'
16:09:51.899 [AsyncHttpClient-1-8] DEBUG org.asynchttpclient.netty.handler.HttpHandler -- 

Request DefaultHttpRequest(decodeResult: success, version: HTTP/1.1)
POST /session/c75ccf133d7aa16b5a27dff5470603ea/element/f.46E746619CD4AF9454E89B274C59AF9B.d.03DB1160A707486363067531CEF0561B.e.4/value HTTP/1.1
User-Agent: selenium/4.12.0 (java windows)
Content-Length: 238
Content-Type: application/json; charset=utf-8
host: localhost:45375
accept: */*

Response DefaultHttpResponse(decodeResult: success, version: HTTP/1.1)
HTTP/1.1 200 OK
Content-Length: 14
Content-Type: application/json; charset=utf-8
cache-control: no-cache

16:09:51.899 [AsyncHttpClient-1-8] DEBUG org.asynchttpclient.netty.channel.ChannelManager -- Adding key: http://localhost:45375 for channel [id: 0x90405862, L:/127.0.0.1:49247 - R:localhost/127.0.0.1:45375]
16:09:51.900 [Forwarding findElement on session c75ccf133d7aa16b5a27dff5470603ea to remote] DEBUG org.asynchttpclient.netty.request.NettyRequestSender -- Using pooled Channel '[id: 0x90405862, L:/127.0.0.1:49247 - R:localhost/127.0.0.1:45375]' for 'POST' to 'http://localhost:45375/session/c75ccf133d7aa16b5a27dff5470603ea/element'
16:09:51.900 [Forwarding findElement on session c75ccf133d7aa16b5a27dff5470603ea to remote] DEBUG org.asynchttpclient.netty.request.NettyRequestSender -- Using open Channel [id: 0x90405862, L:/127.0.0.1:49247 - R:localhost/127.0.0.1:45375] for POST '/session/c75ccf133d7aa16b5a27dff5470603ea/element'
16:09:51.915 [AsyncHttpClient-1-8] DEBUG org.asynchttpclient.netty.handler.HttpHandler -- 

Request DefaultHttpRequest(decodeResult: success, version: HTTP/1.1)
POST /session/c75ccf133d7aa16b5a27dff5470603ea/element HTTP/1.1
User-Agent: selenium/4.12.0 (java windows)
Content-Length: 65
Content-Type: application/json; charset=utf-8
host: localhost:45375
accept: */*

Response DefaultHttpResponse(decodeResult: success, version: HTTP/1.1)
HTTP/1.1 200 OK
Content-Length: 126
Content-Type: application/json; charset=utf-8
cache-control: no-cache

16:09:51.915 [AsyncHttpClient-1-8] DEBUG org.asynchttpclient.netty.channel.ChannelManager -- Adding key: http://localhost:45375 for channel [id: 0x90405862, L:/127.0.0.1:49247 - R:localhost/127.0.0.1:45375]
16:09:51.916 [Forwarding clickElement on session c75ccf133d7aa16b5a27dff5470603ea to remote] DEBUG org.asynchttpclient.netty.request.NettyRequestSender -- Using pooled Channel '[id: 0x90405862, L:/127.0.0.1:49247 - R:localhost/127.0.0.1:45375]' for 'POST' to 'http://localhost:45375/session/c75ccf133d7aa16b5a27dff5470603ea/element/f.46E746619CD4AF9454E89B274C59AF9B.d.03DB1160A707486363067531CEF0561B.e.17/click'
16:09:51.916 [Forwarding clickElement on session c75ccf133d7aa16b5a27dff5470603ea to remote] DEBUG org.asynchttpclient.netty.request.NettyRequestSender -- Using open Channel [id: 0x90405862, L:/127.0.0.1:49247 - R:localhost/127.0.0.1:45375] for POST '/session/c75ccf133d7aa16b5a27dff5470603ea/element/f.46E746619CD4AF9454E89B274C59AF9B.d.03DB1160A707486363067531CEF0561B.e.17/click'
16:09:51.979 [AsyncHttpClient-1-8] DEBUG org.asynchttpclient.netty.handler.HttpHandler -- 

Request DefaultHttpRequest(decodeResult: success, version: HTTP/1.1)
POST /session/c75ccf133d7aa16b5a27dff5470603ea/element/f.46E746619CD4AF9454E89B274C59AF9B.d.03DB1160A707486363067531CEF0561B.e.17/click HTTP/1.1
User-Agent: selenium/4.12.0 (java windows)
Content-Length: 88
Content-Type: application/json; charset=utf-8
host: localhost:45375
accept: */*

Response DefaultHttpResponse(decodeResult: success, version: HTTP/1.1)
HTTP/1.1 200 OK
Content-Length: 14
Content-Type: application/json; charset=utf-8
cache-control: no-cache

16:09:51.979 [AsyncHttpClient-1-8] DEBUG org.asynchttpclient.netty.channel.ChannelManager -- Adding key: http://localhost:45375 for channel [id: 0x90405862, L:/127.0.0.1:49247 - R:localhost/127.0.0.1:45375]
16:09:51.980 [Forwarding getPageSource on session c75ccf133d7aa16b5a27dff5470603ea to remote] DEBUG org.asynchttpclient.netty.request.NettyRequestSender -- Using pooled Channel '[id: 0x90405862, L:/127.0.0.1:49247 - R:localhost/127.0.0.1:45375]' for 'POST' to 'http://localhost:45375/session/c75ccf133d7aa16b5a27dff5470603ea/execute/sync'
16:09:51.980 [Forwarding getPageSource on session c75ccf133d7aa16b5a27dff5470603ea to remote] DEBUG org.asynchttpclient.netty.request.NettyRequestSender -- Using open Channel [id: 0x90405862, L:/127.0.0.1:49247 - R:localhost/127.0.0.1:45375] for POST '/session/c75ccf133d7aa16b5a27dff5470603ea/execute/sync'
16:09:51.988 [AsyncHttpClient-1-8] DEBUG org.asynchttpclient.netty.handler.HttpHandler -- 

Request DefaultHttpRequest(decodeResult: success, version: HTTP/1.1)
POST /session/c75ccf133d7aa16b5a27dff5470603ea/execute/sync HTTP/1.1
User-Agent: selenium/4.12.0 (java windows)
Content-Length: 176
Content-Type: application/json; charset=utf-8
host: localhost:45375
accept: */*

Response DefaultHttpResponse(decodeResult: success, version: HTTP/1.1)
HTTP/1.1 200 OK
Content-Length: 4159
Content-Type: application/json; charset=utf-8
cache-control: no-cache

16:09:51.990 [AsyncHttpClient-1-8] DEBUG org.asynchttpclient.netty.channel.ChannelManager -- Adding key: http://localhost:45375 for channel [id: 0x90405862, L:/127.0.0.1:49247 - R:localhost/127.0.0.1:45375]
]]></system-out>
    <system-err><![CDATA[Jan 02, 2025 4:09:50 PM org.openqa.selenium.devtools.CdpVersionFinder findNearestMatch
WARNING: Unable to find CDP implementation matching 131
Jan 02, 2025 4:09:50 PM org.openqa.selenium.chromium.ChromiumDriver lambda$new$5
WARNING: Unable to find version of CDP to use for 131.0.6778.205. You may need to include a dependency on a specific version of the CDP using something similar to `org.seleniumhq.selenium:selenium-devtools-v86:4.12.0` where the version ("v86") matches the version of the chromium-based browser you're using and the version number of the artifact is the same as Selenium's.
]]></system-err>
  </testcase>
  <testcase name="testDuplicateRegistration" classname="UITestCases.BuggyCarsUITests" time="0.61">
    <failure message="expected [true] but found [false]" type="java.lang.AssertionError"><![CDATA[java.lang.AssertionError: expected [true] but found [false]
	at org.testng.Assert.fail(Assert.java:110)
	at org.testng.Assert.failNotEquals(Assert.java:1413)
	at org.testng.Assert.assertTrue(Assert.java:56)
	at org.testng.Assert.assertTrue(Assert.java:66)
	at UITestCases.BuggyCarsUITests.testDuplicateRegistration(BuggyCarsUITests.java:84)
	at java.base/jdk.internal.reflect.NativeMethodAccessorImpl.invoke0(Native Method)
	at java.base/jdk.internal.reflect.NativeMethodAccessorImpl.invoke(NativeMethodAccessorImpl.java:77)
	at java.base/jdk.internal.reflect.DelegatingMethodAccessorImpl.invoke(DelegatingMethodAccessorImpl.java:43)
	at java.base/java.lang.reflect.Method.invoke(Method.java:568)
	at org.testng.internal.invokers.MethodInvocationHelper.invokeMethod(MethodInvocationHelper.java:139)
	at org.testng.internal.invokers.TestInvoker.invokeMethod(TestInvoker.java:677)
	at org.testng.internal.invokers.TestInvoker.invokeTestMethod(TestInvoker.java:221)
	at org.testng.internal.invokers.MethodRunner.runInSequence(MethodRunner.java:50)
	at org.testng.internal.invokers.TestInvoker$MethodInvocationAgent.invoke(TestInvoker.java:969)
	at org.testng.internal.invokers.TestInvoker.invokeTestMethods(TestInvoker.java:194)
	at org.testng.internal.invokers.TestMethodWorker.invokeTestMethods(TestMethodWorker.java:148)
	at org.testng.internal.invokers.TestMethodWorker.run(TestMethodWorker.java:128)
	at java.base/java.util.ArrayList.forEach(ArrayList.java:1511)
	at org.testng.TestRunner.privateRun(TestRunner.java:829)
	at org.testng.TestRunner.run(TestRunner.java:602)
	at org.testng.SuiteRunner.runTest(SuiteRunner.java:437)
	at org.testng.SuiteRunner.runSequentially(SuiteRunner.java:431)
	at org.testng.SuiteRunner.privateRun(SuiteRunner.java:391)
	at org.testng.SuiteRunner.run(SuiteRunner.java:330)
	at org.testng.SuiteRunnerWorker.runSuite(SuiteRunnerWorker.java:52)
	at org.testng.SuiteRunnerWorker.run(SuiteRunnerWorker.java:95)
	at org.testng.TestNG.runSuitesSequentially(TestNG.java:1256)
	at org.testng.TestNG.runSuitesLocally(TestNG.java:1176)
	at org.testng.TestNG.runSuites(TestNG.java:1099)
	at org.testng.TestNG.run(TestNG.java:1067)
	at org.apache.maven.surefire.testng.TestNGExecutor.run(TestNGExecutor.java:324)
	at org.apache.maven.surefire.testng.TestNGXmlTestSuite.execute(TestNGXmlTestSuite.java:74)
	at org.apache.maven.surefire.testng.TestNGProvider.invoke(TestNGProvider.java:123)
	at org.apache.maven.surefire.booter.ForkedBooter.runSuitesInProcess(ForkedBooter.java:456)
	at org.apache.maven.surefire.booter.ForkedBooter.execute(ForkedBooter.java:169)
	at org.apache.maven.surefire.booter.ForkedBooter.run(ForkedBooter.java:595)
	at org.apache.maven.surefire.booter.ForkedBooter.main(ForkedBooter.java:581)
]]></failure>
    <system-out><![CDATA[16:09:51.993 [Driver Command Executor] DEBUG org.asynchttpclient.netty.request.NettyRequestSender -- Using pooled Channel '[id: 0x90405862, L:/127.0.0.1:49247 - R:localhost/127.0.0.1:45375]' for 'DELETE' to 'http://localhost:45375/session/c75ccf133d7aa16b5a27dff5470603ea'
16:09:51.993 [Driver Command Executor] DEBUG org.asynchttpclient.netty.request.NettyRequestSender -- Using open Channel [id: 0x90405862, L:/127.0.0.1:49247 - R:localhost/127.0.0.1:45375] for DELETE '/session/c75ccf133d7aa16b5a27dff5470603ea'
16:09:51.993 [AsyncHttpClient-1-10] DEBUG org.asynchttpclient.netty.handler.WebSocketHandler -- Channel Closed: [id: 0xd5ddab89, L:/127.0.0.1:49255 ! R:localhost/127.0.0.1:49248] with attribute DISCARD
16:09:52.023 [AsyncHttpClient-1-9] DEBUG org.asynchttpclient.netty.handler.HttpHandler -- Unexpected I/O exception on channel [id: 0xc5a7a917, L:/127.0.0.1:49254 - R:localhost/127.0.0.1:49248]
java.net.SocketException: Connection reset
	at java.base/sun.nio.ch.SocketChannelImpl.throwConnectionReset(SocketChannelImpl.java:394)
	at java.base/sun.nio.ch.SocketChannelImpl.read(SocketChannelImpl.java:426)
	at io.netty.buffer.PooledByteBuf.setBytes(PooledByteBuf.java:254)
	at io.netty.buffer.AbstractByteBuf.writeBytes(AbstractByteBuf.java:1132)
	at io.netty.channel.socket.nio.NioSocketChannel.doReadBytes(NioSocketChannel.java:357)
	at io.netty.channel.nio.AbstractNioByteChannel$NioByteUnsafe.read(AbstractNioByteChannel.java:151)
	at io.netty.channel.nio.NioEventLoop.processSelectedKey(NioEventLoop.java:788)
	at io.netty.channel.nio.NioEventLoop.processSelectedKeysOptimized(NioEventLoop.java:724)
	at io.netty.channel.nio.NioEventLoop.processSelectedKeys(NioEventLoop.java:650)
	at io.netty.channel.nio.NioEventLoop.run(NioEventLoop.java:562)
	at io.netty.util.concurrent.SingleThreadEventExecutor$4.run(SingleThreadEventExecutor.java:997)
	at io.netty.util.internal.ThreadExecutorMap$2.run(ThreadExecutorMap.java:74)
	at io.netty.util.concurrent.FastThreadLocalRunnable.run(FastThreadLocalRunnable.java:30)
	at java.base/java.lang.Thread.run(Thread.java:842)
16:09:52.023 [AsyncHttpClient-1-9] DEBUG org.asynchttpclient.netty.channel.ChannelManager -- Closing Channel [id: 0xc5a7a917, L:/127.0.0.1:49254 - R:localhost/127.0.0.1:49248] 
16:09:52.023 [AsyncHttpClient-1-9] DEBUG org.asynchttpclient.netty.handler.HttpHandler -- Channel Closed: [id: 0xc5a7a917, L:/127.0.0.1:49254 ! R:localhost/127.0.0.1:49248] with attribute DISCARD
16:09:52.045 [AsyncHttpClient-1-8] DEBUG org.asynchttpclient.netty.handler.HttpHandler -- 

Request DefaultFullHttpRequest(decodeResult: success, version: HTTP/1.1, content: EmptyByteBufBE)
DELETE /session/c75ccf133d7aa16b5a27dff5470603ea HTTP/1.1
User-Agent: selenium/4.12.0 (java windows)
Content-Type: application/json; charset=utf-8
host: localhost:45375
accept: */*

Response DefaultHttpResponse(decodeResult: success, version: HTTP/1.1)
HTTP/1.1 200 OK
Content-Length: 14
Content-Type: application/json; charset=utf-8
cache-control: no-cache

16:09:52.045 [AsyncHttpClient-1-8] DEBUG org.asynchttpclient.netty.channel.ChannelManager -- Adding key: http://localhost:45375 for channel [id: 0x90405862, L:/127.0.0.1:49247 - R:localhost/127.0.0.1:45375]
16:09:52.141 [AsyncHttpClient-1-8] DEBUG org.asynchttpclient.netty.handler.HttpHandler -- Channel Closed: [id: 0x90405862, L:/127.0.0.1:49247 ! R:localhost/127.0.0.1:45375] with attribute DISCARD
16:09:52.189 [main] DEBUG io.github.bonigarcia.wdm.WebDriverManager -- Using WebDriverManager 5.5.3
16:09:52.196 [main] DEBUG io.github.bonigarcia.wdm.cache.ResolutionCache -- Resolution chrome=131 in cache (valid until 17:09:45 02/01/2025 IST)
16:09:52.196 [main] DEBUG io.github.bonigarcia.wdm.cache.ResolutionCache -- Resolution chrome131=131.0.6778.204 in cache (valid until 14:21:23 03/01/2025 IST)
16:09:52.196 [main] INFO io.github.bonigarcia.wdm.WebDriverManager -- Using chromedriver 131.0.6778.204 (resolved driver for Chrome 131)
16:09:52.200 [main] DEBUG io.github.bonigarcia.wdm.WebDriverManager -- Driver chromedriver 131.0.6778.204 found in cache
16:09:52.200 [main] INFO io.github.bonigarcia.wdm.WebDriverManager -- Exporting webdriver.chrome.driver as C:\Users\sasitharan\.cache\selenium\chromedriver\win64\131.0.6778.204\chromedriver.exe
16:09:52.268 [AsyncHttpClient-1-11] DEBUG org.asynchttpclient.netty.channel.NettyConnectListener -- Using new Channel '[id: 0x78ff5426, L:/127.0.0.1:49265 - R:localhost/127.0.0.1:2424]' for 'POST' to '/session'
16:09:52.824 [AsyncHttpClient-1-1] DEBUG org.asynchttpclient.netty.channel.DefaultChannelPool -- Entry count for : http://localhost:45375 : 1
16:09:52.824 [AsyncHttpClient-1-1] DEBUG org.asynchttpclient.netty.channel.DefaultChannelPool -- Entry count for : http://localhost:49248 : 1
16:09:52.824 [AsyncHttpClient-1-1] DEBUG org.asynchttpclient.netty.channel.DefaultChannelPool -- Adding Candidate expired Channel [id: 0x90405862, L:/127.0.0.1:49247 ! R:localhost/127.0.0.1:45375] isIdleTimeoutExpired=false isRemotelyClosed=true isTtlExpired=false
16:09:52.824 [AsyncHttpClient-1-1] DEBUG org.asynchttpclient.netty.channel.DefaultChannelPool -- Closing Idle Channel [id: 0x90405862, L:/127.0.0.1:49247 ! R:localhost/127.0.0.1:45375]
16:09:52.824 [AsyncHttpClient-1-1] DEBUG org.asynchttpclient.netty.channel.DefaultChannelPool -- Adding Candidate expired Channel [id: 0xc5a7a917, L:/127.0.0.1:49254 ! R:localhost/127.0.0.1:49248] isIdleTimeoutExpired=false isRemotelyClosed=true isTtlExpired=false
16:09:52.824 [AsyncHttpClient-1-1] DEBUG org.asynchttpclient.netty.channel.DefaultChannelPool -- Closing Idle Channel [id: 0xc5a7a917, L:/127.0.0.1:49254 ! R:localhost/127.0.0.1:49248]
16:09:52.825 [AsyncHttpClient-1-1] DEBUG org.asynchttpclient.netty.channel.DefaultChannelPool -- Closed 2 connections out of 2 in 1 ms
16:09:52.953 [AsyncHttpClient-1-11] DEBUG org.asynchttpclient.netty.handler.HttpHandler -- 

Request DefaultHttpRequest(decodeResult: success, version: HTTP/1.1)
POST /session HTTP/1.1
User-Agent: selenium/4.12.0 (java windows)
Content-Length: 254
Content-Type: application/json; charset=utf-8
host: localhost:2424
accept: */*

Response DefaultHttpResponse(decodeResult: success, version: HTTP/1.1)
HTTP/1.1 200 OK
Content-Length: 885
Content-Type: application/json; charset=utf-8
cache-control: no-cache

16:09:52.953 [AsyncHttpClient-1-11] DEBUG org.asynchttpclient.netty.channel.ChannelManager -- Adding key: http://localhost:2424 for channel [id: 0x78ff5426, L:/127.0.0.1:49265 - R:localhost/127.0.0.1:2424]
16:09:52.961 [AsyncHttpClient-1-12] DEBUG org.asynchttpclient.netty.channel.NettyConnectListener -- Using new Channel '[id: 0xc34c142c, L:/127.0.0.1:49272 - R:localhost/127.0.0.1:49266]' for 'GET' to '/json/version'
16:09:52.964 [AsyncHttpClient-1-12] DEBUG org.asynchttpclient.netty.handler.HttpHandler -- 

Request DefaultFullHttpRequest(decodeResult: success, version: HTTP/1.1, content: EmptyByteBufBE)
GET /json/version HTTP/1.1
User-Agent: selenium/4.12.0 (java windows)
host: localhost:49266
accept: */*

Response DefaultHttpResponse(decodeResult: success, version: HTTP/1.1)
HTTP/1.1 200 OK
Content-Security-Policy: frame-ancestors 'none'
Content-Length: 424
Content-Type: application/json; charset=UTF-8

16:09:52.964 [AsyncHttpClient-1-12] DEBUG org.asynchttpclient.netty.channel.ChannelManager -- Adding key: http://localhost:49266 for channel [id: 0xc34c142c, L:/127.0.0.1:49272 - R:localhost/127.0.0.1:49266]
16:09:52.967 [AsyncHttpClient-1-13] DEBUG org.asynchttpclient.netty.channel.NettyConnectListener -- Using new Channel '[id: 0xf38e4006, L:/127.0.0.1:49273 - R:localhost/127.0.0.1:49266]' for 'GET' to '/devtools/browser/8ba64437-0825-4de2-ab14-06fada1411f7'
16:09:52.971 [AsyncHttpClient-1-13] DEBUG org.asynchttpclient.netty.handler.WebSocketHandler -- 

Request DefaultFullHttpRequest(decodeResult: success, version: HTTP/1.1, content: EmptyByteBufBE)
GET /devtools/browser/8ba64437-0825-4de2-ab14-06fada1411f7 HTTP/1.1
upgrade: websocket
connection: upgrade
sec-websocket-key: L6Hmt2fVTONgKUBmUHBAEg==
sec-websocket-version: 13
origin: http://localhost:49266
host: localhost:49266
accept: */*
user-agent: AHC/2.1

Response DefaultHttpResponse(decodeResult: success, version: HTTP/1.1)
HTTP/1.1 101 WebSocket Protocol Handshake
Upgrade: WebSocket
Connection: Upgrade
Sec-WebSocket-Accept: TBR/6WaZgdcTaxu2So6WhGZuEzA=

16:09:52.975 [Forwarding maximizeCurrentWindow on session bb579461bda6b64085765da538032d95 to remote] DEBUG org.asynchttpclient.netty.request.NettyRequestSender -- Using pooled Channel '[id: 0x78ff5426, L:/127.0.0.1:49265 - R:localhost/127.0.0.1:2424]' for 'POST' to 'http://localhost:2424/session/bb579461bda6b64085765da538032d95/window/maximize'
16:09:52.975 [Forwarding maximizeCurrentWindow on session bb579461bda6b64085765da538032d95 to remote] DEBUG org.asynchttpclient.netty.request.NettyRequestSender -- Using open Channel [id: 0x78ff5426, L:/127.0.0.1:49265 - R:localhost/127.0.0.1:2424] for POST '/session/bb579461bda6b64085765da538032d95/window/maximize'
16:09:53.020 [AsyncHttpClient-1-11] DEBUG org.asynchttpclient.netty.handler.HttpHandler -- 

Request DefaultHttpRequest(decodeResult: success, version: HTTP/1.1)
POST /session/bb579461bda6b64085765da538032d95/window/maximize HTTP/1.1
User-Agent: selenium/4.12.0 (java windows)
Content-Length: 3
Content-Type: application/json; charset=utf-8
host: localhost:2424
accept: */*

Response DefaultHttpResponse(decodeResult: success, version: HTTP/1.1)
HTTP/1.1 200 OK
Content-Length: 51
Content-Type: application/json; charset=utf-8
cache-control: no-cache

16:09:53.021 [AsyncHttpClient-1-11] DEBUG org.asynchttpclient.netty.channel.ChannelManager -- Adding key: http://localhost:2424 for channel [id: 0x78ff5426, L:/127.0.0.1:49265 - R:localhost/127.0.0.1:2424]
16:09:53.022 [Forwarding get on session bb579461bda6b64085765da538032d95 to remote] DEBUG org.asynchttpclient.netty.request.NettyRequestSender -- Using pooled Channel '[id: 0x78ff5426, L:/127.0.0.1:49265 - R:localhost/127.0.0.1:2424]' for 'POST' to 'http://localhost:2424/session/bb579461bda6b64085765da538032d95/url'
16:09:53.022 [Forwarding get on session bb579461bda6b64085765da538032d95 to remote] DEBUG org.asynchttpclient.netty.request.NettyRequestSender -- Using open Channel [id: 0x78ff5426, L:/127.0.0.1:49265 - R:localhost/127.0.0.1:2424] for POST '/session/bb579461bda6b64085765da538032d95/url'
16:09:53.838 [AsyncHttpClient-1-11] DEBUG org.asynchttpclient.netty.handler.HttpHandler -- 

Request DefaultHttpRequest(decodeResult: success, version: HTTP/1.1)
POST /session/bb579461bda6b64085765da538032d95/url HTTP/1.1
User-Agent: selenium/4.12.0 (java windows)
Content-Length: 58
Content-Type: application/json; charset=utf-8
host: localhost:2424
accept: */*

Response DefaultHttpResponse(decodeResult: success, version: HTTP/1.1)
HTTP/1.1 200 OK
Content-Length: 14
Content-Type: application/json; charset=utf-8
cache-control: no-cache

16:09:53.838 [AsyncHttpClient-1-11] DEBUG org.asynchttpclient.netty.channel.ChannelManager -- Adding key: http://localhost:2424 for channel [id: 0x78ff5426, L:/127.0.0.1:49265 - R:localhost/127.0.0.1:2424]
16:09:53.841 [Forwarding findElement on session bb579461bda6b64085765da538032d95 to remote] DEBUG org.asynchttpclient.netty.request.NettyRequestSender -- Using pooled Channel '[id: 0x78ff5426, L:/127.0.0.1:49265 - R:localhost/127.0.0.1:2424]' for 'POST' to 'http://localhost:2424/session/bb579461bda6b64085765da538032d95/element'
16:09:53.841 [Forwarding findElement on session bb579461bda6b64085765da538032d95 to remote] DEBUG org.asynchttpclient.netty.request.NettyRequestSender -- Using open Channel [id: 0x78ff5426, L:/127.0.0.1:49265 - R:localhost/127.0.0.1:2424] for POST '/session/bb579461bda6b64085765da538032d95/element'
16:09:53.857 [AsyncHttpClient-1-11] DEBUG org.asynchttpclient.netty.handler.HttpHandler -- 

Request DefaultHttpRequest(decodeResult: success, version: HTTP/1.1)
POST /session/bb579461bda6b64085765da538032d95/element HTTP/1.1
User-Agent: selenium/4.12.0 (java windows)
Content-Length: 49
Content-Type: application/json; charset=utf-8
host: localhost:2424
accept: */*

Response DefaultHttpResponse(decodeResult: success, version: HTTP/1.1)
HTTP/1.1 200 OK
Content-Length: 126
Content-Type: application/json; charset=utf-8
cache-control: no-cache

16:09:53.857 [AsyncHttpClient-1-11] DEBUG org.asynchttpclient.netty.channel.ChannelManager -- Adding key: http://localhost:2424 for channel [id: 0x78ff5426, L:/127.0.0.1:49265 - R:localhost/127.0.0.1:2424]
16:09:53.858 [Forwarding clickElement on session bb579461bda6b64085765da538032d95 to remote] DEBUG org.asynchttpclient.netty.request.NettyRequestSender -- Using pooled Channel '[id: 0x78ff5426, L:/127.0.0.1:49265 - R:localhost/127.0.0.1:2424]' for 'POST' to 'http://localhost:2424/session/bb579461bda6b64085765da538032d95/element/f.342901C13F1350971F6F3A4F95472DB2.d.C75C8EA1E76454B94992BC0315EB3783.e.21/click'
16:09:53.858 [Forwarding clickElement on session bb579461bda6b64085765da538032d95 to remote] DEBUG org.asynchttpclient.netty.request.NettyRequestSender -- Using open Channel [id: 0x78ff5426, L:/127.0.0.1:49265 - R:localhost/127.0.0.1:2424] for POST '/session/bb579461bda6b64085765da538032d95/element/f.342901C13F1350971F6F3A4F95472DB2.d.C75C8EA1E76454B94992BC0315EB3783.e.21/click'
16:09:53.923 [AsyncHttpClient-1-1] DEBUG org.asynchttpclient.netty.channel.DefaultChannelPool -- Entry count for : http://localhost:49266 : 1
16:09:53.956 [AsyncHttpClient-1-11] DEBUG org.asynchttpclient.netty.handler.HttpHandler -- 

Request DefaultHttpRequest(decodeResult: success, version: HTTP/1.1)
POST /session/bb579461bda6b64085765da538032d95/element/f.342901C13F1350971F6F3A4F95472DB2.d.C75C8EA1E76454B94992BC0315EB3783.e.21/click HTTP/1.1
User-Agent: selenium/4.12.0 (java windows)
Content-Length: 88
Content-Type: application/json; charset=utf-8
host: localhost:2424
accept: */*

Response DefaultHttpResponse(decodeResult: success, version: HTTP/1.1)
HTTP/1.1 200 OK
Content-Length: 14
Content-Type: application/json; charset=utf-8
cache-control: no-cache

16:09:53.956 [AsyncHttpClient-1-11] DEBUG org.asynchttpclient.netty.channel.ChannelManager -- Adding key: http://localhost:2424 for channel [id: 0x78ff5426, L:/127.0.0.1:49265 - R:localhost/127.0.0.1:2424]
16:09:53.957 [Forwarding findElement on session bb579461bda6b64085765da538032d95 to remote] DEBUG org.asynchttpclient.netty.request.NettyRequestSender -- Using pooled Channel '[id: 0x78ff5426, L:/127.0.0.1:49265 - R:localhost/127.0.0.1:2424]' for 'POST' to 'http://localhost:2424/session/bb579461bda6b64085765da538032d95/element'
16:09:53.957 [Forwarding findElement on session bb579461bda6b64085765da538032d95 to remote] DEBUG org.asynchttpclient.netty.request.NettyRequestSender -- Using open Channel [id: 0x78ff5426, L:/127.0.0.1:49265 - R:localhost/127.0.0.1:2424] for POST '/session/bb579461bda6b64085765da538032d95/element'
16:09:53.972 [AsyncHttpClient-1-11] DEBUG org.asynchttpclient.netty.handler.HttpHandler -- 

Request DefaultHttpRequest(decodeResult: success, version: HTTP/1.1)
POST /session/bb579461bda6b64085765da538032d95/element HTTP/1.1
User-Agent: selenium/4.12.0 (java windows)
Content-Length: 53
Content-Type: application/json; charset=utf-8
host: localhost:2424
accept: */*

Response DefaultHttpResponse(decodeResult: success, version: HTTP/1.1)
HTTP/1.1 200 OK
Content-Length: 126
Content-Type: application/json; charset=utf-8
cache-control: no-cache

16:09:53.972 [AsyncHttpClient-1-11] DEBUG org.asynchttpclient.netty.channel.ChannelManager -- Adding key: http://localhost:2424 for channel [id: 0x78ff5426, L:/127.0.0.1:49265 - R:localhost/127.0.0.1:2424]
16:09:53.973 [Forwarding sendKeysToElement on session bb579461bda6b64085765da538032d95 to remote] DEBUG org.asynchttpclient.netty.request.NettyRequestSender -- Using pooled Channel '[id: 0x78ff5426, L:/127.0.0.1:49265 - R:localhost/127.0.0.1:2424]' for 'POST' to 'http://localhost:2424/session/bb579461bda6b64085765da538032d95/element/f.342901C13F1350971F6F3A4F95472DB2.d.C75C8EA1E76454B94992BC0315EB3783.e.26/value'
16:09:53.973 [Forwarding sendKeysToElement on session bb579461bda6b64085765da538032d95 to remote] DEBUG org.asynchttpclient.netty.request.NettyRequestSender -- Using open Channel [id: 0x78ff5426, L:/127.0.0.1:49265 - R:localhost/127.0.0.1:2424] for POST '/session/bb579461bda6b64085765da538032d95/element/f.342901C13F1350971F6F3A4F95472DB2.d.C75C8EA1E76454B94992BC0315EB3783.e.26/value'
16:09:54.077 [AsyncHttpClient-1-11] DEBUG org.asynchttpclient.netty.handler.HttpHandler -- 

Request DefaultHttpRequest(decodeResult: success, version: HTTP/1.1)
POST /session/bb579461bda6b64085765da538032d95/element/f.342901C13F1350971F6F3A4F95472DB2.d.C75C8EA1E76454B94992BC0315EB3783.e.26/value HTTP/1.1
User-Agent: selenium/4.12.0 (java windows)
Content-Length: 229
Content-Type: application/json; charset=utf-8
host: localhost:2424
accept: */*

Response DefaultHttpResponse(decodeResult: success, version: HTTP/1.1)
HTTP/1.1 200 OK
Content-Length: 14
Content-Type: application/json; charset=utf-8
cache-control: no-cache

16:09:54.077 [AsyncHttpClient-1-11] DEBUG org.asynchttpclient.netty.channel.ChannelManager -- Adding key: http://localhost:2424 for channel [id: 0x78ff5426, L:/127.0.0.1:49265 - R:localhost/127.0.0.1:2424]
16:09:54.079 [Forwarding findElement on session bb579461bda6b64085765da538032d95 to remote] DEBUG org.asynchttpclient.netty.request.NettyRequestSender -- Using pooled Channel '[id: 0x78ff5426, L:/127.0.0.1:49265 - R:localhost/127.0.0.1:2424]' for 'POST' to 'http://localhost:2424/session/bb579461bda6b64085765da538032d95/element'
16:09:54.079 [Forwarding findElement on session bb579461bda6b64085765da538032d95 to remote] DEBUG org.asynchttpclient.netty.request.NettyRequestSender -- Using open Channel [id: 0x78ff5426, L:/127.0.0.1:49265 - R:localhost/127.0.0.1:2424] for POST '/session/bb579461bda6b64085765da538032d95/element'
16:09:54.094 [AsyncHttpClient-1-11] DEBUG org.asynchttpclient.netty.handler.HttpHandler -- 

Request DefaultHttpRequest(decodeResult: success, version: HTTP/1.1)
POST /session/bb579461bda6b64085765da538032d95/element HTTP/1.1
User-Agent: selenium/4.12.0 (java windows)
Content-Length: 54
Content-Type: application/json; charset=utf-8
host: localhost:2424
accept: */*

Response DefaultHttpResponse(decodeResult: success, version: HTTP/1.1)
HTTP/1.1 200 OK
Content-Length: 126
Content-Type: application/json; charset=utf-8
cache-control: no-cache

16:09:54.094 [AsyncHttpClient-1-11] DEBUG org.asynchttpclient.netty.channel.ChannelManager -- Adding key: http://localhost:2424 for channel [id: 0x78ff5426, L:/127.0.0.1:49265 - R:localhost/127.0.0.1:2424]
16:09:54.096 [Forwarding sendKeysToElement on session bb579461bda6b64085765da538032d95 to remote] DEBUG org.asynchttpclient.netty.request.NettyRequestSender -- Using pooled Channel '[id: 0x78ff5426, L:/127.0.0.1:49265 - R:localhost/127.0.0.1:2424]' for 'POST' to 'http://localhost:2424/session/bb579461bda6b64085765da538032d95/element/f.342901C13F1350971F6F3A4F95472DB2.d.C75C8EA1E76454B94992BC0315EB3783.e.29/value'
16:09:54.096 [Forwarding sendKeysToElement on session bb579461bda6b64085765da538032d95 to remote] DEBUG org.asynchttpclient.netty.request.NettyRequestSender -- Using open Channel [id: 0x78ff5426, L:/127.0.0.1:49265 - R:localhost/127.0.0.1:2424] for POST '/session/bb579461bda6b64085765da538032d95/element/f.342901C13F1350971F6F3A4F95472DB2.d.C75C8EA1E76454B94992BC0315EB3783.e.29/value'
16:09:54.147 [AsyncHttpClient-1-11] DEBUG org.asynchttpclient.netty.handler.HttpHandler -- 

Request DefaultHttpRequest(decodeResult: success, version: HTTP/1.1)
POST /session/bb579461bda6b64085765da538032d95/element/f.342901C13F1350971F6F3A4F95472DB2.d.C75C8EA1E76454B94992BC0315EB3783.e.29/value HTTP/1.1
User-Agent: selenium/4.12.0 (java windows)
Content-Length: 159
Content-Type: application/json; charset=utf-8
host: localhost:2424
accept: */*

Response DefaultHttpResponse(decodeResult: success, version: HTTP/1.1)
HTTP/1.1 200 OK
Content-Length: 14
Content-Type: application/json; charset=utf-8
cache-control: no-cache

16:09:54.147 [AsyncHttpClient-1-11] DEBUG org.asynchttpclient.netty.channel.ChannelManager -- Adding key: http://localhost:2424 for channel [id: 0x78ff5426, L:/127.0.0.1:49265 - R:localhost/127.0.0.1:2424]
16:09:54.148 [Forwarding findElement on session bb579461bda6b64085765da538032d95 to remote] DEBUG org.asynchttpclient.netty.request.NettyRequestSender -- Using pooled Channel '[id: 0x78ff5426, L:/127.0.0.1:49265 - R:localhost/127.0.0.1:2424]' for 'POST' to 'http://localhost:2424/session/bb579461bda6b64085765da538032d95/element'
16:09:54.148 [Forwarding findElement on session bb579461bda6b64085765da538032d95 to remote] DEBUG org.asynchttpclient.netty.request.NettyRequestSender -- Using open Channel [id: 0x78ff5426, L:/127.0.0.1:49265 - R:localhost/127.0.0.1:2424] for POST '/session/bb579461bda6b64085765da538032d95/element'
16:09:54.160 [AsyncHttpClient-1-11] DEBUG org.asynchttpclient.netty.handler.HttpHandler -- 

Request DefaultHttpRequest(decodeResult: success, version: HTTP/1.1)
POST /session/bb579461bda6b64085765da538032d95/element HTTP/1.1
User-Agent: selenium/4.12.0 (java windows)
Content-Length: 53
Content-Type: application/json; charset=utf-8
host: localhost:2424
accept: */*

Response DefaultHttpResponse(decodeResult: success, version: HTTP/1.1)
HTTP/1.1 200 OK
Content-Length: 126
Content-Type: application/json; charset=utf-8
cache-control: no-cache

16:09:54.160 [AsyncHttpClient-1-11] DEBUG org.asynchttpclient.netty.channel.ChannelManager -- Adding key: http://localhost:2424 for channel [id: 0x78ff5426, L:/127.0.0.1:49265 - R:localhost/127.0.0.1:2424]
16:09:54.161 [Forwarding sendKeysToElement on session bb579461bda6b64085765da538032d95 to remote] DEBUG org.asynchttpclient.netty.request.NettyRequestSender -- Using pooled Channel '[id: 0x78ff5426, L:/127.0.0.1:49265 - R:localhost/127.0.0.1:2424]' for 'POST' to 'http://localhost:2424/session/bb579461bda6b64085765da538032d95/element/f.342901C13F1350971F6F3A4F95472DB2.d.C75C8EA1E76454B94992BC0315EB3783.e.30/value'
16:09:54.161 [Forwarding sendKeysToElement on session bb579461bda6b64085765da538032d95 to remote] DEBUG org.asynchttpclient.netty.request.NettyRequestSender -- Using open Channel [id: 0x78ff5426, L:/127.0.0.1:49265 - R:localhost/127.0.0.1:2424] for POST '/session/bb579461bda6b64085765da538032d95/element/f.342901C13F1350971F6F3A4F95472DB2.d.C75C8EA1E76454B94992BC0315EB3783.e.30/value'
16:09:54.204 [AsyncHttpClient-1-11] DEBUG org.asynchttpclient.netty.handler.HttpHandler -- 

Request DefaultHttpRequest(decodeResult: success, version: HTTP/1.1)
POST /session/bb579461bda6b64085765da538032d95/element/f.342901C13F1350971F6F3A4F95472DB2.d.C75C8EA1E76454B94992BC0315EB3783.e.30/value HTTP/1.1
User-Agent: selenium/4.12.0 (java windows)
Content-Length: 159
Content-Type: application/json; charset=utf-8
host: localhost:2424
accept: */*

Response DefaultHttpResponse(decodeResult: success, version: HTTP/1.1)
HTTP/1.1 200 OK
Content-Length: 14
Content-Type: application/json; charset=utf-8
cache-control: no-cache

16:09:54.204 [AsyncHttpClient-1-11] DEBUG org.asynchttpclient.netty.channel.ChannelManager -- Adding key: http://localhost:2424 for channel [id: 0x78ff5426, L:/127.0.0.1:49265 - R:localhost/127.0.0.1:2424]
16:09:54.205 [Forwarding findElement on session bb579461bda6b64085765da538032d95 to remote] DEBUG org.asynchttpclient.netty.request.NettyRequestSender -- Using pooled Channel '[id: 0x78ff5426, L:/127.0.0.1:49265 - R:localhost/127.0.0.1:2424]' for 'POST' to 'http://localhost:2424/session/bb579461bda6b64085765da538032d95/element'
16:09:54.205 [Forwarding findElement on session bb579461bda6b64085765da538032d95 to remote] DEBUG org.asynchttpclient.netty.request.NettyRequestSender -- Using open Channel [id: 0x78ff5426, L:/127.0.0.1:49265 - R:localhost/127.0.0.1:2424] for POST '/session/bb579461bda6b64085765da538032d95/element'
16:09:54.218 [AsyncHttpClient-1-11] DEBUG org.asynchttpclient.netty.handler.HttpHandler -- 

Request DefaultHttpRequest(decodeResult: success, version: HTTP/1.1)
POST /session/bb579461bda6b64085765da538032d95/element HTTP/1.1
User-Agent: selenium/4.12.0 (java windows)
Content-Length: 53
Content-Type: application/json; charset=utf-8
host: localhost:2424
accept: */*

Response DefaultHttpResponse(decodeResult: success, version: HTTP/1.1)
HTTP/1.1 200 OK
Content-Length: 126
Content-Type: application/json; charset=utf-8
cache-control: no-cache

16:09:54.218 [AsyncHttpClient-1-11] DEBUG org.asynchttpclient.netty.channel.ChannelManager -- Adding key: http://localhost:2424 for channel [id: 0x78ff5426, L:/127.0.0.1:49265 - R:localhost/127.0.0.1:2424]
16:09:54.218 [Forwarding sendKeysToElement on session bb579461bda6b64085765da538032d95 to remote] DEBUG org.asynchttpclient.netty.request.NettyRequestSender -- Using pooled Channel '[id: 0x78ff5426, L:/127.0.0.1:49265 - R:localhost/127.0.0.1:2424]' for 'POST' to 'http://localhost:2424/session/bb579461bda6b64085765da538032d95/element/f.342901C13F1350971F6F3A4F95472DB2.d.C75C8EA1E76454B94992BC0315EB3783.e.22/value'
16:09:54.218 [Forwarding sendKeysToElement on session bb579461bda6b64085765da538032d95 to remote] DEBUG org.asynchttpclient.netty.request.NettyRequestSender -- Using open Channel [id: 0x78ff5426, L:/127.0.0.1:49265 - R:localhost/127.0.0.1:2424] for POST '/session/bb579461bda6b64085765da538032d95/element/f.342901C13F1350971F6F3A4F95472DB2.d.C75C8EA1E76454B94992BC0315EB3783.e.22/value'
16:09:54.273 [AsyncHttpClient-1-11] DEBUG org.asynchttpclient.netty.handler.HttpHandler -- 

Request DefaultHttpRequest(decodeResult: success, version: HTTP/1.1)
POST /session/bb579461bda6b64085765da538032d95/element/f.342901C13F1350971F6F3A4F95472DB2.d.C75C8EA1E76454B94992BC0315EB3783.e.22/value HTTP/1.1
User-Agent: selenium/4.12.0 (java windows)
Content-Length: 239
Content-Type: application/json; charset=utf-8
host: localhost:2424
accept: */*

Response DefaultHttpResponse(decodeResult: success, version: HTTP/1.1)
HTTP/1.1 200 OK
Content-Length: 14
Content-Type: application/json; charset=utf-8
cache-control: no-cache

16:09:54.273 [AsyncHttpClient-1-11] DEBUG org.asynchttpclient.netty.channel.ChannelManager -- Adding key: http://localhost:2424 for channel [id: 0x78ff5426, L:/127.0.0.1:49265 - R:localhost/127.0.0.1:2424]
16:09:54.274 [Forwarding findElement on session bb579461bda6b64085765da538032d95 to remote] DEBUG org.asynchttpclient.netty.request.NettyRequestSender -- Using pooled Channel '[id: 0x78ff5426, L:/127.0.0.1:49265 - R:localhost/127.0.0.1:2424]' for 'POST' to 'http://localhost:2424/session/bb579461bda6b64085765da538032d95/element'
16:09:54.274 [Forwarding findElement on session bb579461bda6b64085765da538032d95 to remote] DEBUG org.asynchttpclient.netty.request.NettyRequestSender -- Using open Channel [id: 0x78ff5426, L:/127.0.0.1:49265 - R:localhost/127.0.0.1:2424] for POST '/session/bb579461bda6b64085765da538032d95/element'
16:09:54.285 [AsyncHttpClient-1-11] DEBUG org.asynchttpclient.netty.handler.HttpHandler -- 

Request DefaultHttpRequest(decodeResult: success, version: HTTP/1.1)
POST /session/bb579461bda6b64085765da538032d95/element HTTP/1.1
User-Agent: selenium/4.12.0 (java windows)
Content-Length: 60
Content-Type: application/json; charset=utf-8
host: localhost:2424
accept: */*

Response DefaultHttpResponse(decodeResult: success, version: HTTP/1.1)
HTTP/1.1 200 OK
Content-Length: 126
Content-Type: application/json; charset=utf-8
cache-control: no-cache

16:09:54.285 [AsyncHttpClient-1-11] DEBUG org.asynchttpclient.netty.channel.ChannelManager -- Adding key: http://localhost:2424 for channel [id: 0x78ff5426, L:/127.0.0.1:49265 - R:localhost/127.0.0.1:2424]
16:09:54.286 [Forwarding sendKeysToElement on session bb579461bda6b64085765da538032d95 to remote] DEBUG org.asynchttpclient.netty.request.NettyRequestSender -- Using pooled Channel '[id: 0x78ff5426, L:/127.0.0.1:49265 - R:localhost/127.0.0.1:2424]' for 'POST' to 'http://localhost:2424/session/bb579461bda6b64085765da538032d95/element/f.342901C13F1350971F6F3A4F95472DB2.d.C75C8EA1E76454B94992BC0315EB3783.e.23/value'
16:09:54.286 [Forwarding sendKeysToElement on session bb579461bda6b64085765da538032d95 to remote] DEBUG org.asynchttpclient.netty.request.NettyRequestSender -- Using open Channel [id: 0x78ff5426, L:/127.0.0.1:49265 - R:localhost/127.0.0.1:2424] for POST '/session/bb579461bda6b64085765da538032d95/element/f.342901C13F1350971F6F3A4F95472DB2.d.C75C8EA1E76454B94992BC0315EB3783.e.23/value'
16:09:54.351 [AsyncHttpClient-1-11] DEBUG org.asynchttpclient.netty.handler.HttpHandler -- 

Request DefaultHttpRequest(decodeResult: success, version: HTTP/1.1)
POST /session/bb579461bda6b64085765da538032d95/element/f.342901C13F1350971F6F3A4F95472DB2.d.C75C8EA1E76454B94992BC0315EB3783.e.23/value HTTP/1.1
User-Agent: selenium/4.12.0 (java windows)
Content-Length: 239
Content-Type: application/json; charset=utf-8
host: localhost:2424
accept: */*

Response DefaultHttpResponse(decodeResult: success, version: HTTP/1.1)
HTTP/1.1 200 OK
Content-Length: 14
Content-Type: application/json; charset=utf-8
cache-control: no-cache

16:09:54.351 [AsyncHttpClient-1-11] DEBUG org.asynchttpclient.netty.channel.ChannelManager -- Adding key: http://localhost:2424 for channel [id: 0x78ff5426, L:/127.0.0.1:49265 - R:localhost/127.0.0.1:2424]
16:09:54.352 [Forwarding findElement on session bb579461bda6b64085765da538032d95 to remote] DEBUG org.asynchttpclient.netty.request.NettyRequestSender -- Using pooled Channel '[id: 0x78ff5426, L:/127.0.0.1:49265 - R:localhost/127.0.0.1:2424]' for 'POST' to 'http://localhost:2424/session/bb579461bda6b64085765da538032d95/element'
16:09:54.352 [Forwarding findElement on session bb579461bda6b64085765da538032d95 to remote] DEBUG org.asynchttpclient.netty.request.NettyRequestSender -- Using open Channel [id: 0x78ff5426, L:/127.0.0.1:49265 - R:localhost/127.0.0.1:2424] for POST '/session/bb579461bda6b64085765da538032d95/element'
16:09:54.364 [AsyncHttpClient-1-11] DEBUG org.asynchttpclient.netty.handler.HttpHandler -- 

Request DefaultHttpRequest(decodeResult: success, version: HTTP/1.1)
POST /session/bb579461bda6b64085765da538032d95/element HTTP/1.1
User-Agent: selenium/4.12.0 (java windows)
Content-Length: 65
Content-Type: application/json; charset=utf-8
host: localhost:2424
accept: */*

Response DefaultHttpResponse(decodeResult: success, version: HTTP/1.1)
HTTP/1.1 200 OK
Content-Length: 126
Content-Type: application/json; charset=utf-8
cache-control: no-cache

16:09:54.364 [AsyncHttpClient-1-11] DEBUG org.asynchttpclient.netty.channel.ChannelManager -- Adding key: http://localhost:2424 for channel [id: 0x78ff5426, L:/127.0.0.1:49265 - R:localhost/127.0.0.1:2424]
16:09:54.365 [Forwarding clickElement on session bb579461bda6b64085765da538032d95 to remote] DEBUG org.asynchttpclient.netty.request.NettyRequestSender -- Using pooled Channel '[id: 0x78ff5426, L:/127.0.0.1:49265 - R:localhost/127.0.0.1:2424]' for 'POST' to 'http://localhost:2424/session/bb579461bda6b64085765da538032d95/element/f.342901C13F1350971F6F3A4F95472DB2.d.C75C8EA1E76454B94992BC0315EB3783.e.17/click'
16:09:54.365 [Forwarding clickElement on session bb579461bda6b64085765da538032d95 to remote] DEBUG org.asynchttpclient.netty.request.NettyRequestSender -- Using open Channel [id: 0x78ff5426, L:/127.0.0.1:49265 - R:localhost/127.0.0.1:2424] for POST '/session/bb579461bda6b64085765da538032d95/element/f.342901C13F1350971F6F3A4F95472DB2.d.C75C8EA1E76454B94992BC0315EB3783.e.17/click'
16:09:54.433 [AsyncHttpClient-1-11] DEBUG org.asynchttpclient.netty.handler.HttpHandler -- 

Request DefaultHttpRequest(decodeResult: success, version: HTTP/1.1)
POST /session/bb579461bda6b64085765da538032d95/element/f.342901C13F1350971F6F3A4F95472DB2.d.C75C8EA1E76454B94992BC0315EB3783.e.17/click HTTP/1.1
User-Agent: selenium/4.12.0 (java windows)
Content-Length: 88
Content-Type: application/json; charset=utf-8
host: localhost:2424
accept: */*

Response DefaultHttpResponse(decodeResult: success, version: HTTP/1.1)
HTTP/1.1 200 OK
Content-Length: 14
Content-Type: application/json; charset=utf-8
cache-control: no-cache

16:09:54.433 [AsyncHttpClient-1-11] DEBUG org.asynchttpclient.netty.channel.ChannelManager -- Adding key: http://localhost:2424 for channel [id: 0x78ff5426, L:/127.0.0.1:49265 - R:localhost/127.0.0.1:2424]
16:09:54.435 [Forwarding getPageSource on session bb579461bda6b64085765da538032d95 to remote] DEBUG org.asynchttpclient.netty.request.NettyRequestSender -- Using pooled Channel '[id: 0x78ff5426, L:/127.0.0.1:49265 - R:localhost/127.0.0.1:2424]' for 'POST' to 'http://localhost:2424/session/bb579461bda6b64085765da538032d95/execute/sync'
16:09:54.435 [Forwarding getPageSource on session bb579461bda6b64085765da538032d95 to remote] DEBUG org.asynchttpclient.netty.request.NettyRequestSender -- Using open Channel [id: 0x78ff5426, L:/127.0.0.1:49265 - R:localhost/127.0.0.1:2424] for POST '/session/bb579461bda6b64085765da538032d95/execute/sync'
16:09:54.443 [AsyncHttpClient-1-11] DEBUG org.asynchttpclient.netty.handler.HttpHandler -- 

Request DefaultHttpRequest(decodeResult: success, version: HTTP/1.1)
POST /session/bb579461bda6b64085765da538032d95/execute/sync HTTP/1.1
User-Agent: selenium/4.12.0 (java windows)
Content-Length: 176
Content-Type: application/json; charset=utf-8
host: localhost:2424
accept: */*

Response DefaultHttpResponse(decodeResult: success, version: HTTP/1.1)
HTTP/1.1 200 OK
Content-Length: 7571
Content-Type: application/json; charset=utf-8
cache-control: no-cache

16:09:54.444 [AsyncHttpClient-1-11] DEBUG org.asynchttpclient.netty.channel.ChannelManager -- Adding key: http://localhost:2424 for channel [id: 0x78ff5426, L:/127.0.0.1:49265 - R:localhost/127.0.0.1:2424]
]]></system-out>
    <system-err><![CDATA[Jan 02, 2025 4:09:52 PM org.openqa.selenium.devtools.CdpVersionFinder findNearestMatch
WARNING: Unable to find CDP implementation matching 131
Jan 02, 2025 4:09:52 PM org.openqa.selenium.chromium.ChromiumDriver lambda$new$5
WARNING: Unable to find version of CDP to use for 131.0.6778.205. You may need to include a dependency on a specific version of the CDP using something similar to `org.seleniumhq.selenium:selenium-devtools-v86:4.12.0` where the version ("v86") matches the version of the chromium-based browser you're using and the version number of the artifact is the same as Selenium's.
]]></system-err>
  </testcase>
  <testcase name="testLoginWithValidCredentials" classname="UITestCases.BuggyCarsUITests" time="0.264">
    <failure message="expected [true] but found [false]" type="java.lang.AssertionError"><![CDATA[java.lang.AssertionError: expected [true] but found [false]
	at org.testng.Assert.fail(Assert.java:110)
	at org.testng.Assert.failNotEquals(Assert.java:1413)
	at org.testng.Assert.assertTrue(Assert.java:56)
	at org.testng.Assert.assertTrue(Assert.java:66)
	at UITestCases.BuggyCarsUITests.testLoginWithValidCredentials(BuggyCarsUITests.java:44)
	at java.base/jdk.internal.reflect.NativeMethodAccessorImpl.invoke0(Native Method)
	at java.base/jdk.internal.reflect.NativeMethodAccessorImpl.invoke(NativeMethodAccessorImpl.java:77)
	at java.base/jdk.internal.reflect.DelegatingMethodAccessorImpl.invoke(DelegatingMethodAccessorImpl.java:43)
	at java.base/java.lang.reflect.Method.invoke(Method.java:568)
	at org.testng.internal.invokers.MethodInvocationHelper.invokeMethod(MethodInvocationHelper.java:139)
	at org.testng.internal.invokers.TestInvoker.invokeMethod(TestInvoker.java:677)
	at org.testng.internal.invokers.TestInvoker.invokeTestMethod(TestInvoker.java:221)
	at org.testng.internal.invokers.MethodRunner.runInSequence(MethodRunner.java:50)
	at org.testng.internal.invokers.TestInvoker$MethodInvocationAgent.invoke(TestInvoker.java:969)
	at org.testng.internal.invokers.TestInvoker.invokeTestMethods(TestInvoker.java:194)
	at org.testng.internal.invokers.TestMethodWorker.invokeTestMethods(TestMethodWorker.java:148)
	at org.testng.internal.invokers.TestMethodWorker.run(TestMethodWorker.java:128)
	at java.base/java.util.ArrayList.forEach(ArrayList.java:1511)
	at org.testng.TestRunner.privateRun(TestRunner.java:829)
	at org.testng.TestRunner.run(TestRunner.java:602)
	at org.testng.SuiteRunner.runTest(SuiteRunner.java:437)
	at org.testng.SuiteRunner.runSequentially(SuiteRunner.java:431)
	at org.testng.SuiteRunner.privateRun(SuiteRunner.java:391)
	at org.testng.SuiteRunner.run(SuiteRunner.java:330)
	at org.testng.SuiteRunnerWorker.runSuite(SuiteRunnerWorker.java:52)
	at org.testng.SuiteRunnerWorker.run(SuiteRunnerWorker.java:95)
	at org.testng.TestNG.runSuitesSequentially(TestNG.java:1256)
	at org.testng.TestNG.runSuitesLocally(TestNG.java:1176)
	at org.testng.TestNG.runSuites(TestNG.java:1099)
	at org.testng.TestNG.run(TestNG.java:1067)
	at org.apache.maven.surefire.testng.TestNGExecutor.run(TestNGExecutor.java:324)
	at org.apache.maven.surefire.testng.TestNGXmlTestSuite.execute(TestNGXmlTestSuite.java:74)
	at org.apache.maven.surefire.testng.TestNGProvider.invoke(TestNGProvider.java:123)
	at org.apache.maven.surefire.booter.ForkedBooter.runSuitesInProcess(ForkedBooter.java:456)
	at org.apache.maven.surefire.booter.ForkedBooter.execute(ForkedBooter.java:169)
	at org.apache.maven.surefire.booter.ForkedBooter.run(ForkedBooter.java:595)
	at org.apache.maven.surefire.booter.ForkedBooter.main(ForkedBooter.java:581)
]]></failure>
    <system-out><![CDATA[16:09:54.451 [Driver Command Executor] DEBUG org.asynchttpclient.netty.request.NettyRequestSender -- Using pooled Channel '[id: 0x78ff5426, L:/127.0.0.1:49265 - R:localhost/127.0.0.1:2424]' for 'DELETE' to 'http://localhost:2424/session/bb579461bda6b64085765da538032d95'
16:09:54.451 [Driver Command Executor] DEBUG org.asynchttpclient.netty.request.NettyRequestSender -- Using open Channel [id: 0x78ff5426, L:/127.0.0.1:49265 - R:localhost/127.0.0.1:2424] for DELETE '/session/bb579461bda6b64085765da538032d95'
16:09:54.451 [AsyncHttpClient-1-13] DEBUG org.asynchttpclient.netty.handler.WebSocketHandler -- Channel Closed: [id: 0xf38e4006, L:/127.0.0.1:49273 ! R:localhost/127.0.0.1:49266] with attribute DISCARD
16:09:54.495 [AsyncHttpClient-1-12] DEBUG org.asynchttpclient.netty.handler.HttpHandler -- Unexpected I/O exception on channel [id: 0xc34c142c, L:/127.0.0.1:49272 - R:localhost/127.0.0.1:49266]
java.net.SocketException: Connection reset
	at java.base/sun.nio.ch.SocketChannelImpl.throwConnectionReset(SocketChannelImpl.java:394)
	at java.base/sun.nio.ch.SocketChannelImpl.read(SocketChannelImpl.java:426)
	at io.netty.buffer.PooledByteBuf.setBytes(PooledByteBuf.java:254)
	at io.netty.buffer.AbstractByteBuf.writeBytes(AbstractByteBuf.java:1132)
	at io.netty.channel.socket.nio.NioSocketChannel.doReadBytes(NioSocketChannel.java:357)
	at io.netty.channel.nio.AbstractNioByteChannel$NioByteUnsafe.read(AbstractNioByteChannel.java:151)
	at io.netty.channel.nio.NioEventLoop.processSelectedKey(NioEventLoop.java:788)
	at io.netty.channel.nio.NioEventLoop.processSelectedKeysOptimized(NioEventLoop.java:724)
	at io.netty.channel.nio.NioEventLoop.processSelectedKeys(NioEventLoop.java:650)
	at io.netty.channel.nio.NioEventLoop.run(NioEventLoop.java:562)
	at io.netty.util.concurrent.SingleThreadEventExecutor$4.run(SingleThreadEventExecutor.java:997)
	at io.netty.util.internal.ThreadExecutorMap$2.run(ThreadExecutorMap.java:74)
	at io.netty.util.concurrent.FastThreadLocalRunnable.run(FastThreadLocalRunnable.java:30)
	at java.base/java.lang.Thread.run(Thread.java:842)
16:09:54.495 [AsyncHttpClient-1-12] DEBUG org.asynchttpclient.netty.channel.ChannelManager -- Closing Channel [id: 0xc34c142c, L:/127.0.0.1:49272 - R:localhost/127.0.0.1:49266] 
16:09:54.496 [AsyncHttpClient-1-12] DEBUG org.asynchttpclient.netty.handler.HttpHandler -- Channel Closed: [id: 0xc34c142c, L:/127.0.0.1:49272 ! R:localhost/127.0.0.1:49266] with attribute DISCARD
16:09:54.509 [AsyncHttpClient-1-11] DEBUG org.asynchttpclient.netty.handler.HttpHandler -- 

Request DefaultFullHttpRequest(decodeResult: success, version: HTTP/1.1, content: EmptyByteBufBE)
DELETE /session/bb579461bda6b64085765da538032d95 HTTP/1.1
User-Agent: selenium/4.12.0 (java windows)
Content-Type: application/json; charset=utf-8
host: localhost:2424
accept: */*

Response DefaultHttpResponse(decodeResult: success, version: HTTP/1.1)
HTTP/1.1 200 OK
Content-Length: 14
Content-Type: application/json; charset=utf-8
cache-control: no-cache

16:09:54.509 [AsyncHttpClient-1-11] DEBUG org.asynchttpclient.netty.channel.ChannelManager -- Adding key: http://localhost:2424 for channel [id: 0x78ff5426, L:/127.0.0.1:49265 - R:localhost/127.0.0.1:2424]
16:09:54.607 [AsyncHttpClient-1-11] DEBUG org.asynchttpclient.netty.handler.HttpHandler -- Channel Closed: [id: 0x78ff5426, L:/127.0.0.1:49265 ! R:localhost/127.0.0.1:2424] with attribute DISCARD
16:09:54.656 [main] DEBUG io.github.bonigarcia.wdm.WebDriverManager -- Using WebDriverManager 5.5.3
16:09:54.662 [main] DEBUG io.github.bonigarcia.wdm.cache.ResolutionCache -- Resolution chrome=131 in cache (valid until 17:09:45 02/01/2025 IST)
16:09:54.662 [main] DEBUG io.github.bonigarcia.wdm.cache.ResolutionCache -- Resolution chrome131=131.0.6778.204 in cache (valid until 14:21:23 03/01/2025 IST)
16:09:54.662 [main] INFO io.github.bonigarcia.wdm.WebDriverManager -- Using chromedriver 131.0.6778.204 (resolved driver for Chrome 131)
16:09:54.665 [main] DEBUG io.github.bonigarcia.wdm.WebDriverManager -- Driver chromedriver 131.0.6778.204 found in cache
16:09:54.666 [main] INFO io.github.bonigarcia.wdm.WebDriverManager -- Exporting webdriver.chrome.driver as C:\Users\sasitharan\.cache\selenium\chromedriver\win64\131.0.6778.204\chromedriver.exe
16:09:54.739 [AsyncHttpClient-1-14] DEBUG org.asynchttpclient.netty.channel.NettyConnectListener -- Using new Channel '[id: 0x94b26818, L:/127.0.0.1:49283 - R:localhost/127.0.0.1:3530]' for 'POST' to '/session'
16:09:55.042 [AsyncHttpClient-1-1] DEBUG org.asynchttpclient.netty.channel.DefaultChannelPool -- Entry count for : http://localhost:49266 : 1
16:09:55.042 [AsyncHttpClient-1-1] DEBUG org.asynchttpclient.netty.channel.DefaultChannelPool -- Entry count for : http://localhost:2424 : 1
16:09:55.042 [AsyncHttpClient-1-1] DEBUG org.asynchttpclient.netty.channel.DefaultChannelPool -- Adding Candidate expired Channel [id: 0xc34c142c, L:/127.0.0.1:49272 ! R:localhost/127.0.0.1:49266] isIdleTimeoutExpired=false isRemotelyClosed=true isTtlExpired=false
16:09:55.042 [AsyncHttpClient-1-1] DEBUG org.asynchttpclient.netty.channel.DefaultChannelPool -- Closing Idle Channel [id: 0xc34c142c, L:/127.0.0.1:49272 ! R:localhost/127.0.0.1:49266]
16:09:55.042 [AsyncHttpClient-1-1] DEBUG org.asynchttpclient.netty.channel.DefaultChannelPool -- Adding Candidate expired Channel [id: 0x78ff5426, L:/127.0.0.1:49265 ! R:localhost/127.0.0.1:2424] isIdleTimeoutExpired=false isRemotelyClosed=true isTtlExpired=false
16:09:55.042 [AsyncHttpClient-1-1] DEBUG org.asynchttpclient.netty.channel.DefaultChannelPool -- Closing Idle Channel [id: 0x78ff5426, L:/127.0.0.1:49265 ! R:localhost/127.0.0.1:2424]
16:09:55.042 [AsyncHttpClient-1-1] DEBUG org.asynchttpclient.netty.channel.DefaultChannelPool -- Closed 2 connections out of 2 in 0 ms
16:09:55.397 [AsyncHttpClient-1-14] DEBUG org.asynchttpclient.netty.handler.HttpHandler -- 

Request DefaultHttpRequest(decodeResult: success, version: HTTP/1.1)
POST /session HTTP/1.1
User-Agent: selenium/4.12.0 (java windows)
Content-Length: 254
Content-Type: application/json; charset=utf-8
host: localhost:3530
accept: */*

Response DefaultHttpResponse(decodeResult: success, version: HTTP/1.1)
HTTP/1.1 200 OK
Content-Length: 888
Content-Type: application/json; charset=utf-8
cache-control: no-cache

16:09:55.397 [AsyncHttpClient-1-14] DEBUG org.asynchttpclient.netty.channel.ChannelManager -- Adding key: http://localhost:3530 for channel [id: 0x94b26818, L:/127.0.0.1:49283 - R:localhost/127.0.0.1:3530]
16:09:55.407 [AsyncHttpClient-1-15] DEBUG org.asynchttpclient.netty.channel.NettyConnectListener -- Using new Channel '[id: 0x6b502e99, L:/127.0.0.1:49290 - R:localhost/127.0.0.1:49284]' for 'GET' to '/json/version'
16:09:55.413 [AsyncHttpClient-1-15] DEBUG org.asynchttpclient.netty.handler.HttpHandler -- 

Request DefaultFullHttpRequest(decodeResult: success, version: HTTP/1.1, content: EmptyByteBufBE)
GET /json/version HTTP/1.1
User-Agent: selenium/4.12.0 (java windows)
host: localhost:49284
accept: */*

Response DefaultHttpResponse(decodeResult: success, version: HTTP/1.1)
HTTP/1.1 200 OK
Content-Security-Policy: frame-ancestors 'none'
Content-Length: 424
Content-Type: application/json; charset=UTF-8

16:09:55.413 [AsyncHttpClient-1-15] DEBUG org.asynchttpclient.netty.channel.ChannelManager -- Adding key: http://localhost:49284 for channel [id: 0x6b502e99, L:/127.0.0.1:49290 - R:localhost/127.0.0.1:49284]
16:09:55.418 [AsyncHttpClient-1-16] DEBUG org.asynchttpclient.netty.channel.NettyConnectListener -- Using new Channel '[id: 0xc6aa6279, L:/127.0.0.1:49291 - R:localhost/127.0.0.1:49284]' for 'GET' to '/devtools/browser/75f646f8-6fc7-4c0d-8138-9791cdcb98a4'
16:09:55.422 [AsyncHttpClient-1-16] DEBUG org.asynchttpclient.netty.handler.WebSocketHandler -- 

Request DefaultFullHttpRequest(decodeResult: success, version: HTTP/1.1, content: EmptyByteBufBE)
GET /devtools/browser/75f646f8-6fc7-4c0d-8138-9791cdcb98a4 HTTP/1.1
upgrade: websocket
connection: upgrade
sec-websocket-key: +NYyrYuDL5STzalikZfdfw==
sec-websocket-version: 13
origin: http://localhost:49284
host: localhost:49284
accept: */*
user-agent: AHC/2.1

Response DefaultHttpResponse(decodeResult: success, version: HTTP/1.1)
HTTP/1.1 101 WebSocket Protocol Handshake
Upgrade: WebSocket
Connection: Upgrade
Sec-WebSocket-Accept: 9E8xUwUcyLXd5JwC8tGvkCnepw0=

16:09:55.427 [Forwarding maximizeCurrentWindow on session 679b90a35bab7dfca81a48f850a8f1e6 to remote] DEBUG org.asynchttpclient.netty.request.NettyRequestSender -- Using pooled Channel '[id: 0x94b26818, L:/127.0.0.1:49283 - R:localhost/127.0.0.1:3530]' for 'POST' to 'http://localhost:3530/session/679b90a35bab7dfca81a48f850a8f1e6/window/maximize'
16:09:55.427 [Forwarding maximizeCurrentWindow on session 679b90a35bab7dfca81a48f850a8f1e6 to remote] DEBUG org.asynchttpclient.netty.request.NettyRequestSender -- Using open Channel [id: 0x94b26818, L:/127.0.0.1:49283 - R:localhost/127.0.0.1:3530] for POST '/session/679b90a35bab7dfca81a48f850a8f1e6/window/maximize'
16:09:55.470 [AsyncHttpClient-1-14] DEBUG org.asynchttpclient.netty.handler.HttpHandler -- 

Request DefaultHttpRequest(decodeResult: success, version: HTTP/1.1)
POST /session/679b90a35bab7dfca81a48f850a8f1e6/window/maximize HTTP/1.1
User-Agent: selenium/4.12.0 (java windows)
Content-Length: 3
Content-Type: application/json; charset=utf-8
host: localhost:3530
accept: */*

Response DefaultHttpResponse(decodeResult: success, version: HTTP/1.1)
HTTP/1.1 200 OK
Content-Length: 51
Content-Type: application/json; charset=utf-8
cache-control: no-cache

16:09:55.470 [AsyncHttpClient-1-14] DEBUG org.asynchttpclient.netty.channel.ChannelManager -- Adding key: http://localhost:3530 for channel [id: 0x94b26818, L:/127.0.0.1:49283 - R:localhost/127.0.0.1:3530]
16:09:55.471 [Forwarding get on session 679b90a35bab7dfca81a48f850a8f1e6 to remote] DEBUG org.asynchttpclient.netty.request.NettyRequestSender -- Using pooled Channel '[id: 0x94b26818, L:/127.0.0.1:49283 - R:localhost/127.0.0.1:3530]' for 'POST' to 'http://localhost:3530/session/679b90a35bab7dfca81a48f850a8f1e6/url'
16:09:55.471 [Forwarding get on session 679b90a35bab7dfca81a48f850a8f1e6 to remote] DEBUG org.asynchttpclient.netty.request.NettyRequestSender -- Using open Channel [id: 0x94b26818, L:/127.0.0.1:49283 - R:localhost/127.0.0.1:3530] for POST '/session/679b90a35bab7dfca81a48f850a8f1e6/url'
16:09:56.119 [AsyncHttpClient-1-1] DEBUG org.asynchttpclient.netty.channel.DefaultChannelPool -- Entry count for : http://localhost:49284 : 1
16:09:56.288 [AsyncHttpClient-1-14] DEBUG org.asynchttpclient.netty.handler.HttpHandler -- 

Request DefaultHttpRequest(decodeResult: success, version: HTTP/1.1)
POST /session/679b90a35bab7dfca81a48f850a8f1e6/url HTTP/1.1
User-Agent: selenium/4.12.0 (java windows)
Content-Length: 58
Content-Type: application/json; charset=utf-8
host: localhost:3530
accept: */*

Response DefaultHttpResponse(decodeResult: success, version: HTTP/1.1)
HTTP/1.1 200 OK
Content-Length: 14
Content-Type: application/json; charset=utf-8
cache-control: no-cache

16:09:56.289 [AsyncHttpClient-1-14] DEBUG org.asynchttpclient.netty.channel.ChannelManager -- Adding key: http://localhost:3530 for channel [id: 0x94b26818, L:/127.0.0.1:49283 - R:localhost/127.0.0.1:3530]
16:09:56.291 [Forwarding findElement on session 679b90a35bab7dfca81a48f850a8f1e6 to remote] DEBUG org.asynchttpclient.netty.request.NettyRequestSender -- Using pooled Channel '[id: 0x94b26818, L:/127.0.0.1:49283 - R:localhost/127.0.0.1:3530]' for 'POST' to 'http://localhost:3530/session/679b90a35bab7dfca81a48f850a8f1e6/element'
16:09:56.291 [Forwarding findElement on session 679b90a35bab7dfca81a48f850a8f1e6 to remote] DEBUG org.asynchttpclient.netty.request.NettyRequestSender -- Using open Channel [id: 0x94b26818, L:/127.0.0.1:49283 - R:localhost/127.0.0.1:3530] for POST '/session/679b90a35bab7dfca81a48f850a8f1e6/element'
16:09:56.306 [AsyncHttpClient-1-14] DEBUG org.asynchttpclient.netty.handler.HttpHandler -- 

Request DefaultHttpRequest(decodeResult: success, version: HTTP/1.1)
POST /session/679b90a35bab7dfca81a48f850a8f1e6/element HTTP/1.1
User-Agent: selenium/4.12.0 (java windows)
Content-Length: 59
Content-Type: application/json; charset=utf-8
host: localhost:3530
accept: */*

Response DefaultHttpResponse(decodeResult: success, version: HTTP/1.1)
HTTP/1.1 200 OK
Content-Length: 125
Content-Type: application/json; charset=utf-8
cache-control: no-cache

16:09:56.306 [AsyncHttpClient-1-14] DEBUG org.asynchttpclient.netty.channel.ChannelManager -- Adding key: http://localhost:3530 for channel [id: 0x94b26818, L:/127.0.0.1:49283 - R:localhost/127.0.0.1:3530]
16:09:56.308 [Forwarding sendKeysToElement on session 679b90a35bab7dfca81a48f850a8f1e6 to remote] DEBUG org.asynchttpclient.netty.request.NettyRequestSender -- Using pooled Channel '[id: 0x94b26818, L:/127.0.0.1:49283 - R:localhost/127.0.0.1:3530]' for 'POST' to 'http://localhost:3530/session/679b90a35bab7dfca81a48f850a8f1e6/element/f.DD9D1C3DB4B212EFAFE05093A1AF691D.d.1E405AFB07998C548FA1382883EDF52E.e.5/value'
16:09:56.308 [Forwarding sendKeysToElement on session 679b90a35bab7dfca81a48f850a8f1e6 to remote] DEBUG org.asynchttpclient.netty.request.NettyRequestSender -- Using open Channel [id: 0x94b26818, L:/127.0.0.1:49283 - R:localhost/127.0.0.1:3530] for POST '/session/679b90a35bab7dfca81a48f850a8f1e6/element/f.DD9D1C3DB4B212EFAFE05093A1AF691D.d.1E405AFB07998C548FA1382883EDF52E.e.5/value'
16:09:56.393 [AsyncHttpClient-1-14] DEBUG org.asynchttpclient.netty.handler.HttpHandler -- 

Request DefaultHttpRequest(decodeResult: success, version: HTTP/1.1)
POST /session/679b90a35bab7dfca81a48f850a8f1e6/element/f.DD9D1C3DB4B212EFAFE05093A1AF691D.d.1E405AFB07998C548FA1382883EDF52E.e.5/value HTTP/1.1
User-Agent: selenium/4.12.0 (java windows)
Content-Length: 228
Content-Type: application/json; charset=utf-8
host: localhost:3530
accept: */*

Response DefaultHttpResponse(decodeResult: success, version: HTTP/1.1)
HTTP/1.1 200 OK
Content-Length: 14
Content-Type: application/json; charset=utf-8
cache-control: no-cache

16:09:56.393 [AsyncHttpClient-1-14] DEBUG org.asynchttpclient.netty.channel.ChannelManager -- Adding key: http://localhost:3530 for channel [id: 0x94b26818, L:/127.0.0.1:49283 - R:localhost/127.0.0.1:3530]
16:09:56.395 [Forwarding findElement on session 679b90a35bab7dfca81a48f850a8f1e6 to remote] DEBUG org.asynchttpclient.netty.request.NettyRequestSender -- Using pooled Channel '[id: 0x94b26818, L:/127.0.0.1:49283 - R:localhost/127.0.0.1:3530]' for 'POST' to 'http://localhost:3530/session/679b90a35bab7dfca81a48f850a8f1e6/element'
16:09:56.395 [Forwarding findElement on session 679b90a35bab7dfca81a48f850a8f1e6 to remote] DEBUG org.asynchttpclient.netty.request.NettyRequestSender -- Using open Channel [id: 0x94b26818, L:/127.0.0.1:49283 - R:localhost/127.0.0.1:3530] for POST '/session/679b90a35bab7dfca81a48f850a8f1e6/element'
16:09:56.406 [AsyncHttpClient-1-14] DEBUG org.asynchttpclient.netty.handler.HttpHandler -- 

Request DefaultHttpRequest(decodeResult: success, version: HTTP/1.1)
POST /session/679b90a35bab7dfca81a48f850a8f1e6/element HTTP/1.1
User-Agent: selenium/4.12.0 (java windows)
Content-Length: 62
Content-Type: application/json; charset=utf-8
host: localhost:3530
accept: */*

Response DefaultHttpResponse(decodeResult: success, version: HTTP/1.1)
HTTP/1.1 200 OK
Content-Length: 125
Content-Type: application/json; charset=utf-8
cache-control: no-cache

16:09:56.408 [AsyncHttpClient-1-14] DEBUG org.asynchttpclient.netty.channel.ChannelManager -- Adding key: http://localhost:3530 for channel [id: 0x94b26818, L:/127.0.0.1:49283 - R:localhost/127.0.0.1:3530]
16:09:56.409 [Forwarding sendKeysToElement on session 679b90a35bab7dfca81a48f850a8f1e6 to remote] DEBUG org.asynchttpclient.netty.request.NettyRequestSender -- Using pooled Channel '[id: 0x94b26818, L:/127.0.0.1:49283 - R:localhost/127.0.0.1:3530]' for 'POST' to 'http://localhost:3530/session/679b90a35bab7dfca81a48f850a8f1e6/element/f.DD9D1C3DB4B212EFAFE05093A1AF691D.d.1E405AFB07998C548FA1382883EDF52E.e.4/value'
16:09:56.409 [Forwarding sendKeysToElement on session 679b90a35bab7dfca81a48f850a8f1e6 to remote] DEBUG org.asynchttpclient.netty.request.NettyRequestSender -- Using open Channel [id: 0x94b26818, L:/127.0.0.1:49283 - R:localhost/127.0.0.1:3530] for POST '/session/679b90a35bab7dfca81a48f850a8f1e6/element/f.DD9D1C3DB4B212EFAFE05093A1AF691D.d.1E405AFB07998C548FA1382883EDF52E.e.4/value'
16:09:56.471 [AsyncHttpClient-1-14] DEBUG org.asynchttpclient.netty.handler.HttpHandler -- 

Request DefaultHttpRequest(decodeResult: success, version: HTTP/1.1)
POST /session/679b90a35bab7dfca81a48f850a8f1e6/element/f.DD9D1C3DB4B212EFAFE05093A1AF691D.d.1E405AFB07998C548FA1382883EDF52E.e.4/value HTTP/1.1
User-Agent: selenium/4.12.0 (java windows)
Content-Length: 238
Content-Type: application/json; charset=utf-8
host: localhost:3530
accept: */*

Response DefaultHttpResponse(decodeResult: success, version: HTTP/1.1)
HTTP/1.1 200 OK
Content-Length: 14
Content-Type: application/json; charset=utf-8
cache-control: no-cache

16:09:56.471 [AsyncHttpClient-1-14] DEBUG org.asynchttpclient.netty.channel.ChannelManager -- Adding key: http://localhost:3530 for channel [id: 0x94b26818, L:/127.0.0.1:49283 - R:localhost/127.0.0.1:3530]
16:09:56.472 [Forwarding findElement on session 679b90a35bab7dfca81a48f850a8f1e6 to remote] DEBUG org.asynchttpclient.netty.request.NettyRequestSender -- Using pooled Channel '[id: 0x94b26818, L:/127.0.0.1:49283 - R:localhost/127.0.0.1:3530]' for 'POST' to 'http://localhost:3530/session/679b90a35bab7dfca81a48f850a8f1e6/element'
16:09:56.472 [Forwarding findElement on session 679b90a35bab7dfca81a48f850a8f1e6 to remote] DEBUG org.asynchttpclient.netty.request.NettyRequestSender -- Using open Channel [id: 0x94b26818, L:/127.0.0.1:49283 - R:localhost/127.0.0.1:3530] for POST '/session/679b90a35bab7dfca81a48f850a8f1e6/element'
16:09:56.486 [AsyncHttpClient-1-14] DEBUG org.asynchttpclient.netty.handler.HttpHandler -- 

Request DefaultHttpRequest(decodeResult: success, version: HTTP/1.1)
POST /session/679b90a35bab7dfca81a48f850a8f1e6/element HTTP/1.1
User-Agent: selenium/4.12.0 (java windows)
Content-Length: 65
Content-Type: application/json; charset=utf-8
host: localhost:3530
accept: */*

Response DefaultHttpResponse(decodeResult: success, version: HTTP/1.1)
HTTP/1.1 200 OK
Content-Length: 125
Content-Type: application/json; charset=utf-8
cache-control: no-cache

16:09:56.486 [AsyncHttpClient-1-14] DEBUG org.asynchttpclient.netty.channel.ChannelManager -- Adding key: http://localhost:3530 for channel [id: 0x94b26818, L:/127.0.0.1:49283 - R:localhost/127.0.0.1:3530]
16:09:56.487 [Forwarding clickElement on session 679b90a35bab7dfca81a48f850a8f1e6 to remote] DEBUG org.asynchttpclient.netty.request.NettyRequestSender -- Using pooled Channel '[id: 0x94b26818, L:/127.0.0.1:49283 - R:localhost/127.0.0.1:3530]' for 'POST' to 'http://localhost:3530/session/679b90a35bab7dfca81a48f850a8f1e6/element/f.DD9D1C3DB4B212EFAFE05093A1AF691D.d.1E405AFB07998C548FA1382883EDF52E.e.7/click'
16:09:56.487 [Forwarding clickElement on session 679b90a35bab7dfca81a48f850a8f1e6 to remote] DEBUG org.asynchttpclient.netty.request.NettyRequestSender -- Using open Channel [id: 0x94b26818, L:/127.0.0.1:49283 - R:localhost/127.0.0.1:3530] for POST '/session/679b90a35bab7dfca81a48f850a8f1e6/element/f.DD9D1C3DB4B212EFAFE05093A1AF691D.d.1E405AFB07998C548FA1382883EDF52E.e.7/click'
16:09:56.544 [AsyncHttpClient-1-14] DEBUG org.asynchttpclient.netty.handler.HttpHandler -- 

Request DefaultHttpRequest(decodeResult: success, version: HTTP/1.1)
POST /session/679b90a35bab7dfca81a48f850a8f1e6/element/f.DD9D1C3DB4B212EFAFE05093A1AF691D.d.1E405AFB07998C548FA1382883EDF52E.e.7/click HTTP/1.1
User-Agent: selenium/4.12.0 (java windows)
Content-Length: 87
Content-Type: application/json; charset=utf-8
host: localhost:3530
accept: */*

Response DefaultHttpResponse(decodeResult: success, version: HTTP/1.1)
HTTP/1.1 200 OK
Content-Length: 14
Content-Type: application/json; charset=utf-8
cache-control: no-cache

16:09:56.544 [AsyncHttpClient-1-14] DEBUG org.asynchttpclient.netty.channel.ChannelManager -- Adding key: http://localhost:3530 for channel [id: 0x94b26818, L:/127.0.0.1:49283 - R:localhost/127.0.0.1:3530]
16:09:56.545 [Forwarding getPageSource on session 679b90a35bab7dfca81a48f850a8f1e6 to remote] DEBUG org.asynchttpclient.netty.request.NettyRequestSender -- Using pooled Channel '[id: 0x94b26818, L:/127.0.0.1:49283 - R:localhost/127.0.0.1:3530]' for 'POST' to 'http://localhost:3530/session/679b90a35bab7dfca81a48f850a8f1e6/execute/sync'
16:09:56.545 [Forwarding getPageSource on session 679b90a35bab7dfca81a48f850a8f1e6 to remote] DEBUG org.asynchttpclient.netty.request.NettyRequestSender -- Using open Channel [id: 0x94b26818, L:/127.0.0.1:49283 - R:localhost/127.0.0.1:3530] for POST '/session/679b90a35bab7dfca81a48f850a8f1e6/execute/sync'
16:09:56.551 [AsyncHttpClient-1-14] DEBUG org.asynchttpclient.netty.handler.HttpHandler -- 

Request DefaultHttpRequest(decodeResult: success, version: HTTP/1.1)
POST /session/679b90a35bab7dfca81a48f850a8f1e6/execute/sync HTTP/1.1
User-Agent: selenium/4.12.0 (java windows)
Content-Length: 176
Content-Type: application/json; charset=utf-8
host: localhost:3530
accept: */*

Response DefaultHttpResponse(decodeResult: success, version: HTTP/1.1)
HTTP/1.1 200 OK
Content-Length: 4159
Content-Type: application/json; charset=utf-8
cache-control: no-cache

16:09:56.552 [AsyncHttpClient-1-14] DEBUG org.asynchttpclient.netty.channel.ChannelManager -- Adding key: http://localhost:3530 for channel [id: 0x94b26818, L:/127.0.0.1:49283 - R:localhost/127.0.0.1:3530]
]]></system-out>
    <system-err><![CDATA[Jan 02, 2025 4:09:55 PM org.openqa.selenium.devtools.CdpVersionFinder findNearestMatch
WARNING: Unable to find CDP implementation matching 131
Jan 02, 2025 4:09:55 PM org.openqa.selenium.chromium.ChromiumDriver lambda$new$5
WARNING: Unable to find version of CDP to use for 131.0.6778.205. You may need to include a dependency on a specific version of the CDP using something similar to `org.seleniumhq.selenium:selenium-devtools-v86:4.12.0` where the version ("v86") matches the version of the chromium-based browser you're using and the version number of the artifact is the same as Selenium's.
]]></system-err>
  </testcase>
  <testcase name="testMissingFieldsInRegistration" classname="UITestCases.BuggyCarsUITests" time="0.208">
    <failure message="expected [true] but found [false]" type="java.lang.AssertionError"><![CDATA[java.lang.AssertionError: expected [true] but found [false]
	at org.testng.Assert.fail(Assert.java:110)
	at org.testng.Assert.failNotEquals(Assert.java:1413)
	at org.testng.Assert.assertTrue(Assert.java:56)
	at org.testng.Assert.assertTrue(Assert.java:66)
	at UITestCases.BuggyCarsUITests.testMissingFieldsInRegistration(BuggyCarsUITests.java:62)
	at java.base/jdk.internal.reflect.NativeMethodAccessorImpl.invoke0(Native Method)
	at java.base/jdk.internal.reflect.NativeMethodAccessorImpl.invoke(NativeMethodAccessorImpl.java:77)
	at java.base/jdk.internal.reflect.DelegatingMethodAccessorImpl.invoke(DelegatingMethodAccessorImpl.java:43)
	at java.base/java.lang.reflect.Method.invoke(Method.java:568)
	at org.testng.internal.invokers.MethodInvocationHelper.invokeMethod(MethodInvocationHelper.java:139)
	at org.testng.internal.invokers.TestInvoker.invokeMethod(TestInvoker.java:677)
	at org.testng.internal.invokers.TestInvoker.invokeTestMethod(TestInvoker.java:221)
	at org.testng.internal.invokers.MethodRunner.runInSequence(MethodRunner.java:50)
	at org.testng.internal.invokers.TestInvoker$MethodInvocationAgent.invoke(TestInvoker.java:969)
	at org.testng.internal.invokers.TestInvoker.invokeTestMethods(TestInvoker.java:194)
	at org.testng.internal.invokers.TestMethodWorker.invokeTestMethods(TestMethodWorker.java:148)
	at org.testng.internal.invokers.TestMethodWorker.run(TestMethodWorker.java:128)
	at java.base/java.util.ArrayList.forEach(ArrayList.java:1511)
	at org.testng.TestRunner.privateRun(TestRunner.java:829)
	at org.testng.TestRunner.run(TestRunner.java:602)
	at org.testng.SuiteRunner.runTest(SuiteRunner.java:437)
	at org.testng.SuiteRunner.runSequentially(SuiteRunner.java:431)
	at org.testng.SuiteRunner.privateRun(SuiteRunner.java:391)
	at org.testng.SuiteRunner.run(SuiteRunner.java:330)
	at org.testng.SuiteRunnerWorker.runSuite(SuiteRunnerWorker.java:52)
	at org.testng.SuiteRunnerWorker.run(SuiteRunnerWorker.java:95)
	at org.testng.TestNG.runSuitesSequentially(TestNG.java:1256)
	at org.testng.TestNG.runSuitesLocally(TestNG.java:1176)
	at org.testng.TestNG.runSuites(TestNG.java:1099)
	at org.testng.TestNG.run(TestNG.java:1067)
	at org.apache.maven.surefire.testng.TestNGExecutor.run(TestNGExecutor.java:324)
	at org.apache.maven.surefire.testng.TestNGXmlTestSuite.execute(TestNGXmlTestSuite.java:74)
	at org.apache.maven.surefire.testng.TestNGProvider.invoke(TestNGProvider.java:123)
	at org.apache.maven.surefire.booter.ForkedBooter.runSuitesInProcess(ForkedBooter.java:456)
	at org.apache.maven.surefire.booter.ForkedBooter.execute(ForkedBooter.java:169)
	at org.apache.maven.surefire.booter.ForkedBooter.run(ForkedBooter.java:595)
	at org.apache.maven.surefire.booter.ForkedBooter.main(ForkedBooter.java:581)
]]></failure>
    <system-out><![CDATA[16:09:56.554 [Driver Command Executor] DEBUG org.asynchttpclient.netty.request.NettyRequestSender -- Using pooled Channel '[id: 0x94b26818, L:/127.0.0.1:49283 - R:localhost/127.0.0.1:3530]' for 'DELETE' to 'http://localhost:3530/session/679b90a35bab7dfca81a48f850a8f1e6'
16:09:56.555 [Driver Command Executor] DEBUG org.asynchttpclient.netty.request.NettyRequestSender -- Using open Channel [id: 0x94b26818, L:/127.0.0.1:49283 - R:localhost/127.0.0.1:3530] for DELETE '/session/679b90a35bab7dfca81a48f850a8f1e6'
16:09:56.555 [AsyncHttpClient-1-16] DEBUG org.asynchttpclient.netty.handler.WebSocketHandler -- Channel Closed: [id: 0xc6aa6279, L:/127.0.0.1:49291 ! R:localhost/127.0.0.1:49284] with attribute DISCARD
16:09:56.579 [AsyncHttpClient-1-15] DEBUG org.asynchttpclient.netty.handler.HttpHandler -- Unexpected I/O exception on channel [id: 0x6b502e99, L:/127.0.0.1:49290 - R:localhost/127.0.0.1:49284]
java.net.SocketException: Connection reset
	at java.base/sun.nio.ch.SocketChannelImpl.throwConnectionReset(SocketChannelImpl.java:394)
	at java.base/sun.nio.ch.SocketChannelImpl.read(SocketChannelImpl.java:426)
	at io.netty.buffer.PooledByteBuf.setBytes(PooledByteBuf.java:254)
	at io.netty.buffer.AbstractByteBuf.writeBytes(AbstractByteBuf.java:1132)
	at io.netty.channel.socket.nio.NioSocketChannel.doReadBytes(NioSocketChannel.java:357)
	at io.netty.channel.nio.AbstractNioByteChannel$NioByteUnsafe.read(AbstractNioByteChannel.java:151)
	at io.netty.channel.nio.NioEventLoop.processSelectedKey(NioEventLoop.java:788)
	at io.netty.channel.nio.NioEventLoop.processSelectedKeysOptimized(NioEventLoop.java:724)
	at io.netty.channel.nio.NioEventLoop.processSelectedKeys(NioEventLoop.java:650)
	at io.netty.channel.nio.NioEventLoop.run(NioEventLoop.java:562)
	at io.netty.util.concurrent.SingleThreadEventExecutor$4.run(SingleThreadEventExecutor.java:997)
	at io.netty.util.internal.ThreadExecutorMap$2.run(ThreadExecutorMap.java:74)
	at io.netty.util.concurrent.FastThreadLocalRunnable.run(FastThreadLocalRunnable.java:30)
	at java.base/java.lang.Thread.run(Thread.java:842)
16:09:56.580 [AsyncHttpClient-1-15] DEBUG org.asynchttpclient.netty.channel.ChannelManager -- Closing Channel [id: 0x6b502e99, L:/127.0.0.1:49290 - R:localhost/127.0.0.1:49284] 
16:09:56.580 [AsyncHttpClient-1-15] DEBUG org.asynchttpclient.netty.handler.HttpHandler -- Channel Closed: [id: 0x6b502e99, L:/127.0.0.1:49290 ! R:localhost/127.0.0.1:49284] with attribute DISCARD
16:09:56.597 [AsyncHttpClient-1-14] DEBUG org.asynchttpclient.netty.handler.HttpHandler -- 

Request DefaultFullHttpRequest(decodeResult: success, version: HTTP/1.1, content: EmptyByteBufBE)
DELETE /session/679b90a35bab7dfca81a48f850a8f1e6 HTTP/1.1
User-Agent: selenium/4.12.0 (java windows)
Content-Type: application/json; charset=utf-8
host: localhost:3530
accept: */*

Response DefaultHttpResponse(decodeResult: success, version: HTTP/1.1)
HTTP/1.1 200 OK
Content-Length: 14
Content-Type: application/json; charset=utf-8
cache-control: no-cache

16:09:56.597 [AsyncHttpClient-1-14] DEBUG org.asynchttpclient.netty.channel.ChannelManager -- Adding key: http://localhost:3530 for channel [id: 0x94b26818, L:/127.0.0.1:49283 - R:localhost/127.0.0.1:3530]
16:09:56.698 [AsyncHttpClient-1-14] DEBUG org.asynchttpclient.netty.handler.HttpHandler -- Channel Closed: [id: 0x94b26818, L:/127.0.0.1:49283 ! R:localhost/127.0.0.1:3530] with attribute DISCARD
16:09:56.747 [main] DEBUG io.github.bonigarcia.wdm.WebDriverManager -- Using WebDriverManager 5.5.3
16:09:56.754 [main] DEBUG io.github.bonigarcia.wdm.cache.ResolutionCache -- Resolution chrome=131 in cache (valid until 17:09:45 02/01/2025 IST)
16:09:56.755 [main] DEBUG io.github.bonigarcia.wdm.cache.ResolutionCache -- Resolution chrome131=131.0.6778.204 in cache (valid until 14:21:23 03/01/2025 IST)
16:09:56.755 [main] INFO io.github.bonigarcia.wdm.WebDriverManager -- Using chromedriver 131.0.6778.204 (resolved driver for Chrome 131)
16:09:56.758 [main] DEBUG io.github.bonigarcia.wdm.WebDriverManager -- Driver chromedriver 131.0.6778.204 found in cache
16:09:56.759 [main] INFO io.github.bonigarcia.wdm.WebDriverManager -- Exporting webdriver.chrome.driver as C:\Users\sasitharan\.cache\selenium\chromedriver\win64\131.0.6778.204\chromedriver.exe
16:09:56.826 [AsyncHttpClient-1-17] DEBUG org.asynchttpclient.netty.channel.NettyConnectListener -- Using new Channel '[id: 0x06e15a2a, L:/127.0.0.1:49304 - R:localhost/127.0.0.1:34775]' for 'POST' to '/session'
16:09:57.217 [AsyncHttpClient-1-1] DEBUG org.asynchttpclient.netty.channel.DefaultChannelPool -- Entry count for : http://localhost:3530 : 1
16:09:57.217 [AsyncHttpClient-1-1] DEBUG org.asynchttpclient.netty.channel.DefaultChannelPool -- Entry count for : http://localhost:49284 : 1
16:09:57.217 [AsyncHttpClient-1-1] DEBUG org.asynchttpclient.netty.channel.DefaultChannelPool -- Adding Candidate expired Channel [id: 0x94b26818, L:/127.0.0.1:49283 ! R:localhost/127.0.0.1:3530] isIdleTimeoutExpired=false isRemotelyClosed=true isTtlExpired=false
16:09:57.217 [AsyncHttpClient-1-1] DEBUG org.asynchttpclient.netty.channel.DefaultChannelPool -- Closing Idle Channel [id: 0x94b26818, L:/127.0.0.1:49283 ! R:localhost/127.0.0.1:3530]
16:09:57.217 [AsyncHttpClient-1-1] DEBUG org.asynchttpclient.netty.channel.DefaultChannelPool -- Adding Candidate expired Channel [id: 0x6b502e99, L:/127.0.0.1:49290 ! R:localhost/127.0.0.1:49284] isIdleTimeoutExpired=false isRemotelyClosed=true isTtlExpired=false
16:09:57.217 [AsyncHttpClient-1-1] DEBUG org.asynchttpclient.netty.channel.DefaultChannelPool -- Closing Idle Channel [id: 0x6b502e99, L:/127.0.0.1:49290 ! R:localhost/127.0.0.1:49284]
16:09:57.217 [AsyncHttpClient-1-1] DEBUG org.asynchttpclient.netty.channel.DefaultChannelPool -- Closed 2 connections out of 2 in 0 ms
16:09:57.524 [AsyncHttpClient-1-17] DEBUG org.asynchttpclient.netty.handler.HttpHandler -- 

Request DefaultHttpRequest(decodeResult: success, version: HTTP/1.1)
POST /session HTTP/1.1
User-Agent: selenium/4.12.0 (java windows)
Content-Length: 254
Content-Type: application/json; charset=utf-8
host: localhost:34775
accept: */*

Response DefaultHttpResponse(decodeResult: success, version: HTTP/1.1)
HTTP/1.1 200 OK
Content-Length: 888
Content-Type: application/json; charset=utf-8
cache-control: no-cache

16:09:57.524 [AsyncHttpClient-1-17] DEBUG org.asynchttpclient.netty.channel.ChannelManager -- Adding key: http://localhost:34775 for channel [id: 0x06e15a2a, L:/127.0.0.1:49304 - R:localhost/127.0.0.1:34775]
16:09:57.532 [AsyncHttpClient-1-2] DEBUG org.asynchttpclient.netty.channel.NettyConnectListener -- Using new Channel '[id: 0xd03b3726, L:/127.0.0.1:49311 - R:localhost/127.0.0.1:49305]' for 'GET' to '/json/version'
16:09:57.532 [AsyncHttpClient-1-2] DEBUG org.asynchttpclient.netty.handler.HttpHandler -- 

Request DefaultFullHttpRequest(decodeResult: success, version: HTTP/1.1, content: EmptyByteBufBE)
GET /json/version HTTP/1.1
User-Agent: selenium/4.12.0 (java windows)
host: localhost:49305
accept: */*

Response DefaultHttpResponse(decodeResult: success, version: HTTP/1.1)
HTTP/1.1 200 OK
Content-Security-Policy: frame-ancestors 'none'
Content-Length: 424
Content-Type: application/json; charset=UTF-8

16:09:57.533 [AsyncHttpClient-1-2] DEBUG org.asynchttpclient.netty.channel.ChannelManager -- Adding key: http://localhost:49305 for channel [id: 0xd03b3726, L:/127.0.0.1:49311 - R:localhost/127.0.0.1:49305]
16:09:57.535 [AsyncHttpClient-1-3] DEBUG org.asynchttpclient.netty.channel.NettyConnectListener -- Using new Channel '[id: 0x73300b63, L:/127.0.0.1:49312 - R:localhost/127.0.0.1:49305]' for 'GET' to '/devtools/browser/96bf0d20-d44c-48fc-b05a-4290c8ddecad'
16:09:57.536 [AsyncHttpClient-1-3] DEBUG org.asynchttpclient.netty.handler.WebSocketHandler -- 

Request DefaultFullHttpRequest(decodeResult: success, version: HTTP/1.1, content: EmptyByteBufBE)
GET /devtools/browser/96bf0d20-d44c-48fc-b05a-4290c8ddecad HTTP/1.1
upgrade: websocket
connection: upgrade
sec-websocket-key: v/0nI2XO0iyJOLsQIG6ygQ==
sec-websocket-version: 13
origin: http://localhost:49305
host: localhost:49305
accept: */*
user-agent: AHC/2.1

Response DefaultHttpResponse(decodeResult: success, version: HTTP/1.1)
HTTP/1.1 101 WebSocket Protocol Handshake
Upgrade: WebSocket
Connection: Upgrade
Sec-WebSocket-Accept: L7BYFoeOmvA1COfQVtJfmWv43+4=

16:09:57.540 [Forwarding maximizeCurrentWindow on session c55fa0ebef46945ca9389ce5d8b7233e to remote] DEBUG org.asynchttpclient.netty.request.NettyRequestSender -- Using pooled Channel '[id: 0x06e15a2a, L:/127.0.0.1:49304 - R:localhost/127.0.0.1:34775]' for 'POST' to 'http://localhost:34775/session/c55fa0ebef46945ca9389ce5d8b7233e/window/maximize'
16:09:57.540 [Forwarding maximizeCurrentWindow on session c55fa0ebef46945ca9389ce5d8b7233e to remote] DEBUG org.asynchttpclient.netty.request.NettyRequestSender -- Using open Channel [id: 0x06e15a2a, L:/127.0.0.1:49304 - R:localhost/127.0.0.1:34775] for POST '/session/c55fa0ebef46945ca9389ce5d8b7233e/window/maximize'
16:09:57.571 [AsyncHttpClient-1-17] DEBUG org.asynchttpclient.netty.handler.HttpHandler -- 

Request DefaultHttpRequest(decodeResult: success, version: HTTP/1.1)
POST /session/c55fa0ebef46945ca9389ce5d8b7233e/window/maximize HTTP/1.1
User-Agent: selenium/4.12.0 (java windows)
Content-Length: 3
Content-Type: application/json; charset=utf-8
host: localhost:34775
accept: */*

Response DefaultHttpResponse(decodeResult: success, version: HTTP/1.1)
HTTP/1.1 200 OK
Content-Length: 51
Content-Type: application/json; charset=utf-8
cache-control: no-cache

16:09:57.571 [AsyncHttpClient-1-17] DEBUG org.asynchttpclient.netty.channel.ChannelManager -- Adding key: http://localhost:34775 for channel [id: 0x06e15a2a, L:/127.0.0.1:49304 - R:localhost/127.0.0.1:34775]
16:09:57.572 [Forwarding get on session c55fa0ebef46945ca9389ce5d8b7233e to remote] DEBUG org.asynchttpclient.netty.request.NettyRequestSender -- Using pooled Channel '[id: 0x06e15a2a, L:/127.0.0.1:49304 - R:localhost/127.0.0.1:34775]' for 'POST' to 'http://localhost:34775/session/c55fa0ebef46945ca9389ce5d8b7233e/url'
16:09:57.572 [Forwarding get on session c55fa0ebef46945ca9389ce5d8b7233e to remote] DEBUG org.asynchttpclient.netty.request.NettyRequestSender -- Using open Channel [id: 0x06e15a2a, L:/127.0.0.1:49304 - R:localhost/127.0.0.1:34775] for POST '/session/c55fa0ebef46945ca9389ce5d8b7233e/url'
16:09:58.324 [AsyncHttpClient-1-1] DEBUG org.asynchttpclient.netty.channel.DefaultChannelPool -- Entry count for : http://localhost:49305 : 1
16:09:58.385 [AsyncHttpClient-1-17] DEBUG org.asynchttpclient.netty.handler.HttpHandler -- 

Request DefaultHttpRequest(decodeResult: success, version: HTTP/1.1)
POST /session/c55fa0ebef46945ca9389ce5d8b7233e/url HTTP/1.1
User-Agent: selenium/4.12.0 (java windows)
Content-Length: 58
Content-Type: application/json; charset=utf-8
host: localhost:34775
accept: */*

Response DefaultHttpResponse(decodeResult: success, version: HTTP/1.1)
HTTP/1.1 200 OK
Content-Length: 14
Content-Type: application/json; charset=utf-8
cache-control: no-cache

16:09:58.385 [AsyncHttpClient-1-17] DEBUG org.asynchttpclient.netty.channel.ChannelManager -- Adding key: http://localhost:34775 for channel [id: 0x06e15a2a, L:/127.0.0.1:49304 - R:localhost/127.0.0.1:34775]
16:09:58.387 [Forwarding findElement on session c55fa0ebef46945ca9389ce5d8b7233e to remote] DEBUG org.asynchttpclient.netty.request.NettyRequestSender -- Using pooled Channel '[id: 0x06e15a2a, L:/127.0.0.1:49304 - R:localhost/127.0.0.1:34775]' for 'POST' to 'http://localhost:34775/session/c55fa0ebef46945ca9389ce5d8b7233e/element'
16:09:58.387 [Forwarding findElement on session c55fa0ebef46945ca9389ce5d8b7233e to remote] DEBUG org.asynchttpclient.netty.request.NettyRequestSender -- Using open Channel [id: 0x06e15a2a, L:/127.0.0.1:49304 - R:localhost/127.0.0.1:34775] for POST '/session/c55fa0ebef46945ca9389ce5d8b7233e/element'
16:09:58.404 [AsyncHttpClient-1-17] DEBUG org.asynchttpclient.netty.handler.HttpHandler -- 

Request DefaultHttpRequest(decodeResult: success, version: HTTP/1.1)
POST /session/c55fa0ebef46945ca9389ce5d8b7233e/element HTTP/1.1
User-Agent: selenium/4.12.0 (java windows)
Content-Length: 49
Content-Type: application/json; charset=utf-8
host: localhost:34775
accept: */*

Response DefaultHttpResponse(decodeResult: success, version: HTTP/1.1)
HTTP/1.1 200 OK
Content-Length: 126
Content-Type: application/json; charset=utf-8
cache-control: no-cache

16:09:58.404 [AsyncHttpClient-1-17] DEBUG org.asynchttpclient.netty.channel.ChannelManager -- Adding key: http://localhost:34775 for channel [id: 0x06e15a2a, L:/127.0.0.1:49304 - R:localhost/127.0.0.1:34775]
16:09:58.405 [Forwarding clickElement on session c55fa0ebef46945ca9389ce5d8b7233e to remote] DEBUG org.asynchttpclient.netty.request.NettyRequestSender -- Using pooled Channel '[id: 0x06e15a2a, L:/127.0.0.1:49304 - R:localhost/127.0.0.1:34775]' for 'POST' to 'http://localhost:34775/session/c55fa0ebef46945ca9389ce5d8b7233e/element/f.37491796345FCFBF22C0864B6BD08C39.d.6DE04E99CB770B04C34A3CB417543E83.e.21/click'
16:09:58.405 [Forwarding clickElement on session c55fa0ebef46945ca9389ce5d8b7233e to remote] DEBUG org.asynchttpclient.netty.request.NettyRequestSender -- Using open Channel [id: 0x06e15a2a, L:/127.0.0.1:49304 - R:localhost/127.0.0.1:34775] for POST '/session/c55fa0ebef46945ca9389ce5d8b7233e/element/f.37491796345FCFBF22C0864B6BD08C39.d.6DE04E99CB770B04C34A3CB417543E83.e.21/click'
16:09:58.481 [AsyncHttpClient-1-17] DEBUG org.asynchttpclient.netty.handler.HttpHandler -- 

Request DefaultHttpRequest(decodeResult: success, version: HTTP/1.1)
POST /session/c55fa0ebef46945ca9389ce5d8b7233e/element/f.37491796345FCFBF22C0864B6BD08C39.d.6DE04E99CB770B04C34A3CB417543E83.e.21/click HTTP/1.1
User-Agent: selenium/4.12.0 (java windows)
Content-Length: 88
Content-Type: application/json; charset=utf-8
host: localhost:34775
accept: */*

Response DefaultHttpResponse(decodeResult: success, version: HTTP/1.1)
HTTP/1.1 200 OK
Content-Length: 14
Content-Type: application/json; charset=utf-8
cache-control: no-cache

16:09:58.481 [AsyncHttpClient-1-17] DEBUG org.asynchttpclient.netty.channel.ChannelManager -- Adding key: http://localhost:34775 for channel [id: 0x06e15a2a, L:/127.0.0.1:49304 - R:localhost/127.0.0.1:34775]
16:09:58.482 [Forwarding findElement on session c55fa0ebef46945ca9389ce5d8b7233e to remote] DEBUG org.asynchttpclient.netty.request.NettyRequestSender -- Using pooled Channel '[id: 0x06e15a2a, L:/127.0.0.1:49304 - R:localhost/127.0.0.1:34775]' for 'POST' to 'http://localhost:34775/session/c55fa0ebef46945ca9389ce5d8b7233e/element'
16:09:58.482 [Forwarding findElement on session c55fa0ebef46945ca9389ce5d8b7233e to remote] DEBUG org.asynchttpclient.netty.request.NettyRequestSender -- Using open Channel [id: 0x06e15a2a, L:/127.0.0.1:49304 - R:localhost/127.0.0.1:34775] for POST '/session/c55fa0ebef46945ca9389ce5d8b7233e/element'
16:09:58.494 [AsyncHttpClient-1-17] DEBUG org.asynchttpclient.netty.handler.HttpHandler -- 

Request DefaultHttpRequest(decodeResult: success, version: HTTP/1.1)
POST /session/c55fa0ebef46945ca9389ce5d8b7233e/element HTTP/1.1
User-Agent: selenium/4.12.0 (java windows)
Content-Length: 65
Content-Type: application/json; charset=utf-8
host: localhost:34775
accept: */*

Response DefaultHttpResponse(decodeResult: success, version: HTTP/1.1)
HTTP/1.1 200 OK
Content-Length: 125
Content-Type: application/json; charset=utf-8
cache-control: no-cache

16:09:58.495 [AsyncHttpClient-1-17] DEBUG org.asynchttpclient.netty.channel.ChannelManager -- Adding key: http://localhost:34775 for channel [id: 0x06e15a2a, L:/127.0.0.1:49304 - R:localhost/127.0.0.1:34775]
16:09:58.497 [Forwarding clickElement on session c55fa0ebef46945ca9389ce5d8b7233e to remote] DEBUG org.asynchttpclient.netty.request.NettyRequestSender -- Using pooled Channel '[id: 0x06e15a2a, L:/127.0.0.1:49304 - R:localhost/127.0.0.1:34775]' for 'POST' to 'http://localhost:34775/session/c55fa0ebef46945ca9389ce5d8b7233e/element/f.37491796345FCFBF22C0864B6BD08C39.d.6DE04E99CB770B04C34A3CB417543E83.e.7/click'
16:09:58.497 [Forwarding clickElement on session c55fa0ebef46945ca9389ce5d8b7233e to remote] DEBUG org.asynchttpclient.netty.request.NettyRequestSender -- Using open Channel [id: 0x06e15a2a, L:/127.0.0.1:49304 - R:localhost/127.0.0.1:34775] for POST '/session/c55fa0ebef46945ca9389ce5d8b7233e/element/f.37491796345FCFBF22C0864B6BD08C39.d.6DE04E99CB770B04C34A3CB417543E83.e.7/click'
16:09:58.563 [AsyncHttpClient-1-17] DEBUG org.asynchttpclient.netty.handler.HttpHandler -- 

Request DefaultHttpRequest(decodeResult: success, version: HTTP/1.1)
POST /session/c55fa0ebef46945ca9389ce5d8b7233e/element/f.37491796345FCFBF22C0864B6BD08C39.d.6DE04E99CB770B04C34A3CB417543E83.e.7/click HTTP/1.1
User-Agent: selenium/4.12.0 (java windows)
Content-Length: 87
Content-Type: application/json; charset=utf-8
host: localhost:34775
accept: */*

Response DefaultHttpResponse(decodeResult: success, version: HTTP/1.1)
HTTP/1.1 200 OK
Content-Length: 14
Content-Type: application/json; charset=utf-8
cache-control: no-cache

16:09:58.564 [AsyncHttpClient-1-17] DEBUG org.asynchttpclient.netty.channel.ChannelManager -- Adding key: http://localhost:34775 for channel [id: 0x06e15a2a, L:/127.0.0.1:49304 - R:localhost/127.0.0.1:34775]
16:09:58.564 [Forwarding getPageSource on session c55fa0ebef46945ca9389ce5d8b7233e to remote] DEBUG org.asynchttpclient.netty.request.NettyRequestSender -- Using pooled Channel '[id: 0x06e15a2a, L:/127.0.0.1:49304 - R:localhost/127.0.0.1:34775]' for 'POST' to 'http://localhost:34775/session/c55fa0ebef46945ca9389ce5d8b7233e/execute/sync'
16:09:58.564 [Forwarding getPageSource on session c55fa0ebef46945ca9389ce5d8b7233e to remote] DEBUG org.asynchttpclient.netty.request.NettyRequestSender -- Using open Channel [id: 0x06e15a2a, L:/127.0.0.1:49304 - R:localhost/127.0.0.1:34775] for POST '/session/c55fa0ebef46945ca9389ce5d8b7233e/execute/sync'
16:09:58.578 [AsyncHttpClient-1-17] DEBUG org.asynchttpclient.netty.handler.HttpHandler -- 

Request DefaultHttpRequest(decodeResult: success, version: HTTP/1.1)
POST /session/c55fa0ebef46945ca9389ce5d8b7233e/execute/sync HTTP/1.1
User-Agent: selenium/4.12.0 (java windows)
Content-Length: 176
Content-Type: application/json; charset=utf-8
host: localhost:34775
accept: */*

Response DefaultHttpResponse(decodeResult: success, version: HTTP/1.1)
HTTP/1.1 200 OK
Content-Length: 7620
Content-Type: application/json; charset=utf-8
cache-control: no-cache

16:09:58.578 [AsyncHttpClient-1-17] DEBUG org.asynchttpclient.netty.channel.ChannelManager -- Adding key: http://localhost:34775 for channel [id: 0x06e15a2a, L:/127.0.0.1:49304 - R:localhost/127.0.0.1:34775]
PageSource = <html><head>
    <meta charset="utf-8">
    <title>Buggy Cars Rating</title>
    <link rel="icon" type="image/x-icon" href="/img/favicon.ico">
    <base href="/">
  <link href="/css/vendor.a5856ccaff510c09debf.css" rel="stylesheet"><link href="/css/app.a5856ccaff510c09debf.css" rel="stylesheet"><style></style><style>.card[_ngcontent-eqh-4] img[_ngcontent-eqh-4]{height:170px;margin-top:20px}</style></head>
  <body>
    <my-app _nghost-eqh-1=""><header _ngcontent-eqh-1="">
  <nav _ngcontent-eqh-1="" class="navbar navbar-full navbar-dark bg-inverse">
    <div _ngcontent-eqh-1="" class="container">
      <a _ngcontent-eqh-1="" class="navbar-brand" href="/">Buggy Rating</a>
      <my-login _ngcontent-eqh-1="" _nghost-eqh-2=""><!--template bindings={}--><div _ngcontent-eqh-2="" class="pull-xs-right">
    <form _ngcontent-eqh-2="" class="form-inline">
        <div _ngcontent-eqh-2="" class="form-group">
            <!--template bindings={}-->
            <input _ngcontent-eqh-2="" class="form-control form-control-sm input-sm ng-untouched ng-pristine ng-invalid" name="login" ngmodel="" placeholder="Login" required="" type="text">
            <input _ngcontent-eqh-2="" class="form-control form-control-sm ng-untouched ng-pristine ng-invalid" name="password" ngmodel="" required="" type="password">
        </div>
        <button _ngcontent-eqh-2="" class="btn btn-success" type="submit">Login</button>
        <a _ngcontent-eqh-2="" class="btn btn-success-outline" href="/register">Register</a>
    </form>
</div>

<!--template bindings={}--></my-login>
    </div>
  </nav>

  <div _ngcontent-eqh-1="" class="jumbotron jumbotron-fluid">
    <div _ngcontent-eqh-1="" class="container">
      <div _ngcontent-eqh-1="" class="row">
        <div _ngcontent-eqh-1="" class="col-md-4">
          <h1 _ngcontent-eqh-1="" class="display-4">Buggy<br _ngcontent-eqh-1="">Cars<br _ngcontent-eqh-1="">Rating</h1>
        </div>
        <div _ngcontent-eqh-1="" class="col-md-8">
          <div _ngcontent-eqh-1="" class="center-block">
            <img _ngcontent-eqh-1="" class="img-fluid" src="/img/header-car.gif">
          </div>
        </div>
      </div>
    </div>
  </div>
</header>

<div _ngcontent-eqh-1="" class="container" role="main">
  <main _ngcontent-eqh-1="" class="row">
    <router-outlet _ngcontent-eqh-1=""></router-outlet><my-register _nghost-eqh-6=""><div _ngcontent-eqh-6="" class="container my-form">
    <div _ngcontent-eqh-6="" class="col-md-6">
        <h2 _ngcontent-eqh-6="">Register with Buggy Cars Rating</h2>

        <form _ngcontent-eqh-6="">
            <div _ngcontent-eqh-6="" class="form-group">
                <label _ngcontent-eqh-6="" for="username">Login</label>
                <input _ngcontent-eqh-6="" class="form-control ng-untouched ng-pristine ng-invalid" formcontrolname="username" id="username" name="username" required="" type="text">
                <div _ngcontent-eqh-6="" class="alert alert-danger" hidden="">
                    Login is required
                </div>
                <div _ngcontent-eqh-6="" class="alert alert-danger" hidden="">
                    Login cannot be more than 50 characters long
                </div>
            </div>

            <div _ngcontent-eqh-6="" class="form-group">
                <label _ngcontent-eqh-6="" for="firstName">First Name</label>
                <input _ngcontent-eqh-6="" class="form-control ng-untouched ng-pristine ng-invalid" formcontrolname="firstName" id="firstName" name="firstName" required="" type="text">
                <div _ngcontent-eqh-6="" class="alert alert-danger" hidden="">
                    First Name is required
                </div>
            </div>

            <div _ngcontent-eqh-6="" class="form-group">
                <label _ngcontent-eqh-6="" for="lastName">Last Name</label>
                <input _ngcontent-eqh-6="" class="form-control ng-untouched ng-pristine ng-invalid" formcontrolname="lastName" id="lastName" name="lastName" required="" type="text">
                <div _ngcontent-eqh-6="" class="alert alert-danger" hidden="">
                    First Name is required
                </div>
            </div>

            <div _ngcontent-eqh-6="" class="form-group">
                <label _ngcontent-eqh-6="" for="password">Password</label>
                <input _ngcontent-eqh-6="" class="form-control ng-untouched ng-pristine ng-invalid" formcontrolname="password" id="password" name="password" required="" type="password">
                <div _ngcontent-eqh-6="" class="alert alert-danger" hidden="">
                    Password is required
                </div>
            </div>

            <div _ngcontent-eqh-6="" class="form-group">
                <label _ngcontent-eqh-6="" for="confirmPassword">Confirm Password</label>
                <input _ngcontent-eqh-6="" class="form-control ng-untouched ng-pristine ng-invalid" formcontrolname="confirmPassword" id="confirmPassword" name="confirmPassword" required="" type="password">
                <div _ngcontent-eqh-6="" class="alert alert-danger" hidden="">
                    Passwords do not match
                </div>
            </div>

            <button _ngcontent-eqh-6="" class="btn btn-default" type="submit" disabled="">Register</button>
            <a _ngcontent-eqh-6="" class="btn" role="button" href="/">Cancel</a>

            <!--template bindings={}-->

            <!--template bindings={}-->
        </form>
    </div>
</div></my-register>
  </main>

  <hr _ngcontent-eqh-1="">

  <footer _ngcontent-eqh-1="" class="footer">
    <div _ngcontent-eqh-1="" class="container">
      <div _ngcontent-eqh-1="" class="pull-xs-right">
        <a _ngcontent-eqh-1="" href="https://www.facebook.com" target="_blank" title="Facebook">
          <img _ngcontent-eqh-1="" src="/img/FB-f-Logo__blue_29.png">
        </a>

        <a _ngcontent-eqh-1="" target="_blank" title="Twitter" href="https://www.twitter.com">
          <img _ngcontent-eqh-1="" src="/img/twitter.png">
        </a>
      </div>

      <p _ngcontent-eqh-1="">© 2016 Buggy Software, Inc.</p>
    </div>
  </footer>
</div></my-app>
  <script type="text/javascript" src="/js/polyfills.a5856ccaff510c09debf.js"></script><script type="text/javascript" src="/js/vendor.a5856ccaff510c09debf.js"></script><script type="text/javascript" src="/js/app.a5856ccaff510c09debf.js"></script>

</body></html>
16:09:58.581 [Forwarding getPageSource on session c55fa0ebef46945ca9389ce5d8b7233e to remote] DEBUG org.asynchttpclient.netty.request.NettyRequestSender -- Using pooled Channel '[id: 0x06e15a2a, L:/127.0.0.1:49304 - R:localhost/127.0.0.1:34775]' for 'POST' to 'http://localhost:34775/session/c55fa0ebef46945ca9389ce5d8b7233e/execute/sync'
16:09:58.581 [Forwarding getPageSource on session c55fa0ebef46945ca9389ce5d8b7233e to remote] DEBUG org.asynchttpclient.netty.request.NettyRequestSender -- Using open Channel [id: 0x06e15a2a, L:/127.0.0.1:49304 - R:localhost/127.0.0.1:34775] for POST '/session/c55fa0ebef46945ca9389ce5d8b7233e/execute/sync'
16:09:58.590 [AsyncHttpClient-1-17] DEBUG org.asynchttpclient.netty.handler.HttpHandler -- 

Request DefaultHttpRequest(decodeResult: success, version: HTTP/1.1)
POST /session/c55fa0ebef46945ca9389ce5d8b7233e/execute/sync HTTP/1.1
User-Agent: selenium/4.12.0 (java windows)
Content-Length: 176
Content-Type: application/json; charset=utf-8
host: localhost:34775
accept: */*

Response DefaultHttpResponse(decodeResult: success, version: HTTP/1.1)
HTTP/1.1 200 OK
Content-Length: 7620
Content-Type: application/json; charset=utf-8
cache-control: no-cache

16:09:58.590 [AsyncHttpClient-1-17] DEBUG org.asynchttpclient.netty.channel.ChannelManager -- Adding key: http://localhost:34775 for channel [id: 0x06e15a2a, L:/127.0.0.1:49304 - R:localhost/127.0.0.1:34775]
]]></system-out>
    <system-err><![CDATA[Jan 02, 2025 4:09:57 PM org.openqa.selenium.devtools.CdpVersionFinder findNearestMatch
WARNING: Unable to find CDP implementation matching 131
Jan 02, 2025 4:09:57 PM org.openqa.selenium.chromium.ChromiumDriver lambda$new$5
WARNING: Unable to find version of CDP to use for 131.0.6778.205. You may need to include a dependency on a specific version of the CDP using something similar to `org.seleniumhq.selenium:selenium-devtools-v86:4.12.0` where the version ("v86") matches the version of the chromium-based browser you're using and the version number of the artifact is the same as Selenium's.
]]></system-err>
  </testcase>
  <testcase name="testProfilePageAccessibility" classname="UITestCases.BuggyCarsUITests" time="0.256">
    <failure message="expected [true] but found [false]" type="java.lang.AssertionError"><![CDATA[java.lang.AssertionError: expected [true] but found [false]
	at org.testng.Assert.fail(Assert.java:110)
	at org.testng.Assert.failNotEquals(Assert.java:1413)
	at org.testng.Assert.assertTrue(Assert.java:56)
	at org.testng.Assert.assertTrue(Assert.java:66)
	at UITestCases.BuggyCarsUITests.testLoginWithValidCredentials(BuggyCarsUITests.java:44)
	at UITestCases.BuggyCarsUITests.testProfilePageAccessibility(BuggyCarsUITests.java:101)
	at java.base/jdk.internal.reflect.NativeMethodAccessorImpl.invoke0(Native Method)
	at java.base/jdk.internal.reflect.NativeMethodAccessorImpl.invoke(NativeMethodAccessorImpl.java:77)
	at java.base/jdk.internal.reflect.DelegatingMethodAccessorImpl.invoke(DelegatingMethodAccessorImpl.java:43)
	at java.base/java.lang.reflect.Method.invoke(Method.java:568)
	at org.testng.internal.invokers.MethodInvocationHelper.invokeMethod(MethodInvocationHelper.java:139)
	at org.testng.internal.invokers.TestInvoker.invokeMethod(TestInvoker.java:677)
	at org.testng.internal.invokers.TestInvoker.invokeTestMethod(TestInvoker.java:221)
	at org.testng.internal.invokers.MethodRunner.runInSequence(MethodRunner.java:50)
	at org.testng.internal.invokers.TestInvoker$MethodInvocationAgent.invoke(TestInvoker.java:969)
	at org.testng.internal.invokers.TestInvoker.invokeTestMethods(TestInvoker.java:194)
	at org.testng.internal.invokers.TestMethodWorker.invokeTestMethods(TestMethodWorker.java:148)
	at org.testng.internal.invokers.TestMethodWorker.run(TestMethodWorker.java:128)
	at java.base/java.util.ArrayList.forEach(ArrayList.java:1511)
	at org.testng.TestRunner.privateRun(TestRunner.java:829)
	at org.testng.TestRunner.run(TestRunner.java:602)
	at org.testng.SuiteRunner.runTest(SuiteRunner.java:437)
	at org.testng.SuiteRunner.runSequentially(SuiteRunner.java:431)
	at org.testng.SuiteRunner.privateRun(SuiteRunner.java:391)
	at org.testng.SuiteRunner.run(SuiteRunner.java:330)
	at org.testng.SuiteRunnerWorker.runSuite(SuiteRunnerWorker.java:52)
	at org.testng.SuiteRunnerWorker.run(SuiteRunnerWorker.java:95)
	at org.testng.TestNG.runSuitesSequentially(TestNG.java:1256)
	at org.testng.TestNG.runSuitesLocally(TestNG.java:1176)
	at org.testng.TestNG.runSuites(TestNG.java:1099)
	at org.testng.TestNG.run(TestNG.java:1067)
	at org.apache.maven.surefire.testng.TestNGExecutor.run(TestNGExecutor.java:324)
	at org.apache.maven.surefire.testng.TestNGXmlTestSuite.execute(TestNGXmlTestSuite.java:74)
	at org.apache.maven.surefire.testng.TestNGProvider.invoke(TestNGProvider.java:123)
	at org.apache.maven.surefire.booter.ForkedBooter.runSuitesInProcess(ForkedBooter.java:456)
	at org.apache.maven.surefire.booter.ForkedBooter.execute(ForkedBooter.java:169)
	at org.apache.maven.surefire.booter.ForkedBooter.run(ForkedBooter.java:595)
	at org.apache.maven.surefire.booter.ForkedBooter.main(ForkedBooter.java:581)
]]></failure>
    <system-out><![CDATA[16:09:58.595 [AsyncHttpClient-1-3] DEBUG org.asynchttpclient.netty.handler.WebSocketHandler -- Channel Closed: [id: 0x73300b63, L:/127.0.0.1:49312 ! R:localhost/127.0.0.1:49305] with attribute DISCARD
16:09:58.596 [Driver Command Executor] DEBUG org.asynchttpclient.netty.request.NettyRequestSender -- Using pooled Channel '[id: 0x06e15a2a, L:/127.0.0.1:49304 - R:localhost/127.0.0.1:34775]' for 'DELETE' to 'http://localhost:34775/session/c55fa0ebef46945ca9389ce5d8b7233e'
16:09:58.596 [Driver Command Executor] DEBUG org.asynchttpclient.netty.request.NettyRequestSender -- Using open Channel [id: 0x06e15a2a, L:/127.0.0.1:49304 - R:localhost/127.0.0.1:34775] for DELETE '/session/c55fa0ebef46945ca9389ce5d8b7233e'
16:09:58.647 [AsyncHttpClient-1-2] DEBUG org.asynchttpclient.netty.handler.HttpHandler -- Unexpected I/O exception on channel [id: 0xd03b3726, L:/127.0.0.1:49311 - R:localhost/127.0.0.1:49305]
java.net.SocketException: Connection reset
	at java.base/sun.nio.ch.SocketChannelImpl.throwConnectionReset(SocketChannelImpl.java:394)
	at java.base/sun.nio.ch.SocketChannelImpl.read(SocketChannelImpl.java:426)
	at io.netty.buffer.PooledByteBuf.setBytes(PooledByteBuf.java:254)
	at io.netty.buffer.AbstractByteBuf.writeBytes(AbstractByteBuf.java:1132)
	at io.netty.channel.socket.nio.NioSocketChannel.doReadBytes(NioSocketChannel.java:357)
	at io.netty.channel.nio.AbstractNioByteChannel$NioByteUnsafe.read(AbstractNioByteChannel.java:151)
	at io.netty.channel.nio.NioEventLoop.processSelectedKey(NioEventLoop.java:788)
	at io.netty.channel.nio.NioEventLoop.processSelectedKeysOptimized(NioEventLoop.java:724)
	at io.netty.channel.nio.NioEventLoop.processSelectedKeys(NioEventLoop.java:650)
	at io.netty.channel.nio.NioEventLoop.run(NioEventLoop.java:562)
	at io.netty.util.concurrent.SingleThreadEventExecutor$4.run(SingleThreadEventExecutor.java:997)
	at io.netty.util.internal.ThreadExecutorMap$2.run(ThreadExecutorMap.java:74)
	at io.netty.util.concurrent.FastThreadLocalRunnable.run(FastThreadLocalRunnable.java:30)
	at java.base/java.lang.Thread.run(Thread.java:842)
16:09:58.647 [AsyncHttpClient-1-2] DEBUG org.asynchttpclient.netty.channel.ChannelManager -- Closing Channel [id: 0xd03b3726, L:/127.0.0.1:49311 - R:localhost/127.0.0.1:49305] 
16:09:58.647 [AsyncHttpClient-1-2] DEBUG org.asynchttpclient.netty.handler.HttpHandler -- Channel Closed: [id: 0xd03b3726, L:/127.0.0.1:49311 ! R:localhost/127.0.0.1:49305] with attribute DISCARD
16:09:58.660 [AsyncHttpClient-1-17] DEBUG org.asynchttpclient.netty.handler.HttpHandler -- 

Request DefaultFullHttpRequest(decodeResult: success, version: HTTP/1.1, content: EmptyByteBufBE)
DELETE /session/c55fa0ebef46945ca9389ce5d8b7233e HTTP/1.1
User-Agent: selenium/4.12.0 (java windows)
Content-Type: application/json; charset=utf-8
host: localhost:34775
accept: */*

Response DefaultHttpResponse(decodeResult: success, version: HTTP/1.1)
HTTP/1.1 200 OK
Content-Length: 14
Content-Type: application/json; charset=utf-8
cache-control: no-cache

16:09:58.661 [AsyncHttpClient-1-17] DEBUG org.asynchttpclient.netty.channel.ChannelManager -- Adding key: http://localhost:34775 for channel [id: 0x06e15a2a, L:/127.0.0.1:49304 - R:localhost/127.0.0.1:34775]
16:09:58.757 [AsyncHttpClient-1-17] DEBUG org.asynchttpclient.netty.handler.HttpHandler -- Channel Closed: [id: 0x06e15a2a, L:/127.0.0.1:49304 ! R:localhost/127.0.0.1:34775] with attribute DISCARD
16:09:58.789 [main] DEBUG io.github.bonigarcia.wdm.WebDriverManager -- Using WebDriverManager 5.5.3
16:09:58.797 [main] DEBUG io.github.bonigarcia.wdm.cache.ResolutionCache -- Resolution chrome=131 in cache (valid until 17:09:45 02/01/2025 IST)
16:09:58.797 [main] DEBUG io.github.bonigarcia.wdm.cache.ResolutionCache -- Resolution chrome131=131.0.6778.204 in cache (valid until 14:21:23 03/01/2025 IST)
16:09:58.797 [main] INFO io.github.bonigarcia.wdm.WebDriverManager -- Using chromedriver 131.0.6778.204 (resolved driver for Chrome 131)
16:09:58.799 [main] DEBUG io.github.bonigarcia.wdm.WebDriverManager -- Driver chromedriver 131.0.6778.204 found in cache
16:09:58.801 [main] INFO io.github.bonigarcia.wdm.WebDriverManager -- Exporting webdriver.chrome.driver as C:\Users\sasitharan\.cache\selenium\chromedriver\win64\131.0.6778.204\chromedriver.exe
16:09:58.870 [AsyncHttpClient-1-4] DEBUG org.asynchttpclient.netty.channel.NettyConnectListener -- Using new Channel '[id: 0x1bc15dc4, L:/127.0.0.1:49322 - R:localhost/127.0.0.1:8815]' for 'POST' to '/session'
16:09:59.431 [AsyncHttpClient-1-1] DEBUG org.asynchttpclient.netty.channel.DefaultChannelPool -- Entry count for : http://localhost:34775 : 1
16:09:59.431 [AsyncHttpClient-1-1] DEBUG org.asynchttpclient.netty.channel.DefaultChannelPool -- Entry count for : http://localhost:49305 : 1
16:09:59.432 [AsyncHttpClient-1-1] DEBUG org.asynchttpclient.netty.channel.DefaultChannelPool -- Adding Candidate expired Channel [id: 0x06e15a2a, L:/127.0.0.1:49304 ! R:localhost/127.0.0.1:34775] isIdleTimeoutExpired=false isRemotelyClosed=true isTtlExpired=false
16:09:59.432 [AsyncHttpClient-1-1] DEBUG org.asynchttpclient.netty.channel.DefaultChannelPool -- Closing Idle Channel [id: 0x06e15a2a, L:/127.0.0.1:49304 ! R:localhost/127.0.0.1:34775]
16:09:59.432 [AsyncHttpClient-1-1] DEBUG org.asynchttpclient.netty.channel.DefaultChannelPool -- Adding Candidate expired Channel [id: 0xd03b3726, L:/127.0.0.1:49311 ! R:localhost/127.0.0.1:49305] isIdleTimeoutExpired=false isRemotelyClosed=true isTtlExpired=false
16:09:59.432 [AsyncHttpClient-1-1] DEBUG org.asynchttpclient.netty.channel.DefaultChannelPool -- Closing Idle Channel [id: 0xd03b3726, L:/127.0.0.1:49311 ! R:localhost/127.0.0.1:49305]
16:09:59.432 [AsyncHttpClient-1-1] DEBUG org.asynchttpclient.netty.channel.DefaultChannelPool -- Closed 2 connections out of 2 in 1 ms
16:09:59.569 [AsyncHttpClient-1-4] DEBUG org.asynchttpclient.netty.handler.HttpHandler -- 

Request DefaultHttpRequest(decodeResult: success, version: HTTP/1.1)
POST /session HTTP/1.1
User-Agent: selenium/4.12.0 (java windows)
Content-Length: 254
Content-Type: application/json; charset=utf-8
host: localhost:8815
accept: */*

Response DefaultHttpResponse(decodeResult: success, version: HTTP/1.1)
HTTP/1.1 200 OK
Content-Length: 887
Content-Type: application/json; charset=utf-8
cache-control: no-cache

16:09:59.570 [AsyncHttpClient-1-4] DEBUG org.asynchttpclient.netty.channel.ChannelManager -- Adding key: http://localhost:8815 for channel [id: 0x1bc15dc4, L:/127.0.0.1:49322 - R:localhost/127.0.0.1:8815]
16:09:59.579 [AsyncHttpClient-1-5] DEBUG org.asynchttpclient.netty.channel.NettyConnectListener -- Using new Channel '[id: 0xc07aa760, L:/127.0.0.1:49329 - R:localhost/127.0.0.1:49323]' for 'GET' to '/json/version'
16:09:59.580 [AsyncHttpClient-1-5] DEBUG org.asynchttpclient.netty.handler.HttpHandler -- 

Request DefaultFullHttpRequest(decodeResult: success, version: HTTP/1.1, content: EmptyByteBufBE)
GET /json/version HTTP/1.1
User-Agent: selenium/4.12.0 (java windows)
host: localhost:49323
accept: */*

Response DefaultHttpResponse(decodeResult: success, version: HTTP/1.1)
HTTP/1.1 200 OK
Content-Security-Policy: frame-ancestors 'none'
Content-Length: 424
Content-Type: application/json; charset=UTF-8

16:09:59.581 [AsyncHttpClient-1-5] DEBUG org.asynchttpclient.netty.channel.ChannelManager -- Adding key: http://localhost:49323 for channel [id: 0xc07aa760, L:/127.0.0.1:49329 - R:localhost/127.0.0.1:49323]
16:09:59.583 [AsyncHttpClient-1-6] DEBUG org.asynchttpclient.netty.channel.NettyConnectListener -- Using new Channel '[id: 0xf66c790a, L:/127.0.0.1:49330 - R:localhost/127.0.0.1:49323]' for 'GET' to '/devtools/browser/fcd10ea2-367c-46b0-93eb-3d394bd4aa88'
16:09:59.584 [AsyncHttpClient-1-6] DEBUG org.asynchttpclient.netty.handler.WebSocketHandler -- 

Request DefaultFullHttpRequest(decodeResult: success, version: HTTP/1.1, content: EmptyByteBufBE)
GET /devtools/browser/fcd10ea2-367c-46b0-93eb-3d394bd4aa88 HTTP/1.1
upgrade: websocket
connection: upgrade
sec-websocket-key: TzcowI5iA/mXCxFaOHiSrA==
sec-websocket-version: 13
origin: http://localhost:49323
host: localhost:49323
accept: */*
user-agent: AHC/2.1

Response DefaultHttpResponse(decodeResult: success, version: HTTP/1.1)
HTTP/1.1 101 WebSocket Protocol Handshake
Upgrade: WebSocket
Connection: Upgrade
Sec-WebSocket-Accept: iPW16CsLkG9ANC0uT/i5zE3YcSM=

16:09:59.590 [Forwarding maximizeCurrentWindow on session e67758c96a5228fc172906e7df0a91ae to remote] DEBUG org.asynchttpclient.netty.request.NettyRequestSender -- Using pooled Channel '[id: 0x1bc15dc4, L:/127.0.0.1:49322 - R:localhost/127.0.0.1:8815]' for 'POST' to 'http://localhost:8815/session/e67758c96a5228fc172906e7df0a91ae/window/maximize'
16:09:59.590 [Forwarding maximizeCurrentWindow on session e67758c96a5228fc172906e7df0a91ae to remote] DEBUG org.asynchttpclient.netty.request.NettyRequestSender -- Using open Channel [id: 0x1bc15dc4, L:/127.0.0.1:49322 - R:localhost/127.0.0.1:8815] for POST '/session/e67758c96a5228fc172906e7df0a91ae/window/maximize'
16:09:59.620 [AsyncHttpClient-1-4] DEBUG org.asynchttpclient.netty.handler.HttpHandler -- 

Request DefaultHttpRequest(decodeResult: success, version: HTTP/1.1)
POST /session/e67758c96a5228fc172906e7df0a91ae/window/maximize HTTP/1.1
User-Agent: selenium/4.12.0 (java windows)
Content-Length: 3
Content-Type: application/json; charset=utf-8
host: localhost:8815
accept: */*

Response DefaultHttpResponse(decodeResult: success, version: HTTP/1.1)
HTTP/1.1 200 OK
Content-Length: 51
Content-Type: application/json; charset=utf-8
cache-control: no-cache

16:09:59.620 [AsyncHttpClient-1-4] DEBUG org.asynchttpclient.netty.channel.ChannelManager -- Adding key: http://localhost:8815 for channel [id: 0x1bc15dc4, L:/127.0.0.1:49322 - R:localhost/127.0.0.1:8815]
16:09:59.621 [Forwarding get on session e67758c96a5228fc172906e7df0a91ae to remote] DEBUG org.asynchttpclient.netty.request.NettyRequestSender -- Using pooled Channel '[id: 0x1bc15dc4, L:/127.0.0.1:49322 - R:localhost/127.0.0.1:8815]' for 'POST' to 'http://localhost:8815/session/e67758c96a5228fc172906e7df0a91ae/url'
16:09:59.621 [Forwarding get on session e67758c96a5228fc172906e7df0a91ae to remote] DEBUG org.asynchttpclient.netty.request.NettyRequestSender -- Using open Channel [id: 0x1bc15dc4, L:/127.0.0.1:49322 - R:localhost/127.0.0.1:8815] for POST '/session/e67758c96a5228fc172906e7df0a91ae/url'
16:10:00.517 [AsyncHttpClient-1-1] DEBUG org.asynchttpclient.netty.channel.DefaultChannelPool -- Entry count for : http://localhost:49323 : 1
16:10:00.619 [AsyncHttpClient-1-4] DEBUG org.asynchttpclient.netty.handler.HttpHandler -- 

Request DefaultHttpRequest(decodeResult: success, version: HTTP/1.1)
POST /session/e67758c96a5228fc172906e7df0a91ae/url HTTP/1.1
User-Agent: selenium/4.12.0 (java windows)
Content-Length: 58
Content-Type: application/json; charset=utf-8
host: localhost:8815
accept: */*

Response DefaultHttpResponse(decodeResult: success, version: HTTP/1.1)
HTTP/1.1 200 OK
Content-Length: 14
Content-Type: application/json; charset=utf-8
cache-control: no-cache

16:10:00.619 [AsyncHttpClient-1-4] DEBUG org.asynchttpclient.netty.channel.ChannelManager -- Adding key: http://localhost:8815 for channel [id: 0x1bc15dc4, L:/127.0.0.1:49322 - R:localhost/127.0.0.1:8815]
16:10:00.626 [Forwarding findElement on session e67758c96a5228fc172906e7df0a91ae to remote] DEBUG org.asynchttpclient.netty.request.NettyRequestSender -- Using pooled Channel '[id: 0x1bc15dc4, L:/127.0.0.1:49322 - R:localhost/127.0.0.1:8815]' for 'POST' to 'http://localhost:8815/session/e67758c96a5228fc172906e7df0a91ae/element'
16:10:00.626 [Forwarding findElement on session e67758c96a5228fc172906e7df0a91ae to remote] DEBUG org.asynchttpclient.netty.request.NettyRequestSender -- Using open Channel [id: 0x1bc15dc4, L:/127.0.0.1:49322 - R:localhost/127.0.0.1:8815] for POST '/session/e67758c96a5228fc172906e7df0a91ae/element'
16:10:00.642 [AsyncHttpClient-1-4] DEBUG org.asynchttpclient.netty.handler.HttpHandler -- 

Request DefaultHttpRequest(decodeResult: success, version: HTTP/1.1)
POST /session/e67758c96a5228fc172906e7df0a91ae/element HTTP/1.1
User-Agent: selenium/4.12.0 (java windows)
Content-Length: 59
Content-Type: application/json; charset=utf-8
host: localhost:8815
accept: */*

Response DefaultHttpResponse(decodeResult: success, version: HTTP/1.1)
HTTP/1.1 200 OK
Content-Length: 126
Content-Type: application/json; charset=utf-8
cache-control: no-cache

16:10:00.642 [AsyncHttpClient-1-4] DEBUG org.asynchttpclient.netty.channel.ChannelManager -- Adding key: http://localhost:8815 for channel [id: 0x1bc15dc4, L:/127.0.0.1:49322 - R:localhost/127.0.0.1:8815]
16:10:00.643 [Forwarding sendKeysToElement on session e67758c96a5228fc172906e7df0a91ae to remote] DEBUG org.asynchttpclient.netty.request.NettyRequestSender -- Using pooled Channel '[id: 0x1bc15dc4, L:/127.0.0.1:49322 - R:localhost/127.0.0.1:8815]' for 'POST' to 'http://localhost:8815/session/e67758c96a5228fc172906e7df0a91ae/element/f.8EA69992C966F3BE3679A9E176E25613.d.27B27FBF11AA0B9444D73EA60E0CFD2F.e.15/value'
16:10:00.643 [Forwarding sendKeysToElement on session e67758c96a5228fc172906e7df0a91ae to remote] DEBUG org.asynchttpclient.netty.request.NettyRequestSender -- Using open Channel [id: 0x1bc15dc4, L:/127.0.0.1:49322 - R:localhost/127.0.0.1:8815] for POST '/session/e67758c96a5228fc172906e7df0a91ae/element/f.8EA69992C966F3BE3679A9E176E25613.d.27B27FBF11AA0B9444D73EA60E0CFD2F.e.15/value'
16:10:00.728 [AsyncHttpClient-1-4] DEBUG org.asynchttpclient.netty.handler.HttpHandler -- 

Request DefaultHttpRequest(decodeResult: success, version: HTTP/1.1)
POST /session/e67758c96a5228fc172906e7df0a91ae/element/f.8EA69992C966F3BE3679A9E176E25613.d.27B27FBF11AA0B9444D73EA60E0CFD2F.e.15/value HTTP/1.1
User-Agent: selenium/4.12.0 (java windows)
Content-Length: 229
Content-Type: application/json; charset=utf-8
host: localhost:8815
accept: */*

Response DefaultHttpResponse(decodeResult: success, version: HTTP/1.1)
HTTP/1.1 200 OK
Content-Length: 14
Content-Type: application/json; charset=utf-8
cache-control: no-cache

16:10:00.728 [AsyncHttpClient-1-4] DEBUG org.asynchttpclient.netty.channel.ChannelManager -- Adding key: http://localhost:8815 for channel [id: 0x1bc15dc4, L:/127.0.0.1:49322 - R:localhost/127.0.0.1:8815]
16:10:00.729 [Forwarding findElement on session e67758c96a5228fc172906e7df0a91ae to remote] DEBUG org.asynchttpclient.netty.request.NettyRequestSender -- Using pooled Channel '[id: 0x1bc15dc4, L:/127.0.0.1:49322 - R:localhost/127.0.0.1:8815]' for 'POST' to 'http://localhost:8815/session/e67758c96a5228fc172906e7df0a91ae/element'
16:10:00.729 [Forwarding findElement on session e67758c96a5228fc172906e7df0a91ae to remote] DEBUG org.asynchttpclient.netty.request.NettyRequestSender -- Using open Channel [id: 0x1bc15dc4, L:/127.0.0.1:49322 - R:localhost/127.0.0.1:8815] for POST '/session/e67758c96a5228fc172906e7df0a91ae/element'
16:10:00.740 [AsyncHttpClient-1-4] DEBUG org.asynchttpclient.netty.handler.HttpHandler -- 

Request DefaultHttpRequest(decodeResult: success, version: HTTP/1.1)
POST /session/e67758c96a5228fc172906e7df0a91ae/element HTTP/1.1
User-Agent: selenium/4.12.0 (java windows)
Content-Length: 62
Content-Type: application/json; charset=utf-8
host: localhost:8815
accept: */*

Response DefaultHttpResponse(decodeResult: success, version: HTTP/1.1)
HTTP/1.1 200 OK
Content-Length: 125
Content-Type: application/json; charset=utf-8
cache-control: no-cache

16:10:00.740 [AsyncHttpClient-1-4] DEBUG org.asynchttpclient.netty.channel.ChannelManager -- Adding key: http://localhost:8815 for channel [id: 0x1bc15dc4, L:/127.0.0.1:49322 - R:localhost/127.0.0.1:8815]
16:10:00.741 [Forwarding sendKeysToElement on session e67758c96a5228fc172906e7df0a91ae to remote] DEBUG org.asynchttpclient.netty.request.NettyRequestSender -- Using pooled Channel '[id: 0x1bc15dc4, L:/127.0.0.1:49322 - R:localhost/127.0.0.1:8815]' for 'POST' to 'http://localhost:8815/session/e67758c96a5228fc172906e7df0a91ae/element/f.8EA69992C966F3BE3679A9E176E25613.d.27B27FBF11AA0B9444D73EA60E0CFD2F.e.4/value'
16:10:00.741 [Forwarding sendKeysToElement on session e67758c96a5228fc172906e7df0a91ae to remote] DEBUG org.asynchttpclient.netty.request.NettyRequestSender -- Using open Channel [id: 0x1bc15dc4, L:/127.0.0.1:49322 - R:localhost/127.0.0.1:8815] for POST '/session/e67758c96a5228fc172906e7df0a91ae/element/f.8EA69992C966F3BE3679A9E176E25613.d.27B27FBF11AA0B9444D73EA60E0CFD2F.e.4/value'
16:10:00.799 [AsyncHttpClient-1-4] DEBUG org.asynchttpclient.netty.handler.HttpHandler -- 

Request DefaultHttpRequest(decodeResult: success, version: HTTP/1.1)
POST /session/e67758c96a5228fc172906e7df0a91ae/element/f.8EA69992C966F3BE3679A9E176E25613.d.27B27FBF11AA0B9444D73EA60E0CFD2F.e.4/value HTTP/1.1
User-Agent: selenium/4.12.0 (java windows)
Content-Length: 238
Content-Type: application/json; charset=utf-8
host: localhost:8815
accept: */*

Response DefaultHttpResponse(decodeResult: success, version: HTTP/1.1)
HTTP/1.1 200 OK
Content-Length: 14
Content-Type: application/json; charset=utf-8
cache-control: no-cache

16:10:00.800 [AsyncHttpClient-1-4] DEBUG org.asynchttpclient.netty.channel.ChannelManager -- Adding key: http://localhost:8815 for channel [id: 0x1bc15dc4, L:/127.0.0.1:49322 - R:localhost/127.0.0.1:8815]
16:10:00.801 [Forwarding findElement on session e67758c96a5228fc172906e7df0a91ae to remote] DEBUG org.asynchttpclient.netty.request.NettyRequestSender -- Using pooled Channel '[id: 0x1bc15dc4, L:/127.0.0.1:49322 - R:localhost/127.0.0.1:8815]' for 'POST' to 'http://localhost:8815/session/e67758c96a5228fc172906e7df0a91ae/element'
16:10:00.801 [Forwarding findElement on session e67758c96a5228fc172906e7df0a91ae to remote] DEBUG org.asynchttpclient.netty.request.NettyRequestSender -- Using open Channel [id: 0x1bc15dc4, L:/127.0.0.1:49322 - R:localhost/127.0.0.1:8815] for POST '/session/e67758c96a5228fc172906e7df0a91ae/element'
16:10:00.812 [AsyncHttpClient-1-4] DEBUG org.asynchttpclient.netty.handler.HttpHandler -- 

Request DefaultHttpRequest(decodeResult: success, version: HTTP/1.1)
POST /session/e67758c96a5228fc172906e7df0a91ae/element HTTP/1.1
User-Agent: selenium/4.12.0 (java windows)
Content-Length: 65
Content-Type: application/json; charset=utf-8
host: localhost:8815
accept: */*

Response DefaultHttpResponse(decodeResult: success, version: HTTP/1.1)
HTTP/1.1 200 OK
Content-Length: 126
Content-Type: application/json; charset=utf-8
cache-control: no-cache

16:10:00.812 [AsyncHttpClient-1-4] DEBUG org.asynchttpclient.netty.channel.ChannelManager -- Adding key: http://localhost:8815 for channel [id: 0x1bc15dc4, L:/127.0.0.1:49322 - R:localhost/127.0.0.1:8815]
16:10:00.813 [Forwarding clickElement on session e67758c96a5228fc172906e7df0a91ae to remote] DEBUG org.asynchttpclient.netty.request.NettyRequestSender -- Using pooled Channel '[id: 0x1bc15dc4, L:/127.0.0.1:49322 - R:localhost/127.0.0.1:8815]' for 'POST' to 'http://localhost:8815/session/e67758c96a5228fc172906e7df0a91ae/element/f.8EA69992C966F3BE3679A9E176E25613.d.27B27FBF11AA0B9444D73EA60E0CFD2F.e.17/click'
16:10:00.813 [Forwarding clickElement on session e67758c96a5228fc172906e7df0a91ae to remote] DEBUG org.asynchttpclient.netty.request.NettyRequestSender -- Using open Channel [id: 0x1bc15dc4, L:/127.0.0.1:49322 - R:localhost/127.0.0.1:8815] for POST '/session/e67758c96a5228fc172906e7df0a91ae/element/f.8EA69992C966F3BE3679A9E176E25613.d.27B27FBF11AA0B9444D73EA60E0CFD2F.e.17/click'
16:10:00.867 [AsyncHttpClient-1-4] DEBUG org.asynchttpclient.netty.handler.HttpHandler -- 

Request DefaultHttpRequest(decodeResult: success, version: HTTP/1.1)
POST /session/e67758c96a5228fc172906e7df0a91ae/element/f.8EA69992C966F3BE3679A9E176E25613.d.27B27FBF11AA0B9444D73EA60E0CFD2F.e.17/click HTTP/1.1
User-Agent: selenium/4.12.0 (java windows)
Content-Length: 88
Content-Type: application/json; charset=utf-8
host: localhost:8815
accept: */*

Response DefaultHttpResponse(decodeResult: success, version: HTTP/1.1)
HTTP/1.1 200 OK
Content-Length: 14
Content-Type: application/json; charset=utf-8
cache-control: no-cache

16:10:00.867 [AsyncHttpClient-1-4] DEBUG org.asynchttpclient.netty.channel.ChannelManager -- Adding key: http://localhost:8815 for channel [id: 0x1bc15dc4, L:/127.0.0.1:49322 - R:localhost/127.0.0.1:8815]
16:10:00.869 [Forwarding getPageSource on session e67758c96a5228fc172906e7df0a91ae to remote] DEBUG org.asynchttpclient.netty.request.NettyRequestSender -- Using pooled Channel '[id: 0x1bc15dc4, L:/127.0.0.1:49322 - R:localhost/127.0.0.1:8815]' for 'POST' to 'http://localhost:8815/session/e67758c96a5228fc172906e7df0a91ae/execute/sync'
16:10:00.869 [Forwarding getPageSource on session e67758c96a5228fc172906e7df0a91ae to remote] DEBUG org.asynchttpclient.netty.request.NettyRequestSender -- Using open Channel [id: 0x1bc15dc4, L:/127.0.0.1:49322 - R:localhost/127.0.0.1:8815] for POST '/session/e67758c96a5228fc172906e7df0a91ae/execute/sync'
16:10:00.874 [AsyncHttpClient-1-4] DEBUG org.asynchttpclient.netty.handler.HttpHandler -- 

Request DefaultHttpRequest(decodeResult: success, version: HTTP/1.1)
POST /session/e67758c96a5228fc172906e7df0a91ae/execute/sync HTTP/1.1
User-Agent: selenium/4.12.0 (java windows)
Content-Length: 176
Content-Type: application/json; charset=utf-8
host: localhost:8815
accept: */*

Response DefaultHttpResponse(decodeResult: success, version: HTTP/1.1)
HTTP/1.1 200 OK
Content-Length: 4159
Content-Type: application/json; charset=utf-8
cache-control: no-cache

16:10:00.876 [AsyncHttpClient-1-4] DEBUG org.asynchttpclient.netty.channel.ChannelManager -- Adding key: http://localhost:8815 for channel [id: 0x1bc15dc4, L:/127.0.0.1:49322 - R:localhost/127.0.0.1:8815]
]]></system-out>
    <system-err><![CDATA[Jan 02, 2025 4:09:59 PM org.openqa.selenium.devtools.CdpVersionFinder findNearestMatch
WARNING: Unable to find CDP implementation matching 131
Jan 02, 2025 4:09:59 PM org.openqa.selenium.chromium.ChromiumDriver lambda$new$5
WARNING: Unable to find version of CDP to use for 131.0.6778.205. You may need to include a dependency on a specific version of the CDP using something similar to `org.seleniumhq.selenium:selenium-devtools-v86:4.12.0` where the version ("v86") matches the version of the chromium-based browser you're using and the version number of the artifact is the same as Selenium's.
]]></system-err>
  </testcase>
  <testcase name="testResponsiveUI" classname="UITestCases.BuggyCarsUITests" time="0.812">
    <system-out><![CDATA[16:10:00.879 [AsyncHttpClient-1-6] DEBUG org.asynchttpclient.netty.handler.WebSocketHandler -- Channel Closed: [id: 0xf66c790a, L:/127.0.0.1:49330 ! R:localhost/127.0.0.1:49323] with attribute DISCARD
16:10:00.880 [Driver Command Executor] DEBUG org.asynchttpclient.netty.request.NettyRequestSender -- Using pooled Channel '[id: 0x1bc15dc4, L:/127.0.0.1:49322 - R:localhost/127.0.0.1:8815]' for 'DELETE' to 'http://localhost:8815/session/e67758c96a5228fc172906e7df0a91ae'
16:10:00.880 [Driver Command Executor] DEBUG org.asynchttpclient.netty.request.NettyRequestSender -- Using open Channel [id: 0x1bc15dc4, L:/127.0.0.1:49322 - R:localhost/127.0.0.1:8815] for DELETE '/session/e67758c96a5228fc172906e7df0a91ae'
16:10:00.906 [AsyncHttpClient-1-5] DEBUG org.asynchttpclient.netty.handler.HttpHandler -- Unexpected I/O exception on channel [id: 0xc07aa760, L:/127.0.0.1:49329 - R:localhost/127.0.0.1:49323]
java.net.SocketException: Connection reset
	at java.base/sun.nio.ch.SocketChannelImpl.throwConnectionReset(SocketChannelImpl.java:394)
	at java.base/sun.nio.ch.SocketChannelImpl.read(SocketChannelImpl.java:426)
	at io.netty.buffer.PooledByteBuf.setBytes(PooledByteBuf.java:254)
	at io.netty.buffer.AbstractByteBuf.writeBytes(AbstractByteBuf.java:1132)
	at io.netty.channel.socket.nio.NioSocketChannel.doReadBytes(NioSocketChannel.java:357)
	at io.netty.channel.nio.AbstractNioByteChannel$NioByteUnsafe.read(AbstractNioByteChannel.java:151)
	at io.netty.channel.nio.NioEventLoop.processSelectedKey(NioEventLoop.java:788)
	at io.netty.channel.nio.NioEventLoop.processSelectedKeysOptimized(NioEventLoop.java:724)
	at io.netty.channel.nio.NioEventLoop.processSelectedKeys(NioEventLoop.java:650)
	at io.netty.channel.nio.NioEventLoop.run(NioEventLoop.java:562)
	at io.netty.util.concurrent.SingleThreadEventExecutor$4.run(SingleThreadEventExecutor.java:997)
	at io.netty.util.internal.ThreadExecutorMap$2.run(ThreadExecutorMap.java:74)
	at io.netty.util.concurrent.FastThreadLocalRunnable.run(FastThreadLocalRunnable.java:30)
	at java.base/java.lang.Thread.run(Thread.java:842)
16:10:00.906 [AsyncHttpClient-1-5] DEBUG org.asynchttpclient.netty.channel.ChannelManager -- Closing Channel [id: 0xc07aa760, L:/127.0.0.1:49329 - R:localhost/127.0.0.1:49323] 
16:10:00.906 [AsyncHttpClient-1-5] DEBUG org.asynchttpclient.netty.handler.HttpHandler -- Channel Closed: [id: 0xc07aa760, L:/127.0.0.1:49329 ! R:localhost/127.0.0.1:49323] with attribute DISCARD
16:10:00.923 [AsyncHttpClient-1-4] DEBUG org.asynchttpclient.netty.handler.HttpHandler -- 

Request DefaultFullHttpRequest(decodeResult: success, version: HTTP/1.1, content: EmptyByteBufBE)
DELETE /session/e67758c96a5228fc172906e7df0a91ae HTTP/1.1
User-Agent: selenium/4.12.0 (java windows)
Content-Type: application/json; charset=utf-8
host: localhost:8815
accept: */*

Response DefaultHttpResponse(decodeResult: success, version: HTTP/1.1)
HTTP/1.1 200 OK
Content-Length: 14
Content-Type: application/json; charset=utf-8
cache-control: no-cache

16:10:00.923 [AsyncHttpClient-1-4] DEBUG org.asynchttpclient.netty.channel.ChannelManager -- Adding key: http://localhost:8815 for channel [id: 0x1bc15dc4, L:/127.0.0.1:49322 - R:localhost/127.0.0.1:8815]
16:10:01.016 [AsyncHttpClient-1-4] DEBUG org.asynchttpclient.netty.handler.HttpHandler -- Channel Closed: [id: 0x1bc15dc4, L:/127.0.0.1:49322 ! R:localhost/127.0.0.1:8815] with attribute DISCARD
16:10:01.082 [main] DEBUG io.github.bonigarcia.wdm.WebDriverManager -- Using WebDriverManager 5.5.3
16:10:01.096 [main] DEBUG io.github.bonigarcia.wdm.cache.ResolutionCache -- Resolution chrome=131 in cache (valid until 17:09:45 02/01/2025 IST)
16:10:01.097 [main] DEBUG io.github.bonigarcia.wdm.cache.ResolutionCache -- Resolution chrome131=131.0.6778.204 in cache (valid until 14:21:23 03/01/2025 IST)
16:10:01.097 [main] INFO io.github.bonigarcia.wdm.WebDriverManager -- Using chromedriver 131.0.6778.204 (resolved driver for Chrome 131)
16:10:01.102 [main] DEBUG io.github.bonigarcia.wdm.WebDriverManager -- Driver chromedriver 131.0.6778.204 found in cache
16:10:01.103 [main] INFO io.github.bonigarcia.wdm.WebDriverManager -- Exporting webdriver.chrome.driver as C:\Users\sasitharan\.cache\selenium\chromedriver\win64\131.0.6778.204\chromedriver.exe
16:10:01.176 [AsyncHttpClient-1-7] DEBUG org.asynchttpclient.netty.channel.NettyConnectListener -- Using new Channel '[id: 0x5c158890, L:/127.0.0.1:49340 - R:localhost/127.0.0.1:13606]' for 'POST' to '/session'
16:10:01.647 [AsyncHttpClient-1-1] DEBUG org.asynchttpclient.netty.channel.DefaultChannelPool -- Entry count for : http://localhost:8815 : 1
16:10:01.648 [AsyncHttpClient-1-1] DEBUG org.asynchttpclient.netty.channel.DefaultChannelPool -- Entry count for : http://localhost:49323 : 1
16:10:01.648 [AsyncHttpClient-1-1] DEBUG org.asynchttpclient.netty.channel.DefaultChannelPool -- Adding Candidate expired Channel [id: 0x1bc15dc4, L:/127.0.0.1:49322 ! R:localhost/127.0.0.1:8815] isIdleTimeoutExpired=false isRemotelyClosed=true isTtlExpired=false
16:10:01.648 [AsyncHttpClient-1-1] DEBUG org.asynchttpclient.netty.channel.DefaultChannelPool -- Closing Idle Channel [id: 0x1bc15dc4, L:/127.0.0.1:49322 ! R:localhost/127.0.0.1:8815]
16:10:01.649 [AsyncHttpClient-1-1] DEBUG org.asynchttpclient.netty.channel.DefaultChannelPool -- Adding Candidate expired Channel [id: 0xc07aa760, L:/127.0.0.1:49329 ! R:localhost/127.0.0.1:49323] isIdleTimeoutExpired=false isRemotelyClosed=true isTtlExpired=false
16:10:01.649 [AsyncHttpClient-1-1] DEBUG org.asynchttpclient.netty.channel.DefaultChannelPool -- Closing Idle Channel [id: 0xc07aa760, L:/127.0.0.1:49329 ! R:localhost/127.0.0.1:49323]
16:10:01.649 [AsyncHttpClient-1-1] DEBUG org.asynchttpclient.netty.channel.DefaultChannelPool -- Closed 2 connections out of 2 in 1 ms
16:10:01.923 [AsyncHttpClient-1-7] DEBUG org.asynchttpclient.netty.handler.HttpHandler -- 

Request DefaultHttpRequest(decodeResult: success, version: HTTP/1.1)
POST /session HTTP/1.1
User-Agent: selenium/4.12.0 (java windows)
Content-Length: 254
Content-Type: application/json; charset=utf-8
host: localhost:13606
accept: */*

Response DefaultHttpResponse(decodeResult: success, version: HTTP/1.1)
HTTP/1.1 200 OK
Content-Length: 887
Content-Type: application/json; charset=utf-8
cache-control: no-cache

16:10:01.923 [AsyncHttpClient-1-7] DEBUG org.asynchttpclient.netty.channel.ChannelManager -- Adding key: http://localhost:13606 for channel [id: 0x5c158890, L:/127.0.0.1:49340 - R:localhost/127.0.0.1:13606]
16:10:01.931 [AsyncHttpClient-1-8] DEBUG org.asynchttpclient.netty.channel.NettyConnectListener -- Using new Channel '[id: 0x1da0b446, L:/127.0.0.1:49349 - R:localhost/127.0.0.1:49343]' for 'GET' to '/json/version'
16:10:01.931 [AsyncHttpClient-1-8] DEBUG org.asynchttpclient.netty.handler.HttpHandler -- 

Request DefaultFullHttpRequest(decodeResult: success, version: HTTP/1.1, content: EmptyByteBufBE)
GET /json/version HTTP/1.1
User-Agent: selenium/4.12.0 (java windows)
host: localhost:49343
accept: */*

Response DefaultHttpResponse(decodeResult: success, version: HTTP/1.1)
HTTP/1.1 200 OK
Content-Security-Policy: frame-ancestors 'none'
Content-Length: 424
Content-Type: application/json; charset=UTF-8

16:10:01.931 [AsyncHttpClient-1-8] DEBUG org.asynchttpclient.netty.channel.ChannelManager -- Adding key: http://localhost:49343 for channel [id: 0x1da0b446, L:/127.0.0.1:49349 - R:localhost/127.0.0.1:49343]
16:10:01.933 [AsyncHttpClient-1-9] DEBUG org.asynchttpclient.netty.channel.NettyConnectListener -- Using new Channel '[id: 0x6a963c62, L:/127.0.0.1:49350 - R:localhost/127.0.0.1:49343]' for 'GET' to '/devtools/browser/f3ab2f8f-3bfd-42ff-8449-edce5a799b69'
16:10:01.934 [AsyncHttpClient-1-9] DEBUG org.asynchttpclient.netty.handler.WebSocketHandler -- 

Request DefaultFullHttpRequest(decodeResult: success, version: HTTP/1.1, content: EmptyByteBufBE)
GET /devtools/browser/f3ab2f8f-3bfd-42ff-8449-edce5a799b69 HTTP/1.1
upgrade: websocket
connection: upgrade
sec-websocket-key: QmAwjwuMwhfsKJMdopxGKg==
sec-websocket-version: 13
origin: http://localhost:49343
host: localhost:49343
accept: */*
user-agent: AHC/2.1

Response DefaultHttpResponse(decodeResult: success, version: HTTP/1.1)
HTTP/1.1 101 WebSocket Protocol Handshake
Upgrade: WebSocket
Connection: Upgrade
Sec-WebSocket-Accept: iS6AkVCfeYAV4qRpoV7Sn+fl12U=

16:10:01.937 [Forwarding maximizeCurrentWindow on session b8043b4e9b9713cc90c5463bb2728cf8 to remote] DEBUG org.asynchttpclient.netty.request.NettyRequestSender -- Using pooled Channel '[id: 0x5c158890, L:/127.0.0.1:49340 - R:localhost/127.0.0.1:13606]' for 'POST' to 'http://localhost:13606/session/b8043b4e9b9713cc90c5463bb2728cf8/window/maximize'
16:10:01.937 [Forwarding maximizeCurrentWindow on session b8043b4e9b9713cc90c5463bb2728cf8 to remote] DEBUG org.asynchttpclient.netty.request.NettyRequestSender -- Using open Channel [id: 0x5c158890, L:/127.0.0.1:49340 - R:localhost/127.0.0.1:13606] for POST '/session/b8043b4e9b9713cc90c5463bb2728cf8/window/maximize'
16:10:01.971 [AsyncHttpClient-1-7] DEBUG org.asynchttpclient.netty.handler.HttpHandler -- 

Request DefaultHttpRequest(decodeResult: success, version: HTTP/1.1)
POST /session/b8043b4e9b9713cc90c5463bb2728cf8/window/maximize HTTP/1.1
User-Agent: selenium/4.12.0 (java windows)
Content-Length: 3
Content-Type: application/json; charset=utf-8
host: localhost:13606
accept: */*

Response DefaultHttpResponse(decodeResult: success, version: HTTP/1.1)
HTTP/1.1 200 OK
Content-Length: 51
Content-Type: application/json; charset=utf-8
cache-control: no-cache

16:10:01.972 [AsyncHttpClient-1-7] DEBUG org.asynchttpclient.netty.channel.ChannelManager -- Adding key: http://localhost:13606 for channel [id: 0x5c158890, L:/127.0.0.1:49340 - R:localhost/127.0.0.1:13606]
16:10:01.973 [Forwarding get on session b8043b4e9b9713cc90c5463bb2728cf8 to remote] DEBUG org.asynchttpclient.netty.request.NettyRequestSender -- Using pooled Channel '[id: 0x5c158890, L:/127.0.0.1:49340 - R:localhost/127.0.0.1:13606]' for 'POST' to 'http://localhost:13606/session/b8043b4e9b9713cc90c5463bb2728cf8/url'
16:10:01.973 [Forwarding get on session b8043b4e9b9713cc90c5463bb2728cf8 to remote] DEBUG org.asynchttpclient.netty.request.NettyRequestSender -- Using open Channel [id: 0x5c158890, L:/127.0.0.1:49340 - R:localhost/127.0.0.1:13606] for POST '/session/b8043b4e9b9713cc90c5463bb2728cf8/url'
16:10:02.716 [AsyncHttpClient-1-1] DEBUG org.asynchttpclient.netty.channel.DefaultChannelPool -- Entry count for : http://localhost:49343 : 1
16:10:02.831 [AsyncHttpClient-1-7] DEBUG org.asynchttpclient.netty.handler.HttpHandler -- 

Request DefaultHttpRequest(decodeResult: success, version: HTTP/1.1)
POST /session/b8043b4e9b9713cc90c5463bb2728cf8/url HTTP/1.1
User-Agent: selenium/4.12.0 (java windows)
Content-Length: 58
Content-Type: application/json; charset=utf-8
host: localhost:13606
accept: */*

Response DefaultHttpResponse(decodeResult: success, version: HTTP/1.1)
HTTP/1.1 200 OK
Content-Length: 14
Content-Type: application/json; charset=utf-8
cache-control: no-cache

16:10:02.831 [AsyncHttpClient-1-7] DEBUG org.asynchttpclient.netty.channel.ChannelManager -- Adding key: http://localhost:13606 for channel [id: 0x5c158890, L:/127.0.0.1:49340 - R:localhost/127.0.0.1:13606]
16:10:02.835 [Forwarding setCurrentWindowSize on session b8043b4e9b9713cc90c5463bb2728cf8 to remote] DEBUG org.asynchttpclient.netty.request.NettyRequestSender -- Using pooled Channel '[id: 0x5c158890, L:/127.0.0.1:49340 - R:localhost/127.0.0.1:13606]' for 'POST' to 'http://localhost:13606/session/b8043b4e9b9713cc90c5463bb2728cf8/window/rect'
16:10:02.835 [Forwarding setCurrentWindowSize on session b8043b4e9b9713cc90c5463bb2728cf8 to remote] DEBUG org.asynchttpclient.netty.request.NettyRequestSender -- Using open Channel [id: 0x5c158890, L:/127.0.0.1:49340 - R:localhost/127.0.0.1:13606] for POST '/session/b8043b4e9b9713cc90c5463bb2728cf8/window/rect'
16:10:03.216 [AsyncHttpClient-1-7] DEBUG org.asynchttpclient.netty.handler.HttpHandler -- 

Request DefaultHttpRequest(decodeResult: success, version: HTTP/1.1)
POST /session/b8043b4e9b9713cc90c5463bb2728cf8/window/rect HTTP/1.1
User-Agent: selenium/4.12.0 (java windows)
Content-Length: 36
Content-Type: application/json; charset=utf-8
host: localhost:13606
accept: */*

Response DefaultHttpResponse(decodeResult: success, version: HTTP/1.1)
HTTP/1.1 200 OK
Content-Length: 51
Content-Type: application/json; charset=utf-8
cache-control: no-cache

16:10:03.216 [AsyncHttpClient-1-7] DEBUG org.asynchttpclient.netty.channel.ChannelManager -- Adding key: http://localhost:13606 for channel [id: 0x5c158890, L:/127.0.0.1:49340 - R:localhost/127.0.0.1:13606]
16:10:03.219 [Forwarding getPageSource on session b8043b4e9b9713cc90c5463bb2728cf8 to remote] DEBUG org.asynchttpclient.netty.request.NettyRequestSender -- Using pooled Channel '[id: 0x5c158890, L:/127.0.0.1:49340 - R:localhost/127.0.0.1:13606]' for 'POST' to 'http://localhost:13606/session/b8043b4e9b9713cc90c5463bb2728cf8/execute/sync'
16:10:03.219 [Forwarding getPageSource on session b8043b4e9b9713cc90c5463bb2728cf8 to remote] DEBUG org.asynchttpclient.netty.request.NettyRequestSender -- Using open Channel [id: 0x5c158890, L:/127.0.0.1:49340 - R:localhost/127.0.0.1:13606] for POST '/session/b8043b4e9b9713cc90c5463bb2728cf8/execute/sync'
16:10:03.259 [AsyncHttpClient-1-7] DEBUG org.asynchttpclient.netty.handler.HttpHandler -- 

Request DefaultHttpRequest(decodeResult: success, version: HTTP/1.1)
POST /session/b8043b4e9b9713cc90c5463bb2728cf8/execute/sync HTTP/1.1
User-Agent: selenium/4.12.0 (java windows)
Content-Length: 176
Content-Type: application/json; charset=utf-8
host: localhost:13606
accept: */*

Response DefaultHttpResponse(decodeResult: success, version: HTTP/1.1)
HTTP/1.1 200 OK
Content-Length: 6124
Content-Type: application/json; charset=utf-8
cache-control: no-cache

16:10:03.259 [AsyncHttpClient-1-7] DEBUG org.asynchttpclient.netty.channel.ChannelManager -- Adding key: http://localhost:13606 for channel [id: 0x5c158890, L:/127.0.0.1:49340 - R:localhost/127.0.0.1:13606]
16:10:03.261 [Forwarding setCurrentWindowSize on session b8043b4e9b9713cc90c5463bb2728cf8 to remote] DEBUG org.asynchttpclient.netty.request.NettyRequestSender -- Using pooled Channel '[id: 0x5c158890, L:/127.0.0.1:49340 - R:localhost/127.0.0.1:13606]' for 'POST' to 'http://localhost:13606/session/b8043b4e9b9713cc90c5463bb2728cf8/window/rect'
16:10:03.261 [Forwarding setCurrentWindowSize on session b8043b4e9b9713cc90c5463bb2728cf8 to remote] DEBUG org.asynchttpclient.netty.request.NettyRequestSender -- Using open Channel [id: 0x5c158890, L:/127.0.0.1:49340 - R:localhost/127.0.0.1:13606] for POST '/session/b8043b4e9b9713cc90c5463bb2728cf8/window/rect'
16:10:03.629 [AsyncHttpClient-1-7] DEBUG org.asynchttpclient.netty.handler.HttpHandler -- 

Request DefaultHttpRequest(decodeResult: success, version: HTTP/1.1)
POST /session/b8043b4e9b9713cc90c5463bb2728cf8/window/rect HTTP/1.1
User-Agent: selenium/4.12.0 (java windows)
Content-Length: 35
Content-Type: application/json; charset=utf-8
host: localhost:13606
accept: */*

Response DefaultHttpResponse(decodeResult: success, version: HTTP/1.1)
HTTP/1.1 200 OK
Content-Length: 50
Content-Type: application/json; charset=utf-8
cache-control: no-cache

16:10:03.631 [AsyncHttpClient-1-7] DEBUG org.asynchttpclient.netty.channel.ChannelManager -- Adding key: http://localhost:13606 for channel [id: 0x5c158890, L:/127.0.0.1:49340 - R:localhost/127.0.0.1:13606]
16:10:03.632 [Forwarding getPageSource on session b8043b4e9b9713cc90c5463bb2728cf8 to remote] DEBUG org.asynchttpclient.netty.request.NettyRequestSender -- Using pooled Channel '[id: 0x5c158890, L:/127.0.0.1:49340 - R:localhost/127.0.0.1:13606]' for 'POST' to 'http://localhost:13606/session/b8043b4e9b9713cc90c5463bb2728cf8/execute/sync'
16:10:03.632 [Forwarding getPageSource on session b8043b4e9b9713cc90c5463bb2728cf8 to remote] DEBUG org.asynchttpclient.netty.request.NettyRequestSender -- Using open Channel [id: 0x5c158890, L:/127.0.0.1:49340 - R:localhost/127.0.0.1:13606] for POST '/session/b8043b4e9b9713cc90c5463bb2728cf8/execute/sync'
16:10:03.640 [AsyncHttpClient-1-7] DEBUG org.asynchttpclient.netty.handler.HttpHandler -- 

Request DefaultHttpRequest(decodeResult: success, version: HTTP/1.1)
POST /session/b8043b4e9b9713cc90c5463bb2728cf8/execute/sync HTTP/1.1
User-Agent: selenium/4.12.0 (java windows)
Content-Length: 176
Content-Type: application/json; charset=utf-8
host: localhost:13606
accept: */*

Response DefaultHttpResponse(decodeResult: success, version: HTTP/1.1)
HTTP/1.1 200 OK
Content-Length: 6124
Content-Type: application/json; charset=utf-8
cache-control: no-cache

16:10:03.640 [AsyncHttpClient-1-7] DEBUG org.asynchttpclient.netty.channel.ChannelManager -- Adding key: http://localhost:13606 for channel [id: 0x5c158890, L:/127.0.0.1:49340 - R:localhost/127.0.0.1:13606]
]]></system-out>
    <system-err><![CDATA[Jan 02, 2025 4:10:01 PM org.openqa.selenium.devtools.CdpVersionFinder findNearestMatch
WARNING: Unable to find CDP implementation matching 131
Jan 02, 2025 4:10:01 PM org.openqa.selenium.chromium.ChromiumDriver lambda$new$5
WARNING: Unable to find version of CDP to use for 131.0.6778.205. You may need to include a dependency on a specific version of the CDP using something similar to `org.seleniumhq.selenium:selenium-devtools-v86:4.12.0` where the version ("v86") matches the version of the chromium-based browser you're using and the version number of the artifact is the same as Selenium's.
]]></system-err>
  </testcase>
  <testcase name="testUserRegistration" classname="UITestCases.BuggyCarsUITests" time="0.627">
    <failure message="expected [true] but found [false]" type="java.lang.AssertionError"><![CDATA[java.lang.AssertionError: expected [true] but found [false]
	at org.testng.Assert.fail(Assert.java:110)
	at org.testng.Assert.failNotEquals(Assert.java:1413)
	at org.testng.Assert.assertTrue(Assert.java:56)
	at org.testng.Assert.assertTrue(Assert.java:66)
	at UITestCases.BuggyCarsUITests.testUserRegistration(BuggyCarsUITests.java:33)
	at java.base/jdk.internal.reflect.NativeMethodAccessorImpl.invoke0(Native Method)
	at java.base/jdk.internal.reflect.NativeMethodAccessorImpl.invoke(NativeMethodAccessorImpl.java:77)
	at java.base/jdk.internal.reflect.DelegatingMethodAccessorImpl.invoke(DelegatingMethodAccessorImpl.java:43)
	at java.base/java.lang.reflect.Method.invoke(Method.java:568)
	at org.testng.internal.invokers.MethodInvocationHelper.invokeMethod(MethodInvocationHelper.java:139)
	at org.testng.internal.invokers.TestInvoker.invokeMethod(TestInvoker.java:677)
	at org.testng.internal.invokers.TestInvoker.invokeTestMethod(TestInvoker.java:221)
	at org.testng.internal.invokers.MethodRunner.runInSequence(MethodRunner.java:50)
	at org.testng.internal.invokers.TestInvoker$MethodInvocationAgent.invoke(TestInvoker.java:969)
	at org.testng.internal.invokers.TestInvoker.invokeTestMethods(TestInvoker.java:194)
	at org.testng.internal.invokers.TestMethodWorker.invokeTestMethods(TestMethodWorker.java:148)
	at org.testng.internal.invokers.TestMethodWorker.run(TestMethodWorker.java:128)
	at java.base/java.util.ArrayList.forEach(ArrayList.java:1511)
	at org.testng.TestRunner.privateRun(TestRunner.java:829)
	at org.testng.TestRunner.run(TestRunner.java:602)
	at org.testng.SuiteRunner.runTest(SuiteRunner.java:437)
	at org.testng.SuiteRunner.runSequentially(SuiteRunner.java:431)
	at org.testng.SuiteRunner.privateRun(SuiteRunner.java:391)
	at org.testng.SuiteRunner.run(SuiteRunner.java:330)
	at org.testng.SuiteRunnerWorker.runSuite(SuiteRunnerWorker.java:52)
	at org.testng.SuiteRunnerWorker.run(SuiteRunnerWorker.java:95)
	at org.testng.TestNG.runSuitesSequentially(TestNG.java:1256)
	at org.testng.TestNG.runSuitesLocally(TestNG.java:1176)
	at org.testng.TestNG.runSuites(TestNG.java:1099)
	at org.testng.TestNG.run(TestNG.java:1067)
	at org.apache.maven.surefire.testng.TestNGExecutor.run(TestNGExecutor.java:324)
	at org.apache.maven.surefire.testng.TestNGXmlTestSuite.execute(TestNGXmlTestSuite.java:74)
	at org.apache.maven.surefire.testng.TestNGProvider.invoke(TestNGProvider.java:123)
	at org.apache.maven.surefire.booter.ForkedBooter.runSuitesInProcess(ForkedBooter.java:456)
	at org.apache.maven.surefire.booter.ForkedBooter.execute(ForkedBooter.java:169)
	at org.apache.maven.surefire.booter.ForkedBooter.run(ForkedBooter.java:595)
	at org.apache.maven.surefire.booter.ForkedBooter.main(ForkedBooter.java:581)
]]></failure>
    <system-out><![CDATA[16:10:03.646 [AsyncHttpClient-1-9] DEBUG org.asynchttpclient.netty.handler.WebSocketHandler -- Channel Closed: [id: 0x6a963c62, L:/127.0.0.1:49350 ! R:localhost/127.0.0.1:49343] with attribute DISCARD
16:10:03.646 [Driver Command Executor] DEBUG org.asynchttpclient.netty.request.NettyRequestSender -- Using pooled Channel '[id: 0x5c158890, L:/127.0.0.1:49340 - R:localhost/127.0.0.1:13606]' for 'DELETE' to 'http://localhost:13606/session/b8043b4e9b9713cc90c5463bb2728cf8'
16:10:03.646 [Driver Command Executor] DEBUG org.asynchttpclient.netty.request.NettyRequestSender -- Using open Channel [id: 0x5c158890, L:/127.0.0.1:49340 - R:localhost/127.0.0.1:13606] for DELETE '/session/b8043b4e9b9713cc90c5463bb2728cf8'
16:10:03.696 [AsyncHttpClient-1-8] DEBUG org.asynchttpclient.netty.handler.HttpHandler -- Unexpected I/O exception on channel [id: 0x1da0b446, L:/127.0.0.1:49349 - R:localhost/127.0.0.1:49343]
java.net.SocketException: Connection reset
	at java.base/sun.nio.ch.SocketChannelImpl.throwConnectionReset(SocketChannelImpl.java:394)
	at java.base/sun.nio.ch.SocketChannelImpl.read(SocketChannelImpl.java:426)
	at io.netty.buffer.PooledByteBuf.setBytes(PooledByteBuf.java:254)
	at io.netty.buffer.AbstractByteBuf.writeBytes(AbstractByteBuf.java:1132)
	at io.netty.channel.socket.nio.NioSocketChannel.doReadBytes(NioSocketChannel.java:357)
	at io.netty.channel.nio.AbstractNioByteChannel$NioByteUnsafe.read(AbstractNioByteChannel.java:151)
	at io.netty.channel.nio.NioEventLoop.processSelectedKey(NioEventLoop.java:788)
	at io.netty.channel.nio.NioEventLoop.processSelectedKeysOptimized(NioEventLoop.java:724)
	at io.netty.channel.nio.NioEventLoop.processSelectedKeys(NioEventLoop.java:650)
	at io.netty.channel.nio.NioEventLoop.run(NioEventLoop.java:562)
	at io.netty.util.concurrent.SingleThreadEventExecutor$4.run(SingleThreadEventExecutor.java:997)
	at io.netty.util.internal.ThreadExecutorMap$2.run(ThreadExecutorMap.java:74)
	at io.netty.util.concurrent.FastThreadLocalRunnable.run(FastThreadLocalRunnable.java:30)
	at java.base/java.lang.Thread.run(Thread.java:842)
16:10:03.696 [AsyncHttpClient-1-8] DEBUG org.asynchttpclient.netty.channel.ChannelManager -- Closing Channel [id: 0x1da0b446, L:/127.0.0.1:49349 - R:localhost/127.0.0.1:49343] 
16:10:03.696 [AsyncHttpClient-1-8] DEBUG org.asynchttpclient.netty.handler.HttpHandler -- Channel Closed: [id: 0x1da0b446, L:/127.0.0.1:49349 ! R:localhost/127.0.0.1:49343] with attribute DISCARD
16:10:03.715 [AsyncHttpClient-1-7] DEBUG org.asynchttpclient.netty.handler.HttpHandler -- 

Request DefaultFullHttpRequest(decodeResult: success, version: HTTP/1.1, content: EmptyByteBufBE)
DELETE /session/b8043b4e9b9713cc90c5463bb2728cf8 HTTP/1.1
User-Agent: selenium/4.12.0 (java windows)
Content-Type: application/json; charset=utf-8
host: localhost:13606
accept: */*

Response DefaultHttpResponse(decodeResult: success, version: HTTP/1.1)
HTTP/1.1 200 OK
Content-Length: 14
Content-Type: application/json; charset=utf-8
cache-control: no-cache

16:10:03.716 [AsyncHttpClient-1-7] DEBUG org.asynchttpclient.netty.channel.ChannelManager -- Adding key: http://localhost:13606 for channel [id: 0x5c158890, L:/127.0.0.1:49340 - R:localhost/127.0.0.1:13606]
16:10:03.816 [AsyncHttpClient-1-1] DEBUG org.asynchttpclient.netty.channel.DefaultChannelPool -- Entry count for : http://localhost:49343 : 1
16:10:03.816 [AsyncHttpClient-1-1] DEBUG org.asynchttpclient.netty.channel.DefaultChannelPool -- Entry count for : http://localhost:13606 : 1
16:10:03.816 [AsyncHttpClient-1-1] DEBUG org.asynchttpclient.netty.channel.DefaultChannelPool -- Adding Candidate expired Channel [id: 0x1da0b446, L:/127.0.0.1:49349 ! R:localhost/127.0.0.1:49343] isIdleTimeoutExpired=false isRemotelyClosed=true isTtlExpired=false
16:10:03.816 [AsyncHttpClient-1-1] DEBUG org.asynchttpclient.netty.channel.DefaultChannelPool -- Closing Idle Channel [id: 0x1da0b446, L:/127.0.0.1:49349 ! R:localhost/127.0.0.1:49343]
16:10:03.816 [AsyncHttpClient-1-1] DEBUG org.asynchttpclient.netty.channel.DefaultChannelPool -- Closed 1 connections out of 2 in 0 ms
16:10:03.816 [AsyncHttpClient-1-7] DEBUG org.asynchttpclient.netty.handler.HttpHandler -- Channel Closed: [id: 0x5c158890, L:/127.0.0.1:49340 ! R:localhost/127.0.0.1:13606] with attribute DISCARD
16:10:03.833 [main] DEBUG io.github.bonigarcia.wdm.WebDriverManager -- Using WebDriverManager 5.5.3
16:10:03.838 [main] DEBUG io.github.bonigarcia.wdm.cache.ResolutionCache -- Resolution chrome=131 in cache (valid until 17:09:45 02/01/2025 IST)
16:10:03.839 [main] DEBUG io.github.bonigarcia.wdm.cache.ResolutionCache -- Resolution chrome131=131.0.6778.204 in cache (valid until 14:21:23 03/01/2025 IST)
16:10:03.839 [main] INFO io.github.bonigarcia.wdm.WebDriverManager -- Using chromedriver 131.0.6778.204 (resolved driver for Chrome 131)
16:10:03.841 [main] DEBUG io.github.bonigarcia.wdm.WebDriverManager -- Driver chromedriver 131.0.6778.204 found in cache
16:10:03.841 [main] INFO io.github.bonigarcia.wdm.WebDriverManager -- Exporting webdriver.chrome.driver as C:\Users\sasitharan\.cache\selenium\chromedriver\win64\131.0.6778.204\chromedriver.exe
16:10:03.900 [AsyncHttpClient-1-10] DEBUG org.asynchttpclient.netty.channel.NettyConnectListener -- Using new Channel '[id: 0xf416b17f, L:/127.0.0.1:49360 - R:localhost/127.0.0.1:5857]' for 'POST' to '/session'
16:10:04.568 [AsyncHttpClient-1-10] DEBUG org.asynchttpclient.netty.handler.HttpHandler -- 

Request DefaultHttpRequest(decodeResult: success, version: HTTP/1.1)
POST /session HTTP/1.1
User-Agent: selenium/4.12.0 (java windows)
Content-Length: 254
Content-Type: application/json; charset=utf-8
host: localhost:5857
accept: */*

Response DefaultHttpResponse(decodeResult: success, version: HTTP/1.1)
HTTP/1.1 200 OK
Content-Length: 888
Content-Type: application/json; charset=utf-8
cache-control: no-cache

16:10:04.568 [AsyncHttpClient-1-10] DEBUG org.asynchttpclient.netty.channel.ChannelManager -- Adding key: http://localhost:5857 for channel [id: 0xf416b17f, L:/127.0.0.1:49360 - R:localhost/127.0.0.1:5857]
16:10:04.575 [AsyncHttpClient-1-11] DEBUG org.asynchttpclient.netty.channel.NettyConnectListener -- Using new Channel '[id: 0x01453bed, L:/127.0.0.1:49367 - R:localhost/127.0.0.1:49361]' for 'GET' to '/json/version'
16:10:04.579 [AsyncHttpClient-1-11] DEBUG org.asynchttpclient.netty.handler.HttpHandler -- 

Request DefaultFullHttpRequest(decodeResult: success, version: HTTP/1.1, content: EmptyByteBufBE)
GET /json/version HTTP/1.1
User-Agent: selenium/4.12.0 (java windows)
host: localhost:49361
accept: */*

Response DefaultHttpResponse(decodeResult: success, version: HTTP/1.1)
HTTP/1.1 200 OK
Content-Security-Policy: frame-ancestors 'none'
Content-Length: 424
Content-Type: application/json; charset=UTF-8

16:10:04.579 [AsyncHttpClient-1-11] DEBUG org.asynchttpclient.netty.channel.ChannelManager -- Adding key: http://localhost:49361 for channel [id: 0x01453bed, L:/127.0.0.1:49367 - R:localhost/127.0.0.1:49361]
16:10:04.583 [AsyncHttpClient-1-12] DEBUG org.asynchttpclient.netty.channel.NettyConnectListener -- Using new Channel '[id: 0x9508ffc3, L:/127.0.0.1:49368 - R:localhost/127.0.0.1:49361]' for 'GET' to '/devtools/browser/9d11b14c-0421-4cae-9365-1a8f372f42cd'
16:10:04.584 [AsyncHttpClient-1-12] DEBUG org.asynchttpclient.netty.handler.WebSocketHandler -- 

Request DefaultFullHttpRequest(decodeResult: success, version: HTTP/1.1, content: EmptyByteBufBE)
GET /devtools/browser/9d11b14c-0421-4cae-9365-1a8f372f42cd HTTP/1.1
upgrade: websocket
connection: upgrade
sec-websocket-key: 0PrX2j4Xc+4BdsF5SEYZMQ==
sec-websocket-version: 13
origin: http://localhost:49361
host: localhost:49361
accept: */*
user-agent: AHC/2.1

Response DefaultHttpResponse(decodeResult: success, version: HTTP/1.1)
HTTP/1.1 101 WebSocket Protocol Handshake
Upgrade: WebSocket
Connection: Upgrade
Sec-WebSocket-Accept: B14wU1NoF6lgobaJXc2ig902QG8=

16:10:04.588 [Forwarding maximizeCurrentWindow on session f48ceb42ce83a690b9323cac6884bc38 to remote] DEBUG org.asynchttpclient.netty.request.NettyRequestSender -- Using pooled Channel '[id: 0xf416b17f, L:/127.0.0.1:49360 - R:localhost/127.0.0.1:5857]' for 'POST' to 'http://localhost:5857/session/f48ceb42ce83a690b9323cac6884bc38/window/maximize'
16:10:04.588 [Forwarding maximizeCurrentWindow on session f48ceb42ce83a690b9323cac6884bc38 to remote] DEBUG org.asynchttpclient.netty.request.NettyRequestSender -- Using open Channel [id: 0xf416b17f, L:/127.0.0.1:49360 - R:localhost/127.0.0.1:5857] for POST '/session/f48ceb42ce83a690b9323cac6884bc38/window/maximize'
16:10:04.618 [AsyncHttpClient-1-10] DEBUG org.asynchttpclient.netty.handler.HttpHandler -- 

Request DefaultHttpRequest(decodeResult: success, version: HTTP/1.1)
POST /session/f48ceb42ce83a690b9323cac6884bc38/window/maximize HTTP/1.1
User-Agent: selenium/4.12.0 (java windows)
Content-Length: 3
Content-Type: application/json; charset=utf-8
host: localhost:5857
accept: */*

Response DefaultHttpResponse(decodeResult: success, version: HTTP/1.1)
HTTP/1.1 200 OK
Content-Length: 51
Content-Type: application/json; charset=utf-8
cache-control: no-cache

16:10:04.619 [AsyncHttpClient-1-10] DEBUG org.asynchttpclient.netty.channel.ChannelManager -- Adding key: http://localhost:5857 for channel [id: 0xf416b17f, L:/127.0.0.1:49360 - R:localhost/127.0.0.1:5857]
16:10:04.620 [Forwarding get on session f48ceb42ce83a690b9323cac6884bc38 to remote] DEBUG org.asynchttpclient.netty.request.NettyRequestSender -- Using pooled Channel '[id: 0xf416b17f, L:/127.0.0.1:49360 - R:localhost/127.0.0.1:5857]' for 'POST' to 'http://localhost:5857/session/f48ceb42ce83a690b9323cac6884bc38/url'
16:10:04.620 [Forwarding get on session f48ceb42ce83a690b9323cac6884bc38 to remote] DEBUG org.asynchttpclient.netty.request.NettyRequestSender -- Using open Channel [id: 0xf416b17f, L:/127.0.0.1:49360 - R:localhost/127.0.0.1:5857] for POST '/session/f48ceb42ce83a690b9323cac6884bc38/url'
16:10:04.917 [AsyncHttpClient-1-1] DEBUG org.asynchttpclient.netty.channel.DefaultChannelPool -- Entry count for : http://localhost:49361 : 1
16:10:04.917 [AsyncHttpClient-1-1] DEBUG org.asynchttpclient.netty.channel.DefaultChannelPool -- Entry count for : http://localhost:13606 : 1
16:10:04.917 [AsyncHttpClient-1-1] DEBUG org.asynchttpclient.netty.channel.DefaultChannelPool -- Adding Candidate expired Channel [id: 0x5c158890, L:/127.0.0.1:49340 ! R:localhost/127.0.0.1:13606] isIdleTimeoutExpired=false isRemotelyClosed=true isTtlExpired=false
16:10:04.917 [AsyncHttpClient-1-1] DEBUG org.asynchttpclient.netty.channel.DefaultChannelPool -- Closing Idle Channel [id: 0x5c158890, L:/127.0.0.1:49340 ! R:localhost/127.0.0.1:13606]
16:10:04.917 [AsyncHttpClient-1-1] DEBUG org.asynchttpclient.netty.channel.DefaultChannelPool -- Closed 1 connections out of 2 in 0 ms
16:10:05.584 [AsyncHttpClient-1-10] DEBUG org.asynchttpclient.netty.handler.HttpHandler -- 

Request DefaultHttpRequest(decodeResult: success, version: HTTP/1.1)
POST /session/f48ceb42ce83a690b9323cac6884bc38/url HTTP/1.1
User-Agent: selenium/4.12.0 (java windows)
Content-Length: 58
Content-Type: application/json; charset=utf-8
host: localhost:5857
accept: */*

Response DefaultHttpResponse(decodeResult: success, version: HTTP/1.1)
HTTP/1.1 200 OK
Content-Length: 14
Content-Type: application/json; charset=utf-8
cache-control: no-cache

16:10:05.584 [AsyncHttpClient-1-10] DEBUG org.asynchttpclient.netty.channel.ChannelManager -- Adding key: http://localhost:5857 for channel [id: 0xf416b17f, L:/127.0.0.1:49360 - R:localhost/127.0.0.1:5857]
16:10:05.588 [Forwarding findElement on session f48ceb42ce83a690b9323cac6884bc38 to remote] DEBUG org.asynchttpclient.netty.request.NettyRequestSender -- Using pooled Channel '[id: 0xf416b17f, L:/127.0.0.1:49360 - R:localhost/127.0.0.1:5857]' for 'POST' to 'http://localhost:5857/session/f48ceb42ce83a690b9323cac6884bc38/element'
16:10:05.588 [Forwarding findElement on session f48ceb42ce83a690b9323cac6884bc38 to remote] DEBUG org.asynchttpclient.netty.request.NettyRequestSender -- Using open Channel [id: 0xf416b17f, L:/127.0.0.1:49360 - R:localhost/127.0.0.1:5857] for POST '/session/f48ceb42ce83a690b9323cac6884bc38/element'
16:10:05.604 [AsyncHttpClient-1-10] DEBUG org.asynchttpclient.netty.handler.HttpHandler -- 

Request DefaultHttpRequest(decodeResult: success, version: HTTP/1.1)
POST /session/f48ceb42ce83a690b9323cac6884bc38/element HTTP/1.1
User-Agent: selenium/4.12.0 (java windows)
Content-Length: 49
Content-Type: application/json; charset=utf-8
host: localhost:5857
accept: */*

Response DefaultHttpResponse(decodeResult: success, version: HTTP/1.1)
HTTP/1.1 200 OK
Content-Length: 126
Content-Type: application/json; charset=utf-8
cache-control: no-cache

16:10:05.604 [AsyncHttpClient-1-10] DEBUG org.asynchttpclient.netty.channel.ChannelManager -- Adding key: http://localhost:5857 for channel [id: 0xf416b17f, L:/127.0.0.1:49360 - R:localhost/127.0.0.1:5857]
16:10:05.605 [Forwarding clickElement on session f48ceb42ce83a690b9323cac6884bc38 to remote] DEBUG org.asynchttpclient.netty.request.NettyRequestSender -- Using pooled Channel '[id: 0xf416b17f, L:/127.0.0.1:49360 - R:localhost/127.0.0.1:5857]' for 'POST' to 'http://localhost:5857/session/f48ceb42ce83a690b9323cac6884bc38/element/f.144671581E07DC786A5BC2038F2C0F29.d.F4D9C6BE884474A10894AFD3757F2F63.e.20/click'
16:10:05.605 [Forwarding clickElement on session f48ceb42ce83a690b9323cac6884bc38 to remote] DEBUG org.asynchttpclient.netty.request.NettyRequestSender -- Using open Channel [id: 0xf416b17f, L:/127.0.0.1:49360 - R:localhost/127.0.0.1:5857] for POST '/session/f48ceb42ce83a690b9323cac6884bc38/element/f.144671581E07DC786A5BC2038F2C0F29.d.F4D9C6BE884474A10894AFD3757F2F63.e.20/click'
16:10:05.690 [AsyncHttpClient-1-10] DEBUG org.asynchttpclient.netty.handler.HttpHandler -- 

Request DefaultHttpRequest(decodeResult: success, version: HTTP/1.1)
POST /session/f48ceb42ce83a690b9323cac6884bc38/element/f.144671581E07DC786A5BC2038F2C0F29.d.F4D9C6BE884474A10894AFD3757F2F63.e.20/click HTTP/1.1
User-Agent: selenium/4.12.0 (java windows)
Content-Length: 88
Content-Type: application/json; charset=utf-8
host: localhost:5857
accept: */*

Response DefaultHttpResponse(decodeResult: success, version: HTTP/1.1)
HTTP/1.1 200 OK
Content-Length: 14
Content-Type: application/json; charset=utf-8
cache-control: no-cache

16:10:05.690 [AsyncHttpClient-1-10] DEBUG org.asynchttpclient.netty.channel.ChannelManager -- Adding key: http://localhost:5857 for channel [id: 0xf416b17f, L:/127.0.0.1:49360 - R:localhost/127.0.0.1:5857]
16:10:05.691 [Forwarding findElement on session f48ceb42ce83a690b9323cac6884bc38 to remote] DEBUG org.asynchttpclient.netty.request.NettyRequestSender -- Using pooled Channel '[id: 0xf416b17f, L:/127.0.0.1:49360 - R:localhost/127.0.0.1:5857]' for 'POST' to 'http://localhost:5857/session/f48ceb42ce83a690b9323cac6884bc38/element'
16:10:05.691 [Forwarding findElement on session f48ceb42ce83a690b9323cac6884bc38 to remote] DEBUG org.asynchttpclient.netty.request.NettyRequestSender -- Using open Channel [id: 0xf416b17f, L:/127.0.0.1:49360 - R:localhost/127.0.0.1:5857] for POST '/session/f48ceb42ce83a690b9323cac6884bc38/element'
16:10:05.707 [AsyncHttpClient-1-10] DEBUG org.asynchttpclient.netty.handler.HttpHandler -- 

Request DefaultHttpRequest(decodeResult: success, version: HTTP/1.1)
POST /session/f48ceb42ce83a690b9323cac6884bc38/element HTTP/1.1
User-Agent: selenium/4.12.0 (java windows)
Content-Length: 53
Content-Type: application/json; charset=utf-8
host: localhost:5857
accept: */*

Response DefaultHttpResponse(decodeResult: success, version: HTTP/1.1)
HTTP/1.1 200 OK
Content-Length: 126
Content-Type: application/json; charset=utf-8
cache-control: no-cache

16:10:05.707 [AsyncHttpClient-1-10] DEBUG org.asynchttpclient.netty.channel.ChannelManager -- Adding key: http://localhost:5857 for channel [id: 0xf416b17f, L:/127.0.0.1:49360 - R:localhost/127.0.0.1:5857]
16:10:05.708 [Forwarding sendKeysToElement on session f48ceb42ce83a690b9323cac6884bc38 to remote] DEBUG org.asynchttpclient.netty.request.NettyRequestSender -- Using pooled Channel '[id: 0xf416b17f, L:/127.0.0.1:49360 - R:localhost/127.0.0.1:5857]' for 'POST' to 'http://localhost:5857/session/f48ceb42ce83a690b9323cac6884bc38/element/f.144671581E07DC786A5BC2038F2C0F29.d.F4D9C6BE884474A10894AFD3757F2F63.e.25/value'
16:10:05.708 [Forwarding sendKeysToElement on session f48ceb42ce83a690b9323cac6884bc38 to remote] DEBUG org.asynchttpclient.netty.request.NettyRequestSender -- Using open Channel [id: 0xf416b17f, L:/127.0.0.1:49360 - R:localhost/127.0.0.1:5857] for POST '/session/f48ceb42ce83a690b9323cac6884bc38/element/f.144671581E07DC786A5BC2038F2C0F29.d.F4D9C6BE884474A10894AFD3757F2F63.e.25/value'
16:10:05.792 [AsyncHttpClient-1-10] DEBUG org.asynchttpclient.netty.handler.HttpHandler -- 

Request DefaultHttpRequest(decodeResult: success, version: HTTP/1.1)
POST /session/f48ceb42ce83a690b9323cac6884bc38/element/f.144671581E07DC786A5BC2038F2C0F29.d.F4D9C6BE884474A10894AFD3757F2F63.e.25/value HTTP/1.1
User-Agent: selenium/4.12.0 (java windows)
Content-Length: 229
Content-Type: application/json; charset=utf-8
host: localhost:5857
accept: */*

Response DefaultHttpResponse(decodeResult: success, version: HTTP/1.1)
HTTP/1.1 200 OK
Content-Length: 14
Content-Type: application/json; charset=utf-8
cache-control: no-cache

16:10:05.793 [AsyncHttpClient-1-10] DEBUG org.asynchttpclient.netty.channel.ChannelManager -- Adding key: http://localhost:5857 for channel [id: 0xf416b17f, L:/127.0.0.1:49360 - R:localhost/127.0.0.1:5857]
16:10:05.794 [Forwarding findElement on session f48ceb42ce83a690b9323cac6884bc38 to remote] DEBUG org.asynchttpclient.netty.request.NettyRequestSender -- Using pooled Channel '[id: 0xf416b17f, L:/127.0.0.1:49360 - R:localhost/127.0.0.1:5857]' for 'POST' to 'http://localhost:5857/session/f48ceb42ce83a690b9323cac6884bc38/element'
16:10:05.794 [Forwarding findElement on session f48ceb42ce83a690b9323cac6884bc38 to remote] DEBUG org.asynchttpclient.netty.request.NettyRequestSender -- Using open Channel [id: 0xf416b17f, L:/127.0.0.1:49360 - R:localhost/127.0.0.1:5857] for POST '/session/f48ceb42ce83a690b9323cac6884bc38/element'
16:10:05.809 [AsyncHttpClient-1-10] DEBUG org.asynchttpclient.netty.handler.HttpHandler -- 

Request DefaultHttpRequest(decodeResult: success, version: HTTP/1.1)
POST /session/f48ceb42ce83a690b9323cac6884bc38/element HTTP/1.1
User-Agent: selenium/4.12.0 (java windows)
Content-Length: 54
Content-Type: application/json; charset=utf-8
host: localhost:5857
accept: */*

Response DefaultHttpResponse(decodeResult: success, version: HTTP/1.1)
HTTP/1.1 200 OK
Content-Length: 126
Content-Type: application/json; charset=utf-8
cache-control: no-cache

16:10:05.809 [AsyncHttpClient-1-10] DEBUG org.asynchttpclient.netty.channel.ChannelManager -- Adding key: http://localhost:5857 for channel [id: 0xf416b17f, L:/127.0.0.1:49360 - R:localhost/127.0.0.1:5857]
16:10:05.810 [Forwarding sendKeysToElement on session f48ceb42ce83a690b9323cac6884bc38 to remote] DEBUG org.asynchttpclient.netty.request.NettyRequestSender -- Using pooled Channel '[id: 0xf416b17f, L:/127.0.0.1:49360 - R:localhost/127.0.0.1:5857]' for 'POST' to 'http://localhost:5857/session/f48ceb42ce83a690b9323cac6884bc38/element/f.144671581E07DC786A5BC2038F2C0F29.d.F4D9C6BE884474A10894AFD3757F2F63.e.28/value'
16:10:05.811 [Forwarding sendKeysToElement on session f48ceb42ce83a690b9323cac6884bc38 to remote] DEBUG org.asynchttpclient.netty.request.NettyRequestSender -- Using open Channel [id: 0xf416b17f, L:/127.0.0.1:49360 - R:localhost/127.0.0.1:5857] for POST '/session/f48ceb42ce83a690b9323cac6884bc38/element/f.144671581E07DC786A5BC2038F2C0F29.d.F4D9C6BE884474A10894AFD3757F2F63.e.28/value'
16:10:05.874 [AsyncHttpClient-1-10] DEBUG org.asynchttpclient.netty.handler.HttpHandler -- 

Request DefaultHttpRequest(decodeResult: success, version: HTTP/1.1)
POST /session/f48ceb42ce83a690b9323cac6884bc38/element/f.144671581E07DC786A5BC2038F2C0F29.d.F4D9C6BE884474A10894AFD3757F2F63.e.28/value HTTP/1.1
User-Agent: selenium/4.12.0 (java windows)
Content-Length: 159
Content-Type: application/json; charset=utf-8
host: localhost:5857
accept: */*

Response DefaultHttpResponse(decodeResult: success, version: HTTP/1.1)
HTTP/1.1 200 OK
Content-Length: 14
Content-Type: application/json; charset=utf-8
cache-control: no-cache

16:10:05.874 [AsyncHttpClient-1-10] DEBUG org.asynchttpclient.netty.channel.ChannelManager -- Adding key: http://localhost:5857 for channel [id: 0xf416b17f, L:/127.0.0.1:49360 - R:localhost/127.0.0.1:5857]
16:10:05.877 [Forwarding findElement on session f48ceb42ce83a690b9323cac6884bc38 to remote] DEBUG org.asynchttpclient.netty.request.NettyRequestSender -- Using pooled Channel '[id: 0xf416b17f, L:/127.0.0.1:49360 - R:localhost/127.0.0.1:5857]' for 'POST' to 'http://localhost:5857/session/f48ceb42ce83a690b9323cac6884bc38/element'
16:10:05.877 [Forwarding findElement on session f48ceb42ce83a690b9323cac6884bc38 to remote] DEBUG org.asynchttpclient.netty.request.NettyRequestSender -- Using open Channel [id: 0xf416b17f, L:/127.0.0.1:49360 - R:localhost/127.0.0.1:5857] for POST '/session/f48ceb42ce83a690b9323cac6884bc38/element'
16:10:05.898 [AsyncHttpClient-1-10] DEBUG org.asynchttpclient.netty.handler.HttpHandler -- 

Request DefaultHttpRequest(decodeResult: success, version: HTTP/1.1)
POST /session/f48ceb42ce83a690b9323cac6884bc38/element HTTP/1.1
User-Agent: selenium/4.12.0 (java windows)
Content-Length: 53
Content-Type: application/json; charset=utf-8
host: localhost:5857
accept: */*

Response DefaultHttpResponse(decodeResult: success, version: HTTP/1.1)
HTTP/1.1 200 OK
Content-Length: 126
Content-Type: application/json; charset=utf-8
cache-control: no-cache

16:10:05.898 [AsyncHttpClient-1-10] DEBUG org.asynchttpclient.netty.channel.ChannelManager -- Adding key: http://localhost:5857 for channel [id: 0xf416b17f, L:/127.0.0.1:49360 - R:localhost/127.0.0.1:5857]
16:10:05.900 [Forwarding sendKeysToElement on session f48ceb42ce83a690b9323cac6884bc38 to remote] DEBUG org.asynchttpclient.netty.request.NettyRequestSender -- Using pooled Channel '[id: 0xf416b17f, L:/127.0.0.1:49360 - R:localhost/127.0.0.1:5857]' for 'POST' to 'http://localhost:5857/session/f48ceb42ce83a690b9323cac6884bc38/element/f.144671581E07DC786A5BC2038F2C0F29.d.F4D9C6BE884474A10894AFD3757F2F63.e.29/value'
16:10:05.900 [Forwarding sendKeysToElement on session f48ceb42ce83a690b9323cac6884bc38 to remote] DEBUG org.asynchttpclient.netty.request.NettyRequestSender -- Using open Channel [id: 0xf416b17f, L:/127.0.0.1:49360 - R:localhost/127.0.0.1:5857] for POST '/session/f48ceb42ce83a690b9323cac6884bc38/element/f.144671581E07DC786A5BC2038F2C0F29.d.F4D9C6BE884474A10894AFD3757F2F63.e.29/value'
16:10:05.952 [AsyncHttpClient-1-10] DEBUG org.asynchttpclient.netty.handler.HttpHandler -- 

Request DefaultHttpRequest(decodeResult: success, version: HTTP/1.1)
POST /session/f48ceb42ce83a690b9323cac6884bc38/element/f.144671581E07DC786A5BC2038F2C0F29.d.F4D9C6BE884474A10894AFD3757F2F63.e.29/value HTTP/1.1
User-Agent: selenium/4.12.0 (java windows)
Content-Length: 159
Content-Type: application/json; charset=utf-8
host: localhost:5857
accept: */*

Response DefaultHttpResponse(decodeResult: success, version: HTTP/1.1)
HTTP/1.1 200 OK
Content-Length: 14
Content-Type: application/json; charset=utf-8
cache-control: no-cache

16:10:05.952 [AsyncHttpClient-1-10] DEBUG org.asynchttpclient.netty.channel.ChannelManager -- Adding key: http://localhost:5857 for channel [id: 0xf416b17f, L:/127.0.0.1:49360 - R:localhost/127.0.0.1:5857]
16:10:05.954 [Forwarding findElement on session f48ceb42ce83a690b9323cac6884bc38 to remote] DEBUG org.asynchttpclient.netty.request.NettyRequestSender -- Using pooled Channel '[id: 0xf416b17f, L:/127.0.0.1:49360 - R:localhost/127.0.0.1:5857]' for 'POST' to 'http://localhost:5857/session/f48ceb42ce83a690b9323cac6884bc38/element'
16:10:05.954 [Forwarding findElement on session f48ceb42ce83a690b9323cac6884bc38 to remote] DEBUG org.asynchttpclient.netty.request.NettyRequestSender -- Using open Channel [id: 0xf416b17f, L:/127.0.0.1:49360 - R:localhost/127.0.0.1:5857] for POST '/session/f48ceb42ce83a690b9323cac6884bc38/element'
16:10:05.966 [AsyncHttpClient-1-10] DEBUG org.asynchttpclient.netty.handler.HttpHandler -- 

Request DefaultHttpRequest(decodeResult: success, version: HTTP/1.1)
POST /session/f48ceb42ce83a690b9323cac6884bc38/element HTTP/1.1
User-Agent: selenium/4.12.0 (java windows)
Content-Length: 53
Content-Type: application/json; charset=utf-8
host: localhost:5857
accept: */*

Response DefaultHttpResponse(decodeResult: success, version: HTTP/1.1)
HTTP/1.1 200 OK
Content-Length: 126
Content-Type: application/json; charset=utf-8
cache-control: no-cache

16:10:05.966 [AsyncHttpClient-1-10] DEBUG org.asynchttpclient.netty.channel.ChannelManager -- Adding key: http://localhost:5857 for channel [id: 0xf416b17f, L:/127.0.0.1:49360 - R:localhost/127.0.0.1:5857]
16:10:05.967 [Forwarding sendKeysToElement on session f48ceb42ce83a690b9323cac6884bc38 to remote] DEBUG org.asynchttpclient.netty.request.NettyRequestSender -- Using pooled Channel '[id: 0xf416b17f, L:/127.0.0.1:49360 - R:localhost/127.0.0.1:5857]' for 'POST' to 'http://localhost:5857/session/f48ceb42ce83a690b9323cac6884bc38/element/f.144671581E07DC786A5BC2038F2C0F29.d.F4D9C6BE884474A10894AFD3757F2F63.e.21/value'
16:10:05.967 [Forwarding sendKeysToElement on session f48ceb42ce83a690b9323cac6884bc38 to remote] DEBUG org.asynchttpclient.netty.request.NettyRequestSender -- Using open Channel [id: 0xf416b17f, L:/127.0.0.1:49360 - R:localhost/127.0.0.1:5857] for POST '/session/f48ceb42ce83a690b9323cac6884bc38/element/f.144671581E07DC786A5BC2038F2C0F29.d.F4D9C6BE884474A10894AFD3757F2F63.e.21/value'
16:10:06.018 [AsyncHttpClient-1-1] DEBUG org.asynchttpclient.netty.channel.DefaultChannelPool -- Entry count for : http://localhost:49361 : 1
16:10:06.033 [AsyncHttpClient-1-10] DEBUG org.asynchttpclient.netty.handler.HttpHandler -- 

Request DefaultHttpRequest(decodeResult: success, version: HTTP/1.1)
POST /session/f48ceb42ce83a690b9323cac6884bc38/element/f.144671581E07DC786A5BC2038F2C0F29.d.F4D9C6BE884474A10894AFD3757F2F63.e.21/value HTTP/1.1
User-Agent: selenium/4.12.0 (java windows)
Content-Length: 239
Content-Type: application/json; charset=utf-8
host: localhost:5857
accept: */*

Response DefaultHttpResponse(decodeResult: success, version: HTTP/1.1)
HTTP/1.1 200 OK
Content-Length: 14
Content-Type: application/json; charset=utf-8
cache-control: no-cache

16:10:06.033 [AsyncHttpClient-1-10] DEBUG org.asynchttpclient.netty.channel.ChannelManager -- Adding key: http://localhost:5857 for channel [id: 0xf416b17f, L:/127.0.0.1:49360 - R:localhost/127.0.0.1:5857]
16:10:06.034 [Forwarding findElement on session f48ceb42ce83a690b9323cac6884bc38 to remote] DEBUG org.asynchttpclient.netty.request.NettyRequestSender -- Using pooled Channel '[id: 0xf416b17f, L:/127.0.0.1:49360 - R:localhost/127.0.0.1:5857]' for 'POST' to 'http://localhost:5857/session/f48ceb42ce83a690b9323cac6884bc38/element'
16:10:06.034 [Forwarding findElement on session f48ceb42ce83a690b9323cac6884bc38 to remote] DEBUG org.asynchttpclient.netty.request.NettyRequestSender -- Using open Channel [id: 0xf416b17f, L:/127.0.0.1:49360 - R:localhost/127.0.0.1:5857] for POST '/session/f48ceb42ce83a690b9323cac6884bc38/element'
16:10:06.048 [AsyncHttpClient-1-10] DEBUG org.asynchttpclient.netty.handler.HttpHandler -- 

Request DefaultHttpRequest(decodeResult: success, version: HTTP/1.1)
POST /session/f48ceb42ce83a690b9323cac6884bc38/element HTTP/1.1
User-Agent: selenium/4.12.0 (java windows)
Content-Length: 60
Content-Type: application/json; charset=utf-8
host: localhost:5857
accept: */*

Response DefaultHttpResponse(decodeResult: success, version: HTTP/1.1)
HTTP/1.1 200 OK
Content-Length: 126
Content-Type: application/json; charset=utf-8
cache-control: no-cache

16:10:06.048 [AsyncHttpClient-1-10] DEBUG org.asynchttpclient.netty.channel.ChannelManager -- Adding key: http://localhost:5857 for channel [id: 0xf416b17f, L:/127.0.0.1:49360 - R:localhost/127.0.0.1:5857]
16:10:06.049 [Forwarding sendKeysToElement on session f48ceb42ce83a690b9323cac6884bc38 to remote] DEBUG org.asynchttpclient.netty.request.NettyRequestSender -- Using pooled Channel '[id: 0xf416b17f, L:/127.0.0.1:49360 - R:localhost/127.0.0.1:5857]' for 'POST' to 'http://localhost:5857/session/f48ceb42ce83a690b9323cac6884bc38/element/f.144671581E07DC786A5BC2038F2C0F29.d.F4D9C6BE884474A10894AFD3757F2F63.e.22/value'
16:10:06.049 [Forwarding sendKeysToElement on session f48ceb42ce83a690b9323cac6884bc38 to remote] DEBUG org.asynchttpclient.netty.request.NettyRequestSender -- Using open Channel [id: 0xf416b17f, L:/127.0.0.1:49360 - R:localhost/127.0.0.1:5857] for POST '/session/f48ceb42ce83a690b9323cac6884bc38/element/f.144671581E07DC786A5BC2038F2C0F29.d.F4D9C6BE884474A10894AFD3757F2F63.e.22/value'
16:10:06.120 [AsyncHttpClient-1-10] DEBUG org.asynchttpclient.netty.handler.HttpHandler -- 

Request DefaultHttpRequest(decodeResult: success, version: HTTP/1.1)
POST /session/f48ceb42ce83a690b9323cac6884bc38/element/f.144671581E07DC786A5BC2038F2C0F29.d.F4D9C6BE884474A10894AFD3757F2F63.e.22/value HTTP/1.1
User-Agent: selenium/4.12.0 (java windows)
Content-Length: 239
Content-Type: application/json; charset=utf-8
host: localhost:5857
accept: */*

Response DefaultHttpResponse(decodeResult: success, version: HTTP/1.1)
HTTP/1.1 200 OK
Content-Length: 14
Content-Type: application/json; charset=utf-8
cache-control: no-cache

16:10:06.120 [AsyncHttpClient-1-10] DEBUG org.asynchttpclient.netty.channel.ChannelManager -- Adding key: http://localhost:5857 for channel [id: 0xf416b17f, L:/127.0.0.1:49360 - R:localhost/127.0.0.1:5857]
16:10:06.120 [Forwarding findElement on session f48ceb42ce83a690b9323cac6884bc38 to remote] DEBUG org.asynchttpclient.netty.request.NettyRequestSender -- Using pooled Channel '[id: 0xf416b17f, L:/127.0.0.1:49360 - R:localhost/127.0.0.1:5857]' for 'POST' to 'http://localhost:5857/session/f48ceb42ce83a690b9323cac6884bc38/element'
16:10:06.120 [Forwarding findElement on session f48ceb42ce83a690b9323cac6884bc38 to remote] DEBUG org.asynchttpclient.netty.request.NettyRequestSender -- Using open Channel [id: 0xf416b17f, L:/127.0.0.1:49360 - R:localhost/127.0.0.1:5857] for POST '/session/f48ceb42ce83a690b9323cac6884bc38/element'
16:10:06.134 [AsyncHttpClient-1-10] DEBUG org.asynchttpclient.netty.handler.HttpHandler -- 

Request DefaultHttpRequest(decodeResult: success, version: HTTP/1.1)
POST /session/f48ceb42ce83a690b9323cac6884bc38/element HTTP/1.1
User-Agent: selenium/4.12.0 (java windows)
Content-Length: 65
Content-Type: application/json; charset=utf-8
host: localhost:5857
accept: */*

Response DefaultHttpResponse(decodeResult: success, version: HTTP/1.1)
HTTP/1.1 200 OK
Content-Length: 126
Content-Type: application/json; charset=utf-8
cache-control: no-cache

16:10:06.134 [AsyncHttpClient-1-10] DEBUG org.asynchttpclient.netty.channel.ChannelManager -- Adding key: http://localhost:5857 for channel [id: 0xf416b17f, L:/127.0.0.1:49360 - R:localhost/127.0.0.1:5857]
16:10:06.135 [Forwarding clickElement on session f48ceb42ce83a690b9323cac6884bc38 to remote] DEBUG org.asynchttpclient.netty.request.NettyRequestSender -- Using pooled Channel '[id: 0xf416b17f, L:/127.0.0.1:49360 - R:localhost/127.0.0.1:5857]' for 'POST' to 'http://localhost:5857/session/f48ceb42ce83a690b9323cac6884bc38/element/f.144671581E07DC786A5BC2038F2C0F29.d.F4D9C6BE884474A10894AFD3757F2F63.e.17/click'
16:10:06.135 [Forwarding clickElement on session f48ceb42ce83a690b9323cac6884bc38 to remote] DEBUG org.asynchttpclient.netty.request.NettyRequestSender -- Using open Channel [id: 0xf416b17f, L:/127.0.0.1:49360 - R:localhost/127.0.0.1:5857] for POST '/session/f48ceb42ce83a690b9323cac6884bc38/element/f.144671581E07DC786A5BC2038F2C0F29.d.F4D9C6BE884474A10894AFD3757F2F63.e.17/click'
16:10:06.201 [AsyncHttpClient-1-10] DEBUG org.asynchttpclient.netty.handler.HttpHandler -- 

Request DefaultHttpRequest(decodeResult: success, version: HTTP/1.1)
POST /session/f48ceb42ce83a690b9323cac6884bc38/element/f.144671581E07DC786A5BC2038F2C0F29.d.F4D9C6BE884474A10894AFD3757F2F63.e.17/click HTTP/1.1
User-Agent: selenium/4.12.0 (java windows)
Content-Length: 88
Content-Type: application/json; charset=utf-8
host: localhost:5857
accept: */*

Response DefaultHttpResponse(decodeResult: success, version: HTTP/1.1)
HTTP/1.1 200 OK
Content-Length: 14
Content-Type: application/json; charset=utf-8
cache-control: no-cache

16:10:06.201 [AsyncHttpClient-1-10] DEBUG org.asynchttpclient.netty.channel.ChannelManager -- Adding key: http://localhost:5857 for channel [id: 0xf416b17f, L:/127.0.0.1:49360 - R:localhost/127.0.0.1:5857]
16:10:06.202 [Forwarding getPageSource on session f48ceb42ce83a690b9323cac6884bc38 to remote] DEBUG org.asynchttpclient.netty.request.NettyRequestSender -- Using pooled Channel '[id: 0xf416b17f, L:/127.0.0.1:49360 - R:localhost/127.0.0.1:5857]' for 'POST' to 'http://localhost:5857/session/f48ceb42ce83a690b9323cac6884bc38/execute/sync'
16:10:06.202 [Forwarding getPageSource on session f48ceb42ce83a690b9323cac6884bc38 to remote] DEBUG org.asynchttpclient.netty.request.NettyRequestSender -- Using open Channel [id: 0xf416b17f, L:/127.0.0.1:49360 - R:localhost/127.0.0.1:5857] for POST '/session/f48ceb42ce83a690b9323cac6884bc38/execute/sync'
16:10:06.209 [AsyncHttpClient-1-10] DEBUG org.asynchttpclient.netty.handler.HttpHandler -- 

Request DefaultHttpRequest(decodeResult: success, version: HTTP/1.1)
POST /session/f48ceb42ce83a690b9323cac6884bc38/execute/sync HTTP/1.1
User-Agent: selenium/4.12.0 (java windows)
Content-Length: 176
Content-Type: application/json; charset=utf-8
host: localhost:5857
accept: */*

Response DefaultHttpResponse(decodeResult: success, version: HTTP/1.1)
HTTP/1.1 200 OK
Content-Length: 7571
Content-Type: application/json; charset=utf-8
cache-control: no-cache

16:10:06.210 [AsyncHttpClient-1-10] DEBUG org.asynchttpclient.netty.channel.ChannelManager -- Adding key: http://localhost:5857 for channel [id: 0xf416b17f, L:/127.0.0.1:49360 - R:localhost/127.0.0.1:5857]
]]></system-out>
    <system-err><![CDATA[Jan 02, 2025 4:10:04 PM org.openqa.selenium.devtools.CdpVersionFinder findNearestMatch
WARNING: Unable to find CDP implementation matching 131
Jan 02, 2025 4:10:04 PM org.openqa.selenium.chromium.ChromiumDriver lambda$new$5
WARNING: Unable to find version of CDP to use for 131.0.6778.205. You may need to include a dependency on a specific version of the CDP using something similar to `org.seleniumhq.selenium:selenium-devtools-v86:4.12.0` where the version ("v86") matches the version of the chromium-based browser you're using and the version number of the artifact is the same as Selenium's.
]]></system-err>
  </testcase>
  <testcase name="testWeakPasswordRegistration" classname="UITestCases.BuggyCarsUITests" time="0.565">
    <failure message="expected [true] but found [false]" type="java.lang.AssertionError"><![CDATA[java.lang.AssertionError: expected [true] but found [false]
	at org.testng.Assert.fail(Assert.java:110)
	at org.testng.Assert.failNotEquals(Assert.java:1413)
	at org.testng.Assert.assertTrue(Assert.java:56)
	at org.testng.Assert.assertTrue(Assert.java:66)
	at UITestCases.BuggyCarsUITests.testWeakPasswordRegistration(BuggyCarsUITests.java:96)
	at java.base/jdk.internal.reflect.NativeMethodAccessorImpl.invoke0(Native Method)
	at java.base/jdk.internal.reflect.NativeMethodAccessorImpl.invoke(NativeMethodAccessorImpl.java:77)
	at java.base/jdk.internal.reflect.DelegatingMethodAccessorImpl.invoke(DelegatingMethodAccessorImpl.java:43)
	at java.base/java.lang.reflect.Method.invoke(Method.java:568)
	at org.testng.internal.invokers.MethodInvocationHelper.invokeMethod(MethodInvocationHelper.java:139)
	at org.testng.internal.invokers.TestInvoker.invokeMethod(TestInvoker.java:677)
	at org.testng.internal.invokers.TestInvoker.invokeTestMethod(TestInvoker.java:221)
	at org.testng.internal.invokers.MethodRunner.runInSequence(MethodRunner.java:50)
	at org.testng.internal.invokers.TestInvoker$MethodInvocationAgent.invoke(TestInvoker.java:969)
	at org.testng.internal.invokers.TestInvoker.invokeTestMethods(TestInvoker.java:194)
	at org.testng.internal.invokers.TestMethodWorker.invokeTestMethods(TestMethodWorker.java:148)
	at org.testng.internal.invokers.TestMethodWorker.run(TestMethodWorker.java:128)
	at java.base/java.util.ArrayList.forEach(ArrayList.java:1511)
	at org.testng.TestRunner.privateRun(TestRunner.java:829)
	at org.testng.TestRunner.run(TestRunner.java:602)
	at org.testng.SuiteRunner.runTest(SuiteRunner.java:437)
	at org.testng.SuiteRunner.runSequentially(SuiteRunner.java:431)
	at org.testng.SuiteRunner.privateRun(SuiteRunner.java:391)
	at org.testng.SuiteRunner.run(SuiteRunner.java:330)
	at org.testng.SuiteRunnerWorker.runSuite(SuiteRunnerWorker.java:52)
	at org.testng.SuiteRunnerWorker.run(SuiteRunnerWorker.java:95)
	at org.testng.TestNG.runSuitesSequentially(TestNG.java:1256)
	at org.testng.TestNG.runSuitesLocally(TestNG.java:1176)
	at org.testng.TestNG.runSuites(TestNG.java:1099)
	at org.testng.TestNG.run(TestNG.java:1067)
	at org.apache.maven.surefire.testng.TestNGExecutor.run(TestNGExecutor.java:324)
	at org.apache.maven.surefire.testng.TestNGXmlTestSuite.execute(TestNGXmlTestSuite.java:74)
	at org.apache.maven.surefire.testng.TestNGProvider.invoke(TestNGProvider.java:123)
	at org.apache.maven.surefire.booter.ForkedBooter.runSuitesInProcess(ForkedBooter.java:456)
	at org.apache.maven.surefire.booter.ForkedBooter.execute(ForkedBooter.java:169)
	at org.apache.maven.surefire.booter.ForkedBooter.run(ForkedBooter.java:595)
	at org.apache.maven.surefire.booter.ForkedBooter.main(ForkedBooter.java:581)
]]></failure>
    <system-out><![CDATA[16:10:06.213 [Driver Command Executor] DEBUG org.asynchttpclient.netty.request.NettyRequestSender -- Using pooled Channel '[id: 0xf416b17f, L:/127.0.0.1:49360 - R:localhost/127.0.0.1:5857]' for 'DELETE' to 'http://localhost:5857/session/f48ceb42ce83a690b9323cac6884bc38'
16:10:06.213 [AsyncHttpClient-1-12] DEBUG org.asynchttpclient.netty.handler.WebSocketHandler -- Channel Closed: [id: 0x9508ffc3, L:/127.0.0.1:49368 ! R:localhost/127.0.0.1:49361] with attribute DISCARD
16:10:06.213 [Driver Command Executor] DEBUG org.asynchttpclient.netty.request.NettyRequestSender -- Using open Channel [id: 0xf416b17f, L:/127.0.0.1:49360 - R:localhost/127.0.0.1:5857] for DELETE '/session/f48ceb42ce83a690b9323cac6884bc38'
16:10:06.245 [AsyncHttpClient-1-11] DEBUG org.asynchttpclient.netty.handler.HttpHandler -- Unexpected I/O exception on channel [id: 0x01453bed, L:/127.0.0.1:49367 - R:localhost/127.0.0.1:49361]
java.net.SocketException: Connection reset
	at java.base/sun.nio.ch.SocketChannelImpl.throwConnectionReset(SocketChannelImpl.java:394)
	at java.base/sun.nio.ch.SocketChannelImpl.read(SocketChannelImpl.java:426)
	at io.netty.buffer.PooledByteBuf.setBytes(PooledByteBuf.java:254)
	at io.netty.buffer.AbstractByteBuf.writeBytes(AbstractByteBuf.java:1132)
	at io.netty.buffer.WrappedByteBuf.writeBytes(WrappedByteBuf.java:821)
	at io.netty.channel.socket.nio.NioSocketChannel.doReadBytes(NioSocketChannel.java:357)
	at io.netty.channel.nio.AbstractNioByteChannel$NioByteUnsafe.read(AbstractNioByteChannel.java:151)
	at io.netty.channel.nio.NioEventLoop.processSelectedKey(NioEventLoop.java:788)
	at io.netty.channel.nio.NioEventLoop.processSelectedKeysOptimized(NioEventLoop.java:724)
	at io.netty.channel.nio.NioEventLoop.processSelectedKeys(NioEventLoop.java:650)
	at io.netty.channel.nio.NioEventLoop.run(NioEventLoop.java:562)
	at io.netty.util.concurrent.SingleThreadEventExecutor$4.run(SingleThreadEventExecutor.java:997)
	at io.netty.util.internal.ThreadExecutorMap$2.run(ThreadExecutorMap.java:74)
	at io.netty.util.concurrent.FastThreadLocalRunnable.run(FastThreadLocalRunnable.java:30)
	at java.base/java.lang.Thread.run(Thread.java:842)
16:10:06.245 [AsyncHttpClient-1-11] DEBUG org.asynchttpclient.netty.channel.ChannelManager -- Closing Channel [id: 0x01453bed, L:/127.0.0.1:49367 - R:localhost/127.0.0.1:49361] 
16:10:06.246 [AsyncHttpClient-1-11] DEBUG org.asynchttpclient.netty.handler.HttpHandler -- Channel Closed: [id: 0x01453bed, L:/127.0.0.1:49367 ! R:localhost/127.0.0.1:49361] with attribute DISCARD
16:10:06.263 [AsyncHttpClient-1-10] DEBUG org.asynchttpclient.netty.handler.HttpHandler -- 

Request DefaultFullHttpRequest(decodeResult: success, version: HTTP/1.1, content: EmptyByteBufBE)
DELETE /session/f48ceb42ce83a690b9323cac6884bc38 HTTP/1.1
User-Agent: selenium/4.12.0 (java windows)
Content-Type: application/json; charset=utf-8
host: localhost:5857
accept: */*

Response DefaultHttpResponse(decodeResult: success, version: HTTP/1.1)
HTTP/1.1 200 OK
Content-Length: 14
Content-Type: application/json; charset=utf-8
cache-control: no-cache

16:10:06.265 [AsyncHttpClient-1-10] DEBUG org.asynchttpclient.netty.channel.ChannelManager -- Adding key: http://localhost:5857 for channel [id: 0xf416b17f, L:/127.0.0.1:49360 - R:localhost/127.0.0.1:5857]
16:10:06.361 [AsyncHttpClient-1-10] DEBUG org.asynchttpclient.netty.handler.HttpHandler -- Channel Closed: [id: 0xf416b17f, L:/127.0.0.1:49360 ! R:localhost/127.0.0.1:5857] with attribute DISCARD
16:10:06.408 [main] DEBUG io.github.bonigarcia.wdm.WebDriverManager -- Using WebDriverManager 5.5.3
16:10:06.414 [main] DEBUG io.github.bonigarcia.wdm.cache.ResolutionCache -- Resolution chrome=131 in cache (valid until 17:09:45 02/01/2025 IST)
16:10:06.414 [main] DEBUG io.github.bonigarcia.wdm.cache.ResolutionCache -- Resolution chrome131=131.0.6778.204 in cache (valid until 14:21:23 03/01/2025 IST)
16:10:06.414 [main] INFO io.github.bonigarcia.wdm.WebDriverManager -- Using chromedriver 131.0.6778.204 (resolved driver for Chrome 131)
16:10:06.416 [main] DEBUG io.github.bonigarcia.wdm.WebDriverManager -- Driver chromedriver 131.0.6778.204 found in cache
16:10:06.416 [main] INFO io.github.bonigarcia.wdm.WebDriverManager -- Exporting webdriver.chrome.driver as C:\Users\sasitharan\.cache\selenium\chromedriver\win64\131.0.6778.204\chromedriver.exe
16:10:06.474 [AsyncHttpClient-1-13] DEBUG org.asynchttpclient.netty.channel.NettyConnectListener -- Using new Channel '[id: 0x179628ef, L:/127.0.0.1:49381 - R:localhost/127.0.0.1:24340]' for 'POST' to '/session'
16:10:07.122 [AsyncHttpClient-1-1] DEBUG org.asynchttpclient.netty.channel.DefaultChannelPool -- Entry count for : http://localhost:5857 : 1
16:10:07.122 [AsyncHttpClient-1-1] DEBUG org.asynchttpclient.netty.channel.DefaultChannelPool -- Entry count for : http://localhost:49361 : 1
16:10:07.122 [AsyncHttpClient-1-1] DEBUG org.asynchttpclient.netty.channel.DefaultChannelPool -- Adding Candidate expired Channel [id: 0xf416b17f, L:/127.0.0.1:49360 ! R:localhost/127.0.0.1:5857] isIdleTimeoutExpired=false isRemotelyClosed=true isTtlExpired=false
16:10:07.122 [AsyncHttpClient-1-1] DEBUG org.asynchttpclient.netty.channel.DefaultChannelPool -- Closing Idle Channel [id: 0xf416b17f, L:/127.0.0.1:49360 ! R:localhost/127.0.0.1:5857]
16:10:07.122 [AsyncHttpClient-1-1] DEBUG org.asynchttpclient.netty.channel.DefaultChannelPool -- Adding Candidate expired Channel [id: 0x01453bed, L:/127.0.0.1:49367 ! R:localhost/127.0.0.1:49361] isIdleTimeoutExpired=false isRemotelyClosed=true isTtlExpired=false
16:10:07.122 [AsyncHttpClient-1-1] DEBUG org.asynchttpclient.netty.channel.DefaultChannelPool -- Closing Idle Channel [id: 0x01453bed, L:/127.0.0.1:49367 ! R:localhost/127.0.0.1:49361]
16:10:07.122 [AsyncHttpClient-1-1] DEBUG org.asynchttpclient.netty.channel.DefaultChannelPool -- Closed 2 connections out of 2 in 0 ms
16:10:07.241 [AsyncHttpClient-1-13] DEBUG org.asynchttpclient.netty.handler.HttpHandler -- 

Request DefaultHttpRequest(decodeResult: success, version: HTTP/1.1)
POST /session HTTP/1.1
User-Agent: selenium/4.12.0 (java windows)
Content-Length: 254
Content-Type: application/json; charset=utf-8
host: localhost:24340
accept: */*

Response DefaultHttpResponse(decodeResult: success, version: HTTP/1.1)
HTTP/1.1 200 OK
Content-Length: 887
Content-Type: application/json; charset=utf-8
cache-control: no-cache

16:10:07.241 [AsyncHttpClient-1-13] DEBUG org.asynchttpclient.netty.channel.ChannelManager -- Adding key: http://localhost:24340 for channel [id: 0x179628ef, L:/127.0.0.1:49381 - R:localhost/127.0.0.1:24340]
16:10:07.248 [AsyncHttpClient-1-14] DEBUG org.asynchttpclient.netty.channel.NettyConnectListener -- Using new Channel '[id: 0x1aef5e50, L:/127.0.0.1:49388 - R:localhost/127.0.0.1:49382]' for 'GET' to '/json/version'
16:10:07.249 [AsyncHttpClient-1-14] DEBUG org.asynchttpclient.netty.handler.HttpHandler -- 

Request DefaultFullHttpRequest(decodeResult: success, version: HTTP/1.1, content: EmptyByteBufBE)
GET /json/version HTTP/1.1
User-Agent: selenium/4.12.0 (java windows)
host: localhost:49382
accept: */*

Response DefaultHttpResponse(decodeResult: success, version: HTTP/1.1)
HTTP/1.1 200 OK
Content-Security-Policy: frame-ancestors 'none'
Content-Length: 424
Content-Type: application/json; charset=UTF-8

16:10:07.249 [AsyncHttpClient-1-14] DEBUG org.asynchttpclient.netty.channel.ChannelManager -- Adding key: http://localhost:49382 for channel [id: 0x1aef5e50, L:/127.0.0.1:49388 - R:localhost/127.0.0.1:49382]
16:10:07.252 [AsyncHttpClient-1-15] DEBUG org.asynchttpclient.netty.channel.NettyConnectListener -- Using new Channel '[id: 0xa2bdd29b, L:/127.0.0.1:49389 - R:localhost/127.0.0.1:49382]' for 'GET' to '/devtools/browser/1c0b5d7a-b40e-4554-b14b-e9aaad61d888'
16:10:07.253 [AsyncHttpClient-1-15] DEBUG org.asynchttpclient.netty.handler.WebSocketHandler -- 

Request DefaultFullHttpRequest(decodeResult: success, version: HTTP/1.1, content: EmptyByteBufBE)
GET /devtools/browser/1c0b5d7a-b40e-4554-b14b-e9aaad61d888 HTTP/1.1
upgrade: websocket
connection: upgrade
sec-websocket-key: ko4SuE/HE8GbWpdiZ4ELKg==
sec-websocket-version: 13
origin: http://localhost:49382
host: localhost:49382
accept: */*
user-agent: AHC/2.1

Response DefaultHttpResponse(decodeResult: success, version: HTTP/1.1)
HTTP/1.1 101 WebSocket Protocol Handshake
Upgrade: WebSocket
Connection: Upgrade
Sec-WebSocket-Accept: 1uJckJN9PovgsT1WJyTRA7+pHJo=

16:10:07.258 [Forwarding maximizeCurrentWindow on session 01fcac1a5dcacdf016c3c024ee45cb96 to remote] DEBUG org.asynchttpclient.netty.request.NettyRequestSender -- Using pooled Channel '[id: 0x179628ef, L:/127.0.0.1:49381 - R:localhost/127.0.0.1:24340]' for 'POST' to 'http://localhost:24340/session/01fcac1a5dcacdf016c3c024ee45cb96/window/maximize'
16:10:07.258 [Forwarding maximizeCurrentWindow on session 01fcac1a5dcacdf016c3c024ee45cb96 to remote] DEBUG org.asynchttpclient.netty.request.NettyRequestSender -- Using open Channel [id: 0x179628ef, L:/127.0.0.1:49381 - R:localhost/127.0.0.1:24340] for POST '/session/01fcac1a5dcacdf016c3c024ee45cb96/window/maximize'
16:10:07.298 [AsyncHttpClient-1-13] DEBUG org.asynchttpclient.netty.handler.HttpHandler -- 

Request DefaultHttpRequest(decodeResult: success, version: HTTP/1.1)
POST /session/01fcac1a5dcacdf016c3c024ee45cb96/window/maximize HTTP/1.1
User-Agent: selenium/4.12.0 (java windows)
Content-Length: 3
Content-Type: application/json; charset=utf-8
host: localhost:24340
accept: */*

Response DefaultHttpResponse(decodeResult: success, version: HTTP/1.1)
HTTP/1.1 200 OK
Content-Length: 51
Content-Type: application/json; charset=utf-8
cache-control: no-cache

16:10:07.300 [AsyncHttpClient-1-13] DEBUG org.asynchttpclient.netty.channel.ChannelManager -- Adding key: http://localhost:24340 for channel [id: 0x179628ef, L:/127.0.0.1:49381 - R:localhost/127.0.0.1:24340]
16:10:07.301 [Forwarding get on session 01fcac1a5dcacdf016c3c024ee45cb96 to remote] DEBUG org.asynchttpclient.netty.request.NettyRequestSender -- Using pooled Channel '[id: 0x179628ef, L:/127.0.0.1:49381 - R:localhost/127.0.0.1:24340]' for 'POST' to 'http://localhost:24340/session/01fcac1a5dcacdf016c3c024ee45cb96/url'
16:10:07.301 [Forwarding get on session 01fcac1a5dcacdf016c3c024ee45cb96 to remote] DEBUG org.asynchttpclient.netty.request.NettyRequestSender -- Using open Channel [id: 0x179628ef, L:/127.0.0.1:49381 - R:localhost/127.0.0.1:24340] for POST '/session/01fcac1a5dcacdf016c3c024ee45cb96/url'
16:10:08.197 [AsyncHttpClient-1-13] DEBUG org.asynchttpclient.netty.handler.HttpHandler -- 

Request DefaultHttpRequest(decodeResult: success, version: HTTP/1.1)
POST /session/01fcac1a5dcacdf016c3c024ee45cb96/url HTTP/1.1
User-Agent: selenium/4.12.0 (java windows)
Content-Length: 58
Content-Type: application/json; charset=utf-8
host: localhost:24340
accept: */*

Response DefaultHttpResponse(decodeResult: success, version: HTTP/1.1)
HTTP/1.1 200 OK
Content-Length: 14
Content-Type: application/json; charset=utf-8
cache-control: no-cache

16:10:08.197 [AsyncHttpClient-1-13] DEBUG org.asynchttpclient.netty.channel.ChannelManager -- Adding key: http://localhost:24340 for channel [id: 0x179628ef, L:/127.0.0.1:49381 - R:localhost/127.0.0.1:24340]
16:10:08.201 [Forwarding findElement on session 01fcac1a5dcacdf016c3c024ee45cb96 to remote] DEBUG org.asynchttpclient.netty.request.NettyRequestSender -- Using pooled Channel '[id: 0x179628ef, L:/127.0.0.1:49381 - R:localhost/127.0.0.1:24340]' for 'POST' to 'http://localhost:24340/session/01fcac1a5dcacdf016c3c024ee45cb96/element'
16:10:08.201 [Forwarding findElement on session 01fcac1a5dcacdf016c3c024ee45cb96 to remote] DEBUG org.asynchttpclient.netty.request.NettyRequestSender -- Using open Channel [id: 0x179628ef, L:/127.0.0.1:49381 - R:localhost/127.0.0.1:24340] for POST '/session/01fcac1a5dcacdf016c3c024ee45cb96/element'
16:10:08.222 [AsyncHttpClient-1-1] DEBUG org.asynchttpclient.netty.channel.DefaultChannelPool -- Entry count for : http://localhost:49382 : 1
16:10:08.225 [AsyncHttpClient-1-13] DEBUG org.asynchttpclient.netty.handler.HttpHandler -- 

Request DefaultHttpRequest(decodeResult: success, version: HTTP/1.1)
POST /session/01fcac1a5dcacdf016c3c024ee45cb96/element HTTP/1.1
User-Agent: selenium/4.12.0 (java windows)
Content-Length: 49
Content-Type: application/json; charset=utf-8
host: localhost:24340
accept: */*

Response DefaultHttpResponse(decodeResult: success, version: HTTP/1.1)
HTTP/1.1 200 OK
Content-Length: 126
Content-Type: application/json; charset=utf-8
cache-control: no-cache

16:10:08.225 [AsyncHttpClient-1-13] DEBUG org.asynchttpclient.netty.channel.ChannelManager -- Adding key: http://localhost:24340 for channel [id: 0x179628ef, L:/127.0.0.1:49381 - R:localhost/127.0.0.1:24340]
16:10:08.226 [Forwarding clickElement on session 01fcac1a5dcacdf016c3c024ee45cb96 to remote] DEBUG org.asynchttpclient.netty.request.NettyRequestSender -- Using pooled Channel '[id: 0x179628ef, L:/127.0.0.1:49381 - R:localhost/127.0.0.1:24340]' for 'POST' to 'http://localhost:24340/session/01fcac1a5dcacdf016c3c024ee45cb96/element/f.C0A67887F857A226006CAB660574D318.d.8F64D2707A07C5BFD6D9B589D0121BCE.e.12/click'
16:10:08.226 [Forwarding clickElement on session 01fcac1a5dcacdf016c3c024ee45cb96 to remote] DEBUG org.asynchttpclient.netty.request.NettyRequestSender -- Using open Channel [id: 0x179628ef, L:/127.0.0.1:49381 - R:localhost/127.0.0.1:24340] for POST '/session/01fcac1a5dcacdf016c3c024ee45cb96/element/f.C0A67887F857A226006CAB660574D318.d.8F64D2707A07C5BFD6D9B589D0121BCE.e.12/click'
16:10:08.304 [AsyncHttpClient-1-13] DEBUG org.asynchttpclient.netty.handler.HttpHandler -- 

Request DefaultHttpRequest(decodeResult: success, version: HTTP/1.1)
POST /session/01fcac1a5dcacdf016c3c024ee45cb96/element/f.C0A67887F857A226006CAB660574D318.d.8F64D2707A07C5BFD6D9B589D0121BCE.e.12/click HTTP/1.1
User-Agent: selenium/4.12.0 (java windows)
Content-Length: 88
Content-Type: application/json; charset=utf-8
host: localhost:24340
accept: */*

Response DefaultHttpResponse(decodeResult: success, version: HTTP/1.1)
HTTP/1.1 200 OK
Content-Length: 14
Content-Type: application/json; charset=utf-8
cache-control: no-cache

16:10:08.304 [AsyncHttpClient-1-13] DEBUG org.asynchttpclient.netty.channel.ChannelManager -- Adding key: http://localhost:24340 for channel [id: 0x179628ef, L:/127.0.0.1:49381 - R:localhost/127.0.0.1:24340]
16:10:08.305 [Forwarding findElement on session 01fcac1a5dcacdf016c3c024ee45cb96 to remote] DEBUG org.asynchttpclient.netty.request.NettyRequestSender -- Using pooled Channel '[id: 0x179628ef, L:/127.0.0.1:49381 - R:localhost/127.0.0.1:24340]' for 'POST' to 'http://localhost:24340/session/01fcac1a5dcacdf016c3c024ee45cb96/element'
16:10:08.305 [Forwarding findElement on session 01fcac1a5dcacdf016c3c024ee45cb96 to remote] DEBUG org.asynchttpclient.netty.request.NettyRequestSender -- Using open Channel [id: 0x179628ef, L:/127.0.0.1:49381 - R:localhost/127.0.0.1:24340] for POST '/session/01fcac1a5dcacdf016c3c024ee45cb96/element'
16:10:08.322 [AsyncHttpClient-1-13] DEBUG org.asynchttpclient.netty.handler.HttpHandler -- 

Request DefaultHttpRequest(decodeResult: success, version: HTTP/1.1)
POST /session/01fcac1a5dcacdf016c3c024ee45cb96/element HTTP/1.1
User-Agent: selenium/4.12.0 (java windows)
Content-Length: 53
Content-Type: application/json; charset=utf-8
host: localhost:24340
accept: */*

Response DefaultHttpResponse(decodeResult: success, version: HTTP/1.1)
HTTP/1.1 200 OK
Content-Length: 126
Content-Type: application/json; charset=utf-8
cache-control: no-cache

16:10:08.322 [AsyncHttpClient-1-13] DEBUG org.asynchttpclient.netty.channel.ChannelManager -- Adding key: http://localhost:24340 for channel [id: 0x179628ef, L:/127.0.0.1:49381 - R:localhost/127.0.0.1:24340]
16:10:08.323 [Forwarding sendKeysToElement on session 01fcac1a5dcacdf016c3c024ee45cb96 to remote] DEBUG org.asynchttpclient.netty.request.NettyRequestSender -- Using pooled Channel '[id: 0x179628ef, L:/127.0.0.1:49381 - R:localhost/127.0.0.1:24340]' for 'POST' to 'http://localhost:24340/session/01fcac1a5dcacdf016c3c024ee45cb96/element/f.C0A67887F857A226006CAB660574D318.d.8F64D2707A07C5BFD6D9B589D0121BCE.e.19/value'
16:10:08.323 [Forwarding sendKeysToElement on session 01fcac1a5dcacdf016c3c024ee45cb96 to remote] DEBUG org.asynchttpclient.netty.request.NettyRequestSender -- Using open Channel [id: 0x179628ef, L:/127.0.0.1:49381 - R:localhost/127.0.0.1:24340] for POST '/session/01fcac1a5dcacdf016c3c024ee45cb96/element/f.C0A67887F857A226006CAB660574D318.d.8F64D2707A07C5BFD6D9B589D0121BCE.e.19/value'
16:10:08.412 [AsyncHttpClient-1-13] DEBUG org.asynchttpclient.netty.handler.HttpHandler -- 

Request DefaultHttpRequest(decodeResult: success, version: HTTP/1.1)
POST /session/01fcac1a5dcacdf016c3c024ee45cb96/element/f.C0A67887F857A226006CAB660574D318.d.8F64D2707A07C5BFD6D9B589D0121BCE.e.19/value HTTP/1.1
User-Agent: selenium/4.12.0 (java windows)
Content-Length: 229
Content-Type: application/json; charset=utf-8
host: localhost:24340
accept: */*

Response DefaultHttpResponse(decodeResult: success, version: HTTP/1.1)
HTTP/1.1 200 OK
Content-Length: 14
Content-Type: application/json; charset=utf-8
cache-control: no-cache

16:10:08.413 [AsyncHttpClient-1-13] DEBUG org.asynchttpclient.netty.channel.ChannelManager -- Adding key: http://localhost:24340 for channel [id: 0x179628ef, L:/127.0.0.1:49381 - R:localhost/127.0.0.1:24340]
16:10:08.413 [Forwarding findElement on session 01fcac1a5dcacdf016c3c024ee45cb96 to remote] DEBUG org.asynchttpclient.netty.request.NettyRequestSender -- Using pooled Channel '[id: 0x179628ef, L:/127.0.0.1:49381 - R:localhost/127.0.0.1:24340]' for 'POST' to 'http://localhost:24340/session/01fcac1a5dcacdf016c3c024ee45cb96/element'
16:10:08.413 [Forwarding findElement on session 01fcac1a5dcacdf016c3c024ee45cb96 to remote] DEBUG org.asynchttpclient.netty.request.NettyRequestSender -- Using open Channel [id: 0x179628ef, L:/127.0.0.1:49381 - R:localhost/127.0.0.1:24340] for POST '/session/01fcac1a5dcacdf016c3c024ee45cb96/element'
16:10:08.427 [AsyncHttpClient-1-13] DEBUG org.asynchttpclient.netty.handler.HttpHandler -- 

Request DefaultHttpRequest(decodeResult: success, version: HTTP/1.1)
POST /session/01fcac1a5dcacdf016c3c024ee45cb96/element HTTP/1.1
User-Agent: selenium/4.12.0 (java windows)
Content-Length: 54
Content-Type: application/json; charset=utf-8
host: localhost:24340
accept: */*

Response DefaultHttpResponse(decodeResult: success, version: HTTP/1.1)
HTTP/1.1 200 OK
Content-Length: 126
Content-Type: application/json; charset=utf-8
cache-control: no-cache

16:10:08.427 [AsyncHttpClient-1-13] DEBUG org.asynchttpclient.netty.channel.ChannelManager -- Adding key: http://localhost:24340 for channel [id: 0x179628ef, L:/127.0.0.1:49381 - R:localhost/127.0.0.1:24340]
16:10:08.428 [Forwarding sendKeysToElement on session 01fcac1a5dcacdf016c3c024ee45cb96 to remote] DEBUG org.asynchttpclient.netty.request.NettyRequestSender -- Using pooled Channel '[id: 0x179628ef, L:/127.0.0.1:49381 - R:localhost/127.0.0.1:24340]' for 'POST' to 'http://localhost:24340/session/01fcac1a5dcacdf016c3c024ee45cb96/element/f.C0A67887F857A226006CAB660574D318.d.8F64D2707A07C5BFD6D9B589D0121BCE.e.22/value'
16:10:08.428 [Forwarding sendKeysToElement on session 01fcac1a5dcacdf016c3c024ee45cb96 to remote] DEBUG org.asynchttpclient.netty.request.NettyRequestSender -- Using open Channel [id: 0x179628ef, L:/127.0.0.1:49381 - R:localhost/127.0.0.1:24340] for POST '/session/01fcac1a5dcacdf016c3c024ee45cb96/element/f.C0A67887F857A226006CAB660574D318.d.8F64D2707A07C5BFD6D9B589D0121BCE.e.22/value'
16:10:08.479 [AsyncHttpClient-1-13] DEBUG org.asynchttpclient.netty.handler.HttpHandler -- 

Request DefaultHttpRequest(decodeResult: success, version: HTTP/1.1)
POST /session/01fcac1a5dcacdf016c3c024ee45cb96/element/f.C0A67887F857A226006CAB660574D318.d.8F64D2707A07C5BFD6D9B589D0121BCE.e.22/value HTTP/1.1
User-Agent: selenium/4.12.0 (java windows)
Content-Length: 159
Content-Type: application/json; charset=utf-8
host: localhost:24340
accept: */*

Response DefaultHttpResponse(decodeResult: success, version: HTTP/1.1)
HTTP/1.1 200 OK
Content-Length: 14
Content-Type: application/json; charset=utf-8
cache-control: no-cache

16:10:08.479 [AsyncHttpClient-1-13] DEBUG org.asynchttpclient.netty.channel.ChannelManager -- Adding key: http://localhost:24340 for channel [id: 0x179628ef, L:/127.0.0.1:49381 - R:localhost/127.0.0.1:24340]
16:10:08.480 [Forwarding findElement on session 01fcac1a5dcacdf016c3c024ee45cb96 to remote] DEBUG org.asynchttpclient.netty.request.NettyRequestSender -- Using pooled Channel '[id: 0x179628ef, L:/127.0.0.1:49381 - R:localhost/127.0.0.1:24340]' for 'POST' to 'http://localhost:24340/session/01fcac1a5dcacdf016c3c024ee45cb96/element'
16:10:08.481 [Forwarding findElement on session 01fcac1a5dcacdf016c3c024ee45cb96 to remote] DEBUG org.asynchttpclient.netty.request.NettyRequestSender -- Using open Channel [id: 0x179628ef, L:/127.0.0.1:49381 - R:localhost/127.0.0.1:24340] for POST '/session/01fcac1a5dcacdf016c3c024ee45cb96/element'
16:10:08.492 [AsyncHttpClient-1-13] DEBUG org.asynchttpclient.netty.handler.HttpHandler -- 

Request DefaultHttpRequest(decodeResult: success, version: HTTP/1.1)
POST /session/01fcac1a5dcacdf016c3c024ee45cb96/element HTTP/1.1
User-Agent: selenium/4.12.0 (java windows)
Content-Length: 53
Content-Type: application/json; charset=utf-8
host: localhost:24340
accept: */*

Response DefaultHttpResponse(decodeResult: success, version: HTTP/1.1)
HTTP/1.1 200 OK
Content-Length: 126
Content-Type: application/json; charset=utf-8
cache-control: no-cache

16:10:08.492 [AsyncHttpClient-1-13] DEBUG org.asynchttpclient.netty.channel.ChannelManager -- Adding key: http://localhost:24340 for channel [id: 0x179628ef, L:/127.0.0.1:49381 - R:localhost/127.0.0.1:24340]
16:10:08.493 [Forwarding sendKeysToElement on session 01fcac1a5dcacdf016c3c024ee45cb96 to remote] DEBUG org.asynchttpclient.netty.request.NettyRequestSender -- Using pooled Channel '[id: 0x179628ef, L:/127.0.0.1:49381 - R:localhost/127.0.0.1:24340]' for 'POST' to 'http://localhost:24340/session/01fcac1a5dcacdf016c3c024ee45cb96/element/f.C0A67887F857A226006CAB660574D318.d.8F64D2707A07C5BFD6D9B589D0121BCE.e.23/value'
16:10:08.493 [Forwarding sendKeysToElement on session 01fcac1a5dcacdf016c3c024ee45cb96 to remote] DEBUG org.asynchttpclient.netty.request.NettyRequestSender -- Using open Channel [id: 0x179628ef, L:/127.0.0.1:49381 - R:localhost/127.0.0.1:24340] for POST '/session/01fcac1a5dcacdf016c3c024ee45cb96/element/f.C0A67887F857A226006CAB660574D318.d.8F64D2707A07C5BFD6D9B589D0121BCE.e.23/value'
16:10:08.546 [AsyncHttpClient-1-13] DEBUG org.asynchttpclient.netty.handler.HttpHandler -- 

Request DefaultHttpRequest(decodeResult: success, version: HTTP/1.1)
POST /session/01fcac1a5dcacdf016c3c024ee45cb96/element/f.C0A67887F857A226006CAB660574D318.d.8F64D2707A07C5BFD6D9B589D0121BCE.e.23/value HTTP/1.1
User-Agent: selenium/4.12.0 (java windows)
Content-Length: 199
Content-Type: application/json; charset=utf-8
host: localhost:24340
accept: */*

Response DefaultHttpResponse(decodeResult: success, version: HTTP/1.1)
HTTP/1.1 200 OK
Content-Length: 14
Content-Type: application/json; charset=utf-8
cache-control: no-cache

16:10:08.546 [AsyncHttpClient-1-13] DEBUG org.asynchttpclient.netty.channel.ChannelManager -- Adding key: http://localhost:24340 for channel [id: 0x179628ef, L:/127.0.0.1:49381 - R:localhost/127.0.0.1:24340]
16:10:08.547 [Forwarding findElement on session 01fcac1a5dcacdf016c3c024ee45cb96 to remote] DEBUG org.asynchttpclient.netty.request.NettyRequestSender -- Using pooled Channel '[id: 0x179628ef, L:/127.0.0.1:49381 - R:localhost/127.0.0.1:24340]' for 'POST' to 'http://localhost:24340/session/01fcac1a5dcacdf016c3c024ee45cb96/element'
16:10:08.547 [Forwarding findElement on session 01fcac1a5dcacdf016c3c024ee45cb96 to remote] DEBUG org.asynchttpclient.netty.request.NettyRequestSender -- Using open Channel [id: 0x179628ef, L:/127.0.0.1:49381 - R:localhost/127.0.0.1:24340] for POST '/session/01fcac1a5dcacdf016c3c024ee45cb96/element'
16:10:08.558 [AsyncHttpClient-1-13] DEBUG org.asynchttpclient.netty.handler.HttpHandler -- 

Request DefaultHttpRequest(decodeResult: success, version: HTTP/1.1)
POST /session/01fcac1a5dcacdf016c3c024ee45cb96/element HTTP/1.1
User-Agent: selenium/4.12.0 (java windows)
Content-Length: 53
Content-Type: application/json; charset=utf-8
host: localhost:24340
accept: */*

Response DefaultHttpResponse(decodeResult: success, version: HTTP/1.1)
HTTP/1.1 200 OK
Content-Length: 126
Content-Type: application/json; charset=utf-8
cache-control: no-cache

16:10:08.558 [AsyncHttpClient-1-13] DEBUG org.asynchttpclient.netty.channel.ChannelManager -- Adding key: http://localhost:24340 for channel [id: 0x179628ef, L:/127.0.0.1:49381 - R:localhost/127.0.0.1:24340]
16:10:08.558 [Forwarding sendKeysToElement on session 01fcac1a5dcacdf016c3c024ee45cb96 to remote] DEBUG org.asynchttpclient.netty.request.NettyRequestSender -- Using pooled Channel '[id: 0x179628ef, L:/127.0.0.1:49381 - R:localhost/127.0.0.1:24340]' for 'POST' to 'http://localhost:24340/session/01fcac1a5dcacdf016c3c024ee45cb96/element/f.C0A67887F857A226006CAB660574D318.d.8F64D2707A07C5BFD6D9B589D0121BCE.e.13/value'
16:10:08.559 [Forwarding sendKeysToElement on session 01fcac1a5dcacdf016c3c024ee45cb96 to remote] DEBUG org.asynchttpclient.netty.request.NettyRequestSender -- Using open Channel [id: 0x179628ef, L:/127.0.0.1:49381 - R:localhost/127.0.0.1:24340] for POST '/session/01fcac1a5dcacdf016c3c024ee45cb96/element/f.C0A67887F857A226006CAB660574D318.d.8F64D2707A07C5BFD6D9B589D0121BCE.e.13/value'
16:10:08.597 [AsyncHttpClient-1-13] DEBUG org.asynchttpclient.netty.handler.HttpHandler -- 

Request DefaultHttpRequest(decodeResult: success, version: HTTP/1.1)
POST /session/01fcac1a5dcacdf016c3c024ee45cb96/element/f.C0A67887F857A226006CAB660574D318.d.8F64D2707A07C5BFD6D9B589D0121BCE.e.13/value HTTP/1.1
User-Agent: selenium/4.12.0 (java windows)
Content-Length: 149
Content-Type: application/json; charset=utf-8
host: localhost:24340
accept: */*

Response DefaultHttpResponse(decodeResult: success, version: HTTP/1.1)
HTTP/1.1 200 OK
Content-Length: 14
Content-Type: application/json; charset=utf-8
cache-control: no-cache

16:10:08.597 [AsyncHttpClient-1-13] DEBUG org.asynchttpclient.netty.channel.ChannelManager -- Adding key: http://localhost:24340 for channel [id: 0x179628ef, L:/127.0.0.1:49381 - R:localhost/127.0.0.1:24340]
16:10:08.598 [Forwarding findElement on session 01fcac1a5dcacdf016c3c024ee45cb96 to remote] DEBUG org.asynchttpclient.netty.request.NettyRequestSender -- Using pooled Channel '[id: 0x179628ef, L:/127.0.0.1:49381 - R:localhost/127.0.0.1:24340]' for 'POST' to 'http://localhost:24340/session/01fcac1a5dcacdf016c3c024ee45cb96/element'
16:10:08.598 [Forwarding findElement on session 01fcac1a5dcacdf016c3c024ee45cb96 to remote] DEBUG org.asynchttpclient.netty.request.NettyRequestSender -- Using open Channel [id: 0x179628ef, L:/127.0.0.1:49381 - R:localhost/127.0.0.1:24340] for POST '/session/01fcac1a5dcacdf016c3c024ee45cb96/element'
16:10:08.609 [AsyncHttpClient-1-13] DEBUG org.asynchttpclient.netty.handler.HttpHandler -- 

Request DefaultHttpRequest(decodeResult: success, version: HTTP/1.1)
POST /session/01fcac1a5dcacdf016c3c024ee45cb96/element HTTP/1.1
User-Agent: selenium/4.12.0 (java windows)
Content-Length: 60
Content-Type: application/json; charset=utf-8
host: localhost:24340
accept: */*

Response DefaultHttpResponse(decodeResult: success, version: HTTP/1.1)
HTTP/1.1 200 OK
Content-Length: 126
Content-Type: application/json; charset=utf-8
cache-control: no-cache

16:10:08.609 [AsyncHttpClient-1-13] DEBUG org.asynchttpclient.netty.channel.ChannelManager -- Adding key: http://localhost:24340 for channel [id: 0x179628ef, L:/127.0.0.1:49381 - R:localhost/127.0.0.1:24340]
16:10:08.610 [Forwarding sendKeysToElement on session 01fcac1a5dcacdf016c3c024ee45cb96 to remote] DEBUG org.asynchttpclient.netty.request.NettyRequestSender -- Using pooled Channel '[id: 0x179628ef, L:/127.0.0.1:49381 - R:localhost/127.0.0.1:24340]' for 'POST' to 'http://localhost:24340/session/01fcac1a5dcacdf016c3c024ee45cb96/element/f.C0A67887F857A226006CAB660574D318.d.8F64D2707A07C5BFD6D9B589D0121BCE.e.14/value'
16:10:08.610 [Forwarding sendKeysToElement on session 01fcac1a5dcacdf016c3c024ee45cb96 to remote] DEBUG org.asynchttpclient.netty.request.NettyRequestSender -- Using open Channel [id: 0x179628ef, L:/127.0.0.1:49381 - R:localhost/127.0.0.1:24340] for POST '/session/01fcac1a5dcacdf016c3c024ee45cb96/element/f.C0A67887F857A226006CAB660574D318.d.8F64D2707A07C5BFD6D9B589D0121BCE.e.14/value'
16:10:08.658 [AsyncHttpClient-1-13] DEBUG org.asynchttpclient.netty.handler.HttpHandler -- 

Request DefaultHttpRequest(decodeResult: success, version: HTTP/1.1)
POST /session/01fcac1a5dcacdf016c3c024ee45cb96/element/f.C0A67887F857A226006CAB660574D318.d.8F64D2707A07C5BFD6D9B589D0121BCE.e.14/value HTTP/1.1
User-Agent: selenium/4.12.0 (java windows)
Content-Length: 149
Content-Type: application/json; charset=utf-8
host: localhost:24340
accept: */*

Response DefaultHttpResponse(decodeResult: success, version: HTTP/1.1)
HTTP/1.1 200 OK
Content-Length: 14
Content-Type: application/json; charset=utf-8
cache-control: no-cache

16:10:08.658 [AsyncHttpClient-1-13] DEBUG org.asynchttpclient.netty.channel.ChannelManager -- Adding key: http://localhost:24340 for channel [id: 0x179628ef, L:/127.0.0.1:49381 - R:localhost/127.0.0.1:24340]
16:10:08.659 [Forwarding findElement on session 01fcac1a5dcacdf016c3c024ee45cb96 to remote] DEBUG org.asynchttpclient.netty.request.NettyRequestSender -- Using pooled Channel '[id: 0x179628ef, L:/127.0.0.1:49381 - R:localhost/127.0.0.1:24340]' for 'POST' to 'http://localhost:24340/session/01fcac1a5dcacdf016c3c024ee45cb96/element'
16:10:08.659 [Forwarding findElement on session 01fcac1a5dcacdf016c3c024ee45cb96 to remote] DEBUG org.asynchttpclient.netty.request.NettyRequestSender -- Using open Channel [id: 0x179628ef, L:/127.0.0.1:49381 - R:localhost/127.0.0.1:24340] for POST '/session/01fcac1a5dcacdf016c3c024ee45cb96/element'
16:10:08.672 [AsyncHttpClient-1-13] DEBUG org.asynchttpclient.netty.handler.HttpHandler -- 

Request DefaultHttpRequest(decodeResult: success, version: HTTP/1.1)
POST /session/01fcac1a5dcacdf016c3c024ee45cb96/element HTTP/1.1
User-Agent: selenium/4.12.0 (java windows)
Content-Length: 65
Content-Type: application/json; charset=utf-8
host: localhost:24340
accept: */*

Response DefaultHttpResponse(decodeResult: success, version: HTTP/1.1)
HTTP/1.1 200 OK
Content-Length: 125
Content-Type: application/json; charset=utf-8
cache-control: no-cache

16:10:08.672 [AsyncHttpClient-1-13] DEBUG org.asynchttpclient.netty.channel.ChannelManager -- Adding key: http://localhost:24340 for channel [id: 0x179628ef, L:/127.0.0.1:49381 - R:localhost/127.0.0.1:24340]
16:10:08.674 [Forwarding clickElement on session 01fcac1a5dcacdf016c3c024ee45cb96 to remote] DEBUG org.asynchttpclient.netty.request.NettyRequestSender -- Using pooled Channel '[id: 0x179628ef, L:/127.0.0.1:49381 - R:localhost/127.0.0.1:24340]' for 'POST' to 'http://localhost:24340/session/01fcac1a5dcacdf016c3c024ee45cb96/element/f.C0A67887F857A226006CAB660574D318.d.8F64D2707A07C5BFD6D9B589D0121BCE.e.8/click'
16:10:08.674 [Forwarding clickElement on session 01fcac1a5dcacdf016c3c024ee45cb96 to remote] DEBUG org.asynchttpclient.netty.request.NettyRequestSender -- Using open Channel [id: 0x179628ef, L:/127.0.0.1:49381 - R:localhost/127.0.0.1:24340] for POST '/session/01fcac1a5dcacdf016c3c024ee45cb96/element/f.C0A67887F857A226006CAB660574D318.d.8F64D2707A07C5BFD6D9B589D0121BCE.e.8/click'
16:10:08.750 [AsyncHttpClient-1-13] DEBUG org.asynchttpclient.netty.handler.HttpHandler -- 

Request DefaultHttpRequest(decodeResult: success, version: HTTP/1.1)
POST /session/01fcac1a5dcacdf016c3c024ee45cb96/element/f.C0A67887F857A226006CAB660574D318.d.8F64D2707A07C5BFD6D9B589D0121BCE.e.8/click HTTP/1.1
User-Agent: selenium/4.12.0 (java windows)
Content-Length: 87
Content-Type: application/json; charset=utf-8
host: localhost:24340
accept: */*

Response DefaultHttpResponse(decodeResult: success, version: HTTP/1.1)
HTTP/1.1 200 OK
Content-Length: 14
Content-Type: application/json; charset=utf-8
cache-control: no-cache

16:10:08.750 [AsyncHttpClient-1-13] DEBUG org.asynchttpclient.netty.channel.ChannelManager -- Adding key: http://localhost:24340 for channel [id: 0x179628ef, L:/127.0.0.1:49381 - R:localhost/127.0.0.1:24340]
16:10:08.751 [Forwarding getPageSource on session 01fcac1a5dcacdf016c3c024ee45cb96 to remote] DEBUG org.asynchttpclient.netty.request.NettyRequestSender -- Using pooled Channel '[id: 0x179628ef, L:/127.0.0.1:49381 - R:localhost/127.0.0.1:24340]' for 'POST' to 'http://localhost:24340/session/01fcac1a5dcacdf016c3c024ee45cb96/execute/sync'
16:10:08.751 [Forwarding getPageSource on session 01fcac1a5dcacdf016c3c024ee45cb96 to remote] DEBUG org.asynchttpclient.netty.request.NettyRequestSender -- Using open Channel [id: 0x179628ef, L:/127.0.0.1:49381 - R:localhost/127.0.0.1:24340] for POST '/session/01fcac1a5dcacdf016c3c024ee45cb96/execute/sync'
16:10:08.761 [AsyncHttpClient-1-13] DEBUG org.asynchttpclient.netty.handler.HttpHandler -- 

Request DefaultHttpRequest(decodeResult: success, version: HTTP/1.1)
POST /session/01fcac1a5dcacdf016c3c024ee45cb96/execute/sync HTTP/1.1
User-Agent: selenium/4.12.0 (java windows)
Content-Length: 176
Content-Type: application/json; charset=utf-8
host: localhost:24340
accept: */*

Response DefaultHttpResponse(decodeResult: success, version: HTTP/1.1)
HTTP/1.1 200 OK
Content-Length: 7571
Content-Type: application/json; charset=utf-8
cache-control: no-cache

16:10:08.762 [AsyncHttpClient-1-13] DEBUG org.asynchttpclient.netty.channel.ChannelManager -- Adding key: http://localhost:24340 for channel [id: 0x179628ef, L:/127.0.0.1:49381 - R:localhost/127.0.0.1:24340]
]]></system-out>
    <system-err><![CDATA[Jan 02, 2025 4:10:07 PM org.openqa.selenium.devtools.CdpVersionFinder findNearestMatch
WARNING: Unable to find CDP implementation matching 131
Jan 02, 2025 4:10:07 PM org.openqa.selenium.chromium.ChromiumDriver lambda$new$5
WARNING: Unable to find version of CDP to use for 131.0.6778.205. You may need to include a dependency on a specific version of the CDP using something similar to `org.seleniumhq.selenium:selenium-devtools-v86:4.12.0` where the version ("v86") matches the version of the chromium-based browser you're using and the version number of the artifact is the same as Selenium's.
]]></system-err>
  </testcase>
</testsuite>