<?xml version="1.0" encoding="UTF-8"?>
<testsuite xmlns:xsi="http://www.w3.org/2001/XMLSchema-instance" xsi:noNamespaceSchemaLocation="https://maven.apache.org/surefire/maven-surefire-plugin/xsd/surefire-test-report-3.0.xsd" version="3.0" name="TestSuite" time="57.183" tests="33" errors="0" skipped="0" failures="21">
  <properties>
    <property name="java.specification.version" value="17"/>
    <property name="webdriver.chrome.driver" value="C:\Users\sasitharan\.cache\selenium\chromedriver\win64\131.0.6778.204\chromedriver.exe"/>
    <property name="sun.cpu.isalist" value="amd64"/>
    <property name="sun.jnu.encoding" value="Cp1252"/>
    <property name="java.class.path" value="H:\Group_01_GitRepository\target\test-classes;H:\Group_01_GitRepository\target\classes;C:\Users\sasitharan\.m2\repository\io\rest-assured\rest-assured\5.4.0\rest-assured-5.4.0.jar;C:\Users\sasitharan\.m2\repository\org\apache\groovy\groovy\4.0.16\groovy-4.0.16.jar;C:\Users\sasitharan\.m2\repository\org\apache\groovy\groovy-xml\4.0.16\groovy-xml-4.0.16.jar;C:\Users\sasitharan\.m2\repository\org\apache\httpcomponents\httpclient\4.5.13\httpclient-4.5.13.jar;C:\Users\sasitharan\.m2\repository\org\apache\httpcomponents\httpcore\4.4.13\httpcore-4.4.13.jar;C:\Users\sasitharan\.m2\repository\commons-logging\commons-logging\1.2\commons-logging-1.2.jar;C:\Users\sasitharan\.m2\repository\commons-codec\commons-codec\1.11\commons-codec-1.11.jar;C:\Users\sasitharan\.m2\repository\org\apache\httpcomponents\httpmime\4.5.13\httpmime-4.5.13.jar;C:\Users\sasitharan\.m2\repository\org\hamcrest\hamcrest\2.2\hamcrest-2.2.jar;C:\Users\sasitharan\.m2\repository\org\ccil\cowan\tagsoup\tagsoup\1.2.1\tagsoup-1.2.1.jar;C:\Users\sasitharan\.m2\repository\io\rest-assured\json-path\5.4.0\json-path-5.4.0.jar;C:\Users\sasitharan\.m2\repository\org\apache\groovy\groovy-json\4.0.16\groovy-json-4.0.16.jar;C:\Users\sasitharan\.m2\repository\io\rest-assured\rest-assured-common\5.4.0\rest-assured-common-5.4.0.jar;C:\Users\sasitharan\.m2\repository\io\rest-assured\xml-path\5.4.0\xml-path-5.4.0.jar;C:\Users\sasitharan\.m2\repository\ch\qos\logback\logback-classic\1.4.11\logback-classic-1.4.11.jar;C:\Users\sasitharan\.m2\repository\ch\qos\logback\logback-core\1.4.11\logback-core-1.4.11.jar;C:\Users\sasitharan\.m2\repository\org\slf4j\slf4j-api\2.0.7\slf4j-api-2.0.7.jar;C:\Users\sasitharan\.m2\repository\org\testng\testng\7.7.0\testng-7.7.0.jar;C:\Users\sasitharan\.m2\repository\com\beust\jcommander\1.82\jcommander-1.82.jar;C:\Users\sasitharan\.m2\repository\org\webjars\jquery\3.6.1\jquery-3.6.1.jar;C:\Users\sasitharan\.m2\repository\com\fasterxml\jackson\core\jackson-databind\2.15.2\jackson-databind-2.15.2.jar;C:\Users\sasitharan\.m2\repository\com\fasterxml\jackson\core\jackson-annotations\2.15.2\jackson-annotations-2.15.2.jar;C:\Users\sasitharan\.m2\repository\com\fasterxml\jackson\core\jackson-core\2.15.2\jackson-core-2.15.2.jar;C:\Users\sasitharan\.m2\repository\org\apache\logging\log4j\log4j-api\2.14.1\log4j-api-2.14.1.jar;C:\Users\sasitharan\.m2\repository\org\apache\httpcomponents\client5\httpclient5\5.2.1\httpclient5-5.2.1.jar;C:\Users\sasitharan\.m2\repository\org\apache\httpcomponents\core5\httpcore5\5.2\httpcore5-5.2.jar;C:\Users\sasitharan\.m2\repository\org\apache\httpcomponents\core5\httpcore5-h2\5.2\httpcore5-h2-5.2.jar;C:\Users\sasitharan\.m2\repository\org\seleniumhq\selenium\selenium-java\4.12.0\selenium-java-4.12.0.jar;C:\Users\sasitharan\.m2\repository\org\seleniumhq\selenium\selenium-api\4.12.0\selenium-api-4.12.0.jar;C:\Users\sasitharan\.m2\repository\org\seleniumhq\selenium\selenium-chrome-driver\4.12.0\selenium-chrome-driver-4.12.0.jar;C:\Users\sasitharan\.m2\repository\com\google\auto\service\auto-service-annotations\1.1.1\auto-service-annotations-1.1.1.jar;C:\Users\sasitharan\.m2\repository\com\google\guava\guava\32.1.2-jre\guava-32.1.2-jre.jar;C:\Users\sasitharan\.m2\repository\com\google\guava\failureaccess\1.0.1\failureaccess-1.0.1.jar;C:\Users\sasitharan\.m2\repository\com\google\guava\listenablefuture\9999.0-empty-to-avoid-conflict-with-guava\listenablefuture-9999.0-empty-to-avoid-conflict-with-guava.jar;C:\Users\sasitharan\.m2\repository\com\google\code\findbugs\jsr305\3.0.2\jsr305-3.0.2.jar;C:\Users\sasitharan\.m2\repository\org\checkerframework\checker-qual\3.33.0\checker-qual-3.33.0.jar;C:\Users\sasitharan\.m2\repository\com\google\errorprone\error_prone_annotations\2.18.0\error_prone_annotations-2.18.0.jar;C:\Users\sasitharan\.m2\repository\com\google\j2objc\j2objc-annotations\2.8\j2objc-annotations-2.8.jar;C:\Users\sasitharan\.m2\repository\org\seleniumhq\selenium\selenium-chromium-driver\4.12.0\selenium-chromium-driver-4.12.0.jar;C:\Users\sasitharan\.m2\repository\org\seleniumhq\selenium\selenium-json\4.12.0\selenium-json-4.12.0.jar;C:\Users\sasitharan\.m2\repository\org\seleniumhq\selenium\selenium-manager\4.12.0\selenium-manager-4.12.0.jar;C:\Users\sasitharan\.m2\repository\org\seleniumhq\selenium\selenium-devtools-v114\4.12.0\selenium-devtools-v114-4.12.0.jar;C:\Users\sasitharan\.m2\repository\org\seleniumhq\selenium\selenium-devtools-v115\4.12.0\selenium-devtools-v115-4.12.0.jar;C:\Users\sasitharan\.m2\repository\org\seleniumhq\selenium\selenium-devtools-v116\4.12.0\selenium-devtools-v116-4.12.0.jar;C:\Users\sasitharan\.m2\repository\org\seleniumhq\selenium\selenium-devtools-v85\4.12.0\selenium-devtools-v85-4.12.0.jar;C:\Users\sasitharan\.m2\repository\org\seleniumhq\selenium\selenium-edge-driver\4.12.0\selenium-edge-driver-4.12.0.jar;C:\Users\sasitharan\.m2\repository\org\seleniumhq\selenium\selenium-firefox-driver\4.12.0\selenium-firefox-driver-4.12.0.jar;C:\Users\sasitharan\.m2\repository\org\seleniumhq\selenium\selenium-http\4.12.0\selenium-http-4.12.0.jar;C:\Users\sasitharan\.m2\repository\dev\failsafe\failsafe\3.3.2\failsafe-3.3.2.jar;C:\Users\sasitharan\.m2\repository\org\seleniumhq\selenium\selenium-ie-driver\4.12.0\selenium-ie-driver-4.12.0.jar;C:\Users\sasitharan\.m2\repository\org\seleniumhq\selenium\selenium-remote-driver\4.12.0\selenium-remote-driver-4.12.0.jar;C:\Users\sasitharan\.m2\repository\io\netty\netty-buffer\4.1.96.Final\netty-buffer-4.1.96.Final.jar;C:\Users\sasitharan\.m2\repository\io\netty\netty-codec-http\4.1.96.Final\netty-codec-http-4.1.96.Final.jar;C:\Users\sasitharan\.m2\repository\io\netty\netty-codec\4.1.96.Final\netty-codec-4.1.96.Final.jar;C:\Users\sasitharan\.m2\repository\io\netty\netty-handler\4.1.96.Final\netty-handler-4.1.96.Final.jar;C:\Users\sasitharan\.m2\repository\io\netty\netty-common\4.1.96.Final\netty-common-4.1.96.Final.jar;C:\Users\sasitharan\.m2\repository\io\netty\netty-transport-classes-epoll\4.1.96.Final\netty-transport-classes-epoll-4.1.96.Final.jar;C:\Users\sasitharan\.m2\repository\io\netty\netty-transport-classes-kqueue\4.1.96.Final\netty-transport-classes-kqueue-4.1.96.Final.jar;C:\Users\sasitharan\.m2\repository\io\netty\netty-transport-native-epoll\4.1.96.Final\netty-transport-native-epoll-4.1.96.Final.jar;C:\Users\sasitharan\.m2\repository\io\netty\netty-transport-native-kqueue\4.1.96.Final\netty-transport-native-kqueue-4.1.96.Final.jar;C:\Users\sasitharan\.m2\repository\io\netty\netty-transport-native-unix-common\4.1.96.Final\netty-transport-native-unix-common-4.1.96.Final.jar;C:\Users\sasitharan\.m2\repository\io\netty\netty-transport\4.1.96.Final\netty-transport-4.1.96.Final.jar;C:\Users\sasitharan\.m2\repository\io\netty\netty-resolver\4.1.96.Final\netty-resolver-4.1.96.Final.jar;C:\Users\sasitharan\.m2\repository\io\opentelemetry\opentelemetry-api\1.28.0\opentelemetry-api-1.28.0.jar;C:\Users\sasitharan\.m2\repository\io\opentelemetry\opentelemetry-context\1.28.0\opentelemetry-context-1.28.0.jar;C:\Users\sasitharan\.m2\repository\io\opentelemetry\opentelemetry-exporter-logging\1.28.0\opentelemetry-exporter-logging-1.28.0.jar;C:\Users\sasitharan\.m2\repository\io\opentelemetry\opentelemetry-sdk-metrics\1.28.0\opentelemetry-sdk-metrics-1.28.0.jar;C:\Users\sasitharan\.m2\repository\io\opentelemetry\opentelemetry-extension-incubator\1.28.0-alpha\opentelemetry-extension-incubator-1.28.0-alpha.jar;C:\Users\sasitharan\.m2\repository\io\opentelemetry\opentelemetry-sdk-logs\1.28.0\opentelemetry-sdk-logs-1.28.0.jar;C:\Users\sasitharan\.m2\repository\io\opentelemetry\opentelemetry-sdk-common\1.28.0\opentelemetry-sdk-common-1.28.0.jar;C:\Users\sasitharan\.m2\repository\io\opentelemetry\opentelemetry-sdk-extension-autoconfigure-spi\1.28.0\opentelemetry-sdk-extension-autoconfigure-spi-1.28.0.jar;C:\Users\sasitharan\.m2\repository\io\opentelemetry\opentelemetry-sdk-extension-autoconfigure\1.28.0\opentelemetry-sdk-extension-autoconfigure-1.28.0.jar;C:\Users\sasitharan\.m2\repository\io\opentelemetry\opentelemetry-api-events\1.28.0-alpha\opentelemetry-api-events-1.28.0-alpha.jar;C:\Users\sasitharan\.m2\repository\io\opentelemetry\opentelemetry-sdk-trace\1.28.0\opentelemetry-sdk-trace-1.28.0.jar;C:\Users\sasitharan\.m2\repository\io\opentelemetry\opentelemetry-sdk\1.28.0\opentelemetry-sdk-1.28.0.jar;C:\Users\sasitharan\.m2\repository\io\opentelemetry\opentelemetry-semconv\1.28.0-alpha\opentelemetry-semconv-1.28.0-alpha.jar;C:\Users\sasitharan\.m2\repository\net\bytebuddy\byte-buddy\1.14.5\byte-buddy-1.14.5.jar;C:\Users\sasitharan\.m2\repository\org\asynchttpclient\async-http-client\2.12.3\async-http-client-2.12.3.jar;C:\Users\sasitharan\.m2\repository\org\asynchttpclient\async-http-client-netty-utils\2.12.3\async-http-client-netty-utils-2.12.3.jar;C:\Users\sasitharan\.m2\repository\io\netty\netty-codec-socks\4.1.60.Final\netty-codec-socks-4.1.60.Final.jar;C:\Users\sasitharan\.m2\repository\io\netty\netty-handler-proxy\4.1.60.Final\netty-handler-proxy-4.1.60.Final.jar;C:\Users\sasitharan\.m2\repository\io\netty\netty-transport-native-epoll\4.1.60.Final\netty-transport-native-epoll-4.1.60.Final-linux-x86_64.jar;C:\Users\sasitharan\.m2\repository\io\netty\netty-transport-native-kqueue\4.1.60.Final\netty-transport-native-kqueue-4.1.60.Final-osx-x86_64.jar;C:\Users\sasitharan\.m2\repository\org\reactivestreams\reactive-streams\1.0.3\reactive-streams-1.0.3.jar;C:\Users\sasitharan\.m2\repository\com\typesafe\netty\netty-reactive-streams\2.0.4\netty-reactive-streams-2.0.4.jar;C:\Users\sasitharan\.m2\repository\com\sun\activation\jakarta.activation\1.2.2\jakarta.activation-1.2.2.jar;C:\Users\sasitharan\.m2\repository\org\seleniumhq\selenium\selenium-os\4.12.0\selenium-os-4.12.0.jar;C:\Users\sasitharan\.m2\repository\org\apache\commons\commons-exec\1.3\commons-exec-1.3.jar;C:\Users\sasitharan\.m2\repository\org\seleniumhq\selenium\selenium-safari-driver\4.12.0\selenium-safari-driver-4.12.0.jar;C:\Users\sasitharan\.m2\repository\org\seleniumhq\selenium\selenium-support\4.12.0\selenium-support-4.12.0.jar;C:\Users\sasitharan\.m2\repository\io\github\bonigarcia\webdrivermanager\5.5.3\webdrivermanager-5.5.3.jar;C:\Users\sasitharan\.m2\repository\com\google\code\gson\gson\2.10.1\gson-2.10.1.jar;C:\Users\sasitharan\.m2\repository\com\github\docker-java\docker-java\3.3.3\docker-java-3.3.3.jar;C:\Users\sasitharan\.m2\repository\com\github\docker-java\docker-java-core\3.3.3\docker-java-core-3.3.3.jar;C:\Users\sasitharan\.m2\repository\com\github\docker-java\docker-java-api\3.3.3\docker-java-api-3.3.3.jar;C:\Users\sasitharan\.m2\repository\commons-io\commons-io\2.6\commons-io-2.6.jar;C:\Users\sasitharan\.m2\repository\org\apache\commons\commons-compress\1.21\commons-compress-1.21.jar;C:\Users\sasitharan\.m2\repository\org\bouncycastle\bcpkix-jdk18on\1.75\bcpkix-jdk18on-1.75.jar;C:\Users\sasitharan\.m2\repository\org\bouncycastle\bcprov-jdk18on\1.75\bcprov-jdk18on-1.75.jar;C:\Users\sasitharan\.m2\repository\org\bouncycastle\bcutil-jdk18on\1.75\bcutil-jdk18on-1.75.jar;C:\Users\sasitharan\.m2\repository\org\slf4j\jcl-over-slf4j\1.7.30\jcl-over-slf4j-1.7.30.jar;C:\Users\sasitharan\.m2\repository\com\github\docker-java\docker-java-transport-httpclient5\3.3.3\docker-java-transport-httpclient5-3.3.3.jar;C:\Users\sasitharan\.m2\repository\com\github\docker-java\docker-java-transport\3.3.3\docker-java-transport-3.3.3.jar;C:\Users\sasitharan\.m2\repository\net\java\dev\jna\jna\5.12.1\jna-5.12.1.jar;C:\Users\sasitharan\.m2\repository\org\brotli\dec\0.1.2\dec-0.1.2.jar;C:\Users\sasitharan\.m2\repository\org\apache\commons\commons-lang3\3.13.0\commons-lang3-3.13.0.jar;C:\Users\sasitharan\.m2\repository\io\qameta\allure\allure-testng\2.29.1\allure-testng-2.29.1.jar;C:\Users\sasitharan\.m2\repository\io\qameta\allure\allure-java-commons\2.29.1\allure-java-commons-2.29.1.jar;C:\Users\sasitharan\.m2\repository\io\qameta\allure\allure-model\2.29.1\allure-model-2.29.1.jar;C:\Users\sasitharan\.m2\repository\io\qameta\allure\allure-test-filter\2.29.1\allure-test-filter-2.29.1.jar;"/>
    <property name="java.vm.vendor" value="Oracle Corporation"/>
    <property name="sun.arch.data.model" value="64"/>
    <property name="user.variant" value=""/>
    <property name="java.vendor.url" value="https://java.oracle.com/"/>
    <property name="user.timezone" value="Asia/Colombo"/>
    <property name="os.name" value="Windows 11"/>
    <property name="java.vm.specification.version" value="17"/>
    <property name="sun.java.launcher" value="SUN_STANDARD"/>
    <property name="user.country" value="US"/>
    <property name="sun.boot.library.path" value="C:\Program Files\Java\jdk-17\bin"/>
    <property name="sun.java.command" value="C:\Users\sasitharan\AppData\Local\Temp\surefire3208000946740051862\surefirebooter-20250103073035704_3.jar C:\Users\sasitharan\AppData\Local\Temp\surefire3208000946740051862 2025-01-03T07-30-35_310-jvmRun1 surefire-20250103073035704_1tmp surefire_0-20250103073035704_2tmp"/>
    <property name="jdk.debug" value="release"/>
    <property name="surefire.test.class.path" value="H:\Group_01_GitRepository\target\test-classes;H:\Group_01_GitRepository\target\classes;C:\Users\sasitharan\.m2\repository\io\rest-assured\rest-assured\5.4.0\rest-assured-5.4.0.jar;C:\Users\sasitharan\.m2\repository\org\apache\groovy\groovy\4.0.16\groovy-4.0.16.jar;C:\Users\sasitharan\.m2\repository\org\apache\groovy\groovy-xml\4.0.16\groovy-xml-4.0.16.jar;C:\Users\sasitharan\.m2\repository\org\apache\httpcomponents\httpclient\4.5.13\httpclient-4.5.13.jar;C:\Users\sasitharan\.m2\repository\org\apache\httpcomponents\httpcore\4.4.13\httpcore-4.4.13.jar;C:\Users\sasitharan\.m2\repository\commons-logging\commons-logging\1.2\commons-logging-1.2.jar;C:\Users\sasitharan\.m2\repository\commons-codec\commons-codec\1.11\commons-codec-1.11.jar;C:\Users\sasitharan\.m2\repository\org\apache\httpcomponents\httpmime\4.5.13\httpmime-4.5.13.jar;C:\Users\sasitharan\.m2\repository\org\hamcrest\hamcrest\2.2\hamcrest-2.2.jar;C:\Users\sasitharan\.m2\repository\org\ccil\cowan\tagsoup\tagsoup\1.2.1\tagsoup-1.2.1.jar;C:\Users\sasitharan\.m2\repository\io\rest-assured\json-path\5.4.0\json-path-5.4.0.jar;C:\Users\sasitharan\.m2\repository\org\apache\groovy\groovy-json\4.0.16\groovy-json-4.0.16.jar;C:\Users\sasitharan\.m2\repository\io\rest-assured\rest-assured-common\5.4.0\rest-assured-common-5.4.0.jar;C:\Users\sasitharan\.m2\repository\io\rest-assured\xml-path\5.4.0\xml-path-5.4.0.jar;C:\Users\sasitharan\.m2\repository\ch\qos\logback\logback-classic\1.4.11\logback-classic-1.4.11.jar;C:\Users\sasitharan\.m2\repository\ch\qos\logback\logback-core\1.4.11\logback-core-1.4.11.jar;C:\Users\sasitharan\.m2\repository\org\slf4j\slf4j-api\2.0.7\slf4j-api-2.0.7.jar;C:\Users\sasitharan\.m2\repository\org\testng\testng\7.7.0\testng-7.7.0.jar;C:\Users\sasitharan\.m2\repository\com\beust\jcommander\1.82\jcommander-1.82.jar;C:\Users\sasitharan\.m2\repository\org\webjars\jquery\3.6.1\jquery-3.6.1.jar;C:\Users\sasitharan\.m2\repository\com\fasterxml\jackson\core\jackson-databind\2.15.2\jackson-databind-2.15.2.jar;C:\Users\sasitharan\.m2\repository\com\fasterxml\jackson\core\jackson-annotations\2.15.2\jackson-annotations-2.15.2.jar;C:\Users\sasitharan\.m2\repository\com\fasterxml\jackson\core\jackson-core\2.15.2\jackson-core-2.15.2.jar;C:\Users\sasitharan\.m2\repository\org\apache\logging\log4j\log4j-api\2.14.1\log4j-api-2.14.1.jar;C:\Users\sasitharan\.m2\repository\org\apache\httpcomponents\client5\httpclient5\5.2.1\httpclient5-5.2.1.jar;C:\Users\sasitharan\.m2\repository\org\apache\httpcomponents\core5\httpcore5\5.2\httpcore5-5.2.jar;C:\Users\sasitharan\.m2\repository\org\apache\httpcomponents\core5\httpcore5-h2\5.2\httpcore5-h2-5.2.jar;C:\Users\sasitharan\.m2\repository\org\seleniumhq\selenium\selenium-java\4.12.0\selenium-java-4.12.0.jar;C:\Users\sasitharan\.m2\repository\org\seleniumhq\selenium\selenium-api\4.12.0\selenium-api-4.12.0.jar;C:\Users\sasitharan\.m2\repository\org\seleniumhq\selenium\selenium-chrome-driver\4.12.0\selenium-chrome-driver-4.12.0.jar;C:\Users\sasitharan\.m2\repository\com\google\auto\service\auto-service-annotations\1.1.1\auto-service-annotations-1.1.1.jar;C:\Users\sasitharan\.m2\repository\com\google\guava\guava\32.1.2-jre\guava-32.1.2-jre.jar;C:\Users\sasitharan\.m2\repository\com\google\guava\failureaccess\1.0.1\failureaccess-1.0.1.jar;C:\Users\sasitharan\.m2\repository\com\google\guava\listenablefuture\9999.0-empty-to-avoid-conflict-with-guava\listenablefuture-9999.0-empty-to-avoid-conflict-with-guava.jar;C:\Users\sasitharan\.m2\repository\com\google\code\findbugs\jsr305\3.0.2\jsr305-3.0.2.jar;C:\Users\sasitharan\.m2\repository\org\checkerframework\checker-qual\3.33.0\checker-qual-3.33.0.jar;C:\Users\sasitharan\.m2\repository\com\google\errorprone\error_prone_annotations\2.18.0\error_prone_annotations-2.18.0.jar;C:\Users\sasitharan\.m2\repository\com\google\j2objc\j2objc-annotations\2.8\j2objc-annotations-2.8.jar;C:\Users\sasitharan\.m2\repository\org\seleniumhq\selenium\selenium-chromium-driver\4.12.0\selenium-chromium-driver-4.12.0.jar;C:\Users\sasitharan\.m2\repository\org\seleniumhq\selenium\selenium-json\4.12.0\selenium-json-4.12.0.jar;C:\Users\sasitharan\.m2\repository\org\seleniumhq\selenium\selenium-manager\4.12.0\selenium-manager-4.12.0.jar;C:\Users\sasitharan\.m2\repository\org\seleniumhq\selenium\selenium-devtools-v114\4.12.0\selenium-devtools-v114-4.12.0.jar;C:\Users\sasitharan\.m2\repository\org\seleniumhq\selenium\selenium-devtools-v115\4.12.0\selenium-devtools-v115-4.12.0.jar;C:\Users\sasitharan\.m2\repository\org\seleniumhq\selenium\selenium-devtools-v116\4.12.0\selenium-devtools-v116-4.12.0.jar;C:\Users\sasitharan\.m2\repository\org\seleniumhq\selenium\selenium-devtools-v85\4.12.0\selenium-devtools-v85-4.12.0.jar;C:\Users\sasitharan\.m2\repository\org\seleniumhq\selenium\selenium-edge-driver\4.12.0\selenium-edge-driver-4.12.0.jar;C:\Users\sasitharan\.m2\repository\org\seleniumhq\selenium\selenium-firefox-driver\4.12.0\selenium-firefox-driver-4.12.0.jar;C:\Users\sasitharan\.m2\repository\org\seleniumhq\selenium\selenium-http\4.12.0\selenium-http-4.12.0.jar;C:\Users\sasitharan\.m2\repository\dev\failsafe\failsafe\3.3.2\failsafe-3.3.2.jar;C:\Users\sasitharan\.m2\repository\org\seleniumhq\selenium\selenium-ie-driver\4.12.0\selenium-ie-driver-4.12.0.jar;C:\Users\sasitharan\.m2\repository\org\seleniumhq\selenium\selenium-remote-driver\4.12.0\selenium-remote-driver-4.12.0.jar;C:\Users\sasitharan\.m2\repository\io\netty\netty-buffer\4.1.96.Final\netty-buffer-4.1.96.Final.jar;C:\Users\sasitharan\.m2\repository\io\netty\netty-codec-http\4.1.96.Final\netty-codec-http-4.1.96.Final.jar;C:\Users\sasitharan\.m2\repository\io\netty\netty-codec\4.1.96.Final\netty-codec-4.1.96.Final.jar;C:\Users\sasitharan\.m2\repository\io\netty\netty-handler\4.1.96.Final\netty-handler-4.1.96.Final.jar;C:\Users\sasitharan\.m2\repository\io\netty\netty-common\4.1.96.Final\netty-common-4.1.96.Final.jar;C:\Users\sasitharan\.m2\repository\io\netty\netty-transport-classes-epoll\4.1.96.Final\netty-transport-classes-epoll-4.1.96.Final.jar;C:\Users\sasitharan\.m2\repository\io\netty\netty-transport-classes-kqueue\4.1.96.Final\netty-transport-classes-kqueue-4.1.96.Final.jar;C:\Users\sasitharan\.m2\repository\io\netty\netty-transport-native-epoll\4.1.96.Final\netty-transport-native-epoll-4.1.96.Final.jar;C:\Users\sasitharan\.m2\repository\io\netty\netty-transport-native-kqueue\4.1.96.Final\netty-transport-native-kqueue-4.1.96.Final.jar;C:\Users\sasitharan\.m2\repository\io\netty\netty-transport-native-unix-common\4.1.96.Final\netty-transport-native-unix-common-4.1.96.Final.jar;C:\Users\sasitharan\.m2\repository\io\netty\netty-transport\4.1.96.Final\netty-transport-4.1.96.Final.jar;C:\Users\sasitharan\.m2\repository\io\netty\netty-resolver\4.1.96.Final\netty-resolver-4.1.96.Final.jar;C:\Users\sasitharan\.m2\repository\io\opentelemetry\opentelemetry-api\1.28.0\opentelemetry-api-1.28.0.jar;C:\Users\sasitharan\.m2\repository\io\opentelemetry\opentelemetry-context\1.28.0\opentelemetry-context-1.28.0.jar;C:\Users\sasitharan\.m2\repository\io\opentelemetry\opentelemetry-exporter-logging\1.28.0\opentelemetry-exporter-logging-1.28.0.jar;C:\Users\sasitharan\.m2\repository\io\opentelemetry\opentelemetry-sdk-metrics\1.28.0\opentelemetry-sdk-metrics-1.28.0.jar;C:\Users\sasitharan\.m2\repository\io\opentelemetry\opentelemetry-extension-incubator\1.28.0-alpha\opentelemetry-extension-incubator-1.28.0-alpha.jar;C:\Users\sasitharan\.m2\repository\io\opentelemetry\opentelemetry-sdk-logs\1.28.0\opentelemetry-sdk-logs-1.28.0.jar;C:\Users\sasitharan\.m2\repository\io\opentelemetry\opentelemetry-sdk-common\1.28.0\opentelemetry-sdk-common-1.28.0.jar;C:\Users\sasitharan\.m2\repository\io\opentelemetry\opentelemetry-sdk-extension-autoconfigure-spi\1.28.0\opentelemetry-sdk-extension-autoconfigure-spi-1.28.0.jar;C:\Users\sasitharan\.m2\repository\io\opentelemetry\opentelemetry-sdk-extension-autoconfigure\1.28.0\opentelemetry-sdk-extension-autoconfigure-1.28.0.jar;C:\Users\sasitharan\.m2\repository\io\opentelemetry\opentelemetry-api-events\1.28.0-alpha\opentelemetry-api-events-1.28.0-alpha.jar;C:\Users\sasitharan\.m2\repository\io\opentelemetry\opentelemetry-sdk-trace\1.28.0\opentelemetry-sdk-trace-1.28.0.jar;C:\Users\sasitharan\.m2\repository\io\opentelemetry\opentelemetry-sdk\1.28.0\opentelemetry-sdk-1.28.0.jar;C:\Users\sasitharan\.m2\repository\io\opentelemetry\opentelemetry-semconv\1.28.0-alpha\opentelemetry-semconv-1.28.0-alpha.jar;C:\Users\sasitharan\.m2\repository\net\bytebuddy\byte-buddy\1.14.5\byte-buddy-1.14.5.jar;C:\Users\sasitharan\.m2\repository\org\asynchttpclient\async-http-client\2.12.3\async-http-client-2.12.3.jar;C:\Users\sasitharan\.m2\repository\org\asynchttpclient\async-http-client-netty-utils\2.12.3\async-http-client-netty-utils-2.12.3.jar;C:\Users\sasitharan\.m2\repository\io\netty\netty-codec-socks\4.1.60.Final\netty-codec-socks-4.1.60.Final.jar;C:\Users\sasitharan\.m2\repository\io\netty\netty-handler-proxy\4.1.60.Final\netty-handler-proxy-4.1.60.Final.jar;C:\Users\sasitharan\.m2\repository\io\netty\netty-transport-native-epoll\4.1.60.Final\netty-transport-native-epoll-4.1.60.Final-linux-x86_64.jar;C:\Users\sasitharan\.m2\repository\io\netty\netty-transport-native-kqueue\4.1.60.Final\netty-transport-native-kqueue-4.1.60.Final-osx-x86_64.jar;C:\Users\sasitharan\.m2\repository\org\reactivestreams\reactive-streams\1.0.3\reactive-streams-1.0.3.jar;C:\Users\sasitharan\.m2\repository\com\typesafe\netty\netty-reactive-streams\2.0.4\netty-reactive-streams-2.0.4.jar;C:\Users\sasitharan\.m2\repository\com\sun\activation\jakarta.activation\1.2.2\jakarta.activation-1.2.2.jar;C:\Users\sasitharan\.m2\repository\org\seleniumhq\selenium\selenium-os\4.12.0\selenium-os-4.12.0.jar;C:\Users\sasitharan\.m2\repository\org\apache\commons\commons-exec\1.3\commons-exec-1.3.jar;C:\Users\sasitharan\.m2\repository\org\seleniumhq\selenium\selenium-safari-driver\4.12.0\selenium-safari-driver-4.12.0.jar;C:\Users\sasitharan\.m2\repository\org\seleniumhq\selenium\selenium-support\4.12.0\selenium-support-4.12.0.jar;C:\Users\sasitharan\.m2\repository\io\github\bonigarcia\webdrivermanager\5.5.3\webdrivermanager-5.5.3.jar;C:\Users\sasitharan\.m2\repository\com\google\code\gson\gson\2.10.1\gson-2.10.1.jar;C:\Users\sasitharan\.m2\repository\com\github\docker-java\docker-java\3.3.3\docker-java-3.3.3.jar;C:\Users\sasitharan\.m2\repository\com\github\docker-java\docker-java-core\3.3.3\docker-java-core-3.3.3.jar;C:\Users\sasitharan\.m2\repository\com\github\docker-java\docker-java-api\3.3.3\docker-java-api-3.3.3.jar;C:\Users\sasitharan\.m2\repository\commons-io\commons-io\2.6\commons-io-2.6.jar;C:\Users\sasitharan\.m2\repository\org\apache\commons\commons-compress\1.21\commons-compress-1.21.jar;C:\Users\sasitharan\.m2\repository\org\bouncycastle\bcpkix-jdk18on\1.75\bcpkix-jdk18on-1.75.jar;C:\Users\sasitharan\.m2\repository\org\bouncycastle\bcprov-jdk18on\1.75\bcprov-jdk18on-1.75.jar;C:\Users\sasitharan\.m2\repository\org\bouncycastle\bcutil-jdk18on\1.75\bcutil-jdk18on-1.75.jar;C:\Users\sasitharan\.m2\repository\org\slf4j\jcl-over-slf4j\1.7.30\jcl-over-slf4j-1.7.30.jar;C:\Users\sasitharan\.m2\repository\com\github\docker-java\docker-java-transport-httpclient5\3.3.3\docker-java-transport-httpclient5-3.3.3.jar;C:\Users\sasitharan\.m2\repository\com\github\docker-java\docker-java-transport\3.3.3\docker-java-transport-3.3.3.jar;C:\Users\sasitharan\.m2\repository\net\java\dev\jna\jna\5.12.1\jna-5.12.1.jar;C:\Users\sasitharan\.m2\repository\org\brotli\dec\0.1.2\dec-0.1.2.jar;C:\Users\sasitharan\.m2\repository\org\apache\commons\commons-lang3\3.13.0\commons-lang3-3.13.0.jar;C:\Users\sasitharan\.m2\repository\io\qameta\allure\allure-testng\2.29.1\allure-testng-2.29.1.jar;C:\Users\sasitharan\.m2\repository\io\qameta\allure\allure-java-commons\2.29.1\allure-java-commons-2.29.1.jar;C:\Users\sasitharan\.m2\repository\io\qameta\allure\allure-model\2.29.1\allure-model-2.29.1.jar;C:\Users\sasitharan\.m2\repository\io\qameta\allure\allure-test-filter\2.29.1\allure-test-filter-2.29.1.jar;"/>
    <property name="allure.results.directory" value="H:\Group_01_GitRepository\target/allure-results"/>
    <property name="sun.cpu.endian" value="little"/>
    <property name="user.home" value="C:\Users\sasitharan"/>
    <property name="user.language" value="en"/>
    <property name="java.specification.vendor" value="Oracle Corporation"/>
    <property name="java.version.date" value="2023-10-17"/>
    <property name="java.home" value="C:\Program Files\Java\jdk-17"/>
    <property name="file.separator" value="\"/>
    <property name="basedir" value="H:\Group_01_GitRepository"/>
    <property name="java.vm.compressedOopsMode" value="Zero based"/>
    <property name="line.separator" value="&#10;"/>
    <property name="java.vm.specification.vendor" value="Oracle Corporation"/>
    <property name="java.specification.name" value="Java Platform API Specification"/>
    <property name="surefire.real.class.path" value="C:\Users\sasitharan\AppData\Local\Temp\surefire3208000946740051862\surefirebooter-20250103073035704_3.jar"/>
    <property name="user.script" value=""/>
    <property name="sun.management.compiler" value="HotSpot 64-Bit Tiered Compilers"/>
    <property name="java.runtime.version" value="17.0.9+11-LTS-201"/>
    <property name="user.name" value="sasitharan"/>
    <property name="path.separator" value=";"/>
    <property name="os.version" value="10.0"/>
    <property name="java.runtime.name" value="Java(TM) SE Runtime Environment"/>
    <property name="file.encoding" value="Cp1252"/>
    <property name="java.vm.name" value="Java HotSpot(TM) 64-Bit Server VM"/>
    <property name="localRepository" value="C:\Users\sasitharan\.m2\repository"/>
    <property name="java.vendor.url.bug" value="https://bugreport.java.com/bugreport/"/>
    <property name="java.io.tmpdir" value="C:\Users\SASITH~1\AppData\Local\Temp\"/>
    <property name="idea.version" value="2024.1.7"/>
    <property name="java.version" value="17.0.9"/>
    <property name="user.dir" value="H:\Group_01_GitRepository"/>
    <property name="os.arch" value="amd64"/>
    <property name="java.vm.specification.name" value="Java Virtual Machine Specification"/>
    <property name="sun.os.patch.level" value=""/>
    <property name="native.encoding" value="Cp1252"/>
    <property name="java.library.path" value="C:\Program Files\Java\jdk-17\bin;C:\WINDOWS\Sun\Java\bin;C:\WINDOWS\system32;C:\WINDOWS;C:\Program Files\Common Files\Oracle\Java\javapath;C:\WINDOWS\system32;C:\WINDOWS;C:\WINDOWS\System32\Wbem;C:\WINDOWS\System32\WindowsPowerShell\v1.0\;C:\WINDOWS\System32\OpenSSH\;C:\Program Files\nodejs\;C:\Program Files\Git\cmd;C:\Program Files\HP\HP One Agent;C:\Program Files\Microsoft SQL Server\150\Tools\Binn\;C:\Program Files (x86)\Windows Kits\10\Windows Performance Toolkit\;C:\Program Files\dotnet\;C:\opencv\build\x64\vc14\bin;C:\allure-2.32.0\bin;C:\Users\sasitharan\AppData\Local\Programs\Python\Python312\Scripts\;C:\Users\sasitharan\AppData\Local\Programs\Python\Python312\;C:\Users\sasitharan\AppData\Local\Microsoft\WindowsApps;C:\Users\sasitharan\AppData\Roaming\npm;C:\Users\sasitharan\AppData\Local\GitHubDesktop\bin;C:\Users\sasitharan\AppData\Local\Programs\Microsoft VS Code\bin;C:\Program Files\JetBrains\IntelliJ IDEA 2024.1.3\bin;;C:\Users\sasitharan\.dotnet\tools;."/>
    <property name="java.vm.info" value="mixed mode, sharing"/>
    <property name="java.vendor" value="Oracle Corporation"/>
    <property name="java.vm.version" value="17.0.9+11-LTS-201"/>
    <property name="sun.io.unicode.encoding" value="UnicodeLittle"/>
    <property name="java.class.version" value="61.0"/>
  </properties>
  <testcase name="testGetAllBooksAsAdmin" classname="TestCases.GetBookAPITests" time="2.021">
    <system-out><![CDATA[07:30:36.249 [main] DEBUG org.testng.TestNG -- suiteXmlPath: "H:\Group_01_GitRepository\src\test\resources\testng.xml"
07:30:36.315 [main] WARN org.testng.xml.TestNGContentHandler -- It is strongly recommended to add "<!DOCTYPE suite SYSTEM "https://testng.org/testng-1.0.dtd" >" at the top of the suite file [H:\Group_01_GitRepository\src\test\resources\testng.xml] otherwise TestNG may fail or not work as expected.
07:30:36.617 [main] WARN org.testng.TestNG -- Ignoring duplicate listener : io.qameta.allure.testng.AllureTestNg
07:30:36.617 [main] WARN org.testng.TestNG -- Ignoring duplicate listener : io.qameta.allure.testng.AllureTestNg
07:30:36.617 [main] WARN org.testng.TestNG -- Ignoring duplicate listener : io.qameta.allure.testng.AllureTestNg
07:30:38.012 [main] DEBUG org.apache.http.impl.conn.BasicClientConnectionManager -- Get connection for route {}->http://13.60.22.209:7081
07:30:38.021 [main] DEBUG org.apache.http.impl.conn.DefaultClientConnectionOperator -- Connecting to 13.60.22.209:7081
07:30:38.248 [main] DEBUG org.apache.http.client.protocol.RequestAddCookies -- CookieSpec selected: ignoreCookies
07:30:38.250 [main] DEBUG org.apache.http.client.protocol.RequestAuthCache -- Auth cache not set in the context
07:30:38.251 [main] DEBUG org.apache.http.client.protocol.RequestTargetAuthentication -- Target auth state: UNCHALLENGED
07:30:38.252 [main] DEBUG org.apache.http.client.protocol.RequestProxyAuthentication -- Proxy auth state: UNCHALLENGED
07:30:38.252 [main] DEBUG org.apache.http.impl.client.DefaultHttpClient -- Attempt 1 to execute request
07:30:38.252 [main] DEBUG org.apache.http.impl.conn.DefaultClientConnection -- Sending request: GET /api/books HTTP/1.1
07:30:38.253 [main] DEBUG org.apache.http.wire --  >> "GET /api/books HTTP/1.1[\r][\n]"
07:30:38.255 [main] DEBUG org.apache.http.wire --  >> "Accept: */*[\r][\n]"
07:30:38.255 [main] DEBUG org.apache.http.wire --  >> "Host: 13.60.22.209:7081[\r][\n]"
07:30:38.255 [main] DEBUG org.apache.http.wire --  >> "Connection: Keep-Alive[\r][\n]"
07:30:38.255 [main] DEBUG org.apache.http.wire --  >> "User-Agent: Apache-HttpClient/4.5.13 (Java/17.0.9)[\r][\n]"
07:30:38.256 [main] DEBUG org.apache.http.wire --  >> "Accept-Encoding: gzip,deflate[\r][\n]"
07:30:38.256 [main] DEBUG org.apache.http.wire --  >> "[\r][\n]"
07:30:38.256 [main] DEBUG org.apache.http.headers -- >> GET /api/books HTTP/1.1
07:30:38.256 [main] DEBUG org.apache.http.headers -- >> Accept: */*
07:30:38.256 [main] DEBUG org.apache.http.headers -- >> Host: 13.60.22.209:7081
07:30:38.256 [main] DEBUG org.apache.http.headers -- >> Connection: Keep-Alive
07:30:38.256 [main] DEBUG org.apache.http.headers -- >> User-Agent: Apache-HttpClient/4.5.13 (Java/17.0.9)
07:30:38.257 [main] DEBUG org.apache.http.headers -- >> Accept-Encoding: gzip,deflate
07:30:38.496 [main] DEBUG org.apache.http.wire --  << "HTTP/1.1 401 [\r][\n]"
07:30:38.499 [main] DEBUG org.apache.http.wire --  << "Set-Cookie: JSESSIONID=9A050B0BC6FF0499350E8739A62B68BC; Path=/; HttpOnly[\r][\n]"
07:30:38.499 [main] DEBUG org.apache.http.wire --  << "WWW-Authenticate: Basic realm="Realm"[\r][\n]"
07:30:38.499 [main] DEBUG org.apache.http.wire --  << "X-Content-Type-Options: nosniff[\r][\n]"
07:30:38.500 [main] DEBUG org.apache.http.wire --  << "X-XSS-Protection: 1; mode=block[\r][\n]"
07:30:38.500 [main] DEBUG org.apache.http.wire --  << "Cache-Control: no-cache, no-store, max-age=0, must-revalidate[\r][\n]"
07:30:38.500 [main] DEBUG org.apache.http.wire --  << "Pragma: no-cache[\r][\n]"
07:30:38.500 [main] DEBUG org.apache.http.wire --  << "Expires: 0[\r][\n]"
07:30:38.500 [main] DEBUG org.apache.http.wire --  << "X-Frame-Options: DENY[\r][\n]"
07:30:38.500 [main] DEBUG org.apache.http.wire --  << "Content-Length: 0[\r][\n]"
07:30:38.501 [main] DEBUG org.apache.http.wire --  << "Date: Fri, 03 Jan 2025 02:00:39 GMT[\r][\n]"
07:30:38.501 [main] DEBUG org.apache.http.wire --  << "Keep-Alive: timeout=60[\r][\n]"
07:30:38.501 [main] DEBUG org.apache.http.wire --  << "Connection: keep-alive[\r][\n]"
07:30:38.501 [main] DEBUG org.apache.http.wire --  << "[\r][\n]"
07:30:38.502 [main] DEBUG org.apache.http.impl.conn.DefaultClientConnection -- Receiving response: HTTP/1.1 401 
07:30:38.503 [main] DEBUG org.apache.http.headers -- << HTTP/1.1 401 
07:30:38.503 [main] DEBUG org.apache.http.headers -- << Set-Cookie: JSESSIONID=9A050B0BC6FF0499350E8739A62B68BC; Path=/; HttpOnly
07:30:38.503 [main] DEBUG org.apache.http.headers -- << WWW-Authenticate: Basic realm="Realm"
07:30:38.503 [main] DEBUG org.apache.http.headers -- << X-Content-Type-Options: nosniff
07:30:38.503 [main] DEBUG org.apache.http.headers -- << X-XSS-Protection: 1; mode=block
07:30:38.503 [main] DEBUG org.apache.http.headers -- << Cache-Control: no-cache, no-store, max-age=0, must-revalidate
07:30:38.503 [main] DEBUG org.apache.http.headers -- << Pragma: no-cache
07:30:38.503 [main] DEBUG org.apache.http.headers -- << Expires: 0
07:30:38.503 [main] DEBUG org.apache.http.headers -- << X-Frame-Options: DENY
07:30:38.504 [main] DEBUG org.apache.http.headers -- << Content-Length: 0
07:30:38.504 [main] DEBUG org.apache.http.headers -- << Date: Fri, 03 Jan 2025 02:00:39 GMT
07:30:38.504 [main] DEBUG org.apache.http.headers -- << Keep-Alive: timeout=60
07:30:38.504 [main] DEBUG org.apache.http.headers -- << Connection: keep-alive
07:30:38.514 [main] DEBUG org.apache.http.impl.client.DefaultHttpClient -- Connection can be kept alive for 60000 MILLISECONDS
07:30:38.514 [main] DEBUG org.apache.http.impl.client.DefaultHttpClient -- Authentication required
07:30:38.515 [main] DEBUG org.apache.http.impl.client.DefaultHttpClient -- 13.60.22.209:7081 requested authentication
07:30:38.516 [main] DEBUG org.apache.http.impl.client.TargetAuthenticationStrategy -- Authentication schemes in the order of preference: [Negotiate, Kerberos, NTLM, CredSSP, Digest, Basic]
07:30:38.516 [main] DEBUG org.apache.http.impl.client.TargetAuthenticationStrategy -- Challenge for Negotiate authentication scheme not available
07:30:38.516 [main] DEBUG org.apache.http.impl.client.TargetAuthenticationStrategy -- Challenge for Kerberos authentication scheme not available
07:30:38.516 [main] DEBUG org.apache.http.impl.client.TargetAuthenticationStrategy -- Challenge for NTLM authentication scheme not available
07:30:38.516 [main] DEBUG org.apache.http.impl.client.TargetAuthenticationStrategy -- Challenge for CredSSP authentication scheme not available
07:30:38.517 [main] DEBUG org.apache.http.impl.client.TargetAuthenticationStrategy -- Challenge for Digest authentication scheme not available
07:30:38.521 [main] DEBUG org.apache.http.impl.client.DefaultHttpClient -- Selected authentication options: [BASIC [complete=true]]
07:30:38.525 [main] DEBUG org.apache.http.client.protocol.RequestAddCookies -- CookieSpec selected: ignoreCookies
07:30:38.525 [main] DEBUG org.apache.http.client.protocol.RequestAuthCache -- Auth cache not set in the context
07:30:38.526 [main] DEBUG org.apache.http.client.protocol.RequestTargetAuthentication -- Target auth state: CHALLENGED
07:30:38.526 [main] DEBUG org.apache.http.client.protocol.RequestTargetAuthentication -- Generating response to an authentication challenge using basic scheme
07:30:38.533 [main] DEBUG org.apache.http.client.protocol.RequestProxyAuthentication -- Proxy auth state: UNCHALLENGED
07:30:38.533 [main] DEBUG org.apache.http.impl.client.DefaultHttpClient -- Attempt 2 to execute request
07:30:38.533 [main] DEBUG org.apache.http.impl.conn.DefaultClientConnection -- Sending request: GET /api/books HTTP/1.1
07:30:38.533 [main] DEBUG org.apache.http.wire --  >> "GET /api/books HTTP/1.1[\r][\n]"
07:30:38.533 [main] DEBUG org.apache.http.wire --  >> "Accept: */*[\r][\n]"
07:30:38.533 [main] DEBUG org.apache.http.wire --  >> "Host: 13.60.22.209:7081[\r][\n]"
07:30:38.534 [main] DEBUG org.apache.http.wire --  >> "Connection: Keep-Alive[\r][\n]"
07:30:38.534 [main] DEBUG org.apache.http.wire --  >> "User-Agent: Apache-HttpClient/4.5.13 (Java/17.0.9)[\r][\n]"
07:30:38.534 [main] DEBUG org.apache.http.wire --  >> "Authorization: Basic YWRtaW46cGFzc3dvcmQ=[\r][\n]"
07:30:38.534 [main] DEBUG org.apache.http.wire --  >> "Accept-Encoding: gzip,deflate[\r][\n]"
07:30:38.534 [main] DEBUG org.apache.http.wire --  >> "[\r][\n]"
07:30:38.534 [main] DEBUG org.apache.http.headers -- >> GET /api/books HTTP/1.1
07:30:38.534 [main] DEBUG org.apache.http.headers -- >> Accept: */*
07:30:38.534 [main] DEBUG org.apache.http.headers -- >> Host: 13.60.22.209:7081
07:30:38.534 [main] DEBUG org.apache.http.headers -- >> Connection: Keep-Alive
07:30:38.535 [main] DEBUG org.apache.http.headers -- >> User-Agent: Apache-HttpClient/4.5.13 (Java/17.0.9)
07:30:38.535 [main] DEBUG org.apache.http.headers -- >> Authorization: Basic YWRtaW46cGFzc3dvcmQ=
07:30:38.535 [main] DEBUG org.apache.http.headers -- >> Accept-Encoding: gzip,deflate
07:30:38.890 [main] DEBUG org.apache.http.wire --  << "HTTP/1.1 200 [\r][\n]"
07:30:38.890 [main] DEBUG org.apache.http.wire --  << "Set-Cookie: JSESSIONID=35030CF19CFC15BB7AD9F0B4ED0F6941; Path=/; HttpOnly[\r][\n]"
07:30:38.891 [main] DEBUG org.apache.http.wire --  << "X-Content-Type-Options: nosniff[\r][\n]"
07:30:38.891 [main] DEBUG org.apache.http.wire --  << "X-XSS-Protection: 1; mode=block[\r][\n]"
07:30:38.891 [main] DEBUG org.apache.http.wire --  << "Cache-Control: no-cache, no-store, max-age=0, must-revalidate[\r][\n]"
07:30:38.891 [main] DEBUG org.apache.http.wire --  << "Pragma: no-cache[\r][\n]"
07:30:38.891 [main] DEBUG org.apache.http.wire --  << "Expires: 0[\r][\n]"
07:30:38.891 [main] DEBUG org.apache.http.wire --  << "X-Frame-Options: DENY[\r][\n]"
07:30:38.891 [main] DEBUG org.apache.http.wire --  << "Content-Type: application/json[\r][\n]"
07:30:38.891 [main] DEBUG org.apache.http.wire --  << "Transfer-Encoding: chunked[\r][\n]"
07:30:38.892 [main] DEBUG org.apache.http.wire --  << "Date: Fri, 03 Jan 2025 02:00:39 GMT[\r][\n]"
07:30:38.892 [main] DEBUG org.apache.http.wire --  << "Keep-Alive: timeout=60[\r][\n]"
07:30:38.892 [main] DEBUG org.apache.http.wire --  << "Connection: keep-alive[\r][\n]"
07:30:38.892 [main] DEBUG org.apache.http.wire --  << "[\r][\n]"
07:30:38.892 [main] DEBUG org.apache.http.impl.conn.DefaultClientConnection -- Receiving response: HTTP/1.1 200 
07:30:38.892 [main] DEBUG org.apache.http.headers -- << HTTP/1.1 200 
07:30:38.892 [main] DEBUG org.apache.http.headers -- << Set-Cookie: JSESSIONID=35030CF19CFC15BB7AD9F0B4ED0F6941; Path=/; HttpOnly
07:30:38.892 [main] DEBUG org.apache.http.headers -- << X-Content-Type-Options: nosniff
07:30:38.894 [main] DEBUG org.apache.http.headers -- << X-XSS-Protection: 1; mode=block
07:30:38.894 [main] DEBUG org.apache.http.headers -- << Cache-Control: no-cache, no-store, max-age=0, must-revalidate
07:30:38.894 [main] DEBUG org.apache.http.headers -- << Pragma: no-cache
07:30:38.894 [main] DEBUG org.apache.http.headers -- << Expires: 0
07:30:38.894 [main] DEBUG org.apache.http.headers -- << X-Frame-Options: DENY
07:30:38.894 [main] DEBUG org.apache.http.headers -- << Content-Type: application/json
07:30:38.894 [main] DEBUG org.apache.http.headers -- << Transfer-Encoding: chunked
07:30:38.894 [main] DEBUG org.apache.http.headers -- << Date: Fri, 03 Jan 2025 02:00:39 GMT
07:30:38.894 [main] DEBUG org.apache.http.headers -- << Keep-Alive: timeout=60
07:30:38.894 [main] DEBUG org.apache.http.headers -- << Connection: keep-alive
07:30:38.895 [main] DEBUG org.apache.http.impl.client.DefaultHttpClient -- Connection can be kept alive for 60000 MILLISECONDS
07:30:38.895 [main] DEBUG org.apache.http.impl.client.DefaultHttpClient -- Authentication succeeded
07:30:38.898 [main] DEBUG org.apache.http.impl.client.TargetAuthenticationStrategy -- Caching 'basic' auth scheme for http://13.60.22.209:7081
07:30:38.926 [main] DEBUG io.restassured.internal.RestAssuredHttpBuilder -- Parsing response as: application/json
07:30:38.927 [main] DEBUG io.restassured.internal.RestAssuredHttpBuilder -- Parsed data to instance of: class org.apache.http.conn.EofSensorInputStream
07:30:38.992 [main] DEBUG org.apache.http.wire --  << "19e[\r][\n]"
07:30:38.992 [main] DEBUG org.apache.http.wire --  << "[{"id":2,"title":"Valid Title4","author":""},{"id":3,"title":"Valid Book","author":"Valid Author"},{"id":4,"title":"User Books","author":"User Author"},{"id":5,"title":"Valid Bookss","author":"Valid Authors"},{"id":6,"title":"Harry Potter","author":"Howkling"},{"id":7,"title":"Harry Potter1","author":"Howkling"},{"id":8,"title":"Test Book","author":"Original Author"},{"id":9,"title":"Test Book2","author":null}]"
07:30:38.993 [main] DEBUG org.apache.http.wire --  << "[\r][\n]"
07:30:38.993 [main] DEBUG org.apache.http.wire --  << "0[\r][\n]"
07:30:38.993 [main] DEBUG org.apache.http.wire --  << "[\r][\n]"
07:30:38.993 [main] DEBUG org.apache.http.impl.conn.BasicClientConnectionManager -- Releasing connection org.apache.http.impl.conn.ManagedClientConnectionImpl@d5af0a5
07:30:38.993 [main] DEBUG org.apache.http.impl.conn.BasicClientConnectionManager -- Connection can be kept alive for 60000 MILLISECONDS
07:30:39.192 [Finalizer] DEBUG org.apache.http.impl.conn.DefaultClientConnection -- Connection 0.0.0.0:62905<->13.60.22.209:7081 closed
]]></system-out>
  </testcase>
  <testcase name="testGetAllBooksAsUser" classname="TestCases.GetBookAPITests" time="0.712">
    <system-out><![CDATA[07:30:39.231 [main] DEBUG org.apache.http.impl.conn.BasicClientConnectionManager -- Get connection for route {}->http://13.60.22.209:7081
07:30:39.231 [main] DEBUG org.apache.http.impl.conn.DefaultClientConnectionOperator -- Connecting to 13.60.22.209:7081
07:30:39.436 [main] DEBUG org.apache.http.client.protocol.RequestAddCookies -- CookieSpec selected: ignoreCookies
07:30:39.436 [main] DEBUG org.apache.http.client.protocol.RequestAuthCache -- Auth cache not set in the context
07:30:39.436 [main] DEBUG org.apache.http.client.protocol.RequestTargetAuthentication -- Target auth state: UNCHALLENGED
07:30:39.437 [main] DEBUG org.apache.http.client.protocol.RequestProxyAuthentication -- Proxy auth state: UNCHALLENGED
07:30:39.437 [main] DEBUG org.apache.http.impl.client.DefaultHttpClient -- Attempt 1 to execute request
07:30:39.437 [main] DEBUG org.apache.http.impl.conn.DefaultClientConnection -- Sending request: GET /api/books HTTP/1.1
07:30:39.437 [main] DEBUG org.apache.http.wire --  >> "GET /api/books HTTP/1.1[\r][\n]"
07:30:39.437 [main] DEBUG org.apache.http.wire --  >> "Accept: */*[\r][\n]"
07:30:39.437 [main] DEBUG org.apache.http.wire --  >> "Host: 13.60.22.209:7081[\r][\n]"
07:30:39.437 [main] DEBUG org.apache.http.wire --  >> "Connection: Keep-Alive[\r][\n]"
07:30:39.437 [main] DEBUG org.apache.http.wire --  >> "User-Agent: Apache-HttpClient/4.5.13 (Java/17.0.9)[\r][\n]"
07:30:39.438 [main] DEBUG org.apache.http.wire --  >> "Accept-Encoding: gzip,deflate[\r][\n]"
07:30:39.438 [main] DEBUG org.apache.http.wire --  >> "[\r][\n]"
07:30:39.438 [main] DEBUG org.apache.http.headers -- >> GET /api/books HTTP/1.1
07:30:39.438 [main] DEBUG org.apache.http.headers -- >> Accept: */*
07:30:39.438 [main] DEBUG org.apache.http.headers -- >> Host: 13.60.22.209:7081
07:30:39.438 [main] DEBUG org.apache.http.headers -- >> Connection: Keep-Alive
07:30:39.438 [main] DEBUG org.apache.http.headers -- >> User-Agent: Apache-HttpClient/4.5.13 (Java/17.0.9)
07:30:39.438 [main] DEBUG org.apache.http.headers -- >> Accept-Encoding: gzip,deflate
07:30:39.618 [main] DEBUG org.apache.http.wire --  << "HTTP/1.1 401 [\r][\n]"
07:30:39.618 [main] DEBUG org.apache.http.wire --  << "Set-Cookie: JSESSIONID=A4545881C83277540437016D34600FA1; Path=/; HttpOnly[\r][\n]"
07:30:39.618 [main] DEBUG org.apache.http.wire --  << "WWW-Authenticate: Basic realm="Realm"[\r][\n]"
07:30:39.618 [main] DEBUG org.apache.http.wire --  << "X-Content-Type-Options: nosniff[\r][\n]"
07:30:39.618 [main] DEBUG org.apache.http.wire --  << "X-XSS-Protection: 1; mode=block[\r][\n]"
07:30:39.618 [main] DEBUG org.apache.http.wire --  << "Cache-Control: no-cache, no-store, max-age=0, must-revalidate[\r][\n]"
07:30:39.618 [main] DEBUG org.apache.http.wire --  << "Pragma: no-cache[\r][\n]"
07:30:39.618 [main] DEBUG org.apache.http.wire --  << "Expires: 0[\r][\n]"
07:30:39.618 [main] DEBUG org.apache.http.wire --  << "X-Frame-Options: DENY[\r][\n]"
07:30:39.618 [main] DEBUG org.apache.http.wire --  << "Content-Length: 0[\r][\n]"
07:30:39.619 [main] DEBUG org.apache.http.wire --  << "Date: Fri, 03 Jan 2025 02:00:40 GMT[\r][\n]"
07:30:39.619 [main] DEBUG org.apache.http.wire --  << "Keep-Alive: timeout=60[\r][\n]"
07:30:39.619 [main] DEBUG org.apache.http.wire --  << "Connection: keep-alive[\r][\n]"
07:30:39.619 [main] DEBUG org.apache.http.wire --  << "[\r][\n]"
07:30:39.619 [main] DEBUG org.apache.http.impl.conn.DefaultClientConnection -- Receiving response: HTTP/1.1 401 
07:30:39.619 [main] DEBUG org.apache.http.headers -- << HTTP/1.1 401 
07:30:39.619 [main] DEBUG org.apache.http.headers -- << Set-Cookie: JSESSIONID=A4545881C83277540437016D34600FA1; Path=/; HttpOnly
07:30:39.619 [main] DEBUG org.apache.http.headers -- << WWW-Authenticate: Basic realm="Realm"
07:30:39.619 [main] DEBUG org.apache.http.headers -- << X-Content-Type-Options: nosniff
07:30:39.619 [main] DEBUG org.apache.http.headers -- << X-XSS-Protection: 1; mode=block
07:30:39.619 [main] DEBUG org.apache.http.headers -- << Cache-Control: no-cache, no-store, max-age=0, must-revalidate
07:30:39.619 [main] DEBUG org.apache.http.headers -- << Pragma: no-cache
07:30:39.619 [main] DEBUG org.apache.http.headers -- << Expires: 0
07:30:39.619 [main] DEBUG org.apache.http.headers -- << X-Frame-Options: DENY
07:30:39.619 [main] DEBUG org.apache.http.headers -- << Content-Length: 0
07:30:39.619 [main] DEBUG org.apache.http.headers -- << Date: Fri, 03 Jan 2025 02:00:40 GMT
07:30:39.619 [main] DEBUG org.apache.http.headers -- << Keep-Alive: timeout=60
07:30:39.619 [main] DEBUG org.apache.http.headers -- << Connection: keep-alive
07:30:39.620 [main] DEBUG org.apache.http.impl.client.DefaultHttpClient -- Connection can be kept alive for 60000 MILLISECONDS
07:30:39.620 [main] DEBUG org.apache.http.impl.client.DefaultHttpClient -- Authentication required
07:30:39.620 [main] DEBUG org.apache.http.impl.client.DefaultHttpClient -- 13.60.22.209:7081 requested authentication
07:30:39.620 [main] DEBUG org.apache.http.impl.client.TargetAuthenticationStrategy -- Authentication schemes in the order of preference: [Negotiate, Kerberos, NTLM, CredSSP, Digest, Basic]
07:30:39.620 [main] DEBUG org.apache.http.impl.client.TargetAuthenticationStrategy -- Challenge for Negotiate authentication scheme not available
07:30:39.620 [main] DEBUG org.apache.http.impl.client.TargetAuthenticationStrategy -- Challenge for Kerberos authentication scheme not available
07:30:39.620 [main] DEBUG org.apache.http.impl.client.TargetAuthenticationStrategy -- Challenge for NTLM authentication scheme not available
07:30:39.620 [main] DEBUG org.apache.http.impl.client.TargetAuthenticationStrategy -- Challenge for CredSSP authentication scheme not available
07:30:39.620 [main] DEBUG org.apache.http.impl.client.TargetAuthenticationStrategy -- Challenge for Digest authentication scheme not available
07:30:39.620 [main] DEBUG org.apache.http.impl.client.DefaultHttpClient -- Selected authentication options: [BASIC [complete=true]]
07:30:39.621 [main] DEBUG org.apache.http.client.protocol.RequestAddCookies -- CookieSpec selected: ignoreCookies
07:30:39.621 [main] DEBUG org.apache.http.client.protocol.RequestAuthCache -- Auth cache not set in the context
07:30:39.621 [main] DEBUG org.apache.http.client.protocol.RequestTargetAuthentication -- Target auth state: CHALLENGED
07:30:39.621 [main] DEBUG org.apache.http.client.protocol.RequestTargetAuthentication -- Generating response to an authentication challenge using basic scheme
07:30:39.621 [main] DEBUG org.apache.http.client.protocol.RequestProxyAuthentication -- Proxy auth state: UNCHALLENGED
07:30:39.621 [main] DEBUG org.apache.http.impl.client.DefaultHttpClient -- Attempt 2 to execute request
07:30:39.621 [main] DEBUG org.apache.http.impl.conn.DefaultClientConnection -- Sending request: GET /api/books HTTP/1.1
07:30:39.621 [main] DEBUG org.apache.http.wire --  >> "GET /api/books HTTP/1.1[\r][\n]"
07:30:39.621 [main] DEBUG org.apache.http.wire --  >> "Accept: */*[\r][\n]"
07:30:39.621 [main] DEBUG org.apache.http.wire --  >> "Host: 13.60.22.209:7081[\r][\n]"
07:30:39.621 [main] DEBUG org.apache.http.wire --  >> "Connection: Keep-Alive[\r][\n]"
07:30:39.621 [main] DEBUG org.apache.http.wire --  >> "User-Agent: Apache-HttpClient/4.5.13 (Java/17.0.9)[\r][\n]"
07:30:39.621 [main] DEBUG org.apache.http.wire --  >> "Authorization: Basic dXNlcjpwYXNzd29yZA==[\r][\n]"
07:30:39.621 [main] DEBUG org.apache.http.wire --  >> "Accept-Encoding: gzip,deflate[\r][\n]"
07:30:39.622 [main] DEBUG org.apache.http.wire --  >> "[\r][\n]"
07:30:39.622 [main] DEBUG org.apache.http.headers -- >> GET /api/books HTTP/1.1
07:30:39.622 [main] DEBUG org.apache.http.headers -- >> Accept: */*
07:30:39.622 [main] DEBUG org.apache.http.headers -- >> Host: 13.60.22.209:7081
07:30:39.622 [main] DEBUG org.apache.http.headers -- >> Connection: Keep-Alive
07:30:39.622 [main] DEBUG org.apache.http.headers -- >> User-Agent: Apache-HttpClient/4.5.13 (Java/17.0.9)
07:30:39.622 [main] DEBUG org.apache.http.headers -- >> Authorization: Basic dXNlcjpwYXNzd29yZA==
07:30:39.622 [main] DEBUG org.apache.http.headers -- >> Accept-Encoding: gzip,deflate
07:30:39.895 [main] DEBUG org.apache.http.wire --  << "HTTP/1.1 200 [\r][\n]"
07:30:39.895 [main] DEBUG org.apache.http.wire --  << "Set-Cookie: JSESSIONID=8A4A708C9A0DFCFFCC74F7CE059C0C6E; Path=/; HttpOnly[\r][\n]"
07:30:39.895 [main] DEBUG org.apache.http.wire --  << "X-Content-Type-Options: nosniff[\r][\n]"
07:30:39.895 [main] DEBUG org.apache.http.wire --  << "X-XSS-Protection: 1; mode=block[\r][\n]"
07:30:39.896 [main] DEBUG org.apache.http.wire --  << "Cache-Control: no-cache, no-store, max-age=0, must-revalidate[\r][\n]"
07:30:39.896 [main] DEBUG org.apache.http.wire --  << "Pragma: no-cache[\r][\n]"
07:30:39.896 [main] DEBUG org.apache.http.wire --  << "Expires: 0[\r][\n]"
07:30:39.896 [main] DEBUG org.apache.http.wire --  << "X-Frame-Options: DENY[\r][\n]"
07:30:39.896 [main] DEBUG org.apache.http.wire --  << "Content-Type: application/json[\r][\n]"
07:30:39.896 [main] DEBUG org.apache.http.wire --  << "Transfer-Encoding: chunked[\r][\n]"
07:30:39.896 [main] DEBUG org.apache.http.wire --  << "Date: Fri, 03 Jan 2025 02:00:40 GMT[\r][\n]"
07:30:39.897 [main] DEBUG org.apache.http.wire --  << "Keep-Alive: timeout=60[\r][\n]"
07:30:39.897 [main] DEBUG org.apache.http.wire --  << "Connection: keep-alive[\r][\n]"
07:30:39.897 [main] DEBUG org.apache.http.wire --  << "[\r][\n]"
07:30:39.897 [main] DEBUG org.apache.http.impl.conn.DefaultClientConnection -- Receiving response: HTTP/1.1 200 
07:30:39.897 [main] DEBUG org.apache.http.headers -- << HTTP/1.1 200 
07:30:39.897 [main] DEBUG org.apache.http.headers -- << Set-Cookie: JSESSIONID=8A4A708C9A0DFCFFCC74F7CE059C0C6E; Path=/; HttpOnly
07:30:39.897 [main] DEBUG org.apache.http.headers -- << X-Content-Type-Options: nosniff
07:30:39.897 [main] DEBUG org.apache.http.headers -- << X-XSS-Protection: 1; mode=block
07:30:39.897 [main] DEBUG org.apache.http.headers -- << Cache-Control: no-cache, no-store, max-age=0, must-revalidate
07:30:39.897 [main] DEBUG org.apache.http.headers -- << Pragma: no-cache
07:30:39.897 [main] DEBUG org.apache.http.headers -- << Expires: 0
07:30:39.898 [main] DEBUG org.apache.http.headers -- << X-Frame-Options: DENY
07:30:39.898 [main] DEBUG org.apache.http.headers -- << Content-Type: application/json
07:30:39.898 [main] DEBUG org.apache.http.headers -- << Transfer-Encoding: chunked
07:30:39.898 [main] DEBUG org.apache.http.headers -- << Date: Fri, 03 Jan 2025 02:00:40 GMT
07:30:39.898 [main] DEBUG org.apache.http.headers -- << Keep-Alive: timeout=60
07:30:39.898 [main] DEBUG org.apache.http.headers -- << Connection: keep-alive
07:30:39.898 [main] DEBUG org.apache.http.impl.client.DefaultHttpClient -- Connection can be kept alive for 60000 MILLISECONDS
07:30:39.899 [main] DEBUG org.apache.http.impl.client.DefaultHttpClient -- Authentication succeeded
07:30:39.899 [main] DEBUG org.apache.http.impl.client.TargetAuthenticationStrategy -- Caching 'basic' auth scheme for http://13.60.22.209:7081
07:30:39.899 [main] DEBUG io.restassured.internal.RestAssuredHttpBuilder -- Parsing response as: application/json
07:30:39.899 [main] DEBUG io.restassured.internal.RestAssuredHttpBuilder -- Parsed data to instance of: class org.apache.http.conn.EofSensorInputStream
07:30:39.902 [main] DEBUG org.apache.http.wire --  << "19e[\r][\n]"
07:30:39.902 [main] DEBUG org.apache.http.wire --  << "[{"id":2,"title":"Valid Title4","author":""},{"id":3,"title":"Valid Book","author":"Valid Author"},{"id":4,"title":"User Books","author":"User Author"},{"id":5,"title":"Valid Bookss","author":"Valid Authors"},{"id":6,"title":"Harry Potter","author":"Howkling"},{"id":7,"title":"Harry Potter1","author":"Howkling"},{"id":8,"title":"Test Book","author":"Original Author"},{"id":9,"title":"Test Book2","author":null}]"
07:30:39.902 [main] DEBUG org.apache.http.wire --  << "[\r][\n]"
07:30:39.902 [main] DEBUG org.apache.http.wire --  << "0[\r][\n]"
07:30:39.902 [main] DEBUG org.apache.http.wire --  << "[\r][\n]"
07:30:39.902 [main] DEBUG org.apache.http.impl.conn.BasicClientConnectionManager -- Releasing connection org.apache.http.impl.conn.ManagedClientConnectionImpl@e38f0b7
07:30:39.902 [main] DEBUG org.apache.http.impl.conn.BasicClientConnectionManager -- Connection can be kept alive for 60000 MILLISECONDS
]]></system-out>
  </testcase>
  <testcase name="testGetBookByIdAsAdmin" classname="TestCases.GetBookAPITests" time="1.318">
    <system-out><![CDATA[07:30:39.950 [main] DEBUG org.apache.http.impl.conn.BasicClientConnectionManager -- Get connection for route {}->http://13.60.22.209:7081
07:30:39.950 [main] DEBUG org.apache.http.impl.conn.DefaultClientConnectionOperator -- Connecting to 13.60.22.209:7081
07:30:40.167 [main] DEBUG org.apache.http.client.protocol.RequestAddCookies -- CookieSpec selected: ignoreCookies
07:30:40.168 [main] DEBUG org.apache.http.client.protocol.RequestAuthCache -- Auth cache not set in the context
07:30:40.168 [main] DEBUG org.apache.http.client.protocol.RequestTargetAuthentication -- Target auth state: UNCHALLENGED
07:30:40.168 [main] DEBUG org.apache.http.client.protocol.RequestProxyAuthentication -- Proxy auth state: UNCHALLENGED
07:30:40.168 [main] DEBUG org.apache.http.impl.client.DefaultHttpClient -- Attempt 1 to execute request
07:30:40.168 [main] DEBUG org.apache.http.impl.conn.DefaultClientConnection -- Sending request: GET /api/books/2 HTTP/1.1
07:30:40.168 [main] DEBUG org.apache.http.wire --  >> "GET /api/books/2 HTTP/1.1[\r][\n]"
07:30:40.168 [main] DEBUG org.apache.http.wire --  >> "Accept: */*[\r][\n]"
07:30:40.168 [main] DEBUG org.apache.http.wire --  >> "Host: 13.60.22.209:7081[\r][\n]"
07:30:40.168 [main] DEBUG org.apache.http.wire --  >> "Connection: Keep-Alive[\r][\n]"
07:30:40.169 [main] DEBUG org.apache.http.wire --  >> "User-Agent: Apache-HttpClient/4.5.13 (Java/17.0.9)[\r][\n]"
07:30:40.169 [main] DEBUG org.apache.http.wire --  >> "Accept-Encoding: gzip,deflate[\r][\n]"
07:30:40.169 [main] DEBUG org.apache.http.wire --  >> "[\r][\n]"
07:30:40.169 [main] DEBUG org.apache.http.headers -- >> GET /api/books/2 HTTP/1.1
07:30:40.169 [main] DEBUG org.apache.http.headers -- >> Accept: */*
07:30:40.169 [main] DEBUG org.apache.http.headers -- >> Host: 13.60.22.209:7081
07:30:40.169 [main] DEBUG org.apache.http.headers -- >> Connection: Keep-Alive
07:30:40.169 [main] DEBUG org.apache.http.headers -- >> User-Agent: Apache-HttpClient/4.5.13 (Java/17.0.9)
07:30:40.169 [main] DEBUG org.apache.http.headers -- >> Accept-Encoding: gzip,deflate
07:30:40.396 [main] DEBUG org.apache.http.wire --  << "HTTP/1.1 401 [\r][\n]"
07:30:40.398 [main] DEBUG org.apache.http.wire --  << "Set-Cookie: JSESSIONID=C6A7C1D5BA5667874A60E84732504B1A; Path=/; HttpOnly[\r][\n]"
07:30:40.398 [main] DEBUG org.apache.http.wire --  << "WWW-Authenticate: Basic realm="Realm"[\r][\n]"
07:30:40.398 [main] DEBUG org.apache.http.wire --  << "X-Content-Type-Options: nosniff[\r][\n]"
07:30:40.398 [main] DEBUG org.apache.http.wire --  << "X-XSS-Protection: 1; mode=block[\r][\n]"
07:30:40.398 [main] DEBUG org.apache.http.wire --  << "Cache-Control: no-cache, no-store, max-age=0, must-revalidate[\r][\n]"
07:30:40.398 [main] DEBUG org.apache.http.wire --  << "Pragma: no-cache[\r][\n]"
07:30:40.398 [main] DEBUG org.apache.http.wire --  << "Expires: 0[\r][\n]"
07:30:40.398 [main] DEBUG org.apache.http.wire --  << "X-Frame-Options: DENY[\r][\n]"
07:30:40.398 [main] DEBUG org.apache.http.wire --  << "Content-Length: 0[\r][\n]"
07:30:40.398 [main] DEBUG org.apache.http.wire --  << "Date: Fri, 03 Jan 2025 02:00:40 GMT[\r][\n]"
07:30:40.398 [main] DEBUG org.apache.http.wire --  << "Keep-Alive: timeout=60[\r][\n]"
07:30:40.398 [main] DEBUG org.apache.http.wire --  << "Connection: keep-alive[\r][\n]"
07:30:40.398 [main] DEBUG org.apache.http.wire --  << "[\r][\n]"
07:30:40.398 [main] DEBUG org.apache.http.impl.conn.DefaultClientConnection -- Receiving response: HTTP/1.1 401 
07:30:40.398 [main] DEBUG org.apache.http.headers -- << HTTP/1.1 401 
07:30:40.398 [main] DEBUG org.apache.http.headers -- << Set-Cookie: JSESSIONID=C6A7C1D5BA5667874A60E84732504B1A; Path=/; HttpOnly
07:30:40.398 [main] DEBUG org.apache.http.headers -- << WWW-Authenticate: Basic realm="Realm"
07:30:40.398 [main] DEBUG org.apache.http.headers -- << X-Content-Type-Options: nosniff
07:30:40.398 [main] DEBUG org.apache.http.headers -- << X-XSS-Protection: 1; mode=block
07:30:40.399 [main] DEBUG org.apache.http.headers -- << Cache-Control: no-cache, no-store, max-age=0, must-revalidate
07:30:40.399 [main] DEBUG org.apache.http.headers -- << Pragma: no-cache
07:30:40.399 [main] DEBUG org.apache.http.headers -- << Expires: 0
07:30:40.399 [main] DEBUG org.apache.http.headers -- << X-Frame-Options: DENY
07:30:40.399 [main] DEBUG org.apache.http.headers -- << Content-Length: 0
07:30:40.399 [main] DEBUG org.apache.http.headers -- << Date: Fri, 03 Jan 2025 02:00:40 GMT
07:30:40.399 [main] DEBUG org.apache.http.headers -- << Keep-Alive: timeout=60
07:30:40.399 [main] DEBUG org.apache.http.headers -- << Connection: keep-alive
07:30:40.399 [main] DEBUG org.apache.http.impl.client.DefaultHttpClient -- Connection can be kept alive for 60000 MILLISECONDS
07:30:40.399 [main] DEBUG org.apache.http.impl.client.DefaultHttpClient -- Authentication required
07:30:40.400 [main] DEBUG org.apache.http.impl.client.DefaultHttpClient -- 13.60.22.209:7081 requested authentication
07:30:40.400 [main] DEBUG org.apache.http.impl.client.TargetAuthenticationStrategy -- Authentication schemes in the order of preference: [Negotiate, Kerberos, NTLM, CredSSP, Digest, Basic]
07:30:40.400 [main] DEBUG org.apache.http.impl.client.TargetAuthenticationStrategy -- Challenge for Negotiate authentication scheme not available
07:30:40.400 [main] DEBUG org.apache.http.impl.client.TargetAuthenticationStrategy -- Challenge for Kerberos authentication scheme not available
07:30:40.400 [main] DEBUG org.apache.http.impl.client.TargetAuthenticationStrategy -- Challenge for NTLM authentication scheme not available
07:30:40.400 [main] DEBUG org.apache.http.impl.client.TargetAuthenticationStrategy -- Challenge for CredSSP authentication scheme not available
07:30:40.400 [main] DEBUG org.apache.http.impl.client.TargetAuthenticationStrategy -- Challenge for Digest authentication scheme not available
07:30:40.400 [main] DEBUG org.apache.http.impl.client.DefaultHttpClient -- Selected authentication options: [BASIC [complete=true]]
07:30:40.401 [main] DEBUG org.apache.http.client.protocol.RequestAddCookies -- CookieSpec selected: ignoreCookies
07:30:40.401 [main] DEBUG org.apache.http.client.protocol.RequestAuthCache -- Auth cache not set in the context
07:30:40.401 [main] DEBUG org.apache.http.client.protocol.RequestTargetAuthentication -- Target auth state: CHALLENGED
07:30:40.401 [main] DEBUG org.apache.http.client.protocol.RequestTargetAuthentication -- Generating response to an authentication challenge using basic scheme
07:30:40.401 [main] DEBUG org.apache.http.client.protocol.RequestProxyAuthentication -- Proxy auth state: UNCHALLENGED
07:30:40.401 [main] DEBUG org.apache.http.impl.client.DefaultHttpClient -- Attempt 2 to execute request
07:30:40.401 [main] DEBUG org.apache.http.impl.conn.DefaultClientConnection -- Sending request: GET /api/books/2 HTTP/1.1
07:30:40.401 [main] DEBUG org.apache.http.wire --  >> "GET /api/books/2 HTTP/1.1[\r][\n]"
07:30:40.401 [main] DEBUG org.apache.http.wire --  >> "Accept: */*[\r][\n]"
07:30:40.401 [main] DEBUG org.apache.http.wire --  >> "Host: 13.60.22.209:7081[\r][\n]"
07:30:40.401 [main] DEBUG org.apache.http.wire --  >> "Connection: Keep-Alive[\r][\n]"
07:30:40.403 [main] DEBUG org.apache.http.wire --  >> "User-Agent: Apache-HttpClient/4.5.13 (Java/17.0.9)[\r][\n]"
07:30:40.403 [main] DEBUG org.apache.http.wire --  >> "Authorization: Basic YWRtaW46cGFzc3dvcmQ=[\r][\n]"
07:30:40.403 [main] DEBUG org.apache.http.wire --  >> "Accept-Encoding: gzip,deflate[\r][\n]"
07:30:40.403 [main] DEBUG org.apache.http.wire --  >> "[\r][\n]"
07:30:40.403 [main] DEBUG org.apache.http.headers -- >> GET /api/books/2 HTTP/1.1
07:30:40.403 [main] DEBUG org.apache.http.headers -- >> Accept: */*
07:30:40.403 [main] DEBUG org.apache.http.headers -- >> Host: 13.60.22.209:7081
07:30:40.403 [main] DEBUG org.apache.http.headers -- >> Connection: Keep-Alive
07:30:40.403 [main] DEBUG org.apache.http.headers -- >> User-Agent: Apache-HttpClient/4.5.13 (Java/17.0.9)
07:30:40.403 [main] DEBUG org.apache.http.headers -- >> Authorization: Basic YWRtaW46cGFzc3dvcmQ=
07:30:40.403 [main] DEBUG org.apache.http.headers -- >> Accept-Encoding: gzip,deflate
07:30:40.777 [main] DEBUG org.apache.http.wire --  << "HTTP/1.1 200 [\r][\n]"
07:30:40.777 [main] DEBUG org.apache.http.wire --  << "Set-Cookie: JSESSIONID=4F97A73BF6B113D4C236142267145FAD; Path=/; HttpOnly[\r][\n]"
07:30:40.778 [main] DEBUG org.apache.http.wire --  << "X-Content-Type-Options: nosniff[\r][\n]"
07:30:40.778 [main] DEBUG org.apache.http.wire --  << "X-XSS-Protection: 1; mode=block[\r][\n]"
07:30:40.793 [main] DEBUG org.apache.http.wire --  << "Cache-Control: no-cache, no-store, max-age=0, must-revalidate[\r][\n]"
07:30:40.793 [main] DEBUG org.apache.http.wire --  << "Pragma: no-cache[\r][\n]"
07:30:40.793 [Finalizer] DEBUG org.apache.http.impl.conn.DefaultClientConnection -- Connection 0.0.0.0:62906<->13.60.22.209:7081 closed
07:30:40.793 [main] DEBUG org.apache.http.wire --  << "Expires: 0[\r][\n]"
07:30:40.794 [main] DEBUG org.apache.http.wire --  << "X-Frame-Options: DENY[\r][\n]"
07:30:40.794 [main] DEBUG org.apache.http.wire --  << "Content-Type: application/json[\r][\n]"
07:30:40.794 [main] DEBUG org.apache.http.wire --  << "Transfer-Encoding: chunked[\r][\n]"
07:30:40.794 [main] DEBUG org.apache.http.wire --  << "Date: Fri, 03 Jan 2025 02:00:41 GMT[\r][\n]"
07:30:40.794 [main] DEBUG org.apache.http.wire --  << "Keep-Alive: timeout=60[\r][\n]"
07:30:40.794 [main] DEBUG org.apache.http.wire --  << "Connection: keep-alive[\r][\n]"
07:30:40.794 [main] DEBUG org.apache.http.wire --  << "[\r][\n]"
07:30:40.794 [main] DEBUG org.apache.http.impl.conn.DefaultClientConnection -- Receiving response: HTTP/1.1 200 
07:30:40.794 [main] DEBUG org.apache.http.headers -- << HTTP/1.1 200 
07:30:40.794 [main] DEBUG org.apache.http.headers -- << Set-Cookie: JSESSIONID=4F97A73BF6B113D4C236142267145FAD; Path=/; HttpOnly
07:30:40.794 [main] DEBUG org.apache.http.headers -- << X-Content-Type-Options: nosniff
07:30:40.794 [main] DEBUG org.apache.http.headers -- << X-XSS-Protection: 1; mode=block
07:30:40.794 [main] DEBUG org.apache.http.headers -- << Cache-Control: no-cache, no-store, max-age=0, must-revalidate
07:30:40.794 [main] DEBUG org.apache.http.headers -- << Pragma: no-cache
07:30:40.794 [main] DEBUG org.apache.http.headers -- << Expires: 0
07:30:40.794 [main] DEBUG org.apache.http.headers -- << X-Frame-Options: DENY
07:30:40.794 [main] DEBUG org.apache.http.headers -- << Content-Type: application/json
07:30:40.794 [main] DEBUG org.apache.http.headers -- << Transfer-Encoding: chunked
07:30:40.794 [main] DEBUG org.apache.http.headers -- << Date: Fri, 03 Jan 2025 02:00:41 GMT
07:30:40.794 [main] DEBUG org.apache.http.headers -- << Keep-Alive: timeout=60
07:30:40.794 [main] DEBUG org.apache.http.headers -- << Connection: keep-alive
07:30:40.794 [main] DEBUG org.apache.http.impl.client.DefaultHttpClient -- Connection can be kept alive for 60000 MILLISECONDS
07:30:40.794 [main] DEBUG org.apache.http.impl.client.DefaultHttpClient -- Authentication succeeded
07:30:40.794 [main] DEBUG org.apache.http.impl.client.TargetAuthenticationStrategy -- Caching 'basic' auth scheme for http://13.60.22.209:7081
07:30:40.794 [main] DEBUG io.restassured.internal.RestAssuredHttpBuilder -- Parsing response as: application/json
07:30:40.794 [main] DEBUG io.restassured.internal.RestAssuredHttpBuilder -- Parsed data to instance of: class org.apache.http.conn.EofSensorInputStream
07:30:40.795 [main] DEBUG org.apache.http.wire --  << "2b[\r][\n]"
07:30:40.795 [main] DEBUG org.apache.http.wire --  << "{"id":2,"title":"Valid Title4","author":""}"
07:30:40.795 [main] DEBUG org.apache.http.wire --  << "[\r][\n]"
07:30:40.804 [main] DEBUG org.apache.http.wire --  << "0[\r][\n]"
07:30:40.805 [main] DEBUG org.apache.http.wire --  << "[\r][\n]"
07:30:40.805 [main] DEBUG org.apache.http.impl.conn.BasicClientConnectionManager -- Releasing connection org.apache.http.impl.conn.ManagedClientConnectionImpl@7e307087
07:30:40.805 [main] DEBUG org.apache.http.impl.conn.BasicClientConnectionManager -- Connection can be kept alive for 60000 MILLISECONDS
]]></system-out>
  </testcase>
  <testcase name="testGetBookByIdAsRegularUser" classname="TestCases.GetBookAPITests" time="0.713">
    <failure message="Expected status code is 200 expected [200] but found [403]" type="java.lang.AssertionError"><![CDATA[java.lang.AssertionError: Expected status code is 200 expected [200] but found [403]
	at org.testng.Assert.fail(Assert.java:110)
	at org.testng.Assert.failNotEquals(Assert.java:1413)
	at org.testng.Assert.assertEqualsImpl(Assert.java:149)
	at org.testng.Assert.assertEquals(Assert.java:131)
	at org.testng.Assert.assertEquals(Assert.java:1240)
	at TestCases.GetBookAPITests.testGetBookByIdAsRegularUser(GetBookAPITests.java:114)
	at java.base/jdk.internal.reflect.NativeMethodAccessorImpl.invoke0(Native Method)
	at java.base/jdk.internal.reflect.NativeMethodAccessorImpl.invoke(NativeMethodAccessorImpl.java:77)
	at java.base/jdk.internal.reflect.DelegatingMethodAccessorImpl.invoke(DelegatingMethodAccessorImpl.java:43)
	at java.base/java.lang.reflect.Method.invoke(Method.java:568)
	at org.testng.internal.invokers.MethodInvocationHelper.invokeMethod(MethodInvocationHelper.java:139)
	at org.testng.internal.invokers.TestInvoker.invokeMethod(TestInvoker.java:677)
	at org.testng.internal.invokers.TestInvoker.invokeTestMethod(TestInvoker.java:221)
	at org.testng.internal.invokers.MethodRunner.runInSequence(MethodRunner.java:50)
	at org.testng.internal.invokers.TestInvoker$MethodInvocationAgent.invoke(TestInvoker.java:969)
	at org.testng.internal.invokers.TestInvoker.invokeTestMethods(TestInvoker.java:194)
	at org.testng.internal.invokers.TestMethodWorker.invokeTestMethods(TestMethodWorker.java:148)
	at org.testng.internal.invokers.TestMethodWorker.run(TestMethodWorker.java:128)
	at java.base/java.util.ArrayList.forEach(ArrayList.java:1511)
	at org.testng.TestRunner.privateRun(TestRunner.java:829)
	at org.testng.TestRunner.run(TestRunner.java:602)
	at org.testng.SuiteRunner.runTest(SuiteRunner.java:437)
	at org.testng.SuiteRunner.runSequentially(SuiteRunner.java:431)
	at org.testng.SuiteRunner.privateRun(SuiteRunner.java:391)
	at org.testng.SuiteRunner.run(SuiteRunner.java:330)
	at org.testng.SuiteRunnerWorker.runSuite(SuiteRunnerWorker.java:52)
	at org.testng.SuiteRunnerWorker.run(SuiteRunnerWorker.java:95)
	at org.testng.TestNG.runSuitesSequentially(TestNG.java:1256)
	at org.testng.TestNG.runSuitesLocally(TestNG.java:1176)
	at org.testng.TestNG.runSuites(TestNG.java:1099)
	at org.testng.TestNG.run(TestNG.java:1067)
	at org.apache.maven.surefire.testng.TestNGExecutor.run(TestNGExecutor.java:324)
	at org.apache.maven.surefire.testng.TestNGXmlTestSuite.execute(TestNGXmlTestSuite.java:74)
	at org.apache.maven.surefire.testng.TestNGProvider.invoke(TestNGProvider.java:123)
	at org.apache.maven.surefire.booter.ForkedBooter.runSuitesInProcess(ForkedBooter.java:456)
	at org.apache.maven.surefire.booter.ForkedBooter.execute(ForkedBooter.java:169)
	at org.apache.maven.surefire.booter.ForkedBooter.run(ForkedBooter.java:595)
	at org.apache.maven.surefire.booter.ForkedBooter.main(ForkedBooter.java:581)
]]></failure>
    <system-out><![CDATA[07:30:41.263 [main] DEBUG org.apache.http.impl.conn.BasicClientConnectionManager -- Get connection for route {}->http://13.60.22.209:7081
07:30:41.263 [main] DEBUG org.apache.http.impl.conn.DefaultClientConnectionOperator -- Connecting to 13.60.22.209:7081
07:30:41.455 [main] DEBUG org.apache.http.client.protocol.RequestAddCookies -- CookieSpec selected: ignoreCookies
07:30:41.456 [main] DEBUG org.apache.http.client.protocol.RequestAuthCache -- Auth cache not set in the context
07:30:41.456 [main] DEBUG org.apache.http.client.protocol.RequestTargetAuthentication -- Target auth state: UNCHALLENGED
07:30:41.456 [main] DEBUG org.apache.http.client.protocol.RequestProxyAuthentication -- Proxy auth state: UNCHALLENGED
07:30:41.456 [main] DEBUG org.apache.http.impl.client.DefaultHttpClient -- Attempt 1 to execute request
07:30:41.456 [main] DEBUG org.apache.http.impl.conn.DefaultClientConnection -- Sending request: GET /api/books/1 HTTP/1.1
07:30:41.456 [main] DEBUG org.apache.http.wire --  >> "GET /api/books/1 HTTP/1.1[\r][\n]"
07:30:41.456 [main] DEBUG org.apache.http.wire --  >> "Accept: */*[\r][\n]"
07:30:41.456 [main] DEBUG org.apache.http.wire --  >> "Host: 13.60.22.209:7081[\r][\n]"
07:30:41.456 [main] DEBUG org.apache.http.wire --  >> "Connection: Keep-Alive[\r][\n]"
07:30:41.456 [main] DEBUG org.apache.http.wire --  >> "User-Agent: Apache-HttpClient/4.5.13 (Java/17.0.9)[\r][\n]"
07:30:41.457 [main] DEBUG org.apache.http.wire --  >> "Accept-Encoding: gzip,deflate[\r][\n]"
07:30:41.457 [main] DEBUG org.apache.http.wire --  >> "[\r][\n]"
07:30:41.457 [main] DEBUG org.apache.http.headers -- >> GET /api/books/1 HTTP/1.1
07:30:41.457 [main] DEBUG org.apache.http.headers -- >> Accept: */*
07:30:41.457 [main] DEBUG org.apache.http.headers -- >> Host: 13.60.22.209:7081
07:30:41.457 [main] DEBUG org.apache.http.headers -- >> Connection: Keep-Alive
07:30:41.457 [main] DEBUG org.apache.http.headers -- >> User-Agent: Apache-HttpClient/4.5.13 (Java/17.0.9)
07:30:41.457 [main] DEBUG org.apache.http.headers -- >> Accept-Encoding: gzip,deflate
07:30:41.641 [main] DEBUG org.apache.http.wire --  << "HTTP/1.1 401 [\r][\n]"
07:30:41.642 [main] DEBUG org.apache.http.wire --  << "Set-Cookie: JSESSIONID=0F4E76400D50F6BFCCFD91E8B722AF22; Path=/; HttpOnly[\r][\n]"
07:30:41.642 [main] DEBUG org.apache.http.wire --  << "WWW-Authenticate: Basic realm="Realm"[\r][\n]"
07:30:41.642 [main] DEBUG org.apache.http.wire --  << "X-Content-Type-Options: nosniff[\r][\n]"
07:30:41.642 [main] DEBUG org.apache.http.wire --  << "X-XSS-Protection: 1; mode=block[\r][\n]"
07:30:41.642 [main] DEBUG org.apache.http.wire --  << "Cache-Control: no-cache, no-store, max-age=0, must-revalidate[\r][\n]"
07:30:41.642 [main] DEBUG org.apache.http.wire --  << "Pragma: no-cache[\r][\n]"
07:30:41.642 [main] DEBUG org.apache.http.wire --  << "Expires: 0[\r][\n]"
07:30:41.642 [main] DEBUG org.apache.http.wire --  << "X-Frame-Options: DENY[\r][\n]"
07:30:41.642 [main] DEBUG org.apache.http.wire --  << "Content-Length: 0[\r][\n]"
07:30:41.642 [main] DEBUG org.apache.http.wire --  << "Date: Fri, 03 Jan 2025 02:00:41 GMT[\r][\n]"
07:30:41.642 [main] DEBUG org.apache.http.wire --  << "Keep-Alive: timeout=60[\r][\n]"
07:30:41.642 [main] DEBUG org.apache.http.wire --  << "Connection: keep-alive[\r][\n]"
07:30:41.643 [main] DEBUG org.apache.http.wire --  << "[\r][\n]"
07:30:41.643 [main] DEBUG org.apache.http.impl.conn.DefaultClientConnection -- Receiving response: HTTP/1.1 401 
07:30:41.643 [main] DEBUG org.apache.http.headers -- << HTTP/1.1 401 
07:30:41.643 [main] DEBUG org.apache.http.headers -- << Set-Cookie: JSESSIONID=0F4E76400D50F6BFCCFD91E8B722AF22; Path=/; HttpOnly
07:30:41.643 [main] DEBUG org.apache.http.headers -- << WWW-Authenticate: Basic realm="Realm"
07:30:41.643 [main] DEBUG org.apache.http.headers -- << X-Content-Type-Options: nosniff
07:30:41.643 [main] DEBUG org.apache.http.headers -- << X-XSS-Protection: 1; mode=block
07:30:41.643 [main] DEBUG org.apache.http.headers -- << Cache-Control: no-cache, no-store, max-age=0, must-revalidate
07:30:41.643 [main] DEBUG org.apache.http.headers -- << Pragma: no-cache
07:30:41.643 [main] DEBUG org.apache.http.headers -- << Expires: 0
07:30:41.643 [main] DEBUG org.apache.http.headers -- << X-Frame-Options: DENY
07:30:41.643 [main] DEBUG org.apache.http.headers -- << Content-Length: 0
07:30:41.643 [main] DEBUG org.apache.http.headers -- << Date: Fri, 03 Jan 2025 02:00:41 GMT
07:30:41.643 [main] DEBUG org.apache.http.headers -- << Keep-Alive: timeout=60
07:30:41.643 [main] DEBUG org.apache.http.headers -- << Connection: keep-alive
07:30:41.643 [main] DEBUG org.apache.http.impl.client.DefaultHttpClient -- Connection can be kept alive for 60000 MILLISECONDS
07:30:41.643 [main] DEBUG org.apache.http.impl.client.DefaultHttpClient -- Authentication required
07:30:41.643 [main] DEBUG org.apache.http.impl.client.DefaultHttpClient -- 13.60.22.209:7081 requested authentication
07:30:41.644 [main] DEBUG org.apache.http.impl.client.TargetAuthenticationStrategy -- Authentication schemes in the order of preference: [Negotiate, Kerberos, NTLM, CredSSP, Digest, Basic]
07:30:41.644 [main] DEBUG org.apache.http.impl.client.TargetAuthenticationStrategy -- Challenge for Negotiate authentication scheme not available
07:30:41.644 [main] DEBUG org.apache.http.impl.client.TargetAuthenticationStrategy -- Challenge for Kerberos authentication scheme not available
07:30:41.644 [main] DEBUG org.apache.http.impl.client.TargetAuthenticationStrategy -- Challenge for NTLM authentication scheme not available
07:30:41.644 [main] DEBUG org.apache.http.impl.client.TargetAuthenticationStrategy -- Challenge for CredSSP authentication scheme not available
07:30:41.644 [main] DEBUG org.apache.http.impl.client.TargetAuthenticationStrategy -- Challenge for Digest authentication scheme not available
07:30:41.644 [main] DEBUG org.apache.http.impl.client.DefaultHttpClient -- Selected authentication options: [BASIC [complete=true]]
07:30:41.644 [main] DEBUG org.apache.http.client.protocol.RequestAddCookies -- CookieSpec selected: ignoreCookies
07:30:41.644 [main] DEBUG org.apache.http.client.protocol.RequestAuthCache -- Auth cache not set in the context
07:30:41.644 [main] DEBUG org.apache.http.client.protocol.RequestTargetAuthentication -- Target auth state: CHALLENGED
07:30:41.645 [main] DEBUG org.apache.http.client.protocol.RequestTargetAuthentication -- Generating response to an authentication challenge using basic scheme
07:30:41.645 [main] DEBUG org.apache.http.client.protocol.RequestProxyAuthentication -- Proxy auth state: UNCHALLENGED
07:30:41.645 [main] DEBUG org.apache.http.impl.client.DefaultHttpClient -- Attempt 2 to execute request
07:30:41.645 [main] DEBUG org.apache.http.impl.conn.DefaultClientConnection -- Sending request: GET /api/books/1 HTTP/1.1
07:30:41.645 [main] DEBUG org.apache.http.wire --  >> "GET /api/books/1 HTTP/1.1[\r][\n]"
07:30:41.645 [main] DEBUG org.apache.http.wire --  >> "Accept: */*[\r][\n]"
07:30:41.645 [main] DEBUG org.apache.http.wire --  >> "Host: 13.60.22.209:7081[\r][\n]"
07:30:41.645 [main] DEBUG org.apache.http.wire --  >> "Connection: Keep-Alive[\r][\n]"
07:30:41.645 [main] DEBUG org.apache.http.wire --  >> "User-Agent: Apache-HttpClient/4.5.13 (Java/17.0.9)[\r][\n]"
07:30:41.645 [main] DEBUG org.apache.http.wire --  >> "Authorization: Basic dXNlcjpwYXNzd29yZA==[\r][\n]"
07:30:41.645 [main] DEBUG org.apache.http.wire --  >> "Accept-Encoding: gzip,deflate[\r][\n]"
07:30:41.645 [main] DEBUG org.apache.http.wire --  >> "[\r][\n]"
07:30:41.646 [main] DEBUG org.apache.http.headers -- >> GET /api/books/1 HTTP/1.1
07:30:41.646 [main] DEBUG org.apache.http.headers -- >> Accept: */*
07:30:41.646 [main] DEBUG org.apache.http.headers -- >> Host: 13.60.22.209:7081
07:30:41.646 [main] DEBUG org.apache.http.headers -- >> Connection: Keep-Alive
07:30:41.646 [main] DEBUG org.apache.http.headers -- >> User-Agent: Apache-HttpClient/4.5.13 (Java/17.0.9)
07:30:41.646 [main] DEBUG org.apache.http.headers -- >> Authorization: Basic dXNlcjpwYXNzd29yZA==
07:30:41.646 [main] DEBUG org.apache.http.headers -- >> Accept-Encoding: gzip,deflate
07:30:41.944 [main] DEBUG org.apache.http.wire --  << "HTTP/1.1 403 [\r][\n]"
07:30:41.945 [main] DEBUG org.apache.http.wire --  << "Set-Cookie: JSESSIONID=B2C16280642FFE166F87CA9BCC10C798; Path=/; HttpOnly[\r][\n]"
07:30:41.945 [main] DEBUG org.apache.http.wire --  << "X-Content-Type-Options: nosniff[\r][\n]"
07:30:41.945 [main] DEBUG org.apache.http.wire --  << "X-XSS-Protection: 1; mode=block[\r][\n]"
07:30:41.945 [main] DEBUG org.apache.http.wire --  << "Cache-Control: no-cache, no-store, max-age=0, must-revalidate[\r][\n]"
07:30:41.945 [main] DEBUG org.apache.http.wire --  << "Pragma: no-cache[\r][\n]"
07:30:41.945 [main] DEBUG org.apache.http.wire --  << "Expires: 0[\r][\n]"
07:30:41.945 [main] DEBUG org.apache.http.wire --  << "X-Frame-Options: DENY[\r][\n]"
07:30:41.946 [main] DEBUG org.apache.http.wire --  << "Content-Type: text/plain;charset=UTF-8[\r][\n]"
07:30:41.946 [main] DEBUG org.apache.http.wire --  << "Content-Length: 22[\r][\n]"
07:30:41.946 [main] DEBUG org.apache.http.wire --  << "Date: Fri, 03 Jan 2025 02:00:43 GMT[\r][\n]"
07:30:41.946 [main] DEBUG org.apache.http.wire --  << "Keep-Alive: timeout=60[\r][\n]"
07:30:41.946 [main] DEBUG org.apache.http.wire --  << "Connection: keep-alive[\r][\n]"
07:30:41.946 [main] DEBUG org.apache.http.wire --  << "[\r][\n]"
07:30:41.946 [main] DEBUG org.apache.http.impl.conn.DefaultClientConnection -- Receiving response: HTTP/1.1 403 
07:30:41.946 [main] DEBUG org.apache.http.headers -- << HTTP/1.1 403 
07:30:41.946 [main] DEBUG org.apache.http.headers -- << Set-Cookie: JSESSIONID=B2C16280642FFE166F87CA9BCC10C798; Path=/; HttpOnly
07:30:41.946 [main] DEBUG org.apache.http.headers -- << X-Content-Type-Options: nosniff
07:30:41.946 [main] DEBUG org.apache.http.headers -- << X-XSS-Protection: 1; mode=block
07:30:41.946 [main] DEBUG org.apache.http.headers -- << Cache-Control: no-cache, no-store, max-age=0, must-revalidate
07:30:41.946 [main] DEBUG org.apache.http.headers -- << Pragma: no-cache
07:30:41.946 [main] DEBUG org.apache.http.headers -- << Expires: 0
07:30:41.946 [main] DEBUG org.apache.http.headers -- << X-Frame-Options: DENY
07:30:41.946 [main] DEBUG org.apache.http.headers -- << Content-Type: text/plain;charset=UTF-8
07:30:41.946 [main] DEBUG org.apache.http.headers -- << Content-Length: 22
07:30:41.946 [main] DEBUG org.apache.http.headers -- << Date: Fri, 03 Jan 2025 02:00:43 GMT
07:30:41.946 [main] DEBUG org.apache.http.headers -- << Keep-Alive: timeout=60
07:30:41.946 [main] DEBUG org.apache.http.headers -- << Connection: keep-alive
07:30:41.946 [main] DEBUG org.apache.http.impl.client.DefaultHttpClient -- Connection can be kept alive for 60000 MILLISECONDS
07:30:41.946 [main] DEBUG org.apache.http.impl.client.DefaultHttpClient -- Authentication succeeded
07:30:41.946 [main] DEBUG org.apache.http.impl.client.TargetAuthenticationStrategy -- Caching 'basic' auth scheme for http://13.60.22.209:7081
07:30:41.947 [main] DEBUG io.restassured.internal.RestAssuredHttpBuilder -- Parsing response as: text/plain;charset=UTF-8
07:30:41.947 [main] DEBUG io.restassured.internal.RestAssuredHttpBuilder -- Parsed data to instance of: class org.apache.http.conn.EofSensorInputStream
]]></system-out>
  </testcase>
  <testcase name="testGetBookByIdAsUser" classname="TestCases.GetBookAPITests" time="0.686">
    <failure message="Expected status code is 200 expected [200] but found [403]" type="java.lang.AssertionError"><![CDATA[java.lang.AssertionError: Expected status code is 200 expected [200] but found [403]
	at org.testng.Assert.fail(Assert.java:110)
	at org.testng.Assert.failNotEquals(Assert.java:1413)
	at org.testng.Assert.assertEqualsImpl(Assert.java:149)
	at org.testng.Assert.assertEquals(Assert.java:131)
	at org.testng.Assert.assertEquals(Assert.java:1240)
	at TestCases.GetBookAPITests.testGetBookByIdAsUser(GetBookAPITests.java:58)
	at java.base/jdk.internal.reflect.NativeMethodAccessorImpl.invoke0(Native Method)
	at java.base/jdk.internal.reflect.NativeMethodAccessorImpl.invoke(NativeMethodAccessorImpl.java:77)
	at java.base/jdk.internal.reflect.DelegatingMethodAccessorImpl.invoke(DelegatingMethodAccessorImpl.java:43)
	at java.base/java.lang.reflect.Method.invoke(Method.java:568)
	at org.testng.internal.invokers.MethodInvocationHelper.invokeMethod(MethodInvocationHelper.java:139)
	at org.testng.internal.invokers.TestInvoker.invokeMethod(TestInvoker.java:677)
	at org.testng.internal.invokers.TestInvoker.invokeTestMethod(TestInvoker.java:221)
	at org.testng.internal.invokers.MethodRunner.runInSequence(MethodRunner.java:50)
	at org.testng.internal.invokers.TestInvoker$MethodInvocationAgent.invoke(TestInvoker.java:969)
	at org.testng.internal.invokers.TestInvoker.invokeTestMethods(TestInvoker.java:194)
	at org.testng.internal.invokers.TestMethodWorker.invokeTestMethods(TestMethodWorker.java:148)
	at org.testng.internal.invokers.TestMethodWorker.run(TestMethodWorker.java:128)
	at java.base/java.util.ArrayList.forEach(ArrayList.java:1511)
	at org.testng.TestRunner.privateRun(TestRunner.java:829)
	at org.testng.TestRunner.run(TestRunner.java:602)
	at org.testng.SuiteRunner.runTest(SuiteRunner.java:437)
	at org.testng.SuiteRunner.runSequentially(SuiteRunner.java:431)
	at org.testng.SuiteRunner.privateRun(SuiteRunner.java:391)
	at org.testng.SuiteRunner.run(SuiteRunner.java:330)
	at org.testng.SuiteRunnerWorker.runSuite(SuiteRunnerWorker.java:52)
	at org.testng.SuiteRunnerWorker.run(SuiteRunnerWorker.java:95)
	at org.testng.TestNG.runSuitesSequentially(TestNG.java:1256)
	at org.testng.TestNG.runSuitesLocally(TestNG.java:1176)
	at org.testng.TestNG.runSuites(TestNG.java:1099)
	at org.testng.TestNG.run(TestNG.java:1067)
	at org.apache.maven.surefire.testng.TestNGExecutor.run(TestNGExecutor.java:324)
	at org.apache.maven.surefire.testng.TestNGXmlTestSuite.execute(TestNGXmlTestSuite.java:74)
	at org.apache.maven.surefire.testng.TestNGProvider.invoke(TestNGProvider.java:123)
	at org.apache.maven.surefire.booter.ForkedBooter.runSuitesInProcess(ForkedBooter.java:456)
	at org.apache.maven.surefire.booter.ForkedBooter.execute(ForkedBooter.java:169)
	at org.apache.maven.surefire.booter.ForkedBooter.run(ForkedBooter.java:595)
	at org.apache.maven.surefire.booter.ForkedBooter.main(ForkedBooter.java:581)
]]></failure>
    <system-out><![CDATA[07:30:41.972 [main] DEBUG org.apache.http.impl.conn.BasicClientConnectionManager -- Get connection for route {}->http://13.60.22.209:7081
07:30:41.972 [main] DEBUG org.apache.http.impl.conn.DefaultClientConnectionOperator -- Connecting to 13.60.22.209:7081
07:30:42.180 [main] DEBUG org.apache.http.client.protocol.RequestAddCookies -- CookieSpec selected: ignoreCookies
07:30:42.180 [main] DEBUG org.apache.http.client.protocol.RequestAuthCache -- Auth cache not set in the context
07:30:42.180 [main] DEBUG org.apache.http.client.protocol.RequestTargetAuthentication -- Target auth state: UNCHALLENGED
07:30:42.180 [main] DEBUG org.apache.http.client.protocol.RequestProxyAuthentication -- Proxy auth state: UNCHALLENGED
07:30:42.181 [main] DEBUG org.apache.http.impl.client.DefaultHttpClient -- Attempt 1 to execute request
07:30:42.181 [main] DEBUG org.apache.http.impl.conn.DefaultClientConnection -- Sending request: GET /api/books/1 HTTP/1.1
07:30:42.181 [main] DEBUG org.apache.http.wire --  >> "GET /api/books/1 HTTP/1.1[\r][\n]"
07:30:42.181 [main] DEBUG org.apache.http.wire --  >> "Accept: */*[\r][\n]"
07:30:42.181 [main] DEBUG org.apache.http.wire --  >> "Host: 13.60.22.209:7081[\r][\n]"
07:30:42.181 [main] DEBUG org.apache.http.wire --  >> "Connection: Keep-Alive[\r][\n]"
07:30:42.181 [main] DEBUG org.apache.http.wire --  >> "User-Agent: Apache-HttpClient/4.5.13 (Java/17.0.9)[\r][\n]"
07:30:42.181 [main] DEBUG org.apache.http.wire --  >> "Accept-Encoding: gzip,deflate[\r][\n]"
07:30:42.181 [main] DEBUG org.apache.http.wire --  >> "[\r][\n]"
07:30:42.181 [main] DEBUG org.apache.http.headers -- >> GET /api/books/1 HTTP/1.1
07:30:42.181 [main] DEBUG org.apache.http.headers -- >> Accept: */*
07:30:42.181 [main] DEBUG org.apache.http.headers -- >> Host: 13.60.22.209:7081
07:30:42.181 [main] DEBUG org.apache.http.headers -- >> Connection: Keep-Alive
07:30:42.182 [main] DEBUG org.apache.http.headers -- >> User-Agent: Apache-HttpClient/4.5.13 (Java/17.0.9)
07:30:42.182 [main] DEBUG org.apache.http.headers -- >> Accept-Encoding: gzip,deflate
07:30:42.372 [main] DEBUG org.apache.http.wire --  << "HTTP/1.1 401 [\r][\n]"
07:30:42.373 [main] DEBUG org.apache.http.wire --  << "Set-Cookie: JSESSIONID=BAAE7CBA4631340551A04C1DA5D7E0DF; Path=/; HttpOnly[\r][\n]"
07:30:42.373 [main] DEBUG org.apache.http.wire --  << "WWW-Authenticate: Basic realm="Realm"[\r][\n]"
07:30:42.373 [main] DEBUG org.apache.http.wire --  << "X-Content-Type-Options: nosniff[\r][\n]"
07:30:42.373 [main] DEBUG org.apache.http.wire --  << "X-XSS-Protection: 1; mode=block[\r][\n]"
07:30:42.373 [main] DEBUG org.apache.http.wire --  << "Cache-Control: no-cache, no-store, max-age=0, must-revalidate[\r][\n]"
07:30:42.373 [main] DEBUG org.apache.http.wire --  << "Pragma: no-cache[\r][\n]"
07:30:42.373 [main] DEBUG org.apache.http.wire --  << "Expires: 0[\r][\n]"
07:30:42.373 [main] DEBUG org.apache.http.wire --  << "X-Frame-Options: DENY[\r][\n]"
07:30:42.373 [main] DEBUG org.apache.http.wire --  << "Content-Length: 0[\r][\n]"
07:30:42.373 [main] DEBUG org.apache.http.wire --  << "Date: Fri, 03 Jan 2025 02:00:43 GMT[\r][\n]"
07:30:42.373 [main] DEBUG org.apache.http.wire --  << "Keep-Alive: timeout=60[\r][\n]"
07:30:42.374 [main] DEBUG org.apache.http.wire --  << "Connection: keep-alive[\r][\n]"
07:30:42.374 [main] DEBUG org.apache.http.wire --  << "[\r][\n]"
07:30:42.374 [main] DEBUG org.apache.http.impl.conn.DefaultClientConnection -- Receiving response: HTTP/1.1 401 
07:30:42.374 [main] DEBUG org.apache.http.headers -- << HTTP/1.1 401 
07:30:42.374 [main] DEBUG org.apache.http.headers -- << Set-Cookie: JSESSIONID=BAAE7CBA4631340551A04C1DA5D7E0DF; Path=/; HttpOnly
07:30:42.374 [main] DEBUG org.apache.http.headers -- << WWW-Authenticate: Basic realm="Realm"
07:30:42.374 [main] DEBUG org.apache.http.headers -- << X-Content-Type-Options: nosniff
07:30:42.374 [main] DEBUG org.apache.http.headers -- << X-XSS-Protection: 1; mode=block
07:30:42.374 [main] DEBUG org.apache.http.headers -- << Cache-Control: no-cache, no-store, max-age=0, must-revalidate
07:30:42.374 [main] DEBUG org.apache.http.headers -- << Pragma: no-cache
07:30:42.374 [main] DEBUG org.apache.http.headers -- << Expires: 0
07:30:42.374 [main] DEBUG org.apache.http.headers -- << X-Frame-Options: DENY
07:30:42.374 [main] DEBUG org.apache.http.headers -- << Content-Length: 0
07:30:42.374 [main] DEBUG org.apache.http.headers -- << Date: Fri, 03 Jan 2025 02:00:43 GMT
07:30:42.374 [main] DEBUG org.apache.http.headers -- << Keep-Alive: timeout=60
07:30:42.374 [main] DEBUG org.apache.http.headers -- << Connection: keep-alive
07:30:42.374 [main] DEBUG org.apache.http.impl.client.DefaultHttpClient -- Connection can be kept alive for 60000 MILLISECONDS
07:30:42.374 [main] DEBUG org.apache.http.impl.client.DefaultHttpClient -- Authentication required
07:30:42.374 [main] DEBUG org.apache.http.impl.client.DefaultHttpClient -- 13.60.22.209:7081 requested authentication
07:30:42.375 [main] DEBUG org.apache.http.impl.client.TargetAuthenticationStrategy -- Authentication schemes in the order of preference: [Negotiate, Kerberos, NTLM, CredSSP, Digest, Basic]
07:30:42.375 [main] DEBUG org.apache.http.impl.client.TargetAuthenticationStrategy -- Challenge for Negotiate authentication scheme not available
07:30:42.375 [main] DEBUG org.apache.http.impl.client.TargetAuthenticationStrategy -- Challenge for Kerberos authentication scheme not available
07:30:42.375 [main] DEBUG org.apache.http.impl.client.TargetAuthenticationStrategy -- Challenge for NTLM authentication scheme not available
07:30:42.375 [main] DEBUG org.apache.http.impl.client.TargetAuthenticationStrategy -- Challenge for CredSSP authentication scheme not available
07:30:42.375 [main] DEBUG org.apache.http.impl.client.TargetAuthenticationStrategy -- Challenge for Digest authentication scheme not available
07:30:42.375 [main] DEBUG org.apache.http.impl.client.DefaultHttpClient -- Selected authentication options: [BASIC [complete=true]]
07:30:42.375 [main] DEBUG org.apache.http.client.protocol.RequestAddCookies -- CookieSpec selected: ignoreCookies
07:30:42.375 [main] DEBUG org.apache.http.client.protocol.RequestAuthCache -- Auth cache not set in the context
07:30:42.375 [main] DEBUG org.apache.http.client.protocol.RequestTargetAuthentication -- Target auth state: CHALLENGED
07:30:42.375 [main] DEBUG org.apache.http.client.protocol.RequestTargetAuthentication -- Generating response to an authentication challenge using basic scheme
07:30:42.375 [main] DEBUG org.apache.http.client.protocol.RequestProxyAuthentication -- Proxy auth state: UNCHALLENGED
07:30:42.376 [main] DEBUG org.apache.http.impl.client.DefaultHttpClient -- Attempt 2 to execute request
07:30:42.376 [main] DEBUG org.apache.http.impl.conn.DefaultClientConnection -- Sending request: GET /api/books/1 HTTP/1.1
07:30:42.376 [main] DEBUG org.apache.http.wire --  >> "GET /api/books/1 HTTP/1.1[\r][\n]"
07:30:42.376 [main] DEBUG org.apache.http.wire --  >> "Accept: */*[\r][\n]"
07:30:42.376 [main] DEBUG org.apache.http.wire --  >> "Host: 13.60.22.209:7081[\r][\n]"
07:30:42.376 [main] DEBUG org.apache.http.wire --  >> "Connection: Keep-Alive[\r][\n]"
07:30:42.376 [main] DEBUG org.apache.http.wire --  >> "User-Agent: Apache-HttpClient/4.5.13 (Java/17.0.9)[\r][\n]"
07:30:42.376 [main] DEBUG org.apache.http.wire --  >> "Authorization: Basic dXNlcjpwYXNzd29yZA==[\r][\n]"
07:30:42.376 [main] DEBUG org.apache.http.wire --  >> "Accept-Encoding: gzip,deflate[\r][\n]"
07:30:42.376 [main] DEBUG org.apache.http.wire --  >> "[\r][\n]"
07:30:42.376 [main] DEBUG org.apache.http.headers -- >> GET /api/books/1 HTTP/1.1
07:30:42.376 [main] DEBUG org.apache.http.headers -- >> Accept: */*
07:30:42.376 [main] DEBUG org.apache.http.headers -- >> Host: 13.60.22.209:7081
07:30:42.376 [main] DEBUG org.apache.http.headers -- >> Connection: Keep-Alive
07:30:42.376 [main] DEBUG org.apache.http.headers -- >> User-Agent: Apache-HttpClient/4.5.13 (Java/17.0.9)
07:30:42.376 [main] DEBUG org.apache.http.headers -- >> Authorization: Basic dXNlcjpwYXNzd29yZA==
07:30:42.376 [main] DEBUG org.apache.http.headers -- >> Accept-Encoding: gzip,deflate
07:30:42.643 [main] DEBUG org.apache.http.wire --  << "HTTP/1.1 403 [\r][\n]"
07:30:42.643 [main] DEBUG org.apache.http.wire --  << "Set-Cookie: JSESSIONID=B093596032FE1BED443E4C69F01B2A76; Path=/; HttpOnly[\r][\n]"
07:30:42.643 [main] DEBUG org.apache.http.wire --  << "X-Content-Type-Options: nosniff[\r][\n]"
07:30:42.643 [main] DEBUG org.apache.http.wire --  << "X-XSS-Protection: 1; mode=block[\r][\n]"
07:30:42.643 [main] DEBUG org.apache.http.wire --  << "Cache-Control: no-cache, no-store, max-age=0, must-revalidate[\r][\n]"
07:30:42.643 [main] DEBUG org.apache.http.wire --  << "Pragma: no-cache[\r][\n]"
07:30:42.643 [main] DEBUG org.apache.http.wire --  << "Expires: 0[\r][\n]"
07:30:42.643 [main] DEBUG org.apache.http.wire --  << "X-Frame-Options: DENY[\r][\n]"
07:30:42.643 [main] DEBUG org.apache.http.wire --  << "Content-Type: text/plain;charset=UTF-8[\r][\n]"
07:30:42.643 [main] DEBUG org.apache.http.wire --  << "Content-Length: 22[\r][\n]"
07:30:42.643 [main] DEBUG org.apache.http.wire --  << "Date: Fri, 03 Jan 2025 02:00:43 GMT[\r][\n]"
07:30:42.643 [main] DEBUG org.apache.http.wire --  << "Keep-Alive: timeout=60[\r][\n]"
07:30:42.643 [main] DEBUG org.apache.http.wire --  << "Connection: keep-alive[\r][\n]"
07:30:42.643 [main] DEBUG org.apache.http.wire --  << "[\r][\n]"
07:30:42.643 [main] DEBUG org.apache.http.impl.conn.DefaultClientConnection -- Receiving response: HTTP/1.1 403 
07:30:42.643 [main] DEBUG org.apache.http.headers -- << HTTP/1.1 403 
07:30:42.643 [main] DEBUG org.apache.http.headers -- << Set-Cookie: JSESSIONID=B093596032FE1BED443E4C69F01B2A76; Path=/; HttpOnly
07:30:42.643 [main] DEBUG org.apache.http.headers -- << X-Content-Type-Options: nosniff
07:30:42.643 [main] DEBUG org.apache.http.headers -- << X-XSS-Protection: 1; mode=block
07:30:42.643 [main] DEBUG org.apache.http.headers -- << Cache-Control: no-cache, no-store, max-age=0, must-revalidate
07:30:42.643 [main] DEBUG org.apache.http.headers -- << Pragma: no-cache
07:30:42.643 [main] DEBUG org.apache.http.headers -- << Expires: 0
07:30:42.643 [main] DEBUG org.apache.http.headers -- << X-Frame-Options: DENY
07:30:42.643 [main] DEBUG org.apache.http.headers -- << Content-Type: text/plain;charset=UTF-8
07:30:42.643 [main] DEBUG org.apache.http.headers -- << Content-Length: 22
07:30:42.643 [main] DEBUG org.apache.http.headers -- << Date: Fri, 03 Jan 2025 02:00:43 GMT
07:30:42.643 [main] DEBUG org.apache.http.headers -- << Keep-Alive: timeout=60
07:30:42.643 [main] DEBUG org.apache.http.headers -- << Connection: keep-alive
07:30:42.644 [main] DEBUG org.apache.http.impl.client.DefaultHttpClient -- Connection can be kept alive for 60000 MILLISECONDS
07:30:42.644 [main] DEBUG org.apache.http.impl.client.DefaultHttpClient -- Authentication succeeded
07:30:42.644 [main] DEBUG org.apache.http.impl.client.TargetAuthenticationStrategy -- Caching 'basic' auth scheme for http://13.60.22.209:7081
07:30:42.644 [main] DEBUG io.restassured.internal.RestAssuredHttpBuilder -- Parsing response as: text/plain;charset=UTF-8
07:30:42.644 [main] DEBUG io.restassured.internal.RestAssuredHttpBuilder -- Parsed data to instance of: class org.apache.http.conn.EofSensorInputStream
]]></system-out>
  </testcase>
  <testcase name="testGetBookByInvalidIdAsAdmin" classname="TestCases.GetBookAPITests" time="0.722">
    <system-out><![CDATA[07:30:42.657 [main] DEBUG org.apache.http.impl.conn.BasicClientConnectionManager -- Get connection for route {}->http://13.60.22.209:7081
07:30:42.657 [main] DEBUG org.apache.http.impl.conn.DefaultClientConnectionOperator -- Connecting to 13.60.22.209:7081
07:30:42.935 [main] DEBUG org.apache.http.client.protocol.RequestAddCookies -- CookieSpec selected: ignoreCookies
07:30:42.935 [main] DEBUG org.apache.http.client.protocol.RequestAuthCache -- Auth cache not set in the context
07:30:42.935 [main] DEBUG org.apache.http.client.protocol.RequestTargetAuthentication -- Target auth state: UNCHALLENGED
07:30:42.935 [main] DEBUG org.apache.http.client.protocol.RequestProxyAuthentication -- Proxy auth state: UNCHALLENGED
07:30:42.936 [main] DEBUG org.apache.http.impl.client.DefaultHttpClient -- Attempt 1 to execute request
07:30:42.936 [main] DEBUG org.apache.http.impl.conn.DefaultClientConnection -- Sending request: GET /api/books/9999 HTTP/1.1
07:30:42.936 [main] DEBUG org.apache.http.wire --  >> "GET /api/books/9999 HTTP/1.1[\r][\n]"
07:30:42.936 [main] DEBUG org.apache.http.wire --  >> "Accept: */*[\r][\n]"
07:30:42.936 [main] DEBUG org.apache.http.wire --  >> "Host: 13.60.22.209:7081[\r][\n]"
07:30:42.936 [main] DEBUG org.apache.http.wire --  >> "Connection: Keep-Alive[\r][\n]"
07:30:42.936 [main] DEBUG org.apache.http.wire --  >> "User-Agent: Apache-HttpClient/4.5.13 (Java/17.0.9)[\r][\n]"
07:30:42.936 [main] DEBUG org.apache.http.wire --  >> "Accept-Encoding: gzip,deflate[\r][\n]"
07:30:42.936 [main] DEBUG org.apache.http.wire --  >> "[\r][\n]"
07:30:42.936 [main] DEBUG org.apache.http.headers -- >> GET /api/books/9999 HTTP/1.1
07:30:42.936 [main] DEBUG org.apache.http.headers -- >> Accept: */*
07:30:42.936 [main] DEBUG org.apache.http.headers -- >> Host: 13.60.22.209:7081
07:30:42.936 [main] DEBUG org.apache.http.headers -- >> Connection: Keep-Alive
07:30:42.936 [main] DEBUG org.apache.http.headers -- >> User-Agent: Apache-HttpClient/4.5.13 (Java/17.0.9)
07:30:42.936 [main] DEBUG org.apache.http.headers -- >> Accept-Encoding: gzip,deflate
07:30:43.107 [main] DEBUG org.apache.http.wire --  << "HTTP/1.1 401 [\r][\n]"
07:30:43.107 [main] DEBUG org.apache.http.wire --  << "Set-Cookie: JSESSIONID=5346D97FF156E8E369F6D0B7F81BBC46; Path=/; HttpOnly[\r][\n]"
07:30:43.107 [main] DEBUG org.apache.http.wire --  << "WWW-Authenticate: Basic realm="Realm"[\r][\n]"
07:30:43.107 [main] DEBUG org.apache.http.wire --  << "X-Content-Type-Options: nosniff[\r][\n]"
07:30:43.107 [main] DEBUG org.apache.http.wire --  << "X-XSS-Protection: 1; mode=block[\r][\n]"
07:30:43.107 [main] DEBUG org.apache.http.wire --  << "Cache-Control: no-cache, no-store, max-age=0, must-revalidate[\r][\n]"
07:30:43.107 [main] DEBUG org.apache.http.wire --  << "Pragma: no-cache[\r][\n]"
07:30:43.107 [main] DEBUG org.apache.http.wire --  << "Expires: 0[\r][\n]"
07:30:43.107 [main] DEBUG org.apache.http.wire --  << "X-Frame-Options: DENY[\r][\n]"
07:30:43.107 [main] DEBUG org.apache.http.wire --  << "Content-Length: 0[\r][\n]"
07:30:43.107 [main] DEBUG org.apache.http.wire --  << "Date: Fri, 03 Jan 2025 02:00:44 GMT[\r][\n]"
07:30:43.107 [main] DEBUG org.apache.http.wire --  << "Keep-Alive: timeout=60[\r][\n]"
07:30:43.107 [main] DEBUG org.apache.http.wire --  << "Connection: keep-alive[\r][\n]"
07:30:43.107 [main] DEBUG org.apache.http.wire --  << "[\r][\n]"
07:30:43.107 [main] DEBUG org.apache.http.impl.conn.DefaultClientConnection -- Receiving response: HTTP/1.1 401 
07:30:43.107 [main] DEBUG org.apache.http.headers -- << HTTP/1.1 401 
07:30:43.107 [main] DEBUG org.apache.http.headers -- << Set-Cookie: JSESSIONID=5346D97FF156E8E369F6D0B7F81BBC46; Path=/; HttpOnly
07:30:43.107 [main] DEBUG org.apache.http.headers -- << WWW-Authenticate: Basic realm="Realm"
07:30:43.107 [main] DEBUG org.apache.http.headers -- << X-Content-Type-Options: nosniff
07:30:43.107 [main] DEBUG org.apache.http.headers -- << X-XSS-Protection: 1; mode=block
07:30:43.107 [main] DEBUG org.apache.http.headers -- << Cache-Control: no-cache, no-store, max-age=0, must-revalidate
07:30:43.107 [main] DEBUG org.apache.http.headers -- << Pragma: no-cache
07:30:43.107 [main] DEBUG org.apache.http.headers -- << Expires: 0
07:30:43.107 [main] DEBUG org.apache.http.headers -- << X-Frame-Options: DENY
07:30:43.107 [main] DEBUG org.apache.http.headers -- << Content-Length: 0
07:30:43.107 [main] DEBUG org.apache.http.headers -- << Date: Fri, 03 Jan 2025 02:00:44 GMT
07:30:43.108 [main] DEBUG org.apache.http.headers -- << Keep-Alive: timeout=60
07:30:43.108 [main] DEBUG org.apache.http.headers -- << Connection: keep-alive
07:30:43.108 [main] DEBUG org.apache.http.impl.client.DefaultHttpClient -- Connection can be kept alive for 60000 MILLISECONDS
07:30:43.108 [main] DEBUG org.apache.http.impl.client.DefaultHttpClient -- Authentication required
07:30:43.108 [main] DEBUG org.apache.http.impl.client.DefaultHttpClient -- 13.60.22.209:7081 requested authentication
07:30:43.108 [main] DEBUG org.apache.http.impl.client.TargetAuthenticationStrategy -- Authentication schemes in the order of preference: [Negotiate, Kerberos, NTLM, CredSSP, Digest, Basic]
07:30:43.108 [main] DEBUG org.apache.http.impl.client.TargetAuthenticationStrategy -- Challenge for Negotiate authentication scheme not available
07:30:43.108 [main] DEBUG org.apache.http.impl.client.TargetAuthenticationStrategy -- Challenge for Kerberos authentication scheme not available
07:30:43.108 [main] DEBUG org.apache.http.impl.client.TargetAuthenticationStrategy -- Challenge for NTLM authentication scheme not available
07:30:43.108 [main] DEBUG org.apache.http.impl.client.TargetAuthenticationStrategy -- Challenge for CredSSP authentication scheme not available
07:30:43.108 [main] DEBUG org.apache.http.impl.client.TargetAuthenticationStrategy -- Challenge for Digest authentication scheme not available
07:30:43.108 [main] DEBUG org.apache.http.impl.client.DefaultHttpClient -- Selected authentication options: [BASIC [complete=true]]
07:30:43.108 [main] DEBUG org.apache.http.client.protocol.RequestAddCookies -- CookieSpec selected: ignoreCookies
07:30:43.108 [main] DEBUG org.apache.http.client.protocol.RequestAuthCache -- Auth cache not set in the context
07:30:43.108 [main] DEBUG org.apache.http.client.protocol.RequestTargetAuthentication -- Target auth state: CHALLENGED
07:30:43.108 [main] DEBUG org.apache.http.client.protocol.RequestTargetAuthentication -- Generating response to an authentication challenge using basic scheme
07:30:43.108 [main] DEBUG org.apache.http.client.protocol.RequestProxyAuthentication -- Proxy auth state: UNCHALLENGED
07:30:43.108 [main] DEBUG org.apache.http.impl.client.DefaultHttpClient -- Attempt 2 to execute request
07:30:43.108 [main] DEBUG org.apache.http.impl.conn.DefaultClientConnection -- Sending request: GET /api/books/9999 HTTP/1.1
07:30:43.108 [main] DEBUG org.apache.http.wire --  >> "GET /api/books/9999 HTTP/1.1[\r][\n]"
07:30:43.108 [main] DEBUG org.apache.http.wire --  >> "Accept: */*[\r][\n]"
07:30:43.108 [main] DEBUG org.apache.http.wire --  >> "Host: 13.60.22.209:7081[\r][\n]"
07:30:43.108 [main] DEBUG org.apache.http.wire --  >> "Connection: Keep-Alive[\r][\n]"
07:30:43.108 [main] DEBUG org.apache.http.wire --  >> "User-Agent: Apache-HttpClient/4.5.13 (Java/17.0.9)[\r][\n]"
07:30:43.109 [main] DEBUG org.apache.http.wire --  >> "Authorization: Basic YWRtaW46cGFzc3dvcmQ=[\r][\n]"
07:30:43.109 [main] DEBUG org.apache.http.wire --  >> "Accept-Encoding: gzip,deflate[\r][\n]"
07:30:43.109 [main] DEBUG org.apache.http.wire --  >> "[\r][\n]"
07:30:43.109 [main] DEBUG org.apache.http.headers -- >> GET /api/books/9999 HTTP/1.1
07:30:43.109 [main] DEBUG org.apache.http.headers -- >> Accept: */*
07:30:43.109 [main] DEBUG org.apache.http.headers -- >> Host: 13.60.22.209:7081
07:30:43.109 [main] DEBUG org.apache.http.headers -- >> Connection: Keep-Alive
07:30:43.109 [main] DEBUG org.apache.http.headers -- >> User-Agent: Apache-HttpClient/4.5.13 (Java/17.0.9)
07:30:43.109 [main] DEBUG org.apache.http.headers -- >> Authorization: Basic YWRtaW46cGFzc3dvcmQ=
07:30:43.109 [main] DEBUG org.apache.http.headers -- >> Accept-Encoding: gzip,deflate
07:30:43.358 [main] DEBUG org.apache.http.wire --  << "HTTP/1.1 404 [\r][\n]"
07:30:43.359 [main] DEBUG org.apache.http.wire --  << "Set-Cookie: JSESSIONID=72049D006C2D36803A69FCDBF7AC98B3; Path=/; HttpOnly[\r][\n]"
07:30:43.359 [main] DEBUG org.apache.http.wire --  << "X-Content-Type-Options: nosniff[\r][\n]"
07:30:43.359 [main] DEBUG org.apache.http.wire --  << "X-XSS-Protection: 1; mode=block[\r][\n]"
07:30:43.359 [main] DEBUG org.apache.http.wire --  << "Cache-Control: no-cache, no-store, max-age=0, must-revalidate[\r][\n]"
07:30:43.359 [main] DEBUG org.apache.http.wire --  << "Pragma: no-cache[\r][\n]"
07:30:43.359 [main] DEBUG org.apache.http.wire --  << "Expires: 0[\r][\n]"
07:30:43.359 [main] DEBUG org.apache.http.wire --  << "X-Frame-Options: DENY[\r][\n]"
07:30:43.359 [main] DEBUG org.apache.http.wire --  << "Content-Type: text/plain;charset=UTF-8[\r][\n]"
07:30:43.359 [main] DEBUG org.apache.http.wire --  << "Content-Length: 14[\r][\n]"
07:30:43.359 [main] DEBUG org.apache.http.wire --  << "Date: Fri, 03 Jan 2025 02:00:44 GMT[\r][\n]"
07:30:43.359 [main] DEBUG org.apache.http.wire --  << "Keep-Alive: timeout=60[\r][\n]"
07:30:43.359 [main] DEBUG org.apache.http.wire --  << "Connection: keep-alive[\r][\n]"
07:30:43.359 [main] DEBUG org.apache.http.wire --  << "[\r][\n]"
07:30:43.359 [main] DEBUG org.apache.http.impl.conn.DefaultClientConnection -- Receiving response: HTTP/1.1 404 
07:30:43.360 [main] DEBUG org.apache.http.headers -- << HTTP/1.1 404 
07:30:43.360 [main] DEBUG org.apache.http.headers -- << Set-Cookie: JSESSIONID=72049D006C2D36803A69FCDBF7AC98B3; Path=/; HttpOnly
07:30:43.360 [main] DEBUG org.apache.http.headers -- << X-Content-Type-Options: nosniff
07:30:43.360 [main] DEBUG org.apache.http.headers -- << X-XSS-Protection: 1; mode=block
07:30:43.360 [main] DEBUG org.apache.http.headers -- << Cache-Control: no-cache, no-store, max-age=0, must-revalidate
07:30:43.360 [main] DEBUG org.apache.http.headers -- << Pragma: no-cache
07:30:43.360 [main] DEBUG org.apache.http.headers -- << Expires: 0
07:30:43.360 [main] DEBUG org.apache.http.headers -- << X-Frame-Options: DENY
07:30:43.360 [main] DEBUG org.apache.http.headers -- << Content-Type: text/plain;charset=UTF-8
07:30:43.360 [main] DEBUG org.apache.http.headers -- << Content-Length: 14
07:30:43.360 [main] DEBUG org.apache.http.headers -- << Date: Fri, 03 Jan 2025 02:00:44 GMT
07:30:43.360 [main] DEBUG org.apache.http.headers -- << Keep-Alive: timeout=60
07:30:43.360 [main] DEBUG org.apache.http.headers -- << Connection: keep-alive
07:30:43.360 [main] DEBUG org.apache.http.impl.client.DefaultHttpClient -- Connection can be kept alive for 60000 MILLISECONDS
07:30:43.360 [main] DEBUG org.apache.http.impl.client.DefaultHttpClient -- Authentication succeeded
07:30:43.360 [main] DEBUG org.apache.http.impl.client.TargetAuthenticationStrategy -- Caching 'basic' auth scheme for http://13.60.22.209:7081
07:30:43.361 [main] DEBUG io.restassured.internal.RestAssuredHttpBuilder -- Parsing response as: text/plain;charset=UTF-8
07:30:43.362 [main] DEBUG io.restassured.internal.RestAssuredHttpBuilder -- Parsed data to instance of: class org.apache.http.conn.EofSensorInputStream
07:30:43.367 [main] DEBUG org.apache.http.wire --  << "Book not found"
07:30:43.367 [main] DEBUG org.apache.http.impl.conn.BasicClientConnectionManager -- Releasing connection org.apache.http.impl.conn.ManagedClientConnectionImpl@713a35c5
07:30:43.367 [main] DEBUG org.apache.http.impl.conn.BasicClientConnectionManager -- Connection can be kept alive for 60000 MILLISECONDS
]]></system-out>
  </testcase>
  <testcase name="testCreateBookWithDuplicateTitle" classname="TestCases.PostBookAPITests" time="1.467">
    <system-out><![CDATA[07:30:43.445 [Finalizer] DEBUG org.apache.http.impl.conn.DefaultClientConnection -- Connection 0.0.0.0:62909<->13.60.22.209:7081 closed
07:30:43.445 [Finalizer] DEBUG org.apache.http.impl.conn.DefaultClientConnection -- Connection 0.0.0.0:62908<->13.60.22.209:7081 closed
07:30:43.445 [Finalizer] DEBUG org.apache.http.impl.conn.DefaultClientConnection -- Connection 0.0.0.0:62907<->13.60.22.209:7081 closed
07:30:43.446 [Finalizer] DEBUG org.apache.http.impl.conn.DefaultClientConnection -- Connection 0.0.0.0:62910<->13.60.22.209:7081 closed
07:30:43.641 [main] DEBUG org.apache.http.impl.conn.BasicClientConnectionManager -- Get connection for route {}->http://13.60.22.209:7081
07:30:43.642 [main] DEBUG org.apache.http.impl.conn.DefaultClientConnectionOperator -- Connecting to 13.60.22.209:7081
07:30:43.806 [main] DEBUG org.apache.http.client.protocol.RequestAddCookies -- CookieSpec selected: ignoreCookies
07:30:43.806 [main] DEBUG org.apache.http.client.protocol.RequestAuthCache -- Auth cache not set in the context
07:30:43.806 [main] DEBUG org.apache.http.client.protocol.RequestTargetAuthentication -- Target auth state: UNCHALLENGED
07:30:43.806 [main] DEBUG org.apache.http.client.protocol.RequestProxyAuthentication -- Proxy auth state: UNCHALLENGED
07:30:43.806 [main] DEBUG org.apache.http.impl.client.DefaultHttpClient -- Attempt 1 to execute request
07:30:43.806 [main] DEBUG org.apache.http.impl.conn.DefaultClientConnection -- Sending request: POST /api/books HTTP/1.1
07:30:43.806 [main] DEBUG org.apache.http.wire --  >> "POST /api/books HTTP/1.1[\r][\n]"
07:30:43.806 [main] DEBUG org.apache.http.wire --  >> "Accept: */*[\r][\n]"
07:30:43.806 [main] DEBUG org.apache.http.wire --  >> "Content-Type: application/json[\r][\n]"
07:30:43.806 [main] DEBUG org.apache.http.wire --  >> "Content-Length: 55[\r][\n]"
07:30:43.806 [main] DEBUG org.apache.http.wire --  >> "Host: 13.60.22.209:7081[\r][\n]"
07:30:43.806 [main] DEBUG org.apache.http.wire --  >> "Connection: Keep-Alive[\r][\n]"
07:30:43.806 [main] DEBUG org.apache.http.wire --  >> "User-Agent: Apache-HttpClient/4.5.13 (Java/17.0.9)[\r][\n]"
07:30:43.807 [main] DEBUG org.apache.http.wire --  >> "Accept-Encoding: gzip,deflate[\r][\n]"
07:30:43.807 [main] DEBUG org.apache.http.wire --  >> "[\r][\n]"
07:30:43.807 [main] DEBUG org.apache.http.headers -- >> POST /api/books HTTP/1.1
07:30:43.807 [main] DEBUG org.apache.http.headers -- >> Accept: */*
07:30:43.807 [main] DEBUG org.apache.http.headers -- >> Content-Type: application/json
07:30:43.807 [main] DEBUG org.apache.http.headers -- >> Content-Length: 55
07:30:43.807 [main] DEBUG org.apache.http.headers -- >> Host: 13.60.22.209:7081
07:30:43.807 [main] DEBUG org.apache.http.headers -- >> Connection: Keep-Alive
07:30:43.807 [main] DEBUG org.apache.http.headers -- >> User-Agent: Apache-HttpClient/4.5.13 (Java/17.0.9)
07:30:43.807 [main] DEBUG org.apache.http.headers -- >> Accept-Encoding: gzip,deflate
07:30:43.807 [main] DEBUG org.apache.http.wire --  >> "{"author":"Original Author","id":1,"title":"Test Book"}"
07:30:43.972 [main] DEBUG org.apache.http.wire --  << "HTTP/1.1 401 [\r][\n]"
07:30:43.972 [main] DEBUG org.apache.http.wire --  << "Set-Cookie: JSESSIONID=9F8D47BCFF930F5B715A259B3972CA0D; Path=/; HttpOnly[\r][\n]"
07:30:43.972 [main] DEBUG org.apache.http.wire --  << "WWW-Authenticate: Basic realm="Realm"[\r][\n]"
07:30:43.972 [main] DEBUG org.apache.http.wire --  << "X-Content-Type-Options: nosniff[\r][\n]"
07:30:43.972 [main] DEBUG org.apache.http.wire --  << "X-XSS-Protection: 1; mode=block[\r][\n]"
07:30:43.972 [main] DEBUG org.apache.http.wire --  << "Cache-Control: no-cache, no-store, max-age=0, must-revalidate[\r][\n]"
07:30:43.972 [main] DEBUG org.apache.http.wire --  << "Pragma: no-cache[\r][\n]"
07:30:43.972 [main] DEBUG org.apache.http.wire --  << "Expires: 0[\r][\n]"
07:30:43.972 [main] DEBUG org.apache.http.wire --  << "X-Frame-Options: DENY[\r][\n]"
07:30:43.972 [main] DEBUG org.apache.http.wire --  << "Content-Length: 0[\r][\n]"
07:30:43.972 [main] DEBUG org.apache.http.wire --  << "Date: Fri, 03 Jan 2025 02:00:44 GMT[\r][\n]"
07:30:43.972 [main] DEBUG org.apache.http.wire --  << "Keep-Alive: timeout=60[\r][\n]"
07:30:43.972 [main] DEBUG org.apache.http.wire --  << "Connection: keep-alive[\r][\n]"
07:30:43.972 [main] DEBUG org.apache.http.wire --  << "[\r][\n]"
07:30:43.972 [main] DEBUG org.apache.http.impl.conn.DefaultClientConnection -- Receiving response: HTTP/1.1 401 
07:30:43.972 [main] DEBUG org.apache.http.headers -- << HTTP/1.1 401 
07:30:43.972 [main] DEBUG org.apache.http.headers -- << Set-Cookie: JSESSIONID=9F8D47BCFF930F5B715A259B3972CA0D; Path=/; HttpOnly
07:30:43.972 [main] DEBUG org.apache.http.headers -- << WWW-Authenticate: Basic realm="Realm"
07:30:43.972 [main] DEBUG org.apache.http.headers -- << X-Content-Type-Options: nosniff
07:30:43.972 [main] DEBUG org.apache.http.headers -- << X-XSS-Protection: 1; mode=block
07:30:43.972 [main] DEBUG org.apache.http.headers -- << Cache-Control: no-cache, no-store, max-age=0, must-revalidate
07:30:43.972 [main] DEBUG org.apache.http.headers -- << Pragma: no-cache
07:30:43.972 [main] DEBUG org.apache.http.headers -- << Expires: 0
07:30:43.972 [main] DEBUG org.apache.http.headers -- << X-Frame-Options: DENY
07:30:43.972 [main] DEBUG org.apache.http.headers -- << Content-Length: 0
07:30:43.972 [main] DEBUG org.apache.http.headers -- << Date: Fri, 03 Jan 2025 02:00:44 GMT
07:30:43.972 [main] DEBUG org.apache.http.headers -- << Keep-Alive: timeout=60
07:30:43.972 [main] DEBUG org.apache.http.headers -- << Connection: keep-alive
07:30:43.972 [main] DEBUG org.apache.http.impl.client.DefaultHttpClient -- Connection can be kept alive for 60000 MILLISECONDS
07:30:43.972 [main] DEBUG org.apache.http.impl.client.DefaultHttpClient -- Authentication required
07:30:43.972 [main] DEBUG org.apache.http.impl.client.DefaultHttpClient -- 13.60.22.209:7081 requested authentication
07:30:43.972 [main] DEBUG org.apache.http.impl.client.TargetAuthenticationStrategy -- Authentication schemes in the order of preference: [Negotiate, Kerberos, NTLM, CredSSP, Digest, Basic]
07:30:43.972 [main] DEBUG org.apache.http.impl.client.TargetAuthenticationStrategy -- Challenge for Negotiate authentication scheme not available
07:30:43.972 [main] DEBUG org.apache.http.impl.client.TargetAuthenticationStrategy -- Challenge for Kerberos authentication scheme not available
07:30:43.972 [main] DEBUG org.apache.http.impl.client.TargetAuthenticationStrategy -- Challenge for NTLM authentication scheme not available
07:30:43.972 [main] DEBUG org.apache.http.impl.client.TargetAuthenticationStrategy -- Challenge for CredSSP authentication scheme not available
07:30:43.972 [main] DEBUG org.apache.http.impl.client.TargetAuthenticationStrategy -- Challenge for Digest authentication scheme not available
07:30:43.972 [main] DEBUG org.apache.http.impl.client.DefaultHttpClient -- Selected authentication options: [BASIC [complete=true]]
07:30:43.972 [main] DEBUG org.apache.http.client.protocol.RequestAddCookies -- CookieSpec selected: ignoreCookies
07:30:43.973 [main] DEBUG org.apache.http.client.protocol.RequestAuthCache -- Auth cache not set in the context
07:30:43.973 [main] DEBUG org.apache.http.client.protocol.RequestTargetAuthentication -- Target auth state: CHALLENGED
07:30:43.973 [main] DEBUG org.apache.http.client.protocol.RequestTargetAuthentication -- Generating response to an authentication challenge using basic scheme
07:30:43.973 [main] DEBUG org.apache.http.client.protocol.RequestProxyAuthentication -- Proxy auth state: UNCHALLENGED
07:30:43.973 [main] DEBUG org.apache.http.impl.client.DefaultHttpClient -- Attempt 2 to execute request
07:30:43.973 [main] DEBUG org.apache.http.impl.conn.DefaultClientConnection -- Sending request: POST /api/books HTTP/1.1
07:30:43.973 [main] DEBUG org.apache.http.wire --  >> "POST /api/books HTTP/1.1[\r][\n]"
07:30:43.975 [main] DEBUG org.apache.http.wire --  >> "Accept: */*[\r][\n]"
07:30:43.975 [main] DEBUG org.apache.http.wire --  >> "Content-Type: application/json[\r][\n]"
07:30:43.975 [main] DEBUG org.apache.http.wire --  >> "Content-Length: 55[\r][\n]"
07:30:43.975 [main] DEBUG org.apache.http.wire --  >> "Host: 13.60.22.209:7081[\r][\n]"
07:30:43.975 [main] DEBUG org.apache.http.wire --  >> "Connection: Keep-Alive[\r][\n]"
07:30:43.975 [main] DEBUG org.apache.http.wire --  >> "User-Agent: Apache-HttpClient/4.5.13 (Java/17.0.9)[\r][\n]"
07:30:43.975 [main] DEBUG org.apache.http.wire --  >> "Authorization: Basic YWRtaW46cGFzc3dvcmQ=[\r][\n]"
07:30:43.975 [main] DEBUG org.apache.http.wire --  >> "Accept-Encoding: gzip,deflate[\r][\n]"
07:30:43.975 [main] DEBUG org.apache.http.wire --  >> "[\r][\n]"
07:30:43.975 [main] DEBUG org.apache.http.headers -- >> POST /api/books HTTP/1.1
07:30:43.975 [main] DEBUG org.apache.http.headers -- >> Accept: */*
07:30:43.976 [main] DEBUG org.apache.http.headers -- >> Content-Type: application/json
07:30:43.976 [main] DEBUG org.apache.http.headers -- >> Content-Length: 55
07:30:43.976 [main] DEBUG org.apache.http.headers -- >> Host: 13.60.22.209:7081
07:30:43.976 [main] DEBUG org.apache.http.headers -- >> Connection: Keep-Alive
07:30:43.976 [main] DEBUG org.apache.http.headers -- >> User-Agent: Apache-HttpClient/4.5.13 (Java/17.0.9)
07:30:43.976 [main] DEBUG org.apache.http.headers -- >> Authorization: Basic YWRtaW46cGFzc3dvcmQ=
07:30:43.976 [main] DEBUG org.apache.http.headers -- >> Accept-Encoding: gzip,deflate
07:30:43.976 [main] DEBUG org.apache.http.wire --  >> "{"author":"Original Author","id":1,"title":"Test Book"}"
07:30:44.233 [main] DEBUG org.apache.http.wire --  << "HTTP/1.1 208 [\r][\n]"
07:30:44.233 [main] DEBUG org.apache.http.wire --  << "Set-Cookie: JSESSIONID=247C0B36CFD5075F8DADDFC8917A619B; Path=/; HttpOnly[\r][\n]"
07:30:44.233 [main] DEBUG org.apache.http.wire --  << "X-Content-Type-Options: nosniff[\r][\n]"
07:30:44.233 [main] DEBUG org.apache.http.wire --  << "X-XSS-Protection: 1; mode=block[\r][\n]"
07:30:44.233 [main] DEBUG org.apache.http.wire --  << "Cache-Control: no-cache, no-store, max-age=0, must-revalidate[\r][\n]"
07:30:44.233 [main] DEBUG org.apache.http.wire --  << "Pragma: no-cache[\r][\n]"
07:30:44.233 [main] DEBUG org.apache.http.wire --  << "Expires: 0[\r][\n]"
07:30:44.233 [main] DEBUG org.apache.http.wire --  << "X-Frame-Options: DENY[\r][\n]"
07:30:44.233 [main] DEBUG org.apache.http.wire --  << "Content-Type: text/plain;charset=UTF-8[\r][\n]"
07:30:44.233 [main] DEBUG org.apache.http.wire --  << "Content-Length: 19[\r][\n]"
07:30:44.233 [main] DEBUG org.apache.http.wire --  << "Date: Fri, 03 Jan 2025 02:00:45 GMT[\r][\n]"
07:30:44.233 [main] DEBUG org.apache.http.wire --  << "Keep-Alive: timeout=60[\r][\n]"
07:30:44.233 [main] DEBUG org.apache.http.wire --  << "Connection: keep-alive[\r][\n]"
07:30:44.233 [main] DEBUG org.apache.http.wire --  << "[\r][\n]"
07:30:44.233 [main] DEBUG org.apache.http.impl.conn.DefaultClientConnection -- Receiving response: HTTP/1.1 208 
07:30:44.233 [main] DEBUG org.apache.http.headers -- << HTTP/1.1 208 
07:30:44.233 [main] DEBUG org.apache.http.headers -- << Set-Cookie: JSESSIONID=247C0B36CFD5075F8DADDFC8917A619B; Path=/; HttpOnly
07:30:44.233 [main] DEBUG org.apache.http.headers -- << X-Content-Type-Options: nosniff
07:30:44.233 [main] DEBUG org.apache.http.headers -- << X-XSS-Protection: 1; mode=block
07:30:44.233 [main] DEBUG org.apache.http.headers -- << Cache-Control: no-cache, no-store, max-age=0, must-revalidate
07:30:44.233 [main] DEBUG org.apache.http.headers -- << Pragma: no-cache
07:30:44.233 [main] DEBUG org.apache.http.headers -- << Expires: 0
07:30:44.233 [main] DEBUG org.apache.http.headers -- << X-Frame-Options: DENY
07:30:44.233 [main] DEBUG org.apache.http.headers -- << Content-Type: text/plain;charset=UTF-8
07:30:44.233 [main] DEBUG org.apache.http.headers -- << Content-Length: 19
07:30:44.233 [main] DEBUG org.apache.http.headers -- << Date: Fri, 03 Jan 2025 02:00:45 GMT
07:30:44.233 [main] DEBUG org.apache.http.headers -- << Keep-Alive: timeout=60
07:30:44.233 [main] DEBUG org.apache.http.headers -- << Connection: keep-alive
07:30:44.234 [main] DEBUG org.apache.http.impl.client.DefaultHttpClient -- Connection can be kept alive for 60000 MILLISECONDS
07:30:44.234 [main] DEBUG org.apache.http.impl.client.DefaultHttpClient -- Authentication succeeded
07:30:44.234 [main] DEBUG org.apache.http.impl.client.TargetAuthenticationStrategy -- Caching 'basic' auth scheme for http://13.60.22.209:7081
07:30:44.234 [main] DEBUG io.restassured.internal.RestAssuredHttpBuilder -- Parsing response as: text/plain;charset=UTF-8
07:30:44.234 [main] DEBUG io.restassured.internal.RestAssuredHttpBuilder -- Parsed data to instance of: class org.apache.http.conn.EofSensorInputStream
07:30:44.245 [main] DEBUG org.apache.http.impl.conn.BasicClientConnectionManager -- Get connection for route {}->http://13.60.22.209:7081
07:30:44.245 [main] DEBUG org.apache.http.impl.conn.DefaultClientConnectionOperator -- Connecting to 13.60.22.209:7081
07:30:44.407 [main] DEBUG org.apache.http.client.protocol.RequestAddCookies -- CookieSpec selected: ignoreCookies
07:30:44.407 [main] DEBUG org.apache.http.client.protocol.RequestAuthCache -- Auth cache not set in the context
07:30:44.407 [main] DEBUG org.apache.http.client.protocol.RequestTargetAuthentication -- Target auth state: UNCHALLENGED
07:30:44.407 [main] DEBUG org.apache.http.client.protocol.RequestProxyAuthentication -- Proxy auth state: UNCHALLENGED
07:30:44.407 [main] DEBUG org.apache.http.impl.client.DefaultHttpClient -- Attempt 1 to execute request
07:30:44.407 [main] DEBUG org.apache.http.impl.conn.DefaultClientConnection -- Sending request: POST /api/books HTTP/1.1
07:30:44.407 [main] DEBUG org.apache.http.wire --  >> "POST /api/books HTTP/1.1[\r][\n]"
07:30:44.407 [main] DEBUG org.apache.http.wire --  >> "Accept: */*[\r][\n]"
07:30:44.407 [main] DEBUG org.apache.http.wire --  >> "Content-Type: application/json[\r][\n]"
07:30:44.407 [main] DEBUG org.apache.http.wire --  >> "Content-Length: 50[\r][\n]"
07:30:44.407 [main] DEBUG org.apache.http.wire --  >> "Host: 13.60.22.209:7081[\r][\n]"
07:30:44.407 [main] DEBUG org.apache.http.wire --  >> "Connection: Keep-Alive[\r][\n]"
07:30:44.407 [main] DEBUG org.apache.http.wire --  >> "User-Agent: Apache-HttpClient/4.5.13 (Java/17.0.9)[\r][\n]"
07:30:44.407 [main] DEBUG org.apache.http.wire --  >> "Accept-Encoding: gzip,deflate[\r][\n]"
07:30:44.407 [main] DEBUG org.apache.http.wire --  >> "[\r][\n]"
07:30:44.407 [main] DEBUG org.apache.http.headers -- >> POST /api/books HTTP/1.1
07:30:44.407 [main] DEBUG org.apache.http.headers -- >> Accept: */*
07:30:44.407 [main] DEBUG org.apache.http.headers -- >> Content-Type: application/json
07:30:44.407 [main] DEBUG org.apache.http.headers -- >> Content-Length: 50
07:30:44.407 [main] DEBUG org.apache.http.headers -- >> Host: 13.60.22.209:7081
07:30:44.407 [main] DEBUG org.apache.http.headers -- >> Connection: Keep-Alive
07:30:44.407 [main] DEBUG org.apache.http.headers -- >> User-Agent: Apache-HttpClient/4.5.13 (Java/17.0.9)
07:30:44.407 [main] DEBUG org.apache.http.headers -- >> Accept-Encoding: gzip,deflate
07:30:44.407 [main] DEBUG org.apache.http.wire --  >> "{"author":"New Author","id":1,"title":"Test Book"}"
07:30:44.585 [main] DEBUG org.apache.http.wire --  << "HTTP/1.1 401 [\r][\n]"
07:30:44.585 [main] DEBUG org.apache.http.wire --  << "Set-Cookie: JSESSIONID=AAD21E30B6E314E70A7335556961BEC9; Path=/; HttpOnly[\r][\n]"
07:30:44.585 [main] DEBUG org.apache.http.wire --  << "WWW-Authenticate: Basic realm="Realm"[\r][\n]"
07:30:44.585 [main] DEBUG org.apache.http.wire --  << "X-Content-Type-Options: nosniff[\r][\n]"
07:30:44.585 [main] DEBUG org.apache.http.wire --  << "X-XSS-Protection: 1; mode=block[\r][\n]"
07:30:44.585 [main] DEBUG org.apache.http.wire --  << "Cache-Control: no-cache, no-store, max-age=0, must-revalidate[\r][\n]"
07:30:44.585 [main] DEBUG org.apache.http.wire --  << "Pragma: no-cache[\r][\n]"
07:30:44.585 [main] DEBUG org.apache.http.wire --  << "Expires: 0[\r][\n]"
07:30:44.585 [main] DEBUG org.apache.http.wire --  << "X-Frame-Options: DENY[\r][\n]"
07:30:44.585 [main] DEBUG org.apache.http.wire --  << "Content-Length: 0[\r][\n]"
07:30:44.585 [main] DEBUG org.apache.http.wire --  << "Date: Fri, 03 Jan 2025 02:00:45 GMT[\r][\n]"
07:30:44.585 [main] DEBUG org.apache.http.wire --  << "Keep-Alive: timeout=60[\r][\n]"
07:30:44.585 [main] DEBUG org.apache.http.wire --  << "Connection: keep-alive[\r][\n]"
07:30:44.585 [main] DEBUG org.apache.http.wire --  << "[\r][\n]"
07:30:44.585 [main] DEBUG org.apache.http.impl.conn.DefaultClientConnection -- Receiving response: HTTP/1.1 401 
07:30:44.585 [main] DEBUG org.apache.http.headers -- << HTTP/1.1 401 
07:30:44.585 [main] DEBUG org.apache.http.headers -- << Set-Cookie: JSESSIONID=AAD21E30B6E314E70A7335556961BEC9; Path=/; HttpOnly
07:30:44.585 [main] DEBUG org.apache.http.headers -- << WWW-Authenticate: Basic realm="Realm"
07:30:44.585 [main] DEBUG org.apache.http.headers -- << X-Content-Type-Options: nosniff
07:30:44.585 [main] DEBUG org.apache.http.headers -- << X-XSS-Protection: 1; mode=block
07:30:44.585 [main] DEBUG org.apache.http.headers -- << Cache-Control: no-cache, no-store, max-age=0, must-revalidate
07:30:44.585 [main] DEBUG org.apache.http.headers -- << Pragma: no-cache
07:30:44.585 [main] DEBUG org.apache.http.headers -- << Expires: 0
07:30:44.585 [main] DEBUG org.apache.http.headers -- << X-Frame-Options: DENY
07:30:44.585 [main] DEBUG org.apache.http.headers -- << Content-Length: 0
07:30:44.585 [main] DEBUG org.apache.http.headers -- << Date: Fri, 03 Jan 2025 02:00:45 GMT
07:30:44.585 [main] DEBUG org.apache.http.headers -- << Keep-Alive: timeout=60
07:30:44.585 [main] DEBUG org.apache.http.headers -- << Connection: keep-alive
07:30:44.586 [main] DEBUG org.apache.http.impl.client.DefaultHttpClient -- Connection can be kept alive for 60000 MILLISECONDS
07:30:44.586 [main] DEBUG org.apache.http.impl.client.DefaultHttpClient -- Authentication required
07:30:44.586 [main] DEBUG org.apache.http.impl.client.DefaultHttpClient -- 13.60.22.209:7081 requested authentication
07:30:44.586 [main] DEBUG org.apache.http.impl.client.TargetAuthenticationStrategy -- Authentication schemes in the order of preference: [Negotiate, Kerberos, NTLM, CredSSP, Digest, Basic]
07:30:44.586 [main] DEBUG org.apache.http.impl.client.TargetAuthenticationStrategy -- Challenge for Negotiate authentication scheme not available
07:30:44.586 [main] DEBUG org.apache.http.impl.client.TargetAuthenticationStrategy -- Challenge for Kerberos authentication scheme not available
07:30:44.586 [main] DEBUG org.apache.http.impl.client.TargetAuthenticationStrategy -- Challenge for NTLM authentication scheme not available
07:30:44.586 [main] DEBUG org.apache.http.impl.client.TargetAuthenticationStrategy -- Challenge for CredSSP authentication scheme not available
07:30:44.586 [main] DEBUG org.apache.http.impl.client.TargetAuthenticationStrategy -- Challenge for Digest authentication scheme not available
07:30:44.586 [main] DEBUG org.apache.http.impl.client.DefaultHttpClient -- Selected authentication options: [BASIC [complete=true]]
07:30:44.586 [main] DEBUG org.apache.http.client.protocol.RequestAddCookies -- CookieSpec selected: ignoreCookies
07:30:44.586 [main] DEBUG org.apache.http.client.protocol.RequestAuthCache -- Auth cache not set in the context
07:30:44.586 [main] DEBUG org.apache.http.client.protocol.RequestTargetAuthentication -- Target auth state: CHALLENGED
07:30:44.586 [main] DEBUG org.apache.http.client.protocol.RequestTargetAuthentication -- Generating response to an authentication challenge using basic scheme
07:30:44.586 [main] DEBUG org.apache.http.client.protocol.RequestProxyAuthentication -- Proxy auth state: UNCHALLENGED
07:30:44.586 [main] DEBUG org.apache.http.impl.client.DefaultHttpClient -- Attempt 2 to execute request
07:30:44.586 [main] DEBUG org.apache.http.impl.conn.DefaultClientConnection -- Sending request: POST /api/books HTTP/1.1
07:30:44.586 [main] DEBUG org.apache.http.wire --  >> "POST /api/books HTTP/1.1[\r][\n]"
07:30:44.586 [main] DEBUG org.apache.http.wire --  >> "Accept: */*[\r][\n]"
07:30:44.586 [main] DEBUG org.apache.http.wire --  >> "Content-Type: application/json[\r][\n]"
07:30:44.586 [main] DEBUG org.apache.http.wire --  >> "Content-Length: 50[\r][\n]"
07:30:44.586 [main] DEBUG org.apache.http.wire --  >> "Host: 13.60.22.209:7081[\r][\n]"
07:30:44.586 [main] DEBUG org.apache.http.wire --  >> "Connection: Keep-Alive[\r][\n]"
07:30:44.587 [main] DEBUG org.apache.http.wire --  >> "User-Agent: Apache-HttpClient/4.5.13 (Java/17.0.9)[\r][\n]"
07:30:44.587 [main] DEBUG org.apache.http.wire --  >> "Authorization: Basic YWRtaW46cGFzc3dvcmQ=[\r][\n]"
07:30:44.587 [main] DEBUG org.apache.http.wire --  >> "Accept-Encoding: gzip,deflate[\r][\n]"
07:30:44.587 [main] DEBUG org.apache.http.wire --  >> "[\r][\n]"
07:30:44.587 [main] DEBUG org.apache.http.headers -- >> POST /api/books HTTP/1.1
07:30:44.587 [main] DEBUG org.apache.http.headers -- >> Accept: */*
07:30:44.587 [main] DEBUG org.apache.http.headers -- >> Content-Type: application/json
07:30:44.587 [main] DEBUG org.apache.http.headers -- >> Content-Length: 50
07:30:44.587 [main] DEBUG org.apache.http.headers -- >> Host: 13.60.22.209:7081
07:30:44.587 [main] DEBUG org.apache.http.headers -- >> Connection: Keep-Alive
07:30:44.587 [main] DEBUG org.apache.http.headers -- >> User-Agent: Apache-HttpClient/4.5.13 (Java/17.0.9)
07:30:44.587 [main] DEBUG org.apache.http.headers -- >> Authorization: Basic YWRtaW46cGFzc3dvcmQ=
07:30:44.587 [main] DEBUG org.apache.http.headers -- >> Accept-Encoding: gzip,deflate
07:30:44.587 [main] DEBUG org.apache.http.wire --  >> "{"author":"New Author","id":1,"title":"Test Book"}"
07:30:44.834 [main] DEBUG org.apache.http.wire --  << "HTTP/1.1 208 [\r][\n]"
07:30:44.835 [main] DEBUG org.apache.http.wire --  << "Set-Cookie: JSESSIONID=0CF6019CA2D8FB29AA28FFADCD0B03D3; Path=/; HttpOnly[\r][\n]"
07:30:44.835 [main] DEBUG org.apache.http.wire --  << "X-Content-Type-Options: nosniff[\r][\n]"
07:30:44.835 [main] DEBUG org.apache.http.wire --  << "X-XSS-Protection: 1; mode=block[\r][\n]"
07:30:44.835 [main] DEBUG org.apache.http.wire --  << "Cache-Control: no-cache, no-store, max-age=0, must-revalidate[\r][\n]"
07:30:44.835 [main] DEBUG org.apache.http.wire --  << "Pragma: no-cache[\r][\n]"
07:30:44.835 [main] DEBUG org.apache.http.wire --  << "Expires: 0[\r][\n]"
07:30:44.835 [main] DEBUG org.apache.http.wire --  << "X-Frame-Options: DENY[\r][\n]"
07:30:44.835 [main] DEBUG org.apache.http.wire --  << "Content-Type: text/plain;charset=UTF-8[\r][\n]"
07:30:44.835 [main] DEBUG org.apache.http.wire --  << "Content-Length: 19[\r][\n]"
07:30:44.835 [main] DEBUG org.apache.http.wire --  << "Date: Fri, 03 Jan 2025 02:00:45 GMT[\r][\n]"
07:30:44.835 [main] DEBUG org.apache.http.wire --  << "Keep-Alive: timeout=60[\r][\n]"
07:30:44.835 [main] DEBUG org.apache.http.wire --  << "Connection: keep-alive[\r][\n]"
07:30:44.835 [main] DEBUG org.apache.http.wire --  << "[\r][\n]"
07:30:44.835 [main] DEBUG org.apache.http.impl.conn.DefaultClientConnection -- Receiving response: HTTP/1.1 208 
07:30:44.835 [main] DEBUG org.apache.http.headers -- << HTTP/1.1 208 
07:30:44.835 [main] DEBUG org.apache.http.headers -- << Set-Cookie: JSESSIONID=0CF6019CA2D8FB29AA28FFADCD0B03D3; Path=/; HttpOnly
07:30:44.835 [main] DEBUG org.apache.http.headers -- << X-Content-Type-Options: nosniff
07:30:44.835 [main] DEBUG org.apache.http.headers -- << X-XSS-Protection: 1; mode=block
07:30:44.835 [main] DEBUG org.apache.http.headers -- << Cache-Control: no-cache, no-store, max-age=0, must-revalidate
07:30:44.835 [main] DEBUG org.apache.http.headers -- << Pragma: no-cache
07:30:44.835 [main] DEBUG org.apache.http.headers -- << Expires: 0
07:30:44.835 [main] DEBUG org.apache.http.headers -- << X-Frame-Options: DENY
07:30:44.835 [main] DEBUG org.apache.http.headers -- << Content-Type: text/plain;charset=UTF-8
07:30:44.835 [main] DEBUG org.apache.http.headers -- << Content-Length: 19
07:30:44.835 [main] DEBUG org.apache.http.headers -- << Date: Fri, 03 Jan 2025 02:00:45 GMT
07:30:44.835 [main] DEBUG org.apache.http.headers -- << Keep-Alive: timeout=60
07:30:44.835 [main] DEBUG org.apache.http.headers -- << Connection: keep-alive
07:30:44.836 [main] DEBUG org.apache.http.impl.client.DefaultHttpClient -- Connection can be kept alive for 60000 MILLISECONDS
07:30:44.836 [main] DEBUG org.apache.http.impl.client.DefaultHttpClient -- Authentication succeeded
07:30:44.836 [main] DEBUG org.apache.http.impl.client.TargetAuthenticationStrategy -- Caching 'basic' auth scheme for http://13.60.22.209:7081
07:30:44.836 [main] DEBUG io.restassured.internal.RestAssuredHttpBuilder -- Parsing response as: text/plain;charset=UTF-8
07:30:44.836 [main] DEBUG io.restassured.internal.RestAssuredHttpBuilder -- Parsed data to instance of: class org.apache.http.conn.EofSensorInputStream
07:30:44.838 [main] DEBUG org.apache.http.wire --  << "Book Already Exists"
07:30:44.839 [main] DEBUG org.apache.http.impl.conn.BasicClientConnectionManager -- Releasing connection org.apache.http.impl.conn.ManagedClientConnectionImpl@7d37ee0c
07:30:44.839 [main] DEBUG org.apache.http.impl.conn.BasicClientConnectionManager -- Connection can be kept alive for 60000 MILLISECONDS
]]></system-out>
  </testcase>
  <testcase name="testCreateBookWithMissingAuthor" classname="TestCases.PostBookAPITests" time="0.631">
    <failure message="Expected status code is 400 expected [400] but found [208]" type="java.lang.AssertionError"><![CDATA[java.lang.AssertionError: Expected status code is 400 expected [400] but found [208]
	at org.testng.Assert.fail(Assert.java:110)
	at org.testng.Assert.failNotEquals(Assert.java:1413)
	at org.testng.Assert.assertEqualsImpl(Assert.java:149)
	at org.testng.Assert.assertEquals(Assert.java:131)
	at org.testng.Assert.assertEquals(Assert.java:1240)
	at TestCases.PostBookAPITests.testCreateBookWithMissingAuthor(PostBookAPITests.java:58)
	at java.base/jdk.internal.reflect.NativeMethodAccessorImpl.invoke0(Native Method)
	at java.base/jdk.internal.reflect.NativeMethodAccessorImpl.invoke(NativeMethodAccessorImpl.java:77)
	at java.base/jdk.internal.reflect.DelegatingMethodAccessorImpl.invoke(DelegatingMethodAccessorImpl.java:43)
	at java.base/java.lang.reflect.Method.invoke(Method.java:568)
	at org.testng.internal.invokers.MethodInvocationHelper.invokeMethod(MethodInvocationHelper.java:139)
	at org.testng.internal.invokers.TestInvoker.invokeMethod(TestInvoker.java:677)
	at org.testng.internal.invokers.TestInvoker.invokeTestMethod(TestInvoker.java:221)
	at org.testng.internal.invokers.MethodRunner.runInSequence(MethodRunner.java:50)
	at org.testng.internal.invokers.TestInvoker$MethodInvocationAgent.invoke(TestInvoker.java:969)
	at org.testng.internal.invokers.TestInvoker.invokeTestMethods(TestInvoker.java:194)
	at org.testng.internal.invokers.TestMethodWorker.invokeTestMethods(TestMethodWorker.java:148)
	at org.testng.internal.invokers.TestMethodWorker.run(TestMethodWorker.java:128)
	at java.base/java.util.ArrayList.forEach(ArrayList.java:1511)
	at org.testng.TestRunner.privateRun(TestRunner.java:829)
	at org.testng.TestRunner.run(TestRunner.java:602)
	at org.testng.SuiteRunner.runTest(SuiteRunner.java:437)
	at org.testng.SuiteRunner.runSequentially(SuiteRunner.java:431)
	at org.testng.SuiteRunner.privateRun(SuiteRunner.java:391)
	at org.testng.SuiteRunner.run(SuiteRunner.java:330)
	at org.testng.SuiteRunnerWorker.runSuite(SuiteRunnerWorker.java:52)
	at org.testng.SuiteRunnerWorker.run(SuiteRunnerWorker.java:95)
	at org.testng.TestNG.runSuitesSequentially(TestNG.java:1256)
	at org.testng.TestNG.runSuitesLocally(TestNG.java:1176)
	at org.testng.TestNG.runSuites(TestNG.java:1099)
	at org.testng.TestNG.run(TestNG.java:1067)
	at org.apache.maven.surefire.testng.TestNGExecutor.run(TestNGExecutor.java:324)
	at org.apache.maven.surefire.testng.TestNGXmlTestSuite.execute(TestNGXmlTestSuite.java:74)
	at org.apache.maven.surefire.testng.TestNGProvider.invoke(TestNGProvider.java:123)
	at org.apache.maven.surefire.booter.ForkedBooter.runSuitesInProcess(ForkedBooter.java:456)
	at org.apache.maven.surefire.booter.ForkedBooter.execute(ForkedBooter.java:169)
	at org.apache.maven.surefire.booter.ForkedBooter.run(ForkedBooter.java:595)
	at org.apache.maven.surefire.booter.ForkedBooter.main(ForkedBooter.java:581)
]]></failure>
    <system-out><![CDATA[07:30:44.856 [main] DEBUG org.apache.http.impl.conn.BasicClientConnectionManager -- Get connection for route {}->http://13.60.22.209:7081
07:30:44.856 [main] DEBUG org.apache.http.impl.conn.DefaultClientConnectionOperator -- Connecting to 13.60.22.209:7081
07:30:45.017 [main] DEBUG org.apache.http.client.protocol.RequestAddCookies -- CookieSpec selected: ignoreCookies
07:30:45.017 [main] DEBUG org.apache.http.client.protocol.RequestAuthCache -- Auth cache not set in the context
07:30:45.017 [main] DEBUG org.apache.http.client.protocol.RequestTargetAuthentication -- Target auth state: UNCHALLENGED
07:30:45.017 [main] DEBUG org.apache.http.client.protocol.RequestProxyAuthentication -- Proxy auth state: UNCHALLENGED
07:30:45.017 [main] DEBUG org.apache.http.impl.client.DefaultHttpClient -- Attempt 1 to execute request
07:30:45.017 [main] DEBUG org.apache.http.impl.conn.DefaultClientConnection -- Sending request: POST /api/books HTTP/1.1
07:30:45.018 [main] DEBUG org.apache.http.wire --  >> "POST /api/books HTTP/1.1[\r][\n]"
07:30:45.018 [main] DEBUG org.apache.http.wire --  >> "Accept: */*[\r][\n]"
07:30:45.018 [main] DEBUG org.apache.http.wire --  >> "Content-Type: application/json[\r][\n]"
07:30:45.018 [main] DEBUG org.apache.http.wire --  >> "Content-Length: 43[\r][\n]"
07:30:45.018 [main] DEBUG org.apache.http.wire --  >> "Host: 13.60.22.209:7081[\r][\n]"
07:30:45.018 [main] DEBUG org.apache.http.wire --  >> "Connection: Keep-Alive[\r][\n]"
07:30:45.018 [main] DEBUG org.apache.http.wire --  >> "User-Agent: Apache-HttpClient/4.5.13 (Java/17.0.9)[\r][\n]"
07:30:45.018 [main] DEBUG org.apache.http.wire --  >> "Accept-Encoding: gzip,deflate[\r][\n]"
07:30:45.018 [main] DEBUG org.apache.http.wire --  >> "[\r][\n]"
07:30:45.018 [main] DEBUG org.apache.http.headers -- >> POST /api/books HTTP/1.1
07:30:45.018 [main] DEBUG org.apache.http.headers -- >> Accept: */*
07:30:45.018 [main] DEBUG org.apache.http.headers -- >> Content-Type: application/json
07:30:45.018 [main] DEBUG org.apache.http.headers -- >> Content-Length: 43
07:30:45.018 [main] DEBUG org.apache.http.headers -- >> Host: 13.60.22.209:7081
07:30:45.018 [main] DEBUG org.apache.http.headers -- >> Connection: Keep-Alive
07:30:45.018 [main] DEBUG org.apache.http.headers -- >> User-Agent: Apache-HttpClient/4.5.13 (Java/17.0.9)
07:30:45.018 [main] DEBUG org.apache.http.headers -- >> Accept-Encoding: gzip,deflate
07:30:45.018 [main] DEBUG org.apache.http.wire --  >> "{"author":null,"id":1,"title":"Test Book2"}"
07:30:45.204 [main] DEBUG org.apache.http.wire --  << "HTTP/1.1 401 [\r][\n]"
07:30:45.205 [main] DEBUG org.apache.http.wire --  << "Set-Cookie: JSESSIONID=BE13334CB178F396D6F12AC8A4FF32C3; Path=/; HttpOnly[\r][\n]"
07:30:45.205 [main] DEBUG org.apache.http.wire --  << "WWW-Authenticate: Basic realm="Realm"[\r][\n]"
07:30:45.205 [main] DEBUG org.apache.http.wire --  << "X-Content-Type-Options: nosniff[\r][\n]"
07:30:45.205 [main] DEBUG org.apache.http.wire --  << "X-XSS-Protection: 1; mode=block[\r][\n]"
07:30:45.205 [main] DEBUG org.apache.http.wire --  << "Cache-Control: no-cache, no-store, max-age=0, must-revalidate[\r][\n]"
07:30:45.205 [main] DEBUG org.apache.http.wire --  << "Pragma: no-cache[\r][\n]"
07:30:45.205 [main] DEBUG org.apache.http.wire --  << "Expires: 0[\r][\n]"
07:30:45.205 [main] DEBUG org.apache.http.wire --  << "X-Frame-Options: DENY[\r][\n]"
07:30:45.205 [main] DEBUG org.apache.http.wire --  << "Content-Length: 0[\r][\n]"
07:30:45.205 [main] DEBUG org.apache.http.wire --  << "Date: Fri, 03 Jan 2025 02:00:45 GMT[\r][\n]"
07:30:45.205 [main] DEBUG org.apache.http.wire --  << "Keep-Alive: timeout=60[\r][\n]"
07:30:45.205 [main] DEBUG org.apache.http.wire --  << "Connection: keep-alive[\r][\n]"
07:30:45.205 [main] DEBUG org.apache.http.wire --  << "[\r][\n]"
07:30:45.205 [main] DEBUG org.apache.http.impl.conn.DefaultClientConnection -- Receiving response: HTTP/1.1 401 
07:30:45.205 [main] DEBUG org.apache.http.headers -- << HTTP/1.1 401 
07:30:45.205 [main] DEBUG org.apache.http.headers -- << Set-Cookie: JSESSIONID=BE13334CB178F396D6F12AC8A4FF32C3; Path=/; HttpOnly
07:30:45.205 [main] DEBUG org.apache.http.headers -- << WWW-Authenticate: Basic realm="Realm"
07:30:45.205 [main] DEBUG org.apache.http.headers -- << X-Content-Type-Options: nosniff
07:30:45.205 [main] DEBUG org.apache.http.headers -- << X-XSS-Protection: 1; mode=block
07:30:45.205 [main] DEBUG org.apache.http.headers -- << Cache-Control: no-cache, no-store, max-age=0, must-revalidate
07:30:45.205 [main] DEBUG org.apache.http.headers -- << Pragma: no-cache
07:30:45.205 [main] DEBUG org.apache.http.headers -- << Expires: 0
07:30:45.205 [main] DEBUG org.apache.http.headers -- << X-Frame-Options: DENY
07:30:45.205 [main] DEBUG org.apache.http.headers -- << Content-Length: 0
07:30:45.206 [main] DEBUG org.apache.http.headers -- << Date: Fri, 03 Jan 2025 02:00:45 GMT
07:30:45.206 [main] DEBUG org.apache.http.headers -- << Keep-Alive: timeout=60
07:30:45.206 [main] DEBUG org.apache.http.headers -- << Connection: keep-alive
07:30:45.206 [main] DEBUG org.apache.http.impl.client.DefaultHttpClient -- Connection can be kept alive for 60000 MILLISECONDS
07:30:45.206 [main] DEBUG org.apache.http.impl.client.DefaultHttpClient -- Authentication required
07:30:45.206 [main] DEBUG org.apache.http.impl.client.DefaultHttpClient -- 13.60.22.209:7081 requested authentication
07:30:45.206 [main] DEBUG org.apache.http.impl.client.TargetAuthenticationStrategy -- Authentication schemes in the order of preference: [Negotiate, Kerberos, NTLM, CredSSP, Digest, Basic]
07:30:45.206 [main] DEBUG org.apache.http.impl.client.TargetAuthenticationStrategy -- Challenge for Negotiate authentication scheme not available
07:30:45.206 [main] DEBUG org.apache.http.impl.client.TargetAuthenticationStrategy -- Challenge for Kerberos authentication scheme not available
07:30:45.206 [main] DEBUG org.apache.http.impl.client.TargetAuthenticationStrategy -- Challenge for NTLM authentication scheme not available
07:30:45.206 [main] DEBUG org.apache.http.impl.client.TargetAuthenticationStrategy -- Challenge for CredSSP authentication scheme not available
07:30:45.206 [main] DEBUG org.apache.http.impl.client.TargetAuthenticationStrategy -- Challenge for Digest authentication scheme not available
07:30:45.206 [main] DEBUG org.apache.http.impl.client.DefaultHttpClient -- Selected authentication options: [BASIC [complete=true]]
07:30:45.206 [main] DEBUG org.apache.http.client.protocol.RequestAddCookies -- CookieSpec selected: ignoreCookies
07:30:45.206 [main] DEBUG org.apache.http.client.protocol.RequestAuthCache -- Auth cache not set in the context
07:30:45.206 [main] DEBUG org.apache.http.client.protocol.RequestTargetAuthentication -- Target auth state: CHALLENGED
07:30:45.206 [main] DEBUG org.apache.http.client.protocol.RequestTargetAuthentication -- Generating response to an authentication challenge using basic scheme
07:30:45.206 [main] DEBUG org.apache.http.client.protocol.RequestProxyAuthentication -- Proxy auth state: UNCHALLENGED
07:30:45.206 [main] DEBUG org.apache.http.impl.client.DefaultHttpClient -- Attempt 2 to execute request
07:30:45.206 [main] DEBUG org.apache.http.impl.conn.DefaultClientConnection -- Sending request: POST /api/books HTTP/1.1
07:30:45.206 [main] DEBUG org.apache.http.wire --  >> "POST /api/books HTTP/1.1[\r][\n]"
07:30:45.206 [main] DEBUG org.apache.http.wire --  >> "Accept: */*[\r][\n]"
07:30:45.206 [main] DEBUG org.apache.http.wire --  >> "Content-Type: application/json[\r][\n]"
07:30:45.206 [main] DEBUG org.apache.http.wire --  >> "Content-Length: 43[\r][\n]"
07:30:45.206 [main] DEBUG org.apache.http.wire --  >> "Host: 13.60.22.209:7081[\r][\n]"
07:30:45.206 [main] DEBUG org.apache.http.wire --  >> "Connection: Keep-Alive[\r][\n]"
07:30:45.206 [main] DEBUG org.apache.http.wire --  >> "User-Agent: Apache-HttpClient/4.5.13 (Java/17.0.9)[\r][\n]"
07:30:45.206 [main] DEBUG org.apache.http.wire --  >> "Authorization: Basic dXNlcjpwYXNzd29yZA==[\r][\n]"
07:30:45.206 [main] DEBUG org.apache.http.wire --  >> "Accept-Encoding: gzip,deflate[\r][\n]"
07:30:45.206 [main] DEBUG org.apache.http.wire --  >> "[\r][\n]"
07:30:45.206 [main] DEBUG org.apache.http.headers -- >> POST /api/books HTTP/1.1
07:30:45.206 [main] DEBUG org.apache.http.headers -- >> Accept: */*
07:30:45.206 [main] DEBUG org.apache.http.headers -- >> Content-Type: application/json
07:30:45.206 [main] DEBUG org.apache.http.headers -- >> Content-Length: 43
07:30:45.206 [main] DEBUG org.apache.http.headers -- >> Host: 13.60.22.209:7081
07:30:45.206 [main] DEBUG org.apache.http.headers -- >> Connection: Keep-Alive
07:30:45.206 [main] DEBUG org.apache.http.headers -- >> User-Agent: Apache-HttpClient/4.5.13 (Java/17.0.9)
07:30:45.206 [main] DEBUG org.apache.http.headers -- >> Authorization: Basic dXNlcjpwYXNzd29yZA==
07:30:45.206 [main] DEBUG org.apache.http.headers -- >> Accept-Encoding: gzip,deflate
07:30:45.206 [main] DEBUG org.apache.http.wire --  >> "{"author":null,"id":1,"title":"Test Book2"}"
07:30:45.466 [main] DEBUG org.apache.http.wire --  << "HTTP/1.1 208 [\r][\n]"
07:30:45.466 [main] DEBUG org.apache.http.wire --  << "Set-Cookie: JSESSIONID=E59954E006FD0B13C8BD185A1E3983AF; Path=/; HttpOnly[\r][\n]"
07:30:45.466 [main] DEBUG org.apache.http.wire --  << "X-Content-Type-Options: nosniff[\r][\n]"
07:30:45.466 [main] DEBUG org.apache.http.wire --  << "X-XSS-Protection: 1; mode=block[\r][\n]"
07:30:45.466 [main] DEBUG org.apache.http.wire --  << "Cache-Control: no-cache, no-store, max-age=0, must-revalidate[\r][\n]"
07:30:45.466 [main] DEBUG org.apache.http.wire --  << "Pragma: no-cache[\r][\n]"
07:30:45.466 [main] DEBUG org.apache.http.wire --  << "Expires: 0[\r][\n]"
07:30:45.466 [main] DEBUG org.apache.http.wire --  << "X-Frame-Options: DENY[\r][\n]"
07:30:45.466 [main] DEBUG org.apache.http.wire --  << "Content-Type: text/plain;charset=UTF-8[\r][\n]"
07:30:45.466 [main] DEBUG org.apache.http.wire --  << "Content-Length: 19[\r][\n]"
07:30:45.466 [main] DEBUG org.apache.http.wire --  << "Date: Fri, 03 Jan 2025 02:00:46 GMT[\r][\n]"
07:30:45.466 [main] DEBUG org.apache.http.wire --  << "Keep-Alive: timeout=60[\r][\n]"
07:30:45.466 [main] DEBUG org.apache.http.wire --  << "Connection: keep-alive[\r][\n]"
07:30:45.468 [main] DEBUG org.apache.http.wire --  << "[\r][\n]"
07:30:45.468 [main] DEBUG org.apache.http.impl.conn.DefaultClientConnection -- Receiving response: HTTP/1.1 208 
07:30:45.468 [main] DEBUG org.apache.http.headers -- << HTTP/1.1 208 
07:30:45.468 [main] DEBUG org.apache.http.headers -- << Set-Cookie: JSESSIONID=E59954E006FD0B13C8BD185A1E3983AF; Path=/; HttpOnly
07:30:45.468 [main] DEBUG org.apache.http.headers -- << X-Content-Type-Options: nosniff
07:30:45.468 [main] DEBUG org.apache.http.headers -- << X-XSS-Protection: 1; mode=block
07:30:45.468 [main] DEBUG org.apache.http.headers -- << Cache-Control: no-cache, no-store, max-age=0, must-revalidate
07:30:45.468 [main] DEBUG org.apache.http.headers -- << Pragma: no-cache
07:30:45.468 [main] DEBUG org.apache.http.headers -- << Expires: 0
07:30:45.468 [main] DEBUG org.apache.http.headers -- << X-Frame-Options: DENY
07:30:45.468 [main] DEBUG org.apache.http.headers -- << Content-Type: text/plain;charset=UTF-8
07:30:45.468 [main] DEBUG org.apache.http.headers -- << Content-Length: 19
07:30:45.468 [main] DEBUG org.apache.http.headers -- << Date: Fri, 03 Jan 2025 02:00:46 GMT
07:30:45.468 [main] DEBUG org.apache.http.headers -- << Keep-Alive: timeout=60
07:30:45.468 [main] DEBUG org.apache.http.headers -- << Connection: keep-alive
07:30:45.468 [main] DEBUG org.apache.http.impl.client.DefaultHttpClient -- Connection can be kept alive for 60000 MILLISECONDS
07:30:45.468 [main] DEBUG org.apache.http.impl.client.DefaultHttpClient -- Authentication succeeded
07:30:45.468 [main] DEBUG org.apache.http.impl.client.TargetAuthenticationStrategy -- Caching 'basic' auth scheme for http://13.60.22.209:7081
07:30:45.468 [main] DEBUG io.restassured.internal.RestAssuredHttpBuilder -- Parsing response as: text/plain;charset=UTF-8
07:30:45.468 [main] DEBUG io.restassured.internal.RestAssuredHttpBuilder -- Parsed data to instance of: class org.apache.http.conn.EofSensorInputStream
]]></system-out>
  </testcase>
  <testcase name="testCreateBookWithValidData" classname="TestCases.PostBookAPITests" time="0.641">
    <failure message="Expected status code is 201 expected [201] but found [208]" type="java.lang.AssertionError"><![CDATA[java.lang.AssertionError: Expected status code is 201 expected [201] but found [208]
	at org.testng.Assert.fail(Assert.java:110)
	at org.testng.Assert.failNotEquals(Assert.java:1413)
	at org.testng.Assert.assertEqualsImpl(Assert.java:149)
	at org.testng.Assert.assertEquals(Assert.java:131)
	at org.testng.Assert.assertEquals(Assert.java:1240)
	at TestCases.PostBookAPITests.testCreateBookWithValidData(PostBookAPITests.java:36)
	at java.base/jdk.internal.reflect.NativeMethodAccessorImpl.invoke0(Native Method)
	at java.base/jdk.internal.reflect.NativeMethodAccessorImpl.invoke(NativeMethodAccessorImpl.java:77)
	at java.base/jdk.internal.reflect.DelegatingMethodAccessorImpl.invoke(DelegatingMethodAccessorImpl.java:43)
	at java.base/java.lang.reflect.Method.invoke(Method.java:568)
	at org.testng.internal.invokers.MethodInvocationHelper.invokeMethod(MethodInvocationHelper.java:139)
	at org.testng.internal.invokers.TestInvoker.invokeMethod(TestInvoker.java:677)
	at org.testng.internal.invokers.TestInvoker.invokeTestMethod(TestInvoker.java:221)
	at org.testng.internal.invokers.MethodRunner.runInSequence(MethodRunner.java:50)
	at org.testng.internal.invokers.TestInvoker$MethodInvocationAgent.invoke(TestInvoker.java:969)
	at org.testng.internal.invokers.TestInvoker.invokeTestMethods(TestInvoker.java:194)
	at org.testng.internal.invokers.TestMethodWorker.invokeTestMethods(TestMethodWorker.java:148)
	at org.testng.internal.invokers.TestMethodWorker.run(TestMethodWorker.java:128)
	at java.base/java.util.ArrayList.forEach(ArrayList.java:1511)
	at org.testng.TestRunner.privateRun(TestRunner.java:829)
	at org.testng.TestRunner.run(TestRunner.java:602)
	at org.testng.SuiteRunner.runTest(SuiteRunner.java:437)
	at org.testng.SuiteRunner.runSequentially(SuiteRunner.java:431)
	at org.testng.SuiteRunner.privateRun(SuiteRunner.java:391)
	at org.testng.SuiteRunner.run(SuiteRunner.java:330)
	at org.testng.SuiteRunnerWorker.runSuite(SuiteRunnerWorker.java:52)
	at org.testng.SuiteRunnerWorker.run(SuiteRunnerWorker.java:95)
	at org.testng.TestNG.runSuitesSequentially(TestNG.java:1256)
	at org.testng.TestNG.runSuitesLocally(TestNG.java:1176)
	at org.testng.TestNG.runSuites(TestNG.java:1099)
	at org.testng.TestNG.run(TestNG.java:1067)
	at org.apache.maven.surefire.testng.TestNGExecutor.run(TestNGExecutor.java:324)
	at org.apache.maven.surefire.testng.TestNGXmlTestSuite.execute(TestNGXmlTestSuite.java:74)
	at org.apache.maven.surefire.testng.TestNGProvider.invoke(TestNGProvider.java:123)
	at org.apache.maven.surefire.booter.ForkedBooter.runSuitesInProcess(ForkedBooter.java:456)
	at org.apache.maven.surefire.booter.ForkedBooter.execute(ForkedBooter.java:169)
	at org.apache.maven.surefire.booter.ForkedBooter.run(ForkedBooter.java:595)
	at org.apache.maven.surefire.booter.ForkedBooter.main(ForkedBooter.java:581)
]]></failure>
    <system-out><![CDATA[07:30:45.490 [main] DEBUG org.apache.http.impl.conn.BasicClientConnectionManager -- Get connection for route {}->http://13.60.22.209:7081
07:30:45.491 [main] DEBUG org.apache.http.impl.conn.DefaultClientConnectionOperator -- Connecting to 13.60.22.209:7081
07:30:45.676 [main] DEBUG org.apache.http.client.protocol.RequestAddCookies -- CookieSpec selected: ignoreCookies
07:30:45.676 [main] DEBUG org.apache.http.client.protocol.RequestAuthCache -- Auth cache not set in the context
07:30:45.676 [main] DEBUG org.apache.http.client.protocol.RequestTargetAuthentication -- Target auth state: UNCHALLENGED
07:30:45.676 [main] DEBUG org.apache.http.client.protocol.RequestProxyAuthentication -- Proxy auth state: UNCHALLENGED
07:30:45.676 [main] DEBUG org.apache.http.impl.client.DefaultHttpClient -- Attempt 1 to execute request
07:30:45.676 [main] DEBUG org.apache.http.impl.conn.DefaultClientConnection -- Sending request: POST /api/books HTTP/1.1
07:30:45.677 [main] DEBUG org.apache.http.wire --  >> "POST /api/books HTTP/1.1[\r][\n]"
07:30:45.677 [main] DEBUG org.apache.http.wire --  >> "Accept: */*[\r][\n]"
07:30:45.677 [main] DEBUG org.apache.http.wire --  >> "Content-Type: application/json[\r][\n]"
07:30:45.677 [main] DEBUG org.apache.http.wire --  >> "Content-Length: 51[\r][\n]"
07:30:45.677 [main] DEBUG org.apache.http.wire --  >> "Host: 13.60.22.209:7081[\r][\n]"
07:30:45.677 [main] DEBUG org.apache.http.wire --  >> "Connection: Keep-Alive[\r][\n]"
07:30:45.677 [main] DEBUG org.apache.http.wire --  >> "User-Agent: Apache-HttpClient/4.5.13 (Java/17.0.9)[\r][\n]"
07:30:45.677 [main] DEBUG org.apache.http.wire --  >> "Accept-Encoding: gzip,deflate[\r][\n]"
07:30:45.677 [main] DEBUG org.apache.http.wire --  >> "[\r][\n]"
07:30:45.677 [main] DEBUG org.apache.http.headers -- >> POST /api/books HTTP/1.1
07:30:45.677 [main] DEBUG org.apache.http.headers -- >> Accept: */*
07:30:45.677 [main] DEBUG org.apache.http.headers -- >> Content-Type: application/json
07:30:45.677 [main] DEBUG org.apache.http.headers -- >> Content-Length: 51
07:30:45.677 [main] DEBUG org.apache.http.headers -- >> Host: 13.60.22.209:7081
07:30:45.677 [main] DEBUG org.apache.http.headers -- >> Connection: Keep-Alive
07:30:45.677 [main] DEBUG org.apache.http.headers -- >> User-Agent: Apache-HttpClient/4.5.13 (Java/17.0.9)
07:30:45.677 [main] DEBUG org.apache.http.headers -- >> Accept-Encoding: gzip,deflate
07:30:45.677 [main] DEBUG org.apache.http.wire --  >> "{"author":"Test Author","id":1,"title":"Test Book"}"
07:30:45.857 [main] DEBUG org.apache.http.wire --  << "HTTP/1.1 401 [\r][\n]"
07:30:45.857 [main] DEBUG org.apache.http.wire --  << "Set-Cookie: JSESSIONID=EF08223CD1A4A0EF5F9AFABF606E4A51; Path=/; HttpOnly[\r][\n]"
07:30:45.857 [main] DEBUG org.apache.http.wire --  << "WWW-Authenticate: Basic realm="Realm"[\r][\n]"
07:30:45.857 [main] DEBUG org.apache.http.wire --  << "X-Content-Type-Options: nosniff[\r][\n]"
07:30:45.857 [main] DEBUG org.apache.http.wire --  << "X-XSS-Protection: 1; mode=block[\r][\n]"
07:30:45.857 [main] DEBUG org.apache.http.wire --  << "Cache-Control: no-cache, no-store, max-age=0, must-revalidate[\r][\n]"
07:30:45.857 [main] DEBUG org.apache.http.wire --  << "Pragma: no-cache[\r][\n]"
07:30:45.857 [main] DEBUG org.apache.http.wire --  << "Expires: 0[\r][\n]"
07:30:45.857 [main] DEBUG org.apache.http.wire --  << "X-Frame-Options: DENY[\r][\n]"
07:30:45.857 [main] DEBUG org.apache.http.wire --  << "Content-Length: 0[\r][\n]"
07:30:45.857 [main] DEBUG org.apache.http.wire --  << "Date: Fri, 03 Jan 2025 02:00:46 GMT[\r][\n]"
07:30:45.857 [main] DEBUG org.apache.http.wire --  << "Keep-Alive: timeout=60[\r][\n]"
07:30:45.857 [main] DEBUG org.apache.http.wire --  << "Connection: keep-alive[\r][\n]"
07:30:45.857 [main] DEBUG org.apache.http.wire --  << "[\r][\n]"
07:30:45.857 [main] DEBUG org.apache.http.impl.conn.DefaultClientConnection -- Receiving response: HTTP/1.1 401 
07:30:45.857 [main] DEBUG org.apache.http.headers -- << HTTP/1.1 401 
07:30:45.857 [main] DEBUG org.apache.http.headers -- << Set-Cookie: JSESSIONID=EF08223CD1A4A0EF5F9AFABF606E4A51; Path=/; HttpOnly
07:30:45.857 [main] DEBUG org.apache.http.headers -- << WWW-Authenticate: Basic realm="Realm"
07:30:45.857 [main] DEBUG org.apache.http.headers -- << X-Content-Type-Options: nosniff
07:30:45.857 [main] DEBUG org.apache.http.headers -- << X-XSS-Protection: 1; mode=block
07:30:45.857 [main] DEBUG org.apache.http.headers -- << Cache-Control: no-cache, no-store, max-age=0, must-revalidate
07:30:45.857 [main] DEBUG org.apache.http.headers -- << Pragma: no-cache
07:30:45.857 [main] DEBUG org.apache.http.headers -- << Expires: 0
07:30:45.857 [main] DEBUG org.apache.http.headers -- << X-Frame-Options: DENY
07:30:45.857 [main] DEBUG org.apache.http.headers -- << Content-Length: 0
07:30:45.857 [main] DEBUG org.apache.http.headers -- << Date: Fri, 03 Jan 2025 02:00:46 GMT
07:30:45.857 [main] DEBUG org.apache.http.headers -- << Keep-Alive: timeout=60
07:30:45.857 [main] DEBUG org.apache.http.headers -- << Connection: keep-alive
07:30:45.857 [main] DEBUG org.apache.http.impl.client.DefaultHttpClient -- Connection can be kept alive for 60000 MILLISECONDS
07:30:45.857 [main] DEBUG org.apache.http.impl.client.DefaultHttpClient -- Authentication required
07:30:45.857 [main] DEBUG org.apache.http.impl.client.DefaultHttpClient -- 13.60.22.209:7081 requested authentication
07:30:45.857 [main] DEBUG org.apache.http.impl.client.TargetAuthenticationStrategy -- Authentication schemes in the order of preference: [Negotiate, Kerberos, NTLM, CredSSP, Digest, Basic]
07:30:45.857 [main] DEBUG org.apache.http.impl.client.TargetAuthenticationStrategy -- Challenge for Negotiate authentication scheme not available
07:30:45.857 [main] DEBUG org.apache.http.impl.client.TargetAuthenticationStrategy -- Challenge for Kerberos authentication scheme not available
07:30:45.857 [main] DEBUG org.apache.http.impl.client.TargetAuthenticationStrategy -- Challenge for NTLM authentication scheme not available
07:30:45.857 [main] DEBUG org.apache.http.impl.client.TargetAuthenticationStrategy -- Challenge for CredSSP authentication scheme not available
07:30:45.857 [main] DEBUG org.apache.http.impl.client.TargetAuthenticationStrategy -- Challenge for Digest authentication scheme not available
07:30:45.857 [main] DEBUG org.apache.http.impl.client.DefaultHttpClient -- Selected authentication options: [BASIC [complete=true]]
07:30:45.858 [main] DEBUG org.apache.http.client.protocol.RequestAddCookies -- CookieSpec selected: ignoreCookies
07:30:45.858 [main] DEBUG org.apache.http.client.protocol.RequestAuthCache -- Auth cache not set in the context
07:30:45.858 [main] DEBUG org.apache.http.client.protocol.RequestTargetAuthentication -- Target auth state: CHALLENGED
07:30:45.858 [main] DEBUG org.apache.http.client.protocol.RequestTargetAuthentication -- Generating response to an authentication challenge using basic scheme
07:30:45.858 [main] DEBUG org.apache.http.client.protocol.RequestProxyAuthentication -- Proxy auth state: UNCHALLENGED
07:30:45.858 [main] DEBUG org.apache.http.impl.client.DefaultHttpClient -- Attempt 2 to execute request
07:30:45.858 [main] DEBUG org.apache.http.impl.conn.DefaultClientConnection -- Sending request: POST /api/books HTTP/1.1
07:30:45.858 [main] DEBUG org.apache.http.wire --  >> "POST /api/books HTTP/1.1[\r][\n]"
07:30:45.858 [main] DEBUG org.apache.http.wire --  >> "Accept: */*[\r][\n]"
07:30:45.858 [main] DEBUG org.apache.http.wire --  >> "Content-Type: application/json[\r][\n]"
07:30:45.858 [main] DEBUG org.apache.http.wire --  >> "Content-Length: 51[\r][\n]"
07:30:45.858 [main] DEBUG org.apache.http.wire --  >> "Host: 13.60.22.209:7081[\r][\n]"
07:30:45.858 [main] DEBUG org.apache.http.wire --  >> "Connection: Keep-Alive[\r][\n]"
07:30:45.858 [main] DEBUG org.apache.http.wire --  >> "User-Agent: Apache-HttpClient/4.5.13 (Java/17.0.9)[\r][\n]"
07:30:45.858 [main] DEBUG org.apache.http.wire --  >> "Authorization: Basic dXNlcjpwYXNzd29yZA==[\r][\n]"
07:30:45.858 [main] DEBUG org.apache.http.wire --  >> "Accept-Encoding: gzip,deflate[\r][\n]"
07:30:45.858 [main] DEBUG org.apache.http.wire --  >> "[\r][\n]"
07:30:45.858 [main] DEBUG org.apache.http.headers -- >> POST /api/books HTTP/1.1
07:30:45.858 [main] DEBUG org.apache.http.headers -- >> Accept: */*
07:30:45.858 [main] DEBUG org.apache.http.headers -- >> Content-Type: application/json
07:30:45.858 [main] DEBUG org.apache.http.headers -- >> Content-Length: 51
07:30:45.858 [main] DEBUG org.apache.http.headers -- >> Host: 13.60.22.209:7081
07:30:45.858 [main] DEBUG org.apache.http.headers -- >> Connection: Keep-Alive
07:30:45.858 [main] DEBUG org.apache.http.headers -- >> User-Agent: Apache-HttpClient/4.5.13 (Java/17.0.9)
07:30:45.858 [main] DEBUG org.apache.http.headers -- >> Authorization: Basic dXNlcjpwYXNzd29yZA==
07:30:45.858 [main] DEBUG org.apache.http.headers -- >> Accept-Encoding: gzip,deflate
07:30:45.858 [main] DEBUG org.apache.http.wire --  >> "{"author":"Test Author","id":1,"title":"Test Book"}"
07:30:46.109 [main] DEBUG org.apache.http.wire --  << "HTTP/1.1 208 [\r][\n]"
07:30:46.109 [main] DEBUG org.apache.http.wire --  << "Set-Cookie: JSESSIONID=C10772C027588A1F8FF04E9D2A0E0F9A; Path=/; HttpOnly[\r][\n]"
07:30:46.109 [main] DEBUG org.apache.http.wire --  << "X-Content-Type-Options: nosniff[\r][\n]"
07:30:46.109 [main] DEBUG org.apache.http.wire --  << "X-XSS-Protection: 1; mode=block[\r][\n]"
07:30:46.109 [main] DEBUG org.apache.http.wire --  << "Cache-Control: no-cache, no-store, max-age=0, must-revalidate[\r][\n]"
07:30:46.109 [main] DEBUG org.apache.http.wire --  << "Pragma: no-cache[\r][\n]"
07:30:46.109 [main] DEBUG org.apache.http.wire --  << "Expires: 0[\r][\n]"
07:30:46.109 [main] DEBUG org.apache.http.wire --  << "X-Frame-Options: DENY[\r][\n]"
07:30:46.109 [main] DEBUG org.apache.http.wire --  << "Content-Type: text/plain;charset=UTF-8[\r][\n]"
07:30:46.109 [main] DEBUG org.apache.http.wire --  << "Content-Length: 19[\r][\n]"
07:30:46.109 [main] DEBUG org.apache.http.wire --  << "Date: Fri, 03 Jan 2025 02:00:46 GMT[\r][\n]"
07:30:46.109 [main] DEBUG org.apache.http.wire --  << "Keep-Alive: timeout=60[\r][\n]"
07:30:46.109 [main] DEBUG org.apache.http.wire --  << "Connection: keep-alive[\r][\n]"
07:30:46.109 [main] DEBUG org.apache.http.wire --  << "[\r][\n]"
07:30:46.110 [main] DEBUG org.apache.http.impl.conn.DefaultClientConnection -- Receiving response: HTTP/1.1 208 
07:30:46.110 [main] DEBUG org.apache.http.headers -- << HTTP/1.1 208 
07:30:46.110 [main] DEBUG org.apache.http.headers -- << Set-Cookie: JSESSIONID=C10772C027588A1F8FF04E9D2A0E0F9A; Path=/; HttpOnly
07:30:46.110 [main] DEBUG org.apache.http.headers -- << X-Content-Type-Options: nosniff
07:30:46.110 [main] DEBUG org.apache.http.headers -- << X-XSS-Protection: 1; mode=block
07:30:46.110 [main] DEBUG org.apache.http.headers -- << Cache-Control: no-cache, no-store, max-age=0, must-revalidate
07:30:46.110 [main] DEBUG org.apache.http.headers -- << Pragma: no-cache
07:30:46.110 [main] DEBUG org.apache.http.headers -- << Expires: 0
07:30:46.110 [main] DEBUG org.apache.http.headers -- << X-Frame-Options: DENY
07:30:46.110 [main] DEBUG org.apache.http.headers -- << Content-Type: text/plain;charset=UTF-8
07:30:46.110 [main] DEBUG org.apache.http.headers -- << Content-Length: 19
07:30:46.110 [main] DEBUG org.apache.http.headers -- << Date: Fri, 03 Jan 2025 02:00:46 GMT
07:30:46.110 [main] DEBUG org.apache.http.headers -- << Keep-Alive: timeout=60
07:30:46.110 [main] DEBUG org.apache.http.headers -- << Connection: keep-alive
07:30:46.110 [main] DEBUG org.apache.http.impl.client.DefaultHttpClient -- Connection can be kept alive for 60000 MILLISECONDS
07:30:46.110 [main] DEBUG org.apache.http.impl.client.DefaultHttpClient -- Authentication succeeded
07:30:46.110 [main] DEBUG org.apache.http.impl.client.TargetAuthenticationStrategy -- Caching 'basic' auth scheme for http://13.60.22.209:7081
07:30:46.111 [main] DEBUG io.restassured.internal.RestAssuredHttpBuilder -- Parsing response as: text/plain;charset=UTF-8
07:30:46.111 [main] DEBUG io.restassured.internal.RestAssuredHttpBuilder -- Parsed data to instance of: class org.apache.http.conn.EofSensorInputStream
]]></system-out>
  </testcase>
  <testcase name="testUpdateBookWithAnotherBooksId" classname="TestCases.PutBookAPITests" time="0.713">
    <system-out><![CDATA[07:30:46.138 [main] DEBUG org.apache.http.impl.conn.BasicClientConnectionManager -- Get connection for route {}->http://13.60.22.209:7081
07:30:46.138 [main] DEBUG org.apache.http.impl.conn.DefaultClientConnectionOperator -- Connecting to 13.60.22.209:7081
07:30:46.315 [main] DEBUG org.apache.http.client.protocol.RequestAddCookies -- CookieSpec selected: ignoreCookies
07:30:46.315 [main] DEBUG org.apache.http.client.protocol.RequestAuthCache -- Auth cache not set in the context
07:30:46.315 [main] DEBUG org.apache.http.client.protocol.RequestTargetAuthentication -- Target auth state: UNCHALLENGED
07:30:46.315 [main] DEBUG org.apache.http.client.protocol.RequestProxyAuthentication -- Proxy auth state: UNCHALLENGED
07:30:46.315 [main] DEBUG org.apache.http.impl.client.DefaultHttpClient -- Attempt 1 to execute request
07:30:46.315 [main] DEBUG org.apache.http.impl.conn.DefaultClientConnection -- Sending request: PUT /api/books/1 HTTP/1.1
07:30:46.315 [main] DEBUG org.apache.http.wire --  >> "PUT /api/books/1 HTTP/1.1[\r][\n]"
07:30:46.315 [main] DEBUG org.apache.http.wire --  >> "Accept: */*[\r][\n]"
07:30:46.315 [main] DEBUG org.apache.http.wire --  >> "Content-Type: application/json[\r][\n]"
07:30:46.315 [main] DEBUG org.apache.http.wire --  >> "Content-Length: 54[\r][\n]"
07:30:46.315 [main] DEBUG org.apache.http.wire --  >> "Host: 13.60.22.209:7081[\r][\n]"
07:30:46.315 [main] DEBUG org.apache.http.wire --  >> "Connection: Keep-Alive[\r][\n]"
07:30:46.315 [main] DEBUG org.apache.http.wire --  >> "User-Agent: Apache-HttpClient/4.5.13 (Java/17.0.9)[\r][\n]"
07:30:46.315 [main] DEBUG org.apache.http.wire --  >> "Accept-Encoding: gzip,deflate[\r][\n]"
07:30:46.315 [main] DEBUG org.apache.http.wire --  >> "[\r][\n]"
07:30:46.316 [main] DEBUG org.apache.http.headers -- >> PUT /api/books/1 HTTP/1.1
07:30:46.316 [main] DEBUG org.apache.http.headers -- >> Accept: */*
07:30:46.316 [main] DEBUG org.apache.http.headers -- >> Content-Type: application/json
07:30:46.316 [main] DEBUG org.apache.http.headers -- >> Content-Length: 54
07:30:46.316 [main] DEBUG org.apache.http.headers -- >> Host: 13.60.22.209:7081
07:30:46.316 [main] DEBUG org.apache.http.headers -- >> Connection: Keep-Alive
07:30:46.316 [main] DEBUG org.apache.http.headers -- >> User-Agent: Apache-HttpClient/4.5.13 (Java/17.0.9)
07:30:46.316 [main] DEBUG org.apache.http.headers -- >> Accept-Encoding: gzip,deflate
07:30:46.316 [main] DEBUG org.apache.http.wire --  >> "{"author":"Valid Author","id":2,"title":"Valid Title"}"
07:30:46.509 [main] DEBUG org.apache.http.wire --  << "HTTP/1.1 401 [\r][\n]"
07:30:46.509 [main] DEBUG org.apache.http.wire --  << "Set-Cookie: JSESSIONID=FDBB5F1508DBBAA2105D8F47E52CC14B; Path=/; HttpOnly[\r][\n]"
07:30:46.509 [main] DEBUG org.apache.http.wire --  << "WWW-Authenticate: Basic realm="Realm"[\r][\n]"
07:30:46.509 [main] DEBUG org.apache.http.wire --  << "X-Content-Type-Options: nosniff[\r][\n]"
07:30:46.509 [main] DEBUG org.apache.http.wire --  << "X-XSS-Protection: 1; mode=block[\r][\n]"
07:30:46.509 [main] DEBUG org.apache.http.wire --  << "Cache-Control: no-cache, no-store, max-age=0, must-revalidate[\r][\n]"
07:30:46.509 [main] DEBUG org.apache.http.wire --  << "Pragma: no-cache[\r][\n]"
07:30:46.509 [main] DEBUG org.apache.http.wire --  << "Expires: 0[\r][\n]"
07:30:46.509 [main] DEBUG org.apache.http.wire --  << "X-Frame-Options: DENY[\r][\n]"
07:30:46.509 [main] DEBUG org.apache.http.wire --  << "Content-Length: 0[\r][\n]"
07:30:46.509 [main] DEBUG org.apache.http.wire --  << "Date: Fri, 03 Jan 2025 02:00:47 GMT[\r][\n]"
07:30:46.509 [main] DEBUG org.apache.http.wire --  << "Keep-Alive: timeout=60[\r][\n]"
07:30:46.509 [main] DEBUG org.apache.http.wire --  << "Connection: keep-alive[\r][\n]"
07:30:46.509 [main] DEBUG org.apache.http.wire --  << "[\r][\n]"
07:30:46.509 [main] DEBUG org.apache.http.impl.conn.DefaultClientConnection -- Receiving response: HTTP/1.1 401 
07:30:46.509 [main] DEBUG org.apache.http.headers -- << HTTP/1.1 401 
07:30:46.509 [main] DEBUG org.apache.http.headers -- << Set-Cookie: JSESSIONID=FDBB5F1508DBBAA2105D8F47E52CC14B; Path=/; HttpOnly
07:30:46.509 [main] DEBUG org.apache.http.headers -- << WWW-Authenticate: Basic realm="Realm"
07:30:46.509 [main] DEBUG org.apache.http.headers -- << X-Content-Type-Options: nosniff
07:30:46.509 [main] DEBUG org.apache.http.headers -- << X-XSS-Protection: 1; mode=block
07:30:46.509 [main] DEBUG org.apache.http.headers -- << Cache-Control: no-cache, no-store, max-age=0, must-revalidate
07:30:46.509 [main] DEBUG org.apache.http.headers -- << Pragma: no-cache
07:30:46.509 [main] DEBUG org.apache.http.headers -- << Expires: 0
07:30:46.509 [main] DEBUG org.apache.http.headers -- << X-Frame-Options: DENY
07:30:46.509 [main] DEBUG org.apache.http.headers -- << Content-Length: 0
07:30:46.509 [main] DEBUG org.apache.http.headers -- << Date: Fri, 03 Jan 2025 02:00:47 GMT
07:30:46.509 [main] DEBUG org.apache.http.headers -- << Keep-Alive: timeout=60
07:30:46.509 [main] DEBUG org.apache.http.headers -- << Connection: keep-alive
07:30:46.510 [main] DEBUG org.apache.http.impl.client.DefaultHttpClient -- Connection can be kept alive for 60000 MILLISECONDS
07:30:46.510 [main] DEBUG org.apache.http.impl.client.DefaultHttpClient -- Authentication required
07:30:46.510 [main] DEBUG org.apache.http.impl.client.DefaultHttpClient -- 13.60.22.209:7081 requested authentication
07:30:46.510 [main] DEBUG org.apache.http.impl.client.TargetAuthenticationStrategy -- Authentication schemes in the order of preference: [Negotiate, Kerberos, NTLM, CredSSP, Digest, Basic]
07:30:46.510 [main] DEBUG org.apache.http.impl.client.TargetAuthenticationStrategy -- Challenge for Negotiate authentication scheme not available
07:30:46.510 [main] DEBUG org.apache.http.impl.client.TargetAuthenticationStrategy -- Challenge for Kerberos authentication scheme not available
07:30:46.510 [main] DEBUG org.apache.http.impl.client.TargetAuthenticationStrategy -- Challenge for NTLM authentication scheme not available
07:30:46.510 [main] DEBUG org.apache.http.impl.client.TargetAuthenticationStrategy -- Challenge for CredSSP authentication scheme not available
07:30:46.510 [main] DEBUG org.apache.http.impl.client.TargetAuthenticationStrategy -- Challenge for Digest authentication scheme not available
07:30:46.510 [main] DEBUG org.apache.http.impl.client.DefaultHttpClient -- Selected authentication options: [BASIC [complete=true]]
07:30:46.511 [main] DEBUG org.apache.http.client.protocol.RequestAddCookies -- CookieSpec selected: ignoreCookies
07:30:46.511 [main] DEBUG org.apache.http.client.protocol.RequestAuthCache -- Auth cache not set in the context
07:30:46.511 [main] DEBUG org.apache.http.client.protocol.RequestTargetAuthentication -- Target auth state: CHALLENGED
07:30:46.511 [main] DEBUG org.apache.http.client.protocol.RequestTargetAuthentication -- Generating response to an authentication challenge using basic scheme
07:30:46.511 [main] DEBUG org.apache.http.client.protocol.RequestProxyAuthentication -- Proxy auth state: UNCHALLENGED
07:30:46.511 [main] DEBUG org.apache.http.impl.client.DefaultHttpClient -- Attempt 2 to execute request
07:30:46.511 [main] DEBUG org.apache.http.impl.conn.DefaultClientConnection -- Sending request: PUT /api/books/1 HTTP/1.1
07:30:46.511 [main] DEBUG org.apache.http.wire --  >> "PUT /api/books/1 HTTP/1.1[\r][\n]"
07:30:46.511 [main] DEBUG org.apache.http.wire --  >> "Accept: */*[\r][\n]"
07:30:46.511 [main] DEBUG org.apache.http.wire --  >> "Content-Type: application/json[\r][\n]"
07:30:46.511 [main] DEBUG org.apache.http.wire --  >> "Content-Length: 54[\r][\n]"
07:30:46.511 [main] DEBUG org.apache.http.wire --  >> "Host: 13.60.22.209:7081[\r][\n]"
07:30:46.511 [main] DEBUG org.apache.http.wire --  >> "Connection: Keep-Alive[\r][\n]"
07:30:46.511 [main] DEBUG org.apache.http.wire --  >> "User-Agent: Apache-HttpClient/4.5.13 (Java/17.0.9)[\r][\n]"
07:30:46.511 [main] DEBUG org.apache.http.wire --  >> "Authorization: Basic YWRtaW46cGFzc3dvcmQ=[\r][\n]"
07:30:46.511 [main] DEBUG org.apache.http.wire --  >> "Accept-Encoding: gzip,deflate[\r][\n]"
07:30:46.511 [main] DEBUG org.apache.http.wire --  >> "[\r][\n]"
07:30:46.511 [main] DEBUG org.apache.http.headers -- >> PUT /api/books/1 HTTP/1.1
07:30:46.511 [main] DEBUG org.apache.http.headers -- >> Accept: */*
07:30:46.511 [main] DEBUG org.apache.http.headers -- >> Content-Type: application/json
07:30:46.511 [main] DEBUG org.apache.http.headers -- >> Content-Length: 54
07:30:46.511 [main] DEBUG org.apache.http.headers -- >> Host: 13.60.22.209:7081
07:30:46.511 [main] DEBUG org.apache.http.headers -- >> Connection: Keep-Alive
07:30:46.511 [main] DEBUG org.apache.http.headers -- >> User-Agent: Apache-HttpClient/4.5.13 (Java/17.0.9)
07:30:46.511 [main] DEBUG org.apache.http.headers -- >> Authorization: Basic YWRtaW46cGFzc3dvcmQ=
07:30:46.512 [main] DEBUG org.apache.http.headers -- >> Accept-Encoding: gzip,deflate
07:30:46.512 [main] DEBUG org.apache.http.wire --  >> "{"author":"Valid Author","id":2,"title":"Valid Title"}"
07:30:46.824 [main] DEBUG org.apache.http.wire --  << "HTTP/1.1 400 [\r][\n]"
07:30:46.824 [main] DEBUG org.apache.http.wire --  << "Set-Cookie: JSESSIONID=05C0FBE04E8EC387D6F99DDC96256DD6; Path=/; HttpOnly[\r][\n]"
07:30:46.824 [main] DEBUG org.apache.http.wire --  << "X-Content-Type-Options: nosniff[\r][\n]"
07:30:46.824 [main] DEBUG org.apache.http.wire --  << "X-XSS-Protection: 1; mode=block[\r][\n]"
07:30:46.824 [main] DEBUG org.apache.http.wire --  << "Cache-Control: no-cache, no-store, max-age=0, must-revalidate[\r][\n]"
07:30:46.824 [main] DEBUG org.apache.http.wire --  << "Pragma: no-cache[\r][\n]"
07:30:46.824 [main] DEBUG org.apache.http.wire --  << "Expires: 0[\r][\n]"
07:30:46.824 [main] DEBUG org.apache.http.wire --  << "X-Frame-Options: DENY[\r][\n]"
07:30:46.824 [main] DEBUG org.apache.http.wire --  << "Content-Type: text/plain;charset=UTF-8[\r][\n]"
07:30:46.824 [main] DEBUG org.apache.http.wire --  << "Content-Length: 22[\r][\n]"
07:30:46.824 [main] DEBUG org.apache.http.wire --  << "Date: Fri, 03 Jan 2025 02:00:47 GMT[\r][\n]"
07:30:46.824 [main] DEBUG org.apache.http.wire --  << "Connection: close[\r][\n]"
07:30:46.824 [main] DEBUG org.apache.http.wire --  << "[\r][\n]"
07:30:46.824 [main] DEBUG org.apache.http.impl.conn.DefaultClientConnection -- Receiving response: HTTP/1.1 400 
07:30:46.824 [main] DEBUG org.apache.http.headers -- << HTTP/1.1 400 
07:30:46.824 [main] DEBUG org.apache.http.headers -- << Set-Cookie: JSESSIONID=05C0FBE04E8EC387D6F99DDC96256DD6; Path=/; HttpOnly
07:30:46.824 [main] DEBUG org.apache.http.headers -- << X-Content-Type-Options: nosniff
07:30:46.824 [main] DEBUG org.apache.http.headers -- << X-XSS-Protection: 1; mode=block
07:30:46.824 [main] DEBUG org.apache.http.headers -- << Cache-Control: no-cache, no-store, max-age=0, must-revalidate
07:30:46.824 [main] DEBUG org.apache.http.headers -- << Pragma: no-cache
07:30:46.824 [main] DEBUG org.apache.http.headers -- << Expires: 0
07:30:46.824 [main] DEBUG org.apache.http.headers -- << X-Frame-Options: DENY
07:30:46.824 [main] DEBUG org.apache.http.headers -- << Content-Type: text/plain;charset=UTF-8
07:30:46.824 [main] DEBUG org.apache.http.headers -- << Content-Length: 22
07:30:46.824 [main] DEBUG org.apache.http.headers -- << Date: Fri, 03 Jan 2025 02:00:47 GMT
07:30:46.824 [main] DEBUG org.apache.http.headers -- << Connection: close
07:30:46.824 [main] DEBUG org.apache.http.impl.client.DefaultHttpClient -- Authentication succeeded
07:30:46.824 [main] DEBUG org.apache.http.impl.client.TargetAuthenticationStrategy -- Caching 'basic' auth scheme for http://13.60.22.209:7081
07:30:46.825 [main] DEBUG io.restassured.internal.RestAssuredHttpBuilder -- Parsing response as: text/plain;charset=UTF-8
07:30:46.825 [main] DEBUG io.restassured.internal.RestAssuredHttpBuilder -- Parsed data to instance of: class org.apache.http.conn.EofSensorInputStream
07:30:46.826 [main] DEBUG org.apache.http.wire --  << "Book id is not matched"
07:30:46.826 [main] DEBUG org.apache.http.impl.conn.BasicClientConnectionManager -- Releasing connection org.apache.http.impl.conn.ManagedClientConnectionImpl@72c9ebfa
07:30:46.826 [main] DEBUG org.apache.http.impl.conn.DefaultClientConnection -- Connection 0.0.0.0:62915<->13.60.22.209:7081 shut down
]]></system-out>
  </testcase>
  <testcase name="testUpdateBookWithAnotherBooksTitleAsAdmin" classname="TestCases.PutBookAPITests" time="0.667">
    <failure message="Expected status code is 400 for using another book&apos;s title expected [400] but found [404]" type="java.lang.AssertionError"><![CDATA[java.lang.AssertionError: Expected status code is 400 for using another book's title expected [400] but found [404]
	at org.testng.Assert.fail(Assert.java:110)
	at org.testng.Assert.failNotEquals(Assert.java:1413)
	at org.testng.Assert.assertEqualsImpl(Assert.java:149)
	at org.testng.Assert.assertEquals(Assert.java:131)
	at org.testng.Assert.assertEquals(Assert.java:1240)
	at TestCases.PutBookAPITests.testUpdateBookWithAnotherBooksTitleAsAdmin(PutBookAPITests.java:219)
	at java.base/jdk.internal.reflect.NativeMethodAccessorImpl.invoke0(Native Method)
	at java.base/jdk.internal.reflect.NativeMethodAccessorImpl.invoke(NativeMethodAccessorImpl.java:77)
	at java.base/jdk.internal.reflect.DelegatingMethodAccessorImpl.invoke(DelegatingMethodAccessorImpl.java:43)
	at java.base/java.lang.reflect.Method.invoke(Method.java:568)
	at org.testng.internal.invokers.MethodInvocationHelper.invokeMethod(MethodInvocationHelper.java:139)
	at org.testng.internal.invokers.TestInvoker.invokeMethod(TestInvoker.java:677)
	at org.testng.internal.invokers.TestInvoker.invokeTestMethod(TestInvoker.java:221)
	at org.testng.internal.invokers.MethodRunner.runInSequence(MethodRunner.java:50)
	at org.testng.internal.invokers.TestInvoker$MethodInvocationAgent.invoke(TestInvoker.java:969)
	at org.testng.internal.invokers.TestInvoker.invokeTestMethods(TestInvoker.java:194)
	at org.testng.internal.invokers.TestMethodWorker.invokeTestMethods(TestMethodWorker.java:148)
	at org.testng.internal.invokers.TestMethodWorker.run(TestMethodWorker.java:128)
	at java.base/java.util.ArrayList.forEach(ArrayList.java:1511)
	at org.testng.TestRunner.privateRun(TestRunner.java:829)
	at org.testng.TestRunner.run(TestRunner.java:602)
	at org.testng.SuiteRunner.runTest(SuiteRunner.java:437)
	at org.testng.SuiteRunner.runSequentially(SuiteRunner.java:431)
	at org.testng.SuiteRunner.privateRun(SuiteRunner.java:391)
	at org.testng.SuiteRunner.run(SuiteRunner.java:330)
	at org.testng.SuiteRunnerWorker.runSuite(SuiteRunnerWorker.java:52)
	at org.testng.SuiteRunnerWorker.run(SuiteRunnerWorker.java:95)
	at org.testng.TestNG.runSuitesSequentially(TestNG.java:1256)
	at org.testng.TestNG.runSuitesLocally(TestNG.java:1176)
	at org.testng.TestNG.runSuites(TestNG.java:1099)
	at org.testng.TestNG.run(TestNG.java:1067)
	at org.apache.maven.surefire.testng.TestNGExecutor.run(TestNGExecutor.java:324)
	at org.apache.maven.surefire.testng.TestNGXmlTestSuite.execute(TestNGXmlTestSuite.java:74)
	at org.apache.maven.surefire.testng.TestNGProvider.invoke(TestNGProvider.java:123)
	at org.apache.maven.surefire.booter.ForkedBooter.runSuitesInProcess(ForkedBooter.java:456)
	at org.apache.maven.surefire.booter.ForkedBooter.execute(ForkedBooter.java:169)
	at org.apache.maven.surefire.booter.ForkedBooter.run(ForkedBooter.java:595)
	at org.apache.maven.surefire.booter.ForkedBooter.main(ForkedBooter.java:581)
]]></failure>
    <system-out><![CDATA[07:30:46.849 [main] DEBUG org.apache.http.impl.conn.BasicClientConnectionManager -- Get connection for route {}->http://13.60.22.209:7081
07:30:46.849 [main] DEBUG org.apache.http.impl.conn.DefaultClientConnectionOperator -- Connecting to 13.60.22.209:7081
07:30:47.065 [main] DEBUG org.apache.http.client.protocol.RequestAddCookies -- CookieSpec selected: ignoreCookies
07:30:47.065 [main] DEBUG org.apache.http.client.protocol.RequestAuthCache -- Auth cache not set in the context
07:30:47.065 [main] DEBUG org.apache.http.client.protocol.RequestTargetAuthentication -- Target auth state: UNCHALLENGED
07:30:47.065 [main] DEBUG org.apache.http.client.protocol.RequestProxyAuthentication -- Proxy auth state: UNCHALLENGED
07:30:47.065 [main] DEBUG org.apache.http.impl.client.DefaultHttpClient -- Attempt 1 to execute request
07:30:47.065 [main] DEBUG org.apache.http.impl.conn.DefaultClientConnection -- Sending request: PUT /api/books/1 HTTP/1.1
07:30:47.065 [main] DEBUG org.apache.http.wire --  >> "PUT /api/books/1 HTTP/1.1[\r][\n]"
07:30:47.065 [main] DEBUG org.apache.http.wire --  >> "Accept: */*[\r][\n]"
07:30:47.065 [main] DEBUG org.apache.http.wire --  >> "Content-Type: application/json[\r][\n]"
07:30:47.065 [main] DEBUG org.apache.http.wire --  >> "Content-Length: 63[\r][\n]"
07:30:47.065 [main] DEBUG org.apache.http.wire --  >> "Host: 13.60.22.209:7081[\r][\n]"
07:30:47.065 [main] DEBUG org.apache.http.wire --  >> "Connection: Keep-Alive[\r][\n]"
07:30:47.065 [main] DEBUG org.apache.http.wire --  >> "User-Agent: Apache-HttpClient/4.5.13 (Java/17.0.9)[\r][\n]"
07:30:47.065 [main] DEBUG org.apache.http.wire --  >> "Accept-Encoding: gzip,deflate[\r][\n]"
07:30:47.065 [main] DEBUG org.apache.http.wire --  >> "[\r][\n]"
07:30:47.065 [main] DEBUG org.apache.http.headers -- >> PUT /api/books/1 HTTP/1.1
07:30:47.065 [main] DEBUG org.apache.http.headers -- >> Accept: */*
07:30:47.065 [main] DEBUG org.apache.http.headers -- >> Content-Type: application/json
07:30:47.065 [main] DEBUG org.apache.http.headers -- >> Content-Length: 63
07:30:47.065 [main] DEBUG org.apache.http.headers -- >> Host: 13.60.22.209:7081
07:30:47.065 [main] DEBUG org.apache.http.headers -- >> Connection: Keep-Alive
07:30:47.065 [main] DEBUG org.apache.http.headers -- >> User-Agent: Apache-HttpClient/4.5.13 (Java/17.0.9)
07:30:47.065 [main] DEBUG org.apache.http.headers -- >> Accept-Encoding: gzip,deflate
07:30:47.065 [main] DEBUG org.apache.http.wire --  >> "{"author":"CorrectAuthor","id":1,"title":"TitleOfAnotherBook1"}"
07:30:47.236 [main] DEBUG org.apache.http.wire --  << "HTTP/1.1 401 [\r][\n]"
07:30:47.236 [main] DEBUG org.apache.http.wire --  << "Set-Cookie: JSESSIONID=DB1FD1252A499675643B72D509C69F08; Path=/; HttpOnly[\r][\n]"
07:30:47.236 [main] DEBUG org.apache.http.wire --  << "WWW-Authenticate: Basic realm="Realm"[\r][\n]"
07:30:47.236 [main] DEBUG org.apache.http.wire --  << "X-Content-Type-Options: nosniff[\r][\n]"
07:30:47.236 [main] DEBUG org.apache.http.wire --  << "X-XSS-Protection: 1; mode=block[\r][\n]"
07:30:47.236 [main] DEBUG org.apache.http.wire --  << "Cache-Control: no-cache, no-store, max-age=0, must-revalidate[\r][\n]"
07:30:47.236 [main] DEBUG org.apache.http.wire --  << "Pragma: no-cache[\r][\n]"
07:30:47.236 [main] DEBUG org.apache.http.wire --  << "Expires: 0[\r][\n]"
07:30:47.236 [main] DEBUG org.apache.http.wire --  << "X-Frame-Options: DENY[\r][\n]"
07:30:47.236 [main] DEBUG org.apache.http.wire --  << "Content-Length: 0[\r][\n]"
07:30:47.236 [main] DEBUG org.apache.http.wire --  << "Date: Fri, 03 Jan 2025 02:00:47 GMT[\r][\n]"
07:30:47.236 [main] DEBUG org.apache.http.wire --  << "Keep-Alive: timeout=60[\r][\n]"
07:30:47.236 [main] DEBUG org.apache.http.wire --  << "Connection: keep-alive[\r][\n]"
07:30:47.236 [main] DEBUG org.apache.http.wire --  << "[\r][\n]"
07:30:47.236 [main] DEBUG org.apache.http.impl.conn.DefaultClientConnection -- Receiving response: HTTP/1.1 401 
07:30:47.236 [main] DEBUG org.apache.http.headers -- << HTTP/1.1 401 
07:30:47.236 [main] DEBUG org.apache.http.headers -- << Set-Cookie: JSESSIONID=DB1FD1252A499675643B72D509C69F08; Path=/; HttpOnly
07:30:47.236 [main] DEBUG org.apache.http.headers -- << WWW-Authenticate: Basic realm="Realm"
07:30:47.236 [main] DEBUG org.apache.http.headers -- << X-Content-Type-Options: nosniff
07:30:47.236 [main] DEBUG org.apache.http.headers -- << X-XSS-Protection: 1; mode=block
07:30:47.236 [main] DEBUG org.apache.http.headers -- << Cache-Control: no-cache, no-store, max-age=0, must-revalidate
07:30:47.236 [main] DEBUG org.apache.http.headers -- << Pragma: no-cache
07:30:47.236 [main] DEBUG org.apache.http.headers -- << Expires: 0
07:30:47.236 [main] DEBUG org.apache.http.headers -- << X-Frame-Options: DENY
07:30:47.236 [main] DEBUG org.apache.http.headers -- << Content-Length: 0
07:30:47.236 [main] DEBUG org.apache.http.headers -- << Date: Fri, 03 Jan 2025 02:00:47 GMT
07:30:47.236 [main] DEBUG org.apache.http.headers -- << Keep-Alive: timeout=60
07:30:47.236 [main] DEBUG org.apache.http.headers -- << Connection: keep-alive
07:30:47.236 [main] DEBUG org.apache.http.impl.client.DefaultHttpClient -- Connection can be kept alive for 60000 MILLISECONDS
07:30:47.236 [main] DEBUG org.apache.http.impl.client.DefaultHttpClient -- Authentication required
07:30:47.236 [main] DEBUG org.apache.http.impl.client.DefaultHttpClient -- 13.60.22.209:7081 requested authentication
07:30:47.236 [main] DEBUG org.apache.http.impl.client.TargetAuthenticationStrategy -- Authentication schemes in the order of preference: [Negotiate, Kerberos, NTLM, CredSSP, Digest, Basic]
07:30:47.236 [main] DEBUG org.apache.http.impl.client.TargetAuthenticationStrategy -- Challenge for Negotiate authentication scheme not available
07:30:47.236 [main] DEBUG org.apache.http.impl.client.TargetAuthenticationStrategy -- Challenge for Kerberos authentication scheme not available
07:30:47.236 [main] DEBUG org.apache.http.impl.client.TargetAuthenticationStrategy -- Challenge for NTLM authentication scheme not available
07:30:47.236 [main] DEBUG org.apache.http.impl.client.TargetAuthenticationStrategy -- Challenge for CredSSP authentication scheme not available
07:30:47.236 [main] DEBUG org.apache.http.impl.client.TargetAuthenticationStrategy -- Challenge for Digest authentication scheme not available
07:30:47.236 [main] DEBUG org.apache.http.impl.client.DefaultHttpClient -- Selected authentication options: [BASIC [complete=true]]
07:30:47.236 [main] DEBUG org.apache.http.client.protocol.RequestAddCookies -- CookieSpec selected: ignoreCookies
07:30:47.237 [main] DEBUG org.apache.http.client.protocol.RequestAuthCache -- Auth cache not set in the context
07:30:47.237 [main] DEBUG org.apache.http.client.protocol.RequestTargetAuthentication -- Target auth state: CHALLENGED
07:30:47.237 [main] DEBUG org.apache.http.client.protocol.RequestTargetAuthentication -- Generating response to an authentication challenge using basic scheme
07:30:47.237 [main] DEBUG org.apache.http.client.protocol.RequestProxyAuthentication -- Proxy auth state: UNCHALLENGED
07:30:47.237 [main] DEBUG org.apache.http.impl.client.DefaultHttpClient -- Attempt 2 to execute request
07:30:47.237 [main] DEBUG org.apache.http.impl.conn.DefaultClientConnection -- Sending request: PUT /api/books/1 HTTP/1.1
07:30:47.237 [main] DEBUG org.apache.http.wire --  >> "PUT /api/books/1 HTTP/1.1[\r][\n]"
07:30:47.237 [main] DEBUG org.apache.http.wire --  >> "Accept: */*[\r][\n]"
07:30:47.237 [main] DEBUG org.apache.http.wire --  >> "Content-Type: application/json[\r][\n]"
07:30:47.237 [main] DEBUG org.apache.http.wire --  >> "Content-Length: 63[\r][\n]"
07:30:47.237 [main] DEBUG org.apache.http.wire --  >> "Host: 13.60.22.209:7081[\r][\n]"
07:30:47.237 [main] DEBUG org.apache.http.wire --  >> "Connection: Keep-Alive[\r][\n]"
07:30:47.237 [main] DEBUG org.apache.http.wire --  >> "User-Agent: Apache-HttpClient/4.5.13 (Java/17.0.9)[\r][\n]"
07:30:47.237 [main] DEBUG org.apache.http.wire --  >> "Authorization: Basic YWRtaW46cGFzc3dvcmQ=[\r][\n]"
07:30:47.237 [main] DEBUG org.apache.http.wire --  >> "Accept-Encoding: gzip,deflate[\r][\n]"
07:30:47.237 [main] DEBUG org.apache.http.wire --  >> "[\r][\n]"
07:30:47.237 [main] DEBUG org.apache.http.headers -- >> PUT /api/books/1 HTTP/1.1
07:30:47.237 [main] DEBUG org.apache.http.headers -- >> Accept: */*
07:30:47.237 [main] DEBUG org.apache.http.headers -- >> Content-Type: application/json
07:30:47.237 [main] DEBUG org.apache.http.headers -- >> Content-Length: 63
07:30:47.237 [main] DEBUG org.apache.http.headers -- >> Host: 13.60.22.209:7081
07:30:47.237 [main] DEBUG org.apache.http.headers -- >> Connection: Keep-Alive
07:30:47.237 [main] DEBUG org.apache.http.headers -- >> User-Agent: Apache-HttpClient/4.5.13 (Java/17.0.9)
07:30:47.237 [main] DEBUG org.apache.http.headers -- >> Authorization: Basic YWRtaW46cGFzc3dvcmQ=
07:30:47.237 [main] DEBUG org.apache.http.headers -- >> Accept-Encoding: gzip,deflate
07:30:47.237 [main] DEBUG org.apache.http.wire --  >> "{"author":"CorrectAuthor","id":1,"title":"TitleOfAnotherBook1"}"
07:30:47.494 [main] DEBUG org.apache.http.wire --  << "HTTP/1.1 404 [\r][\n]"
07:30:47.494 [main] DEBUG org.apache.http.wire --  << "Set-Cookie: JSESSIONID=1C1B4B532AAC228F9DBB38BDC6C042F1; Path=/; HttpOnly[\r][\n]"
07:30:47.494 [main] DEBUG org.apache.http.wire --  << "X-Content-Type-Options: nosniff[\r][\n]"
07:30:47.494 [main] DEBUG org.apache.http.wire --  << "X-XSS-Protection: 1; mode=block[\r][\n]"
07:30:47.494 [main] DEBUG org.apache.http.wire --  << "Cache-Control: no-cache, no-store, max-age=0, must-revalidate[\r][\n]"
07:30:47.494 [main] DEBUG org.apache.http.wire --  << "Pragma: no-cache[\r][\n]"
07:30:47.494 [main] DEBUG org.apache.http.wire --  << "Expires: 0[\r][\n]"
07:30:47.494 [main] DEBUG org.apache.http.wire --  << "X-Frame-Options: DENY[\r][\n]"
07:30:47.494 [main] DEBUG org.apache.http.wire --  << "Content-Type: text/plain;charset=UTF-8[\r][\n]"
07:30:47.494 [main] DEBUG org.apache.http.wire --  << "Content-Length: 14[\r][\n]"
07:30:47.494 [main] DEBUG org.apache.http.wire --  << "Date: Fri, 03 Jan 2025 02:00:47 GMT[\r][\n]"
07:30:47.494 [main] DEBUG org.apache.http.wire --  << "Keep-Alive: timeout=60[\r][\n]"
07:30:47.494 [main] DEBUG org.apache.http.wire --  << "Connection: keep-alive[\r][\n]"
07:30:47.494 [main] DEBUG org.apache.http.wire --  << "[\r][\n]"
07:30:47.494 [main] DEBUG org.apache.http.impl.conn.DefaultClientConnection -- Receiving response: HTTP/1.1 404 
07:30:47.494 [main] DEBUG org.apache.http.headers -- << HTTP/1.1 404 
07:30:47.494 [main] DEBUG org.apache.http.headers -- << Set-Cookie: JSESSIONID=1C1B4B532AAC228F9DBB38BDC6C042F1; Path=/; HttpOnly
07:30:47.494 [main] DEBUG org.apache.http.headers -- << X-Content-Type-Options: nosniff
07:30:47.494 [main] DEBUG org.apache.http.headers -- << X-XSS-Protection: 1; mode=block
07:30:47.494 [main] DEBUG org.apache.http.headers -- << Cache-Control: no-cache, no-store, max-age=0, must-revalidate
07:30:47.494 [main] DEBUG org.apache.http.headers -- << Pragma: no-cache
07:30:47.494 [main] DEBUG org.apache.http.headers -- << Expires: 0
07:30:47.494 [main] DEBUG org.apache.http.headers -- << X-Frame-Options: DENY
07:30:47.494 [main] DEBUG org.apache.http.headers -- << Content-Type: text/plain;charset=UTF-8
07:30:47.494 [main] DEBUG org.apache.http.headers -- << Content-Length: 14
07:30:47.494 [main] DEBUG org.apache.http.headers -- << Date: Fri, 03 Jan 2025 02:00:47 GMT
07:30:47.494 [main] DEBUG org.apache.http.headers -- << Keep-Alive: timeout=60
07:30:47.494 [main] DEBUG org.apache.http.headers -- << Connection: keep-alive
07:30:47.494 [main] DEBUG org.apache.http.impl.client.DefaultHttpClient -- Connection can be kept alive for 60000 MILLISECONDS
07:30:47.494 [main] DEBUG org.apache.http.impl.client.DefaultHttpClient -- Authentication succeeded
07:30:47.494 [main] DEBUG org.apache.http.impl.client.TargetAuthenticationStrategy -- Caching 'basic' auth scheme for http://13.60.22.209:7081
07:30:47.495 [main] DEBUG io.restassured.internal.RestAssuredHttpBuilder -- Parsing response as: text/plain;charset=UTF-8
07:30:47.495 [main] DEBUG io.restassured.internal.RestAssuredHttpBuilder -- Parsed data to instance of: class org.apache.http.conn.EofSensorInputStream
]]></system-out>
  </testcase>
  <testcase name="testUpdateBookWithEmptyAuthor" classname="TestCases.PutBookAPITests" time="0.669">
    <failure message="Expected status code is 400 for empty author expected [400] but found [200]" type="java.lang.AssertionError"><![CDATA[java.lang.AssertionError: Expected status code is 400 for empty author expected [400] but found [200]
	at org.testng.Assert.fail(Assert.java:110)
	at org.testng.Assert.failNotEquals(Assert.java:1413)
	at org.testng.Assert.assertEqualsImpl(Assert.java:149)
	at org.testng.Assert.assertEquals(Assert.java:131)
	at org.testng.Assert.assertEquals(Assert.java:1240)
	at TestCases.PutBookAPITests.testUpdateBookWithEmptyAuthor(PutBookAPITests.java:116)
	at java.base/jdk.internal.reflect.NativeMethodAccessorImpl.invoke0(Native Method)
	at java.base/jdk.internal.reflect.NativeMethodAccessorImpl.invoke(NativeMethodAccessorImpl.java:77)
	at java.base/jdk.internal.reflect.DelegatingMethodAccessorImpl.invoke(DelegatingMethodAccessorImpl.java:43)
	at java.base/java.lang.reflect.Method.invoke(Method.java:568)
	at org.testng.internal.invokers.MethodInvocationHelper.invokeMethod(MethodInvocationHelper.java:139)
	at org.testng.internal.invokers.TestInvoker.invokeMethod(TestInvoker.java:677)
	at org.testng.internal.invokers.TestInvoker.invokeTestMethod(TestInvoker.java:221)
	at org.testng.internal.invokers.MethodRunner.runInSequence(MethodRunner.java:50)
	at org.testng.internal.invokers.TestInvoker$MethodInvocationAgent.invoke(TestInvoker.java:969)
	at org.testng.internal.invokers.TestInvoker.invokeTestMethods(TestInvoker.java:194)
	at org.testng.internal.invokers.TestMethodWorker.invokeTestMethods(TestMethodWorker.java:148)
	at org.testng.internal.invokers.TestMethodWorker.run(TestMethodWorker.java:128)
	at java.base/java.util.ArrayList.forEach(ArrayList.java:1511)
	at org.testng.TestRunner.privateRun(TestRunner.java:829)
	at org.testng.TestRunner.run(TestRunner.java:602)
	at org.testng.SuiteRunner.runTest(SuiteRunner.java:437)
	at org.testng.SuiteRunner.runSequentially(SuiteRunner.java:431)
	at org.testng.SuiteRunner.privateRun(SuiteRunner.java:391)
	at org.testng.SuiteRunner.run(SuiteRunner.java:330)
	at org.testng.SuiteRunnerWorker.runSuite(SuiteRunnerWorker.java:52)
	at org.testng.SuiteRunnerWorker.run(SuiteRunnerWorker.java:95)
	at org.testng.TestNG.runSuitesSequentially(TestNG.java:1256)
	at org.testng.TestNG.runSuitesLocally(TestNG.java:1176)
	at org.testng.TestNG.runSuites(TestNG.java:1099)
	at org.testng.TestNG.run(TestNG.java:1067)
	at org.apache.maven.surefire.testng.TestNGExecutor.run(TestNGExecutor.java:324)
	at org.apache.maven.surefire.testng.TestNGXmlTestSuite.execute(TestNGXmlTestSuite.java:74)
	at org.apache.maven.surefire.testng.TestNGProvider.invoke(TestNGProvider.java:123)
	at org.apache.maven.surefire.booter.ForkedBooter.runSuitesInProcess(ForkedBooter.java:456)
	at org.apache.maven.surefire.booter.ForkedBooter.execute(ForkedBooter.java:169)
	at org.apache.maven.surefire.booter.ForkedBooter.run(ForkedBooter.java:595)
	at org.apache.maven.surefire.booter.ForkedBooter.main(ForkedBooter.java:581)
]]></failure>
    <system-out><![CDATA[07:30:47.519 [main] DEBUG org.apache.http.impl.conn.BasicClientConnectionManager -- Get connection for route {}->http://13.60.22.209:7081
07:30:47.520 [main] DEBUG org.apache.http.impl.conn.DefaultClientConnectionOperator -- Connecting to 13.60.22.209:7081
07:30:47.679 [main] DEBUG org.apache.http.client.protocol.RequestAddCookies -- CookieSpec selected: ignoreCookies
07:30:47.680 [main] DEBUG org.apache.http.client.protocol.RequestAuthCache -- Auth cache not set in the context
07:30:47.680 [main] DEBUG org.apache.http.client.protocol.RequestTargetAuthentication -- Target auth state: UNCHALLENGED
07:30:47.680 [main] DEBUG org.apache.http.client.protocol.RequestProxyAuthentication -- Proxy auth state: UNCHALLENGED
07:30:47.680 [main] DEBUG org.apache.http.impl.client.DefaultHttpClient -- Attempt 1 to execute request
07:30:47.680 [main] DEBUG org.apache.http.impl.conn.DefaultClientConnection -- Sending request: PUT /api/books/2 HTTP/1.1
07:30:47.680 [main] DEBUG org.apache.http.wire --  >> "PUT /api/books/2 HTTP/1.1[\r][\n]"
07:30:47.680 [main] DEBUG org.apache.http.wire --  >> "Accept: */*[\r][\n]"
07:30:47.680 [main] DEBUG org.apache.http.wire --  >> "Content-Type: application/json[\r][\n]"
07:30:47.680 [main] DEBUG org.apache.http.wire --  >> "Content-Length: 43[\r][\n]"
07:30:47.680 [main] DEBUG org.apache.http.wire --  >> "Host: 13.60.22.209:7081[\r][\n]"
07:30:47.680 [main] DEBUG org.apache.http.wire --  >> "Connection: Keep-Alive[\r][\n]"
07:30:47.680 [main] DEBUG org.apache.http.wire --  >> "User-Agent: Apache-HttpClient/4.5.13 (Java/17.0.9)[\r][\n]"
07:30:47.680 [main] DEBUG org.apache.http.wire --  >> "Accept-Encoding: gzip,deflate[\r][\n]"
07:30:47.680 [main] DEBUG org.apache.http.wire --  >> "[\r][\n]"
07:30:47.680 [main] DEBUG org.apache.http.headers -- >> PUT /api/books/2 HTTP/1.1
07:30:47.680 [main] DEBUG org.apache.http.headers -- >> Accept: */*
07:30:47.680 [main] DEBUG org.apache.http.headers -- >> Content-Type: application/json
07:30:47.680 [main] DEBUG org.apache.http.headers -- >> Content-Length: 43
07:30:47.680 [main] DEBUG org.apache.http.headers -- >> Host: 13.60.22.209:7081
07:30:47.680 [main] DEBUG org.apache.http.headers -- >> Connection: Keep-Alive
07:30:47.680 [main] DEBUG org.apache.http.headers -- >> User-Agent: Apache-HttpClient/4.5.13 (Java/17.0.9)
07:30:47.680 [main] DEBUG org.apache.http.headers -- >> Accept-Encoding: gzip,deflate
07:30:47.680 [main] DEBUG org.apache.http.wire --  >> "{"author":"","id":2,"title":"Valid Title3"}"
07:30:47.905 [main] DEBUG org.apache.http.wire --  << "HTTP/1.1 401 [\r][\n]"
07:30:47.906 [main] DEBUG org.apache.http.wire --  << "Set-Cookie: JSESSIONID=640AB5AC9A7C49D0EDE7E3350BFA9891; Path=/; HttpOnly[\r][\n]"
07:30:47.906 [main] DEBUG org.apache.http.wire --  << "WWW-Authenticate: Basic realm="Realm"[\r][\n]"
07:30:47.906 [main] DEBUG org.apache.http.wire --  << "X-Content-Type-Options: nosniff[\r][\n]"
07:30:47.906 [main] DEBUG org.apache.http.wire --  << "X-XSS-Protection: 1; mode=block[\r][\n]"
07:30:47.906 [main] DEBUG org.apache.http.wire --  << "Cache-Control: no-cache, no-store, max-age=0, must-revalidate[\r][\n]"
07:30:47.906 [main] DEBUG org.apache.http.wire --  << "Pragma: no-cache[\r][\n]"
07:30:47.906 [main] DEBUG org.apache.http.wire --  << "Expires: 0[\r][\n]"
07:30:47.906 [main] DEBUG org.apache.http.wire --  << "X-Frame-Options: DENY[\r][\n]"
07:30:47.906 [main] DEBUG org.apache.http.wire --  << "Content-Length: 0[\r][\n]"
07:30:47.906 [main] DEBUG org.apache.http.wire --  << "Date: Fri, 03 Jan 2025 02:00:49 GMT[\r][\n]"
07:30:47.906 [main] DEBUG org.apache.http.wire --  << "Keep-Alive: timeout=60[\r][\n]"
07:30:47.906 [main] DEBUG org.apache.http.wire --  << "Connection: keep-alive[\r][\n]"
07:30:47.906 [main] DEBUG org.apache.http.wire --  << "[\r][\n]"
07:30:47.906 [main] DEBUG org.apache.http.impl.conn.DefaultClientConnection -- Receiving response: HTTP/1.1 401 
07:30:47.906 [main] DEBUG org.apache.http.headers -- << HTTP/1.1 401 
07:30:47.906 [main] DEBUG org.apache.http.headers -- << Set-Cookie: JSESSIONID=640AB5AC9A7C49D0EDE7E3350BFA9891; Path=/; HttpOnly
07:30:47.906 [main] DEBUG org.apache.http.headers -- << WWW-Authenticate: Basic realm="Realm"
07:30:47.906 [main] DEBUG org.apache.http.headers -- << X-Content-Type-Options: nosniff
07:30:47.906 [main] DEBUG org.apache.http.headers -- << X-XSS-Protection: 1; mode=block
07:30:47.906 [main] DEBUG org.apache.http.headers -- << Cache-Control: no-cache, no-store, max-age=0, must-revalidate
07:30:47.906 [main] DEBUG org.apache.http.headers -- << Pragma: no-cache
07:30:47.906 [main] DEBUG org.apache.http.headers -- << Expires: 0
07:30:47.906 [main] DEBUG org.apache.http.headers -- << X-Frame-Options: DENY
07:30:47.906 [main] DEBUG org.apache.http.headers -- << Content-Length: 0
07:30:47.906 [main] DEBUG org.apache.http.headers -- << Date: Fri, 03 Jan 2025 02:00:49 GMT
07:30:47.906 [main] DEBUG org.apache.http.headers -- << Keep-Alive: timeout=60
07:30:47.906 [main] DEBUG org.apache.http.headers -- << Connection: keep-alive
07:30:47.906 [main] DEBUG org.apache.http.impl.client.DefaultHttpClient -- Connection can be kept alive for 60000 MILLISECONDS
07:30:47.906 [main] DEBUG org.apache.http.impl.client.DefaultHttpClient -- Authentication required
07:30:47.906 [main] DEBUG org.apache.http.impl.client.DefaultHttpClient -- 13.60.22.209:7081 requested authentication
07:30:47.906 [main] DEBUG org.apache.http.impl.client.TargetAuthenticationStrategy -- Authentication schemes in the order of preference: [Negotiate, Kerberos, NTLM, CredSSP, Digest, Basic]
07:30:47.906 [main] DEBUG org.apache.http.impl.client.TargetAuthenticationStrategy -- Challenge for Negotiate authentication scheme not available
07:30:47.906 [main] DEBUG org.apache.http.impl.client.TargetAuthenticationStrategy -- Challenge for Kerberos authentication scheme not available
07:30:47.906 [main] DEBUG org.apache.http.impl.client.TargetAuthenticationStrategy -- Challenge for NTLM authentication scheme not available
07:30:47.906 [main] DEBUG org.apache.http.impl.client.TargetAuthenticationStrategy -- Challenge for CredSSP authentication scheme not available
07:30:47.906 [main] DEBUG org.apache.http.impl.client.TargetAuthenticationStrategy -- Challenge for Digest authentication scheme not available
07:30:47.906 [main] DEBUG org.apache.http.impl.client.DefaultHttpClient -- Selected authentication options: [BASIC [complete=true]]
07:30:47.906 [main] DEBUG org.apache.http.client.protocol.RequestAddCookies -- CookieSpec selected: ignoreCookies
07:30:47.906 [main] DEBUG org.apache.http.client.protocol.RequestAuthCache -- Auth cache not set in the context
07:30:47.906 [main] DEBUG org.apache.http.client.protocol.RequestTargetAuthentication -- Target auth state: CHALLENGED
07:30:47.906 [main] DEBUG org.apache.http.client.protocol.RequestTargetAuthentication -- Generating response to an authentication challenge using basic scheme
07:30:47.906 [main] DEBUG org.apache.http.client.protocol.RequestProxyAuthentication -- Proxy auth state: UNCHALLENGED
07:30:47.906 [main] DEBUG org.apache.http.impl.client.DefaultHttpClient -- Attempt 2 to execute request
07:30:47.906 [main] DEBUG org.apache.http.impl.conn.DefaultClientConnection -- Sending request: PUT /api/books/2 HTTP/1.1
07:30:47.906 [main] DEBUG org.apache.http.wire --  >> "PUT /api/books/2 HTTP/1.1[\r][\n]"
07:30:47.906 [main] DEBUG org.apache.http.wire --  >> "Accept: */*[\r][\n]"
07:30:47.906 [main] DEBUG org.apache.http.wire --  >> "Content-Type: application/json[\r][\n]"
07:30:47.906 [main] DEBUG org.apache.http.wire --  >> "Content-Length: 43[\r][\n]"
07:30:47.906 [main] DEBUG org.apache.http.wire --  >> "Host: 13.60.22.209:7081[\r][\n]"
07:30:47.907 [main] DEBUG org.apache.http.wire --  >> "Connection: Keep-Alive[\r][\n]"
07:30:47.907 [main] DEBUG org.apache.http.wire --  >> "User-Agent: Apache-HttpClient/4.5.13 (Java/17.0.9)[\r][\n]"
07:30:47.907 [main] DEBUG org.apache.http.wire --  >> "Authorization: Basic YWRtaW46cGFzc3dvcmQ=[\r][\n]"
07:30:47.907 [main] DEBUG org.apache.http.wire --  >> "Accept-Encoding: gzip,deflate[\r][\n]"
07:30:47.907 [main] DEBUG org.apache.http.wire --  >> "[\r][\n]"
07:30:47.907 [main] DEBUG org.apache.http.headers -- >> PUT /api/books/2 HTTP/1.1
07:30:47.907 [main] DEBUG org.apache.http.headers -- >> Accept: */*
07:30:47.907 [main] DEBUG org.apache.http.headers -- >> Content-Type: application/json
07:30:47.907 [main] DEBUG org.apache.http.headers -- >> Content-Length: 43
07:30:47.907 [main] DEBUG org.apache.http.headers -- >> Host: 13.60.22.209:7081
07:30:47.907 [main] DEBUG org.apache.http.headers -- >> Connection: Keep-Alive
07:30:47.907 [main] DEBUG org.apache.http.headers -- >> User-Agent: Apache-HttpClient/4.5.13 (Java/17.0.9)
07:30:47.907 [main] DEBUG org.apache.http.headers -- >> Authorization: Basic YWRtaW46cGFzc3dvcmQ=
07:30:47.907 [main] DEBUG org.apache.http.headers -- >> Accept-Encoding: gzip,deflate
07:30:47.907 [main] DEBUG org.apache.http.wire --  >> "{"author":"","id":2,"title":"Valid Title3"}"
07:30:48.162 [main] DEBUG org.apache.http.wire --  << "HTTP/1.1 200 [\r][\n]"
07:30:48.162 [main] DEBUG org.apache.http.wire --  << "Set-Cookie: JSESSIONID=FC92A6E79C3748E306705993B7BA4261; Path=/; HttpOnly[\r][\n]"
07:30:48.162 [main] DEBUG org.apache.http.wire --  << "X-Content-Type-Options: nosniff[\r][\n]"
07:30:48.162 [main] DEBUG org.apache.http.wire --  << "X-XSS-Protection: 1; mode=block[\r][\n]"
07:30:48.162 [main] DEBUG org.apache.http.wire --  << "Cache-Control: no-cache, no-store, max-age=0, must-revalidate[\r][\n]"
07:30:48.162 [main] DEBUG org.apache.http.wire --  << "Pragma: no-cache[\r][\n]"
07:30:48.162 [main] DEBUG org.apache.http.wire --  << "Expires: 0[\r][\n]"
07:30:48.162 [main] DEBUG org.apache.http.wire --  << "X-Frame-Options: DENY[\r][\n]"
07:30:48.162 [main] DEBUG org.apache.http.wire --  << "Content-Type: application/json[\r][\n]"
07:30:48.162 [main] DEBUG org.apache.http.wire --  << "Transfer-Encoding: chunked[\r][\n]"
07:30:48.162 [main] DEBUG org.apache.http.wire --  << "Date: Fri, 03 Jan 2025 02:00:49 GMT[\r][\n]"
07:30:48.162 [main] DEBUG org.apache.http.wire --  << "Keep-Alive: timeout=60[\r][\n]"
07:30:48.162 [main] DEBUG org.apache.http.wire --  << "Connection: keep-alive[\r][\n]"
07:30:48.162 [main] DEBUG org.apache.http.wire --  << "[\r][\n]"
07:30:48.162 [main] DEBUG org.apache.http.impl.conn.DefaultClientConnection -- Receiving response: HTTP/1.1 200 
07:30:48.162 [main] DEBUG org.apache.http.headers -- << HTTP/1.1 200 
07:30:48.163 [main] DEBUG org.apache.http.headers -- << Set-Cookie: JSESSIONID=FC92A6E79C3748E306705993B7BA4261; Path=/; HttpOnly
07:30:48.163 [main] DEBUG org.apache.http.headers -- << X-Content-Type-Options: nosniff
07:30:48.163 [main] DEBUG org.apache.http.headers -- << X-XSS-Protection: 1; mode=block
07:30:48.163 [main] DEBUG org.apache.http.headers -- << Cache-Control: no-cache, no-store, max-age=0, must-revalidate
07:30:48.163 [main] DEBUG org.apache.http.headers -- << Pragma: no-cache
07:30:48.163 [main] DEBUG org.apache.http.headers -- << Expires: 0
07:30:48.163 [main] DEBUG org.apache.http.headers -- << X-Frame-Options: DENY
07:30:48.163 [main] DEBUG org.apache.http.headers -- << Content-Type: application/json
07:30:48.163 [main] DEBUG org.apache.http.headers -- << Transfer-Encoding: chunked
07:30:48.163 [main] DEBUG org.apache.http.headers -- << Date: Fri, 03 Jan 2025 02:00:49 GMT
07:30:48.163 [main] DEBUG org.apache.http.headers -- << Keep-Alive: timeout=60
07:30:48.163 [main] DEBUG org.apache.http.headers -- << Connection: keep-alive
07:30:48.163 [main] DEBUG org.apache.http.impl.client.DefaultHttpClient -- Connection can be kept alive for 60000 MILLISECONDS
07:30:48.163 [main] DEBUG org.apache.http.impl.client.DefaultHttpClient -- Authentication succeeded
07:30:48.163 [main] DEBUG org.apache.http.impl.client.TargetAuthenticationStrategy -- Caching 'basic' auth scheme for http://13.60.22.209:7081
07:30:48.164 [main] DEBUG io.restassured.internal.RestAssuredHttpBuilder -- Parsing response as: application/json
07:30:48.164 [main] DEBUG io.restassured.internal.RestAssuredHttpBuilder -- Parsed data to instance of: class org.apache.http.conn.EofSensorInputStream
]]></system-out>
  </testcase>
  <testcase name="testUpdateBookWithInvalidIdAsAdmin" classname="TestCases.PutBookAPITests" time="0.791">
    <system-out><![CDATA[07:30:48.178 [main] DEBUG org.apache.http.impl.conn.BasicClientConnectionManager -- Get connection for route {}->http://13.60.22.209:7081
07:30:48.178 [main] DEBUG org.apache.http.impl.conn.DefaultClientConnectionOperator -- Connecting to 13.60.22.209:7081
07:30:48.353 [main] DEBUG org.apache.http.client.protocol.RequestAddCookies -- CookieSpec selected: ignoreCookies
07:30:48.353 [main] DEBUG org.apache.http.client.protocol.RequestAuthCache -- Auth cache not set in the context
07:30:48.353 [main] DEBUG org.apache.http.client.protocol.RequestTargetAuthentication -- Target auth state: UNCHALLENGED
07:30:48.353 [main] DEBUG org.apache.http.client.protocol.RequestProxyAuthentication -- Proxy auth state: UNCHALLENGED
07:30:48.353 [main] DEBUG org.apache.http.impl.client.DefaultHttpClient -- Attempt 1 to execute request
07:30:48.353 [main] DEBUG org.apache.http.impl.conn.DefaultClientConnection -- Sending request: PUT /api/books/999 HTTP/1.1
07:30:48.353 [main] DEBUG org.apache.http.wire --  >> "PUT /api/books/999 HTTP/1.1[\r][\n]"
07:30:48.353 [main] DEBUG org.apache.http.wire --  >> "Accept: */*[\r][\n]"
07:30:48.353 [main] DEBUG org.apache.http.wire --  >> "Content-Type: application/json[\r][\n]"
07:30:48.353 [main] DEBUG org.apache.http.wire --  >> "Content-Length: 75[\r][\n]"
07:30:48.353 [main] DEBUG org.apache.http.wire --  >> "Host: 13.60.22.209:7081[\r][\n]"
07:30:48.353 [main] DEBUG org.apache.http.wire --  >> "Connection: Keep-Alive[\r][\n]"
07:30:48.353 [main] DEBUG org.apache.http.wire --  >> "User-Agent: Apache-HttpClient/4.5.13 (Java/17.0.9)[\r][\n]"
07:30:48.353 [main] DEBUG org.apache.http.wire --  >> "Accept-Encoding: gzip,deflate[\r][\n]"
07:30:48.353 [main] DEBUG org.apache.http.wire --  >> "[\r][\n]"
07:30:48.353 [main] DEBUG org.apache.http.headers -- >> PUT /api/books/999 HTTP/1.1
07:30:48.353 [main] DEBUG org.apache.http.headers -- >> Accept: */*
07:30:48.353 [main] DEBUG org.apache.http.headers -- >> Content-Type: application/json
07:30:48.353 [main] DEBUG org.apache.http.headers -- >> Content-Length: 75
07:30:48.353 [main] DEBUG org.apache.http.headers -- >> Host: 13.60.22.209:7081
07:30:48.353 [main] DEBUG org.apache.http.headers -- >> Connection: Keep-Alive
07:30:48.353 [main] DEBUG org.apache.http.headers -- >> User-Agent: Apache-HttpClient/4.5.13 (Java/17.0.9)
07:30:48.353 [main] DEBUG org.apache.http.headers -- >> Accept-Encoding: gzip,deflate
07:30:48.354 [main] DEBUG org.apache.http.wire --  >> "{"author":"Non-existent Author","id":999,"title":"Non-existent Book Title"}"
07:30:48.646 [main] DEBUG org.apache.http.wire --  << "HTTP/1.1 401 [\r][\n]"
07:30:48.646 [main] DEBUG org.apache.http.wire --  << "Set-Cookie: JSESSIONID=B74CC44686F4B4D1F1FC52DB6A15EC1D; Path=/; HttpOnly[\r][\n]"
07:30:48.646 [main] DEBUG org.apache.http.wire --  << "WWW-Authenticate: Basic realm="Realm"[\r][\n]"
07:30:48.646 [main] DEBUG org.apache.http.wire --  << "X-Content-Type-Options: nosniff[\r][\n]"
07:30:48.646 [main] DEBUG org.apache.http.wire --  << "X-XSS-Protection: 1; mode=block[\r][\n]"
07:30:48.646 [main] DEBUG org.apache.http.wire --  << "Cache-Control: no-cache, no-store, max-age=0, must-revalidate[\r][\n]"
07:30:48.646 [main] DEBUG org.apache.http.wire --  << "Pragma: no-cache[\r][\n]"
07:30:48.646 [main] DEBUG org.apache.http.wire --  << "Expires: 0[\r][\n]"
07:30:48.646 [main] DEBUG org.apache.http.wire --  << "X-Frame-Options: DENY[\r][\n]"
07:30:48.646 [main] DEBUG org.apache.http.wire --  << "Content-Length: 0[\r][\n]"
07:30:48.646 [main] DEBUG org.apache.http.wire --  << "Date: Fri, 03 Jan 2025 02:00:49 GMT[\r][\n]"
07:30:48.646 [main] DEBUG org.apache.http.wire --  << "Keep-Alive: timeout=60[\r][\n]"
07:30:48.646 [main] DEBUG org.apache.http.wire --  << "Connection: keep-alive[\r][\n]"
07:30:48.646 [main] DEBUG org.apache.http.wire --  << "[\r][\n]"
07:30:48.646 [main] DEBUG org.apache.http.impl.conn.DefaultClientConnection -- Receiving response: HTTP/1.1 401 
07:30:48.647 [main] DEBUG org.apache.http.headers -- << HTTP/1.1 401 
07:30:48.647 [main] DEBUG org.apache.http.headers -- << Set-Cookie: JSESSIONID=B74CC44686F4B4D1F1FC52DB6A15EC1D; Path=/; HttpOnly
07:30:48.647 [main] DEBUG org.apache.http.headers -- << WWW-Authenticate: Basic realm="Realm"
07:30:48.647 [main] DEBUG org.apache.http.headers -- << X-Content-Type-Options: nosniff
07:30:48.647 [main] DEBUG org.apache.http.headers -- << X-XSS-Protection: 1; mode=block
07:30:48.647 [main] DEBUG org.apache.http.headers -- << Cache-Control: no-cache, no-store, max-age=0, must-revalidate
07:30:48.647 [main] DEBUG org.apache.http.headers -- << Pragma: no-cache
07:30:48.647 [main] DEBUG org.apache.http.headers -- << Expires: 0
07:30:48.647 [main] DEBUG org.apache.http.headers -- << X-Frame-Options: DENY
07:30:48.647 [main] DEBUG org.apache.http.headers -- << Content-Length: 0
07:30:48.647 [main] DEBUG org.apache.http.headers -- << Date: Fri, 03 Jan 2025 02:00:49 GMT
07:30:48.647 [main] DEBUG org.apache.http.headers -- << Keep-Alive: timeout=60
07:30:48.647 [main] DEBUG org.apache.http.headers -- << Connection: keep-alive
07:30:48.647 [main] DEBUG org.apache.http.impl.client.DefaultHttpClient -- Connection can be kept alive for 60000 MILLISECONDS
07:30:48.647 [main] DEBUG org.apache.http.impl.client.DefaultHttpClient -- Authentication required
07:30:48.647 [main] DEBUG org.apache.http.impl.client.DefaultHttpClient -- 13.60.22.209:7081 requested authentication
07:30:48.647 [main] DEBUG org.apache.http.impl.client.TargetAuthenticationStrategy -- Authentication schemes in the order of preference: [Negotiate, Kerberos, NTLM, CredSSP, Digest, Basic]
07:30:48.647 [main] DEBUG org.apache.http.impl.client.TargetAuthenticationStrategy -- Challenge for Negotiate authentication scheme not available
07:30:48.647 [main] DEBUG org.apache.http.impl.client.TargetAuthenticationStrategy -- Challenge for Kerberos authentication scheme not available
07:30:48.647 [main] DEBUG org.apache.http.impl.client.TargetAuthenticationStrategy -- Challenge for NTLM authentication scheme not available
07:30:48.647 [main] DEBUG org.apache.http.impl.client.TargetAuthenticationStrategy -- Challenge for CredSSP authentication scheme not available
07:30:48.647 [main] DEBUG org.apache.http.impl.client.TargetAuthenticationStrategy -- Challenge for Digest authentication scheme not available
07:30:48.647 [main] DEBUG org.apache.http.impl.client.DefaultHttpClient -- Selected authentication options: [BASIC [complete=true]]
07:30:48.647 [main] DEBUG org.apache.http.client.protocol.RequestAddCookies -- CookieSpec selected: ignoreCookies
07:30:48.647 [main] DEBUG org.apache.http.client.protocol.RequestAuthCache -- Auth cache not set in the context
07:30:48.647 [main] DEBUG org.apache.http.client.protocol.RequestTargetAuthentication -- Target auth state: CHALLENGED
07:30:48.647 [main] DEBUG org.apache.http.client.protocol.RequestTargetAuthentication -- Generating response to an authentication challenge using basic scheme
07:30:48.647 [main] DEBUG org.apache.http.client.protocol.RequestProxyAuthentication -- Proxy auth state: UNCHALLENGED
07:30:48.647 [main] DEBUG org.apache.http.impl.client.DefaultHttpClient -- Attempt 2 to execute request
07:30:48.647 [main] DEBUG org.apache.http.impl.conn.DefaultClientConnection -- Sending request: PUT /api/books/999 HTTP/1.1
07:30:48.647 [main] DEBUG org.apache.http.wire --  >> "PUT /api/books/999 HTTP/1.1[\r][\n]"
07:30:48.647 [main] DEBUG org.apache.http.wire --  >> "Accept: */*[\r][\n]"
07:30:48.647 [main] DEBUG org.apache.http.wire --  >> "Content-Type: application/json[\r][\n]"
07:30:48.647 [main] DEBUG org.apache.http.wire --  >> "Content-Length: 75[\r][\n]"
07:30:48.647 [main] DEBUG org.apache.http.wire --  >> "Host: 13.60.22.209:7081[\r][\n]"
07:30:48.647 [main] DEBUG org.apache.http.wire --  >> "Connection: Keep-Alive[\r][\n]"
07:30:48.647 [main] DEBUG org.apache.http.wire --  >> "User-Agent: Apache-HttpClient/4.5.13 (Java/17.0.9)[\r][\n]"
07:30:48.647 [main] DEBUG org.apache.http.wire --  >> "Authorization: Basic YWRtaW46cGFzc3dvcmQ=[\r][\n]"
07:30:48.647 [main] DEBUG org.apache.http.wire --  >> "Accept-Encoding: gzip,deflate[\r][\n]"
07:30:48.647 [main] DEBUG org.apache.http.wire --  >> "[\r][\n]"
07:30:48.647 [main] DEBUG org.apache.http.headers -- >> PUT /api/books/999 HTTP/1.1
07:30:48.647 [main] DEBUG org.apache.http.headers -- >> Accept: */*
07:30:48.647 [main] DEBUG org.apache.http.headers -- >> Content-Type: application/json
07:30:48.647 [main] DEBUG org.apache.http.headers -- >> Content-Length: 75
07:30:48.647 [main] DEBUG org.apache.http.headers -- >> Host: 13.60.22.209:7081
07:30:48.648 [main] DEBUG org.apache.http.headers -- >> Connection: Keep-Alive
07:30:48.648 [main] DEBUG org.apache.http.headers -- >> User-Agent: Apache-HttpClient/4.5.13 (Java/17.0.9)
07:30:48.648 [main] DEBUG org.apache.http.headers -- >> Authorization: Basic YWRtaW46cGFzc3dvcmQ=
07:30:48.648 [main] DEBUG org.apache.http.headers -- >> Accept-Encoding: gzip,deflate
07:30:48.648 [main] DEBUG org.apache.http.wire --  >> "{"author":"Non-existent Author","id":999,"title":"Non-existent Book Title"}"
07:30:48.952 [main] DEBUG org.apache.http.wire --  << "HTTP/1.1 404 [\r][\n]"
07:30:48.952 [main] DEBUG org.apache.http.wire --  << "Set-Cookie: JSESSIONID=17ADD5A88D9465421D0595E621443E9D; Path=/; HttpOnly[\r][\n]"
07:30:48.952 [main] DEBUG org.apache.http.wire --  << "X-Content-Type-Options: nosniff[\r][\n]"
07:30:48.952 [main] DEBUG org.apache.http.wire --  << "X-XSS-Protection: 1; mode=block[\r][\n]"
07:30:48.952 [main] DEBUG org.apache.http.wire --  << "Cache-Control: no-cache, no-store, max-age=0, must-revalidate[\r][\n]"
07:30:48.952 [main] DEBUG org.apache.http.wire --  << "Pragma: no-cache[\r][\n]"
07:30:48.952 [main] DEBUG org.apache.http.wire --  << "Expires: 0[\r][\n]"
07:30:48.952 [main] DEBUG org.apache.http.wire --  << "X-Frame-Options: DENY[\r][\n]"
07:30:48.952 [main] DEBUG org.apache.http.wire --  << "Content-Type: text/plain;charset=UTF-8[\r][\n]"
07:30:48.952 [main] DEBUG org.apache.http.wire --  << "Content-Length: 14[\r][\n]"
07:30:48.952 [main] DEBUG org.apache.http.wire --  << "Date: Fri, 03 Jan 2025 02:00:50 GMT[\r][\n]"
07:30:48.952 [main] DEBUG org.apache.http.wire --  << "Keep-Alive: timeout=60[\r][\n]"
07:30:48.952 [main] DEBUG org.apache.http.wire --  << "Connection: keep-alive[\r][\n]"
07:30:48.952 [main] DEBUG org.apache.http.wire --  << "[\r][\n]"
07:30:48.952 [main] DEBUG org.apache.http.impl.conn.DefaultClientConnection -- Receiving response: HTTP/1.1 404 
07:30:48.952 [main] DEBUG org.apache.http.headers -- << HTTP/1.1 404 
07:30:48.952 [main] DEBUG org.apache.http.headers -- << Set-Cookie: JSESSIONID=17ADD5A88D9465421D0595E621443E9D; Path=/; HttpOnly
07:30:48.952 [main] DEBUG org.apache.http.headers -- << X-Content-Type-Options: nosniff
07:30:48.952 [main] DEBUG org.apache.http.headers -- << X-XSS-Protection: 1; mode=block
07:30:48.952 [main] DEBUG org.apache.http.headers -- << Cache-Control: no-cache, no-store, max-age=0, must-revalidate
07:30:48.952 [main] DEBUG org.apache.http.headers -- << Pragma: no-cache
07:30:48.952 [main] DEBUG org.apache.http.headers -- << Expires: 0
07:30:48.952 [main] DEBUG org.apache.http.headers -- << X-Frame-Options: DENY
07:30:48.952 [main] DEBUG org.apache.http.headers -- << Content-Type: text/plain;charset=UTF-8
07:30:48.952 [main] DEBUG org.apache.http.headers -- << Content-Length: 14
07:30:48.952 [main] DEBUG org.apache.http.headers -- << Date: Fri, 03 Jan 2025 02:00:50 GMT
07:30:48.952 [main] DEBUG org.apache.http.headers -- << Keep-Alive: timeout=60
07:30:48.952 [main] DEBUG org.apache.http.headers -- << Connection: keep-alive
07:30:48.953 [main] DEBUG org.apache.http.impl.client.DefaultHttpClient -- Connection can be kept alive for 60000 MILLISECONDS
07:30:48.953 [main] DEBUG org.apache.http.impl.client.DefaultHttpClient -- Authentication succeeded
07:30:48.953 [main] DEBUG org.apache.http.impl.client.TargetAuthenticationStrategy -- Caching 'basic' auth scheme for http://13.60.22.209:7081
07:30:48.953 [main] DEBUG io.restassured.internal.RestAssuredHttpBuilder -- Parsing response as: text/plain;charset=UTF-8
07:30:48.953 [main] DEBUG io.restassured.internal.RestAssuredHttpBuilder -- Parsed data to instance of: class org.apache.http.conn.EofSensorInputStream
07:30:48.954 [main] DEBUG org.apache.http.wire --  << "Book not found"
07:30:48.954 [main] DEBUG org.apache.http.impl.conn.BasicClientConnectionManager -- Releasing connection org.apache.http.impl.conn.ManagedClientConnectionImpl@236c098
07:30:48.954 [main] DEBUG org.apache.http.impl.conn.BasicClientConnectionManager -- Connection can be kept alive for 60000 MILLISECONDS
]]></system-out>
  </testcase>
  <testcase name="testUpdateBookWithMissingOrInvalidTitleAsAdmin" classname="TestCases.PutBookAPITests" time="0.712">
    <failure message="Expected status code is 400 for missing/empty title expected [400] but found [200]" type="java.lang.AssertionError"><![CDATA[java.lang.AssertionError: Expected status code is 400 for missing/empty title expected [400] but found [200]
	at org.testng.Assert.fail(Assert.java:110)
	at org.testng.Assert.failNotEquals(Assert.java:1413)
	at org.testng.Assert.assertEqualsImpl(Assert.java:149)
	at org.testng.Assert.assertEquals(Assert.java:131)
	at org.testng.Assert.assertEquals(Assert.java:1240)
	at TestCases.PutBookAPITests.testUpdateBookWithMissingOrInvalidTitleAsAdmin(PutBookAPITests.java:184)
	at java.base/jdk.internal.reflect.NativeMethodAccessorImpl.invoke0(Native Method)
	at java.base/jdk.internal.reflect.NativeMethodAccessorImpl.invoke(NativeMethodAccessorImpl.java:77)
	at java.base/jdk.internal.reflect.DelegatingMethodAccessorImpl.invoke(DelegatingMethodAccessorImpl.java:43)
	at java.base/java.lang.reflect.Method.invoke(Method.java:568)
	at org.testng.internal.invokers.MethodInvocationHelper.invokeMethod(MethodInvocationHelper.java:139)
	at org.testng.internal.invokers.TestInvoker.invokeMethod(TestInvoker.java:677)
	at org.testng.internal.invokers.TestInvoker.invokeTestMethod(TestInvoker.java:221)
	at org.testng.internal.invokers.MethodRunner.runInSequence(MethodRunner.java:50)
	at org.testng.internal.invokers.TestInvoker$MethodInvocationAgent.invoke(TestInvoker.java:969)
	at org.testng.internal.invokers.TestInvoker.invokeTestMethods(TestInvoker.java:194)
	at org.testng.internal.invokers.TestMethodWorker.invokeTestMethods(TestMethodWorker.java:148)
	at org.testng.internal.invokers.TestMethodWorker.run(TestMethodWorker.java:128)
	at java.base/java.util.ArrayList.forEach(ArrayList.java:1511)
	at org.testng.TestRunner.privateRun(TestRunner.java:829)
	at org.testng.TestRunner.run(TestRunner.java:602)
	at org.testng.SuiteRunner.runTest(SuiteRunner.java:437)
	at org.testng.SuiteRunner.runSequentially(SuiteRunner.java:431)
	at org.testng.SuiteRunner.privateRun(SuiteRunner.java:391)
	at org.testng.SuiteRunner.run(SuiteRunner.java:330)
	at org.testng.SuiteRunnerWorker.runSuite(SuiteRunnerWorker.java:52)
	at org.testng.SuiteRunnerWorker.run(SuiteRunnerWorker.java:95)
	at org.testng.TestNG.runSuitesSequentially(TestNG.java:1256)
	at org.testng.TestNG.runSuitesLocally(TestNG.java:1176)
	at org.testng.TestNG.runSuites(TestNG.java:1099)
	at org.testng.TestNG.run(TestNG.java:1067)
	at org.apache.maven.surefire.testng.TestNGExecutor.run(TestNGExecutor.java:324)
	at org.apache.maven.surefire.testng.TestNGXmlTestSuite.execute(TestNGXmlTestSuite.java:74)
	at org.apache.maven.surefire.testng.TestNGProvider.invoke(TestNGProvider.java:123)
	at org.apache.maven.surefire.booter.ForkedBooter.runSuitesInProcess(ForkedBooter.java:456)
	at org.apache.maven.surefire.booter.ForkedBooter.execute(ForkedBooter.java:169)
	at org.apache.maven.surefire.booter.ForkedBooter.run(ForkedBooter.java:595)
	at org.apache.maven.surefire.booter.ForkedBooter.main(ForkedBooter.java:581)
]]></failure>
    <system-out><![CDATA[07:30:48.978 [main] DEBUG org.apache.http.impl.conn.BasicClientConnectionManager -- Get connection for route {}->http://13.60.22.209:7081
07:30:48.978 [main] DEBUG org.apache.http.impl.conn.DefaultClientConnectionOperator -- Connecting to 13.60.22.209:7081
07:30:49.199 [main] DEBUG org.apache.http.client.protocol.RequestAddCookies -- CookieSpec selected: ignoreCookies
07:30:49.199 [main] DEBUG org.apache.http.client.protocol.RequestAuthCache -- Auth cache not set in the context
07:30:49.199 [main] DEBUG org.apache.http.client.protocol.RequestTargetAuthentication -- Target auth state: UNCHALLENGED
07:30:49.199 [main] DEBUG org.apache.http.client.protocol.RequestProxyAuthentication -- Proxy auth state: UNCHALLENGED
07:30:49.199 [main] DEBUG org.apache.http.impl.client.DefaultHttpClient -- Attempt 1 to execute request
07:30:49.199 [main] DEBUG org.apache.http.impl.conn.DefaultClientConnection -- Sending request: PUT /api/books/2 HTTP/1.1
07:30:49.200 [main] DEBUG org.apache.http.wire --  >> "PUT /api/books/2 HTTP/1.1[\r][\n]"
07:30:49.200 [main] DEBUG org.apache.http.wire --  >> "Accept: */*[\r][\n]"
07:30:49.200 [main] DEBUG org.apache.http.wire --  >> "Content-Type: application/json[\r][\n]"
07:30:49.200 [main] DEBUG org.apache.http.wire --  >> "Content-Length: 34[\r][\n]"
07:30:49.200 [main] DEBUG org.apache.http.wire --  >> "Host: 13.60.22.209:7081[\r][\n]"
07:30:49.200 [main] DEBUG org.apache.http.wire --  >> "Connection: Keep-Alive[\r][\n]"
07:30:49.200 [main] DEBUG org.apache.http.wire --  >> "User-Agent: Apache-HttpClient/4.5.13 (Java/17.0.9)[\r][\n]"
07:30:49.200 [main] DEBUG org.apache.http.wire --  >> "Accept-Encoding: gzip,deflate[\r][\n]"
07:30:49.200 [main] DEBUG org.apache.http.wire --  >> "[\r][\n]"
07:30:49.200 [main] DEBUG org.apache.http.headers -- >> PUT /api/books/2 HTTP/1.1
07:30:49.200 [main] DEBUG org.apache.http.headers -- >> Accept: */*
07:30:49.200 [main] DEBUG org.apache.http.headers -- >> Content-Type: application/json
07:30:49.200 [main] DEBUG org.apache.http.headers -- >> Content-Length: 34
07:30:49.200 [main] DEBUG org.apache.http.headers -- >> Host: 13.60.22.209:7081
07:30:49.200 [main] DEBUG org.apache.http.headers -- >> Connection: Keep-Alive
07:30:49.200 [main] DEBUG org.apache.http.headers -- >> User-Agent: Apache-HttpClient/4.5.13 (Java/17.0.9)
07:30:49.200 [main] DEBUG org.apache.http.headers -- >> Accept-Encoding: gzip,deflate
07:30:49.200 [main] DEBUG org.apache.http.wire --  >> "{"author":"Hri","id":2,"title":""}"
07:30:49.384 [main] DEBUG org.apache.http.wire --  << "HTTP/1.1 401 [\r][\n]"
07:30:49.384 [main] DEBUG org.apache.http.wire --  << "Set-Cookie: JSESSIONID=E0DD3F30C3DAC4C7CE0CD37CF90615AF; Path=/; HttpOnly[\r][\n]"
07:30:49.384 [main] DEBUG org.apache.http.wire --  << "WWW-Authenticate: Basic realm="Realm"[\r][\n]"
07:30:49.384 [main] DEBUG org.apache.http.wire --  << "X-Content-Type-Options: nosniff[\r][\n]"
07:30:49.384 [main] DEBUG org.apache.http.wire --  << "X-XSS-Protection: 1; mode=block[\r][\n]"
07:30:49.385 [main] DEBUG org.apache.http.wire --  << "Cache-Control: no-cache, no-store, max-age=0, must-revalidate[\r][\n]"
07:30:49.385 [main] DEBUG org.apache.http.wire --  << "Pragma: no-cache[\r][\n]"
07:30:49.385 [main] DEBUG org.apache.http.wire --  << "Expires: 0[\r][\n]"
07:30:49.385 [main] DEBUG org.apache.http.wire --  << "X-Frame-Options: DENY[\r][\n]"
07:30:49.385 [main] DEBUG org.apache.http.wire --  << "Content-Length: 0[\r][\n]"
07:30:49.385 [main] DEBUG org.apache.http.wire --  << "Date: Fri, 03 Jan 2025 02:00:50 GMT[\r][\n]"
07:30:49.385 [main] DEBUG org.apache.http.wire --  << "Keep-Alive: timeout=60[\r][\n]"
07:30:49.385 [main] DEBUG org.apache.http.wire --  << "Connection: keep-alive[\r][\n]"
07:30:49.385 [main] DEBUG org.apache.http.wire --  << "[\r][\n]"
07:30:49.385 [main] DEBUG org.apache.http.impl.conn.DefaultClientConnection -- Receiving response: HTTP/1.1 401 
07:30:49.385 [main] DEBUG org.apache.http.headers -- << HTTP/1.1 401 
07:30:49.385 [main] DEBUG org.apache.http.headers -- << Set-Cookie: JSESSIONID=E0DD3F30C3DAC4C7CE0CD37CF90615AF; Path=/; HttpOnly
07:30:49.385 [main] DEBUG org.apache.http.headers -- << WWW-Authenticate: Basic realm="Realm"
07:30:49.385 [main] DEBUG org.apache.http.headers -- << X-Content-Type-Options: nosniff
07:30:49.385 [main] DEBUG org.apache.http.headers -- << X-XSS-Protection: 1; mode=block
07:30:49.385 [main] DEBUG org.apache.http.headers -- << Cache-Control: no-cache, no-store, max-age=0, must-revalidate
07:30:49.385 [main] DEBUG org.apache.http.headers -- << Pragma: no-cache
07:30:49.385 [main] DEBUG org.apache.http.headers -- << Expires: 0
07:30:49.385 [main] DEBUG org.apache.http.headers -- << X-Frame-Options: DENY
07:30:49.385 [main] DEBUG org.apache.http.headers -- << Content-Length: 0
07:30:49.385 [main] DEBUG org.apache.http.headers -- << Date: Fri, 03 Jan 2025 02:00:50 GMT
07:30:49.385 [main] DEBUG org.apache.http.headers -- << Keep-Alive: timeout=60
07:30:49.385 [main] DEBUG org.apache.http.headers -- << Connection: keep-alive
07:30:49.385 [main] DEBUG org.apache.http.impl.client.DefaultHttpClient -- Connection can be kept alive for 60000 MILLISECONDS
07:30:49.385 [main] DEBUG org.apache.http.impl.client.DefaultHttpClient -- Authentication required
07:30:49.385 [main] DEBUG org.apache.http.impl.client.DefaultHttpClient -- 13.60.22.209:7081 requested authentication
07:30:49.385 [main] DEBUG org.apache.http.impl.client.TargetAuthenticationStrategy -- Authentication schemes in the order of preference: [Negotiate, Kerberos, NTLM, CredSSP, Digest, Basic]
07:30:49.385 [main] DEBUG org.apache.http.impl.client.TargetAuthenticationStrategy -- Challenge for Negotiate authentication scheme not available
07:30:49.385 [main] DEBUG org.apache.http.impl.client.TargetAuthenticationStrategy -- Challenge for Kerberos authentication scheme not available
07:30:49.385 [main] DEBUG org.apache.http.impl.client.TargetAuthenticationStrategy -- Challenge for NTLM authentication scheme not available
07:30:49.385 [main] DEBUG org.apache.http.impl.client.TargetAuthenticationStrategy -- Challenge for CredSSP authentication scheme not available
07:30:49.385 [main] DEBUG org.apache.http.impl.client.TargetAuthenticationStrategy -- Challenge for Digest authentication scheme not available
07:30:49.385 [main] DEBUG org.apache.http.impl.client.DefaultHttpClient -- Selected authentication options: [BASIC [complete=true]]
07:30:49.385 [main] DEBUG org.apache.http.client.protocol.RequestAddCookies -- CookieSpec selected: ignoreCookies
07:30:49.385 [main] DEBUG org.apache.http.client.protocol.RequestAuthCache -- Auth cache not set in the context
07:30:49.385 [main] DEBUG org.apache.http.client.protocol.RequestTargetAuthentication -- Target auth state: CHALLENGED
07:30:49.385 [main] DEBUG org.apache.http.client.protocol.RequestTargetAuthentication -- Generating response to an authentication challenge using basic scheme
07:30:49.386 [main] DEBUG org.apache.http.client.protocol.RequestProxyAuthentication -- Proxy auth state: UNCHALLENGED
07:30:49.386 [main] DEBUG org.apache.http.impl.client.DefaultHttpClient -- Attempt 2 to execute request
07:30:49.386 [main] DEBUG org.apache.http.impl.conn.DefaultClientConnection -- Sending request: PUT /api/books/2 HTTP/1.1
07:30:49.386 [main] DEBUG org.apache.http.wire --  >> "PUT /api/books/2 HTTP/1.1[\r][\n]"
07:30:49.386 [main] DEBUG org.apache.http.wire --  >> "Accept: */*[\r][\n]"
07:30:49.386 [main] DEBUG org.apache.http.wire --  >> "Content-Type: application/json[\r][\n]"
07:30:49.386 [main] DEBUG org.apache.http.wire --  >> "Content-Length: 34[\r][\n]"
07:30:49.386 [main] DEBUG org.apache.http.wire --  >> "Host: 13.60.22.209:7081[\r][\n]"
07:30:49.386 [main] DEBUG org.apache.http.wire --  >> "Connection: Keep-Alive[\r][\n]"
07:30:49.386 [main] DEBUG org.apache.http.wire --  >> "User-Agent: Apache-HttpClient/4.5.13 (Java/17.0.9)[\r][\n]"
07:30:49.386 [main] DEBUG org.apache.http.wire --  >> "Authorization: Basic YWRtaW46cGFzc3dvcmQ=[\r][\n]"
07:30:49.386 [main] DEBUG org.apache.http.wire --  >> "Accept-Encoding: gzip,deflate[\r][\n]"
07:30:49.386 [main] DEBUG org.apache.http.wire --  >> "[\r][\n]"
07:30:49.386 [main] DEBUG org.apache.http.headers -- >> PUT /api/books/2 HTTP/1.1
07:30:49.386 [main] DEBUG org.apache.http.headers -- >> Accept: */*
07:30:49.386 [main] DEBUG org.apache.http.headers -- >> Content-Type: application/json
07:30:49.386 [main] DEBUG org.apache.http.headers -- >> Content-Length: 34
07:30:49.386 [main] DEBUG org.apache.http.headers -- >> Host: 13.60.22.209:7081
07:30:49.386 [main] DEBUG org.apache.http.headers -- >> Connection: Keep-Alive
07:30:49.386 [main] DEBUG org.apache.http.headers -- >> User-Agent: Apache-HttpClient/4.5.13 (Java/17.0.9)
07:30:49.386 [main] DEBUG org.apache.http.headers -- >> Authorization: Basic YWRtaW46cGFzc3dvcmQ=
07:30:49.386 [main] DEBUG org.apache.http.headers -- >> Accept-Encoding: gzip,deflate
07:30:49.386 [main] DEBUG org.apache.http.wire --  >> "{"author":"Hri","id":2,"title":""}"
07:30:49.666 [main] DEBUG org.apache.http.wire --  << "HTTP/1.1 200 [\r][\n]"
07:30:49.666 [main] DEBUG org.apache.http.wire --  << "Set-Cookie: JSESSIONID=5C0B36229D844663251BE0C5FE2E9EB2; Path=/; HttpOnly[\r][\n]"
07:30:49.666 [main] DEBUG org.apache.http.wire --  << "X-Content-Type-Options: nosniff[\r][\n]"
07:30:49.666 [main] DEBUG org.apache.http.wire --  << "X-XSS-Protection: 1; mode=block[\r][\n]"
07:30:49.666 [main] DEBUG org.apache.http.wire --  << "Cache-Control: no-cache, no-store, max-age=0, must-revalidate[\r][\n]"
07:30:49.666 [main] DEBUG org.apache.http.wire --  << "Pragma: no-cache[\r][\n]"
07:30:49.666 [main] DEBUG org.apache.http.wire --  << "Expires: 0[\r][\n]"
07:30:49.666 [main] DEBUG org.apache.http.wire --  << "X-Frame-Options: DENY[\r][\n]"
07:30:49.666 [main] DEBUG org.apache.http.wire --  << "Content-Type: application/json[\r][\n]"
07:30:49.666 [main] DEBUG org.apache.http.wire --  << "Transfer-Encoding: chunked[\r][\n]"
07:30:49.666 [main] DEBUG org.apache.http.wire --  << "Date: Fri, 03 Jan 2025 02:00:50 GMT[\r][\n]"
07:30:49.666 [main] DEBUG org.apache.http.wire --  << "Keep-Alive: timeout=60[\r][\n]"
07:30:49.666 [main] DEBUG org.apache.http.wire --  << "Connection: keep-alive[\r][\n]"
07:30:49.666 [main] DEBUG org.apache.http.wire --  << "[\r][\n]"
07:30:49.666 [main] DEBUG org.apache.http.impl.conn.DefaultClientConnection -- Receiving response: HTTP/1.1 200 
07:30:49.666 [main] DEBUG org.apache.http.headers -- << HTTP/1.1 200 
07:30:49.666 [main] DEBUG org.apache.http.headers -- << Set-Cookie: JSESSIONID=5C0B36229D844663251BE0C5FE2E9EB2; Path=/; HttpOnly
07:30:49.666 [main] DEBUG org.apache.http.headers -- << X-Content-Type-Options: nosniff
07:30:49.666 [main] DEBUG org.apache.http.headers -- << X-XSS-Protection: 1; mode=block
07:30:49.666 [main] DEBUG org.apache.http.headers -- << Cache-Control: no-cache, no-store, max-age=0, must-revalidate
07:30:49.666 [main] DEBUG org.apache.http.headers -- << Pragma: no-cache
07:30:49.666 [main] DEBUG org.apache.http.headers -- << Expires: 0
07:30:49.666 [main] DEBUG org.apache.http.headers -- << X-Frame-Options: DENY
07:30:49.666 [main] DEBUG org.apache.http.headers -- << Content-Type: application/json
07:30:49.666 [main] DEBUG org.apache.http.headers -- << Transfer-Encoding: chunked
07:30:49.666 [main] DEBUG org.apache.http.headers -- << Date: Fri, 03 Jan 2025 02:00:50 GMT
07:30:49.666 [main] DEBUG org.apache.http.headers -- << Keep-Alive: timeout=60
07:30:49.666 [main] DEBUG org.apache.http.headers -- << Connection: keep-alive
07:30:49.666 [main] DEBUG org.apache.http.impl.client.DefaultHttpClient -- Connection can be kept alive for 60000 MILLISECONDS
07:30:49.666 [main] DEBUG org.apache.http.impl.client.DefaultHttpClient -- Authentication succeeded
07:30:49.666 [main] DEBUG org.apache.http.impl.client.TargetAuthenticationStrategy -- Caching 'basic' auth scheme for http://13.60.22.209:7081
07:30:49.667 [main] DEBUG io.restassured.internal.RestAssuredHttpBuilder -- Parsing response as: application/json
07:30:49.667 [main] DEBUG io.restassured.internal.RestAssuredHttpBuilder -- Parsed data to instance of: class org.apache.http.conn.EofSensorInputStream
]]></system-out>
  </testcase>
  <testcase name="testUpdateBookWithMissingTitleAndAuthor" classname="TestCases.PutBookAPITests" time="0.813">
    <system-out><![CDATA[07:30:49.704 [main] DEBUG org.apache.http.impl.conn.BasicClientConnectionManager -- Get connection for route {}->http://13.60.22.209:7081
07:30:49.704 [main] DEBUG org.apache.http.impl.conn.DefaultClientConnectionOperator -- Connecting to 13.60.22.209:7081
07:30:49.969 [main] DEBUG org.apache.http.client.protocol.RequestAddCookies -- CookieSpec selected: ignoreCookies
07:30:49.969 [main] DEBUG org.apache.http.client.protocol.RequestAuthCache -- Auth cache not set in the context
07:30:49.969 [main] DEBUG org.apache.http.client.protocol.RequestTargetAuthentication -- Target auth state: UNCHALLENGED
07:30:49.969 [main] DEBUG org.apache.http.client.protocol.RequestProxyAuthentication -- Proxy auth state: UNCHALLENGED
07:30:49.969 [main] DEBUG org.apache.http.impl.client.DefaultHttpClient -- Attempt 1 to execute request
07:30:49.969 [main] DEBUG org.apache.http.impl.conn.DefaultClientConnection -- Sending request: PUT /api/books/1 HTTP/1.1
07:30:49.969 [main] DEBUG org.apache.http.wire --  >> "PUT /api/books/1 HTTP/1.1[\r][\n]"
07:30:49.969 [main] DEBUG org.apache.http.wire --  >> "Accept: */*[\r][\n]"
07:30:49.969 [main] DEBUG org.apache.http.wire --  >> "Content-Type: application/json[\r][\n]"
07:30:49.969 [main] DEBUG org.apache.http.wire --  >> "Content-Length: 35[\r][\n]"
07:30:49.969 [main] DEBUG org.apache.http.wire --  >> "Host: 13.60.22.209:7081[\r][\n]"
07:30:49.969 [main] DEBUG org.apache.http.wire --  >> "Connection: Keep-Alive[\r][\n]"
07:30:49.969 [main] DEBUG org.apache.http.wire --  >> "User-Agent: Apache-HttpClient/4.5.13 (Java/17.0.9)[\r][\n]"
07:30:49.969 [main] DEBUG org.apache.http.wire --  >> "Accept-Encoding: gzip,deflate[\r][\n]"
07:30:49.969 [main] DEBUG org.apache.http.wire --  >> "[\r][\n]"
07:30:49.969 [main] DEBUG org.apache.http.headers -- >> PUT /api/books/1 HTTP/1.1
07:30:49.969 [main] DEBUG org.apache.http.headers -- >> Accept: */*
07:30:49.969 [main] DEBUG org.apache.http.headers -- >> Content-Type: application/json
07:30:49.969 [main] DEBUG org.apache.http.headers -- >> Content-Length: 35
07:30:49.969 [main] DEBUG org.apache.http.headers -- >> Host: 13.60.22.209:7081
07:30:49.969 [main] DEBUG org.apache.http.headers -- >> Connection: Keep-Alive
07:30:49.969 [main] DEBUG org.apache.http.headers -- >> User-Agent: Apache-HttpClient/4.5.13 (Java/17.0.9)
07:30:49.969 [main] DEBUG org.apache.http.headers -- >> Accept-Encoding: gzip,deflate
07:30:49.969 [main] DEBUG org.apache.http.wire --  >> "{"author":null,"id":1,"title":null}"
07:30:50.208 [main] DEBUG org.apache.http.wire --  << "HTTP/1.1 401 [\r][\n]"
07:30:50.208 [main] DEBUG org.apache.http.wire --  << "Set-Cookie: JSESSIONID=2E58C0A90FE52D387D6E60551D978683; Path=/; HttpOnly[\r][\n]"
07:30:50.208 [main] DEBUG org.apache.http.wire --  << "WWW-Authenticate: Basic realm="Realm"[\r][\n]"
07:30:50.208 [main] DEBUG org.apache.http.wire --  << "X-Content-Type-Options: nosniff[\r][\n]"
07:30:50.208 [main] DEBUG org.apache.http.wire --  << "X-XSS-Protection: 1; mode=block[\r][\n]"
07:30:50.208 [main] DEBUG org.apache.http.wire --  << "Cache-Control: no-cache, no-store, max-age=0, must-revalidate[\r][\n]"
07:30:50.208 [main] DEBUG org.apache.http.wire --  << "Pragma: no-cache[\r][\n]"
07:30:50.208 [main] DEBUG org.apache.http.wire --  << "Expires: 0[\r][\n]"
07:30:50.208 [main] DEBUG org.apache.http.wire --  << "X-Frame-Options: DENY[\r][\n]"
07:30:50.208 [main] DEBUG org.apache.http.wire --  << "Content-Length: 0[\r][\n]"
07:30:50.208 [main] DEBUG org.apache.http.wire --  << "Date: Fri, 03 Jan 2025 02:00:51 GMT[\r][\n]"
07:30:50.208 [main] DEBUG org.apache.http.wire --  << "Keep-Alive: timeout=60[\r][\n]"
07:30:50.208 [main] DEBUG org.apache.http.wire --  << "Connection: keep-alive[\r][\n]"
07:30:50.209 [main] DEBUG org.apache.http.wire --  << "[\r][\n]"
07:30:50.209 [main] DEBUG org.apache.http.impl.conn.DefaultClientConnection -- Receiving response: HTTP/1.1 401 
07:30:50.209 [main] DEBUG org.apache.http.headers -- << HTTP/1.1 401 
07:30:50.209 [main] DEBUG org.apache.http.headers -- << Set-Cookie: JSESSIONID=2E58C0A90FE52D387D6E60551D978683; Path=/; HttpOnly
07:30:50.209 [main] DEBUG org.apache.http.headers -- << WWW-Authenticate: Basic realm="Realm"
07:30:50.209 [main] DEBUG org.apache.http.headers -- << X-Content-Type-Options: nosniff
07:30:50.209 [main] DEBUG org.apache.http.headers -- << X-XSS-Protection: 1; mode=block
07:30:50.209 [main] DEBUG org.apache.http.headers -- << Cache-Control: no-cache, no-store, max-age=0, must-revalidate
07:30:50.209 [main] DEBUG org.apache.http.headers -- << Pragma: no-cache
07:30:50.209 [main] DEBUG org.apache.http.headers -- << Expires: 0
07:30:50.209 [main] DEBUG org.apache.http.headers -- << X-Frame-Options: DENY
07:30:50.209 [main] DEBUG org.apache.http.headers -- << Content-Length: 0
07:30:50.209 [main] DEBUG org.apache.http.headers -- << Date: Fri, 03 Jan 2025 02:00:51 GMT
07:30:50.209 [main] DEBUG org.apache.http.headers -- << Keep-Alive: timeout=60
07:30:50.209 [main] DEBUG org.apache.http.headers -- << Connection: keep-alive
07:30:50.209 [main] DEBUG org.apache.http.impl.client.DefaultHttpClient -- Connection can be kept alive for 60000 MILLISECONDS
07:30:50.209 [main] DEBUG org.apache.http.impl.client.DefaultHttpClient -- Authentication required
07:30:50.209 [main] DEBUG org.apache.http.impl.client.DefaultHttpClient -- 13.60.22.209:7081 requested authentication
07:30:50.209 [main] DEBUG org.apache.http.impl.client.TargetAuthenticationStrategy -- Authentication schemes in the order of preference: [Negotiate, Kerberos, NTLM, CredSSP, Digest, Basic]
07:30:50.209 [main] DEBUG org.apache.http.impl.client.TargetAuthenticationStrategy -- Challenge for Negotiate authentication scheme not available
07:30:50.209 [main] DEBUG org.apache.http.impl.client.TargetAuthenticationStrategy -- Challenge for Kerberos authentication scheme not available
07:30:50.209 [main] DEBUG org.apache.http.impl.client.TargetAuthenticationStrategy -- Challenge for NTLM authentication scheme not available
07:30:50.209 [main] DEBUG org.apache.http.impl.client.TargetAuthenticationStrategy -- Challenge for CredSSP authentication scheme not available
07:30:50.209 [main] DEBUG org.apache.http.impl.client.TargetAuthenticationStrategy -- Challenge for Digest authentication scheme not available
07:30:50.210 [main] DEBUG org.apache.http.impl.client.DefaultHttpClient -- Selected authentication options: [BASIC [complete=true]]
07:30:50.210 [main] DEBUG org.apache.http.client.protocol.RequestAddCookies -- CookieSpec selected: ignoreCookies
07:30:50.210 [main] DEBUG org.apache.http.client.protocol.RequestAuthCache -- Auth cache not set in the context
07:30:50.210 [main] DEBUG org.apache.http.client.protocol.RequestTargetAuthentication -- Target auth state: CHALLENGED
07:30:50.210 [main] DEBUG org.apache.http.client.protocol.RequestTargetAuthentication -- Generating response to an authentication challenge using basic scheme
07:30:50.210 [main] DEBUG org.apache.http.client.protocol.RequestProxyAuthentication -- Proxy auth state: UNCHALLENGED
07:30:50.210 [main] DEBUG org.apache.http.impl.client.DefaultHttpClient -- Attempt 2 to execute request
07:30:50.210 [main] DEBUG org.apache.http.impl.conn.DefaultClientConnection -- Sending request: PUT /api/books/1 HTTP/1.1
07:30:50.210 [main] DEBUG org.apache.http.wire --  >> "PUT /api/books/1 HTTP/1.1[\r][\n]"
07:30:50.210 [main] DEBUG org.apache.http.wire --  >> "Accept: */*[\r][\n]"
07:30:50.210 [main] DEBUG org.apache.http.wire --  >> "Content-Type: application/json[\r][\n]"
07:30:50.210 [main] DEBUG org.apache.http.wire --  >> "Content-Length: 35[\r][\n]"
07:30:50.210 [main] DEBUG org.apache.http.wire --  >> "Host: 13.60.22.209:7081[\r][\n]"
07:30:50.210 [main] DEBUG org.apache.http.wire --  >> "Connection: Keep-Alive[\r][\n]"
07:30:50.210 [main] DEBUG org.apache.http.wire --  >> "User-Agent: Apache-HttpClient/4.5.13 (Java/17.0.9)[\r][\n]"
07:30:50.210 [main] DEBUG org.apache.http.wire --  >> "Authorization: Basic YWRtaW46cGFzc3dvcmQ=[\r][\n]"
07:30:50.210 [main] DEBUG org.apache.http.wire --  >> "Accept-Encoding: gzip,deflate[\r][\n]"
07:30:50.210 [main] DEBUG org.apache.http.wire --  >> "[\r][\n]"
07:30:50.210 [main] DEBUG org.apache.http.headers -- >> PUT /api/books/1 HTTP/1.1
07:30:50.210 [main] DEBUG org.apache.http.headers -- >> Accept: */*
07:30:50.210 [main] DEBUG org.apache.http.headers -- >> Content-Type: application/json
07:30:50.210 [main] DEBUG org.apache.http.headers -- >> Content-Length: 35
07:30:50.210 [main] DEBUG org.apache.http.headers -- >> Host: 13.60.22.209:7081
07:30:50.210 [main] DEBUG org.apache.http.headers -- >> Connection: Keep-Alive
07:30:50.210 [main] DEBUG org.apache.http.headers -- >> User-Agent: Apache-HttpClient/4.5.13 (Java/17.0.9)
07:30:50.210 [main] DEBUG org.apache.http.headers -- >> Authorization: Basic YWRtaW46cGFzc3dvcmQ=
07:30:50.210 [main] DEBUG org.apache.http.headers -- >> Accept-Encoding: gzip,deflate
07:30:50.210 [main] DEBUG org.apache.http.wire --  >> "{"author":null,"id":1,"title":null}"
07:30:50.474 [main] DEBUG org.apache.http.wire --  << "HTTP/1.1 400 [\r][\n]"
07:30:50.474 [main] DEBUG org.apache.http.wire --  << "Set-Cookie: JSESSIONID=FEDED07AA9759FEB3A866FFDBBFCB4AF; Path=/; HttpOnly[\r][\n]"
07:30:50.474 [main] DEBUG org.apache.http.wire --  << "X-Content-Type-Options: nosniff[\r][\n]"
07:30:50.474 [main] DEBUG org.apache.http.wire --  << "X-XSS-Protection: 1; mode=block[\r][\n]"
07:30:50.474 [main] DEBUG org.apache.http.wire --  << "Cache-Control: no-cache, no-store, max-age=0, must-revalidate[\r][\n]"
07:30:50.474 [main] DEBUG org.apache.http.wire --  << "Pragma: no-cache[\r][\n]"
07:30:50.474 [main] DEBUG org.apache.http.wire --  << "Expires: 0[\r][\n]"
07:30:50.474 [main] DEBUG org.apache.http.wire --  << "X-Frame-Options: DENY[\r][\n]"
07:30:50.474 [main] DEBUG org.apache.http.wire --  << "Content-Type: text/plain;charset=UTF-8[\r][\n]"
07:30:50.474 [main] DEBUG org.apache.http.wire --  << "Content-Length: 39[\r][\n]"
07:30:50.474 [main] DEBUG org.apache.http.wire --  << "Date: Fri, 03 Jan 2025 02:00:51 GMT[\r][\n]"
07:30:50.474 [main] DEBUG org.apache.http.wire --  << "Connection: close[\r][\n]"
07:30:50.474 [main] DEBUG org.apache.http.wire --  << "[\r][\n]"
07:30:50.474 [main] DEBUG org.apache.http.impl.conn.DefaultClientConnection -- Receiving response: HTTP/1.1 400 
07:30:50.474 [main] DEBUG org.apache.http.headers -- << HTTP/1.1 400 
07:30:50.474 [main] DEBUG org.apache.http.headers -- << Set-Cookie: JSESSIONID=FEDED07AA9759FEB3A866FFDBBFCB4AF; Path=/; HttpOnly
07:30:50.474 [main] DEBUG org.apache.http.headers -- << X-Content-Type-Options: nosniff
07:30:50.474 [main] DEBUG org.apache.http.headers -- << X-XSS-Protection: 1; mode=block
07:30:50.474 [main] DEBUG org.apache.http.headers -- << Cache-Control: no-cache, no-store, max-age=0, must-revalidate
07:30:50.474 [main] DEBUG org.apache.http.headers -- << Pragma: no-cache
07:30:50.474 [main] DEBUG org.apache.http.headers -- << Expires: 0
07:30:50.474 [main] DEBUG org.apache.http.headers -- << X-Frame-Options: DENY
07:30:50.474 [main] DEBUG org.apache.http.headers -- << Content-Type: text/plain;charset=UTF-8
07:30:50.474 [main] DEBUG org.apache.http.headers -- << Content-Length: 39
07:30:50.474 [main] DEBUG org.apache.http.headers -- << Date: Fri, 03 Jan 2025 02:00:51 GMT
07:30:50.474 [main] DEBUG org.apache.http.headers -- << Connection: close
07:30:50.475 [main] DEBUG org.apache.http.impl.client.DefaultHttpClient -- Authentication succeeded
07:30:50.475 [main] DEBUG org.apache.http.impl.client.TargetAuthenticationStrategy -- Caching 'basic' auth scheme for http://13.60.22.209:7081
07:30:50.478 [main] DEBUG io.restassured.internal.RestAssuredHttpBuilder -- Parsing response as: text/plain;charset=UTF-8
07:30:50.478 [main] DEBUG io.restassured.internal.RestAssuredHttpBuilder -- Parsed data to instance of: class org.apache.http.conn.EofSensorInputStream
07:30:50.481 [main] DEBUG org.apache.http.wire --  << "Mandatory parameters should not be null"
07:30:50.481 [main] DEBUG org.apache.http.impl.conn.BasicClientConnectionManager -- Releasing connection org.apache.http.impl.conn.ManagedClientConnectionImpl@755a7218
07:30:50.481 [main] DEBUG org.apache.http.impl.conn.DefaultClientConnection -- Connection 0.0.0.0:62921<->13.60.22.209:7081 shut down
]]></system-out>
  </testcase>
  <testcase name="testUpdateBookWithNoneParametersAsAdmin" classname="TestCases.PutBookAPITests" time="0.684">
    <failure message="Response should indicate invalid input parameters expected [true] but found [false]" type="java.lang.AssertionError"><![CDATA[java.lang.AssertionError: Response should indicate invalid input parameters expected [true] but found [false]
	at org.testng.Assert.fail(Assert.java:110)
	at org.testng.Assert.failNotEquals(Assert.java:1413)
	at org.testng.Assert.assertTrue(Assert.java:56)
	at TestCases.PutBookAPITests.testUpdateBookWithNoneParametersAsAdmin(PutBookAPITests.java:242)
	at java.base/jdk.internal.reflect.NativeMethodAccessorImpl.invoke0(Native Method)
	at java.base/jdk.internal.reflect.NativeMethodAccessorImpl.invoke(NativeMethodAccessorImpl.java:77)
	at java.base/jdk.internal.reflect.DelegatingMethodAccessorImpl.invoke(DelegatingMethodAccessorImpl.java:43)
	at java.base/java.lang.reflect.Method.invoke(Method.java:568)
	at org.testng.internal.invokers.MethodInvocationHelper.invokeMethod(MethodInvocationHelper.java:139)
	at org.testng.internal.invokers.TestInvoker.invokeMethod(TestInvoker.java:677)
	at org.testng.internal.invokers.TestInvoker.invokeTestMethod(TestInvoker.java:221)
	at org.testng.internal.invokers.MethodRunner.runInSequence(MethodRunner.java:50)
	at org.testng.internal.invokers.TestInvoker$MethodInvocationAgent.invoke(TestInvoker.java:969)
	at org.testng.internal.invokers.TestInvoker.invokeTestMethods(TestInvoker.java:194)
	at org.testng.internal.invokers.TestMethodWorker.invokeTestMethods(TestMethodWorker.java:148)
	at org.testng.internal.invokers.TestMethodWorker.run(TestMethodWorker.java:128)
	at java.base/java.util.ArrayList.forEach(ArrayList.java:1511)
	at org.testng.TestRunner.privateRun(TestRunner.java:829)
	at org.testng.TestRunner.run(TestRunner.java:602)
	at org.testng.SuiteRunner.runTest(SuiteRunner.java:437)
	at org.testng.SuiteRunner.runSequentially(SuiteRunner.java:431)
	at org.testng.SuiteRunner.privateRun(SuiteRunner.java:391)
	at org.testng.SuiteRunner.run(SuiteRunner.java:330)
	at org.testng.SuiteRunnerWorker.runSuite(SuiteRunnerWorker.java:52)
	at org.testng.SuiteRunnerWorker.run(SuiteRunnerWorker.java:95)
	at org.testng.TestNG.runSuitesSequentially(TestNG.java:1256)
	at org.testng.TestNG.runSuitesLocally(TestNG.java:1176)
	at org.testng.TestNG.runSuites(TestNG.java:1099)
	at org.testng.TestNG.run(TestNG.java:1067)
	at org.apache.maven.surefire.testng.TestNGExecutor.run(TestNGExecutor.java:324)
	at org.apache.maven.surefire.testng.TestNGXmlTestSuite.execute(TestNGXmlTestSuite.java:74)
	at org.apache.maven.surefire.testng.TestNGProvider.invoke(TestNGProvider.java:123)
	at org.apache.maven.surefire.booter.ForkedBooter.runSuitesInProcess(ForkedBooter.java:456)
	at org.apache.maven.surefire.booter.ForkedBooter.execute(ForkedBooter.java:169)
	at org.apache.maven.surefire.booter.ForkedBooter.run(ForkedBooter.java:595)
	at org.apache.maven.surefire.booter.ForkedBooter.main(ForkedBooter.java:581)
]]></failure>
    <system-out><![CDATA[07:30:50.500 [main] DEBUG org.apache.http.impl.conn.BasicClientConnectionManager -- Get connection for route {}->http://13.60.22.209:7081
07:30:50.500 [main] DEBUG org.apache.http.impl.conn.DefaultClientConnectionOperator -- Connecting to 13.60.22.209:7081
07:30:50.682 [main] DEBUG org.apache.http.client.protocol.RequestAddCookies -- CookieSpec selected: ignoreCookies
07:30:50.682 [main] DEBUG org.apache.http.client.protocol.RequestAuthCache -- Auth cache not set in the context
07:30:50.682 [main] DEBUG org.apache.http.client.protocol.RequestTargetAuthentication -- Target auth state: UNCHALLENGED
07:30:50.682 [main] DEBUG org.apache.http.client.protocol.RequestProxyAuthentication -- Proxy auth state: UNCHALLENGED
07:30:50.682 [main] DEBUG org.apache.http.impl.client.DefaultHttpClient -- Attempt 1 to execute request
07:30:50.682 [main] DEBUG org.apache.http.impl.conn.DefaultClientConnection -- Sending request: PUT /api/books/1 HTTP/1.1
07:30:50.682 [main] DEBUG org.apache.http.wire --  >> "PUT /api/books/1 HTTP/1.1[\r][\n]"
07:30:50.682 [main] DEBUG org.apache.http.wire --  >> "Accept: */*[\r][\n]"
07:30:50.682 [main] DEBUG org.apache.http.wire --  >> "Content-Type: application/json[\r][\n]"
07:30:50.682 [main] DEBUG org.apache.http.wire --  >> "Content-Length: 38[\r][\n]"
07:30:50.682 [main] DEBUG org.apache.http.wire --  >> "Host: 13.60.22.209:7081[\r][\n]"
07:30:50.682 [main] DEBUG org.apache.http.wire --  >> "Connection: Keep-Alive[\r][\n]"
07:30:50.682 [main] DEBUG org.apache.http.wire --  >> "User-Agent: Apache-HttpClient/4.5.13 (Java/17.0.9)[\r][\n]"
07:30:50.682 [main] DEBUG org.apache.http.wire --  >> "Accept-Encoding: gzip,deflate[\r][\n]"
07:30:50.682 [main] DEBUG org.apache.http.wire --  >> "[\r][\n]"
07:30:50.682 [main] DEBUG org.apache.http.headers -- >> PUT /api/books/1 HTTP/1.1
07:30:50.682 [main] DEBUG org.apache.http.headers -- >> Accept: */*
07:30:50.682 [main] DEBUG org.apache.http.headers -- >> Content-Type: application/json
07:30:50.682 [main] DEBUG org.apache.http.headers -- >> Content-Length: 38
07:30:50.682 [main] DEBUG org.apache.http.headers -- >> Host: 13.60.22.209:7081
07:30:50.682 [main] DEBUG org.apache.http.headers -- >> Connection: Keep-Alive
07:30:50.682 [main] DEBUG org.apache.http.headers -- >> User-Agent: Apache-HttpClient/4.5.13 (Java/17.0.9)
07:30:50.682 [main] DEBUG org.apache.http.headers -- >> Accept-Encoding: gzip,deflate
07:30:50.683 [main] DEBUG org.apache.http.wire --  >> "{"author":null,"id":null,"title":null}"
07:30:50.890 [main] DEBUG org.apache.http.wire --  << "HTTP/1.1 401 [\r][\n]"
07:30:50.890 [main] DEBUG org.apache.http.wire --  << "Set-Cookie: JSESSIONID=D07986F8E554C6B46EC9DEF9179C138F; Path=/; HttpOnly[\r][\n]"
07:30:50.890 [main] DEBUG org.apache.http.wire --  << "WWW-Authenticate: Basic realm="Realm"[\r][\n]"
07:30:50.890 [main] DEBUG org.apache.http.wire --  << "X-Content-Type-Options: nosniff[\r][\n]"
07:30:50.890 [main] DEBUG org.apache.http.wire --  << "X-XSS-Protection: 1; mode=block[\r][\n]"
07:30:50.890 [main] DEBUG org.apache.http.wire --  << "Cache-Control: no-cache, no-store, max-age=0, must-revalidate[\r][\n]"
07:30:50.890 [main] DEBUG org.apache.http.wire --  << "Pragma: no-cache[\r][\n]"
07:30:50.890 [main] DEBUG org.apache.http.wire --  << "Expires: 0[\r][\n]"
07:30:50.890 [main] DEBUG org.apache.http.wire --  << "X-Frame-Options: DENY[\r][\n]"
07:30:50.890 [main] DEBUG org.apache.http.wire --  << "Content-Length: 0[\r][\n]"
07:30:50.890 [main] DEBUG org.apache.http.wire --  << "Date: Fri, 03 Jan 2025 02:00:51 GMT[\r][\n]"
07:30:50.890 [main] DEBUG org.apache.http.wire --  << "Keep-Alive: timeout=60[\r][\n]"
07:30:50.890 [main] DEBUG org.apache.http.wire --  << "Connection: keep-alive[\r][\n]"
07:30:50.890 [main] DEBUG org.apache.http.wire --  << "[\r][\n]"
07:30:50.890 [main] DEBUG org.apache.http.impl.conn.DefaultClientConnection -- Receiving response: HTTP/1.1 401 
07:30:50.890 [main] DEBUG org.apache.http.headers -- << HTTP/1.1 401 
07:30:50.890 [main] DEBUG org.apache.http.headers -- << Set-Cookie: JSESSIONID=D07986F8E554C6B46EC9DEF9179C138F; Path=/; HttpOnly
07:30:50.890 [main] DEBUG org.apache.http.headers -- << WWW-Authenticate: Basic realm="Realm"
07:30:50.890 [main] DEBUG org.apache.http.headers -- << X-Content-Type-Options: nosniff
07:30:50.890 [main] DEBUG org.apache.http.headers -- << X-XSS-Protection: 1; mode=block
07:30:50.890 [main] DEBUG org.apache.http.headers -- << Cache-Control: no-cache, no-store, max-age=0, must-revalidate
07:30:50.890 [main] DEBUG org.apache.http.headers -- << Pragma: no-cache
07:30:50.890 [main] DEBUG org.apache.http.headers -- << Expires: 0
07:30:50.890 [main] DEBUG org.apache.http.headers -- << X-Frame-Options: DENY
07:30:50.890 [main] DEBUG org.apache.http.headers -- << Content-Length: 0
07:30:50.890 [main] DEBUG org.apache.http.headers -- << Date: Fri, 03 Jan 2025 02:00:51 GMT
07:30:50.890 [main] DEBUG org.apache.http.headers -- << Keep-Alive: timeout=60
07:30:50.891 [main] DEBUG org.apache.http.headers -- << Connection: keep-alive
07:30:50.891 [main] DEBUG org.apache.http.impl.client.DefaultHttpClient -- Connection can be kept alive for 60000 MILLISECONDS
07:30:50.891 [main] DEBUG org.apache.http.impl.client.DefaultHttpClient -- Authentication required
07:30:50.891 [main] DEBUG org.apache.http.impl.client.DefaultHttpClient -- 13.60.22.209:7081 requested authentication
07:30:50.891 [main] DEBUG org.apache.http.impl.client.TargetAuthenticationStrategy -- Authentication schemes in the order of preference: [Negotiate, Kerberos, NTLM, CredSSP, Digest, Basic]
07:30:50.891 [main] DEBUG org.apache.http.impl.client.TargetAuthenticationStrategy -- Challenge for Negotiate authentication scheme not available
07:30:50.891 [main] DEBUG org.apache.http.impl.client.TargetAuthenticationStrategy -- Challenge for Kerberos authentication scheme not available
07:30:50.891 [main] DEBUG org.apache.http.impl.client.TargetAuthenticationStrategy -- Challenge for NTLM authentication scheme not available
07:30:50.891 [main] DEBUG org.apache.http.impl.client.TargetAuthenticationStrategy -- Challenge for CredSSP authentication scheme not available
07:30:50.891 [main] DEBUG org.apache.http.impl.client.TargetAuthenticationStrategy -- Challenge for Digest authentication scheme not available
07:30:50.891 [main] DEBUG org.apache.http.impl.client.DefaultHttpClient -- Selected authentication options: [BASIC [complete=true]]
07:30:50.891 [main] DEBUG org.apache.http.client.protocol.RequestAddCookies -- CookieSpec selected: ignoreCookies
07:30:50.891 [main] DEBUG org.apache.http.client.protocol.RequestAuthCache -- Auth cache not set in the context
07:30:50.891 [main] DEBUG org.apache.http.client.protocol.RequestTargetAuthentication -- Target auth state: CHALLENGED
07:30:50.892 [main] DEBUG org.apache.http.client.protocol.RequestTargetAuthentication -- Generating response to an authentication challenge using basic scheme
07:30:50.892 [main] DEBUG org.apache.http.client.protocol.RequestProxyAuthentication -- Proxy auth state: UNCHALLENGED
07:30:50.892 [main] DEBUG org.apache.http.impl.client.DefaultHttpClient -- Attempt 2 to execute request
07:30:50.892 [main] DEBUG org.apache.http.impl.conn.DefaultClientConnection -- Sending request: PUT /api/books/1 HTTP/1.1
07:30:50.892 [main] DEBUG org.apache.http.wire --  >> "PUT /api/books/1 HTTP/1.1[\r][\n]"
07:30:50.892 [main] DEBUG org.apache.http.wire --  >> "Accept: */*[\r][\n]"
07:30:50.892 [main] DEBUG org.apache.http.wire --  >> "Content-Type: application/json[\r][\n]"
07:30:50.892 [main] DEBUG org.apache.http.wire --  >> "Content-Length: 38[\r][\n]"
07:30:50.892 [main] DEBUG org.apache.http.wire --  >> "Host: 13.60.22.209:7081[\r][\n]"
07:30:50.892 [main] DEBUG org.apache.http.wire --  >> "Connection: Keep-Alive[\r][\n]"
07:30:50.892 [main] DEBUG org.apache.http.wire --  >> "User-Agent: Apache-HttpClient/4.5.13 (Java/17.0.9)[\r][\n]"
07:30:50.892 [main] DEBUG org.apache.http.wire --  >> "Authorization: Basic YWRtaW46cGFzc3dvcmQ=[\r][\n]"
07:30:50.892 [main] DEBUG org.apache.http.wire --  >> "Accept-Encoding: gzip,deflate[\r][\n]"
07:30:50.892 [main] DEBUG org.apache.http.wire --  >> "[\r][\n]"
07:30:50.892 [main] DEBUG org.apache.http.headers -- >> PUT /api/books/1 HTTP/1.1
07:30:50.892 [main] DEBUG org.apache.http.headers -- >> Accept: */*
07:30:50.892 [main] DEBUG org.apache.http.headers -- >> Content-Type: application/json
07:30:50.892 [main] DEBUG org.apache.http.headers -- >> Content-Length: 38
07:30:50.892 [main] DEBUG org.apache.http.headers -- >> Host: 13.60.22.209:7081
07:30:50.892 [main] DEBUG org.apache.http.headers -- >> Connection: Keep-Alive
07:30:50.892 [main] DEBUG org.apache.http.headers -- >> User-Agent: Apache-HttpClient/4.5.13 (Java/17.0.9)
07:30:50.892 [main] DEBUG org.apache.http.headers -- >> Authorization: Basic YWRtaW46cGFzc3dvcmQ=
07:30:50.892 [main] DEBUG org.apache.http.headers -- >> Accept-Encoding: gzip,deflate
07:30:50.892 [main] DEBUG org.apache.http.wire --  >> "{"author":null,"id":null,"title":null}"
07:30:51.157 [main] DEBUG org.apache.http.wire --  << "HTTP/1.1 400 [\r][\n]"
07:30:51.158 [main] DEBUG org.apache.http.wire --  << "Set-Cookie: JSESSIONID=0F8E419A61B74E4E15467BC0D35D5751; Path=/; HttpOnly[\r][\n]"
07:30:51.158 [main] DEBUG org.apache.http.wire --  << "X-Content-Type-Options: nosniff[\r][\n]"
07:30:51.158 [main] DEBUG org.apache.http.wire --  << "X-XSS-Protection: 1; mode=block[\r][\n]"
07:30:51.158 [main] DEBUG org.apache.http.wire --  << "Cache-Control: no-cache, no-store, max-age=0, must-revalidate[\r][\n]"
07:30:51.158 [main] DEBUG org.apache.http.wire --  << "Pragma: no-cache[\r][\n]"
07:30:51.158 [main] DEBUG org.apache.http.wire --  << "Expires: 0[\r][\n]"
07:30:51.158 [main] DEBUG org.apache.http.wire --  << "X-Frame-Options: DENY[\r][\n]"
07:30:51.158 [main] DEBUG org.apache.http.wire --  << "Content-Type: text/plain;charset=UTF-8[\r][\n]"
07:30:51.158 [main] DEBUG org.apache.http.wire --  << "Content-Length: 22[\r][\n]"
07:30:51.158 [main] DEBUG org.apache.http.wire --  << "Date: Fri, 03 Jan 2025 02:00:51 GMT[\r][\n]"
07:30:51.158 [main] DEBUG org.apache.http.wire --  << "Connection: close[\r][\n]"
07:30:51.158 [main] DEBUG org.apache.http.wire --  << "[\r][\n]"
07:30:51.158 [main] DEBUG org.apache.http.impl.conn.DefaultClientConnection -- Receiving response: HTTP/1.1 400 
07:30:51.158 [main] DEBUG org.apache.http.headers -- << HTTP/1.1 400 
07:30:51.158 [main] DEBUG org.apache.http.headers -- << Set-Cookie: JSESSIONID=0F8E419A61B74E4E15467BC0D35D5751; Path=/; HttpOnly
07:30:51.158 [main] DEBUG org.apache.http.headers -- << X-Content-Type-Options: nosniff
07:30:51.158 [main] DEBUG org.apache.http.headers -- << X-XSS-Protection: 1; mode=block
07:30:51.158 [main] DEBUG org.apache.http.headers -- << Cache-Control: no-cache, no-store, max-age=0, must-revalidate
07:30:51.158 [main] DEBUG org.apache.http.headers -- << Pragma: no-cache
07:30:51.158 [main] DEBUG org.apache.http.headers -- << Expires: 0
07:30:51.158 [main] DEBUG org.apache.http.headers -- << X-Frame-Options: DENY
07:30:51.158 [main] DEBUG org.apache.http.headers -- << Content-Type: text/plain;charset=UTF-8
07:30:51.158 [main] DEBUG org.apache.http.headers -- << Content-Length: 22
07:30:51.158 [main] DEBUG org.apache.http.headers -- << Date: Fri, 03 Jan 2025 02:00:51 GMT
07:30:51.158 [main] DEBUG org.apache.http.headers -- << Connection: close
07:30:51.158 [main] DEBUG org.apache.http.impl.client.DefaultHttpClient -- Authentication succeeded
07:30:51.158 [main] DEBUG org.apache.http.impl.client.TargetAuthenticationStrategy -- Caching 'basic' auth scheme for http://13.60.22.209:7081
07:30:51.158 [main] DEBUG io.restassured.internal.RestAssuredHttpBuilder -- Parsing response as: text/plain;charset=UTF-8
07:30:51.158 [main] DEBUG io.restassured.internal.RestAssuredHttpBuilder -- Parsed data to instance of: class org.apache.http.conn.EofSensorInputStream
07:30:51.159 [main] DEBUG org.apache.http.wire --  << "Book id is not matched"
07:30:51.159 [main] DEBUG org.apache.http.impl.conn.BasicClientConnectionManager -- Releasing connection org.apache.http.impl.conn.ManagedClientConnectionImpl@6238d5e0
07:30:51.161 [main] DEBUG org.apache.http.impl.conn.DefaultClientConnection -- Connection 0.0.0.0:62922<->13.60.22.209:7081 shut down
]]></system-out>
  </testcase>
  <testcase name="testUpdateBookWithValidDataAsAdmin" classname="TestCases.PutBookAPITests" time="0.648">
    <failure message="Expected status code is 200 expected [200] but found [404]" type="java.lang.AssertionError"><![CDATA[java.lang.AssertionError: Expected status code is 200 expected [200] but found [404]
	at org.testng.Assert.fail(Assert.java:110)
	at org.testng.Assert.failNotEquals(Assert.java:1413)
	at org.testng.Assert.assertEqualsImpl(Assert.java:149)
	at org.testng.Assert.assertEquals(Assert.java:131)
	at org.testng.Assert.assertEquals(Assert.java:1240)
	at TestCases.PutBookAPITests.testUpdateBookWithValidDataAsAdmin(PutBookAPITests.java:45)
	at java.base/jdk.internal.reflect.NativeMethodAccessorImpl.invoke0(Native Method)
	at java.base/jdk.internal.reflect.NativeMethodAccessorImpl.invoke(NativeMethodAccessorImpl.java:77)
	at java.base/jdk.internal.reflect.DelegatingMethodAccessorImpl.invoke(DelegatingMethodAccessorImpl.java:43)
	at java.base/java.lang.reflect.Method.invoke(Method.java:568)
	at org.testng.internal.invokers.MethodInvocationHelper.invokeMethod(MethodInvocationHelper.java:139)
	at org.testng.internal.invokers.TestInvoker.invokeMethod(TestInvoker.java:677)
	at org.testng.internal.invokers.TestInvoker.invokeTestMethod(TestInvoker.java:221)
	at org.testng.internal.invokers.MethodRunner.runInSequence(MethodRunner.java:50)
	at org.testng.internal.invokers.TestInvoker$MethodInvocationAgent.invoke(TestInvoker.java:969)
	at org.testng.internal.invokers.TestInvoker.invokeTestMethods(TestInvoker.java:194)
	at org.testng.internal.invokers.TestMethodWorker.invokeTestMethods(TestMethodWorker.java:148)
	at org.testng.internal.invokers.TestMethodWorker.run(TestMethodWorker.java:128)
	at java.base/java.util.ArrayList.forEach(ArrayList.java:1511)
	at org.testng.TestRunner.privateRun(TestRunner.java:829)
	at org.testng.TestRunner.run(TestRunner.java:602)
	at org.testng.SuiteRunner.runTest(SuiteRunner.java:437)
	at org.testng.SuiteRunner.runSequentially(SuiteRunner.java:431)
	at org.testng.SuiteRunner.privateRun(SuiteRunner.java:391)
	at org.testng.SuiteRunner.run(SuiteRunner.java:330)
	at org.testng.SuiteRunnerWorker.runSuite(SuiteRunnerWorker.java:52)
	at org.testng.SuiteRunnerWorker.run(SuiteRunnerWorker.java:95)
	at org.testng.TestNG.runSuitesSequentially(TestNG.java:1256)
	at org.testng.TestNG.runSuitesLocally(TestNG.java:1176)
	at org.testng.TestNG.runSuites(TestNG.java:1099)
	at org.testng.TestNG.run(TestNG.java:1067)
	at org.apache.maven.surefire.testng.TestNGExecutor.run(TestNGExecutor.java:324)
	at org.apache.maven.surefire.testng.TestNGXmlTestSuite.execute(TestNGXmlTestSuite.java:74)
	at org.apache.maven.surefire.testng.TestNGProvider.invoke(TestNGProvider.java:123)
	at org.apache.maven.surefire.booter.ForkedBooter.runSuitesInProcess(ForkedBooter.java:456)
	at org.apache.maven.surefire.booter.ForkedBooter.execute(ForkedBooter.java:169)
	at org.apache.maven.surefire.booter.ForkedBooter.run(ForkedBooter.java:595)
	at org.apache.maven.surefire.booter.ForkedBooter.main(ForkedBooter.java:581)
]]></failure>
    <system-out><![CDATA[07:30:51.185 [main] DEBUG org.apache.http.impl.conn.BasicClientConnectionManager -- Get connection for route {}->http://13.60.22.209:7081
07:30:51.185 [main] DEBUG org.apache.http.impl.conn.DefaultClientConnectionOperator -- Connecting to 13.60.22.209:7081
07:30:51.360 [main] DEBUG org.apache.http.client.protocol.RequestAddCookies -- CookieSpec selected: ignoreCookies
07:30:51.360 [main] DEBUG org.apache.http.client.protocol.RequestAuthCache -- Auth cache not set in the context
07:30:51.360 [main] DEBUG org.apache.http.client.protocol.RequestTargetAuthentication -- Target auth state: UNCHALLENGED
07:30:51.360 [main] DEBUG org.apache.http.client.protocol.RequestProxyAuthentication -- Proxy auth state: UNCHALLENGED
07:30:51.360 [main] DEBUG org.apache.http.impl.client.DefaultHttpClient -- Attempt 1 to execute request
07:30:51.360 [main] DEBUG org.apache.http.impl.conn.DefaultClientConnection -- Sending request: PUT /api/books/1 HTTP/1.1
07:30:51.360 [main] DEBUG org.apache.http.wire --  >> "PUT /api/books/1 HTTP/1.1[\r][\n]"
07:30:51.361 [main] DEBUG org.apache.http.wire --  >> "Accept: */*[\r][\n]"
07:30:51.361 [main] DEBUG org.apache.http.wire --  >> "Content-Type: application/json[\r][\n]"
07:30:51.361 [main] DEBUG org.apache.http.wire --  >> "Content-Length: 66[\r][\n]"
07:30:51.361 [main] DEBUG org.apache.http.wire --  >> "Host: 13.60.22.209:7081[\r][\n]"
07:30:51.361 [main] DEBUG org.apache.http.wire --  >> "Connection: Keep-Alive[\r][\n]"
07:30:51.361 [main] DEBUG org.apache.http.wire --  >> "User-Agent: Apache-HttpClient/4.5.13 (Java/17.0.9)[\r][\n]"
07:30:51.361 [main] DEBUG org.apache.http.wire --  >> "Accept-Encoding: gzip,deflate[\r][\n]"
07:30:51.361 [main] DEBUG org.apache.http.wire --  >> "[\r][\n]"
07:30:51.361 [main] DEBUG org.apache.http.headers -- >> PUT /api/books/1 HTTP/1.1
07:30:51.361 [main] DEBUG org.apache.http.headers -- >> Accept: */*
07:30:51.361 [main] DEBUG org.apache.http.headers -- >> Content-Type: application/json
07:30:51.361 [main] DEBUG org.apache.http.headers -- >> Content-Length: 66
07:30:51.361 [main] DEBUG org.apache.http.headers -- >> Host: 13.60.22.209:7081
07:30:51.361 [main] DEBUG org.apache.http.headers -- >> Connection: Keep-Alive
07:30:51.361 [main] DEBUG org.apache.http.headers -- >> User-Agent: Apache-HttpClient/4.5.13 (Java/17.0.9)
07:30:51.361 [main] DEBUG org.apache.http.headers -- >> Accept-Encoding: gzip,deflate
07:30:51.361 [main] DEBUG org.apache.http.wire --  >> "{"author":"UpdatedAuthor101","id":1,"title":"UpdatedBookTitle102"}"
07:30:51.529 [main] DEBUG org.apache.http.wire --  << "HTTP/1.1 401 [\r][\n]"
07:30:51.529 [main] DEBUG org.apache.http.wire --  << "Set-Cookie: JSESSIONID=3738D3060F0E0D86FACE10212D71731D; Path=/; HttpOnly[\r][\n]"
07:30:51.529 [main] DEBUG org.apache.http.wire --  << "WWW-Authenticate: Basic realm="Realm"[\r][\n]"
07:30:51.529 [main] DEBUG org.apache.http.wire --  << "X-Content-Type-Options: nosniff[\r][\n]"
07:30:51.529 [main] DEBUG org.apache.http.wire --  << "X-XSS-Protection: 1; mode=block[\r][\n]"
07:30:51.529 [main] DEBUG org.apache.http.wire --  << "Cache-Control: no-cache, no-store, max-age=0, must-revalidate[\r][\n]"
07:30:51.529 [main] DEBUG org.apache.http.wire --  << "Pragma: no-cache[\r][\n]"
07:30:51.529 [main] DEBUG org.apache.http.wire --  << "Expires: 0[\r][\n]"
07:30:51.529 [main] DEBUG org.apache.http.wire --  << "X-Frame-Options: DENY[\r][\n]"
07:30:51.529 [main] DEBUG org.apache.http.wire --  << "Content-Length: 0[\r][\n]"
07:30:51.529 [main] DEBUG org.apache.http.wire --  << "Date: Fri, 03 Jan 2025 02:00:52 GMT[\r][\n]"
07:30:51.529 [main] DEBUG org.apache.http.wire --  << "Keep-Alive: timeout=60[\r][\n]"
07:30:51.529 [main] DEBUG org.apache.http.wire --  << "Connection: keep-alive[\r][\n]"
07:30:51.529 [main] DEBUG org.apache.http.wire --  << "[\r][\n]"
07:30:51.529 [main] DEBUG org.apache.http.impl.conn.DefaultClientConnection -- Receiving response: HTTP/1.1 401 
07:30:51.529 [main] DEBUG org.apache.http.headers -- << HTTP/1.1 401 
07:30:51.530 [main] DEBUG org.apache.http.headers -- << Set-Cookie: JSESSIONID=3738D3060F0E0D86FACE10212D71731D; Path=/; HttpOnly
07:30:51.530 [main] DEBUG org.apache.http.headers -- << WWW-Authenticate: Basic realm="Realm"
07:30:51.530 [main] DEBUG org.apache.http.headers -- << X-Content-Type-Options: nosniff
07:30:51.530 [main] DEBUG org.apache.http.headers -- << X-XSS-Protection: 1; mode=block
07:30:51.530 [main] DEBUG org.apache.http.headers -- << Cache-Control: no-cache, no-store, max-age=0, must-revalidate
07:30:51.530 [main] DEBUG org.apache.http.headers -- << Pragma: no-cache
07:30:51.530 [main] DEBUG org.apache.http.headers -- << Expires: 0
07:30:51.530 [main] DEBUG org.apache.http.headers -- << X-Frame-Options: DENY
07:30:51.530 [main] DEBUG org.apache.http.headers -- << Content-Length: 0
07:30:51.530 [main] DEBUG org.apache.http.headers -- << Date: Fri, 03 Jan 2025 02:00:52 GMT
07:30:51.530 [main] DEBUG org.apache.http.headers -- << Keep-Alive: timeout=60
07:30:51.530 [main] DEBUG org.apache.http.headers -- << Connection: keep-alive
07:30:51.530 [main] DEBUG org.apache.http.impl.client.DefaultHttpClient -- Connection can be kept alive for 60000 MILLISECONDS
07:30:51.530 [main] DEBUG org.apache.http.impl.client.DefaultHttpClient -- Authentication required
07:30:51.530 [main] DEBUG org.apache.http.impl.client.DefaultHttpClient -- 13.60.22.209:7081 requested authentication
07:30:51.530 [main] DEBUG org.apache.http.impl.client.TargetAuthenticationStrategy -- Authentication schemes in the order of preference: [Negotiate, Kerberos, NTLM, CredSSP, Digest, Basic]
07:30:51.530 [main] DEBUG org.apache.http.impl.client.TargetAuthenticationStrategy -- Challenge for Negotiate authentication scheme not available
07:30:51.530 [main] DEBUG org.apache.http.impl.client.TargetAuthenticationStrategy -- Challenge for Kerberos authentication scheme not available
07:30:51.530 [main] DEBUG org.apache.http.impl.client.TargetAuthenticationStrategy -- Challenge for NTLM authentication scheme not available
07:30:51.530 [main] DEBUG org.apache.http.impl.client.TargetAuthenticationStrategy -- Challenge for CredSSP authentication scheme not available
07:30:51.530 [main] DEBUG org.apache.http.impl.client.TargetAuthenticationStrategy -- Challenge for Digest authentication scheme not available
07:30:51.530 [main] DEBUG org.apache.http.impl.client.DefaultHttpClient -- Selected authentication options: [BASIC [complete=true]]
07:30:51.530 [main] DEBUG org.apache.http.client.protocol.RequestAddCookies -- CookieSpec selected: ignoreCookies
07:30:51.530 [main] DEBUG org.apache.http.client.protocol.RequestAuthCache -- Auth cache not set in the context
07:30:51.530 [main] DEBUG org.apache.http.client.protocol.RequestTargetAuthentication -- Target auth state: CHALLENGED
07:30:51.530 [main] DEBUG org.apache.http.client.protocol.RequestTargetAuthentication -- Generating response to an authentication challenge using basic scheme
07:30:51.531 [main] DEBUG org.apache.http.client.protocol.RequestProxyAuthentication -- Proxy auth state: UNCHALLENGED
07:30:51.531 [main] DEBUG org.apache.http.impl.client.DefaultHttpClient -- Attempt 2 to execute request
07:30:51.531 [main] DEBUG org.apache.http.impl.conn.DefaultClientConnection -- Sending request: PUT /api/books/1 HTTP/1.1
07:30:51.531 [main] DEBUG org.apache.http.wire --  >> "PUT /api/books/1 HTTP/1.1[\r][\n]"
07:30:51.531 [main] DEBUG org.apache.http.wire --  >> "Accept: */*[\r][\n]"
07:30:51.531 [main] DEBUG org.apache.http.wire --  >> "Content-Type: application/json[\r][\n]"
07:30:51.531 [main] DEBUG org.apache.http.wire --  >> "Content-Length: 66[\r][\n]"
07:30:51.531 [main] DEBUG org.apache.http.wire --  >> "Host: 13.60.22.209:7081[\r][\n]"
07:30:51.531 [main] DEBUG org.apache.http.wire --  >> "Connection: Keep-Alive[\r][\n]"
07:30:51.531 [main] DEBUG org.apache.http.wire --  >> "User-Agent: Apache-HttpClient/4.5.13 (Java/17.0.9)[\r][\n]"
07:30:51.531 [main] DEBUG org.apache.http.wire --  >> "Authorization: Basic YWRtaW46cGFzc3dvcmQ=[\r][\n]"
07:30:51.531 [main] DEBUG org.apache.http.wire --  >> "Accept-Encoding: gzip,deflate[\r][\n]"
07:30:51.531 [main] DEBUG org.apache.http.wire --  >> "[\r][\n]"
07:30:51.531 [main] DEBUG org.apache.http.headers -- >> PUT /api/books/1 HTTP/1.1
07:30:51.531 [main] DEBUG org.apache.http.headers -- >> Accept: */*
07:30:51.531 [main] DEBUG org.apache.http.headers -- >> Content-Type: application/json
07:30:51.531 [main] DEBUG org.apache.http.headers -- >> Content-Length: 66
07:30:51.531 [main] DEBUG org.apache.http.headers -- >> Host: 13.60.22.209:7081
07:30:51.531 [main] DEBUG org.apache.http.headers -- >> Connection: Keep-Alive
07:30:51.531 [main] DEBUG org.apache.http.headers -- >> User-Agent: Apache-HttpClient/4.5.13 (Java/17.0.9)
07:30:51.531 [main] DEBUG org.apache.http.headers -- >> Authorization: Basic YWRtaW46cGFzc3dvcmQ=
07:30:51.531 [main] DEBUG org.apache.http.headers -- >> Accept-Encoding: gzip,deflate
07:30:51.531 [main] DEBUG org.apache.http.wire --  >> "{"author":"UpdatedAuthor101","id":1,"title":"UpdatedBookTitle102"}"
07:30:51.793 [main] DEBUG org.apache.http.wire --  << "HTTP/1.1 404 [\r][\n]"
07:30:51.793 [main] DEBUG org.apache.http.wire --  << "Set-Cookie: JSESSIONID=5AE890CC822B2E80FF9FB7C78E4FB0AF; Path=/; HttpOnly[\r][\n]"
07:30:51.793 [main] DEBUG org.apache.http.wire --  << "X-Content-Type-Options: nosniff[\r][\n]"
07:30:51.793 [main] DEBUG org.apache.http.wire --  << "X-XSS-Protection: 1; mode=block[\r][\n]"
07:30:51.793 [main] DEBUG org.apache.http.wire --  << "Cache-Control: no-cache, no-store, max-age=0, must-revalidate[\r][\n]"
07:30:51.793 [main] DEBUG org.apache.http.wire --  << "Pragma: no-cache[\r][\n]"
07:30:51.793 [main] DEBUG org.apache.http.wire --  << "Expires: 0[\r][\n]"
07:30:51.793 [main] DEBUG org.apache.http.wire --  << "X-Frame-Options: DENY[\r][\n]"
07:30:51.793 [main] DEBUG org.apache.http.wire --  << "Content-Type: text/plain;charset=UTF-8[\r][\n]"
07:30:51.793 [main] DEBUG org.apache.http.wire --  << "Content-Length: 14[\r][\n]"
07:30:51.793 [main] DEBUG org.apache.http.wire --  << "Date: Fri, 03 Jan 2025 02:00:52 GMT[\r][\n]"
07:30:51.793 [main] DEBUG org.apache.http.wire --  << "Keep-Alive: timeout=60[\r][\n]"
07:30:51.793 [main] DEBUG org.apache.http.wire --  << "Connection: keep-alive[\r][\n]"
07:30:51.793 [main] DEBUG org.apache.http.wire --  << "[\r][\n]"
07:30:51.793 [main] DEBUG org.apache.http.impl.conn.DefaultClientConnection -- Receiving response: HTTP/1.1 404 
07:30:51.793 [main] DEBUG org.apache.http.headers -- << HTTP/1.1 404 
07:30:51.793 [main] DEBUG org.apache.http.headers -- << Set-Cookie: JSESSIONID=5AE890CC822B2E80FF9FB7C78E4FB0AF; Path=/; HttpOnly
07:30:51.793 [main] DEBUG org.apache.http.headers -- << X-Content-Type-Options: nosniff
07:30:51.793 [main] DEBUG org.apache.http.headers -- << X-XSS-Protection: 1; mode=block
07:30:51.793 [main] DEBUG org.apache.http.headers -- << Cache-Control: no-cache, no-store, max-age=0, must-revalidate
07:30:51.793 [main] DEBUG org.apache.http.headers -- << Pragma: no-cache
07:30:51.793 [main] DEBUG org.apache.http.headers -- << Expires: 0
07:30:51.793 [main] DEBUG org.apache.http.headers -- << X-Frame-Options: DENY
07:30:51.793 [main] DEBUG org.apache.http.headers -- << Content-Type: text/plain;charset=UTF-8
07:30:51.793 [main] DEBUG org.apache.http.headers -- << Content-Length: 14
07:30:51.793 [main] DEBUG org.apache.http.headers -- << Date: Fri, 03 Jan 2025 02:00:52 GMT
07:30:51.793 [main] DEBUG org.apache.http.headers -- << Keep-Alive: timeout=60
07:30:51.793 [main] DEBUG org.apache.http.headers -- << Connection: keep-alive
07:30:51.794 [main] DEBUG org.apache.http.impl.client.DefaultHttpClient -- Connection can be kept alive for 60000 MILLISECONDS
07:30:51.794 [main] DEBUG org.apache.http.impl.client.DefaultHttpClient -- Authentication succeeded
07:30:51.794 [main] DEBUG org.apache.http.impl.client.TargetAuthenticationStrategy -- Caching 'basic' auth scheme for http://13.60.22.209:7081
07:30:51.794 [main] DEBUG io.restassured.internal.RestAssuredHttpBuilder -- Parsing response as: text/plain;charset=UTF-8
07:30:51.794 [main] DEBUG io.restassured.internal.RestAssuredHttpBuilder -- Parsed data to instance of: class org.apache.http.conn.EofSensorInputStream
Response Status Code: 404
07:30:51.803 [main] DEBUG org.apache.http.wire --  << "Book not found"
07:30:51.803 [main] DEBUG org.apache.http.impl.conn.BasicClientConnectionManager -- Releasing connection org.apache.http.impl.conn.ManagedClientConnectionImpl@458031da
07:30:51.803 [main] DEBUG org.apache.http.impl.conn.BasicClientConnectionManager -- Connection can be kept alive for 60000 MILLISECONDS
Book not found
]]></system-out>
  </testcase>
  <testcase name="testUpdateBookWithValidDataAsUser" classname="TestCases.PutBookAPITests" time="0.664">
    <failure message="Response should indicate forbidden access expected [true] but found [false]" type="java.lang.AssertionError"><![CDATA[java.lang.AssertionError: Response should indicate forbidden access expected [true] but found [false]
	at org.testng.Assert.fail(Assert.java:110)
	at org.testng.Assert.failNotEquals(Assert.java:1413)
	at org.testng.Assert.assertTrue(Assert.java:56)
	at TestCases.PutBookAPITests.testUpdateBookWithValidDataAsUser(PutBookAPITests.java:70)
	at java.base/jdk.internal.reflect.NativeMethodAccessorImpl.invoke0(Native Method)
	at java.base/jdk.internal.reflect.NativeMethodAccessorImpl.invoke(NativeMethodAccessorImpl.java:77)
	at java.base/jdk.internal.reflect.DelegatingMethodAccessorImpl.invoke(DelegatingMethodAccessorImpl.java:43)
	at java.base/java.lang.reflect.Method.invoke(Method.java:568)
	at org.testng.internal.invokers.MethodInvocationHelper.invokeMethod(MethodInvocationHelper.java:139)
	at org.testng.internal.invokers.TestInvoker.invokeMethod(TestInvoker.java:677)
	at org.testng.internal.invokers.TestInvoker.invokeTestMethod(TestInvoker.java:221)
	at org.testng.internal.invokers.MethodRunner.runInSequence(MethodRunner.java:50)
	at org.testng.internal.invokers.TestInvoker$MethodInvocationAgent.invoke(TestInvoker.java:969)
	at org.testng.internal.invokers.TestInvoker.invokeTestMethods(TestInvoker.java:194)
	at org.testng.internal.invokers.TestMethodWorker.invokeTestMethods(TestMethodWorker.java:148)
	at org.testng.internal.invokers.TestMethodWorker.run(TestMethodWorker.java:128)
	at java.base/java.util.ArrayList.forEach(ArrayList.java:1511)
	at org.testng.TestRunner.privateRun(TestRunner.java:829)
	at org.testng.TestRunner.run(TestRunner.java:602)
	at org.testng.SuiteRunner.runTest(SuiteRunner.java:437)
	at org.testng.SuiteRunner.runSequentially(SuiteRunner.java:431)
	at org.testng.SuiteRunner.privateRun(SuiteRunner.java:391)
	at org.testng.SuiteRunner.run(SuiteRunner.java:330)
	at org.testng.SuiteRunnerWorker.runSuite(SuiteRunnerWorker.java:52)
	at org.testng.SuiteRunnerWorker.run(SuiteRunnerWorker.java:95)
	at org.testng.TestNG.runSuitesSequentially(TestNG.java:1256)
	at org.testng.TestNG.runSuitesLocally(TestNG.java:1176)
	at org.testng.TestNG.runSuites(TestNG.java:1099)
	at org.testng.TestNG.run(TestNG.java:1067)
	at org.apache.maven.surefire.testng.TestNGExecutor.run(TestNGExecutor.java:324)
	at org.apache.maven.surefire.testng.TestNGXmlTestSuite.execute(TestNGXmlTestSuite.java:74)
	at org.apache.maven.surefire.testng.TestNGProvider.invoke(TestNGProvider.java:123)
	at org.apache.maven.surefire.booter.ForkedBooter.runSuitesInProcess(ForkedBooter.java:456)
	at org.apache.maven.surefire.booter.ForkedBooter.execute(ForkedBooter.java:169)
	at org.apache.maven.surefire.booter.ForkedBooter.run(ForkedBooter.java:595)
	at org.apache.maven.surefire.booter.ForkedBooter.main(ForkedBooter.java:581)
]]></failure>
    <system-out><![CDATA[07:30:51.834 [main] DEBUG org.apache.http.impl.conn.BasicClientConnectionManager -- Get connection for route {}->http://13.60.22.209:7081
07:30:51.834 [main] DEBUG org.apache.http.impl.conn.DefaultClientConnectionOperator -- Connecting to 13.60.22.209:7081
07:30:52.009 [main] DEBUG org.apache.http.client.protocol.RequestAddCookies -- CookieSpec selected: ignoreCookies
07:30:52.009 [main] DEBUG org.apache.http.client.protocol.RequestAuthCache -- Auth cache not set in the context
07:30:52.009 [main] DEBUG org.apache.http.client.protocol.RequestTargetAuthentication -- Target auth state: UNCHALLENGED
07:30:52.009 [main] DEBUG org.apache.http.client.protocol.RequestProxyAuthentication -- Proxy auth state: UNCHALLENGED
07:30:52.009 [main] DEBUG org.apache.http.impl.client.DefaultHttpClient -- Attempt 1 to execute request
07:30:52.009 [main] DEBUG org.apache.http.impl.conn.DefaultClientConnection -- Sending request: PUT /api/books/1 HTTP/1.1
07:30:52.009 [main] DEBUG org.apache.http.wire --  >> "PUT /api/books/1 HTTP/1.1[\r][\n]"
07:30:52.009 [main] DEBUG org.apache.http.wire --  >> "Accept: */*[\r][\n]"
07:30:52.009 [main] DEBUG org.apache.http.wire --  >> "Content-Type: application/json[\r][\n]"
07:30:52.009 [main] DEBUG org.apache.http.wire --  >> "Content-Length: 63[\r][\n]"
07:30:52.009 [main] DEBUG org.apache.http.wire --  >> "Host: 13.60.22.209:7081[\r][\n]"
07:30:52.009 [main] DEBUG org.apache.http.wire --  >> "Connection: Keep-Alive[\r][\n]"
07:30:52.009 [main] DEBUG org.apache.http.wire --  >> "User-Agent: Apache-HttpClient/4.5.13 (Java/17.0.9)[\r][\n]"
07:30:52.009 [main] DEBUG org.apache.http.wire --  >> "Accept-Encoding: gzip,deflate[\r][\n]"
07:30:52.009 [main] DEBUG org.apache.http.wire --  >> "[\r][\n]"
07:30:52.009 [main] DEBUG org.apache.http.headers -- >> PUT /api/books/1 HTTP/1.1
07:30:52.009 [main] DEBUG org.apache.http.headers -- >> Accept: */*
07:30:52.009 [main] DEBUG org.apache.http.headers -- >> Content-Type: application/json
07:30:52.009 [main] DEBUG org.apache.http.headers -- >> Content-Length: 63
07:30:52.009 [main] DEBUG org.apache.http.headers -- >> Host: 13.60.22.209:7081
07:30:52.009 [main] DEBUG org.apache.http.headers -- >> Connection: Keep-Alive
07:30:52.009 [main] DEBUG org.apache.http.headers -- >> User-Agent: Apache-HttpClient/4.5.13 (Java/17.0.9)
07:30:52.009 [main] DEBUG org.apache.http.headers -- >> Accept-Encoding: gzip,deflate
07:30:52.009 [main] DEBUG org.apache.http.wire --  >> "{"author":"Updated Author","id":1,"title":"Updated Book Title"}"
07:30:52.207 [main] DEBUG org.apache.http.wire --  << "HTTP/1.1 401 [\r][\n]"
07:30:52.207 [main] DEBUG org.apache.http.wire --  << "Set-Cookie: JSESSIONID=C838F6596674429A40444653EE5D0AEC; Path=/; HttpOnly[\r][\n]"
07:30:52.207 [main] DEBUG org.apache.http.wire --  << "WWW-Authenticate: Basic realm="Realm"[\r][\n]"
07:30:52.207 [main] DEBUG org.apache.http.wire --  << "X-Content-Type-Options: nosniff[\r][\n]"
07:30:52.207 [main] DEBUG org.apache.http.wire --  << "X-XSS-Protection: 1; mode=block[\r][\n]"
07:30:52.207 [main] DEBUG org.apache.http.wire --  << "Cache-Control: no-cache, no-store, max-age=0, must-revalidate[\r][\n]"
07:30:52.207 [main] DEBUG org.apache.http.wire --  << "Pragma: no-cache[\r][\n]"
07:30:52.207 [main] DEBUG org.apache.http.wire --  << "Expires: 0[\r][\n]"
07:30:52.207 [main] DEBUG org.apache.http.wire --  << "X-Frame-Options: DENY[\r][\n]"
07:30:52.207 [main] DEBUG org.apache.http.wire --  << "Content-Length: 0[\r][\n]"
07:30:52.207 [main] DEBUG org.apache.http.wire --  << "Date: Fri, 03 Jan 2025 02:00:52 GMT[\r][\n]"
07:30:52.207 [main] DEBUG org.apache.http.wire --  << "Keep-Alive: timeout=60[\r][\n]"
07:30:52.207 [main] DEBUG org.apache.http.wire --  << "Connection: keep-alive[\r][\n]"
07:30:52.207 [main] DEBUG org.apache.http.wire --  << "[\r][\n]"
07:30:52.208 [main] DEBUG org.apache.http.impl.conn.DefaultClientConnection -- Receiving response: HTTP/1.1 401 
07:30:52.208 [main] DEBUG org.apache.http.headers -- << HTTP/1.1 401 
07:30:52.208 [main] DEBUG org.apache.http.headers -- << Set-Cookie: JSESSIONID=C838F6596674429A40444653EE5D0AEC; Path=/; HttpOnly
07:30:52.208 [main] DEBUG org.apache.http.headers -- << WWW-Authenticate: Basic realm="Realm"
07:30:52.208 [main] DEBUG org.apache.http.headers -- << X-Content-Type-Options: nosniff
07:30:52.208 [main] DEBUG org.apache.http.headers -- << X-XSS-Protection: 1; mode=block
07:30:52.208 [main] DEBUG org.apache.http.headers -- << Cache-Control: no-cache, no-store, max-age=0, must-revalidate
07:30:52.208 [main] DEBUG org.apache.http.headers -- << Pragma: no-cache
07:30:52.208 [main] DEBUG org.apache.http.headers -- << Expires: 0
07:30:52.208 [main] DEBUG org.apache.http.headers -- << X-Frame-Options: DENY
07:30:52.208 [main] DEBUG org.apache.http.headers -- << Content-Length: 0
07:30:52.208 [main] DEBUG org.apache.http.headers -- << Date: Fri, 03 Jan 2025 02:00:52 GMT
07:30:52.208 [main] DEBUG org.apache.http.headers -- << Keep-Alive: timeout=60
07:30:52.208 [main] DEBUG org.apache.http.headers -- << Connection: keep-alive
07:30:52.208 [main] DEBUG org.apache.http.impl.client.DefaultHttpClient -- Connection can be kept alive for 60000 MILLISECONDS
07:30:52.208 [main] DEBUG org.apache.http.impl.client.DefaultHttpClient -- Authentication required
07:30:52.208 [main] DEBUG org.apache.http.impl.client.DefaultHttpClient -- 13.60.22.209:7081 requested authentication
07:30:52.209 [main] DEBUG org.apache.http.impl.client.TargetAuthenticationStrategy -- Authentication schemes in the order of preference: [Negotiate, Kerberos, NTLM, CredSSP, Digest, Basic]
07:30:52.209 [main] DEBUG org.apache.http.impl.client.TargetAuthenticationStrategy -- Challenge for Negotiate authentication scheme not available
07:30:52.209 [main] DEBUG org.apache.http.impl.client.TargetAuthenticationStrategy -- Challenge for Kerberos authentication scheme not available
07:30:52.209 [main] DEBUG org.apache.http.impl.client.TargetAuthenticationStrategy -- Challenge for NTLM authentication scheme not available
07:30:52.209 [main] DEBUG org.apache.http.impl.client.TargetAuthenticationStrategy -- Challenge for CredSSP authentication scheme not available
07:30:52.209 [main] DEBUG org.apache.http.impl.client.TargetAuthenticationStrategy -- Challenge for Digest authentication scheme not available
07:30:52.209 [main] DEBUG org.apache.http.impl.client.DefaultHttpClient -- Selected authentication options: [BASIC [complete=true]]
07:30:52.209 [main] DEBUG org.apache.http.client.protocol.RequestAddCookies -- CookieSpec selected: ignoreCookies
07:30:52.209 [main] DEBUG org.apache.http.client.protocol.RequestAuthCache -- Auth cache not set in the context
07:30:52.209 [main] DEBUG org.apache.http.client.protocol.RequestTargetAuthentication -- Target auth state: CHALLENGED
07:30:52.209 [main] DEBUG org.apache.http.client.protocol.RequestTargetAuthentication -- Generating response to an authentication challenge using basic scheme
07:30:52.209 [main] DEBUG org.apache.http.client.protocol.RequestProxyAuthentication -- Proxy auth state: UNCHALLENGED
07:30:52.209 [main] DEBUG org.apache.http.impl.client.DefaultHttpClient -- Attempt 2 to execute request
07:30:52.209 [main] DEBUG org.apache.http.impl.conn.DefaultClientConnection -- Sending request: PUT /api/books/1 HTTP/1.1
07:30:52.210 [main] DEBUG org.apache.http.wire --  >> "PUT /api/books/1 HTTP/1.1[\r][\n]"
07:30:52.210 [main] DEBUG org.apache.http.wire --  >> "Accept: */*[\r][\n]"
07:30:52.210 [main] DEBUG org.apache.http.wire --  >> "Content-Type: application/json[\r][\n]"
07:30:52.210 [main] DEBUG org.apache.http.wire --  >> "Content-Length: 63[\r][\n]"
07:30:52.210 [main] DEBUG org.apache.http.wire --  >> "Host: 13.60.22.209:7081[\r][\n]"
07:30:52.210 [main] DEBUG org.apache.http.wire --  >> "Connection: Keep-Alive[\r][\n]"
07:30:52.210 [main] DEBUG org.apache.http.wire --  >> "User-Agent: Apache-HttpClient/4.5.13 (Java/17.0.9)[\r][\n]"
07:30:52.210 [main] DEBUG org.apache.http.wire --  >> "Authorization: Basic dXNlcjpwYXNzd29yZA==[\r][\n]"
07:30:52.210 [main] DEBUG org.apache.http.wire --  >> "Accept-Encoding: gzip,deflate[\r][\n]"
07:30:52.210 [main] DEBUG org.apache.http.wire --  >> "[\r][\n]"
07:30:52.210 [main] DEBUG org.apache.http.headers -- >> PUT /api/books/1 HTTP/1.1
07:30:52.210 [main] DEBUG org.apache.http.headers -- >> Accept: */*
07:30:52.210 [main] DEBUG org.apache.http.headers -- >> Content-Type: application/json
07:30:52.210 [main] DEBUG org.apache.http.headers -- >> Content-Length: 63
07:30:52.210 [main] DEBUG org.apache.http.headers -- >> Host: 13.60.22.209:7081
07:30:52.210 [main] DEBUG org.apache.http.headers -- >> Connection: Keep-Alive
07:30:52.210 [main] DEBUG org.apache.http.headers -- >> User-Agent: Apache-HttpClient/4.5.13 (Java/17.0.9)
07:30:52.210 [main] DEBUG org.apache.http.headers -- >> Authorization: Basic dXNlcjpwYXNzd29yZA==
07:30:52.210 [main] DEBUG org.apache.http.headers -- >> Accept-Encoding: gzip,deflate
07:30:52.210 [main] DEBUG org.apache.http.wire --  >> "{"author":"Updated Author","id":1,"title":"Updated Book Title"}"
07:30:52.474 [main] DEBUG org.apache.http.wire --  << "HTTP/1.1 403 [\r][\n]"
07:30:52.474 [main] DEBUG org.apache.http.wire --  << "Set-Cookie: JSESSIONID=C379FC43183491A81917274CD22BEA09; Path=/; HttpOnly[\r][\n]"
07:30:52.475 [main] DEBUG org.apache.http.wire --  << "X-Content-Type-Options: nosniff[\r][\n]"
07:30:52.475 [main] DEBUG org.apache.http.wire --  << "X-XSS-Protection: 1; mode=block[\r][\n]"
07:30:52.475 [main] DEBUG org.apache.http.wire --  << "Cache-Control: no-cache, no-store, max-age=0, must-revalidate[\r][\n]"
07:30:52.475 [main] DEBUG org.apache.http.wire --  << "Pragma: no-cache[\r][\n]"
07:30:52.475 [main] DEBUG org.apache.http.wire --  << "Expires: 0[\r][\n]"
07:30:52.475 [main] DEBUG org.apache.http.wire --  << "X-Frame-Options: DENY[\r][\n]"
07:30:52.475 [main] DEBUG org.apache.http.wire --  << "Content-Type: text/plain;charset=UTF-8[\r][\n]"
07:30:52.475 [main] DEBUG org.apache.http.wire --  << "Content-Length: 22[\r][\n]"
07:30:52.475 [main] DEBUG org.apache.http.wire --  << "Date: Fri, 03 Jan 2025 02:00:52 GMT[\r][\n]"
07:30:52.475 [main] DEBUG org.apache.http.wire --  << "Keep-Alive: timeout=60[\r][\n]"
07:30:52.475 [main] DEBUG org.apache.http.wire --  << "Connection: keep-alive[\r][\n]"
07:30:52.475 [main] DEBUG org.apache.http.wire --  << "[\r][\n]"
07:30:52.475 [main] DEBUG org.apache.http.impl.conn.DefaultClientConnection -- Receiving response: HTTP/1.1 403 
07:30:52.475 [main] DEBUG org.apache.http.headers -- << HTTP/1.1 403 
07:30:52.475 [main] DEBUG org.apache.http.headers -- << Set-Cookie: JSESSIONID=C379FC43183491A81917274CD22BEA09; Path=/; HttpOnly
07:30:52.475 [main] DEBUG org.apache.http.headers -- << X-Content-Type-Options: nosniff
07:30:52.475 [main] DEBUG org.apache.http.headers -- << X-XSS-Protection: 1; mode=block
07:30:52.475 [main] DEBUG org.apache.http.headers -- << Cache-Control: no-cache, no-store, max-age=0, must-revalidate
07:30:52.475 [main] DEBUG org.apache.http.headers -- << Pragma: no-cache
07:30:52.475 [main] DEBUG org.apache.http.headers -- << Expires: 0
07:30:52.475 [main] DEBUG org.apache.http.headers -- << X-Frame-Options: DENY
07:30:52.475 [main] DEBUG org.apache.http.headers -- << Content-Type: text/plain;charset=UTF-8
07:30:52.475 [main] DEBUG org.apache.http.headers -- << Content-Length: 22
07:30:52.475 [main] DEBUG org.apache.http.headers -- << Date: Fri, 03 Jan 2025 02:00:52 GMT
07:30:52.475 [main] DEBUG org.apache.http.headers -- << Keep-Alive: timeout=60
07:30:52.475 [main] DEBUG org.apache.http.headers -- << Connection: keep-alive
07:30:52.475 [main] DEBUG org.apache.http.impl.client.DefaultHttpClient -- Connection can be kept alive for 60000 MILLISECONDS
07:30:52.475 [main] DEBUG org.apache.http.impl.client.DefaultHttpClient -- Authentication succeeded
07:30:52.475 [main] DEBUG org.apache.http.impl.client.TargetAuthenticationStrategy -- Caching 'basic' auth scheme for http://13.60.22.209:7081
07:30:52.476 [main] DEBUG io.restassured.internal.RestAssuredHttpBuilder -- Parsing response as: text/plain;charset=UTF-8
07:30:52.476 [main] DEBUG io.restassured.internal.RestAssuredHttpBuilder -- Parsed data to instance of: class org.apache.http.conn.EofSensorInputStream
07:30:52.478 [main] DEBUG org.apache.http.wire --  << "User is not permitted."
07:30:52.478 [main] DEBUG org.apache.http.impl.conn.BasicClientConnectionManager -- Releasing connection org.apache.http.impl.conn.ManagedClientConnectionImpl@242ff747
07:30:52.478 [main] DEBUG org.apache.http.impl.conn.BasicClientConnectionManager -- Connection can be kept alive for 60000 MILLISECONDS
]]></system-out>
  </testcase>
  <testcase name="testDeleteBookAsUser" classname="TestCases.DeleteBookAPITests" time="0.723">
    <failure message="Expected status code is 403 for forbidden access expected [403] but found [404]" type="java.lang.AssertionError"><![CDATA[java.lang.AssertionError: Expected status code is 403 for forbidden access expected [403] but found [404]
	at org.testng.Assert.fail(Assert.java:110)
	at org.testng.Assert.failNotEquals(Assert.java:1413)
	at org.testng.Assert.assertEqualsImpl(Assert.java:149)
	at org.testng.Assert.assertEquals(Assert.java:131)
	at org.testng.Assert.assertEquals(Assert.java:1240)
	at TestCases.DeleteBookAPITests.testDeleteBookAsUser(DeleteBookAPITests.java:77)
	at java.base/jdk.internal.reflect.NativeMethodAccessorImpl.invoke0(Native Method)
	at java.base/jdk.internal.reflect.NativeMethodAccessorImpl.invoke(NativeMethodAccessorImpl.java:77)
	at java.base/jdk.internal.reflect.DelegatingMethodAccessorImpl.invoke(DelegatingMethodAccessorImpl.java:43)
	at java.base/java.lang.reflect.Method.invoke(Method.java:568)
	at org.testng.internal.invokers.MethodInvocationHelper.invokeMethod(MethodInvocationHelper.java:139)
	at org.testng.internal.invokers.TestInvoker.invokeMethod(TestInvoker.java:677)
	at org.testng.internal.invokers.TestInvoker.invokeTestMethod(TestInvoker.java:221)
	at org.testng.internal.invokers.MethodRunner.runInSequence(MethodRunner.java:50)
	at org.testng.internal.invokers.TestInvoker$MethodInvocationAgent.invoke(TestInvoker.java:969)
	at org.testng.internal.invokers.TestInvoker.invokeTestMethods(TestInvoker.java:194)
	at org.testng.internal.invokers.TestMethodWorker.invokeTestMethods(TestMethodWorker.java:148)
	at org.testng.internal.invokers.TestMethodWorker.run(TestMethodWorker.java:128)
	at java.base/java.util.ArrayList.forEach(ArrayList.java:1511)
	at org.testng.TestRunner.privateRun(TestRunner.java:829)
	at org.testng.TestRunner.run(TestRunner.java:602)
	at org.testng.SuiteRunner.runTest(SuiteRunner.java:437)
	at org.testng.SuiteRunner.runSequentially(SuiteRunner.java:431)
	at org.testng.SuiteRunner.privateRun(SuiteRunner.java:391)
	at org.testng.SuiteRunner.run(SuiteRunner.java:330)
	at org.testng.SuiteRunnerWorker.runSuite(SuiteRunnerWorker.java:52)
	at org.testng.SuiteRunnerWorker.run(SuiteRunnerWorker.java:95)
	at org.testng.TestNG.runSuitesSequentially(TestNG.java:1256)
	at org.testng.TestNG.runSuitesLocally(TestNG.java:1176)
	at org.testng.TestNG.runSuites(TestNG.java:1099)
	at org.testng.TestNG.run(TestNG.java:1067)
	at org.apache.maven.surefire.testng.TestNGExecutor.run(TestNGExecutor.java:324)
	at org.apache.maven.surefire.testng.TestNGXmlTestSuite.execute(TestNGXmlTestSuite.java:74)
	at org.apache.maven.surefire.testng.TestNGProvider.invoke(TestNGProvider.java:123)
	at org.apache.maven.surefire.booter.ForkedBooter.runSuitesInProcess(ForkedBooter.java:456)
	at org.apache.maven.surefire.booter.ForkedBooter.execute(ForkedBooter.java:169)
	at org.apache.maven.surefire.booter.ForkedBooter.run(ForkedBooter.java:595)
	at org.apache.maven.surefire.booter.ForkedBooter.main(ForkedBooter.java:581)
]]></failure>
    <system-out><![CDATA[07:30:52.499 [main] DEBUG org.apache.http.impl.conn.BasicClientConnectionManager -- Get connection for route {}->http://13.60.22.209:7081
07:30:52.499 [main] DEBUG org.apache.http.impl.conn.DefaultClientConnectionOperator -- Connecting to 13.60.22.209:7081
07:30:52.726 [main] DEBUG org.apache.http.client.protocol.RequestAddCookies -- CookieSpec selected: ignoreCookies
07:30:52.728 [main] DEBUG org.apache.http.client.protocol.RequestAuthCache -- Auth cache not set in the context
07:30:52.728 [main] DEBUG org.apache.http.client.protocol.RequestTargetAuthentication -- Target auth state: UNCHALLENGED
07:30:52.728 [main] DEBUG org.apache.http.client.protocol.RequestProxyAuthentication -- Proxy auth state: UNCHALLENGED
07:30:52.728 [main] DEBUG org.apache.http.impl.client.DefaultHttpClient -- Attempt 1 to execute request
07:30:52.728 [main] DEBUG org.apache.http.impl.conn.DefaultClientConnection -- Sending request: DELETE /api/books/1 HTTP/1.1
07:30:52.728 [main] DEBUG org.apache.http.wire --  >> "DELETE /api/books/1 HTTP/1.1[\r][\n]"
07:30:52.728 [main] DEBUG org.apache.http.wire --  >> "Accept: */*[\r][\n]"
07:30:52.728 [main] DEBUG org.apache.http.wire --  >> "Host: 13.60.22.209:7081[\r][\n]"
07:30:52.728 [main] DEBUG org.apache.http.wire --  >> "Connection: Keep-Alive[\r][\n]"
07:30:52.728 [main] DEBUG org.apache.http.wire --  >> "User-Agent: Apache-HttpClient/4.5.13 (Java/17.0.9)[\r][\n]"
07:30:52.728 [main] DEBUG org.apache.http.wire --  >> "Accept-Encoding: gzip,deflate[\r][\n]"
07:30:52.728 [main] DEBUG org.apache.http.wire --  >> "[\r][\n]"
07:30:52.728 [main] DEBUG org.apache.http.headers -- >> DELETE /api/books/1 HTTP/1.1
07:30:52.728 [main] DEBUG org.apache.http.headers -- >> Accept: */*
07:30:52.728 [main] DEBUG org.apache.http.headers -- >> Host: 13.60.22.209:7081
07:30:52.728 [main] DEBUG org.apache.http.headers -- >> Connection: Keep-Alive
07:30:52.728 [main] DEBUG org.apache.http.headers -- >> User-Agent: Apache-HttpClient/4.5.13 (Java/17.0.9)
07:30:52.728 [main] DEBUG org.apache.http.headers -- >> Accept-Encoding: gzip,deflate
07:30:52.911 [main] DEBUG org.apache.http.wire --  << "HTTP/1.1 401 [\r][\n]"
07:30:52.911 [main] DEBUG org.apache.http.wire --  << "Set-Cookie: JSESSIONID=D992DBAF815F6388268703F4AD6D34C8; Path=/; HttpOnly[\r][\n]"
07:30:52.911 [main] DEBUG org.apache.http.wire --  << "WWW-Authenticate: Basic realm="Realm"[\r][\n]"
07:30:52.911 [main] DEBUG org.apache.http.wire --  << "X-Content-Type-Options: nosniff[\r][\n]"
07:30:52.911 [main] DEBUG org.apache.http.wire --  << "X-XSS-Protection: 1; mode=block[\r][\n]"
07:30:52.911 [main] DEBUG org.apache.http.wire --  << "Cache-Control: no-cache, no-store, max-age=0, must-revalidate[\r][\n]"
07:30:52.911 [main] DEBUG org.apache.http.wire --  << "Pragma: no-cache[\r][\n]"
07:30:52.911 [main] DEBUG org.apache.http.wire --  << "Expires: 0[\r][\n]"
07:30:52.911 [main] DEBUG org.apache.http.wire --  << "X-Frame-Options: DENY[\r][\n]"
07:30:52.911 [main] DEBUG org.apache.http.wire --  << "Content-Length: 0[\r][\n]"
07:30:52.911 [main] DEBUG org.apache.http.wire --  << "Date: Fri, 03 Jan 2025 02:00:54 GMT[\r][\n]"
07:30:52.911 [main] DEBUG org.apache.http.wire --  << "Keep-Alive: timeout=60[\r][\n]"
07:30:52.911 [main] DEBUG org.apache.http.wire --  << "Connection: keep-alive[\r][\n]"
07:30:52.911 [main] DEBUG org.apache.http.wire --  << "[\r][\n]"
07:30:52.911 [main] DEBUG org.apache.http.impl.conn.DefaultClientConnection -- Receiving response: HTTP/1.1 401 
07:30:52.911 [main] DEBUG org.apache.http.headers -- << HTTP/1.1 401 
07:30:52.911 [main] DEBUG org.apache.http.headers -- << Set-Cookie: JSESSIONID=D992DBAF815F6388268703F4AD6D34C8; Path=/; HttpOnly
07:30:52.911 [main] DEBUG org.apache.http.headers -- << WWW-Authenticate: Basic realm="Realm"
07:30:52.911 [main] DEBUG org.apache.http.headers -- << X-Content-Type-Options: nosniff
07:30:52.911 [main] DEBUG org.apache.http.headers -- << X-XSS-Protection: 1; mode=block
07:30:52.911 [main] DEBUG org.apache.http.headers -- << Cache-Control: no-cache, no-store, max-age=0, must-revalidate
07:30:52.911 [main] DEBUG org.apache.http.headers -- << Pragma: no-cache
07:30:52.911 [main] DEBUG org.apache.http.headers -- << Expires: 0
07:30:52.911 [main] DEBUG org.apache.http.headers -- << X-Frame-Options: DENY
07:30:52.911 [main] DEBUG org.apache.http.headers -- << Content-Length: 0
07:30:52.911 [main] DEBUG org.apache.http.headers -- << Date: Fri, 03 Jan 2025 02:00:54 GMT
07:30:52.912 [main] DEBUG org.apache.http.headers -- << Keep-Alive: timeout=60
07:30:52.912 [main] DEBUG org.apache.http.headers -- << Connection: keep-alive
07:30:52.912 [main] DEBUG org.apache.http.impl.client.DefaultHttpClient -- Connection can be kept alive for 60000 MILLISECONDS
07:30:52.912 [main] DEBUG org.apache.http.impl.client.DefaultHttpClient -- Authentication required
07:30:52.912 [main] DEBUG org.apache.http.impl.client.DefaultHttpClient -- 13.60.22.209:7081 requested authentication
07:30:52.912 [main] DEBUG org.apache.http.impl.client.TargetAuthenticationStrategy -- Authentication schemes in the order of preference: [Negotiate, Kerberos, NTLM, CredSSP, Digest, Basic]
07:30:52.912 [main] DEBUG org.apache.http.impl.client.TargetAuthenticationStrategy -- Challenge for Negotiate authentication scheme not available
07:30:52.912 [main] DEBUG org.apache.http.impl.client.TargetAuthenticationStrategy -- Challenge for Kerberos authentication scheme not available
07:30:52.912 [main] DEBUG org.apache.http.impl.client.TargetAuthenticationStrategy -- Challenge for NTLM authentication scheme not available
07:30:52.912 [main] DEBUG org.apache.http.impl.client.TargetAuthenticationStrategy -- Challenge for CredSSP authentication scheme not available
07:30:52.912 [main] DEBUG org.apache.http.impl.client.TargetAuthenticationStrategy -- Challenge for Digest authentication scheme not available
07:30:52.912 [main] DEBUG org.apache.http.impl.client.DefaultHttpClient -- Selected authentication options: [BASIC [complete=true]]
07:30:52.912 [main] DEBUG org.apache.http.client.protocol.RequestAddCookies -- CookieSpec selected: ignoreCookies
07:30:52.912 [main] DEBUG org.apache.http.client.protocol.RequestAuthCache -- Auth cache not set in the context
07:30:52.912 [main] DEBUG org.apache.http.client.protocol.RequestTargetAuthentication -- Target auth state: CHALLENGED
07:30:52.912 [main] DEBUG org.apache.http.client.protocol.RequestTargetAuthentication -- Generating response to an authentication challenge using basic scheme
07:30:52.912 [main] DEBUG org.apache.http.client.protocol.RequestProxyAuthentication -- Proxy auth state: UNCHALLENGED
07:30:52.912 [main] DEBUG org.apache.http.impl.client.DefaultHttpClient -- Attempt 2 to execute request
07:30:52.913 [main] DEBUG org.apache.http.impl.conn.DefaultClientConnection -- Sending request: DELETE /api/books/1 HTTP/1.1
07:30:52.913 [main] DEBUG org.apache.http.wire --  >> "DELETE /api/books/1 HTTP/1.1[\r][\n]"
07:30:52.913 [main] DEBUG org.apache.http.wire --  >> "Accept: */*[\r][\n]"
07:30:52.913 [main] DEBUG org.apache.http.wire --  >> "Host: 13.60.22.209:7081[\r][\n]"
07:30:52.913 [main] DEBUG org.apache.http.wire --  >> "Connection: Keep-Alive[\r][\n]"
07:30:52.913 [main] DEBUG org.apache.http.wire --  >> "User-Agent: Apache-HttpClient/4.5.13 (Java/17.0.9)[\r][\n]"
07:30:52.913 [main] DEBUG org.apache.http.wire --  >> "Authorization: Basic dXNlcjpwYXNzd29yZA==[\r][\n]"
07:30:52.913 [main] DEBUG org.apache.http.wire --  >> "Accept-Encoding: gzip,deflate[\r][\n]"
07:30:52.913 [main] DEBUG org.apache.http.wire --  >> "[\r][\n]"
07:30:52.913 [main] DEBUG org.apache.http.headers -- >> DELETE /api/books/1 HTTP/1.1
07:30:52.913 [main] DEBUG org.apache.http.headers -- >> Accept: */*
07:30:52.913 [main] DEBUG org.apache.http.headers -- >> Host: 13.60.22.209:7081
07:30:52.913 [main] DEBUG org.apache.http.headers -- >> Connection: Keep-Alive
07:30:52.913 [main] DEBUG org.apache.http.headers -- >> User-Agent: Apache-HttpClient/4.5.13 (Java/17.0.9)
07:30:52.913 [main] DEBUG org.apache.http.headers -- >> Authorization: Basic dXNlcjpwYXNzd29yZA==
07:30:52.913 [main] DEBUG org.apache.http.headers -- >> Accept-Encoding: gzip,deflate
07:30:53.200 [main] DEBUG org.apache.http.wire --  << "HTTP/1.1 404 [\r][\n]"
07:30:53.200 [main] DEBUG org.apache.http.wire --  << "Set-Cookie: JSESSIONID=B83977E804A7B01782FB4C31F6DA9A9E; Path=/; HttpOnly[\r][\n]"
07:30:53.200 [main] DEBUG org.apache.http.wire --  << "X-Content-Type-Options: nosniff[\r][\n]"
07:30:53.200 [main] DEBUG org.apache.http.wire --  << "X-XSS-Protection: 1; mode=block[\r][\n]"
07:30:53.200 [main] DEBUG org.apache.http.wire --  << "Cache-Control: no-cache, no-store, max-age=0, must-revalidate[\r][\n]"
07:30:53.200 [main] DEBUG org.apache.http.wire --  << "Pragma: no-cache[\r][\n]"
07:30:53.200 [main] DEBUG org.apache.http.wire --  << "Expires: 0[\r][\n]"
07:30:53.200 [main] DEBUG org.apache.http.wire --  << "X-Frame-Options: DENY[\r][\n]"
07:30:53.200 [main] DEBUG org.apache.http.wire --  << "Content-Type: text/plain;charset=UTF-8[\r][\n]"
07:30:53.200 [main] DEBUG org.apache.http.wire --  << "Content-Length: 14[\r][\n]"
07:30:53.200 [main] DEBUG org.apache.http.wire --  << "Date: Fri, 03 Jan 2025 02:00:54 GMT[\r][\n]"
07:30:53.200 [main] DEBUG org.apache.http.wire --  << "Keep-Alive: timeout=60[\r][\n]"
07:30:53.200 [main] DEBUG org.apache.http.wire --  << "Connection: keep-alive[\r][\n]"
07:30:53.200 [main] DEBUG org.apache.http.wire --  << "[\r][\n]"
07:30:53.200 [main] DEBUG org.apache.http.impl.conn.DefaultClientConnection -- Receiving response: HTTP/1.1 404 
07:30:53.200 [main] DEBUG org.apache.http.headers -- << HTTP/1.1 404 
07:30:53.200 [main] DEBUG org.apache.http.headers -- << Set-Cookie: JSESSIONID=B83977E804A7B01782FB4C31F6DA9A9E; Path=/; HttpOnly
07:30:53.200 [main] DEBUG org.apache.http.headers -- << X-Content-Type-Options: nosniff
07:30:53.200 [main] DEBUG org.apache.http.headers -- << X-XSS-Protection: 1; mode=block
07:30:53.200 [main] DEBUG org.apache.http.headers -- << Cache-Control: no-cache, no-store, max-age=0, must-revalidate
07:30:53.200 [main] DEBUG org.apache.http.headers -- << Pragma: no-cache
07:30:53.200 [main] DEBUG org.apache.http.headers -- << Expires: 0
07:30:53.200 [main] DEBUG org.apache.http.headers -- << X-Frame-Options: DENY
07:30:53.200 [main] DEBUG org.apache.http.headers -- << Content-Type: text/plain;charset=UTF-8
07:30:53.200 [main] DEBUG org.apache.http.headers -- << Content-Length: 14
07:30:53.200 [main] DEBUG org.apache.http.headers -- << Date: Fri, 03 Jan 2025 02:00:54 GMT
07:30:53.200 [main] DEBUG org.apache.http.headers -- << Keep-Alive: timeout=60
07:30:53.200 [main] DEBUG org.apache.http.headers -- << Connection: keep-alive
07:30:53.200 [main] DEBUG org.apache.http.impl.client.DefaultHttpClient -- Connection can be kept alive for 60000 MILLISECONDS
07:30:53.200 [main] DEBUG org.apache.http.impl.client.DefaultHttpClient -- Authentication succeeded
07:30:53.201 [main] DEBUG org.apache.http.impl.client.TargetAuthenticationStrategy -- Caching 'basic' auth scheme for http://13.60.22.209:7081
07:30:53.201 [main] DEBUG io.restassured.internal.RestAssuredHttpBuilder -- Parsing response as: text/plain;charset=UTF-8
07:30:53.201 [main] DEBUG io.restassured.internal.RestAssuredHttpBuilder -- Parsed data to instance of: class org.apache.http.conn.EofSensorInputStream
Response Status Code: 404
07:30:53.202 [main] DEBUG org.apache.http.wire --  << "Book not found"
07:30:53.202 [main] DEBUG org.apache.http.impl.conn.BasicClientConnectionManager -- Releasing connection org.apache.http.impl.conn.ManagedClientConnectionImpl@2e0ad709
07:30:53.202 [main] DEBUG org.apache.http.impl.conn.BasicClientConnectionManager -- Connection can be kept alive for 60000 MILLISECONDS
Book not found
]]></system-out>
  </testcase>
  <testcase name="testDeleteBookWithInvalidIdAsAdmin" classname="TestCases.DeleteBookAPITests" time="0.654">
    <failure message="Expected status code is 404 for non-existent book deletion expected [404] but found [403]" type="java.lang.AssertionError"><![CDATA[java.lang.AssertionError: Expected status code is 404 for non-existent book deletion expected [404] but found [403]
	at org.testng.Assert.fail(Assert.java:110)
	at org.testng.Assert.failNotEquals(Assert.java:1413)
	at org.testng.Assert.assertEqualsImpl(Assert.java:149)
	at org.testng.Assert.assertEquals(Assert.java:131)
	at org.testng.Assert.assertEquals(Assert.java:1240)
	at TestCases.DeleteBookAPITests.testDeleteBookWithInvalidIdAsAdmin(DeleteBookAPITests.java:57)
	at java.base/jdk.internal.reflect.NativeMethodAccessorImpl.invoke0(Native Method)
	at java.base/jdk.internal.reflect.NativeMethodAccessorImpl.invoke(NativeMethodAccessorImpl.java:77)
	at java.base/jdk.internal.reflect.DelegatingMethodAccessorImpl.invoke(DelegatingMethodAccessorImpl.java:43)
	at java.base/java.lang.reflect.Method.invoke(Method.java:568)
	at org.testng.internal.invokers.MethodInvocationHelper.invokeMethod(MethodInvocationHelper.java:139)
	at org.testng.internal.invokers.TestInvoker.invokeMethod(TestInvoker.java:677)
	at org.testng.internal.invokers.TestInvoker.invokeTestMethod(TestInvoker.java:221)
	at org.testng.internal.invokers.MethodRunner.runInSequence(MethodRunner.java:50)
	at org.testng.internal.invokers.TestInvoker$MethodInvocationAgent.invoke(TestInvoker.java:969)
	at org.testng.internal.invokers.TestInvoker.invokeTestMethods(TestInvoker.java:194)
	at org.testng.internal.invokers.TestMethodWorker.invokeTestMethods(TestMethodWorker.java:148)
	at org.testng.internal.invokers.TestMethodWorker.run(TestMethodWorker.java:128)
	at java.base/java.util.ArrayList.forEach(ArrayList.java:1511)
	at org.testng.TestRunner.privateRun(TestRunner.java:829)
	at org.testng.TestRunner.run(TestRunner.java:602)
	at org.testng.SuiteRunner.runTest(SuiteRunner.java:437)
	at org.testng.SuiteRunner.runSequentially(SuiteRunner.java:431)
	at org.testng.SuiteRunner.privateRun(SuiteRunner.java:391)
	at org.testng.SuiteRunner.run(SuiteRunner.java:330)
	at org.testng.SuiteRunnerWorker.runSuite(SuiteRunnerWorker.java:52)
	at org.testng.SuiteRunnerWorker.run(SuiteRunnerWorker.java:95)
	at org.testng.TestNG.runSuitesSequentially(TestNG.java:1256)
	at org.testng.TestNG.runSuitesLocally(TestNG.java:1176)
	at org.testng.TestNG.runSuites(TestNG.java:1099)
	at org.testng.TestNG.run(TestNG.java:1067)
	at org.apache.maven.surefire.testng.TestNGExecutor.run(TestNGExecutor.java:324)
	at org.apache.maven.surefire.testng.TestNGXmlTestSuite.execute(TestNGXmlTestSuite.java:74)
	at org.apache.maven.surefire.testng.TestNGProvider.invoke(TestNGProvider.java:123)
	at org.apache.maven.surefire.booter.ForkedBooter.runSuitesInProcess(ForkedBooter.java:456)
	at org.apache.maven.surefire.booter.ForkedBooter.execute(ForkedBooter.java:169)
	at org.apache.maven.surefire.booter.ForkedBooter.run(ForkedBooter.java:595)
	at org.apache.maven.surefire.booter.ForkedBooter.main(ForkedBooter.java:581)
]]></failure>
    <system-out><![CDATA[07:30:53.223 [main] DEBUG org.apache.http.impl.conn.BasicClientConnectionManager -- Get connection for route {}->http://13.60.22.209:7081
07:30:53.223 [main] DEBUG org.apache.http.impl.conn.DefaultClientConnectionOperator -- Connecting to 13.60.22.209:7081
07:30:53.390 [main] DEBUG org.apache.http.client.protocol.RequestAddCookies -- CookieSpec selected: ignoreCookies
07:30:53.391 [main] DEBUG org.apache.http.client.protocol.RequestAuthCache -- Auth cache not set in the context
07:30:53.391 [main] DEBUG org.apache.http.client.protocol.RequestTargetAuthentication -- Target auth state: UNCHALLENGED
07:30:53.391 [main] DEBUG org.apache.http.client.protocol.RequestProxyAuthentication -- Proxy auth state: UNCHALLENGED
07:30:53.391 [main] DEBUG org.apache.http.impl.client.DefaultHttpClient -- Attempt 1 to execute request
07:30:53.391 [main] DEBUG org.apache.http.impl.conn.DefaultClientConnection -- Sending request: DELETE /api/books/999 HTTP/1.1
07:30:53.391 [main] DEBUG org.apache.http.wire --  >> "DELETE /api/books/999 HTTP/1.1[\r][\n]"
07:30:53.391 [main] DEBUG org.apache.http.wire --  >> "Accept: */*[\r][\n]"
07:30:53.391 [main] DEBUG org.apache.http.wire --  >> "Host: 13.60.22.209:7081[\r][\n]"
07:30:53.391 [main] DEBUG org.apache.http.wire --  >> "Connection: Keep-Alive[\r][\n]"
07:30:53.391 [main] DEBUG org.apache.http.wire --  >> "User-Agent: Apache-HttpClient/4.5.13 (Java/17.0.9)[\r][\n]"
07:30:53.391 [main] DEBUG org.apache.http.wire --  >> "Accept-Encoding: gzip,deflate[\r][\n]"
07:30:53.391 [main] DEBUG org.apache.http.wire --  >> "[\r][\n]"
07:30:53.391 [main] DEBUG org.apache.http.headers -- >> DELETE /api/books/999 HTTP/1.1
07:30:53.391 [main] DEBUG org.apache.http.headers -- >> Accept: */*
07:30:53.391 [main] DEBUG org.apache.http.headers -- >> Host: 13.60.22.209:7081
07:30:53.391 [main] DEBUG org.apache.http.headers -- >> Connection: Keep-Alive
07:30:53.391 [main] DEBUG org.apache.http.headers -- >> User-Agent: Apache-HttpClient/4.5.13 (Java/17.0.9)
07:30:53.391 [main] DEBUG org.apache.http.headers -- >> Accept-Encoding: gzip,deflate
07:30:53.567 [main] DEBUG org.apache.http.wire --  << "HTTP/1.1 401 [\r][\n]"
07:30:53.567 [main] DEBUG org.apache.http.wire --  << "Set-Cookie: JSESSIONID=542DA88CD29E7D75D271D69ADD3705BF; Path=/; HttpOnly[\r][\n]"
07:30:53.567 [main] DEBUG org.apache.http.wire --  << "WWW-Authenticate: Basic realm="Realm"[\r][\n]"
07:30:53.567 [main] DEBUG org.apache.http.wire --  << "X-Content-Type-Options: nosniff[\r][\n]"
07:30:53.567 [main] DEBUG org.apache.http.wire --  << "X-XSS-Protection: 1; mode=block[\r][\n]"
07:30:53.567 [main] DEBUG org.apache.http.wire --  << "Cache-Control: no-cache, no-store, max-age=0, must-revalidate[\r][\n]"
07:30:53.567 [main] DEBUG org.apache.http.wire --  << "Pragma: no-cache[\r][\n]"
07:30:53.567 [main] DEBUG org.apache.http.wire --  << "Expires: 0[\r][\n]"
07:30:53.567 [main] DEBUG org.apache.http.wire --  << "X-Frame-Options: DENY[\r][\n]"
07:30:53.567 [main] DEBUG org.apache.http.wire --  << "Content-Length: 0[\r][\n]"
07:30:53.567 [main] DEBUG org.apache.http.wire --  << "Date: Fri, 03 Jan 2025 02:00:54 GMT[\r][\n]"
07:30:53.567 [main] DEBUG org.apache.http.wire --  << "Keep-Alive: timeout=60[\r][\n]"
07:30:53.567 [main] DEBUG org.apache.http.wire --  << "Connection: keep-alive[\r][\n]"
07:30:53.567 [main] DEBUG org.apache.http.wire --  << "[\r][\n]"
07:30:53.567 [main] DEBUG org.apache.http.impl.conn.DefaultClientConnection -- Receiving response: HTTP/1.1 401 
07:30:53.567 [main] DEBUG org.apache.http.headers -- << HTTP/1.1 401 
07:30:53.567 [main] DEBUG org.apache.http.headers -- << Set-Cookie: JSESSIONID=542DA88CD29E7D75D271D69ADD3705BF; Path=/; HttpOnly
07:30:53.567 [main] DEBUG org.apache.http.headers -- << WWW-Authenticate: Basic realm="Realm"
07:30:53.567 [main] DEBUG org.apache.http.headers -- << X-Content-Type-Options: nosniff
07:30:53.567 [main] DEBUG org.apache.http.headers -- << X-XSS-Protection: 1; mode=block
07:30:53.567 [main] DEBUG org.apache.http.headers -- << Cache-Control: no-cache, no-store, max-age=0, must-revalidate
07:30:53.567 [main] DEBUG org.apache.http.headers -- << Pragma: no-cache
07:30:53.567 [main] DEBUG org.apache.http.headers -- << Expires: 0
07:30:53.567 [main] DEBUG org.apache.http.headers -- << X-Frame-Options: DENY
07:30:53.567 [main] DEBUG org.apache.http.headers -- << Content-Length: 0
07:30:53.567 [main] DEBUG org.apache.http.headers -- << Date: Fri, 03 Jan 2025 02:00:54 GMT
07:30:53.567 [main] DEBUG org.apache.http.headers -- << Keep-Alive: timeout=60
07:30:53.567 [main] DEBUG org.apache.http.headers -- << Connection: keep-alive
07:30:53.567 [main] DEBUG org.apache.http.impl.client.DefaultHttpClient -- Connection can be kept alive for 60000 MILLISECONDS
07:30:53.567 [main] DEBUG org.apache.http.impl.client.DefaultHttpClient -- Authentication required
07:30:53.567 [main] DEBUG org.apache.http.impl.client.DefaultHttpClient -- 13.60.22.209:7081 requested authentication
07:30:53.567 [main] DEBUG org.apache.http.impl.client.TargetAuthenticationStrategy -- Authentication schemes in the order of preference: [Negotiate, Kerberos, NTLM, CredSSP, Digest, Basic]
07:30:53.567 [main] DEBUG org.apache.http.impl.client.TargetAuthenticationStrategy -- Challenge for Negotiate authentication scheme not available
07:30:53.567 [main] DEBUG org.apache.http.impl.client.TargetAuthenticationStrategy -- Challenge for Kerberos authentication scheme not available
07:30:53.567 [main] DEBUG org.apache.http.impl.client.TargetAuthenticationStrategy -- Challenge for NTLM authentication scheme not available
07:30:53.567 [main] DEBUG org.apache.http.impl.client.TargetAuthenticationStrategy -- Challenge for CredSSP authentication scheme not available
07:30:53.567 [main] DEBUG org.apache.http.impl.client.TargetAuthenticationStrategy -- Challenge for Digest authentication scheme not available
07:30:53.567 [main] DEBUG org.apache.http.impl.client.DefaultHttpClient -- Selected authentication options: [BASIC [complete=true]]
07:30:53.567 [main] DEBUG org.apache.http.client.protocol.RequestAddCookies -- CookieSpec selected: ignoreCookies
07:30:53.567 [main] DEBUG org.apache.http.client.protocol.RequestAuthCache -- Auth cache not set in the context
07:30:53.567 [main] DEBUG org.apache.http.client.protocol.RequestTargetAuthentication -- Target auth state: CHALLENGED
07:30:53.567 [main] DEBUG org.apache.http.client.protocol.RequestTargetAuthentication -- Generating response to an authentication challenge using basic scheme
07:30:53.567 [main] DEBUG org.apache.http.client.protocol.RequestProxyAuthentication -- Proxy auth state: UNCHALLENGED
07:30:53.568 [main] DEBUG org.apache.http.impl.client.DefaultHttpClient -- Attempt 2 to execute request
07:30:53.568 [main] DEBUG org.apache.http.impl.conn.DefaultClientConnection -- Sending request: DELETE /api/books/999 HTTP/1.1
07:30:53.568 [main] DEBUG org.apache.http.wire --  >> "DELETE /api/books/999 HTTP/1.1[\r][\n]"
07:30:53.568 [main] DEBUG org.apache.http.wire --  >> "Accept: */*[\r][\n]"
07:30:53.568 [main] DEBUG org.apache.http.wire --  >> "Host: 13.60.22.209:7081[\r][\n]"
07:30:53.568 [main] DEBUG org.apache.http.wire --  >> "Connection: Keep-Alive[\r][\n]"
07:30:53.568 [main] DEBUG org.apache.http.wire --  >> "User-Agent: Apache-HttpClient/4.5.13 (Java/17.0.9)[\r][\n]"
07:30:53.568 [main] DEBUG org.apache.http.wire --  >> "Authorization: Basic YWRtaW46cGFzc3dvcmQ=[\r][\n]"
07:30:53.568 [main] DEBUG org.apache.http.wire --  >> "Accept-Encoding: gzip,deflate[\r][\n]"
07:30:53.568 [main] DEBUG org.apache.http.wire --  >> "[\r][\n]"
07:30:53.568 [main] DEBUG org.apache.http.headers -- >> DELETE /api/books/999 HTTP/1.1
07:30:53.568 [main] DEBUG org.apache.http.headers -- >> Accept: */*
07:30:53.568 [main] DEBUG org.apache.http.headers -- >> Host: 13.60.22.209:7081
07:30:53.568 [main] DEBUG org.apache.http.headers -- >> Connection: Keep-Alive
07:30:53.568 [main] DEBUG org.apache.http.headers -- >> User-Agent: Apache-HttpClient/4.5.13 (Java/17.0.9)
07:30:53.568 [main] DEBUG org.apache.http.headers -- >> Authorization: Basic YWRtaW46cGFzc3dvcmQ=
07:30:53.568 [main] DEBUG org.apache.http.headers -- >> Accept-Encoding: gzip,deflate
07:30:53.855 [main] DEBUG org.apache.http.wire --  << "HTTP/1.1 403 [\r][\n]"
07:30:53.855 [main] DEBUG org.apache.http.wire --  << "Set-Cookie: JSESSIONID=B8C7F82DE25141D19F60509EE8676D97; Path=/; HttpOnly[\r][\n]"
07:30:53.855 [main] DEBUG org.apache.http.wire --  << "X-Content-Type-Options: nosniff[\r][\n]"
07:30:53.855 [main] DEBUG org.apache.http.wire --  << "X-XSS-Protection: 1; mode=block[\r][\n]"
07:30:53.855 [main] DEBUG org.apache.http.wire --  << "Cache-Control: no-cache, no-store, max-age=0, must-revalidate[\r][\n]"
07:30:53.855 [main] DEBUG org.apache.http.wire --  << "Pragma: no-cache[\r][\n]"
07:30:53.855 [main] DEBUG org.apache.http.wire --  << "Expires: 0[\r][\n]"
07:30:53.855 [main] DEBUG org.apache.http.wire --  << "X-Frame-Options: DENY[\r][\n]"
07:30:53.855 [main] DEBUG org.apache.http.wire --  << "Content-Type: text/plain;charset=UTF-8[\r][\n]"
07:30:53.855 [main] DEBUG org.apache.http.wire --  << "Content-Length: 22[\r][\n]"
07:30:53.855 [main] DEBUG org.apache.http.wire --  << "Date: Fri, 03 Jan 2025 02:00:54 GMT[\r][\n]"
07:30:53.855 [main] DEBUG org.apache.http.wire --  << "Keep-Alive: timeout=60[\r][\n]"
07:30:53.855 [main] DEBUG org.apache.http.wire --  << "Connection: keep-alive[\r][\n]"
07:30:53.855 [main] DEBUG org.apache.http.wire --  << "[\r][\n]"
07:30:53.855 [main] DEBUG org.apache.http.impl.conn.DefaultClientConnection -- Receiving response: HTTP/1.1 403 
07:30:53.855 [main] DEBUG org.apache.http.headers -- << HTTP/1.1 403 
07:30:53.855 [main] DEBUG org.apache.http.headers -- << Set-Cookie: JSESSIONID=B8C7F82DE25141D19F60509EE8676D97; Path=/; HttpOnly
07:30:53.855 [main] DEBUG org.apache.http.headers -- << X-Content-Type-Options: nosniff
07:30:53.855 [main] DEBUG org.apache.http.headers -- << X-XSS-Protection: 1; mode=block
07:30:53.855 [main] DEBUG org.apache.http.headers -- << Cache-Control: no-cache, no-store, max-age=0, must-revalidate
07:30:53.855 [main] DEBUG org.apache.http.headers -- << Pragma: no-cache
07:30:53.855 [main] DEBUG org.apache.http.headers -- << Expires: 0
07:30:53.855 [main] DEBUG org.apache.http.headers -- << X-Frame-Options: DENY
07:30:53.855 [main] DEBUG org.apache.http.headers -- << Content-Type: text/plain;charset=UTF-8
07:30:53.855 [main] DEBUG org.apache.http.headers -- << Content-Length: 22
07:30:53.855 [main] DEBUG org.apache.http.headers -- << Date: Fri, 03 Jan 2025 02:00:54 GMT
07:30:53.855 [main] DEBUG org.apache.http.headers -- << Keep-Alive: timeout=60
07:30:53.855 [main] DEBUG org.apache.http.headers -- << Connection: keep-alive
07:30:53.855 [main] DEBUG org.apache.http.impl.client.DefaultHttpClient -- Connection can be kept alive for 60000 MILLISECONDS
07:30:53.855 [main] DEBUG org.apache.http.impl.client.DefaultHttpClient -- Authentication succeeded
07:30:53.855 [main] DEBUG org.apache.http.impl.client.TargetAuthenticationStrategy -- Caching 'basic' auth scheme for http://13.60.22.209:7081
07:30:53.856 [main] DEBUG io.restassured.internal.RestAssuredHttpBuilder -- Parsing response as: text/plain;charset=UTF-8
07:30:53.856 [main] DEBUG io.restassured.internal.RestAssuredHttpBuilder -- Parsed data to instance of: class org.apache.http.conn.EofSensorInputStream
Response Status Code: 403
07:30:53.858 [main] DEBUG org.apache.http.wire --  << "User is not permitted."
07:30:53.858 [main] DEBUG org.apache.http.impl.conn.BasicClientConnectionManager -- Releasing connection org.apache.http.impl.conn.ManagedClientConnectionImpl@743d0d44
07:30:53.858 [main] DEBUG org.apache.http.impl.conn.BasicClientConnectionManager -- Connection can be kept alive for 60000 MILLISECONDS
User is not permitted.
]]></system-out>
  </testcase>
  <testcase name="testDeleteBookWithValidIdAsAdmin" classname="TestCases.DeleteBookAPITests" time="0.706">
    <failure message="Expected status code is 200 for valid book deletion expected [200] but found [403]" type="java.lang.AssertionError"><![CDATA[java.lang.AssertionError: Expected status code is 200 for valid book deletion expected [200] but found [403]
	at org.testng.Assert.fail(Assert.java:110)
	at org.testng.Assert.failNotEquals(Assert.java:1413)
	at org.testng.Assert.assertEqualsImpl(Assert.java:149)
	at org.testng.Assert.assertEquals(Assert.java:131)
	at org.testng.Assert.assertEquals(Assert.java:1240)
	at TestCases.DeleteBookAPITests.testDeleteBookWithValidIdAsAdmin(DeleteBookAPITests.java:37)
	at java.base/jdk.internal.reflect.NativeMethodAccessorImpl.invoke0(Native Method)
	at java.base/jdk.internal.reflect.NativeMethodAccessorImpl.invoke(NativeMethodAccessorImpl.java:77)
	at java.base/jdk.internal.reflect.DelegatingMethodAccessorImpl.invoke(DelegatingMethodAccessorImpl.java:43)
	at java.base/java.lang.reflect.Method.invoke(Method.java:568)
	at org.testng.internal.invokers.MethodInvocationHelper.invokeMethod(MethodInvocationHelper.java:139)
	at org.testng.internal.invokers.TestInvoker.invokeMethod(TestInvoker.java:677)
	at org.testng.internal.invokers.TestInvoker.invokeTestMethod(TestInvoker.java:221)
	at org.testng.internal.invokers.MethodRunner.runInSequence(MethodRunner.java:50)
	at org.testng.internal.invokers.TestInvoker$MethodInvocationAgent.invoke(TestInvoker.java:969)
	at org.testng.internal.invokers.TestInvoker.invokeTestMethods(TestInvoker.java:194)
	at org.testng.internal.invokers.TestMethodWorker.invokeTestMethods(TestMethodWorker.java:148)
	at org.testng.internal.invokers.TestMethodWorker.run(TestMethodWorker.java:128)
	at java.base/java.util.ArrayList.forEach(ArrayList.java:1511)
	at org.testng.TestRunner.privateRun(TestRunner.java:829)
	at org.testng.TestRunner.run(TestRunner.java:602)
	at org.testng.SuiteRunner.runTest(SuiteRunner.java:437)
	at org.testng.SuiteRunner.runSequentially(SuiteRunner.java:431)
	at org.testng.SuiteRunner.privateRun(SuiteRunner.java:391)
	at org.testng.SuiteRunner.run(SuiteRunner.java:330)
	at org.testng.SuiteRunnerWorker.runSuite(SuiteRunnerWorker.java:52)
	at org.testng.SuiteRunnerWorker.run(SuiteRunnerWorker.java:95)
	at org.testng.TestNG.runSuitesSequentially(TestNG.java:1256)
	at org.testng.TestNG.runSuitesLocally(TestNG.java:1176)
	at org.testng.TestNG.runSuites(TestNG.java:1099)
	at org.testng.TestNG.run(TestNG.java:1067)
	at org.apache.maven.surefire.testng.TestNGExecutor.run(TestNGExecutor.java:324)
	at org.apache.maven.surefire.testng.TestNGXmlTestSuite.execute(TestNGXmlTestSuite.java:74)
	at org.apache.maven.surefire.testng.TestNGProvider.invoke(TestNGProvider.java:123)
	at org.apache.maven.surefire.booter.ForkedBooter.runSuitesInProcess(ForkedBooter.java:456)
	at org.apache.maven.surefire.booter.ForkedBooter.execute(ForkedBooter.java:169)
	at org.apache.maven.surefire.booter.ForkedBooter.run(ForkedBooter.java:595)
	at org.apache.maven.surefire.booter.ForkedBooter.main(ForkedBooter.java:581)
]]></failure>
    <system-out><![CDATA[07:30:53.871 [main] DEBUG org.apache.http.impl.conn.BasicClientConnectionManager -- Get connection for route {}->http://13.60.22.209:7081
07:30:53.871 [main] DEBUG org.apache.http.impl.conn.DefaultClientConnectionOperator -- Connecting to 13.60.22.209:7081
07:30:54.038 [main] DEBUG org.apache.http.client.protocol.RequestAddCookies -- CookieSpec selected: ignoreCookies
07:30:54.038 [main] DEBUG org.apache.http.client.protocol.RequestAuthCache -- Auth cache not set in the context
07:30:54.038 [main] DEBUG org.apache.http.client.protocol.RequestTargetAuthentication -- Target auth state: UNCHALLENGED
07:30:54.038 [main] DEBUG org.apache.http.client.protocol.RequestProxyAuthentication -- Proxy auth state: UNCHALLENGED
07:30:54.038 [main] DEBUG org.apache.http.impl.client.DefaultHttpClient -- Attempt 1 to execute request
07:30:54.038 [main] DEBUG org.apache.http.impl.conn.DefaultClientConnection -- Sending request: DELETE /api/books/1 HTTP/1.1
07:30:54.038 [main] DEBUG org.apache.http.wire --  >> "DELETE /api/books/1 HTTP/1.1[\r][\n]"
07:30:54.039 [main] DEBUG org.apache.http.wire --  >> "Accept: */*[\r][\n]"
07:30:54.039 [main] DEBUG org.apache.http.wire --  >> "Host: 13.60.22.209:7081[\r][\n]"
07:30:54.039 [main] DEBUG org.apache.http.wire --  >> "Connection: Keep-Alive[\r][\n]"
07:30:54.039 [main] DEBUG org.apache.http.wire --  >> "User-Agent: Apache-HttpClient/4.5.13 (Java/17.0.9)[\r][\n]"
07:30:54.039 [main] DEBUG org.apache.http.wire --  >> "Accept-Encoding: gzip,deflate[\r][\n]"
07:30:54.039 [main] DEBUG org.apache.http.wire --  >> "[\r][\n]"
07:30:54.039 [main] DEBUG org.apache.http.headers -- >> DELETE /api/books/1 HTTP/1.1
07:30:54.039 [main] DEBUG org.apache.http.headers -- >> Accept: */*
07:30:54.039 [main] DEBUG org.apache.http.headers -- >> Host: 13.60.22.209:7081
07:30:54.039 [main] DEBUG org.apache.http.headers -- >> Connection: Keep-Alive
07:30:54.039 [main] DEBUG org.apache.http.headers -- >> User-Agent: Apache-HttpClient/4.5.13 (Java/17.0.9)
07:30:54.039 [main] DEBUG org.apache.http.headers -- >> Accept-Encoding: gzip,deflate
07:30:54.214 [main] DEBUG org.apache.http.wire --  << "HTTP/1.1 401 [\r][\n]"
07:30:54.215 [main] DEBUG org.apache.http.wire --  << "Set-Cookie: JSESSIONID=788244E21E66D9727DAE52AE4EBE4C49; Path=/; HttpOnly[\r][\n]"
07:30:54.215 [main] DEBUG org.apache.http.wire --  << "WWW-Authenticate: Basic realm="Realm"[\r][\n]"
07:30:54.215 [main] DEBUG org.apache.http.wire --  << "X-Content-Type-Options: nosniff[\r][\n]"
07:30:54.215 [main] DEBUG org.apache.http.wire --  << "X-XSS-Protection: 1; mode=block[\r][\n]"
07:30:54.215 [main] DEBUG org.apache.http.wire --  << "Cache-Control: no-cache, no-store, max-age=0, must-revalidate[\r][\n]"
07:30:54.215 [main] DEBUG org.apache.http.wire --  << "Pragma: no-cache[\r][\n]"
07:30:54.215 [main] DEBUG org.apache.http.wire --  << "Expires: 0[\r][\n]"
07:30:54.215 [main] DEBUG org.apache.http.wire --  << "X-Frame-Options: DENY[\r][\n]"
07:30:54.215 [main] DEBUG org.apache.http.wire --  << "Content-Length: 0[\r][\n]"
07:30:54.215 [main] DEBUG org.apache.http.wire --  << "Date: Fri, 03 Jan 2025 02:00:55 GMT[\r][\n]"
07:30:54.215 [main] DEBUG org.apache.http.wire --  << "Keep-Alive: timeout=60[\r][\n]"
07:30:54.215 [main] DEBUG org.apache.http.wire --  << "Connection: keep-alive[\r][\n]"
07:30:54.215 [main] DEBUG org.apache.http.wire --  << "[\r][\n]"
07:30:54.215 [main] DEBUG org.apache.http.impl.conn.DefaultClientConnection -- Receiving response: HTTP/1.1 401 
07:30:54.215 [main] DEBUG org.apache.http.headers -- << HTTP/1.1 401 
07:30:54.215 [main] DEBUG org.apache.http.headers -- << Set-Cookie: JSESSIONID=788244E21E66D9727DAE52AE4EBE4C49; Path=/; HttpOnly
07:30:54.215 [main] DEBUG org.apache.http.headers -- << WWW-Authenticate: Basic realm="Realm"
07:30:54.215 [main] DEBUG org.apache.http.headers -- << X-Content-Type-Options: nosniff
07:30:54.215 [main] DEBUG org.apache.http.headers -- << X-XSS-Protection: 1; mode=block
07:30:54.215 [main] DEBUG org.apache.http.headers -- << Cache-Control: no-cache, no-store, max-age=0, must-revalidate
07:30:54.215 [main] DEBUG org.apache.http.headers -- << Pragma: no-cache
07:30:54.215 [main] DEBUG org.apache.http.headers -- << Expires: 0
07:30:54.215 [main] DEBUG org.apache.http.headers -- << X-Frame-Options: DENY
07:30:54.215 [main] DEBUG org.apache.http.headers -- << Content-Length: 0
07:30:54.215 [main] DEBUG org.apache.http.headers -- << Date: Fri, 03 Jan 2025 02:00:55 GMT
07:30:54.215 [main] DEBUG org.apache.http.headers -- << Keep-Alive: timeout=60
07:30:54.215 [main] DEBUG org.apache.http.headers -- << Connection: keep-alive
07:30:54.215 [main] DEBUG org.apache.http.impl.client.DefaultHttpClient -- Connection can be kept alive for 60000 MILLISECONDS
07:30:54.215 [main] DEBUG org.apache.http.impl.client.DefaultHttpClient -- Authentication required
07:30:54.215 [main] DEBUG org.apache.http.impl.client.DefaultHttpClient -- 13.60.22.209:7081 requested authentication
07:30:54.215 [main] DEBUG org.apache.http.impl.client.TargetAuthenticationStrategy -- Authentication schemes in the order of preference: [Negotiate, Kerberos, NTLM, CredSSP, Digest, Basic]
07:30:54.215 [main] DEBUG org.apache.http.impl.client.TargetAuthenticationStrategy -- Challenge for Negotiate authentication scheme not available
07:30:54.215 [main] DEBUG org.apache.http.impl.client.TargetAuthenticationStrategy -- Challenge for Kerberos authentication scheme not available
07:30:54.215 [main] DEBUG org.apache.http.impl.client.TargetAuthenticationStrategy -- Challenge for NTLM authentication scheme not available
07:30:54.215 [main] DEBUG org.apache.http.impl.client.TargetAuthenticationStrategy -- Challenge for CredSSP authentication scheme not available
07:30:54.215 [main] DEBUG org.apache.http.impl.client.TargetAuthenticationStrategy -- Challenge for Digest authentication scheme not available
07:30:54.215 [main] DEBUG org.apache.http.impl.client.DefaultHttpClient -- Selected authentication options: [BASIC [complete=true]]
07:30:54.215 [main] DEBUG org.apache.http.client.protocol.RequestAddCookies -- CookieSpec selected: ignoreCookies
07:30:54.215 [main] DEBUG org.apache.http.client.protocol.RequestAuthCache -- Auth cache not set in the context
07:30:54.215 [main] DEBUG org.apache.http.client.protocol.RequestTargetAuthentication -- Target auth state: CHALLENGED
07:30:54.215 [main] DEBUG org.apache.http.client.protocol.RequestTargetAuthentication -- Generating response to an authentication challenge using basic scheme
07:30:54.215 [main] DEBUG org.apache.http.client.protocol.RequestProxyAuthentication -- Proxy auth state: UNCHALLENGED
07:30:54.215 [main] DEBUG org.apache.http.impl.client.DefaultHttpClient -- Attempt 2 to execute request
07:30:54.215 [main] DEBUG org.apache.http.impl.conn.DefaultClientConnection -- Sending request: DELETE /api/books/1 HTTP/1.1
07:30:54.215 [main] DEBUG org.apache.http.wire --  >> "DELETE /api/books/1 HTTP/1.1[\r][\n]"
07:30:54.215 [main] DEBUG org.apache.http.wire --  >> "Accept: */*[\r][\n]"
07:30:54.215 [main] DEBUG org.apache.http.wire --  >> "Host: 13.60.22.209:7081[\r][\n]"
07:30:54.215 [main] DEBUG org.apache.http.wire --  >> "Connection: Keep-Alive[\r][\n]"
07:30:54.215 [main] DEBUG org.apache.http.wire --  >> "User-Agent: Apache-HttpClient/4.5.13 (Java/17.0.9)[\r][\n]"
07:30:54.215 [main] DEBUG org.apache.http.wire --  >> "Authorization: Basic YWRtaW46cGFzc3dvcmQ=[\r][\n]"
07:30:54.215 [main] DEBUG org.apache.http.wire --  >> "Accept-Encoding: gzip,deflate[\r][\n]"
07:30:54.215 [main] DEBUG org.apache.http.wire --  >> "[\r][\n]"
07:30:54.215 [main] DEBUG org.apache.http.headers -- >> DELETE /api/books/1 HTTP/1.1
07:30:54.216 [main] DEBUG org.apache.http.headers -- >> Accept: */*
07:30:54.216 [main] DEBUG org.apache.http.headers -- >> Host: 13.60.22.209:7081
07:30:54.216 [main] DEBUG org.apache.http.headers -- >> Connection: Keep-Alive
07:30:54.216 [main] DEBUG org.apache.http.headers -- >> User-Agent: Apache-HttpClient/4.5.13 (Java/17.0.9)
07:30:54.216 [main] DEBUG org.apache.http.headers -- >> Authorization: Basic YWRtaW46cGFzc3dvcmQ=
07:30:54.216 [main] DEBUG org.apache.http.headers -- >> Accept-Encoding: gzip,deflate
07:30:54.560 [main] DEBUG org.apache.http.wire --  << "HTTP/1.1 403 [\r][\n]"
07:30:54.560 [main] DEBUG org.apache.http.wire --  << "Set-Cookie: JSESSIONID=1B58149687C4425DFD54B67A92C53694; Path=/; HttpOnly[\r][\n]"
07:30:54.560 [main] DEBUG org.apache.http.wire --  << "X-Content-Type-Options: nosniff[\r][\n]"
07:30:54.560 [main] DEBUG org.apache.http.wire --  << "X-XSS-Protection: 1; mode=block[\r][\n]"
07:30:54.560 [main] DEBUG org.apache.http.wire --  << "Cache-Control: no-cache, no-store, max-age=0, must-revalidate[\r][\n]"
07:30:54.560 [main] DEBUG org.apache.http.wire --  << "Pragma: no-cache[\r][\n]"
07:30:54.560 [main] DEBUG org.apache.http.wire --  << "Expires: 0[\r][\n]"
07:30:54.560 [main] DEBUG org.apache.http.wire --  << "X-Frame-Options: DENY[\r][\n]"
07:30:54.560 [main] DEBUG org.apache.http.wire --  << "Content-Type: text/plain;charset=UTF-8[\r][\n]"
07:30:54.560 [main] DEBUG org.apache.http.wire --  << "Content-Length: 22[\r][\n]"
07:30:54.560 [main] DEBUG org.apache.http.wire --  << "Date: Fri, 03 Jan 2025 02:00:55 GMT[\r][\n]"
07:30:54.560 [main] DEBUG org.apache.http.wire --  << "Keep-Alive: timeout=60[\r][\n]"
07:30:54.560 [main] DEBUG org.apache.http.wire --  << "Connection: keep-alive[\r][\n]"
07:30:54.560 [main] DEBUG org.apache.http.wire --  << "[\r][\n]"
07:30:54.560 [main] DEBUG org.apache.http.impl.conn.DefaultClientConnection -- Receiving response: HTTP/1.1 403 
07:30:54.560 [main] DEBUG org.apache.http.headers -- << HTTP/1.1 403 
07:30:54.561 [main] DEBUG org.apache.http.headers -- << Set-Cookie: JSESSIONID=1B58149687C4425DFD54B67A92C53694; Path=/; HttpOnly
07:30:54.561 [main] DEBUG org.apache.http.headers -- << X-Content-Type-Options: nosniff
07:30:54.561 [main] DEBUG org.apache.http.headers -- << X-XSS-Protection: 1; mode=block
07:30:54.561 [main] DEBUG org.apache.http.headers -- << Cache-Control: no-cache, no-store, max-age=0, must-revalidate
07:30:54.561 [main] DEBUG org.apache.http.headers -- << Pragma: no-cache
07:30:54.561 [main] DEBUG org.apache.http.headers -- << Expires: 0
07:30:54.561 [main] DEBUG org.apache.http.headers -- << X-Frame-Options: DENY
07:30:54.561 [main] DEBUG org.apache.http.headers -- << Content-Type: text/plain;charset=UTF-8
07:30:54.561 [main] DEBUG org.apache.http.headers -- << Content-Length: 22
07:30:54.561 [main] DEBUG org.apache.http.headers -- << Date: Fri, 03 Jan 2025 02:00:55 GMT
07:30:54.561 [main] DEBUG org.apache.http.headers -- << Keep-Alive: timeout=60
07:30:54.561 [main] DEBUG org.apache.http.headers -- << Connection: keep-alive
07:30:54.561 [main] DEBUG org.apache.http.impl.client.DefaultHttpClient -- Connection can be kept alive for 60000 MILLISECONDS
07:30:54.561 [main] DEBUG org.apache.http.impl.client.DefaultHttpClient -- Authentication succeeded
07:30:54.561 [main] DEBUG org.apache.http.impl.client.TargetAuthenticationStrategy -- Caching 'basic' auth scheme for http://13.60.22.209:7081
07:30:54.561 [main] DEBUG io.restassured.internal.RestAssuredHttpBuilder -- Parsing response as: text/plain;charset=UTF-8
07:30:54.561 [main] DEBUG io.restassured.internal.RestAssuredHttpBuilder -- Parsed data to instance of: class org.apache.http.conn.EofSensorInputStream
Response Status Code: 403
07:30:54.562 [main] DEBUG org.apache.http.wire --  << "User is not permitted."
07:30:54.563 [main] DEBUG org.apache.http.impl.conn.BasicClientConnectionManager -- Releasing connection org.apache.http.impl.conn.ManagedClientConnectionImpl@9b2dc56
07:30:54.563 [main] DEBUG org.apache.http.impl.conn.BasicClientConnectionManager -- Connection can be kept alive for 60000 MILLISECONDS
User is not permitted.
]]></system-out>
  </testcase>
  <testcase name="testAccessibilityOfLinks" classname="UITestCases.BuggyCarsUITests" time="0.226">
    <system-out><![CDATA[07:30:54.697 [main] DEBUG io.github.bonigarcia.wdm.WebDriverManager -- Using WebDriverManager 5.5.3
07:30:54.928 [Finalizer] DEBUG org.apache.http.impl.conn.DefaultClientConnection -- Connection 0.0.0.0:62919<->13.60.22.209:7081 closed
07:30:54.929 [Finalizer] DEBUG org.apache.http.impl.conn.DefaultClientConnection -- Connection 0.0.0.0:62917<->13.60.22.209:7081 closed
07:30:54.929 [Finalizer] DEBUG org.apache.http.impl.conn.DefaultClientConnection -- Connection 0.0.0.0:62916<->13.60.22.209:7081 closed
07:30:54.929 [Finalizer] DEBUG org.apache.http.impl.conn.DefaultClientConnection -- Connection 0.0.0.0:62914<->13.60.22.209:7081 closed
07:30:54.930 [Finalizer] DEBUG org.apache.http.impl.conn.DefaultClientConnection -- Connection 0.0.0.0:62913<->13.60.22.209:7081 closed
07:30:54.930 [Finalizer] DEBUG org.apache.http.impl.conn.DefaultClientConnection -- Connection 0.0.0.0:62912<->13.60.22.209:7081 closed
07:30:54.930 [Finalizer] DEBUG org.apache.http.impl.conn.DefaultClientConnection -- Connection 0.0.0.0:62927<->13.60.22.209:7081 closed
07:30:54.932 [Finalizer] DEBUG org.apache.http.impl.conn.DefaultClientConnection -- Connection 0.0.0.0:62926<->13.60.22.209:7081 closed
07:30:54.932 [Finalizer] DEBUG org.apache.http.impl.conn.DefaultClientConnection -- Connection 0.0.0.0:62925<->13.60.22.209:7081 closed
07:30:54.932 [Finalizer] DEBUG org.apache.http.impl.conn.DefaultClientConnection -- Connection 0.0.0.0:62924<->13.60.22.209:7081 closed
07:30:54.932 [Finalizer] DEBUG org.apache.http.impl.conn.DefaultClientConnection -- Connection 0.0.0.0:62923<->13.60.22.209:7081 closed
07:30:54.933 [Finalizer] DEBUG org.apache.http.impl.conn.DefaultClientConnection -- Connection 0.0.0.0:62920<->13.60.22.209:7081 closed
07:30:55.025 [main] DEBUG io.github.bonigarcia.wdm.cache.ResolutionCache -- Removing resolution chrome=131 from cache (expired on Thu Jan 02 18:15:35 IST 2025)
07:30:55.045 [main] DEBUG org.apache.hc.client5.http.impl.classic.InternalHttpClient -- ex-0000000001 preparing request execution
07:30:55.056 [main] DEBUG org.apache.hc.client5.http.impl.classic.ProtocolExec -- ex-0000000001 target auth state: UNCHALLENGED
07:30:55.058 [main] DEBUG org.apache.hc.client5.http.impl.classic.ProtocolExec -- ex-0000000001 proxy auth state: UNCHALLENGED
07:30:55.058 [main] DEBUG org.apache.hc.client5.http.impl.classic.ConnectExec -- ex-0000000001 acquiring connection with route {s}->https://raw.githubusercontent.com:443
07:30:55.058 [main] DEBUG org.apache.hc.client5.http.impl.classic.InternalHttpClient -- ex-0000000001 acquiring endpoint (3 MINUTES)
07:30:55.059 [main] DEBUG org.apache.hc.client5.http.impl.io.PoolingHttpClientConnectionManager -- ex-0000000001 endpoint lease request (3 MINUTES) [route: {s}->https://raw.githubusercontent.com:443][total available: 0; route allocated: 0 of 5; total allocated: 0 of 25]
07:30:55.065 [main] DEBUG org.apache.hc.client5.http.impl.io.PoolingHttpClientConnectionManager -- ex-0000000001 endpoint leased [route: {s}->https://raw.githubusercontent.com:443][total available: 0; route allocated: 1 of 5; total allocated: 1 of 25]
07:30:55.073 [main] DEBUG org.apache.hc.client5.http.impl.io.PoolingHttpClientConnectionManager -- ex-0000000001 acquired ep-0000000001
07:30:55.073 [main] DEBUG org.apache.hc.client5.http.impl.classic.InternalHttpClient -- ex-0000000001 acquired endpoint ep-0000000001
07:30:55.073 [main] DEBUG org.apache.hc.client5.http.impl.classic.ConnectExec -- ex-0000000001 opening connection {s}->https://raw.githubusercontent.com:443
07:30:55.073 [main] DEBUG org.apache.hc.client5.http.impl.classic.InternalHttpClient -- ep-0000000001 connecting endpoint (null)
07:30:55.075 [main] DEBUG org.apache.hc.client5.http.impl.io.PoolingHttpClientConnectionManager -- ep-0000000001 connecting endpoint to https://raw.githubusercontent.com:443 (30 SECONDS)
07:30:55.075 [main] DEBUG org.apache.hc.client5.http.impl.io.DefaultHttpClientConnectionOperator -- raw.githubusercontent.com resolving remote address
07:30:55.079 [main] DEBUG org.apache.hc.client5.http.impl.io.DefaultHttpClientConnectionOperator -- raw.githubusercontent.com resolved to [raw.githubusercontent.com/185.199.110.133, raw.githubusercontent.com/185.199.109.133, raw.githubusercontent.com/185.199.111.133, raw.githubusercontent.com/185.199.108.133, raw.githubusercontent.com/2606:50c0:8001:0:0:0:0:154, raw.githubusercontent.com/2606:50c0:8003:0:0:0:0:154, raw.githubusercontent.com/2606:50c0:8000:0:0:0:0:154, raw.githubusercontent.com/2606:50c0:8002:0:0:0:0:154]
07:30:55.081 [main] DEBUG org.apache.hc.client5.http.impl.io.DefaultHttpClientConnectionOperator -- raw.githubusercontent.com:443 connecting null->raw.githubusercontent.com/185.199.110.133:443 (30 SECONDS)
07:30:55.081 [main] DEBUG org.apache.hc.client5.http.ssl.SSLConnectionSocketFactory -- Connecting socket to raw.githubusercontent.com/185.199.110.133:443 with timeout 30 SECONDS
07:30:55.235 [main] DEBUG org.apache.hc.client5.http.ssl.SSLConnectionSocketFactory -- Enabled protocols: [TLSv1.3, TLSv1.2]
07:30:55.235 [main] DEBUG org.apache.hc.client5.http.ssl.SSLConnectionSocketFactory -- Enabled cipher suites: [TLS_AES_256_GCM_SHA384, TLS_AES_128_GCM_SHA256, TLS_CHACHA20_POLY1305_SHA256, TLS_ECDHE_ECDSA_WITH_AES_256_GCM_SHA384, TLS_ECDHE_ECDSA_WITH_AES_128_GCM_SHA256, TLS_ECDHE_ECDSA_WITH_CHACHA20_POLY1305_SHA256, TLS_ECDHE_RSA_WITH_AES_256_GCM_SHA384, TLS_ECDHE_RSA_WITH_CHACHA20_POLY1305_SHA256, TLS_ECDHE_RSA_WITH_AES_128_GCM_SHA256, TLS_DHE_RSA_WITH_AES_256_GCM_SHA384, TLS_DHE_RSA_WITH_CHACHA20_POLY1305_SHA256, TLS_DHE_DSS_WITH_AES_256_GCM_SHA384, TLS_DHE_RSA_WITH_AES_128_GCM_SHA256, TLS_DHE_DSS_WITH_AES_128_GCM_SHA256, TLS_ECDHE_ECDSA_WITH_AES_256_CBC_SHA384, TLS_ECDHE_RSA_WITH_AES_256_CBC_SHA384, TLS_ECDHE_ECDSA_WITH_AES_128_CBC_SHA256, TLS_ECDHE_RSA_WITH_AES_128_CBC_SHA256, TLS_DHE_RSA_WITH_AES_256_CBC_SHA256, TLS_DHE_DSS_WITH_AES_256_CBC_SHA256, TLS_DHE_RSA_WITH_AES_128_CBC_SHA256, TLS_DHE_DSS_WITH_AES_128_CBC_SHA256, TLS_ECDH_ECDSA_WITH_AES_256_GCM_SHA384, TLS_ECDH_RSA_WITH_AES_256_GCM_SHA384, TLS_ECDH_ECDSA_WITH_AES_128_GCM_SHA256, TLS_ECDH_RSA_WITH_AES_128_GCM_SHA256, TLS_ECDH_ECDSA_WITH_AES_256_CBC_SHA384, TLS_ECDH_RSA_WITH_AES_256_CBC_SHA384, TLS_ECDH_ECDSA_WITH_AES_128_CBC_SHA256, TLS_ECDH_RSA_WITH_AES_128_CBC_SHA256, TLS_ECDHE_ECDSA_WITH_AES_256_CBC_SHA, TLS_ECDHE_RSA_WITH_AES_256_CBC_SHA, TLS_ECDHE_ECDSA_WITH_AES_128_CBC_SHA, TLS_ECDHE_RSA_WITH_AES_128_CBC_SHA, TLS_DHE_RSA_WITH_AES_256_CBC_SHA, TLS_DHE_DSS_WITH_AES_256_CBC_SHA, TLS_DHE_RSA_WITH_AES_128_CBC_SHA, TLS_DHE_DSS_WITH_AES_128_CBC_SHA, TLS_ECDH_ECDSA_WITH_AES_256_CBC_SHA, TLS_ECDH_RSA_WITH_AES_256_CBC_SHA, TLS_ECDH_ECDSA_WITH_AES_128_CBC_SHA, TLS_ECDH_RSA_WITH_AES_128_CBC_SHA, TLS_RSA_WITH_AES_256_GCM_SHA384, TLS_RSA_WITH_AES_128_GCM_SHA256, TLS_RSA_WITH_AES_256_CBC_SHA256, TLS_RSA_WITH_AES_128_CBC_SHA256, TLS_RSA_WITH_AES_256_CBC_SHA, TLS_RSA_WITH_AES_128_CBC_SHA, TLS_EMPTY_RENEGOTIATION_INFO_SCSV]
07:30:55.235 [main] DEBUG org.apache.hc.client5.http.ssl.SSLConnectionSocketFactory -- Starting handshake (null)
07:30:55.417 [main] DEBUG org.apache.hc.client5.http.ssl.SSLConnectionSocketFactory -- Secure session established
07:30:55.417 [main] DEBUG org.apache.hc.client5.http.ssl.SSLConnectionSocketFactory --  negotiated protocol: TLSv1.3
07:30:55.417 [main] DEBUG org.apache.hc.client5.http.ssl.SSLConnectionSocketFactory --  negotiated cipher suite: TLS_AES_128_GCM_SHA256
07:30:55.417 [main] DEBUG org.apache.hc.client5.http.ssl.SSLConnectionSocketFactory --  peer principal: CN=*.github.io, O="GitHub, Inc.", L=San Francisco, ST=California, C=US
07:30:55.419 [main] DEBUG org.apache.hc.client5.http.ssl.SSLConnectionSocketFactory --  peer alternative names: [*.github.io, github.io, githubusercontent.com, www.github.com, *.github.com, *.githubusercontent.com, github.com]
07:30:55.419 [main] DEBUG org.apache.hc.client5.http.ssl.SSLConnectionSocketFactory --  issuer principal: CN=DigiCert Global G2 TLS RSA SHA256 2020 CA1, O=DigiCert Inc, C=US
07:30:55.419 [main] DEBUG org.apache.hc.client5.http.impl.io.DefaultManagedHttpClientConnection -- http-outgoing-0 set socket timeout to 3 MINUTES
07:30:55.419 [main] DEBUG org.apache.hc.client5.http.impl.io.DefaultHttpClientConnectionOperator -- raw.githubusercontent.com:443 connected null->raw.githubusercontent.com/185.199.110.133:443 as http-outgoing-0
07:30:55.419 [main] DEBUG org.apache.hc.client5.http.impl.io.PoolingHttpClientConnectionManager -- ep-0000000001 connected http-outgoing-0
07:30:55.419 [main] DEBUG org.apache.hc.client5.http.impl.classic.InternalHttpClient -- ep-0000000001 endpoint connected
07:30:55.419 [main] DEBUG org.apache.hc.client5.http.impl.classic.MainClientExec -- ex-0000000001 executing GET /bonigarcia/webdrivermanager/master/src/main/resources/commands.properties HTTP/1.1
07:30:55.420 [main] DEBUG org.apache.hc.client5.http.protocol.RequestAddCookies -- ex-0000000001 Cookie spec selected: strict
07:30:55.426 [main] DEBUG org.apache.hc.client5.http.impl.classic.InternalHttpClient -- ep-0000000001 start execution ex-0000000001
07:30:55.426 [main] DEBUG org.apache.hc.client5.http.impl.io.PoolingHttpClientConnectionManager -- ep-0000000001 executing exchange ex-0000000001 over http-outgoing-0
07:30:55.426 [main] DEBUG org.apache.hc.client5.http.headers -- http-outgoing-0 >> GET /bonigarcia/webdrivermanager/master/src/main/resources/commands.properties HTTP/1.1
07:30:55.426 [main] DEBUG org.apache.hc.client5.http.headers -- http-outgoing-0 >> user-agent: Apache-HttpClient/5.0
07:30:55.426 [main] DEBUG org.apache.hc.client5.http.headers -- http-outgoing-0 >> accept-encoding: gzip, deflate, br
07:30:55.426 [main] DEBUG org.apache.hc.client5.http.headers -- http-outgoing-0 >> cache-control: max-age=0
07:30:55.426 [main] DEBUG org.apache.hc.client5.http.headers -- http-outgoing-0 >> connection: keep-alive
07:30:55.426 [main] DEBUG org.apache.hc.client5.http.headers -- http-outgoing-0 >> Host: raw.githubusercontent.com
07:30:55.426 [main] DEBUG org.apache.hc.client5.http.wire -- http-outgoing-0 >> "GET /bonigarcia/webdrivermanager/master/src/main/resources/commands.properties HTTP/1.1[\r][\n]"
07:30:55.426 [main] DEBUG org.apache.hc.client5.http.wire -- http-outgoing-0 >> "user-agent: Apache-HttpClient/5.0[\r][\n]"
07:30:55.426 [main] DEBUG org.apache.hc.client5.http.wire -- http-outgoing-0 >> "accept-encoding: gzip, deflate, br[\r][\n]"
07:30:55.426 [main] DEBUG org.apache.hc.client5.http.wire -- http-outgoing-0 >> "cache-control: max-age=0[\r][\n]"
07:30:55.426 [main] DEBUG org.apache.hc.client5.http.wire -- http-outgoing-0 >> "connection: keep-alive[\r][\n]"
07:30:55.426 [main] DEBUG org.apache.hc.client5.http.wire -- http-outgoing-0 >> "Host: raw.githubusercontent.com[\r][\n]"
07:30:55.426 [main] DEBUG org.apache.hc.client5.http.wire -- http-outgoing-0 >> "[\r][\n]"
07:30:55.487 [main] DEBUG org.apache.hc.client5.http.wire -- http-outgoing-0 << "HTTP/1.1 200 OK[\r][\n]"
07:30:55.487 [main] DEBUG org.apache.hc.client5.http.wire -- http-outgoing-0 << "Connection: keep-alive[\r][\n]"
07:30:55.487 [main] DEBUG org.apache.hc.client5.http.wire -- http-outgoing-0 << "Content-Length: 745[\r][\n]"
07:30:55.487 [main] DEBUG org.apache.hc.client5.http.wire -- http-outgoing-0 << "Cache-Control: max-age=300[\r][\n]"
07:30:55.487 [main] DEBUG org.apache.hc.client5.http.wire -- http-outgoing-0 << "Content-Security-Policy: default-src 'none'; style-src 'unsafe-inline'; sandbox[\r][\n]"
07:30:55.487 [main] DEBUG org.apache.hc.client5.http.wire -- http-outgoing-0 << "Content-Type: text/plain; charset=utf-8[\r][\n]"
07:30:55.487 [main] DEBUG org.apache.hc.client5.http.wire -- http-outgoing-0 << "ETag: W/"dd41edff335272162022217759820159dac501cff56850e2510f504462cd9b5f"[\r][\n]"
07:30:55.488 [main] DEBUG org.apache.hc.client5.http.wire -- http-outgoing-0 << "Strict-Transport-Security: max-age=31536000[\r][\n]"
07:30:55.488 [main] DEBUG org.apache.hc.client5.http.wire -- http-outgoing-0 << "X-Content-Type-Options: nosniff[\r][\n]"
07:30:55.488 [main] DEBUG org.apache.hc.client5.http.wire -- http-outgoing-0 << "X-Frame-Options: deny[\r][\n]"
07:30:55.488 [main] DEBUG org.apache.hc.client5.http.wire -- http-outgoing-0 << "X-XSS-Protection: 1; mode=block[\r][\n]"
07:30:55.488 [main] DEBUG org.apache.hc.client5.http.wire -- http-outgoing-0 << "X-GitHub-Request-Id: 8C8B:1F21AF:3977F1C:3BE2482:676B39C9[\r][\n]"
07:30:55.488 [main] DEBUG org.apache.hc.client5.http.wire -- http-outgoing-0 << "Content-Encoding: gzip[\r][\n]"
07:30:55.488 [main] DEBUG org.apache.hc.client5.http.wire -- http-outgoing-0 << "Accept-Ranges: bytes[\r][\n]"
07:30:55.488 [main] DEBUG org.apache.hc.client5.http.wire -- http-outgoing-0 << "Date: Fri, 03 Jan 2025 02:00:56 GMT[\r][\n]"
07:30:55.488 [main] DEBUG org.apache.hc.client5.http.wire -- http-outgoing-0 << "Via: 1.1 varnish[\r][\n]"
07:30:55.488 [main] DEBUG org.apache.hc.client5.http.wire -- http-outgoing-0 << "X-Served-By: cache-sin-wsss1830068-SIN[\r][\n]"
07:30:55.488 [main] DEBUG org.apache.hc.client5.http.wire -- http-outgoing-0 << "X-Cache: HIT[\r][\n]"
07:30:55.488 [main] DEBUG org.apache.hc.client5.http.wire -- http-outgoing-0 << "X-Cache-Hits: 2[\r][\n]"
07:30:55.488 [main] DEBUG org.apache.hc.client5.http.wire -- http-outgoing-0 << "X-Timer: S1735869657.652676,VS0,VE0[\r][\n]"
07:30:55.488 [main] DEBUG org.apache.hc.client5.http.wire -- http-outgoing-0 << "Vary: Authorization,Accept-Encoding,Origin[\r][\n]"
07:30:55.488 [main] DEBUG org.apache.hc.client5.http.wire -- http-outgoing-0 << "Access-Control-Allow-Origin: *[\r][\n]"
07:30:55.488 [main] DEBUG org.apache.hc.client5.http.wire -- http-outgoing-0 << "Cross-Origin-Resource-Policy: cross-origin[\r][\n]"
07:30:55.488 [main] DEBUG org.apache.hc.client5.http.wire -- http-outgoing-0 << "X-Fastly-Request-ID: be48cdb4158ab1eec314f519d9be2efe58506684[\r][\n]"
07:30:55.488 [main] DEBUG org.apache.hc.client5.http.wire -- http-outgoing-0 << "Expires: Fri, 03 Jan 2025 02:05:56 GMT[\r][\n]"
07:30:55.488 [main] DEBUG org.apache.hc.client5.http.wire -- http-outgoing-0 << "Source-Age: 102[\r][\n]"
07:30:55.488 [main] DEBUG org.apache.hc.client5.http.wire -- http-outgoing-0 << "[\r][\n]"
07:30:55.491 [main] DEBUG org.apache.hc.client5.http.headers -- http-outgoing-0 << HTTP/1.1 200 OK
07:30:55.492 [main] DEBUG org.apache.hc.client5.http.headers -- http-outgoing-0 << Connection: keep-alive
07:30:55.492 [main] DEBUG org.apache.hc.client5.http.headers -- http-outgoing-0 << Content-Length: 745
07:30:55.492 [main] DEBUG org.apache.hc.client5.http.headers -- http-outgoing-0 << Cache-Control: max-age=300
07:30:55.492 [main] DEBUG org.apache.hc.client5.http.headers -- http-outgoing-0 << Content-Security-Policy: default-src 'none'; style-src 'unsafe-inline'; sandbox
07:30:55.492 [main] DEBUG org.apache.hc.client5.http.headers -- http-outgoing-0 << Content-Type: text/plain; charset=utf-8
07:30:55.492 [main] DEBUG org.apache.hc.client5.http.headers -- http-outgoing-0 << ETag: W/"dd41edff335272162022217759820159dac501cff56850e2510f504462cd9b5f"
07:30:55.492 [main] DEBUG org.apache.hc.client5.http.headers -- http-outgoing-0 << Strict-Transport-Security: max-age=31536000
07:30:55.492 [main] DEBUG org.apache.hc.client5.http.headers -- http-outgoing-0 << X-Content-Type-Options: nosniff
07:30:55.492 [main] DEBUG org.apache.hc.client5.http.headers -- http-outgoing-0 << X-Frame-Options: deny
07:30:55.492 [main] DEBUG org.apache.hc.client5.http.headers -- http-outgoing-0 << X-XSS-Protection: 1; mode=block
07:30:55.492 [main] DEBUG org.apache.hc.client5.http.headers -- http-outgoing-0 << X-GitHub-Request-Id: 8C8B:1F21AF:3977F1C:3BE2482:676B39C9
07:30:55.492 [main] DEBUG org.apache.hc.client5.http.headers -- http-outgoing-0 << Content-Encoding: gzip
07:30:55.492 [main] DEBUG org.apache.hc.client5.http.headers -- http-outgoing-0 << Accept-Ranges: bytes
07:30:55.492 [main] DEBUG org.apache.hc.client5.http.headers -- http-outgoing-0 << Date: Fri, 03 Jan 2025 02:00:56 GMT
07:30:55.492 [main] DEBUG org.apache.hc.client5.http.headers -- http-outgoing-0 << Via: 1.1 varnish
07:30:55.492 [main] DEBUG org.apache.hc.client5.http.headers -- http-outgoing-0 << X-Served-By: cache-sin-wsss1830068-SIN
07:30:55.492 [main] DEBUG org.apache.hc.client5.http.headers -- http-outgoing-0 << X-Cache: HIT
07:30:55.492 [main] DEBUG org.apache.hc.client5.http.headers -- http-outgoing-0 << X-Cache-Hits: 2
07:30:55.492 [main] DEBUG org.apache.hc.client5.http.headers -- http-outgoing-0 << X-Timer: S1735869657.652676,VS0,VE0
07:30:55.492 [main] DEBUG org.apache.hc.client5.http.headers -- http-outgoing-0 << Vary: Authorization,Accept-Encoding,Origin
07:30:55.492 [main] DEBUG org.apache.hc.client5.http.headers -- http-outgoing-0 << Access-Control-Allow-Origin: *
07:30:55.492 [main] DEBUG org.apache.hc.client5.http.headers -- http-outgoing-0 << Cross-Origin-Resource-Policy: cross-origin
07:30:55.492 [main] DEBUG org.apache.hc.client5.http.headers -- http-outgoing-0 << X-Fastly-Request-ID: be48cdb4158ab1eec314f519d9be2efe58506684
07:30:55.492 [main] DEBUG org.apache.hc.client5.http.headers -- http-outgoing-0 << Expires: Fri, 03 Jan 2025 02:05:56 GMT
07:30:55.492 [main] DEBUG org.apache.hc.client5.http.headers -- http-outgoing-0 << Source-Age: 102
07:30:55.494 [main] DEBUG org.apache.hc.client5.http.impl.classic.MainClientExec -- ex-0000000001 connection can be kept alive for 3 MINUTES
07:30:55.500 [main] DEBUG org.apache.hc.client5.http.wire -- http-outgoing-0 << "[0x1f][0xffffff8b][0x8][0x0][0x0][0x0][0x0][0x0][0x0][0x3][0xffffffb5]W]o[0xffffffda]0[0x14]}[0xffffffe7]W\QUj% [0x1b][0xffffffad][0xffffffa6]i[0x12][0xf]4c[0xffffffdd]4*[0x18][0xffffffb4][0xffffffdd]&[0xfffffff9][0xffffffc5]$N[0xffffffb0][0xffffff94][0xffffffd8][0xffffffc8]NJ[0xffffffb7]_?[0xffffffdb][0xfffffff9]X[0xffffff92]:[0xffffffa3]k[0xffffffe8][0x1b][0xffffffb6][0xffffffef]=[0xffffffe7][0xffffffd8][0xfffffff7][0xffffffe4][0xffffffda][0xffffff9c][0xffffff80][0xffffffcb][0xffffffe3][0x18]3_[0xffffff82][0xffffff8f][0x13][0xffffffbc][0xffffffc1][0xffffff92][0xfffffff4]N[0xffffffe0]vK%[0x4]4"[0xffffffe0]q[0xffffff96]`[0xffffffca]$$[=[0xffffffc8]C[0x13][0xe][0x1b][0x2][0xffffffe4][0xffffff91]xiB|[0xffffffa0][0xffffffcc],[0xffffffcb]-[0xffffff89]"=[0xffffffe0][0xffffffc2]'B[0x7][0xfffffff9]$!^b[0x16][0x1f][0xffffff88][0xffffff90][0xffffff94][0xffffffab][0xffffffb5][0x0][0xffffff88][0xfffffffa][0x1d][\n]"
07:30:55.500 [main] DEBUG org.apache.hc.client5.http.wire -- http-outgoing-0 << "B[0x18]l[0x4][0xffffffdf]K[0xffffffb5][0xffffffa0]([0xffffffcf][0xffffffdc][0xffffffad][0xffffffe0]1[0x19][0xffffffc0]'*H[0xffffffc0][0x1f][0x7][0xffffffb0][0xffffffd8][0x11][0xffffff81][0x7]0[0xfffffff3]C5kVi[0x1a][0xffffff9f]k|[0xffffff9f][0x6][0x1][0x11][0xffffff84]%[0xffffffc0]uLBY[0x8][0xfffffff2][0xffffff97]LH,[0xffffffe1][0xffffffec];e[0xffffffbe]B[0x1d][0xffffffc0][0xffffff9c][0xffffffb2]T[0xffffffc1][0xffffffdc]`[0xf][0x16][0xffffffeb][0xfffffff3][0xffffff9e][0xffffffe2][0xffffffc8](z[0xfffffff9]6F[0xffffff9e][0x19][0xffffff8e][0xfffffff6]Y[0xffffffc2][0xffffffe8][0xffffffcd][0xffffffdb][0xffffff89][0x17][0xfffffffb]#[0xffffffb5]+p\[0xffffffd8][0xffffffc7][0xffffffd4]3Gb[0xffffff8e]a[0xffffffbf]U|[0xffffffc0]pL&[0xfffffffd][0xffffffd3][0xffffffe5]jq[0xffffffbd][0xffffff9a][0xffffffde]|[0xfffffffa]2[0xffffff9f][0xffffffad]?[0xffffffa0][0x9]B[0xffffffa7][0x8]]s[0x1e]F[0x4][0xffffffa1][0xffffff8c][0x2][0xffffffa1][0xffffffe9]n[0x17]QOI[0xffffffe3][0xc][0xffffffa1][0xffffff9c]H![0xfffffff7]!$[0x9][0xffffffdc][0xffffffe7]g[0xffffffe1]<[0xffffffe0](m[0xffffffd7]3~[0xffffff81][0xffffff9e][0xffffffb3][0x1f][0xffffffef][0xffffffdf][0xffffff9d][0xffffffbf][0xffffffa6][0xffffffa8][0xffffff8b]g[0xffffff8a][0xffffff9a]/[0xffffffdc][0xffffffe9]|[0xffffffba]\~[0xffffff9c][0xffffffde]N_S[0xffffffcf][0xffffffe5]d5[0xffffffbb][0xffffff86]ow[0xffffffb3][0xffffffd5]O[0xfffffff8][0xfffffffc][0xffffffd5][0xffffffbd]Ck[0x1e]${,H[0xffffffc1][0xffffff96][0xffffff93]][0xffffffcd][0xffffffaf][0x8][0xfffffff6][0xc]^[0xffffffe1][0xffffffc5]^[0x13]4[0xffffffd2][0xffffff8e][0xffffffd1]>pR)[0xffffff9c][\r]eNh0[0xffffff86][0xffffffd9]:[0xc][0xffffff87]E[0xffffffa6]=q<i[0xffffff8b]o&[0xffffffc4][0xffffffd8]3<[0xffffff95][0x13][0xffffff90]N&8w[0xffffffe9][0x8][0xffffffef]v[0xffffff8e][0xffffffab][0xffffffbe]>es[0xffffffe9]([0x13]/[0xffffffd6][0xfffffff5][0xffffff80]*[0xffffffba][0xfffffff2]v[0xfffffffe][0xffffffd9][0xffffff94]DA6>[0xffffff8e][0xffffffbb]o[0xfffffff8]o[0x1a]E[0xffffffb8] A[0xffffffa8]@?T[0xffffffad]'*:{[0xfffffffa]xR.*[0xffffffce][0xffffffe9][0xffffffd7][0xffffffad][0xffffff93][0xffffff93]4[0xffffffc9][0xfffffffa][0xffffffda]<n*t[0xffffffeb][0xffffffb9]oV[0xffffffb6][0xffffffc0]/M[0xffffff94]O[0xffffffc0][0xfffffff0][0xffffffe1]i[0xffffff90][0xffffffb5][0xfffffffe]9[0xffffff8b][0xffffffad][0xfffffff2]U,Ul[0xffffffdd][0x13]KL[0xffffffa2][0x6][0xffffffdd][0xffffffca]\?`[0xffffffea][0x9].[0xffffffd5]I [0xffffffa4]i[0x1a]_i,[\r][0xffffffdd][0xffffffa1][0xffffffc3][0xffffffae]kzI[0xffffffd1]_Q[0xffffffce]Ek[0xffffffcb][0xfffffff8]Kf[0xffffffb8][0xfffffffe][0xffffffd9]3[0xc][0xffffffe6][0xffffffd3][0xffffff8e][0x11][0x17][0x10]C[0x1d]`i[0x19][0xffffffd5][0xffffffbc][0xfffffff1][0xffffffa4]5[0xffffffbc][0x1e]o[0xfffffff5]K[0xffffffa9][0xffffffd6][0xfffffff8][0xffffffc1]f[0xffffff9b]z[0x4][0xffffffd4][0x1a][0xffffff86][0xffffffb9]^K[0x16]s[0xffffff91][0xfffffffe][0xffffffbf][0xffffff8b]l]~)x(p,[0x11]2[0x14][0x8]E8e[0xffffff9e][0xffffffca]:X[0xffffffa6][0xffffff86][0xffffff88].[0xffffffb6]9[0xffffff9a][0xffffff88].[0xfffffff7]]G[0xffffffea][0xffffffcb][0xe][0xfffffffb][0x7f].u[0xffffff83][0xffffffbb][0xfffffff4][0xffffffb3][0x19][0xffffffda][0xffffffec][0xffffff98][0xffffffc5]Y[0xfffffffd]h8m6\4[0xffffffc1][0xffffff8a][0xffffffb7][0xffffff98]z[0xffffffd0][0xffffffd5]oF5q[0x1c][0x13][0x16][0xfffffff0][0x1d][0x1e][0x19]5-[0xffffff9d][0xffffffef][0xffffffad]c[0xb]z[0xffffffae]/m[0xffffffe6]8[0xffffffb6][0xffffff96][0xfffffff6]7X[0xffffffc9]t[0xfffffff8][0xfffffff9][0xffffffa5][0x11]K[0xfffffffb][0x15]3[0xffffffc3][0xfffffffc][0x1f]B[0xffffffdb][0xffffffd3][0xffffffab][0xffffff92]4.[0xffffff93]Z[0xffffffdf]]:[0xffffffda][0xffffffea][0xffffffdc]B[0xffffffa6][0xffffffcd][0xffffffbc][0xffffffae][0x5][0xfffffff5][0x4][0xffffffd6]8[0xffffffc0][0xffffff82][0xffffff96][0xfffffff0][0xffffffd2][0xc][0xffffffed][0xffffffe0]Y[0xffffffa8][\r]:[[0xffffffa9][0x0][0xffffffff][0x1][0xfffffff8][0x15][0xffffffb4][0xffffffee][0xffffff8e][\r][0x0][0x0]"
07:30:55.501 [main] DEBUG org.apache.hc.client5.http.impl.classic.InternalHttpClient -- ep-0000000001 releasing valid endpoint
07:30:55.501 [main] DEBUG org.apache.hc.client5.http.impl.io.PoolingHttpClientConnectionManager -- ep-0000000001 releasing endpoint
07:30:55.501 [main] DEBUG org.apache.hc.client5.http.impl.io.PoolingHttpClientConnectionManager -- ep-0000000001 connection http-outgoing-0 can be kept alive for 3 MINUTES
07:30:55.502 [main] DEBUG org.apache.hc.client5.http.impl.io.PoolingHttpClientConnectionManager -- ep-0000000001 connection released [route: {s}->https://raw.githubusercontent.com:443][total available: 1; route allocated: 1 of 5; total allocated: 1 of 25]
07:30:55.502 [main] DEBUG io.github.bonigarcia.wdm.versions.VersionDetector -- Detecting chrome version using online commands.properties
07:30:55.504 [main] DEBUG io.github.bonigarcia.wdm.versions.Shell -- Running command on the shell: [cmd.exe, /C, wmic, datafile, where, name="%PROGRAMFILES:\=\\%\\Google\\Chrome\\Application\\chrome.exe", get, Version, /value]
07:30:55.847 [main] DEBUG io.github.bonigarcia.wdm.versions.Shell -- Result: Version=131.0.6778.205
07:30:55.850 [main] DEBUG io.github.bonigarcia.wdm.cache.ResolutionCache -- Resolution chrome131=131.0.6778.204 in cache (valid until 14:21:23 03/01/2025 IST)
07:30:55.850 [main] INFO io.github.bonigarcia.wdm.WebDriverManager -- Using chromedriver 131.0.6778.204 (resolved driver for Chrome 131)
07:30:55.853 [main] DEBUG io.github.bonigarcia.wdm.cache.ResolutionCache -- Storing resolution chrome=131 in cache (valid until 08:30:55 03/01/2025 IST)
07:30:55.881 [main] DEBUG io.github.bonigarcia.wdm.WebDriverManager -- Driver chromedriver 131.0.6778.204 found in cache
07:30:55.882 [main] INFO io.github.bonigarcia.wdm.WebDriverManager -- Exporting webdriver.chrome.driver as C:\Users\sasitharan\.cache\selenium\chromedriver\win64\131.0.6778.204\chromedriver.exe
07:30:56.063 [main] DEBUG io.netty.util.internal.logging.InternalLoggerFactory -- Using SLF4J as the default logging framework
07:30:56.067 [main] DEBUG io.netty.util.ResourceLeakDetector -- -Dio.netty.leakDetection.level: simple
07:30:56.068 [main] DEBUG io.netty.util.ResourceLeakDetector -- -Dio.netty.leakDetection.targetRecords: 4
07:30:56.072 [main] DEBUG io.netty.util.ResourceLeakDetectorFactory -- Loaded default ResourceLeakDetector: io.netty.util.ResourceLeakDetector@3fd33f48
07:30:56.094 [main] DEBUG io.netty.util.internal.PlatformDependent0 -- -Dio.netty.noUnsafe: false
07:30:56.094 [main] DEBUG io.netty.util.internal.PlatformDependent0 -- Java version: 17
07:30:56.095 [main] DEBUG io.netty.util.internal.PlatformDependent0 -- sun.misc.Unsafe.theUnsafe: available
07:30:56.096 [main] DEBUG io.netty.util.internal.PlatformDependent0 -- sun.misc.Unsafe.copyMemory: available
07:30:56.096 [main] DEBUG io.netty.util.internal.PlatformDependent0 -- sun.misc.Unsafe.storeFence: available
07:30:56.096 [main] DEBUG io.netty.util.internal.PlatformDependent0 -- java.nio.Buffer.address: available
07:30:56.097 [main] DEBUG io.netty.util.internal.PlatformDependent0 -- direct buffer constructor: unavailable: Reflective setAccessible(true) disabled
07:30:56.097 [main] DEBUG io.netty.util.internal.PlatformDependent0 -- java.nio.Bits.unaligned: available, true
07:30:56.098 [main] DEBUG io.netty.util.internal.PlatformDependent0 -- jdk.internal.misc.Unsafe.allocateUninitializedArray(int): unavailable: class io.netty.util.internal.PlatformDependent0$7 cannot access class jdk.internal.misc.Unsafe (in module java.base) because module java.base does not export jdk.internal.misc to unnamed module @eadd4fb
07:30:56.099 [main] DEBUG io.netty.util.internal.PlatformDependent0 -- java.nio.DirectByteBuffer.<init>(long, {int,long}): unavailable
07:30:56.099 [main] DEBUG io.netty.util.internal.PlatformDependent -- sun.misc.Unsafe: available
07:30:56.100 [main] DEBUG io.netty.util.internal.PlatformDependent -- maxDirectMemory: 5276434432 bytes (maybe)
07:30:56.101 [main] DEBUG io.netty.util.internal.PlatformDependent -- -Dio.netty.tmpdir: C:\Users\SASITH~1\AppData\Local\Temp (java.io.tmpdir)
07:30:56.101 [main] DEBUG io.netty.util.internal.PlatformDependent -- -Dio.netty.bitMode: 64 (sun.arch.data.model)
07:30:56.101 [main] DEBUG io.netty.util.internal.PlatformDependent -- Platform: Windows
07:30:56.101 [main] DEBUG io.netty.util.internal.PlatformDependent -- -Dio.netty.maxDirectMemory: -1 bytes
07:30:56.101 [main] DEBUG io.netty.util.internal.PlatformDependent -- -Dio.netty.uninitializedArrayAllocationThreshold: -1
07:30:56.103 [main] DEBUG io.netty.util.internal.CleanerJava9 -- java.nio.ByteBuffer.cleaner(): available
07:30:56.103 [main] DEBUG io.netty.util.internal.PlatformDependent -- -Dio.netty.noPreferDirect: false
07:30:56.123 [main] DEBUG io.netty.util.internal.PlatformDependent -- org.jctools-core.MpscChunkedArrayQueue: available
07:30:56.141 [main] DEBUG io.netty.util.internal.InternalThreadLocalMap -- -Dio.netty.threadLocalMap.stringBuilder.initialSize: 1024
07:30:56.141 [main] DEBUG io.netty.util.internal.InternalThreadLocalMap -- -Dio.netty.threadLocalMap.stringBuilder.maxSize: 4096
07:30:56.156 [main] DEBUG io.netty.handler.ssl.JdkSslContext -- Default protocols (JDK): [TLSv1.3, TLSv1.2] 
07:30:56.156 [main] DEBUG io.netty.handler.ssl.JdkSslContext -- Default cipher suites (JDK): [TLS_ECDHE_ECDSA_WITH_AES_256_GCM_SHA384, TLS_ECDHE_ECDSA_WITH_AES_128_GCM_SHA256, TLS_ECDHE_RSA_WITH_AES_128_GCM_SHA256, TLS_ECDHE_RSA_WITH_AES_256_GCM_SHA384, TLS_ECDHE_RSA_WITH_AES_128_CBC_SHA, TLS_ECDHE_RSA_WITH_AES_256_CBC_SHA, TLS_RSA_WITH_AES_128_GCM_SHA256, TLS_RSA_WITH_AES_128_CBC_SHA, TLS_RSA_WITH_AES_256_CBC_SHA, TLS_AES_128_GCM_SHA256, TLS_AES_256_GCM_SHA384]
07:30:56.169 [main] DEBUG io.netty.util.concurrent.GlobalEventExecutor -- -Dio.netty.globalEventExecutor.quietPeriodSeconds: 1
07:30:56.180 [main] DEBUG io.netty.channel.MultithreadEventLoopGroup -- -Dio.netty.eventLoopThreads: 16
07:30:56.185 [main] DEBUG io.netty.channel.nio.NioEventLoop -- -Dio.netty.noKeySetOptimization: false
07:30:56.185 [main] DEBUG io.netty.channel.nio.NioEventLoop -- -Dio.netty.selectorAutoRebuildThreshold: 512
07:30:56.241 [main] DEBUG io.netty.buffer.PooledByteBufAllocator -- -Dio.netty.allocator.numHeapArenas: 16
07:30:56.241 [main] DEBUG io.netty.buffer.PooledByteBufAllocator -- -Dio.netty.allocator.numDirectArenas: 16
07:30:56.241 [main] DEBUG io.netty.buffer.PooledByteBufAllocator -- -Dio.netty.allocator.pageSize: 8192
07:30:56.241 [main] DEBUG io.netty.buffer.PooledByteBufAllocator -- -Dio.netty.allocator.maxOrder: 9
07:30:56.241 [main] DEBUG io.netty.buffer.PooledByteBufAllocator -- -Dio.netty.allocator.chunkSize: 4194304
07:30:56.241 [main] DEBUG io.netty.buffer.PooledByteBufAllocator -- -Dio.netty.allocator.smallCacheSize: 256
07:30:56.241 [main] DEBUG io.netty.buffer.PooledByteBufAllocator -- -Dio.netty.allocator.normalCacheSize: 64
07:30:56.241 [main] DEBUG io.netty.buffer.PooledByteBufAllocator -- -Dio.netty.allocator.maxCachedBufferCapacity: 32768
07:30:56.241 [main] DEBUG io.netty.buffer.PooledByteBufAllocator -- -Dio.netty.allocator.cacheTrimInterval: 8192
07:30:56.242 [main] DEBUG io.netty.buffer.PooledByteBufAllocator -- -Dio.netty.allocator.cacheTrimIntervalMillis: 0
07:30:56.242 [main] DEBUG io.netty.buffer.PooledByteBufAllocator -- -Dio.netty.allocator.useCacheForAllThreads: false
07:30:56.242 [main] DEBUG io.netty.buffer.PooledByteBufAllocator -- -Dio.netty.allocator.maxCachedByteBuffersPerChunk: 1023
07:30:56.253 [main] DEBUG io.netty.buffer.ByteBufUtil -- -Dio.netty.allocator.type: pooled
07:30:56.253 [main] DEBUG io.netty.buffer.ByteBufUtil -- -Dio.netty.threadLocalDirectBufferSize: 0
07:30:56.253 [main] DEBUG io.netty.buffer.ByteBufUtil -- -Dio.netty.maxThreadLocalCharBufferSize: 16384
07:30:56.556 [Forwarding newSession on session null to remote] DEBUG io.netty.channel.DefaultChannelId -- -Dio.netty.processId: 29140 (auto-detected)
07:30:56.557 [Forwarding newSession on session null to remote] DEBUG io.netty.util.NetUtil -- -Djava.net.preferIPv4Stack: false
07:30:56.557 [Forwarding newSession on session null to remote] DEBUG io.netty.util.NetUtil -- -Djava.net.preferIPv6Addresses: false
07:30:56.565 [Forwarding newSession on session null to remote] DEBUG io.netty.util.NetUtilInitializations -- Loopback interface: lo (Software Loopback Interface 1, 127.0.0.1)
07:30:56.565 [Forwarding newSession on session null to remote] DEBUG io.netty.util.NetUtil -- Failed to get SOMAXCONN from sysctl and file \proc\sys\net\core\somaxconn. Default: 200
07:30:56.588 [Forwarding newSession on session null to remote] DEBUG io.netty.channel.DefaultChannelId -- -Dio.netty.machineId: 14:13:33:ff:fe:41:79:0d (auto-detected)
07:30:56.616 [AsyncHttpClient-1-2] DEBUG io.netty.buffer.AbstractByteBuf -- -Dio.netty.buffer.checkAccessible: true
07:30:56.616 [AsyncHttpClient-1-2] DEBUG io.netty.buffer.AbstractByteBuf -- -Dio.netty.buffer.checkBounds: true
07:30:56.616 [AsyncHttpClient-1-2] DEBUG io.netty.util.ResourceLeakDetectorFactory -- Loaded default ResourceLeakDetector: io.netty.util.ResourceLeakDetector@6fc6cc01
07:30:56.636 [AsyncHttpClient-1-2] DEBUG org.asynchttpclient.netty.channel.NettyConnectListener -- Using new Channel '[id: 0xa2718098, L:/127.0.0.1:62932 - R:localhost/127.0.0.1:6819]' for 'POST' to '/session'
07:30:56.660 [AsyncHttpClient-1-2] DEBUG io.netty.util.Recycler -- -Dio.netty.recycler.maxCapacityPerThread: 4096
07:30:56.660 [AsyncHttpClient-1-2] DEBUG io.netty.util.Recycler -- -Dio.netty.recycler.ratio: 8
07:30:56.660 [AsyncHttpClient-1-2] DEBUG io.netty.util.Recycler -- -Dio.netty.recycler.chunkSize: 32
07:30:56.660 [AsyncHttpClient-1-2] DEBUG io.netty.util.Recycler -- -Dio.netty.recycler.blocking: false
07:30:56.660 [AsyncHttpClient-1-2] DEBUG io.netty.util.Recycler -- -Dio.netty.recycler.batchFastThreadLocalOnly: true
07:30:57.653 [AsyncHttpClient-1-2] DEBUG io.netty.handler.codec.compression.Brotli -- brotli4j not in the classpath; Brotli support will be unavailable.
07:30:57.654 [AsyncHttpClient-1-2] DEBUG org.asynchttpclient.netty.handler.HttpHandler -- 

Request DefaultHttpRequest(decodeResult: success, version: HTTP/1.1)
POST /session HTTP/1.1
User-Agent: selenium/4.12.0 (java windows)
Content-Length: 254
Content-Type: application/json; charset=utf-8
host: localhost:6819
accept: */*

Response DefaultHttpResponse(decodeResult: success, version: HTTP/1.1)
HTTP/1.1 200 OK
Content-Length: 886
Content-Type: application/json; charset=utf-8
cache-control: no-cache

07:30:57.661 [AsyncHttpClient-1-2] DEBUG org.asynchttpclient.netty.channel.ChannelManager -- Adding key: http://localhost:6819 for channel [id: 0xa2718098, L:/127.0.0.1:62932 - R:localhost/127.0.0.1:6819]
07:30:57.799 [AsyncHttpClient-1-3] DEBUG org.asynchttpclient.netty.channel.NettyConnectListener -- Using new Channel '[id: 0xc008e048, L:/127.0.0.1:62939 - R:localhost/127.0.0.1:62933]' for 'GET' to '/json/version'
07:30:57.802 [AsyncHttpClient-1-3] DEBUG org.asynchttpclient.netty.handler.HttpHandler -- 

Request DefaultFullHttpRequest(decodeResult: success, version: HTTP/1.1, content: EmptyByteBufBE)
GET /json/version HTTP/1.1
User-Agent: selenium/4.12.0 (java windows)
host: localhost:62933
accept: */*

Response DefaultHttpResponse(decodeResult: success, version: HTTP/1.1)
HTTP/1.1 200 OK
Content-Security-Policy: frame-ancestors 'none'
Content-Length: 424
Content-Type: application/json; charset=UTF-8

07:30:57.802 [AsyncHttpClient-1-3] DEBUG org.asynchttpclient.netty.channel.ChannelManager -- Adding key: http://localhost:62933 for channel [id: 0xc008e048, L:/127.0.0.1:62939 - R:localhost/127.0.0.1:62933]
07:30:57.810 [main] DEBUG io.netty.util.internal.ThreadLocalRandom -- -Dio.netty.initialSeedUniquifier: 0x1c42e2e225b348a2
07:30:57.813 [AsyncHttpClient-1-4] DEBUG org.asynchttpclient.netty.channel.NettyConnectListener -- Using new Channel '[id: 0x3888bf52, L:/127.0.0.1:62940 - R:localhost/127.0.0.1:62933]' for 'GET' to '/devtools/browser/a3ef6080-73f4-4d02-b6b1-6a4bd2075f45'
07:30:57.816 [AsyncHttpClient-1-4] DEBUG org.asynchttpclient.netty.handler.WebSocketHandler -- 

Request DefaultFullHttpRequest(decodeResult: success, version: HTTP/1.1, content: EmptyByteBufBE)
GET /devtools/browser/a3ef6080-73f4-4d02-b6b1-6a4bd2075f45 HTTP/1.1
upgrade: websocket
connection: upgrade
sec-websocket-key: ijJQ18ww9eUvO5fesyqa/Q==
sec-websocket-version: 13
origin: http://localhost:62933
host: localhost:62933
accept: */*
user-agent: AHC/2.1

Response DefaultHttpResponse(decodeResult: success, version: HTTP/1.1)
HTTP/1.1 101 WebSocket Protocol Handshake
Upgrade: WebSocket
Connection: Upgrade
Sec-WebSocket-Accept: 0z+M/l1yoplgWXmM3X7KvOg0foc=

07:30:57.856 [Forwarding maximizeCurrentWindow on session f0e5b06a396aff272efc92c96751a656 to remote] DEBUG org.asynchttpclient.netty.request.NettyRequestSender -- Using pooled Channel '[id: 0xa2718098, L:/127.0.0.1:62932 - R:localhost/127.0.0.1:6819]' for 'POST' to 'http://localhost:6819/session/f0e5b06a396aff272efc92c96751a656/window/maximize'
07:30:57.856 [Forwarding maximizeCurrentWindow on session f0e5b06a396aff272efc92c96751a656 to remote] DEBUG org.asynchttpclient.netty.request.NettyRequestSender -- Using open Channel [id: 0xa2718098, L:/127.0.0.1:62932 - R:localhost/127.0.0.1:6819] for POST '/session/f0e5b06a396aff272efc92c96751a656/window/maximize'
07:30:57.898 [AsyncHttpClient-1-2] DEBUG org.asynchttpclient.netty.handler.HttpHandler -- 

Request DefaultHttpRequest(decodeResult: success, version: HTTP/1.1)
POST /session/f0e5b06a396aff272efc92c96751a656/window/maximize HTTP/1.1
User-Agent: selenium/4.12.0 (java windows)
Content-Length: 3
Content-Type: application/json; charset=utf-8
host: localhost:6819
accept: */*

Response DefaultHttpResponse(decodeResult: success, version: HTTP/1.1)
HTTP/1.1 200 OK
Content-Length: 52
Content-Type: application/json; charset=utf-8
cache-control: no-cache

07:30:57.899 [AsyncHttpClient-1-2] DEBUG org.asynchttpclient.netty.channel.ChannelManager -- Adding key: http://localhost:6819 for channel [id: 0xa2718098, L:/127.0.0.1:62932 - R:localhost/127.0.0.1:6819]
07:30:57.901 [Forwarding get on session f0e5b06a396aff272efc92c96751a656 to remote] DEBUG org.asynchttpclient.netty.request.NettyRequestSender -- Using pooled Channel '[id: 0xa2718098, L:/127.0.0.1:62932 - R:localhost/127.0.0.1:6819]' for 'POST' to 'http://localhost:6819/session/f0e5b06a396aff272efc92c96751a656/url'
07:30:57.901 [Forwarding get on session f0e5b06a396aff272efc92c96751a656 to remote] DEBUG org.asynchttpclient.netty.request.NettyRequestSender -- Using open Channel [id: 0xa2718098, L:/127.0.0.1:62932 - R:localhost/127.0.0.1:6819] for POST '/session/f0e5b06a396aff272efc92c96751a656/url'
07:30:58.329 [AsyncHttpClient-1-1] DEBUG org.asynchttpclient.netty.channel.DefaultChannelPool -- Entry count for : http://localhost:62933 : 1
07:30:59.429 [AsyncHttpClient-1-1] DEBUG org.asynchttpclient.netty.channel.DefaultChannelPool -- Entry count for : http://localhost:62933 : 1
07:30:59.575 [AsyncHttpClient-1-2] DEBUG org.asynchttpclient.netty.handler.HttpHandler -- 

Request DefaultHttpRequest(decodeResult: success, version: HTTP/1.1)
POST /session/f0e5b06a396aff272efc92c96751a656/url HTTP/1.1
User-Agent: selenium/4.12.0 (java windows)
Content-Length: 58
Content-Type: application/json; charset=utf-8
host: localhost:6819
accept: */*

Response DefaultHttpResponse(decodeResult: success, version: HTTP/1.1)
HTTP/1.1 200 OK
Content-Length: 14
Content-Type: application/json; charset=utf-8
cache-control: no-cache

07:30:59.575 [AsyncHttpClient-1-2] DEBUG org.asynchttpclient.netty.channel.ChannelManager -- Adding key: http://localhost:6819 for channel [id: 0xa2718098, L:/127.0.0.1:62932 - R:localhost/127.0.0.1:6819]
07:30:59.588 [Forwarding findElements on session f0e5b06a396aff272efc92c96751a656 to remote] DEBUG org.asynchttpclient.netty.request.NettyRequestSender -- Using pooled Channel '[id: 0xa2718098, L:/127.0.0.1:62932 - R:localhost/127.0.0.1:6819]' for 'POST' to 'http://localhost:6819/session/f0e5b06a396aff272efc92c96751a656/elements'
07:30:59.588 [Forwarding findElements on session f0e5b06a396aff272efc92c96751a656 to remote] DEBUG org.asynchttpclient.netty.request.NettyRequestSender -- Using open Channel [id: 0xa2718098, L:/127.0.0.1:62932 - R:localhost/127.0.0.1:6819] for POST '/session/f0e5b06a396aff272efc92c96751a656/elements'
07:30:59.629 [AsyncHttpClient-1-2] DEBUG org.asynchttpclient.netty.handler.HttpHandler -- 

Request DefaultHttpRequest(decodeResult: success, version: HTTP/1.1)
POST /session/f0e5b06a396aff272efc92c96751a656/elements HTTP/1.1
User-Agent: selenium/4.12.0 (java windows)
Content-Length: 41
Content-Type: application/json; charset=utf-8
host: localhost:6819
accept: */*

Response DefaultHttpResponse(decodeResult: success, version: HTTP/1.1)
HTTP/1.1 200 OK
Content-Length: 479
Content-Type: application/json; charset=utf-8
cache-control: no-cache

07:30:59.629 [AsyncHttpClient-1-2] DEBUG org.asynchttpclient.netty.channel.ChannelManager -- Adding key: http://localhost:6819 for channel [id: 0xa2718098, L:/127.0.0.1:62932 - R:localhost/127.0.0.1:6819]
07:30:59.656 [Forwarding isElementDisplayed on session f0e5b06a396aff272efc92c96751a656 to remote] DEBUG org.asynchttpclient.netty.request.NettyRequestSender -- Using pooled Channel '[id: 0xa2718098, L:/127.0.0.1:62932 - R:localhost/127.0.0.1:6819]' for 'POST' to 'http://localhost:6819/session/f0e5b06a396aff272efc92c96751a656/execute/sync'
07:30:59.657 [Forwarding isElementDisplayed on session f0e5b06a396aff272efc92c96751a656 to remote] DEBUG org.asynchttpclient.netty.request.NettyRequestSender -- Using open Channel [id: 0xa2718098, L:/127.0.0.1:62932 - R:localhost/127.0.0.1:6819] for POST '/session/f0e5b06a396aff272efc92c96751a656/execute/sync'
07:30:59.691 [AsyncHttpClient-1-2] DEBUG org.asynchttpclient.netty.handler.HttpHandler -- 

Request DefaultHttpRequest(decodeResult: success, version: HTTP/1.1)
POST /session/f0e5b06a396aff272efc92c96751a656/execute/sync HTTP/1.1
User-Agent: selenium/4.12.0 (java windows)
Content-Length: 48734
Content-Type: application/json; charset=utf-8
host: localhost:6819
accept: */*

Response DefaultHttpResponse(decodeResult: success, version: HTTP/1.1)
HTTP/1.1 200 OK
Content-Length: 14
Content-Type: application/json; charset=utf-8
cache-control: no-cache

07:30:59.691 [AsyncHttpClient-1-2] DEBUG org.asynchttpclient.netty.channel.ChannelManager -- Adding key: http://localhost:6819 for channel [id: 0xa2718098, L:/127.0.0.1:62932 - R:localhost/127.0.0.1:6819]
07:30:59.694 [Forwarding getElementText on session f0e5b06a396aff272efc92c96751a656 to remote] DEBUG org.asynchttpclient.netty.request.NettyRequestSender -- Using pooled Channel '[id: 0xa2718098, L:/127.0.0.1:62932 - R:localhost/127.0.0.1:6819]' for 'GET' to 'http://localhost:6819/session/f0e5b06a396aff272efc92c96751a656/element/f.BE52227F0572DAB6CC0547E676FC4408.d.F7C4AEBE01E37A792BE03C9E4ECCF22C.e.14/text'
07:30:59.694 [Forwarding getElementText on session f0e5b06a396aff272efc92c96751a656 to remote] DEBUG org.asynchttpclient.netty.request.NettyRequestSender -- Using open Channel [id: 0xa2718098, L:/127.0.0.1:62932 - R:localhost/127.0.0.1:6819] for GET '/session/f0e5b06a396aff272efc92c96751a656/element/f.BE52227F0572DAB6CC0547E676FC4408.d.F7C4AEBE01E37A792BE03C9E4ECCF22C.e.14/text'
07:30:59.720 [AsyncHttpClient-1-2] DEBUG org.asynchttpclient.netty.handler.HttpHandler -- 

Request DefaultFullHttpRequest(decodeResult: success, version: HTTP/1.1, content: EmptyByteBufBE)
GET /session/f0e5b06a396aff272efc92c96751a656/element/f.BE52227F0572DAB6CC0547E676FC4408.d.F7C4AEBE01E37A792BE03C9E4ECCF22C.e.14/text HTTP/1.1
Cache-Control: no-cache
User-Agent: selenium/4.12.0 (java windows)
Content-Type: application/json; charset=utf-8
host: localhost:6819
accept: */*

Response DefaultHttpResponse(decodeResult: success, version: HTTP/1.1)
HTTP/1.1 200 OK
Content-Length: 24
Content-Type: application/json; charset=utf-8
cache-control: no-cache

07:30:59.722 [AsyncHttpClient-1-2] DEBUG org.asynchttpclient.netty.channel.ChannelManager -- Adding key: http://localhost:6819 for channel [id: 0xa2718098, L:/127.0.0.1:62932 - R:localhost/127.0.0.1:6819]
07:30:59.725 [Forwarding isElementDisplayed on session f0e5b06a396aff272efc92c96751a656 to remote] DEBUG org.asynchttpclient.netty.request.NettyRequestSender -- Using pooled Channel '[id: 0xa2718098, L:/127.0.0.1:62932 - R:localhost/127.0.0.1:6819]' for 'POST' to 'http://localhost:6819/session/f0e5b06a396aff272efc92c96751a656/execute/sync'
07:30:59.726 [Forwarding isElementDisplayed on session f0e5b06a396aff272efc92c96751a656 to remote] DEBUG org.asynchttpclient.netty.request.NettyRequestSender -- Using open Channel [id: 0xa2718098, L:/127.0.0.1:62932 - R:localhost/127.0.0.1:6819] for POST '/session/f0e5b06a396aff272efc92c96751a656/execute/sync'
07:30:59.743 [AsyncHttpClient-1-2] DEBUG org.asynchttpclient.netty.handler.HttpHandler -- 

Request DefaultHttpRequest(decodeResult: success, version: HTTP/1.1)
POST /session/f0e5b06a396aff272efc92c96751a656/execute/sync HTTP/1.1
User-Agent: selenium/4.12.0 (java windows)
Content-Length: 48734
Content-Type: application/json; charset=utf-8
host: localhost:6819
accept: */*

Response DefaultHttpResponse(decodeResult: success, version: HTTP/1.1)
HTTP/1.1 200 OK
Content-Length: 14
Content-Type: application/json; charset=utf-8
cache-control: no-cache

07:30:59.745 [AsyncHttpClient-1-2] DEBUG org.asynchttpclient.netty.channel.ChannelManager -- Adding key: http://localhost:6819 for channel [id: 0xa2718098, L:/127.0.0.1:62932 - R:localhost/127.0.0.1:6819]
07:30:59.745 [Forwarding getElementText on session f0e5b06a396aff272efc92c96751a656 to remote] DEBUG org.asynchttpclient.netty.request.NettyRequestSender -- Using pooled Channel '[id: 0xa2718098, L:/127.0.0.1:62932 - R:localhost/127.0.0.1:6819]' for 'GET' to 'http://localhost:6819/session/f0e5b06a396aff272efc92c96751a656/element/f.BE52227F0572DAB6CC0547E676FC4408.d.F7C4AEBE01E37A792BE03C9E4ECCF22C.e.15/text'
07:30:59.745 [Forwarding getElementText on session f0e5b06a396aff272efc92c96751a656 to remote] DEBUG org.asynchttpclient.netty.request.NettyRequestSender -- Using open Channel [id: 0xa2718098, L:/127.0.0.1:62932 - R:localhost/127.0.0.1:6819] for GET '/session/f0e5b06a396aff272efc92c96751a656/element/f.BE52227F0572DAB6CC0547E676FC4408.d.F7C4AEBE01E37A792BE03C9E4ECCF22C.e.15/text'
07:30:59.757 [AsyncHttpClient-1-2] DEBUG org.asynchttpclient.netty.handler.HttpHandler -- 

Request DefaultFullHttpRequest(decodeResult: success, version: HTTP/1.1, content: EmptyByteBufBE)
GET /session/f0e5b06a396aff272efc92c96751a656/element/f.BE52227F0572DAB6CC0547E676FC4408.d.F7C4AEBE01E37A792BE03C9E4ECCF22C.e.15/text HTTP/1.1
Cache-Control: no-cache
User-Agent: selenium/4.12.0 (java windows)
Content-Type: application/json; charset=utf-8
host: localhost:6819
accept: */*

Response DefaultHttpResponse(decodeResult: success, version: HTTP/1.1)
HTTP/1.1 200 OK
Content-Length: 20
Content-Type: application/json; charset=utf-8
cache-control: no-cache

07:30:59.757 [AsyncHttpClient-1-2] DEBUG org.asynchttpclient.netty.channel.ChannelManager -- Adding key: http://localhost:6819 for channel [id: 0xa2718098, L:/127.0.0.1:62932 - R:localhost/127.0.0.1:6819]
07:30:59.759 [Forwarding isElementDisplayed on session f0e5b06a396aff272efc92c96751a656 to remote] DEBUG org.asynchttpclient.netty.request.NettyRequestSender -- Using pooled Channel '[id: 0xa2718098, L:/127.0.0.1:62932 - R:localhost/127.0.0.1:6819]' for 'POST' to 'http://localhost:6819/session/f0e5b06a396aff272efc92c96751a656/execute/sync'
07:30:59.759 [Forwarding isElementDisplayed on session f0e5b06a396aff272efc92c96751a656 to remote] DEBUG org.asynchttpclient.netty.request.NettyRequestSender -- Using open Channel [id: 0xa2718098, L:/127.0.0.1:62932 - R:localhost/127.0.0.1:6819] for POST '/session/f0e5b06a396aff272efc92c96751a656/execute/sync'
07:30:59.771 [AsyncHttpClient-1-2] DEBUG org.asynchttpclient.netty.handler.HttpHandler -- 

Request DefaultHttpRequest(decodeResult: success, version: HTTP/1.1)
POST /session/f0e5b06a396aff272efc92c96751a656/execute/sync HTTP/1.1
User-Agent: selenium/4.12.0 (java windows)
Content-Length: 48734
Content-Type: application/json; charset=utf-8
host: localhost:6819
accept: */*

Response DefaultHttpResponse(decodeResult: success, version: HTTP/1.1)
HTTP/1.1 200 OK
Content-Length: 14
Content-Type: application/json; charset=utf-8
cache-control: no-cache

07:30:59.771 [AsyncHttpClient-1-2] DEBUG org.asynchttpclient.netty.channel.ChannelManager -- Adding key: http://localhost:6819 for channel [id: 0xa2718098, L:/127.0.0.1:62932 - R:localhost/127.0.0.1:6819]
07:30:59.773 [Forwarding getElementText on session f0e5b06a396aff272efc92c96751a656 to remote] DEBUG org.asynchttpclient.netty.request.NettyRequestSender -- Using pooled Channel '[id: 0xa2718098, L:/127.0.0.1:62932 - R:localhost/127.0.0.1:6819]' for 'GET' to 'http://localhost:6819/session/f0e5b06a396aff272efc92c96751a656/element/f.BE52227F0572DAB6CC0547E676FC4408.d.F7C4AEBE01E37A792BE03C9E4ECCF22C.e.16/text'
07:30:59.773 [Forwarding getElementText on session f0e5b06a396aff272efc92c96751a656 to remote] DEBUG org.asynchttpclient.netty.request.NettyRequestSender -- Using open Channel [id: 0xa2718098, L:/127.0.0.1:62932 - R:localhost/127.0.0.1:6819] for GET '/session/f0e5b06a396aff272efc92c96751a656/element/f.BE52227F0572DAB6CC0547E676FC4408.d.F7C4AEBE01E37A792BE03C9E4ECCF22C.e.16/text'
07:30:59.783 [AsyncHttpClient-1-2] DEBUG org.asynchttpclient.netty.handler.HttpHandler -- 

Request DefaultFullHttpRequest(decodeResult: success, version: HTTP/1.1, content: EmptyByteBufBE)
GET /session/f0e5b06a396aff272efc92c96751a656/element/f.BE52227F0572DAB6CC0547E676FC4408.d.F7C4AEBE01E37A792BE03C9E4ECCF22C.e.16/text HTTP/1.1
Cache-Control: no-cache
User-Agent: selenium/4.12.0 (java windows)
Content-Type: application/json; charset=utf-8
host: localhost:6819
accept: */*

Response DefaultHttpResponse(decodeResult: success, version: HTTP/1.1)
HTTP/1.1 200 OK
Content-Length: 12
Content-Type: application/json; charset=utf-8
cache-control: no-cache

07:30:59.783 [AsyncHttpClient-1-2] DEBUG org.asynchttpclient.netty.channel.ChannelManager -- Adding key: http://localhost:6819 for channel [id: 0xa2718098, L:/127.0.0.1:62932 - R:localhost/127.0.0.1:6819]
07:30:59.784 [Forwarding isElementDisplayed on session f0e5b06a396aff272efc92c96751a656 to remote] DEBUG org.asynchttpclient.netty.request.NettyRequestSender -- Using pooled Channel '[id: 0xa2718098, L:/127.0.0.1:62932 - R:localhost/127.0.0.1:6819]' for 'POST' to 'http://localhost:6819/session/f0e5b06a396aff272efc92c96751a656/execute/sync'
07:30:59.784 [Forwarding isElementDisplayed on session f0e5b06a396aff272efc92c96751a656 to remote] DEBUG org.asynchttpclient.netty.request.NettyRequestSender -- Using open Channel [id: 0xa2718098, L:/127.0.0.1:62932 - R:localhost/127.0.0.1:6819] for POST '/session/f0e5b06a396aff272efc92c96751a656/execute/sync'
07:30:59.797 [AsyncHttpClient-1-2] DEBUG org.asynchttpclient.netty.handler.HttpHandler -- 

Request DefaultHttpRequest(decodeResult: success, version: HTTP/1.1)
POST /session/f0e5b06a396aff272efc92c96751a656/execute/sync HTTP/1.1
User-Agent: selenium/4.12.0 (java windows)
Content-Length: 48734
Content-Type: application/json; charset=utf-8
host: localhost:6819
accept: */*

Response DefaultHttpResponse(decodeResult: success, version: HTTP/1.1)
HTTP/1.1 200 OK
Content-Length: 14
Content-Type: application/json; charset=utf-8
cache-control: no-cache

07:30:59.797 [AsyncHttpClient-1-2] DEBUG org.asynchttpclient.netty.channel.ChannelManager -- Adding key: http://localhost:6819 for channel [id: 0xa2718098, L:/127.0.0.1:62932 - R:localhost/127.0.0.1:6819]
07:30:59.798 [Forwarding getElementText on session f0e5b06a396aff272efc92c96751a656 to remote] DEBUG org.asynchttpclient.netty.request.NettyRequestSender -- Using pooled Channel '[id: 0xa2718098, L:/127.0.0.1:62932 - R:localhost/127.0.0.1:6819]' for 'GET' to 'http://localhost:6819/session/f0e5b06a396aff272efc92c96751a656/element/f.BE52227F0572DAB6CC0547E676FC4408.d.F7C4AEBE01E37A792BE03C9E4ECCF22C.e.17/text'
07:30:59.798 [Forwarding getElementText on session f0e5b06a396aff272efc92c96751a656 to remote] DEBUG org.asynchttpclient.netty.request.NettyRequestSender -- Using open Channel [id: 0xa2718098, L:/127.0.0.1:62932 - R:localhost/127.0.0.1:6819] for GET '/session/f0e5b06a396aff272efc92c96751a656/element/f.BE52227F0572DAB6CC0547E676FC4408.d.F7C4AEBE01E37A792BE03C9E4ECCF22C.e.17/text'
07:30:59.806 [AsyncHttpClient-1-2] DEBUG org.asynchttpclient.netty.handler.HttpHandler -- 

Request DefaultFullHttpRequest(decodeResult: success, version: HTTP/1.1, content: EmptyByteBufBE)
GET /session/f0e5b06a396aff272efc92c96751a656/element/f.BE52227F0572DAB6CC0547E676FC4408.d.F7C4AEBE01E37A792BE03C9E4ECCF22C.e.17/text HTTP/1.1
Cache-Control: no-cache
User-Agent: selenium/4.12.0 (java windows)
Content-Type: application/json; charset=utf-8
host: localhost:6819
accept: */*

Response DefaultHttpResponse(decodeResult: success, version: HTTP/1.1)
HTTP/1.1 200 OK
Content-Length: 12
Content-Type: application/json; charset=utf-8
cache-control: no-cache

07:30:59.807 [AsyncHttpClient-1-2] DEBUG org.asynchttpclient.netty.channel.ChannelManager -- Adding key: http://localhost:6819 for channel [id: 0xa2718098, L:/127.0.0.1:62932 - R:localhost/127.0.0.1:6819]
]]></system-out>
    <system-err><![CDATA[Jan 03, 2025 7:30:57 AM org.openqa.selenium.devtools.CdpVersionFinder findNearestMatch
WARNING: Unable to find CDP implementation matching 131
Jan 03, 2025 7:30:57 AM org.openqa.selenium.chromium.ChromiumDriver lambda$new$5
WARNING: Unable to find version of CDP to use for 131.0.6778.205. You may need to include a dependency on a specific version of the CDP using something similar to `org.seleniumhq.selenium:selenium-devtools-v86:4.12.0` where the version ("v86") matches the version of the chromium-based browser you're using and the version number of the artifact is the same as Selenium's.
]]></system-err>
  </testcase>
  <testcase name="testBrokenLinksOnHomepage" classname="UITestCases.BuggyCarsUITests" time="0.144">
    <system-out><![CDATA[07:30:59.814 [Driver Command Executor] DEBUG org.asynchttpclient.netty.request.NettyRequestSender -- Using pooled Channel '[id: 0xa2718098, L:/127.0.0.1:62932 - R:localhost/127.0.0.1:6819]' for 'DELETE' to 'http://localhost:6819/session/f0e5b06a396aff272efc92c96751a656'
07:30:59.814 [Driver Command Executor] DEBUG org.asynchttpclient.netty.request.NettyRequestSender -- Using open Channel [id: 0xa2718098, L:/127.0.0.1:62932 - R:localhost/127.0.0.1:6819] for DELETE '/session/f0e5b06a396aff272efc92c96751a656'
07:30:59.816 [AsyncHttpClient-1-4] DEBUG org.asynchttpclient.netty.handler.WebSocketHandler -- Channel Closed: [id: 0x3888bf52, L:/127.0.0.1:62940 ! R:localhost/127.0.0.1:62933] with attribute DISCARD
07:30:59.850 [AsyncHttpClient-1-3] DEBUG org.asynchttpclient.netty.handler.HttpHandler -- Unexpected I/O exception on channel [id: 0xc008e048, L:/127.0.0.1:62939 - R:localhost/127.0.0.1:62933]
java.net.SocketException: Connection reset
	at java.base/sun.nio.ch.SocketChannelImpl.throwConnectionReset(SocketChannelImpl.java:394)
	at java.base/sun.nio.ch.SocketChannelImpl.read(SocketChannelImpl.java:426)
	at io.netty.buffer.PooledByteBuf.setBytes(PooledByteBuf.java:254)
	at io.netty.buffer.AbstractByteBuf.writeBytes(AbstractByteBuf.java:1132)
	at io.netty.channel.socket.nio.NioSocketChannel.doReadBytes(NioSocketChannel.java:357)
	at io.netty.channel.nio.AbstractNioByteChannel$NioByteUnsafe.read(AbstractNioByteChannel.java:151)
	at io.netty.channel.nio.NioEventLoop.processSelectedKey(NioEventLoop.java:788)
	at io.netty.channel.nio.NioEventLoop.processSelectedKeysOptimized(NioEventLoop.java:724)
	at io.netty.channel.nio.NioEventLoop.processSelectedKeys(NioEventLoop.java:650)
	at io.netty.channel.nio.NioEventLoop.run(NioEventLoop.java:562)
	at io.netty.util.concurrent.SingleThreadEventExecutor$4.run(SingleThreadEventExecutor.java:997)
	at io.netty.util.internal.ThreadExecutorMap$2.run(ThreadExecutorMap.java:74)
	at io.netty.util.concurrent.FastThreadLocalRunnable.run(FastThreadLocalRunnable.java:30)
	at java.base/java.lang.Thread.run(Thread.java:842)
07:30:59.857 [AsyncHttpClient-1-3] DEBUG org.asynchttpclient.netty.channel.ChannelManager -- Closing Channel [id: 0xc008e048, L:/127.0.0.1:62939 - R:localhost/127.0.0.1:62933] 
07:30:59.859 [AsyncHttpClient-1-3] DEBUG org.asynchttpclient.netty.handler.HttpHandler -- Channel Closed: [id: 0xc008e048, L:/127.0.0.1:62939 ! R:localhost/127.0.0.1:62933] with attribute DISCARD
07:30:59.899 [AsyncHttpClient-1-2] DEBUG org.asynchttpclient.netty.handler.HttpHandler -- 

Request DefaultFullHttpRequest(decodeResult: success, version: HTTP/1.1, content: EmptyByteBufBE)
DELETE /session/f0e5b06a396aff272efc92c96751a656 HTTP/1.1
User-Agent: selenium/4.12.0 (java windows)
Content-Type: application/json; charset=utf-8
host: localhost:6819
accept: */*

Response DefaultHttpResponse(decodeResult: success, version: HTTP/1.1)
HTTP/1.1 200 OK
Content-Length: 14
Content-Type: application/json; charset=utf-8
cache-control: no-cache

07:30:59.899 [AsyncHttpClient-1-2] DEBUG org.asynchttpclient.netty.channel.ChannelManager -- Adding key: http://localhost:6819 for channel [id: 0xa2718098, L:/127.0.0.1:62932 - R:localhost/127.0.0.1:6819]
07:31:00.009 [AsyncHttpClient-1-2] DEBUG org.asynchttpclient.netty.handler.HttpHandler -- Channel Closed: [id: 0xa2718098, L:/127.0.0.1:62932 ! R:localhost/127.0.0.1:6819] with attribute DISCARD
07:31:00.086 [main] DEBUG io.github.bonigarcia.wdm.WebDriverManager -- Using WebDriverManager 5.5.3
07:31:00.093 [main] DEBUG io.github.bonigarcia.wdm.cache.ResolutionCache -- Resolution chrome=131 in cache (valid until 08:30:55 03/01/2025 IST)
07:31:00.093 [main] DEBUG io.github.bonigarcia.wdm.cache.ResolutionCache -- Resolution chrome131=131.0.6778.204 in cache (valid until 14:21:23 03/01/2025 IST)
07:31:00.093 [main] INFO io.github.bonigarcia.wdm.WebDriverManager -- Using chromedriver 131.0.6778.204 (resolved driver for Chrome 131)
07:31:00.097 [main] DEBUG io.github.bonigarcia.wdm.WebDriverManager -- Driver chromedriver 131.0.6778.204 found in cache
07:31:00.097 [main] INFO io.github.bonigarcia.wdm.WebDriverManager -- Exporting webdriver.chrome.driver as C:\Users\sasitharan\.cache\selenium\chromedriver\win64\131.0.6778.204\chromedriver.exe
07:31:00.172 [AsyncHttpClient-1-5] DEBUG org.asynchttpclient.netty.channel.NettyConnectListener -- Using new Channel '[id: 0x63b2f1a8, L:/127.0.0.1:62950 - R:localhost/127.0.0.1:45933]' for 'POST' to '/session'
07:31:00.222 [Finalizer] DEBUG org.apache.http.impl.conn.DefaultClientConnection -- Connection 0.0.0.0:62911<->13.60.22.209:7081 closed
07:31:00.540 [AsyncHttpClient-1-1] DEBUG org.asynchttpclient.netty.channel.DefaultChannelPool -- Entry count for : http://localhost:62933 : 1
07:31:00.540 [AsyncHttpClient-1-1] DEBUG org.asynchttpclient.netty.channel.DefaultChannelPool -- Entry count for : http://localhost:6819 : 1
07:31:00.540 [AsyncHttpClient-1-1] DEBUG org.asynchttpclient.netty.channel.DefaultChannelPool -- Adding Candidate expired Channel [id: 0xc008e048, L:/127.0.0.1:62939 ! R:localhost/127.0.0.1:62933] isIdleTimeoutExpired=false isRemotelyClosed=true isTtlExpired=false
07:31:00.540 [AsyncHttpClient-1-1] DEBUG org.asynchttpclient.netty.channel.DefaultChannelPool -- Closing Idle Channel [id: 0xc008e048, L:/127.0.0.1:62939 ! R:localhost/127.0.0.1:62933]
07:31:00.541 [AsyncHttpClient-1-1] DEBUG org.asynchttpclient.netty.channel.DefaultChannelPool -- Adding Candidate expired Channel [id: 0xa2718098, L:/127.0.0.1:62932 ! R:localhost/127.0.0.1:6819] isIdleTimeoutExpired=false isRemotelyClosed=true isTtlExpired=false
07:31:00.541 [AsyncHttpClient-1-1] DEBUG org.asynchttpclient.netty.channel.DefaultChannelPool -- Closing Idle Channel [id: 0xa2718098, L:/127.0.0.1:62932 ! R:localhost/127.0.0.1:6819]
07:31:00.541 [AsyncHttpClient-1-1] DEBUG org.asynchttpclient.netty.channel.DefaultChannelPool -- Closed 2 connections out of 2 in 1 ms
07:31:00.901 [AsyncHttpClient-1-5] DEBUG org.asynchttpclient.netty.handler.HttpHandler -- 

Request DefaultHttpRequest(decodeResult: success, version: HTTP/1.1)
POST /session HTTP/1.1
User-Agent: selenium/4.12.0 (java windows)
Content-Length: 254
Content-Type: application/json; charset=utf-8
host: localhost:45933
accept: */*

Response DefaultHttpResponse(decodeResult: success, version: HTTP/1.1)
HTTP/1.1 200 OK
Content-Length: 888
Content-Type: application/json; charset=utf-8
cache-control: no-cache

07:31:00.903 [AsyncHttpClient-1-5] DEBUG org.asynchttpclient.netty.channel.ChannelManager -- Adding key: http://localhost:45933 for channel [id: 0x63b2f1a8, L:/127.0.0.1:62950 - R:localhost/127.0.0.1:45933]
07:31:00.918 [AsyncHttpClient-1-6] DEBUG org.asynchttpclient.netty.channel.NettyConnectListener -- Using new Channel '[id: 0xb1427a83, L:/127.0.0.1:62958 - R:localhost/127.0.0.1:62951]' for 'GET' to '/json/version'
07:31:00.924 [AsyncHttpClient-1-6] DEBUG org.asynchttpclient.netty.handler.HttpHandler -- 

Request DefaultFullHttpRequest(decodeResult: success, version: HTTP/1.1, content: EmptyByteBufBE)
GET /json/version HTTP/1.1
User-Agent: selenium/4.12.0 (java windows)
host: localhost:62951
accept: */*

Response DefaultHttpResponse(decodeResult: success, version: HTTP/1.1)
HTTP/1.1 200 OK
Content-Security-Policy: frame-ancestors 'none'
Content-Length: 424
Content-Type: application/json; charset=UTF-8

07:31:00.924 [AsyncHttpClient-1-6] DEBUG org.asynchttpclient.netty.channel.ChannelManager -- Adding key: http://localhost:62951 for channel [id: 0xb1427a83, L:/127.0.0.1:62958 - R:localhost/127.0.0.1:62951]
07:31:00.928 [AsyncHttpClient-1-7] DEBUG org.asynchttpclient.netty.channel.NettyConnectListener -- Using new Channel '[id: 0x02224f45, L:/127.0.0.1:62959 - R:localhost/127.0.0.1:62951]' for 'GET' to '/devtools/browser/76a90d20-2e09-4f3f-83f3-a572ab7de351'
07:31:00.931 [AsyncHttpClient-1-7] DEBUG org.asynchttpclient.netty.handler.WebSocketHandler -- 

Request DefaultFullHttpRequest(decodeResult: success, version: HTTP/1.1, content: EmptyByteBufBE)
GET /devtools/browser/76a90d20-2e09-4f3f-83f3-a572ab7de351 HTTP/1.1
upgrade: websocket
connection: upgrade
sec-websocket-key: 89S5VF4LXXtcC5RzIchYIg==
sec-websocket-version: 13
origin: http://localhost:62951
host: localhost:62951
accept: */*
user-agent: AHC/2.1

Response DefaultHttpResponse(decodeResult: success, version: HTTP/1.1)
HTTP/1.1 101 WebSocket Protocol Handshake
Upgrade: WebSocket
Connection: Upgrade
Sec-WebSocket-Accept: w+nmVKKq99L110/arZISOzzlQm8=

07:31:00.935 [Forwarding maximizeCurrentWindow on session 325042182552ccaf5d3d114ea0313c26 to remote] DEBUG org.asynchttpclient.netty.request.NettyRequestSender -- Using pooled Channel '[id: 0x63b2f1a8, L:/127.0.0.1:62950 - R:localhost/127.0.0.1:45933]' for 'POST' to 'http://localhost:45933/session/325042182552ccaf5d3d114ea0313c26/window/maximize'
07:31:00.935 [Forwarding maximizeCurrentWindow on session 325042182552ccaf5d3d114ea0313c26 to remote] DEBUG org.asynchttpclient.netty.request.NettyRequestSender -- Using open Channel [id: 0x63b2f1a8, L:/127.0.0.1:62950 - R:localhost/127.0.0.1:45933] for POST '/session/325042182552ccaf5d3d114ea0313c26/window/maximize'
07:31:00.981 [AsyncHttpClient-1-5] DEBUG org.asynchttpclient.netty.handler.HttpHandler -- 

Request DefaultHttpRequest(decodeResult: success, version: HTTP/1.1)
POST /session/325042182552ccaf5d3d114ea0313c26/window/maximize HTTP/1.1
User-Agent: selenium/4.12.0 (java windows)
Content-Length: 3
Content-Type: application/json; charset=utf-8
host: localhost:45933
accept: */*

Response DefaultHttpResponse(decodeResult: success, version: HTTP/1.1)
HTTP/1.1 200 OK
Content-Length: 52
Content-Type: application/json; charset=utf-8
cache-control: no-cache

07:31:00.981 [AsyncHttpClient-1-5] DEBUG org.asynchttpclient.netty.channel.ChannelManager -- Adding key: http://localhost:45933 for channel [id: 0x63b2f1a8, L:/127.0.0.1:62950 - R:localhost/127.0.0.1:45933]
07:31:00.985 [Forwarding get on session 325042182552ccaf5d3d114ea0313c26 to remote] DEBUG org.asynchttpclient.netty.request.NettyRequestSender -- Using pooled Channel '[id: 0x63b2f1a8, L:/127.0.0.1:62950 - R:localhost/127.0.0.1:45933]' for 'POST' to 'http://localhost:45933/session/325042182552ccaf5d3d114ea0313c26/url'
07:31:00.985 [Forwarding get on session 325042182552ccaf5d3d114ea0313c26 to remote] DEBUG org.asynchttpclient.netty.request.NettyRequestSender -- Using open Channel [id: 0x63b2f1a8, L:/127.0.0.1:62950 - R:localhost/127.0.0.1:45933] for POST '/session/325042182552ccaf5d3d114ea0313c26/url'
07:31:01.630 [AsyncHttpClient-1-1] DEBUG org.asynchttpclient.netty.channel.DefaultChannelPool -- Entry count for : http://localhost:62951 : 1
07:31:02.477 [AsyncHttpClient-1-5] DEBUG org.asynchttpclient.netty.handler.HttpHandler -- 

Request DefaultHttpRequest(decodeResult: success, version: HTTP/1.1)
POST /session/325042182552ccaf5d3d114ea0313c26/url HTTP/1.1
User-Agent: selenium/4.12.0 (java windows)
Content-Length: 58
Content-Type: application/json; charset=utf-8
host: localhost:45933
accept: */*

Response DefaultHttpResponse(decodeResult: success, version: HTTP/1.1)
HTTP/1.1 200 OK
Content-Length: 14
Content-Type: application/json; charset=utf-8
cache-control: no-cache

07:31:02.478 [AsyncHttpClient-1-5] DEBUG org.asynchttpclient.netty.channel.ChannelManager -- Adding key: http://localhost:45933 for channel [id: 0x63b2f1a8, L:/127.0.0.1:62950 - R:localhost/127.0.0.1:45933]
07:31:02.480 [Forwarding findElements on session 325042182552ccaf5d3d114ea0313c26 to remote] DEBUG org.asynchttpclient.netty.request.NettyRequestSender -- Using pooled Channel '[id: 0x63b2f1a8, L:/127.0.0.1:62950 - R:localhost/127.0.0.1:45933]' for 'POST' to 'http://localhost:45933/session/325042182552ccaf5d3d114ea0313c26/elements'
07:31:02.480 [Forwarding findElements on session 325042182552ccaf5d3d114ea0313c26 to remote] DEBUG org.asynchttpclient.netty.request.NettyRequestSender -- Using open Channel [id: 0x63b2f1a8, L:/127.0.0.1:62950 - R:localhost/127.0.0.1:45933] for POST '/session/325042182552ccaf5d3d114ea0313c26/elements'
07:31:02.500 [AsyncHttpClient-1-5] DEBUG org.asynchttpclient.netty.handler.HttpHandler -- 

Request DefaultHttpRequest(decodeResult: success, version: HTTP/1.1)
POST /session/325042182552ccaf5d3d114ea0313c26/elements HTTP/1.1
User-Agent: selenium/4.12.0 (java windows)
Content-Length: 41
Content-Type: application/json; charset=utf-8
host: localhost:45933
accept: */*

Response DefaultHttpResponse(decodeResult: success, version: HTTP/1.1)
HTTP/1.1 200 OK
Content-Length: 479
Content-Type: application/json; charset=utf-8
cache-control: no-cache

07:31:02.500 [AsyncHttpClient-1-5] DEBUG org.asynchttpclient.netty.channel.ChannelManager -- Adding key: http://localhost:45933 for channel [id: 0x63b2f1a8, L:/127.0.0.1:62950 - R:localhost/127.0.0.1:45933]
07:31:02.502 [Forwarding getElementAttribute on session 325042182552ccaf5d3d114ea0313c26 to remote] DEBUG org.asynchttpclient.netty.request.NettyRequestSender -- Using pooled Channel '[id: 0x63b2f1a8, L:/127.0.0.1:62950 - R:localhost/127.0.0.1:45933]' for 'POST' to 'http://localhost:45933/session/325042182552ccaf5d3d114ea0313c26/execute/sync'
07:31:02.502 [Forwarding getElementAttribute on session 325042182552ccaf5d3d114ea0313c26 to remote] DEBUG org.asynchttpclient.netty.request.NettyRequestSender -- Using open Channel [id: 0x63b2f1a8, L:/127.0.0.1:62950 - R:localhost/127.0.0.1:45933] for POST '/session/325042182552ccaf5d3d114ea0313c26/execute/sync'
07:31:02.525 [AsyncHttpClient-1-5] DEBUG org.asynchttpclient.netty.handler.HttpHandler -- 

Request DefaultHttpRequest(decodeResult: success, version: HTTP/1.1)
POST /session/325042182552ccaf5d3d114ea0313c26/execute/sync HTTP/1.1
User-Agent: selenium/4.12.0 (java windows)
Content-Length: 47294
Content-Type: application/json; charset=utf-8
host: localhost:45933
accept: */*

Response DefaultHttpResponse(decodeResult: success, version: HTTP/1.1)
HTTP/1.1 200 OK
Content-Length: 41
Content-Type: application/json; charset=utf-8
cache-control: no-cache

07:31:02.525 [AsyncHttpClient-1-5] DEBUG org.asynchttpclient.netty.channel.ChannelManager -- Adding key: http://localhost:45933 for channel [id: 0x63b2f1a8, L:/127.0.0.1:62950 - R:localhost/127.0.0.1:45933]
07:31:02.526 [Forwarding getElementText on session 325042182552ccaf5d3d114ea0313c26 to remote] DEBUG org.asynchttpclient.netty.request.NettyRequestSender -- Using pooled Channel '[id: 0x63b2f1a8, L:/127.0.0.1:62950 - R:localhost/127.0.0.1:45933]' for 'GET' to 'http://localhost:45933/session/325042182552ccaf5d3d114ea0313c26/element/f.82600AA4EE223429C661AD85ADD81546.d.54F824B3AE165BDC3262F13356154710.e.12/text'
07:31:02.526 [Forwarding getElementText on session 325042182552ccaf5d3d114ea0313c26 to remote] DEBUG org.asynchttpclient.netty.request.NettyRequestSender -- Using open Channel [id: 0x63b2f1a8, L:/127.0.0.1:62950 - R:localhost/127.0.0.1:45933] for GET '/session/325042182552ccaf5d3d114ea0313c26/element/f.82600AA4EE223429C661AD85ADD81546.d.54F824B3AE165BDC3262F13356154710.e.12/text'
07:31:02.549 [AsyncHttpClient-1-5] DEBUG org.asynchttpclient.netty.handler.HttpHandler -- 

Request DefaultFullHttpRequest(decodeResult: success, version: HTTP/1.1, content: EmptyByteBufBE)
GET /session/325042182552ccaf5d3d114ea0313c26/element/f.82600AA4EE223429C661AD85ADD81546.d.54F824B3AE165BDC3262F13356154710.e.12/text HTTP/1.1
Cache-Control: no-cache
User-Agent: selenium/4.12.0 (java windows)
Content-Type: application/json; charset=utf-8
host: localhost:45933
accept: */*

Response DefaultHttpResponse(decodeResult: success, version: HTTP/1.1)
HTTP/1.1 200 OK
Content-Length: 24
Content-Type: application/json; charset=utf-8
cache-control: no-cache

07:31:02.550 [AsyncHttpClient-1-5] DEBUG org.asynchttpclient.netty.channel.ChannelManager -- Adding key: http://localhost:45933 for channel [id: 0x63b2f1a8, L:/127.0.0.1:62950 - R:localhost/127.0.0.1:45933]
07:31:02.551 [Forwarding getElementAttribute on session 325042182552ccaf5d3d114ea0313c26 to remote] DEBUG org.asynchttpclient.netty.request.NettyRequestSender -- Using pooled Channel '[id: 0x63b2f1a8, L:/127.0.0.1:62950 - R:localhost/127.0.0.1:45933]' for 'POST' to 'http://localhost:45933/session/325042182552ccaf5d3d114ea0313c26/execute/sync'
07:31:02.551 [Forwarding getElementAttribute on session 325042182552ccaf5d3d114ea0313c26 to remote] DEBUG org.asynchttpclient.netty.request.NettyRequestSender -- Using open Channel [id: 0x63b2f1a8, L:/127.0.0.1:62950 - R:localhost/127.0.0.1:45933] for POST '/session/325042182552ccaf5d3d114ea0313c26/execute/sync'
07:31:02.565 [AsyncHttpClient-1-5] DEBUG org.asynchttpclient.netty.handler.HttpHandler -- 

Request DefaultHttpRequest(decodeResult: success, version: HTTP/1.1)
POST /session/325042182552ccaf5d3d114ea0313c26/execute/sync HTTP/1.1
User-Agent: selenium/4.12.0 (java windows)
Content-Length: 47294
Content-Type: application/json; charset=utf-8
host: localhost:45933
accept: */*

Response DefaultHttpResponse(decodeResult: success, version: HTTP/1.1)
HTTP/1.1 200 OK
Content-Length: 49
Content-Type: application/json; charset=utf-8
cache-control: no-cache

07:31:02.565 [AsyncHttpClient-1-5] DEBUG org.asynchttpclient.netty.channel.ChannelManager -- Adding key: http://localhost:45933 for channel [id: 0x63b2f1a8, L:/127.0.0.1:62950 - R:localhost/127.0.0.1:45933]
07:31:02.565 [Forwarding getElementText on session 325042182552ccaf5d3d114ea0313c26 to remote] DEBUG org.asynchttpclient.netty.request.NettyRequestSender -- Using pooled Channel '[id: 0x63b2f1a8, L:/127.0.0.1:62950 - R:localhost/127.0.0.1:45933]' for 'GET' to 'http://localhost:45933/session/325042182552ccaf5d3d114ea0313c26/element/f.82600AA4EE223429C661AD85ADD81546.d.54F824B3AE165BDC3262F13356154710.e.13/text'
07:31:02.565 [Forwarding getElementText on session 325042182552ccaf5d3d114ea0313c26 to remote] DEBUG org.asynchttpclient.netty.request.NettyRequestSender -- Using open Channel [id: 0x63b2f1a8, L:/127.0.0.1:62950 - R:localhost/127.0.0.1:45933] for GET '/session/325042182552ccaf5d3d114ea0313c26/element/f.82600AA4EE223429C661AD85ADD81546.d.54F824B3AE165BDC3262F13356154710.e.13/text'
07:31:02.577 [AsyncHttpClient-1-5] DEBUG org.asynchttpclient.netty.handler.HttpHandler -- 

Request DefaultFullHttpRequest(decodeResult: success, version: HTTP/1.1, content: EmptyByteBufBE)
GET /session/325042182552ccaf5d3d114ea0313c26/element/f.82600AA4EE223429C661AD85ADD81546.d.54F824B3AE165BDC3262F13356154710.e.13/text HTTP/1.1
Cache-Control: no-cache
User-Agent: selenium/4.12.0 (java windows)
Content-Type: application/json; charset=utf-8
host: localhost:45933
accept: */*

Response DefaultHttpResponse(decodeResult: success, version: HTTP/1.1)
HTTP/1.1 200 OK
Content-Length: 20
Content-Type: application/json; charset=utf-8
cache-control: no-cache

07:31:02.577 [AsyncHttpClient-1-5] DEBUG org.asynchttpclient.netty.channel.ChannelManager -- Adding key: http://localhost:45933 for channel [id: 0x63b2f1a8, L:/127.0.0.1:62950 - R:localhost/127.0.0.1:45933]
07:31:02.579 [Forwarding getElementAttribute on session 325042182552ccaf5d3d114ea0313c26 to remote] DEBUG org.asynchttpclient.netty.request.NettyRequestSender -- Using pooled Channel '[id: 0x63b2f1a8, L:/127.0.0.1:62950 - R:localhost/127.0.0.1:45933]' for 'POST' to 'http://localhost:45933/session/325042182552ccaf5d3d114ea0313c26/execute/sync'
07:31:02.579 [Forwarding getElementAttribute on session 325042182552ccaf5d3d114ea0313c26 to remote] DEBUG org.asynchttpclient.netty.request.NettyRequestSender -- Using open Channel [id: 0x63b2f1a8, L:/127.0.0.1:62950 - R:localhost/127.0.0.1:45933] for POST '/session/325042182552ccaf5d3d114ea0313c26/execute/sync'
07:31:02.590 [AsyncHttpClient-1-5] DEBUG org.asynchttpclient.netty.handler.HttpHandler -- 

Request DefaultHttpRequest(decodeResult: success, version: HTTP/1.1)
POST /session/325042182552ccaf5d3d114ea0313c26/execute/sync HTTP/1.1
User-Agent: selenium/4.12.0 (java windows)
Content-Length: 47294
Content-Type: application/json; charset=utf-8
host: localhost:45933
accept: */*

Response DefaultHttpResponse(decodeResult: success, version: HTTP/1.1)
HTTP/1.1 200 OK
Content-Length: 37
Content-Type: application/json; charset=utf-8
cache-control: no-cache

07:31:02.590 [AsyncHttpClient-1-5] DEBUG org.asynchttpclient.netty.channel.ChannelManager -- Adding key: http://localhost:45933 for channel [id: 0x63b2f1a8, L:/127.0.0.1:62950 - R:localhost/127.0.0.1:45933]
07:31:02.591 [Forwarding getElementText on session 325042182552ccaf5d3d114ea0313c26 to remote] DEBUG org.asynchttpclient.netty.request.NettyRequestSender -- Using pooled Channel '[id: 0x63b2f1a8, L:/127.0.0.1:62950 - R:localhost/127.0.0.1:45933]' for 'GET' to 'http://localhost:45933/session/325042182552ccaf5d3d114ea0313c26/element/f.82600AA4EE223429C661AD85ADD81546.d.54F824B3AE165BDC3262F13356154710.e.14/text'
07:31:02.591 [Forwarding getElementText on session 325042182552ccaf5d3d114ea0313c26 to remote] DEBUG org.asynchttpclient.netty.request.NettyRequestSender -- Using open Channel [id: 0x63b2f1a8, L:/127.0.0.1:62950 - R:localhost/127.0.0.1:45933] for GET '/session/325042182552ccaf5d3d114ea0313c26/element/f.82600AA4EE223429C661AD85ADD81546.d.54F824B3AE165BDC3262F13356154710.e.14/text'
07:31:02.600 [AsyncHttpClient-1-5] DEBUG org.asynchttpclient.netty.handler.HttpHandler -- 

Request DefaultFullHttpRequest(decodeResult: success, version: HTTP/1.1, content: EmptyByteBufBE)
GET /session/325042182552ccaf5d3d114ea0313c26/element/f.82600AA4EE223429C661AD85ADD81546.d.54F824B3AE165BDC3262F13356154710.e.14/text HTTP/1.1
Cache-Control: no-cache
User-Agent: selenium/4.12.0 (java windows)
Content-Type: application/json; charset=utf-8
host: localhost:45933
accept: */*

Response DefaultHttpResponse(decodeResult: success, version: HTTP/1.1)
HTTP/1.1 200 OK
Content-Length: 12
Content-Type: application/json; charset=utf-8
cache-control: no-cache

07:31:02.600 [AsyncHttpClient-1-5] DEBUG org.asynchttpclient.netty.channel.ChannelManager -- Adding key: http://localhost:45933 for channel [id: 0x63b2f1a8, L:/127.0.0.1:62950 - R:localhost/127.0.0.1:45933]
07:31:02.601 [Forwarding getElementAttribute on session 325042182552ccaf5d3d114ea0313c26 to remote] DEBUG org.asynchttpclient.netty.request.NettyRequestSender -- Using pooled Channel '[id: 0x63b2f1a8, L:/127.0.0.1:62950 - R:localhost/127.0.0.1:45933]' for 'POST' to 'http://localhost:45933/session/325042182552ccaf5d3d114ea0313c26/execute/sync'
07:31:02.601 [Forwarding getElementAttribute on session 325042182552ccaf5d3d114ea0313c26 to remote] DEBUG org.asynchttpclient.netty.request.NettyRequestSender -- Using open Channel [id: 0x63b2f1a8, L:/127.0.0.1:62950 - R:localhost/127.0.0.1:45933] for POST '/session/325042182552ccaf5d3d114ea0313c26/execute/sync'
07:31:02.611 [AsyncHttpClient-1-5] DEBUG org.asynchttpclient.netty.handler.HttpHandler -- 

Request DefaultHttpRequest(decodeResult: success, version: HTTP/1.1)
POST /session/325042182552ccaf5d3d114ea0313c26/execute/sync HTTP/1.1
User-Agent: selenium/4.12.0 (java windows)
Content-Length: 47294
Content-Type: application/json; charset=utf-8
host: localhost:45933
accept: */*

Response DefaultHttpResponse(decodeResult: success, version: HTTP/1.1)
HTTP/1.1 200 OK
Content-Length: 36
Content-Type: application/json; charset=utf-8
cache-control: no-cache

07:31:02.611 [AsyncHttpClient-1-5] DEBUG org.asynchttpclient.netty.channel.ChannelManager -- Adding key: http://localhost:45933 for channel [id: 0x63b2f1a8, L:/127.0.0.1:62950 - R:localhost/127.0.0.1:45933]
07:31:02.612 [Forwarding getElementText on session 325042182552ccaf5d3d114ea0313c26 to remote] DEBUG org.asynchttpclient.netty.request.NettyRequestSender -- Using pooled Channel '[id: 0x63b2f1a8, L:/127.0.0.1:62950 - R:localhost/127.0.0.1:45933]' for 'GET' to 'http://localhost:45933/session/325042182552ccaf5d3d114ea0313c26/element/f.82600AA4EE223429C661AD85ADD81546.d.54F824B3AE165BDC3262F13356154710.e.15/text'
07:31:02.612 [Forwarding getElementText on session 325042182552ccaf5d3d114ea0313c26 to remote] DEBUG org.asynchttpclient.netty.request.NettyRequestSender -- Using open Channel [id: 0x63b2f1a8, L:/127.0.0.1:62950 - R:localhost/127.0.0.1:45933] for GET '/session/325042182552ccaf5d3d114ea0313c26/element/f.82600AA4EE223429C661AD85ADD81546.d.54F824B3AE165BDC3262F13356154710.e.15/text'
07:31:02.620 [AsyncHttpClient-1-5] DEBUG org.asynchttpclient.netty.handler.HttpHandler -- 

Request DefaultFullHttpRequest(decodeResult: success, version: HTTP/1.1, content: EmptyByteBufBE)
GET /session/325042182552ccaf5d3d114ea0313c26/element/f.82600AA4EE223429C661AD85ADD81546.d.54F824B3AE165BDC3262F13356154710.e.15/text HTTP/1.1
Cache-Control: no-cache
User-Agent: selenium/4.12.0 (java windows)
Content-Type: application/json; charset=utf-8
host: localhost:45933
accept: */*

Response DefaultHttpResponse(decodeResult: success, version: HTTP/1.1)
HTTP/1.1 200 OK
Content-Length: 12
Content-Type: application/json; charset=utf-8
cache-control: no-cache

07:31:02.620 [AsyncHttpClient-1-5] DEBUG org.asynchttpclient.netty.channel.ChannelManager -- Adding key: http://localhost:45933 for channel [id: 0x63b2f1a8, L:/127.0.0.1:62950 - R:localhost/127.0.0.1:45933]
]]></system-out>
    <system-err><![CDATA[Jan 03, 2025 7:31:00 AM org.openqa.selenium.devtools.CdpVersionFinder findNearestMatch
WARNING: Unable to find CDP implementation matching 131
Jan 03, 2025 7:31:00 AM org.openqa.selenium.chromium.ChromiumDriver lambda$new$5
WARNING: Unable to find version of CDP to use for 131.0.6778.205. You may need to include a dependency on a specific version of the CDP using something similar to `org.seleniumhq.selenium:selenium-devtools-v86:4.12.0` where the version ("v86") matches the version of the chromium-based browser you're using and the version number of the artifact is the same as Selenium's.
]]></system-err>
  </testcase>
  <testcase name="testCommentCharacterLimit" classname="UITestCases.BuggyCarsUITests" time="0.339">
    <failure message="expected [true] but found [false]" type="java.lang.AssertionError"><![CDATA[java.lang.AssertionError: expected [true] but found [false]
	at org.testng.Assert.fail(Assert.java:110)
	at org.testng.Assert.failNotEquals(Assert.java:1413)
	at org.testng.Assert.assertTrue(Assert.java:56)
	at org.testng.Assert.assertTrue(Assert.java:66)
	at UITestCases.BuggyCarsUITests.testLoginWithValidCredentials(BuggyCarsUITests.java:44)
	at UITestCases.BuggyCarsUITests.testCommentCharacterLimit(BuggyCarsUITests.java:117)
	at java.base/jdk.internal.reflect.NativeMethodAccessorImpl.invoke0(Native Method)
	at java.base/jdk.internal.reflect.NativeMethodAccessorImpl.invoke(NativeMethodAccessorImpl.java:77)
	at java.base/jdk.internal.reflect.DelegatingMethodAccessorImpl.invoke(DelegatingMethodAccessorImpl.java:43)
	at java.base/java.lang.reflect.Method.invoke(Method.java:568)
	at org.testng.internal.invokers.MethodInvocationHelper.invokeMethod(MethodInvocationHelper.java:139)
	at org.testng.internal.invokers.TestInvoker.invokeMethod(TestInvoker.java:677)
	at org.testng.internal.invokers.TestInvoker.invokeTestMethod(TestInvoker.java:221)
	at org.testng.internal.invokers.MethodRunner.runInSequence(MethodRunner.java:50)
	at org.testng.internal.invokers.TestInvoker$MethodInvocationAgent.invoke(TestInvoker.java:969)
	at org.testng.internal.invokers.TestInvoker.invokeTestMethods(TestInvoker.java:194)
	at org.testng.internal.invokers.TestMethodWorker.invokeTestMethods(TestMethodWorker.java:148)
	at org.testng.internal.invokers.TestMethodWorker.run(TestMethodWorker.java:128)
	at java.base/java.util.ArrayList.forEach(ArrayList.java:1511)
	at org.testng.TestRunner.privateRun(TestRunner.java:829)
	at org.testng.TestRunner.run(TestRunner.java:602)
	at org.testng.SuiteRunner.runTest(SuiteRunner.java:437)
	at org.testng.SuiteRunner.runSequentially(SuiteRunner.java:431)
	at org.testng.SuiteRunner.privateRun(SuiteRunner.java:391)
	at org.testng.SuiteRunner.run(SuiteRunner.java:330)
	at org.testng.SuiteRunnerWorker.runSuite(SuiteRunnerWorker.java:52)
	at org.testng.SuiteRunnerWorker.run(SuiteRunnerWorker.java:95)
	at org.testng.TestNG.runSuitesSequentially(TestNG.java:1256)
	at org.testng.TestNG.runSuitesLocally(TestNG.java:1176)
	at org.testng.TestNG.runSuites(TestNG.java:1099)
	at org.testng.TestNG.run(TestNG.java:1067)
	at org.apache.maven.surefire.testng.TestNGExecutor.run(TestNGExecutor.java:324)
	at org.apache.maven.surefire.testng.TestNGXmlTestSuite.execute(TestNGXmlTestSuite.java:74)
	at org.apache.maven.surefire.testng.TestNGProvider.invoke(TestNGProvider.java:123)
	at org.apache.maven.surefire.booter.ForkedBooter.runSuitesInProcess(ForkedBooter.java:456)
	at org.apache.maven.surefire.booter.ForkedBooter.execute(ForkedBooter.java:169)
	at org.apache.maven.surefire.booter.ForkedBooter.run(ForkedBooter.java:595)
	at org.apache.maven.surefire.booter.ForkedBooter.main(ForkedBooter.java:581)
]]></failure>
    <system-out><![CDATA[07:31:02.624 [Driver Command Executor] DEBUG org.asynchttpclient.netty.request.NettyRequestSender -- Using pooled Channel '[id: 0x63b2f1a8, L:/127.0.0.1:62950 - R:localhost/127.0.0.1:45933]' for 'DELETE' to 'http://localhost:45933/session/325042182552ccaf5d3d114ea0313c26'
07:31:02.624 [Driver Command Executor] DEBUG org.asynchttpclient.netty.request.NettyRequestSender -- Using open Channel [id: 0x63b2f1a8, L:/127.0.0.1:62950 - R:localhost/127.0.0.1:45933] for DELETE '/session/325042182552ccaf5d3d114ea0313c26'
07:31:02.624 [AsyncHttpClient-1-7] DEBUG org.asynchttpclient.netty.handler.WebSocketHandler -- Channel Closed: [id: 0x02224f45, L:/127.0.0.1:62959 ! R:localhost/127.0.0.1:62951] with attribute DISCARD
07:31:02.635 [AsyncHttpClient-1-6] DEBUG org.asynchttpclient.netty.handler.HttpHandler -- Unexpected I/O exception on channel [id: 0xb1427a83, L:/127.0.0.1:62958 - R:localhost/127.0.0.1:62951]
java.net.SocketException: Connection reset
	at java.base/sun.nio.ch.SocketChannelImpl.throwConnectionReset(SocketChannelImpl.java:394)
	at java.base/sun.nio.ch.SocketChannelImpl.read(SocketChannelImpl.java:426)
	at io.netty.buffer.PooledByteBuf.setBytes(PooledByteBuf.java:254)
	at io.netty.buffer.AbstractByteBuf.writeBytes(AbstractByteBuf.java:1132)
	at io.netty.channel.socket.nio.NioSocketChannel.doReadBytes(NioSocketChannel.java:357)
	at io.netty.channel.nio.AbstractNioByteChannel$NioByteUnsafe.read(AbstractNioByteChannel.java:151)
	at io.netty.channel.nio.NioEventLoop.processSelectedKey(NioEventLoop.java:788)
	at io.netty.channel.nio.NioEventLoop.processSelectedKeysOptimized(NioEventLoop.java:724)
	at io.netty.channel.nio.NioEventLoop.processSelectedKeys(NioEventLoop.java:650)
	at io.netty.channel.nio.NioEventLoop.run(NioEventLoop.java:562)
	at io.netty.util.concurrent.SingleThreadEventExecutor$4.run(SingleThreadEventExecutor.java:997)
	at io.netty.util.internal.ThreadExecutorMap$2.run(ThreadExecutorMap.java:74)
	at io.netty.util.concurrent.FastThreadLocalRunnable.run(FastThreadLocalRunnable.java:30)
	at java.base/java.lang.Thread.run(Thread.java:842)
07:31:02.635 [AsyncHttpClient-1-6] DEBUG org.asynchttpclient.netty.channel.ChannelManager -- Closing Channel [id: 0xb1427a83, L:/127.0.0.1:62958 - R:localhost/127.0.0.1:62951] 
07:31:02.635 [AsyncHttpClient-1-6] DEBUG org.asynchttpclient.netty.handler.HttpHandler -- Channel Closed: [id: 0xb1427a83, L:/127.0.0.1:62958 ! R:localhost/127.0.0.1:62951] with attribute DISCARD
07:31:02.680 [AsyncHttpClient-1-5] DEBUG org.asynchttpclient.netty.handler.HttpHandler -- 

Request DefaultFullHttpRequest(decodeResult: success, version: HTTP/1.1, content: EmptyByteBufBE)
DELETE /session/325042182552ccaf5d3d114ea0313c26 HTTP/1.1
User-Agent: selenium/4.12.0 (java windows)
Content-Type: application/json; charset=utf-8
host: localhost:45933
accept: */*

Response DefaultHttpResponse(decodeResult: success, version: HTTP/1.1)
HTTP/1.1 200 OK
Content-Length: 14
Content-Type: application/json; charset=utf-8
cache-control: no-cache

07:31:02.681 [AsyncHttpClient-1-5] DEBUG org.asynchttpclient.netty.channel.ChannelManager -- Adding key: http://localhost:45933 for channel [id: 0x63b2f1a8, L:/127.0.0.1:62950 - R:localhost/127.0.0.1:45933]
07:31:02.732 [AsyncHttpClient-1-1] DEBUG org.asynchttpclient.netty.channel.DefaultChannelPool -- Entry count for : http://localhost:45933 : 1
07:31:02.732 [AsyncHttpClient-1-1] DEBUG org.asynchttpclient.netty.channel.DefaultChannelPool -- Entry count for : http://localhost:62951 : 1
07:31:02.732 [AsyncHttpClient-1-1] DEBUG org.asynchttpclient.netty.channel.DefaultChannelPool -- Adding Candidate expired Channel [id: 0xb1427a83, L:/127.0.0.1:62958 ! R:localhost/127.0.0.1:62951] isIdleTimeoutExpired=false isRemotelyClosed=true isTtlExpired=false
07:31:02.732 [AsyncHttpClient-1-1] DEBUG org.asynchttpclient.netty.channel.DefaultChannelPool -- Closing Idle Channel [id: 0xb1427a83, L:/127.0.0.1:62958 ! R:localhost/127.0.0.1:62951]
07:31:02.732 [AsyncHttpClient-1-1] DEBUG org.asynchttpclient.netty.channel.DefaultChannelPool -- Closed 1 connections out of 2 in 0 ms
07:31:02.798 [AsyncHttpClient-1-5] DEBUG org.asynchttpclient.netty.handler.HttpHandler -- Channel Closed: [id: 0x63b2f1a8, L:/127.0.0.1:62950 ! R:localhost/127.0.0.1:45933] with attribute DISCARD
07:31:02.813 [main] DEBUG io.github.bonigarcia.wdm.WebDriverManager -- Using WebDriverManager 5.5.3
07:31:02.822 [main] DEBUG io.github.bonigarcia.wdm.cache.ResolutionCache -- Resolution chrome=131 in cache (valid until 08:30:55 03/01/2025 IST)
07:31:02.822 [main] DEBUG io.github.bonigarcia.wdm.cache.ResolutionCache -- Resolution chrome131=131.0.6778.204 in cache (valid until 14:21:23 03/01/2025 IST)
07:31:02.822 [main] INFO io.github.bonigarcia.wdm.WebDriverManager -- Using chromedriver 131.0.6778.204 (resolved driver for Chrome 131)
07:31:02.827 [main] DEBUG io.github.bonigarcia.wdm.WebDriverManager -- Driver chromedriver 131.0.6778.204 found in cache
07:31:02.828 [main] INFO io.github.bonigarcia.wdm.WebDriverManager -- Exporting webdriver.chrome.driver as C:\Users\sasitharan\.cache\selenium\chromedriver\win64\131.0.6778.204\chromedriver.exe
07:31:02.895 [AsyncHttpClient-1-8] DEBUG org.asynchttpclient.netty.channel.NettyConnectListener -- Using new Channel '[id: 0x9cf6f9ff, L:/127.0.0.1:62971 - R:localhost/127.0.0.1:38728]' for 'POST' to '/session'
07:31:03.645 [AsyncHttpClient-1-8] DEBUG org.asynchttpclient.netty.handler.HttpHandler -- 

Request DefaultHttpRequest(decodeResult: success, version: HTTP/1.1)
POST /session HTTP/1.1
User-Agent: selenium/4.12.0 (java windows)
Content-Length: 254
Content-Type: application/json; charset=utf-8
host: localhost:38728
accept: */*

Response DefaultHttpResponse(decodeResult: success, version: HTTP/1.1)
HTTP/1.1 200 OK
Content-Length: 888
Content-Type: application/json; charset=utf-8
cache-control: no-cache

07:31:03.645 [AsyncHttpClient-1-8] DEBUG org.asynchttpclient.netty.channel.ChannelManager -- Adding key: http://localhost:38728 for channel [id: 0x9cf6f9ff, L:/127.0.0.1:62971 - R:localhost/127.0.0.1:38728]
07:31:03.651 [AsyncHttpClient-1-9] DEBUG org.asynchttpclient.netty.channel.NettyConnectListener -- Using new Channel '[id: 0x882e866a, L:/127.0.0.1:62978 - R:localhost/127.0.0.1:62972]' for 'GET' to '/json/version'
07:31:03.653 [AsyncHttpClient-1-9] DEBUG org.asynchttpclient.netty.handler.HttpHandler -- 

Request DefaultFullHttpRequest(decodeResult: success, version: HTTP/1.1, content: EmptyByteBufBE)
GET /json/version HTTP/1.1
User-Agent: selenium/4.12.0 (java windows)
host: localhost:62972
accept: */*

Response DefaultHttpResponse(decodeResult: success, version: HTTP/1.1)
HTTP/1.1 200 OK
Content-Security-Policy: frame-ancestors 'none'
Content-Length: 424
Content-Type: application/json; charset=UTF-8

07:31:03.654 [AsyncHttpClient-1-9] DEBUG org.asynchttpclient.netty.channel.ChannelManager -- Adding key: http://localhost:62972 for channel [id: 0x882e866a, L:/127.0.0.1:62978 - R:localhost/127.0.0.1:62972]
07:31:03.657 [AsyncHttpClient-1-10] DEBUG org.asynchttpclient.netty.channel.NettyConnectListener -- Using new Channel '[id: 0xbc6183b4, L:/127.0.0.1:62979 - R:localhost/127.0.0.1:62972]' for 'GET' to '/devtools/browser/fcaa0400-9765-46f5-8999-a5b99da9db21'
07:31:03.660 [AsyncHttpClient-1-10] DEBUG org.asynchttpclient.netty.handler.WebSocketHandler -- 

Request DefaultFullHttpRequest(decodeResult: success, version: HTTP/1.1, content: EmptyByteBufBE)
GET /devtools/browser/fcaa0400-9765-46f5-8999-a5b99da9db21 HTTP/1.1
upgrade: websocket
connection: upgrade
sec-websocket-key: nlSu0UOdHAfqt4jvfGPPSQ==
sec-websocket-version: 13
origin: http://localhost:62972
host: localhost:62972
accept: */*
user-agent: AHC/2.1

Response DefaultHttpResponse(decodeResult: success, version: HTTP/1.1)
HTTP/1.1 101 WebSocket Protocol Handshake
Upgrade: WebSocket
Connection: Upgrade
Sec-WebSocket-Accept: WVXe/RYqqK3hq7+U1E6C/eTIOsI=

07:31:03.664 [Forwarding maximizeCurrentWindow on session 2e2f28cd1941bd7d7294d41c41141713 to remote] DEBUG org.asynchttpclient.netty.request.NettyRequestSender -- Using pooled Channel '[id: 0x9cf6f9ff, L:/127.0.0.1:62971 - R:localhost/127.0.0.1:38728]' for 'POST' to 'http://localhost:38728/session/2e2f28cd1941bd7d7294d41c41141713/window/maximize'
07:31:03.664 [Forwarding maximizeCurrentWindow on session 2e2f28cd1941bd7d7294d41c41141713 to remote] DEBUG org.asynchttpclient.netty.request.NettyRequestSender -- Using open Channel [id: 0x9cf6f9ff, L:/127.0.0.1:62971 - R:localhost/127.0.0.1:38728] for POST '/session/2e2f28cd1941bd7d7294d41c41141713/window/maximize'
07:31:03.702 [AsyncHttpClient-1-8] DEBUG org.asynchttpclient.netty.handler.HttpHandler -- 

Request DefaultHttpRequest(decodeResult: success, version: HTTP/1.1)
POST /session/2e2f28cd1941bd7d7294d41c41141713/window/maximize HTTP/1.1
User-Agent: selenium/4.12.0 (java windows)
Content-Length: 3
Content-Type: application/json; charset=utf-8
host: localhost:38728
accept: */*

Response DefaultHttpResponse(decodeResult: success, version: HTTP/1.1)
HTTP/1.1 200 OK
Content-Length: 52
Content-Type: application/json; charset=utf-8
cache-control: no-cache

07:31:03.703 [AsyncHttpClient-1-8] DEBUG org.asynchttpclient.netty.channel.ChannelManager -- Adding key: http://localhost:38728 for channel [id: 0x9cf6f9ff, L:/127.0.0.1:62971 - R:localhost/127.0.0.1:38728]
07:31:03.705 [Forwarding get on session 2e2f28cd1941bd7d7294d41c41141713 to remote] DEBUG org.asynchttpclient.netty.request.NettyRequestSender -- Using pooled Channel '[id: 0x9cf6f9ff, L:/127.0.0.1:62971 - R:localhost/127.0.0.1:38728]' for 'POST' to 'http://localhost:38728/session/2e2f28cd1941bd7d7294d41c41141713/url'
07:31:03.706 [Forwarding get on session 2e2f28cd1941bd7d7294d41c41141713 to remote] DEBUG org.asynchttpclient.netty.request.NettyRequestSender -- Using open Channel [id: 0x9cf6f9ff, L:/127.0.0.1:62971 - R:localhost/127.0.0.1:38728] for POST '/session/2e2f28cd1941bd7d7294d41c41141713/url'
07:31:03.839 [AsyncHttpClient-1-1] DEBUG org.asynchttpclient.netty.channel.DefaultChannelPool -- Entry count for : http://localhost:62972 : 1
07:31:03.839 [AsyncHttpClient-1-1] DEBUG org.asynchttpclient.netty.channel.DefaultChannelPool -- Entry count for : http://localhost:45933 : 1
07:31:03.839 [AsyncHttpClient-1-1] DEBUG org.asynchttpclient.netty.channel.DefaultChannelPool -- Adding Candidate expired Channel [id: 0x63b2f1a8, L:/127.0.0.1:62950 ! R:localhost/127.0.0.1:45933] isIdleTimeoutExpired=false isRemotelyClosed=true isTtlExpired=false
07:31:03.839 [AsyncHttpClient-1-1] DEBUG org.asynchttpclient.netty.channel.DefaultChannelPool -- Closing Idle Channel [id: 0x63b2f1a8, L:/127.0.0.1:62950 ! R:localhost/127.0.0.1:45933]
07:31:03.839 [AsyncHttpClient-1-1] DEBUG org.asynchttpclient.netty.channel.DefaultChannelPool -- Closed 1 connections out of 2 in 0 ms
07:31:04.929 [AsyncHttpClient-1-1] DEBUG org.asynchttpclient.netty.channel.DefaultChannelPool -- Entry count for : http://localhost:62972 : 1
07:31:05.001 [AsyncHttpClient-1-8] DEBUG org.asynchttpclient.netty.handler.HttpHandler -- 

Request DefaultHttpRequest(decodeResult: success, version: HTTP/1.1)
POST /session/2e2f28cd1941bd7d7294d41c41141713/url HTTP/1.1
User-Agent: selenium/4.12.0 (java windows)
Content-Length: 58
Content-Type: application/json; charset=utf-8
host: localhost:38728
accept: */*

Response DefaultHttpResponse(decodeResult: success, version: HTTP/1.1)
HTTP/1.1 200 OK
Content-Length: 14
Content-Type: application/json; charset=utf-8
cache-control: no-cache

07:31:05.001 [AsyncHttpClient-1-8] DEBUG org.asynchttpclient.netty.channel.ChannelManager -- Adding key: http://localhost:38728 for channel [id: 0x9cf6f9ff, L:/127.0.0.1:62971 - R:localhost/127.0.0.1:38728]
07:31:05.009 [Forwarding findElement on session 2e2f28cd1941bd7d7294d41c41141713 to remote] DEBUG org.asynchttpclient.netty.request.NettyRequestSender -- Using pooled Channel '[id: 0x9cf6f9ff, L:/127.0.0.1:62971 - R:localhost/127.0.0.1:38728]' for 'POST' to 'http://localhost:38728/session/2e2f28cd1941bd7d7294d41c41141713/element'
07:31:05.009 [Forwarding findElement on session 2e2f28cd1941bd7d7294d41c41141713 to remote] DEBUG org.asynchttpclient.netty.request.NettyRequestSender -- Using open Channel [id: 0x9cf6f9ff, L:/127.0.0.1:62971 - R:localhost/127.0.0.1:38728] for POST '/session/2e2f28cd1941bd7d7294d41c41141713/element'
07:31:05.030 [AsyncHttpClient-1-8] DEBUG org.asynchttpclient.netty.handler.HttpHandler -- 

Request DefaultHttpRequest(decodeResult: success, version: HTTP/1.1)
POST /session/2e2f28cd1941bd7d7294d41c41141713/element HTTP/1.1
User-Agent: selenium/4.12.0 (java windows)
Content-Length: 59
Content-Type: application/json; charset=utf-8
host: localhost:38728
accept: */*

Response DefaultHttpResponse(decodeResult: success, version: HTTP/1.1)
HTTP/1.1 200 OK
Content-Length: 125
Content-Type: application/json; charset=utf-8
cache-control: no-cache

07:31:05.030 [AsyncHttpClient-1-8] DEBUG org.asynchttpclient.netty.channel.ChannelManager -- Adding key: http://localhost:38728 for channel [id: 0x9cf6f9ff, L:/127.0.0.1:62971 - R:localhost/127.0.0.1:38728]
07:31:05.032 [Forwarding sendKeysToElement on session 2e2f28cd1941bd7d7294d41c41141713 to remote] DEBUG org.asynchttpclient.netty.request.NettyRequestSender -- Using pooled Channel '[id: 0x9cf6f9ff, L:/127.0.0.1:62971 - R:localhost/127.0.0.1:38728]' for 'POST' to 'http://localhost:38728/session/2e2f28cd1941bd7d7294d41c41141713/element/f.0BC868E1FB918D5B4F25ACFB8B72C310.d.E7859A68EAFB3CE8A890770A16F967DA.e.9/value'
07:31:05.032 [Forwarding sendKeysToElement on session 2e2f28cd1941bd7d7294d41c41141713 to remote] DEBUG org.asynchttpclient.netty.request.NettyRequestSender -- Using open Channel [id: 0x9cf6f9ff, L:/127.0.0.1:62971 - R:localhost/127.0.0.1:38728] for POST '/session/2e2f28cd1941bd7d7294d41c41141713/element/f.0BC868E1FB918D5B4F25ACFB8B72C310.d.E7859A68EAFB3CE8A890770A16F967DA.e.9/value'
07:31:05.149 [AsyncHttpClient-1-8] DEBUG org.asynchttpclient.netty.handler.HttpHandler -- 

Request DefaultHttpRequest(decodeResult: success, version: HTTP/1.1)
POST /session/2e2f28cd1941bd7d7294d41c41141713/element/f.0BC868E1FB918D5B4F25ACFB8B72C310.d.E7859A68EAFB3CE8A890770A16F967DA.e.9/value HTTP/1.1
User-Agent: selenium/4.12.0 (java windows)
Content-Length: 228
Content-Type: application/json; charset=utf-8
host: localhost:38728
accept: */*

Response DefaultHttpResponse(decodeResult: success, version: HTTP/1.1)
HTTP/1.1 200 OK
Content-Length: 14
Content-Type: application/json; charset=utf-8
cache-control: no-cache

07:31:05.149 [AsyncHttpClient-1-8] DEBUG org.asynchttpclient.netty.channel.ChannelManager -- Adding key: http://localhost:38728 for channel [id: 0x9cf6f9ff, L:/127.0.0.1:62971 - R:localhost/127.0.0.1:38728]
07:31:05.150 [Forwarding findElement on session 2e2f28cd1941bd7d7294d41c41141713 to remote] DEBUG org.asynchttpclient.netty.request.NettyRequestSender -- Using pooled Channel '[id: 0x9cf6f9ff, L:/127.0.0.1:62971 - R:localhost/127.0.0.1:38728]' for 'POST' to 'http://localhost:38728/session/2e2f28cd1941bd7d7294d41c41141713/element'
07:31:05.150 [Forwarding findElement on session 2e2f28cd1941bd7d7294d41c41141713 to remote] DEBUG org.asynchttpclient.netty.request.NettyRequestSender -- Using open Channel [id: 0x9cf6f9ff, L:/127.0.0.1:62971 - R:localhost/127.0.0.1:38728] for POST '/session/2e2f28cd1941bd7d7294d41c41141713/element'
07:31:05.163 [AsyncHttpClient-1-8] DEBUG org.asynchttpclient.netty.handler.HttpHandler -- 

Request DefaultHttpRequest(decodeResult: success, version: HTTP/1.1)
POST /session/2e2f28cd1941bd7d7294d41c41141713/element HTTP/1.1
User-Agent: selenium/4.12.0 (java windows)
Content-Length: 62
Content-Type: application/json; charset=utf-8
host: localhost:38728
accept: */*

Response DefaultHttpResponse(decodeResult: success, version: HTTP/1.1)
HTTP/1.1 200 OK
Content-Length: 125
Content-Type: application/json; charset=utf-8
cache-control: no-cache

07:31:05.164 [AsyncHttpClient-1-8] DEBUG org.asynchttpclient.netty.channel.ChannelManager -- Adding key: http://localhost:38728 for channel [id: 0x9cf6f9ff, L:/127.0.0.1:62971 - R:localhost/127.0.0.1:38728]
07:31:05.165 [Forwarding sendKeysToElement on session 2e2f28cd1941bd7d7294d41c41141713 to remote] DEBUG org.asynchttpclient.netty.request.NettyRequestSender -- Using pooled Channel '[id: 0x9cf6f9ff, L:/127.0.0.1:62971 - R:localhost/127.0.0.1:38728]' for 'POST' to 'http://localhost:38728/session/2e2f28cd1941bd7d7294d41c41141713/element/f.0BC868E1FB918D5B4F25ACFB8B72C310.d.E7859A68EAFB3CE8A890770A16F967DA.e.4/value'
07:31:05.165 [Forwarding sendKeysToElement on session 2e2f28cd1941bd7d7294d41c41141713 to remote] DEBUG org.asynchttpclient.netty.request.NettyRequestSender -- Using open Channel [id: 0x9cf6f9ff, L:/127.0.0.1:62971 - R:localhost/127.0.0.1:38728] for POST '/session/2e2f28cd1941bd7d7294d41c41141713/element/f.0BC868E1FB918D5B4F25ACFB8B72C310.d.E7859A68EAFB3CE8A890770A16F967DA.e.4/value'
07:31:05.239 [AsyncHttpClient-1-8] DEBUG org.asynchttpclient.netty.handler.HttpHandler -- 

Request DefaultHttpRequest(decodeResult: success, version: HTTP/1.1)
POST /session/2e2f28cd1941bd7d7294d41c41141713/element/f.0BC868E1FB918D5B4F25ACFB8B72C310.d.E7859A68EAFB3CE8A890770A16F967DA.e.4/value HTTP/1.1
User-Agent: selenium/4.12.0 (java windows)
Content-Length: 238
Content-Type: application/json; charset=utf-8
host: localhost:38728
accept: */*

Response DefaultHttpResponse(decodeResult: success, version: HTTP/1.1)
HTTP/1.1 200 OK
Content-Length: 14
Content-Type: application/json; charset=utf-8
cache-control: no-cache

07:31:05.240 [AsyncHttpClient-1-8] DEBUG org.asynchttpclient.netty.channel.ChannelManager -- Adding key: http://localhost:38728 for channel [id: 0x9cf6f9ff, L:/127.0.0.1:62971 - R:localhost/127.0.0.1:38728]
07:31:05.241 [Forwarding findElement on session 2e2f28cd1941bd7d7294d41c41141713 to remote] DEBUG org.asynchttpclient.netty.request.NettyRequestSender -- Using pooled Channel '[id: 0x9cf6f9ff, L:/127.0.0.1:62971 - R:localhost/127.0.0.1:38728]' for 'POST' to 'http://localhost:38728/session/2e2f28cd1941bd7d7294d41c41141713/element'
07:31:05.241 [Forwarding findElement on session 2e2f28cd1941bd7d7294d41c41141713 to remote] DEBUG org.asynchttpclient.netty.request.NettyRequestSender -- Using open Channel [id: 0x9cf6f9ff, L:/127.0.0.1:62971 - R:localhost/127.0.0.1:38728] for POST '/session/2e2f28cd1941bd7d7294d41c41141713/element'
07:31:05.254 [AsyncHttpClient-1-8] DEBUG org.asynchttpclient.netty.handler.HttpHandler -- 

Request DefaultHttpRequest(decodeResult: success, version: HTTP/1.1)
POST /session/2e2f28cd1941bd7d7294d41c41141713/element HTTP/1.1
User-Agent: selenium/4.12.0 (java windows)
Content-Length: 65
Content-Type: application/json; charset=utf-8
host: localhost:38728
accept: */*

Response DefaultHttpResponse(decodeResult: success, version: HTTP/1.1)
HTTP/1.1 200 OK
Content-Length: 126
Content-Type: application/json; charset=utf-8
cache-control: no-cache

07:31:05.255 [AsyncHttpClient-1-8] DEBUG org.asynchttpclient.netty.channel.ChannelManager -- Adding key: http://localhost:38728 for channel [id: 0x9cf6f9ff, L:/127.0.0.1:62971 - R:localhost/127.0.0.1:38728]
07:31:05.255 [Forwarding clickElement on session 2e2f28cd1941bd7d7294d41c41141713 to remote] DEBUG org.asynchttpclient.netty.request.NettyRequestSender -- Using pooled Channel '[id: 0x9cf6f9ff, L:/127.0.0.1:62971 - R:localhost/127.0.0.1:38728]' for 'POST' to 'http://localhost:38728/session/2e2f28cd1941bd7d7294d41c41141713/element/f.0BC868E1FB918D5B4F25ACFB8B72C310.d.E7859A68EAFB3CE8A890770A16F967DA.e.11/click'
07:31:05.255 [Forwarding clickElement on session 2e2f28cd1941bd7d7294d41c41141713 to remote] DEBUG org.asynchttpclient.netty.request.NettyRequestSender -- Using open Channel [id: 0x9cf6f9ff, L:/127.0.0.1:62971 - R:localhost/127.0.0.1:38728] for POST '/session/2e2f28cd1941bd7d7294d41c41141713/element/f.0BC868E1FB918D5B4F25ACFB8B72C310.d.E7859A68EAFB3CE8A890770A16F967DA.e.11/click'
07:31:05.326 [AsyncHttpClient-1-8] DEBUG org.asynchttpclient.netty.handler.HttpHandler -- 

Request DefaultHttpRequest(decodeResult: success, version: HTTP/1.1)
POST /session/2e2f28cd1941bd7d7294d41c41141713/element/f.0BC868E1FB918D5B4F25ACFB8B72C310.d.E7859A68EAFB3CE8A890770A16F967DA.e.11/click HTTP/1.1
User-Agent: selenium/4.12.0 (java windows)
Content-Length: 88
Content-Type: application/json; charset=utf-8
host: localhost:38728
accept: */*

Response DefaultHttpResponse(decodeResult: success, version: HTTP/1.1)
HTTP/1.1 200 OK
Content-Length: 14
Content-Type: application/json; charset=utf-8
cache-control: no-cache

07:31:05.326 [AsyncHttpClient-1-8] DEBUG org.asynchttpclient.netty.channel.ChannelManager -- Adding key: http://localhost:38728 for channel [id: 0x9cf6f9ff, L:/127.0.0.1:62971 - R:localhost/127.0.0.1:38728]
07:31:05.327 [Forwarding getPageSource on session 2e2f28cd1941bd7d7294d41c41141713 to remote] DEBUG org.asynchttpclient.netty.request.NettyRequestSender -- Using pooled Channel '[id: 0x9cf6f9ff, L:/127.0.0.1:62971 - R:localhost/127.0.0.1:38728]' for 'POST' to 'http://localhost:38728/session/2e2f28cd1941bd7d7294d41c41141713/execute/sync'
07:31:05.327 [Forwarding getPageSource on session 2e2f28cd1941bd7d7294d41c41141713 to remote] DEBUG org.asynchttpclient.netty.request.NettyRequestSender -- Using open Channel [id: 0x9cf6f9ff, L:/127.0.0.1:62971 - R:localhost/127.0.0.1:38728] for POST '/session/2e2f28cd1941bd7d7294d41c41141713/execute/sync'
07:31:05.337 [AsyncHttpClient-1-8] DEBUG org.asynchttpclient.netty.handler.HttpHandler -- 

Request DefaultHttpRequest(decodeResult: success, version: HTTP/1.1)
POST /session/2e2f28cd1941bd7d7294d41c41141713/execute/sync HTTP/1.1
User-Agent: selenium/4.12.0 (java windows)
Content-Length: 176
Content-Type: application/json; charset=utf-8
host: localhost:38728
accept: */*

Response DefaultHttpResponse(decodeResult: success, version: HTTP/1.1)
HTTP/1.1 200 OK
Content-Length: 4159
Content-Type: application/json; charset=utf-8
cache-control: no-cache

07:31:05.339 [AsyncHttpClient-1-8] DEBUG org.asynchttpclient.netty.channel.ChannelManager -- Adding key: http://localhost:38728 for channel [id: 0x9cf6f9ff, L:/127.0.0.1:62971 - R:localhost/127.0.0.1:38728]
]]></system-out>
    <system-err><![CDATA[Jan 03, 2025 7:31:03 AM org.openqa.selenium.devtools.CdpVersionFinder findNearestMatch
WARNING: Unable to find CDP implementation matching 131
Jan 03, 2025 7:31:03 AM org.openqa.selenium.chromium.ChromiumDriver lambda$new$5
WARNING: Unable to find version of CDP to use for 131.0.6778.205. You may need to include a dependency on a specific version of the CDP using something similar to `org.seleniumhq.selenium:selenium-devtools-v86:4.12.0` where the version ("v86") matches the version of the chromium-based browser you're using and the version number of the artifact is the same as Selenium's.
]]></system-err>
  </testcase>
  <testcase name="testDuplicateRegistration" classname="UITestCases.BuggyCarsUITests" time="0.843">
    <failure message="expected [true] but found [false]" type="java.lang.AssertionError"><![CDATA[java.lang.AssertionError: expected [true] but found [false]
	at org.testng.Assert.fail(Assert.java:110)
	at org.testng.Assert.failNotEquals(Assert.java:1413)
	at org.testng.Assert.assertTrue(Assert.java:56)
	at org.testng.Assert.assertTrue(Assert.java:66)
	at UITestCases.BuggyCarsUITests.testDuplicateRegistration(BuggyCarsUITests.java:84)
	at java.base/jdk.internal.reflect.NativeMethodAccessorImpl.invoke0(Native Method)
	at java.base/jdk.internal.reflect.NativeMethodAccessorImpl.invoke(NativeMethodAccessorImpl.java:77)
	at java.base/jdk.internal.reflect.DelegatingMethodAccessorImpl.invoke(DelegatingMethodAccessorImpl.java:43)
	at java.base/java.lang.reflect.Method.invoke(Method.java:568)
	at org.testng.internal.invokers.MethodInvocationHelper.invokeMethod(MethodInvocationHelper.java:139)
	at org.testng.internal.invokers.TestInvoker.invokeMethod(TestInvoker.java:677)
	at org.testng.internal.invokers.TestInvoker.invokeTestMethod(TestInvoker.java:221)
	at org.testng.internal.invokers.MethodRunner.runInSequence(MethodRunner.java:50)
	at org.testng.internal.invokers.TestInvoker$MethodInvocationAgent.invoke(TestInvoker.java:969)
	at org.testng.internal.invokers.TestInvoker.invokeTestMethods(TestInvoker.java:194)
	at org.testng.internal.invokers.TestMethodWorker.invokeTestMethods(TestMethodWorker.java:148)
	at org.testng.internal.invokers.TestMethodWorker.run(TestMethodWorker.java:128)
	at java.base/java.util.ArrayList.forEach(ArrayList.java:1511)
	at org.testng.TestRunner.privateRun(TestRunner.java:829)
	at org.testng.TestRunner.run(TestRunner.java:602)
	at org.testng.SuiteRunner.runTest(SuiteRunner.java:437)
	at org.testng.SuiteRunner.runSequentially(SuiteRunner.java:431)
	at org.testng.SuiteRunner.privateRun(SuiteRunner.java:391)
	at org.testng.SuiteRunner.run(SuiteRunner.java:330)
	at org.testng.SuiteRunnerWorker.runSuite(SuiteRunnerWorker.java:52)
	at org.testng.SuiteRunnerWorker.run(SuiteRunnerWorker.java:95)
	at org.testng.TestNG.runSuitesSequentially(TestNG.java:1256)
	at org.testng.TestNG.runSuitesLocally(TestNG.java:1176)
	at org.testng.TestNG.runSuites(TestNG.java:1099)
	at org.testng.TestNG.run(TestNG.java:1067)
	at org.apache.maven.surefire.testng.TestNGExecutor.run(TestNGExecutor.java:324)
	at org.apache.maven.surefire.testng.TestNGXmlTestSuite.execute(TestNGXmlTestSuite.java:74)
	at org.apache.maven.surefire.testng.TestNGProvider.invoke(TestNGProvider.java:123)
	at org.apache.maven.surefire.booter.ForkedBooter.runSuitesInProcess(ForkedBooter.java:456)
	at org.apache.maven.surefire.booter.ForkedBooter.execute(ForkedBooter.java:169)
	at org.apache.maven.surefire.booter.ForkedBooter.run(ForkedBooter.java:595)
	at org.apache.maven.surefire.booter.ForkedBooter.main(ForkedBooter.java:581)
]]></failure>
    <system-out><![CDATA[07:31:05.344 [Driver Command Executor] DEBUG org.asynchttpclient.netty.request.NettyRequestSender -- Using pooled Channel '[id: 0x9cf6f9ff, L:/127.0.0.1:62971 - R:localhost/127.0.0.1:38728]' for 'DELETE' to 'http://localhost:38728/session/2e2f28cd1941bd7d7294d41c41141713'
07:31:05.344 [Driver Command Executor] DEBUG org.asynchttpclient.netty.request.NettyRequestSender -- Using open Channel [id: 0x9cf6f9ff, L:/127.0.0.1:62971 - R:localhost/127.0.0.1:38728] for DELETE '/session/2e2f28cd1941bd7d7294d41c41141713'
07:31:05.344 [AsyncHttpClient-1-10] DEBUG org.asynchttpclient.netty.handler.WebSocketHandler -- Channel Closed: [id: 0xbc6183b4, L:/127.0.0.1:62979 ! R:localhost/127.0.0.1:62972] with attribute DISCARD
07:31:05.448 [AsyncHttpClient-1-9] DEBUG org.asynchttpclient.netty.handler.HttpHandler -- Unexpected I/O exception on channel [id: 0x882e866a, L:/127.0.0.1:62978 - R:localhost/127.0.0.1:62972]
java.net.SocketException: Connection reset
	at java.base/sun.nio.ch.SocketChannelImpl.throwConnectionReset(SocketChannelImpl.java:394)
	at java.base/sun.nio.ch.SocketChannelImpl.read(SocketChannelImpl.java:426)
	at io.netty.buffer.PooledByteBuf.setBytes(PooledByteBuf.java:254)
	at io.netty.buffer.AbstractByteBuf.writeBytes(AbstractByteBuf.java:1132)
	at io.netty.channel.socket.nio.NioSocketChannel.doReadBytes(NioSocketChannel.java:357)
	at io.netty.channel.nio.AbstractNioByteChannel$NioByteUnsafe.read(AbstractNioByteChannel.java:151)
	at io.netty.channel.nio.NioEventLoop.processSelectedKey(NioEventLoop.java:788)
	at io.netty.channel.nio.NioEventLoop.processSelectedKeysOptimized(NioEventLoop.java:724)
	at io.netty.channel.nio.NioEventLoop.processSelectedKeys(NioEventLoop.java:650)
	at io.netty.channel.nio.NioEventLoop.run(NioEventLoop.java:562)
	at io.netty.util.concurrent.SingleThreadEventExecutor$4.run(SingleThreadEventExecutor.java:997)
	at io.netty.util.internal.ThreadExecutorMap$2.run(ThreadExecutorMap.java:74)
	at io.netty.util.concurrent.FastThreadLocalRunnable.run(FastThreadLocalRunnable.java:30)
	at java.base/java.lang.Thread.run(Thread.java:842)
07:31:05.450 [AsyncHttpClient-1-9] DEBUG org.asynchttpclient.netty.channel.ChannelManager -- Closing Channel [id: 0x882e866a, L:/127.0.0.1:62978 - R:localhost/127.0.0.1:62972] 
07:31:05.450 [AsyncHttpClient-1-9] DEBUG org.asynchttpclient.netty.handler.HttpHandler -- Channel Closed: [id: 0x882e866a, L:/127.0.0.1:62978 ! R:localhost/127.0.0.1:62972] with attribute DISCARD
07:31:05.472 [AsyncHttpClient-1-8] DEBUG org.asynchttpclient.netty.handler.HttpHandler -- 

Request DefaultFullHttpRequest(decodeResult: success, version: HTTP/1.1, content: EmptyByteBufBE)
DELETE /session/2e2f28cd1941bd7d7294d41c41141713 HTTP/1.1
User-Agent: selenium/4.12.0 (java windows)
Content-Type: application/json; charset=utf-8
host: localhost:38728
accept: */*

Response DefaultHttpResponse(decodeResult: success, version: HTTP/1.1)
HTTP/1.1 200 OK
Content-Length: 14
Content-Type: application/json; charset=utf-8
cache-control: no-cache

07:31:05.472 [AsyncHttpClient-1-8] DEBUG org.asynchttpclient.netty.channel.ChannelManager -- Adding key: http://localhost:38728 for channel [id: 0x9cf6f9ff, L:/127.0.0.1:62971 - R:localhost/127.0.0.1:38728]
07:31:05.555 [AsyncHttpClient-1-8] DEBUG org.asynchttpclient.netty.handler.HttpHandler -- Channel Closed: [id: 0x9cf6f9ff, L:/127.0.0.1:62971 ! R:localhost/127.0.0.1:38728] with attribute DISCARD
07:31:05.587 [main] DEBUG io.github.bonigarcia.wdm.WebDriverManager -- Using WebDriverManager 5.5.3
07:31:05.596 [main] DEBUG io.github.bonigarcia.wdm.cache.ResolutionCache -- Resolution chrome=131 in cache (valid until 08:30:55 03/01/2025 IST)
07:31:05.596 [main] DEBUG io.github.bonigarcia.wdm.cache.ResolutionCache -- Resolution chrome131=131.0.6778.204 in cache (valid until 14:21:23 03/01/2025 IST)
07:31:05.596 [main] INFO io.github.bonigarcia.wdm.WebDriverManager -- Using chromedriver 131.0.6778.204 (resolved driver for Chrome 131)
07:31:05.598 [main] DEBUG io.github.bonigarcia.wdm.WebDriverManager -- Driver chromedriver 131.0.6778.204 found in cache
07:31:05.598 [main] INFO io.github.bonigarcia.wdm.WebDriverManager -- Exporting webdriver.chrome.driver as C:\Users\sasitharan\.cache\selenium\chromedriver\win64\131.0.6778.204\chromedriver.exe
07:31:05.669 [AsyncHttpClient-1-11] DEBUG org.asynchttpclient.netty.channel.NettyConnectListener -- Using new Channel '[id: 0x17c88177, L:/127.0.0.1:62989 - R:localhost/127.0.0.1:30647]' for 'POST' to '/session'
07:31:06.038 [AsyncHttpClient-1-1] DEBUG org.asynchttpclient.netty.channel.DefaultChannelPool -- Entry count for : http://localhost:62972 : 1
07:31:06.039 [AsyncHttpClient-1-1] DEBUG org.asynchttpclient.netty.channel.DefaultChannelPool -- Entry count for : http://localhost:38728 : 1
07:31:06.039 [AsyncHttpClient-1-1] DEBUG org.asynchttpclient.netty.channel.DefaultChannelPool -- Adding Candidate expired Channel [id: 0x882e866a, L:/127.0.0.1:62978 ! R:localhost/127.0.0.1:62972] isIdleTimeoutExpired=false isRemotelyClosed=true isTtlExpired=false
07:31:06.039 [AsyncHttpClient-1-1] DEBUG org.asynchttpclient.netty.channel.DefaultChannelPool -- Closing Idle Channel [id: 0x882e866a, L:/127.0.0.1:62978 ! R:localhost/127.0.0.1:62972]
07:31:06.039 [AsyncHttpClient-1-1] DEBUG org.asynchttpclient.netty.channel.DefaultChannelPool -- Adding Candidate expired Channel [id: 0x9cf6f9ff, L:/127.0.0.1:62971 ! R:localhost/127.0.0.1:38728] isIdleTimeoutExpired=false isRemotelyClosed=true isTtlExpired=false
07:31:06.039 [AsyncHttpClient-1-1] DEBUG org.asynchttpclient.netty.channel.DefaultChannelPool -- Closing Idle Channel [id: 0x9cf6f9ff, L:/127.0.0.1:62971 ! R:localhost/127.0.0.1:38728]
07:31:06.039 [AsyncHttpClient-1-1] DEBUG org.asynchttpclient.netty.channel.DefaultChannelPool -- Closed 2 connections out of 2 in 0 ms
07:31:06.285 [AsyncHttpClient-1-11] DEBUG org.asynchttpclient.netty.handler.HttpHandler -- 

Request DefaultHttpRequest(decodeResult: success, version: HTTP/1.1)
POST /session HTTP/1.1
User-Agent: selenium/4.12.0 (java windows)
Content-Length: 254
Content-Type: application/json; charset=utf-8
host: localhost:30647
accept: */*

Response DefaultHttpResponse(decodeResult: success, version: HTTP/1.1)
HTTP/1.1 200 OK
Content-Length: 888
Content-Type: application/json; charset=utf-8
cache-control: no-cache

07:31:06.285 [AsyncHttpClient-1-11] DEBUG org.asynchttpclient.netty.channel.ChannelManager -- Adding key: http://localhost:30647 for channel [id: 0x17c88177, L:/127.0.0.1:62989 - R:localhost/127.0.0.1:30647]
07:31:06.294 [AsyncHttpClient-1-12] DEBUG org.asynchttpclient.netty.channel.NettyConnectListener -- Using new Channel '[id: 0xb0117add, L:/127.0.0.1:62996 - R:localhost/127.0.0.1:62990]' for 'GET' to '/json/version'
07:31:06.296 [AsyncHttpClient-1-12] DEBUG org.asynchttpclient.netty.handler.HttpHandler -- 

Request DefaultFullHttpRequest(decodeResult: success, version: HTTP/1.1, content: EmptyByteBufBE)
GET /json/version HTTP/1.1
User-Agent: selenium/4.12.0 (java windows)
host: localhost:62990
accept: */*

Response DefaultHttpResponse(decodeResult: success, version: HTTP/1.1)
HTTP/1.1 200 OK
Content-Security-Policy: frame-ancestors 'none'
Content-Length: 424
Content-Type: application/json; charset=UTF-8

07:31:06.296 [AsyncHttpClient-1-12] DEBUG org.asynchttpclient.netty.channel.ChannelManager -- Adding key: http://localhost:62990 for channel [id: 0xb0117add, L:/127.0.0.1:62996 - R:localhost/127.0.0.1:62990]
07:31:06.300 [AsyncHttpClient-1-13] DEBUG org.asynchttpclient.netty.channel.NettyConnectListener -- Using new Channel '[id: 0x436e734f, L:/127.0.0.1:62997 - R:localhost/127.0.0.1:62990]' for 'GET' to '/devtools/browser/5fca816c-5636-40a6-9591-97dc3027fa3d'
07:31:06.301 [AsyncHttpClient-1-13] DEBUG org.asynchttpclient.netty.handler.WebSocketHandler -- 

Request DefaultFullHttpRequest(decodeResult: success, version: HTTP/1.1, content: EmptyByteBufBE)
GET /devtools/browser/5fca816c-5636-40a6-9591-97dc3027fa3d HTTP/1.1
upgrade: websocket
connection: upgrade
sec-websocket-key: fWlT+buLBv/EIrokeRZx4A==
sec-websocket-version: 13
origin: http://localhost:62990
host: localhost:62990
accept: */*
user-agent: AHC/2.1

Response DefaultHttpResponse(decodeResult: success, version: HTTP/1.1)
HTTP/1.1 101 WebSocket Protocol Handshake
Upgrade: WebSocket
Connection: Upgrade
Sec-WebSocket-Accept: V5IUt1dxbEA0ICRipZreZjNhe88=

07:31:06.306 [Forwarding maximizeCurrentWindow on session 57fec631c717d33eba0f6d128ff6690c to remote] DEBUG org.asynchttpclient.netty.request.NettyRequestSender -- Using pooled Channel '[id: 0x17c88177, L:/127.0.0.1:62989 - R:localhost/127.0.0.1:30647]' for 'POST' to 'http://localhost:30647/session/57fec631c717d33eba0f6d128ff6690c/window/maximize'
07:31:06.306 [Forwarding maximizeCurrentWindow on session 57fec631c717d33eba0f6d128ff6690c to remote] DEBUG org.asynchttpclient.netty.request.NettyRequestSender -- Using open Channel [id: 0x17c88177, L:/127.0.0.1:62989 - R:localhost/127.0.0.1:30647] for POST '/session/57fec631c717d33eba0f6d128ff6690c/window/maximize'
07:31:06.364 [AsyncHttpClient-1-11] DEBUG org.asynchttpclient.netty.handler.HttpHandler -- 

Request DefaultHttpRequest(decodeResult: success, version: HTTP/1.1)
POST /session/57fec631c717d33eba0f6d128ff6690c/window/maximize HTTP/1.1
User-Agent: selenium/4.12.0 (java windows)
Content-Length: 3
Content-Type: application/json; charset=utf-8
host: localhost:30647
accept: */*

Response DefaultHttpResponse(decodeResult: success, version: HTTP/1.1)
HTTP/1.1 200 OK
Content-Length: 52
Content-Type: application/json; charset=utf-8
cache-control: no-cache

07:31:06.364 [AsyncHttpClient-1-11] DEBUG org.asynchttpclient.netty.channel.ChannelManager -- Adding key: http://localhost:30647 for channel [id: 0x17c88177, L:/127.0.0.1:62989 - R:localhost/127.0.0.1:30647]
07:31:06.367 [Forwarding get on session 57fec631c717d33eba0f6d128ff6690c to remote] DEBUG org.asynchttpclient.netty.request.NettyRequestSender -- Using pooled Channel '[id: 0x17c88177, L:/127.0.0.1:62989 - R:localhost/127.0.0.1:30647]' for 'POST' to 'http://localhost:30647/session/57fec631c717d33eba0f6d128ff6690c/url'
07:31:06.367 [Forwarding get on session 57fec631c717d33eba0f6d128ff6690c to remote] DEBUG org.asynchttpclient.netty.request.NettyRequestSender -- Using open Channel [id: 0x17c88177, L:/127.0.0.1:62989 - R:localhost/127.0.0.1:30647] for POST '/session/57fec631c717d33eba0f6d128ff6690c/url'
07:31:07.133 [AsyncHttpClient-1-1] DEBUG org.asynchttpclient.netty.channel.DefaultChannelPool -- Entry count for : http://localhost:62990 : 1
07:31:07.863 [AsyncHttpClient-1-11] DEBUG org.asynchttpclient.netty.handler.HttpHandler -- 

Request DefaultHttpRequest(decodeResult: success, version: HTTP/1.1)
POST /session/57fec631c717d33eba0f6d128ff6690c/url HTTP/1.1
User-Agent: selenium/4.12.0 (java windows)
Content-Length: 58
Content-Type: application/json; charset=utf-8
host: localhost:30647
accept: */*

Response DefaultHttpResponse(decodeResult: success, version: HTTP/1.1)
HTTP/1.1 200 OK
Content-Length: 14
Content-Type: application/json; charset=utf-8
cache-control: no-cache

07:31:07.863 [AsyncHttpClient-1-11] DEBUG org.asynchttpclient.netty.channel.ChannelManager -- Adding key: http://localhost:30647 for channel [id: 0x17c88177, L:/127.0.0.1:62989 - R:localhost/127.0.0.1:30647]
07:31:07.869 [Forwarding findElement on session 57fec631c717d33eba0f6d128ff6690c to remote] DEBUG org.asynchttpclient.netty.request.NettyRequestSender -- Using pooled Channel '[id: 0x17c88177, L:/127.0.0.1:62989 - R:localhost/127.0.0.1:30647]' for 'POST' to 'http://localhost:30647/session/57fec631c717d33eba0f6d128ff6690c/element'
07:31:07.869 [Forwarding findElement on session 57fec631c717d33eba0f6d128ff6690c to remote] DEBUG org.asynchttpclient.netty.request.NettyRequestSender -- Using open Channel [id: 0x17c88177, L:/127.0.0.1:62989 - R:localhost/127.0.0.1:30647] for POST '/session/57fec631c717d33eba0f6d128ff6690c/element'
07:31:07.908 [AsyncHttpClient-1-11] DEBUG org.asynchttpclient.netty.handler.HttpHandler -- 

Request DefaultHttpRequest(decodeResult: success, version: HTTP/1.1)
POST /session/57fec631c717d33eba0f6d128ff6690c/element HTTP/1.1
User-Agent: selenium/4.12.0 (java windows)
Content-Length: 49
Content-Type: application/json; charset=utf-8
host: localhost:30647
accept: */*

Response DefaultHttpResponse(decodeResult: success, version: HTTP/1.1)
HTTP/1.1 200 OK
Content-Length: 126
Content-Type: application/json; charset=utf-8
cache-control: no-cache

07:31:07.908 [AsyncHttpClient-1-11] DEBUG org.asynchttpclient.netty.channel.ChannelManager -- Adding key: http://localhost:30647 for channel [id: 0x17c88177, L:/127.0.0.1:62989 - R:localhost/127.0.0.1:30647]
07:31:07.910 [Forwarding clickElement on session 57fec631c717d33eba0f6d128ff6690c to remote] DEBUG org.asynchttpclient.netty.request.NettyRequestSender -- Using pooled Channel '[id: 0x17c88177, L:/127.0.0.1:62989 - R:localhost/127.0.0.1:30647]' for 'POST' to 'http://localhost:30647/session/57fec631c717d33eba0f6d128ff6690c/element/f.82C3E0A1C0589847F7935F2C5C0C35CD.d.A28C74AD14D38DBEF9B11E5C57BECC36.e.14/click'
07:31:07.910 [Forwarding clickElement on session 57fec631c717d33eba0f6d128ff6690c to remote] DEBUG org.asynchttpclient.netty.request.NettyRequestSender -- Using open Channel [id: 0x17c88177, L:/127.0.0.1:62989 - R:localhost/127.0.0.1:30647] for POST '/session/57fec631c717d33eba0f6d128ff6690c/element/f.82C3E0A1C0589847F7935F2C5C0C35CD.d.A28C74AD14D38DBEF9B11E5C57BECC36.e.14/click'
07:31:08.150 [AsyncHttpClient-1-11] DEBUG org.asynchttpclient.netty.handler.HttpHandler -- 

Request DefaultHttpRequest(decodeResult: success, version: HTTP/1.1)
POST /session/57fec631c717d33eba0f6d128ff6690c/element/f.82C3E0A1C0589847F7935F2C5C0C35CD.d.A28C74AD14D38DBEF9B11E5C57BECC36.e.14/click HTTP/1.1
User-Agent: selenium/4.12.0 (java windows)
Content-Length: 88
Content-Type: application/json; charset=utf-8
host: localhost:30647
accept: */*

Response DefaultHttpResponse(decodeResult: success, version: HTTP/1.1)
HTTP/1.1 200 OK
Content-Length: 14
Content-Type: application/json; charset=utf-8
cache-control: no-cache

07:31:08.150 [AsyncHttpClient-1-11] DEBUG org.asynchttpclient.netty.channel.ChannelManager -- Adding key: http://localhost:30647 for channel [id: 0x17c88177, L:/127.0.0.1:62989 - R:localhost/127.0.0.1:30647]
07:31:08.152 [Forwarding findElement on session 57fec631c717d33eba0f6d128ff6690c to remote] DEBUG org.asynchttpclient.netty.request.NettyRequestSender -- Using pooled Channel '[id: 0x17c88177, L:/127.0.0.1:62989 - R:localhost/127.0.0.1:30647]' for 'POST' to 'http://localhost:30647/session/57fec631c717d33eba0f6d128ff6690c/element'
07:31:08.152 [Forwarding findElement on session 57fec631c717d33eba0f6d128ff6690c to remote] DEBUG org.asynchttpclient.netty.request.NettyRequestSender -- Using open Channel [id: 0x17c88177, L:/127.0.0.1:62989 - R:localhost/127.0.0.1:30647] for POST '/session/57fec631c717d33eba0f6d128ff6690c/element'
07:31:08.182 [AsyncHttpClient-1-11] DEBUG org.asynchttpclient.netty.handler.HttpHandler -- 

Request DefaultHttpRequest(decodeResult: success, version: HTTP/1.1)
POST /session/57fec631c717d33eba0f6d128ff6690c/element HTTP/1.1
User-Agent: selenium/4.12.0 (java windows)
Content-Length: 53
Content-Type: application/json; charset=utf-8
host: localhost:30647
accept: */*

Response DefaultHttpResponse(decodeResult: success, version: HTTP/1.1)
HTTP/1.1 200 OK
Content-Length: 126
Content-Type: application/json; charset=utf-8
cache-control: no-cache

07:31:08.182 [AsyncHttpClient-1-11] DEBUG org.asynchttpclient.netty.channel.ChannelManager -- Adding key: http://localhost:30647 for channel [id: 0x17c88177, L:/127.0.0.1:62989 - R:localhost/127.0.0.1:30647]
07:31:08.184 [Forwarding sendKeysToElement on session 57fec631c717d33eba0f6d128ff6690c to remote] DEBUG org.asynchttpclient.netty.request.NettyRequestSender -- Using pooled Channel '[id: 0x17c88177, L:/127.0.0.1:62989 - R:localhost/127.0.0.1:30647]' for 'POST' to 'http://localhost:30647/session/57fec631c717d33eba0f6d128ff6690c/element/f.82C3E0A1C0589847F7935F2C5C0C35CD.d.A28C74AD14D38DBEF9B11E5C57BECC36.e.25/value'
07:31:08.184 [Forwarding sendKeysToElement on session 57fec631c717d33eba0f6d128ff6690c to remote] DEBUG org.asynchttpclient.netty.request.NettyRequestSender -- Using open Channel [id: 0x17c88177, L:/127.0.0.1:62989 - R:localhost/127.0.0.1:30647] for POST '/session/57fec631c717d33eba0f6d128ff6690c/element/f.82C3E0A1C0589847F7935F2C5C0C35CD.d.A28C74AD14D38DBEF9B11E5C57BECC36.e.25/value'
07:31:08.229 [AsyncHttpClient-1-1] DEBUG org.asynchttpclient.netty.channel.DefaultChannelPool -- Entry count for : http://localhost:62990 : 1
07:31:08.297 [AsyncHttpClient-1-11] DEBUG org.asynchttpclient.netty.handler.HttpHandler -- 

Request DefaultHttpRequest(decodeResult: success, version: HTTP/1.1)
POST /session/57fec631c717d33eba0f6d128ff6690c/element/f.82C3E0A1C0589847F7935F2C5C0C35CD.d.A28C74AD14D38DBEF9B11E5C57BECC36.e.25/value HTTP/1.1
User-Agent: selenium/4.12.0 (java windows)
Content-Length: 229
Content-Type: application/json; charset=utf-8
host: localhost:30647
accept: */*

Response DefaultHttpResponse(decodeResult: success, version: HTTP/1.1)
HTTP/1.1 200 OK
Content-Length: 14
Content-Type: application/json; charset=utf-8
cache-control: no-cache

07:31:08.297 [AsyncHttpClient-1-11] DEBUG org.asynchttpclient.netty.channel.ChannelManager -- Adding key: http://localhost:30647 for channel [id: 0x17c88177, L:/127.0.0.1:62989 - R:localhost/127.0.0.1:30647]
07:31:08.298 [Forwarding findElement on session 57fec631c717d33eba0f6d128ff6690c to remote] DEBUG org.asynchttpclient.netty.request.NettyRequestSender -- Using pooled Channel '[id: 0x17c88177, L:/127.0.0.1:62989 - R:localhost/127.0.0.1:30647]' for 'POST' to 'http://localhost:30647/session/57fec631c717d33eba0f6d128ff6690c/element'
07:31:08.298 [Forwarding findElement on session 57fec631c717d33eba0f6d128ff6690c to remote] DEBUG org.asynchttpclient.netty.request.NettyRequestSender -- Using open Channel [id: 0x17c88177, L:/127.0.0.1:62989 - R:localhost/127.0.0.1:30647] for POST '/session/57fec631c717d33eba0f6d128ff6690c/element'
07:31:08.311 [AsyncHttpClient-1-11] DEBUG org.asynchttpclient.netty.handler.HttpHandler -- 

Request DefaultHttpRequest(decodeResult: success, version: HTTP/1.1)
POST /session/57fec631c717d33eba0f6d128ff6690c/element HTTP/1.1
User-Agent: selenium/4.12.0 (java windows)
Content-Length: 54
Content-Type: application/json; charset=utf-8
host: localhost:30647
accept: */*

Response DefaultHttpResponse(decodeResult: success, version: HTTP/1.1)
HTTP/1.1 200 OK
Content-Length: 126
Content-Type: application/json; charset=utf-8
cache-control: no-cache

07:31:08.311 [AsyncHttpClient-1-11] DEBUG org.asynchttpclient.netty.channel.ChannelManager -- Adding key: http://localhost:30647 for channel [id: 0x17c88177, L:/127.0.0.1:62989 - R:localhost/127.0.0.1:30647]
07:31:08.312 [Forwarding sendKeysToElement on session 57fec631c717d33eba0f6d128ff6690c to remote] DEBUG org.asynchttpclient.netty.request.NettyRequestSender -- Using pooled Channel '[id: 0x17c88177, L:/127.0.0.1:62989 - R:localhost/127.0.0.1:30647]' for 'POST' to 'http://localhost:30647/session/57fec631c717d33eba0f6d128ff6690c/element/f.82C3E0A1C0589847F7935F2C5C0C35CD.d.A28C74AD14D38DBEF9B11E5C57BECC36.e.27/value'
07:31:08.313 [Forwarding sendKeysToElement on session 57fec631c717d33eba0f6d128ff6690c to remote] DEBUG org.asynchttpclient.netty.request.NettyRequestSender -- Using open Channel [id: 0x17c88177, L:/127.0.0.1:62989 - R:localhost/127.0.0.1:30647] for POST '/session/57fec631c717d33eba0f6d128ff6690c/element/f.82C3E0A1C0589847F7935F2C5C0C35CD.d.A28C74AD14D38DBEF9B11E5C57BECC36.e.27/value'
07:31:08.368 [AsyncHttpClient-1-11] DEBUG org.asynchttpclient.netty.handler.HttpHandler -- 

Request DefaultHttpRequest(decodeResult: success, version: HTTP/1.1)
POST /session/57fec631c717d33eba0f6d128ff6690c/element/f.82C3E0A1C0589847F7935F2C5C0C35CD.d.A28C74AD14D38DBEF9B11E5C57BECC36.e.27/value HTTP/1.1
User-Agent: selenium/4.12.0 (java windows)
Content-Length: 159
Content-Type: application/json; charset=utf-8
host: localhost:30647
accept: */*

Response DefaultHttpResponse(decodeResult: success, version: HTTP/1.1)
HTTP/1.1 200 OK
Content-Length: 14
Content-Type: application/json; charset=utf-8
cache-control: no-cache

07:31:08.368 [AsyncHttpClient-1-11] DEBUG org.asynchttpclient.netty.channel.ChannelManager -- Adding key: http://localhost:30647 for channel [id: 0x17c88177, L:/127.0.0.1:62989 - R:localhost/127.0.0.1:30647]
07:31:08.370 [Forwarding findElement on session 57fec631c717d33eba0f6d128ff6690c to remote] DEBUG org.asynchttpclient.netty.request.NettyRequestSender -- Using pooled Channel '[id: 0x17c88177, L:/127.0.0.1:62989 - R:localhost/127.0.0.1:30647]' for 'POST' to 'http://localhost:30647/session/57fec631c717d33eba0f6d128ff6690c/element'
07:31:08.370 [Forwarding findElement on session 57fec631c717d33eba0f6d128ff6690c to remote] DEBUG org.asynchttpclient.netty.request.NettyRequestSender -- Using open Channel [id: 0x17c88177, L:/127.0.0.1:62989 - R:localhost/127.0.0.1:30647] for POST '/session/57fec631c717d33eba0f6d128ff6690c/element'
07:31:08.384 [AsyncHttpClient-1-11] DEBUG org.asynchttpclient.netty.handler.HttpHandler -- 

Request DefaultHttpRequest(decodeResult: success, version: HTTP/1.1)
POST /session/57fec631c717d33eba0f6d128ff6690c/element HTTP/1.1
User-Agent: selenium/4.12.0 (java windows)
Content-Length: 53
Content-Type: application/json; charset=utf-8
host: localhost:30647
accept: */*

Response DefaultHttpResponse(decodeResult: success, version: HTTP/1.1)
HTTP/1.1 200 OK
Content-Length: 126
Content-Type: application/json; charset=utf-8
cache-control: no-cache

07:31:08.384 [AsyncHttpClient-1-11] DEBUG org.asynchttpclient.netty.channel.ChannelManager -- Adding key: http://localhost:30647 for channel [id: 0x17c88177, L:/127.0.0.1:62989 - R:localhost/127.0.0.1:30647]
07:31:08.385 [Forwarding sendKeysToElement on session 57fec631c717d33eba0f6d128ff6690c to remote] DEBUG org.asynchttpclient.netty.request.NettyRequestSender -- Using pooled Channel '[id: 0x17c88177, L:/127.0.0.1:62989 - R:localhost/127.0.0.1:30647]' for 'POST' to 'http://localhost:30647/session/57fec631c717d33eba0f6d128ff6690c/element/f.82C3E0A1C0589847F7935F2C5C0C35CD.d.A28C74AD14D38DBEF9B11E5C57BECC36.e.28/value'
07:31:08.385 [Forwarding sendKeysToElement on session 57fec631c717d33eba0f6d128ff6690c to remote] DEBUG org.asynchttpclient.netty.request.NettyRequestSender -- Using open Channel [id: 0x17c88177, L:/127.0.0.1:62989 - R:localhost/127.0.0.1:30647] for POST '/session/57fec631c717d33eba0f6d128ff6690c/element/f.82C3E0A1C0589847F7935F2C5C0C35CD.d.A28C74AD14D38DBEF9B11E5C57BECC36.e.28/value'
07:31:08.433 [AsyncHttpClient-1-11] DEBUG org.asynchttpclient.netty.handler.HttpHandler -- 

Request DefaultHttpRequest(decodeResult: success, version: HTTP/1.1)
POST /session/57fec631c717d33eba0f6d128ff6690c/element/f.82C3E0A1C0589847F7935F2C5C0C35CD.d.A28C74AD14D38DBEF9B11E5C57BECC36.e.28/value HTTP/1.1
User-Agent: selenium/4.12.0 (java windows)
Content-Length: 159
Content-Type: application/json; charset=utf-8
host: localhost:30647
accept: */*

Response DefaultHttpResponse(decodeResult: success, version: HTTP/1.1)
HTTP/1.1 200 OK
Content-Length: 14
Content-Type: application/json; charset=utf-8
cache-control: no-cache

07:31:08.433 [AsyncHttpClient-1-11] DEBUG org.asynchttpclient.netty.channel.ChannelManager -- Adding key: http://localhost:30647 for channel [id: 0x17c88177, L:/127.0.0.1:62989 - R:localhost/127.0.0.1:30647]
07:31:08.434 [Forwarding findElement on session 57fec631c717d33eba0f6d128ff6690c to remote] DEBUG org.asynchttpclient.netty.request.NettyRequestSender -- Using pooled Channel '[id: 0x17c88177, L:/127.0.0.1:62989 - R:localhost/127.0.0.1:30647]' for 'POST' to 'http://localhost:30647/session/57fec631c717d33eba0f6d128ff6690c/element'
07:31:08.435 [Forwarding findElement on session 57fec631c717d33eba0f6d128ff6690c to remote] DEBUG org.asynchttpclient.netty.request.NettyRequestSender -- Using open Channel [id: 0x17c88177, L:/127.0.0.1:62989 - R:localhost/127.0.0.1:30647] for POST '/session/57fec631c717d33eba0f6d128ff6690c/element'
07:31:08.448 [AsyncHttpClient-1-11] DEBUG org.asynchttpclient.netty.handler.HttpHandler -- 

Request DefaultHttpRequest(decodeResult: success, version: HTTP/1.1)
POST /session/57fec631c717d33eba0f6d128ff6690c/element HTTP/1.1
User-Agent: selenium/4.12.0 (java windows)
Content-Length: 53
Content-Type: application/json; charset=utf-8
host: localhost:30647
accept: */*

Response DefaultHttpResponse(decodeResult: success, version: HTTP/1.1)
HTTP/1.1 200 OK
Content-Length: 126
Content-Type: application/json; charset=utf-8
cache-control: no-cache

07:31:08.448 [AsyncHttpClient-1-11] DEBUG org.asynchttpclient.netty.channel.ChannelManager -- Adding key: http://localhost:30647 for channel [id: 0x17c88177, L:/127.0.0.1:62989 - R:localhost/127.0.0.1:30647]
07:31:08.448 [Forwarding sendKeysToElement on session 57fec631c717d33eba0f6d128ff6690c to remote] DEBUG org.asynchttpclient.netty.request.NettyRequestSender -- Using pooled Channel '[id: 0x17c88177, L:/127.0.0.1:62989 - R:localhost/127.0.0.1:30647]' for 'POST' to 'http://localhost:30647/session/57fec631c717d33eba0f6d128ff6690c/element/f.82C3E0A1C0589847F7935F2C5C0C35CD.d.A28C74AD14D38DBEF9B11E5C57BECC36.e.15/value'
07:31:08.448 [Forwarding sendKeysToElement on session 57fec631c717d33eba0f6d128ff6690c to remote] DEBUG org.asynchttpclient.netty.request.NettyRequestSender -- Using open Channel [id: 0x17c88177, L:/127.0.0.1:62989 - R:localhost/127.0.0.1:30647] for POST '/session/57fec631c717d33eba0f6d128ff6690c/element/f.82C3E0A1C0589847F7935F2C5C0C35CD.d.A28C74AD14D38DBEF9B11E5C57BECC36.e.15/value'
07:31:08.517 [AsyncHttpClient-1-11] DEBUG org.asynchttpclient.netty.handler.HttpHandler -- 

Request DefaultHttpRequest(decodeResult: success, version: HTTP/1.1)
POST /session/57fec631c717d33eba0f6d128ff6690c/element/f.82C3E0A1C0589847F7935F2C5C0C35CD.d.A28C74AD14D38DBEF9B11E5C57BECC36.e.15/value HTTP/1.1
User-Agent: selenium/4.12.0 (java windows)
Content-Length: 239
Content-Type: application/json; charset=utf-8
host: localhost:30647
accept: */*

Response DefaultHttpResponse(decodeResult: success, version: HTTP/1.1)
HTTP/1.1 200 OK
Content-Length: 14
Content-Type: application/json; charset=utf-8
cache-control: no-cache

07:31:08.517 [AsyncHttpClient-1-11] DEBUG org.asynchttpclient.netty.channel.ChannelManager -- Adding key: http://localhost:30647 for channel [id: 0x17c88177, L:/127.0.0.1:62989 - R:localhost/127.0.0.1:30647]
07:31:08.518 [Forwarding findElement on session 57fec631c717d33eba0f6d128ff6690c to remote] DEBUG org.asynchttpclient.netty.request.NettyRequestSender -- Using pooled Channel '[id: 0x17c88177, L:/127.0.0.1:62989 - R:localhost/127.0.0.1:30647]' for 'POST' to 'http://localhost:30647/session/57fec631c717d33eba0f6d128ff6690c/element'
07:31:08.518 [Forwarding findElement on session 57fec631c717d33eba0f6d128ff6690c to remote] DEBUG org.asynchttpclient.netty.request.NettyRequestSender -- Using open Channel [id: 0x17c88177, L:/127.0.0.1:62989 - R:localhost/127.0.0.1:30647] for POST '/session/57fec631c717d33eba0f6d128ff6690c/element'
07:31:08.533 [AsyncHttpClient-1-11] DEBUG org.asynchttpclient.netty.handler.HttpHandler -- 

Request DefaultHttpRequest(decodeResult: success, version: HTTP/1.1)
POST /session/57fec631c717d33eba0f6d128ff6690c/element HTTP/1.1
User-Agent: selenium/4.12.0 (java windows)
Content-Length: 60
Content-Type: application/json; charset=utf-8
host: localhost:30647
accept: */*

Response DefaultHttpResponse(decodeResult: success, version: HTTP/1.1)
HTTP/1.1 200 OK
Content-Length: 126
Content-Type: application/json; charset=utf-8
cache-control: no-cache

07:31:08.533 [AsyncHttpClient-1-11] DEBUG org.asynchttpclient.netty.channel.ChannelManager -- Adding key: http://localhost:30647 for channel [id: 0x17c88177, L:/127.0.0.1:62989 - R:localhost/127.0.0.1:30647]
07:31:08.534 [Forwarding sendKeysToElement on session 57fec631c717d33eba0f6d128ff6690c to remote] DEBUG org.asynchttpclient.netty.request.NettyRequestSender -- Using pooled Channel '[id: 0x17c88177, L:/127.0.0.1:62989 - R:localhost/127.0.0.1:30647]' for 'POST' to 'http://localhost:30647/session/57fec631c717d33eba0f6d128ff6690c/element/f.82C3E0A1C0589847F7935F2C5C0C35CD.d.A28C74AD14D38DBEF9B11E5C57BECC36.e.16/value'
07:31:08.534 [Forwarding sendKeysToElement on session 57fec631c717d33eba0f6d128ff6690c to remote] DEBUG org.asynchttpclient.netty.request.NettyRequestSender -- Using open Channel [id: 0x17c88177, L:/127.0.0.1:62989 - R:localhost/127.0.0.1:30647] for POST '/session/57fec631c717d33eba0f6d128ff6690c/element/f.82C3E0A1C0589847F7935F2C5C0C35CD.d.A28C74AD14D38DBEF9B11E5C57BECC36.e.16/value'
07:31:08.606 [AsyncHttpClient-1-11] DEBUG org.asynchttpclient.netty.handler.HttpHandler -- 

Request DefaultHttpRequest(decodeResult: success, version: HTTP/1.1)
POST /session/57fec631c717d33eba0f6d128ff6690c/element/f.82C3E0A1C0589847F7935F2C5C0C35CD.d.A28C74AD14D38DBEF9B11E5C57BECC36.e.16/value HTTP/1.1
User-Agent: selenium/4.12.0 (java windows)
Content-Length: 239
Content-Type: application/json; charset=utf-8
host: localhost:30647
accept: */*

Response DefaultHttpResponse(decodeResult: success, version: HTTP/1.1)
HTTP/1.1 200 OK
Content-Length: 14
Content-Type: application/json; charset=utf-8
cache-control: no-cache

07:31:08.606 [AsyncHttpClient-1-11] DEBUG org.asynchttpclient.netty.channel.ChannelManager -- Adding key: http://localhost:30647 for channel [id: 0x17c88177, L:/127.0.0.1:62989 - R:localhost/127.0.0.1:30647]
07:31:08.607 [Forwarding findElement on session 57fec631c717d33eba0f6d128ff6690c to remote] DEBUG org.asynchttpclient.netty.request.NettyRequestSender -- Using pooled Channel '[id: 0x17c88177, L:/127.0.0.1:62989 - R:localhost/127.0.0.1:30647]' for 'POST' to 'http://localhost:30647/session/57fec631c717d33eba0f6d128ff6690c/element'
07:31:08.607 [Forwarding findElement on session 57fec631c717d33eba0f6d128ff6690c to remote] DEBUG org.asynchttpclient.netty.request.NettyRequestSender -- Using open Channel [id: 0x17c88177, L:/127.0.0.1:62989 - R:localhost/127.0.0.1:30647] for POST '/session/57fec631c717d33eba0f6d128ff6690c/element'
07:31:08.621 [AsyncHttpClient-1-11] DEBUG org.asynchttpclient.netty.handler.HttpHandler -- 

Request DefaultHttpRequest(decodeResult: success, version: HTTP/1.1)
POST /session/57fec631c717d33eba0f6d128ff6690c/element HTTP/1.1
User-Agent: selenium/4.12.0 (java windows)
Content-Length: 65
Content-Type: application/json; charset=utf-8
host: localhost:30647
accept: */*

Response DefaultHttpResponse(decodeResult: success, version: HTTP/1.1)
HTTP/1.1 200 OK
Content-Length: 125
Content-Type: application/json; charset=utf-8
cache-control: no-cache

07:31:08.621 [AsyncHttpClient-1-11] DEBUG org.asynchttpclient.netty.channel.ChannelManager -- Adding key: http://localhost:30647 for channel [id: 0x17c88177, L:/127.0.0.1:62989 - R:localhost/127.0.0.1:30647]
07:31:08.622 [Forwarding clickElement on session 57fec631c717d33eba0f6d128ff6690c to remote] DEBUG org.asynchttpclient.netty.request.NettyRequestSender -- Using pooled Channel '[id: 0x17c88177, L:/127.0.0.1:62989 - R:localhost/127.0.0.1:30647]' for 'POST' to 'http://localhost:30647/session/57fec631c717d33eba0f6d128ff6690c/element/f.82C3E0A1C0589847F7935F2C5C0C35CD.d.A28C74AD14D38DBEF9B11E5C57BECC36.e.7/click'
07:31:08.622 [Forwarding clickElement on session 57fec631c717d33eba0f6d128ff6690c to remote] DEBUG org.asynchttpclient.netty.request.NettyRequestSender -- Using open Channel [id: 0x17c88177, L:/127.0.0.1:62989 - R:localhost/127.0.0.1:30647] for POST '/session/57fec631c717d33eba0f6d128ff6690c/element/f.82C3E0A1C0589847F7935F2C5C0C35CD.d.A28C74AD14D38DBEF9B11E5C57BECC36.e.7/click'
07:31:08.691 [AsyncHttpClient-1-11] DEBUG org.asynchttpclient.netty.handler.HttpHandler -- 

Request DefaultHttpRequest(decodeResult: success, version: HTTP/1.1)
POST /session/57fec631c717d33eba0f6d128ff6690c/element/f.82C3E0A1C0589847F7935F2C5C0C35CD.d.A28C74AD14D38DBEF9B11E5C57BECC36.e.7/click HTTP/1.1
User-Agent: selenium/4.12.0 (java windows)
Content-Length: 87
Content-Type: application/json; charset=utf-8
host: localhost:30647
accept: */*

Response DefaultHttpResponse(decodeResult: success, version: HTTP/1.1)
HTTP/1.1 200 OK
Content-Length: 14
Content-Type: application/json; charset=utf-8
cache-control: no-cache

07:31:08.691 [AsyncHttpClient-1-11] DEBUG org.asynchttpclient.netty.channel.ChannelManager -- Adding key: http://localhost:30647 for channel [id: 0x17c88177, L:/127.0.0.1:62989 - R:localhost/127.0.0.1:30647]
07:31:08.692 [Forwarding getPageSource on session 57fec631c717d33eba0f6d128ff6690c to remote] DEBUG org.asynchttpclient.netty.request.NettyRequestSender -- Using pooled Channel '[id: 0x17c88177, L:/127.0.0.1:62989 - R:localhost/127.0.0.1:30647]' for 'POST' to 'http://localhost:30647/session/57fec631c717d33eba0f6d128ff6690c/execute/sync'
07:31:08.692 [Forwarding getPageSource on session 57fec631c717d33eba0f6d128ff6690c to remote] DEBUG org.asynchttpclient.netty.request.NettyRequestSender -- Using open Channel [id: 0x17c88177, L:/127.0.0.1:62989 - R:localhost/127.0.0.1:30647] for POST '/session/57fec631c717d33eba0f6d128ff6690c/execute/sync'
07:31:08.704 [AsyncHttpClient-1-11] DEBUG org.asynchttpclient.netty.handler.HttpHandler -- 

Request DefaultHttpRequest(decodeResult: success, version: HTTP/1.1)
POST /session/57fec631c717d33eba0f6d128ff6690c/execute/sync HTTP/1.1
User-Agent: selenium/4.12.0 (java windows)
Content-Length: 176
Content-Type: application/json; charset=utf-8
host: localhost:30647
accept: */*

Response DefaultHttpResponse(decodeResult: success, version: HTTP/1.1)
HTTP/1.1 200 OK
Content-Length: 7571
Content-Type: application/json; charset=utf-8
cache-control: no-cache

07:31:08.706 [AsyncHttpClient-1-11] DEBUG org.asynchttpclient.netty.channel.ChannelManager -- Adding key: http://localhost:30647 for channel [id: 0x17c88177, L:/127.0.0.1:62989 - R:localhost/127.0.0.1:30647]
]]></system-out>
    <system-err><![CDATA[Jan 03, 2025 7:31:06 AM org.openqa.selenium.devtools.CdpVersionFinder findNearestMatch
WARNING: Unable to find CDP implementation matching 131
Jan 03, 2025 7:31:06 AM org.openqa.selenium.chromium.ChromiumDriver lambda$new$5
WARNING: Unable to find version of CDP to use for 131.0.6778.205. You may need to include a dependency on a specific version of the CDP using something similar to `org.seleniumhq.selenium:selenium-devtools-v86:4.12.0` where the version ("v86") matches the version of the chromium-based browser you're using and the version number of the artifact is the same as Selenium's.
]]></system-err>
  </testcase>
  <testcase name="testLoginWithValidCredentials" classname="UITestCases.BuggyCarsUITests" time="0.635">
    <failure message="expected [true] but found [false]" type="java.lang.AssertionError"><![CDATA[java.lang.AssertionError: expected [true] but found [false]
	at org.testng.Assert.fail(Assert.java:110)
	at org.testng.Assert.failNotEquals(Assert.java:1413)
	at org.testng.Assert.assertTrue(Assert.java:56)
	at org.testng.Assert.assertTrue(Assert.java:66)
	at UITestCases.BuggyCarsUITests.testLoginWithValidCredentials(BuggyCarsUITests.java:44)
	at java.base/jdk.internal.reflect.NativeMethodAccessorImpl.invoke0(Native Method)
	at java.base/jdk.internal.reflect.NativeMethodAccessorImpl.invoke(NativeMethodAccessorImpl.java:77)
	at java.base/jdk.internal.reflect.DelegatingMethodAccessorImpl.invoke(DelegatingMethodAccessorImpl.java:43)
	at java.base/java.lang.reflect.Method.invoke(Method.java:568)
	at org.testng.internal.invokers.MethodInvocationHelper.invokeMethod(MethodInvocationHelper.java:139)
	at org.testng.internal.invokers.TestInvoker.invokeMethod(TestInvoker.java:677)
	at org.testng.internal.invokers.TestInvoker.invokeTestMethod(TestInvoker.java:221)
	at org.testng.internal.invokers.MethodRunner.runInSequence(MethodRunner.java:50)
	at org.testng.internal.invokers.TestInvoker$MethodInvocationAgent.invoke(TestInvoker.java:969)
	at org.testng.internal.invokers.TestInvoker.invokeTestMethods(TestInvoker.java:194)
	at org.testng.internal.invokers.TestMethodWorker.invokeTestMethods(TestMethodWorker.java:148)
	at org.testng.internal.invokers.TestMethodWorker.run(TestMethodWorker.java:128)
	at java.base/java.util.ArrayList.forEach(ArrayList.java:1511)
	at org.testng.TestRunner.privateRun(TestRunner.java:829)
	at org.testng.TestRunner.run(TestRunner.java:602)
	at org.testng.SuiteRunner.runTest(SuiteRunner.java:437)
	at org.testng.SuiteRunner.runSequentially(SuiteRunner.java:431)
	at org.testng.SuiteRunner.privateRun(SuiteRunner.java:391)
	at org.testng.SuiteRunner.run(SuiteRunner.java:330)
	at org.testng.SuiteRunnerWorker.runSuite(SuiteRunnerWorker.java:52)
	at org.testng.SuiteRunnerWorker.run(SuiteRunnerWorker.java:95)
	at org.testng.TestNG.runSuitesSequentially(TestNG.java:1256)
	at org.testng.TestNG.runSuitesLocally(TestNG.java:1176)
	at org.testng.TestNG.runSuites(TestNG.java:1099)
	at org.testng.TestNG.run(TestNG.java:1067)
	at org.apache.maven.surefire.testng.TestNGExecutor.run(TestNGExecutor.java:324)
	at org.apache.maven.surefire.testng.TestNGXmlTestSuite.execute(TestNGXmlTestSuite.java:74)
	at org.apache.maven.surefire.testng.TestNGProvider.invoke(TestNGProvider.java:123)
	at org.apache.maven.surefire.booter.ForkedBooter.runSuitesInProcess(ForkedBooter.java:456)
	at org.apache.maven.surefire.booter.ForkedBooter.execute(ForkedBooter.java:169)
	at org.apache.maven.surefire.booter.ForkedBooter.run(ForkedBooter.java:595)
	at org.apache.maven.surefire.booter.ForkedBooter.main(ForkedBooter.java:581)
]]></failure>
    <system-out><![CDATA[07:31:08.711 [AsyncHttpClient-1-13] DEBUG org.asynchttpclient.netty.handler.WebSocketHandler -- Channel Closed: [id: 0x436e734f, L:/127.0.0.1:62997 ! R:localhost/127.0.0.1:62990] with attribute DISCARD
07:31:08.711 [Driver Command Executor] DEBUG org.asynchttpclient.netty.request.NettyRequestSender -- Using pooled Channel '[id: 0x17c88177, L:/127.0.0.1:62989 - R:localhost/127.0.0.1:30647]' for 'DELETE' to 'http://localhost:30647/session/57fec631c717d33eba0f6d128ff6690c'
07:31:08.711 [Driver Command Executor] DEBUG org.asynchttpclient.netty.request.NettyRequestSender -- Using open Channel [id: 0x17c88177, L:/127.0.0.1:62989 - R:localhost/127.0.0.1:30647] for DELETE '/session/57fec631c717d33eba0f6d128ff6690c'
07:31:08.809 [AsyncHttpClient-1-12] DEBUG org.asynchttpclient.netty.handler.HttpHandler -- Unexpected I/O exception on channel [id: 0xb0117add, L:/127.0.0.1:62996 - R:localhost/127.0.0.1:62990]
java.net.SocketException: Connection reset
	at java.base/sun.nio.ch.SocketChannelImpl.throwConnectionReset(SocketChannelImpl.java:394)
	at java.base/sun.nio.ch.SocketChannelImpl.read(SocketChannelImpl.java:426)
	at io.netty.buffer.PooledByteBuf.setBytes(PooledByteBuf.java:254)
	at io.netty.buffer.AbstractByteBuf.writeBytes(AbstractByteBuf.java:1132)
	at io.netty.channel.socket.nio.NioSocketChannel.doReadBytes(NioSocketChannel.java:357)
	at io.netty.channel.nio.AbstractNioByteChannel$NioByteUnsafe.read(AbstractNioByteChannel.java:151)
	at io.netty.channel.nio.NioEventLoop.processSelectedKey(NioEventLoop.java:788)
	at io.netty.channel.nio.NioEventLoop.processSelectedKeysOptimized(NioEventLoop.java:724)
	at io.netty.channel.nio.NioEventLoop.processSelectedKeys(NioEventLoop.java:650)
	at io.netty.channel.nio.NioEventLoop.run(NioEventLoop.java:562)
	at io.netty.util.concurrent.SingleThreadEventExecutor$4.run(SingleThreadEventExecutor.java:997)
	at io.netty.util.internal.ThreadExecutorMap$2.run(ThreadExecutorMap.java:74)
	at io.netty.util.concurrent.FastThreadLocalRunnable.run(FastThreadLocalRunnable.java:30)
	at java.base/java.lang.Thread.run(Thread.java:842)
07:31:08.809 [AsyncHttpClient-1-12] DEBUG org.asynchttpclient.netty.channel.ChannelManager -- Closing Channel [id: 0xb0117add, L:/127.0.0.1:62996 - R:localhost/127.0.0.1:62990] 
07:31:08.809 [AsyncHttpClient-1-12] DEBUG org.asynchttpclient.netty.handler.HttpHandler -- Channel Closed: [id: 0xb0117add, L:/127.0.0.1:62996 ! R:localhost/127.0.0.1:62990] with attribute DISCARD
07:31:08.843 [AsyncHttpClient-1-11] DEBUG org.asynchttpclient.netty.handler.HttpHandler -- 

Request DefaultFullHttpRequest(decodeResult: success, version: HTTP/1.1, content: EmptyByteBufBE)
DELETE /session/57fec631c717d33eba0f6d128ff6690c HTTP/1.1
User-Agent: selenium/4.12.0 (java windows)
Content-Type: application/json; charset=utf-8
host: localhost:30647
accept: */*

Response DefaultHttpResponse(decodeResult: success, version: HTTP/1.1)
HTTP/1.1 200 OK
Content-Length: 14
Content-Type: application/json; charset=utf-8
cache-control: no-cache

07:31:08.844 [AsyncHttpClient-1-11] DEBUG org.asynchttpclient.netty.channel.ChannelManager -- Adding key: http://localhost:30647 for channel [id: 0x17c88177, L:/127.0.0.1:62989 - R:localhost/127.0.0.1:30647]
07:31:08.935 [AsyncHttpClient-1-11] DEBUG org.asynchttpclient.netty.handler.HttpHandler -- Channel Closed: [id: 0x17c88177, L:/127.0.0.1:62989 ! R:localhost/127.0.0.1:30647] with attribute DISCARD
07:31:08.981 [main] DEBUG io.github.bonigarcia.wdm.WebDriverManager -- Using WebDriverManager 5.5.3
07:31:08.987 [main] DEBUG io.github.bonigarcia.wdm.cache.ResolutionCache -- Resolution chrome=131 in cache (valid until 08:30:55 03/01/2025 IST)
07:31:08.988 [main] DEBUG io.github.bonigarcia.wdm.cache.ResolutionCache -- Resolution chrome131=131.0.6778.204 in cache (valid until 14:21:23 03/01/2025 IST)
07:31:08.988 [main] INFO io.github.bonigarcia.wdm.WebDriverManager -- Using chromedriver 131.0.6778.204 (resolved driver for Chrome 131)
07:31:08.991 [main] DEBUG io.github.bonigarcia.wdm.WebDriverManager -- Driver chromedriver 131.0.6778.204 found in cache
07:31:08.991 [main] INFO io.github.bonigarcia.wdm.WebDriverManager -- Exporting webdriver.chrome.driver as C:\Users\sasitharan\.cache\selenium\chromedriver\win64\131.0.6778.204\chromedriver.exe
07:31:09.064 [AsyncHttpClient-1-14] DEBUG org.asynchttpclient.netty.channel.NettyConnectListener -- Using new Channel '[id: 0x55a458be, L:/127.0.0.1:63008 - R:localhost/127.0.0.1:43330]' for 'POST' to '/session'
07:31:09.340 [AsyncHttpClient-1-1] DEBUG org.asynchttpclient.netty.channel.DefaultChannelPool -- Entry count for : http://localhost:62990 : 1
07:31:09.340 [AsyncHttpClient-1-1] DEBUG org.asynchttpclient.netty.channel.DefaultChannelPool -- Entry count for : http://localhost:30647 : 1
07:31:09.340 [AsyncHttpClient-1-1] DEBUG org.asynchttpclient.netty.channel.DefaultChannelPool -- Adding Candidate expired Channel [id: 0xb0117add, L:/127.0.0.1:62996 ! R:localhost/127.0.0.1:62990] isIdleTimeoutExpired=false isRemotelyClosed=true isTtlExpired=false
07:31:09.340 [AsyncHttpClient-1-1] DEBUG org.asynchttpclient.netty.channel.DefaultChannelPool -- Closing Idle Channel [id: 0xb0117add, L:/127.0.0.1:62996 ! R:localhost/127.0.0.1:62990]
07:31:09.340 [AsyncHttpClient-1-1] DEBUG org.asynchttpclient.netty.channel.DefaultChannelPool -- Adding Candidate expired Channel [id: 0x17c88177, L:/127.0.0.1:62989 ! R:localhost/127.0.0.1:30647] isIdleTimeoutExpired=false isRemotelyClosed=true isTtlExpired=false
07:31:09.340 [AsyncHttpClient-1-1] DEBUG org.asynchttpclient.netty.channel.DefaultChannelPool -- Closing Idle Channel [id: 0x17c88177, L:/127.0.0.1:62989 ! R:localhost/127.0.0.1:30647]
07:31:09.340 [AsyncHttpClient-1-1] DEBUG org.asynchttpclient.netty.channel.DefaultChannelPool -- Closed 2 connections out of 2 in 0 ms
07:31:09.682 [AsyncHttpClient-1-14] DEBUG org.asynchttpclient.netty.handler.HttpHandler -- 

Request DefaultHttpRequest(decodeResult: success, version: HTTP/1.1)
POST /session HTTP/1.1
User-Agent: selenium/4.12.0 (java windows)
Content-Length: 254
Content-Type: application/json; charset=utf-8
host: localhost:43330
accept: */*

Response DefaultHttpResponse(decodeResult: success, version: HTTP/1.1)
HTTP/1.1 200 OK
Content-Length: 887
Content-Type: application/json; charset=utf-8
cache-control: no-cache

07:31:09.683 [AsyncHttpClient-1-14] DEBUG org.asynchttpclient.netty.channel.ChannelManager -- Adding key: http://localhost:43330 for channel [id: 0x55a458be, L:/127.0.0.1:63008 - R:localhost/127.0.0.1:43330]
07:31:09.689 [AsyncHttpClient-1-15] DEBUG org.asynchttpclient.netty.channel.NettyConnectListener -- Using new Channel '[id: 0xed236f95, L:/127.0.0.1:63015 - R:localhost/127.0.0.1:63009]' for 'GET' to '/json/version'
07:31:09.693 [AsyncHttpClient-1-15] DEBUG org.asynchttpclient.netty.handler.HttpHandler -- 

Request DefaultFullHttpRequest(decodeResult: success, version: HTTP/1.1, content: EmptyByteBufBE)
GET /json/version HTTP/1.1
User-Agent: selenium/4.12.0 (java windows)
host: localhost:63009
accept: */*

Response DefaultHttpResponse(decodeResult: success, version: HTTP/1.1)
HTTP/1.1 200 OK
Content-Security-Policy: frame-ancestors 'none'
Content-Length: 424
Content-Type: application/json; charset=UTF-8

07:31:09.693 [AsyncHttpClient-1-15] DEBUG org.asynchttpclient.netty.channel.ChannelManager -- Adding key: http://localhost:63009 for channel [id: 0xed236f95, L:/127.0.0.1:63015 - R:localhost/127.0.0.1:63009]
07:31:09.697 [AsyncHttpClient-1-16] DEBUG org.asynchttpclient.netty.channel.NettyConnectListener -- Using new Channel '[id: 0x0da24535, L:/127.0.0.1:63016 - R:localhost/127.0.0.1:63009]' for 'GET' to '/devtools/browser/becb753b-dd0c-46db-85ca-fed75ccd92e9'
07:31:09.698 [AsyncHttpClient-1-16] DEBUG org.asynchttpclient.netty.handler.WebSocketHandler -- 

Request DefaultFullHttpRequest(decodeResult: success, version: HTTP/1.1, content: EmptyByteBufBE)
GET /devtools/browser/becb753b-dd0c-46db-85ca-fed75ccd92e9 HTTP/1.1
upgrade: websocket
connection: upgrade
sec-websocket-key: 0Jsfr6qp7iZV+h4qNspQ0A==
sec-websocket-version: 13
origin: http://localhost:63009
host: localhost:63009
accept: */*
user-agent: AHC/2.1

Response DefaultHttpResponse(decodeResult: success, version: HTTP/1.1)
HTTP/1.1 101 WebSocket Protocol Handshake
Upgrade: WebSocket
Connection: Upgrade
Sec-WebSocket-Accept: CwDU4dwUhKkZTL//J0RmdYlqjSA=

07:31:09.701 [Forwarding maximizeCurrentWindow on session 0820a356c748c7a6c66525913d65bcd4 to remote] DEBUG org.asynchttpclient.netty.request.NettyRequestSender -- Using pooled Channel '[id: 0x55a458be, L:/127.0.0.1:63008 - R:localhost/127.0.0.1:43330]' for 'POST' to 'http://localhost:43330/session/0820a356c748c7a6c66525913d65bcd4/window/maximize'
07:31:09.701 [Forwarding maximizeCurrentWindow on session 0820a356c748c7a6c66525913d65bcd4 to remote] DEBUG org.asynchttpclient.netty.request.NettyRequestSender -- Using open Channel [id: 0x55a458be, L:/127.0.0.1:63008 - R:localhost/127.0.0.1:43330] for POST '/session/0820a356c748c7a6c66525913d65bcd4/window/maximize'
07:31:09.749 [AsyncHttpClient-1-14] DEBUG org.asynchttpclient.netty.handler.HttpHandler -- 

Request DefaultHttpRequest(decodeResult: success, version: HTTP/1.1)
POST /session/0820a356c748c7a6c66525913d65bcd4/window/maximize HTTP/1.1
User-Agent: selenium/4.12.0 (java windows)
Content-Length: 3
Content-Type: application/json; charset=utf-8
host: localhost:43330
accept: */*

Response DefaultHttpResponse(decodeResult: success, version: HTTP/1.1)
HTTP/1.1 200 OK
Content-Length: 52
Content-Type: application/json; charset=utf-8
cache-control: no-cache

07:31:09.750 [AsyncHttpClient-1-14] DEBUG org.asynchttpclient.netty.channel.ChannelManager -- Adding key: http://localhost:43330 for channel [id: 0x55a458be, L:/127.0.0.1:63008 - R:localhost/127.0.0.1:43330]
07:31:09.752 [Forwarding get on session 0820a356c748c7a6c66525913d65bcd4 to remote] DEBUG org.asynchttpclient.netty.request.NettyRequestSender -- Using pooled Channel '[id: 0x55a458be, L:/127.0.0.1:63008 - R:localhost/127.0.0.1:43330]' for 'POST' to 'http://localhost:43330/session/0820a356c748c7a6c66525913d65bcd4/url'
07:31:09.752 [Forwarding get on session 0820a356c748c7a6c66525913d65bcd4 to remote] DEBUG org.asynchttpclient.netty.request.NettyRequestSender -- Using open Channel [id: 0x55a458be, L:/127.0.0.1:63008 - R:localhost/127.0.0.1:43330] for POST '/session/0820a356c748c7a6c66525913d65bcd4/url'
07:31:10.436 [AsyncHttpClient-1-1] DEBUG org.asynchttpclient.netty.channel.DefaultChannelPool -- Entry count for : http://localhost:63009 : 1
07:31:11.272 [AsyncHttpClient-1-14] DEBUG org.asynchttpclient.netty.handler.HttpHandler -- 

Request DefaultHttpRequest(decodeResult: success, version: HTTP/1.1)
POST /session/0820a356c748c7a6c66525913d65bcd4/url HTTP/1.1
User-Agent: selenium/4.12.0 (java windows)
Content-Length: 58
Content-Type: application/json; charset=utf-8
host: localhost:43330
accept: */*

Response DefaultHttpResponse(decodeResult: success, version: HTTP/1.1)
HTTP/1.1 200 OK
Content-Length: 14
Content-Type: application/json; charset=utf-8
cache-control: no-cache

07:31:11.272 [AsyncHttpClient-1-14] DEBUG org.asynchttpclient.netty.channel.ChannelManager -- Adding key: http://localhost:43330 for channel [id: 0x55a458be, L:/127.0.0.1:63008 - R:localhost/127.0.0.1:43330]
07:31:11.280 [Forwarding findElement on session 0820a356c748c7a6c66525913d65bcd4 to remote] DEBUG org.asynchttpclient.netty.request.NettyRequestSender -- Using pooled Channel '[id: 0x55a458be, L:/127.0.0.1:63008 - R:localhost/127.0.0.1:43330]' for 'POST' to 'http://localhost:43330/session/0820a356c748c7a6c66525913d65bcd4/element'
07:31:11.280 [Forwarding findElement on session 0820a356c748c7a6c66525913d65bcd4 to remote] DEBUG org.asynchttpclient.netty.request.NettyRequestSender -- Using open Channel [id: 0x55a458be, L:/127.0.0.1:63008 - R:localhost/127.0.0.1:43330] for POST '/session/0820a356c748c7a6c66525913d65bcd4/element'
07:31:11.316 [AsyncHttpClient-1-14] DEBUG org.asynchttpclient.netty.handler.HttpHandler -- 

Request DefaultHttpRequest(decodeResult: success, version: HTTP/1.1)
POST /session/0820a356c748c7a6c66525913d65bcd4/element HTTP/1.1
User-Agent: selenium/4.12.0 (java windows)
Content-Length: 59
Content-Type: application/json; charset=utf-8
host: localhost:43330
accept: */*

Response DefaultHttpResponse(decodeResult: success, version: HTTP/1.1)
HTTP/1.1 200 OK
Content-Length: 125
Content-Type: application/json; charset=utf-8
cache-control: no-cache

07:31:11.317 [AsyncHttpClient-1-14] DEBUG org.asynchttpclient.netty.channel.ChannelManager -- Adding key: http://localhost:43330 for channel [id: 0x55a458be, L:/127.0.0.1:63008 - R:localhost/127.0.0.1:43330]
07:31:11.319 [Forwarding sendKeysToElement on session 0820a356c748c7a6c66525913d65bcd4 to remote] DEBUG org.asynchttpclient.netty.request.NettyRequestSender -- Using pooled Channel '[id: 0x55a458be, L:/127.0.0.1:63008 - R:localhost/127.0.0.1:43330]' for 'POST' to 'http://localhost:43330/session/0820a356c748c7a6c66525913d65bcd4/element/f.9EA1826699AED4AB50C919F673906EF0.d.DC630526E0BD6906589AA089C4ABE88D.e.8/value'
07:31:11.319 [Forwarding sendKeysToElement on session 0820a356c748c7a6c66525913d65bcd4 to remote] DEBUG org.asynchttpclient.netty.request.NettyRequestSender -- Using open Channel [id: 0x55a458be, L:/127.0.0.1:63008 - R:localhost/127.0.0.1:43330] for POST '/session/0820a356c748c7a6c66525913d65bcd4/element/f.9EA1826699AED4AB50C919F673906EF0.d.DC630526E0BD6906589AA089C4ABE88D.e.8/value'
07:31:11.529 [AsyncHttpClient-1-1] DEBUG org.asynchttpclient.netty.channel.DefaultChannelPool -- Entry count for : http://localhost:63009 : 1
07:31:11.589 [AsyncHttpClient-1-14] DEBUG org.asynchttpclient.netty.handler.HttpHandler -- 

Request DefaultHttpRequest(decodeResult: success, version: HTTP/1.1)
POST /session/0820a356c748c7a6c66525913d65bcd4/element/f.9EA1826699AED4AB50C919F673906EF0.d.DC630526E0BD6906589AA089C4ABE88D.e.8/value HTTP/1.1
User-Agent: selenium/4.12.0 (java windows)
Content-Length: 228
Content-Type: application/json; charset=utf-8
host: localhost:43330
accept: */*

Response DefaultHttpResponse(decodeResult: success, version: HTTP/1.1)
HTTP/1.1 200 OK
Content-Length: 14
Content-Type: application/json; charset=utf-8
cache-control: no-cache

07:31:11.590 [AsyncHttpClient-1-14] DEBUG org.asynchttpclient.netty.channel.ChannelManager -- Adding key: http://localhost:43330 for channel [id: 0x55a458be, L:/127.0.0.1:63008 - R:localhost/127.0.0.1:43330]
07:31:11.592 [Forwarding findElement on session 0820a356c748c7a6c66525913d65bcd4 to remote] DEBUG org.asynchttpclient.netty.request.NettyRequestSender -- Using pooled Channel '[id: 0x55a458be, L:/127.0.0.1:63008 - R:localhost/127.0.0.1:43330]' for 'POST' to 'http://localhost:43330/session/0820a356c748c7a6c66525913d65bcd4/element'
07:31:11.592 [Forwarding findElement on session 0820a356c748c7a6c66525913d65bcd4 to remote] DEBUG org.asynchttpclient.netty.request.NettyRequestSender -- Using open Channel [id: 0x55a458be, L:/127.0.0.1:63008 - R:localhost/127.0.0.1:43330] for POST '/session/0820a356c748c7a6c66525913d65bcd4/element'
07:31:11.621 [AsyncHttpClient-1-14] DEBUG org.asynchttpclient.netty.handler.HttpHandler -- 

Request DefaultHttpRequest(decodeResult: success, version: HTTP/1.1)
POST /session/0820a356c748c7a6c66525913d65bcd4/element HTTP/1.1
User-Agent: selenium/4.12.0 (java windows)
Content-Length: 62
Content-Type: application/json; charset=utf-8
host: localhost:43330
accept: */*

Response DefaultHttpResponse(decodeResult: success, version: HTTP/1.1)
HTTP/1.1 200 OK
Content-Length: 125
Content-Type: application/json; charset=utf-8
cache-control: no-cache

07:31:11.621 [AsyncHttpClient-1-14] DEBUG org.asynchttpclient.netty.channel.ChannelManager -- Adding key: http://localhost:43330 for channel [id: 0x55a458be, L:/127.0.0.1:63008 - R:localhost/127.0.0.1:43330]
07:31:11.623 [Forwarding sendKeysToElement on session 0820a356c748c7a6c66525913d65bcd4 to remote] DEBUG org.asynchttpclient.netty.request.NettyRequestSender -- Using pooled Channel '[id: 0x55a458be, L:/127.0.0.1:63008 - R:localhost/127.0.0.1:43330]' for 'POST' to 'http://localhost:43330/session/0820a356c748c7a6c66525913d65bcd4/element/f.9EA1826699AED4AB50C919F673906EF0.d.DC630526E0BD6906589AA089C4ABE88D.e.4/value'
07:31:11.623 [Forwarding sendKeysToElement on session 0820a356c748c7a6c66525913d65bcd4 to remote] DEBUG org.asynchttpclient.netty.request.NettyRequestSender -- Using open Channel [id: 0x55a458be, L:/127.0.0.1:63008 - R:localhost/127.0.0.1:43330] for POST '/session/0820a356c748c7a6c66525913d65bcd4/element/f.9EA1826699AED4AB50C919F673906EF0.d.DC630526E0BD6906589AA089C4ABE88D.e.4/value'
07:31:11.805 [AsyncHttpClient-1-14] DEBUG org.asynchttpclient.netty.handler.HttpHandler -- 

Request DefaultHttpRequest(decodeResult: success, version: HTTP/1.1)
POST /session/0820a356c748c7a6c66525913d65bcd4/element/f.9EA1826699AED4AB50C919F673906EF0.d.DC630526E0BD6906589AA089C4ABE88D.e.4/value HTTP/1.1
User-Agent: selenium/4.12.0 (java windows)
Content-Length: 238
Content-Type: application/json; charset=utf-8
host: localhost:43330
accept: */*

Response DefaultHttpResponse(decodeResult: success, version: HTTP/1.1)
HTTP/1.1 200 OK
Content-Length: 14
Content-Type: application/json; charset=utf-8
cache-control: no-cache

07:31:11.805 [AsyncHttpClient-1-14] DEBUG org.asynchttpclient.netty.channel.ChannelManager -- Adding key: http://localhost:43330 for channel [id: 0x55a458be, L:/127.0.0.1:63008 - R:localhost/127.0.0.1:43330]
07:31:11.806 [Forwarding findElement on session 0820a356c748c7a6c66525913d65bcd4 to remote] DEBUG org.asynchttpclient.netty.request.NettyRequestSender -- Using pooled Channel '[id: 0x55a458be, L:/127.0.0.1:63008 - R:localhost/127.0.0.1:43330]' for 'POST' to 'http://localhost:43330/session/0820a356c748c7a6c66525913d65bcd4/element'
07:31:11.806 [Forwarding findElement on session 0820a356c748c7a6c66525913d65bcd4 to remote] DEBUG org.asynchttpclient.netty.request.NettyRequestSender -- Using open Channel [id: 0x55a458be, L:/127.0.0.1:63008 - R:localhost/127.0.0.1:43330] for POST '/session/0820a356c748c7a6c66525913d65bcd4/element'
07:31:11.827 [AsyncHttpClient-1-14] DEBUG org.asynchttpclient.netty.handler.HttpHandler -- 

Request DefaultHttpRequest(decodeResult: success, version: HTTP/1.1)
POST /session/0820a356c748c7a6c66525913d65bcd4/element HTTP/1.1
User-Agent: selenium/4.12.0 (java windows)
Content-Length: 65
Content-Type: application/json; charset=utf-8
host: localhost:43330
accept: */*

Response DefaultHttpResponse(decodeResult: success, version: HTTP/1.1)
HTTP/1.1 200 OK
Content-Length: 126
Content-Type: application/json; charset=utf-8
cache-control: no-cache

07:31:11.827 [AsyncHttpClient-1-14] DEBUG org.asynchttpclient.netty.channel.ChannelManager -- Adding key: http://localhost:43330 for channel [id: 0x55a458be, L:/127.0.0.1:63008 - R:localhost/127.0.0.1:43330]
07:31:11.828 [Forwarding clickElement on session 0820a356c748c7a6c66525913d65bcd4 to remote] DEBUG org.asynchttpclient.netty.request.NettyRequestSender -- Using pooled Channel '[id: 0x55a458be, L:/127.0.0.1:63008 - R:localhost/127.0.0.1:43330]' for 'POST' to 'http://localhost:43330/session/0820a356c748c7a6c66525913d65bcd4/element/f.9EA1826699AED4AB50C919F673906EF0.d.DC630526E0BD6906589AA089C4ABE88D.e.10/click'
07:31:11.828 [Forwarding clickElement on session 0820a356c748c7a6c66525913d65bcd4 to remote] DEBUG org.asynchttpclient.netty.request.NettyRequestSender -- Using open Channel [id: 0x55a458be, L:/127.0.0.1:63008 - R:localhost/127.0.0.1:43330] for POST '/session/0820a356c748c7a6c66525913d65bcd4/element/f.9EA1826699AED4AB50C919F673906EF0.d.DC630526E0BD6906589AA089C4ABE88D.e.10/click'
07:31:11.892 [AsyncHttpClient-1-14] DEBUG org.asynchttpclient.netty.handler.HttpHandler -- 

Request DefaultHttpRequest(decodeResult: success, version: HTTP/1.1)
POST /session/0820a356c748c7a6c66525913d65bcd4/element/f.9EA1826699AED4AB50C919F673906EF0.d.DC630526E0BD6906589AA089C4ABE88D.e.10/click HTTP/1.1
User-Agent: selenium/4.12.0 (java windows)
Content-Length: 88
Content-Type: application/json; charset=utf-8
host: localhost:43330
accept: */*

Response DefaultHttpResponse(decodeResult: success, version: HTTP/1.1)
HTTP/1.1 200 OK
Content-Length: 14
Content-Type: application/json; charset=utf-8
cache-control: no-cache

07:31:11.892 [AsyncHttpClient-1-14] DEBUG org.asynchttpclient.netty.channel.ChannelManager -- Adding key: http://localhost:43330 for channel [id: 0x55a458be, L:/127.0.0.1:63008 - R:localhost/127.0.0.1:43330]
07:31:11.893 [Forwarding getPageSource on session 0820a356c748c7a6c66525913d65bcd4 to remote] DEBUG org.asynchttpclient.netty.request.NettyRequestSender -- Using pooled Channel '[id: 0x55a458be, L:/127.0.0.1:63008 - R:localhost/127.0.0.1:43330]' for 'POST' to 'http://localhost:43330/session/0820a356c748c7a6c66525913d65bcd4/execute/sync'
07:31:11.893 [Forwarding getPageSource on session 0820a356c748c7a6c66525913d65bcd4 to remote] DEBUG org.asynchttpclient.netty.request.NettyRequestSender -- Using open Channel [id: 0x55a458be, L:/127.0.0.1:63008 - R:localhost/127.0.0.1:43330] for POST '/session/0820a356c748c7a6c66525913d65bcd4/execute/sync'
07:31:11.900 [AsyncHttpClient-1-14] DEBUG org.asynchttpclient.netty.handler.HttpHandler -- 

Request DefaultHttpRequest(decodeResult: success, version: HTTP/1.1)
POST /session/0820a356c748c7a6c66525913d65bcd4/execute/sync HTTP/1.1
User-Agent: selenium/4.12.0 (java windows)
Content-Length: 176
Content-Type: application/json; charset=utf-8
host: localhost:43330
accept: */*

Response DefaultHttpResponse(decodeResult: success, version: HTTP/1.1)
HTTP/1.1 200 OK
Content-Length: 6124
Content-Type: application/json; charset=utf-8
cache-control: no-cache

07:31:11.900 [AsyncHttpClient-1-14] DEBUG org.asynchttpclient.netty.channel.ChannelManager -- Adding key: http://localhost:43330 for channel [id: 0x55a458be, L:/127.0.0.1:63008 - R:localhost/127.0.0.1:43330]
]]></system-out>
    <system-err><![CDATA[Jan 03, 2025 7:31:09 AM org.openqa.selenium.devtools.CdpVersionFinder findNearestMatch
WARNING: Unable to find CDP implementation matching 131
Jan 03, 2025 7:31:09 AM org.openqa.selenium.chromium.ChromiumDriver lambda$new$5
WARNING: Unable to find version of CDP to use for 131.0.6778.205. You may need to include a dependency on a specific version of the CDP using something similar to `org.seleniumhq.selenium:selenium-devtools-v86:4.12.0` where the version ("v86") matches the version of the chromium-based browser you're using and the version number of the artifact is the same as Selenium's.
]]></system-err>
  </testcase>
  <testcase name="testLogoutFunctionality" classname="UITestCases.BuggyCarsUITests" time="0.347">
    <failure message="expected [true] but found [false]" type="java.lang.AssertionError"><![CDATA[java.lang.AssertionError: expected [true] but found [false]
	at org.testng.Assert.fail(Assert.java:110)
	at org.testng.Assert.failNotEquals(Assert.java:1413)
	at org.testng.Assert.assertTrue(Assert.java:56)
	at org.testng.Assert.assertTrue(Assert.java:66)
	at UITestCases.BuggyCarsUITests.testLoginWithValidCredentials(BuggyCarsUITests.java:44)
	at UITestCases.BuggyCarsUITests.testLogoutFunctionality(BuggyCarsUITests.java:129)
	at java.base/jdk.internal.reflect.NativeMethodAccessorImpl.invoke0(Native Method)
	at java.base/jdk.internal.reflect.NativeMethodAccessorImpl.invoke(NativeMethodAccessorImpl.java:77)
	at java.base/jdk.internal.reflect.DelegatingMethodAccessorImpl.invoke(DelegatingMethodAccessorImpl.java:43)
	at java.base/java.lang.reflect.Method.invoke(Method.java:568)
	at org.testng.internal.invokers.MethodInvocationHelper.invokeMethod(MethodInvocationHelper.java:139)
	at org.testng.internal.invokers.TestInvoker.invokeMethod(TestInvoker.java:677)
	at org.testng.internal.invokers.TestInvoker.invokeTestMethod(TestInvoker.java:221)
	at org.testng.internal.invokers.MethodRunner.runInSequence(MethodRunner.java:50)
	at org.testng.internal.invokers.TestInvoker$MethodInvocationAgent.invoke(TestInvoker.java:969)
	at org.testng.internal.invokers.TestInvoker.invokeTestMethods(TestInvoker.java:194)
	at org.testng.internal.invokers.TestMethodWorker.invokeTestMethods(TestMethodWorker.java:148)
	at org.testng.internal.invokers.TestMethodWorker.run(TestMethodWorker.java:128)
	at java.base/java.util.ArrayList.forEach(ArrayList.java:1511)
	at org.testng.TestRunner.privateRun(TestRunner.java:829)
	at org.testng.TestRunner.run(TestRunner.java:602)
	at org.testng.SuiteRunner.runTest(SuiteRunner.java:437)
	at org.testng.SuiteRunner.runSequentially(SuiteRunner.java:431)
	at org.testng.SuiteRunner.privateRun(SuiteRunner.java:391)
	at org.testng.SuiteRunner.run(SuiteRunner.java:330)
	at org.testng.SuiteRunnerWorker.runSuite(SuiteRunnerWorker.java:52)
	at org.testng.SuiteRunnerWorker.run(SuiteRunnerWorker.java:95)
	at org.testng.TestNG.runSuitesSequentially(TestNG.java:1256)
	at org.testng.TestNG.runSuitesLocally(TestNG.java:1176)
	at org.testng.TestNG.runSuites(TestNG.java:1099)
	at org.testng.TestNG.run(TestNG.java:1067)
	at org.apache.maven.surefire.testng.TestNGExecutor.run(TestNGExecutor.java:324)
	at org.apache.maven.surefire.testng.TestNGXmlTestSuite.execute(TestNGXmlTestSuite.java:74)
	at org.apache.maven.surefire.testng.TestNGProvider.invoke(TestNGProvider.java:123)
	at org.apache.maven.surefire.booter.ForkedBooter.runSuitesInProcess(ForkedBooter.java:456)
	at org.apache.maven.surefire.booter.ForkedBooter.execute(ForkedBooter.java:169)
	at org.apache.maven.surefire.booter.ForkedBooter.run(ForkedBooter.java:595)
	at org.apache.maven.surefire.booter.ForkedBooter.main(ForkedBooter.java:581)
]]></failure>
    <system-out><![CDATA[07:31:11.904 [AsyncHttpClient-1-16] DEBUG org.asynchttpclient.netty.handler.WebSocketHandler -- Channel Closed: [id: 0x0da24535, L:/127.0.0.1:63016 ! R:localhost/127.0.0.1:63009] with attribute DISCARD
07:31:11.905 [Driver Command Executor] DEBUG org.asynchttpclient.netty.request.NettyRequestSender -- Using pooled Channel '[id: 0x55a458be, L:/127.0.0.1:63008 - R:localhost/127.0.0.1:43330]' for 'DELETE' to 'http://localhost:43330/session/0820a356c748c7a6c66525913d65bcd4'
07:31:11.905 [Driver Command Executor] DEBUG org.asynchttpclient.netty.request.NettyRequestSender -- Using open Channel [id: 0x55a458be, L:/127.0.0.1:63008 - R:localhost/127.0.0.1:43330] for DELETE '/session/0820a356c748c7a6c66525913d65bcd4'
07:31:11.982 [AsyncHttpClient-1-15] DEBUG org.asynchttpclient.netty.handler.HttpHandler -- Unexpected I/O exception on channel [id: 0xed236f95, L:/127.0.0.1:63015 - R:localhost/127.0.0.1:63009]
java.net.SocketException: Connection reset
	at java.base/sun.nio.ch.SocketChannelImpl.throwConnectionReset(SocketChannelImpl.java:394)
	at java.base/sun.nio.ch.SocketChannelImpl.read(SocketChannelImpl.java:426)
	at io.netty.buffer.PooledByteBuf.setBytes(PooledByteBuf.java:254)
	at io.netty.buffer.AbstractByteBuf.writeBytes(AbstractByteBuf.java:1132)
	at io.netty.channel.socket.nio.NioSocketChannel.doReadBytes(NioSocketChannel.java:357)
	at io.netty.channel.nio.AbstractNioByteChannel$NioByteUnsafe.read(AbstractNioByteChannel.java:151)
	at io.netty.channel.nio.NioEventLoop.processSelectedKey(NioEventLoop.java:788)
	at io.netty.channel.nio.NioEventLoop.processSelectedKeysOptimized(NioEventLoop.java:724)
	at io.netty.channel.nio.NioEventLoop.processSelectedKeys(NioEventLoop.java:650)
	at io.netty.channel.nio.NioEventLoop.run(NioEventLoop.java:562)
	at io.netty.util.concurrent.SingleThreadEventExecutor$4.run(SingleThreadEventExecutor.java:997)
	at io.netty.util.internal.ThreadExecutorMap$2.run(ThreadExecutorMap.java:74)
	at io.netty.util.concurrent.FastThreadLocalRunnable.run(FastThreadLocalRunnable.java:30)
	at java.base/java.lang.Thread.run(Thread.java:842)
07:31:11.982 [AsyncHttpClient-1-15] DEBUG org.asynchttpclient.netty.channel.ChannelManager -- Closing Channel [id: 0xed236f95, L:/127.0.0.1:63015 - R:localhost/127.0.0.1:63009] 
07:31:11.982 [AsyncHttpClient-1-15] DEBUG org.asynchttpclient.netty.handler.HttpHandler -- Channel Closed: [id: 0xed236f95, L:/127.0.0.1:63015 ! R:localhost/127.0.0.1:63009] with attribute DISCARD
07:31:12.021 [AsyncHttpClient-1-14] DEBUG org.asynchttpclient.netty.handler.HttpHandler -- 

Request DefaultFullHttpRequest(decodeResult: success, version: HTTP/1.1, content: EmptyByteBufBE)
DELETE /session/0820a356c748c7a6c66525913d65bcd4 HTTP/1.1
User-Agent: selenium/4.12.0 (java windows)
Content-Type: application/json; charset=utf-8
host: localhost:43330
accept: */*

Response DefaultHttpResponse(decodeResult: success, version: HTTP/1.1)
HTTP/1.1 200 OK
Content-Length: 14
Content-Type: application/json; charset=utf-8
cache-control: no-cache

07:31:12.021 [AsyncHttpClient-1-14] DEBUG org.asynchttpclient.netty.channel.ChannelManager -- Adding key: http://localhost:43330 for channel [id: 0x55a458be, L:/127.0.0.1:63008 - R:localhost/127.0.0.1:43330]
07:31:12.145 [AsyncHttpClient-1-14] DEBUG org.asynchttpclient.netty.handler.HttpHandler -- Channel Closed: [id: 0x55a458be, L:/127.0.0.1:63008 ! R:localhost/127.0.0.1:43330] with attribute DISCARD
07:31:12.206 [main] DEBUG io.github.bonigarcia.wdm.WebDriverManager -- Using WebDriverManager 5.5.3
07:31:12.212 [main] DEBUG io.github.bonigarcia.wdm.cache.ResolutionCache -- Resolution chrome=131 in cache (valid until 08:30:55 03/01/2025 IST)
07:31:12.213 [main] DEBUG io.github.bonigarcia.wdm.cache.ResolutionCache -- Resolution chrome131=131.0.6778.204 in cache (valid until 14:21:23 03/01/2025 IST)
07:31:12.213 [main] INFO io.github.bonigarcia.wdm.WebDriverManager -- Using chromedriver 131.0.6778.204 (resolved driver for Chrome 131)
07:31:12.215 [main] DEBUG io.github.bonigarcia.wdm.WebDriverManager -- Driver chromedriver 131.0.6778.204 found in cache
07:31:12.215 [main] INFO io.github.bonigarcia.wdm.WebDriverManager -- Exporting webdriver.chrome.driver as C:\Users\sasitharan\.cache\selenium\chromedriver\win64\131.0.6778.204\chromedriver.exe
07:31:12.286 [AsyncHttpClient-1-17] DEBUG org.asynchttpclient.netty.channel.NettyConnectListener -- Using new Channel '[id: 0x8e94fed9, L:/127.0.0.1:63026 - R:localhost/127.0.0.1:28248]' for 'POST' to '/session'
07:31:12.629 [AsyncHttpClient-1-1] DEBUG org.asynchttpclient.netty.channel.DefaultChannelPool -- Entry count for : http://localhost:43330 : 1
07:31:12.629 [AsyncHttpClient-1-1] DEBUG org.asynchttpclient.netty.channel.DefaultChannelPool -- Entry count for : http://localhost:63009 : 1
07:31:12.629 [AsyncHttpClient-1-1] DEBUG org.asynchttpclient.netty.channel.DefaultChannelPool -- Adding Candidate expired Channel [id: 0x55a458be, L:/127.0.0.1:63008 ! R:localhost/127.0.0.1:43330] isIdleTimeoutExpired=false isRemotelyClosed=true isTtlExpired=false
07:31:12.629 [AsyncHttpClient-1-1] DEBUG org.asynchttpclient.netty.channel.DefaultChannelPool -- Closing Idle Channel [id: 0x55a458be, L:/127.0.0.1:63008 ! R:localhost/127.0.0.1:43330]
07:31:12.629 [AsyncHttpClient-1-1] DEBUG org.asynchttpclient.netty.channel.DefaultChannelPool -- Adding Candidate expired Channel [id: 0xed236f95, L:/127.0.0.1:63015 ! R:localhost/127.0.0.1:63009] isIdleTimeoutExpired=false isRemotelyClosed=true isTtlExpired=false
07:31:12.629 [AsyncHttpClient-1-1] DEBUG org.asynchttpclient.netty.channel.DefaultChannelPool -- Closing Idle Channel [id: 0xed236f95, L:/127.0.0.1:63015 ! R:localhost/127.0.0.1:63009]
07:31:12.629 [AsyncHttpClient-1-1] DEBUG org.asynchttpclient.netty.channel.DefaultChannelPool -- Closed 2 connections out of 2 in 0 ms
07:31:13.025 [AsyncHttpClient-1-17] DEBUG org.asynchttpclient.netty.handler.HttpHandler -- 

Request DefaultHttpRequest(decodeResult: success, version: HTTP/1.1)
POST /session HTTP/1.1
User-Agent: selenium/4.12.0 (java windows)
Content-Length: 254
Content-Type: application/json; charset=utf-8
host: localhost:28248
accept: */*

Response DefaultHttpResponse(decodeResult: success, version: HTTP/1.1)
HTTP/1.1 200 OK
Content-Length: 886
Content-Type: application/json; charset=utf-8
cache-control: no-cache

07:31:13.025 [AsyncHttpClient-1-17] DEBUG org.asynchttpclient.netty.channel.ChannelManager -- Adding key: http://localhost:28248 for channel [id: 0x8e94fed9, L:/127.0.0.1:63026 - R:localhost/127.0.0.1:28248]
07:31:13.030 [AsyncHttpClient-1-2] DEBUG org.asynchttpclient.netty.channel.NettyConnectListener -- Using new Channel '[id: 0xb1fdd7b1, L:/127.0.0.1:63033 - R:localhost/127.0.0.1:63027]' for 'GET' to '/json/version'
07:31:13.031 [AsyncHttpClient-1-2] DEBUG org.asynchttpclient.netty.handler.HttpHandler -- 

Request DefaultFullHttpRequest(decodeResult: success, version: HTTP/1.1, content: EmptyByteBufBE)
GET /json/version HTTP/1.1
User-Agent: selenium/4.12.0 (java windows)
host: localhost:63027
accept: */*

Response DefaultHttpResponse(decodeResult: success, version: HTTP/1.1)
HTTP/1.1 200 OK
Content-Security-Policy: frame-ancestors 'none'
Content-Length: 424
Content-Type: application/json; charset=UTF-8

07:31:13.031 [AsyncHttpClient-1-2] DEBUG org.asynchttpclient.netty.channel.ChannelManager -- Adding key: http://localhost:63027 for channel [id: 0xb1fdd7b1, L:/127.0.0.1:63033 - R:localhost/127.0.0.1:63027]
07:31:13.034 [AsyncHttpClient-1-3] DEBUG org.asynchttpclient.netty.channel.NettyConnectListener -- Using new Channel '[id: 0x02be9ade, L:/127.0.0.1:63034 - R:localhost/127.0.0.1:63027]' for 'GET' to '/devtools/browser/976be6e4-f60e-46f4-919d-bab59fa71b0b'
07:31:13.034 [AsyncHttpClient-1-3] DEBUG org.asynchttpclient.netty.handler.WebSocketHandler -- 

Request DefaultFullHttpRequest(decodeResult: success, version: HTTP/1.1, content: EmptyByteBufBE)
GET /devtools/browser/976be6e4-f60e-46f4-919d-bab59fa71b0b HTTP/1.1
upgrade: websocket
connection: upgrade
sec-websocket-key: NO5ll7DDJLnUTAfj9IcV8w==
sec-websocket-version: 13
origin: http://localhost:63027
host: localhost:63027
accept: */*
user-agent: AHC/2.1

Response DefaultHttpResponse(decodeResult: success, version: HTTP/1.1)
HTTP/1.1 101 WebSocket Protocol Handshake
Upgrade: WebSocket
Connection: Upgrade
Sec-WebSocket-Accept: KtGnaZmi16693uwJ1DFsMI0han0=

07:31:13.037 [Forwarding maximizeCurrentWindow on session ac2a5eef32ac63c376b7c4ce778c7fd0 to remote] DEBUG org.asynchttpclient.netty.request.NettyRequestSender -- Using pooled Channel '[id: 0x8e94fed9, L:/127.0.0.1:63026 - R:localhost/127.0.0.1:28248]' for 'POST' to 'http://localhost:28248/session/ac2a5eef32ac63c376b7c4ce778c7fd0/window/maximize'
07:31:13.037 [Forwarding maximizeCurrentWindow on session ac2a5eef32ac63c376b7c4ce778c7fd0 to remote] DEBUG org.asynchttpclient.netty.request.NettyRequestSender -- Using open Channel [id: 0x8e94fed9, L:/127.0.0.1:63026 - R:localhost/127.0.0.1:28248] for POST '/session/ac2a5eef32ac63c376b7c4ce778c7fd0/window/maximize'
07:31:13.077 [AsyncHttpClient-1-17] DEBUG org.asynchttpclient.netty.handler.HttpHandler -- 

Request DefaultHttpRequest(decodeResult: success, version: HTTP/1.1)
POST /session/ac2a5eef32ac63c376b7c4ce778c7fd0/window/maximize HTTP/1.1
User-Agent: selenium/4.12.0 (java windows)
Content-Length: 3
Content-Type: application/json; charset=utf-8
host: localhost:28248
accept: */*

Response DefaultHttpResponse(decodeResult: success, version: HTTP/1.1)
HTTP/1.1 200 OK
Content-Length: 52
Content-Type: application/json; charset=utf-8
cache-control: no-cache

07:31:13.077 [AsyncHttpClient-1-17] DEBUG org.asynchttpclient.netty.channel.ChannelManager -- Adding key: http://localhost:28248 for channel [id: 0x8e94fed9, L:/127.0.0.1:63026 - R:localhost/127.0.0.1:28248]
07:31:13.078 [Forwarding get on session ac2a5eef32ac63c376b7c4ce778c7fd0 to remote] DEBUG org.asynchttpclient.netty.request.NettyRequestSender -- Using pooled Channel '[id: 0x8e94fed9, L:/127.0.0.1:63026 - R:localhost/127.0.0.1:28248]' for 'POST' to 'http://localhost:28248/session/ac2a5eef32ac63c376b7c4ce778c7fd0/url'
07:31:13.078 [Forwarding get on session ac2a5eef32ac63c376b7c4ce778c7fd0 to remote] DEBUG org.asynchttpclient.netty.request.NettyRequestSender -- Using open Channel [id: 0x8e94fed9, L:/127.0.0.1:63026 - R:localhost/127.0.0.1:28248] for POST '/session/ac2a5eef32ac63c376b7c4ce778c7fd0/url'
07:31:13.729 [AsyncHttpClient-1-1] DEBUG org.asynchttpclient.netty.channel.DefaultChannelPool -- Entry count for : http://localhost:63027 : 1
07:31:14.185 [AsyncHttpClient-1-17] DEBUG org.asynchttpclient.netty.handler.HttpHandler -- 

Request DefaultHttpRequest(decodeResult: success, version: HTTP/1.1)
POST /session/ac2a5eef32ac63c376b7c4ce778c7fd0/url HTTP/1.1
User-Agent: selenium/4.12.0 (java windows)
Content-Length: 58
Content-Type: application/json; charset=utf-8
host: localhost:28248
accept: */*

Response DefaultHttpResponse(decodeResult: success, version: HTTP/1.1)
HTTP/1.1 200 OK
Content-Length: 14
Content-Type: application/json; charset=utf-8
cache-control: no-cache

07:31:14.185 [AsyncHttpClient-1-17] DEBUG org.asynchttpclient.netty.channel.ChannelManager -- Adding key: http://localhost:28248 for channel [id: 0x8e94fed9, L:/127.0.0.1:63026 - R:localhost/127.0.0.1:28248]
07:31:14.193 [Forwarding findElement on session ac2a5eef32ac63c376b7c4ce778c7fd0 to remote] DEBUG org.asynchttpclient.netty.request.NettyRequestSender -- Using pooled Channel '[id: 0x8e94fed9, L:/127.0.0.1:63026 - R:localhost/127.0.0.1:28248]' for 'POST' to 'http://localhost:28248/session/ac2a5eef32ac63c376b7c4ce778c7fd0/element'
07:31:14.193 [Forwarding findElement on session ac2a5eef32ac63c376b7c4ce778c7fd0 to remote] DEBUG org.asynchttpclient.netty.request.NettyRequestSender -- Using open Channel [id: 0x8e94fed9, L:/127.0.0.1:63026 - R:localhost/127.0.0.1:28248] for POST '/session/ac2a5eef32ac63c376b7c4ce778c7fd0/element'
07:31:14.215 [AsyncHttpClient-1-17] DEBUG org.asynchttpclient.netty.handler.HttpHandler -- 

Request DefaultHttpRequest(decodeResult: success, version: HTTP/1.1)
POST /session/ac2a5eef32ac63c376b7c4ce778c7fd0/element HTTP/1.1
User-Agent: selenium/4.12.0 (java windows)
Content-Length: 59
Content-Type: application/json; charset=utf-8
host: localhost:28248
accept: */*

Response DefaultHttpResponse(decodeResult: success, version: HTTP/1.1)
HTTP/1.1 200 OK
Content-Length: 125
Content-Type: application/json; charset=utf-8
cache-control: no-cache

07:31:14.215 [AsyncHttpClient-1-17] DEBUG org.asynchttpclient.netty.channel.ChannelManager -- Adding key: http://localhost:28248 for channel [id: 0x8e94fed9, L:/127.0.0.1:63026 - R:localhost/127.0.0.1:28248]
07:31:14.216 [Forwarding sendKeysToElement on session ac2a5eef32ac63c376b7c4ce778c7fd0 to remote] DEBUG org.asynchttpclient.netty.request.NettyRequestSender -- Using pooled Channel '[id: 0x8e94fed9, L:/127.0.0.1:63026 - R:localhost/127.0.0.1:28248]' for 'POST' to 'http://localhost:28248/session/ac2a5eef32ac63c376b7c4ce778c7fd0/element/f.A45370E3F30048407A7FC6865FEACC3D.d.821EAD0A96E30AB767BE3D3C9EE60240.e.5/value'
07:31:14.216 [Forwarding sendKeysToElement on session ac2a5eef32ac63c376b7c4ce778c7fd0 to remote] DEBUG org.asynchttpclient.netty.request.NettyRequestSender -- Using open Channel [id: 0x8e94fed9, L:/127.0.0.1:63026 - R:localhost/127.0.0.1:28248] for POST '/session/ac2a5eef32ac63c376b7c4ce778c7fd0/element/f.A45370E3F30048407A7FC6865FEACC3D.d.821EAD0A96E30AB767BE3D3C9EE60240.e.5/value'
07:31:14.336 [AsyncHttpClient-1-17] DEBUG org.asynchttpclient.netty.handler.HttpHandler -- 

Request DefaultHttpRequest(decodeResult: success, version: HTTP/1.1)
POST /session/ac2a5eef32ac63c376b7c4ce778c7fd0/element/f.A45370E3F30048407A7FC6865FEACC3D.d.821EAD0A96E30AB767BE3D3C9EE60240.e.5/value HTTP/1.1
User-Agent: selenium/4.12.0 (java windows)
Content-Length: 228
Content-Type: application/json; charset=utf-8
host: localhost:28248
accept: */*

Response DefaultHttpResponse(decodeResult: success, version: HTTP/1.1)
HTTP/1.1 200 OK
Content-Length: 14
Content-Type: application/json; charset=utf-8
cache-control: no-cache

07:31:14.336 [AsyncHttpClient-1-17] DEBUG org.asynchttpclient.netty.channel.ChannelManager -- Adding key: http://localhost:28248 for channel [id: 0x8e94fed9, L:/127.0.0.1:63026 - R:localhost/127.0.0.1:28248]
07:31:14.338 [Forwarding findElement on session ac2a5eef32ac63c376b7c4ce778c7fd0 to remote] DEBUG org.asynchttpclient.netty.request.NettyRequestSender -- Using pooled Channel '[id: 0x8e94fed9, L:/127.0.0.1:63026 - R:localhost/127.0.0.1:28248]' for 'POST' to 'http://localhost:28248/session/ac2a5eef32ac63c376b7c4ce778c7fd0/element'
07:31:14.338 [Forwarding findElement on session ac2a5eef32ac63c376b7c4ce778c7fd0 to remote] DEBUG org.asynchttpclient.netty.request.NettyRequestSender -- Using open Channel [id: 0x8e94fed9, L:/127.0.0.1:63026 - R:localhost/127.0.0.1:28248] for POST '/session/ac2a5eef32ac63c376b7c4ce778c7fd0/element'
07:31:14.353 [AsyncHttpClient-1-17] DEBUG org.asynchttpclient.netty.handler.HttpHandler -- 

Request DefaultHttpRequest(decodeResult: success, version: HTTP/1.1)
POST /session/ac2a5eef32ac63c376b7c4ce778c7fd0/element HTTP/1.1
User-Agent: selenium/4.12.0 (java windows)
Content-Length: 62
Content-Type: application/json; charset=utf-8
host: localhost:28248
accept: */*

Response DefaultHttpResponse(decodeResult: success, version: HTTP/1.1)
HTTP/1.1 200 OK
Content-Length: 125
Content-Type: application/json; charset=utf-8
cache-control: no-cache

07:31:14.355 [AsyncHttpClient-1-17] DEBUG org.asynchttpclient.netty.channel.ChannelManager -- Adding key: http://localhost:28248 for channel [id: 0x8e94fed9, L:/127.0.0.1:63026 - R:localhost/127.0.0.1:28248]
07:31:14.356 [Forwarding sendKeysToElement on session ac2a5eef32ac63c376b7c4ce778c7fd0 to remote] DEBUG org.asynchttpclient.netty.request.NettyRequestSender -- Using pooled Channel '[id: 0x8e94fed9, L:/127.0.0.1:63026 - R:localhost/127.0.0.1:28248]' for 'POST' to 'http://localhost:28248/session/ac2a5eef32ac63c376b7c4ce778c7fd0/element/f.A45370E3F30048407A7FC6865FEACC3D.d.821EAD0A96E30AB767BE3D3C9EE60240.e.4/value'
07:31:14.356 [Forwarding sendKeysToElement on session ac2a5eef32ac63c376b7c4ce778c7fd0 to remote] DEBUG org.asynchttpclient.netty.request.NettyRequestSender -- Using open Channel [id: 0x8e94fed9, L:/127.0.0.1:63026 - R:localhost/127.0.0.1:28248] for POST '/session/ac2a5eef32ac63c376b7c4ce778c7fd0/element/f.A45370E3F30048407A7FC6865FEACC3D.d.821EAD0A96E30AB767BE3D3C9EE60240.e.4/value'
07:31:14.442 [AsyncHttpClient-1-17] DEBUG org.asynchttpclient.netty.handler.HttpHandler -- 

Request DefaultHttpRequest(decodeResult: success, version: HTTP/1.1)
POST /session/ac2a5eef32ac63c376b7c4ce778c7fd0/element/f.A45370E3F30048407A7FC6865FEACC3D.d.821EAD0A96E30AB767BE3D3C9EE60240.e.4/value HTTP/1.1
User-Agent: selenium/4.12.0 (java windows)
Content-Length: 238
Content-Type: application/json; charset=utf-8
host: localhost:28248
accept: */*

Response DefaultHttpResponse(decodeResult: success, version: HTTP/1.1)
HTTP/1.1 200 OK
Content-Length: 14
Content-Type: application/json; charset=utf-8
cache-control: no-cache

07:31:14.442 [AsyncHttpClient-1-17] DEBUG org.asynchttpclient.netty.channel.ChannelManager -- Adding key: http://localhost:28248 for channel [id: 0x8e94fed9, L:/127.0.0.1:63026 - R:localhost/127.0.0.1:28248]
07:31:14.443 [Forwarding findElement on session ac2a5eef32ac63c376b7c4ce778c7fd0 to remote] DEBUG org.asynchttpclient.netty.request.NettyRequestSender -- Using pooled Channel '[id: 0x8e94fed9, L:/127.0.0.1:63026 - R:localhost/127.0.0.1:28248]' for 'POST' to 'http://localhost:28248/session/ac2a5eef32ac63c376b7c4ce778c7fd0/element'
07:31:14.443 [Forwarding findElement on session ac2a5eef32ac63c376b7c4ce778c7fd0 to remote] DEBUG org.asynchttpclient.netty.request.NettyRequestSender -- Using open Channel [id: 0x8e94fed9, L:/127.0.0.1:63026 - R:localhost/127.0.0.1:28248] for POST '/session/ac2a5eef32ac63c376b7c4ce778c7fd0/element'
07:31:14.458 [AsyncHttpClient-1-17] DEBUG org.asynchttpclient.netty.handler.HttpHandler -- 

Request DefaultHttpRequest(decodeResult: success, version: HTTP/1.1)
POST /session/ac2a5eef32ac63c376b7c4ce778c7fd0/element HTTP/1.1
User-Agent: selenium/4.12.0 (java windows)
Content-Length: 65
Content-Type: application/json; charset=utf-8
host: localhost:28248
accept: */*

Response DefaultHttpResponse(decodeResult: success, version: HTTP/1.1)
HTTP/1.1 200 OK
Content-Length: 125
Content-Type: application/json; charset=utf-8
cache-control: no-cache

07:31:14.458 [AsyncHttpClient-1-17] DEBUG org.asynchttpclient.netty.channel.ChannelManager -- Adding key: http://localhost:28248 for channel [id: 0x8e94fed9, L:/127.0.0.1:63026 - R:localhost/127.0.0.1:28248]
07:31:14.459 [Forwarding clickElement on session ac2a5eef32ac63c376b7c4ce778c7fd0 to remote] DEBUG org.asynchttpclient.netty.request.NettyRequestSender -- Using pooled Channel '[id: 0x8e94fed9, L:/127.0.0.1:63026 - R:localhost/127.0.0.1:28248]' for 'POST' to 'http://localhost:28248/session/ac2a5eef32ac63c376b7c4ce778c7fd0/element/f.A45370E3F30048407A7FC6865FEACC3D.d.821EAD0A96E30AB767BE3D3C9EE60240.e.7/click'
07:31:14.459 [Forwarding clickElement on session ac2a5eef32ac63c376b7c4ce778c7fd0 to remote] DEBUG org.asynchttpclient.netty.request.NettyRequestSender -- Using open Channel [id: 0x8e94fed9, L:/127.0.0.1:63026 - R:localhost/127.0.0.1:28248] for POST '/session/ac2a5eef32ac63c376b7c4ce778c7fd0/element/f.A45370E3F30048407A7FC6865FEACC3D.d.821EAD0A96E30AB767BE3D3C9EE60240.e.7/click'
07:31:14.527 [AsyncHttpClient-1-17] DEBUG org.asynchttpclient.netty.handler.HttpHandler -- 

Request DefaultHttpRequest(decodeResult: success, version: HTTP/1.1)
POST /session/ac2a5eef32ac63c376b7c4ce778c7fd0/element/f.A45370E3F30048407A7FC6865FEACC3D.d.821EAD0A96E30AB767BE3D3C9EE60240.e.7/click HTTP/1.1
User-Agent: selenium/4.12.0 (java windows)
Content-Length: 87
Content-Type: application/json; charset=utf-8
host: localhost:28248
accept: */*

Response DefaultHttpResponse(decodeResult: success, version: HTTP/1.1)
HTTP/1.1 200 OK
Content-Length: 14
Content-Type: application/json; charset=utf-8
cache-control: no-cache

07:31:14.527 [AsyncHttpClient-1-17] DEBUG org.asynchttpclient.netty.channel.ChannelManager -- Adding key: http://localhost:28248 for channel [id: 0x8e94fed9, L:/127.0.0.1:63026 - R:localhost/127.0.0.1:28248]
07:31:14.528 [Forwarding getPageSource on session ac2a5eef32ac63c376b7c4ce778c7fd0 to remote] DEBUG org.asynchttpclient.netty.request.NettyRequestSender -- Using pooled Channel '[id: 0x8e94fed9, L:/127.0.0.1:63026 - R:localhost/127.0.0.1:28248]' for 'POST' to 'http://localhost:28248/session/ac2a5eef32ac63c376b7c4ce778c7fd0/execute/sync'
07:31:14.528 [Forwarding getPageSource on session ac2a5eef32ac63c376b7c4ce778c7fd0 to remote] DEBUG org.asynchttpclient.netty.request.NettyRequestSender -- Using open Channel [id: 0x8e94fed9, L:/127.0.0.1:63026 - R:localhost/127.0.0.1:28248] for POST '/session/ac2a5eef32ac63c376b7c4ce778c7fd0/execute/sync'
07:31:14.535 [AsyncHttpClient-1-17] DEBUG org.asynchttpclient.netty.handler.HttpHandler -- 

Request DefaultHttpRequest(decodeResult: success, version: HTTP/1.1)
POST /session/ac2a5eef32ac63c376b7c4ce778c7fd0/execute/sync HTTP/1.1
User-Agent: selenium/4.12.0 (java windows)
Content-Length: 176
Content-Type: application/json; charset=utf-8
host: localhost:28248
accept: */*

Response DefaultHttpResponse(decodeResult: success, version: HTTP/1.1)
HTTP/1.1 200 OK
Content-Length: 4159
Content-Type: application/json; charset=utf-8
cache-control: no-cache

07:31:14.535 [AsyncHttpClient-1-17] DEBUG org.asynchttpclient.netty.channel.ChannelManager -- Adding key: http://localhost:28248 for channel [id: 0x8e94fed9, L:/127.0.0.1:63026 - R:localhost/127.0.0.1:28248]
]]></system-out>
    <system-err><![CDATA[Jan 03, 2025 7:31:13 AM org.openqa.selenium.devtools.CdpVersionFinder findNearestMatch
WARNING: Unable to find CDP implementation matching 131
Jan 03, 2025 7:31:13 AM org.openqa.selenium.chromium.ChromiumDriver lambda$new$5
WARNING: Unable to find version of CDP to use for 131.0.6778.205. You may need to include a dependency on a specific version of the CDP using something similar to `org.seleniumhq.selenium:selenium-devtools-v86:4.12.0` where the version ("v86") matches the version of the chromium-based browser you're using and the version number of the artifact is the same as Selenium's.
]]></system-err>
  </testcase>
  <testcase name="testMissingFieldsInRegistration" classname="UITestCases.BuggyCarsUITests" time="0.442">
    <failure message="expected [true] but found [false]" type="java.lang.AssertionError"><![CDATA[java.lang.AssertionError: expected [true] but found [false]
	at org.testng.Assert.fail(Assert.java:110)
	at org.testng.Assert.failNotEquals(Assert.java:1413)
	at org.testng.Assert.assertTrue(Assert.java:56)
	at org.testng.Assert.assertTrue(Assert.java:66)
	at UITestCases.BuggyCarsUITests.testMissingFieldsInRegistration(BuggyCarsUITests.java:62)
	at java.base/jdk.internal.reflect.NativeMethodAccessorImpl.invoke0(Native Method)
	at java.base/jdk.internal.reflect.NativeMethodAccessorImpl.invoke(NativeMethodAccessorImpl.java:77)
	at java.base/jdk.internal.reflect.DelegatingMethodAccessorImpl.invoke(DelegatingMethodAccessorImpl.java:43)
	at java.base/java.lang.reflect.Method.invoke(Method.java:568)
	at org.testng.internal.invokers.MethodInvocationHelper.invokeMethod(MethodInvocationHelper.java:139)
	at org.testng.internal.invokers.TestInvoker.invokeMethod(TestInvoker.java:677)
	at org.testng.internal.invokers.TestInvoker.invokeTestMethod(TestInvoker.java:221)
	at org.testng.internal.invokers.MethodRunner.runInSequence(MethodRunner.java:50)
	at org.testng.internal.invokers.TestInvoker$MethodInvocationAgent.invoke(TestInvoker.java:969)
	at org.testng.internal.invokers.TestInvoker.invokeTestMethods(TestInvoker.java:194)
	at org.testng.internal.invokers.TestMethodWorker.invokeTestMethods(TestMethodWorker.java:148)
	at org.testng.internal.invokers.TestMethodWorker.run(TestMethodWorker.java:128)
	at java.base/java.util.ArrayList.forEach(ArrayList.java:1511)
	at org.testng.TestRunner.privateRun(TestRunner.java:829)
	at org.testng.TestRunner.run(TestRunner.java:602)
	at org.testng.SuiteRunner.runTest(SuiteRunner.java:437)
	at org.testng.SuiteRunner.runSequentially(SuiteRunner.java:431)
	at org.testng.SuiteRunner.privateRun(SuiteRunner.java:391)
	at org.testng.SuiteRunner.run(SuiteRunner.java:330)
	at org.testng.SuiteRunnerWorker.runSuite(SuiteRunnerWorker.java:52)
	at org.testng.SuiteRunnerWorker.run(SuiteRunnerWorker.java:95)
	at org.testng.TestNG.runSuitesSequentially(TestNG.java:1256)
	at org.testng.TestNG.runSuitesLocally(TestNG.java:1176)
	at org.testng.TestNG.runSuites(TestNG.java:1099)
	at org.testng.TestNG.run(TestNG.java:1067)
	at org.apache.maven.surefire.testng.TestNGExecutor.run(TestNGExecutor.java:324)
	at org.apache.maven.surefire.testng.TestNGXmlTestSuite.execute(TestNGXmlTestSuite.java:74)
	at org.apache.maven.surefire.testng.TestNGProvider.invoke(TestNGProvider.java:123)
	at org.apache.maven.surefire.booter.ForkedBooter.runSuitesInProcess(ForkedBooter.java:456)
	at org.apache.maven.surefire.booter.ForkedBooter.execute(ForkedBooter.java:169)
	at org.apache.maven.surefire.booter.ForkedBooter.run(ForkedBooter.java:595)
	at org.apache.maven.surefire.booter.ForkedBooter.main(ForkedBooter.java:581)
]]></failure>
    <system-out><![CDATA[07:31:14.539 [AsyncHttpClient-1-3] DEBUG org.asynchttpclient.netty.handler.WebSocketHandler -- Channel Closed: [id: 0x02be9ade, L:/127.0.0.1:63034 ! R:localhost/127.0.0.1:63027] with attribute DISCARD
07:31:14.539 [Driver Command Executor] DEBUG org.asynchttpclient.netty.request.NettyRequestSender -- Using pooled Channel '[id: 0x8e94fed9, L:/127.0.0.1:63026 - R:localhost/127.0.0.1:28248]' for 'DELETE' to 'http://localhost:28248/session/ac2a5eef32ac63c376b7c4ce778c7fd0'
07:31:14.539 [Driver Command Executor] DEBUG org.asynchttpclient.netty.request.NettyRequestSender -- Using open Channel [id: 0x8e94fed9, L:/127.0.0.1:63026 - R:localhost/127.0.0.1:28248] for DELETE '/session/ac2a5eef32ac63c376b7c4ce778c7fd0'
07:31:14.581 [AsyncHttpClient-1-2] DEBUG org.asynchttpclient.netty.handler.HttpHandler -- Unexpected I/O exception on channel [id: 0xb1fdd7b1, L:/127.0.0.1:63033 - R:localhost/127.0.0.1:63027]
java.net.SocketException: Connection reset
	at java.base/sun.nio.ch.SocketChannelImpl.throwConnectionReset(SocketChannelImpl.java:394)
	at java.base/sun.nio.ch.SocketChannelImpl.read(SocketChannelImpl.java:426)
	at io.netty.buffer.PooledByteBuf.setBytes(PooledByteBuf.java:254)
	at io.netty.buffer.AbstractByteBuf.writeBytes(AbstractByteBuf.java:1132)
	at io.netty.channel.socket.nio.NioSocketChannel.doReadBytes(NioSocketChannel.java:357)
	at io.netty.channel.nio.AbstractNioByteChannel$NioByteUnsafe.read(AbstractNioByteChannel.java:151)
	at io.netty.channel.nio.NioEventLoop.processSelectedKey(NioEventLoop.java:788)
	at io.netty.channel.nio.NioEventLoop.processSelectedKeysOptimized(NioEventLoop.java:724)
	at io.netty.channel.nio.NioEventLoop.processSelectedKeys(NioEventLoop.java:650)
	at io.netty.channel.nio.NioEventLoop.run(NioEventLoop.java:562)
	at io.netty.util.concurrent.SingleThreadEventExecutor$4.run(SingleThreadEventExecutor.java:997)
	at io.netty.util.internal.ThreadExecutorMap$2.run(ThreadExecutorMap.java:74)
	at io.netty.util.concurrent.FastThreadLocalRunnable.run(FastThreadLocalRunnable.java:30)
	at java.base/java.lang.Thread.run(Thread.java:842)
07:31:14.582 [AsyncHttpClient-1-2] DEBUG org.asynchttpclient.netty.channel.ChannelManager -- Closing Channel [id: 0xb1fdd7b1, L:/127.0.0.1:63033 - R:localhost/127.0.0.1:63027] 
07:31:14.582 [AsyncHttpClient-1-2] DEBUG org.asynchttpclient.netty.handler.HttpHandler -- Channel Closed: [id: 0xb1fdd7b1, L:/127.0.0.1:63033 ! R:localhost/127.0.0.1:63027] with attribute DISCARD
07:31:14.612 [AsyncHttpClient-1-17] DEBUG org.asynchttpclient.netty.handler.HttpHandler -- 

Request DefaultFullHttpRequest(decodeResult: success, version: HTTP/1.1, content: EmptyByteBufBE)
DELETE /session/ac2a5eef32ac63c376b7c4ce778c7fd0 HTTP/1.1
User-Agent: selenium/4.12.0 (java windows)
Content-Type: application/json; charset=utf-8
host: localhost:28248
accept: */*

Response DefaultHttpResponse(decodeResult: success, version: HTTP/1.1)
HTTP/1.1 200 OK
Content-Length: 14
Content-Type: application/json; charset=utf-8
cache-control: no-cache

07:31:14.612 [AsyncHttpClient-1-17] DEBUG org.asynchttpclient.netty.channel.ChannelManager -- Adding key: http://localhost:28248 for channel [id: 0x8e94fed9, L:/127.0.0.1:63026 - R:localhost/127.0.0.1:28248]
07:31:14.735 [AsyncHttpClient-1-17] DEBUG org.asynchttpclient.netty.handler.HttpHandler -- Channel Closed: [id: 0x8e94fed9, L:/127.0.0.1:63026 ! R:localhost/127.0.0.1:28248] with attribute DISCARD
07:31:14.799 [main] DEBUG io.github.bonigarcia.wdm.WebDriverManager -- Using WebDriverManager 5.5.3
07:31:14.805 [main] DEBUG io.github.bonigarcia.wdm.cache.ResolutionCache -- Resolution chrome=131 in cache (valid until 08:30:55 03/01/2025 IST)
07:31:14.805 [main] DEBUG io.github.bonigarcia.wdm.cache.ResolutionCache -- Resolution chrome131=131.0.6778.204 in cache (valid until 14:21:23 03/01/2025 IST)
07:31:14.805 [main] INFO io.github.bonigarcia.wdm.WebDriverManager -- Using chromedriver 131.0.6778.204 (resolved driver for Chrome 131)
07:31:14.809 [main] DEBUG io.github.bonigarcia.wdm.WebDriverManager -- Driver chromedriver 131.0.6778.204 found in cache
07:31:14.809 [main] INFO io.github.bonigarcia.wdm.WebDriverManager -- Exporting webdriver.chrome.driver as C:\Users\sasitharan\.cache\selenium\chromedriver\win64\131.0.6778.204\chromedriver.exe
07:31:14.829 [AsyncHttpClient-1-1] DEBUG org.asynchttpclient.netty.channel.DefaultChannelPool -- Entry count for : http://localhost:63027 : 1
07:31:14.829 [AsyncHttpClient-1-1] DEBUG org.asynchttpclient.netty.channel.DefaultChannelPool -- Entry count for : http://localhost:28248 : 1
07:31:14.829 [AsyncHttpClient-1-1] DEBUG org.asynchttpclient.netty.channel.DefaultChannelPool -- Adding Candidate expired Channel [id: 0xb1fdd7b1, L:/127.0.0.1:63033 ! R:localhost/127.0.0.1:63027] isIdleTimeoutExpired=false isRemotelyClosed=true isTtlExpired=false
07:31:14.829 [AsyncHttpClient-1-1] DEBUG org.asynchttpclient.netty.channel.DefaultChannelPool -- Closing Idle Channel [id: 0xb1fdd7b1, L:/127.0.0.1:63033 ! R:localhost/127.0.0.1:63027]
07:31:14.829 [AsyncHttpClient-1-1] DEBUG org.asynchttpclient.netty.channel.DefaultChannelPool -- Adding Candidate expired Channel [id: 0x8e94fed9, L:/127.0.0.1:63026 ! R:localhost/127.0.0.1:28248] isIdleTimeoutExpired=false isRemotelyClosed=true isTtlExpired=false
07:31:14.829 [AsyncHttpClient-1-1] DEBUG org.asynchttpclient.netty.channel.DefaultChannelPool -- Closing Idle Channel [id: 0x8e94fed9, L:/127.0.0.1:63026 ! R:localhost/127.0.0.1:28248]
07:31:14.829 [AsyncHttpClient-1-1] DEBUG org.asynchttpclient.netty.channel.DefaultChannelPool -- Closed 2 connections out of 2 in 0 ms
07:31:14.878 [AsyncHttpClient-1-4] DEBUG org.asynchttpclient.netty.channel.NettyConnectListener -- Using new Channel '[id: 0xc92369c0, L:/127.0.0.1:63044 - R:localhost/127.0.0.1:24267]' for 'POST' to '/session'
07:31:15.499 [AsyncHttpClient-1-4] DEBUG org.asynchttpclient.netty.handler.HttpHandler -- 

Request DefaultHttpRequest(decodeResult: success, version: HTTP/1.1)
POST /session HTTP/1.1
User-Agent: selenium/4.12.0 (java windows)
Content-Length: 254
Content-Type: application/json; charset=utf-8
host: localhost:24267
accept: */*

Response DefaultHttpResponse(decodeResult: success, version: HTTP/1.1)
HTTP/1.1 200 OK
Content-Length: 887
Content-Type: application/json; charset=utf-8
cache-control: no-cache

07:31:15.499 [AsyncHttpClient-1-4] DEBUG org.asynchttpclient.netty.channel.ChannelManager -- Adding key: http://localhost:24267 for channel [id: 0xc92369c0, L:/127.0.0.1:63044 - R:localhost/127.0.0.1:24267]
07:31:15.505 [AsyncHttpClient-1-5] DEBUG org.asynchttpclient.netty.channel.NettyConnectListener -- Using new Channel '[id: 0x429ad3f9, L:/127.0.0.1:63051 - R:localhost/127.0.0.1:63045]' for 'GET' to '/json/version'
07:31:15.506 [AsyncHttpClient-1-5] DEBUG org.asynchttpclient.netty.handler.HttpHandler -- 

Request DefaultFullHttpRequest(decodeResult: success, version: HTTP/1.1, content: EmptyByteBufBE)
GET /json/version HTTP/1.1
User-Agent: selenium/4.12.0 (java windows)
host: localhost:63045
accept: */*

Response DefaultHttpResponse(decodeResult: success, version: HTTP/1.1)
HTTP/1.1 200 OK
Content-Security-Policy: frame-ancestors 'none'
Content-Length: 424
Content-Type: application/json; charset=UTF-8

07:31:15.507 [AsyncHttpClient-1-5] DEBUG org.asynchttpclient.netty.channel.ChannelManager -- Adding key: http://localhost:63045 for channel [id: 0x429ad3f9, L:/127.0.0.1:63051 - R:localhost/127.0.0.1:63045]
07:31:15.510 [AsyncHttpClient-1-6] DEBUG org.asynchttpclient.netty.channel.NettyConnectListener -- Using new Channel '[id: 0x66a9566d, L:/127.0.0.1:63052 - R:localhost/127.0.0.1:63045]' for 'GET' to '/devtools/browser/b1ef3783-414e-476d-b17a-994d4910d072'
07:31:15.512 [AsyncHttpClient-1-6] DEBUG org.asynchttpclient.netty.handler.WebSocketHandler -- 

Request DefaultFullHttpRequest(decodeResult: success, version: HTTP/1.1, content: EmptyByteBufBE)
GET /devtools/browser/b1ef3783-414e-476d-b17a-994d4910d072 HTTP/1.1
upgrade: websocket
connection: upgrade
sec-websocket-key: R+Y3gzEqGnKUIeMs1yKFWw==
sec-websocket-version: 13
origin: http://localhost:63045
host: localhost:63045
accept: */*
user-agent: AHC/2.1

Response DefaultHttpResponse(decodeResult: success, version: HTTP/1.1)
HTTP/1.1 101 WebSocket Protocol Handshake
Upgrade: WebSocket
Connection: Upgrade
Sec-WebSocket-Accept: qq4jXgnKJVtImvrVPBvVbTjoaok=

07:31:15.516 [Forwarding maximizeCurrentWindow on session dce60d0d76e60344390564852e72b09a to remote] DEBUG org.asynchttpclient.netty.request.NettyRequestSender -- Using pooled Channel '[id: 0xc92369c0, L:/127.0.0.1:63044 - R:localhost/127.0.0.1:24267]' for 'POST' to 'http://localhost:24267/session/dce60d0d76e60344390564852e72b09a/window/maximize'
07:31:15.516 [Forwarding maximizeCurrentWindow on session dce60d0d76e60344390564852e72b09a to remote] DEBUG org.asynchttpclient.netty.request.NettyRequestSender -- Using open Channel [id: 0xc92369c0, L:/127.0.0.1:63044 - R:localhost/127.0.0.1:24267] for POST '/session/dce60d0d76e60344390564852e72b09a/window/maximize'
07:31:15.567 [AsyncHttpClient-1-4] DEBUG org.asynchttpclient.netty.handler.HttpHandler -- 

Request DefaultHttpRequest(decodeResult: success, version: HTTP/1.1)
POST /session/dce60d0d76e60344390564852e72b09a/window/maximize HTTP/1.1
User-Agent: selenium/4.12.0 (java windows)
Content-Length: 3
Content-Type: application/json; charset=utf-8
host: localhost:24267
accept: */*

Response DefaultHttpResponse(decodeResult: success, version: HTTP/1.1)
HTTP/1.1 200 OK
Content-Length: 52
Content-Type: application/json; charset=utf-8
cache-control: no-cache

07:31:15.567 [AsyncHttpClient-1-4] DEBUG org.asynchttpclient.netty.channel.ChannelManager -- Adding key: http://localhost:24267 for channel [id: 0xc92369c0, L:/127.0.0.1:63044 - R:localhost/127.0.0.1:24267]
07:31:15.570 [Forwarding get on session dce60d0d76e60344390564852e72b09a to remote] DEBUG org.asynchttpclient.netty.request.NettyRequestSender -- Using pooled Channel '[id: 0xc92369c0, L:/127.0.0.1:63044 - R:localhost/127.0.0.1:24267]' for 'POST' to 'http://localhost:24267/session/dce60d0d76e60344390564852e72b09a/url'
07:31:15.570 [Forwarding get on session dce60d0d76e60344390564852e72b09a to remote] DEBUG org.asynchttpclient.netty.request.NettyRequestSender -- Using open Channel [id: 0xc92369c0, L:/127.0.0.1:63044 - R:localhost/127.0.0.1:24267] for POST '/session/dce60d0d76e60344390564852e72b09a/url'
07:31:15.930 [AsyncHttpClient-1-1] DEBUG org.asynchttpclient.netty.channel.DefaultChannelPool -- Entry count for : http://localhost:63045 : 1
07:31:17.037 [AsyncHttpClient-1-1] DEBUG org.asynchttpclient.netty.channel.DefaultChannelPool -- Entry count for : http://localhost:63045 : 1
07:31:17.328 [AsyncHttpClient-1-4] DEBUG org.asynchttpclient.netty.handler.HttpHandler -- 

Request DefaultHttpRequest(decodeResult: success, version: HTTP/1.1)
POST /session/dce60d0d76e60344390564852e72b09a/url HTTP/1.1
User-Agent: selenium/4.12.0 (java windows)
Content-Length: 58
Content-Type: application/json; charset=utf-8
host: localhost:24267
accept: */*

Response DefaultHttpResponse(decodeResult: success, version: HTTP/1.1)
HTTP/1.1 200 OK
Content-Length: 14
Content-Type: application/json; charset=utf-8
cache-control: no-cache

07:31:17.328 [AsyncHttpClient-1-4] DEBUG org.asynchttpclient.netty.channel.ChannelManager -- Adding key: http://localhost:24267 for channel [id: 0xc92369c0, L:/127.0.0.1:63044 - R:localhost/127.0.0.1:24267]
07:31:17.335 [Forwarding findElement on session dce60d0d76e60344390564852e72b09a to remote] DEBUG org.asynchttpclient.netty.request.NettyRequestSender -- Using pooled Channel '[id: 0xc92369c0, L:/127.0.0.1:63044 - R:localhost/127.0.0.1:24267]' for 'POST' to 'http://localhost:24267/session/dce60d0d76e60344390564852e72b09a/element'
07:31:17.335 [Forwarding findElement on session dce60d0d76e60344390564852e72b09a to remote] DEBUG org.asynchttpclient.netty.request.NettyRequestSender -- Using open Channel [id: 0xc92369c0, L:/127.0.0.1:63044 - R:localhost/127.0.0.1:24267] for POST '/session/dce60d0d76e60344390564852e72b09a/element'
07:31:17.376 [AsyncHttpClient-1-4] DEBUG org.asynchttpclient.netty.handler.HttpHandler -- 

Request DefaultHttpRequest(decodeResult: success, version: HTTP/1.1)
POST /session/dce60d0d76e60344390564852e72b09a/element HTTP/1.1
User-Agent: selenium/4.12.0 (java windows)
Content-Length: 49
Content-Type: application/json; charset=utf-8
host: localhost:24267
accept: */*

Response DefaultHttpResponse(decodeResult: success, version: HTTP/1.1)
HTTP/1.1 200 OK
Content-Length: 126
Content-Type: application/json; charset=utf-8
cache-control: no-cache

07:31:17.376 [AsyncHttpClient-1-4] DEBUG org.asynchttpclient.netty.channel.ChannelManager -- Adding key: http://localhost:24267 for channel [id: 0xc92369c0, L:/127.0.0.1:63044 - R:localhost/127.0.0.1:24267]
07:31:17.380 [Forwarding clickElement on session dce60d0d76e60344390564852e72b09a to remote] DEBUG org.asynchttpclient.netty.request.NettyRequestSender -- Using pooled Channel '[id: 0xc92369c0, L:/127.0.0.1:63044 - R:localhost/127.0.0.1:24267]' for 'POST' to 'http://localhost:24267/session/dce60d0d76e60344390564852e72b09a/element/f.BAE9BF81DC0562AF1AA98F6BE902B720.d.5DC5D409CFA98104DC56080E9C7CDE65.e.14/click'
07:31:17.380 [Forwarding clickElement on session dce60d0d76e60344390564852e72b09a to remote] DEBUG org.asynchttpclient.netty.request.NettyRequestSender -- Using open Channel [id: 0xc92369c0, L:/127.0.0.1:63044 - R:localhost/127.0.0.1:24267] for POST '/session/dce60d0d76e60344390564852e72b09a/element/f.BAE9BF81DC0562AF1AA98F6BE902B720.d.5DC5D409CFA98104DC56080E9C7CDE65.e.14/click'
07:31:17.627 [AsyncHttpClient-1-4] DEBUG org.asynchttpclient.netty.handler.HttpHandler -- 

Request DefaultHttpRequest(decodeResult: success, version: HTTP/1.1)
POST /session/dce60d0d76e60344390564852e72b09a/element/f.BAE9BF81DC0562AF1AA98F6BE902B720.d.5DC5D409CFA98104DC56080E9C7CDE65.e.14/click HTTP/1.1
User-Agent: selenium/4.12.0 (java windows)
Content-Length: 88
Content-Type: application/json; charset=utf-8
host: localhost:24267
accept: */*

Response DefaultHttpResponse(decodeResult: success, version: HTTP/1.1)
HTTP/1.1 200 OK
Content-Length: 14
Content-Type: application/json; charset=utf-8
cache-control: no-cache

07:31:17.628 [AsyncHttpClient-1-4] DEBUG org.asynchttpclient.netty.channel.ChannelManager -- Adding key: http://localhost:24267 for channel [id: 0xc92369c0, L:/127.0.0.1:63044 - R:localhost/127.0.0.1:24267]
07:31:17.629 [Forwarding findElement on session dce60d0d76e60344390564852e72b09a to remote] DEBUG org.asynchttpclient.netty.request.NettyRequestSender -- Using pooled Channel '[id: 0xc92369c0, L:/127.0.0.1:63044 - R:localhost/127.0.0.1:24267]' for 'POST' to 'http://localhost:24267/session/dce60d0d76e60344390564852e72b09a/element'
07:31:17.629 [Forwarding findElement on session dce60d0d76e60344390564852e72b09a to remote] DEBUG org.asynchttpclient.netty.request.NettyRequestSender -- Using open Channel [id: 0xc92369c0, L:/127.0.0.1:63044 - R:localhost/127.0.0.1:24267] for POST '/session/dce60d0d76e60344390564852e72b09a/element'
07:31:17.652 [AsyncHttpClient-1-4] DEBUG org.asynchttpclient.netty.handler.HttpHandler -- 

Request DefaultHttpRequest(decodeResult: success, version: HTTP/1.1)
POST /session/dce60d0d76e60344390564852e72b09a/element HTTP/1.1
User-Agent: selenium/4.12.0 (java windows)
Content-Length: 65
Content-Type: application/json; charset=utf-8
host: localhost:24267
accept: */*

Response DefaultHttpResponse(decodeResult: success, version: HTTP/1.1)
HTTP/1.1 200 OK
Content-Length: 126
Content-Type: application/json; charset=utf-8
cache-control: no-cache

07:31:17.652 [AsyncHttpClient-1-4] DEBUG org.asynchttpclient.netty.channel.ChannelManager -- Adding key: http://localhost:24267 for channel [id: 0xc92369c0, L:/127.0.0.1:63044 - R:localhost/127.0.0.1:24267]
07:31:17.654 [Forwarding clickElement on session dce60d0d76e60344390564852e72b09a to remote] DEBUG org.asynchttpclient.netty.request.NettyRequestSender -- Using pooled Channel '[id: 0xc92369c0, L:/127.0.0.1:63044 - R:localhost/127.0.0.1:24267]' for 'POST' to 'http://localhost:24267/session/dce60d0d76e60344390564852e72b09a/element/f.BAE9BF81DC0562AF1AA98F6BE902B720.d.5DC5D409CFA98104DC56080E9C7CDE65.e.10/click'
07:31:17.655 [Forwarding clickElement on session dce60d0d76e60344390564852e72b09a to remote] DEBUG org.asynchttpclient.netty.request.NettyRequestSender -- Using open Channel [id: 0xc92369c0, L:/127.0.0.1:63044 - R:localhost/127.0.0.1:24267] for POST '/session/dce60d0d76e60344390564852e72b09a/element/f.BAE9BF81DC0562AF1AA98F6BE902B720.d.5DC5D409CFA98104DC56080E9C7CDE65.e.10/click'
07:31:17.751 [AsyncHttpClient-1-4] DEBUG org.asynchttpclient.netty.handler.HttpHandler -- 

Request DefaultHttpRequest(decodeResult: success, version: HTTP/1.1)
POST /session/dce60d0d76e60344390564852e72b09a/element/f.BAE9BF81DC0562AF1AA98F6BE902B720.d.5DC5D409CFA98104DC56080E9C7CDE65.e.10/click HTTP/1.1
User-Agent: selenium/4.12.0 (java windows)
Content-Length: 88
Content-Type: application/json; charset=utf-8
host: localhost:24267
accept: */*

Response DefaultHttpResponse(decodeResult: success, version: HTTP/1.1)
HTTP/1.1 200 OK
Content-Length: 14
Content-Type: application/json; charset=utf-8
cache-control: no-cache

07:31:17.752 [AsyncHttpClient-1-4] DEBUG org.asynchttpclient.netty.channel.ChannelManager -- Adding key: http://localhost:24267 for channel [id: 0xc92369c0, L:/127.0.0.1:63044 - R:localhost/127.0.0.1:24267]
07:31:17.753 [Forwarding getPageSource on session dce60d0d76e60344390564852e72b09a to remote] DEBUG org.asynchttpclient.netty.request.NettyRequestSender -- Using pooled Channel '[id: 0xc92369c0, L:/127.0.0.1:63044 - R:localhost/127.0.0.1:24267]' for 'POST' to 'http://localhost:24267/session/dce60d0d76e60344390564852e72b09a/execute/sync'
07:31:17.753 [Forwarding getPageSource on session dce60d0d76e60344390564852e72b09a to remote] DEBUG org.asynchttpclient.netty.request.NettyRequestSender -- Using open Channel [id: 0xc92369c0, L:/127.0.0.1:63044 - R:localhost/127.0.0.1:24267] for POST '/session/dce60d0d76e60344390564852e72b09a/execute/sync'
07:31:17.762 [AsyncHttpClient-1-4] DEBUG org.asynchttpclient.netty.handler.HttpHandler -- 

Request DefaultHttpRequest(decodeResult: success, version: HTTP/1.1)
POST /session/dce60d0d76e60344390564852e72b09a/execute/sync HTTP/1.1
User-Agent: selenium/4.12.0 (java windows)
Content-Length: 176
Content-Type: application/json; charset=utf-8
host: localhost:24267
accept: */*

Response DefaultHttpResponse(decodeResult: success, version: HTTP/1.1)
HTTP/1.1 200 OK
Content-Length: 7620
Content-Type: application/json; charset=utf-8
cache-control: no-cache

07:31:17.763 [AsyncHttpClient-1-4] DEBUG org.asynchttpclient.netty.channel.ChannelManager -- Adding key: http://localhost:24267 for channel [id: 0xc92369c0, L:/127.0.0.1:63044 - R:localhost/127.0.0.1:24267]
PageSource = <html><head>
    <meta charset="utf-8">
    <title>Buggy Cars Rating</title>
    <link rel="icon" type="image/x-icon" href="/img/favicon.ico">
    <base href="/">
  <link href="/css/vendor.a5856ccaff510c09debf.css" rel="stylesheet"><link href="/css/app.a5856ccaff510c09debf.css" rel="stylesheet"><style></style><style>.card[_ngcontent-lby-4] img[_ngcontent-lby-4]{height:170px;margin-top:20px}</style></head>
  <body>
    <my-app _nghost-lby-1=""><header _ngcontent-lby-1="">
  <nav _ngcontent-lby-1="" class="navbar navbar-full navbar-dark bg-inverse">
    <div _ngcontent-lby-1="" class="container">
      <a _ngcontent-lby-1="" class="navbar-brand" href="/">Buggy Rating</a>
      <my-login _ngcontent-lby-1="" _nghost-lby-2=""><!--template bindings={}--><div _ngcontent-lby-2="" class="pull-xs-right">
    <form _ngcontent-lby-2="" class="form-inline">
        <div _ngcontent-lby-2="" class="form-group">
            <!--template bindings={}-->
            <input _ngcontent-lby-2="" class="form-control form-control-sm input-sm ng-untouched ng-pristine ng-invalid" name="login" ngmodel="" placeholder="Login" required="" type="text">
            <input _ngcontent-lby-2="" class="form-control form-control-sm ng-untouched ng-pristine ng-invalid" name="password" ngmodel="" required="" type="password">
        </div>
        <button _ngcontent-lby-2="" class="btn btn-success" type="submit">Login</button>
        <a _ngcontent-lby-2="" class="btn btn-success-outline" href="/register">Register</a>
    </form>
</div>

<!--template bindings={}--></my-login>
    </div>
  </nav>

  <div _ngcontent-lby-1="" class="jumbotron jumbotron-fluid">
    <div _ngcontent-lby-1="" class="container">
      <div _ngcontent-lby-1="" class="row">
        <div _ngcontent-lby-1="" class="col-md-4">
          <h1 _ngcontent-lby-1="" class="display-4">Buggy<br _ngcontent-lby-1="">Cars<br _ngcontent-lby-1="">Rating</h1>
        </div>
        <div _ngcontent-lby-1="" class="col-md-8">
          <div _ngcontent-lby-1="" class="center-block">
            <img _ngcontent-lby-1="" class="img-fluid" src="/img/header-car.gif">
          </div>
        </div>
      </div>
    </div>
  </div>
</header>

<div _ngcontent-lby-1="" class="container" role="main">
  <main _ngcontent-lby-1="" class="row">
    <router-outlet _ngcontent-lby-1=""></router-outlet><my-register _nghost-lby-6=""><div _ngcontent-lby-6="" class="container my-form">
    <div _ngcontent-lby-6="" class="col-md-6">
        <h2 _ngcontent-lby-6="">Register with Buggy Cars Rating</h2>

        <form _ngcontent-lby-6="">
            <div _ngcontent-lby-6="" class="form-group">
                <label _ngcontent-lby-6="" for="username">Login</label>
                <input _ngcontent-lby-6="" class="form-control ng-untouched ng-pristine ng-invalid" formcontrolname="username" id="username" name="username" required="" type="text">
                <div _ngcontent-lby-6="" class="alert alert-danger" hidden="">
                    Login is required
                </div>
                <div _ngcontent-lby-6="" class="alert alert-danger" hidden="">
                    Login cannot be more than 50 characters long
                </div>
            </div>

            <div _ngcontent-lby-6="" class="form-group">
                <label _ngcontent-lby-6="" for="firstName">First Name</label>
                <input _ngcontent-lby-6="" class="form-control ng-untouched ng-pristine ng-invalid" formcontrolname="firstName" id="firstName" name="firstName" required="" type="text">
                <div _ngcontent-lby-6="" class="alert alert-danger" hidden="">
                    First Name is required
                </div>
            </div>

            <div _ngcontent-lby-6="" class="form-group">
                <label _ngcontent-lby-6="" for="lastName">Last Name</label>
                <input _ngcontent-lby-6="" class="form-control ng-untouched ng-pristine ng-invalid" formcontrolname="lastName" id="lastName" name="lastName" required="" type="text">
                <div _ngcontent-lby-6="" class="alert alert-danger" hidden="">
                    First Name is required
                </div>
            </div>

            <div _ngcontent-lby-6="" class="form-group">
                <label _ngcontent-lby-6="" for="password">Password</label>
                <input _ngcontent-lby-6="" class="form-control ng-untouched ng-pristine ng-invalid" formcontrolname="password" id="password" name="password" required="" type="password">
                <div _ngcontent-lby-6="" class="alert alert-danger" hidden="">
                    Password is required
                </div>
            </div>

            <div _ngcontent-lby-6="" class="form-group">
                <label _ngcontent-lby-6="" for="confirmPassword">Confirm Password</label>
                <input _ngcontent-lby-6="" class="form-control ng-untouched ng-pristine ng-invalid" formcontrolname="confirmPassword" id="confirmPassword" name="confirmPassword" required="" type="password">
                <div _ngcontent-lby-6="" class="alert alert-danger" hidden="">
                    Passwords do not match
                </div>
            </div>

            <button _ngcontent-lby-6="" class="btn btn-default" type="submit" disabled="">Register</button>
            <a _ngcontent-lby-6="" class="btn" role="button" href="/">Cancel</a>

            <!--template bindings={}-->

            <!--template bindings={}-->
        </form>
    </div>
</div></my-register>
  </main>

  <hr _ngcontent-lby-1="">

  <footer _ngcontent-lby-1="" class="footer">
    <div _ngcontent-lby-1="" class="container">
      <div _ngcontent-lby-1="" class="pull-xs-right">
        <a _ngcontent-lby-1="" href="https://www.facebook.com" target="_blank" title="Facebook">
          <img _ngcontent-lby-1="" src="/img/FB-f-Logo__blue_29.png">
        </a>

        <a _ngcontent-lby-1="" target="_blank" title="Twitter" href="https://www.twitter.com">
          <img _ngcontent-lby-1="" src="/img/twitter.png">
        </a>
      </div>

      <p _ngcontent-lby-1="">© 2016 Buggy Software, Inc.</p>
    </div>
  </footer>
</div></my-app>
  <script type="text/javascript" src="/js/polyfills.a5856ccaff510c09debf.js"></script><script type="text/javascript" src="/js/vendor.a5856ccaff510c09debf.js"></script><script type="text/javascript" src="/js/app.a5856ccaff510c09debf.js"></script>

</body></html>
07:31:17.764 [Forwarding getPageSource on session dce60d0d76e60344390564852e72b09a to remote] DEBUG org.asynchttpclient.netty.request.NettyRequestSender -- Using pooled Channel '[id: 0xc92369c0, L:/127.0.0.1:63044 - R:localhost/127.0.0.1:24267]' for 'POST' to 'http://localhost:24267/session/dce60d0d76e60344390564852e72b09a/execute/sync'
07:31:17.764 [Forwarding getPageSource on session dce60d0d76e60344390564852e72b09a to remote] DEBUG org.asynchttpclient.netty.request.NettyRequestSender -- Using open Channel [id: 0xc92369c0, L:/127.0.0.1:63044 - R:localhost/127.0.0.1:24267] for POST '/session/dce60d0d76e60344390564852e72b09a/execute/sync'
07:31:17.768 [AsyncHttpClient-1-4] DEBUG org.asynchttpclient.netty.handler.HttpHandler -- 

Request DefaultHttpRequest(decodeResult: success, version: HTTP/1.1)
POST /session/dce60d0d76e60344390564852e72b09a/execute/sync HTTP/1.1
User-Agent: selenium/4.12.0 (java windows)
Content-Length: 176
Content-Type: application/json; charset=utf-8
host: localhost:24267
accept: */*

Response DefaultHttpResponse(decodeResult: success, version: HTTP/1.1)
HTTP/1.1 200 OK
Content-Length: 7620
Content-Type: application/json; charset=utf-8
cache-control: no-cache

07:31:17.768 [AsyncHttpClient-1-4] DEBUG org.asynchttpclient.netty.channel.ChannelManager -- Adding key: http://localhost:24267 for channel [id: 0xc92369c0, L:/127.0.0.1:63044 - R:localhost/127.0.0.1:24267]
]]></system-out>
    <system-err><![CDATA[Jan 03, 2025 7:31:15 AM org.openqa.selenium.devtools.CdpVersionFinder findNearestMatch
WARNING: Unable to find CDP implementation matching 131
Jan 03, 2025 7:31:15 AM org.openqa.selenium.chromium.ChromiumDriver lambda$new$5
WARNING: Unable to find version of CDP to use for 131.0.6778.205. You may need to include a dependency on a specific version of the CDP using something similar to `org.seleniumhq.selenium:selenium-devtools-v86:4.12.0` where the version ("v86") matches the version of the chromium-based browser you're using and the version number of the artifact is the same as Selenium's.
]]></system-err>
  </testcase>
  <testcase name="testPageTitle" classname="UITestCases.BuggyCarsUITests" time="0.018">
    <system-out><![CDATA[07:31:17.773 [AsyncHttpClient-1-6] DEBUG org.asynchttpclient.netty.handler.WebSocketHandler -- Channel Closed: [id: 0x66a9566d, L:/127.0.0.1:63052 ! R:localhost/127.0.0.1:63045] with attribute DISCARD
07:31:17.774 [Driver Command Executor] DEBUG org.asynchttpclient.netty.request.NettyRequestSender -- Using pooled Channel '[id: 0xc92369c0, L:/127.0.0.1:63044 - R:localhost/127.0.0.1:24267]' for 'DELETE' to 'http://localhost:24267/session/dce60d0d76e60344390564852e72b09a'
07:31:17.774 [Driver Command Executor] DEBUG org.asynchttpclient.netty.request.NettyRequestSender -- Using open Channel [id: 0xc92369c0, L:/127.0.0.1:63044 - R:localhost/127.0.0.1:24267] for DELETE '/session/dce60d0d76e60344390564852e72b09a'
07:31:17.830 [AsyncHttpClient-1-5] DEBUG org.asynchttpclient.netty.handler.HttpHandler -- Unexpected I/O exception on channel [id: 0x429ad3f9, L:/127.0.0.1:63051 - R:localhost/127.0.0.1:63045]
java.net.SocketException: Connection reset
	at java.base/sun.nio.ch.SocketChannelImpl.throwConnectionReset(SocketChannelImpl.java:394)
	at java.base/sun.nio.ch.SocketChannelImpl.read(SocketChannelImpl.java:426)
	at io.netty.buffer.PooledByteBuf.setBytes(PooledByteBuf.java:254)
	at io.netty.buffer.AbstractByteBuf.writeBytes(AbstractByteBuf.java:1132)
	at io.netty.channel.socket.nio.NioSocketChannel.doReadBytes(NioSocketChannel.java:357)
	at io.netty.channel.nio.AbstractNioByteChannel$NioByteUnsafe.read(AbstractNioByteChannel.java:151)
	at io.netty.channel.nio.NioEventLoop.processSelectedKey(NioEventLoop.java:788)
	at io.netty.channel.nio.NioEventLoop.processSelectedKeysOptimized(NioEventLoop.java:724)
	at io.netty.channel.nio.NioEventLoop.processSelectedKeys(NioEventLoop.java:650)
	at io.netty.channel.nio.NioEventLoop.run(NioEventLoop.java:562)
	at io.netty.util.concurrent.SingleThreadEventExecutor$4.run(SingleThreadEventExecutor.java:997)
	at io.netty.util.internal.ThreadExecutorMap$2.run(ThreadExecutorMap.java:74)
	at io.netty.util.concurrent.FastThreadLocalRunnable.run(FastThreadLocalRunnable.java:30)
	at java.base/java.lang.Thread.run(Thread.java:842)
07:31:17.830 [AsyncHttpClient-1-5] DEBUG org.asynchttpclient.netty.channel.ChannelManager -- Closing Channel [id: 0x429ad3f9, L:/127.0.0.1:63051 - R:localhost/127.0.0.1:63045] 
07:31:17.831 [AsyncHttpClient-1-5] DEBUG org.asynchttpclient.netty.handler.HttpHandler -- Channel Closed: [id: 0x429ad3f9, L:/127.0.0.1:63051 ! R:localhost/127.0.0.1:63045] with attribute DISCARD
07:31:17.857 [AsyncHttpClient-1-4] DEBUG org.asynchttpclient.netty.handler.HttpHandler -- 

Request DefaultFullHttpRequest(decodeResult: success, version: HTTP/1.1, content: EmptyByteBufBE)
DELETE /session/dce60d0d76e60344390564852e72b09a HTTP/1.1
User-Agent: selenium/4.12.0 (java windows)
Content-Type: application/json; charset=utf-8
host: localhost:24267
accept: */*

Response DefaultHttpResponse(decodeResult: success, version: HTTP/1.1)
HTTP/1.1 200 OK
Content-Length: 14
Content-Type: application/json; charset=utf-8
cache-control: no-cache

07:31:17.857 [AsyncHttpClient-1-4] DEBUG org.asynchttpclient.netty.channel.ChannelManager -- Adding key: http://localhost:24267 for channel [id: 0xc92369c0, L:/127.0.0.1:63044 - R:localhost/127.0.0.1:24267]
07:31:17.986 [AsyncHttpClient-1-4] DEBUG org.asynchttpclient.netty.handler.HttpHandler -- Channel Closed: [id: 0xc92369c0, L:/127.0.0.1:63044 ! R:localhost/127.0.0.1:24267] with attribute DISCARD
07:31:18.048 [main] DEBUG io.github.bonigarcia.wdm.WebDriverManager -- Using WebDriverManager 5.5.3
07:31:18.054 [main] DEBUG io.github.bonigarcia.wdm.cache.ResolutionCache -- Resolution chrome=131 in cache (valid until 08:30:55 03/01/2025 IST)
07:31:18.054 [main] DEBUG io.github.bonigarcia.wdm.cache.ResolutionCache -- Resolution chrome131=131.0.6778.204 in cache (valid until 14:21:23 03/01/2025 IST)
07:31:18.054 [main] INFO io.github.bonigarcia.wdm.WebDriverManager -- Using chromedriver 131.0.6778.204 (resolved driver for Chrome 131)
07:31:18.057 [main] DEBUG io.github.bonigarcia.wdm.WebDriverManager -- Driver chromedriver 131.0.6778.204 found in cache
07:31:18.058 [main] INFO io.github.bonigarcia.wdm.WebDriverManager -- Exporting webdriver.chrome.driver as C:\Users\sasitharan\.cache\selenium\chromedriver\win64\131.0.6778.204\chromedriver.exe
07:31:18.140 [AsyncHttpClient-1-1] DEBUG org.asynchttpclient.netty.channel.DefaultChannelPool -- Entry count for : http://localhost:63045 : 1
07:31:18.140 [AsyncHttpClient-1-1] DEBUG org.asynchttpclient.netty.channel.DefaultChannelPool -- Entry count for : http://localhost:24267 : 1
07:31:18.140 [AsyncHttpClient-1-1] DEBUG org.asynchttpclient.netty.channel.DefaultChannelPool -- Adding Candidate expired Channel [id: 0x429ad3f9, L:/127.0.0.1:63051 ! R:localhost/127.0.0.1:63045] isIdleTimeoutExpired=false isRemotelyClosed=true isTtlExpired=false
07:31:18.140 [AsyncHttpClient-1-1] DEBUG org.asynchttpclient.netty.channel.DefaultChannelPool -- Closing Idle Channel [id: 0x429ad3f9, L:/127.0.0.1:63051 ! R:localhost/127.0.0.1:63045]
07:31:18.140 [AsyncHttpClient-1-1] DEBUG org.asynchttpclient.netty.channel.DefaultChannelPool -- Adding Candidate expired Channel [id: 0xc92369c0, L:/127.0.0.1:63044 ! R:localhost/127.0.0.1:24267] isIdleTimeoutExpired=false isRemotelyClosed=true isTtlExpired=false
07:31:18.140 [AsyncHttpClient-1-1] DEBUG org.asynchttpclient.netty.channel.DefaultChannelPool -- Closing Idle Channel [id: 0xc92369c0, L:/127.0.0.1:63044 ! R:localhost/127.0.0.1:24267]
07:31:18.140 [AsyncHttpClient-1-1] DEBUG org.asynchttpclient.netty.channel.DefaultChannelPool -- Closed 2 connections out of 2 in 0 ms
07:31:18.175 [AsyncHttpClient-1-7] DEBUG org.asynchttpclient.netty.channel.NettyConnectListener -- Using new Channel '[id: 0x70637492, L:/127.0.0.1:63065 - R:localhost/127.0.0.1:34560]' for 'POST' to '/session'
07:31:18.782 [AsyncHttpClient-1-7] DEBUG org.asynchttpclient.netty.handler.HttpHandler -- 

Request DefaultHttpRequest(decodeResult: success, version: HTTP/1.1)
POST /session HTTP/1.1
User-Agent: selenium/4.12.0 (java windows)
Content-Length: 254
Content-Type: application/json; charset=utf-8
host: localhost:34560
accept: */*

Response DefaultHttpResponse(decodeResult: success, version: HTTP/1.1)
HTTP/1.1 200 OK
Content-Length: 888
Content-Type: application/json; charset=utf-8
cache-control: no-cache

07:31:18.783 [AsyncHttpClient-1-7] DEBUG org.asynchttpclient.netty.channel.ChannelManager -- Adding key: http://localhost:34560 for channel [id: 0x70637492, L:/127.0.0.1:63065 - R:localhost/127.0.0.1:34560]
07:31:18.788 [AsyncHttpClient-1-8] DEBUG org.asynchttpclient.netty.channel.NettyConnectListener -- Using new Channel '[id: 0x1ffc292d, L:/127.0.0.1:63072 - R:localhost/127.0.0.1:63066]' for 'GET' to '/json/version'
07:31:18.791 [AsyncHttpClient-1-8] DEBUG org.asynchttpclient.netty.handler.HttpHandler -- 

Request DefaultFullHttpRequest(decodeResult: success, version: HTTP/1.1, content: EmptyByteBufBE)
GET /json/version HTTP/1.1
User-Agent: selenium/4.12.0 (java windows)
host: localhost:63066
accept: */*

Response DefaultHttpResponse(decodeResult: success, version: HTTP/1.1)
HTTP/1.1 200 OK
Content-Security-Policy: frame-ancestors 'none'
Content-Length: 424
Content-Type: application/json; charset=UTF-8

07:31:18.791 [AsyncHttpClient-1-8] DEBUG org.asynchttpclient.netty.channel.ChannelManager -- Adding key: http://localhost:63066 for channel [id: 0x1ffc292d, L:/127.0.0.1:63072 - R:localhost/127.0.0.1:63066]
07:31:18.795 [AsyncHttpClient-1-9] DEBUG org.asynchttpclient.netty.channel.NettyConnectListener -- Using new Channel '[id: 0x8fe8b303, L:/127.0.0.1:63073 - R:localhost/127.0.0.1:63066]' for 'GET' to '/devtools/browser/da298823-6300-49cb-87b9-8c2209e3ef40'
07:31:18.796 [AsyncHttpClient-1-9] DEBUG org.asynchttpclient.netty.handler.WebSocketHandler -- 

Request DefaultFullHttpRequest(decodeResult: success, version: HTTP/1.1, content: EmptyByteBufBE)
GET /devtools/browser/da298823-6300-49cb-87b9-8c2209e3ef40 HTTP/1.1
upgrade: websocket
connection: upgrade
sec-websocket-key: T5UqO/KVGzUBhqjwVHzN5A==
sec-websocket-version: 13
origin: http://localhost:63066
host: localhost:63066
accept: */*
user-agent: AHC/2.1

Response DefaultHttpResponse(decodeResult: success, version: HTTP/1.1)
HTTP/1.1 101 WebSocket Protocol Handshake
Upgrade: WebSocket
Connection: Upgrade
Sec-WebSocket-Accept: aTvstqOi8/ePwYzdfsiLWLXCcxI=

07:31:18.800 [Forwarding maximizeCurrentWindow on session f5c94da140dd3ee7c7c9388404c4f7ab to remote] DEBUG org.asynchttpclient.netty.request.NettyRequestSender -- Using pooled Channel '[id: 0x70637492, L:/127.0.0.1:63065 - R:localhost/127.0.0.1:34560]' for 'POST' to 'http://localhost:34560/session/f5c94da140dd3ee7c7c9388404c4f7ab/window/maximize'
07:31:18.800 [Forwarding maximizeCurrentWindow on session f5c94da140dd3ee7c7c9388404c4f7ab to remote] DEBUG org.asynchttpclient.netty.request.NettyRequestSender -- Using open Channel [id: 0x70637492, L:/127.0.0.1:63065 - R:localhost/127.0.0.1:34560] for POST '/session/f5c94da140dd3ee7c7c9388404c4f7ab/window/maximize'
07:31:18.899 [AsyncHttpClient-1-7] DEBUG org.asynchttpclient.netty.handler.HttpHandler -- 

Request DefaultHttpRequest(decodeResult: success, version: HTTP/1.1)
POST /session/f5c94da140dd3ee7c7c9388404c4f7ab/window/maximize HTTP/1.1
User-Agent: selenium/4.12.0 (java windows)
Content-Length: 3
Content-Type: application/json; charset=utf-8
host: localhost:34560
accept: */*

Response DefaultHttpResponse(decodeResult: success, version: HTTP/1.1)
HTTP/1.1 200 OK
Content-Length: 52
Content-Type: application/json; charset=utf-8
cache-control: no-cache

07:31:18.899 [AsyncHttpClient-1-7] DEBUG org.asynchttpclient.netty.channel.ChannelManager -- Adding key: http://localhost:34560 for channel [id: 0x70637492, L:/127.0.0.1:63065 - R:localhost/127.0.0.1:34560]
07:31:18.901 [Forwarding get on session f5c94da140dd3ee7c7c9388404c4f7ab to remote] DEBUG org.asynchttpclient.netty.request.NettyRequestSender -- Using pooled Channel '[id: 0x70637492, L:/127.0.0.1:63065 - R:localhost/127.0.0.1:34560]' for 'POST' to 'http://localhost:34560/session/f5c94da140dd3ee7c7c9388404c4f7ab/url'
07:31:18.901 [Forwarding get on session f5c94da140dd3ee7c7c9388404c4f7ab to remote] DEBUG org.asynchttpclient.netty.request.NettyRequestSender -- Using open Channel [id: 0x70637492, L:/127.0.0.1:63065 - R:localhost/127.0.0.1:34560] for POST '/session/f5c94da140dd3ee7c7c9388404c4f7ab/url'
07:31:19.229 [AsyncHttpClient-1-1] DEBUG org.asynchttpclient.netty.channel.DefaultChannelPool -- Entry count for : http://localhost:63066 : 1
07:31:20.330 [AsyncHttpClient-1-1] DEBUG org.asynchttpclient.netty.channel.DefaultChannelPool -- Entry count for : http://localhost:63066 : 1
07:31:21.142 [AsyncHttpClient-1-7] DEBUG org.asynchttpclient.netty.handler.HttpHandler -- 

Request DefaultHttpRequest(decodeResult: success, version: HTTP/1.1)
POST /session/f5c94da140dd3ee7c7c9388404c4f7ab/url HTTP/1.1
User-Agent: selenium/4.12.0 (java windows)
Content-Length: 58
Content-Type: application/json; charset=utf-8
host: localhost:34560
accept: */*

Response DefaultHttpResponse(decodeResult: success, version: HTTP/1.1)
HTTP/1.1 200 OK
Content-Length: 14
Content-Type: application/json; charset=utf-8
cache-control: no-cache

07:31:21.142 [AsyncHttpClient-1-7] DEBUG org.asynchttpclient.netty.channel.ChannelManager -- Adding key: http://localhost:34560 for channel [id: 0x70637492, L:/127.0.0.1:63065 - R:localhost/127.0.0.1:34560]
07:31:21.149 [Forwarding getTitle on session f5c94da140dd3ee7c7c9388404c4f7ab to remote] DEBUG org.asynchttpclient.netty.request.NettyRequestSender -- Using pooled Channel '[id: 0x70637492, L:/127.0.0.1:63065 - R:localhost/127.0.0.1:34560]' for 'GET' to 'http://localhost:34560/session/f5c94da140dd3ee7c7c9388404c4f7ab/title'
07:31:21.149 [Forwarding getTitle on session f5c94da140dd3ee7c7c9388404c4f7ab to remote] DEBUG org.asynchttpclient.netty.request.NettyRequestSender -- Using open Channel [id: 0x70637492, L:/127.0.0.1:63065 - R:localhost/127.0.0.1:34560] for GET '/session/f5c94da140dd3ee7c7c9388404c4f7ab/title'
07:31:21.162 [AsyncHttpClient-1-7] DEBUG org.asynchttpclient.netty.handler.HttpHandler -- 

Request DefaultFullHttpRequest(decodeResult: success, version: HTTP/1.1, content: EmptyByteBufBE)
GET /session/f5c94da140dd3ee7c7c9388404c4f7ab/title HTTP/1.1
Cache-Control: no-cache
User-Agent: selenium/4.12.0 (java windows)
Content-Type: application/json; charset=utf-8
host: localhost:34560
accept: */*

Response DefaultHttpResponse(decodeResult: success, version: HTTP/1.1)
HTTP/1.1 200 OK
Content-Length: 29
Content-Type: application/json; charset=utf-8
cache-control: no-cache

07:31:21.163 [AsyncHttpClient-1-7] DEBUG org.asynchttpclient.netty.channel.ChannelManager -- Adding key: http://localhost:34560 for channel [id: 0x70637492, L:/127.0.0.1:63065 - R:localhost/127.0.0.1:34560]
]]></system-out>
    <system-err><![CDATA[Jan 03, 2025 7:31:18 AM org.openqa.selenium.devtools.CdpVersionFinder findNearestMatch
WARNING: Unable to find CDP implementation matching 131
Jan 03, 2025 7:31:18 AM org.openqa.selenium.chromium.ChromiumDriver lambda$new$5
WARNING: Unable to find version of CDP to use for 131.0.6778.205. You may need to include a dependency on a specific version of the CDP using something similar to `org.seleniumhq.selenium:selenium-devtools-v86:4.12.0` where the version ("v86") matches the version of the chromium-based browser you're using and the version number of the artifact is the same as Selenium's.
]]></system-err>
  </testcase>
  <testcase name="testProfilePageAccessibility" classname="UITestCases.BuggyCarsUITests" time="0.326">
    <failure message="expected [true] but found [false]" type="java.lang.AssertionError"><![CDATA[java.lang.AssertionError: expected [true] but found [false]
	at org.testng.Assert.fail(Assert.java:110)
	at org.testng.Assert.failNotEquals(Assert.java:1413)
	at org.testng.Assert.assertTrue(Assert.java:56)
	at org.testng.Assert.assertTrue(Assert.java:66)
	at UITestCases.BuggyCarsUITests.testLoginWithValidCredentials(BuggyCarsUITests.java:44)
	at UITestCases.BuggyCarsUITests.testProfilePageAccessibility(BuggyCarsUITests.java:101)
	at java.base/jdk.internal.reflect.NativeMethodAccessorImpl.invoke0(Native Method)
	at java.base/jdk.internal.reflect.NativeMethodAccessorImpl.invoke(NativeMethodAccessorImpl.java:77)
	at java.base/jdk.internal.reflect.DelegatingMethodAccessorImpl.invoke(DelegatingMethodAccessorImpl.java:43)
	at java.base/java.lang.reflect.Method.invoke(Method.java:568)
	at org.testng.internal.invokers.MethodInvocationHelper.invokeMethod(MethodInvocationHelper.java:139)
	at org.testng.internal.invokers.TestInvoker.invokeMethod(TestInvoker.java:677)
	at org.testng.internal.invokers.TestInvoker.invokeTestMethod(TestInvoker.java:221)
	at org.testng.internal.invokers.MethodRunner.runInSequence(MethodRunner.java:50)
	at org.testng.internal.invokers.TestInvoker$MethodInvocationAgent.invoke(TestInvoker.java:969)
	at org.testng.internal.invokers.TestInvoker.invokeTestMethods(TestInvoker.java:194)
	at org.testng.internal.invokers.TestMethodWorker.invokeTestMethods(TestMethodWorker.java:148)
	at org.testng.internal.invokers.TestMethodWorker.run(TestMethodWorker.java:128)
	at java.base/java.util.ArrayList.forEach(ArrayList.java:1511)
	at org.testng.TestRunner.privateRun(TestRunner.java:829)
	at org.testng.TestRunner.run(TestRunner.java:602)
	at org.testng.SuiteRunner.runTest(SuiteRunner.java:437)
	at org.testng.SuiteRunner.runSequentially(SuiteRunner.java:431)
	at org.testng.SuiteRunner.privateRun(SuiteRunner.java:391)
	at org.testng.SuiteRunner.run(SuiteRunner.java:330)
	at org.testng.SuiteRunnerWorker.runSuite(SuiteRunnerWorker.java:52)
	at org.testng.SuiteRunnerWorker.run(SuiteRunnerWorker.java:95)
	at org.testng.TestNG.runSuitesSequentially(TestNG.java:1256)
	at org.testng.TestNG.runSuitesLocally(TestNG.java:1176)
	at org.testng.TestNG.runSuites(TestNG.java:1099)
	at org.testng.TestNG.run(TestNG.java:1067)
	at org.apache.maven.surefire.testng.TestNGExecutor.run(TestNGExecutor.java:324)
	at org.apache.maven.surefire.testng.TestNGXmlTestSuite.execute(TestNGXmlTestSuite.java:74)
	at org.apache.maven.surefire.testng.TestNGProvider.invoke(TestNGProvider.java:123)
	at org.apache.maven.surefire.booter.ForkedBooter.runSuitesInProcess(ForkedBooter.java:456)
	at org.apache.maven.surefire.booter.ForkedBooter.execute(ForkedBooter.java:169)
	at org.apache.maven.surefire.booter.ForkedBooter.run(ForkedBooter.java:595)
	at org.apache.maven.surefire.booter.ForkedBooter.main(ForkedBooter.java:581)
]]></failure>
    <system-out><![CDATA[07:31:21.168 [Driver Command Executor] DEBUG org.asynchttpclient.netty.request.NettyRequestSender -- Using pooled Channel '[id: 0x70637492, L:/127.0.0.1:63065 - R:localhost/127.0.0.1:34560]' for 'DELETE' to 'http://localhost:34560/session/f5c94da140dd3ee7c7c9388404c4f7ab'
07:31:21.168 [Driver Command Executor] DEBUG org.asynchttpclient.netty.request.NettyRequestSender -- Using open Channel [id: 0x70637492, L:/127.0.0.1:63065 - R:localhost/127.0.0.1:34560] for DELETE '/session/f5c94da140dd3ee7c7c9388404c4f7ab'
07:31:21.169 [AsyncHttpClient-1-9] DEBUG org.asynchttpclient.netty.handler.WebSocketHandler -- Channel Closed: [id: 0x8fe8b303, L:/127.0.0.1:63073 ! R:localhost/127.0.0.1:63066] with attribute DISCARD
07:31:21.244 [AsyncHttpClient-1-8] DEBUG org.asynchttpclient.netty.handler.HttpHandler -- Unexpected I/O exception on channel [id: 0x1ffc292d, L:/127.0.0.1:63072 - R:localhost/127.0.0.1:63066]
java.net.SocketException: Connection reset
	at java.base/sun.nio.ch.SocketChannelImpl.throwConnectionReset(SocketChannelImpl.java:394)
	at java.base/sun.nio.ch.SocketChannelImpl.read(SocketChannelImpl.java:426)
	at io.netty.buffer.PooledByteBuf.setBytes(PooledByteBuf.java:254)
	at io.netty.buffer.AbstractByteBuf.writeBytes(AbstractByteBuf.java:1132)
	at io.netty.channel.socket.nio.NioSocketChannel.doReadBytes(NioSocketChannel.java:357)
	at io.netty.channel.nio.AbstractNioByteChannel$NioByteUnsafe.read(AbstractNioByteChannel.java:151)
	at io.netty.channel.nio.NioEventLoop.processSelectedKey(NioEventLoop.java:788)
	at io.netty.channel.nio.NioEventLoop.processSelectedKeysOptimized(NioEventLoop.java:724)
	at io.netty.channel.nio.NioEventLoop.processSelectedKeys(NioEventLoop.java:650)
	at io.netty.channel.nio.NioEventLoop.run(NioEventLoop.java:562)
	at io.netty.util.concurrent.SingleThreadEventExecutor$4.run(SingleThreadEventExecutor.java:997)
	at io.netty.util.internal.ThreadExecutorMap$2.run(ThreadExecutorMap.java:74)
	at io.netty.util.concurrent.FastThreadLocalRunnable.run(FastThreadLocalRunnable.java:30)
	at java.base/java.lang.Thread.run(Thread.java:842)
07:31:21.244 [AsyncHttpClient-1-8] DEBUG org.asynchttpclient.netty.channel.ChannelManager -- Closing Channel [id: 0x1ffc292d, L:/127.0.0.1:63072 - R:localhost/127.0.0.1:63066] 
07:31:21.244 [AsyncHttpClient-1-8] DEBUG org.asynchttpclient.netty.handler.HttpHandler -- Channel Closed: [id: 0x1ffc292d, L:/127.0.0.1:63072 ! R:localhost/127.0.0.1:63066] with attribute DISCARD
07:31:21.266 [AsyncHttpClient-1-7] DEBUG org.asynchttpclient.netty.handler.HttpHandler -- 

Request DefaultFullHttpRequest(decodeResult: success, version: HTTP/1.1, content: EmptyByteBufBE)
DELETE /session/f5c94da140dd3ee7c7c9388404c4f7ab HTTP/1.1
User-Agent: selenium/4.12.0 (java windows)
Content-Type: application/json; charset=utf-8
host: localhost:34560
accept: */*

Response DefaultHttpResponse(decodeResult: success, version: HTTP/1.1)
HTTP/1.1 200 OK
Content-Length: 14
Content-Type: application/json; charset=utf-8
cache-control: no-cache

07:31:21.266 [AsyncHttpClient-1-7] DEBUG org.asynchttpclient.netty.channel.ChannelManager -- Adding key: http://localhost:34560 for channel [id: 0x70637492, L:/127.0.0.1:63065 - R:localhost/127.0.0.1:34560]
07:31:21.350 [AsyncHttpClient-1-7] DEBUG org.asynchttpclient.netty.handler.HttpHandler -- Channel Closed: [id: 0x70637492, L:/127.0.0.1:63065 ! R:localhost/127.0.0.1:34560] with attribute DISCARD
07:31:21.421 [main] DEBUG io.github.bonigarcia.wdm.WebDriverManager -- Using WebDriverManager 5.5.3
07:31:21.428 [main] DEBUG io.github.bonigarcia.wdm.cache.ResolutionCache -- Resolution chrome=131 in cache (valid until 08:30:55 03/01/2025 IST)
07:31:21.428 [main] DEBUG io.github.bonigarcia.wdm.cache.ResolutionCache -- Resolution chrome131=131.0.6778.204 in cache (valid until 14:21:23 03/01/2025 IST)
07:31:21.428 [main] INFO io.github.bonigarcia.wdm.WebDriverManager -- Using chromedriver 131.0.6778.204 (resolved driver for Chrome 131)
07:31:21.431 [main] DEBUG io.github.bonigarcia.wdm.WebDriverManager -- Driver chromedriver 131.0.6778.204 found in cache
07:31:21.431 [main] INFO io.github.bonigarcia.wdm.WebDriverManager -- Exporting webdriver.chrome.driver as C:\Users\sasitharan\.cache\selenium\chromedriver\win64\131.0.6778.204\chromedriver.exe
07:31:21.433 [AsyncHttpClient-1-1] DEBUG org.asynchttpclient.netty.channel.DefaultChannelPool -- Entry count for : http://localhost:34560 : 1
07:31:21.433 [AsyncHttpClient-1-1] DEBUG org.asynchttpclient.netty.channel.DefaultChannelPool -- Entry count for : http://localhost:63066 : 1
07:31:21.433 [AsyncHttpClient-1-1] DEBUG org.asynchttpclient.netty.channel.DefaultChannelPool -- Adding Candidate expired Channel [id: 0x70637492, L:/127.0.0.1:63065 ! R:localhost/127.0.0.1:34560] isIdleTimeoutExpired=false isRemotelyClosed=true isTtlExpired=false
07:31:21.433 [AsyncHttpClient-1-1] DEBUG org.asynchttpclient.netty.channel.DefaultChannelPool -- Closing Idle Channel [id: 0x70637492, L:/127.0.0.1:63065 ! R:localhost/127.0.0.1:34560]
07:31:21.433 [AsyncHttpClient-1-1] DEBUG org.asynchttpclient.netty.channel.DefaultChannelPool -- Adding Candidate expired Channel [id: 0x1ffc292d, L:/127.0.0.1:63072 ! R:localhost/127.0.0.1:63066] isIdleTimeoutExpired=false isRemotelyClosed=true isTtlExpired=false
07:31:21.433 [AsyncHttpClient-1-1] DEBUG org.asynchttpclient.netty.channel.DefaultChannelPool -- Closing Idle Channel [id: 0x1ffc292d, L:/127.0.0.1:63072 ! R:localhost/127.0.0.1:63066]
07:31:21.433 [AsyncHttpClient-1-1] DEBUG org.asynchttpclient.netty.channel.DefaultChannelPool -- Closed 2 connections out of 2 in 0 ms
07:31:21.499 [AsyncHttpClient-1-10] DEBUG org.asynchttpclient.netty.channel.NettyConnectListener -- Using new Channel '[id: 0x5605902b, L:/127.0.0.1:63083 - R:localhost/127.0.0.1:32408]' for 'POST' to '/session'
07:31:22.228 [AsyncHttpClient-1-10] DEBUG org.asynchttpclient.netty.handler.HttpHandler -- 

Request DefaultHttpRequest(decodeResult: success, version: HTTP/1.1)
POST /session HTTP/1.1
User-Agent: selenium/4.12.0 (java windows)
Content-Length: 254
Content-Type: application/json; charset=utf-8
host: localhost:32408
accept: */*

Response DefaultHttpResponse(decodeResult: success, version: HTTP/1.1)
HTTP/1.1 200 OK
Content-Length: 888
Content-Type: application/json; charset=utf-8
cache-control: no-cache

07:31:22.228 [AsyncHttpClient-1-10] DEBUG org.asynchttpclient.netty.channel.ChannelManager -- Adding key: http://localhost:32408 for channel [id: 0x5605902b, L:/127.0.0.1:63083 - R:localhost/127.0.0.1:32408]
07:31:22.234 [AsyncHttpClient-1-11] DEBUG org.asynchttpclient.netty.channel.NettyConnectListener -- Using new Channel '[id: 0x935093dd, L:/127.0.0.1:63090 - R:localhost/127.0.0.1:63084]' for 'GET' to '/json/version'
07:31:22.235 [AsyncHttpClient-1-11] DEBUG org.asynchttpclient.netty.handler.HttpHandler -- 

Request DefaultFullHttpRequest(decodeResult: success, version: HTTP/1.1, content: EmptyByteBufBE)
GET /json/version HTTP/1.1
User-Agent: selenium/4.12.0 (java windows)
host: localhost:63084
accept: */*

Response DefaultHttpResponse(decodeResult: success, version: HTTP/1.1)
HTTP/1.1 200 OK
Content-Security-Policy: frame-ancestors 'none'
Content-Length: 424
Content-Type: application/json; charset=UTF-8

07:31:22.235 [AsyncHttpClient-1-11] DEBUG org.asynchttpclient.netty.channel.ChannelManager -- Adding key: http://localhost:63084 for channel [id: 0x935093dd, L:/127.0.0.1:63090 - R:localhost/127.0.0.1:63084]
07:31:22.237 [AsyncHttpClient-1-12] DEBUG org.asynchttpclient.netty.channel.NettyConnectListener -- Using new Channel '[id: 0x9fcbdedd, L:/127.0.0.1:63091 - R:localhost/127.0.0.1:63084]' for 'GET' to '/devtools/browser/3e5c8d06-b14e-45c8-8aa7-a013b4065b53'
07:31:22.238 [AsyncHttpClient-1-12] DEBUG org.asynchttpclient.netty.handler.WebSocketHandler -- 

Request DefaultFullHttpRequest(decodeResult: success, version: HTTP/1.1, content: EmptyByteBufBE)
GET /devtools/browser/3e5c8d06-b14e-45c8-8aa7-a013b4065b53 HTTP/1.1
upgrade: websocket
connection: upgrade
sec-websocket-key: 0L+lcyQcenJIksyFYMjowA==
sec-websocket-version: 13
origin: http://localhost:63084
host: localhost:63084
accept: */*
user-agent: AHC/2.1

Response DefaultHttpResponse(decodeResult: success, version: HTTP/1.1)
HTTP/1.1 101 WebSocket Protocol Handshake
Upgrade: WebSocket
Connection: Upgrade
Sec-WebSocket-Accept: c5WuvKatmfBrasrphJNiPo8DAsM=

07:31:22.242 [Forwarding maximizeCurrentWindow on session c4c931fe368710eafdb6d0f2a0b3cd0a to remote] DEBUG org.asynchttpclient.netty.request.NettyRequestSender -- Using pooled Channel '[id: 0x5605902b, L:/127.0.0.1:63083 - R:localhost/127.0.0.1:32408]' for 'POST' to 'http://localhost:32408/session/c4c931fe368710eafdb6d0f2a0b3cd0a/window/maximize'
07:31:22.242 [Forwarding maximizeCurrentWindow on session c4c931fe368710eafdb6d0f2a0b3cd0a to remote] DEBUG org.asynchttpclient.netty.request.NettyRequestSender -- Using open Channel [id: 0x5605902b, L:/127.0.0.1:63083 - R:localhost/127.0.0.1:32408] for POST '/session/c4c931fe368710eafdb6d0f2a0b3cd0a/window/maximize'
07:31:22.273 [AsyncHttpClient-1-10] DEBUG org.asynchttpclient.netty.handler.HttpHandler -- 

Request DefaultHttpRequest(decodeResult: success, version: HTTP/1.1)
POST /session/c4c931fe368710eafdb6d0f2a0b3cd0a/window/maximize HTTP/1.1
User-Agent: selenium/4.12.0 (java windows)
Content-Length: 3
Content-Type: application/json; charset=utf-8
host: localhost:32408
accept: */*

Response DefaultHttpResponse(decodeResult: success, version: HTTP/1.1)
HTTP/1.1 200 OK
Content-Length: 52
Content-Type: application/json; charset=utf-8
cache-control: no-cache

07:31:22.273 [AsyncHttpClient-1-10] DEBUG org.asynchttpclient.netty.channel.ChannelManager -- Adding key: http://localhost:32408 for channel [id: 0x5605902b, L:/127.0.0.1:63083 - R:localhost/127.0.0.1:32408]
07:31:22.274 [Forwarding get on session c4c931fe368710eafdb6d0f2a0b3cd0a to remote] DEBUG org.asynchttpclient.netty.request.NettyRequestSender -- Using pooled Channel '[id: 0x5605902b, L:/127.0.0.1:63083 - R:localhost/127.0.0.1:32408]' for 'POST' to 'http://localhost:32408/session/c4c931fe368710eafdb6d0f2a0b3cd0a/url'
07:31:22.274 [Forwarding get on session c4c931fe368710eafdb6d0f2a0b3cd0a to remote] DEBUG org.asynchttpclient.netty.request.NettyRequestSender -- Using open Channel [id: 0x5605902b, L:/127.0.0.1:63083 - R:localhost/127.0.0.1:32408] for POST '/session/c4c931fe368710eafdb6d0f2a0b3cd0a/url'
07:31:22.534 [AsyncHttpClient-1-1] DEBUG org.asynchttpclient.netty.channel.DefaultChannelPool -- Entry count for : http://localhost:63084 : 1
07:31:23.632 [AsyncHttpClient-1-1] DEBUG org.asynchttpclient.netty.channel.DefaultChannelPool -- Entry count for : http://localhost:63084 : 1
07:31:23.861 [AsyncHttpClient-1-10] DEBUG org.asynchttpclient.netty.handler.HttpHandler -- 

Request DefaultHttpRequest(decodeResult: success, version: HTTP/1.1)
POST /session/c4c931fe368710eafdb6d0f2a0b3cd0a/url HTTP/1.1
User-Agent: selenium/4.12.0 (java windows)
Content-Length: 58
Content-Type: application/json; charset=utf-8
host: localhost:32408
accept: */*

Response DefaultHttpResponse(decodeResult: success, version: HTTP/1.1)
HTTP/1.1 200 OK
Content-Length: 14
Content-Type: application/json; charset=utf-8
cache-control: no-cache

07:31:23.862 [AsyncHttpClient-1-10] DEBUG org.asynchttpclient.netty.channel.ChannelManager -- Adding key: http://localhost:32408 for channel [id: 0x5605902b, L:/127.0.0.1:63083 - R:localhost/127.0.0.1:32408]
07:31:23.866 [Forwarding findElement on session c4c931fe368710eafdb6d0f2a0b3cd0a to remote] DEBUG org.asynchttpclient.netty.request.NettyRequestSender -- Using pooled Channel '[id: 0x5605902b, L:/127.0.0.1:63083 - R:localhost/127.0.0.1:32408]' for 'POST' to 'http://localhost:32408/session/c4c931fe368710eafdb6d0f2a0b3cd0a/element'
07:31:23.866 [Forwarding findElement on session c4c931fe368710eafdb6d0f2a0b3cd0a to remote] DEBUG org.asynchttpclient.netty.request.NettyRequestSender -- Using open Channel [id: 0x5605902b, L:/127.0.0.1:63083 - R:localhost/127.0.0.1:32408] for POST '/session/c4c931fe368710eafdb6d0f2a0b3cd0a/element'
07:31:23.880 [AsyncHttpClient-1-10] DEBUG org.asynchttpclient.netty.handler.HttpHandler -- 

Request DefaultHttpRequest(decodeResult: success, version: HTTP/1.1)
POST /session/c4c931fe368710eafdb6d0f2a0b3cd0a/element HTTP/1.1
User-Agent: selenium/4.12.0 (java windows)
Content-Length: 59
Content-Type: application/json; charset=utf-8
host: localhost:32408
accept: */*

Response DefaultHttpResponse(decodeResult: success, version: HTTP/1.1)
HTTP/1.1 200 OK
Content-Length: 125
Content-Type: application/json; charset=utf-8
cache-control: no-cache

07:31:23.880 [AsyncHttpClient-1-10] DEBUG org.asynchttpclient.netty.channel.ChannelManager -- Adding key: http://localhost:32408 for channel [id: 0x5605902b, L:/127.0.0.1:63083 - R:localhost/127.0.0.1:32408]
07:31:23.881 [Forwarding sendKeysToElement on session c4c931fe368710eafdb6d0f2a0b3cd0a to remote] DEBUG org.asynchttpclient.netty.request.NettyRequestSender -- Using pooled Channel '[id: 0x5605902b, L:/127.0.0.1:63083 - R:localhost/127.0.0.1:32408]' for 'POST' to 'http://localhost:32408/session/c4c931fe368710eafdb6d0f2a0b3cd0a/element/f.6F747960EFDF785C12A52855C38367D8.d.CF950EB71A8F8C22777A6C589A32BF1F.e.5/value'
07:31:23.881 [Forwarding sendKeysToElement on session c4c931fe368710eafdb6d0f2a0b3cd0a to remote] DEBUG org.asynchttpclient.netty.request.NettyRequestSender -- Using open Channel [id: 0x5605902b, L:/127.0.0.1:63083 - R:localhost/127.0.0.1:32408] for POST '/session/c4c931fe368710eafdb6d0f2a0b3cd0a/element/f.6F747960EFDF785C12A52855C38367D8.d.CF950EB71A8F8C22777A6C589A32BF1F.e.5/value'
07:31:24.000 [AsyncHttpClient-1-10] DEBUG org.asynchttpclient.netty.handler.HttpHandler -- 

Request DefaultHttpRequest(decodeResult: success, version: HTTP/1.1)
POST /session/c4c931fe368710eafdb6d0f2a0b3cd0a/element/f.6F747960EFDF785C12A52855C38367D8.d.CF950EB71A8F8C22777A6C589A32BF1F.e.5/value HTTP/1.1
User-Agent: selenium/4.12.0 (java windows)
Content-Length: 228
Content-Type: application/json; charset=utf-8
host: localhost:32408
accept: */*

Response DefaultHttpResponse(decodeResult: success, version: HTTP/1.1)
HTTP/1.1 200 OK
Content-Length: 14
Content-Type: application/json; charset=utf-8
cache-control: no-cache

07:31:24.000 [AsyncHttpClient-1-10] DEBUG org.asynchttpclient.netty.channel.ChannelManager -- Adding key: http://localhost:32408 for channel [id: 0x5605902b, L:/127.0.0.1:63083 - R:localhost/127.0.0.1:32408]
07:31:24.002 [Forwarding findElement on session c4c931fe368710eafdb6d0f2a0b3cd0a to remote] DEBUG org.asynchttpclient.netty.request.NettyRequestSender -- Using pooled Channel '[id: 0x5605902b, L:/127.0.0.1:63083 - R:localhost/127.0.0.1:32408]' for 'POST' to 'http://localhost:32408/session/c4c931fe368710eafdb6d0f2a0b3cd0a/element'
07:31:24.002 [Forwarding findElement on session c4c931fe368710eafdb6d0f2a0b3cd0a to remote] DEBUG org.asynchttpclient.netty.request.NettyRequestSender -- Using open Channel [id: 0x5605902b, L:/127.0.0.1:63083 - R:localhost/127.0.0.1:32408] for POST '/session/c4c931fe368710eafdb6d0f2a0b3cd0a/element'
07:31:24.014 [AsyncHttpClient-1-10] DEBUG org.asynchttpclient.netty.handler.HttpHandler -- 

Request DefaultHttpRequest(decodeResult: success, version: HTTP/1.1)
POST /session/c4c931fe368710eafdb6d0f2a0b3cd0a/element HTTP/1.1
User-Agent: selenium/4.12.0 (java windows)
Content-Length: 62
Content-Type: application/json; charset=utf-8
host: localhost:32408
accept: */*

Response DefaultHttpResponse(decodeResult: success, version: HTTP/1.1)
HTTP/1.1 200 OK
Content-Length: 125
Content-Type: application/json; charset=utf-8
cache-control: no-cache

07:31:24.014 [AsyncHttpClient-1-10] DEBUG org.asynchttpclient.netty.channel.ChannelManager -- Adding key: http://localhost:32408 for channel [id: 0x5605902b, L:/127.0.0.1:63083 - R:localhost/127.0.0.1:32408]
07:31:24.016 [Forwarding sendKeysToElement on session c4c931fe368710eafdb6d0f2a0b3cd0a to remote] DEBUG org.asynchttpclient.netty.request.NettyRequestSender -- Using pooled Channel '[id: 0x5605902b, L:/127.0.0.1:63083 - R:localhost/127.0.0.1:32408]' for 'POST' to 'http://localhost:32408/session/c4c931fe368710eafdb6d0f2a0b3cd0a/element/f.6F747960EFDF785C12A52855C38367D8.d.CF950EB71A8F8C22777A6C589A32BF1F.e.4/value'
07:31:24.016 [Forwarding sendKeysToElement on session c4c931fe368710eafdb6d0f2a0b3cd0a to remote] DEBUG org.asynchttpclient.netty.request.NettyRequestSender -- Using open Channel [id: 0x5605902b, L:/127.0.0.1:63083 - R:localhost/127.0.0.1:32408] for POST '/session/c4c931fe368710eafdb6d0f2a0b3cd0a/element/f.6F747960EFDF785C12A52855C38367D8.d.CF950EB71A8F8C22777A6C589A32BF1F.e.4/value'
07:31:24.094 [AsyncHttpClient-1-10] DEBUG org.asynchttpclient.netty.handler.HttpHandler -- 

Request DefaultHttpRequest(decodeResult: success, version: HTTP/1.1)
POST /session/c4c931fe368710eafdb6d0f2a0b3cd0a/element/f.6F747960EFDF785C12A52855C38367D8.d.CF950EB71A8F8C22777A6C589A32BF1F.e.4/value HTTP/1.1
User-Agent: selenium/4.12.0 (java windows)
Content-Length: 238
Content-Type: application/json; charset=utf-8
host: localhost:32408
accept: */*

Response DefaultHttpResponse(decodeResult: success, version: HTTP/1.1)
HTTP/1.1 200 OK
Content-Length: 14
Content-Type: application/json; charset=utf-8
cache-control: no-cache

07:31:24.094 [AsyncHttpClient-1-10] DEBUG org.asynchttpclient.netty.channel.ChannelManager -- Adding key: http://localhost:32408 for channel [id: 0x5605902b, L:/127.0.0.1:63083 - R:localhost/127.0.0.1:32408]
07:31:24.095 [Forwarding findElement on session c4c931fe368710eafdb6d0f2a0b3cd0a to remote] DEBUG org.asynchttpclient.netty.request.NettyRequestSender -- Using pooled Channel '[id: 0x5605902b, L:/127.0.0.1:63083 - R:localhost/127.0.0.1:32408]' for 'POST' to 'http://localhost:32408/session/c4c931fe368710eafdb6d0f2a0b3cd0a/element'
07:31:24.095 [Forwarding findElement on session c4c931fe368710eafdb6d0f2a0b3cd0a to remote] DEBUG org.asynchttpclient.netty.request.NettyRequestSender -- Using open Channel [id: 0x5605902b, L:/127.0.0.1:63083 - R:localhost/127.0.0.1:32408] for POST '/session/c4c931fe368710eafdb6d0f2a0b3cd0a/element'
07:31:24.108 [AsyncHttpClient-1-10] DEBUG org.asynchttpclient.netty.handler.HttpHandler -- 

Request DefaultHttpRequest(decodeResult: success, version: HTTP/1.1)
POST /session/c4c931fe368710eafdb6d0f2a0b3cd0a/element HTTP/1.1
User-Agent: selenium/4.12.0 (java windows)
Content-Length: 65
Content-Type: application/json; charset=utf-8
host: localhost:32408
accept: */*

Response DefaultHttpResponse(decodeResult: success, version: HTTP/1.1)
HTTP/1.1 200 OK
Content-Length: 125
Content-Type: application/json; charset=utf-8
cache-control: no-cache

07:31:24.108 [AsyncHttpClient-1-10] DEBUG org.asynchttpclient.netty.channel.ChannelManager -- Adding key: http://localhost:32408 for channel [id: 0x5605902b, L:/127.0.0.1:63083 - R:localhost/127.0.0.1:32408]
07:31:24.109 [Forwarding clickElement on session c4c931fe368710eafdb6d0f2a0b3cd0a to remote] DEBUG org.asynchttpclient.netty.request.NettyRequestSender -- Using pooled Channel '[id: 0x5605902b, L:/127.0.0.1:63083 - R:localhost/127.0.0.1:32408]' for 'POST' to 'http://localhost:32408/session/c4c931fe368710eafdb6d0f2a0b3cd0a/element/f.6F747960EFDF785C12A52855C38367D8.d.CF950EB71A8F8C22777A6C589A32BF1F.e.7/click'
07:31:24.109 [Forwarding clickElement on session c4c931fe368710eafdb6d0f2a0b3cd0a to remote] DEBUG org.asynchttpclient.netty.request.NettyRequestSender -- Using open Channel [id: 0x5605902b, L:/127.0.0.1:63083 - R:localhost/127.0.0.1:32408] for POST '/session/c4c931fe368710eafdb6d0f2a0b3cd0a/element/f.6F747960EFDF785C12A52855C38367D8.d.CF950EB71A8F8C22777A6C589A32BF1F.e.7/click'
07:31:24.174 [AsyncHttpClient-1-10] DEBUG org.asynchttpclient.netty.handler.HttpHandler -- 

Request DefaultHttpRequest(decodeResult: success, version: HTTP/1.1)
POST /session/c4c931fe368710eafdb6d0f2a0b3cd0a/element/f.6F747960EFDF785C12A52855C38367D8.d.CF950EB71A8F8C22777A6C589A32BF1F.e.7/click HTTP/1.1
User-Agent: selenium/4.12.0 (java windows)
Content-Length: 87
Content-Type: application/json; charset=utf-8
host: localhost:32408
accept: */*

Response DefaultHttpResponse(decodeResult: success, version: HTTP/1.1)
HTTP/1.1 200 OK
Content-Length: 14
Content-Type: application/json; charset=utf-8
cache-control: no-cache

07:31:24.175 [AsyncHttpClient-1-10] DEBUG org.asynchttpclient.netty.channel.ChannelManager -- Adding key: http://localhost:32408 for channel [id: 0x5605902b, L:/127.0.0.1:63083 - R:localhost/127.0.0.1:32408]
07:31:24.177 [Forwarding getPageSource on session c4c931fe368710eafdb6d0f2a0b3cd0a to remote] DEBUG org.asynchttpclient.netty.request.NettyRequestSender -- Using pooled Channel '[id: 0x5605902b, L:/127.0.0.1:63083 - R:localhost/127.0.0.1:32408]' for 'POST' to 'http://localhost:32408/session/c4c931fe368710eafdb6d0f2a0b3cd0a/execute/sync'
07:31:24.177 [Forwarding getPageSource on session c4c931fe368710eafdb6d0f2a0b3cd0a to remote] DEBUG org.asynchttpclient.netty.request.NettyRequestSender -- Using open Channel [id: 0x5605902b, L:/127.0.0.1:63083 - R:localhost/127.0.0.1:32408] for POST '/session/c4c931fe368710eafdb6d0f2a0b3cd0a/execute/sync'
07:31:24.187 [AsyncHttpClient-1-10] DEBUG org.asynchttpclient.netty.handler.HttpHandler -- 

Request DefaultHttpRequest(decodeResult: success, version: HTTP/1.1)
POST /session/c4c931fe368710eafdb6d0f2a0b3cd0a/execute/sync HTTP/1.1
User-Agent: selenium/4.12.0 (java windows)
Content-Length: 176
Content-Type: application/json; charset=utf-8
host: localhost:32408
accept: */*

Response DefaultHttpResponse(decodeResult: success, version: HTTP/1.1)
HTTP/1.1 200 OK
Content-Length: 4159
Content-Type: application/json; charset=utf-8
cache-control: no-cache

07:31:24.187 [AsyncHttpClient-1-10] DEBUG org.asynchttpclient.netty.channel.ChannelManager -- Adding key: http://localhost:32408 for channel [id: 0x5605902b, L:/127.0.0.1:63083 - R:localhost/127.0.0.1:32408]
]]></system-out>
    <system-err><![CDATA[Jan 03, 2025 7:31:22 AM org.openqa.selenium.devtools.CdpVersionFinder findNearestMatch
WARNING: Unable to find CDP implementation matching 131
Jan 03, 2025 7:31:22 AM org.openqa.selenium.chromium.ChromiumDriver lambda$new$5
WARNING: Unable to find version of CDP to use for 131.0.6778.205. You may need to include a dependency on a specific version of the CDP using something similar to `org.seleniumhq.selenium:selenium-devtools-v86:4.12.0` where the version ("v86") matches the version of the chromium-based browser you're using and the version number of the artifact is the same as Selenium's.
]]></system-err>
  </testcase>
  <testcase name="testResponsiveUI" classname="UITestCases.BuggyCarsUITests" time="0.475">
    <system-out><![CDATA[07:31:24.191 [AsyncHttpClient-1-12] DEBUG org.asynchttpclient.netty.handler.WebSocketHandler -- Channel Closed: [id: 0x9fcbdedd, L:/127.0.0.1:63091 ! R:localhost/127.0.0.1:63084] with attribute DISCARD
07:31:24.191 [Driver Command Executor] DEBUG org.asynchttpclient.netty.request.NettyRequestSender -- Using pooled Channel '[id: 0x5605902b, L:/127.0.0.1:63083 - R:localhost/127.0.0.1:32408]' for 'DELETE' to 'http://localhost:32408/session/c4c931fe368710eafdb6d0f2a0b3cd0a'
07:31:24.191 [Driver Command Executor] DEBUG org.asynchttpclient.netty.request.NettyRequestSender -- Using open Channel [id: 0x5605902b, L:/127.0.0.1:63083 - R:localhost/127.0.0.1:32408] for DELETE '/session/c4c931fe368710eafdb6d0f2a0b3cd0a'
07:31:24.252 [AsyncHttpClient-1-11] DEBUG org.asynchttpclient.netty.handler.HttpHandler -- Unexpected I/O exception on channel [id: 0x935093dd, L:/127.0.0.1:63090 - R:localhost/127.0.0.1:63084]
java.net.SocketException: Connection reset
	at java.base/sun.nio.ch.SocketChannelImpl.throwConnectionReset(SocketChannelImpl.java:394)
	at java.base/sun.nio.ch.SocketChannelImpl.read(SocketChannelImpl.java:426)
	at io.netty.buffer.PooledByteBuf.setBytes(PooledByteBuf.java:254)
	at io.netty.buffer.AbstractByteBuf.writeBytes(AbstractByteBuf.java:1132)
	at io.netty.channel.socket.nio.NioSocketChannel.doReadBytes(NioSocketChannel.java:357)
	at io.netty.channel.nio.AbstractNioByteChannel$NioByteUnsafe.read(AbstractNioByteChannel.java:151)
	at io.netty.channel.nio.NioEventLoop.processSelectedKey(NioEventLoop.java:788)
	at io.netty.channel.nio.NioEventLoop.processSelectedKeysOptimized(NioEventLoop.java:724)
	at io.netty.channel.nio.NioEventLoop.processSelectedKeys(NioEventLoop.java:650)
	at io.netty.channel.nio.NioEventLoop.run(NioEventLoop.java:562)
	at io.netty.util.concurrent.SingleThreadEventExecutor$4.run(SingleThreadEventExecutor.java:997)
	at io.netty.util.internal.ThreadExecutorMap$2.run(ThreadExecutorMap.java:74)
	at io.netty.util.concurrent.FastThreadLocalRunnable.run(FastThreadLocalRunnable.java:30)
	at java.base/java.lang.Thread.run(Thread.java:842)
07:31:24.252 [AsyncHttpClient-1-11] DEBUG org.asynchttpclient.netty.channel.ChannelManager -- Closing Channel [id: 0x935093dd, L:/127.0.0.1:63090 - R:localhost/127.0.0.1:63084] 
07:31:24.252 [AsyncHttpClient-1-11] DEBUG org.asynchttpclient.netty.handler.HttpHandler -- Channel Closed: [id: 0x935093dd, L:/127.0.0.1:63090 ! R:localhost/127.0.0.1:63084] with attribute DISCARD
07:31:24.279 [AsyncHttpClient-1-10] DEBUG org.asynchttpclient.netty.handler.HttpHandler -- 

Request DefaultFullHttpRequest(decodeResult: success, version: HTTP/1.1, content: EmptyByteBufBE)
DELETE /session/c4c931fe368710eafdb6d0f2a0b3cd0a HTTP/1.1
User-Agent: selenium/4.12.0 (java windows)
Content-Type: application/json; charset=utf-8
host: localhost:32408
accept: */*

Response DefaultHttpResponse(decodeResult: success, version: HTTP/1.1)
HTTP/1.1 200 OK
Content-Length: 14
Content-Type: application/json; charset=utf-8
cache-control: no-cache

07:31:24.280 [AsyncHttpClient-1-10] DEBUG org.asynchttpclient.netty.channel.ChannelManager -- Adding key: http://localhost:32408 for channel [id: 0x5605902b, L:/127.0.0.1:63083 - R:localhost/127.0.0.1:32408]
07:31:24.368 [AsyncHttpClient-1-10] DEBUG org.asynchttpclient.netty.handler.HttpHandler -- Channel Closed: [id: 0x5605902b, L:/127.0.0.1:63083 ! R:localhost/127.0.0.1:32408] with attribute DISCARD
07:31:24.443 [main] DEBUG io.github.bonigarcia.wdm.WebDriverManager -- Using WebDriverManager 5.5.3
07:31:24.448 [main] DEBUG io.github.bonigarcia.wdm.cache.ResolutionCache -- Resolution chrome=131 in cache (valid until 08:30:55 03/01/2025 IST)
07:31:24.448 [main] DEBUG io.github.bonigarcia.wdm.cache.ResolutionCache -- Resolution chrome131=131.0.6778.204 in cache (valid until 14:21:23 03/01/2025 IST)
07:31:24.449 [main] INFO io.github.bonigarcia.wdm.WebDriverManager -- Using chromedriver 131.0.6778.204 (resolved driver for Chrome 131)
07:31:24.451 [main] DEBUG io.github.bonigarcia.wdm.WebDriverManager -- Driver chromedriver 131.0.6778.204 found in cache
07:31:24.451 [main] INFO io.github.bonigarcia.wdm.WebDriverManager -- Exporting webdriver.chrome.driver as C:\Users\sasitharan\.cache\selenium\chromedriver\win64\131.0.6778.204\chromedriver.exe
07:31:24.523 [AsyncHttpClient-1-13] DEBUG org.asynchttpclient.netty.channel.NettyConnectListener -- Using new Channel '[id: 0x3903ff79, L:/127.0.0.1:63101 - R:localhost/127.0.0.1:40566]' for 'POST' to '/session'
07:31:24.734 [AsyncHttpClient-1-1] DEBUG org.asynchttpclient.netty.channel.DefaultChannelPool -- Entry count for : http://localhost:63084 : 1
07:31:24.734 [AsyncHttpClient-1-1] DEBUG org.asynchttpclient.netty.channel.DefaultChannelPool -- Entry count for : http://localhost:32408 : 1
07:31:24.734 [AsyncHttpClient-1-1] DEBUG org.asynchttpclient.netty.channel.DefaultChannelPool -- Adding Candidate expired Channel [id: 0x935093dd, L:/127.0.0.1:63090 ! R:localhost/127.0.0.1:63084] isIdleTimeoutExpired=false isRemotelyClosed=true isTtlExpired=false
07:31:24.734 [AsyncHttpClient-1-1] DEBUG org.asynchttpclient.netty.channel.DefaultChannelPool -- Closing Idle Channel [id: 0x935093dd, L:/127.0.0.1:63090 ! R:localhost/127.0.0.1:63084]
07:31:24.734 [AsyncHttpClient-1-1] DEBUG org.asynchttpclient.netty.channel.DefaultChannelPool -- Adding Candidate expired Channel [id: 0x5605902b, L:/127.0.0.1:63083 ! R:localhost/127.0.0.1:32408] isIdleTimeoutExpired=false isRemotelyClosed=true isTtlExpired=false
07:31:24.734 [AsyncHttpClient-1-1] DEBUG org.asynchttpclient.netty.channel.DefaultChannelPool -- Closing Idle Channel [id: 0x5605902b, L:/127.0.0.1:63083 ! R:localhost/127.0.0.1:32408]
07:31:24.735 [AsyncHttpClient-1-1] DEBUG org.asynchttpclient.netty.channel.DefaultChannelPool -- Closed 2 connections out of 2 in 1 ms
07:31:25.119 [AsyncHttpClient-1-13] DEBUG org.asynchttpclient.netty.handler.HttpHandler -- 

Request DefaultHttpRequest(decodeResult: success, version: HTTP/1.1)
POST /session HTTP/1.1
User-Agent: selenium/4.12.0 (java windows)
Content-Length: 254
Content-Type: application/json; charset=utf-8
host: localhost:40566
accept: */*

Response DefaultHttpResponse(decodeResult: success, version: HTTP/1.1)
HTTP/1.1 200 OK
Content-Length: 888
Content-Type: application/json; charset=utf-8
cache-control: no-cache

07:31:25.120 [AsyncHttpClient-1-13] DEBUG org.asynchttpclient.netty.channel.ChannelManager -- Adding key: http://localhost:40566 for channel [id: 0x3903ff79, L:/127.0.0.1:63101 - R:localhost/127.0.0.1:40566]
07:31:25.127 [AsyncHttpClient-1-14] DEBUG org.asynchttpclient.netty.channel.NettyConnectListener -- Using new Channel '[id: 0x7039c128, L:/127.0.0.1:63108 - R:localhost/127.0.0.1:63102]' for 'GET' to '/json/version'
07:31:25.128 [AsyncHttpClient-1-14] DEBUG org.asynchttpclient.netty.handler.HttpHandler -- 

Request DefaultFullHttpRequest(decodeResult: success, version: HTTP/1.1, content: EmptyByteBufBE)
GET /json/version HTTP/1.1
User-Agent: selenium/4.12.0 (java windows)
host: localhost:63102
accept: */*

Response DefaultHttpResponse(decodeResult: success, version: HTTP/1.1)
HTTP/1.1 200 OK
Content-Security-Policy: frame-ancestors 'none'
Content-Length: 424
Content-Type: application/json; charset=UTF-8

07:31:25.128 [AsyncHttpClient-1-14] DEBUG org.asynchttpclient.netty.channel.ChannelManager -- Adding key: http://localhost:63102 for channel [id: 0x7039c128, L:/127.0.0.1:63108 - R:localhost/127.0.0.1:63102]
07:31:25.132 [AsyncHttpClient-1-15] DEBUG org.asynchttpclient.netty.channel.NettyConnectListener -- Using new Channel '[id: 0x61607ec5, L:/127.0.0.1:63109 - R:localhost/127.0.0.1:63102]' for 'GET' to '/devtools/browser/5eedfe34-5511-489b-a28b-65d3b3df12f3'
07:31:25.133 [AsyncHttpClient-1-15] DEBUG org.asynchttpclient.netty.handler.WebSocketHandler -- 

Request DefaultFullHttpRequest(decodeResult: success, version: HTTP/1.1, content: EmptyByteBufBE)
GET /devtools/browser/5eedfe34-5511-489b-a28b-65d3b3df12f3 HTTP/1.1
upgrade: websocket
connection: upgrade
sec-websocket-key: DES97/9oqJnNV9TklHDh/Q==
sec-websocket-version: 13
origin: http://localhost:63102
host: localhost:63102
accept: */*
user-agent: AHC/2.1

Response DefaultHttpResponse(decodeResult: success, version: HTTP/1.1)
HTTP/1.1 101 WebSocket Protocol Handshake
Upgrade: WebSocket
Connection: Upgrade
Sec-WebSocket-Accept: 7zSXVXS413eiBGu8P1KkkQS1vX0=

07:31:25.135 [Forwarding maximizeCurrentWindow on session 20623442d4f317deee3210e812276d60 to remote] DEBUG org.asynchttpclient.netty.request.NettyRequestSender -- Using pooled Channel '[id: 0x3903ff79, L:/127.0.0.1:63101 - R:localhost/127.0.0.1:40566]' for 'POST' to 'http://localhost:40566/session/20623442d4f317deee3210e812276d60/window/maximize'
07:31:25.135 [Forwarding maximizeCurrentWindow on session 20623442d4f317deee3210e812276d60 to remote] DEBUG org.asynchttpclient.netty.request.NettyRequestSender -- Using open Channel [id: 0x3903ff79, L:/127.0.0.1:63101 - R:localhost/127.0.0.1:40566] for POST '/session/20623442d4f317deee3210e812276d60/window/maximize'
07:31:25.174 [AsyncHttpClient-1-13] DEBUG org.asynchttpclient.netty.handler.HttpHandler -- 

Request DefaultHttpRequest(decodeResult: success, version: HTTP/1.1)
POST /session/20623442d4f317deee3210e812276d60/window/maximize HTTP/1.1
User-Agent: selenium/4.12.0 (java windows)
Content-Length: 3
Content-Type: application/json; charset=utf-8
host: localhost:40566
accept: */*

Response DefaultHttpResponse(decodeResult: success, version: HTTP/1.1)
HTTP/1.1 200 OK
Content-Length: 52
Content-Type: application/json; charset=utf-8
cache-control: no-cache

07:31:25.174 [AsyncHttpClient-1-13] DEBUG org.asynchttpclient.netty.channel.ChannelManager -- Adding key: http://localhost:40566 for channel [id: 0x3903ff79, L:/127.0.0.1:63101 - R:localhost/127.0.0.1:40566]
07:31:25.176 [Forwarding get on session 20623442d4f317deee3210e812276d60 to remote] DEBUG org.asynchttpclient.netty.request.NettyRequestSender -- Using pooled Channel '[id: 0x3903ff79, L:/127.0.0.1:63101 - R:localhost/127.0.0.1:40566]' for 'POST' to 'http://localhost:40566/session/20623442d4f317deee3210e812276d60/url'
07:31:25.176 [Forwarding get on session 20623442d4f317deee3210e812276d60 to remote] DEBUG org.asynchttpclient.netty.request.NettyRequestSender -- Using open Channel [id: 0x3903ff79, L:/127.0.0.1:63101 - R:localhost/127.0.0.1:40566] for POST '/session/20623442d4f317deee3210e812276d60/url'
07:31:25.831 [AsyncHttpClient-1-1] DEBUG org.asynchttpclient.netty.channel.DefaultChannelPool -- Entry count for : http://localhost:63102 : 1
07:31:26.476 [AsyncHttpClient-1-13] DEBUG org.asynchttpclient.netty.handler.HttpHandler -- 

Request DefaultHttpRequest(decodeResult: success, version: HTTP/1.1)
POST /session/20623442d4f317deee3210e812276d60/url HTTP/1.1
User-Agent: selenium/4.12.0 (java windows)
Content-Length: 58
Content-Type: application/json; charset=utf-8
host: localhost:40566
accept: */*

Response DefaultHttpResponse(decodeResult: success, version: HTTP/1.1)
HTTP/1.1 200 OK
Content-Length: 14
Content-Type: application/json; charset=utf-8
cache-control: no-cache

07:31:26.476 [AsyncHttpClient-1-13] DEBUG org.asynchttpclient.netty.channel.ChannelManager -- Adding key: http://localhost:40566 for channel [id: 0x3903ff79, L:/127.0.0.1:63101 - R:localhost/127.0.0.1:40566]
07:31:26.480 [Forwarding setCurrentWindowSize on session 20623442d4f317deee3210e812276d60 to remote] DEBUG org.asynchttpclient.netty.request.NettyRequestSender -- Using pooled Channel '[id: 0x3903ff79, L:/127.0.0.1:63101 - R:localhost/127.0.0.1:40566]' for 'POST' to 'http://localhost:40566/session/20623442d4f317deee3210e812276d60/window/rect'
07:31:26.480 [Forwarding setCurrentWindowSize on session 20623442d4f317deee3210e812276d60 to remote] DEBUG org.asynchttpclient.netty.request.NettyRequestSender -- Using open Channel [id: 0x3903ff79, L:/127.0.0.1:63101 - R:localhost/127.0.0.1:40566] for POST '/session/20623442d4f317deee3210e812276d60/window/rect'
07:31:26.510 [AsyncHttpClient-1-13] DEBUG org.asynchttpclient.netty.handler.HttpHandler -- 

Request DefaultHttpRequest(decodeResult: success, version: HTTP/1.1)
POST /session/20623442d4f317deee3210e812276d60/window/rect HTTP/1.1
User-Agent: selenium/4.12.0 (java windows)
Content-Length: 36
Content-Type: application/json; charset=utf-8
host: localhost:40566
accept: */*

Response DefaultHttpResponse(decodeResult: success, version: HTTP/1.1)
HTTP/1.1 200 OK
Content-Length: 51
Content-Type: application/json; charset=utf-8
cache-control: no-cache

07:31:26.511 [AsyncHttpClient-1-13] DEBUG org.asynchttpclient.netty.channel.ChannelManager -- Adding key: http://localhost:40566 for channel [id: 0x3903ff79, L:/127.0.0.1:63101 - R:localhost/127.0.0.1:40566]
07:31:26.513 [Forwarding getPageSource on session 20623442d4f317deee3210e812276d60 to remote] DEBUG org.asynchttpclient.netty.request.NettyRequestSender -- Using pooled Channel '[id: 0x3903ff79, L:/127.0.0.1:63101 - R:localhost/127.0.0.1:40566]' for 'POST' to 'http://localhost:40566/session/20623442d4f317deee3210e812276d60/execute/sync'
07:31:26.513 [Forwarding getPageSource on session 20623442d4f317deee3210e812276d60 to remote] DEBUG org.asynchttpclient.netty.request.NettyRequestSender -- Using open Channel [id: 0x3903ff79, L:/127.0.0.1:63101 - R:localhost/127.0.0.1:40566] for POST '/session/20623442d4f317deee3210e812276d60/execute/sync'
07:31:26.529 [AsyncHttpClient-1-13] DEBUG org.asynchttpclient.netty.handler.HttpHandler -- 

Request DefaultHttpRequest(decodeResult: success, version: HTTP/1.1)
POST /session/20623442d4f317deee3210e812276d60/execute/sync HTTP/1.1
User-Agent: selenium/4.12.0 (java windows)
Content-Length: 176
Content-Type: application/json; charset=utf-8
host: localhost:40566
accept: */*

Response DefaultHttpResponse(decodeResult: success, version: HTTP/1.1)
HTTP/1.1 200 OK
Content-Length: 4159
Content-Type: application/json; charset=utf-8
cache-control: no-cache

07:31:26.529 [AsyncHttpClient-1-13] DEBUG org.asynchttpclient.netty.channel.ChannelManager -- Adding key: http://localhost:40566 for channel [id: 0x3903ff79, L:/127.0.0.1:63101 - R:localhost/127.0.0.1:40566]
07:31:26.531 [Forwarding setCurrentWindowSize on session 20623442d4f317deee3210e812276d60 to remote] DEBUG org.asynchttpclient.netty.request.NettyRequestSender -- Using pooled Channel '[id: 0x3903ff79, L:/127.0.0.1:63101 - R:localhost/127.0.0.1:40566]' for 'POST' to 'http://localhost:40566/session/20623442d4f317deee3210e812276d60/window/rect'
07:31:26.531 [Forwarding setCurrentWindowSize on session 20623442d4f317deee3210e812276d60 to remote] DEBUG org.asynchttpclient.netty.request.NettyRequestSender -- Using open Channel [id: 0x3903ff79, L:/127.0.0.1:63101 - R:localhost/127.0.0.1:40566] for POST '/session/20623442d4f317deee3210e812276d60/window/rect'
07:31:26.912 [AsyncHttpClient-1-13] DEBUG org.asynchttpclient.netty.handler.HttpHandler -- 

Request DefaultHttpRequest(decodeResult: success, version: HTTP/1.1)
POST /session/20623442d4f317deee3210e812276d60/window/rect HTTP/1.1
User-Agent: selenium/4.12.0 (java windows)
Content-Length: 35
Content-Type: application/json; charset=utf-8
host: localhost:40566
accept: */*

Response DefaultHttpResponse(decodeResult: success, version: HTTP/1.1)
HTTP/1.1 200 OK
Content-Length: 50
Content-Type: application/json; charset=utf-8
cache-control: no-cache

07:31:26.913 [AsyncHttpClient-1-13] DEBUG org.asynchttpclient.netty.channel.ChannelManager -- Adding key: http://localhost:40566 for channel [id: 0x3903ff79, L:/127.0.0.1:63101 - R:localhost/127.0.0.1:40566]
07:31:26.914 [Forwarding getPageSource on session 20623442d4f317deee3210e812276d60 to remote] DEBUG org.asynchttpclient.netty.request.NettyRequestSender -- Using pooled Channel '[id: 0x3903ff79, L:/127.0.0.1:63101 - R:localhost/127.0.0.1:40566]' for 'POST' to 'http://localhost:40566/session/20623442d4f317deee3210e812276d60/execute/sync'
07:31:26.914 [Forwarding getPageSource on session 20623442d4f317deee3210e812276d60 to remote] DEBUG org.asynchttpclient.netty.request.NettyRequestSender -- Using open Channel [id: 0x3903ff79, L:/127.0.0.1:63101 - R:localhost/127.0.0.1:40566] for POST '/session/20623442d4f317deee3210e812276d60/execute/sync'
07:31:26.930 [AsyncHttpClient-1-1] DEBUG org.asynchttpclient.netty.channel.DefaultChannelPool -- Entry count for : http://localhost:63102 : 1
07:31:26.950 [AsyncHttpClient-1-13] DEBUG org.asynchttpclient.netty.handler.HttpHandler -- 

Request DefaultHttpRequest(decodeResult: success, version: HTTP/1.1)
POST /session/20623442d4f317deee3210e812276d60/execute/sync HTTP/1.1
User-Agent: selenium/4.12.0 (java windows)
Content-Length: 176
Content-Type: application/json; charset=utf-8
host: localhost:40566
accept: */*

Response DefaultHttpResponse(decodeResult: success, version: HTTP/1.1)
HTTP/1.1 200 OK
Content-Length: 6124
Content-Type: application/json; charset=utf-8
cache-control: no-cache

07:31:26.950 [AsyncHttpClient-1-13] DEBUG org.asynchttpclient.netty.channel.ChannelManager -- Adding key: http://localhost:40566 for channel [id: 0x3903ff79, L:/127.0.0.1:63101 - R:localhost/127.0.0.1:40566]
]]></system-out>
    <system-err><![CDATA[Jan 03, 2025 7:31:25 AM org.openqa.selenium.devtools.CdpVersionFinder findNearestMatch
WARNING: Unable to find CDP implementation matching 131
Jan 03, 2025 7:31:25 AM org.openqa.selenium.chromium.ChromiumDriver lambda$new$5
WARNING: Unable to find version of CDP to use for 131.0.6778.205. You may need to include a dependency on a specific version of the CDP using something similar to `org.seleniumhq.selenium:selenium-devtools-v86:4.12.0` where the version ("v86") matches the version of the chromium-based browser you're using and the version number of the artifact is the same as Selenium's.
]]></system-err>
  </testcase>
  <testcase name="testUserRegistration" classname="UITestCases.BuggyCarsUITests" time="0.767">
    <failure message="expected [true] but found [false]" type="java.lang.AssertionError"><![CDATA[java.lang.AssertionError: expected [true] but found [false]
	at org.testng.Assert.fail(Assert.java:110)
	at org.testng.Assert.failNotEquals(Assert.java:1413)
	at org.testng.Assert.assertTrue(Assert.java:56)
	at org.testng.Assert.assertTrue(Assert.java:66)
	at UITestCases.BuggyCarsUITests.testUserRegistration(BuggyCarsUITests.java:33)
	at java.base/jdk.internal.reflect.NativeMethodAccessorImpl.invoke0(Native Method)
	at java.base/jdk.internal.reflect.NativeMethodAccessorImpl.invoke(NativeMethodAccessorImpl.java:77)
	at java.base/jdk.internal.reflect.DelegatingMethodAccessorImpl.invoke(DelegatingMethodAccessorImpl.java:43)
	at java.base/java.lang.reflect.Method.invoke(Method.java:568)
	at org.testng.internal.invokers.MethodInvocationHelper.invokeMethod(MethodInvocationHelper.java:139)
	at org.testng.internal.invokers.TestInvoker.invokeMethod(TestInvoker.java:677)
	at org.testng.internal.invokers.TestInvoker.invokeTestMethod(TestInvoker.java:221)
	at org.testng.internal.invokers.MethodRunner.runInSequence(MethodRunner.java:50)
	at org.testng.internal.invokers.TestInvoker$MethodInvocationAgent.invoke(TestInvoker.java:969)
	at org.testng.internal.invokers.TestInvoker.invokeTestMethods(TestInvoker.java:194)
	at org.testng.internal.invokers.TestMethodWorker.invokeTestMethods(TestMethodWorker.java:148)
	at org.testng.internal.invokers.TestMethodWorker.run(TestMethodWorker.java:128)
	at java.base/java.util.ArrayList.forEach(ArrayList.java:1511)
	at org.testng.TestRunner.privateRun(TestRunner.java:829)
	at org.testng.TestRunner.run(TestRunner.java:602)
	at org.testng.SuiteRunner.runTest(SuiteRunner.java:437)
	at org.testng.SuiteRunner.runSequentially(SuiteRunner.java:431)
	at org.testng.SuiteRunner.privateRun(SuiteRunner.java:391)
	at org.testng.SuiteRunner.run(SuiteRunner.java:330)
	at org.testng.SuiteRunnerWorker.runSuite(SuiteRunnerWorker.java:52)
	at org.testng.SuiteRunnerWorker.run(SuiteRunnerWorker.java:95)
	at org.testng.TestNG.runSuitesSequentially(TestNG.java:1256)
	at org.testng.TestNG.runSuitesLocally(TestNG.java:1176)
	at org.testng.TestNG.runSuites(TestNG.java:1099)
	at org.testng.TestNG.run(TestNG.java:1067)
	at org.apache.maven.surefire.testng.TestNGExecutor.run(TestNGExecutor.java:324)
	at org.apache.maven.surefire.testng.TestNGXmlTestSuite.execute(TestNGXmlTestSuite.java:74)
	at org.apache.maven.surefire.testng.TestNGProvider.invoke(TestNGProvider.java:123)
	at org.apache.maven.surefire.booter.ForkedBooter.runSuitesInProcess(ForkedBooter.java:456)
	at org.apache.maven.surefire.booter.ForkedBooter.execute(ForkedBooter.java:169)
	at org.apache.maven.surefire.booter.ForkedBooter.run(ForkedBooter.java:595)
	at org.apache.maven.surefire.booter.ForkedBooter.main(ForkedBooter.java:581)
]]></failure>
    <system-out><![CDATA[07:31:26.955 [AsyncHttpClient-1-15] DEBUG org.asynchttpclient.netty.handler.WebSocketHandler -- Channel Closed: [id: 0x61607ec5, L:/127.0.0.1:63109 ! R:localhost/127.0.0.1:63102] with attribute DISCARD
07:31:26.955 [Driver Command Executor] DEBUG org.asynchttpclient.netty.request.NettyRequestSender -- Using pooled Channel '[id: 0x3903ff79, L:/127.0.0.1:63101 - R:localhost/127.0.0.1:40566]' for 'DELETE' to 'http://localhost:40566/session/20623442d4f317deee3210e812276d60'
07:31:26.955 [Driver Command Executor] DEBUG org.asynchttpclient.netty.request.NettyRequestSender -- Using open Channel [id: 0x3903ff79, L:/127.0.0.1:63101 - R:localhost/127.0.0.1:40566] for DELETE '/session/20623442d4f317deee3210e812276d60'
07:31:27.019 [AsyncHttpClient-1-14] DEBUG org.asynchttpclient.netty.handler.HttpHandler -- Unexpected I/O exception on channel [id: 0x7039c128, L:/127.0.0.1:63108 - R:localhost/127.0.0.1:63102]
java.net.SocketException: Connection reset
	at java.base/sun.nio.ch.SocketChannelImpl.throwConnectionReset(SocketChannelImpl.java:394)
	at java.base/sun.nio.ch.SocketChannelImpl.read(SocketChannelImpl.java:426)
	at io.netty.buffer.PooledByteBuf.setBytes(PooledByteBuf.java:254)
	at io.netty.buffer.AbstractByteBuf.writeBytes(AbstractByteBuf.java:1132)
	at io.netty.channel.socket.nio.NioSocketChannel.doReadBytes(NioSocketChannel.java:357)
	at io.netty.channel.nio.AbstractNioByteChannel$NioByteUnsafe.read(AbstractNioByteChannel.java:151)
	at io.netty.channel.nio.NioEventLoop.processSelectedKey(NioEventLoop.java:788)
	at io.netty.channel.nio.NioEventLoop.processSelectedKeysOptimized(NioEventLoop.java:724)
	at io.netty.channel.nio.NioEventLoop.processSelectedKeys(NioEventLoop.java:650)
	at io.netty.channel.nio.NioEventLoop.run(NioEventLoop.java:562)
	at io.netty.util.concurrent.SingleThreadEventExecutor$4.run(SingleThreadEventExecutor.java:997)
	at io.netty.util.internal.ThreadExecutorMap$2.run(ThreadExecutorMap.java:74)
	at io.netty.util.concurrent.FastThreadLocalRunnable.run(FastThreadLocalRunnable.java:30)
	at java.base/java.lang.Thread.run(Thread.java:842)
07:31:27.019 [AsyncHttpClient-1-14] DEBUG org.asynchttpclient.netty.channel.ChannelManager -- Closing Channel [id: 0x7039c128, L:/127.0.0.1:63108 - R:localhost/127.0.0.1:63102] 
07:31:27.019 [AsyncHttpClient-1-14] DEBUG org.asynchttpclient.netty.handler.HttpHandler -- Channel Closed: [id: 0x7039c128, L:/127.0.0.1:63108 ! R:localhost/127.0.0.1:63102] with attribute DISCARD
07:31:27.042 [AsyncHttpClient-1-13] DEBUG org.asynchttpclient.netty.handler.HttpHandler -- 

Request DefaultFullHttpRequest(decodeResult: success, version: HTTP/1.1, content: EmptyByteBufBE)
DELETE /session/20623442d4f317deee3210e812276d60 HTTP/1.1
User-Agent: selenium/4.12.0 (java windows)
Content-Type: application/json; charset=utf-8
host: localhost:40566
accept: */*

Response DefaultHttpResponse(decodeResult: success, version: HTTP/1.1)
HTTP/1.1 200 OK
Content-Length: 14
Content-Type: application/json; charset=utf-8
cache-control: no-cache

07:31:27.042 [AsyncHttpClient-1-13] DEBUG org.asynchttpclient.netty.channel.ChannelManager -- Adding key: http://localhost:40566 for channel [id: 0x3903ff79, L:/127.0.0.1:63101 - R:localhost/127.0.0.1:40566]
07:31:27.152 [AsyncHttpClient-1-13] DEBUG org.asynchttpclient.netty.handler.HttpHandler -- Channel Closed: [id: 0x3903ff79, L:/127.0.0.1:63101 ! R:localhost/127.0.0.1:40566] with attribute DISCARD
07:31:27.199 [main] DEBUG io.github.bonigarcia.wdm.WebDriverManager -- Using WebDriverManager 5.5.3
07:31:27.207 [main] DEBUG io.github.bonigarcia.wdm.cache.ResolutionCache -- Resolution chrome=131 in cache (valid until 08:30:55 03/01/2025 IST)
07:31:27.208 [main] DEBUG io.github.bonigarcia.wdm.cache.ResolutionCache -- Resolution chrome131=131.0.6778.204 in cache (valid until 14:21:23 03/01/2025 IST)
07:31:27.208 [main] INFO io.github.bonigarcia.wdm.WebDriverManager -- Using chromedriver 131.0.6778.204 (resolved driver for Chrome 131)
07:31:27.211 [main] DEBUG io.github.bonigarcia.wdm.WebDriverManager -- Driver chromedriver 131.0.6778.204 found in cache
07:31:27.211 [main] INFO io.github.bonigarcia.wdm.WebDriverManager -- Exporting webdriver.chrome.driver as C:\Users\sasitharan\.cache\selenium\chromedriver\win64\131.0.6778.204\chromedriver.exe
07:31:27.280 [AsyncHttpClient-1-16] DEBUG org.asynchttpclient.netty.channel.NettyConnectListener -- Using new Channel '[id: 0x1b015c39, L:/127.0.0.1:63119 - R:localhost/127.0.0.1:48277]' for 'POST' to '/session'
07:31:27.898 [AsyncHttpClient-1-16] DEBUG org.asynchttpclient.netty.handler.HttpHandler -- 

Request DefaultHttpRequest(decodeResult: success, version: HTTP/1.1)
POST /session HTTP/1.1
User-Agent: selenium/4.12.0 (java windows)
Content-Length: 254
Content-Type: application/json; charset=utf-8
host: localhost:48277
accept: */*

Response DefaultHttpResponse(decodeResult: success, version: HTTP/1.1)
HTTP/1.1 200 OK
Content-Length: 888
Content-Type: application/json; charset=utf-8
cache-control: no-cache

07:31:27.898 [AsyncHttpClient-1-16] DEBUG org.asynchttpclient.netty.channel.ChannelManager -- Adding key: http://localhost:48277 for channel [id: 0x1b015c39, L:/127.0.0.1:63119 - R:localhost/127.0.0.1:48277]
07:31:27.904 [AsyncHttpClient-1-17] DEBUG org.asynchttpclient.netty.channel.NettyConnectListener -- Using new Channel '[id: 0x8380a04a, L:/127.0.0.1:63126 - R:localhost/127.0.0.1:63120]' for 'GET' to '/json/version'
07:31:27.905 [AsyncHttpClient-1-17] DEBUG org.asynchttpclient.netty.handler.HttpHandler -- 

Request DefaultFullHttpRequest(decodeResult: success, version: HTTP/1.1, content: EmptyByteBufBE)
GET /json/version HTTP/1.1
User-Agent: selenium/4.12.0 (java windows)
host: localhost:63120
accept: */*

Response DefaultHttpResponse(decodeResult: success, version: HTTP/1.1)
HTTP/1.1 200 OK
Content-Security-Policy: frame-ancestors 'none'
Content-Length: 424
Content-Type: application/json; charset=UTF-8

07:31:27.905 [AsyncHttpClient-1-17] DEBUG org.asynchttpclient.netty.channel.ChannelManager -- Adding key: http://localhost:63120 for channel [id: 0x8380a04a, L:/127.0.0.1:63126 - R:localhost/127.0.0.1:63120]
07:31:27.908 [AsyncHttpClient-1-2] DEBUG org.asynchttpclient.netty.channel.NettyConnectListener -- Using new Channel '[id: 0xb8c77113, L:/127.0.0.1:63127 - R:localhost/127.0.0.1:63120]' for 'GET' to '/devtools/browser/27c9fa39-7222-44f7-a6c7-3f76f9541003'
07:31:27.909 [AsyncHttpClient-1-2] DEBUG org.asynchttpclient.netty.handler.WebSocketHandler -- 

Request DefaultFullHttpRequest(decodeResult: success, version: HTTP/1.1, content: EmptyByteBufBE)
GET /devtools/browser/27c9fa39-7222-44f7-a6c7-3f76f9541003 HTTP/1.1
upgrade: websocket
connection: upgrade
sec-websocket-key: zlXXFVZWED7qy9641ZvBLQ==
sec-websocket-version: 13
origin: http://localhost:63120
host: localhost:63120
accept: */*
user-agent: AHC/2.1

Response DefaultHttpResponse(decodeResult: success, version: HTTP/1.1)
HTTP/1.1 101 WebSocket Protocol Handshake
Upgrade: WebSocket
Connection: Upgrade
Sec-WebSocket-Accept: aMvySf4ny2EiOXMriqprKxP0BKM=

07:31:27.914 [Forwarding maximizeCurrentWindow on session 4d591ba6b5be89d980f3f3c446914246 to remote] DEBUG org.asynchttpclient.netty.request.NettyRequestSender -- Using pooled Channel '[id: 0x1b015c39, L:/127.0.0.1:63119 - R:localhost/127.0.0.1:48277]' for 'POST' to 'http://localhost:48277/session/4d591ba6b5be89d980f3f3c446914246/window/maximize'
07:31:27.914 [Forwarding maximizeCurrentWindow on session 4d591ba6b5be89d980f3f3c446914246 to remote] DEBUG org.asynchttpclient.netty.request.NettyRequestSender -- Using open Channel [id: 0x1b015c39, L:/127.0.0.1:63119 - R:localhost/127.0.0.1:48277] for POST '/session/4d591ba6b5be89d980f3f3c446914246/window/maximize'
07:31:27.953 [AsyncHttpClient-1-16] DEBUG org.asynchttpclient.netty.handler.HttpHandler -- 

Request DefaultHttpRequest(decodeResult: success, version: HTTP/1.1)
POST /session/4d591ba6b5be89d980f3f3c446914246/window/maximize HTTP/1.1
User-Agent: selenium/4.12.0 (java windows)
Content-Length: 3
Content-Type: application/json; charset=utf-8
host: localhost:48277
accept: */*

Response DefaultHttpResponse(decodeResult: success, version: HTTP/1.1)
HTTP/1.1 200 OK
Content-Length: 52
Content-Type: application/json; charset=utf-8
cache-control: no-cache

07:31:27.954 [AsyncHttpClient-1-16] DEBUG org.asynchttpclient.netty.channel.ChannelManager -- Adding key: http://localhost:48277 for channel [id: 0x1b015c39, L:/127.0.0.1:63119 - R:localhost/127.0.0.1:48277]
07:31:27.956 [Forwarding get on session 4d591ba6b5be89d980f3f3c446914246 to remote] DEBUG org.asynchttpclient.netty.request.NettyRequestSender -- Using pooled Channel '[id: 0x1b015c39, L:/127.0.0.1:63119 - R:localhost/127.0.0.1:48277]' for 'POST' to 'http://localhost:48277/session/4d591ba6b5be89d980f3f3c446914246/url'
07:31:27.958 [Forwarding get on session 4d591ba6b5be89d980f3f3c446914246 to remote] DEBUG org.asynchttpclient.netty.request.NettyRequestSender -- Using open Channel [id: 0x1b015c39, L:/127.0.0.1:63119 - R:localhost/127.0.0.1:48277] for POST '/session/4d591ba6b5be89d980f3f3c446914246/url'
07:31:28.030 [AsyncHttpClient-1-1] DEBUG org.asynchttpclient.netty.channel.DefaultChannelPool -- Entry count for : http://localhost:40566 : 1
07:31:28.030 [AsyncHttpClient-1-1] DEBUG org.asynchttpclient.netty.channel.DefaultChannelPool -- Entry count for : http://localhost:63102 : 1
07:31:28.030 [AsyncHttpClient-1-1] DEBUG org.asynchttpclient.netty.channel.DefaultChannelPool -- Entry count for : http://localhost:63120 : 1
07:31:28.030 [AsyncHttpClient-1-1] DEBUG org.asynchttpclient.netty.channel.DefaultChannelPool -- Adding Candidate expired Channel [id: 0x3903ff79, L:/127.0.0.1:63101 ! R:localhost/127.0.0.1:40566] isIdleTimeoutExpired=false isRemotelyClosed=true isTtlExpired=false
07:31:28.030 [AsyncHttpClient-1-1] DEBUG org.asynchttpclient.netty.channel.DefaultChannelPool -- Closing Idle Channel [id: 0x3903ff79, L:/127.0.0.1:63101 ! R:localhost/127.0.0.1:40566]
07:31:28.030 [AsyncHttpClient-1-1] DEBUG org.asynchttpclient.netty.channel.DefaultChannelPool -- Adding Candidate expired Channel [id: 0x7039c128, L:/127.0.0.1:63108 ! R:localhost/127.0.0.1:63102] isIdleTimeoutExpired=false isRemotelyClosed=true isTtlExpired=false
07:31:28.030 [AsyncHttpClient-1-1] DEBUG org.asynchttpclient.netty.channel.DefaultChannelPool -- Closing Idle Channel [id: 0x7039c128, L:/127.0.0.1:63108 ! R:localhost/127.0.0.1:63102]
07:31:28.030 [AsyncHttpClient-1-1] DEBUG org.asynchttpclient.netty.channel.DefaultChannelPool -- Closed 2 connections out of 3 in 0 ms
07:31:29.104 [AsyncHttpClient-1-16] DEBUG org.asynchttpclient.netty.handler.HttpHandler -- 

Request DefaultHttpRequest(decodeResult: success, version: HTTP/1.1)
POST /session/4d591ba6b5be89d980f3f3c446914246/url HTTP/1.1
User-Agent: selenium/4.12.0 (java windows)
Content-Length: 58
Content-Type: application/json; charset=utf-8
host: localhost:48277
accept: */*

Response DefaultHttpResponse(decodeResult: success, version: HTTP/1.1)
HTTP/1.1 200 OK
Content-Length: 14
Content-Type: application/json; charset=utf-8
cache-control: no-cache

07:31:29.104 [AsyncHttpClient-1-16] DEBUG org.asynchttpclient.netty.channel.ChannelManager -- Adding key: http://localhost:48277 for channel [id: 0x1b015c39, L:/127.0.0.1:63119 - R:localhost/127.0.0.1:48277]
07:31:29.109 [Forwarding findElement on session 4d591ba6b5be89d980f3f3c446914246 to remote] DEBUG org.asynchttpclient.netty.request.NettyRequestSender -- Using pooled Channel '[id: 0x1b015c39, L:/127.0.0.1:63119 - R:localhost/127.0.0.1:48277]' for 'POST' to 'http://localhost:48277/session/4d591ba6b5be89d980f3f3c446914246/element'
07:31:29.110 [Forwarding findElement on session 4d591ba6b5be89d980f3f3c446914246 to remote] DEBUG org.asynchttpclient.netty.request.NettyRequestSender -- Using open Channel [id: 0x1b015c39, L:/127.0.0.1:63119 - R:localhost/127.0.0.1:48277] for POST '/session/4d591ba6b5be89d980f3f3c446914246/element'
07:31:29.128 [AsyncHttpClient-1-16] DEBUG org.asynchttpclient.netty.handler.HttpHandler -- 

Request DefaultHttpRequest(decodeResult: success, version: HTTP/1.1)
POST /session/4d591ba6b5be89d980f3f3c446914246/element HTTP/1.1
User-Agent: selenium/4.12.0 (java windows)
Content-Length: 49
Content-Type: application/json; charset=utf-8
host: localhost:48277
accept: */*

Response DefaultHttpResponse(decodeResult: success, version: HTTP/1.1)
HTTP/1.1 200 OK
Content-Length: 126
Content-Type: application/json; charset=utf-8
cache-control: no-cache

07:31:29.128 [AsyncHttpClient-1-16] DEBUG org.asynchttpclient.netty.channel.ChannelManager -- Adding key: http://localhost:48277 for channel [id: 0x1b015c39, L:/127.0.0.1:63119 - R:localhost/127.0.0.1:48277]
07:31:29.129 [Forwarding clickElement on session 4d591ba6b5be89d980f3f3c446914246 to remote] DEBUG org.asynchttpclient.netty.request.NettyRequestSender -- Using pooled Channel '[id: 0x1b015c39, L:/127.0.0.1:63119 - R:localhost/127.0.0.1:48277]' for 'POST' to 'http://localhost:48277/session/4d591ba6b5be89d980f3f3c446914246/element/f.9AF2D622A85F4735BBC6B7D35BFDCB7F.d.7289B4398A68B411867556BCCB4457B1.e.14/click'
07:31:29.129 [Forwarding clickElement on session 4d591ba6b5be89d980f3f3c446914246 to remote] DEBUG org.asynchttpclient.netty.request.NettyRequestSender -- Using open Channel [id: 0x1b015c39, L:/127.0.0.1:63119 - R:localhost/127.0.0.1:48277] for POST '/session/4d591ba6b5be89d980f3f3c446914246/element/f.9AF2D622A85F4735BBC6B7D35BFDCB7F.d.7289B4398A68B411867556BCCB4457B1.e.14/click'
07:31:29.137 [AsyncHttpClient-1-1] DEBUG org.asynchttpclient.netty.channel.DefaultChannelPool -- Entry count for : http://localhost:63120 : 1
07:31:29.223 [AsyncHttpClient-1-16] DEBUG org.asynchttpclient.netty.handler.HttpHandler -- 

Request DefaultHttpRequest(decodeResult: success, version: HTTP/1.1)
POST /session/4d591ba6b5be89d980f3f3c446914246/element/f.9AF2D622A85F4735BBC6B7D35BFDCB7F.d.7289B4398A68B411867556BCCB4457B1.e.14/click HTTP/1.1
User-Agent: selenium/4.12.0 (java windows)
Content-Length: 88
Content-Type: application/json; charset=utf-8
host: localhost:48277
accept: */*

Response DefaultHttpResponse(decodeResult: success, version: HTTP/1.1)
HTTP/1.1 200 OK
Content-Length: 14
Content-Type: application/json; charset=utf-8
cache-control: no-cache

07:31:29.223 [AsyncHttpClient-1-16] DEBUG org.asynchttpclient.netty.channel.ChannelManager -- Adding key: http://localhost:48277 for channel [id: 0x1b015c39, L:/127.0.0.1:63119 - R:localhost/127.0.0.1:48277]
07:31:29.225 [Forwarding findElement on session 4d591ba6b5be89d980f3f3c446914246 to remote] DEBUG org.asynchttpclient.netty.request.NettyRequestSender -- Using pooled Channel '[id: 0x1b015c39, L:/127.0.0.1:63119 - R:localhost/127.0.0.1:48277]' for 'POST' to 'http://localhost:48277/session/4d591ba6b5be89d980f3f3c446914246/element'
07:31:29.225 [Forwarding findElement on session 4d591ba6b5be89d980f3f3c446914246 to remote] DEBUG org.asynchttpclient.netty.request.NettyRequestSender -- Using open Channel [id: 0x1b015c39, L:/127.0.0.1:63119 - R:localhost/127.0.0.1:48277] for POST '/session/4d591ba6b5be89d980f3f3c446914246/element'
07:31:29.241 [AsyncHttpClient-1-16] DEBUG org.asynchttpclient.netty.handler.HttpHandler -- 

Request DefaultHttpRequest(decodeResult: success, version: HTTP/1.1)
POST /session/4d591ba6b5be89d980f3f3c446914246/element HTTP/1.1
User-Agent: selenium/4.12.0 (java windows)
Content-Length: 53
Content-Type: application/json; charset=utf-8
host: localhost:48277
accept: */*

Response DefaultHttpResponse(decodeResult: success, version: HTTP/1.1)
HTTP/1.1 200 OK
Content-Length: 126
Content-Type: application/json; charset=utf-8
cache-control: no-cache

07:31:29.241 [AsyncHttpClient-1-16] DEBUG org.asynchttpclient.netty.channel.ChannelManager -- Adding key: http://localhost:48277 for channel [id: 0x1b015c39, L:/127.0.0.1:63119 - R:localhost/127.0.0.1:48277]
07:31:29.242 [Forwarding sendKeysToElement on session 4d591ba6b5be89d980f3f3c446914246 to remote] DEBUG org.asynchttpclient.netty.request.NettyRequestSender -- Using pooled Channel '[id: 0x1b015c39, L:/127.0.0.1:63119 - R:localhost/127.0.0.1:48277]' for 'POST' to 'http://localhost:48277/session/4d591ba6b5be89d980f3f3c446914246/element/f.9AF2D622A85F4735BBC6B7D35BFDCB7F.d.7289B4398A68B411867556BCCB4457B1.e.26/value'
07:31:29.242 [Forwarding sendKeysToElement on session 4d591ba6b5be89d980f3f3c446914246 to remote] DEBUG org.asynchttpclient.netty.request.NettyRequestSender -- Using open Channel [id: 0x1b015c39, L:/127.0.0.1:63119 - R:localhost/127.0.0.1:48277] for POST '/session/4d591ba6b5be89d980f3f3c446914246/element/f.9AF2D622A85F4735BBC6B7D35BFDCB7F.d.7289B4398A68B411867556BCCB4457B1.e.26/value'
07:31:29.357 [AsyncHttpClient-1-16] DEBUG org.asynchttpclient.netty.handler.HttpHandler -- 

Request DefaultHttpRequest(decodeResult: success, version: HTTP/1.1)
POST /session/4d591ba6b5be89d980f3f3c446914246/element/f.9AF2D622A85F4735BBC6B7D35BFDCB7F.d.7289B4398A68B411867556BCCB4457B1.e.26/value HTTP/1.1
User-Agent: selenium/4.12.0 (java windows)
Content-Length: 229
Content-Type: application/json; charset=utf-8
host: localhost:48277
accept: */*

Response DefaultHttpResponse(decodeResult: success, version: HTTP/1.1)
HTTP/1.1 200 OK
Content-Length: 14
Content-Type: application/json; charset=utf-8
cache-control: no-cache

07:31:29.357 [AsyncHttpClient-1-16] DEBUG org.asynchttpclient.netty.channel.ChannelManager -- Adding key: http://localhost:48277 for channel [id: 0x1b015c39, L:/127.0.0.1:63119 - R:localhost/127.0.0.1:48277]
07:31:29.360 [Forwarding findElement on session 4d591ba6b5be89d980f3f3c446914246 to remote] DEBUG org.asynchttpclient.netty.request.NettyRequestSender -- Using pooled Channel '[id: 0x1b015c39, L:/127.0.0.1:63119 - R:localhost/127.0.0.1:48277]' for 'POST' to 'http://localhost:48277/session/4d591ba6b5be89d980f3f3c446914246/element'
07:31:29.360 [Forwarding findElement on session 4d591ba6b5be89d980f3f3c446914246 to remote] DEBUG org.asynchttpclient.netty.request.NettyRequestSender -- Using open Channel [id: 0x1b015c39, L:/127.0.0.1:63119 - R:localhost/127.0.0.1:48277] for POST '/session/4d591ba6b5be89d980f3f3c446914246/element'
07:31:29.373 [AsyncHttpClient-1-16] DEBUG org.asynchttpclient.netty.handler.HttpHandler -- 

Request DefaultHttpRequest(decodeResult: success, version: HTTP/1.1)
POST /session/4d591ba6b5be89d980f3f3c446914246/element HTTP/1.1
User-Agent: selenium/4.12.0 (java windows)
Content-Length: 54
Content-Type: application/json; charset=utf-8
host: localhost:48277
accept: */*

Response DefaultHttpResponse(decodeResult: success, version: HTTP/1.1)
HTTP/1.1 200 OK
Content-Length: 126
Content-Type: application/json; charset=utf-8
cache-control: no-cache

07:31:29.374 [AsyncHttpClient-1-16] DEBUG org.asynchttpclient.netty.channel.ChannelManager -- Adding key: http://localhost:48277 for channel [id: 0x1b015c39, L:/127.0.0.1:63119 - R:localhost/127.0.0.1:48277]
07:31:29.375 [Forwarding sendKeysToElement on session 4d591ba6b5be89d980f3f3c446914246 to remote] DEBUG org.asynchttpclient.netty.request.NettyRequestSender -- Using pooled Channel '[id: 0x1b015c39, L:/127.0.0.1:63119 - R:localhost/127.0.0.1:48277]' for 'POST' to 'http://localhost:48277/session/4d591ba6b5be89d980f3f3c446914246/element/f.9AF2D622A85F4735BBC6B7D35BFDCB7F.d.7289B4398A68B411867556BCCB4457B1.e.29/value'
07:31:29.375 [Forwarding sendKeysToElement on session 4d591ba6b5be89d980f3f3c446914246 to remote] DEBUG org.asynchttpclient.netty.request.NettyRequestSender -- Using open Channel [id: 0x1b015c39, L:/127.0.0.1:63119 - R:localhost/127.0.0.1:48277] for POST '/session/4d591ba6b5be89d980f3f3c446914246/element/f.9AF2D622A85F4735BBC6B7D35BFDCB7F.d.7289B4398A68B411867556BCCB4457B1.e.29/value'
07:31:29.434 [AsyncHttpClient-1-16] DEBUG org.asynchttpclient.netty.handler.HttpHandler -- 

Request DefaultHttpRequest(decodeResult: success, version: HTTP/1.1)
POST /session/4d591ba6b5be89d980f3f3c446914246/element/f.9AF2D622A85F4735BBC6B7D35BFDCB7F.d.7289B4398A68B411867556BCCB4457B1.e.29/value HTTP/1.1
User-Agent: selenium/4.12.0 (java windows)
Content-Length: 159
Content-Type: application/json; charset=utf-8
host: localhost:48277
accept: */*

Response DefaultHttpResponse(decodeResult: success, version: HTTP/1.1)
HTTP/1.1 200 OK
Content-Length: 14
Content-Type: application/json; charset=utf-8
cache-control: no-cache

07:31:29.434 [AsyncHttpClient-1-16] DEBUG org.asynchttpclient.netty.channel.ChannelManager -- Adding key: http://localhost:48277 for channel [id: 0x1b015c39, L:/127.0.0.1:63119 - R:localhost/127.0.0.1:48277]
07:31:29.436 [Forwarding findElement on session 4d591ba6b5be89d980f3f3c446914246 to remote] DEBUG org.asynchttpclient.netty.request.NettyRequestSender -- Using pooled Channel '[id: 0x1b015c39, L:/127.0.0.1:63119 - R:localhost/127.0.0.1:48277]' for 'POST' to 'http://localhost:48277/session/4d591ba6b5be89d980f3f3c446914246/element'
07:31:29.436 [Forwarding findElement on session 4d591ba6b5be89d980f3f3c446914246 to remote] DEBUG org.asynchttpclient.netty.request.NettyRequestSender -- Using open Channel [id: 0x1b015c39, L:/127.0.0.1:63119 - R:localhost/127.0.0.1:48277] for POST '/session/4d591ba6b5be89d980f3f3c446914246/element'
07:31:29.454 [AsyncHttpClient-1-16] DEBUG org.asynchttpclient.netty.handler.HttpHandler -- 

Request DefaultHttpRequest(decodeResult: success, version: HTTP/1.1)
POST /session/4d591ba6b5be89d980f3f3c446914246/element HTTP/1.1
User-Agent: selenium/4.12.0 (java windows)
Content-Length: 53
Content-Type: application/json; charset=utf-8
host: localhost:48277
accept: */*

Response DefaultHttpResponse(decodeResult: success, version: HTTP/1.1)
HTTP/1.1 200 OK
Content-Length: 126
Content-Type: application/json; charset=utf-8
cache-control: no-cache

07:31:29.454 [AsyncHttpClient-1-16] DEBUG org.asynchttpclient.netty.channel.ChannelManager -- Adding key: http://localhost:48277 for channel [id: 0x1b015c39, L:/127.0.0.1:63119 - R:localhost/127.0.0.1:48277]
07:31:29.455 [Forwarding sendKeysToElement on session 4d591ba6b5be89d980f3f3c446914246 to remote] DEBUG org.asynchttpclient.netty.request.NettyRequestSender -- Using pooled Channel '[id: 0x1b015c39, L:/127.0.0.1:63119 - R:localhost/127.0.0.1:48277]' for 'POST' to 'http://localhost:48277/session/4d591ba6b5be89d980f3f3c446914246/element/f.9AF2D622A85F4735BBC6B7D35BFDCB7F.d.7289B4398A68B411867556BCCB4457B1.e.30/value'
07:31:29.455 [Forwarding sendKeysToElement on session 4d591ba6b5be89d980f3f3c446914246 to remote] DEBUG org.asynchttpclient.netty.request.NettyRequestSender -- Using open Channel [id: 0x1b015c39, L:/127.0.0.1:63119 - R:localhost/127.0.0.1:48277] for POST '/session/4d591ba6b5be89d980f3f3c446914246/element/f.9AF2D622A85F4735BBC6B7D35BFDCB7F.d.7289B4398A68B411867556BCCB4457B1.e.30/value'
07:31:29.540 [AsyncHttpClient-1-16] DEBUG org.asynchttpclient.netty.handler.HttpHandler -- 

Request DefaultHttpRequest(decodeResult: success, version: HTTP/1.1)
POST /session/4d591ba6b5be89d980f3f3c446914246/element/f.9AF2D622A85F4735BBC6B7D35BFDCB7F.d.7289B4398A68B411867556BCCB4457B1.e.30/value HTTP/1.1
User-Agent: selenium/4.12.0 (java windows)
Content-Length: 159
Content-Type: application/json; charset=utf-8
host: localhost:48277
accept: */*

Response DefaultHttpResponse(decodeResult: success, version: HTTP/1.1)
HTTP/1.1 200 OK
Content-Length: 14
Content-Type: application/json; charset=utf-8
cache-control: no-cache

07:31:29.542 [AsyncHttpClient-1-16] DEBUG org.asynchttpclient.netty.channel.ChannelManager -- Adding key: http://localhost:48277 for channel [id: 0x1b015c39, L:/127.0.0.1:63119 - R:localhost/127.0.0.1:48277]
07:31:29.543 [Forwarding findElement on session 4d591ba6b5be89d980f3f3c446914246 to remote] DEBUG org.asynchttpclient.netty.request.NettyRequestSender -- Using pooled Channel '[id: 0x1b015c39, L:/127.0.0.1:63119 - R:localhost/127.0.0.1:48277]' for 'POST' to 'http://localhost:48277/session/4d591ba6b5be89d980f3f3c446914246/element'
07:31:29.543 [Forwarding findElement on session 4d591ba6b5be89d980f3f3c446914246 to remote] DEBUG org.asynchttpclient.netty.request.NettyRequestSender -- Using open Channel [id: 0x1b015c39, L:/127.0.0.1:63119 - R:localhost/127.0.0.1:48277] for POST '/session/4d591ba6b5be89d980f3f3c446914246/element'
07:31:29.564 [AsyncHttpClient-1-16] DEBUG org.asynchttpclient.netty.handler.HttpHandler -- 

Request DefaultHttpRequest(decodeResult: success, version: HTTP/1.1)
POST /session/4d591ba6b5be89d980f3f3c446914246/element HTTP/1.1
User-Agent: selenium/4.12.0 (java windows)
Content-Length: 53
Content-Type: application/json; charset=utf-8
host: localhost:48277
accept: */*

Response DefaultHttpResponse(decodeResult: success, version: HTTP/1.1)
HTTP/1.1 200 OK
Content-Length: 126
Content-Type: application/json; charset=utf-8
cache-control: no-cache

07:31:29.564 [AsyncHttpClient-1-16] DEBUG org.asynchttpclient.netty.channel.ChannelManager -- Adding key: http://localhost:48277 for channel [id: 0x1b015c39, L:/127.0.0.1:63119 - R:localhost/127.0.0.1:48277]
07:31:29.566 [Forwarding sendKeysToElement on session 4d591ba6b5be89d980f3f3c446914246 to remote] DEBUG org.asynchttpclient.netty.request.NettyRequestSender -- Using pooled Channel '[id: 0x1b015c39, L:/127.0.0.1:63119 - R:localhost/127.0.0.1:48277]' for 'POST' to 'http://localhost:48277/session/4d591ba6b5be89d980f3f3c446914246/element/f.9AF2D622A85F4735BBC6B7D35BFDCB7F.d.7289B4398A68B411867556BCCB4457B1.e.15/value'
07:31:29.566 [Forwarding sendKeysToElement on session 4d591ba6b5be89d980f3f3c446914246 to remote] DEBUG org.asynchttpclient.netty.request.NettyRequestSender -- Using open Channel [id: 0x1b015c39, L:/127.0.0.1:63119 - R:localhost/127.0.0.1:48277] for POST '/session/4d591ba6b5be89d980f3f3c446914246/element/f.9AF2D622A85F4735BBC6B7D35BFDCB7F.d.7289B4398A68B411867556BCCB4457B1.e.15/value'
07:31:29.647 [AsyncHttpClient-1-16] DEBUG org.asynchttpclient.netty.handler.HttpHandler -- 

Request DefaultHttpRequest(decodeResult: success, version: HTTP/1.1)
POST /session/4d591ba6b5be89d980f3f3c446914246/element/f.9AF2D622A85F4735BBC6B7D35BFDCB7F.d.7289B4398A68B411867556BCCB4457B1.e.15/value HTTP/1.1
User-Agent: selenium/4.12.0 (java windows)
Content-Length: 239
Content-Type: application/json; charset=utf-8
host: localhost:48277
accept: */*

Response DefaultHttpResponse(decodeResult: success, version: HTTP/1.1)
HTTP/1.1 200 OK
Content-Length: 14
Content-Type: application/json; charset=utf-8
cache-control: no-cache

07:31:29.647 [AsyncHttpClient-1-16] DEBUG org.asynchttpclient.netty.channel.ChannelManager -- Adding key: http://localhost:48277 for channel [id: 0x1b015c39, L:/127.0.0.1:63119 - R:localhost/127.0.0.1:48277]
07:31:29.649 [Forwarding findElement on session 4d591ba6b5be89d980f3f3c446914246 to remote] DEBUG org.asynchttpclient.netty.request.NettyRequestSender -- Using pooled Channel '[id: 0x1b015c39, L:/127.0.0.1:63119 - R:localhost/127.0.0.1:48277]' for 'POST' to 'http://localhost:48277/session/4d591ba6b5be89d980f3f3c446914246/element'
07:31:29.649 [Forwarding findElement on session 4d591ba6b5be89d980f3f3c446914246 to remote] DEBUG org.asynchttpclient.netty.request.NettyRequestSender -- Using open Channel [id: 0x1b015c39, L:/127.0.0.1:63119 - R:localhost/127.0.0.1:48277] for POST '/session/4d591ba6b5be89d980f3f3c446914246/element'
07:31:29.664 [AsyncHttpClient-1-16] DEBUG org.asynchttpclient.netty.handler.HttpHandler -- 

Request DefaultHttpRequest(decodeResult: success, version: HTTP/1.1)
POST /session/4d591ba6b5be89d980f3f3c446914246/element HTTP/1.1
User-Agent: selenium/4.12.0 (java windows)
Content-Length: 60
Content-Type: application/json; charset=utf-8
host: localhost:48277
accept: */*

Response DefaultHttpResponse(decodeResult: success, version: HTTP/1.1)
HTTP/1.1 200 OK
Content-Length: 126
Content-Type: application/json; charset=utf-8
cache-control: no-cache

07:31:29.664 [AsyncHttpClient-1-16] DEBUG org.asynchttpclient.netty.channel.ChannelManager -- Adding key: http://localhost:48277 for channel [id: 0x1b015c39, L:/127.0.0.1:63119 - R:localhost/127.0.0.1:48277]
07:31:29.666 [Forwarding sendKeysToElement on session 4d591ba6b5be89d980f3f3c446914246 to remote] DEBUG org.asynchttpclient.netty.request.NettyRequestSender -- Using pooled Channel '[id: 0x1b015c39, L:/127.0.0.1:63119 - R:localhost/127.0.0.1:48277]' for 'POST' to 'http://localhost:48277/session/4d591ba6b5be89d980f3f3c446914246/element/f.9AF2D622A85F4735BBC6B7D35BFDCB7F.d.7289B4398A68B411867556BCCB4457B1.e.16/value'
07:31:29.666 [Forwarding sendKeysToElement on session 4d591ba6b5be89d980f3f3c446914246 to remote] DEBUG org.asynchttpclient.netty.request.NettyRequestSender -- Using open Channel [id: 0x1b015c39, L:/127.0.0.1:63119 - R:localhost/127.0.0.1:48277] for POST '/session/4d591ba6b5be89d980f3f3c446914246/element/f.9AF2D622A85F4735BBC6B7D35BFDCB7F.d.7289B4398A68B411867556BCCB4457B1.e.16/value'
07:31:29.739 [AsyncHttpClient-1-16] DEBUG org.asynchttpclient.netty.handler.HttpHandler -- 

Request DefaultHttpRequest(decodeResult: success, version: HTTP/1.1)
POST /session/4d591ba6b5be89d980f3f3c446914246/element/f.9AF2D622A85F4735BBC6B7D35BFDCB7F.d.7289B4398A68B411867556BCCB4457B1.e.16/value HTTP/1.1
User-Agent: selenium/4.12.0 (java windows)
Content-Length: 239
Content-Type: application/json; charset=utf-8
host: localhost:48277
accept: */*

Response DefaultHttpResponse(decodeResult: success, version: HTTP/1.1)
HTTP/1.1 200 OK
Content-Length: 14
Content-Type: application/json; charset=utf-8
cache-control: no-cache

07:31:29.741 [AsyncHttpClient-1-16] DEBUG org.asynchttpclient.netty.channel.ChannelManager -- Adding key: http://localhost:48277 for channel [id: 0x1b015c39, L:/127.0.0.1:63119 - R:localhost/127.0.0.1:48277]
07:31:29.742 [Forwarding findElement on session 4d591ba6b5be89d980f3f3c446914246 to remote] DEBUG org.asynchttpclient.netty.request.NettyRequestSender -- Using pooled Channel '[id: 0x1b015c39, L:/127.0.0.1:63119 - R:localhost/127.0.0.1:48277]' for 'POST' to 'http://localhost:48277/session/4d591ba6b5be89d980f3f3c446914246/element'
07:31:29.742 [Forwarding findElement on session 4d591ba6b5be89d980f3f3c446914246 to remote] DEBUG org.asynchttpclient.netty.request.NettyRequestSender -- Using open Channel [id: 0x1b015c39, L:/127.0.0.1:63119 - R:localhost/127.0.0.1:48277] for POST '/session/4d591ba6b5be89d980f3f3c446914246/element'
07:31:29.778 [AsyncHttpClient-1-16] DEBUG org.asynchttpclient.netty.handler.HttpHandler -- 

Request DefaultHttpRequest(decodeResult: success, version: HTTP/1.1)
POST /session/4d591ba6b5be89d980f3f3c446914246/element HTTP/1.1
User-Agent: selenium/4.12.0 (java windows)
Content-Length: 65
Content-Type: application/json; charset=utf-8
host: localhost:48277
accept: */*

Response DefaultHttpResponse(decodeResult: success, version: HTTP/1.1)
HTTP/1.1 200 OK
Content-Length: 126
Content-Type: application/json; charset=utf-8
cache-control: no-cache

07:31:29.778 [AsyncHttpClient-1-16] DEBUG org.asynchttpclient.netty.channel.ChannelManager -- Adding key: http://localhost:48277 for channel [id: 0x1b015c39, L:/127.0.0.1:63119 - R:localhost/127.0.0.1:48277]
07:31:29.779 [Forwarding clickElement on session 4d591ba6b5be89d980f3f3c446914246 to remote] DEBUG org.asynchttpclient.netty.request.NettyRequestSender -- Using pooled Channel '[id: 0x1b015c39, L:/127.0.0.1:63119 - R:localhost/127.0.0.1:48277]' for 'POST' to 'http://localhost:48277/session/4d591ba6b5be89d980f3f3c446914246/element/f.9AF2D622A85F4735BBC6B7D35BFDCB7F.d.7289B4398A68B411867556BCCB4457B1.e.10/click'
07:31:29.779 [Forwarding clickElement on session 4d591ba6b5be89d980f3f3c446914246 to remote] DEBUG org.asynchttpclient.netty.request.NettyRequestSender -- Using open Channel [id: 0x1b015c39, L:/127.0.0.1:63119 - R:localhost/127.0.0.1:48277] for POST '/session/4d591ba6b5be89d980f3f3c446914246/element/f.9AF2D622A85F4735BBC6B7D35BFDCB7F.d.7289B4398A68B411867556BCCB4457B1.e.10/click'
07:31:29.860 [AsyncHttpClient-1-16] DEBUG org.asynchttpclient.netty.handler.HttpHandler -- 

Request DefaultHttpRequest(decodeResult: success, version: HTTP/1.1)
POST /session/4d591ba6b5be89d980f3f3c446914246/element/f.9AF2D622A85F4735BBC6B7D35BFDCB7F.d.7289B4398A68B411867556BCCB4457B1.e.10/click HTTP/1.1
User-Agent: selenium/4.12.0 (java windows)
Content-Length: 88
Content-Type: application/json; charset=utf-8
host: localhost:48277
accept: */*

Response DefaultHttpResponse(decodeResult: success, version: HTTP/1.1)
HTTP/1.1 200 OK
Content-Length: 14
Content-Type: application/json; charset=utf-8
cache-control: no-cache

07:31:29.860 [AsyncHttpClient-1-16] DEBUG org.asynchttpclient.netty.channel.ChannelManager -- Adding key: http://localhost:48277 for channel [id: 0x1b015c39, L:/127.0.0.1:63119 - R:localhost/127.0.0.1:48277]
07:31:29.862 [Forwarding getPageSource on session 4d591ba6b5be89d980f3f3c446914246 to remote] DEBUG org.asynchttpclient.netty.request.NettyRequestSender -- Using pooled Channel '[id: 0x1b015c39, L:/127.0.0.1:63119 - R:localhost/127.0.0.1:48277]' for 'POST' to 'http://localhost:48277/session/4d591ba6b5be89d980f3f3c446914246/execute/sync'
07:31:29.862 [Forwarding getPageSource on session 4d591ba6b5be89d980f3f3c446914246 to remote] DEBUG org.asynchttpclient.netty.request.NettyRequestSender -- Using open Channel [id: 0x1b015c39, L:/127.0.0.1:63119 - R:localhost/127.0.0.1:48277] for POST '/session/4d591ba6b5be89d980f3f3c446914246/execute/sync'
07:31:29.869 [AsyncHttpClient-1-16] DEBUG org.asynchttpclient.netty.handler.HttpHandler -- 

Request DefaultHttpRequest(decodeResult: success, version: HTTP/1.1)
POST /session/4d591ba6b5be89d980f3f3c446914246/execute/sync HTTP/1.1
User-Agent: selenium/4.12.0 (java windows)
Content-Length: 176
Content-Type: application/json; charset=utf-8
host: localhost:48277
accept: */*

Response DefaultHttpResponse(decodeResult: success, version: HTTP/1.1)
HTTP/1.1 200 OK
Content-Length: 7571
Content-Type: application/json; charset=utf-8
cache-control: no-cache

07:31:29.870 [AsyncHttpClient-1-16] DEBUG org.asynchttpclient.netty.channel.ChannelManager -- Adding key: http://localhost:48277 for channel [id: 0x1b015c39, L:/127.0.0.1:63119 - R:localhost/127.0.0.1:48277]
]]></system-out>
    <system-err><![CDATA[Jan 03, 2025 7:31:27 AM org.openqa.selenium.devtools.CdpVersionFinder findNearestMatch
WARNING: Unable to find CDP implementation matching 131
Jan 03, 2025 7:31:27 AM org.openqa.selenium.chromium.ChromiumDriver lambda$new$5
WARNING: Unable to find version of CDP to use for 131.0.6778.205. You may need to include a dependency on a specific version of the CDP using something similar to `org.seleniumhq.selenium:selenium-devtools-v86:4.12.0` where the version ("v86") matches the version of the chromium-based browser you're using and the version number of the artifact is the same as Selenium's.
]]></system-err>
  </testcase>
  <testcase name="testWeakPasswordRegistration" classname="UITestCases.BuggyCarsUITests" time="0.69">
    <failure message="expected [true] but found [false]" type="java.lang.AssertionError"><![CDATA[java.lang.AssertionError: expected [true] but found [false]
	at org.testng.Assert.fail(Assert.java:110)
	at org.testng.Assert.failNotEquals(Assert.java:1413)
	at org.testng.Assert.assertTrue(Assert.java:56)
	at org.testng.Assert.assertTrue(Assert.java:66)
	at UITestCases.BuggyCarsUITests.testWeakPasswordRegistration(BuggyCarsUITests.java:96)
	at java.base/jdk.internal.reflect.NativeMethodAccessorImpl.invoke0(Native Method)
	at java.base/jdk.internal.reflect.NativeMethodAccessorImpl.invoke(NativeMethodAccessorImpl.java:77)
	at java.base/jdk.internal.reflect.DelegatingMethodAccessorImpl.invoke(DelegatingMethodAccessorImpl.java:43)
	at java.base/java.lang.reflect.Method.invoke(Method.java:568)
	at org.testng.internal.invokers.MethodInvocationHelper.invokeMethod(MethodInvocationHelper.java:139)
	at org.testng.internal.invokers.TestInvoker.invokeMethod(TestInvoker.java:677)
	at org.testng.internal.invokers.TestInvoker.invokeTestMethod(TestInvoker.java:221)
	at org.testng.internal.invokers.MethodRunner.runInSequence(MethodRunner.java:50)
	at org.testng.internal.invokers.TestInvoker$MethodInvocationAgent.invoke(TestInvoker.java:969)
	at org.testng.internal.invokers.TestInvoker.invokeTestMethods(TestInvoker.java:194)
	at org.testng.internal.invokers.TestMethodWorker.invokeTestMethods(TestMethodWorker.java:148)
	at org.testng.internal.invokers.TestMethodWorker.run(TestMethodWorker.java:128)
	at java.base/java.util.ArrayList.forEach(ArrayList.java:1511)
	at org.testng.TestRunner.privateRun(TestRunner.java:829)
	at org.testng.TestRunner.run(TestRunner.java:602)
	at org.testng.SuiteRunner.runTest(SuiteRunner.java:437)
	at org.testng.SuiteRunner.runSequentially(SuiteRunner.java:431)
	at org.testng.SuiteRunner.privateRun(SuiteRunner.java:391)
	at org.testng.SuiteRunner.run(SuiteRunner.java:330)
	at org.testng.SuiteRunnerWorker.runSuite(SuiteRunnerWorker.java:52)
	at org.testng.SuiteRunnerWorker.run(SuiteRunnerWorker.java:95)
	at org.testng.TestNG.runSuitesSequentially(TestNG.java:1256)
	at org.testng.TestNG.runSuitesLocally(TestNG.java:1176)
	at org.testng.TestNG.runSuites(TestNG.java:1099)
	at org.testng.TestNG.run(TestNG.java:1067)
	at org.apache.maven.surefire.testng.TestNGExecutor.run(TestNGExecutor.java:324)
	at org.apache.maven.surefire.testng.TestNGXmlTestSuite.execute(TestNGXmlTestSuite.java:74)
	at org.apache.maven.surefire.testng.TestNGProvider.invoke(TestNGProvider.java:123)
	at org.apache.maven.surefire.booter.ForkedBooter.runSuitesInProcess(ForkedBooter.java:456)
	at org.apache.maven.surefire.booter.ForkedBooter.execute(ForkedBooter.java:169)
	at org.apache.maven.surefire.booter.ForkedBooter.run(ForkedBooter.java:595)
	at org.apache.maven.surefire.booter.ForkedBooter.main(ForkedBooter.java:581)
]]></failure>
    <system-out><![CDATA[07:31:29.875 [Driver Command Executor] DEBUG org.asynchttpclient.netty.request.NettyRequestSender -- Using pooled Channel '[id: 0x1b015c39, L:/127.0.0.1:63119 - R:localhost/127.0.0.1:48277]' for 'DELETE' to 'http://localhost:48277/session/4d591ba6b5be89d980f3f3c446914246'
07:31:29.875 [AsyncHttpClient-1-2] DEBUG org.asynchttpclient.netty.handler.WebSocketHandler -- Channel Closed: [id: 0xb8c77113, L:/127.0.0.1:63127 ! R:localhost/127.0.0.1:63120] with attribute DISCARD
07:31:29.877 [Driver Command Executor] DEBUG org.asynchttpclient.netty.request.NettyRequestSender -- Using open Channel [id: 0x1b015c39, L:/127.0.0.1:63119 - R:localhost/127.0.0.1:48277] for DELETE '/session/4d591ba6b5be89d980f3f3c446914246'
07:31:29.951 [AsyncHttpClient-1-17] DEBUG org.asynchttpclient.netty.handler.HttpHandler -- Unexpected I/O exception on channel [id: 0x8380a04a, L:/127.0.0.1:63126 - R:localhost/127.0.0.1:63120]
java.net.SocketException: Connection reset
	at java.base/sun.nio.ch.SocketChannelImpl.throwConnectionReset(SocketChannelImpl.java:394)
	at java.base/sun.nio.ch.SocketChannelImpl.read(SocketChannelImpl.java:426)
	at io.netty.buffer.PooledByteBuf.setBytes(PooledByteBuf.java:254)
	at io.netty.buffer.AbstractByteBuf.writeBytes(AbstractByteBuf.java:1132)
	at io.netty.channel.socket.nio.NioSocketChannel.doReadBytes(NioSocketChannel.java:357)
	at io.netty.channel.nio.AbstractNioByteChannel$NioByteUnsafe.read(AbstractNioByteChannel.java:151)
	at io.netty.channel.nio.NioEventLoop.processSelectedKey(NioEventLoop.java:788)
	at io.netty.channel.nio.NioEventLoop.processSelectedKeysOptimized(NioEventLoop.java:724)
	at io.netty.channel.nio.NioEventLoop.processSelectedKeys(NioEventLoop.java:650)
	at io.netty.channel.nio.NioEventLoop.run(NioEventLoop.java:562)
	at io.netty.util.concurrent.SingleThreadEventExecutor$4.run(SingleThreadEventExecutor.java:997)
	at io.netty.util.internal.ThreadExecutorMap$2.run(ThreadExecutorMap.java:74)
	at io.netty.util.concurrent.FastThreadLocalRunnable.run(FastThreadLocalRunnable.java:30)
	at java.base/java.lang.Thread.run(Thread.java:842)
07:31:29.954 [AsyncHttpClient-1-17] DEBUG org.asynchttpclient.netty.channel.ChannelManager -- Closing Channel [id: 0x8380a04a, L:/127.0.0.1:63126 - R:localhost/127.0.0.1:63120] 
07:31:29.955 [AsyncHttpClient-1-17] DEBUG org.asynchttpclient.netty.handler.HttpHandler -- Channel Closed: [id: 0x8380a04a, L:/127.0.0.1:63126 ! R:localhost/127.0.0.1:63120] with attribute DISCARD
07:31:29.980 [AsyncHttpClient-1-16] DEBUG org.asynchttpclient.netty.handler.HttpHandler -- 

Request DefaultFullHttpRequest(decodeResult: success, version: HTTP/1.1, content: EmptyByteBufBE)
DELETE /session/4d591ba6b5be89d980f3f3c446914246 HTTP/1.1
User-Agent: selenium/4.12.0 (java windows)
Content-Type: application/json; charset=utf-8
host: localhost:48277
accept: */*

Response DefaultHttpResponse(decodeResult: success, version: HTTP/1.1)
HTTP/1.1 200 OK
Content-Length: 14
Content-Type: application/json; charset=utf-8
cache-control: no-cache

07:31:29.980 [AsyncHttpClient-1-16] DEBUG org.asynchttpclient.netty.channel.ChannelManager -- Adding key: http://localhost:48277 for channel [id: 0x1b015c39, L:/127.0.0.1:63119 - R:localhost/127.0.0.1:48277]
07:31:30.120 [AsyncHttpClient-1-16] DEBUG org.asynchttpclient.netty.handler.HttpHandler -- Channel Closed: [id: 0x1b015c39, L:/127.0.0.1:63119 ! R:localhost/127.0.0.1:48277] with attribute DISCARD
07:31:30.183 [main] DEBUG io.github.bonigarcia.wdm.WebDriverManager -- Using WebDriverManager 5.5.3
07:31:30.191 [main] DEBUG io.github.bonigarcia.wdm.cache.ResolutionCache -- Resolution chrome=131 in cache (valid until 08:30:55 03/01/2025 IST)
07:31:30.191 [main] DEBUG io.github.bonigarcia.wdm.cache.ResolutionCache -- Resolution chrome131=131.0.6778.204 in cache (valid until 14:21:23 03/01/2025 IST)
07:31:30.191 [main] INFO io.github.bonigarcia.wdm.WebDriverManager -- Using chromedriver 131.0.6778.204 (resolved driver for Chrome 131)
07:31:30.194 [main] DEBUG io.github.bonigarcia.wdm.WebDriverManager -- Driver chromedriver 131.0.6778.204 found in cache
07:31:30.194 [main] INFO io.github.bonigarcia.wdm.WebDriverManager -- Exporting webdriver.chrome.driver as C:\Users\sasitharan\.cache\selenium\chromedriver\win64\131.0.6778.204\chromedriver.exe
07:31:30.228 [AsyncHttpClient-1-1] DEBUG org.asynchttpclient.netty.channel.DefaultChannelPool -- Entry count for : http://localhost:63120 : 1
07:31:30.228 [AsyncHttpClient-1-1] DEBUG org.asynchttpclient.netty.channel.DefaultChannelPool -- Entry count for : http://localhost:48277 : 1
07:31:30.228 [AsyncHttpClient-1-1] DEBUG org.asynchttpclient.netty.channel.DefaultChannelPool -- Adding Candidate expired Channel [id: 0x8380a04a, L:/127.0.0.1:63126 ! R:localhost/127.0.0.1:63120] isIdleTimeoutExpired=false isRemotelyClosed=true isTtlExpired=false
07:31:30.228 [AsyncHttpClient-1-1] DEBUG org.asynchttpclient.netty.channel.DefaultChannelPool -- Closing Idle Channel [id: 0x8380a04a, L:/127.0.0.1:63126 ! R:localhost/127.0.0.1:63120]
07:31:30.228 [AsyncHttpClient-1-1] DEBUG org.asynchttpclient.netty.channel.DefaultChannelPool -- Adding Candidate expired Channel [id: 0x1b015c39, L:/127.0.0.1:63119 ! R:localhost/127.0.0.1:48277] isIdleTimeoutExpired=false isRemotelyClosed=true isTtlExpired=false
07:31:30.228 [AsyncHttpClient-1-1] DEBUG org.asynchttpclient.netty.channel.DefaultChannelPool -- Closing Idle Channel [id: 0x1b015c39, L:/127.0.0.1:63119 ! R:localhost/127.0.0.1:48277]
07:31:30.228 [AsyncHttpClient-1-1] DEBUG org.asynchttpclient.netty.channel.DefaultChannelPool -- Closed 2 connections out of 2 in 0 ms
07:31:30.281 [AsyncHttpClient-1-3] DEBUG org.asynchttpclient.netty.channel.NettyConnectListener -- Using new Channel '[id: 0xa9aa7777, L:/127.0.0.1:63138 - R:localhost/127.0.0.1:21843]' for 'POST' to '/session'
07:31:30.994 [AsyncHttpClient-1-3] DEBUG org.asynchttpclient.netty.handler.HttpHandler -- 

Request DefaultHttpRequest(decodeResult: success, version: HTTP/1.1)
POST /session HTTP/1.1
User-Agent: selenium/4.12.0 (java windows)
Content-Length: 254
Content-Type: application/json; charset=utf-8
host: localhost:21843
accept: */*

Response DefaultHttpResponse(decodeResult: success, version: HTTP/1.1)
HTTP/1.1 200 OK
Content-Length: 887
Content-Type: application/json; charset=utf-8
cache-control: no-cache

07:31:30.994 [AsyncHttpClient-1-3] DEBUG org.asynchttpclient.netty.channel.ChannelManager -- Adding key: http://localhost:21843 for channel [id: 0xa9aa7777, L:/127.0.0.1:63138 - R:localhost/127.0.0.1:21843]
07:31:31.001 [AsyncHttpClient-1-4] DEBUG org.asynchttpclient.netty.channel.NettyConnectListener -- Using new Channel '[id: 0x79b2027e, L:/127.0.0.1:63145 - R:localhost/127.0.0.1:63139]' for 'GET' to '/json/version'
07:31:31.001 [AsyncHttpClient-1-4] DEBUG org.asynchttpclient.netty.handler.HttpHandler -- 

Request DefaultFullHttpRequest(decodeResult: success, version: HTTP/1.1, content: EmptyByteBufBE)
GET /json/version HTTP/1.1
User-Agent: selenium/4.12.0 (java windows)
host: localhost:63139
accept: */*

Response DefaultHttpResponse(decodeResult: success, version: HTTP/1.1)
HTTP/1.1 200 OK
Content-Security-Policy: frame-ancestors 'none'
Content-Length: 424
Content-Type: application/json; charset=UTF-8

07:31:31.002 [AsyncHttpClient-1-4] DEBUG org.asynchttpclient.netty.channel.ChannelManager -- Adding key: http://localhost:63139 for channel [id: 0x79b2027e, L:/127.0.0.1:63145 - R:localhost/127.0.0.1:63139]
07:31:31.004 [AsyncHttpClient-1-5] DEBUG org.asynchttpclient.netty.channel.NettyConnectListener -- Using new Channel '[id: 0xf2d2634f, L:/127.0.0.1:63146 - R:localhost/127.0.0.1:63139]' for 'GET' to '/devtools/browser/ba5e7690-d2db-4376-97cc-aa06ad9f9c93'
07:31:31.009 [AsyncHttpClient-1-5] DEBUG org.asynchttpclient.netty.handler.WebSocketHandler -- 

Request DefaultFullHttpRequest(decodeResult: success, version: HTTP/1.1, content: EmptyByteBufBE)
GET /devtools/browser/ba5e7690-d2db-4376-97cc-aa06ad9f9c93 HTTP/1.1
upgrade: websocket
connection: upgrade
sec-websocket-key: CSuCfrikrqSmEMRgL3VurQ==
sec-websocket-version: 13
origin: http://localhost:63139
host: localhost:63139
accept: */*
user-agent: AHC/2.1

Response DefaultHttpResponse(decodeResult: success, version: HTTP/1.1)
HTTP/1.1 101 WebSocket Protocol Handshake
Upgrade: WebSocket
Connection: Upgrade
Sec-WebSocket-Accept: 0P8GCVrUC0LhE9qo//vdxdALiUA=

07:31:31.014 [Forwarding maximizeCurrentWindow on session d1bb19133fd39050ad19888525ebafde to remote] DEBUG org.asynchttpclient.netty.request.NettyRequestSender -- Using pooled Channel '[id: 0xa9aa7777, L:/127.0.0.1:63138 - R:localhost/127.0.0.1:21843]' for 'POST' to 'http://localhost:21843/session/d1bb19133fd39050ad19888525ebafde/window/maximize'
07:31:31.014 [Forwarding maximizeCurrentWindow on session d1bb19133fd39050ad19888525ebafde to remote] DEBUG org.asynchttpclient.netty.request.NettyRequestSender -- Using open Channel [id: 0xa9aa7777, L:/127.0.0.1:63138 - R:localhost/127.0.0.1:21843] for POST '/session/d1bb19133fd39050ad19888525ebafde/window/maximize'
07:31:31.059 [AsyncHttpClient-1-3] DEBUG org.asynchttpclient.netty.handler.HttpHandler -- 

Request DefaultHttpRequest(decodeResult: success, version: HTTP/1.1)
POST /session/d1bb19133fd39050ad19888525ebafde/window/maximize HTTP/1.1
User-Agent: selenium/4.12.0 (java windows)
Content-Length: 3
Content-Type: application/json; charset=utf-8
host: localhost:21843
accept: */*

Response DefaultHttpResponse(decodeResult: success, version: HTTP/1.1)
HTTP/1.1 200 OK
Content-Length: 52
Content-Type: application/json; charset=utf-8
cache-control: no-cache

07:31:31.059 [AsyncHttpClient-1-3] DEBUG org.asynchttpclient.netty.channel.ChannelManager -- Adding key: http://localhost:21843 for channel [id: 0xa9aa7777, L:/127.0.0.1:63138 - R:localhost/127.0.0.1:21843]
07:31:31.060 [Forwarding get on session d1bb19133fd39050ad19888525ebafde to remote] DEBUG org.asynchttpclient.netty.request.NettyRequestSender -- Using pooled Channel '[id: 0xa9aa7777, L:/127.0.0.1:63138 - R:localhost/127.0.0.1:21843]' for 'POST' to 'http://localhost:21843/session/d1bb19133fd39050ad19888525ebafde/url'
07:31:31.060 [Forwarding get on session d1bb19133fd39050ad19888525ebafde to remote] DEBUG org.asynchttpclient.netty.request.NettyRequestSender -- Using open Channel [id: 0xa9aa7777, L:/127.0.0.1:63138 - R:localhost/127.0.0.1:21843] for POST '/session/d1bb19133fd39050ad19888525ebafde/url'
07:31:31.334 [AsyncHttpClient-1-1] DEBUG org.asynchttpclient.netty.channel.DefaultChannelPool -- Entry count for : http://localhost:63139 : 1
07:31:32.227 [AsyncHttpClient-1-3] DEBUG org.asynchttpclient.netty.handler.HttpHandler -- 

Request DefaultHttpRequest(decodeResult: success, version: HTTP/1.1)
POST /session/d1bb19133fd39050ad19888525ebafde/url HTTP/1.1
User-Agent: selenium/4.12.0 (java windows)
Content-Length: 58
Content-Type: application/json; charset=utf-8
host: localhost:21843
accept: */*

Response DefaultHttpResponse(decodeResult: success, version: HTTP/1.1)
HTTP/1.1 200 OK
Content-Length: 14
Content-Type: application/json; charset=utf-8
cache-control: no-cache

07:31:32.227 [AsyncHttpClient-1-3] DEBUG org.asynchttpclient.netty.channel.ChannelManager -- Adding key: http://localhost:21843 for channel [id: 0xa9aa7777, L:/127.0.0.1:63138 - R:localhost/127.0.0.1:21843]
07:31:32.232 [Forwarding findElement on session d1bb19133fd39050ad19888525ebafde to remote] DEBUG org.asynchttpclient.netty.request.NettyRequestSender -- Using pooled Channel '[id: 0xa9aa7777, L:/127.0.0.1:63138 - R:localhost/127.0.0.1:21843]' for 'POST' to 'http://localhost:21843/session/d1bb19133fd39050ad19888525ebafde/element'
07:31:32.232 [Forwarding findElement on session d1bb19133fd39050ad19888525ebafde to remote] DEBUG org.asynchttpclient.netty.request.NettyRequestSender -- Using open Channel [id: 0xa9aa7777, L:/127.0.0.1:63138 - R:localhost/127.0.0.1:21843] for POST '/session/d1bb19133fd39050ad19888525ebafde/element'
07:31:32.252 [AsyncHttpClient-1-3] DEBUG org.asynchttpclient.netty.handler.HttpHandler -- 

Request DefaultHttpRequest(decodeResult: success, version: HTTP/1.1)
POST /session/d1bb19133fd39050ad19888525ebafde/element HTTP/1.1
User-Agent: selenium/4.12.0 (java windows)
Content-Length: 49
Content-Type: application/json; charset=utf-8
host: localhost:21843
accept: */*

Response DefaultHttpResponse(decodeResult: success, version: HTTP/1.1)
HTTP/1.1 200 OK
Content-Length: 126
Content-Type: application/json; charset=utf-8
cache-control: no-cache

07:31:32.252 [AsyncHttpClient-1-3] DEBUG org.asynchttpclient.netty.channel.ChannelManager -- Adding key: http://localhost:21843 for channel [id: 0xa9aa7777, L:/127.0.0.1:63138 - R:localhost/127.0.0.1:21843]
07:31:32.253 [Forwarding clickElement on session d1bb19133fd39050ad19888525ebafde to remote] DEBUG org.asynchttpclient.netty.request.NettyRequestSender -- Using pooled Channel '[id: 0xa9aa7777, L:/127.0.0.1:63138 - R:localhost/127.0.0.1:21843]' for 'POST' to 'http://localhost:21843/session/d1bb19133fd39050ad19888525ebafde/element/f.B397281BF44D3382D8135DCD9DB65B60.d.CE7BE4A8B41DED40F9F26E199AB1CAB5.e.12/click'
07:31:32.253 [Forwarding clickElement on session d1bb19133fd39050ad19888525ebafde to remote] DEBUG org.asynchttpclient.netty.request.NettyRequestSender -- Using open Channel [id: 0xa9aa7777, L:/127.0.0.1:63138 - R:localhost/127.0.0.1:21843] for POST '/session/d1bb19133fd39050ad19888525ebafde/element/f.B397281BF44D3382D8135DCD9DB65B60.d.CE7BE4A8B41DED40F9F26E199AB1CAB5.e.12/click'
07:31:32.375 [AsyncHttpClient-1-3] DEBUG org.asynchttpclient.netty.handler.HttpHandler -- 

Request DefaultHttpRequest(decodeResult: success, version: HTTP/1.1)
POST /session/d1bb19133fd39050ad19888525ebafde/element/f.B397281BF44D3382D8135DCD9DB65B60.d.CE7BE4A8B41DED40F9F26E199AB1CAB5.e.12/click HTTP/1.1
User-Agent: selenium/4.12.0 (java windows)
Content-Length: 88
Content-Type: application/json; charset=utf-8
host: localhost:21843
accept: */*

Response DefaultHttpResponse(decodeResult: success, version: HTTP/1.1)
HTTP/1.1 200 OK
Content-Length: 14
Content-Type: application/json; charset=utf-8
cache-control: no-cache

07:31:32.375 [AsyncHttpClient-1-3] DEBUG org.asynchttpclient.netty.channel.ChannelManager -- Adding key: http://localhost:21843 for channel [id: 0xa9aa7777, L:/127.0.0.1:63138 - R:localhost/127.0.0.1:21843]
07:31:32.376 [Forwarding findElement on session d1bb19133fd39050ad19888525ebafde to remote] DEBUG org.asynchttpclient.netty.request.NettyRequestSender -- Using pooled Channel '[id: 0xa9aa7777, L:/127.0.0.1:63138 - R:localhost/127.0.0.1:21843]' for 'POST' to 'http://localhost:21843/session/d1bb19133fd39050ad19888525ebafde/element'
07:31:32.376 [Forwarding findElement on session d1bb19133fd39050ad19888525ebafde to remote] DEBUG org.asynchttpclient.netty.request.NettyRequestSender -- Using open Channel [id: 0xa9aa7777, L:/127.0.0.1:63138 - R:localhost/127.0.0.1:21843] for POST '/session/d1bb19133fd39050ad19888525ebafde/element'
07:31:32.391 [AsyncHttpClient-1-3] DEBUG org.asynchttpclient.netty.handler.HttpHandler -- 

Request DefaultHttpRequest(decodeResult: success, version: HTTP/1.1)
POST /session/d1bb19133fd39050ad19888525ebafde/element HTTP/1.1
User-Agent: selenium/4.12.0 (java windows)
Content-Length: 53
Content-Type: application/json; charset=utf-8
host: localhost:21843
accept: */*

Response DefaultHttpResponse(decodeResult: success, version: HTTP/1.1)
HTTP/1.1 200 OK
Content-Length: 126
Content-Type: application/json; charset=utf-8
cache-control: no-cache

07:31:32.391 [AsyncHttpClient-1-3] DEBUG org.asynchttpclient.netty.channel.ChannelManager -- Adding key: http://localhost:21843 for channel [id: 0xa9aa7777, L:/127.0.0.1:63138 - R:localhost/127.0.0.1:21843]
07:31:32.392 [Forwarding sendKeysToElement on session d1bb19133fd39050ad19888525ebafde to remote] DEBUG org.asynchttpclient.netty.request.NettyRequestSender -- Using pooled Channel '[id: 0xa9aa7777, L:/127.0.0.1:63138 - R:localhost/127.0.0.1:21843]' for 'POST' to 'http://localhost:21843/session/d1bb19133fd39050ad19888525ebafde/element/f.B397281BF44D3382D8135DCD9DB65B60.d.CE7BE4A8B41DED40F9F26E199AB1CAB5.e.26/value'
07:31:32.393 [Forwarding sendKeysToElement on session d1bb19133fd39050ad19888525ebafde to remote] DEBUG org.asynchttpclient.netty.request.NettyRequestSender -- Using open Channel [id: 0xa9aa7777, L:/127.0.0.1:63138 - R:localhost/127.0.0.1:21843] for POST '/session/d1bb19133fd39050ad19888525ebafde/element/f.B397281BF44D3382D8135DCD9DB65B60.d.CE7BE4A8B41DED40F9F26E199AB1CAB5.e.26/value'
07:31:32.432 [AsyncHttpClient-1-1] DEBUG org.asynchttpclient.netty.channel.DefaultChannelPool -- Entry count for : http://localhost:63139 : 1
07:31:32.524 [AsyncHttpClient-1-3] DEBUG org.asynchttpclient.netty.handler.HttpHandler -- 

Request DefaultHttpRequest(decodeResult: success, version: HTTP/1.1)
POST /session/d1bb19133fd39050ad19888525ebafde/element/f.B397281BF44D3382D8135DCD9DB65B60.d.CE7BE4A8B41DED40F9F26E199AB1CAB5.e.26/value HTTP/1.1
User-Agent: selenium/4.12.0 (java windows)
Content-Length: 229
Content-Type: application/json; charset=utf-8
host: localhost:21843
accept: */*

Response DefaultHttpResponse(decodeResult: success, version: HTTP/1.1)
HTTP/1.1 200 OK
Content-Length: 14
Content-Type: application/json; charset=utf-8
cache-control: no-cache

07:31:32.524 [AsyncHttpClient-1-3] DEBUG org.asynchttpclient.netty.channel.ChannelManager -- Adding key: http://localhost:21843 for channel [id: 0xa9aa7777, L:/127.0.0.1:63138 - R:localhost/127.0.0.1:21843]
07:31:32.525 [Forwarding findElement on session d1bb19133fd39050ad19888525ebafde to remote] DEBUG org.asynchttpclient.netty.request.NettyRequestSender -- Using pooled Channel '[id: 0xa9aa7777, L:/127.0.0.1:63138 - R:localhost/127.0.0.1:21843]' for 'POST' to 'http://localhost:21843/session/d1bb19133fd39050ad19888525ebafde/element'
07:31:32.525 [Forwarding findElement on session d1bb19133fd39050ad19888525ebafde to remote] DEBUG org.asynchttpclient.netty.request.NettyRequestSender -- Using open Channel [id: 0xa9aa7777, L:/127.0.0.1:63138 - R:localhost/127.0.0.1:21843] for POST '/session/d1bb19133fd39050ad19888525ebafde/element'
07:31:32.537 [AsyncHttpClient-1-3] DEBUG org.asynchttpclient.netty.handler.HttpHandler -- 

Request DefaultHttpRequest(decodeResult: success, version: HTTP/1.1)
POST /session/d1bb19133fd39050ad19888525ebafde/element HTTP/1.1
User-Agent: selenium/4.12.0 (java windows)
Content-Length: 54
Content-Type: application/json; charset=utf-8
host: localhost:21843
accept: */*

Response DefaultHttpResponse(decodeResult: success, version: HTTP/1.1)
HTTP/1.1 200 OK
Content-Length: 126
Content-Type: application/json; charset=utf-8
cache-control: no-cache

07:31:32.537 [AsyncHttpClient-1-3] DEBUG org.asynchttpclient.netty.channel.ChannelManager -- Adding key: http://localhost:21843 for channel [id: 0xa9aa7777, L:/127.0.0.1:63138 - R:localhost/127.0.0.1:21843]
07:31:32.538 [Forwarding sendKeysToElement on session d1bb19133fd39050ad19888525ebafde to remote] DEBUG org.asynchttpclient.netty.request.NettyRequestSender -- Using pooled Channel '[id: 0xa9aa7777, L:/127.0.0.1:63138 - R:localhost/127.0.0.1:21843]' for 'POST' to 'http://localhost:21843/session/d1bb19133fd39050ad19888525ebafde/element/f.B397281BF44D3382D8135DCD9DB65B60.d.CE7BE4A8B41DED40F9F26E199AB1CAB5.e.29/value'
07:31:32.538 [Forwarding sendKeysToElement on session d1bb19133fd39050ad19888525ebafde to remote] DEBUG org.asynchttpclient.netty.request.NettyRequestSender -- Using open Channel [id: 0xa9aa7777, L:/127.0.0.1:63138 - R:localhost/127.0.0.1:21843] for POST '/session/d1bb19133fd39050ad19888525ebafde/element/f.B397281BF44D3382D8135DCD9DB65B60.d.CE7BE4A8B41DED40F9F26E199AB1CAB5.e.29/value'
07:31:32.595 [AsyncHttpClient-1-3] DEBUG org.asynchttpclient.netty.handler.HttpHandler -- 

Request DefaultHttpRequest(decodeResult: success, version: HTTP/1.1)
POST /session/d1bb19133fd39050ad19888525ebafde/element/f.B397281BF44D3382D8135DCD9DB65B60.d.CE7BE4A8B41DED40F9F26E199AB1CAB5.e.29/value HTTP/1.1
User-Agent: selenium/4.12.0 (java windows)
Content-Length: 159
Content-Type: application/json; charset=utf-8
host: localhost:21843
accept: */*

Response DefaultHttpResponse(decodeResult: success, version: HTTP/1.1)
HTTP/1.1 200 OK
Content-Length: 14
Content-Type: application/json; charset=utf-8
cache-control: no-cache

07:31:32.595 [AsyncHttpClient-1-3] DEBUG org.asynchttpclient.netty.channel.ChannelManager -- Adding key: http://localhost:21843 for channel [id: 0xa9aa7777, L:/127.0.0.1:63138 - R:localhost/127.0.0.1:21843]
07:31:32.597 [Forwarding findElement on session d1bb19133fd39050ad19888525ebafde to remote] DEBUG org.asynchttpclient.netty.request.NettyRequestSender -- Using pooled Channel '[id: 0xa9aa7777, L:/127.0.0.1:63138 - R:localhost/127.0.0.1:21843]' for 'POST' to 'http://localhost:21843/session/d1bb19133fd39050ad19888525ebafde/element'
07:31:32.597 [Forwarding findElement on session d1bb19133fd39050ad19888525ebafde to remote] DEBUG org.asynchttpclient.netty.request.NettyRequestSender -- Using open Channel [id: 0xa9aa7777, L:/127.0.0.1:63138 - R:localhost/127.0.0.1:21843] for POST '/session/d1bb19133fd39050ad19888525ebafde/element'
07:31:32.610 [AsyncHttpClient-1-3] DEBUG org.asynchttpclient.netty.handler.HttpHandler -- 

Request DefaultHttpRequest(decodeResult: success, version: HTTP/1.1)
POST /session/d1bb19133fd39050ad19888525ebafde/element HTTP/1.1
User-Agent: selenium/4.12.0 (java windows)
Content-Length: 53
Content-Type: application/json; charset=utf-8
host: localhost:21843
accept: */*

Response DefaultHttpResponse(decodeResult: success, version: HTTP/1.1)
HTTP/1.1 200 OK
Content-Length: 126
Content-Type: application/json; charset=utf-8
cache-control: no-cache

07:31:32.610 [AsyncHttpClient-1-3] DEBUG org.asynchttpclient.netty.channel.ChannelManager -- Adding key: http://localhost:21843 for channel [id: 0xa9aa7777, L:/127.0.0.1:63138 - R:localhost/127.0.0.1:21843]
07:31:32.611 [Forwarding sendKeysToElement on session d1bb19133fd39050ad19888525ebafde to remote] DEBUG org.asynchttpclient.netty.request.NettyRequestSender -- Using pooled Channel '[id: 0xa9aa7777, L:/127.0.0.1:63138 - R:localhost/127.0.0.1:21843]' for 'POST' to 'http://localhost:21843/session/d1bb19133fd39050ad19888525ebafde/element/f.B397281BF44D3382D8135DCD9DB65B60.d.CE7BE4A8B41DED40F9F26E199AB1CAB5.e.30/value'
07:31:32.611 [Forwarding sendKeysToElement on session d1bb19133fd39050ad19888525ebafde to remote] DEBUG org.asynchttpclient.netty.request.NettyRequestSender -- Using open Channel [id: 0xa9aa7777, L:/127.0.0.1:63138 - R:localhost/127.0.0.1:21843] for POST '/session/d1bb19133fd39050ad19888525ebafde/element/f.B397281BF44D3382D8135DCD9DB65B60.d.CE7BE4A8B41DED40F9F26E199AB1CAB5.e.30/value'
07:31:32.670 [AsyncHttpClient-1-3] DEBUG org.asynchttpclient.netty.handler.HttpHandler -- 

Request DefaultHttpRequest(decodeResult: success, version: HTTP/1.1)
POST /session/d1bb19133fd39050ad19888525ebafde/element/f.B397281BF44D3382D8135DCD9DB65B60.d.CE7BE4A8B41DED40F9F26E199AB1CAB5.e.30/value HTTP/1.1
User-Agent: selenium/4.12.0 (java windows)
Content-Length: 199
Content-Type: application/json; charset=utf-8
host: localhost:21843
accept: */*

Response DefaultHttpResponse(decodeResult: success, version: HTTP/1.1)
HTTP/1.1 200 OK
Content-Length: 14
Content-Type: application/json; charset=utf-8
cache-control: no-cache

07:31:32.670 [AsyncHttpClient-1-3] DEBUG org.asynchttpclient.netty.channel.ChannelManager -- Adding key: http://localhost:21843 for channel [id: 0xa9aa7777, L:/127.0.0.1:63138 - R:localhost/127.0.0.1:21843]
07:31:32.671 [Forwarding findElement on session d1bb19133fd39050ad19888525ebafde to remote] DEBUG org.asynchttpclient.netty.request.NettyRequestSender -- Using pooled Channel '[id: 0xa9aa7777, L:/127.0.0.1:63138 - R:localhost/127.0.0.1:21843]' for 'POST' to 'http://localhost:21843/session/d1bb19133fd39050ad19888525ebafde/element'
07:31:32.671 [Forwarding findElement on session d1bb19133fd39050ad19888525ebafde to remote] DEBUG org.asynchttpclient.netty.request.NettyRequestSender -- Using open Channel [id: 0xa9aa7777, L:/127.0.0.1:63138 - R:localhost/127.0.0.1:21843] for POST '/session/d1bb19133fd39050ad19888525ebafde/element'
07:31:32.685 [AsyncHttpClient-1-3] DEBUG org.asynchttpclient.netty.handler.HttpHandler -- 

Request DefaultHttpRequest(decodeResult: success, version: HTTP/1.1)
POST /session/d1bb19133fd39050ad19888525ebafde/element HTTP/1.1
User-Agent: selenium/4.12.0 (java windows)
Content-Length: 53
Content-Type: application/json; charset=utf-8
host: localhost:21843
accept: */*

Response DefaultHttpResponse(decodeResult: success, version: HTTP/1.1)
HTTP/1.1 200 OK
Content-Length: 126
Content-Type: application/json; charset=utf-8
cache-control: no-cache

07:31:32.685 [AsyncHttpClient-1-3] DEBUG org.asynchttpclient.netty.channel.ChannelManager -- Adding key: http://localhost:21843 for channel [id: 0xa9aa7777, L:/127.0.0.1:63138 - R:localhost/127.0.0.1:21843]
07:31:32.686 [Forwarding sendKeysToElement on session d1bb19133fd39050ad19888525ebafde to remote] DEBUG org.asynchttpclient.netty.request.NettyRequestSender -- Using pooled Channel '[id: 0xa9aa7777, L:/127.0.0.1:63138 - R:localhost/127.0.0.1:21843]' for 'POST' to 'http://localhost:21843/session/d1bb19133fd39050ad19888525ebafde/element/f.B397281BF44D3382D8135DCD9DB65B60.d.CE7BE4A8B41DED40F9F26E199AB1CAB5.e.15/value'
07:31:32.686 [Forwarding sendKeysToElement on session d1bb19133fd39050ad19888525ebafde to remote] DEBUG org.asynchttpclient.netty.request.NettyRequestSender -- Using open Channel [id: 0xa9aa7777, L:/127.0.0.1:63138 - R:localhost/127.0.0.1:21843] for POST '/session/d1bb19133fd39050ad19888525ebafde/element/f.B397281BF44D3382D8135DCD9DB65B60.d.CE7BE4A8B41DED40F9F26E199AB1CAB5.e.15/value'
07:31:32.735 [AsyncHttpClient-1-3] DEBUG org.asynchttpclient.netty.handler.HttpHandler -- 

Request DefaultHttpRequest(decodeResult: success, version: HTTP/1.1)
POST /session/d1bb19133fd39050ad19888525ebafde/element/f.B397281BF44D3382D8135DCD9DB65B60.d.CE7BE4A8B41DED40F9F26E199AB1CAB5.e.15/value HTTP/1.1
User-Agent: selenium/4.12.0 (java windows)
Content-Length: 149
Content-Type: application/json; charset=utf-8
host: localhost:21843
accept: */*

Response DefaultHttpResponse(decodeResult: success, version: HTTP/1.1)
HTTP/1.1 200 OK
Content-Length: 14
Content-Type: application/json; charset=utf-8
cache-control: no-cache

07:31:32.736 [AsyncHttpClient-1-3] DEBUG org.asynchttpclient.netty.channel.ChannelManager -- Adding key: http://localhost:21843 for channel [id: 0xa9aa7777, L:/127.0.0.1:63138 - R:localhost/127.0.0.1:21843]
07:31:32.736 [Forwarding findElement on session d1bb19133fd39050ad19888525ebafde to remote] DEBUG org.asynchttpclient.netty.request.NettyRequestSender -- Using pooled Channel '[id: 0xa9aa7777, L:/127.0.0.1:63138 - R:localhost/127.0.0.1:21843]' for 'POST' to 'http://localhost:21843/session/d1bb19133fd39050ad19888525ebafde/element'
07:31:32.737 [Forwarding findElement on session d1bb19133fd39050ad19888525ebafde to remote] DEBUG org.asynchttpclient.netty.request.NettyRequestSender -- Using open Channel [id: 0xa9aa7777, L:/127.0.0.1:63138 - R:localhost/127.0.0.1:21843] for POST '/session/d1bb19133fd39050ad19888525ebafde/element'
07:31:32.752 [AsyncHttpClient-1-3] DEBUG org.asynchttpclient.netty.handler.HttpHandler -- 

Request DefaultHttpRequest(decodeResult: success, version: HTTP/1.1)
POST /session/d1bb19133fd39050ad19888525ebafde/element HTTP/1.1
User-Agent: selenium/4.12.0 (java windows)
Content-Length: 60
Content-Type: application/json; charset=utf-8
host: localhost:21843
accept: */*

Response DefaultHttpResponse(decodeResult: success, version: HTTP/1.1)
HTTP/1.1 200 OK
Content-Length: 126
Content-Type: application/json; charset=utf-8
cache-control: no-cache

07:31:32.752 [AsyncHttpClient-1-3] DEBUG org.asynchttpclient.netty.channel.ChannelManager -- Adding key: http://localhost:21843 for channel [id: 0xa9aa7777, L:/127.0.0.1:63138 - R:localhost/127.0.0.1:21843]
07:31:32.754 [Forwarding sendKeysToElement on session d1bb19133fd39050ad19888525ebafde to remote] DEBUG org.asynchttpclient.netty.request.NettyRequestSender -- Using pooled Channel '[id: 0xa9aa7777, L:/127.0.0.1:63138 - R:localhost/127.0.0.1:21843]' for 'POST' to 'http://localhost:21843/session/d1bb19133fd39050ad19888525ebafde/element/f.B397281BF44D3382D8135DCD9DB65B60.d.CE7BE4A8B41DED40F9F26E199AB1CAB5.e.16/value'
07:31:32.754 [Forwarding sendKeysToElement on session d1bb19133fd39050ad19888525ebafde to remote] DEBUG org.asynchttpclient.netty.request.NettyRequestSender -- Using open Channel [id: 0xa9aa7777, L:/127.0.0.1:63138 - R:localhost/127.0.0.1:21843] for POST '/session/d1bb19133fd39050ad19888525ebafde/element/f.B397281BF44D3382D8135DCD9DB65B60.d.CE7BE4A8B41DED40F9F26E199AB1CAB5.e.16/value'
07:31:32.806 [AsyncHttpClient-1-3] DEBUG org.asynchttpclient.netty.handler.HttpHandler -- 

Request DefaultHttpRequest(decodeResult: success, version: HTTP/1.1)
POST /session/d1bb19133fd39050ad19888525ebafde/element/f.B397281BF44D3382D8135DCD9DB65B60.d.CE7BE4A8B41DED40F9F26E199AB1CAB5.e.16/value HTTP/1.1
User-Agent: selenium/4.12.0 (java windows)
Content-Length: 149
Content-Type: application/json; charset=utf-8
host: localhost:21843
accept: */*

Response DefaultHttpResponse(decodeResult: success, version: HTTP/1.1)
HTTP/1.1 200 OK
Content-Length: 14
Content-Type: application/json; charset=utf-8
cache-control: no-cache

07:31:32.806 [AsyncHttpClient-1-3] DEBUG org.asynchttpclient.netty.channel.ChannelManager -- Adding key: http://localhost:21843 for channel [id: 0xa9aa7777, L:/127.0.0.1:63138 - R:localhost/127.0.0.1:21843]
07:31:32.807 [Forwarding findElement on session d1bb19133fd39050ad19888525ebafde to remote] DEBUG org.asynchttpclient.netty.request.NettyRequestSender -- Using pooled Channel '[id: 0xa9aa7777, L:/127.0.0.1:63138 - R:localhost/127.0.0.1:21843]' for 'POST' to 'http://localhost:21843/session/d1bb19133fd39050ad19888525ebafde/element'
07:31:32.807 [Forwarding findElement on session d1bb19133fd39050ad19888525ebafde to remote] DEBUG org.asynchttpclient.netty.request.NettyRequestSender -- Using open Channel [id: 0xa9aa7777, L:/127.0.0.1:63138 - R:localhost/127.0.0.1:21843] for POST '/session/d1bb19133fd39050ad19888525ebafde/element'
07:31:32.820 [AsyncHttpClient-1-3] DEBUG org.asynchttpclient.netty.handler.HttpHandler -- 

Request DefaultHttpRequest(decodeResult: success, version: HTTP/1.1)
POST /session/d1bb19133fd39050ad19888525ebafde/element HTTP/1.1
User-Agent: selenium/4.12.0 (java windows)
Content-Length: 65
Content-Type: application/json; charset=utf-8
host: localhost:21843
accept: */*

Response DefaultHttpResponse(decodeResult: success, version: HTTP/1.1)
HTTP/1.1 200 OK
Content-Length: 125
Content-Type: application/json; charset=utf-8
cache-control: no-cache

07:31:32.821 [AsyncHttpClient-1-3] DEBUG org.asynchttpclient.netty.channel.ChannelManager -- Adding key: http://localhost:21843 for channel [id: 0xa9aa7777, L:/127.0.0.1:63138 - R:localhost/127.0.0.1:21843]
07:31:32.822 [Forwarding clickElement on session d1bb19133fd39050ad19888525ebafde to remote] DEBUG org.asynchttpclient.netty.request.NettyRequestSender -- Using pooled Channel '[id: 0xa9aa7777, L:/127.0.0.1:63138 - R:localhost/127.0.0.1:21843]' for 'POST' to 'http://localhost:21843/session/d1bb19133fd39050ad19888525ebafde/element/f.B397281BF44D3382D8135DCD9DB65B60.d.CE7BE4A8B41DED40F9F26E199AB1CAB5.e.7/click'
07:31:32.822 [Forwarding clickElement on session d1bb19133fd39050ad19888525ebafde to remote] DEBUG org.asynchttpclient.netty.request.NettyRequestSender -- Using open Channel [id: 0xa9aa7777, L:/127.0.0.1:63138 - R:localhost/127.0.0.1:21843] for POST '/session/d1bb19133fd39050ad19888525ebafde/element/f.B397281BF44D3382D8135DCD9DB65B60.d.CE7BE4A8B41DED40F9F26E199AB1CAB5.e.7/click'
07:31:32.892 [AsyncHttpClient-1-3] DEBUG org.asynchttpclient.netty.handler.HttpHandler -- 

Request DefaultHttpRequest(decodeResult: success, version: HTTP/1.1)
POST /session/d1bb19133fd39050ad19888525ebafde/element/f.B397281BF44D3382D8135DCD9DB65B60.d.CE7BE4A8B41DED40F9F26E199AB1CAB5.e.7/click HTTP/1.1
User-Agent: selenium/4.12.0 (java windows)
Content-Length: 87
Content-Type: application/json; charset=utf-8
host: localhost:21843
accept: */*

Response DefaultHttpResponse(decodeResult: success, version: HTTP/1.1)
HTTP/1.1 200 OK
Content-Length: 14
Content-Type: application/json; charset=utf-8
cache-control: no-cache

07:31:32.893 [AsyncHttpClient-1-3] DEBUG org.asynchttpclient.netty.channel.ChannelManager -- Adding key: http://localhost:21843 for channel [id: 0xa9aa7777, L:/127.0.0.1:63138 - R:localhost/127.0.0.1:21843]
07:31:32.894 [Forwarding getPageSource on session d1bb19133fd39050ad19888525ebafde to remote] DEBUG org.asynchttpclient.netty.request.NettyRequestSender -- Using pooled Channel '[id: 0xa9aa7777, L:/127.0.0.1:63138 - R:localhost/127.0.0.1:21843]' for 'POST' to 'http://localhost:21843/session/d1bb19133fd39050ad19888525ebafde/execute/sync'
07:31:32.894 [Forwarding getPageSource on session d1bb19133fd39050ad19888525ebafde to remote] DEBUG org.asynchttpclient.netty.request.NettyRequestSender -- Using open Channel [id: 0xa9aa7777, L:/127.0.0.1:63138 - R:localhost/127.0.0.1:21843] for POST '/session/d1bb19133fd39050ad19888525ebafde/execute/sync'
07:31:32.913 [AsyncHttpClient-1-3] DEBUG org.asynchttpclient.netty.handler.HttpHandler -- 

Request DefaultHttpRequest(decodeResult: success, version: HTTP/1.1)
POST /session/d1bb19133fd39050ad19888525ebafde/execute/sync HTTP/1.1
User-Agent: selenium/4.12.0 (java windows)
Content-Length: 176
Content-Type: application/json; charset=utf-8
host: localhost:21843
accept: */*

Response DefaultHttpResponse(decodeResult: success, version: HTTP/1.1)
HTTP/1.1 200 OK
Content-Length: 7571
Content-Type: application/json; charset=utf-8
cache-control: no-cache

07:31:32.915 [AsyncHttpClient-1-3] DEBUG org.asynchttpclient.netty.channel.ChannelManager -- Adding key: http://localhost:21843 for channel [id: 0xa9aa7777, L:/127.0.0.1:63138 - R:localhost/127.0.0.1:21843]
]]></system-out>
    <system-err><![CDATA[Jan 03, 2025 7:31:31 AM org.openqa.selenium.devtools.CdpVersionFinder findNearestMatch
WARNING: Unable to find CDP implementation matching 131
Jan 03, 2025 7:31:31 AM org.openqa.selenium.chromium.ChromiumDriver lambda$new$5
WARNING: Unable to find version of CDP to use for 131.0.6778.205. You may need to include a dependency on a specific version of the CDP using something similar to `org.seleniumhq.selenium:selenium-devtools-v86:4.12.0` where the version ("v86") matches the version of the chromium-based browser you're using and the version number of the artifact is the same as Selenium's.
]]></system-err>
  </testcase>
</testsuite>