<?xml version="1.0" encoding="UTF-8"?>
<testsuite xmlns:xsi="http://www.w3.org/2001/XMLSchema-instance" xsi:noNamespaceSchemaLocation="https://maven.apache.org/surefire/maven-surefire-plugin/xsd/surefire-test-report-3.0.xsd" version="3.0" name="TestSuite" time="47.373" tests="29" errors="0" skipped="0" failures="20">
  <properties>
    <property name="java.specification.version" value="17"/>
    <property name="webdriver.chrome.driver" value="C:\Users\sasitharan\.cache\selenium\chromedriver\win64\131.0.6778.204\chromedriver.exe"/>
    <property name="sun.cpu.isalist" value="amd64"/>
    <property name="sun.jnu.encoding" value="Cp1252"/>
    <property name="java.class.path" value="H:\Group_01_GitRepository\target\test-classes;H:\Group_01_GitRepository\target\classes;C:\Users\sasitharan\.m2\repository\io\rest-assured\rest-assured\5.4.0\rest-assured-5.4.0.jar;C:\Users\sasitharan\.m2\repository\org\apache\groovy\groovy\4.0.16\groovy-4.0.16.jar;C:\Users\sasitharan\.m2\repository\org\apache\groovy\groovy-xml\4.0.16\groovy-xml-4.0.16.jar;C:\Users\sasitharan\.m2\repository\org\apache\httpcomponents\httpclient\4.5.13\httpclient-4.5.13.jar;C:\Users\sasitharan\.m2\repository\org\apache\httpcomponents\httpcore\4.4.13\httpcore-4.4.13.jar;C:\Users\sasitharan\.m2\repository\commons-logging\commons-logging\1.2\commons-logging-1.2.jar;C:\Users\sasitharan\.m2\repository\commons-codec\commons-codec\1.11\commons-codec-1.11.jar;C:\Users\sasitharan\.m2\repository\org\apache\httpcomponents\httpmime\4.5.13\httpmime-4.5.13.jar;C:\Users\sasitharan\.m2\repository\org\hamcrest\hamcrest\2.2\hamcrest-2.2.jar;C:\Users\sasitharan\.m2\repository\org\ccil\cowan\tagsoup\tagsoup\1.2.1\tagsoup-1.2.1.jar;C:\Users\sasitharan\.m2\repository\io\rest-assured\json-path\5.4.0\json-path-5.4.0.jar;C:\Users\sasitharan\.m2\repository\org\apache\groovy\groovy-json\4.0.16\groovy-json-4.0.16.jar;C:\Users\sasitharan\.m2\repository\io\rest-assured\rest-assured-common\5.4.0\rest-assured-common-5.4.0.jar;C:\Users\sasitharan\.m2\repository\io\rest-assured\xml-path\5.4.0\xml-path-5.4.0.jar;C:\Users\sasitharan\.m2\repository\ch\qos\logback\logback-classic\1.4.11\logback-classic-1.4.11.jar;C:\Users\sasitharan\.m2\repository\ch\qos\logback\logback-core\1.4.11\logback-core-1.4.11.jar;C:\Users\sasitharan\.m2\repository\org\slf4j\slf4j-api\2.0.7\slf4j-api-2.0.7.jar;C:\Users\sasitharan\.m2\repository\org\testng\testng\7.7.0\testng-7.7.0.jar;C:\Users\sasitharan\.m2\repository\com\beust\jcommander\1.82\jcommander-1.82.jar;C:\Users\sasitharan\.m2\repository\org\webjars\jquery\3.6.1\jquery-3.6.1.jar;C:\Users\sasitharan\.m2\repository\com\fasterxml\jackson\core\jackson-databind\2.15.2\jackson-databind-2.15.2.jar;C:\Users\sasitharan\.m2\repository\com\fasterxml\jackson\core\jackson-annotations\2.15.2\jackson-annotations-2.15.2.jar;C:\Users\sasitharan\.m2\repository\com\fasterxml\jackson\core\jackson-core\2.15.2\jackson-core-2.15.2.jar;C:\Users\sasitharan\.m2\repository\org\apache\logging\log4j\log4j-api\2.14.1\log4j-api-2.14.1.jar;C:\Users\sasitharan\.m2\repository\org\apache\httpcomponents\client5\httpclient5\5.2.1\httpclient5-5.2.1.jar;C:\Users\sasitharan\.m2\repository\org\apache\httpcomponents\core5\httpcore5\5.2\httpcore5-5.2.jar;C:\Users\sasitharan\.m2\repository\org\apache\httpcomponents\core5\httpcore5-h2\5.2\httpcore5-h2-5.2.jar;C:\Users\sasitharan\.m2\repository\org\seleniumhq\selenium\selenium-java\4.12.0\selenium-java-4.12.0.jar;C:\Users\sasitharan\.m2\repository\org\seleniumhq\selenium\selenium-api\4.12.0\selenium-api-4.12.0.jar;C:\Users\sasitharan\.m2\repository\org\seleniumhq\selenium\selenium-chrome-driver\4.12.0\selenium-chrome-driver-4.12.0.jar;C:\Users\sasitharan\.m2\repository\com\google\auto\service\auto-service-annotations\1.1.1\auto-service-annotations-1.1.1.jar;C:\Users\sasitharan\.m2\repository\com\google\guava\guava\32.1.2-jre\guava-32.1.2-jre.jar;C:\Users\sasitharan\.m2\repository\com\google\guava\failureaccess\1.0.1\failureaccess-1.0.1.jar;C:\Users\sasitharan\.m2\repository\com\google\guava\listenablefuture\9999.0-empty-to-avoid-conflict-with-guava\listenablefuture-9999.0-empty-to-avoid-conflict-with-guava.jar;C:\Users\sasitharan\.m2\repository\com\google\code\findbugs\jsr305\3.0.2\jsr305-3.0.2.jar;C:\Users\sasitharan\.m2\repository\org\checkerframework\checker-qual\3.33.0\checker-qual-3.33.0.jar;C:\Users\sasitharan\.m2\repository\com\google\errorprone\error_prone_annotations\2.18.0\error_prone_annotations-2.18.0.jar;C:\Users\sasitharan\.m2\repository\com\google\j2objc\j2objc-annotations\2.8\j2objc-annotations-2.8.jar;C:\Users\sasitharan\.m2\repository\org\seleniumhq\selenium\selenium-chromium-driver\4.12.0\selenium-chromium-driver-4.12.0.jar;C:\Users\sasitharan\.m2\repository\org\seleniumhq\selenium\selenium-json\4.12.0\selenium-json-4.12.0.jar;C:\Users\sasitharan\.m2\repository\org\seleniumhq\selenium\selenium-manager\4.12.0\selenium-manager-4.12.0.jar;C:\Users\sasitharan\.m2\repository\org\seleniumhq\selenium\selenium-devtools-v114\4.12.0\selenium-devtools-v114-4.12.0.jar;C:\Users\sasitharan\.m2\repository\org\seleniumhq\selenium\selenium-devtools-v115\4.12.0\selenium-devtools-v115-4.12.0.jar;C:\Users\sasitharan\.m2\repository\org\seleniumhq\selenium\selenium-devtools-v116\4.12.0\selenium-devtools-v116-4.12.0.jar;C:\Users\sasitharan\.m2\repository\org\seleniumhq\selenium\selenium-devtools-v85\4.12.0\selenium-devtools-v85-4.12.0.jar;C:\Users\sasitharan\.m2\repository\org\seleniumhq\selenium\selenium-edge-driver\4.12.0\selenium-edge-driver-4.12.0.jar;C:\Users\sasitharan\.m2\repository\org\seleniumhq\selenium\selenium-firefox-driver\4.12.0\selenium-firefox-driver-4.12.0.jar;C:\Users\sasitharan\.m2\repository\org\seleniumhq\selenium\selenium-http\4.12.0\selenium-http-4.12.0.jar;C:\Users\sasitharan\.m2\repository\dev\failsafe\failsafe\3.3.2\failsafe-3.3.2.jar;C:\Users\sasitharan\.m2\repository\org\seleniumhq\selenium\selenium-ie-driver\4.12.0\selenium-ie-driver-4.12.0.jar;C:\Users\sasitharan\.m2\repository\org\seleniumhq\selenium\selenium-remote-driver\4.12.0\selenium-remote-driver-4.12.0.jar;C:\Users\sasitharan\.m2\repository\io\netty\netty-buffer\4.1.96.Final\netty-buffer-4.1.96.Final.jar;C:\Users\sasitharan\.m2\repository\io\netty\netty-codec-http\4.1.96.Final\netty-codec-http-4.1.96.Final.jar;C:\Users\sasitharan\.m2\repository\io\netty\netty-codec\4.1.96.Final\netty-codec-4.1.96.Final.jar;C:\Users\sasitharan\.m2\repository\io\netty\netty-handler\4.1.96.Final\netty-handler-4.1.96.Final.jar;C:\Users\sasitharan\.m2\repository\io\netty\netty-common\4.1.96.Final\netty-common-4.1.96.Final.jar;C:\Users\sasitharan\.m2\repository\io\netty\netty-transport-classes-epoll\4.1.96.Final\netty-transport-classes-epoll-4.1.96.Final.jar;C:\Users\sasitharan\.m2\repository\io\netty\netty-transport-classes-kqueue\4.1.96.Final\netty-transport-classes-kqueue-4.1.96.Final.jar;C:\Users\sasitharan\.m2\repository\io\netty\netty-transport-native-epoll\4.1.96.Final\netty-transport-native-epoll-4.1.96.Final.jar;C:\Users\sasitharan\.m2\repository\io\netty\netty-transport-native-kqueue\4.1.96.Final\netty-transport-native-kqueue-4.1.96.Final.jar;C:\Users\sasitharan\.m2\repository\io\netty\netty-transport-native-unix-common\4.1.96.Final\netty-transport-native-unix-common-4.1.96.Final.jar;C:\Users\sasitharan\.m2\repository\io\netty\netty-transport\4.1.96.Final\netty-transport-4.1.96.Final.jar;C:\Users\sasitharan\.m2\repository\io\netty\netty-resolver\4.1.96.Final\netty-resolver-4.1.96.Final.jar;C:\Users\sasitharan\.m2\repository\io\opentelemetry\opentelemetry-api\1.28.0\opentelemetry-api-1.28.0.jar;C:\Users\sasitharan\.m2\repository\io\opentelemetry\opentelemetry-context\1.28.0\opentelemetry-context-1.28.0.jar;C:\Users\sasitharan\.m2\repository\io\opentelemetry\opentelemetry-exporter-logging\1.28.0\opentelemetry-exporter-logging-1.28.0.jar;C:\Users\sasitharan\.m2\repository\io\opentelemetry\opentelemetry-sdk-metrics\1.28.0\opentelemetry-sdk-metrics-1.28.0.jar;C:\Users\sasitharan\.m2\repository\io\opentelemetry\opentelemetry-extension-incubator\1.28.0-alpha\opentelemetry-extension-incubator-1.28.0-alpha.jar;C:\Users\sasitharan\.m2\repository\io\opentelemetry\opentelemetry-sdk-logs\1.28.0\opentelemetry-sdk-logs-1.28.0.jar;C:\Users\sasitharan\.m2\repository\io\opentelemetry\opentelemetry-sdk-common\1.28.0\opentelemetry-sdk-common-1.28.0.jar;C:\Users\sasitharan\.m2\repository\io\opentelemetry\opentelemetry-sdk-extension-autoconfigure-spi\1.28.0\opentelemetry-sdk-extension-autoconfigure-spi-1.28.0.jar;C:\Users\sasitharan\.m2\repository\io\opentelemetry\opentelemetry-sdk-extension-autoconfigure\1.28.0\opentelemetry-sdk-extension-autoconfigure-1.28.0.jar;C:\Users\sasitharan\.m2\repository\io\opentelemetry\opentelemetry-api-events\1.28.0-alpha\opentelemetry-api-events-1.28.0-alpha.jar;C:\Users\sasitharan\.m2\repository\io\opentelemetry\opentelemetry-sdk-trace\1.28.0\opentelemetry-sdk-trace-1.28.0.jar;C:\Users\sasitharan\.m2\repository\io\opentelemetry\opentelemetry-sdk\1.28.0\opentelemetry-sdk-1.28.0.jar;C:\Users\sasitharan\.m2\repository\io\opentelemetry\opentelemetry-semconv\1.28.0-alpha\opentelemetry-semconv-1.28.0-alpha.jar;C:\Users\sasitharan\.m2\repository\net\bytebuddy\byte-buddy\1.14.5\byte-buddy-1.14.5.jar;C:\Users\sasitharan\.m2\repository\org\asynchttpclient\async-http-client\2.12.3\async-http-client-2.12.3.jar;C:\Users\sasitharan\.m2\repository\org\asynchttpclient\async-http-client-netty-utils\2.12.3\async-http-client-netty-utils-2.12.3.jar;C:\Users\sasitharan\.m2\repository\io\netty\netty-codec-socks\4.1.60.Final\netty-codec-socks-4.1.60.Final.jar;C:\Users\sasitharan\.m2\repository\io\netty\netty-handler-proxy\4.1.60.Final\netty-handler-proxy-4.1.60.Final.jar;C:\Users\sasitharan\.m2\repository\io\netty\netty-transport-native-epoll\4.1.60.Final\netty-transport-native-epoll-4.1.60.Final-linux-x86_64.jar;C:\Users\sasitharan\.m2\repository\io\netty\netty-transport-native-kqueue\4.1.60.Final\netty-transport-native-kqueue-4.1.60.Final-osx-x86_64.jar;C:\Users\sasitharan\.m2\repository\org\reactivestreams\reactive-streams\1.0.3\reactive-streams-1.0.3.jar;C:\Users\sasitharan\.m2\repository\com\typesafe\netty\netty-reactive-streams\2.0.4\netty-reactive-streams-2.0.4.jar;C:\Users\sasitharan\.m2\repository\com\sun\activation\jakarta.activation\1.2.2\jakarta.activation-1.2.2.jar;C:\Users\sasitharan\.m2\repository\org\seleniumhq\selenium\selenium-os\4.12.0\selenium-os-4.12.0.jar;C:\Users\sasitharan\.m2\repository\org\apache\commons\commons-exec\1.3\commons-exec-1.3.jar;C:\Users\sasitharan\.m2\repository\org\seleniumhq\selenium\selenium-safari-driver\4.12.0\selenium-safari-driver-4.12.0.jar;C:\Users\sasitharan\.m2\repository\org\seleniumhq\selenium\selenium-support\4.12.0\selenium-support-4.12.0.jar;C:\Users\sasitharan\.m2\repository\io\github\bonigarcia\webdrivermanager\5.5.3\webdrivermanager-5.5.3.jar;C:\Users\sasitharan\.m2\repository\com\google\code\gson\gson\2.10.1\gson-2.10.1.jar;C:\Users\sasitharan\.m2\repository\com\github\docker-java\docker-java\3.3.3\docker-java-3.3.3.jar;C:\Users\sasitharan\.m2\repository\com\github\docker-java\docker-java-core\3.3.3\docker-java-core-3.3.3.jar;C:\Users\sasitharan\.m2\repository\com\github\docker-java\docker-java-api\3.3.3\docker-java-api-3.3.3.jar;C:\Users\sasitharan\.m2\repository\commons-io\commons-io\2.6\commons-io-2.6.jar;C:\Users\sasitharan\.m2\repository\org\apache\commons\commons-compress\1.21\commons-compress-1.21.jar;C:\Users\sasitharan\.m2\repository\org\bouncycastle\bcpkix-jdk18on\1.75\bcpkix-jdk18on-1.75.jar;C:\Users\sasitharan\.m2\repository\org\bouncycastle\bcprov-jdk18on\1.75\bcprov-jdk18on-1.75.jar;C:\Users\sasitharan\.m2\repository\org\bouncycastle\bcutil-jdk18on\1.75\bcutil-jdk18on-1.75.jar;C:\Users\sasitharan\.m2\repository\org\slf4j\jcl-over-slf4j\1.7.30\jcl-over-slf4j-1.7.30.jar;C:\Users\sasitharan\.m2\repository\com\github\docker-java\docker-java-transport-httpclient5\3.3.3\docker-java-transport-httpclient5-3.3.3.jar;C:\Users\sasitharan\.m2\repository\com\github\docker-java\docker-java-transport\3.3.3\docker-java-transport-3.3.3.jar;C:\Users\sasitharan\.m2\repository\net\java\dev\jna\jna\5.12.1\jna-5.12.1.jar;C:\Users\sasitharan\.m2\repository\org\brotli\dec\0.1.2\dec-0.1.2.jar;C:\Users\sasitharan\.m2\repository\org\apache\commons\commons-lang3\3.13.0\commons-lang3-3.13.0.jar;C:\Users\sasitharan\.m2\repository\io\qameta\allure\allure-testng\2.29.1\allure-testng-2.29.1.jar;C:\Users\sasitharan\.m2\repository\io\qameta\allure\allure-java-commons\2.29.1\allure-java-commons-2.29.1.jar;C:\Users\sasitharan\.m2\repository\io\qameta\allure\allure-model\2.29.1\allure-model-2.29.1.jar;C:\Users\sasitharan\.m2\repository\io\qameta\allure\allure-test-filter\2.29.1\allure-test-filter-2.29.1.jar;"/>
    <property name="java.vm.vendor" value="Oracle Corporation"/>
    <property name="sun.arch.data.model" value="64"/>
    <property name="user.variant" value=""/>
    <property name="java.vendor.url" value="https://java.oracle.com/"/>
    <property name="user.timezone" value="Asia/Colombo"/>
    <property name="os.name" value="Windows 11"/>
    <property name="java.vm.specification.version" value="17"/>
    <property name="sun.java.launcher" value="SUN_STANDARD"/>
    <property name="user.country" value="US"/>
    <property name="sun.boot.library.path" value="C:\Program Files\Java\jdk-17\bin"/>
    <property name="sun.java.command" value="C:\Users\sasitharan\AppData\Local\Temp\surefire7432303055623357741\surefirebooter-20250102142106166_3.jar C:\Users\sasitharan\AppData\Local\Temp\surefire7432303055623357741 2025-01-02T14-21-05_807-jvmRun1 surefire-20250102142106166_1tmp surefire_0-20250102142106166_2tmp"/>
    <property name="jdk.debug" value="release"/>
    <property name="surefire.test.class.path" value="H:\Group_01_GitRepository\target\test-classes;H:\Group_01_GitRepository\target\classes;C:\Users\sasitharan\.m2\repository\io\rest-assured\rest-assured\5.4.0\rest-assured-5.4.0.jar;C:\Users\sasitharan\.m2\repository\org\apache\groovy\groovy\4.0.16\groovy-4.0.16.jar;C:\Users\sasitharan\.m2\repository\org\apache\groovy\groovy-xml\4.0.16\groovy-xml-4.0.16.jar;C:\Users\sasitharan\.m2\repository\org\apache\httpcomponents\httpclient\4.5.13\httpclient-4.5.13.jar;C:\Users\sasitharan\.m2\repository\org\apache\httpcomponents\httpcore\4.4.13\httpcore-4.4.13.jar;C:\Users\sasitharan\.m2\repository\commons-logging\commons-logging\1.2\commons-logging-1.2.jar;C:\Users\sasitharan\.m2\repository\commons-codec\commons-codec\1.11\commons-codec-1.11.jar;C:\Users\sasitharan\.m2\repository\org\apache\httpcomponents\httpmime\4.5.13\httpmime-4.5.13.jar;C:\Users\sasitharan\.m2\repository\org\hamcrest\hamcrest\2.2\hamcrest-2.2.jar;C:\Users\sasitharan\.m2\repository\org\ccil\cowan\tagsoup\tagsoup\1.2.1\tagsoup-1.2.1.jar;C:\Users\sasitharan\.m2\repository\io\rest-assured\json-path\5.4.0\json-path-5.4.0.jar;C:\Users\sasitharan\.m2\repository\org\apache\groovy\groovy-json\4.0.16\groovy-json-4.0.16.jar;C:\Users\sasitharan\.m2\repository\io\rest-assured\rest-assured-common\5.4.0\rest-assured-common-5.4.0.jar;C:\Users\sasitharan\.m2\repository\io\rest-assured\xml-path\5.4.0\xml-path-5.4.0.jar;C:\Users\sasitharan\.m2\repository\ch\qos\logback\logback-classic\1.4.11\logback-classic-1.4.11.jar;C:\Users\sasitharan\.m2\repository\ch\qos\logback\logback-core\1.4.11\logback-core-1.4.11.jar;C:\Users\sasitharan\.m2\repository\org\slf4j\slf4j-api\2.0.7\slf4j-api-2.0.7.jar;C:\Users\sasitharan\.m2\repository\org\testng\testng\7.7.0\testng-7.7.0.jar;C:\Users\sasitharan\.m2\repository\com\beust\jcommander\1.82\jcommander-1.82.jar;C:\Users\sasitharan\.m2\repository\org\webjars\jquery\3.6.1\jquery-3.6.1.jar;C:\Users\sasitharan\.m2\repository\com\fasterxml\jackson\core\jackson-databind\2.15.2\jackson-databind-2.15.2.jar;C:\Users\sasitharan\.m2\repository\com\fasterxml\jackson\core\jackson-annotations\2.15.2\jackson-annotations-2.15.2.jar;C:\Users\sasitharan\.m2\repository\com\fasterxml\jackson\core\jackson-core\2.15.2\jackson-core-2.15.2.jar;C:\Users\sasitharan\.m2\repository\org\apache\logging\log4j\log4j-api\2.14.1\log4j-api-2.14.1.jar;C:\Users\sasitharan\.m2\repository\org\apache\httpcomponents\client5\httpclient5\5.2.1\httpclient5-5.2.1.jar;C:\Users\sasitharan\.m2\repository\org\apache\httpcomponents\core5\httpcore5\5.2\httpcore5-5.2.jar;C:\Users\sasitharan\.m2\repository\org\apache\httpcomponents\core5\httpcore5-h2\5.2\httpcore5-h2-5.2.jar;C:\Users\sasitharan\.m2\repository\org\seleniumhq\selenium\selenium-java\4.12.0\selenium-java-4.12.0.jar;C:\Users\sasitharan\.m2\repository\org\seleniumhq\selenium\selenium-api\4.12.0\selenium-api-4.12.0.jar;C:\Users\sasitharan\.m2\repository\org\seleniumhq\selenium\selenium-chrome-driver\4.12.0\selenium-chrome-driver-4.12.0.jar;C:\Users\sasitharan\.m2\repository\com\google\auto\service\auto-service-annotations\1.1.1\auto-service-annotations-1.1.1.jar;C:\Users\sasitharan\.m2\repository\com\google\guava\guava\32.1.2-jre\guava-32.1.2-jre.jar;C:\Users\sasitharan\.m2\repository\com\google\guava\failureaccess\1.0.1\failureaccess-1.0.1.jar;C:\Users\sasitharan\.m2\repository\com\google\guava\listenablefuture\9999.0-empty-to-avoid-conflict-with-guava\listenablefuture-9999.0-empty-to-avoid-conflict-with-guava.jar;C:\Users\sasitharan\.m2\repository\com\google\code\findbugs\jsr305\3.0.2\jsr305-3.0.2.jar;C:\Users\sasitharan\.m2\repository\org\checkerframework\checker-qual\3.33.0\checker-qual-3.33.0.jar;C:\Users\sasitharan\.m2\repository\com\google\errorprone\error_prone_annotations\2.18.0\error_prone_annotations-2.18.0.jar;C:\Users\sasitharan\.m2\repository\com\google\j2objc\j2objc-annotations\2.8\j2objc-annotations-2.8.jar;C:\Users\sasitharan\.m2\repository\org\seleniumhq\selenium\selenium-chromium-driver\4.12.0\selenium-chromium-driver-4.12.0.jar;C:\Users\sasitharan\.m2\repository\org\seleniumhq\selenium\selenium-json\4.12.0\selenium-json-4.12.0.jar;C:\Users\sasitharan\.m2\repository\org\seleniumhq\selenium\selenium-manager\4.12.0\selenium-manager-4.12.0.jar;C:\Users\sasitharan\.m2\repository\org\seleniumhq\selenium\selenium-devtools-v114\4.12.0\selenium-devtools-v114-4.12.0.jar;C:\Users\sasitharan\.m2\repository\org\seleniumhq\selenium\selenium-devtools-v115\4.12.0\selenium-devtools-v115-4.12.0.jar;C:\Users\sasitharan\.m2\repository\org\seleniumhq\selenium\selenium-devtools-v116\4.12.0\selenium-devtools-v116-4.12.0.jar;C:\Users\sasitharan\.m2\repository\org\seleniumhq\selenium\selenium-devtools-v85\4.12.0\selenium-devtools-v85-4.12.0.jar;C:\Users\sasitharan\.m2\repository\org\seleniumhq\selenium\selenium-edge-driver\4.12.0\selenium-edge-driver-4.12.0.jar;C:\Users\sasitharan\.m2\repository\org\seleniumhq\selenium\selenium-firefox-driver\4.12.0\selenium-firefox-driver-4.12.0.jar;C:\Users\sasitharan\.m2\repository\org\seleniumhq\selenium\selenium-http\4.12.0\selenium-http-4.12.0.jar;C:\Users\sasitharan\.m2\repository\dev\failsafe\failsafe\3.3.2\failsafe-3.3.2.jar;C:\Users\sasitharan\.m2\repository\org\seleniumhq\selenium\selenium-ie-driver\4.12.0\selenium-ie-driver-4.12.0.jar;C:\Users\sasitharan\.m2\repository\org\seleniumhq\selenium\selenium-remote-driver\4.12.0\selenium-remote-driver-4.12.0.jar;C:\Users\sasitharan\.m2\repository\io\netty\netty-buffer\4.1.96.Final\netty-buffer-4.1.96.Final.jar;C:\Users\sasitharan\.m2\repository\io\netty\netty-codec-http\4.1.96.Final\netty-codec-http-4.1.96.Final.jar;C:\Users\sasitharan\.m2\repository\io\netty\netty-codec\4.1.96.Final\netty-codec-4.1.96.Final.jar;C:\Users\sasitharan\.m2\repository\io\netty\netty-handler\4.1.96.Final\netty-handler-4.1.96.Final.jar;C:\Users\sasitharan\.m2\repository\io\netty\netty-common\4.1.96.Final\netty-common-4.1.96.Final.jar;C:\Users\sasitharan\.m2\repository\io\netty\netty-transport-classes-epoll\4.1.96.Final\netty-transport-classes-epoll-4.1.96.Final.jar;C:\Users\sasitharan\.m2\repository\io\netty\netty-transport-classes-kqueue\4.1.96.Final\netty-transport-classes-kqueue-4.1.96.Final.jar;C:\Users\sasitharan\.m2\repository\io\netty\netty-transport-native-epoll\4.1.96.Final\netty-transport-native-epoll-4.1.96.Final.jar;C:\Users\sasitharan\.m2\repository\io\netty\netty-transport-native-kqueue\4.1.96.Final\netty-transport-native-kqueue-4.1.96.Final.jar;C:\Users\sasitharan\.m2\repository\io\netty\netty-transport-native-unix-common\4.1.96.Final\netty-transport-native-unix-common-4.1.96.Final.jar;C:\Users\sasitharan\.m2\repository\io\netty\netty-transport\4.1.96.Final\netty-transport-4.1.96.Final.jar;C:\Users\sasitharan\.m2\repository\io\netty\netty-resolver\4.1.96.Final\netty-resolver-4.1.96.Final.jar;C:\Users\sasitharan\.m2\repository\io\opentelemetry\opentelemetry-api\1.28.0\opentelemetry-api-1.28.0.jar;C:\Users\sasitharan\.m2\repository\io\opentelemetry\opentelemetry-context\1.28.0\opentelemetry-context-1.28.0.jar;C:\Users\sasitharan\.m2\repository\io\opentelemetry\opentelemetry-exporter-logging\1.28.0\opentelemetry-exporter-logging-1.28.0.jar;C:\Users\sasitharan\.m2\repository\io\opentelemetry\opentelemetry-sdk-metrics\1.28.0\opentelemetry-sdk-metrics-1.28.0.jar;C:\Users\sasitharan\.m2\repository\io\opentelemetry\opentelemetry-extension-incubator\1.28.0-alpha\opentelemetry-extension-incubator-1.28.0-alpha.jar;C:\Users\sasitharan\.m2\repository\io\opentelemetry\opentelemetry-sdk-logs\1.28.0\opentelemetry-sdk-logs-1.28.0.jar;C:\Users\sasitharan\.m2\repository\io\opentelemetry\opentelemetry-sdk-common\1.28.0\opentelemetry-sdk-common-1.28.0.jar;C:\Users\sasitharan\.m2\repository\io\opentelemetry\opentelemetry-sdk-extension-autoconfigure-spi\1.28.0\opentelemetry-sdk-extension-autoconfigure-spi-1.28.0.jar;C:\Users\sasitharan\.m2\repository\io\opentelemetry\opentelemetry-sdk-extension-autoconfigure\1.28.0\opentelemetry-sdk-extension-autoconfigure-1.28.0.jar;C:\Users\sasitharan\.m2\repository\io\opentelemetry\opentelemetry-api-events\1.28.0-alpha\opentelemetry-api-events-1.28.0-alpha.jar;C:\Users\sasitharan\.m2\repository\io\opentelemetry\opentelemetry-sdk-trace\1.28.0\opentelemetry-sdk-trace-1.28.0.jar;C:\Users\sasitharan\.m2\repository\io\opentelemetry\opentelemetry-sdk\1.28.0\opentelemetry-sdk-1.28.0.jar;C:\Users\sasitharan\.m2\repository\io\opentelemetry\opentelemetry-semconv\1.28.0-alpha\opentelemetry-semconv-1.28.0-alpha.jar;C:\Users\sasitharan\.m2\repository\net\bytebuddy\byte-buddy\1.14.5\byte-buddy-1.14.5.jar;C:\Users\sasitharan\.m2\repository\org\asynchttpclient\async-http-client\2.12.3\async-http-client-2.12.3.jar;C:\Users\sasitharan\.m2\repository\org\asynchttpclient\async-http-client-netty-utils\2.12.3\async-http-client-netty-utils-2.12.3.jar;C:\Users\sasitharan\.m2\repository\io\netty\netty-codec-socks\4.1.60.Final\netty-codec-socks-4.1.60.Final.jar;C:\Users\sasitharan\.m2\repository\io\netty\netty-handler-proxy\4.1.60.Final\netty-handler-proxy-4.1.60.Final.jar;C:\Users\sasitharan\.m2\repository\io\netty\netty-transport-native-epoll\4.1.60.Final\netty-transport-native-epoll-4.1.60.Final-linux-x86_64.jar;C:\Users\sasitharan\.m2\repository\io\netty\netty-transport-native-kqueue\4.1.60.Final\netty-transport-native-kqueue-4.1.60.Final-osx-x86_64.jar;C:\Users\sasitharan\.m2\repository\org\reactivestreams\reactive-streams\1.0.3\reactive-streams-1.0.3.jar;C:\Users\sasitharan\.m2\repository\com\typesafe\netty\netty-reactive-streams\2.0.4\netty-reactive-streams-2.0.4.jar;C:\Users\sasitharan\.m2\repository\com\sun\activation\jakarta.activation\1.2.2\jakarta.activation-1.2.2.jar;C:\Users\sasitharan\.m2\repository\org\seleniumhq\selenium\selenium-os\4.12.0\selenium-os-4.12.0.jar;C:\Users\sasitharan\.m2\repository\org\apache\commons\commons-exec\1.3\commons-exec-1.3.jar;C:\Users\sasitharan\.m2\repository\org\seleniumhq\selenium\selenium-safari-driver\4.12.0\selenium-safari-driver-4.12.0.jar;C:\Users\sasitharan\.m2\repository\org\seleniumhq\selenium\selenium-support\4.12.0\selenium-support-4.12.0.jar;C:\Users\sasitharan\.m2\repository\io\github\bonigarcia\webdrivermanager\5.5.3\webdrivermanager-5.5.3.jar;C:\Users\sasitharan\.m2\repository\com\google\code\gson\gson\2.10.1\gson-2.10.1.jar;C:\Users\sasitharan\.m2\repository\com\github\docker-java\docker-java\3.3.3\docker-java-3.3.3.jar;C:\Users\sasitharan\.m2\repository\com\github\docker-java\docker-java-core\3.3.3\docker-java-core-3.3.3.jar;C:\Users\sasitharan\.m2\repository\com\github\docker-java\docker-java-api\3.3.3\docker-java-api-3.3.3.jar;C:\Users\sasitharan\.m2\repository\commons-io\commons-io\2.6\commons-io-2.6.jar;C:\Users\sasitharan\.m2\repository\org\apache\commons\commons-compress\1.21\commons-compress-1.21.jar;C:\Users\sasitharan\.m2\repository\org\bouncycastle\bcpkix-jdk18on\1.75\bcpkix-jdk18on-1.75.jar;C:\Users\sasitharan\.m2\repository\org\bouncycastle\bcprov-jdk18on\1.75\bcprov-jdk18on-1.75.jar;C:\Users\sasitharan\.m2\repository\org\bouncycastle\bcutil-jdk18on\1.75\bcutil-jdk18on-1.75.jar;C:\Users\sasitharan\.m2\repository\org\slf4j\jcl-over-slf4j\1.7.30\jcl-over-slf4j-1.7.30.jar;C:\Users\sasitharan\.m2\repository\com\github\docker-java\docker-java-transport-httpclient5\3.3.3\docker-java-transport-httpclient5-3.3.3.jar;C:\Users\sasitharan\.m2\repository\com\github\docker-java\docker-java-transport\3.3.3\docker-java-transport-3.3.3.jar;C:\Users\sasitharan\.m2\repository\net\java\dev\jna\jna\5.12.1\jna-5.12.1.jar;C:\Users\sasitharan\.m2\repository\org\brotli\dec\0.1.2\dec-0.1.2.jar;C:\Users\sasitharan\.m2\repository\org\apache\commons\commons-lang3\3.13.0\commons-lang3-3.13.0.jar;C:\Users\sasitharan\.m2\repository\io\qameta\allure\allure-testng\2.29.1\allure-testng-2.29.1.jar;C:\Users\sasitharan\.m2\repository\io\qameta\allure\allure-java-commons\2.29.1\allure-java-commons-2.29.1.jar;C:\Users\sasitharan\.m2\repository\io\qameta\allure\allure-model\2.29.1\allure-model-2.29.1.jar;C:\Users\sasitharan\.m2\repository\io\qameta\allure\allure-test-filter\2.29.1\allure-test-filter-2.29.1.jar;"/>
    <property name="allure.results.directory" value="H:\Group_01_GitRepository\target/allure-results"/>
    <property name="sun.cpu.endian" value="little"/>
    <property name="user.home" value="C:\Users\sasitharan"/>
    <property name="user.language" value="en"/>
    <property name="java.specification.vendor" value="Oracle Corporation"/>
    <property name="java.version.date" value="2023-10-17"/>
    <property name="java.home" value="C:\Program Files\Java\jdk-17"/>
    <property name="file.separator" value="\"/>
    <property name="basedir" value="H:\Group_01_GitRepository"/>
    <property name="java.vm.compressedOopsMode" value="Zero based"/>
    <property name="line.separator" value="&#10;"/>
    <property name="java.vm.specification.vendor" value="Oracle Corporation"/>
    <property name="java.specification.name" value="Java Platform API Specification"/>
    <property name="surefire.real.class.path" value="C:\Users\sasitharan\AppData\Local\Temp\surefire7432303055623357741\surefirebooter-20250102142106166_3.jar"/>
    <property name="user.script" value=""/>
    <property name="sun.management.compiler" value="HotSpot 64-Bit Tiered Compilers"/>
    <property name="java.runtime.version" value="17.0.9+11-LTS-201"/>
    <property name="user.name" value="sasitharan"/>
    <property name="path.separator" value=";"/>
    <property name="os.version" value="10.0"/>
    <property name="java.runtime.name" value="Java(TM) SE Runtime Environment"/>
    <property name="file.encoding" value="Cp1252"/>
    <property name="java.vm.name" value="Java HotSpot(TM) 64-Bit Server VM"/>
    <property name="localRepository" value="C:\Users\sasitharan\.m2\repository"/>
    <property name="java.vendor.url.bug" value="https://bugreport.java.com/bugreport/"/>
    <property name="java.io.tmpdir" value="C:\Users\SASITH~1\AppData\Local\Temp\"/>
    <property name="idea.version" value="2024.1.7"/>
    <property name="java.version" value="17.0.9"/>
    <property name="user.dir" value="H:\Group_01_GitRepository"/>
    <property name="os.arch" value="amd64"/>
    <property name="java.vm.specification.name" value="Java Virtual Machine Specification"/>
    <property name="sun.os.patch.level" value=""/>
    <property name="native.encoding" value="Cp1252"/>
    <property name="java.library.path" value="C:\Program Files\Java\jdk-17\bin;C:\WINDOWS\Sun\Java\bin;C:\WINDOWS\system32;C:\WINDOWS;C:\Program Files\Common Files\Oracle\Java\javapath;C:\WINDOWS\system32;C:\WINDOWS;C:\WINDOWS\System32\Wbem;C:\WINDOWS\System32\WindowsPowerShell\v1.0\;C:\WINDOWS\System32\OpenSSH\;C:\Program Files\nodejs\;C:\Program Files\Git\cmd;C:\Program Files\HP\HP One Agent;C:\Program Files\Microsoft SQL Server\150\Tools\Binn\;C:\Program Files (x86)\Windows Kits\10\Windows Performance Toolkit\;C:\Program Files\dotnet\;C:\opencv\build\x64\vc14\bin;C:\Users\sasitharan\AppData\Local\Programs\Python\Python312\Scripts\;C:\Users\sasitharan\AppData\Local\Programs\Python\Python312\;C:\Users\sasitharan\AppData\Local\Microsoft\WindowsApps;C:\Users\sasitharan\AppData\Roaming\npm;C:\Users\sasitharan\AppData\Local\GitHubDesktop\bin;C:\Users\sasitharan\AppData\Local\Programs\Microsoft VS Code\bin;C:\Program Files\JetBrains\IntelliJ IDEA 2024.1.3\bin;;C:\Users\sasitharan\.dotnet\tools;."/>
    <property name="java.vm.info" value="mixed mode, sharing"/>
    <property name="java.vendor" value="Oracle Corporation"/>
    <property name="java.vm.version" value="17.0.9+11-LTS-201"/>
    <property name="sun.io.unicode.encoding" value="UnicodeLittle"/>
    <property name="java.class.version" value="61.0"/>
  </properties>
  <testcase name="testGetAllBooksAsAdmin" classname="TestCases.GetBookAPITests" time="2.747">
    <system-out><![CDATA[14:21:06.712 [main] DEBUG org.testng.TestNG -- suiteXmlPath: "H:\Group_01_GitRepository\src\test\resources\testng.xml"
14:21:06.756 [main] WARN org.testng.xml.TestNGContentHandler -- It is strongly recommended to add "<!DOCTYPE suite SYSTEM "https://testng.org/testng-1.0.dtd" >" at the top of the suite file [H:\Group_01_GitRepository\src\test\resources\testng.xml] otherwise TestNG may fail or not work as expected.
14:21:07.000 [main] WARN org.testng.TestNG -- Ignoring duplicate listener : io.qameta.allure.testng.AllureTestNg
14:21:07.000 [main] WARN org.testng.TestNG -- Ignoring duplicate listener : io.qameta.allure.testng.AllureTestNg
14:21:07.000 [main] WARN org.testng.TestNG -- Ignoring duplicate listener : io.qameta.allure.testng.AllureTestNg
14:21:08.347 [main] DEBUG org.apache.http.impl.conn.BasicClientConnectionManager -- Get connection for route {}->http://13.60.22.209:7081
14:21:08.357 [main] DEBUG org.apache.http.impl.conn.DefaultClientConnectionOperator -- Connecting to 13.60.22.209:7081
14:21:09.550 [main] DEBUG org.apache.http.client.protocol.RequestAddCookies -- CookieSpec selected: ignoreCookies
14:21:09.552 [main] DEBUG org.apache.http.client.protocol.RequestAuthCache -- Auth cache not set in the context
14:21:09.552 [main] DEBUG org.apache.http.client.protocol.RequestTargetAuthentication -- Target auth state: UNCHALLENGED
14:21:09.553 [main] DEBUG org.apache.http.client.protocol.RequestProxyAuthentication -- Proxy auth state: UNCHALLENGED
14:21:09.553 [main] DEBUG org.apache.http.impl.client.DefaultHttpClient -- Attempt 1 to execute request
14:21:09.553 [main] DEBUG org.apache.http.impl.conn.DefaultClientConnection -- Sending request: GET /api/books HTTP/1.1
14:21:09.553 [main] DEBUG org.apache.http.wire --  >> "GET /api/books HTTP/1.1[\r][\n]"
14:21:09.559 [main] DEBUG org.apache.http.wire --  >> "Accept: */*[\r][\n]"
14:21:09.559 [main] DEBUG org.apache.http.wire --  >> "Host: 13.60.22.209:7081[\r][\n]"
14:21:09.559 [main] DEBUG org.apache.http.wire --  >> "Connection: Keep-Alive[\r][\n]"
14:21:09.559 [main] DEBUG org.apache.http.wire --  >> "User-Agent: Apache-HttpClient/4.5.13 (Java/17.0.9)[\r][\n]"
14:21:09.560 [main] DEBUG org.apache.http.wire --  >> "Accept-Encoding: gzip,deflate[\r][\n]"
14:21:09.560 [main] DEBUG org.apache.http.wire --  >> "[\r][\n]"
14:21:09.560 [main] DEBUG org.apache.http.headers -- >> GET /api/books HTTP/1.1
14:21:09.560 [main] DEBUG org.apache.http.headers -- >> Accept: */*
14:21:09.560 [main] DEBUG org.apache.http.headers -- >> Host: 13.60.22.209:7081
14:21:09.560 [main] DEBUG org.apache.http.headers -- >> Connection: Keep-Alive
14:21:09.560 [main] DEBUG org.apache.http.headers -- >> User-Agent: Apache-HttpClient/4.5.13 (Java/17.0.9)
14:21:09.560 [main] DEBUG org.apache.http.headers -- >> Accept-Encoding: gzip,deflate
14:21:09.720 [main] DEBUG org.apache.http.wire --  << "HTTP/1.1 401 [\r][\n]"
14:21:09.724 [main] DEBUG org.apache.http.wire --  << "Set-Cookie: JSESSIONID=88ACBFA56A3A5C2F9048C4B9640E4A74; Path=/; HttpOnly[\r][\n]"
14:21:09.724 [main] DEBUG org.apache.http.wire --  << "WWW-Authenticate: Basic realm="Realm"[\r][\n]"
14:21:09.724 [main] DEBUG org.apache.http.wire --  << "X-Content-Type-Options: nosniff[\r][\n]"
14:21:09.724 [main] DEBUG org.apache.http.wire --  << "X-XSS-Protection: 1; mode=block[\r][\n]"
14:21:09.724 [main] DEBUG org.apache.http.wire --  << "Cache-Control: no-cache, no-store, max-age=0, must-revalidate[\r][\n]"
14:21:09.726 [main] DEBUG org.apache.http.wire --  << "Pragma: no-cache[\r][\n]"
14:21:09.726 [main] DEBUG org.apache.http.wire --  << "Expires: 0[\r][\n]"
14:21:09.726 [main] DEBUG org.apache.http.wire --  << "X-Frame-Options: DENY[\r][\n]"
14:21:09.726 [main] DEBUG org.apache.http.wire --  << "Content-Length: 0[\r][\n]"
14:21:09.726 [main] DEBUG org.apache.http.wire --  << "Date: Thu, 02 Jan 2025 08:51:09 GMT[\r][\n]"
14:21:09.726 [main] DEBUG org.apache.http.wire --  << "Keep-Alive: timeout=60[\r][\n]"
14:21:09.726 [main] DEBUG org.apache.http.wire --  << "Connection: keep-alive[\r][\n]"
14:21:09.726 [main] DEBUG org.apache.http.wire --  << "[\r][\n]"
14:21:09.727 [main] DEBUG org.apache.http.impl.conn.DefaultClientConnection -- Receiving response: HTTP/1.1 401 
14:21:09.728 [main] DEBUG org.apache.http.headers -- << HTTP/1.1 401 
14:21:09.728 [main] DEBUG org.apache.http.headers -- << Set-Cookie: JSESSIONID=88ACBFA56A3A5C2F9048C4B9640E4A74; Path=/; HttpOnly
14:21:09.728 [main] DEBUG org.apache.http.headers -- << WWW-Authenticate: Basic realm="Realm"
14:21:09.728 [main] DEBUG org.apache.http.headers -- << X-Content-Type-Options: nosniff
14:21:09.728 [main] DEBUG org.apache.http.headers -- << X-XSS-Protection: 1; mode=block
14:21:09.728 [main] DEBUG org.apache.http.headers -- << Cache-Control: no-cache, no-store, max-age=0, must-revalidate
14:21:09.729 [main] DEBUG org.apache.http.headers -- << Pragma: no-cache
14:21:09.729 [main] DEBUG org.apache.http.headers -- << Expires: 0
14:21:09.729 [main] DEBUG org.apache.http.headers -- << X-Frame-Options: DENY
14:21:09.729 [main] DEBUG org.apache.http.headers -- << Content-Length: 0
14:21:09.729 [main] DEBUG org.apache.http.headers -- << Date: Thu, 02 Jan 2025 08:51:09 GMT
14:21:09.729 [main] DEBUG org.apache.http.headers -- << Keep-Alive: timeout=60
14:21:09.730 [main] DEBUG org.apache.http.headers -- << Connection: keep-alive
14:21:09.739 [main] DEBUG org.apache.http.impl.client.DefaultHttpClient -- Connection can be kept alive for 60000 MILLISECONDS
14:21:09.740 [main] DEBUG org.apache.http.impl.client.DefaultHttpClient -- Authentication required
14:21:09.741 [main] DEBUG org.apache.http.impl.client.DefaultHttpClient -- 13.60.22.209:7081 requested authentication
14:21:09.742 [main] DEBUG org.apache.http.impl.client.TargetAuthenticationStrategy -- Authentication schemes in the order of preference: [Negotiate, Kerberos, NTLM, CredSSP, Digest, Basic]
14:21:09.742 [main] DEBUG org.apache.http.impl.client.TargetAuthenticationStrategy -- Challenge for Negotiate authentication scheme not available
14:21:09.742 [main] DEBUG org.apache.http.impl.client.TargetAuthenticationStrategy -- Challenge for Kerberos authentication scheme not available
14:21:09.743 [main] DEBUG org.apache.http.impl.client.TargetAuthenticationStrategy -- Challenge for NTLM authentication scheme not available
14:21:09.743 [main] DEBUG org.apache.http.impl.client.TargetAuthenticationStrategy -- Challenge for CredSSP authentication scheme not available
14:21:09.743 [main] DEBUG org.apache.http.impl.client.TargetAuthenticationStrategy -- Challenge for Digest authentication scheme not available
14:21:09.749 [main] DEBUG org.apache.http.impl.client.DefaultHttpClient -- Selected authentication options: [BASIC [complete=true]]
14:21:09.754 [main] DEBUG org.apache.http.client.protocol.RequestAddCookies -- CookieSpec selected: ignoreCookies
14:21:09.754 [main] DEBUG org.apache.http.client.protocol.RequestAuthCache -- Auth cache not set in the context
14:21:09.754 [main] DEBUG org.apache.http.client.protocol.RequestTargetAuthentication -- Target auth state: CHALLENGED
14:21:09.755 [main] DEBUG org.apache.http.client.protocol.RequestTargetAuthentication -- Generating response to an authentication challenge using basic scheme
14:21:09.762 [main] DEBUG org.apache.http.client.protocol.RequestProxyAuthentication -- Proxy auth state: UNCHALLENGED
14:21:09.763 [main] DEBUG org.apache.http.impl.client.DefaultHttpClient -- Attempt 2 to execute request
14:21:09.763 [main] DEBUG org.apache.http.impl.conn.DefaultClientConnection -- Sending request: GET /api/books HTTP/1.1
14:21:09.763 [main] DEBUG org.apache.http.wire --  >> "GET /api/books HTTP/1.1[\r][\n]"
14:21:09.763 [main] DEBUG org.apache.http.wire --  >> "Accept: */*[\r][\n]"
14:21:09.764 [main] DEBUG org.apache.http.wire --  >> "Host: 13.60.22.209:7081[\r][\n]"
14:21:09.764 [main] DEBUG org.apache.http.wire --  >> "Connection: Keep-Alive[\r][\n]"
14:21:09.764 [main] DEBUG org.apache.http.wire --  >> "User-Agent: Apache-HttpClient/4.5.13 (Java/17.0.9)[\r][\n]"
14:21:09.764 [main] DEBUG org.apache.http.wire --  >> "Authorization: Basic YWRtaW46cGFzc3dvcmQ=[\r][\n]"
14:21:09.764 [main] DEBUG org.apache.http.wire --  >> "Accept-Encoding: gzip,deflate[\r][\n]"
14:21:09.765 [main] DEBUG org.apache.http.wire --  >> "[\r][\n]"
14:21:09.765 [main] DEBUG org.apache.http.headers -- >> GET /api/books HTTP/1.1
14:21:09.765 [main] DEBUG org.apache.http.headers -- >> Accept: */*
14:21:09.765 [main] DEBUG org.apache.http.headers -- >> Host: 13.60.22.209:7081
14:21:09.765 [main] DEBUG org.apache.http.headers -- >> Connection: Keep-Alive
14:21:09.765 [main] DEBUG org.apache.http.headers -- >> User-Agent: Apache-HttpClient/4.5.13 (Java/17.0.9)
14:21:09.766 [main] DEBUG org.apache.http.headers -- >> Authorization: Basic YWRtaW46cGFzc3dvcmQ=
14:21:09.766 [main] DEBUG org.apache.http.headers -- >> Accept-Encoding: gzip,deflate
14:21:10.032 [main] DEBUG org.apache.http.wire --  << "HTTP/1.1 200 [\r][\n]"
14:21:10.032 [main] DEBUG org.apache.http.wire --  << "Set-Cookie: JSESSIONID=6626ECEFFFD9D25D476FBE8E2AD3B995; Path=/; HttpOnly[\r][\n]"
14:21:10.032 [main] DEBUG org.apache.http.wire --  << "X-Content-Type-Options: nosniff[\r][\n]"
14:21:10.032 [main] DEBUG org.apache.http.wire --  << "X-XSS-Protection: 1; mode=block[\r][\n]"
14:21:10.032 [main] DEBUG org.apache.http.wire --  << "Cache-Control: no-cache, no-store, max-age=0, must-revalidate[\r][\n]"
14:21:10.033 [main] DEBUG org.apache.http.wire --  << "Pragma: no-cache[\r][\n]"
14:21:10.033 [main] DEBUG org.apache.http.wire --  << "Expires: 0[\r][\n]"
14:21:10.033 [main] DEBUG org.apache.http.wire --  << "X-Frame-Options: DENY[\r][\n]"
14:21:10.033 [main] DEBUG org.apache.http.wire --  << "Content-Type: application/json[\r][\n]"
14:21:10.033 [main] DEBUG org.apache.http.wire --  << "Transfer-Encoding: chunked[\r][\n]"
14:21:10.033 [main] DEBUG org.apache.http.wire --  << "Date: Thu, 02 Jan 2025 08:51:09 GMT[\r][\n]"
14:21:10.033 [main] DEBUG org.apache.http.wire --  << "Keep-Alive: timeout=60[\r][\n]"
14:21:10.033 [main] DEBUG org.apache.http.wire --  << "Connection: keep-alive[\r][\n]"
14:21:10.033 [main] DEBUG org.apache.http.wire --  << "[\r][\n]"
14:21:10.033 [main] DEBUG org.apache.http.impl.conn.DefaultClientConnection -- Receiving response: HTTP/1.1 200 
14:21:10.033 [main] DEBUG org.apache.http.headers -- << HTTP/1.1 200 
14:21:10.033 [main] DEBUG org.apache.http.headers -- << Set-Cookie: JSESSIONID=6626ECEFFFD9D25D476FBE8E2AD3B995; Path=/; HttpOnly
14:21:10.033 [main] DEBUG org.apache.http.headers -- << X-Content-Type-Options: nosniff
14:21:10.033 [main] DEBUG org.apache.http.headers -- << X-XSS-Protection: 1; mode=block
14:21:10.033 [main] DEBUG org.apache.http.headers -- << Cache-Control: no-cache, no-store, max-age=0, must-revalidate
14:21:10.033 [main] DEBUG org.apache.http.headers -- << Pragma: no-cache
14:21:10.033 [main] DEBUG org.apache.http.headers -- << Expires: 0
14:21:10.033 [main] DEBUG org.apache.http.headers -- << X-Frame-Options: DENY
14:21:10.033 [main] DEBUG org.apache.http.headers -- << Content-Type: application/json
14:21:10.033 [main] DEBUG org.apache.http.headers -- << Transfer-Encoding: chunked
14:21:10.033 [main] DEBUG org.apache.http.headers -- << Date: Thu, 02 Jan 2025 08:51:09 GMT
14:21:10.034 [main] DEBUG org.apache.http.headers -- << Keep-Alive: timeout=60
14:21:10.034 [main] DEBUG org.apache.http.headers -- << Connection: keep-alive
14:21:10.035 [main] DEBUG org.apache.http.impl.client.DefaultHttpClient -- Connection can be kept alive for 60000 MILLISECONDS
14:21:10.035 [main] DEBUG org.apache.http.impl.client.DefaultHttpClient -- Authentication succeeded
14:21:10.036 [main] DEBUG org.apache.http.impl.client.TargetAuthenticationStrategy -- Caching 'basic' auth scheme for http://13.60.22.209:7081
14:21:10.048 [main] DEBUG io.restassured.internal.RestAssuredHttpBuilder -- Parsing response as: application/json
14:21:10.048 [main] DEBUG io.restassured.internal.RestAssuredHttpBuilder -- Parsed data to instance of: class org.apache.http.conn.EofSensorInputStream
14:21:10.092 [main] DEBUG org.apache.http.wire --  << "c8[\r][\n]"
14:21:10.093 [main] DEBUG org.apache.http.wire --  << "[{"id":2,"title":"","author":"Hri"},{"id":3,"title":"Valid Book","author":"Valid Author"},{"id":4,"title":"User Books","author":"User Author"},{"id":5,"title":"Valid Bookss","author":"Valid Authors"}]"
14:21:10.093 [main] DEBUG org.apache.http.wire --  << "[\r][\n]"
14:21:10.093 [main] DEBUG org.apache.http.wire --  << "0[\r][\n]"
14:21:10.093 [main] DEBUG org.apache.http.wire --  << "[\r][\n]"
14:21:10.093 [main] DEBUG org.apache.http.impl.conn.BasicClientConnectionManager -- Releasing connection org.apache.http.impl.conn.ManagedClientConnectionImpl@20d87335
14:21:10.093 [main] DEBUG org.apache.http.impl.conn.BasicClientConnectionManager -- Connection can be kept alive for 60000 MILLISECONDS
14:21:10.282 [Finalizer] DEBUG org.apache.http.impl.conn.DefaultClientConnection -- Connection 0.0.0.0:63176<->13.60.22.209:7081 closed
]]></system-out>
  </testcase>
  <testcase name="testGetAllBooksAsUser" classname="TestCases.GetBookAPITests" time="0.73">
    <system-out><![CDATA[14:21:10.332 [main] DEBUG org.apache.http.impl.conn.BasicClientConnectionManager -- Get connection for route {}->http://13.60.22.209:7081
14:21:10.332 [main] DEBUG org.apache.http.impl.conn.DefaultClientConnectionOperator -- Connecting to 13.60.22.209:7081
14:21:10.514 [main] DEBUG org.apache.http.client.protocol.RequestAddCookies -- CookieSpec selected: ignoreCookies
14:21:10.514 [main] DEBUG org.apache.http.client.protocol.RequestAuthCache -- Auth cache not set in the context
14:21:10.514 [main] DEBUG org.apache.http.client.protocol.RequestTargetAuthentication -- Target auth state: UNCHALLENGED
14:21:10.514 [main] DEBUG org.apache.http.client.protocol.RequestProxyAuthentication -- Proxy auth state: UNCHALLENGED
14:21:10.514 [main] DEBUG org.apache.http.impl.client.DefaultHttpClient -- Attempt 1 to execute request
14:21:10.514 [main] DEBUG org.apache.http.impl.conn.DefaultClientConnection -- Sending request: GET /api/books HTTP/1.1
14:21:10.514 [main] DEBUG org.apache.http.wire --  >> "GET /api/books HTTP/1.1[\r][\n]"
14:21:10.514 [main] DEBUG org.apache.http.wire --  >> "Accept: */*[\r][\n]"
14:21:10.514 [main] DEBUG org.apache.http.wire --  >> "Host: 13.60.22.209:7081[\r][\n]"
14:21:10.514 [main] DEBUG org.apache.http.wire --  >> "Connection: Keep-Alive[\r][\n]"
14:21:10.514 [main] DEBUG org.apache.http.wire --  >> "User-Agent: Apache-HttpClient/4.5.13 (Java/17.0.9)[\r][\n]"
14:21:10.514 [main] DEBUG org.apache.http.wire --  >> "Accept-Encoding: gzip,deflate[\r][\n]"
14:21:10.514 [main] DEBUG org.apache.http.wire --  >> "[\r][\n]"
14:21:10.514 [main] DEBUG org.apache.http.headers -- >> GET /api/books HTTP/1.1
14:21:10.514 [main] DEBUG org.apache.http.headers -- >> Accept: */*
14:21:10.516 [main] DEBUG org.apache.http.headers -- >> Host: 13.60.22.209:7081
14:21:10.516 [main] DEBUG org.apache.http.headers -- >> Connection: Keep-Alive
14:21:10.516 [main] DEBUG org.apache.http.headers -- >> User-Agent: Apache-HttpClient/4.5.13 (Java/17.0.9)
14:21:10.516 [main] DEBUG org.apache.http.headers -- >> Accept-Encoding: gzip,deflate
14:21:10.701 [main] DEBUG org.apache.http.wire --  << "HTTP/1.1 401 [\r][\n]"
14:21:10.701 [main] DEBUG org.apache.http.wire --  << "Set-Cookie: JSESSIONID=C65378B204CC5738F4CB18231D0AE7E1; Path=/; HttpOnly[\r][\n]"
14:21:10.701 [main] DEBUG org.apache.http.wire --  << "WWW-Authenticate: Basic realm="Realm"[\r][\n]"
14:21:10.701 [main] DEBUG org.apache.http.wire --  << "X-Content-Type-Options: nosniff[\r][\n]"
14:21:10.701 [main] DEBUG org.apache.http.wire --  << "X-XSS-Protection: 1; mode=block[\r][\n]"
14:21:10.701 [main] DEBUG org.apache.http.wire --  << "Cache-Control: no-cache, no-store, max-age=0, must-revalidate[\r][\n]"
14:21:10.701 [main] DEBUG org.apache.http.wire --  << "Pragma: no-cache[\r][\n]"
14:21:10.701 [main] DEBUG org.apache.http.wire --  << "Expires: 0[\r][\n]"
14:21:10.701 [main] DEBUG org.apache.http.wire --  << "X-Frame-Options: DENY[\r][\n]"
14:21:10.701 [main] DEBUG org.apache.http.wire --  << "Content-Length: 0[\r][\n]"
14:21:10.701 [main] DEBUG org.apache.http.wire --  << "Date: Thu, 02 Jan 2025 08:51:09 GMT[\r][\n]"
14:21:10.701 [main] DEBUG org.apache.http.wire --  << "Keep-Alive: timeout=60[\r][\n]"
14:21:10.701 [main] DEBUG org.apache.http.wire --  << "Connection: keep-alive[\r][\n]"
14:21:10.701 [main] DEBUG org.apache.http.wire --  << "[\r][\n]"
14:21:10.702 [main] DEBUG org.apache.http.impl.conn.DefaultClientConnection -- Receiving response: HTTP/1.1 401 
14:21:10.702 [main] DEBUG org.apache.http.headers -- << HTTP/1.1 401 
14:21:10.702 [main] DEBUG org.apache.http.headers -- << Set-Cookie: JSESSIONID=C65378B204CC5738F4CB18231D0AE7E1; Path=/; HttpOnly
14:21:10.702 [main] DEBUG org.apache.http.headers -- << WWW-Authenticate: Basic realm="Realm"
14:21:10.702 [main] DEBUG org.apache.http.headers -- << X-Content-Type-Options: nosniff
14:21:10.702 [main] DEBUG org.apache.http.headers -- << X-XSS-Protection: 1; mode=block
14:21:10.702 [main] DEBUG org.apache.http.headers -- << Cache-Control: no-cache, no-store, max-age=0, must-revalidate
14:21:10.702 [main] DEBUG org.apache.http.headers -- << Pragma: no-cache
14:21:10.703 [main] DEBUG org.apache.http.headers -- << Expires: 0
14:21:10.703 [main] DEBUG org.apache.http.headers -- << X-Frame-Options: DENY
14:21:10.703 [main] DEBUG org.apache.http.headers -- << Content-Length: 0
14:21:10.703 [main] DEBUG org.apache.http.headers -- << Date: Thu, 02 Jan 2025 08:51:09 GMT
14:21:10.703 [main] DEBUG org.apache.http.headers -- << Keep-Alive: timeout=60
14:21:10.703 [main] DEBUG org.apache.http.headers -- << Connection: keep-alive
14:21:10.703 [main] DEBUG org.apache.http.impl.client.DefaultHttpClient -- Connection can be kept alive for 60000 MILLISECONDS
14:21:10.703 [main] DEBUG org.apache.http.impl.client.DefaultHttpClient -- Authentication required
14:21:10.703 [main] DEBUG org.apache.http.impl.client.DefaultHttpClient -- 13.60.22.209:7081 requested authentication
14:21:10.703 [main] DEBUG org.apache.http.impl.client.TargetAuthenticationStrategy -- Authentication schemes in the order of preference: [Negotiate, Kerberos, NTLM, CredSSP, Digest, Basic]
14:21:10.703 [main] DEBUG org.apache.http.impl.client.TargetAuthenticationStrategy -- Challenge for Negotiate authentication scheme not available
14:21:10.703 [main] DEBUG org.apache.http.impl.client.TargetAuthenticationStrategy -- Challenge for Kerberos authentication scheme not available
14:21:10.703 [main] DEBUG org.apache.http.impl.client.TargetAuthenticationStrategy -- Challenge for NTLM authentication scheme not available
14:21:10.703 [main] DEBUG org.apache.http.impl.client.TargetAuthenticationStrategy -- Challenge for CredSSP authentication scheme not available
14:21:10.703 [main] DEBUG org.apache.http.impl.client.TargetAuthenticationStrategy -- Challenge for Digest authentication scheme not available
14:21:10.703 [main] DEBUG org.apache.http.impl.client.DefaultHttpClient -- Selected authentication options: [BASIC [complete=true]]
14:21:10.704 [main] DEBUG org.apache.http.client.protocol.RequestAddCookies -- CookieSpec selected: ignoreCookies
14:21:10.704 [main] DEBUG org.apache.http.client.protocol.RequestAuthCache -- Auth cache not set in the context
14:21:10.704 [main] DEBUG org.apache.http.client.protocol.RequestTargetAuthentication -- Target auth state: CHALLENGED
14:21:10.704 [main] DEBUG org.apache.http.client.protocol.RequestTargetAuthentication -- Generating response to an authentication challenge using basic scheme
14:21:10.704 [main] DEBUG org.apache.http.client.protocol.RequestProxyAuthentication -- Proxy auth state: UNCHALLENGED
14:21:10.704 [main] DEBUG org.apache.http.impl.client.DefaultHttpClient -- Attempt 2 to execute request
14:21:10.704 [main] DEBUG org.apache.http.impl.conn.DefaultClientConnection -- Sending request: GET /api/books HTTP/1.1
14:21:10.704 [main] DEBUG org.apache.http.wire --  >> "GET /api/books HTTP/1.1[\r][\n]"
14:21:10.705 [main] DEBUG org.apache.http.wire --  >> "Accept: */*[\r][\n]"
14:21:10.705 [main] DEBUG org.apache.http.wire --  >> "Host: 13.60.22.209:7081[\r][\n]"
14:21:10.705 [main] DEBUG org.apache.http.wire --  >> "Connection: Keep-Alive[\r][\n]"
14:21:10.705 [main] DEBUG org.apache.http.wire --  >> "User-Agent: Apache-HttpClient/4.5.13 (Java/17.0.9)[\r][\n]"
14:21:10.705 [main] DEBUG org.apache.http.wire --  >> "Authorization: Basic dXNlcjpwYXNzd29yZA==[\r][\n]"
14:21:10.705 [main] DEBUG org.apache.http.wire --  >> "Accept-Encoding: gzip,deflate[\r][\n]"
14:21:10.705 [main] DEBUG org.apache.http.wire --  >> "[\r][\n]"
14:21:10.705 [main] DEBUG org.apache.http.headers -- >> GET /api/books HTTP/1.1
14:21:10.705 [main] DEBUG org.apache.http.headers -- >> Accept: */*
14:21:10.705 [main] DEBUG org.apache.http.headers -- >> Host: 13.60.22.209:7081
14:21:10.705 [main] DEBUG org.apache.http.headers -- >> Connection: Keep-Alive
14:21:10.705 [main] DEBUG org.apache.http.headers -- >> User-Agent: Apache-HttpClient/4.5.13 (Java/17.0.9)
14:21:10.705 [main] DEBUG org.apache.http.headers -- >> Authorization: Basic dXNlcjpwYXNzd29yZA==
14:21:10.705 [main] DEBUG org.apache.http.headers -- >> Accept-Encoding: gzip,deflate
14:21:11.023 [main] DEBUG org.apache.http.wire --  << "HTTP/1.1 200 [\r][\n]"
14:21:11.024 [main] DEBUG org.apache.http.wire --  << "Set-Cookie: JSESSIONID=E84484301AE13A2677915A2FD64F34C9; Path=/; HttpOnly[\r][\n]"
14:21:11.024 [main] DEBUG org.apache.http.wire --  << "X-Content-Type-Options: nosniff[\r][\n]"
14:21:11.024 [main] DEBUG org.apache.http.wire --  << "X-XSS-Protection: 1; mode=block[\r][\n]"
14:21:11.024 [main] DEBUG org.apache.http.wire --  << "Cache-Control: no-cache, no-store, max-age=0, must-revalidate[\r][\n]"
14:21:11.024 [main] DEBUG org.apache.http.wire --  << "Pragma: no-cache[\r][\n]"
14:21:11.024 [main] DEBUG org.apache.http.wire --  << "Expires: 0[\r][\n]"
14:21:11.024 [main] DEBUG org.apache.http.wire --  << "X-Frame-Options: DENY[\r][\n]"
14:21:11.024 [main] DEBUG org.apache.http.wire --  << "Content-Type: application/json[\r][\n]"
14:21:11.024 [main] DEBUG org.apache.http.wire --  << "Transfer-Encoding: chunked[\r][\n]"
14:21:11.024 [main] DEBUG org.apache.http.wire --  << "Date: Thu, 02 Jan 2025 08:51:11 GMT[\r][\n]"
14:21:11.024 [main] DEBUG org.apache.http.wire --  << "Keep-Alive: timeout=60[\r][\n]"
14:21:11.024 [main] DEBUG org.apache.http.wire --  << "Connection: keep-alive[\r][\n]"
14:21:11.024 [main] DEBUG org.apache.http.wire --  << "[\r][\n]"
14:21:11.024 [main] DEBUG org.apache.http.impl.conn.DefaultClientConnection -- Receiving response: HTTP/1.1 200 
14:21:11.025 [main] DEBUG org.apache.http.headers -- << HTTP/1.1 200 
14:21:11.025 [main] DEBUG org.apache.http.headers -- << Set-Cookie: JSESSIONID=E84484301AE13A2677915A2FD64F34C9; Path=/; HttpOnly
14:21:11.025 [main] DEBUG org.apache.http.headers -- << X-Content-Type-Options: nosniff
14:21:11.025 [main] DEBUG org.apache.http.headers -- << X-XSS-Protection: 1; mode=block
14:21:11.025 [main] DEBUG org.apache.http.headers -- << Cache-Control: no-cache, no-store, max-age=0, must-revalidate
14:21:11.025 [main] DEBUG org.apache.http.headers -- << Pragma: no-cache
14:21:11.025 [main] DEBUG org.apache.http.headers -- << Expires: 0
14:21:11.025 [main] DEBUG org.apache.http.headers -- << X-Frame-Options: DENY
14:21:11.025 [main] DEBUG org.apache.http.headers -- << Content-Type: application/json
14:21:11.025 [main] DEBUG org.apache.http.headers -- << Transfer-Encoding: chunked
14:21:11.025 [main] DEBUG org.apache.http.headers -- << Date: Thu, 02 Jan 2025 08:51:11 GMT
14:21:11.025 [main] DEBUG org.apache.http.headers -- << Keep-Alive: timeout=60
14:21:11.025 [main] DEBUG org.apache.http.headers -- << Connection: keep-alive
14:21:11.025 [main] DEBUG org.apache.http.impl.client.DefaultHttpClient -- Connection can be kept alive for 60000 MILLISECONDS
14:21:11.025 [main] DEBUG org.apache.http.impl.client.DefaultHttpClient -- Authentication succeeded
14:21:11.025 [main] DEBUG org.apache.http.impl.client.TargetAuthenticationStrategy -- Caching 'basic' auth scheme for http://13.60.22.209:7081
14:21:11.026 [main] DEBUG io.restassured.internal.RestAssuredHttpBuilder -- Parsing response as: application/json
14:21:11.026 [main] DEBUG io.restassured.internal.RestAssuredHttpBuilder -- Parsed data to instance of: class org.apache.http.conn.EofSensorInputStream
14:21:11.027 [main] DEBUG org.apache.http.wire --  << "c8[\r][\n]"
14:21:11.027 [main] DEBUG org.apache.http.wire --  << "[{"id":2,"title":"","author":"Hri"},{"id":3,"title":"Valid Book","author":"Valid Author"},{"id":4,"title":"User Books","author":"User Author"},{"id":5,"title":"Valid Bookss","author":"Valid Authors"}]"
14:21:11.027 [main] DEBUG org.apache.http.wire --  << "[\r][\n]"
14:21:11.027 [main] DEBUG org.apache.http.wire --  << "0[\r][\n]"
14:21:11.028 [main] DEBUG org.apache.http.wire --  << "[\r][\n]"
14:21:11.028 [main] DEBUG org.apache.http.impl.conn.BasicClientConnectionManager -- Releasing connection org.apache.http.impl.conn.ManagedClientConnectionImpl@6a0f2853
14:21:11.028 [main] DEBUG org.apache.http.impl.conn.BasicClientConnectionManager -- Connection can be kept alive for 60000 MILLISECONDS
]]></system-out>
  </testcase>
  <testcase name="testGetBookByIdAsAdmin" classname="TestCases.GetBookAPITests" time="0.644">
    <failure message="Expected status code is 200 expected [200] but found [404]" type="java.lang.AssertionError"><![CDATA[java.lang.AssertionError: Expected status code is 200 expected [200] but found [404]
	at org.testng.Assert.fail(Assert.java:110)
	at org.testng.Assert.failNotEquals(Assert.java:1413)
	at org.testng.Assert.assertEqualsImpl(Assert.java:149)
	at org.testng.Assert.assertEquals(Assert.java:131)
	at org.testng.Assert.assertEquals(Assert.java:1240)
	at TestCases.GetBookAPITests.testGetBookByIdAsAdmin(GetBookAPITests.java:73)
	at java.base/jdk.internal.reflect.NativeMethodAccessorImpl.invoke0(Native Method)
	at java.base/jdk.internal.reflect.NativeMethodAccessorImpl.invoke(NativeMethodAccessorImpl.java:77)
	at java.base/jdk.internal.reflect.DelegatingMethodAccessorImpl.invoke(DelegatingMethodAccessorImpl.java:43)
	at java.base/java.lang.reflect.Method.invoke(Method.java:568)
	at org.testng.internal.invokers.MethodInvocationHelper.invokeMethod(MethodInvocationHelper.java:139)
	at org.testng.internal.invokers.TestInvoker.invokeMethod(TestInvoker.java:677)
	at org.testng.internal.invokers.TestInvoker.invokeTestMethod(TestInvoker.java:221)
	at org.testng.internal.invokers.MethodRunner.runInSequence(MethodRunner.java:50)
	at org.testng.internal.invokers.TestInvoker$MethodInvocationAgent.invoke(TestInvoker.java:969)
	at org.testng.internal.invokers.TestInvoker.invokeTestMethods(TestInvoker.java:194)
	at org.testng.internal.invokers.TestMethodWorker.invokeTestMethods(TestMethodWorker.java:148)
	at org.testng.internal.invokers.TestMethodWorker.run(TestMethodWorker.java:128)
	at java.base/java.util.ArrayList.forEach(ArrayList.java:1511)
	at org.testng.TestRunner.privateRun(TestRunner.java:829)
	at org.testng.TestRunner.run(TestRunner.java:602)
	at org.testng.SuiteRunner.runTest(SuiteRunner.java:437)
	at org.testng.SuiteRunner.runSequentially(SuiteRunner.java:431)
	at org.testng.SuiteRunner.privateRun(SuiteRunner.java:391)
	at org.testng.SuiteRunner.run(SuiteRunner.java:330)
	at org.testng.SuiteRunnerWorker.runSuite(SuiteRunnerWorker.java:52)
	at org.testng.SuiteRunnerWorker.run(SuiteRunnerWorker.java:95)
	at org.testng.TestNG.runSuitesSequentially(TestNG.java:1256)
	at org.testng.TestNG.runSuitesLocally(TestNG.java:1176)
	at org.testng.TestNG.runSuites(TestNG.java:1099)
	at org.testng.TestNG.run(TestNG.java:1067)
	at org.apache.maven.surefire.testng.TestNGExecutor.run(TestNGExecutor.java:324)
	at org.apache.maven.surefire.testng.TestNGXmlTestSuite.execute(TestNGXmlTestSuite.java:74)
	at org.apache.maven.surefire.testng.TestNGProvider.invoke(TestNGProvider.java:123)
	at org.apache.maven.surefire.booter.ForkedBooter.runSuitesInProcess(ForkedBooter.java:456)
	at org.apache.maven.surefire.booter.ForkedBooter.execute(ForkedBooter.java:169)
	at org.apache.maven.surefire.booter.ForkedBooter.run(ForkedBooter.java:595)
	at org.apache.maven.surefire.booter.ForkedBooter.main(ForkedBooter.java:581)
]]></failure>
    <system-out><![CDATA[14:21:11.053 [main] DEBUG org.apache.http.impl.conn.BasicClientConnectionManager -- Get connection for route {}->http://13.60.22.209:7081
14:21:11.054 [main] DEBUG org.apache.http.impl.conn.DefaultClientConnectionOperator -- Connecting to 13.60.22.209:7081
14:21:11.228 [main] DEBUG org.apache.http.client.protocol.RequestAddCookies -- CookieSpec selected: ignoreCookies
14:21:11.228 [main] DEBUG org.apache.http.client.protocol.RequestAuthCache -- Auth cache not set in the context
14:21:11.228 [main] DEBUG org.apache.http.client.protocol.RequestTargetAuthentication -- Target auth state: UNCHALLENGED
14:21:11.228 [main] DEBUG org.apache.http.client.protocol.RequestProxyAuthentication -- Proxy auth state: UNCHALLENGED
14:21:11.228 [main] DEBUG org.apache.http.impl.client.DefaultHttpClient -- Attempt 1 to execute request
14:21:11.228 [main] DEBUG org.apache.http.impl.conn.DefaultClientConnection -- Sending request: GET /api/books/1 HTTP/1.1
14:21:11.229 [main] DEBUG org.apache.http.wire --  >> "GET /api/books/1 HTTP/1.1[\r][\n]"
14:21:11.229 [main] DEBUG org.apache.http.wire --  >> "Accept: */*[\r][\n]"
14:21:11.229 [main] DEBUG org.apache.http.wire --  >> "Host: 13.60.22.209:7081[\r][\n]"
14:21:11.229 [main] DEBUG org.apache.http.wire --  >> "Connection: Keep-Alive[\r][\n]"
14:21:11.229 [main] DEBUG org.apache.http.wire --  >> "User-Agent: Apache-HttpClient/4.5.13 (Java/17.0.9)[\r][\n]"
14:21:11.229 [main] DEBUG org.apache.http.wire --  >> "Accept-Encoding: gzip,deflate[\r][\n]"
14:21:11.229 [main] DEBUG org.apache.http.wire --  >> "[\r][\n]"
14:21:11.229 [main] DEBUG org.apache.http.headers -- >> GET /api/books/1 HTTP/1.1
14:21:11.230 [main] DEBUG org.apache.http.headers -- >> Accept: */*
14:21:11.230 [main] DEBUG org.apache.http.headers -- >> Host: 13.60.22.209:7081
14:21:11.230 [main] DEBUG org.apache.http.headers -- >> Connection: Keep-Alive
14:21:11.230 [main] DEBUG org.apache.http.headers -- >> User-Agent: Apache-HttpClient/4.5.13 (Java/17.0.9)
14:21:11.230 [main] DEBUG org.apache.http.headers -- >> Accept-Encoding: gzip,deflate
14:21:11.388 [main] DEBUG org.apache.http.wire --  << "HTTP/1.1 401 [\r][\n]"
14:21:11.388 [main] DEBUG org.apache.http.wire --  << "Set-Cookie: JSESSIONID=CDB8DF88AFFC631FCA023D9F3B0F840B; Path=/; HttpOnly[\r][\n]"
14:21:11.388 [main] DEBUG org.apache.http.wire --  << "WWW-Authenticate: Basic realm="Realm"[\r][\n]"
14:21:11.388 [main] DEBUG org.apache.http.wire --  << "X-Content-Type-Options: nosniff[\r][\n]"
14:21:11.388 [main] DEBUG org.apache.http.wire --  << "X-XSS-Protection: 1; mode=block[\r][\n]"
14:21:11.388 [main] DEBUG org.apache.http.wire --  << "Cache-Control: no-cache, no-store, max-age=0, must-revalidate[\r][\n]"
14:21:11.388 [main] DEBUG org.apache.http.wire --  << "Pragma: no-cache[\r][\n]"
14:21:11.388 [main] DEBUG org.apache.http.wire --  << "Expires: 0[\r][\n]"
14:21:11.388 [main] DEBUG org.apache.http.wire --  << "X-Frame-Options: DENY[\r][\n]"
14:21:11.388 [main] DEBUG org.apache.http.wire --  << "Content-Length: 0[\r][\n]"
14:21:11.388 [main] DEBUG org.apache.http.wire --  << "Date: Thu, 02 Jan 2025 08:51:11 GMT[\r][\n]"
14:21:11.388 [main] DEBUG org.apache.http.wire --  << "Keep-Alive: timeout=60[\r][\n]"
14:21:11.388 [main] DEBUG org.apache.http.wire --  << "Connection: keep-alive[\r][\n]"
14:21:11.388 [main] DEBUG org.apache.http.wire --  << "[\r][\n]"
14:21:11.388 [main] DEBUG org.apache.http.impl.conn.DefaultClientConnection -- Receiving response: HTTP/1.1 401 
14:21:11.388 [main] DEBUG org.apache.http.headers -- << HTTP/1.1 401 
14:21:11.388 [main] DEBUG org.apache.http.headers -- << Set-Cookie: JSESSIONID=CDB8DF88AFFC631FCA023D9F3B0F840B; Path=/; HttpOnly
14:21:11.388 [main] DEBUG org.apache.http.headers -- << WWW-Authenticate: Basic realm="Realm"
14:21:11.388 [main] DEBUG org.apache.http.headers -- << X-Content-Type-Options: nosniff
14:21:11.388 [main] DEBUG org.apache.http.headers -- << X-XSS-Protection: 1; mode=block
14:21:11.388 [main] DEBUG org.apache.http.headers -- << Cache-Control: no-cache, no-store, max-age=0, must-revalidate
14:21:11.388 [main] DEBUG org.apache.http.headers -- << Pragma: no-cache
14:21:11.388 [main] DEBUG org.apache.http.headers -- << Expires: 0
14:21:11.388 [main] DEBUG org.apache.http.headers -- << X-Frame-Options: DENY
14:21:11.388 [main] DEBUG org.apache.http.headers -- << Content-Length: 0
14:21:11.388 [main] DEBUG org.apache.http.headers -- << Date: Thu, 02 Jan 2025 08:51:11 GMT
14:21:11.388 [main] DEBUG org.apache.http.headers -- << Keep-Alive: timeout=60
14:21:11.388 [main] DEBUG org.apache.http.headers -- << Connection: keep-alive
14:21:11.390 [main] DEBUG org.apache.http.impl.client.DefaultHttpClient -- Connection can be kept alive for 60000 MILLISECONDS
14:21:11.390 [main] DEBUG org.apache.http.impl.client.DefaultHttpClient -- Authentication required
14:21:11.390 [main] DEBUG org.apache.http.impl.client.DefaultHttpClient -- 13.60.22.209:7081 requested authentication
14:21:11.390 [main] DEBUG org.apache.http.impl.client.TargetAuthenticationStrategy -- Authentication schemes in the order of preference: [Negotiate, Kerberos, NTLM, CredSSP, Digest, Basic]
14:21:11.390 [main] DEBUG org.apache.http.impl.client.TargetAuthenticationStrategy -- Challenge for Negotiate authentication scheme not available
14:21:11.390 [main] DEBUG org.apache.http.impl.client.TargetAuthenticationStrategy -- Challenge for Kerberos authentication scheme not available
14:21:11.390 [main] DEBUG org.apache.http.impl.client.TargetAuthenticationStrategy -- Challenge for NTLM authentication scheme not available
14:21:11.390 [main] DEBUG org.apache.http.impl.client.TargetAuthenticationStrategy -- Challenge for CredSSP authentication scheme not available
14:21:11.390 [main] DEBUG org.apache.http.impl.client.TargetAuthenticationStrategy -- Challenge for Digest authentication scheme not available
14:21:11.390 [main] DEBUG org.apache.http.impl.client.DefaultHttpClient -- Selected authentication options: [BASIC [complete=true]]
14:21:11.390 [main] DEBUG org.apache.http.client.protocol.RequestAddCookies -- CookieSpec selected: ignoreCookies
14:21:11.390 [main] DEBUG org.apache.http.client.protocol.RequestAuthCache -- Auth cache not set in the context
14:21:11.390 [main] DEBUG org.apache.http.client.protocol.RequestTargetAuthentication -- Target auth state: CHALLENGED
14:21:11.391 [main] DEBUG org.apache.http.client.protocol.RequestTargetAuthentication -- Generating response to an authentication challenge using basic scheme
14:21:11.391 [main] DEBUG org.apache.http.client.protocol.RequestProxyAuthentication -- Proxy auth state: UNCHALLENGED
14:21:11.391 [main] DEBUG org.apache.http.impl.client.DefaultHttpClient -- Attempt 2 to execute request
14:21:11.391 [main] DEBUG org.apache.http.impl.conn.DefaultClientConnection -- Sending request: GET /api/books/1 HTTP/1.1
14:21:11.392 [main] DEBUG org.apache.http.wire --  >> "GET /api/books/1 HTTP/1.1[\r][\n]"
14:21:11.392 [main] DEBUG org.apache.http.wire --  >> "Accept: */*[\r][\n]"
14:21:11.392 [main] DEBUG org.apache.http.wire --  >> "Host: 13.60.22.209:7081[\r][\n]"
14:21:11.392 [main] DEBUG org.apache.http.wire --  >> "Connection: Keep-Alive[\r][\n]"
14:21:11.392 [main] DEBUG org.apache.http.wire --  >> "User-Agent: Apache-HttpClient/4.5.13 (Java/17.0.9)[\r][\n]"
14:21:11.392 [main] DEBUG org.apache.http.wire --  >> "Authorization: Basic YWRtaW46cGFzc3dvcmQ=[\r][\n]"
14:21:11.392 [main] DEBUG org.apache.http.wire --  >> "Accept-Encoding: gzip,deflate[\r][\n]"
14:21:11.393 [main] DEBUG org.apache.http.wire --  >> "[\r][\n]"
14:21:11.393 [main] DEBUG org.apache.http.headers -- >> GET /api/books/1 HTTP/1.1
14:21:11.393 [main] DEBUG org.apache.http.headers -- >> Accept: */*
14:21:11.393 [main] DEBUG org.apache.http.headers -- >> Host: 13.60.22.209:7081
14:21:11.393 [main] DEBUG org.apache.http.headers -- >> Connection: Keep-Alive
14:21:11.393 [main] DEBUG org.apache.http.headers -- >> User-Agent: Apache-HttpClient/4.5.13 (Java/17.0.9)
14:21:11.393 [main] DEBUG org.apache.http.headers -- >> Authorization: Basic YWRtaW46cGFzc3dvcmQ=
14:21:11.393 [main] DEBUG org.apache.http.headers -- >> Accept-Encoding: gzip,deflate
14:21:11.647 [main] DEBUG org.apache.http.wire --  << "HTTP/1.1 404 [\r][\n]"
14:21:11.647 [main] DEBUG org.apache.http.wire --  << "Set-Cookie: JSESSIONID=FB2E1D8E023B133FCACCF5AC3445CDA0; Path=/; HttpOnly[\r][\n]"
14:21:11.647 [main] DEBUG org.apache.http.wire --  << "X-Content-Type-Options: nosniff[\r][\n]"
14:21:11.647 [main] DEBUG org.apache.http.wire --  << "X-XSS-Protection: 1; mode=block[\r][\n]"
14:21:11.647 [main] DEBUG org.apache.http.wire --  << "Cache-Control: no-cache, no-store, max-age=0, must-revalidate[\r][\n]"
14:21:11.647 [main] DEBUG org.apache.http.wire --  << "Pragma: no-cache[\r][\n]"
14:21:11.648 [main] DEBUG org.apache.http.wire --  << "Expires: 0[\r][\n]"
14:21:11.648 [main] DEBUG org.apache.http.wire --  << "X-Frame-Options: DENY[\r][\n]"
14:21:11.648 [main] DEBUG org.apache.http.wire --  << "Content-Type: text/plain;charset=UTF-8[\r][\n]"
14:21:11.648 [main] DEBUG org.apache.http.wire --  << "Content-Length: 14[\r][\n]"
14:21:11.648 [main] DEBUG org.apache.http.wire --  << "Date: Thu, 02 Jan 2025 08:51:11 GMT[\r][\n]"
14:21:11.648 [main] DEBUG org.apache.http.wire --  << "Keep-Alive: timeout=60[\r][\n]"
14:21:11.648 [main] DEBUG org.apache.http.wire --  << "Connection: keep-alive[\r][\n]"
14:21:11.648 [main] DEBUG org.apache.http.wire --  << "[\r][\n]"
14:21:11.648 [main] DEBUG org.apache.http.impl.conn.DefaultClientConnection -- Receiving response: HTTP/1.1 404 
14:21:11.649 [main] DEBUG org.apache.http.headers -- << HTTP/1.1 404 
14:21:11.649 [main] DEBUG org.apache.http.headers -- << Set-Cookie: JSESSIONID=FB2E1D8E023B133FCACCF5AC3445CDA0; Path=/; HttpOnly
14:21:11.649 [main] DEBUG org.apache.http.headers -- << X-Content-Type-Options: nosniff
14:21:11.649 [main] DEBUG org.apache.http.headers -- << X-XSS-Protection: 1; mode=block
14:21:11.649 [main] DEBUG org.apache.http.headers -- << Cache-Control: no-cache, no-store, max-age=0, must-revalidate
14:21:11.649 [main] DEBUG org.apache.http.headers -- << Pragma: no-cache
14:21:11.649 [main] DEBUG org.apache.http.headers -- << Expires: 0
14:21:11.649 [main] DEBUG org.apache.http.headers -- << X-Frame-Options: DENY
14:21:11.649 [main] DEBUG org.apache.http.headers -- << Content-Type: text/plain;charset=UTF-8
14:21:11.649 [main] DEBUG org.apache.http.headers -- << Content-Length: 14
14:21:11.649 [main] DEBUG org.apache.http.headers -- << Date: Thu, 02 Jan 2025 08:51:11 GMT
14:21:11.649 [main] DEBUG org.apache.http.headers -- << Keep-Alive: timeout=60
14:21:11.649 [main] DEBUG org.apache.http.headers -- << Connection: keep-alive
14:21:11.650 [main] DEBUG org.apache.http.impl.client.DefaultHttpClient -- Connection can be kept alive for 60000 MILLISECONDS
14:21:11.650 [main] DEBUG org.apache.http.impl.client.DefaultHttpClient -- Authentication succeeded
14:21:11.650 [main] DEBUG org.apache.http.impl.client.TargetAuthenticationStrategy -- Caching 'basic' auth scheme for http://13.60.22.209:7081
14:21:11.650 [main] DEBUG io.restassured.internal.RestAssuredHttpBuilder -- Parsing response as: text/plain;charset=UTF-8
14:21:11.650 [main] DEBUG io.restassured.internal.RestAssuredHttpBuilder -- Parsed data to instance of: class org.apache.http.conn.EofSensorInputStream
]]></system-out>
  </testcase>
  <testcase name="testGetBookByIdAsRegularUser" classname="TestCases.GetBookAPITests" time="0.731">
    <failure message="Expected status code is 200 expected [200] but found [403]" type="java.lang.AssertionError"><![CDATA[java.lang.AssertionError: Expected status code is 200 expected [200] but found [403]
	at org.testng.Assert.fail(Assert.java:110)
	at org.testng.Assert.failNotEquals(Assert.java:1413)
	at org.testng.Assert.assertEqualsImpl(Assert.java:149)
	at org.testng.Assert.assertEquals(Assert.java:131)
	at org.testng.Assert.assertEquals(Assert.java:1240)
	at TestCases.GetBookAPITests.testGetBookByIdAsRegularUser(GetBookAPITests.java:133)
	at java.base/jdk.internal.reflect.NativeMethodAccessorImpl.invoke0(Native Method)
	at java.base/jdk.internal.reflect.NativeMethodAccessorImpl.invoke(NativeMethodAccessorImpl.java:77)
	at java.base/jdk.internal.reflect.DelegatingMethodAccessorImpl.invoke(DelegatingMethodAccessorImpl.java:43)
	at java.base/java.lang.reflect.Method.invoke(Method.java:568)
	at org.testng.internal.invokers.MethodInvocationHelper.invokeMethod(MethodInvocationHelper.java:139)
	at org.testng.internal.invokers.TestInvoker.invokeMethod(TestInvoker.java:677)
	at org.testng.internal.invokers.TestInvoker.invokeTestMethod(TestInvoker.java:221)
	at org.testng.internal.invokers.MethodRunner.runInSequence(MethodRunner.java:50)
	at org.testng.internal.invokers.TestInvoker$MethodInvocationAgent.invoke(TestInvoker.java:969)
	at org.testng.internal.invokers.TestInvoker.invokeTestMethods(TestInvoker.java:194)
	at org.testng.internal.invokers.TestMethodWorker.invokeTestMethods(TestMethodWorker.java:148)
	at org.testng.internal.invokers.TestMethodWorker.run(TestMethodWorker.java:128)
	at java.base/java.util.ArrayList.forEach(ArrayList.java:1511)
	at org.testng.TestRunner.privateRun(TestRunner.java:829)
	at org.testng.TestRunner.run(TestRunner.java:602)
	at org.testng.SuiteRunner.runTest(SuiteRunner.java:437)
	at org.testng.SuiteRunner.runSequentially(SuiteRunner.java:431)
	at org.testng.SuiteRunner.privateRun(SuiteRunner.java:391)
	at org.testng.SuiteRunner.run(SuiteRunner.java:330)
	at org.testng.SuiteRunnerWorker.runSuite(SuiteRunnerWorker.java:52)
	at org.testng.SuiteRunnerWorker.run(SuiteRunnerWorker.java:95)
	at org.testng.TestNG.runSuitesSequentially(TestNG.java:1256)
	at org.testng.TestNG.runSuitesLocally(TestNG.java:1176)
	at org.testng.TestNG.runSuites(TestNG.java:1099)
	at org.testng.TestNG.run(TestNG.java:1067)
	at org.apache.maven.surefire.testng.TestNGExecutor.run(TestNGExecutor.java:324)
	at org.apache.maven.surefire.testng.TestNGXmlTestSuite.execute(TestNGXmlTestSuite.java:74)
	at org.apache.maven.surefire.testng.TestNGProvider.invoke(TestNGProvider.java:123)
	at org.apache.maven.surefire.booter.ForkedBooter.runSuitesInProcess(ForkedBooter.java:456)
	at org.apache.maven.surefire.booter.ForkedBooter.execute(ForkedBooter.java:169)
	at org.apache.maven.surefire.booter.ForkedBooter.run(ForkedBooter.java:595)
	at org.apache.maven.surefire.booter.ForkedBooter.main(ForkedBooter.java:581)
]]></failure>
    <system-out><![CDATA[14:21:11.716 [Finalizer] DEBUG org.apache.http.impl.conn.DefaultClientConnection -- Connection 0.0.0.0:63177<->13.60.22.209:7081 closed
14:21:11.717 [Finalizer] DEBUG org.apache.http.impl.conn.DefaultClientConnection -- Connection 0.0.0.0:63178<->13.60.22.209:7081 closed
14:21:11.752 [main] DEBUG org.apache.http.impl.conn.BasicClientConnectionManager -- Get connection for route {}->http://13.60.22.209:7081
14:21:11.753 [main] DEBUG org.apache.http.impl.conn.DefaultClientConnectionOperator -- Connecting to 13.60.22.209:7081
14:21:11.931 [main] DEBUG org.apache.http.client.protocol.RequestAddCookies -- CookieSpec selected: ignoreCookies
14:21:11.931 [main] DEBUG org.apache.http.client.protocol.RequestAuthCache -- Auth cache not set in the context
14:21:11.931 [main] DEBUG org.apache.http.client.protocol.RequestTargetAuthentication -- Target auth state: UNCHALLENGED
14:21:11.932 [main] DEBUG org.apache.http.client.protocol.RequestProxyAuthentication -- Proxy auth state: UNCHALLENGED
14:21:11.932 [main] DEBUG org.apache.http.impl.client.DefaultHttpClient -- Attempt 1 to execute request
14:21:11.932 [main] DEBUG org.apache.http.impl.conn.DefaultClientConnection -- Sending request: GET /api/books/1 HTTP/1.1
14:21:11.932 [main] DEBUG org.apache.http.wire --  >> "GET /api/books/1 HTTP/1.1[\r][\n]"
14:21:11.932 [main] DEBUG org.apache.http.wire --  >> "Accept: */*[\r][\n]"
14:21:11.932 [main] DEBUG org.apache.http.wire --  >> "Host: 13.60.22.209:7081[\r][\n]"
14:21:11.932 [main] DEBUG org.apache.http.wire --  >> "Connection: Keep-Alive[\r][\n]"
14:21:11.932 [main] DEBUG org.apache.http.wire --  >> "User-Agent: Apache-HttpClient/4.5.13 (Java/17.0.9)[\r][\n]"
14:21:11.932 [main] DEBUG org.apache.http.wire --  >> "Accept-Encoding: gzip,deflate[\r][\n]"
14:21:11.932 [main] DEBUG org.apache.http.wire --  >> "[\r][\n]"
14:21:11.933 [main] DEBUG org.apache.http.headers -- >> GET /api/books/1 HTTP/1.1
14:21:11.933 [main] DEBUG org.apache.http.headers -- >> Accept: */*
14:21:11.933 [main] DEBUG org.apache.http.headers -- >> Host: 13.60.22.209:7081
14:21:11.933 [main] DEBUG org.apache.http.headers -- >> Connection: Keep-Alive
14:21:11.933 [main] DEBUG org.apache.http.headers -- >> User-Agent: Apache-HttpClient/4.5.13 (Java/17.0.9)
14:21:11.933 [main] DEBUG org.apache.http.headers -- >> Accept-Encoding: gzip,deflate
14:21:12.114 [main] DEBUG org.apache.http.wire --  << "HTTP/1.1 401 [\r][\n]"
14:21:12.115 [main] DEBUG org.apache.http.wire --  << "Set-Cookie: JSESSIONID=DEFAE31CAA214E3D0A839187ED6063A6; Path=/; HttpOnly[\r][\n]"
14:21:12.115 [main] DEBUG org.apache.http.wire --  << "WWW-Authenticate: Basic realm="Realm"[\r][\n]"
14:21:12.115 [main] DEBUG org.apache.http.wire --  << "X-Content-Type-Options: nosniff[\r][\n]"
14:21:12.115 [main] DEBUG org.apache.http.wire --  << "X-XSS-Protection: 1; mode=block[\r][\n]"
14:21:12.115 [main] DEBUG org.apache.http.wire --  << "Cache-Control: no-cache, no-store, max-age=0, must-revalidate[\r][\n]"
14:21:12.115 [main] DEBUG org.apache.http.wire --  << "Pragma: no-cache[\r][\n]"
14:21:12.115 [main] DEBUG org.apache.http.wire --  << "Expires: 0[\r][\n]"
14:21:12.115 [main] DEBUG org.apache.http.wire --  << "X-Frame-Options: DENY[\r][\n]"
14:21:12.115 [main] DEBUG org.apache.http.wire --  << "Content-Length: 0[\r][\n]"
14:21:12.115 [main] DEBUG org.apache.http.wire --  << "Date: Thu, 02 Jan 2025 08:51:12 GMT[\r][\n]"
14:21:12.115 [main] DEBUG org.apache.http.wire --  << "Keep-Alive: timeout=60[\r][\n]"
14:21:12.115 [main] DEBUG org.apache.http.wire --  << "Connection: keep-alive[\r][\n]"
14:21:12.115 [main] DEBUG org.apache.http.wire --  << "[\r][\n]"
14:21:12.115 [main] DEBUG org.apache.http.impl.conn.DefaultClientConnection -- Receiving response: HTTP/1.1 401 
14:21:12.115 [main] DEBUG org.apache.http.headers -- << HTTP/1.1 401 
14:21:12.115 [main] DEBUG org.apache.http.headers -- << Set-Cookie: JSESSIONID=DEFAE31CAA214E3D0A839187ED6063A6; Path=/; HttpOnly
14:21:12.115 [main] DEBUG org.apache.http.headers -- << WWW-Authenticate: Basic realm="Realm"
14:21:12.115 [main] DEBUG org.apache.http.headers -- << X-Content-Type-Options: nosniff
14:21:12.115 [main] DEBUG org.apache.http.headers -- << X-XSS-Protection: 1; mode=block
14:21:12.115 [main] DEBUG org.apache.http.headers -- << Cache-Control: no-cache, no-store, max-age=0, must-revalidate
14:21:12.115 [main] DEBUG org.apache.http.headers -- << Pragma: no-cache
14:21:12.115 [main] DEBUG org.apache.http.headers -- << Expires: 0
14:21:12.115 [main] DEBUG org.apache.http.headers -- << X-Frame-Options: DENY
14:21:12.115 [main] DEBUG org.apache.http.headers -- << Content-Length: 0
14:21:12.115 [main] DEBUG org.apache.http.headers -- << Date: Thu, 02 Jan 2025 08:51:12 GMT
14:21:12.115 [main] DEBUG org.apache.http.headers -- << Keep-Alive: timeout=60
14:21:12.115 [main] DEBUG org.apache.http.headers -- << Connection: keep-alive
14:21:12.115 [main] DEBUG org.apache.http.impl.client.DefaultHttpClient -- Connection can be kept alive for 60000 MILLISECONDS
14:21:12.115 [main] DEBUG org.apache.http.impl.client.DefaultHttpClient -- Authentication required
14:21:12.115 [main] DEBUG org.apache.http.impl.client.DefaultHttpClient -- 13.60.22.209:7081 requested authentication
14:21:12.115 [main] DEBUG org.apache.http.impl.client.TargetAuthenticationStrategy -- Authentication schemes in the order of preference: [Negotiate, Kerberos, NTLM, CredSSP, Digest, Basic]
14:21:12.115 [main] DEBUG org.apache.http.impl.client.TargetAuthenticationStrategy -- Challenge for Negotiate authentication scheme not available
14:21:12.115 [main] DEBUG org.apache.http.impl.client.TargetAuthenticationStrategy -- Challenge for Kerberos authentication scheme not available
14:21:12.115 [main] DEBUG org.apache.http.impl.client.TargetAuthenticationStrategy -- Challenge for NTLM authentication scheme not available
14:21:12.115 [main] DEBUG org.apache.http.impl.client.TargetAuthenticationStrategy -- Challenge for CredSSP authentication scheme not available
14:21:12.115 [main] DEBUG org.apache.http.impl.client.TargetAuthenticationStrategy -- Challenge for Digest authentication scheme not available
14:21:12.116 [main] DEBUG org.apache.http.impl.client.DefaultHttpClient -- Selected authentication options: [BASIC [complete=true]]
14:21:12.116 [main] DEBUG org.apache.http.client.protocol.RequestAddCookies -- CookieSpec selected: ignoreCookies
14:21:12.116 [main] DEBUG org.apache.http.client.protocol.RequestAuthCache -- Auth cache not set in the context
14:21:12.116 [main] DEBUG org.apache.http.client.protocol.RequestTargetAuthentication -- Target auth state: CHALLENGED
14:21:12.116 [main] DEBUG org.apache.http.client.protocol.RequestTargetAuthentication -- Generating response to an authentication challenge using basic scheme
14:21:12.116 [main] DEBUG org.apache.http.client.protocol.RequestProxyAuthentication -- Proxy auth state: UNCHALLENGED
14:21:12.116 [main] DEBUG org.apache.http.impl.client.DefaultHttpClient -- Attempt 2 to execute request
14:21:12.116 [main] DEBUG org.apache.http.impl.conn.DefaultClientConnection -- Sending request: GET /api/books/1 HTTP/1.1
14:21:12.116 [main] DEBUG org.apache.http.wire --  >> "GET /api/books/1 HTTP/1.1[\r][\n]"
14:21:12.116 [main] DEBUG org.apache.http.wire --  >> "Accept: */*[\r][\n]"
14:21:12.116 [main] DEBUG org.apache.http.wire --  >> "Host: 13.60.22.209:7081[\r][\n]"
14:21:12.116 [main] DEBUG org.apache.http.wire --  >> "Connection: Keep-Alive[\r][\n]"
14:21:12.116 [main] DEBUG org.apache.http.wire --  >> "User-Agent: Apache-HttpClient/4.5.13 (Java/17.0.9)[\r][\n]"
14:21:12.116 [main] DEBUG org.apache.http.wire --  >> "Authorization: Basic dXNlcjpwYXNzd29yZA==[\r][\n]"
14:21:12.116 [main] DEBUG org.apache.http.wire --  >> "Accept-Encoding: gzip,deflate[\r][\n]"
14:21:12.116 [main] DEBUG org.apache.http.wire --  >> "[\r][\n]"
14:21:12.116 [main] DEBUG org.apache.http.headers -- >> GET /api/books/1 HTTP/1.1
14:21:12.116 [main] DEBUG org.apache.http.headers -- >> Accept: */*
14:21:12.116 [main] DEBUG org.apache.http.headers -- >> Host: 13.60.22.209:7081
14:21:12.116 [main] DEBUG org.apache.http.headers -- >> Connection: Keep-Alive
14:21:12.116 [main] DEBUG org.apache.http.headers -- >> User-Agent: Apache-HttpClient/4.5.13 (Java/17.0.9)
14:21:12.116 [main] DEBUG org.apache.http.headers -- >> Authorization: Basic dXNlcjpwYXNzd29yZA==
14:21:12.116 [main] DEBUG org.apache.http.headers -- >> Accept-Encoding: gzip,deflate
14:21:12.402 [main] DEBUG org.apache.http.wire --  << "HTTP/1.1 403 [\r][\n]"
14:21:12.403 [main] DEBUG org.apache.http.wire --  << "Set-Cookie: JSESSIONID=8EADDF36C5E1EE127C0D18370E9F1534; Path=/; HttpOnly[\r][\n]"
14:21:12.403 [main] DEBUG org.apache.http.wire --  << "X-Content-Type-Options: nosniff[\r][\n]"
14:21:12.403 [main] DEBUG org.apache.http.wire --  << "X-XSS-Protection: 1; mode=block[\r][\n]"
14:21:12.403 [main] DEBUG org.apache.http.wire --  << "Cache-Control: no-cache, no-store, max-age=0, must-revalidate[\r][\n]"
14:21:12.403 [main] DEBUG org.apache.http.wire --  << "Pragma: no-cache[\r][\n]"
14:21:12.403 [main] DEBUG org.apache.http.wire --  << "Expires: 0[\r][\n]"
14:21:12.403 [main] DEBUG org.apache.http.wire --  << "X-Frame-Options: DENY[\r][\n]"
14:21:12.403 [main] DEBUG org.apache.http.wire --  << "Content-Type: text/plain;charset=UTF-8[\r][\n]"
14:21:12.403 [main] DEBUG org.apache.http.wire --  << "Content-Length: 22[\r][\n]"
14:21:12.404 [main] DEBUG org.apache.http.wire --  << "Date: Thu, 02 Jan 2025 08:51:12 GMT[\r][\n]"
14:21:12.404 [main] DEBUG org.apache.http.wire --  << "Keep-Alive: timeout=60[\r][\n]"
14:21:12.404 [main] DEBUG org.apache.http.wire --  << "Connection: keep-alive[\r][\n]"
14:21:12.404 [main] DEBUG org.apache.http.wire --  << "[\r][\n]"
14:21:12.404 [main] DEBUG org.apache.http.impl.conn.DefaultClientConnection -- Receiving response: HTTP/1.1 403 
14:21:12.404 [main] DEBUG org.apache.http.headers -- << HTTP/1.1 403 
14:21:12.404 [main] DEBUG org.apache.http.headers -- << Set-Cookie: JSESSIONID=8EADDF36C5E1EE127C0D18370E9F1534; Path=/; HttpOnly
14:21:12.404 [main] DEBUG org.apache.http.headers -- << X-Content-Type-Options: nosniff
14:21:12.404 [main] DEBUG org.apache.http.headers -- << X-XSS-Protection: 1; mode=block
14:21:12.404 [main] DEBUG org.apache.http.headers -- << Cache-Control: no-cache, no-store, max-age=0, must-revalidate
14:21:12.404 [main] DEBUG org.apache.http.headers -- << Pragma: no-cache
14:21:12.404 [main] DEBUG org.apache.http.headers -- << Expires: 0
14:21:12.404 [main] DEBUG org.apache.http.headers -- << X-Frame-Options: DENY
14:21:12.404 [main] DEBUG org.apache.http.headers -- << Content-Type: text/plain;charset=UTF-8
14:21:12.404 [main] DEBUG org.apache.http.headers -- << Content-Length: 22
14:21:12.404 [main] DEBUG org.apache.http.headers -- << Date: Thu, 02 Jan 2025 08:51:12 GMT
14:21:12.404 [main] DEBUG org.apache.http.headers -- << Keep-Alive: timeout=60
14:21:12.405 [main] DEBUG org.apache.http.headers -- << Connection: keep-alive
14:21:12.405 [main] DEBUG org.apache.http.impl.client.DefaultHttpClient -- Connection can be kept alive for 60000 MILLISECONDS
14:21:12.405 [main] DEBUG org.apache.http.impl.client.DefaultHttpClient -- Authentication succeeded
14:21:12.405 [main] DEBUG org.apache.http.impl.client.TargetAuthenticationStrategy -- Caching 'basic' auth scheme for http://13.60.22.209:7081
14:21:12.406 [main] DEBUG io.restassured.internal.RestAssuredHttpBuilder -- Parsing response as: text/plain;charset=UTF-8
14:21:12.406 [main] DEBUG io.restassured.internal.RestAssuredHttpBuilder -- Parsed data to instance of: class org.apache.http.conn.EofSensorInputStream
]]></system-out>
  </testcase>
  <testcase name="testGetBookByIdAsUser" classname="TestCases.GetBookAPITests" time="0.69">
    <failure message="Expected status code is 200 expected [200] but found [403]" type="java.lang.AssertionError"><![CDATA[java.lang.AssertionError: Expected status code is 200 expected [200] but found [403]
	at org.testng.Assert.fail(Assert.java:110)
	at org.testng.Assert.failNotEquals(Assert.java:1413)
	at org.testng.Assert.assertEqualsImpl(Assert.java:149)
	at org.testng.Assert.assertEquals(Assert.java:131)
	at org.testng.Assert.assertEquals(Assert.java:1240)
	at TestCases.GetBookAPITests.testGetBookByIdAsUser(GetBookAPITests.java:58)
	at java.base/jdk.internal.reflect.NativeMethodAccessorImpl.invoke0(Native Method)
	at java.base/jdk.internal.reflect.NativeMethodAccessorImpl.invoke(NativeMethodAccessorImpl.java:77)
	at java.base/jdk.internal.reflect.DelegatingMethodAccessorImpl.invoke(DelegatingMethodAccessorImpl.java:43)
	at java.base/java.lang.reflect.Method.invoke(Method.java:568)
	at org.testng.internal.invokers.MethodInvocationHelper.invokeMethod(MethodInvocationHelper.java:139)
	at org.testng.internal.invokers.TestInvoker.invokeMethod(TestInvoker.java:677)
	at org.testng.internal.invokers.TestInvoker.invokeTestMethod(TestInvoker.java:221)
	at org.testng.internal.invokers.MethodRunner.runInSequence(MethodRunner.java:50)
	at org.testng.internal.invokers.TestInvoker$MethodInvocationAgent.invoke(TestInvoker.java:969)
	at org.testng.internal.invokers.TestInvoker.invokeTestMethods(TestInvoker.java:194)
	at org.testng.internal.invokers.TestMethodWorker.invokeTestMethods(TestMethodWorker.java:148)
	at org.testng.internal.invokers.TestMethodWorker.run(TestMethodWorker.java:128)
	at java.base/java.util.ArrayList.forEach(ArrayList.java:1511)
	at org.testng.TestRunner.privateRun(TestRunner.java:829)
	at org.testng.TestRunner.run(TestRunner.java:602)
	at org.testng.SuiteRunner.runTest(SuiteRunner.java:437)
	at org.testng.SuiteRunner.runSequentially(SuiteRunner.java:431)
	at org.testng.SuiteRunner.privateRun(SuiteRunner.java:391)
	at org.testng.SuiteRunner.run(SuiteRunner.java:330)
	at org.testng.SuiteRunnerWorker.runSuite(SuiteRunnerWorker.java:52)
	at org.testng.SuiteRunnerWorker.run(SuiteRunnerWorker.java:95)
	at org.testng.TestNG.runSuitesSequentially(TestNG.java:1256)
	at org.testng.TestNG.runSuitesLocally(TestNG.java:1176)
	at org.testng.TestNG.runSuites(TestNG.java:1099)
	at org.testng.TestNG.run(TestNG.java:1067)
	at org.apache.maven.surefire.testng.TestNGExecutor.run(TestNGExecutor.java:324)
	at org.apache.maven.surefire.testng.TestNGXmlTestSuite.execute(TestNGXmlTestSuite.java:74)
	at org.apache.maven.surefire.testng.TestNGProvider.invoke(TestNGProvider.java:123)
	at org.apache.maven.surefire.booter.ForkedBooter.runSuitesInProcess(ForkedBooter.java:456)
	at org.apache.maven.surefire.booter.ForkedBooter.execute(ForkedBooter.java:169)
	at org.apache.maven.surefire.booter.ForkedBooter.run(ForkedBooter.java:595)
	at org.apache.maven.surefire.booter.ForkedBooter.main(ForkedBooter.java:581)
]]></failure>
    <system-out><![CDATA[14:21:12.430 [main] DEBUG org.apache.http.impl.conn.BasicClientConnectionManager -- Get connection for route {}->http://13.60.22.209:7081
14:21:12.430 [main] DEBUG org.apache.http.impl.conn.DefaultClientConnectionOperator -- Connecting to 13.60.22.209:7081
14:21:12.607 [main] DEBUG org.apache.http.client.protocol.RequestAddCookies -- CookieSpec selected: ignoreCookies
14:21:12.607 [main] DEBUG org.apache.http.client.protocol.RequestAuthCache -- Auth cache not set in the context
14:21:12.608 [main] DEBUG org.apache.http.client.protocol.RequestTargetAuthentication -- Target auth state: UNCHALLENGED
14:21:12.608 [main] DEBUG org.apache.http.client.protocol.RequestProxyAuthentication -- Proxy auth state: UNCHALLENGED
14:21:12.608 [main] DEBUG org.apache.http.impl.client.DefaultHttpClient -- Attempt 1 to execute request
14:21:12.608 [main] DEBUG org.apache.http.impl.conn.DefaultClientConnection -- Sending request: GET /api/books/1 HTTP/1.1
14:21:12.608 [main] DEBUG org.apache.http.wire --  >> "GET /api/books/1 HTTP/1.1[\r][\n]"
14:21:12.608 [main] DEBUG org.apache.http.wire --  >> "Accept: */*[\r][\n]"
14:21:12.608 [main] DEBUG org.apache.http.wire --  >> "Host: 13.60.22.209:7081[\r][\n]"
14:21:12.608 [main] DEBUG org.apache.http.wire --  >> "Connection: Keep-Alive[\r][\n]"
14:21:12.608 [main] DEBUG org.apache.http.wire --  >> "User-Agent: Apache-HttpClient/4.5.13 (Java/17.0.9)[\r][\n]"
14:21:12.608 [main] DEBUG org.apache.http.wire --  >> "Accept-Encoding: gzip,deflate[\r][\n]"
14:21:12.608 [main] DEBUG org.apache.http.wire --  >> "[\r][\n]"
14:21:12.608 [main] DEBUG org.apache.http.headers -- >> GET /api/books/1 HTTP/1.1
14:21:12.608 [main] DEBUG org.apache.http.headers -- >> Accept: */*
14:21:12.608 [main] DEBUG org.apache.http.headers -- >> Host: 13.60.22.209:7081
14:21:12.608 [main] DEBUG org.apache.http.headers -- >> Connection: Keep-Alive
14:21:12.608 [main] DEBUG org.apache.http.headers -- >> User-Agent: Apache-HttpClient/4.5.13 (Java/17.0.9)
14:21:12.608 [main] DEBUG org.apache.http.headers -- >> Accept-Encoding: gzip,deflate
14:21:12.788 [main] DEBUG org.apache.http.wire --  << "HTTP/1.1 401 [\r][\n]"
14:21:12.789 [main] DEBUG org.apache.http.wire --  << "Set-Cookie: JSESSIONID=8D8FD62A0BEB10456236BA9EBC1A1201; Path=/; HttpOnly[\r][\n]"
14:21:12.789 [main] DEBUG org.apache.http.wire --  << "WWW-Authenticate: Basic realm="Realm"[\r][\n]"
14:21:12.789 [main] DEBUG org.apache.http.wire --  << "X-Content-Type-Options: nosniff[\r][\n]"
14:21:12.789 [main] DEBUG org.apache.http.wire --  << "X-XSS-Protection: 1; mode=block[\r][\n]"
14:21:12.789 [main] DEBUG org.apache.http.wire --  << "Cache-Control: no-cache, no-store, max-age=0, must-revalidate[\r][\n]"
14:21:12.789 [main] DEBUG org.apache.http.wire --  << "Pragma: no-cache[\r][\n]"
14:21:12.789 [main] DEBUG org.apache.http.wire --  << "Expires: 0[\r][\n]"
14:21:12.789 [main] DEBUG org.apache.http.wire --  << "X-Frame-Options: DENY[\r][\n]"
14:21:12.789 [main] DEBUG org.apache.http.wire --  << "Content-Length: 0[\r][\n]"
14:21:12.789 [main] DEBUG org.apache.http.wire --  << "Date: Thu, 02 Jan 2025 08:51:12 GMT[\r][\n]"
14:21:12.789 [main] DEBUG org.apache.http.wire --  << "Keep-Alive: timeout=60[\r][\n]"
14:21:12.789 [main] DEBUG org.apache.http.wire --  << "Connection: keep-alive[\r][\n]"
14:21:12.789 [main] DEBUG org.apache.http.wire --  << "[\r][\n]"
14:21:12.789 [main] DEBUG org.apache.http.impl.conn.DefaultClientConnection -- Receiving response: HTTP/1.1 401 
14:21:12.789 [main] DEBUG org.apache.http.headers -- << HTTP/1.1 401 
14:21:12.790 [main] DEBUG org.apache.http.headers -- << Set-Cookie: JSESSIONID=8D8FD62A0BEB10456236BA9EBC1A1201; Path=/; HttpOnly
14:21:12.790 [main] DEBUG org.apache.http.headers -- << WWW-Authenticate: Basic realm="Realm"
14:21:12.790 [main] DEBUG org.apache.http.headers -- << X-Content-Type-Options: nosniff
14:21:12.790 [main] DEBUG org.apache.http.headers -- << X-XSS-Protection: 1; mode=block
14:21:12.790 [main] DEBUG org.apache.http.headers -- << Cache-Control: no-cache, no-store, max-age=0, must-revalidate
14:21:12.790 [main] DEBUG org.apache.http.headers -- << Pragma: no-cache
14:21:12.790 [main] DEBUG org.apache.http.headers -- << Expires: 0
14:21:12.790 [main] DEBUG org.apache.http.headers -- << X-Frame-Options: DENY
14:21:12.790 [main] DEBUG org.apache.http.headers -- << Content-Length: 0
14:21:12.790 [main] DEBUG org.apache.http.headers -- << Date: Thu, 02 Jan 2025 08:51:12 GMT
14:21:12.790 [main] DEBUG org.apache.http.headers -- << Keep-Alive: timeout=60
14:21:12.790 [main] DEBUG org.apache.http.headers -- << Connection: keep-alive
14:21:12.790 [main] DEBUG org.apache.http.impl.client.DefaultHttpClient -- Connection can be kept alive for 60000 MILLISECONDS
14:21:12.790 [main] DEBUG org.apache.http.impl.client.DefaultHttpClient -- Authentication required
14:21:12.790 [main] DEBUG org.apache.http.impl.client.DefaultHttpClient -- 13.60.22.209:7081 requested authentication
14:21:12.790 [main] DEBUG org.apache.http.impl.client.TargetAuthenticationStrategy -- Authentication schemes in the order of preference: [Negotiate, Kerberos, NTLM, CredSSP, Digest, Basic]
14:21:12.790 [main] DEBUG org.apache.http.impl.client.TargetAuthenticationStrategy -- Challenge for Negotiate authentication scheme not available
14:21:12.790 [main] DEBUG org.apache.http.impl.client.TargetAuthenticationStrategy -- Challenge for Kerberos authentication scheme not available
14:21:12.790 [main] DEBUG org.apache.http.impl.client.TargetAuthenticationStrategy -- Challenge for NTLM authentication scheme not available
14:21:12.790 [main] DEBUG org.apache.http.impl.client.TargetAuthenticationStrategy -- Challenge for CredSSP authentication scheme not available
14:21:12.790 [main] DEBUG org.apache.http.impl.client.TargetAuthenticationStrategy -- Challenge for Digest authentication scheme not available
14:21:12.790 [main] DEBUG org.apache.http.impl.client.DefaultHttpClient -- Selected authentication options: [BASIC [complete=true]]
14:21:12.790 [main] DEBUG org.apache.http.client.protocol.RequestAddCookies -- CookieSpec selected: ignoreCookies
14:21:12.790 [main] DEBUG org.apache.http.client.protocol.RequestAuthCache -- Auth cache not set in the context
14:21:12.790 [main] DEBUG org.apache.http.client.protocol.RequestTargetAuthentication -- Target auth state: CHALLENGED
14:21:12.790 [main] DEBUG org.apache.http.client.protocol.RequestTargetAuthentication -- Generating response to an authentication challenge using basic scheme
14:21:12.790 [main] DEBUG org.apache.http.client.protocol.RequestProxyAuthentication -- Proxy auth state: UNCHALLENGED
14:21:12.791 [main] DEBUG org.apache.http.impl.client.DefaultHttpClient -- Attempt 2 to execute request
14:21:12.791 [main] DEBUG org.apache.http.impl.conn.DefaultClientConnection -- Sending request: GET /api/books/1 HTTP/1.1
14:21:12.791 [main] DEBUG org.apache.http.wire --  >> "GET /api/books/1 HTTP/1.1[\r][\n]"
14:21:12.791 [main] DEBUG org.apache.http.wire --  >> "Accept: */*[\r][\n]"
14:21:12.791 [main] DEBUG org.apache.http.wire --  >> "Host: 13.60.22.209:7081[\r][\n]"
14:21:12.791 [main] DEBUG org.apache.http.wire --  >> "Connection: Keep-Alive[\r][\n]"
14:21:12.791 [main] DEBUG org.apache.http.wire --  >> "User-Agent: Apache-HttpClient/4.5.13 (Java/17.0.9)[\r][\n]"
14:21:12.791 [main] DEBUG org.apache.http.wire --  >> "Authorization: Basic dXNlcjpwYXNzd29yZA==[\r][\n]"
14:21:12.791 [main] DEBUG org.apache.http.wire --  >> "Accept-Encoding: gzip,deflate[\r][\n]"
14:21:12.791 [main] DEBUG org.apache.http.wire --  >> "[\r][\n]"
14:21:12.791 [main] DEBUG org.apache.http.headers -- >> GET /api/books/1 HTTP/1.1
14:21:12.791 [main] DEBUG org.apache.http.headers -- >> Accept: */*
14:21:12.791 [main] DEBUG org.apache.http.headers -- >> Host: 13.60.22.209:7081
14:21:12.791 [main] DEBUG org.apache.http.headers -- >> Connection: Keep-Alive
14:21:12.791 [main] DEBUG org.apache.http.headers -- >> User-Agent: Apache-HttpClient/4.5.13 (Java/17.0.9)
14:21:12.791 [main] DEBUG org.apache.http.headers -- >> Authorization: Basic dXNlcjpwYXNzd29yZA==
14:21:12.791 [main] DEBUG org.apache.http.headers -- >> Accept-Encoding: gzip,deflate
14:21:13.100 [main] DEBUG org.apache.http.wire --  << "HTTP/1.1 403 [\r][\n]"
14:21:13.100 [main] DEBUG org.apache.http.wire --  << "Set-Cookie: JSESSIONID=2D29482253971DA62A6D2265FEF4B3DC; Path=/; HttpOnly[\r][\n]"
14:21:13.100 [main] DEBUG org.apache.http.wire --  << "X-Content-Type-Options: nosniff[\r][\n]"
14:21:13.100 [main] DEBUG org.apache.http.wire --  << "X-XSS-Protection: 1; mode=block[\r][\n]"
14:21:13.100 [main] DEBUG org.apache.http.wire --  << "Cache-Control: no-cache, no-store, max-age=0, must-revalidate[\r][\n]"
14:21:13.101 [main] DEBUG org.apache.http.wire --  << "Pragma: no-cache[\r][\n]"
14:21:13.101 [main] DEBUG org.apache.http.wire --  << "Expires: 0[\r][\n]"
14:21:13.101 [main] DEBUG org.apache.http.wire --  << "X-Frame-Options: DENY[\r][\n]"
14:21:13.101 [main] DEBUG org.apache.http.wire --  << "Content-Type: text/plain;charset=UTF-8[\r][\n]"
14:21:13.101 [main] DEBUG org.apache.http.wire --  << "Content-Length: 22[\r][\n]"
14:21:13.101 [main] DEBUG org.apache.http.wire --  << "Date: Thu, 02 Jan 2025 08:51:12 GMT[\r][\n]"
14:21:13.101 [main] DEBUG org.apache.http.wire --  << "Keep-Alive: timeout=60[\r][\n]"
14:21:13.101 [main] DEBUG org.apache.http.wire --  << "Connection: keep-alive[\r][\n]"
14:21:13.101 [main] DEBUG org.apache.http.wire --  << "[\r][\n]"
14:21:13.101 [main] DEBUG org.apache.http.impl.conn.DefaultClientConnection -- Receiving response: HTTP/1.1 403 
14:21:13.101 [main] DEBUG org.apache.http.headers -- << HTTP/1.1 403 
14:21:13.101 [main] DEBUG org.apache.http.headers -- << Set-Cookie: JSESSIONID=2D29482253971DA62A6D2265FEF4B3DC; Path=/; HttpOnly
14:21:13.101 [main] DEBUG org.apache.http.headers -- << X-Content-Type-Options: nosniff
14:21:13.101 [main] DEBUG org.apache.http.headers -- << X-XSS-Protection: 1; mode=block
14:21:13.101 [main] DEBUG org.apache.http.headers -- << Cache-Control: no-cache, no-store, max-age=0, must-revalidate
14:21:13.101 [main] DEBUG org.apache.http.headers -- << Pragma: no-cache
14:21:13.101 [main] DEBUG org.apache.http.headers -- << Expires: 0
14:21:13.101 [main] DEBUG org.apache.http.headers -- << X-Frame-Options: DENY
14:21:13.101 [main] DEBUG org.apache.http.headers -- << Content-Type: text/plain;charset=UTF-8
14:21:13.101 [main] DEBUG org.apache.http.headers -- << Content-Length: 22
14:21:13.101 [main] DEBUG org.apache.http.headers -- << Date: Thu, 02 Jan 2025 08:51:12 GMT
14:21:13.101 [main] DEBUG org.apache.http.headers -- << Keep-Alive: timeout=60
14:21:13.101 [main] DEBUG org.apache.http.headers -- << Connection: keep-alive
14:21:13.101 [main] DEBUG org.apache.http.impl.client.DefaultHttpClient -- Connection can be kept alive for 60000 MILLISECONDS
14:21:13.101 [main] DEBUG org.apache.http.impl.client.DefaultHttpClient -- Authentication succeeded
14:21:13.101 [main] DEBUG org.apache.http.impl.client.TargetAuthenticationStrategy -- Caching 'basic' auth scheme for http://13.60.22.209:7081
14:21:13.101 [main] DEBUG io.restassured.internal.RestAssuredHttpBuilder -- Parsing response as: text/plain;charset=UTF-8
14:21:13.102 [main] DEBUG io.restassured.internal.RestAssuredHttpBuilder -- Parsed data to instance of: class org.apache.http.conn.EofSensorInputStream
]]></system-out>
  </testcase>
  <testcase name="testGetBookByInvalidIdAsAdmin" classname="TestCases.GetBookAPITests" time="0.583">
    <system-out><![CDATA[14:21:13.111 [main] DEBUG org.apache.http.impl.conn.BasicClientConnectionManager -- Get connection for route {}->http://13.60.22.209:7081
14:21:13.111 [main] DEBUG org.apache.http.impl.conn.DefaultClientConnectionOperator -- Connecting to 13.60.22.209:7081
14:21:13.268 [main] DEBUG org.apache.http.client.protocol.RequestAddCookies -- CookieSpec selected: ignoreCookies
14:21:13.268 [main] DEBUG org.apache.http.client.protocol.RequestAuthCache -- Auth cache not set in the context
14:21:13.268 [main] DEBUG org.apache.http.client.protocol.RequestTargetAuthentication -- Target auth state: UNCHALLENGED
14:21:13.268 [main] DEBUG org.apache.http.client.protocol.RequestProxyAuthentication -- Proxy auth state: UNCHALLENGED
14:21:13.268 [main] DEBUG org.apache.http.impl.client.DefaultHttpClient -- Attempt 1 to execute request
14:21:13.268 [main] DEBUG org.apache.http.impl.conn.DefaultClientConnection -- Sending request: GET /api/books/9999 HTTP/1.1
14:21:13.269 [main] DEBUG org.apache.http.wire --  >> "GET /api/books/9999 HTTP/1.1[\r][\n]"
14:21:13.269 [main] DEBUG org.apache.http.wire --  >> "Accept: */*[\r][\n]"
14:21:13.269 [main] DEBUG org.apache.http.wire --  >> "Host: 13.60.22.209:7081[\r][\n]"
14:21:13.269 [main] DEBUG org.apache.http.wire --  >> "Connection: Keep-Alive[\r][\n]"
14:21:13.269 [main] DEBUG org.apache.http.wire --  >> "User-Agent: Apache-HttpClient/4.5.13 (Java/17.0.9)[\r][\n]"
14:21:13.269 [main] DEBUG org.apache.http.wire --  >> "Accept-Encoding: gzip,deflate[\r][\n]"
14:21:13.269 [main] DEBUG org.apache.http.wire --  >> "[\r][\n]"
14:21:13.269 [main] DEBUG org.apache.http.headers -- >> GET /api/books/9999 HTTP/1.1
14:21:13.269 [main] DEBUG org.apache.http.headers -- >> Accept: */*
14:21:13.269 [main] DEBUG org.apache.http.headers -- >> Host: 13.60.22.209:7081
14:21:13.269 [main] DEBUG org.apache.http.headers -- >> Connection: Keep-Alive
14:21:13.270 [main] DEBUG org.apache.http.headers -- >> User-Agent: Apache-HttpClient/4.5.13 (Java/17.0.9)
14:21:13.270 [main] DEBUG org.apache.http.headers -- >> Accept-Encoding: gzip,deflate
14:21:13.427 [main] DEBUG org.apache.http.wire --  << "HTTP/1.1 401 [\r][\n]"
14:21:13.427 [main] DEBUG org.apache.http.wire --  << "Set-Cookie: JSESSIONID=3DFB269F30994B78F95F127BC390CF7C; Path=/; HttpOnly[\r][\n]"
14:21:13.427 [main] DEBUG org.apache.http.wire --  << "WWW-Authenticate: Basic realm="Realm"[\r][\n]"
14:21:13.427 [main] DEBUG org.apache.http.wire --  << "X-Content-Type-Options: nosniff[\r][\n]"
14:21:13.427 [main] DEBUG org.apache.http.wire --  << "X-XSS-Protection: 1; mode=block[\r][\n]"
14:21:13.427 [main] DEBUG org.apache.http.wire --  << "Cache-Control: no-cache, no-store, max-age=0, must-revalidate[\r][\n]"
14:21:13.427 [main] DEBUG org.apache.http.wire --  << "Pragma: no-cache[\r][\n]"
14:21:13.427 [main] DEBUG org.apache.http.wire --  << "Expires: 0[\r][\n]"
14:21:13.427 [main] DEBUG org.apache.http.wire --  << "X-Frame-Options: DENY[\r][\n]"
14:21:13.427 [main] DEBUG org.apache.http.wire --  << "Content-Length: 0[\r][\n]"
14:21:13.427 [main] DEBUG org.apache.http.wire --  << "Date: Thu, 02 Jan 2025 08:51:13 GMT[\r][\n]"
14:21:13.427 [main] DEBUG org.apache.http.wire --  << "Keep-Alive: timeout=60[\r][\n]"
14:21:13.427 [main] DEBUG org.apache.http.wire --  << "Connection: keep-alive[\r][\n]"
14:21:13.428 [main] DEBUG org.apache.http.wire --  << "[\r][\n]"
14:21:13.428 [main] DEBUG org.apache.http.impl.conn.DefaultClientConnection -- Receiving response: HTTP/1.1 401 
14:21:13.428 [main] DEBUG org.apache.http.headers -- << HTTP/1.1 401 
14:21:13.428 [main] DEBUG org.apache.http.headers -- << Set-Cookie: JSESSIONID=3DFB269F30994B78F95F127BC390CF7C; Path=/; HttpOnly
14:21:13.428 [main] DEBUG org.apache.http.headers -- << WWW-Authenticate: Basic realm="Realm"
14:21:13.428 [main] DEBUG org.apache.http.headers -- << X-Content-Type-Options: nosniff
14:21:13.428 [main] DEBUG org.apache.http.headers -- << X-XSS-Protection: 1; mode=block
14:21:13.428 [main] DEBUG org.apache.http.headers -- << Cache-Control: no-cache, no-store, max-age=0, must-revalidate
14:21:13.428 [main] DEBUG org.apache.http.headers -- << Pragma: no-cache
14:21:13.428 [main] DEBUG org.apache.http.headers -- << Expires: 0
14:21:13.429 [main] DEBUG org.apache.http.headers -- << X-Frame-Options: DENY
14:21:13.429 [main] DEBUG org.apache.http.headers -- << Content-Length: 0
14:21:13.429 [main] DEBUG org.apache.http.headers -- << Date: Thu, 02 Jan 2025 08:51:13 GMT
14:21:13.429 [main] DEBUG org.apache.http.headers -- << Keep-Alive: timeout=60
14:21:13.429 [main] DEBUG org.apache.http.headers -- << Connection: keep-alive
14:21:13.429 [main] DEBUG org.apache.http.impl.client.DefaultHttpClient -- Connection can be kept alive for 60000 MILLISECONDS
14:21:13.429 [main] DEBUG org.apache.http.impl.client.DefaultHttpClient -- Authentication required
14:21:13.429 [main] DEBUG org.apache.http.impl.client.DefaultHttpClient -- 13.60.22.209:7081 requested authentication
14:21:13.429 [main] DEBUG org.apache.http.impl.client.TargetAuthenticationStrategy -- Authentication schemes in the order of preference: [Negotiate, Kerberos, NTLM, CredSSP, Digest, Basic]
14:21:13.429 [main] DEBUG org.apache.http.impl.client.TargetAuthenticationStrategy -- Challenge for Negotiate authentication scheme not available
14:21:13.429 [main] DEBUG org.apache.http.impl.client.TargetAuthenticationStrategy -- Challenge for Kerberos authentication scheme not available
14:21:13.429 [main] DEBUG org.apache.http.impl.client.TargetAuthenticationStrategy -- Challenge for NTLM authentication scheme not available
14:21:13.429 [main] DEBUG org.apache.http.impl.client.TargetAuthenticationStrategy -- Challenge for CredSSP authentication scheme not available
14:21:13.429 [main] DEBUG org.apache.http.impl.client.TargetAuthenticationStrategy -- Challenge for Digest authentication scheme not available
14:21:13.430 [main] DEBUG org.apache.http.impl.client.DefaultHttpClient -- Selected authentication options: [BASIC [complete=true]]
14:21:13.430 [main] DEBUG org.apache.http.client.protocol.RequestAddCookies -- CookieSpec selected: ignoreCookies
14:21:13.430 [main] DEBUG org.apache.http.client.protocol.RequestAuthCache -- Auth cache not set in the context
14:21:13.430 [main] DEBUG org.apache.http.client.protocol.RequestTargetAuthentication -- Target auth state: CHALLENGED
14:21:13.430 [main] DEBUG org.apache.http.client.protocol.RequestTargetAuthentication -- Generating response to an authentication challenge using basic scheme
14:21:13.430 [main] DEBUG org.apache.http.client.protocol.RequestProxyAuthentication -- Proxy auth state: UNCHALLENGED
14:21:13.430 [main] DEBUG org.apache.http.impl.client.DefaultHttpClient -- Attempt 2 to execute request
14:21:13.430 [main] DEBUG org.apache.http.impl.conn.DefaultClientConnection -- Sending request: GET /api/books/9999 HTTP/1.1
14:21:13.430 [main] DEBUG org.apache.http.wire --  >> "GET /api/books/9999 HTTP/1.1[\r][\n]"
14:21:13.431 [main] DEBUG org.apache.http.wire --  >> "Accept: */*[\r][\n]"
14:21:13.431 [main] DEBUG org.apache.http.wire --  >> "Host: 13.60.22.209:7081[\r][\n]"
14:21:13.431 [main] DEBUG org.apache.http.wire --  >> "Connection: Keep-Alive[\r][\n]"
14:21:13.431 [main] DEBUG org.apache.http.wire --  >> "User-Agent: Apache-HttpClient/4.5.13 (Java/17.0.9)[\r][\n]"
14:21:13.431 [main] DEBUG org.apache.http.wire --  >> "Authorization: Basic YWRtaW46cGFzc3dvcmQ=[\r][\n]"
14:21:13.431 [main] DEBUG org.apache.http.wire --  >> "Accept-Encoding: gzip,deflate[\r][\n]"
14:21:13.431 [main] DEBUG org.apache.http.wire --  >> "[\r][\n]"
14:21:13.431 [main] DEBUG org.apache.http.headers -- >> GET /api/books/9999 HTTP/1.1
14:21:13.431 [main] DEBUG org.apache.http.headers -- >> Accept: */*
14:21:13.431 [main] DEBUG org.apache.http.headers -- >> Host: 13.60.22.209:7081
14:21:13.431 [main] DEBUG org.apache.http.headers -- >> Connection: Keep-Alive
14:21:13.431 [main] DEBUG org.apache.http.headers -- >> User-Agent: Apache-HttpClient/4.5.13 (Java/17.0.9)
14:21:13.431 [main] DEBUG org.apache.http.headers -- >> Authorization: Basic YWRtaW46cGFzc3dvcmQ=
14:21:13.431 [main] DEBUG org.apache.http.headers -- >> Accept-Encoding: gzip,deflate
14:21:13.680 [main] DEBUG org.apache.http.wire --  << "HTTP/1.1 404 [\r][\n]"
14:21:13.680 [main] DEBUG org.apache.http.wire --  << "Set-Cookie: JSESSIONID=71A13E790AC7AB24AB101BBEF25A85B5; Path=/; HttpOnly[\r][\n]"
14:21:13.680 [main] DEBUG org.apache.http.wire --  << "X-Content-Type-Options: nosniff[\r][\n]"
14:21:13.680 [main] DEBUG org.apache.http.wire --  << "X-XSS-Protection: 1; mode=block[\r][\n]"
14:21:13.680 [main] DEBUG org.apache.http.wire --  << "Cache-Control: no-cache, no-store, max-age=0, must-revalidate[\r][\n]"
14:21:13.680 [main] DEBUG org.apache.http.wire --  << "Pragma: no-cache[\r][\n]"
14:21:13.680 [main] DEBUG org.apache.http.wire --  << "Expires: 0[\r][\n]"
14:21:13.680 [main] DEBUG org.apache.http.wire --  << "X-Frame-Options: DENY[\r][\n]"
14:21:13.681 [main] DEBUG org.apache.http.wire --  << "Content-Type: text/plain;charset=UTF-8[\r][\n]"
14:21:13.681 [main] DEBUG org.apache.http.wire --  << "Content-Length: 14[\r][\n]"
14:21:13.681 [main] DEBUG org.apache.http.wire --  << "Date: Thu, 02 Jan 2025 08:51:13 GMT[\r][\n]"
14:21:13.681 [main] DEBUG org.apache.http.wire --  << "Keep-Alive: timeout=60[\r][\n]"
14:21:13.681 [main] DEBUG org.apache.http.wire --  << "Connection: keep-alive[\r][\n]"
14:21:13.681 [main] DEBUG org.apache.http.wire --  << "[\r][\n]"
14:21:13.681 [main] DEBUG org.apache.http.impl.conn.DefaultClientConnection -- Receiving response: HTTP/1.1 404 
14:21:13.681 [main] DEBUG org.apache.http.headers -- << HTTP/1.1 404 
14:21:13.681 [main] DEBUG org.apache.http.headers -- << Set-Cookie: JSESSIONID=71A13E790AC7AB24AB101BBEF25A85B5; Path=/; HttpOnly
14:21:13.681 [main] DEBUG org.apache.http.headers -- << X-Content-Type-Options: nosniff
14:21:13.681 [main] DEBUG org.apache.http.headers -- << X-XSS-Protection: 1; mode=block
14:21:13.681 [main] DEBUG org.apache.http.headers -- << Cache-Control: no-cache, no-store, max-age=0, must-revalidate
14:21:13.681 [main] DEBUG org.apache.http.headers -- << Pragma: no-cache
14:21:13.681 [main] DEBUG org.apache.http.headers -- << Expires: 0
14:21:13.681 [main] DEBUG org.apache.http.headers -- << X-Frame-Options: DENY
14:21:13.681 [main] DEBUG org.apache.http.headers -- << Content-Type: text/plain;charset=UTF-8
14:21:13.681 [main] DEBUG org.apache.http.headers -- << Content-Length: 14
14:21:13.681 [main] DEBUG org.apache.http.headers -- << Date: Thu, 02 Jan 2025 08:51:13 GMT
14:21:13.681 [main] DEBUG org.apache.http.headers -- << Keep-Alive: timeout=60
14:21:13.681 [main] DEBUG org.apache.http.headers -- << Connection: keep-alive
14:21:13.681 [main] DEBUG org.apache.http.impl.client.DefaultHttpClient -- Connection can be kept alive for 60000 MILLISECONDS
14:21:13.681 [main] DEBUG org.apache.http.impl.client.DefaultHttpClient -- Authentication succeeded
14:21:13.681 [main] DEBUG org.apache.http.impl.client.TargetAuthenticationStrategy -- Caching 'basic' auth scheme for http://13.60.22.209:7081
14:21:13.682 [main] DEBUG io.restassured.internal.RestAssuredHttpBuilder -- Parsing response as: text/plain;charset=UTF-8
14:21:13.682 [main] DEBUG io.restassured.internal.RestAssuredHttpBuilder -- Parsed data to instance of: class org.apache.http.conn.EofSensorInputStream
14:21:13.685 [main] DEBUG org.apache.http.wire --  << "Book not found"
14:21:13.685 [main] DEBUG org.apache.http.impl.conn.BasicClientConnectionManager -- Releasing connection org.apache.http.impl.conn.ManagedClientConnectionImpl@6bcc3f27
14:21:13.685 [main] DEBUG org.apache.http.impl.conn.BasicClientConnectionManager -- Connection can be kept alive for 60000 MILLISECONDS
]]></system-out>
  </testcase>
  <testcase name="testGetBookByValidIdAsAdmin" classname="TestCases.GetBookAPITests" time="0.584">
    <failure message="Expected status code is 200 expected [400] but found [404]" type="java.lang.AssertionError"><![CDATA[java.lang.AssertionError: Expected status code is 200 expected [400] but found [404]
	at org.testng.Assert.fail(Assert.java:110)
	at org.testng.Assert.failNotEquals(Assert.java:1413)
	at org.testng.Assert.assertEqualsImpl(Assert.java:149)
	at org.testng.Assert.assertEquals(Assert.java:131)
	at org.testng.Assert.assertEquals(Assert.java:1240)
	at TestCases.GetBookAPITests.testGetBookByValidIdAsAdmin(GetBookAPITests.java:91)
	at java.base/jdk.internal.reflect.NativeMethodAccessorImpl.invoke0(Native Method)
	at java.base/jdk.internal.reflect.NativeMethodAccessorImpl.invoke(NativeMethodAccessorImpl.java:77)
	at java.base/jdk.internal.reflect.DelegatingMethodAccessorImpl.invoke(DelegatingMethodAccessorImpl.java:43)
	at java.base/java.lang.reflect.Method.invoke(Method.java:568)
	at org.testng.internal.invokers.MethodInvocationHelper.invokeMethod(MethodInvocationHelper.java:139)
	at org.testng.internal.invokers.TestInvoker.invokeMethod(TestInvoker.java:677)
	at org.testng.internal.invokers.TestInvoker.invokeTestMethod(TestInvoker.java:221)
	at org.testng.internal.invokers.MethodRunner.runInSequence(MethodRunner.java:50)
	at org.testng.internal.invokers.TestInvoker$MethodInvocationAgent.invoke(TestInvoker.java:969)
	at org.testng.internal.invokers.TestInvoker.invokeTestMethods(TestInvoker.java:194)
	at org.testng.internal.invokers.TestMethodWorker.invokeTestMethods(TestMethodWorker.java:148)
	at org.testng.internal.invokers.TestMethodWorker.run(TestMethodWorker.java:128)
	at java.base/java.util.ArrayList.forEach(ArrayList.java:1511)
	at org.testng.TestRunner.privateRun(TestRunner.java:829)
	at org.testng.TestRunner.run(TestRunner.java:602)
	at org.testng.SuiteRunner.runTest(SuiteRunner.java:437)
	at org.testng.SuiteRunner.runSequentially(SuiteRunner.java:431)
	at org.testng.SuiteRunner.privateRun(SuiteRunner.java:391)
	at org.testng.SuiteRunner.run(SuiteRunner.java:330)
	at org.testng.SuiteRunnerWorker.runSuite(SuiteRunnerWorker.java:52)
	at org.testng.SuiteRunnerWorker.run(SuiteRunnerWorker.java:95)
	at org.testng.TestNG.runSuitesSequentially(TestNG.java:1256)
	at org.testng.TestNG.runSuitesLocally(TestNG.java:1176)
	at org.testng.TestNG.runSuites(TestNG.java:1099)
	at org.testng.TestNG.run(TestNG.java:1067)
	at org.apache.maven.surefire.testng.TestNGExecutor.run(TestNGExecutor.java:324)
	at org.apache.maven.surefire.testng.TestNGXmlTestSuite.execute(TestNGXmlTestSuite.java:74)
	at org.apache.maven.surefire.testng.TestNGProvider.invoke(TestNGProvider.java:123)
	at org.apache.maven.surefire.booter.ForkedBooter.runSuitesInProcess(ForkedBooter.java:456)
	at org.apache.maven.surefire.booter.ForkedBooter.execute(ForkedBooter.java:169)
	at org.apache.maven.surefire.booter.ForkedBooter.run(ForkedBooter.java:595)
	at org.apache.maven.surefire.booter.ForkedBooter.main(ForkedBooter.java:581)
]]></failure>
    <system-out><![CDATA[14:21:13.696 [main] DEBUG org.apache.http.impl.conn.BasicClientConnectionManager -- Get connection for route {}->http://13.60.22.209:7081
14:21:13.696 [main] DEBUG org.apache.http.impl.conn.DefaultClientConnectionOperator -- Connecting to 13.60.22.209:7081
14:21:13.854 [main] DEBUG org.apache.http.client.protocol.RequestAddCookies -- CookieSpec selected: ignoreCookies
14:21:13.854 [main] DEBUG org.apache.http.client.protocol.RequestAuthCache -- Auth cache not set in the context
14:21:13.854 [main] DEBUG org.apache.http.client.protocol.RequestTargetAuthentication -- Target auth state: UNCHALLENGED
14:21:13.854 [main] DEBUG org.apache.http.client.protocol.RequestProxyAuthentication -- Proxy auth state: UNCHALLENGED
14:21:13.854 [main] DEBUG org.apache.http.impl.client.DefaultHttpClient -- Attempt 1 to execute request
14:21:13.854 [main] DEBUG org.apache.http.impl.conn.DefaultClientConnection -- Sending request: GET /api/books/9999 HTTP/1.1
14:21:13.854 [main] DEBUG org.apache.http.wire --  >> "GET /api/books/9999 HTTP/1.1[\r][\n]"
14:21:13.854 [main] DEBUG org.apache.http.wire --  >> "Accept: */*[\r][\n]"
14:21:13.854 [main] DEBUG org.apache.http.wire --  >> "Host: 13.60.22.209:7081[\r][\n]"
14:21:13.855 [main] DEBUG org.apache.http.wire --  >> "Connection: Keep-Alive[\r][\n]"
14:21:13.855 [main] DEBUG org.apache.http.wire --  >> "User-Agent: Apache-HttpClient/4.5.13 (Java/17.0.9)[\r][\n]"
14:21:13.855 [main] DEBUG org.apache.http.wire --  >> "Accept-Encoding: gzip,deflate[\r][\n]"
14:21:13.855 [main] DEBUG org.apache.http.wire --  >> "[\r][\n]"
14:21:13.855 [main] DEBUG org.apache.http.headers -- >> GET /api/books/9999 HTTP/1.1
14:21:13.855 [main] DEBUG org.apache.http.headers -- >> Accept: */*
14:21:13.855 [main] DEBUG org.apache.http.headers -- >> Host: 13.60.22.209:7081
14:21:13.855 [main] DEBUG org.apache.http.headers -- >> Connection: Keep-Alive
14:21:13.855 [main] DEBUG org.apache.http.headers -- >> User-Agent: Apache-HttpClient/4.5.13 (Java/17.0.9)
14:21:13.855 [main] DEBUG org.apache.http.headers -- >> Accept-Encoding: gzip,deflate
14:21:14.012 [main] DEBUG org.apache.http.wire --  << "HTTP/1.1 401 [\r][\n]"
14:21:14.012 [main] DEBUG org.apache.http.wire --  << "Set-Cookie: JSESSIONID=454C78101F36143EA49CFAE359638C3E; Path=/; HttpOnly[\r][\n]"
14:21:14.012 [main] DEBUG org.apache.http.wire --  << "WWW-Authenticate: Basic realm="Realm"[\r][\n]"
14:21:14.012 [main] DEBUG org.apache.http.wire --  << "X-Content-Type-Options: nosniff[\r][\n]"
14:21:14.012 [main] DEBUG org.apache.http.wire --  << "X-XSS-Protection: 1; mode=block[\r][\n]"
14:21:14.014 [main] DEBUG org.apache.http.wire --  << "Cache-Control: no-cache, no-store, max-age=0, must-revalidate[\r][\n]"
14:21:14.014 [main] DEBUG org.apache.http.wire --  << "Pragma: no-cache[\r][\n]"
14:21:14.014 [main] DEBUG org.apache.http.wire --  << "Expires: 0[\r][\n]"
14:21:14.014 [main] DEBUG org.apache.http.wire --  << "X-Frame-Options: DENY[\r][\n]"
14:21:14.014 [main] DEBUG org.apache.http.wire --  << "Content-Length: 0[\r][\n]"
14:21:14.014 [main] DEBUG org.apache.http.wire --  << "Date: Thu, 02 Jan 2025 08:51:13 GMT[\r][\n]"
14:21:14.014 [main] DEBUG org.apache.http.wire --  << "Keep-Alive: timeout=60[\r][\n]"
14:21:14.014 [main] DEBUG org.apache.http.wire --  << "Connection: keep-alive[\r][\n]"
14:21:14.014 [main] DEBUG org.apache.http.wire --  << "[\r][\n]"
14:21:14.014 [main] DEBUG org.apache.http.impl.conn.DefaultClientConnection -- Receiving response: HTTP/1.1 401 
14:21:14.014 [main] DEBUG org.apache.http.headers -- << HTTP/1.1 401 
14:21:14.014 [main] DEBUG org.apache.http.headers -- << Set-Cookie: JSESSIONID=454C78101F36143EA49CFAE359638C3E; Path=/; HttpOnly
14:21:14.014 [main] DEBUG org.apache.http.headers -- << WWW-Authenticate: Basic realm="Realm"
14:21:14.014 [main] DEBUG org.apache.http.headers -- << X-Content-Type-Options: nosniff
14:21:14.014 [main] DEBUG org.apache.http.headers -- << X-XSS-Protection: 1; mode=block
14:21:14.014 [main] DEBUG org.apache.http.headers -- << Cache-Control: no-cache, no-store, max-age=0, must-revalidate
14:21:14.014 [main] DEBUG org.apache.http.headers -- << Pragma: no-cache
14:21:14.014 [main] DEBUG org.apache.http.headers -- << Expires: 0
14:21:14.014 [main] DEBUG org.apache.http.headers -- << X-Frame-Options: DENY
14:21:14.014 [main] DEBUG org.apache.http.headers -- << Content-Length: 0
14:21:14.014 [main] DEBUG org.apache.http.headers -- << Date: Thu, 02 Jan 2025 08:51:13 GMT
14:21:14.014 [main] DEBUG org.apache.http.headers -- << Keep-Alive: timeout=60
14:21:14.014 [main] DEBUG org.apache.http.headers -- << Connection: keep-alive
14:21:14.014 [main] DEBUG org.apache.http.impl.client.DefaultHttpClient -- Connection can be kept alive for 60000 MILLISECONDS
14:21:14.014 [main] DEBUG org.apache.http.impl.client.DefaultHttpClient -- Authentication required
14:21:14.014 [main] DEBUG org.apache.http.impl.client.DefaultHttpClient -- 13.60.22.209:7081 requested authentication
14:21:14.014 [main] DEBUG org.apache.http.impl.client.TargetAuthenticationStrategy -- Authentication schemes in the order of preference: [Negotiate, Kerberos, NTLM, CredSSP, Digest, Basic]
14:21:14.014 [main] DEBUG org.apache.http.impl.client.TargetAuthenticationStrategy -- Challenge for Negotiate authentication scheme not available
14:21:14.014 [main] DEBUG org.apache.http.impl.client.TargetAuthenticationStrategy -- Challenge for Kerberos authentication scheme not available
14:21:14.014 [main] DEBUG org.apache.http.impl.client.TargetAuthenticationStrategy -- Challenge for NTLM authentication scheme not available
14:21:14.014 [main] DEBUG org.apache.http.impl.client.TargetAuthenticationStrategy -- Challenge for CredSSP authentication scheme not available
14:21:14.014 [main] DEBUG org.apache.http.impl.client.TargetAuthenticationStrategy -- Challenge for Digest authentication scheme not available
14:21:14.014 [main] DEBUG org.apache.http.impl.client.DefaultHttpClient -- Selected authentication options: [BASIC [complete=true]]
14:21:14.014 [main] DEBUG org.apache.http.client.protocol.RequestAddCookies -- CookieSpec selected: ignoreCookies
14:21:14.014 [main] DEBUG org.apache.http.client.protocol.RequestAuthCache -- Auth cache not set in the context
14:21:14.014 [main] DEBUG org.apache.http.client.protocol.RequestTargetAuthentication -- Target auth state: CHALLENGED
14:21:14.014 [main] DEBUG org.apache.http.client.protocol.RequestTargetAuthentication -- Generating response to an authentication challenge using basic scheme
14:21:14.014 [main] DEBUG org.apache.http.client.protocol.RequestProxyAuthentication -- Proxy auth state: UNCHALLENGED
14:21:14.014 [main] DEBUG org.apache.http.impl.client.DefaultHttpClient -- Attempt 2 to execute request
14:21:14.014 [main] DEBUG org.apache.http.impl.conn.DefaultClientConnection -- Sending request: GET /api/books/9999 HTTP/1.1
14:21:14.014 [main] DEBUG org.apache.http.wire --  >> "GET /api/books/9999 HTTP/1.1[\r][\n]"
14:21:14.014 [main] DEBUG org.apache.http.wire --  >> "Accept: */*[\r][\n]"
14:21:14.014 [main] DEBUG org.apache.http.wire --  >> "Host: 13.60.22.209:7081[\r][\n]"
14:21:14.014 [main] DEBUG org.apache.http.wire --  >> "Connection: Keep-Alive[\r][\n]"
14:21:14.014 [main] DEBUG org.apache.http.wire --  >> "User-Agent: Apache-HttpClient/4.5.13 (Java/17.0.9)[\r][\n]"
14:21:14.014 [main] DEBUG org.apache.http.wire --  >> "Authorization: Basic YWRtaW46cGFzc3dvcmQ=[\r][\n]"
14:21:14.014 [main] DEBUG org.apache.http.wire --  >> "Accept-Encoding: gzip,deflate[\r][\n]"
14:21:14.014 [main] DEBUG org.apache.http.wire --  >> "[\r][\n]"
14:21:14.014 [main] DEBUG org.apache.http.headers -- >> GET /api/books/9999 HTTP/1.1
14:21:14.014 [main] DEBUG org.apache.http.headers -- >> Accept: */*
14:21:14.014 [main] DEBUG org.apache.http.headers -- >> Host: 13.60.22.209:7081
14:21:14.014 [main] DEBUG org.apache.http.headers -- >> Connection: Keep-Alive
14:21:14.014 [main] DEBUG org.apache.http.headers -- >> User-Agent: Apache-HttpClient/4.5.13 (Java/17.0.9)
14:21:14.014 [main] DEBUG org.apache.http.headers -- >> Authorization: Basic YWRtaW46cGFzc3dvcmQ=
14:21:14.014 [main] DEBUG org.apache.http.headers -- >> Accept-Encoding: gzip,deflate
14:21:14.268 [main] DEBUG org.apache.http.wire --  << "HTTP/1.1 404 [\r][\n]"
14:21:14.268 [main] DEBUG org.apache.http.wire --  << "Set-Cookie: JSESSIONID=152842CF3AC28D157940E3F7FCCC8A1A; Path=/; HttpOnly[\r][\n]"
14:21:14.268 [main] DEBUG org.apache.http.wire --  << "X-Content-Type-Options: nosniff[\r][\n]"
14:21:14.268 [main] DEBUG org.apache.http.wire --  << "X-XSS-Protection: 1; mode=block[\r][\n]"
14:21:14.268 [main] DEBUG org.apache.http.wire --  << "Cache-Control: no-cache, no-store, max-age=0, must-revalidate[\r][\n]"
14:21:14.268 [main] DEBUG org.apache.http.wire --  << "Pragma: no-cache[\r][\n]"
14:21:14.268 [main] DEBUG org.apache.http.wire --  << "Expires: 0[\r][\n]"
14:21:14.268 [main] DEBUG org.apache.http.wire --  << "X-Frame-Options: DENY[\r][\n]"
14:21:14.268 [main] DEBUG org.apache.http.wire --  << "Content-Type: text/plain;charset=UTF-8[\r][\n]"
14:21:14.268 [main] DEBUG org.apache.http.wire --  << "Content-Length: 14[\r][\n]"
14:21:14.269 [main] DEBUG org.apache.http.wire --  << "Date: Thu, 02 Jan 2025 08:51:13 GMT[\r][\n]"
14:21:14.269 [main] DEBUG org.apache.http.wire --  << "Keep-Alive: timeout=60[\r][\n]"
14:21:14.269 [main] DEBUG org.apache.http.wire --  << "Connection: keep-alive[\r][\n]"
14:21:14.269 [main] DEBUG org.apache.http.wire --  << "[\r][\n]"
14:21:14.269 [main] DEBUG org.apache.http.impl.conn.DefaultClientConnection -- Receiving response: HTTP/1.1 404 
14:21:14.269 [main] DEBUG org.apache.http.headers -- << HTTP/1.1 404 
14:21:14.269 [main] DEBUG org.apache.http.headers -- << Set-Cookie: JSESSIONID=152842CF3AC28D157940E3F7FCCC8A1A; Path=/; HttpOnly
14:21:14.269 [main] DEBUG org.apache.http.headers -- << X-Content-Type-Options: nosniff
14:21:14.269 [main] DEBUG org.apache.http.headers -- << X-XSS-Protection: 1; mode=block
14:21:14.269 [main] DEBUG org.apache.http.headers -- << Cache-Control: no-cache, no-store, max-age=0, must-revalidate
14:21:14.269 [main] DEBUG org.apache.http.headers -- << Pragma: no-cache
14:21:14.269 [main] DEBUG org.apache.http.headers -- << Expires: 0
14:21:14.269 [main] DEBUG org.apache.http.headers -- << X-Frame-Options: DENY
14:21:14.269 [main] DEBUG org.apache.http.headers -- << Content-Type: text/plain;charset=UTF-8
14:21:14.269 [main] DEBUG org.apache.http.headers -- << Content-Length: 14
14:21:14.269 [main] DEBUG org.apache.http.headers -- << Date: Thu, 02 Jan 2025 08:51:13 GMT
14:21:14.269 [main] DEBUG org.apache.http.headers -- << Keep-Alive: timeout=60
14:21:14.269 [main] DEBUG org.apache.http.headers -- << Connection: keep-alive
14:21:14.269 [main] DEBUG org.apache.http.impl.client.DefaultHttpClient -- Connection can be kept alive for 60000 MILLISECONDS
14:21:14.269 [main] DEBUG org.apache.http.impl.client.DefaultHttpClient -- Authentication succeeded
14:21:14.269 [main] DEBUG org.apache.http.impl.client.TargetAuthenticationStrategy -- Caching 'basic' auth scheme for http://13.60.22.209:7081
14:21:14.269 [main] DEBUG io.restassured.internal.RestAssuredHttpBuilder -- Parsing response as: text/plain;charset=UTF-8
14:21:14.269 [main] DEBUG io.restassured.internal.RestAssuredHttpBuilder -- Parsed data to instance of: class org.apache.http.conn.EofSensorInputStream
]]></system-out>
  </testcase>
  <testcase name="testUpdateBookWithAnotherBooksId" classname="TestCases.PutBookAPITests" time="0.902">
    <system-out><![CDATA[14:21:14.560 [main] DEBUG org.apache.http.impl.conn.BasicClientConnectionManager -- Get connection for route {}->http://13.60.22.209:7081
14:21:14.560 [main] DEBUG org.apache.http.impl.conn.DefaultClientConnectionOperator -- Connecting to 13.60.22.209:7081
14:21:14.722 [main] DEBUG org.apache.http.client.protocol.RequestAddCookies -- CookieSpec selected: ignoreCookies
14:21:14.723 [main] DEBUG org.apache.http.client.protocol.RequestAuthCache -- Auth cache not set in the context
14:21:14.723 [main] DEBUG org.apache.http.client.protocol.RequestTargetAuthentication -- Target auth state: UNCHALLENGED
14:21:14.723 [main] DEBUG org.apache.http.client.protocol.RequestProxyAuthentication -- Proxy auth state: UNCHALLENGED
14:21:14.723 [main] DEBUG org.apache.http.impl.client.DefaultHttpClient -- Attempt 1 to execute request
14:21:14.723 [main] DEBUG org.apache.http.impl.conn.DefaultClientConnection -- Sending request: PUT /api/books/1 HTTP/1.1
14:21:14.723 [main] DEBUG org.apache.http.wire --  >> "PUT /api/books/1 HTTP/1.1[\r][\n]"
14:21:14.723 [main] DEBUG org.apache.http.wire --  >> "Accept: */*[\r][\n]"
14:21:14.723 [main] DEBUG org.apache.http.wire --  >> "Content-Type: application/json[\r][\n]"
14:21:14.723 [main] DEBUG org.apache.http.wire --  >> "Content-Length: 54[\r][\n]"
14:21:14.723 [main] DEBUG org.apache.http.wire --  >> "Host: 13.60.22.209:7081[\r][\n]"
14:21:14.723 [main] DEBUG org.apache.http.wire --  >> "Connection: Keep-Alive[\r][\n]"
14:21:14.723 [main] DEBUG org.apache.http.wire --  >> "User-Agent: Apache-HttpClient/4.5.13 (Java/17.0.9)[\r][\n]"
14:21:14.723 [main] DEBUG org.apache.http.wire --  >> "Accept-Encoding: gzip,deflate[\r][\n]"
14:21:14.723 [main] DEBUG org.apache.http.wire --  >> "[\r][\n]"
14:21:14.723 [main] DEBUG org.apache.http.headers -- >> PUT /api/books/1 HTTP/1.1
14:21:14.723 [main] DEBUG org.apache.http.headers -- >> Accept: */*
14:21:14.723 [main] DEBUG org.apache.http.headers -- >> Content-Type: application/json
14:21:14.723 [main] DEBUG org.apache.http.headers -- >> Content-Length: 54
14:21:14.723 [main] DEBUG org.apache.http.headers -- >> Host: 13.60.22.209:7081
14:21:14.723 [main] DEBUG org.apache.http.headers -- >> Connection: Keep-Alive
14:21:14.723 [main] DEBUG org.apache.http.headers -- >> User-Agent: Apache-HttpClient/4.5.13 (Java/17.0.9)
14:21:14.723 [main] DEBUG org.apache.http.headers -- >> Accept-Encoding: gzip,deflate
14:21:14.723 [main] DEBUG org.apache.http.wire --  >> "{"author":"Valid Author","id":2,"title":"Valid Title"}"
14:21:14.888 [main] DEBUG org.apache.http.wire --  << "HTTP/1.1 401 [\r][\n]"
14:21:14.888 [main] DEBUG org.apache.http.wire --  << "Set-Cookie: JSESSIONID=59AF74628A803ECE816FA55FCD038612; Path=/; HttpOnly[\r][\n]"
14:21:14.888 [main] DEBUG org.apache.http.wire --  << "WWW-Authenticate: Basic realm="Realm"[\r][\n]"
14:21:14.888 [main] DEBUG org.apache.http.wire --  << "X-Content-Type-Options: nosniff[\r][\n]"
14:21:14.888 [main] DEBUG org.apache.http.wire --  << "X-XSS-Protection: 1; mode=block[\r][\n]"
14:21:14.888 [main] DEBUG org.apache.http.wire --  << "Cache-Control: no-cache, no-store, max-age=0, must-revalidate[\r][\n]"
14:21:14.888 [main] DEBUG org.apache.http.wire --  << "Pragma: no-cache[\r][\n]"
14:21:14.888 [main] DEBUG org.apache.http.wire --  << "Expires: 0[\r][\n]"
14:21:14.888 [main] DEBUG org.apache.http.wire --  << "X-Frame-Options: DENY[\r][\n]"
14:21:14.888 [main] DEBUG org.apache.http.wire --  << "Content-Length: 0[\r][\n]"
14:21:14.888 [main] DEBUG org.apache.http.wire --  << "Date: Thu, 02 Jan 2025 08:51:15 GMT[\r][\n]"
14:21:14.888 [main] DEBUG org.apache.http.wire --  << "Keep-Alive: timeout=60[\r][\n]"
14:21:14.888 [main] DEBUG org.apache.http.wire --  << "Connection: keep-alive[\r][\n]"
14:21:14.888 [main] DEBUG org.apache.http.wire --  << "[\r][\n]"
14:21:14.888 [main] DEBUG org.apache.http.impl.conn.DefaultClientConnection -- Receiving response: HTTP/1.1 401 
14:21:14.888 [main] DEBUG org.apache.http.headers -- << HTTP/1.1 401 
14:21:14.888 [main] DEBUG org.apache.http.headers -- << Set-Cookie: JSESSIONID=59AF74628A803ECE816FA55FCD038612; Path=/; HttpOnly
14:21:14.888 [main] DEBUG org.apache.http.headers -- << WWW-Authenticate: Basic realm="Realm"
14:21:14.888 [main] DEBUG org.apache.http.headers -- << X-Content-Type-Options: nosniff
14:21:14.888 [main] DEBUG org.apache.http.headers -- << X-XSS-Protection: 1; mode=block
14:21:14.888 [main] DEBUG org.apache.http.headers -- << Cache-Control: no-cache, no-store, max-age=0, must-revalidate
14:21:14.888 [main] DEBUG org.apache.http.headers -- << Pragma: no-cache
14:21:14.888 [main] DEBUG org.apache.http.headers -- << Expires: 0
14:21:14.888 [main] DEBUG org.apache.http.headers -- << X-Frame-Options: DENY
14:21:14.888 [main] DEBUG org.apache.http.headers -- << Content-Length: 0
14:21:14.888 [main] DEBUG org.apache.http.headers -- << Date: Thu, 02 Jan 2025 08:51:15 GMT
14:21:14.888 [main] DEBUG org.apache.http.headers -- << Keep-Alive: timeout=60
14:21:14.888 [main] DEBUG org.apache.http.headers -- << Connection: keep-alive
14:21:14.890 [main] DEBUG org.apache.http.impl.client.DefaultHttpClient -- Connection can be kept alive for 60000 MILLISECONDS
14:21:14.890 [main] DEBUG org.apache.http.impl.client.DefaultHttpClient -- Authentication required
14:21:14.890 [main] DEBUG org.apache.http.impl.client.DefaultHttpClient -- 13.60.22.209:7081 requested authentication
14:21:14.890 [main] DEBUG org.apache.http.impl.client.TargetAuthenticationStrategy -- Authentication schemes in the order of preference: [Negotiate, Kerberos, NTLM, CredSSP, Digest, Basic]
14:21:14.890 [main] DEBUG org.apache.http.impl.client.TargetAuthenticationStrategy -- Challenge for Negotiate authentication scheme not available
14:21:14.890 [main] DEBUG org.apache.http.impl.client.TargetAuthenticationStrategy -- Challenge for Kerberos authentication scheme not available
14:21:14.890 [main] DEBUG org.apache.http.impl.client.TargetAuthenticationStrategy -- Challenge for NTLM authentication scheme not available
14:21:14.890 [main] DEBUG org.apache.http.impl.client.TargetAuthenticationStrategy -- Challenge for CredSSP authentication scheme not available
14:21:14.890 [main] DEBUG org.apache.http.impl.client.TargetAuthenticationStrategy -- Challenge for Digest authentication scheme not available
14:21:14.890 [main] DEBUG org.apache.http.impl.client.DefaultHttpClient -- Selected authentication options: [BASIC [complete=true]]
14:21:14.890 [main] DEBUG org.apache.http.client.protocol.RequestAddCookies -- CookieSpec selected: ignoreCookies
14:21:14.890 [main] DEBUG org.apache.http.client.protocol.RequestAuthCache -- Auth cache not set in the context
14:21:14.890 [main] DEBUG org.apache.http.client.protocol.RequestTargetAuthentication -- Target auth state: CHALLENGED
14:21:14.890 [main] DEBUG org.apache.http.client.protocol.RequestTargetAuthentication -- Generating response to an authentication challenge using basic scheme
14:21:14.890 [main] DEBUG org.apache.http.client.protocol.RequestProxyAuthentication -- Proxy auth state: UNCHALLENGED
14:21:14.890 [main] DEBUG org.apache.http.impl.client.DefaultHttpClient -- Attempt 2 to execute request
14:21:14.891 [main] DEBUG org.apache.http.impl.conn.DefaultClientConnection -- Sending request: PUT /api/books/1 HTTP/1.1
14:21:14.891 [main] DEBUG org.apache.http.wire --  >> "PUT /api/books/1 HTTP/1.1[\r][\n]"
14:21:14.891 [main] DEBUG org.apache.http.wire --  >> "Accept: */*[\r][\n]"
14:21:14.891 [main] DEBUG org.apache.http.wire --  >> "Content-Type: application/json[\r][\n]"
14:21:14.891 [main] DEBUG org.apache.http.wire --  >> "Content-Length: 54[\r][\n]"
14:21:14.891 [main] DEBUG org.apache.http.wire --  >> "Host: 13.60.22.209:7081[\r][\n]"
14:21:14.891 [main] DEBUG org.apache.http.wire --  >> "Connection: Keep-Alive[\r][\n]"
14:21:14.891 [main] DEBUG org.apache.http.wire --  >> "User-Agent: Apache-HttpClient/4.5.13 (Java/17.0.9)[\r][\n]"
14:21:14.891 [main] DEBUG org.apache.http.wire --  >> "Authorization: Basic YWRtaW46cGFzc3dvcmQ=[\r][\n]"
14:21:14.891 [main] DEBUG org.apache.http.wire --  >> "Accept-Encoding: gzip,deflate[\r][\n]"
14:21:14.891 [main] DEBUG org.apache.http.wire --  >> "[\r][\n]"
14:21:14.891 [main] DEBUG org.apache.http.headers -- >> PUT /api/books/1 HTTP/1.1
14:21:14.891 [main] DEBUG org.apache.http.headers -- >> Accept: */*
14:21:14.891 [main] DEBUG org.apache.http.headers -- >> Content-Type: application/json
14:21:14.891 [main] DEBUG org.apache.http.headers -- >> Content-Length: 54
14:21:14.891 [main] DEBUG org.apache.http.headers -- >> Host: 13.60.22.209:7081
14:21:14.891 [main] DEBUG org.apache.http.headers -- >> Connection: Keep-Alive
14:21:14.891 [main] DEBUG org.apache.http.headers -- >> User-Agent: Apache-HttpClient/4.5.13 (Java/17.0.9)
14:21:14.891 [main] DEBUG org.apache.http.headers -- >> Authorization: Basic YWRtaW46cGFzc3dvcmQ=
14:21:14.891 [main] DEBUG org.apache.http.headers -- >> Accept-Encoding: gzip,deflate
14:21:14.891 [main] DEBUG org.apache.http.wire --  >> "{"author":"Valid Author","id":2,"title":"Valid Title"}"
14:21:15.163 [main] DEBUG org.apache.http.wire --  << "HTTP/1.1 400 [\r][\n]"
14:21:15.163 [main] DEBUG org.apache.http.wire --  << "Set-Cookie: JSESSIONID=9003DD3FE44871C8867512163788948B; Path=/; HttpOnly[\r][\n]"
14:21:15.163 [main] DEBUG org.apache.http.wire --  << "X-Content-Type-Options: nosniff[\r][\n]"
14:21:15.163 [main] DEBUG org.apache.http.wire --  << "X-XSS-Protection: 1; mode=block[\r][\n]"
14:21:15.163 [main] DEBUG org.apache.http.wire --  << "Cache-Control: no-cache, no-store, max-age=0, must-revalidate[\r][\n]"
14:21:15.163 [main] DEBUG org.apache.http.wire --  << "Pragma: no-cache[\r][\n]"
14:21:15.163 [main] DEBUG org.apache.http.wire --  << "Expires: 0[\r][\n]"
14:21:15.163 [main] DEBUG org.apache.http.wire --  << "X-Frame-Options: DENY[\r][\n]"
14:21:15.163 [main] DEBUG org.apache.http.wire --  << "Content-Type: text/plain;charset=UTF-8[\r][\n]"
14:21:15.163 [main] DEBUG org.apache.http.wire --  << "Content-Length: 22[\r][\n]"
14:21:15.163 [main] DEBUG org.apache.http.wire --  << "Date: Thu, 02 Jan 2025 08:51:15 GMT[\r][\n]"
14:21:15.163 [main] DEBUG org.apache.http.wire --  << "Connection: close[\r][\n]"
14:21:15.163 [main] DEBUG org.apache.http.wire --  << "[\r][\n]"
14:21:15.164 [main] DEBUG org.apache.http.impl.conn.DefaultClientConnection -- Receiving response: HTTP/1.1 400 
14:21:15.164 [main] DEBUG org.apache.http.headers -- << HTTP/1.1 400 
14:21:15.164 [main] DEBUG org.apache.http.headers -- << Set-Cookie: JSESSIONID=9003DD3FE44871C8867512163788948B; Path=/; HttpOnly
14:21:15.164 [main] DEBUG org.apache.http.headers -- << X-Content-Type-Options: nosniff
14:21:15.164 [main] DEBUG org.apache.http.headers -- << X-XSS-Protection: 1; mode=block
14:21:15.164 [main] DEBUG org.apache.http.headers -- << Cache-Control: no-cache, no-store, max-age=0, must-revalidate
14:21:15.164 [main] DEBUG org.apache.http.headers -- << Pragma: no-cache
14:21:15.164 [main] DEBUG org.apache.http.headers -- << Expires: 0
14:21:15.164 [main] DEBUG org.apache.http.headers -- << X-Frame-Options: DENY
14:21:15.164 [main] DEBUG org.apache.http.headers -- << Content-Type: text/plain;charset=UTF-8
14:21:15.164 [main] DEBUG org.apache.http.headers -- << Content-Length: 22
14:21:15.164 [main] DEBUG org.apache.http.headers -- << Date: Thu, 02 Jan 2025 08:51:15 GMT
14:21:15.164 [main] DEBUG org.apache.http.headers -- << Connection: close
14:21:15.164 [main] DEBUG org.apache.http.impl.client.DefaultHttpClient -- Authentication succeeded
14:21:15.164 [main] DEBUG org.apache.http.impl.client.TargetAuthenticationStrategy -- Caching 'basic' auth scheme for http://13.60.22.209:7081
14:21:15.166 [main] DEBUG io.restassured.internal.RestAssuredHttpBuilder -- Parsing response as: text/plain;charset=UTF-8
14:21:15.166 [main] DEBUG io.restassured.internal.RestAssuredHttpBuilder -- Parsed data to instance of: class org.apache.http.conn.EofSensorInputStream
14:21:15.170 [main] DEBUG org.apache.http.wire --  << "Book id is not matched"
14:21:15.170 [main] DEBUG org.apache.http.impl.conn.BasicClientConnectionManager -- Releasing connection org.apache.http.impl.conn.ManagedClientConnectionImpl@5d318e91
14:21:15.171 [main] DEBUG org.apache.http.impl.conn.DefaultClientConnection -- Connection 0.0.0.0:63185<->13.60.22.209:7081 shut down
]]></system-out>
  </testcase>
  <testcase name="testUpdateBookWithAnotherBooksTitleAsAdmin" classname="TestCases.PutBookAPITests" time="0.622">
    <failure message="Expected status code is 400 for using another book&apos;s title expected [400] but found [404]" type="java.lang.AssertionError"><![CDATA[java.lang.AssertionError: Expected status code is 400 for using another book's title expected [400] but found [404]
	at org.testng.Assert.fail(Assert.java:110)
	at org.testng.Assert.failNotEquals(Assert.java:1413)
	at org.testng.Assert.assertEqualsImpl(Assert.java:149)
	at org.testng.Assert.assertEquals(Assert.java:131)
	at org.testng.Assert.assertEquals(Assert.java:1240)
	at TestCases.PutBookAPITests.testUpdateBookWithAnotherBooksTitleAsAdmin(PutBookAPITests.java:219)
	at java.base/jdk.internal.reflect.NativeMethodAccessorImpl.invoke0(Native Method)
	at java.base/jdk.internal.reflect.NativeMethodAccessorImpl.invoke(NativeMethodAccessorImpl.java:77)
	at java.base/jdk.internal.reflect.DelegatingMethodAccessorImpl.invoke(DelegatingMethodAccessorImpl.java:43)
	at java.base/java.lang.reflect.Method.invoke(Method.java:568)
	at org.testng.internal.invokers.MethodInvocationHelper.invokeMethod(MethodInvocationHelper.java:139)
	at org.testng.internal.invokers.TestInvoker.invokeMethod(TestInvoker.java:677)
	at org.testng.internal.invokers.TestInvoker.invokeTestMethod(TestInvoker.java:221)
	at org.testng.internal.invokers.MethodRunner.runInSequence(MethodRunner.java:50)
	at org.testng.internal.invokers.TestInvoker$MethodInvocationAgent.invoke(TestInvoker.java:969)
	at org.testng.internal.invokers.TestInvoker.invokeTestMethods(TestInvoker.java:194)
	at org.testng.internal.invokers.TestMethodWorker.invokeTestMethods(TestMethodWorker.java:148)
	at org.testng.internal.invokers.TestMethodWorker.run(TestMethodWorker.java:128)
	at java.base/java.util.ArrayList.forEach(ArrayList.java:1511)
	at org.testng.TestRunner.privateRun(TestRunner.java:829)
	at org.testng.TestRunner.run(TestRunner.java:602)
	at org.testng.SuiteRunner.runTest(SuiteRunner.java:437)
	at org.testng.SuiteRunner.runSequentially(SuiteRunner.java:431)
	at org.testng.SuiteRunner.privateRun(SuiteRunner.java:391)
	at org.testng.SuiteRunner.run(SuiteRunner.java:330)
	at org.testng.SuiteRunnerWorker.runSuite(SuiteRunnerWorker.java:52)
	at org.testng.SuiteRunnerWorker.run(SuiteRunnerWorker.java:95)
	at org.testng.TestNG.runSuitesSequentially(TestNG.java:1256)
	at org.testng.TestNG.runSuitesLocally(TestNG.java:1176)
	at org.testng.TestNG.runSuites(TestNG.java:1099)
	at org.testng.TestNG.run(TestNG.java:1067)
	at org.apache.maven.surefire.testng.TestNGExecutor.run(TestNGExecutor.java:324)
	at org.apache.maven.surefire.testng.TestNGXmlTestSuite.execute(TestNGXmlTestSuite.java:74)
	at org.apache.maven.surefire.testng.TestNGProvider.invoke(TestNGProvider.java:123)
	at org.apache.maven.surefire.booter.ForkedBooter.runSuitesInProcess(ForkedBooter.java:456)
	at org.apache.maven.surefire.booter.ForkedBooter.execute(ForkedBooter.java:169)
	at org.apache.maven.surefire.booter.ForkedBooter.run(ForkedBooter.java:595)
	at org.apache.maven.surefire.booter.ForkedBooter.main(ForkedBooter.java:581)
]]></failure>
    <system-out><![CDATA[14:21:15.202 [main] DEBUG org.apache.http.impl.conn.BasicClientConnectionManager -- Get connection for route {}->http://13.60.22.209:7081
14:21:15.203 [main] DEBUG org.apache.http.impl.conn.DefaultClientConnectionOperator -- Connecting to 13.60.22.209:7081
14:21:15.357 [main] DEBUG org.apache.http.client.protocol.RequestAddCookies -- CookieSpec selected: ignoreCookies
14:21:15.357 [main] DEBUG org.apache.http.client.protocol.RequestAuthCache -- Auth cache not set in the context
14:21:15.357 [main] DEBUG org.apache.http.client.protocol.RequestTargetAuthentication -- Target auth state: UNCHALLENGED
14:21:15.357 [main] DEBUG org.apache.http.client.protocol.RequestProxyAuthentication -- Proxy auth state: UNCHALLENGED
14:21:15.357 [main] DEBUG org.apache.http.impl.client.DefaultHttpClient -- Attempt 1 to execute request
14:21:15.357 [main] DEBUG org.apache.http.impl.conn.DefaultClientConnection -- Sending request: PUT /api/books/1 HTTP/1.1
14:21:15.357 [main] DEBUG org.apache.http.wire --  >> "PUT /api/books/1 HTTP/1.1[\r][\n]"
14:21:15.357 [main] DEBUG org.apache.http.wire --  >> "Accept: */*[\r][\n]"
14:21:15.357 [main] DEBUG org.apache.http.wire --  >> "Content-Type: application/json[\r][\n]"
14:21:15.357 [main] DEBUG org.apache.http.wire --  >> "Content-Length: 63[\r][\n]"
14:21:15.357 [main] DEBUG org.apache.http.wire --  >> "Host: 13.60.22.209:7081[\r][\n]"
14:21:15.357 [main] DEBUG org.apache.http.wire --  >> "Connection: Keep-Alive[\r][\n]"
14:21:15.357 [main] DEBUG org.apache.http.wire --  >> "User-Agent: Apache-HttpClient/4.5.13 (Java/17.0.9)[\r][\n]"
14:21:15.357 [main] DEBUG org.apache.http.wire --  >> "Accept-Encoding: gzip,deflate[\r][\n]"
14:21:15.357 [main] DEBUG org.apache.http.wire --  >> "[\r][\n]"
14:21:15.357 [main] DEBUG org.apache.http.headers -- >> PUT /api/books/1 HTTP/1.1
14:21:15.357 [main] DEBUG org.apache.http.headers -- >> Accept: */*
14:21:15.357 [main] DEBUG org.apache.http.headers -- >> Content-Type: application/json
14:21:15.357 [main] DEBUG org.apache.http.headers -- >> Content-Length: 63
14:21:15.357 [main] DEBUG org.apache.http.headers -- >> Host: 13.60.22.209:7081
14:21:15.357 [main] DEBUG org.apache.http.headers -- >> Connection: Keep-Alive
14:21:15.357 [main] DEBUG org.apache.http.headers -- >> User-Agent: Apache-HttpClient/4.5.13 (Java/17.0.9)
14:21:15.357 [main] DEBUG org.apache.http.headers -- >> Accept-Encoding: gzip,deflate
14:21:15.357 [main] DEBUG org.apache.http.wire --  >> "{"author":"CorrectAuthor","id":1,"title":"TitleOfAnotherBook1"}"
14:21:15.525 [main] DEBUG org.apache.http.wire --  << "HTTP/1.1 401 [\r][\n]"
14:21:15.525 [main] DEBUG org.apache.http.wire --  << "Set-Cookie: JSESSIONID=D79CF728B4E2193F927EAF83F5B80FF8; Path=/; HttpOnly[\r][\n]"
14:21:15.525 [main] DEBUG org.apache.http.wire --  << "WWW-Authenticate: Basic realm="Realm"[\r][\n]"
14:21:15.525 [main] DEBUG org.apache.http.wire --  << "X-Content-Type-Options: nosniff[\r][\n]"
14:21:15.525 [main] DEBUG org.apache.http.wire --  << "X-XSS-Protection: 1; mode=block[\r][\n]"
14:21:15.525 [main] DEBUG org.apache.http.wire --  << "Cache-Control: no-cache, no-store, max-age=0, must-revalidate[\r][\n]"
14:21:15.525 [main] DEBUG org.apache.http.wire --  << "Pragma: no-cache[\r][\n]"
14:21:15.525 [main] DEBUG org.apache.http.wire --  << "Expires: 0[\r][\n]"
14:21:15.525 [main] DEBUG org.apache.http.wire --  << "X-Frame-Options: DENY[\r][\n]"
14:21:15.525 [main] DEBUG org.apache.http.wire --  << "Content-Length: 0[\r][\n]"
14:21:15.525 [main] DEBUG org.apache.http.wire --  << "Date: Thu, 02 Jan 2025 08:51:15 GMT[\r][\n]"
14:21:15.525 [main] DEBUG org.apache.http.wire --  << "Keep-Alive: timeout=60[\r][\n]"
14:21:15.525 [main] DEBUG org.apache.http.wire --  << "Connection: keep-alive[\r][\n]"
14:21:15.525 [main] DEBUG org.apache.http.wire --  << "[\r][\n]"
14:21:15.525 [main] DEBUG org.apache.http.impl.conn.DefaultClientConnection -- Receiving response: HTTP/1.1 401 
14:21:15.526 [main] DEBUG org.apache.http.headers -- << HTTP/1.1 401 
14:21:15.526 [main] DEBUG org.apache.http.headers -- << Set-Cookie: JSESSIONID=D79CF728B4E2193F927EAF83F5B80FF8; Path=/; HttpOnly
14:21:15.526 [main] DEBUG org.apache.http.headers -- << WWW-Authenticate: Basic realm="Realm"
14:21:15.526 [main] DEBUG org.apache.http.headers -- << X-Content-Type-Options: nosniff
14:21:15.526 [main] DEBUG org.apache.http.headers -- << X-XSS-Protection: 1; mode=block
14:21:15.526 [main] DEBUG org.apache.http.headers -- << Cache-Control: no-cache, no-store, max-age=0, must-revalidate
14:21:15.526 [main] DEBUG org.apache.http.headers -- << Pragma: no-cache
14:21:15.526 [main] DEBUG org.apache.http.headers -- << Expires: 0
14:21:15.526 [main] DEBUG org.apache.http.headers -- << X-Frame-Options: DENY
14:21:15.526 [main] DEBUG org.apache.http.headers -- << Content-Length: 0
14:21:15.526 [main] DEBUG org.apache.http.headers -- << Date: Thu, 02 Jan 2025 08:51:15 GMT
14:21:15.526 [main] DEBUG org.apache.http.headers -- << Keep-Alive: timeout=60
14:21:15.526 [main] DEBUG org.apache.http.headers -- << Connection: keep-alive
14:21:15.526 [main] DEBUG org.apache.http.impl.client.DefaultHttpClient -- Connection can be kept alive for 60000 MILLISECONDS
14:21:15.526 [main] DEBUG org.apache.http.impl.client.DefaultHttpClient -- Authentication required
14:21:15.526 [main] DEBUG org.apache.http.impl.client.DefaultHttpClient -- 13.60.22.209:7081 requested authentication
14:21:15.526 [main] DEBUG org.apache.http.impl.client.TargetAuthenticationStrategy -- Authentication schemes in the order of preference: [Negotiate, Kerberos, NTLM, CredSSP, Digest, Basic]
14:21:15.526 [main] DEBUG org.apache.http.impl.client.TargetAuthenticationStrategy -- Challenge for Negotiate authentication scheme not available
14:21:15.526 [main] DEBUG org.apache.http.impl.client.TargetAuthenticationStrategy -- Challenge for Kerberos authentication scheme not available
14:21:15.526 [main] DEBUG org.apache.http.impl.client.TargetAuthenticationStrategy -- Challenge for NTLM authentication scheme not available
14:21:15.526 [main] DEBUG org.apache.http.impl.client.TargetAuthenticationStrategy -- Challenge for CredSSP authentication scheme not available
14:21:15.526 [main] DEBUG org.apache.http.impl.client.TargetAuthenticationStrategy -- Challenge for Digest authentication scheme not available
14:21:15.526 [main] DEBUG org.apache.http.impl.client.DefaultHttpClient -- Selected authentication options: [BASIC [complete=true]]
14:21:15.526 [main] DEBUG org.apache.http.client.protocol.RequestAddCookies -- CookieSpec selected: ignoreCookies
14:21:15.526 [main] DEBUG org.apache.http.client.protocol.RequestAuthCache -- Auth cache not set in the context
14:21:15.526 [main] DEBUG org.apache.http.client.protocol.RequestTargetAuthentication -- Target auth state: CHALLENGED
14:21:15.526 [main] DEBUG org.apache.http.client.protocol.RequestTargetAuthentication -- Generating response to an authentication challenge using basic scheme
14:21:15.526 [main] DEBUG org.apache.http.client.protocol.RequestProxyAuthentication -- Proxy auth state: UNCHALLENGED
14:21:15.526 [main] DEBUG org.apache.http.impl.client.DefaultHttpClient -- Attempt 2 to execute request
14:21:15.526 [main] DEBUG org.apache.http.impl.conn.DefaultClientConnection -- Sending request: PUT /api/books/1 HTTP/1.1
14:21:15.526 [main] DEBUG org.apache.http.wire --  >> "PUT /api/books/1 HTTP/1.1[\r][\n]"
14:21:15.526 [main] DEBUG org.apache.http.wire --  >> "Accept: */*[\r][\n]"
14:21:15.526 [main] DEBUG org.apache.http.wire --  >> "Content-Type: application/json[\r][\n]"
14:21:15.526 [main] DEBUG org.apache.http.wire --  >> "Content-Length: 63[\r][\n]"
14:21:15.526 [main] DEBUG org.apache.http.wire --  >> "Host: 13.60.22.209:7081[\r][\n]"
14:21:15.526 [main] DEBUG org.apache.http.wire --  >> "Connection: Keep-Alive[\r][\n]"
14:21:15.526 [main] DEBUG org.apache.http.wire --  >> "User-Agent: Apache-HttpClient/4.5.13 (Java/17.0.9)[\r][\n]"
14:21:15.526 [main] DEBUG org.apache.http.wire --  >> "Authorization: Basic YWRtaW46cGFzc3dvcmQ=[\r][\n]"
14:21:15.526 [main] DEBUG org.apache.http.wire --  >> "Accept-Encoding: gzip,deflate[\r][\n]"
14:21:15.526 [main] DEBUG org.apache.http.wire --  >> "[\r][\n]"
14:21:15.526 [main] DEBUG org.apache.http.headers -- >> PUT /api/books/1 HTTP/1.1
14:21:15.526 [main] DEBUG org.apache.http.headers -- >> Accept: */*
14:21:15.526 [main] DEBUG org.apache.http.headers -- >> Content-Type: application/json
14:21:15.526 [main] DEBUG org.apache.http.headers -- >> Content-Length: 63
14:21:15.526 [main] DEBUG org.apache.http.headers -- >> Host: 13.60.22.209:7081
14:21:15.526 [main] DEBUG org.apache.http.headers -- >> Connection: Keep-Alive
14:21:15.526 [main] DEBUG org.apache.http.headers -- >> User-Agent: Apache-HttpClient/4.5.13 (Java/17.0.9)
14:21:15.526 [main] DEBUG org.apache.http.headers -- >> Authorization: Basic YWRtaW46cGFzc3dvcmQ=
14:21:15.526 [main] DEBUG org.apache.http.headers -- >> Accept-Encoding: gzip,deflate
14:21:15.526 [main] DEBUG org.apache.http.wire --  >> "{"author":"CorrectAuthor","id":1,"title":"TitleOfAnotherBook1"}"
14:21:15.791 [main] DEBUG org.apache.http.wire --  << "HTTP/1.1 404 [\r][\n]"
14:21:15.791 [main] DEBUG org.apache.http.wire --  << "Set-Cookie: JSESSIONID=21018E1ED91F8293DBE03A1B0E078734; Path=/; HttpOnly[\r][\n]"
14:21:15.791 [main] DEBUG org.apache.http.wire --  << "X-Content-Type-Options: nosniff[\r][\n]"
14:21:15.791 [main] DEBUG org.apache.http.wire --  << "X-XSS-Protection: 1; mode=block[\r][\n]"
14:21:15.791 [main] DEBUG org.apache.http.wire --  << "Cache-Control: no-cache, no-store, max-age=0, must-revalidate[\r][\n]"
14:21:15.791 [main] DEBUG org.apache.http.wire --  << "Pragma: no-cache[\r][\n]"
14:21:15.792 [main] DEBUG org.apache.http.wire --  << "Expires: 0[\r][\n]"
14:21:15.792 [main] DEBUG org.apache.http.wire --  << "X-Frame-Options: DENY[\r][\n]"
14:21:15.792 [main] DEBUG org.apache.http.wire --  << "Content-Type: text/plain;charset=UTF-8[\r][\n]"
14:21:15.792 [main] DEBUG org.apache.http.wire --  << "Content-Length: 14[\r][\n]"
14:21:15.792 [main] DEBUG org.apache.http.wire --  << "Date: Thu, 02 Jan 2025 08:51:15 GMT[\r][\n]"
14:21:15.792 [main] DEBUG org.apache.http.wire --  << "Keep-Alive: timeout=60[\r][\n]"
14:21:15.792 [main] DEBUG org.apache.http.wire --  << "Connection: keep-alive[\r][\n]"
14:21:15.792 [main] DEBUG org.apache.http.wire --  << "[\r][\n]"
14:21:15.792 [main] DEBUG org.apache.http.impl.conn.DefaultClientConnection -- Receiving response: HTTP/1.1 404 
14:21:15.792 [main] DEBUG org.apache.http.headers -- << HTTP/1.1 404 
14:21:15.792 [main] DEBUG org.apache.http.headers -- << Set-Cookie: JSESSIONID=21018E1ED91F8293DBE03A1B0E078734; Path=/; HttpOnly
14:21:15.792 [main] DEBUG org.apache.http.headers -- << X-Content-Type-Options: nosniff
14:21:15.792 [main] DEBUG org.apache.http.headers -- << X-XSS-Protection: 1; mode=block
14:21:15.792 [main] DEBUG org.apache.http.headers -- << Cache-Control: no-cache, no-store, max-age=0, must-revalidate
14:21:15.792 [main] DEBUG org.apache.http.headers -- << Pragma: no-cache
14:21:15.792 [main] DEBUG org.apache.http.headers -- << Expires: 0
14:21:15.792 [main] DEBUG org.apache.http.headers -- << X-Frame-Options: DENY
14:21:15.792 [main] DEBUG org.apache.http.headers -- << Content-Type: text/plain;charset=UTF-8
14:21:15.792 [main] DEBUG org.apache.http.headers -- << Content-Length: 14
14:21:15.792 [main] DEBUG org.apache.http.headers -- << Date: Thu, 02 Jan 2025 08:51:15 GMT
14:21:15.792 [main] DEBUG org.apache.http.headers -- << Keep-Alive: timeout=60
14:21:15.792 [main] DEBUG org.apache.http.headers -- << Connection: keep-alive
14:21:15.792 [main] DEBUG org.apache.http.impl.client.DefaultHttpClient -- Connection can be kept alive for 60000 MILLISECONDS
14:21:15.792 [main] DEBUG org.apache.http.impl.client.DefaultHttpClient -- Authentication succeeded
14:21:15.792 [main] DEBUG org.apache.http.impl.client.TargetAuthenticationStrategy -- Caching 'basic' auth scheme for http://13.60.22.209:7081
14:21:15.793 [main] DEBUG io.restassured.internal.RestAssuredHttpBuilder -- Parsing response as: text/plain;charset=UTF-8
14:21:15.793 [main] DEBUG io.restassured.internal.RestAssuredHttpBuilder -- Parsed data to instance of: class org.apache.http.conn.EofSensorInputStream
]]></system-out>
  </testcase>
  <testcase name="testUpdateBookWithEmptyAuthor" classname="TestCases.PutBookAPITests" time="0.622">
    <failure message="Expected status code is 400 for empty author expected [400] but found [200]" type="java.lang.AssertionError"><![CDATA[java.lang.AssertionError: Expected status code is 400 for empty author expected [400] but found [200]
	at org.testng.Assert.fail(Assert.java:110)
	at org.testng.Assert.failNotEquals(Assert.java:1413)
	at org.testng.Assert.assertEqualsImpl(Assert.java:149)
	at org.testng.Assert.assertEquals(Assert.java:131)
	at org.testng.Assert.assertEquals(Assert.java:1240)
	at TestCases.PutBookAPITests.testUpdateBookWithEmptyAuthor(PutBookAPITests.java:116)
	at java.base/jdk.internal.reflect.NativeMethodAccessorImpl.invoke0(Native Method)
	at java.base/jdk.internal.reflect.NativeMethodAccessorImpl.invoke(NativeMethodAccessorImpl.java:77)
	at java.base/jdk.internal.reflect.DelegatingMethodAccessorImpl.invoke(DelegatingMethodAccessorImpl.java:43)
	at java.base/java.lang.reflect.Method.invoke(Method.java:568)
	at org.testng.internal.invokers.MethodInvocationHelper.invokeMethod(MethodInvocationHelper.java:139)
	at org.testng.internal.invokers.TestInvoker.invokeMethod(TestInvoker.java:677)
	at org.testng.internal.invokers.TestInvoker.invokeTestMethod(TestInvoker.java:221)
	at org.testng.internal.invokers.MethodRunner.runInSequence(MethodRunner.java:50)
	at org.testng.internal.invokers.TestInvoker$MethodInvocationAgent.invoke(TestInvoker.java:969)
	at org.testng.internal.invokers.TestInvoker.invokeTestMethods(TestInvoker.java:194)
	at org.testng.internal.invokers.TestMethodWorker.invokeTestMethods(TestMethodWorker.java:148)
	at org.testng.internal.invokers.TestMethodWorker.run(TestMethodWorker.java:128)
	at java.base/java.util.ArrayList.forEach(ArrayList.java:1511)
	at org.testng.TestRunner.privateRun(TestRunner.java:829)
	at org.testng.TestRunner.run(TestRunner.java:602)
	at org.testng.SuiteRunner.runTest(SuiteRunner.java:437)
	at org.testng.SuiteRunner.runSequentially(SuiteRunner.java:431)
	at org.testng.SuiteRunner.privateRun(SuiteRunner.java:391)
	at org.testng.SuiteRunner.run(SuiteRunner.java:330)
	at org.testng.SuiteRunnerWorker.runSuite(SuiteRunnerWorker.java:52)
	at org.testng.SuiteRunnerWorker.run(SuiteRunnerWorker.java:95)
	at org.testng.TestNG.runSuitesSequentially(TestNG.java:1256)
	at org.testng.TestNG.runSuitesLocally(TestNG.java:1176)
	at org.testng.TestNG.runSuites(TestNG.java:1099)
	at org.testng.TestNG.run(TestNG.java:1067)
	at org.apache.maven.surefire.testng.TestNGExecutor.run(TestNGExecutor.java:324)
	at org.apache.maven.surefire.testng.TestNGXmlTestSuite.execute(TestNGXmlTestSuite.java:74)
	at org.apache.maven.surefire.testng.TestNGProvider.invoke(TestNGProvider.java:123)
	at org.apache.maven.surefire.booter.ForkedBooter.runSuitesInProcess(ForkedBooter.java:456)
	at org.apache.maven.surefire.booter.ForkedBooter.execute(ForkedBooter.java:169)
	at org.apache.maven.surefire.booter.ForkedBooter.run(ForkedBooter.java:595)
	at org.apache.maven.surefire.booter.ForkedBooter.main(ForkedBooter.java:581)
]]></failure>
    <system-out><![CDATA[14:21:15.844 [main] DEBUG org.apache.http.impl.conn.BasicClientConnectionManager -- Get connection for route {}->http://13.60.22.209:7081
14:21:15.844 [main] DEBUG org.apache.http.impl.conn.DefaultClientConnectionOperator -- Connecting to 13.60.22.209:7081
14:21:15.997 [main] DEBUG org.apache.http.client.protocol.RequestAddCookies -- CookieSpec selected: ignoreCookies
14:21:15.997 [main] DEBUG org.apache.http.client.protocol.RequestAuthCache -- Auth cache not set in the context
14:21:15.997 [main] DEBUG org.apache.http.client.protocol.RequestTargetAuthentication -- Target auth state: UNCHALLENGED
14:21:15.997 [main] DEBUG org.apache.http.client.protocol.RequestProxyAuthentication -- Proxy auth state: UNCHALLENGED
14:21:15.997 [main] DEBUG org.apache.http.impl.client.DefaultHttpClient -- Attempt 1 to execute request
14:21:15.997 [main] DEBUG org.apache.http.impl.conn.DefaultClientConnection -- Sending request: PUT /api/books/2 HTTP/1.1
14:21:15.997 [main] DEBUG org.apache.http.wire --  >> "PUT /api/books/2 HTTP/1.1[\r][\n]"
14:21:15.997 [main] DEBUG org.apache.http.wire --  >> "Accept: */*[\r][\n]"
14:21:15.997 [main] DEBUG org.apache.http.wire --  >> "Content-Type: application/json[\r][\n]"
14:21:15.997 [main] DEBUG org.apache.http.wire --  >> "Content-Length: 43[\r][\n]"
14:21:15.997 [main] DEBUG org.apache.http.wire --  >> "Host: 13.60.22.209:7081[\r][\n]"
14:21:15.997 [main] DEBUG org.apache.http.wire --  >> "Connection: Keep-Alive[\r][\n]"
14:21:15.997 [main] DEBUG org.apache.http.wire --  >> "User-Agent: Apache-HttpClient/4.5.13 (Java/17.0.9)[\r][\n]"
14:21:15.997 [main] DEBUG org.apache.http.wire --  >> "Accept-Encoding: gzip,deflate[\r][\n]"
14:21:15.997 [main] DEBUG org.apache.http.wire --  >> "[\r][\n]"
14:21:15.997 [main] DEBUG org.apache.http.headers -- >> PUT /api/books/2 HTTP/1.1
14:21:15.997 [main] DEBUG org.apache.http.headers -- >> Accept: */*
14:21:15.997 [main] DEBUG org.apache.http.headers -- >> Content-Type: application/json
14:21:15.997 [main] DEBUG org.apache.http.headers -- >> Content-Length: 43
14:21:15.997 [main] DEBUG org.apache.http.headers -- >> Host: 13.60.22.209:7081
14:21:15.997 [main] DEBUG org.apache.http.headers -- >> Connection: Keep-Alive
14:21:15.997 [main] DEBUG org.apache.http.headers -- >> User-Agent: Apache-HttpClient/4.5.13 (Java/17.0.9)
14:21:15.997 [main] DEBUG org.apache.http.headers -- >> Accept-Encoding: gzip,deflate
14:21:15.997 [main] DEBUG org.apache.http.wire --  >> "{"author":"","id":2,"title":"Valid Title3"}"
14:21:16.151 [main] DEBUG org.apache.http.wire --  << "HTTP/1.1 401 [\r][\n]"
14:21:16.151 [main] DEBUG org.apache.http.wire --  << "Set-Cookie: JSESSIONID=81AFD71A7D765144643EA7D8A92E9087; Path=/; HttpOnly[\r][\n]"
14:21:16.151 [main] DEBUG org.apache.http.wire --  << "WWW-Authenticate: Basic realm="Realm"[\r][\n]"
14:21:16.151 [main] DEBUG org.apache.http.wire --  << "X-Content-Type-Options: nosniff[\r][\n]"
14:21:16.151 [main] DEBUG org.apache.http.wire --  << "X-XSS-Protection: 1; mode=block[\r][\n]"
14:21:16.151 [main] DEBUG org.apache.http.wire --  << "Cache-Control: no-cache, no-store, max-age=0, must-revalidate[\r][\n]"
14:21:16.151 [main] DEBUG org.apache.http.wire --  << "Pragma: no-cache[\r][\n]"
14:21:16.151 [main] DEBUG org.apache.http.wire --  << "Expires: 0[\r][\n]"
14:21:16.151 [main] DEBUG org.apache.http.wire --  << "X-Frame-Options: DENY[\r][\n]"
14:21:16.151 [main] DEBUG org.apache.http.wire --  << "Content-Length: 0[\r][\n]"
14:21:16.151 [main] DEBUG org.apache.http.wire --  << "Date: Thu, 02 Jan 2025 08:51:16 GMT[\r][\n]"
14:21:16.151 [main] DEBUG org.apache.http.wire --  << "Keep-Alive: timeout=60[\r][\n]"
14:21:16.152 [main] DEBUG org.apache.http.wire --  << "Connection: keep-alive[\r][\n]"
14:21:16.152 [main] DEBUG org.apache.http.wire --  << "[\r][\n]"
14:21:16.152 [main] DEBUG org.apache.http.impl.conn.DefaultClientConnection -- Receiving response: HTTP/1.1 401 
14:21:16.152 [main] DEBUG org.apache.http.headers -- << HTTP/1.1 401 
14:21:16.152 [main] DEBUG org.apache.http.headers -- << Set-Cookie: JSESSIONID=81AFD71A7D765144643EA7D8A92E9087; Path=/; HttpOnly
14:21:16.152 [main] DEBUG org.apache.http.headers -- << WWW-Authenticate: Basic realm="Realm"
14:21:16.152 [main] DEBUG org.apache.http.headers -- << X-Content-Type-Options: nosniff
14:21:16.152 [main] DEBUG org.apache.http.headers -- << X-XSS-Protection: 1; mode=block
14:21:16.152 [main] DEBUG org.apache.http.headers -- << Cache-Control: no-cache, no-store, max-age=0, must-revalidate
14:21:16.152 [main] DEBUG org.apache.http.headers -- << Pragma: no-cache
14:21:16.152 [main] DEBUG org.apache.http.headers -- << Expires: 0
14:21:16.152 [main] DEBUG org.apache.http.headers -- << X-Frame-Options: DENY
14:21:16.152 [main] DEBUG org.apache.http.headers -- << Content-Length: 0
14:21:16.152 [main] DEBUG org.apache.http.headers -- << Date: Thu, 02 Jan 2025 08:51:16 GMT
14:21:16.152 [main] DEBUG org.apache.http.headers -- << Keep-Alive: timeout=60
14:21:16.152 [main] DEBUG org.apache.http.headers -- << Connection: keep-alive
14:21:16.152 [main] DEBUG org.apache.http.impl.client.DefaultHttpClient -- Connection can be kept alive for 60000 MILLISECONDS
14:21:16.152 [main] DEBUG org.apache.http.impl.client.DefaultHttpClient -- Authentication required
14:21:16.152 [main] DEBUG org.apache.http.impl.client.DefaultHttpClient -- 13.60.22.209:7081 requested authentication
14:21:16.152 [main] DEBUG org.apache.http.impl.client.TargetAuthenticationStrategy -- Authentication schemes in the order of preference: [Negotiate, Kerberos, NTLM, CredSSP, Digest, Basic]
14:21:16.152 [main] DEBUG org.apache.http.impl.client.TargetAuthenticationStrategy -- Challenge for Negotiate authentication scheme not available
14:21:16.152 [main] DEBUG org.apache.http.impl.client.TargetAuthenticationStrategy -- Challenge for Kerberos authentication scheme not available
14:21:16.152 [main] DEBUG org.apache.http.impl.client.TargetAuthenticationStrategy -- Challenge for NTLM authentication scheme not available
14:21:16.152 [main] DEBUG org.apache.http.impl.client.TargetAuthenticationStrategy -- Challenge for CredSSP authentication scheme not available
14:21:16.152 [main] DEBUG org.apache.http.impl.client.TargetAuthenticationStrategy -- Challenge for Digest authentication scheme not available
14:21:16.152 [main] DEBUG org.apache.http.impl.client.DefaultHttpClient -- Selected authentication options: [BASIC [complete=true]]
14:21:16.152 [main] DEBUG org.apache.http.client.protocol.RequestAddCookies -- CookieSpec selected: ignoreCookies
14:21:16.152 [main] DEBUG org.apache.http.client.protocol.RequestAuthCache -- Auth cache not set in the context
14:21:16.152 [main] DEBUG org.apache.http.client.protocol.RequestTargetAuthentication -- Target auth state: CHALLENGED
14:21:16.152 [main] DEBUG org.apache.http.client.protocol.RequestTargetAuthentication -- Generating response to an authentication challenge using basic scheme
14:21:16.152 [main] DEBUG org.apache.http.client.protocol.RequestProxyAuthentication -- Proxy auth state: UNCHALLENGED
14:21:16.152 [main] DEBUG org.apache.http.impl.client.DefaultHttpClient -- Attempt 2 to execute request
14:21:16.152 [main] DEBUG org.apache.http.impl.conn.DefaultClientConnection -- Sending request: PUT /api/books/2 HTTP/1.1
14:21:16.152 [main] DEBUG org.apache.http.wire --  >> "PUT /api/books/2 HTTP/1.1[\r][\n]"
14:21:16.152 [main] DEBUG org.apache.http.wire --  >> "Accept: */*[\r][\n]"
14:21:16.152 [main] DEBUG org.apache.http.wire --  >> "Content-Type: application/json[\r][\n]"
14:21:16.152 [main] DEBUG org.apache.http.wire --  >> "Content-Length: 43[\r][\n]"
14:21:16.152 [main] DEBUG org.apache.http.wire --  >> "Host: 13.60.22.209:7081[\r][\n]"
14:21:16.152 [main] DEBUG org.apache.http.wire --  >> "Connection: Keep-Alive[\r][\n]"
14:21:16.152 [main] DEBUG org.apache.http.wire --  >> "User-Agent: Apache-HttpClient/4.5.13 (Java/17.0.9)[\r][\n]"
14:21:16.152 [main] DEBUG org.apache.http.wire --  >> "Authorization: Basic YWRtaW46cGFzc3dvcmQ=[\r][\n]"
14:21:16.152 [main] DEBUG org.apache.http.wire --  >> "Accept-Encoding: gzip,deflate[\r][\n]"
14:21:16.152 [main] DEBUG org.apache.http.wire --  >> "[\r][\n]"
14:21:16.152 [main] DEBUG org.apache.http.headers -- >> PUT /api/books/2 HTTP/1.1
14:21:16.152 [main] DEBUG org.apache.http.headers -- >> Accept: */*
14:21:16.153 [main] DEBUG org.apache.http.headers -- >> Content-Type: application/json
14:21:16.153 [main] DEBUG org.apache.http.headers -- >> Content-Length: 43
14:21:16.153 [main] DEBUG org.apache.http.headers -- >> Host: 13.60.22.209:7081
14:21:16.153 [main] DEBUG org.apache.http.headers -- >> Connection: Keep-Alive
14:21:16.153 [main] DEBUG org.apache.http.headers -- >> User-Agent: Apache-HttpClient/4.5.13 (Java/17.0.9)
14:21:16.153 [main] DEBUG org.apache.http.headers -- >> Authorization: Basic YWRtaW46cGFzc3dvcmQ=
14:21:16.153 [main] DEBUG org.apache.http.headers -- >> Accept-Encoding: gzip,deflate
14:21:16.153 [main] DEBUG org.apache.http.wire --  >> "{"author":"","id":2,"title":"Valid Title3"}"
14:21:16.418 [main] DEBUG org.apache.http.wire --  << "HTTP/1.1 200 [\r][\n]"
14:21:16.418 [main] DEBUG org.apache.http.wire --  << "Set-Cookie: JSESSIONID=B24931AE23DC165C36425D206DECC872; Path=/; HttpOnly[\r][\n]"
14:21:16.418 [main] DEBUG org.apache.http.wire --  << "X-Content-Type-Options: nosniff[\r][\n]"
14:21:16.418 [main] DEBUG org.apache.http.wire --  << "X-XSS-Protection: 1; mode=block[\r][\n]"
14:21:16.418 [main] DEBUG org.apache.http.wire --  << "Cache-Control: no-cache, no-store, max-age=0, must-revalidate[\r][\n]"
14:21:16.418 [main] DEBUG org.apache.http.wire --  << "Pragma: no-cache[\r][\n]"
14:21:16.418 [main] DEBUG org.apache.http.wire --  << "Expires: 0[\r][\n]"
14:21:16.418 [main] DEBUG org.apache.http.wire --  << "X-Frame-Options: DENY[\r][\n]"
14:21:16.418 [main] DEBUG org.apache.http.wire --  << "Content-Type: application/json[\r][\n]"
14:21:16.418 [main] DEBUG org.apache.http.wire --  << "Transfer-Encoding: chunked[\r][\n]"
14:21:16.418 [main] DEBUG org.apache.http.wire --  << "Date: Thu, 02 Jan 2025 08:51:16 GMT[\r][\n]"
14:21:16.418 [main] DEBUG org.apache.http.wire --  << "Keep-Alive: timeout=60[\r][\n]"
14:21:16.418 [main] DEBUG org.apache.http.wire --  << "Connection: keep-alive[\r][\n]"
14:21:16.418 [main] DEBUG org.apache.http.wire --  << "[\r][\n]"
14:21:16.418 [main] DEBUG org.apache.http.impl.conn.DefaultClientConnection -- Receiving response: HTTP/1.1 200 
14:21:16.418 [main] DEBUG org.apache.http.headers -- << HTTP/1.1 200 
14:21:16.418 [main] DEBUG org.apache.http.headers -- << Set-Cookie: JSESSIONID=B24931AE23DC165C36425D206DECC872; Path=/; HttpOnly
14:21:16.418 [main] DEBUG org.apache.http.headers -- << X-Content-Type-Options: nosniff
14:21:16.418 [main] DEBUG org.apache.http.headers -- << X-XSS-Protection: 1; mode=block
14:21:16.418 [main] DEBUG org.apache.http.headers -- << Cache-Control: no-cache, no-store, max-age=0, must-revalidate
14:21:16.418 [main] DEBUG org.apache.http.headers -- << Pragma: no-cache
14:21:16.418 [main] DEBUG org.apache.http.headers -- << Expires: 0
14:21:16.418 [main] DEBUG org.apache.http.headers -- << X-Frame-Options: DENY
14:21:16.418 [main] DEBUG org.apache.http.headers -- << Content-Type: application/json
14:21:16.418 [main] DEBUG org.apache.http.headers -- << Transfer-Encoding: chunked
14:21:16.418 [main] DEBUG org.apache.http.headers -- << Date: Thu, 02 Jan 2025 08:51:16 GMT
14:21:16.418 [main] DEBUG org.apache.http.headers -- << Keep-Alive: timeout=60
14:21:16.418 [main] DEBUG org.apache.http.headers -- << Connection: keep-alive
14:21:16.418 [main] DEBUG org.apache.http.impl.client.DefaultHttpClient -- Connection can be kept alive for 60000 MILLISECONDS
14:21:16.418 [main] DEBUG org.apache.http.impl.client.DefaultHttpClient -- Authentication succeeded
14:21:16.418 [main] DEBUG org.apache.http.impl.client.TargetAuthenticationStrategy -- Caching 'basic' auth scheme for http://13.60.22.209:7081
14:21:16.419 [main] DEBUG io.restassured.internal.RestAssuredHttpBuilder -- Parsing response as: application/json
14:21:16.419 [main] DEBUG io.restassured.internal.RestAssuredHttpBuilder -- Parsed data to instance of: class org.apache.http.conn.EofSensorInputStream
]]></system-out>
  </testcase>
  <testcase name="testUpdateBookWithInvalidIdAsAdmin" classname="TestCases.PutBookAPITests" time="0.595">
    <system-out><![CDATA[14:21:16.431 [main] DEBUG org.apache.http.impl.conn.BasicClientConnectionManager -- Get connection for route {}->http://13.60.22.209:7081
14:21:16.431 [main] DEBUG org.apache.http.impl.conn.DefaultClientConnectionOperator -- Connecting to 13.60.22.209:7081
14:21:16.587 [main] DEBUG org.apache.http.client.protocol.RequestAddCookies -- CookieSpec selected: ignoreCookies
14:21:16.587 [main] DEBUG org.apache.http.client.protocol.RequestAuthCache -- Auth cache not set in the context
14:21:16.587 [main] DEBUG org.apache.http.client.protocol.RequestTargetAuthentication -- Target auth state: UNCHALLENGED
14:21:16.587 [main] DEBUG org.apache.http.client.protocol.RequestProxyAuthentication -- Proxy auth state: UNCHALLENGED
14:21:16.587 [main] DEBUG org.apache.http.impl.client.DefaultHttpClient -- Attempt 1 to execute request
14:21:16.587 [main] DEBUG org.apache.http.impl.conn.DefaultClientConnection -- Sending request: PUT /api/books/999 HTTP/1.1
14:21:16.587 [main] DEBUG org.apache.http.wire --  >> "PUT /api/books/999 HTTP/1.1[\r][\n]"
14:21:16.587 [main] DEBUG org.apache.http.wire --  >> "Accept: */*[\r][\n]"
14:21:16.587 [main] DEBUG org.apache.http.wire --  >> "Content-Type: application/json[\r][\n]"
14:21:16.588 [main] DEBUG org.apache.http.wire --  >> "Content-Length: 75[\r][\n]"
14:21:16.588 [main] DEBUG org.apache.http.wire --  >> "Host: 13.60.22.209:7081[\r][\n]"
14:21:16.588 [main] DEBUG org.apache.http.wire --  >> "Connection: Keep-Alive[\r][\n]"
14:21:16.588 [main] DEBUG org.apache.http.wire --  >> "User-Agent: Apache-HttpClient/4.5.13 (Java/17.0.9)[\r][\n]"
14:21:16.588 [main] DEBUG org.apache.http.wire --  >> "Accept-Encoding: gzip,deflate[\r][\n]"
14:21:16.588 [main] DEBUG org.apache.http.wire --  >> "[\r][\n]"
14:21:16.588 [main] DEBUG org.apache.http.headers -- >> PUT /api/books/999 HTTP/1.1
14:21:16.588 [main] DEBUG org.apache.http.headers -- >> Accept: */*
14:21:16.588 [main] DEBUG org.apache.http.headers -- >> Content-Type: application/json
14:21:16.588 [main] DEBUG org.apache.http.headers -- >> Content-Length: 75
14:21:16.588 [main] DEBUG org.apache.http.headers -- >> Host: 13.60.22.209:7081
14:21:16.588 [main] DEBUG org.apache.http.headers -- >> Connection: Keep-Alive
14:21:16.588 [main] DEBUG org.apache.http.headers -- >> User-Agent: Apache-HttpClient/4.5.13 (Java/17.0.9)
14:21:16.588 [main] DEBUG org.apache.http.headers -- >> Accept-Encoding: gzip,deflate
14:21:16.588 [main] DEBUG org.apache.http.wire --  >> "{"author":"Non-existent Author","id":999,"title":"Non-existent Book Title"}"
14:21:16.749 [main] DEBUG org.apache.http.wire --  << "HTTP/1.1 401 [\r][\n]"
14:21:16.749 [main] DEBUG org.apache.http.wire --  << "Set-Cookie: JSESSIONID=276F47EB5B90456787D86F6933CEF398; Path=/; HttpOnly[\r][\n]"
14:21:16.749 [main] DEBUG org.apache.http.wire --  << "WWW-Authenticate: Basic realm="Realm"[\r][\n]"
14:21:16.749 [main] DEBUG org.apache.http.wire --  << "X-Content-Type-Options: nosniff[\r][\n]"
14:21:16.749 [main] DEBUG org.apache.http.wire --  << "X-XSS-Protection: 1; mode=block[\r][\n]"
14:21:16.749 [main] DEBUG org.apache.http.wire --  << "Cache-Control: no-cache, no-store, max-age=0, must-revalidate[\r][\n]"
14:21:16.749 [main] DEBUG org.apache.http.wire --  << "Pragma: no-cache[\r][\n]"
14:21:16.749 [main] DEBUG org.apache.http.wire --  << "Expires: 0[\r][\n]"
14:21:16.749 [main] DEBUG org.apache.http.wire --  << "X-Frame-Options: DENY[\r][\n]"
14:21:16.749 [main] DEBUG org.apache.http.wire --  << "Content-Length: 0[\r][\n]"
14:21:16.749 [main] DEBUG org.apache.http.wire --  << "Date: Thu, 02 Jan 2025 08:51:16 GMT[\r][\n]"
14:21:16.749 [main] DEBUG org.apache.http.wire --  << "Keep-Alive: timeout=60[\r][\n]"
14:21:16.749 [main] DEBUG org.apache.http.wire --  << "Connection: keep-alive[\r][\n]"
14:21:16.749 [main] DEBUG org.apache.http.wire --  << "[\r][\n]"
14:21:16.749 [main] DEBUG org.apache.http.impl.conn.DefaultClientConnection -- Receiving response: HTTP/1.1 401 
14:21:16.749 [main] DEBUG org.apache.http.headers -- << HTTP/1.1 401 
14:21:16.749 [main] DEBUG org.apache.http.headers -- << Set-Cookie: JSESSIONID=276F47EB5B90456787D86F6933CEF398; Path=/; HttpOnly
14:21:16.749 [main] DEBUG org.apache.http.headers -- << WWW-Authenticate: Basic realm="Realm"
14:21:16.749 [main] DEBUG org.apache.http.headers -- << X-Content-Type-Options: nosniff
14:21:16.749 [main] DEBUG org.apache.http.headers -- << X-XSS-Protection: 1; mode=block
14:21:16.749 [main] DEBUG org.apache.http.headers -- << Cache-Control: no-cache, no-store, max-age=0, must-revalidate
14:21:16.749 [main] DEBUG org.apache.http.headers -- << Pragma: no-cache
14:21:16.749 [main] DEBUG org.apache.http.headers -- << Expires: 0
14:21:16.749 [main] DEBUG org.apache.http.headers -- << X-Frame-Options: DENY
14:21:16.749 [main] DEBUG org.apache.http.headers -- << Content-Length: 0
14:21:16.749 [main] DEBUG org.apache.http.headers -- << Date: Thu, 02 Jan 2025 08:51:16 GMT
14:21:16.749 [main] DEBUG org.apache.http.headers -- << Keep-Alive: timeout=60
14:21:16.749 [main] DEBUG org.apache.http.headers -- << Connection: keep-alive
14:21:16.749 [main] DEBUG org.apache.http.impl.client.DefaultHttpClient -- Connection can be kept alive for 60000 MILLISECONDS
14:21:16.749 [main] DEBUG org.apache.http.impl.client.DefaultHttpClient -- Authentication required
14:21:16.749 [main] DEBUG org.apache.http.impl.client.DefaultHttpClient -- 13.60.22.209:7081 requested authentication
14:21:16.749 [main] DEBUG org.apache.http.impl.client.TargetAuthenticationStrategy -- Authentication schemes in the order of preference: [Negotiate, Kerberos, NTLM, CredSSP, Digest, Basic]
14:21:16.749 [main] DEBUG org.apache.http.impl.client.TargetAuthenticationStrategy -- Challenge for Negotiate authentication scheme not available
14:21:16.750 [main] DEBUG org.apache.http.impl.client.TargetAuthenticationStrategy -- Challenge for Kerberos authentication scheme not available
14:21:16.750 [main] DEBUG org.apache.http.impl.client.TargetAuthenticationStrategy -- Challenge for NTLM authentication scheme not available
14:21:16.750 [main] DEBUG org.apache.http.impl.client.TargetAuthenticationStrategy -- Challenge for CredSSP authentication scheme not available
14:21:16.750 [main] DEBUG org.apache.http.impl.client.TargetAuthenticationStrategy -- Challenge for Digest authentication scheme not available
14:21:16.750 [main] DEBUG org.apache.http.impl.client.DefaultHttpClient -- Selected authentication options: [BASIC [complete=true]]
14:21:16.750 [main] DEBUG org.apache.http.client.protocol.RequestAddCookies -- CookieSpec selected: ignoreCookies
14:21:16.750 [main] DEBUG org.apache.http.client.protocol.RequestAuthCache -- Auth cache not set in the context
14:21:16.750 [main] DEBUG org.apache.http.client.protocol.RequestTargetAuthentication -- Target auth state: CHALLENGED
14:21:16.750 [main] DEBUG org.apache.http.client.protocol.RequestTargetAuthentication -- Generating response to an authentication challenge using basic scheme
14:21:16.750 [main] DEBUG org.apache.http.client.protocol.RequestProxyAuthentication -- Proxy auth state: UNCHALLENGED
14:21:16.750 [main] DEBUG org.apache.http.impl.client.DefaultHttpClient -- Attempt 2 to execute request
14:21:16.750 [main] DEBUG org.apache.http.impl.conn.DefaultClientConnection -- Sending request: PUT /api/books/999 HTTP/1.1
14:21:16.750 [main] DEBUG org.apache.http.wire --  >> "PUT /api/books/999 HTTP/1.1[\r][\n]"
14:21:16.750 [main] DEBUG org.apache.http.wire --  >> "Accept: */*[\r][\n]"
14:21:16.750 [main] DEBUG org.apache.http.wire --  >> "Content-Type: application/json[\r][\n]"
14:21:16.750 [main] DEBUG org.apache.http.wire --  >> "Content-Length: 75[\r][\n]"
14:21:16.750 [main] DEBUG org.apache.http.wire --  >> "Host: 13.60.22.209:7081[\r][\n]"
14:21:16.750 [main] DEBUG org.apache.http.wire --  >> "Connection: Keep-Alive[\r][\n]"
14:21:16.750 [main] DEBUG org.apache.http.wire --  >> "User-Agent: Apache-HttpClient/4.5.13 (Java/17.0.9)[\r][\n]"
14:21:16.750 [main] DEBUG org.apache.http.wire --  >> "Authorization: Basic YWRtaW46cGFzc3dvcmQ=[\r][\n]"
14:21:16.751 [main] DEBUG org.apache.http.wire --  >> "Accept-Encoding: gzip,deflate[\r][\n]"
14:21:16.751 [main] DEBUG org.apache.http.wire --  >> "[\r][\n]"
14:21:16.751 [main] DEBUG org.apache.http.headers -- >> PUT /api/books/999 HTTP/1.1
14:21:16.751 [main] DEBUG org.apache.http.headers -- >> Accept: */*
14:21:16.751 [main] DEBUG org.apache.http.headers -- >> Content-Type: application/json
14:21:16.751 [main] DEBUG org.apache.http.headers -- >> Content-Length: 75
14:21:16.751 [main] DEBUG org.apache.http.headers -- >> Host: 13.60.22.209:7081
14:21:16.751 [main] DEBUG org.apache.http.headers -- >> Connection: Keep-Alive
14:21:16.751 [main] DEBUG org.apache.http.headers -- >> User-Agent: Apache-HttpClient/4.5.13 (Java/17.0.9)
14:21:16.751 [main] DEBUG org.apache.http.headers -- >> Authorization: Basic YWRtaW46cGFzc3dvcmQ=
14:21:16.751 [main] DEBUG org.apache.http.headers -- >> Accept-Encoding: gzip,deflate
14:21:16.751 [main] DEBUG org.apache.http.wire --  >> "{"author":"Non-existent Author","id":999,"title":"Non-existent Book Title"}"
14:21:17.014 [main] DEBUG org.apache.http.wire --  << "HTTP/1.1 404 [\r][\n]"
14:21:17.014 [main] DEBUG org.apache.http.wire --  << "Set-Cookie: JSESSIONID=E799A5B1B01DE547A9263CEAD398FC5F; Path=/; HttpOnly[\r][\n]"
14:21:17.014 [main] DEBUG org.apache.http.wire --  << "X-Content-Type-Options: nosniff[\r][\n]"
14:21:17.014 [main] DEBUG org.apache.http.wire --  << "X-XSS-Protection: 1; mode=block[\r][\n]"
14:21:17.014 [main] DEBUG org.apache.http.wire --  << "Cache-Control: no-cache, no-store, max-age=0, must-revalidate[\r][\n]"
14:21:17.014 [main] DEBUG org.apache.http.wire --  << "Pragma: no-cache[\r][\n]"
14:21:17.014 [main] DEBUG org.apache.http.wire --  << "Expires: 0[\r][\n]"
14:21:17.014 [main] DEBUG org.apache.http.wire --  << "X-Frame-Options: DENY[\r][\n]"
14:21:17.014 [main] DEBUG org.apache.http.wire --  << "Content-Type: text/plain;charset=UTF-8[\r][\n]"
14:21:17.014 [main] DEBUG org.apache.http.wire --  << "Content-Length: 14[\r][\n]"
14:21:17.014 [main] DEBUG org.apache.http.wire --  << "Date: Thu, 02 Jan 2025 08:51:16 GMT[\r][\n]"
14:21:17.014 [main] DEBUG org.apache.http.wire --  << "Keep-Alive: timeout=60[\r][\n]"
14:21:17.014 [main] DEBUG org.apache.http.wire --  << "Connection: keep-alive[\r][\n]"
14:21:17.014 [main] DEBUG org.apache.http.wire --  << "[\r][\n]"
14:21:17.014 [main] DEBUG org.apache.http.impl.conn.DefaultClientConnection -- Receiving response: HTTP/1.1 404 
14:21:17.014 [main] DEBUG org.apache.http.headers -- << HTTP/1.1 404 
14:21:17.014 [main] DEBUG org.apache.http.headers -- << Set-Cookie: JSESSIONID=E799A5B1B01DE547A9263CEAD398FC5F; Path=/; HttpOnly
14:21:17.014 [main] DEBUG org.apache.http.headers -- << X-Content-Type-Options: nosniff
14:21:17.014 [main] DEBUG org.apache.http.headers -- << X-XSS-Protection: 1; mode=block
14:21:17.014 [main] DEBUG org.apache.http.headers -- << Cache-Control: no-cache, no-store, max-age=0, must-revalidate
14:21:17.014 [main] DEBUG org.apache.http.headers -- << Pragma: no-cache
14:21:17.014 [main] DEBUG org.apache.http.headers -- << Expires: 0
14:21:17.014 [main] DEBUG org.apache.http.headers -- << X-Frame-Options: DENY
14:21:17.014 [main] DEBUG org.apache.http.headers -- << Content-Type: text/plain;charset=UTF-8
14:21:17.014 [main] DEBUG org.apache.http.headers -- << Content-Length: 14
14:21:17.014 [main] DEBUG org.apache.http.headers -- << Date: Thu, 02 Jan 2025 08:51:16 GMT
14:21:17.014 [main] DEBUG org.apache.http.headers -- << Keep-Alive: timeout=60
14:21:17.014 [main] DEBUG org.apache.http.headers -- << Connection: keep-alive
14:21:17.014 [main] DEBUG org.apache.http.impl.client.DefaultHttpClient -- Connection can be kept alive for 60000 MILLISECONDS
14:21:17.014 [main] DEBUG org.apache.http.impl.client.DefaultHttpClient -- Authentication succeeded
14:21:17.015 [main] DEBUG org.apache.http.impl.client.TargetAuthenticationStrategy -- Caching 'basic' auth scheme for http://13.60.22.209:7081
14:21:17.015 [main] DEBUG io.restassured.internal.RestAssuredHttpBuilder -- Parsing response as: text/plain;charset=UTF-8
14:21:17.015 [main] DEBUG io.restassured.internal.RestAssuredHttpBuilder -- Parsed data to instance of: class org.apache.http.conn.EofSensorInputStream
14:21:17.015 [main] DEBUG org.apache.http.wire --  << "Book not found"
14:21:17.015 [main] DEBUG org.apache.http.impl.conn.BasicClientConnectionManager -- Releasing connection org.apache.http.impl.conn.ManagedClientConnectionImpl@1fecfaea
14:21:17.015 [main] DEBUG org.apache.http.impl.conn.BasicClientConnectionManager -- Connection can be kept alive for 60000 MILLISECONDS
]]></system-out>
  </testcase>
  <testcase name="testUpdateBookWithMissingOrInvalidTitleAsAdmin" classname="TestCases.PutBookAPITests" time="0.584">
    <failure message="Expected status code is 400 for missing/empty title expected [400] but found [200]" type="java.lang.AssertionError"><![CDATA[java.lang.AssertionError: Expected status code is 400 for missing/empty title expected [400] but found [200]
	at org.testng.Assert.fail(Assert.java:110)
	at org.testng.Assert.failNotEquals(Assert.java:1413)
	at org.testng.Assert.assertEqualsImpl(Assert.java:149)
	at org.testng.Assert.assertEquals(Assert.java:131)
	at org.testng.Assert.assertEquals(Assert.java:1240)
	at TestCases.PutBookAPITests.testUpdateBookWithMissingOrInvalidTitleAsAdmin(PutBookAPITests.java:184)
	at java.base/jdk.internal.reflect.NativeMethodAccessorImpl.invoke0(Native Method)
	at java.base/jdk.internal.reflect.NativeMethodAccessorImpl.invoke(NativeMethodAccessorImpl.java:77)
	at java.base/jdk.internal.reflect.DelegatingMethodAccessorImpl.invoke(DelegatingMethodAccessorImpl.java:43)
	at java.base/java.lang.reflect.Method.invoke(Method.java:568)
	at org.testng.internal.invokers.MethodInvocationHelper.invokeMethod(MethodInvocationHelper.java:139)
	at org.testng.internal.invokers.TestInvoker.invokeMethod(TestInvoker.java:677)
	at org.testng.internal.invokers.TestInvoker.invokeTestMethod(TestInvoker.java:221)
	at org.testng.internal.invokers.MethodRunner.runInSequence(MethodRunner.java:50)
	at org.testng.internal.invokers.TestInvoker$MethodInvocationAgent.invoke(TestInvoker.java:969)
	at org.testng.internal.invokers.TestInvoker.invokeTestMethods(TestInvoker.java:194)
	at org.testng.internal.invokers.TestMethodWorker.invokeTestMethods(TestMethodWorker.java:148)
	at org.testng.internal.invokers.TestMethodWorker.run(TestMethodWorker.java:128)
	at java.base/java.util.ArrayList.forEach(ArrayList.java:1511)
	at org.testng.TestRunner.privateRun(TestRunner.java:829)
	at org.testng.TestRunner.run(TestRunner.java:602)
	at org.testng.SuiteRunner.runTest(SuiteRunner.java:437)
	at org.testng.SuiteRunner.runSequentially(SuiteRunner.java:431)
	at org.testng.SuiteRunner.privateRun(SuiteRunner.java:391)
	at org.testng.SuiteRunner.run(SuiteRunner.java:330)
	at org.testng.SuiteRunnerWorker.runSuite(SuiteRunnerWorker.java:52)
	at org.testng.SuiteRunnerWorker.run(SuiteRunnerWorker.java:95)
	at org.testng.TestNG.runSuitesSequentially(TestNG.java:1256)
	at org.testng.TestNG.runSuitesLocally(TestNG.java:1176)
	at org.testng.TestNG.runSuites(TestNG.java:1099)
	at org.testng.TestNG.run(TestNG.java:1067)
	at org.apache.maven.surefire.testng.TestNGExecutor.run(TestNGExecutor.java:324)
	at org.apache.maven.surefire.testng.TestNGXmlTestSuite.execute(TestNGXmlTestSuite.java:74)
	at org.apache.maven.surefire.testng.TestNGProvider.invoke(TestNGProvider.java:123)
	at org.apache.maven.surefire.booter.ForkedBooter.runSuitesInProcess(ForkedBooter.java:456)
	at org.apache.maven.surefire.booter.ForkedBooter.execute(ForkedBooter.java:169)
	at org.apache.maven.surefire.booter.ForkedBooter.run(ForkedBooter.java:595)
	at org.apache.maven.surefire.booter.ForkedBooter.main(ForkedBooter.java:581)
]]></failure>
    <system-out><![CDATA[14:21:17.026 [main] DEBUG org.apache.http.impl.conn.BasicClientConnectionManager -- Get connection for route {}->http://13.60.22.209:7081
14:21:17.026 [main] DEBUG org.apache.http.impl.conn.DefaultClientConnectionOperator -- Connecting to 13.60.22.209:7081
14:21:17.181 [main] DEBUG org.apache.http.client.protocol.RequestAddCookies -- CookieSpec selected: ignoreCookies
14:21:17.181 [main] DEBUG org.apache.http.client.protocol.RequestAuthCache -- Auth cache not set in the context
14:21:17.181 [main] DEBUG org.apache.http.client.protocol.RequestTargetAuthentication -- Target auth state: UNCHALLENGED
14:21:17.181 [main] DEBUG org.apache.http.client.protocol.RequestProxyAuthentication -- Proxy auth state: UNCHALLENGED
14:21:17.181 [main] DEBUG org.apache.http.impl.client.DefaultHttpClient -- Attempt 1 to execute request
14:21:17.181 [main] DEBUG org.apache.http.impl.conn.DefaultClientConnection -- Sending request: PUT /api/books/2 HTTP/1.1
14:21:17.181 [main] DEBUG org.apache.http.wire --  >> "PUT /api/books/2 HTTP/1.1[\r][\n]"
14:21:17.181 [main] DEBUG org.apache.http.wire --  >> "Accept: */*[\r][\n]"
14:21:17.181 [main] DEBUG org.apache.http.wire --  >> "Content-Type: application/json[\r][\n]"
14:21:17.181 [main] DEBUG org.apache.http.wire --  >> "Content-Length: 34[\r][\n]"
14:21:17.181 [main] DEBUG org.apache.http.wire --  >> "Host: 13.60.22.209:7081[\r][\n]"
14:21:17.181 [main] DEBUG org.apache.http.wire --  >> "Connection: Keep-Alive[\r][\n]"
14:21:17.181 [main] DEBUG org.apache.http.wire --  >> "User-Agent: Apache-HttpClient/4.5.13 (Java/17.0.9)[\r][\n]"
14:21:17.181 [main] DEBUG org.apache.http.wire --  >> "Accept-Encoding: gzip,deflate[\r][\n]"
14:21:17.181 [main] DEBUG org.apache.http.wire --  >> "[\r][\n]"
14:21:17.181 [main] DEBUG org.apache.http.headers -- >> PUT /api/books/2 HTTP/1.1
14:21:17.181 [main] DEBUG org.apache.http.headers -- >> Accept: */*
14:21:17.181 [main] DEBUG org.apache.http.headers -- >> Content-Type: application/json
14:21:17.181 [main] DEBUG org.apache.http.headers -- >> Content-Length: 34
14:21:17.181 [main] DEBUG org.apache.http.headers -- >> Host: 13.60.22.209:7081
14:21:17.181 [main] DEBUG org.apache.http.headers -- >> Connection: Keep-Alive
14:21:17.181 [main] DEBUG org.apache.http.headers -- >> User-Agent: Apache-HttpClient/4.5.13 (Java/17.0.9)
14:21:17.181 [main] DEBUG org.apache.http.headers -- >> Accept-Encoding: gzip,deflate
14:21:17.181 [main] DEBUG org.apache.http.wire --  >> "{"author":"Hri","id":2,"title":""}"
14:21:17.338 [main] DEBUG org.apache.http.wire --  << "HTTP/1.1 401 [\r][\n]"
14:21:17.338 [main] DEBUG org.apache.http.wire --  << "Set-Cookie: JSESSIONID=D41E0402CE9D11AF45A1F07F56ED2E57; Path=/; HttpOnly[\r][\n]"
14:21:17.338 [main] DEBUG org.apache.http.wire --  << "WWW-Authenticate: Basic realm="Realm"[\r][\n]"
14:21:17.338 [main] DEBUG org.apache.http.wire --  << "X-Content-Type-Options: nosniff[\r][\n]"
14:21:17.338 [main] DEBUG org.apache.http.wire --  << "X-XSS-Protection: 1; mode=block[\r][\n]"
14:21:17.338 [main] DEBUG org.apache.http.wire --  << "Cache-Control: no-cache, no-store, max-age=0, must-revalidate[\r][\n]"
14:21:17.338 [main] DEBUG org.apache.http.wire --  << "Pragma: no-cache[\r][\n]"
14:21:17.338 [main] DEBUG org.apache.http.wire --  << "Expires: 0[\r][\n]"
14:21:17.338 [main] DEBUG org.apache.http.wire --  << "X-Frame-Options: DENY[\r][\n]"
14:21:17.339 [main] DEBUG org.apache.http.wire --  << "Content-Length: 0[\r][\n]"
14:21:17.339 [main] DEBUG org.apache.http.wire --  << "Date: Thu, 02 Jan 2025 08:51:17 GMT[\r][\n]"
14:21:17.339 [main] DEBUG org.apache.http.wire --  << "Keep-Alive: timeout=60[\r][\n]"
14:21:17.339 [main] DEBUG org.apache.http.wire --  << "Connection: keep-alive[\r][\n]"
14:21:17.339 [main] DEBUG org.apache.http.wire --  << "[\r][\n]"
14:21:17.339 [main] DEBUG org.apache.http.impl.conn.DefaultClientConnection -- Receiving response: HTTP/1.1 401 
14:21:17.339 [main] DEBUG org.apache.http.headers -- << HTTP/1.1 401 
14:21:17.339 [main] DEBUG org.apache.http.headers -- << Set-Cookie: JSESSIONID=D41E0402CE9D11AF45A1F07F56ED2E57; Path=/; HttpOnly
14:21:17.339 [main] DEBUG org.apache.http.headers -- << WWW-Authenticate: Basic realm="Realm"
14:21:17.339 [main] DEBUG org.apache.http.headers -- << X-Content-Type-Options: nosniff
14:21:17.339 [main] DEBUG org.apache.http.headers -- << X-XSS-Protection: 1; mode=block
14:21:17.339 [main] DEBUG org.apache.http.headers -- << Cache-Control: no-cache, no-store, max-age=0, must-revalidate
14:21:17.339 [main] DEBUG org.apache.http.headers -- << Pragma: no-cache
14:21:17.339 [main] DEBUG org.apache.http.headers -- << Expires: 0
14:21:17.339 [main] DEBUG org.apache.http.headers -- << X-Frame-Options: DENY
14:21:17.339 [main] DEBUG org.apache.http.headers -- << Content-Length: 0
14:21:17.339 [main] DEBUG org.apache.http.headers -- << Date: Thu, 02 Jan 2025 08:51:17 GMT
14:21:17.339 [main] DEBUG org.apache.http.headers -- << Keep-Alive: timeout=60
14:21:17.339 [main] DEBUG org.apache.http.headers -- << Connection: keep-alive
14:21:17.339 [main] DEBUG org.apache.http.impl.client.DefaultHttpClient -- Connection can be kept alive for 60000 MILLISECONDS
14:21:17.339 [main] DEBUG org.apache.http.impl.client.DefaultHttpClient -- Authentication required
14:21:17.339 [main] DEBUG org.apache.http.impl.client.DefaultHttpClient -- 13.60.22.209:7081 requested authentication
14:21:17.339 [main] DEBUG org.apache.http.impl.client.TargetAuthenticationStrategy -- Authentication schemes in the order of preference: [Negotiate, Kerberos, NTLM, CredSSP, Digest, Basic]
14:21:17.339 [main] DEBUG org.apache.http.impl.client.TargetAuthenticationStrategy -- Challenge for Negotiate authentication scheme not available
14:21:17.339 [main] DEBUG org.apache.http.impl.client.TargetAuthenticationStrategy -- Challenge for Kerberos authentication scheme not available
14:21:17.339 [main] DEBUG org.apache.http.impl.client.TargetAuthenticationStrategy -- Challenge for NTLM authentication scheme not available
14:21:17.339 [main] DEBUG org.apache.http.impl.client.TargetAuthenticationStrategy -- Challenge for CredSSP authentication scheme not available
14:21:17.339 [main] DEBUG org.apache.http.impl.client.TargetAuthenticationStrategy -- Challenge for Digest authentication scheme not available
14:21:17.339 [main] DEBUG org.apache.http.impl.client.DefaultHttpClient -- Selected authentication options: [BASIC [complete=true]]
14:21:17.340 [main] DEBUG org.apache.http.client.protocol.RequestAddCookies -- CookieSpec selected: ignoreCookies
14:21:17.340 [main] DEBUG org.apache.http.client.protocol.RequestAuthCache -- Auth cache not set in the context
14:21:17.340 [main] DEBUG org.apache.http.client.protocol.RequestTargetAuthentication -- Target auth state: CHALLENGED
14:21:17.340 [main] DEBUG org.apache.http.client.protocol.RequestTargetAuthentication -- Generating response to an authentication challenge using basic scheme
14:21:17.340 [main] DEBUG org.apache.http.client.protocol.RequestProxyAuthentication -- Proxy auth state: UNCHALLENGED
14:21:17.340 [main] DEBUG org.apache.http.impl.client.DefaultHttpClient -- Attempt 2 to execute request
14:21:17.340 [main] DEBUG org.apache.http.impl.conn.DefaultClientConnection -- Sending request: PUT /api/books/2 HTTP/1.1
14:21:17.340 [main] DEBUG org.apache.http.wire --  >> "PUT /api/books/2 HTTP/1.1[\r][\n]"
14:21:17.340 [main] DEBUG org.apache.http.wire --  >> "Accept: */*[\r][\n]"
14:21:17.340 [main] DEBUG org.apache.http.wire --  >> "Content-Type: application/json[\r][\n]"
14:21:17.340 [main] DEBUG org.apache.http.wire --  >> "Content-Length: 34[\r][\n]"
14:21:17.340 [main] DEBUG org.apache.http.wire --  >> "Host: 13.60.22.209:7081[\r][\n]"
14:21:17.340 [main] DEBUG org.apache.http.wire --  >> "Connection: Keep-Alive[\r][\n]"
14:21:17.340 [main] DEBUG org.apache.http.wire --  >> "User-Agent: Apache-HttpClient/4.5.13 (Java/17.0.9)[\r][\n]"
14:21:17.340 [main] DEBUG org.apache.http.wire --  >> "Authorization: Basic YWRtaW46cGFzc3dvcmQ=[\r][\n]"
14:21:17.340 [main] DEBUG org.apache.http.wire --  >> "Accept-Encoding: gzip,deflate[\r][\n]"
14:21:17.340 [main] DEBUG org.apache.http.wire --  >> "[\r][\n]"
14:21:17.340 [main] DEBUG org.apache.http.headers -- >> PUT /api/books/2 HTTP/1.1
14:21:17.340 [main] DEBUG org.apache.http.headers -- >> Accept: */*
14:21:17.340 [main] DEBUG org.apache.http.headers -- >> Content-Type: application/json
14:21:17.340 [main] DEBUG org.apache.http.headers -- >> Content-Length: 34
14:21:17.340 [main] DEBUG org.apache.http.headers -- >> Host: 13.60.22.209:7081
14:21:17.340 [main] DEBUG org.apache.http.headers -- >> Connection: Keep-Alive
14:21:17.340 [main] DEBUG org.apache.http.headers -- >> User-Agent: Apache-HttpClient/4.5.13 (Java/17.0.9)
14:21:17.340 [main] DEBUG org.apache.http.headers -- >> Authorization: Basic YWRtaW46cGFzc3dvcmQ=
14:21:17.340 [main] DEBUG org.apache.http.headers -- >> Accept-Encoding: gzip,deflate
14:21:17.340 [main] DEBUG org.apache.http.wire --  >> "{"author":"Hri","id":2,"title":""}"
14:21:17.595 [main] DEBUG org.apache.http.wire --  << "HTTP/1.1 200 [\r][\n]"
14:21:17.595 [main] DEBUG org.apache.http.wire --  << "Set-Cookie: JSESSIONID=52904B019CD15E88AC75A22D8C58AFEC; Path=/; HttpOnly[\r][\n]"
14:21:17.595 [main] DEBUG org.apache.http.wire --  << "X-Content-Type-Options: nosniff[\r][\n]"
14:21:17.595 [main] DEBUG org.apache.http.wire --  << "X-XSS-Protection: 1; mode=block[\r][\n]"
14:21:17.595 [main] DEBUG org.apache.http.wire --  << "Cache-Control: no-cache, no-store, max-age=0, must-revalidate[\r][\n]"
14:21:17.595 [main] DEBUG org.apache.http.wire --  << "Pragma: no-cache[\r][\n]"
14:21:17.595 [main] DEBUG org.apache.http.wire --  << "Expires: 0[\r][\n]"
14:21:17.595 [main] DEBUG org.apache.http.wire --  << "X-Frame-Options: DENY[\r][\n]"
14:21:17.595 [main] DEBUG org.apache.http.wire --  << "Content-Type: application/json[\r][\n]"
14:21:17.595 [main] DEBUG org.apache.http.wire --  << "Transfer-Encoding: chunked[\r][\n]"
14:21:17.595 [main] DEBUG org.apache.http.wire --  << "Date: Thu, 02 Jan 2025 08:51:17 GMT[\r][\n]"
14:21:17.595 [main] DEBUG org.apache.http.wire --  << "Keep-Alive: timeout=60[\r][\n]"
14:21:17.595 [main] DEBUG org.apache.http.wire --  << "Connection: keep-alive[\r][\n]"
14:21:17.595 [main] DEBUG org.apache.http.wire --  << "[\r][\n]"
14:21:17.595 [main] DEBUG org.apache.http.impl.conn.DefaultClientConnection -- Receiving response: HTTP/1.1 200 
14:21:17.595 [main] DEBUG org.apache.http.headers -- << HTTP/1.1 200 
14:21:17.595 [main] DEBUG org.apache.http.headers -- << Set-Cookie: JSESSIONID=52904B019CD15E88AC75A22D8C58AFEC; Path=/; HttpOnly
14:21:17.595 [main] DEBUG org.apache.http.headers -- << X-Content-Type-Options: nosniff
14:21:17.595 [main] DEBUG org.apache.http.headers -- << X-XSS-Protection: 1; mode=block
14:21:17.595 [main] DEBUG org.apache.http.headers -- << Cache-Control: no-cache, no-store, max-age=0, must-revalidate
14:21:17.595 [main] DEBUG org.apache.http.headers -- << Pragma: no-cache
14:21:17.595 [main] DEBUG org.apache.http.headers -- << Expires: 0
14:21:17.595 [main] DEBUG org.apache.http.headers -- << X-Frame-Options: DENY
14:21:17.595 [main] DEBUG org.apache.http.headers -- << Content-Type: application/json
14:21:17.595 [main] DEBUG org.apache.http.headers -- << Transfer-Encoding: chunked
14:21:17.595 [main] DEBUG org.apache.http.headers -- << Date: Thu, 02 Jan 2025 08:51:17 GMT
14:21:17.595 [main] DEBUG org.apache.http.headers -- << Keep-Alive: timeout=60
14:21:17.595 [main] DEBUG org.apache.http.headers -- << Connection: keep-alive
14:21:17.595 [main] DEBUG org.apache.http.impl.client.DefaultHttpClient -- Connection can be kept alive for 60000 MILLISECONDS
14:21:17.596 [main] DEBUG org.apache.http.impl.client.DefaultHttpClient -- Authentication succeeded
14:21:17.596 [main] DEBUG org.apache.http.impl.client.TargetAuthenticationStrategy -- Caching 'basic' auth scheme for http://13.60.22.209:7081
14:21:17.596 [main] DEBUG io.restassured.internal.RestAssuredHttpBuilder -- Parsing response as: application/json
14:21:17.596 [main] DEBUG io.restassured.internal.RestAssuredHttpBuilder -- Parsed data to instance of: class org.apache.http.conn.EofSensorInputStream
]]></system-out>
  </testcase>
  <testcase name="testUpdateBookWithMissingTitleAndAuthor" classname="TestCases.PutBookAPITests" time="0.663">
    <system-out><![CDATA[14:21:17.618 [main] DEBUG org.apache.http.impl.conn.BasicClientConnectionManager -- Get connection for route {}->http://13.60.22.209:7081
14:21:17.618 [main] DEBUG org.apache.http.impl.conn.DefaultClientConnectionOperator -- Connecting to 13.60.22.209:7081
14:21:17.803 [Finalizer] DEBUG org.apache.http.impl.conn.DefaultClientConnection -- Connection 0.0.0.0:63182<->13.60.22.209:7081 closed
14:21:17.803 [main] DEBUG org.apache.http.client.protocol.RequestAddCookies -- CookieSpec selected: ignoreCookies
14:21:17.803 [main] DEBUG org.apache.http.client.protocol.RequestAuthCache -- Auth cache not set in the context
14:21:17.803 [main] DEBUG org.apache.http.client.protocol.RequestTargetAuthentication -- Target auth state: UNCHALLENGED
14:21:17.803 [main] DEBUG org.apache.http.client.protocol.RequestProxyAuthentication -- Proxy auth state: UNCHALLENGED
14:21:17.803 [Finalizer] DEBUG org.apache.http.impl.conn.DefaultClientConnection -- Connection 0.0.0.0:63181<->13.60.22.209:7081 closed
14:21:17.803 [main] DEBUG org.apache.http.impl.client.DefaultHttpClient -- Attempt 1 to execute request
14:21:17.803 [main] DEBUG org.apache.http.impl.conn.DefaultClientConnection -- Sending request: PUT /api/books/1 HTTP/1.1
14:21:17.803 [main] DEBUG org.apache.http.wire --  >> "PUT /api/books/1 HTTP/1.1[\r][\n]"
14:21:17.803 [Finalizer] DEBUG org.apache.http.impl.conn.DefaultClientConnection -- Connection 0.0.0.0:63180<->13.60.22.209:7081 closed
14:21:17.803 [main] DEBUG org.apache.http.wire --  >> "Accept: */*[\r][\n]"
14:21:17.803 [main] DEBUG org.apache.http.wire --  >> "Content-Type: application/json[\r][\n]"
14:21:17.803 [main] DEBUG org.apache.http.wire --  >> "Content-Length: 35[\r][\n]"
14:21:17.803 [main] DEBUG org.apache.http.wire --  >> "Host: 13.60.22.209:7081[\r][\n]"
14:21:17.803 [main] DEBUG org.apache.http.wire --  >> "Connection: Keep-Alive[\r][\n]"
14:21:17.803 [main] DEBUG org.apache.http.wire --  >> "User-Agent: Apache-HttpClient/4.5.13 (Java/17.0.9)[\r][\n]"
14:21:17.803 [main] DEBUG org.apache.http.wire --  >> "Accept-Encoding: gzip,deflate[\r][\n]"
14:21:17.803 [main] DEBUG org.apache.http.wire --  >> "[\r][\n]"
14:21:17.803 [main] DEBUG org.apache.http.headers -- >> PUT /api/books/1 HTTP/1.1
14:21:17.803 [main] DEBUG org.apache.http.headers -- >> Accept: */*
14:21:17.803 [main] DEBUG org.apache.http.headers -- >> Content-Type: application/json
14:21:17.803 [main] DEBUG org.apache.http.headers -- >> Content-Length: 35
14:21:17.803 [main] DEBUG org.apache.http.headers -- >> Host: 13.60.22.209:7081
14:21:17.803 [main] DEBUG org.apache.http.headers -- >> Connection: Keep-Alive
14:21:17.803 [main] DEBUG org.apache.http.headers -- >> User-Agent: Apache-HttpClient/4.5.13 (Java/17.0.9)
14:21:17.803 [main] DEBUG org.apache.http.headers -- >> Accept-Encoding: gzip,deflate
14:21:17.803 [main] DEBUG org.apache.http.wire --  >> "{"author":null,"id":1,"title":null}"
14:21:17.803 [Finalizer] DEBUG org.apache.http.impl.conn.DefaultClientConnection -- Connection 0.0.0.0:63179<->13.60.22.209:7081 closed
14:21:17.805 [Finalizer] DEBUG org.apache.http.impl.conn.DefaultClientConnection -- Connection 0.0.0.0:63189<->13.60.22.209:7081 closed
14:21:17.807 [Finalizer] DEBUG org.apache.http.impl.conn.DefaultClientConnection -- Connection 0.0.0.0:63188<->13.60.22.209:7081 closed
14:21:17.807 [Finalizer] DEBUG org.apache.http.impl.conn.DefaultClientConnection -- Connection 0.0.0.0:63187<->13.60.22.209:7081 closed
14:21:17.807 [Finalizer] DEBUG org.apache.http.impl.conn.DefaultClientConnection -- Connection 0.0.0.0:63186<->13.60.22.209:7081 closed
14:21:17.984 [main] DEBUG org.apache.http.wire --  << "HTTP/1.1 401 [\r][\n]"
14:21:17.984 [main] DEBUG org.apache.http.wire --  << "Set-Cookie: JSESSIONID=5FED0BE67E23C824C81919E554720381; Path=/; HttpOnly[\r][\n]"
14:21:17.984 [main] DEBUG org.apache.http.wire --  << "WWW-Authenticate: Basic realm="Realm"[\r][\n]"
14:21:17.984 [main] DEBUG org.apache.http.wire --  << "X-Content-Type-Options: nosniff[\r][\n]"
14:21:17.984 [main] DEBUG org.apache.http.wire --  << "X-XSS-Protection: 1; mode=block[\r][\n]"
14:21:17.984 [main] DEBUG org.apache.http.wire --  << "Cache-Control: no-cache, no-store, max-age=0, must-revalidate[\r][\n]"
14:21:17.984 [main] DEBUG org.apache.http.wire --  << "Pragma: no-cache[\r][\n]"
14:21:17.984 [main] DEBUG org.apache.http.wire --  << "Expires: 0[\r][\n]"
14:21:17.984 [main] DEBUG org.apache.http.wire --  << "X-Frame-Options: DENY[\r][\n]"
14:21:17.984 [main] DEBUG org.apache.http.wire --  << "Content-Length: 0[\r][\n]"
14:21:17.984 [main] DEBUG org.apache.http.wire --  << "Date: Thu, 02 Jan 2025 08:51:17 GMT[\r][\n]"
14:21:17.984 [main] DEBUG org.apache.http.wire --  << "Keep-Alive: timeout=60[\r][\n]"
14:21:17.984 [main] DEBUG org.apache.http.wire --  << "Connection: keep-alive[\r][\n]"
14:21:17.984 [main] DEBUG org.apache.http.wire --  << "[\r][\n]"
14:21:17.984 [main] DEBUG org.apache.http.impl.conn.DefaultClientConnection -- Receiving response: HTTP/1.1 401 
14:21:17.984 [main] DEBUG org.apache.http.headers -- << HTTP/1.1 401 
14:21:17.984 [main] DEBUG org.apache.http.headers -- << Set-Cookie: JSESSIONID=5FED0BE67E23C824C81919E554720381; Path=/; HttpOnly
14:21:17.984 [main] DEBUG org.apache.http.headers -- << WWW-Authenticate: Basic realm="Realm"
14:21:17.984 [main] DEBUG org.apache.http.headers -- << X-Content-Type-Options: nosniff
14:21:17.984 [main] DEBUG org.apache.http.headers -- << X-XSS-Protection: 1; mode=block
14:21:17.984 [main] DEBUG org.apache.http.headers -- << Cache-Control: no-cache, no-store, max-age=0, must-revalidate
14:21:17.984 [main] DEBUG org.apache.http.headers -- << Pragma: no-cache
14:21:17.984 [main] DEBUG org.apache.http.headers -- << Expires: 0
14:21:17.984 [main] DEBUG org.apache.http.headers -- << X-Frame-Options: DENY
14:21:17.984 [main] DEBUG org.apache.http.headers -- << Content-Length: 0
14:21:17.984 [main] DEBUG org.apache.http.headers -- << Date: Thu, 02 Jan 2025 08:51:17 GMT
14:21:17.984 [main] DEBUG org.apache.http.headers -- << Keep-Alive: timeout=60
14:21:17.984 [main] DEBUG org.apache.http.headers -- << Connection: keep-alive
14:21:17.984 [main] DEBUG org.apache.http.impl.client.DefaultHttpClient -- Connection can be kept alive for 60000 MILLISECONDS
14:21:17.984 [main] DEBUG org.apache.http.impl.client.DefaultHttpClient -- Authentication required
14:21:17.984 [main] DEBUG org.apache.http.impl.client.DefaultHttpClient -- 13.60.22.209:7081 requested authentication
14:21:17.985 [main] DEBUG org.apache.http.impl.client.TargetAuthenticationStrategy -- Authentication schemes in the order of preference: [Negotiate, Kerberos, NTLM, CredSSP, Digest, Basic]
14:21:17.985 [main] DEBUG org.apache.http.impl.client.TargetAuthenticationStrategy -- Challenge for Negotiate authentication scheme not available
14:21:17.985 [main] DEBUG org.apache.http.impl.client.TargetAuthenticationStrategy -- Challenge for Kerberos authentication scheme not available
14:21:17.985 [main] DEBUG org.apache.http.impl.client.TargetAuthenticationStrategy -- Challenge for NTLM authentication scheme not available
14:21:17.985 [main] DEBUG org.apache.http.impl.client.TargetAuthenticationStrategy -- Challenge for CredSSP authentication scheme not available
14:21:17.985 [main] DEBUG org.apache.http.impl.client.TargetAuthenticationStrategy -- Challenge for Digest authentication scheme not available
14:21:17.985 [main] DEBUG org.apache.http.impl.client.DefaultHttpClient -- Selected authentication options: [BASIC [complete=true]]
14:21:17.985 [main] DEBUG org.apache.http.client.protocol.RequestAddCookies -- CookieSpec selected: ignoreCookies
14:21:17.985 [main] DEBUG org.apache.http.client.protocol.RequestAuthCache -- Auth cache not set in the context
14:21:17.985 [main] DEBUG org.apache.http.client.protocol.RequestTargetAuthentication -- Target auth state: CHALLENGED
14:21:17.985 [main] DEBUG org.apache.http.client.protocol.RequestTargetAuthentication -- Generating response to an authentication challenge using basic scheme
14:21:17.985 [main] DEBUG org.apache.http.client.protocol.RequestProxyAuthentication -- Proxy auth state: UNCHALLENGED
14:21:17.985 [main] DEBUG org.apache.http.impl.client.DefaultHttpClient -- Attempt 2 to execute request
14:21:17.985 [main] DEBUG org.apache.http.impl.conn.DefaultClientConnection -- Sending request: PUT /api/books/1 HTTP/1.1
14:21:17.985 [main] DEBUG org.apache.http.wire --  >> "PUT /api/books/1 HTTP/1.1[\r][\n]"
14:21:17.985 [main] DEBUG org.apache.http.wire --  >> "Accept: */*[\r][\n]"
14:21:17.985 [main] DEBUG org.apache.http.wire --  >> "Content-Type: application/json[\r][\n]"
14:21:17.985 [main] DEBUG org.apache.http.wire --  >> "Content-Length: 35[\r][\n]"
14:21:17.985 [main] DEBUG org.apache.http.wire --  >> "Host: 13.60.22.209:7081[\r][\n]"
14:21:17.985 [main] DEBUG org.apache.http.wire --  >> "Connection: Keep-Alive[\r][\n]"
14:21:17.985 [main] DEBUG org.apache.http.wire --  >> "User-Agent: Apache-HttpClient/4.5.13 (Java/17.0.9)[\r][\n]"
14:21:17.985 [main] DEBUG org.apache.http.wire --  >> "Authorization: Basic YWRtaW46cGFzc3dvcmQ=[\r][\n]"
14:21:17.985 [main] DEBUG org.apache.http.wire --  >> "Accept-Encoding: gzip,deflate[\r][\n]"
14:21:17.985 [main] DEBUG org.apache.http.wire --  >> "[\r][\n]"
14:21:17.985 [main] DEBUG org.apache.http.headers -- >> PUT /api/books/1 HTTP/1.1
14:21:17.985 [main] DEBUG org.apache.http.headers -- >> Accept: */*
14:21:17.985 [main] DEBUG org.apache.http.headers -- >> Content-Type: application/json
14:21:17.985 [main] DEBUG org.apache.http.headers -- >> Content-Length: 35
14:21:17.985 [main] DEBUG org.apache.http.headers -- >> Host: 13.60.22.209:7081
14:21:17.985 [main] DEBUG org.apache.http.headers -- >> Connection: Keep-Alive
14:21:17.985 [main] DEBUG org.apache.http.headers -- >> User-Agent: Apache-HttpClient/4.5.13 (Java/17.0.9)
14:21:17.985 [main] DEBUG org.apache.http.headers -- >> Authorization: Basic YWRtaW46cGFzc3dvcmQ=
14:21:17.985 [main] DEBUG org.apache.http.headers -- >> Accept-Encoding: gzip,deflate
14:21:17.985 [main] DEBUG org.apache.http.wire --  >> "{"author":null,"id":1,"title":null}"
14:21:18.262 [main] DEBUG org.apache.http.wire --  << "HTTP/1.1 400 [\r][\n]"
14:21:18.262 [main] DEBUG org.apache.http.wire --  << "Set-Cookie: JSESSIONID=5378E28098A1D68F1291123915CA254D; Path=/; HttpOnly[\r][\n]"
14:21:18.262 [main] DEBUG org.apache.http.wire --  << "X-Content-Type-Options: nosniff[\r][\n]"
14:21:18.262 [main] DEBUG org.apache.http.wire --  << "X-XSS-Protection: 1; mode=block[\r][\n]"
14:21:18.262 [main] DEBUG org.apache.http.wire --  << "Cache-Control: no-cache, no-store, max-age=0, must-revalidate[\r][\n]"
14:21:18.262 [main] DEBUG org.apache.http.wire --  << "Pragma: no-cache[\r][\n]"
14:21:18.262 [main] DEBUG org.apache.http.wire --  << "Expires: 0[\r][\n]"
14:21:18.262 [main] DEBUG org.apache.http.wire --  << "X-Frame-Options: DENY[\r][\n]"
14:21:18.262 [main] DEBUG org.apache.http.wire --  << "Content-Type: text/plain;charset=UTF-8[\r][\n]"
14:21:18.262 [main] DEBUG org.apache.http.wire --  << "Content-Length: 39[\r][\n]"
14:21:18.262 [main] DEBUG org.apache.http.wire --  << "Date: Thu, 02 Jan 2025 08:51:17 GMT[\r][\n]"
14:21:18.262 [main] DEBUG org.apache.http.wire --  << "Connection: close[\r][\n]"
14:21:18.262 [main] DEBUG org.apache.http.wire --  << "[\r][\n]"
14:21:18.262 [main] DEBUG org.apache.http.impl.conn.DefaultClientConnection -- Receiving response: HTTP/1.1 400 
14:21:18.262 [main] DEBUG org.apache.http.headers -- << HTTP/1.1 400 
14:21:18.262 [main] DEBUG org.apache.http.headers -- << Set-Cookie: JSESSIONID=5378E28098A1D68F1291123915CA254D; Path=/; HttpOnly
14:21:18.262 [main] DEBUG org.apache.http.headers -- << X-Content-Type-Options: nosniff
14:21:18.262 [main] DEBUG org.apache.http.headers -- << X-XSS-Protection: 1; mode=block
14:21:18.263 [main] DEBUG org.apache.http.headers -- << Cache-Control: no-cache, no-store, max-age=0, must-revalidate
14:21:18.263 [main] DEBUG org.apache.http.headers -- << Pragma: no-cache
14:21:18.263 [main] DEBUG org.apache.http.headers -- << Expires: 0
14:21:18.263 [main] DEBUG org.apache.http.headers -- << X-Frame-Options: DENY
14:21:18.263 [main] DEBUG org.apache.http.headers -- << Content-Type: text/plain;charset=UTF-8
14:21:18.263 [main] DEBUG org.apache.http.headers -- << Content-Length: 39
14:21:18.263 [main] DEBUG org.apache.http.headers -- << Date: Thu, 02 Jan 2025 08:51:17 GMT
14:21:18.263 [main] DEBUG org.apache.http.headers -- << Connection: close
14:21:18.263 [main] DEBUG org.apache.http.impl.client.DefaultHttpClient -- Authentication succeeded
14:21:18.263 [main] DEBUG org.apache.http.impl.client.TargetAuthenticationStrategy -- Caching 'basic' auth scheme for http://13.60.22.209:7081
14:21:18.263 [main] DEBUG io.restassured.internal.RestAssuredHttpBuilder -- Parsing response as: text/plain;charset=UTF-8
14:21:18.263 [main] DEBUG io.restassured.internal.RestAssuredHttpBuilder -- Parsed data to instance of: class org.apache.http.conn.EofSensorInputStream
14:21:18.264 [main] DEBUG org.apache.http.wire --  << "Mandatory parameters should not be null"
14:21:18.264 [main] DEBUG org.apache.http.impl.conn.BasicClientConnectionManager -- Releasing connection org.apache.http.impl.conn.ManagedClientConnectionImpl@47b33e07
14:21:18.264 [main] DEBUG org.apache.http.impl.conn.DefaultClientConnection -- Connection 0.0.0.0:63191<->13.60.22.209:7081 shut down
]]></system-out>
  </testcase>
  <testcase name="testUpdateBookWithNoneParametersAsAdmin" classname="TestCases.PutBookAPITests" time="0.61">
    <failure message="Response should indicate invalid input parameters expected [true] but found [false]" type="java.lang.AssertionError"><![CDATA[java.lang.AssertionError: Response should indicate invalid input parameters expected [true] but found [false]
	at org.testng.Assert.fail(Assert.java:110)
	at org.testng.Assert.failNotEquals(Assert.java:1413)
	at org.testng.Assert.assertTrue(Assert.java:56)
	at TestCases.PutBookAPITests.testUpdateBookWithNoneParametersAsAdmin(PutBookAPITests.java:242)
	at java.base/jdk.internal.reflect.NativeMethodAccessorImpl.invoke0(Native Method)
	at java.base/jdk.internal.reflect.NativeMethodAccessorImpl.invoke(NativeMethodAccessorImpl.java:77)
	at java.base/jdk.internal.reflect.DelegatingMethodAccessorImpl.invoke(DelegatingMethodAccessorImpl.java:43)
	at java.base/java.lang.reflect.Method.invoke(Method.java:568)
	at org.testng.internal.invokers.MethodInvocationHelper.invokeMethod(MethodInvocationHelper.java:139)
	at org.testng.internal.invokers.TestInvoker.invokeMethod(TestInvoker.java:677)
	at org.testng.internal.invokers.TestInvoker.invokeTestMethod(TestInvoker.java:221)
	at org.testng.internal.invokers.MethodRunner.runInSequence(MethodRunner.java:50)
	at org.testng.internal.invokers.TestInvoker$MethodInvocationAgent.invoke(TestInvoker.java:969)
	at org.testng.internal.invokers.TestInvoker.invokeTestMethods(TestInvoker.java:194)
	at org.testng.internal.invokers.TestMethodWorker.invokeTestMethods(TestMethodWorker.java:148)
	at org.testng.internal.invokers.TestMethodWorker.run(TestMethodWorker.java:128)
	at java.base/java.util.ArrayList.forEach(ArrayList.java:1511)
	at org.testng.TestRunner.privateRun(TestRunner.java:829)
	at org.testng.TestRunner.run(TestRunner.java:602)
	at org.testng.SuiteRunner.runTest(SuiteRunner.java:437)
	at org.testng.SuiteRunner.runSequentially(SuiteRunner.java:431)
	at org.testng.SuiteRunner.privateRun(SuiteRunner.java:391)
	at org.testng.SuiteRunner.run(SuiteRunner.java:330)
	at org.testng.SuiteRunnerWorker.runSuite(SuiteRunnerWorker.java:52)
	at org.testng.SuiteRunnerWorker.run(SuiteRunnerWorker.java:95)
	at org.testng.TestNG.runSuitesSequentially(TestNG.java:1256)
	at org.testng.TestNG.runSuitesLocally(TestNG.java:1176)
	at org.testng.TestNG.runSuites(TestNG.java:1099)
	at org.testng.TestNG.run(TestNG.java:1067)
	at org.apache.maven.surefire.testng.TestNGExecutor.run(TestNGExecutor.java:324)
	at org.apache.maven.surefire.testng.TestNGXmlTestSuite.execute(TestNGXmlTestSuite.java:74)
	at org.apache.maven.surefire.testng.TestNGProvider.invoke(TestNGProvider.java:123)
	at org.apache.maven.surefire.booter.ForkedBooter.runSuitesInProcess(ForkedBooter.java:456)
	at org.apache.maven.surefire.booter.ForkedBooter.execute(ForkedBooter.java:169)
	at org.apache.maven.surefire.booter.ForkedBooter.run(ForkedBooter.java:595)
	at org.apache.maven.surefire.booter.ForkedBooter.main(ForkedBooter.java:581)
]]></failure>
    <system-out><![CDATA[14:21:18.278 [main] DEBUG org.apache.http.impl.conn.BasicClientConnectionManager -- Get connection for route {}->http://13.60.22.209:7081
14:21:18.278 [main] DEBUG org.apache.http.impl.conn.DefaultClientConnectionOperator -- Connecting to 13.60.22.209:7081
14:21:18.430 [main] DEBUG org.apache.http.client.protocol.RequestAddCookies -- CookieSpec selected: ignoreCookies
14:21:18.430 [main] DEBUG org.apache.http.client.protocol.RequestAuthCache -- Auth cache not set in the context
14:21:18.430 [main] DEBUG org.apache.http.client.protocol.RequestTargetAuthentication -- Target auth state: UNCHALLENGED
14:21:18.430 [main] DEBUG org.apache.http.client.protocol.RequestProxyAuthentication -- Proxy auth state: UNCHALLENGED
14:21:18.430 [main] DEBUG org.apache.http.impl.client.DefaultHttpClient -- Attempt 1 to execute request
14:21:18.430 [main] DEBUG org.apache.http.impl.conn.DefaultClientConnection -- Sending request: PUT /api/books/1 HTTP/1.1
14:21:18.430 [main] DEBUG org.apache.http.wire --  >> "PUT /api/books/1 HTTP/1.1[\r][\n]"
14:21:18.430 [main] DEBUG org.apache.http.wire --  >> "Accept: */*[\r][\n]"
14:21:18.430 [main] DEBUG org.apache.http.wire --  >> "Content-Type: application/json[\r][\n]"
14:21:18.430 [main] DEBUG org.apache.http.wire --  >> "Content-Length: 38[\r][\n]"
14:21:18.430 [main] DEBUG org.apache.http.wire --  >> "Host: 13.60.22.209:7081[\r][\n]"
14:21:18.430 [main] DEBUG org.apache.http.wire --  >> "Connection: Keep-Alive[\r][\n]"
14:21:18.430 [main] DEBUG org.apache.http.wire --  >> "User-Agent: Apache-HttpClient/4.5.13 (Java/17.0.9)[\r][\n]"
14:21:18.430 [main] DEBUG org.apache.http.wire --  >> "Accept-Encoding: gzip,deflate[\r][\n]"
14:21:18.430 [main] DEBUG org.apache.http.wire --  >> "[\r][\n]"
14:21:18.430 [main] DEBUG org.apache.http.headers -- >> PUT /api/books/1 HTTP/1.1
14:21:18.430 [main] DEBUG org.apache.http.headers -- >> Accept: */*
14:21:18.430 [main] DEBUG org.apache.http.headers -- >> Content-Type: application/json
14:21:18.430 [main] DEBUG org.apache.http.headers -- >> Content-Length: 38
14:21:18.430 [main] DEBUG org.apache.http.headers -- >> Host: 13.60.22.209:7081
14:21:18.430 [main] DEBUG org.apache.http.headers -- >> Connection: Keep-Alive
14:21:18.430 [main] DEBUG org.apache.http.headers -- >> User-Agent: Apache-HttpClient/4.5.13 (Java/17.0.9)
14:21:18.430 [main] DEBUG org.apache.http.headers -- >> Accept-Encoding: gzip,deflate
14:21:18.430 [main] DEBUG org.apache.http.wire --  >> "{"author":null,"id":null,"title":null}"
14:21:18.592 [main] DEBUG org.apache.http.wire --  << "HTTP/1.1 401 [\r][\n]"
14:21:18.592 [main] DEBUG org.apache.http.wire --  << "Set-Cookie: JSESSIONID=5AEFE4DB985EFD8372B0E12EC0EEBCA9; Path=/; HttpOnly[\r][\n]"
14:21:18.592 [main] DEBUG org.apache.http.wire --  << "WWW-Authenticate: Basic realm="Realm"[\r][\n]"
14:21:18.592 [main] DEBUG org.apache.http.wire --  << "X-Content-Type-Options: nosniff[\r][\n]"
14:21:18.592 [main] DEBUG org.apache.http.wire --  << "X-XSS-Protection: 1; mode=block[\r][\n]"
14:21:18.592 [main] DEBUG org.apache.http.wire --  << "Cache-Control: no-cache, no-store, max-age=0, must-revalidate[\r][\n]"
14:21:18.593 [main] DEBUG org.apache.http.wire --  << "Pragma: no-cache[\r][\n]"
14:21:18.593 [main] DEBUG org.apache.http.wire --  << "Expires: 0[\r][\n]"
14:21:18.593 [main] DEBUG org.apache.http.wire --  << "X-Frame-Options: DENY[\r][\n]"
14:21:18.593 [main] DEBUG org.apache.http.wire --  << "Content-Length: 0[\r][\n]"
14:21:18.593 [main] DEBUG org.apache.http.wire --  << "Date: Thu, 02 Jan 2025 08:51:18 GMT[\r][\n]"
14:21:18.593 [main] DEBUG org.apache.http.wire --  << "Keep-Alive: timeout=60[\r][\n]"
14:21:18.593 [main] DEBUG org.apache.http.wire --  << "Connection: keep-alive[\r][\n]"
14:21:18.593 [main] DEBUG org.apache.http.wire --  << "[\r][\n]"
14:21:18.593 [main] DEBUG org.apache.http.impl.conn.DefaultClientConnection -- Receiving response: HTTP/1.1 401 
14:21:18.593 [main] DEBUG org.apache.http.headers -- << HTTP/1.1 401 
14:21:18.593 [main] DEBUG org.apache.http.headers -- << Set-Cookie: JSESSIONID=5AEFE4DB985EFD8372B0E12EC0EEBCA9; Path=/; HttpOnly
14:21:18.593 [main] DEBUG org.apache.http.headers -- << WWW-Authenticate: Basic realm="Realm"
14:21:18.593 [main] DEBUG org.apache.http.headers -- << X-Content-Type-Options: nosniff
14:21:18.593 [main] DEBUG org.apache.http.headers -- << X-XSS-Protection: 1; mode=block
14:21:18.593 [main] DEBUG org.apache.http.headers -- << Cache-Control: no-cache, no-store, max-age=0, must-revalidate
14:21:18.593 [main] DEBUG org.apache.http.headers -- << Pragma: no-cache
14:21:18.593 [main] DEBUG org.apache.http.headers -- << Expires: 0
14:21:18.593 [main] DEBUG org.apache.http.headers -- << X-Frame-Options: DENY
14:21:18.593 [main] DEBUG org.apache.http.headers -- << Content-Length: 0
14:21:18.593 [main] DEBUG org.apache.http.headers -- << Date: Thu, 02 Jan 2025 08:51:18 GMT
14:21:18.593 [main] DEBUG org.apache.http.headers -- << Keep-Alive: timeout=60
14:21:18.593 [main] DEBUG org.apache.http.headers -- << Connection: keep-alive
14:21:18.593 [main] DEBUG org.apache.http.impl.client.DefaultHttpClient -- Connection can be kept alive for 60000 MILLISECONDS
14:21:18.593 [main] DEBUG org.apache.http.impl.client.DefaultHttpClient -- Authentication required
14:21:18.593 [main] DEBUG org.apache.http.impl.client.DefaultHttpClient -- 13.60.22.209:7081 requested authentication
14:21:18.593 [main] DEBUG org.apache.http.impl.client.TargetAuthenticationStrategy -- Authentication schemes in the order of preference: [Negotiate, Kerberos, NTLM, CredSSP, Digest, Basic]
14:21:18.593 [main] DEBUG org.apache.http.impl.client.TargetAuthenticationStrategy -- Challenge for Negotiate authentication scheme not available
14:21:18.593 [main] DEBUG org.apache.http.impl.client.TargetAuthenticationStrategy -- Challenge for Kerberos authentication scheme not available
14:21:18.593 [main] DEBUG org.apache.http.impl.client.TargetAuthenticationStrategy -- Challenge for NTLM authentication scheme not available
14:21:18.593 [main] DEBUG org.apache.http.impl.client.TargetAuthenticationStrategy -- Challenge for CredSSP authentication scheme not available
14:21:18.593 [main] DEBUG org.apache.http.impl.client.TargetAuthenticationStrategy -- Challenge for Digest authentication scheme not available
14:21:18.593 [main] DEBUG org.apache.http.impl.client.DefaultHttpClient -- Selected authentication options: [BASIC [complete=true]]
14:21:18.593 [main] DEBUG org.apache.http.client.protocol.RequestAddCookies -- CookieSpec selected: ignoreCookies
14:21:18.593 [main] DEBUG org.apache.http.client.protocol.RequestAuthCache -- Auth cache not set in the context
14:21:18.593 [main] DEBUG org.apache.http.client.protocol.RequestTargetAuthentication -- Target auth state: CHALLENGED
14:21:18.593 [main] DEBUG org.apache.http.client.protocol.RequestTargetAuthentication -- Generating response to an authentication challenge using basic scheme
14:21:18.593 [main] DEBUG org.apache.http.client.protocol.RequestProxyAuthentication -- Proxy auth state: UNCHALLENGED
14:21:18.594 [main] DEBUG org.apache.http.impl.client.DefaultHttpClient -- Attempt 2 to execute request
14:21:18.594 [main] DEBUG org.apache.http.impl.conn.DefaultClientConnection -- Sending request: PUT /api/books/1 HTTP/1.1
14:21:18.594 [main] DEBUG org.apache.http.wire --  >> "PUT /api/books/1 HTTP/1.1[\r][\n]"
14:21:18.594 [main] DEBUG org.apache.http.wire --  >> "Accept: */*[\r][\n]"
14:21:18.594 [main] DEBUG org.apache.http.wire --  >> "Content-Type: application/json[\r][\n]"
14:21:18.594 [main] DEBUG org.apache.http.wire --  >> "Content-Length: 38[\r][\n]"
14:21:18.594 [main] DEBUG org.apache.http.wire --  >> "Host: 13.60.22.209:7081[\r][\n]"
14:21:18.594 [main] DEBUG org.apache.http.wire --  >> "Connection: Keep-Alive[\r][\n]"
14:21:18.594 [main] DEBUG org.apache.http.wire --  >> "User-Agent: Apache-HttpClient/4.5.13 (Java/17.0.9)[\r][\n]"
14:21:18.594 [main] DEBUG org.apache.http.wire --  >> "Authorization: Basic YWRtaW46cGFzc3dvcmQ=[\r][\n]"
14:21:18.594 [main] DEBUG org.apache.http.wire --  >> "Accept-Encoding: gzip,deflate[\r][\n]"
14:21:18.594 [main] DEBUG org.apache.http.wire --  >> "[\r][\n]"
14:21:18.594 [main] DEBUG org.apache.http.headers -- >> PUT /api/books/1 HTTP/1.1
14:21:18.594 [main] DEBUG org.apache.http.headers -- >> Accept: */*
14:21:18.594 [main] DEBUG org.apache.http.headers -- >> Content-Type: application/json
14:21:18.594 [main] DEBUG org.apache.http.headers -- >> Content-Length: 38
14:21:18.594 [main] DEBUG org.apache.http.headers -- >> Host: 13.60.22.209:7081
14:21:18.594 [main] DEBUG org.apache.http.headers -- >> Connection: Keep-Alive
14:21:18.594 [main] DEBUG org.apache.http.headers -- >> User-Agent: Apache-HttpClient/4.5.13 (Java/17.0.9)
14:21:18.594 [main] DEBUG org.apache.http.headers -- >> Authorization: Basic YWRtaW46cGFzc3dvcmQ=
14:21:18.594 [main] DEBUG org.apache.http.headers -- >> Accept-Encoding: gzip,deflate
14:21:18.594 [main] DEBUG org.apache.http.wire --  >> "{"author":null,"id":null,"title":null}"
14:21:18.873 [main] DEBUG org.apache.http.wire --  << "HTTP/1.1 400 [\r][\n]"
14:21:18.873 [main] DEBUG org.apache.http.wire --  << "Set-Cookie: JSESSIONID=DF6B081862D83F63F60F49D7E8ADE765; Path=/; HttpOnly[\r][\n]"
14:21:18.873 [main] DEBUG org.apache.http.wire --  << "X-Content-Type-Options: nosniff[\r][\n]"
14:21:18.873 [main] DEBUG org.apache.http.wire --  << "X-XSS-Protection: 1; mode=block[\r][\n]"
14:21:18.873 [main] DEBUG org.apache.http.wire --  << "Cache-Control: no-cache, no-store, max-age=0, must-revalidate[\r][\n]"
14:21:18.873 [main] DEBUG org.apache.http.wire --  << "Pragma: no-cache[\r][\n]"
14:21:18.873 [main] DEBUG org.apache.http.wire --  << "Expires: 0[\r][\n]"
14:21:18.873 [main] DEBUG org.apache.http.wire --  << "X-Frame-Options: DENY[\r][\n]"
14:21:18.873 [main] DEBUG org.apache.http.wire --  << "Content-Type: text/plain;charset=UTF-8[\r][\n]"
14:21:18.873 [main] DEBUG org.apache.http.wire --  << "Content-Length: 22[\r][\n]"
14:21:18.873 [main] DEBUG org.apache.http.wire --  << "Date: Thu, 02 Jan 2025 08:51:18 GMT[\r][\n]"
14:21:18.873 [main] DEBUG org.apache.http.wire --  << "Connection: close[\r][\n]"
14:21:18.873 [main] DEBUG org.apache.http.wire --  << "[\r][\n]"
14:21:18.873 [main] DEBUG org.apache.http.impl.conn.DefaultClientConnection -- Receiving response: HTTP/1.1 400 
14:21:18.873 [main] DEBUG org.apache.http.headers -- << HTTP/1.1 400 
14:21:18.873 [main] DEBUG org.apache.http.headers -- << Set-Cookie: JSESSIONID=DF6B081862D83F63F60F49D7E8ADE765; Path=/; HttpOnly
14:21:18.873 [main] DEBUG org.apache.http.headers -- << X-Content-Type-Options: nosniff
14:21:18.873 [main] DEBUG org.apache.http.headers -- << X-XSS-Protection: 1; mode=block
14:21:18.873 [main] DEBUG org.apache.http.headers -- << Cache-Control: no-cache, no-store, max-age=0, must-revalidate
14:21:18.873 [main] DEBUG org.apache.http.headers -- << Pragma: no-cache
14:21:18.873 [main] DEBUG org.apache.http.headers -- << Expires: 0
14:21:18.873 [main] DEBUG org.apache.http.headers -- << X-Frame-Options: DENY
14:21:18.873 [main] DEBUG org.apache.http.headers -- << Content-Type: text/plain;charset=UTF-8
14:21:18.873 [main] DEBUG org.apache.http.headers -- << Content-Length: 22
14:21:18.873 [main] DEBUG org.apache.http.headers -- << Date: Thu, 02 Jan 2025 08:51:18 GMT
14:21:18.873 [main] DEBUG org.apache.http.headers -- << Connection: close
14:21:18.873 [main] DEBUG org.apache.http.impl.client.DefaultHttpClient -- Authentication succeeded
14:21:18.873 [main] DEBUG org.apache.http.impl.client.TargetAuthenticationStrategy -- Caching 'basic' auth scheme for http://13.60.22.209:7081
14:21:18.873 [main] DEBUG io.restassured.internal.RestAssuredHttpBuilder -- Parsing response as: text/plain;charset=UTF-8
14:21:18.873 [main] DEBUG io.restassured.internal.RestAssuredHttpBuilder -- Parsed data to instance of: class org.apache.http.conn.EofSensorInputStream
14:21:18.874 [main] DEBUG org.apache.http.wire --  << "Book id is not matched"
14:21:18.874 [main] DEBUG org.apache.http.impl.conn.BasicClientConnectionManager -- Releasing connection org.apache.http.impl.conn.ManagedClientConnectionImpl@125d47c4
14:21:18.874 [main] DEBUG org.apache.http.impl.conn.DefaultClientConnection -- Connection 0.0.0.0:63192<->13.60.22.209:7081 shut down
]]></system-out>
  </testcase>
  <testcase name="testUpdateBookWithValidDataAsAdmin" classname="TestCases.PutBookAPITests" time="0.603">
    <failure message="Expected status code is 200 expected [200] but found [404]" type="java.lang.AssertionError"><![CDATA[java.lang.AssertionError: Expected status code is 200 expected [200] but found [404]
	at org.testng.Assert.fail(Assert.java:110)
	at org.testng.Assert.failNotEquals(Assert.java:1413)
	at org.testng.Assert.assertEqualsImpl(Assert.java:149)
	at org.testng.Assert.assertEquals(Assert.java:131)
	at org.testng.Assert.assertEquals(Assert.java:1240)
	at TestCases.PutBookAPITests.testUpdateBookWithValidDataAsAdmin(PutBookAPITests.java:45)
	at java.base/jdk.internal.reflect.NativeMethodAccessorImpl.invoke0(Native Method)
	at java.base/jdk.internal.reflect.NativeMethodAccessorImpl.invoke(NativeMethodAccessorImpl.java:77)
	at java.base/jdk.internal.reflect.DelegatingMethodAccessorImpl.invoke(DelegatingMethodAccessorImpl.java:43)
	at java.base/java.lang.reflect.Method.invoke(Method.java:568)
	at org.testng.internal.invokers.MethodInvocationHelper.invokeMethod(MethodInvocationHelper.java:139)
	at org.testng.internal.invokers.TestInvoker.invokeMethod(TestInvoker.java:677)
	at org.testng.internal.invokers.TestInvoker.invokeTestMethod(TestInvoker.java:221)
	at org.testng.internal.invokers.MethodRunner.runInSequence(MethodRunner.java:50)
	at org.testng.internal.invokers.TestInvoker$MethodInvocationAgent.invoke(TestInvoker.java:969)
	at org.testng.internal.invokers.TestInvoker.invokeTestMethods(TestInvoker.java:194)
	at org.testng.internal.invokers.TestMethodWorker.invokeTestMethods(TestMethodWorker.java:148)
	at org.testng.internal.invokers.TestMethodWorker.run(TestMethodWorker.java:128)
	at java.base/java.util.ArrayList.forEach(ArrayList.java:1511)
	at org.testng.TestRunner.privateRun(TestRunner.java:829)
	at org.testng.TestRunner.run(TestRunner.java:602)
	at org.testng.SuiteRunner.runTest(SuiteRunner.java:437)
	at org.testng.SuiteRunner.runSequentially(SuiteRunner.java:431)
	at org.testng.SuiteRunner.privateRun(SuiteRunner.java:391)
	at org.testng.SuiteRunner.run(SuiteRunner.java:330)
	at org.testng.SuiteRunnerWorker.runSuite(SuiteRunnerWorker.java:52)
	at org.testng.SuiteRunnerWorker.run(SuiteRunnerWorker.java:95)
	at org.testng.TestNG.runSuitesSequentially(TestNG.java:1256)
	at org.testng.TestNG.runSuitesLocally(TestNG.java:1176)
	at org.testng.TestNG.runSuites(TestNG.java:1099)
	at org.testng.TestNG.run(TestNG.java:1067)
	at org.apache.maven.surefire.testng.TestNGExecutor.run(TestNGExecutor.java:324)
	at org.apache.maven.surefire.testng.TestNGXmlTestSuite.execute(TestNGXmlTestSuite.java:74)
	at org.apache.maven.surefire.testng.TestNGProvider.invoke(TestNGProvider.java:123)
	at org.apache.maven.surefire.booter.ForkedBooter.runSuitesInProcess(ForkedBooter.java:456)
	at org.apache.maven.surefire.booter.ForkedBooter.execute(ForkedBooter.java:169)
	at org.apache.maven.surefire.booter.ForkedBooter.run(ForkedBooter.java:595)
	at org.apache.maven.surefire.booter.ForkedBooter.main(ForkedBooter.java:581)
]]></failure>
    <system-out><![CDATA[14:21:18.889 [main] DEBUG org.apache.http.impl.conn.BasicClientConnectionManager -- Get connection for route {}->http://13.60.22.209:7081
14:21:18.889 [main] DEBUG org.apache.http.impl.conn.DefaultClientConnectionOperator -- Connecting to 13.60.22.209:7081
14:21:19.051 [main] DEBUG org.apache.http.client.protocol.RequestAddCookies -- CookieSpec selected: ignoreCookies
14:21:19.051 [main] DEBUG org.apache.http.client.protocol.RequestAuthCache -- Auth cache not set in the context
14:21:19.051 [main] DEBUG org.apache.http.client.protocol.RequestTargetAuthentication -- Target auth state: UNCHALLENGED
14:21:19.051 [main] DEBUG org.apache.http.client.protocol.RequestProxyAuthentication -- Proxy auth state: UNCHALLENGED
14:21:19.051 [main] DEBUG org.apache.http.impl.client.DefaultHttpClient -- Attempt 1 to execute request
14:21:19.051 [main] DEBUG org.apache.http.impl.conn.DefaultClientConnection -- Sending request: PUT /api/books/1 HTTP/1.1
14:21:19.051 [main] DEBUG org.apache.http.wire --  >> "PUT /api/books/1 HTTP/1.1[\r][\n]"
14:21:19.051 [main] DEBUG org.apache.http.wire --  >> "Accept: */*[\r][\n]"
14:21:19.051 [main] DEBUG org.apache.http.wire --  >> "Content-Type: application/json[\r][\n]"
14:21:19.051 [main] DEBUG org.apache.http.wire --  >> "Content-Length: 66[\r][\n]"
14:21:19.051 [main] DEBUG org.apache.http.wire --  >> "Host: 13.60.22.209:7081[\r][\n]"
14:21:19.051 [main] DEBUG org.apache.http.wire --  >> "Connection: Keep-Alive[\r][\n]"
14:21:19.051 [main] DEBUG org.apache.http.wire --  >> "User-Agent: Apache-HttpClient/4.5.13 (Java/17.0.9)[\r][\n]"
14:21:19.051 [main] DEBUG org.apache.http.wire --  >> "Accept-Encoding: gzip,deflate[\r][\n]"
14:21:19.052 [main] DEBUG org.apache.http.wire --  >> "[\r][\n]"
14:21:19.052 [main] DEBUG org.apache.http.headers -- >> PUT /api/books/1 HTTP/1.1
14:21:19.052 [main] DEBUG org.apache.http.headers -- >> Accept: */*
14:21:19.052 [main] DEBUG org.apache.http.headers -- >> Content-Type: application/json
14:21:19.052 [main] DEBUG org.apache.http.headers -- >> Content-Length: 66
14:21:19.052 [main] DEBUG org.apache.http.headers -- >> Host: 13.60.22.209:7081
14:21:19.052 [main] DEBUG org.apache.http.headers -- >> Connection: Keep-Alive
14:21:19.052 [main] DEBUG org.apache.http.headers -- >> User-Agent: Apache-HttpClient/4.5.13 (Java/17.0.9)
14:21:19.052 [main] DEBUG org.apache.http.headers -- >> Accept-Encoding: gzip,deflate
14:21:19.052 [main] DEBUG org.apache.http.wire --  >> "{"author":"UpdatedAuthor101","id":1,"title":"UpdatedBookTitle102"}"
14:21:19.213 [main] DEBUG org.apache.http.wire --  << "HTTP/1.1 401 [\r][\n]"
14:21:19.213 [main] DEBUG org.apache.http.wire --  << "Set-Cookie: JSESSIONID=4C2C011156205DDBCDDF12E909201A0E; Path=/; HttpOnly[\r][\n]"
14:21:19.214 [main] DEBUG org.apache.http.wire --  << "WWW-Authenticate: Basic realm="Realm"[\r][\n]"
14:21:19.214 [main] DEBUG org.apache.http.wire --  << "X-Content-Type-Options: nosniff[\r][\n]"
14:21:19.214 [main] DEBUG org.apache.http.wire --  << "X-XSS-Protection: 1; mode=block[\r][\n]"
14:21:19.214 [main] DEBUG org.apache.http.wire --  << "Cache-Control: no-cache, no-store, max-age=0, must-revalidate[\r][\n]"
14:21:19.214 [main] DEBUG org.apache.http.wire --  << "Pragma: no-cache[\r][\n]"
14:21:19.214 [main] DEBUG org.apache.http.wire --  << "Expires: 0[\r][\n]"
14:21:19.214 [main] DEBUG org.apache.http.wire --  << "X-Frame-Options: DENY[\r][\n]"
14:21:19.214 [main] DEBUG org.apache.http.wire --  << "Content-Length: 0[\r][\n]"
14:21:19.214 [main] DEBUG org.apache.http.wire --  << "Date: Thu, 02 Jan 2025 08:51:18 GMT[\r][\n]"
14:21:19.214 [main] DEBUG org.apache.http.wire --  << "Keep-Alive: timeout=60[\r][\n]"
14:21:19.214 [main] DEBUG org.apache.http.wire --  << "Connection: keep-alive[\r][\n]"
14:21:19.214 [main] DEBUG org.apache.http.wire --  << "[\r][\n]"
14:21:19.214 [main] DEBUG org.apache.http.impl.conn.DefaultClientConnection -- Receiving response: HTTP/1.1 401 
14:21:19.214 [main] DEBUG org.apache.http.headers -- << HTTP/1.1 401 
14:21:19.214 [main] DEBUG org.apache.http.headers -- << Set-Cookie: JSESSIONID=4C2C011156205DDBCDDF12E909201A0E; Path=/; HttpOnly
14:21:19.214 [main] DEBUG org.apache.http.headers -- << WWW-Authenticate: Basic realm="Realm"
14:21:19.214 [main] DEBUG org.apache.http.headers -- << X-Content-Type-Options: nosniff
14:21:19.214 [main] DEBUG org.apache.http.headers -- << X-XSS-Protection: 1; mode=block
14:21:19.214 [main] DEBUG org.apache.http.headers -- << Cache-Control: no-cache, no-store, max-age=0, must-revalidate
14:21:19.214 [main] DEBUG org.apache.http.headers -- << Pragma: no-cache
14:21:19.214 [main] DEBUG org.apache.http.headers -- << Expires: 0
14:21:19.214 [main] DEBUG org.apache.http.headers -- << X-Frame-Options: DENY
14:21:19.214 [main] DEBUG org.apache.http.headers -- << Content-Length: 0
14:21:19.214 [main] DEBUG org.apache.http.headers -- << Date: Thu, 02 Jan 2025 08:51:18 GMT
14:21:19.214 [main] DEBUG org.apache.http.headers -- << Keep-Alive: timeout=60
14:21:19.214 [main] DEBUG org.apache.http.headers -- << Connection: keep-alive
14:21:19.215 [main] DEBUG org.apache.http.impl.client.DefaultHttpClient -- Connection can be kept alive for 60000 MILLISECONDS
14:21:19.215 [main] DEBUG org.apache.http.impl.client.DefaultHttpClient -- Authentication required
14:21:19.215 [main] DEBUG org.apache.http.impl.client.DefaultHttpClient -- 13.60.22.209:7081 requested authentication
14:21:19.215 [main] DEBUG org.apache.http.impl.client.TargetAuthenticationStrategy -- Authentication schemes in the order of preference: [Negotiate, Kerberos, NTLM, CredSSP, Digest, Basic]
14:21:19.215 [main] DEBUG org.apache.http.impl.client.TargetAuthenticationStrategy -- Challenge for Negotiate authentication scheme not available
14:21:19.215 [main] DEBUG org.apache.http.impl.client.TargetAuthenticationStrategy -- Challenge for Kerberos authentication scheme not available
14:21:19.215 [main] DEBUG org.apache.http.impl.client.TargetAuthenticationStrategy -- Challenge for NTLM authentication scheme not available
14:21:19.215 [main] DEBUG org.apache.http.impl.client.TargetAuthenticationStrategy -- Challenge for CredSSP authentication scheme not available
14:21:19.215 [main] DEBUG org.apache.http.impl.client.TargetAuthenticationStrategy -- Challenge for Digest authentication scheme not available
14:21:19.215 [main] DEBUG org.apache.http.impl.client.DefaultHttpClient -- Selected authentication options: [BASIC [complete=true]]
14:21:19.215 [main] DEBUG org.apache.http.client.protocol.RequestAddCookies -- CookieSpec selected: ignoreCookies
14:21:19.215 [main] DEBUG org.apache.http.client.protocol.RequestAuthCache -- Auth cache not set in the context
14:21:19.215 [main] DEBUG org.apache.http.client.protocol.RequestTargetAuthentication -- Target auth state: CHALLENGED
14:21:19.215 [main] DEBUG org.apache.http.client.protocol.RequestTargetAuthentication -- Generating response to an authentication challenge using basic scheme
14:21:19.215 [main] DEBUG org.apache.http.client.protocol.RequestProxyAuthentication -- Proxy auth state: UNCHALLENGED
14:21:19.215 [main] DEBUG org.apache.http.impl.client.DefaultHttpClient -- Attempt 2 to execute request
14:21:19.215 [main] DEBUG org.apache.http.impl.conn.DefaultClientConnection -- Sending request: PUT /api/books/1 HTTP/1.1
14:21:19.215 [main] DEBUG org.apache.http.wire --  >> "PUT /api/books/1 HTTP/1.1[\r][\n]"
14:21:19.215 [main] DEBUG org.apache.http.wire --  >> "Accept: */*[\r][\n]"
14:21:19.215 [main] DEBUG org.apache.http.wire --  >> "Content-Type: application/json[\r][\n]"
14:21:19.215 [main] DEBUG org.apache.http.wire --  >> "Content-Length: 66[\r][\n]"
14:21:19.215 [main] DEBUG org.apache.http.wire --  >> "Host: 13.60.22.209:7081[\r][\n]"
14:21:19.215 [main] DEBUG org.apache.http.wire --  >> "Connection: Keep-Alive[\r][\n]"
14:21:19.215 [main] DEBUG org.apache.http.wire --  >> "User-Agent: Apache-HttpClient/4.5.13 (Java/17.0.9)[\r][\n]"
14:21:19.215 [main] DEBUG org.apache.http.wire --  >> "Authorization: Basic YWRtaW46cGFzc3dvcmQ=[\r][\n]"
14:21:19.215 [main] DEBUG org.apache.http.wire --  >> "Accept-Encoding: gzip,deflate[\r][\n]"
14:21:19.215 [main] DEBUG org.apache.http.wire --  >> "[\r][\n]"
14:21:19.215 [main] DEBUG org.apache.http.headers -- >> PUT /api/books/1 HTTP/1.1
14:21:19.215 [main] DEBUG org.apache.http.headers -- >> Accept: */*
14:21:19.215 [main] DEBUG org.apache.http.headers -- >> Content-Type: application/json
14:21:19.215 [main] DEBUG org.apache.http.headers -- >> Content-Length: 66
14:21:19.215 [main] DEBUG org.apache.http.headers -- >> Host: 13.60.22.209:7081
14:21:19.215 [main] DEBUG org.apache.http.headers -- >> Connection: Keep-Alive
14:21:19.215 [main] DEBUG org.apache.http.headers -- >> User-Agent: Apache-HttpClient/4.5.13 (Java/17.0.9)
14:21:19.215 [main] DEBUG org.apache.http.headers -- >> Authorization: Basic YWRtaW46cGFzc3dvcmQ=
14:21:19.215 [main] DEBUG org.apache.http.headers -- >> Accept-Encoding: gzip,deflate
14:21:19.215 [main] DEBUG org.apache.http.wire --  >> "{"author":"UpdatedAuthor101","id":1,"title":"UpdatedBookTitle102"}"
14:21:19.464 [main] DEBUG org.apache.http.wire --  << "HTTP/1.1 404 [\r][\n]"
14:21:19.464 [main] DEBUG org.apache.http.wire --  << "Set-Cookie: JSESSIONID=4198E1F64B7A62F2D966241AF9A78C5F; Path=/; HttpOnly[\r][\n]"
14:21:19.464 [main] DEBUG org.apache.http.wire --  << "X-Content-Type-Options: nosniff[\r][\n]"
14:21:19.464 [main] DEBUG org.apache.http.wire --  << "X-XSS-Protection: 1; mode=block[\r][\n]"
14:21:19.464 [main] DEBUG org.apache.http.wire --  << "Cache-Control: no-cache, no-store, max-age=0, must-revalidate[\r][\n]"
14:21:19.464 [main] DEBUG org.apache.http.wire --  << "Pragma: no-cache[\r][\n]"
14:21:19.464 [main] DEBUG org.apache.http.wire --  << "Expires: 0[\r][\n]"
14:21:19.464 [main] DEBUG org.apache.http.wire --  << "X-Frame-Options: DENY[\r][\n]"
14:21:19.465 [main] DEBUG org.apache.http.wire --  << "Content-Type: text/plain;charset=UTF-8[\r][\n]"
14:21:19.465 [main] DEBUG org.apache.http.wire --  << "Content-Length: 14[\r][\n]"
14:21:19.465 [main] DEBUG org.apache.http.wire --  << "Date: Thu, 02 Jan 2025 08:51:18 GMT[\r][\n]"
14:21:19.465 [main] DEBUG org.apache.http.wire --  << "Keep-Alive: timeout=60[\r][\n]"
14:21:19.465 [main] DEBUG org.apache.http.wire --  << "Connection: keep-alive[\r][\n]"
14:21:19.465 [main] DEBUG org.apache.http.wire --  << "[\r][\n]"
14:21:19.465 [main] DEBUG org.apache.http.impl.conn.DefaultClientConnection -- Receiving response: HTTP/1.1 404 
14:21:19.465 [main] DEBUG org.apache.http.headers -- << HTTP/1.1 404 
14:21:19.465 [main] DEBUG org.apache.http.headers -- << Set-Cookie: JSESSIONID=4198E1F64B7A62F2D966241AF9A78C5F; Path=/; HttpOnly
14:21:19.465 [main] DEBUG org.apache.http.headers -- << X-Content-Type-Options: nosniff
14:21:19.465 [main] DEBUG org.apache.http.headers -- << X-XSS-Protection: 1; mode=block
14:21:19.465 [main] DEBUG org.apache.http.headers -- << Cache-Control: no-cache, no-store, max-age=0, must-revalidate
14:21:19.465 [main] DEBUG org.apache.http.headers -- << Pragma: no-cache
14:21:19.465 [main] DEBUG org.apache.http.headers -- << Expires: 0
14:21:19.465 [main] DEBUG org.apache.http.headers -- << X-Frame-Options: DENY
14:21:19.465 [main] DEBUG org.apache.http.headers -- << Content-Type: text/plain;charset=UTF-8
14:21:19.465 [main] DEBUG org.apache.http.headers -- << Content-Length: 14
14:21:19.465 [main] DEBUG org.apache.http.headers -- << Date: Thu, 02 Jan 2025 08:51:18 GMT
14:21:19.465 [main] DEBUG org.apache.http.headers -- << Keep-Alive: timeout=60
14:21:19.465 [main] DEBUG org.apache.http.headers -- << Connection: keep-alive
14:21:19.465 [main] DEBUG org.apache.http.impl.client.DefaultHttpClient -- Connection can be kept alive for 60000 MILLISECONDS
14:21:19.465 [main] DEBUG org.apache.http.impl.client.DefaultHttpClient -- Authentication succeeded
14:21:19.465 [main] DEBUG org.apache.http.impl.client.TargetAuthenticationStrategy -- Caching 'basic' auth scheme for http://13.60.22.209:7081
14:21:19.465 [main] DEBUG io.restassured.internal.RestAssuredHttpBuilder -- Parsing response as: text/plain;charset=UTF-8
14:21:19.465 [main] DEBUG io.restassured.internal.RestAssuredHttpBuilder -- Parsed data to instance of: class org.apache.http.conn.EofSensorInputStream
Response Status Code: 404
14:21:19.471 [main] DEBUG org.apache.http.wire --  << "Book not found"
14:21:19.471 [main] DEBUG org.apache.http.impl.conn.BasicClientConnectionManager -- Releasing connection org.apache.http.impl.conn.ManagedClientConnectionImpl@577536e0
14:21:19.471 [main] DEBUG org.apache.http.impl.conn.BasicClientConnectionManager -- Connection can be kept alive for 60000 MILLISECONDS
Book not found
]]></system-out>
  </testcase>
  <testcase name="testUpdateBookWithValidDataAsUser" classname="TestCases.PutBookAPITests" time="0.636">
    <failure message="Response should indicate forbidden access expected [true] but found [false]" type="java.lang.AssertionError"><![CDATA[java.lang.AssertionError: Response should indicate forbidden access expected [true] but found [false]
	at org.testng.Assert.fail(Assert.java:110)
	at org.testng.Assert.failNotEquals(Assert.java:1413)
	at org.testng.Assert.assertTrue(Assert.java:56)
	at TestCases.PutBookAPITests.testUpdateBookWithValidDataAsUser(PutBookAPITests.java:70)
	at java.base/jdk.internal.reflect.NativeMethodAccessorImpl.invoke0(Native Method)
	at java.base/jdk.internal.reflect.NativeMethodAccessorImpl.invoke(NativeMethodAccessorImpl.java:77)
	at java.base/jdk.internal.reflect.DelegatingMethodAccessorImpl.invoke(DelegatingMethodAccessorImpl.java:43)
	at java.base/java.lang.reflect.Method.invoke(Method.java:568)
	at org.testng.internal.invokers.MethodInvocationHelper.invokeMethod(MethodInvocationHelper.java:139)
	at org.testng.internal.invokers.TestInvoker.invokeMethod(TestInvoker.java:677)
	at org.testng.internal.invokers.TestInvoker.invokeTestMethod(TestInvoker.java:221)
	at org.testng.internal.invokers.MethodRunner.runInSequence(MethodRunner.java:50)
	at org.testng.internal.invokers.TestInvoker$MethodInvocationAgent.invoke(TestInvoker.java:969)
	at org.testng.internal.invokers.TestInvoker.invokeTestMethods(TestInvoker.java:194)
	at org.testng.internal.invokers.TestMethodWorker.invokeTestMethods(TestMethodWorker.java:148)
	at org.testng.internal.invokers.TestMethodWorker.run(TestMethodWorker.java:128)
	at java.base/java.util.ArrayList.forEach(ArrayList.java:1511)
	at org.testng.TestRunner.privateRun(TestRunner.java:829)
	at org.testng.TestRunner.run(TestRunner.java:602)
	at org.testng.SuiteRunner.runTest(SuiteRunner.java:437)
	at org.testng.SuiteRunner.runSequentially(SuiteRunner.java:431)
	at org.testng.SuiteRunner.privateRun(SuiteRunner.java:391)
	at org.testng.SuiteRunner.run(SuiteRunner.java:330)
	at org.testng.SuiteRunnerWorker.runSuite(SuiteRunnerWorker.java:52)
	at org.testng.SuiteRunnerWorker.run(SuiteRunnerWorker.java:95)
	at org.testng.TestNG.runSuitesSequentially(TestNG.java:1256)
	at org.testng.TestNG.runSuitesLocally(TestNG.java:1176)
	at org.testng.TestNG.runSuites(TestNG.java:1099)
	at org.testng.TestNG.run(TestNG.java:1067)
	at org.apache.maven.surefire.testng.TestNGExecutor.run(TestNGExecutor.java:324)
	at org.apache.maven.surefire.testng.TestNGXmlTestSuite.execute(TestNGXmlTestSuite.java:74)
	at org.apache.maven.surefire.testng.TestNGProvider.invoke(TestNGProvider.java:123)
	at org.apache.maven.surefire.booter.ForkedBooter.runSuitesInProcess(ForkedBooter.java:456)
	at org.apache.maven.surefire.booter.ForkedBooter.execute(ForkedBooter.java:169)
	at org.apache.maven.surefire.booter.ForkedBooter.run(ForkedBooter.java:595)
	at org.apache.maven.surefire.booter.ForkedBooter.main(ForkedBooter.java:581)
]]></failure>
    <system-out><![CDATA[14:21:19.504 [main] DEBUG org.apache.http.impl.conn.BasicClientConnectionManager -- Get connection for route {}->http://13.60.22.209:7081
14:21:19.504 [main] DEBUG org.apache.http.impl.conn.DefaultClientConnectionOperator -- Connecting to 13.60.22.209:7081
14:21:19.666 [main] DEBUG org.apache.http.client.protocol.RequestAddCookies -- CookieSpec selected: ignoreCookies
14:21:19.666 [main] DEBUG org.apache.http.client.protocol.RequestAuthCache -- Auth cache not set in the context
14:21:19.666 [main] DEBUG org.apache.http.client.protocol.RequestTargetAuthentication -- Target auth state: UNCHALLENGED
14:21:19.666 [main] DEBUG org.apache.http.client.protocol.RequestProxyAuthentication -- Proxy auth state: UNCHALLENGED
14:21:19.666 [main] DEBUG org.apache.http.impl.client.DefaultHttpClient -- Attempt 1 to execute request
14:21:19.666 [main] DEBUG org.apache.http.impl.conn.DefaultClientConnection -- Sending request: PUT /api/books/1 HTTP/1.1
14:21:19.666 [main] DEBUG org.apache.http.wire --  >> "PUT /api/books/1 HTTP/1.1[\r][\n]"
14:21:19.666 [main] DEBUG org.apache.http.wire --  >> "Accept: */*[\r][\n]"
14:21:19.666 [main] DEBUG org.apache.http.wire --  >> "Content-Type: application/json[\r][\n]"
14:21:19.666 [main] DEBUG org.apache.http.wire --  >> "Content-Length: 63[\r][\n]"
14:21:19.666 [main] DEBUG org.apache.http.wire --  >> "Host: 13.60.22.209:7081[\r][\n]"
14:21:19.667 [main] DEBUG org.apache.http.wire --  >> "Connection: Keep-Alive[\r][\n]"
14:21:19.667 [main] DEBUG org.apache.http.wire --  >> "User-Agent: Apache-HttpClient/4.5.13 (Java/17.0.9)[\r][\n]"
14:21:19.667 [main] DEBUG org.apache.http.wire --  >> "Accept-Encoding: gzip,deflate[\r][\n]"
14:21:19.667 [main] DEBUG org.apache.http.wire --  >> "[\r][\n]"
14:21:19.667 [main] DEBUG org.apache.http.headers -- >> PUT /api/books/1 HTTP/1.1
14:21:19.667 [main] DEBUG org.apache.http.headers -- >> Accept: */*
14:21:19.667 [main] DEBUG org.apache.http.headers -- >> Content-Type: application/json
14:21:19.667 [main] DEBUG org.apache.http.headers -- >> Content-Length: 63
14:21:19.667 [main] DEBUG org.apache.http.headers -- >> Host: 13.60.22.209:7081
14:21:19.667 [main] DEBUG org.apache.http.headers -- >> Connection: Keep-Alive
14:21:19.667 [main] DEBUG org.apache.http.headers -- >> User-Agent: Apache-HttpClient/4.5.13 (Java/17.0.9)
14:21:19.667 [main] DEBUG org.apache.http.headers -- >> Accept-Encoding: gzip,deflate
14:21:19.667 [main] DEBUG org.apache.http.wire --  >> "{"author":"Updated Author","id":1,"title":"Updated Book Title"}"
14:21:19.833 [main] DEBUG org.apache.http.wire --  << "HTTP/1.1 401 [\r][\n]"
14:21:19.833 [main] DEBUG org.apache.http.wire --  << "Set-Cookie: JSESSIONID=A84D2319619C1E7AA0C3E48D679DD50D; Path=/; HttpOnly[\r][\n]"
14:21:19.833 [main] DEBUG org.apache.http.wire --  << "WWW-Authenticate: Basic realm="Realm"[\r][\n]"
14:21:19.833 [main] DEBUG org.apache.http.wire --  << "X-Content-Type-Options: nosniff[\r][\n]"
14:21:19.833 [main] DEBUG org.apache.http.wire --  << "X-XSS-Protection: 1; mode=block[\r][\n]"
14:21:19.833 [main] DEBUG org.apache.http.wire --  << "Cache-Control: no-cache, no-store, max-age=0, must-revalidate[\r][\n]"
14:21:19.833 [main] DEBUG org.apache.http.wire --  << "Pragma: no-cache[\r][\n]"
14:21:19.833 [main] DEBUG org.apache.http.wire --  << "Expires: 0[\r][\n]"
14:21:19.833 [main] DEBUG org.apache.http.wire --  << "X-Frame-Options: DENY[\r][\n]"
14:21:19.833 [main] DEBUG org.apache.http.wire --  << "Content-Length: 0[\r][\n]"
14:21:19.833 [main] DEBUG org.apache.http.wire --  << "Date: Thu, 02 Jan 2025 08:51:20 GMT[\r][\n]"
14:21:19.833 [main] DEBUG org.apache.http.wire --  << "Keep-Alive: timeout=60[\r][\n]"
14:21:19.833 [main] DEBUG org.apache.http.wire --  << "Connection: keep-alive[\r][\n]"
14:21:19.833 [main] DEBUG org.apache.http.wire --  << "[\r][\n]"
14:21:19.833 [main] DEBUG org.apache.http.impl.conn.DefaultClientConnection -- Receiving response: HTTP/1.1 401 
14:21:19.833 [main] DEBUG org.apache.http.headers -- << HTTP/1.1 401 
14:21:19.833 [main] DEBUG org.apache.http.headers -- << Set-Cookie: JSESSIONID=A84D2319619C1E7AA0C3E48D679DD50D; Path=/; HttpOnly
14:21:19.833 [main] DEBUG org.apache.http.headers -- << WWW-Authenticate: Basic realm="Realm"
14:21:19.833 [main] DEBUG org.apache.http.headers -- << X-Content-Type-Options: nosniff
14:21:19.833 [main] DEBUG org.apache.http.headers -- << X-XSS-Protection: 1; mode=block
14:21:19.833 [main] DEBUG org.apache.http.headers -- << Cache-Control: no-cache, no-store, max-age=0, must-revalidate
14:21:19.833 [main] DEBUG org.apache.http.headers -- << Pragma: no-cache
14:21:19.833 [main] DEBUG org.apache.http.headers -- << Expires: 0
14:21:19.833 [main] DEBUG org.apache.http.headers -- << X-Frame-Options: DENY
14:21:19.833 [main] DEBUG org.apache.http.headers -- << Content-Length: 0
14:21:19.833 [main] DEBUG org.apache.http.headers -- << Date: Thu, 02 Jan 2025 08:51:20 GMT
14:21:19.833 [main] DEBUG org.apache.http.headers -- << Keep-Alive: timeout=60
14:21:19.833 [main] DEBUG org.apache.http.headers -- << Connection: keep-alive
14:21:19.833 [main] DEBUG org.apache.http.impl.client.DefaultHttpClient -- Connection can be kept alive for 60000 MILLISECONDS
14:21:19.833 [main] DEBUG org.apache.http.impl.client.DefaultHttpClient -- Authentication required
14:21:19.833 [main] DEBUG org.apache.http.impl.client.DefaultHttpClient -- 13.60.22.209:7081 requested authentication
14:21:19.833 [main] DEBUG org.apache.http.impl.client.TargetAuthenticationStrategy -- Authentication schemes in the order of preference: [Negotiate, Kerberos, NTLM, CredSSP, Digest, Basic]
14:21:19.833 [main] DEBUG org.apache.http.impl.client.TargetAuthenticationStrategy -- Challenge for Negotiate authentication scheme not available
14:21:19.833 [main] DEBUG org.apache.http.impl.client.TargetAuthenticationStrategy -- Challenge for Kerberos authentication scheme not available
14:21:19.833 [main] DEBUG org.apache.http.impl.client.TargetAuthenticationStrategy -- Challenge for NTLM authentication scheme not available
14:21:19.833 [main] DEBUG org.apache.http.impl.client.TargetAuthenticationStrategy -- Challenge for CredSSP authentication scheme not available
14:21:19.833 [main] DEBUG org.apache.http.impl.client.TargetAuthenticationStrategy -- Challenge for Digest authentication scheme not available
14:21:19.834 [main] DEBUG org.apache.http.impl.client.DefaultHttpClient -- Selected authentication options: [BASIC [complete=true]]
14:21:19.834 [main] DEBUG org.apache.http.client.protocol.RequestAddCookies -- CookieSpec selected: ignoreCookies
14:21:19.834 [main] DEBUG org.apache.http.client.protocol.RequestAuthCache -- Auth cache not set in the context
14:21:19.834 [main] DEBUG org.apache.http.client.protocol.RequestTargetAuthentication -- Target auth state: CHALLENGED
14:21:19.834 [main] DEBUG org.apache.http.client.protocol.RequestTargetAuthentication -- Generating response to an authentication challenge using basic scheme
14:21:19.834 [main] DEBUG org.apache.http.client.protocol.RequestProxyAuthentication -- Proxy auth state: UNCHALLENGED
14:21:19.834 [main] DEBUG org.apache.http.impl.client.DefaultHttpClient -- Attempt 2 to execute request
14:21:19.834 [main] DEBUG org.apache.http.impl.conn.DefaultClientConnection -- Sending request: PUT /api/books/1 HTTP/1.1
14:21:19.834 [main] DEBUG org.apache.http.wire --  >> "PUT /api/books/1 HTTP/1.1[\r][\n]"
14:21:19.835 [main] DEBUG org.apache.http.wire --  >> "Accept: */*[\r][\n]"
14:21:19.835 [main] DEBUG org.apache.http.wire --  >> "Content-Type: application/json[\r][\n]"
14:21:19.835 [main] DEBUG org.apache.http.wire --  >> "Content-Length: 63[\r][\n]"
14:21:19.835 [main] DEBUG org.apache.http.wire --  >> "Host: 13.60.22.209:7081[\r][\n]"
14:21:19.835 [main] DEBUG org.apache.http.wire --  >> "Connection: Keep-Alive[\r][\n]"
14:21:19.835 [main] DEBUG org.apache.http.wire --  >> "User-Agent: Apache-HttpClient/4.5.13 (Java/17.0.9)[\r][\n]"
14:21:19.835 [main] DEBUG org.apache.http.wire --  >> "Authorization: Basic dXNlcjpwYXNzd29yZA==[\r][\n]"
14:21:19.835 [main] DEBUG org.apache.http.wire --  >> "Accept-Encoding: gzip,deflate[\r][\n]"
14:21:19.835 [main] DEBUG org.apache.http.wire --  >> "[\r][\n]"
14:21:19.835 [main] DEBUG org.apache.http.headers -- >> PUT /api/books/1 HTTP/1.1
14:21:19.835 [main] DEBUG org.apache.http.headers -- >> Accept: */*
14:21:19.835 [main] DEBUG org.apache.http.headers -- >> Content-Type: application/json
14:21:19.835 [main] DEBUG org.apache.http.headers -- >> Content-Length: 63
14:21:19.835 [main] DEBUG org.apache.http.headers -- >> Host: 13.60.22.209:7081
14:21:19.835 [main] DEBUG org.apache.http.headers -- >> Connection: Keep-Alive
14:21:19.835 [main] DEBUG org.apache.http.headers -- >> User-Agent: Apache-HttpClient/4.5.13 (Java/17.0.9)
14:21:19.835 [main] DEBUG org.apache.http.headers -- >> Authorization: Basic dXNlcjpwYXNzd29yZA==
14:21:19.835 [main] DEBUG org.apache.http.headers -- >> Accept-Encoding: gzip,deflate
14:21:19.835 [main] DEBUG org.apache.http.wire --  >> "{"author":"Updated Author","id":1,"title":"Updated Book Title"}"
14:21:20.107 [main] DEBUG org.apache.http.wire --  << "HTTP/1.1 403 [\r][\n]"
14:21:20.107 [main] DEBUG org.apache.http.wire --  << "Set-Cookie: JSESSIONID=629D86A6B3DF9E227E01336742E29C49; Path=/; HttpOnly[\r][\n]"
14:21:20.107 [main] DEBUG org.apache.http.wire --  << "X-Content-Type-Options: nosniff[\r][\n]"
14:21:20.107 [main] DEBUG org.apache.http.wire --  << "X-XSS-Protection: 1; mode=block[\r][\n]"
14:21:20.107 [main] DEBUG org.apache.http.wire --  << "Cache-Control: no-cache, no-store, max-age=0, must-revalidate[\r][\n]"
14:21:20.107 [main] DEBUG org.apache.http.wire --  << "Pragma: no-cache[\r][\n]"
14:21:20.107 [main] DEBUG org.apache.http.wire --  << "Expires: 0[\r][\n]"
14:21:20.107 [main] DEBUG org.apache.http.wire --  << "X-Frame-Options: DENY[\r][\n]"
14:21:20.107 [main] DEBUG org.apache.http.wire --  << "Content-Type: text/plain;charset=UTF-8[\r][\n]"
14:21:20.107 [main] DEBUG org.apache.http.wire --  << "Content-Length: 22[\r][\n]"
14:21:20.107 [main] DEBUG org.apache.http.wire --  << "Date: Thu, 02 Jan 2025 08:51:20 GMT[\r][\n]"
14:21:20.107 [main] DEBUG org.apache.http.wire --  << "Keep-Alive: timeout=60[\r][\n]"
14:21:20.107 [main] DEBUG org.apache.http.wire --  << "Connection: keep-alive[\r][\n]"
14:21:20.107 [main] DEBUG org.apache.http.wire --  << "[\r][\n]"
14:21:20.107 [main] DEBUG org.apache.http.impl.conn.DefaultClientConnection -- Receiving response: HTTP/1.1 403 
14:21:20.107 [main] DEBUG org.apache.http.headers -- << HTTP/1.1 403 
14:21:20.107 [main] DEBUG org.apache.http.headers -- << Set-Cookie: JSESSIONID=629D86A6B3DF9E227E01336742E29C49; Path=/; HttpOnly
14:21:20.107 [main] DEBUG org.apache.http.headers -- << X-Content-Type-Options: nosniff
14:21:20.107 [main] DEBUG org.apache.http.headers -- << X-XSS-Protection: 1; mode=block
14:21:20.107 [main] DEBUG org.apache.http.headers -- << Cache-Control: no-cache, no-store, max-age=0, must-revalidate
14:21:20.107 [main] DEBUG org.apache.http.headers -- << Pragma: no-cache
14:21:20.107 [main] DEBUG org.apache.http.headers -- << Expires: 0
14:21:20.107 [main] DEBUG org.apache.http.headers -- << X-Frame-Options: DENY
14:21:20.107 [main] DEBUG org.apache.http.headers -- << Content-Type: text/plain;charset=UTF-8
14:21:20.107 [main] DEBUG org.apache.http.headers -- << Content-Length: 22
14:21:20.107 [main] DEBUG org.apache.http.headers -- << Date: Thu, 02 Jan 2025 08:51:20 GMT
14:21:20.107 [main] DEBUG org.apache.http.headers -- << Keep-Alive: timeout=60
14:21:20.107 [main] DEBUG org.apache.http.headers -- << Connection: keep-alive
14:21:20.107 [main] DEBUG org.apache.http.impl.client.DefaultHttpClient -- Connection can be kept alive for 60000 MILLISECONDS
14:21:20.107 [main] DEBUG org.apache.http.impl.client.DefaultHttpClient -- Authentication succeeded
14:21:20.107 [main] DEBUG org.apache.http.impl.client.TargetAuthenticationStrategy -- Caching 'basic' auth scheme for http://13.60.22.209:7081
14:21:20.108 [main] DEBUG io.restassured.internal.RestAssuredHttpBuilder -- Parsing response as: text/plain;charset=UTF-8
14:21:20.108 [main] DEBUG io.restassured.internal.RestAssuredHttpBuilder -- Parsed data to instance of: class org.apache.http.conn.EofSensorInputStream
14:21:20.110 [main] DEBUG org.apache.http.wire --  << "User is not permitted."
14:21:20.110 [main] DEBUG org.apache.http.impl.conn.BasicClientConnectionManager -- Releasing connection org.apache.http.impl.conn.ManagedClientConnectionImpl@4d464510
14:21:20.110 [main] DEBUG org.apache.http.impl.conn.BasicClientConnectionManager -- Connection can be kept alive for 60000 MILLISECONDS
]]></system-out>
  </testcase>
  <testcase name="testDeleteBookAsUser" classname="TestCases.DeleteBookAPITests" time="0.646">
    <failure message="Expected status code is 403 for forbidden access expected [403] but found [404]" type="java.lang.AssertionError"><![CDATA[java.lang.AssertionError: Expected status code is 403 for forbidden access expected [403] but found [404]
	at org.testng.Assert.fail(Assert.java:110)
	at org.testng.Assert.failNotEquals(Assert.java:1413)
	at org.testng.Assert.assertEqualsImpl(Assert.java:149)
	at org.testng.Assert.assertEquals(Assert.java:131)
	at org.testng.Assert.assertEquals(Assert.java:1240)
	at TestCases.DeleteBookAPITests.testDeleteBookAsUser(DeleteBookAPITests.java:77)
	at java.base/jdk.internal.reflect.NativeMethodAccessorImpl.invoke0(Native Method)
	at java.base/jdk.internal.reflect.NativeMethodAccessorImpl.invoke(NativeMethodAccessorImpl.java:77)
	at java.base/jdk.internal.reflect.DelegatingMethodAccessorImpl.invoke(DelegatingMethodAccessorImpl.java:43)
	at java.base/java.lang.reflect.Method.invoke(Method.java:568)
	at org.testng.internal.invokers.MethodInvocationHelper.invokeMethod(MethodInvocationHelper.java:139)
	at org.testng.internal.invokers.TestInvoker.invokeMethod(TestInvoker.java:677)
	at org.testng.internal.invokers.TestInvoker.invokeTestMethod(TestInvoker.java:221)
	at org.testng.internal.invokers.MethodRunner.runInSequence(MethodRunner.java:50)
	at org.testng.internal.invokers.TestInvoker$MethodInvocationAgent.invoke(TestInvoker.java:969)
	at org.testng.internal.invokers.TestInvoker.invokeTestMethods(TestInvoker.java:194)
	at org.testng.internal.invokers.TestMethodWorker.invokeTestMethods(TestMethodWorker.java:148)
	at org.testng.internal.invokers.TestMethodWorker.run(TestMethodWorker.java:128)
	at java.base/java.util.ArrayList.forEach(ArrayList.java:1511)
	at org.testng.TestRunner.privateRun(TestRunner.java:829)
	at org.testng.TestRunner.run(TestRunner.java:602)
	at org.testng.SuiteRunner.runTest(SuiteRunner.java:437)
	at org.testng.SuiteRunner.runSequentially(SuiteRunner.java:431)
	at org.testng.SuiteRunner.privateRun(SuiteRunner.java:391)
	at org.testng.SuiteRunner.run(SuiteRunner.java:330)
	at org.testng.SuiteRunnerWorker.runSuite(SuiteRunnerWorker.java:52)
	at org.testng.SuiteRunnerWorker.run(SuiteRunnerWorker.java:95)
	at org.testng.TestNG.runSuitesSequentially(TestNG.java:1256)
	at org.testng.TestNG.runSuitesLocally(TestNG.java:1176)
	at org.testng.TestNG.runSuites(TestNG.java:1099)
	at org.testng.TestNG.run(TestNG.java:1067)
	at org.apache.maven.surefire.testng.TestNGExecutor.run(TestNGExecutor.java:324)
	at org.apache.maven.surefire.testng.TestNGXmlTestSuite.execute(TestNGXmlTestSuite.java:74)
	at org.apache.maven.surefire.testng.TestNGProvider.invoke(TestNGProvider.java:123)
	at org.apache.maven.surefire.booter.ForkedBooter.runSuitesInProcess(ForkedBooter.java:456)
	at org.apache.maven.surefire.booter.ForkedBooter.execute(ForkedBooter.java:169)
	at org.apache.maven.surefire.booter.ForkedBooter.run(ForkedBooter.java:595)
	at org.apache.maven.surefire.booter.ForkedBooter.main(ForkedBooter.java:581)
]]></failure>
    <system-out><![CDATA[14:21:20.124 [main] DEBUG org.apache.http.impl.conn.BasicClientConnectionManager -- Get connection for route {}->http://13.60.22.209:7081
14:21:20.125 [main] DEBUG org.apache.http.impl.conn.DefaultClientConnectionOperator -- Connecting to 13.60.22.209:7081
14:21:20.302 [main] DEBUG org.apache.http.client.protocol.RequestAddCookies -- CookieSpec selected: ignoreCookies
14:21:20.302 [main] DEBUG org.apache.http.client.protocol.RequestAuthCache -- Auth cache not set in the context
14:21:20.302 [main] DEBUG org.apache.http.client.protocol.RequestTargetAuthentication -- Target auth state: UNCHALLENGED
14:21:20.302 [main] DEBUG org.apache.http.client.protocol.RequestProxyAuthentication -- Proxy auth state: UNCHALLENGED
14:21:20.302 [main] DEBUG org.apache.http.impl.client.DefaultHttpClient -- Attempt 1 to execute request
14:21:20.302 [main] DEBUG org.apache.http.impl.conn.DefaultClientConnection -- Sending request: DELETE /api/books/1 HTTP/1.1
14:21:20.302 [main] DEBUG org.apache.http.wire --  >> "DELETE /api/books/1 HTTP/1.1[\r][\n]"
14:21:20.302 [main] DEBUG org.apache.http.wire --  >> "Accept: */*[\r][\n]"
14:21:20.302 [main] DEBUG org.apache.http.wire --  >> "Host: 13.60.22.209:7081[\r][\n]"
14:21:20.302 [main] DEBUG org.apache.http.wire --  >> "Connection: Keep-Alive[\r][\n]"
14:21:20.302 [main] DEBUG org.apache.http.wire --  >> "User-Agent: Apache-HttpClient/4.5.13 (Java/17.0.9)[\r][\n]"
14:21:20.302 [main] DEBUG org.apache.http.wire --  >> "Accept-Encoding: gzip,deflate[\r][\n]"
14:21:20.302 [main] DEBUG org.apache.http.wire --  >> "[\r][\n]"
14:21:20.302 [main] DEBUG org.apache.http.headers -- >> DELETE /api/books/1 HTTP/1.1
14:21:20.302 [main] DEBUG org.apache.http.headers -- >> Accept: */*
14:21:20.302 [main] DEBUG org.apache.http.headers -- >> Host: 13.60.22.209:7081
14:21:20.302 [main] DEBUG org.apache.http.headers -- >> Connection: Keep-Alive
14:21:20.302 [main] DEBUG org.apache.http.headers -- >> User-Agent: Apache-HttpClient/4.5.13 (Java/17.0.9)
14:21:20.302 [main] DEBUG org.apache.http.headers -- >> Accept-Encoding: gzip,deflate
14:21:20.483 [main] DEBUG org.apache.http.wire --  << "HTTP/1.1 401 [\r][\n]"
14:21:20.483 [main] DEBUG org.apache.http.wire --  << "Set-Cookie: JSESSIONID=82FC56B997E8E19C067B19EF11E88AEA; Path=/; HttpOnly[\r][\n]"
14:21:20.483 [main] DEBUG org.apache.http.wire --  << "WWW-Authenticate: Basic realm="Realm"[\r][\n]"
14:21:20.483 [main] DEBUG org.apache.http.wire --  << "X-Content-Type-Options: nosniff[\r][\n]"
14:21:20.483 [main] DEBUG org.apache.http.wire --  << "X-XSS-Protection: 1; mode=block[\r][\n]"
14:21:20.483 [main] DEBUG org.apache.http.wire --  << "Cache-Control: no-cache, no-store, max-age=0, must-revalidate[\r][\n]"
14:21:20.483 [main] DEBUG org.apache.http.wire --  << "Pragma: no-cache[\r][\n]"
14:21:20.483 [main] DEBUG org.apache.http.wire --  << "Expires: 0[\r][\n]"
14:21:20.483 [main] DEBUG org.apache.http.wire --  << "X-Frame-Options: DENY[\r][\n]"
14:21:20.483 [main] DEBUG org.apache.http.wire --  << "Content-Length: 0[\r][\n]"
14:21:20.483 [main] DEBUG org.apache.http.wire --  << "Date: Thu, 02 Jan 2025 08:51:20 GMT[\r][\n]"
14:21:20.483 [main] DEBUG org.apache.http.wire --  << "Keep-Alive: timeout=60[\r][\n]"
14:21:20.483 [main] DEBUG org.apache.http.wire --  << "Connection: keep-alive[\r][\n]"
14:21:20.483 [main] DEBUG org.apache.http.wire --  << "[\r][\n]"
14:21:20.483 [main] DEBUG org.apache.http.impl.conn.DefaultClientConnection -- Receiving response: HTTP/1.1 401 
14:21:20.483 [main] DEBUG org.apache.http.headers -- << HTTP/1.1 401 
14:21:20.483 [main] DEBUG org.apache.http.headers -- << Set-Cookie: JSESSIONID=82FC56B997E8E19C067B19EF11E88AEA; Path=/; HttpOnly
14:21:20.483 [main] DEBUG org.apache.http.headers -- << WWW-Authenticate: Basic realm="Realm"
14:21:20.483 [main] DEBUG org.apache.http.headers -- << X-Content-Type-Options: nosniff
14:21:20.483 [main] DEBUG org.apache.http.headers -- << X-XSS-Protection: 1; mode=block
14:21:20.483 [main] DEBUG org.apache.http.headers -- << Cache-Control: no-cache, no-store, max-age=0, must-revalidate
14:21:20.483 [main] DEBUG org.apache.http.headers -- << Pragma: no-cache
14:21:20.483 [main] DEBUG org.apache.http.headers -- << Expires: 0
14:21:20.483 [main] DEBUG org.apache.http.headers -- << X-Frame-Options: DENY
14:21:20.483 [main] DEBUG org.apache.http.headers -- << Content-Length: 0
14:21:20.483 [main] DEBUG org.apache.http.headers -- << Date: Thu, 02 Jan 2025 08:51:20 GMT
14:21:20.483 [main] DEBUG org.apache.http.headers -- << Keep-Alive: timeout=60
14:21:20.483 [main] DEBUG org.apache.http.headers -- << Connection: keep-alive
14:21:20.483 [main] DEBUG org.apache.http.impl.client.DefaultHttpClient -- Connection can be kept alive for 60000 MILLISECONDS
14:21:20.483 [main] DEBUG org.apache.http.impl.client.DefaultHttpClient -- Authentication required
14:21:20.483 [main] DEBUG org.apache.http.impl.client.DefaultHttpClient -- 13.60.22.209:7081 requested authentication
14:21:20.483 [main] DEBUG org.apache.http.impl.client.TargetAuthenticationStrategy -- Authentication schemes in the order of preference: [Negotiate, Kerberos, NTLM, CredSSP, Digest, Basic]
14:21:20.483 [main] DEBUG org.apache.http.impl.client.TargetAuthenticationStrategy -- Challenge for Negotiate authentication scheme not available
14:21:20.483 [main] DEBUG org.apache.http.impl.client.TargetAuthenticationStrategy -- Challenge for Kerberos authentication scheme not available
14:21:20.483 [main] DEBUG org.apache.http.impl.client.TargetAuthenticationStrategy -- Challenge for NTLM authentication scheme not available
14:21:20.483 [main] DEBUG org.apache.http.impl.client.TargetAuthenticationStrategy -- Challenge for CredSSP authentication scheme not available
14:21:20.483 [main] DEBUG org.apache.http.impl.client.TargetAuthenticationStrategy -- Challenge for Digest authentication scheme not available
14:21:20.483 [main] DEBUG org.apache.http.impl.client.DefaultHttpClient -- Selected authentication options: [BASIC [complete=true]]
14:21:20.483 [main] DEBUG org.apache.http.client.protocol.RequestAddCookies -- CookieSpec selected: ignoreCookies
14:21:20.483 [main] DEBUG org.apache.http.client.protocol.RequestAuthCache -- Auth cache not set in the context
14:21:20.483 [main] DEBUG org.apache.http.client.protocol.RequestTargetAuthentication -- Target auth state: CHALLENGED
14:21:20.483 [main] DEBUG org.apache.http.client.protocol.RequestTargetAuthentication -- Generating response to an authentication challenge using basic scheme
14:21:20.483 [main] DEBUG org.apache.http.client.protocol.RequestProxyAuthentication -- Proxy auth state: UNCHALLENGED
14:21:20.484 [main] DEBUG org.apache.http.impl.client.DefaultHttpClient -- Attempt 2 to execute request
14:21:20.484 [main] DEBUG org.apache.http.impl.conn.DefaultClientConnection -- Sending request: DELETE /api/books/1 HTTP/1.1
14:21:20.484 [main] DEBUG org.apache.http.wire --  >> "DELETE /api/books/1 HTTP/1.1[\r][\n]"
14:21:20.484 [main] DEBUG org.apache.http.wire --  >> "Accept: */*[\r][\n]"
14:21:20.484 [main] DEBUG org.apache.http.wire --  >> "Host: 13.60.22.209:7081[\r][\n]"
14:21:20.484 [main] DEBUG org.apache.http.wire --  >> "Connection: Keep-Alive[\r][\n]"
14:21:20.484 [main] DEBUG org.apache.http.wire --  >> "User-Agent: Apache-HttpClient/4.5.13 (Java/17.0.9)[\r][\n]"
14:21:20.484 [main] DEBUG org.apache.http.wire --  >> "Authorization: Basic dXNlcjpwYXNzd29yZA==[\r][\n]"
14:21:20.484 [main] DEBUG org.apache.http.wire --  >> "Accept-Encoding: gzip,deflate[\r][\n]"
14:21:20.484 [main] DEBUG org.apache.http.wire --  >> "[\r][\n]"
14:21:20.484 [main] DEBUG org.apache.http.headers -- >> DELETE /api/books/1 HTTP/1.1
14:21:20.484 [main] DEBUG org.apache.http.headers -- >> Accept: */*
14:21:20.484 [main] DEBUG org.apache.http.headers -- >> Host: 13.60.22.209:7081
14:21:20.484 [main] DEBUG org.apache.http.headers -- >> Connection: Keep-Alive
14:21:20.484 [main] DEBUG org.apache.http.headers -- >> User-Agent: Apache-HttpClient/4.5.13 (Java/17.0.9)
14:21:20.484 [main] DEBUG org.apache.http.headers -- >> Authorization: Basic dXNlcjpwYXNzd29yZA==
14:21:20.484 [main] DEBUG org.apache.http.headers -- >> Accept-Encoding: gzip,deflate
14:21:20.759 [main] DEBUG org.apache.http.wire --  << "HTTP/1.1 404 [\r][\n]"
14:21:20.759 [main] DEBUG org.apache.http.wire --  << "Set-Cookie: JSESSIONID=7EFAA6EDC49C7BD147AD7A6AC082ACA2; Path=/; HttpOnly[\r][\n]"
14:21:20.759 [main] DEBUG org.apache.http.wire --  << "X-Content-Type-Options: nosniff[\r][\n]"
14:21:20.760 [main] DEBUG org.apache.http.wire --  << "X-XSS-Protection: 1; mode=block[\r][\n]"
14:21:20.760 [main] DEBUG org.apache.http.wire --  << "Cache-Control: no-cache, no-store, max-age=0, must-revalidate[\r][\n]"
14:21:20.760 [main] DEBUG org.apache.http.wire --  << "Pragma: no-cache[\r][\n]"
14:21:20.760 [main] DEBUG org.apache.http.wire --  << "Expires: 0[\r][\n]"
14:21:20.760 [main] DEBUG org.apache.http.wire --  << "X-Frame-Options: DENY[\r][\n]"
14:21:20.760 [main] DEBUG org.apache.http.wire --  << "Content-Type: text/plain;charset=UTF-8[\r][\n]"
14:21:20.760 [main] DEBUG org.apache.http.wire --  << "Content-Length: 14[\r][\n]"
14:21:20.760 [main] DEBUG org.apache.http.wire --  << "Date: Thu, 02 Jan 2025 08:51:20 GMT[\r][\n]"
14:21:20.760 [main] DEBUG org.apache.http.wire --  << "Keep-Alive: timeout=60[\r][\n]"
14:21:20.760 [main] DEBUG org.apache.http.wire --  << "Connection: keep-alive[\r][\n]"
14:21:20.760 [main] DEBUG org.apache.http.wire --  << "[\r][\n]"
14:21:20.760 [main] DEBUG org.apache.http.impl.conn.DefaultClientConnection -- Receiving response: HTTP/1.1 404 
14:21:20.760 [main] DEBUG org.apache.http.headers -- << HTTP/1.1 404 
14:21:20.760 [main] DEBUG org.apache.http.headers -- << Set-Cookie: JSESSIONID=7EFAA6EDC49C7BD147AD7A6AC082ACA2; Path=/; HttpOnly
14:21:20.760 [main] DEBUG org.apache.http.headers -- << X-Content-Type-Options: nosniff
14:21:20.760 [main] DEBUG org.apache.http.headers -- << X-XSS-Protection: 1; mode=block
14:21:20.760 [main] DEBUG org.apache.http.headers -- << Cache-Control: no-cache, no-store, max-age=0, must-revalidate
14:21:20.760 [main] DEBUG org.apache.http.headers -- << Pragma: no-cache
14:21:20.760 [main] DEBUG org.apache.http.headers -- << Expires: 0
14:21:20.760 [main] DEBUG org.apache.http.headers -- << X-Frame-Options: DENY
14:21:20.760 [main] DEBUG org.apache.http.headers -- << Content-Type: text/plain;charset=UTF-8
14:21:20.760 [main] DEBUG org.apache.http.headers -- << Content-Length: 14
14:21:20.760 [main] DEBUG org.apache.http.headers -- << Date: Thu, 02 Jan 2025 08:51:20 GMT
14:21:20.760 [main] DEBUG org.apache.http.headers -- << Keep-Alive: timeout=60
14:21:20.760 [main] DEBUG org.apache.http.headers -- << Connection: keep-alive
14:21:20.760 [main] DEBUG org.apache.http.impl.client.DefaultHttpClient -- Connection can be kept alive for 60000 MILLISECONDS
14:21:20.760 [main] DEBUG org.apache.http.impl.client.DefaultHttpClient -- Authentication succeeded
14:21:20.760 [main] DEBUG org.apache.http.impl.client.TargetAuthenticationStrategy -- Caching 'basic' auth scheme for http://13.60.22.209:7081
14:21:20.760 [main] DEBUG io.restassured.internal.RestAssuredHttpBuilder -- Parsing response as: text/plain;charset=UTF-8
14:21:20.760 [main] DEBUG io.restassured.internal.RestAssuredHttpBuilder -- Parsed data to instance of: class org.apache.http.conn.EofSensorInputStream
Response Status Code: 404
14:21:20.761 [main] DEBUG org.apache.http.wire --  << "Book not found"
14:21:20.762 [main] DEBUG org.apache.http.impl.conn.BasicClientConnectionManager -- Releasing connection org.apache.http.impl.conn.ManagedClientConnectionImpl@69a024a0
14:21:20.762 [main] DEBUG org.apache.http.impl.conn.BasicClientConnectionManager -- Connection can be kept alive for 60000 MILLISECONDS
Book not found
]]></system-out>
  </testcase>
  <testcase name="testDeleteBookWithInvalidIdAsAdmin" classname="TestCases.DeleteBookAPITests" time="0.638">
    <failure message="Expected status code is 404 for non-existent book deletion expected [404] but found [403]" type="java.lang.AssertionError"><![CDATA[java.lang.AssertionError: Expected status code is 404 for non-existent book deletion expected [404] but found [403]
	at org.testng.Assert.fail(Assert.java:110)
	at org.testng.Assert.failNotEquals(Assert.java:1413)
	at org.testng.Assert.assertEqualsImpl(Assert.java:149)
	at org.testng.Assert.assertEquals(Assert.java:131)
	at org.testng.Assert.assertEquals(Assert.java:1240)
	at TestCases.DeleteBookAPITests.testDeleteBookWithInvalidIdAsAdmin(DeleteBookAPITests.java:57)
	at java.base/jdk.internal.reflect.NativeMethodAccessorImpl.invoke0(Native Method)
	at java.base/jdk.internal.reflect.NativeMethodAccessorImpl.invoke(NativeMethodAccessorImpl.java:77)
	at java.base/jdk.internal.reflect.DelegatingMethodAccessorImpl.invoke(DelegatingMethodAccessorImpl.java:43)
	at java.base/java.lang.reflect.Method.invoke(Method.java:568)
	at org.testng.internal.invokers.MethodInvocationHelper.invokeMethod(MethodInvocationHelper.java:139)
	at org.testng.internal.invokers.TestInvoker.invokeMethod(TestInvoker.java:677)
	at org.testng.internal.invokers.TestInvoker.invokeTestMethod(TestInvoker.java:221)
	at org.testng.internal.invokers.MethodRunner.runInSequence(MethodRunner.java:50)
	at org.testng.internal.invokers.TestInvoker$MethodInvocationAgent.invoke(TestInvoker.java:969)
	at org.testng.internal.invokers.TestInvoker.invokeTestMethods(TestInvoker.java:194)
	at org.testng.internal.invokers.TestMethodWorker.invokeTestMethods(TestMethodWorker.java:148)
	at org.testng.internal.invokers.TestMethodWorker.run(TestMethodWorker.java:128)
	at java.base/java.util.ArrayList.forEach(ArrayList.java:1511)
	at org.testng.TestRunner.privateRun(TestRunner.java:829)
	at org.testng.TestRunner.run(TestRunner.java:602)
	at org.testng.SuiteRunner.runTest(SuiteRunner.java:437)
	at org.testng.SuiteRunner.runSequentially(SuiteRunner.java:431)
	at org.testng.SuiteRunner.privateRun(SuiteRunner.java:391)
	at org.testng.SuiteRunner.run(SuiteRunner.java:330)
	at org.testng.SuiteRunnerWorker.runSuite(SuiteRunnerWorker.java:52)
	at org.testng.SuiteRunnerWorker.run(SuiteRunnerWorker.java:95)
	at org.testng.TestNG.runSuitesSequentially(TestNG.java:1256)
	at org.testng.TestNG.runSuitesLocally(TestNG.java:1176)
	at org.testng.TestNG.runSuites(TestNG.java:1099)
	at org.testng.TestNG.run(TestNG.java:1067)
	at org.apache.maven.surefire.testng.TestNGExecutor.run(TestNGExecutor.java:324)
	at org.apache.maven.surefire.testng.TestNGXmlTestSuite.execute(TestNGXmlTestSuite.java:74)
	at org.apache.maven.surefire.testng.TestNGProvider.invoke(TestNGProvider.java:123)
	at org.apache.maven.surefire.booter.ForkedBooter.runSuitesInProcess(ForkedBooter.java:456)
	at org.apache.maven.surefire.booter.ForkedBooter.execute(ForkedBooter.java:169)
	at org.apache.maven.surefire.booter.ForkedBooter.run(ForkedBooter.java:595)
	at org.apache.maven.surefire.booter.ForkedBooter.main(ForkedBooter.java:581)
]]></failure>
    <system-out><![CDATA[14:21:20.771 [main] DEBUG org.apache.http.impl.conn.BasicClientConnectionManager -- Get connection for route {}->http://13.60.22.209:7081
14:21:20.771 [main] DEBUG org.apache.http.impl.conn.DefaultClientConnectionOperator -- Connecting to 13.60.22.209:7081
14:21:20.932 [main] DEBUG org.apache.http.client.protocol.RequestAddCookies -- CookieSpec selected: ignoreCookies
14:21:20.932 [main] DEBUG org.apache.http.client.protocol.RequestAuthCache -- Auth cache not set in the context
14:21:20.932 [main] DEBUG org.apache.http.client.protocol.RequestTargetAuthentication -- Target auth state: UNCHALLENGED
14:21:20.932 [main] DEBUG org.apache.http.client.protocol.RequestProxyAuthentication -- Proxy auth state: UNCHALLENGED
14:21:20.932 [main] DEBUG org.apache.http.impl.client.DefaultHttpClient -- Attempt 1 to execute request
14:21:20.932 [main] DEBUG org.apache.http.impl.conn.DefaultClientConnection -- Sending request: DELETE /api/books/999 HTTP/1.1
14:21:20.932 [main] DEBUG org.apache.http.wire --  >> "DELETE /api/books/999 HTTP/1.1[\r][\n]"
14:21:20.932 [main] DEBUG org.apache.http.wire --  >> "Accept: */*[\r][\n]"
14:21:20.932 [main] DEBUG org.apache.http.wire --  >> "Host: 13.60.22.209:7081[\r][\n]"
14:21:20.932 [main] DEBUG org.apache.http.wire --  >> "Connection: Keep-Alive[\r][\n]"
14:21:20.932 [main] DEBUG org.apache.http.wire --  >> "User-Agent: Apache-HttpClient/4.5.13 (Java/17.0.9)[\r][\n]"
14:21:20.932 [main] DEBUG org.apache.http.wire --  >> "Accept-Encoding: gzip,deflate[\r][\n]"
14:21:20.932 [main] DEBUG org.apache.http.wire --  >> "[\r][\n]"
14:21:20.932 [main] DEBUG org.apache.http.headers -- >> DELETE /api/books/999 HTTP/1.1
14:21:20.932 [main] DEBUG org.apache.http.headers -- >> Accept: */*
14:21:20.932 [main] DEBUG org.apache.http.headers -- >> Host: 13.60.22.209:7081
14:21:20.932 [main] DEBUG org.apache.http.headers -- >> Connection: Keep-Alive
14:21:20.932 [main] DEBUG org.apache.http.headers -- >> User-Agent: Apache-HttpClient/4.5.13 (Java/17.0.9)
14:21:20.932 [main] DEBUG org.apache.http.headers -- >> Accept-Encoding: gzip,deflate
14:21:21.095 [main] DEBUG org.apache.http.wire --  << "HTTP/1.1 401 [\r][\n]"
14:21:21.096 [main] DEBUG org.apache.http.wire --  << "Set-Cookie: JSESSIONID=69C6565ECB21FC2ADAEDB1A5EEF9DD37; Path=/; HttpOnly[\r][\n]"
14:21:21.096 [main] DEBUG org.apache.http.wire --  << "WWW-Authenticate: Basic realm="Realm"[\r][\n]"
14:21:21.096 [main] DEBUG org.apache.http.wire --  << "X-Content-Type-Options: nosniff[\r][\n]"
14:21:21.096 [main] DEBUG org.apache.http.wire --  << "X-XSS-Protection: 1; mode=block[\r][\n]"
14:21:21.096 [main] DEBUG org.apache.http.wire --  << "Cache-Control: no-cache, no-store, max-age=0, must-revalidate[\r][\n]"
14:21:21.096 [main] DEBUG org.apache.http.wire --  << "Pragma: no-cache[\r][\n]"
14:21:21.096 [main] DEBUG org.apache.http.wire --  << "Expires: 0[\r][\n]"
14:21:21.096 [main] DEBUG org.apache.http.wire --  << "X-Frame-Options: DENY[\r][\n]"
14:21:21.096 [main] DEBUG org.apache.http.wire --  << "Content-Length: 0[\r][\n]"
14:21:21.096 [main] DEBUG org.apache.http.wire --  << "Date: Thu, 02 Jan 2025 08:51:21 GMT[\r][\n]"
14:21:21.096 [main] DEBUG org.apache.http.wire --  << "Keep-Alive: timeout=60[\r][\n]"
14:21:21.096 [main] DEBUG org.apache.http.wire --  << "Connection: keep-alive[\r][\n]"
14:21:21.096 [main] DEBUG org.apache.http.wire --  << "[\r][\n]"
14:21:21.096 [main] DEBUG org.apache.http.impl.conn.DefaultClientConnection -- Receiving response: HTTP/1.1 401 
14:21:21.096 [main] DEBUG org.apache.http.headers -- << HTTP/1.1 401 
14:21:21.096 [main] DEBUG org.apache.http.headers -- << Set-Cookie: JSESSIONID=69C6565ECB21FC2ADAEDB1A5EEF9DD37; Path=/; HttpOnly
14:21:21.096 [main] DEBUG org.apache.http.headers -- << WWW-Authenticate: Basic realm="Realm"
14:21:21.096 [main] DEBUG org.apache.http.headers -- << X-Content-Type-Options: nosniff
14:21:21.096 [main] DEBUG org.apache.http.headers -- << X-XSS-Protection: 1; mode=block
14:21:21.096 [main] DEBUG org.apache.http.headers -- << Cache-Control: no-cache, no-store, max-age=0, must-revalidate
14:21:21.096 [main] DEBUG org.apache.http.headers -- << Pragma: no-cache
14:21:21.096 [main] DEBUG org.apache.http.headers -- << Expires: 0
14:21:21.096 [main] DEBUG org.apache.http.headers -- << X-Frame-Options: DENY
14:21:21.096 [main] DEBUG org.apache.http.headers -- << Content-Length: 0
14:21:21.096 [main] DEBUG org.apache.http.headers -- << Date: Thu, 02 Jan 2025 08:51:21 GMT
14:21:21.096 [main] DEBUG org.apache.http.headers -- << Keep-Alive: timeout=60
14:21:21.096 [main] DEBUG org.apache.http.headers -- << Connection: keep-alive
14:21:21.096 [main] DEBUG org.apache.http.impl.client.DefaultHttpClient -- Connection can be kept alive for 60000 MILLISECONDS
14:21:21.096 [main] DEBUG org.apache.http.impl.client.DefaultHttpClient -- Authentication required
14:21:21.097 [main] DEBUG org.apache.http.impl.client.DefaultHttpClient -- 13.60.22.209:7081 requested authentication
14:21:21.097 [main] DEBUG org.apache.http.impl.client.TargetAuthenticationStrategy -- Authentication schemes in the order of preference: [Negotiate, Kerberos, NTLM, CredSSP, Digest, Basic]
14:21:21.097 [main] DEBUG org.apache.http.impl.client.TargetAuthenticationStrategy -- Challenge for Negotiate authentication scheme not available
14:21:21.097 [main] DEBUG org.apache.http.impl.client.TargetAuthenticationStrategy -- Challenge for Kerberos authentication scheme not available
14:21:21.097 [main] DEBUG org.apache.http.impl.client.TargetAuthenticationStrategy -- Challenge for NTLM authentication scheme not available
14:21:21.097 [main] DEBUG org.apache.http.impl.client.TargetAuthenticationStrategy -- Challenge for CredSSP authentication scheme not available
14:21:21.097 [main] DEBUG org.apache.http.impl.client.TargetAuthenticationStrategy -- Challenge for Digest authentication scheme not available
14:21:21.097 [main] DEBUG org.apache.http.impl.client.DefaultHttpClient -- Selected authentication options: [BASIC [complete=true]]
14:21:21.097 [main] DEBUG org.apache.http.client.protocol.RequestAddCookies -- CookieSpec selected: ignoreCookies
14:21:21.097 [main] DEBUG org.apache.http.client.protocol.RequestAuthCache -- Auth cache not set in the context
14:21:21.097 [main] DEBUG org.apache.http.client.protocol.RequestTargetAuthentication -- Target auth state: CHALLENGED
14:21:21.097 [main] DEBUG org.apache.http.client.protocol.RequestTargetAuthentication -- Generating response to an authentication challenge using basic scheme
14:21:21.097 [main] DEBUG org.apache.http.client.protocol.RequestProxyAuthentication -- Proxy auth state: UNCHALLENGED
14:21:21.097 [main] DEBUG org.apache.http.impl.client.DefaultHttpClient -- Attempt 2 to execute request
14:21:21.097 [main] DEBUG org.apache.http.impl.conn.DefaultClientConnection -- Sending request: DELETE /api/books/999 HTTP/1.1
14:21:21.097 [main] DEBUG org.apache.http.wire --  >> "DELETE /api/books/999 HTTP/1.1[\r][\n]"
14:21:21.097 [main] DEBUG org.apache.http.wire --  >> "Accept: */*[\r][\n]"
14:21:21.097 [main] DEBUG org.apache.http.wire --  >> "Host: 13.60.22.209:7081[\r][\n]"
14:21:21.097 [main] DEBUG org.apache.http.wire --  >> "Connection: Keep-Alive[\r][\n]"
14:21:21.097 [main] DEBUG org.apache.http.wire --  >> "User-Agent: Apache-HttpClient/4.5.13 (Java/17.0.9)[\r][\n]"
14:21:21.097 [main] DEBUG org.apache.http.wire --  >> "Authorization: Basic YWRtaW46cGFzc3dvcmQ=[\r][\n]"
14:21:21.097 [main] DEBUG org.apache.http.wire --  >> "Accept-Encoding: gzip,deflate[\r][\n]"
14:21:21.097 [main] DEBUG org.apache.http.wire --  >> "[\r][\n]"
14:21:21.097 [main] DEBUG org.apache.http.headers -- >> DELETE /api/books/999 HTTP/1.1
14:21:21.097 [main] DEBUG org.apache.http.headers -- >> Accept: */*
14:21:21.097 [main] DEBUG org.apache.http.headers -- >> Host: 13.60.22.209:7081
14:21:21.097 [main] DEBUG org.apache.http.headers -- >> Connection: Keep-Alive
14:21:21.097 [main] DEBUG org.apache.http.headers -- >> User-Agent: Apache-HttpClient/4.5.13 (Java/17.0.9)
14:21:21.097 [main] DEBUG org.apache.http.headers -- >> Authorization: Basic YWRtaW46cGFzc3dvcmQ=
14:21:21.097 [main] DEBUG org.apache.http.headers -- >> Accept-Encoding: gzip,deflate
14:21:21.399 [main] DEBUG org.apache.http.wire --  << "HTTP/1.1 403 [\r][\n]"
14:21:21.399 [main] DEBUG org.apache.http.wire --  << "Set-Cookie: JSESSIONID=5E32D2D59640EE9D167106AF5B7E55D3; Path=/; HttpOnly[\r][\n]"
14:21:21.399 [main] DEBUG org.apache.http.wire --  << "X-Content-Type-Options: nosniff[\r][\n]"
14:21:21.399 [main] DEBUG org.apache.http.wire --  << "X-XSS-Protection: 1; mode=block[\r][\n]"
14:21:21.399 [main] DEBUG org.apache.http.wire --  << "Cache-Control: no-cache, no-store, max-age=0, must-revalidate[\r][\n]"
14:21:21.399 [main] DEBUG org.apache.http.wire --  << "Pragma: no-cache[\r][\n]"
14:21:21.399 [main] DEBUG org.apache.http.wire --  << "Expires: 0[\r][\n]"
14:21:21.399 [main] DEBUG org.apache.http.wire --  << "X-Frame-Options: DENY[\r][\n]"
14:21:21.399 [main] DEBUG org.apache.http.wire --  << "Content-Type: text/plain;charset=UTF-8[\r][\n]"
14:21:21.399 [main] DEBUG org.apache.http.wire --  << "Content-Length: 22[\r][\n]"
14:21:21.399 [main] DEBUG org.apache.http.wire --  << "Date: Thu, 02 Jan 2025 08:51:21 GMT[\r][\n]"
14:21:21.399 [main] DEBUG org.apache.http.wire --  << "Keep-Alive: timeout=60[\r][\n]"
14:21:21.399 [main] DEBUG org.apache.http.wire --  << "Connection: keep-alive[\r][\n]"
14:21:21.399 [main] DEBUG org.apache.http.wire --  << "[\r][\n]"
14:21:21.399 [main] DEBUG org.apache.http.impl.conn.DefaultClientConnection -- Receiving response: HTTP/1.1 403 
14:21:21.399 [main] DEBUG org.apache.http.headers -- << HTTP/1.1 403 
14:21:21.399 [main] DEBUG org.apache.http.headers -- << Set-Cookie: JSESSIONID=5E32D2D59640EE9D167106AF5B7E55D3; Path=/; HttpOnly
14:21:21.399 [main] DEBUG org.apache.http.headers -- << X-Content-Type-Options: nosniff
14:21:21.399 [main] DEBUG org.apache.http.headers -- << X-XSS-Protection: 1; mode=block
14:21:21.399 [main] DEBUG org.apache.http.headers -- << Cache-Control: no-cache, no-store, max-age=0, must-revalidate
14:21:21.399 [main] DEBUG org.apache.http.headers -- << Pragma: no-cache
14:21:21.399 [main] DEBUG org.apache.http.headers -- << Expires: 0
14:21:21.399 [main] DEBUG org.apache.http.headers -- << X-Frame-Options: DENY
14:21:21.399 [main] DEBUG org.apache.http.headers -- << Content-Type: text/plain;charset=UTF-8
14:21:21.399 [main] DEBUG org.apache.http.headers -- << Content-Length: 22
14:21:21.399 [main] DEBUG org.apache.http.headers -- << Date: Thu, 02 Jan 2025 08:51:21 GMT
14:21:21.399 [main] DEBUG org.apache.http.headers -- << Keep-Alive: timeout=60
14:21:21.399 [main] DEBUG org.apache.http.headers -- << Connection: keep-alive
14:21:21.399 [main] DEBUG org.apache.http.impl.client.DefaultHttpClient -- Connection can be kept alive for 60000 MILLISECONDS
14:21:21.399 [main] DEBUG org.apache.http.impl.client.DefaultHttpClient -- Authentication succeeded
14:21:21.399 [main] DEBUG org.apache.http.impl.client.TargetAuthenticationStrategy -- Caching 'basic' auth scheme for http://13.60.22.209:7081
14:21:21.399 [main] DEBUG io.restassured.internal.RestAssuredHttpBuilder -- Parsing response as: text/plain;charset=UTF-8
14:21:21.399 [main] DEBUG io.restassured.internal.RestAssuredHttpBuilder -- Parsed data to instance of: class org.apache.http.conn.EofSensorInputStream
Response Status Code: 403
14:21:21.400 [main] DEBUG org.apache.http.wire --  << "User is not permitted."
14:21:21.400 [main] DEBUG org.apache.http.impl.conn.BasicClientConnectionManager -- Releasing connection org.apache.http.impl.conn.ManagedClientConnectionImpl@3e900e1a
14:21:21.400 [main] DEBUG org.apache.http.impl.conn.BasicClientConnectionManager -- Connection can be kept alive for 60000 MILLISECONDS
User is not permitted.
]]></system-out>
  </testcase>
  <testcase name="testDeleteBookWithValidIdAsAdmin" classname="TestCases.DeleteBookAPITests" time="0.592">
    <failure message="Expected status code is 200 for valid book deletion expected [200] but found [403]" type="java.lang.AssertionError"><![CDATA[java.lang.AssertionError: Expected status code is 200 for valid book deletion expected [200] but found [403]
	at org.testng.Assert.fail(Assert.java:110)
	at org.testng.Assert.failNotEquals(Assert.java:1413)
	at org.testng.Assert.assertEqualsImpl(Assert.java:149)
	at org.testng.Assert.assertEquals(Assert.java:131)
	at org.testng.Assert.assertEquals(Assert.java:1240)
	at TestCases.DeleteBookAPITests.testDeleteBookWithValidIdAsAdmin(DeleteBookAPITests.java:37)
	at java.base/jdk.internal.reflect.NativeMethodAccessorImpl.invoke0(Native Method)
	at java.base/jdk.internal.reflect.NativeMethodAccessorImpl.invoke(NativeMethodAccessorImpl.java:77)
	at java.base/jdk.internal.reflect.DelegatingMethodAccessorImpl.invoke(DelegatingMethodAccessorImpl.java:43)
	at java.base/java.lang.reflect.Method.invoke(Method.java:568)
	at org.testng.internal.invokers.MethodInvocationHelper.invokeMethod(MethodInvocationHelper.java:139)
	at org.testng.internal.invokers.TestInvoker.invokeMethod(TestInvoker.java:677)
	at org.testng.internal.invokers.TestInvoker.invokeTestMethod(TestInvoker.java:221)
	at org.testng.internal.invokers.MethodRunner.runInSequence(MethodRunner.java:50)
	at org.testng.internal.invokers.TestInvoker$MethodInvocationAgent.invoke(TestInvoker.java:969)
	at org.testng.internal.invokers.TestInvoker.invokeTestMethods(TestInvoker.java:194)
	at org.testng.internal.invokers.TestMethodWorker.invokeTestMethods(TestMethodWorker.java:148)
	at org.testng.internal.invokers.TestMethodWorker.run(TestMethodWorker.java:128)
	at java.base/java.util.ArrayList.forEach(ArrayList.java:1511)
	at org.testng.TestRunner.privateRun(TestRunner.java:829)
	at org.testng.TestRunner.run(TestRunner.java:602)
	at org.testng.SuiteRunner.runTest(SuiteRunner.java:437)
	at org.testng.SuiteRunner.runSequentially(SuiteRunner.java:431)
	at org.testng.SuiteRunner.privateRun(SuiteRunner.java:391)
	at org.testng.SuiteRunner.run(SuiteRunner.java:330)
	at org.testng.SuiteRunnerWorker.runSuite(SuiteRunnerWorker.java:52)
	at org.testng.SuiteRunnerWorker.run(SuiteRunnerWorker.java:95)
	at org.testng.TestNG.runSuitesSequentially(TestNG.java:1256)
	at org.testng.TestNG.runSuitesLocally(TestNG.java:1176)
	at org.testng.TestNG.runSuites(TestNG.java:1099)
	at org.testng.TestNG.run(TestNG.java:1067)
	at org.apache.maven.surefire.testng.TestNGExecutor.run(TestNGExecutor.java:324)
	at org.apache.maven.surefire.testng.TestNGXmlTestSuite.execute(TestNGXmlTestSuite.java:74)
	at org.apache.maven.surefire.testng.TestNGProvider.invoke(TestNGProvider.java:123)
	at org.apache.maven.surefire.booter.ForkedBooter.runSuitesInProcess(ForkedBooter.java:456)
	at org.apache.maven.surefire.booter.ForkedBooter.execute(ForkedBooter.java:169)
	at org.apache.maven.surefire.booter.ForkedBooter.run(ForkedBooter.java:595)
	at org.apache.maven.surefire.booter.ForkedBooter.main(ForkedBooter.java:581)
]]></failure>
    <system-out><![CDATA[14:21:21.411 [main] DEBUG org.apache.http.impl.conn.BasicClientConnectionManager -- Get connection for route {}->http://13.60.22.209:7081
14:21:21.411 [main] DEBUG org.apache.http.impl.conn.DefaultClientConnectionOperator -- Connecting to 13.60.22.209:7081
14:21:21.572 [main] DEBUG org.apache.http.client.protocol.RequestAddCookies -- CookieSpec selected: ignoreCookies
14:21:21.572 [main] DEBUG org.apache.http.client.protocol.RequestAuthCache -- Auth cache not set in the context
14:21:21.572 [main] DEBUG org.apache.http.client.protocol.RequestTargetAuthentication -- Target auth state: UNCHALLENGED
14:21:21.572 [main] DEBUG org.apache.http.client.protocol.RequestProxyAuthentication -- Proxy auth state: UNCHALLENGED
14:21:21.572 [main] DEBUG org.apache.http.impl.client.DefaultHttpClient -- Attempt 1 to execute request
14:21:21.572 [main] DEBUG org.apache.http.impl.conn.DefaultClientConnection -- Sending request: DELETE /api/books/1 HTTP/1.1
14:21:21.572 [main] DEBUG org.apache.http.wire --  >> "DELETE /api/books/1 HTTP/1.1[\r][\n]"
14:21:21.572 [main] DEBUG org.apache.http.wire --  >> "Accept: */*[\r][\n]"
14:21:21.572 [main] DEBUG org.apache.http.wire --  >> "Host: 13.60.22.209:7081[\r][\n]"
14:21:21.572 [main] DEBUG org.apache.http.wire --  >> "Connection: Keep-Alive[\r][\n]"
14:21:21.572 [main] DEBUG org.apache.http.wire --  >> "User-Agent: Apache-HttpClient/4.5.13 (Java/17.0.9)[\r][\n]"
14:21:21.572 [main] DEBUG org.apache.http.wire --  >> "Accept-Encoding: gzip,deflate[\r][\n]"
14:21:21.572 [main] DEBUG org.apache.http.wire --  >> "[\r][\n]"
14:21:21.572 [main] DEBUG org.apache.http.headers -- >> DELETE /api/books/1 HTTP/1.1
14:21:21.572 [main] DEBUG org.apache.http.headers -- >> Accept: */*
14:21:21.572 [main] DEBUG org.apache.http.headers -- >> Host: 13.60.22.209:7081
14:21:21.572 [main] DEBUG org.apache.http.headers -- >> Connection: Keep-Alive
14:21:21.572 [main] DEBUG org.apache.http.headers -- >> User-Agent: Apache-HttpClient/4.5.13 (Java/17.0.9)
14:21:21.572 [main] DEBUG org.apache.http.headers -- >> Accept-Encoding: gzip,deflate
14:21:21.733 [main] DEBUG org.apache.http.wire --  << "HTTP/1.1 401 [\r][\n]"
14:21:21.733 [main] DEBUG org.apache.http.wire --  << "Set-Cookie: JSESSIONID=698264AE1F25B2F26EC478814B4F55D6; Path=/; HttpOnly[\r][\n]"
14:21:21.733 [main] DEBUG org.apache.http.wire --  << "WWW-Authenticate: Basic realm="Realm"[\r][\n]"
14:21:21.733 [main] DEBUG org.apache.http.wire --  << "X-Content-Type-Options: nosniff[\r][\n]"
14:21:21.733 [main] DEBUG org.apache.http.wire --  << "X-XSS-Protection: 1; mode=block[\r][\n]"
14:21:21.733 [main] DEBUG org.apache.http.wire --  << "Cache-Control: no-cache, no-store, max-age=0, must-revalidate[\r][\n]"
14:21:21.733 [main] DEBUG org.apache.http.wire --  << "Pragma: no-cache[\r][\n]"
14:21:21.733 [main] DEBUG org.apache.http.wire --  << "Expires: 0[\r][\n]"
14:21:21.733 [main] DEBUG org.apache.http.wire --  << "X-Frame-Options: DENY[\r][\n]"
14:21:21.733 [main] DEBUG org.apache.http.wire --  << "Content-Length: 0[\r][\n]"
14:21:21.733 [main] DEBUG org.apache.http.wire --  << "Date: Thu, 02 Jan 2025 08:51:21 GMT[\r][\n]"
14:21:21.733 [main] DEBUG org.apache.http.wire --  << "Keep-Alive: timeout=60[\r][\n]"
14:21:21.733 [main] DEBUG org.apache.http.wire --  << "Connection: keep-alive[\r][\n]"
14:21:21.733 [main] DEBUG org.apache.http.wire --  << "[\r][\n]"
14:21:21.733 [main] DEBUG org.apache.http.impl.conn.DefaultClientConnection -- Receiving response: HTTP/1.1 401 
14:21:21.733 [main] DEBUG org.apache.http.headers -- << HTTP/1.1 401 
14:21:21.733 [main] DEBUG org.apache.http.headers -- << Set-Cookie: JSESSIONID=698264AE1F25B2F26EC478814B4F55D6; Path=/; HttpOnly
14:21:21.733 [main] DEBUG org.apache.http.headers -- << WWW-Authenticate: Basic realm="Realm"
14:21:21.733 [main] DEBUG org.apache.http.headers -- << X-Content-Type-Options: nosniff
14:21:21.733 [main] DEBUG org.apache.http.headers -- << X-XSS-Protection: 1; mode=block
14:21:21.733 [main] DEBUG org.apache.http.headers -- << Cache-Control: no-cache, no-store, max-age=0, must-revalidate
14:21:21.733 [main] DEBUG org.apache.http.headers -- << Pragma: no-cache
14:21:21.733 [main] DEBUG org.apache.http.headers -- << Expires: 0
14:21:21.733 [main] DEBUG org.apache.http.headers -- << X-Frame-Options: DENY
14:21:21.733 [main] DEBUG org.apache.http.headers -- << Content-Length: 0
14:21:21.733 [main] DEBUG org.apache.http.headers -- << Date: Thu, 02 Jan 2025 08:51:21 GMT
14:21:21.733 [main] DEBUG org.apache.http.headers -- << Keep-Alive: timeout=60
14:21:21.733 [main] DEBUG org.apache.http.headers -- << Connection: keep-alive
14:21:21.733 [main] DEBUG org.apache.http.impl.client.DefaultHttpClient -- Connection can be kept alive for 60000 MILLISECONDS
14:21:21.733 [main] DEBUG org.apache.http.impl.client.DefaultHttpClient -- Authentication required
14:21:21.733 [main] DEBUG org.apache.http.impl.client.DefaultHttpClient -- 13.60.22.209:7081 requested authentication
14:21:21.733 [main] DEBUG org.apache.http.impl.client.TargetAuthenticationStrategy -- Authentication schemes in the order of preference: [Negotiate, Kerberos, NTLM, CredSSP, Digest, Basic]
14:21:21.733 [main] DEBUG org.apache.http.impl.client.TargetAuthenticationStrategy -- Challenge for Negotiate authentication scheme not available
14:21:21.733 [main] DEBUG org.apache.http.impl.client.TargetAuthenticationStrategy -- Challenge for Kerberos authentication scheme not available
14:21:21.733 [main] DEBUG org.apache.http.impl.client.TargetAuthenticationStrategy -- Challenge for NTLM authentication scheme not available
14:21:21.733 [main] DEBUG org.apache.http.impl.client.TargetAuthenticationStrategy -- Challenge for CredSSP authentication scheme not available
14:21:21.733 [main] DEBUG org.apache.http.impl.client.TargetAuthenticationStrategy -- Challenge for Digest authentication scheme not available
14:21:21.735 [main] DEBUG org.apache.http.impl.client.DefaultHttpClient -- Selected authentication options: [BASIC [complete=true]]
14:21:21.735 [main] DEBUG org.apache.http.client.protocol.RequestAddCookies -- CookieSpec selected: ignoreCookies
14:21:21.735 [main] DEBUG org.apache.http.client.protocol.RequestAuthCache -- Auth cache not set in the context
14:21:21.735 [main] DEBUG org.apache.http.client.protocol.RequestTargetAuthentication -- Target auth state: CHALLENGED
14:21:21.735 [main] DEBUG org.apache.http.client.protocol.RequestTargetAuthentication -- Generating response to an authentication challenge using basic scheme
14:21:21.735 [main] DEBUG org.apache.http.client.protocol.RequestProxyAuthentication -- Proxy auth state: UNCHALLENGED
14:21:21.735 [main] DEBUG org.apache.http.impl.client.DefaultHttpClient -- Attempt 2 to execute request
14:21:21.735 [main] DEBUG org.apache.http.impl.conn.DefaultClientConnection -- Sending request: DELETE /api/books/1 HTTP/1.1
14:21:21.735 [main] DEBUG org.apache.http.wire --  >> "DELETE /api/books/1 HTTP/1.1[\r][\n]"
14:21:21.735 [main] DEBUG org.apache.http.wire --  >> "Accept: */*[\r][\n]"
14:21:21.735 [main] DEBUG org.apache.http.wire --  >> "Host: 13.60.22.209:7081[\r][\n]"
14:21:21.735 [main] DEBUG org.apache.http.wire --  >> "Connection: Keep-Alive[\r][\n]"
14:21:21.735 [main] DEBUG org.apache.http.wire --  >> "User-Agent: Apache-HttpClient/4.5.13 (Java/17.0.9)[\r][\n]"
14:21:21.735 [main] DEBUG org.apache.http.wire --  >> "Authorization: Basic YWRtaW46cGFzc3dvcmQ=[\r][\n]"
14:21:21.735 [main] DEBUG org.apache.http.wire --  >> "Accept-Encoding: gzip,deflate[\r][\n]"
14:21:21.735 [main] DEBUG org.apache.http.wire --  >> "[\r][\n]"
14:21:21.735 [main] DEBUG org.apache.http.headers -- >> DELETE /api/books/1 HTTP/1.1
14:21:21.735 [main] DEBUG org.apache.http.headers -- >> Accept: */*
14:21:21.735 [main] DEBUG org.apache.http.headers -- >> Host: 13.60.22.209:7081
14:21:21.735 [main] DEBUG org.apache.http.headers -- >> Connection: Keep-Alive
14:21:21.735 [main] DEBUG org.apache.http.headers -- >> User-Agent: Apache-HttpClient/4.5.13 (Java/17.0.9)
14:21:21.735 [main] DEBUG org.apache.http.headers -- >> Authorization: Basic YWRtaW46cGFzc3dvcmQ=
14:21:21.735 [main] DEBUG org.apache.http.headers -- >> Accept-Encoding: gzip,deflate
14:21:21.992 [main] DEBUG org.apache.http.wire --  << "HTTP/1.1 403 [\r][\n]"
14:21:21.992 [main] DEBUG org.apache.http.wire --  << "Set-Cookie: JSESSIONID=4418CB32FD1C2469A4CBF19CA1626C94; Path=/; HttpOnly[\r][\n]"
14:21:21.992 [main] DEBUG org.apache.http.wire --  << "X-Content-Type-Options: nosniff[\r][\n]"
14:21:21.992 [main] DEBUG org.apache.http.wire --  << "X-XSS-Protection: 1; mode=block[\r][\n]"
14:21:21.992 [main] DEBUG org.apache.http.wire --  << "Cache-Control: no-cache, no-store, max-age=0, must-revalidate[\r][\n]"
14:21:21.992 [main] DEBUG org.apache.http.wire --  << "Pragma: no-cache[\r][\n]"
14:21:21.992 [main] DEBUG org.apache.http.wire --  << "Expires: 0[\r][\n]"
14:21:21.992 [main] DEBUG org.apache.http.wire --  << "X-Frame-Options: DENY[\r][\n]"
14:21:21.992 [main] DEBUG org.apache.http.wire --  << "Content-Type: text/plain;charset=UTF-8[\r][\n]"
14:21:21.992 [main] DEBUG org.apache.http.wire --  << "Content-Length: 22[\r][\n]"
14:21:21.992 [main] DEBUG org.apache.http.wire --  << "Date: Thu, 02 Jan 2025 08:51:21 GMT[\r][\n]"
14:21:21.992 [main] DEBUG org.apache.http.wire --  << "Keep-Alive: timeout=60[\r][\n]"
14:21:21.992 [main] DEBUG org.apache.http.wire --  << "Connection: keep-alive[\r][\n]"
14:21:21.992 [main] DEBUG org.apache.http.wire --  << "[\r][\n]"
14:21:21.992 [main] DEBUG org.apache.http.impl.conn.DefaultClientConnection -- Receiving response: HTTP/1.1 403 
14:21:21.992 [main] DEBUG org.apache.http.headers -- << HTTP/1.1 403 
14:21:21.992 [main] DEBUG org.apache.http.headers -- << Set-Cookie: JSESSIONID=4418CB32FD1C2469A4CBF19CA1626C94; Path=/; HttpOnly
14:21:21.992 [main] DEBUG org.apache.http.headers -- << X-Content-Type-Options: nosniff
14:21:21.992 [main] DEBUG org.apache.http.headers -- << X-XSS-Protection: 1; mode=block
14:21:21.992 [main] DEBUG org.apache.http.headers -- << Cache-Control: no-cache, no-store, max-age=0, must-revalidate
14:21:21.992 [main] DEBUG org.apache.http.headers -- << Pragma: no-cache
14:21:21.992 [main] DEBUG org.apache.http.headers -- << Expires: 0
14:21:21.992 [main] DEBUG org.apache.http.headers -- << X-Frame-Options: DENY
14:21:21.992 [main] DEBUG org.apache.http.headers -- << Content-Type: text/plain;charset=UTF-8
14:21:21.992 [main] DEBUG org.apache.http.headers -- << Content-Length: 22
14:21:21.992 [main] DEBUG org.apache.http.headers -- << Date: Thu, 02 Jan 2025 08:51:21 GMT
14:21:21.992 [main] DEBUG org.apache.http.headers -- << Keep-Alive: timeout=60
14:21:21.992 [main] DEBUG org.apache.http.headers -- << Connection: keep-alive
14:21:21.992 [main] DEBUG org.apache.http.impl.client.DefaultHttpClient -- Connection can be kept alive for 60000 MILLISECONDS
14:21:21.992 [main] DEBUG org.apache.http.impl.client.DefaultHttpClient -- Authentication succeeded
14:21:21.992 [main] DEBUG org.apache.http.impl.client.TargetAuthenticationStrategy -- Caching 'basic' auth scheme for http://13.60.22.209:7081
14:21:21.992 [main] DEBUG io.restassured.internal.RestAssuredHttpBuilder -- Parsing response as: text/plain;charset=UTF-8
14:21:21.992 [main] DEBUG io.restassured.internal.RestAssuredHttpBuilder -- Parsed data to instance of: class org.apache.http.conn.EofSensorInputStream
Response Status Code: 403
14:21:21.993 [main] DEBUG org.apache.http.wire --  << "User is not permitted."
14:21:21.993 [main] DEBUG org.apache.http.impl.conn.BasicClientConnectionManager -- Releasing connection org.apache.http.impl.conn.ManagedClientConnectionImpl@4f3e9fbb
14:21:21.993 [main] DEBUG org.apache.http.impl.conn.BasicClientConnectionManager -- Connection can be kept alive for 60000 MILLISECONDS
User is not permitted.
]]></system-out>
  </testcase>
  <testcase name="testAccessibilityOfLinks" classname="UITestCases.BuggyCarsUITests" time="0.163">
    <system-out><![CDATA[14:21:22.071 [main] DEBUG io.github.bonigarcia.wdm.WebDriverManager -- Using WebDriverManager 5.5.3
14:21:22.314 [main] DEBUG io.github.bonigarcia.wdm.cache.ResolutionCache -- Removing resolution chrome=131 from cache (expired on Thu Jan 02 14:04:24 IST 2025)
14:21:22.335 [main] DEBUG org.apache.hc.client5.http.impl.classic.InternalHttpClient -- ex-0000000001 preparing request execution
14:21:22.350 [main] DEBUG org.apache.hc.client5.http.impl.classic.ProtocolExec -- ex-0000000001 target auth state: UNCHALLENGED
14:21:22.351 [main] DEBUG org.apache.hc.client5.http.impl.classic.ProtocolExec -- ex-0000000001 proxy auth state: UNCHALLENGED
14:21:22.351 [main] DEBUG org.apache.hc.client5.http.impl.classic.ConnectExec -- ex-0000000001 acquiring connection with route {s}->https://raw.githubusercontent.com:443
14:21:22.351 [main] DEBUG org.apache.hc.client5.http.impl.classic.InternalHttpClient -- ex-0000000001 acquiring endpoint (3 MINUTES)
14:21:22.352 [main] DEBUG org.apache.hc.client5.http.impl.io.PoolingHttpClientConnectionManager -- ex-0000000001 endpoint lease request (3 MINUTES) [route: {s}->https://raw.githubusercontent.com:443][total available: 0; route allocated: 0 of 5; total allocated: 0 of 25]
14:21:22.356 [main] DEBUG org.apache.hc.client5.http.impl.io.PoolingHttpClientConnectionManager -- ex-0000000001 endpoint leased [route: {s}->https://raw.githubusercontent.com:443][total available: 0; route allocated: 1 of 5; total allocated: 1 of 25]
14:21:22.364 [main] DEBUG org.apache.hc.client5.http.impl.io.PoolingHttpClientConnectionManager -- ex-0000000001 acquired ep-0000000001
14:21:22.364 [main] DEBUG org.apache.hc.client5.http.impl.classic.InternalHttpClient -- ex-0000000001 acquired endpoint ep-0000000001
14:21:22.364 [main] DEBUG org.apache.hc.client5.http.impl.classic.ConnectExec -- ex-0000000001 opening connection {s}->https://raw.githubusercontent.com:443
14:21:22.364 [main] DEBUG org.apache.hc.client5.http.impl.classic.InternalHttpClient -- ep-0000000001 connecting endpoint (null)
14:21:22.365 [main] DEBUG org.apache.hc.client5.http.impl.io.PoolingHttpClientConnectionManager -- ep-0000000001 connecting endpoint to https://raw.githubusercontent.com:443 (30 SECONDS)
14:21:22.366 [main] DEBUG org.apache.hc.client5.http.impl.io.DefaultHttpClientConnectionOperator -- raw.githubusercontent.com resolving remote address
14:21:22.370 [main] DEBUG org.apache.hc.client5.http.impl.io.DefaultHttpClientConnectionOperator -- raw.githubusercontent.com resolved to [raw.githubusercontent.com/185.199.110.133, raw.githubusercontent.com/185.199.108.133, raw.githubusercontent.com/185.199.111.133, raw.githubusercontent.com/185.199.109.133, raw.githubusercontent.com/2606:50c0:8003:0:0:0:0:154, raw.githubusercontent.com/2606:50c0:8001:0:0:0:0:154, raw.githubusercontent.com/2606:50c0:8000:0:0:0:0:154, raw.githubusercontent.com/2606:50c0:8002:0:0:0:0:154]
14:21:22.371 [main] DEBUG org.apache.hc.client5.http.impl.io.DefaultHttpClientConnectionOperator -- raw.githubusercontent.com:443 connecting null->raw.githubusercontent.com/185.199.110.133:443 (30 SECONDS)
14:21:22.371 [main] DEBUG org.apache.hc.client5.http.ssl.SSLConnectionSocketFactory -- Connecting socket to raw.githubusercontent.com/185.199.110.133:443 with timeout 30 SECONDS
14:21:22.457 [Finalizer] DEBUG org.apache.http.impl.conn.DefaultClientConnection -- Connection 0.0.0.0:63194<->13.60.22.209:7081 closed
14:21:22.457 [Finalizer] DEBUG org.apache.http.impl.conn.DefaultClientConnection -- Connection 0.0.0.0:63193<->13.60.22.209:7081 closed
14:21:22.458 [Finalizer] DEBUG org.apache.http.impl.conn.DefaultClientConnection -- Connection 0.0.0.0:63197<->13.60.22.209:7081 closed
14:21:22.458 [Finalizer] DEBUG org.apache.http.impl.conn.DefaultClientConnection -- Connection 0.0.0.0:63196<->13.60.22.209:7081 closed
14:21:22.458 [Finalizer] DEBUG org.apache.http.impl.conn.DefaultClientConnection -- Connection 0.0.0.0:63195<->13.60.22.209:7081 closed
14:21:22.478 [main] DEBUG org.apache.hc.client5.http.ssl.SSLConnectionSocketFactory -- Enabled protocols: [TLSv1.3, TLSv1.2]
14:21:22.478 [main] DEBUG org.apache.hc.client5.http.ssl.SSLConnectionSocketFactory -- Enabled cipher suites: [TLS_AES_256_GCM_SHA384, TLS_AES_128_GCM_SHA256, TLS_CHACHA20_POLY1305_SHA256, TLS_ECDHE_ECDSA_WITH_AES_256_GCM_SHA384, TLS_ECDHE_ECDSA_WITH_AES_128_GCM_SHA256, TLS_ECDHE_ECDSA_WITH_CHACHA20_POLY1305_SHA256, TLS_ECDHE_RSA_WITH_AES_256_GCM_SHA384, TLS_ECDHE_RSA_WITH_CHACHA20_POLY1305_SHA256, TLS_ECDHE_RSA_WITH_AES_128_GCM_SHA256, TLS_DHE_RSA_WITH_AES_256_GCM_SHA384, TLS_DHE_RSA_WITH_CHACHA20_POLY1305_SHA256, TLS_DHE_DSS_WITH_AES_256_GCM_SHA384, TLS_DHE_RSA_WITH_AES_128_GCM_SHA256, TLS_DHE_DSS_WITH_AES_128_GCM_SHA256, TLS_ECDHE_ECDSA_WITH_AES_256_CBC_SHA384, TLS_ECDHE_RSA_WITH_AES_256_CBC_SHA384, TLS_ECDHE_ECDSA_WITH_AES_128_CBC_SHA256, TLS_ECDHE_RSA_WITH_AES_128_CBC_SHA256, TLS_DHE_RSA_WITH_AES_256_CBC_SHA256, TLS_DHE_DSS_WITH_AES_256_CBC_SHA256, TLS_DHE_RSA_WITH_AES_128_CBC_SHA256, TLS_DHE_DSS_WITH_AES_128_CBC_SHA256, TLS_ECDH_ECDSA_WITH_AES_256_GCM_SHA384, TLS_ECDH_RSA_WITH_AES_256_GCM_SHA384, TLS_ECDH_ECDSA_WITH_AES_128_GCM_SHA256, TLS_ECDH_RSA_WITH_AES_128_GCM_SHA256, TLS_ECDH_ECDSA_WITH_AES_256_CBC_SHA384, TLS_ECDH_RSA_WITH_AES_256_CBC_SHA384, TLS_ECDH_ECDSA_WITH_AES_128_CBC_SHA256, TLS_ECDH_RSA_WITH_AES_128_CBC_SHA256, TLS_ECDHE_ECDSA_WITH_AES_256_CBC_SHA, TLS_ECDHE_RSA_WITH_AES_256_CBC_SHA, TLS_ECDHE_ECDSA_WITH_AES_128_CBC_SHA, TLS_ECDHE_RSA_WITH_AES_128_CBC_SHA, TLS_DHE_RSA_WITH_AES_256_CBC_SHA, TLS_DHE_DSS_WITH_AES_256_CBC_SHA, TLS_DHE_RSA_WITH_AES_128_CBC_SHA, TLS_DHE_DSS_WITH_AES_128_CBC_SHA, TLS_ECDH_ECDSA_WITH_AES_256_CBC_SHA, TLS_ECDH_RSA_WITH_AES_256_CBC_SHA, TLS_ECDH_ECDSA_WITH_AES_128_CBC_SHA, TLS_ECDH_RSA_WITH_AES_128_CBC_SHA, TLS_RSA_WITH_AES_256_GCM_SHA384, TLS_RSA_WITH_AES_128_GCM_SHA256, TLS_RSA_WITH_AES_256_CBC_SHA256, TLS_RSA_WITH_AES_128_CBC_SHA256, TLS_RSA_WITH_AES_256_CBC_SHA, TLS_RSA_WITH_AES_128_CBC_SHA, TLS_EMPTY_RENEGOTIATION_INFO_SCSV]
14:21:22.478 [main] DEBUG org.apache.hc.client5.http.ssl.SSLConnectionSocketFactory -- Starting handshake (null)
14:21:22.604 [main] DEBUG org.apache.hc.client5.http.ssl.SSLConnectionSocketFactory -- Secure session established
14:21:22.604 [main] DEBUG org.apache.hc.client5.http.ssl.SSLConnectionSocketFactory --  negotiated protocol: TLSv1.3
14:21:22.604 [main] DEBUG org.apache.hc.client5.http.ssl.SSLConnectionSocketFactory --  negotiated cipher suite: TLS_AES_128_GCM_SHA256
14:21:22.604 [main] DEBUG org.apache.hc.client5.http.ssl.SSLConnectionSocketFactory --  peer principal: CN=*.github.io, O="GitHub, Inc.", L=San Francisco, ST=California, C=US
14:21:22.605 [main] DEBUG org.apache.hc.client5.http.ssl.SSLConnectionSocketFactory --  peer alternative names: [*.github.io, github.io, githubusercontent.com, www.github.com, *.github.com, *.githubusercontent.com, github.com]
14:21:22.605 [main] DEBUG org.apache.hc.client5.http.ssl.SSLConnectionSocketFactory --  issuer principal: CN=DigiCert Global G2 TLS RSA SHA256 2020 CA1, O=DigiCert Inc, C=US
14:21:22.605 [main] DEBUG org.apache.hc.client5.http.impl.io.DefaultManagedHttpClientConnection -- http-outgoing-0 set socket timeout to 3 MINUTES
14:21:22.606 [main] DEBUG org.apache.hc.client5.http.impl.io.DefaultHttpClientConnectionOperator -- raw.githubusercontent.com:443 connected null->raw.githubusercontent.com/185.199.110.133:443 as http-outgoing-0
14:21:22.606 [main] DEBUG org.apache.hc.client5.http.impl.io.PoolingHttpClientConnectionManager -- ep-0000000001 connected http-outgoing-0
14:21:22.606 [main] DEBUG org.apache.hc.client5.http.impl.classic.InternalHttpClient -- ep-0000000001 endpoint connected
14:21:22.606 [main] DEBUG org.apache.hc.client5.http.impl.classic.MainClientExec -- ex-0000000001 executing GET /bonigarcia/webdrivermanager/master/src/main/resources/commands.properties HTTP/1.1
14:21:22.607 [main] DEBUG org.apache.hc.client5.http.protocol.RequestAddCookies -- ex-0000000001 Cookie spec selected: strict
14:21:22.616 [main] DEBUG org.apache.hc.client5.http.impl.classic.InternalHttpClient -- ep-0000000001 start execution ex-0000000001
14:21:22.616 [main] DEBUG org.apache.hc.client5.http.impl.io.PoolingHttpClientConnectionManager -- ep-0000000001 executing exchange ex-0000000001 over http-outgoing-0
14:21:22.617 [main] DEBUG org.apache.hc.client5.http.headers -- http-outgoing-0 >> GET /bonigarcia/webdrivermanager/master/src/main/resources/commands.properties HTTP/1.1
14:21:22.617 [main] DEBUG org.apache.hc.client5.http.headers -- http-outgoing-0 >> user-agent: Apache-HttpClient/5.0
14:21:22.617 [main] DEBUG org.apache.hc.client5.http.headers -- http-outgoing-0 >> accept-encoding: gzip, deflate, br
14:21:22.617 [main] DEBUG org.apache.hc.client5.http.headers -- http-outgoing-0 >> cache-control: max-age=0
14:21:22.617 [main] DEBUG org.apache.hc.client5.http.headers -- http-outgoing-0 >> connection: keep-alive
14:21:22.617 [main] DEBUG org.apache.hc.client5.http.headers -- http-outgoing-0 >> Host: raw.githubusercontent.com
14:21:22.617 [main] DEBUG org.apache.hc.client5.http.wire -- http-outgoing-0 >> "GET /bonigarcia/webdrivermanager/master/src/main/resources/commands.properties HTTP/1.1[\r][\n]"
14:21:22.617 [main] DEBUG org.apache.hc.client5.http.wire -- http-outgoing-0 >> "user-agent: Apache-HttpClient/5.0[\r][\n]"
14:21:22.617 [main] DEBUG org.apache.hc.client5.http.wire -- http-outgoing-0 >> "accept-encoding: gzip, deflate, br[\r][\n]"
14:21:22.617 [main] DEBUG org.apache.hc.client5.http.wire -- http-outgoing-0 >> "cache-control: max-age=0[\r][\n]"
14:21:22.617 [main] DEBUG org.apache.hc.client5.http.wire -- http-outgoing-0 >> "connection: keep-alive[\r][\n]"
14:21:22.617 [main] DEBUG org.apache.hc.client5.http.wire -- http-outgoing-0 >> "Host: raw.githubusercontent.com[\r][\n]"
14:21:22.617 [main] DEBUG org.apache.hc.client5.http.wire -- http-outgoing-0 >> "[\r][\n]"
14:21:22.666 [main] DEBUG org.apache.hc.client5.http.wire -- http-outgoing-0 << "HTTP/1.1 200 OK[\r][\n]"
14:21:22.666 [main] DEBUG org.apache.hc.client5.http.wire -- http-outgoing-0 << "Connection: keep-alive[\r][\n]"
14:21:22.666 [main] DEBUG org.apache.hc.client5.http.wire -- http-outgoing-0 << "Content-Length: 745[\r][\n]"
14:21:22.666 [main] DEBUG org.apache.hc.client5.http.wire -- http-outgoing-0 << "Cache-Control: max-age=300[\r][\n]"
14:21:22.667 [main] DEBUG org.apache.hc.client5.http.wire -- http-outgoing-0 << "Content-Security-Policy: default-src 'none'; style-src 'unsafe-inline'; sandbox[\r][\n]"
14:21:22.667 [main] DEBUG org.apache.hc.client5.http.wire -- http-outgoing-0 << "Content-Type: text/plain; charset=utf-8[\r][\n]"
14:21:22.667 [main] DEBUG org.apache.hc.client5.http.wire -- http-outgoing-0 << "ETag: W/"dd41edff335272162022217759820159dac501cff56850e2510f504462cd9b5f"[\r][\n]"
14:21:22.667 [main] DEBUG org.apache.hc.client5.http.wire -- http-outgoing-0 << "Strict-Transport-Security: max-age=31536000[\r][\n]"
14:21:22.667 [main] DEBUG org.apache.hc.client5.http.wire -- http-outgoing-0 << "X-Content-Type-Options: nosniff[\r][\n]"
14:21:22.667 [main] DEBUG org.apache.hc.client5.http.wire -- http-outgoing-0 << "X-Frame-Options: deny[\r][\n]"
14:21:22.667 [main] DEBUG org.apache.hc.client5.http.wire -- http-outgoing-0 << "X-XSS-Protection: 1; mode=block[\r][\n]"
14:21:22.667 [main] DEBUG org.apache.hc.client5.http.wire -- http-outgoing-0 << "X-GitHub-Request-Id: 8C8B:1F21AF:3977F1C:3BE2482:676B39C9[\r][\n]"
14:21:22.667 [main] DEBUG org.apache.hc.client5.http.wire -- http-outgoing-0 << "Content-Encoding: gzip[\r][\n]"
14:21:22.667 [main] DEBUG org.apache.hc.client5.http.wire -- http-outgoing-0 << "Accept-Ranges: bytes[\r][\n]"
14:21:22.667 [main] DEBUG org.apache.hc.client5.http.wire -- http-outgoing-0 << "Date: Thu, 02 Jan 2025 08:51:22 GMT[\r][\n]"
14:21:22.667 [main] DEBUG org.apache.hc.client5.http.wire -- http-outgoing-0 << "Via: 1.1 varnish[\r][\n]"
14:21:22.667 [main] DEBUG org.apache.hc.client5.http.wire -- http-outgoing-0 << "X-Served-By: cache-sin-wsss1830049-SIN[\r][\n]"
14:21:22.667 [main] DEBUG org.apache.hc.client5.http.wire -- http-outgoing-0 << "X-Cache: HIT[\r][\n]"
14:21:22.667 [main] DEBUG org.apache.hc.client5.http.wire -- http-outgoing-0 << "X-Cache-Hits: 52311[\r][\n]"
14:21:22.667 [main] DEBUG org.apache.hc.client5.http.wire -- http-outgoing-0 << "X-Timer: S1735807883.971320,VS0,VE0[\r][\n]"
14:21:22.667 [main] DEBUG org.apache.hc.client5.http.wire -- http-outgoing-0 << "Vary: Authorization,Accept-Encoding,Origin[\r][\n]"
14:21:22.667 [main] DEBUG org.apache.hc.client5.http.wire -- http-outgoing-0 << "Access-Control-Allow-Origin: *[\r][\n]"
14:21:22.667 [main] DEBUG org.apache.hc.client5.http.wire -- http-outgoing-0 << "Cross-Origin-Resource-Policy: cross-origin[\r][\n]"
14:21:22.667 [main] DEBUG org.apache.hc.client5.http.wire -- http-outgoing-0 << "X-Fastly-Request-ID: 80bf8bcbcd5d5a797bc208b4568afb55e6053026[\r][\n]"
14:21:22.667 [main] DEBUG org.apache.hc.client5.http.wire -- http-outgoing-0 << "Expires: Thu, 02 Jan 2025 08:56:22 GMT[\r][\n]"
14:21:22.667 [main] DEBUG org.apache.hc.client5.http.wire -- http-outgoing-0 << "Source-Age: 140[\r][\n]"
14:21:22.667 [main] DEBUG org.apache.hc.client5.http.wire -- http-outgoing-0 << "[\r][\n]"
14:21:22.669 [main] DEBUG org.apache.hc.client5.http.headers -- http-outgoing-0 << HTTP/1.1 200 OK
14:21:22.669 [main] DEBUG org.apache.hc.client5.http.headers -- http-outgoing-0 << Connection: keep-alive
14:21:22.669 [main] DEBUG org.apache.hc.client5.http.headers -- http-outgoing-0 << Content-Length: 745
14:21:22.669 [main] DEBUG org.apache.hc.client5.http.headers -- http-outgoing-0 << Cache-Control: max-age=300
14:21:22.669 [main] DEBUG org.apache.hc.client5.http.headers -- http-outgoing-0 << Content-Security-Policy: default-src 'none'; style-src 'unsafe-inline'; sandbox
14:21:22.669 [main] DEBUG org.apache.hc.client5.http.headers -- http-outgoing-0 << Content-Type: text/plain; charset=utf-8
14:21:22.669 [main] DEBUG org.apache.hc.client5.http.headers -- http-outgoing-0 << ETag: W/"dd41edff335272162022217759820159dac501cff56850e2510f504462cd9b5f"
14:21:22.669 [main] DEBUG org.apache.hc.client5.http.headers -- http-outgoing-0 << Strict-Transport-Security: max-age=31536000
14:21:22.669 [main] DEBUG org.apache.hc.client5.http.headers -- http-outgoing-0 << X-Content-Type-Options: nosniff
14:21:22.669 [main] DEBUG org.apache.hc.client5.http.headers -- http-outgoing-0 << X-Frame-Options: deny
14:21:22.669 [main] DEBUG org.apache.hc.client5.http.headers -- http-outgoing-0 << X-XSS-Protection: 1; mode=block
14:21:22.669 [main] DEBUG org.apache.hc.client5.http.headers -- http-outgoing-0 << X-GitHub-Request-Id: 8C8B:1F21AF:3977F1C:3BE2482:676B39C9
14:21:22.669 [main] DEBUG org.apache.hc.client5.http.headers -- http-outgoing-0 << Content-Encoding: gzip
14:21:22.669 [main] DEBUG org.apache.hc.client5.http.headers -- http-outgoing-0 << Accept-Ranges: bytes
14:21:22.669 [main] DEBUG org.apache.hc.client5.http.headers -- http-outgoing-0 << Date: Thu, 02 Jan 2025 08:51:22 GMT
14:21:22.669 [main] DEBUG org.apache.hc.client5.http.headers -- http-outgoing-0 << Via: 1.1 varnish
14:21:22.669 [main] DEBUG org.apache.hc.client5.http.headers -- http-outgoing-0 << X-Served-By: cache-sin-wsss1830049-SIN
14:21:22.669 [main] DEBUG org.apache.hc.client5.http.headers -- http-outgoing-0 << X-Cache: HIT
14:21:22.669 [main] DEBUG org.apache.hc.client5.http.headers -- http-outgoing-0 << X-Cache-Hits: 52311
14:21:22.669 [main] DEBUG org.apache.hc.client5.http.headers -- http-outgoing-0 << X-Timer: S1735807883.971320,VS0,VE0
14:21:22.669 [main] DEBUG org.apache.hc.client5.http.headers -- http-outgoing-0 << Vary: Authorization,Accept-Encoding,Origin
14:21:22.669 [main] DEBUG org.apache.hc.client5.http.headers -- http-outgoing-0 << Access-Control-Allow-Origin: *
14:21:22.669 [main] DEBUG org.apache.hc.client5.http.headers -- http-outgoing-0 << Cross-Origin-Resource-Policy: cross-origin
14:21:22.669 [main] DEBUG org.apache.hc.client5.http.headers -- http-outgoing-0 << X-Fastly-Request-ID: 80bf8bcbcd5d5a797bc208b4568afb55e6053026
14:21:22.669 [main] DEBUG org.apache.hc.client5.http.headers -- http-outgoing-0 << Expires: Thu, 02 Jan 2025 08:56:22 GMT
14:21:22.669 [main] DEBUG org.apache.hc.client5.http.headers -- http-outgoing-0 << Source-Age: 140
14:21:22.672 [main] DEBUG org.apache.hc.client5.http.impl.classic.MainClientExec -- ex-0000000001 connection can be kept alive for 3 MINUTES
14:21:22.679 [main] DEBUG org.apache.hc.client5.http.wire -- http-outgoing-0 << "[0x1f][0xffffff8b][0x8][0x0][0x0][0x0][0x0][0x0][0x0][0x3][0xffffffb5]W]o[0xffffffda]0[0x14]}[0xffffffe7]W\QUj% [0x1b][0xffffffad][0xffffffa6]i[0x12][0xf]4c[0xffffffdd]4*[0x18][0xffffffb4][0xffffffdd]&[0xfffffff9][0xffffffc5]$N[0xffffffb0][0xffffff94][0xffffffd8][0xffffffc8]NJ[0xffffffb7]_?[0xffffffdb][0xfffffff9]X[0xffffff92]:[0xffffffa3]k[0xffffffe8][0x1b][0xffffffb6][0xffffffef]=[0xffffffe7][0xffffffd8][0xfffffff7][0xffffffe4][0xffffffda][0xffffff9c][0xffffff80][0xffffffcb][0xffffffe3][0x18]3_[0xffffff82][0xffffff8f][0x13][0xffffffbc][0xffffffc1][0xffffff92][0xfffffff4]N[0xffffffe0]vK%[0x4]4"[0xffffffe0]q[0xffffff96]`[0xffffffca]$$[=[0xffffffc8]C[0x13][0xe][0x1b][0x2][0xffffffe4][0xffffff91]xiB|[0xffffffa0][0xffffffcc],[0xffffffcb]-[0xffffff89]"=[0xffffffe0][0xffffffc2]'B[0x7][0xfffffff9]$!^b[0x16][0x1f][0xffffff88][0xffffff90][0xffffff94][0xffffffab][0xffffffb5][0x0][0xffffff88][0xfffffffa][0x1d][\n]"
14:21:22.679 [main] DEBUG org.apache.hc.client5.http.wire -- http-outgoing-0 << "B[0x18]l[0x4][0xffffffdf]K[0xffffffb5][0xffffffa0]([0xffffffcf][0xffffffdc][0xffffffad][0xffffffe0]1[0x19][0xffffffc0]'*H[0xffffffc0][0x1f][0x7][0xffffffb0][0xffffffd8][0x11][0xffffff81][0x7]0[0xfffffff3]C5kVi[0x1a][0xffffff9f]k|[0xffffff9f][0x6][0x1][0x11][0xffffff84]%[0xffffffc0]uLBY[0x8][0xfffffff2][0xffffff97]LH,[0xffffffe1][0xffffffec];e[0xffffffbe]B[0x1d][0xffffffc0][0xffffff9c][0xffffffb2]T[0xffffffc1][0xffffffdc]`[0xf][0x16][0xffffffeb][0xfffffff3][0xffffff9e][0xffffffe2][0xffffffc8](z[0xfffffff9]6F[0xffffff9e][0x19][0xffffff8e][0xfffffff6]Y[0xffffffc2][0xffffffe8][0xffffffcd][0xffffffdb][0xffffff89][0x17][0xfffffffb]#[0xffffffb5]+p\[0xffffffd8][0xffffffc7][0xffffffd4]3Gb[0xffffff8e]a[0xffffffbf]U|[0xffffffc0]pL&[0xfffffffd][0xffffffd3][0xffffffe5]jq[0xffffffbd][0xffffff9a][0xffffffde]|[0xfffffffa]2[0xffffff9f][0xffffffad]?[0xffffffa0][0x9]B[0xffffffa7][0x8]]s[0x1e]F[0x4][0xffffffa1][0xffffff8c][0x2][0xffffffa1][0xffffffe9]n[0x17]QOI[0xffffffe3][0xc][0xffffffa1][0xffffff9c]H![0xfffffff7]!$[0x9][0xffffffdc][0xffffffe7]g[0xffffffe1]<[0xffffffe0](m[0xffffffd7]3~[0xffffff81][0xffffff9e][0xffffffb3][0x1f][0xffffffef][0xffffffdf][0xffffff9d][0xffffffbf][0xffffffa6][0xffffffa8][0xffffff8b]g[0xffffff8a][0xffffff9a]/[0xffffffdc][0xffffffe9]|[0xffffffba]\~[0xffffff9c][0xffffffde]N_S[0xffffffcf][0xffffffe5]d5[0xffffffbb][0xffffff86]ow[0xffffffb3][0xffffffd5]O[0xfffffff8][0xfffffffc][0xffffffd5][0xffffffbd]Ck[0x1e]${,H[0xffffffc1][0xffffff96][0xffffff93]][0xffffffcd][0xffffffaf][0x8][0xfffffff6][0xc]^[0xffffffe1][0xffffffc5]^[0x13]4[0xffffffd2][0xffffff8e][0xffffffd1]>pR)[0xffffff9c][\r]eNh0[0xffffff86][0xffffffd9]:[0xc][0xffffff87]E[0xffffffa6]=q<i[0xffffff8b]o&[0xffffffc4][0xffffffd8]3<[0xffffff95][0x13][0xffffff90]N&8w[0xffffffe9][0x8][0xffffffef]v[0xffffff8e][0xffffffab][0xffffffbe]>es[0xffffffe9]([0x13]/[0xffffffd6][0xfffffff5][0xffffff80]*[0xffffffba][0xfffffff2]v[0xfffffffe][0xffffffd9][0xffffff94]DA6>[0xffffff8e][0xffffffbb]o[0xfffffff8]o[0x1a]E[0xffffffb8] A[0xffffffa8]@?T[0xffffffad]'*:{[0xfffffffa]xR.*[0xffffffce][0xffffffe9][0xffffffd7][0xffffffad][0xffffff93][0xffffff93]4[0xffffffc9][0xfffffffa][0xffffffda]<n*t[0xffffffeb][0xffffffb9]oV[0xffffffb6][0xffffffc0]/M[0xffffff94]O[0xffffffc0][0xfffffff0][0xffffffe1]i[0xffffff90][0xffffffb5][0xfffffffe]9[0xffffff8b][0xffffffad][0xfffffff2]U,Ul[0xffffffdd][0x13]KL[0xffffffa2][0x6][0xffffffdd][0xffffffca]\?`[0xffffffea][0x9].[0xffffffd5]I [0xffffffa4]i[0x1a]_i,[\r][0xffffffdd][0xffffffa1][0xffffffc3][0xffffffae]kzI[0xffffffd1]_Q[0xffffffce]Ek[0xffffffcb][0xfffffff8]Kf[0xffffffb8][0xfffffffe][0xffffffd9]3[0xc][0xffffffe6][0xffffffd3][0xffffff8e][0x11][0x17][0x10]C[0x1d]`i[0x19][0xffffffd5][0xffffffbc][0xfffffff1][0xffffffa4]5[0xffffffbc][0x1e]o[0xfffffff5]K[0xffffffa9][0xffffffd6][0xfffffff8][0xffffffc1]f[0xffffff9b]z[0x4][0xffffffd4][0x1a][0xffffff86][0xffffffb9]^K[0x16]s[0xffffff91][0xfffffffe][0xffffffbf][0xffffff8b]l]~)x(p,[0x11]2[0x14][0x8]E8e[0xffffff9e][0xffffffca]:X[0xffffffa6][0xffffff86][0xffffff88].[0xffffffb6]9[0xffffff9a][0xffffff88].[0xfffffff7]]G[0xffffffea][0xffffffcb][0xe][0xfffffffb][0x7f].u[0xffffff83][0xffffffbb][0xfffffff4][0xffffffb3][0x19][0xffffffda][0xffffffec][0xffffff98][0xffffffc5]Y[0xfffffffd]h8m6\4[0xffffffc1][0xffffff8a][0xffffffb7][0xffffff98]z[0xffffffd0][0xffffffd5]oF5q[0x1c][0x13][0x16][0xfffffff0][0x1d][0x1e][0x19]5-[0xffffff9d][0xffffffef][0xffffffad]c[0xb]z[0xffffffae]/m[0xffffffe6]8[0xffffffb6][0xffffff96][0xfffffff6]7X[0xffffffc9]t[0xfffffff8][0xfffffff9][0xffffffa5][0x11]K[0xfffffffb][0x15]3[0xffffffc3][0xfffffffc][0x1f]B[0xffffffdb][0xffffffd3][0xffffffab][0xffffff92]4.[0xffffff93]Z[0xffffffdf]]:[0xffffffda][0xffffffea][0xffffffdc]B[0xffffffa6][0xffffffcd][0xffffffbc][0xffffffae][0x5][0xfffffff5][0x4][0xffffffd6]8[0xffffffc0][0xffffff82][0xffffff96][0xfffffff0][0xffffffd2][0xc][0xffffffed][0xffffffe0]Y[0xffffffa8][\r]:[[0xffffffa9][0x0][0xffffffff][0x1][0xfffffff8][0x15][0xffffffb4][0xffffffee][0xffffff8e][\r][0x0][0x0]"
14:21:22.680 [main] DEBUG org.apache.hc.client5.http.impl.classic.InternalHttpClient -- ep-0000000001 releasing valid endpoint
14:21:22.680 [main] DEBUG org.apache.hc.client5.http.impl.io.PoolingHttpClientConnectionManager -- ep-0000000001 releasing endpoint
14:21:22.680 [main] DEBUG org.apache.hc.client5.http.impl.io.PoolingHttpClientConnectionManager -- ep-0000000001 connection http-outgoing-0 can be kept alive for 3 MINUTES
14:21:22.680 [main] DEBUG org.apache.hc.client5.http.impl.io.PoolingHttpClientConnectionManager -- ep-0000000001 connection released [route: {s}->https://raw.githubusercontent.com:443][total available: 1; route allocated: 1 of 5; total allocated: 1 of 25]
14:21:22.680 [main] DEBUG io.github.bonigarcia.wdm.versions.VersionDetector -- Detecting chrome version using online commands.properties
14:21:22.683 [main] DEBUG io.github.bonigarcia.wdm.versions.Shell -- Running command on the shell: [cmd.exe, /C, wmic, datafile, where, name="%PROGRAMFILES:\=\\%\\Google\\Chrome\\Application\\chrome.exe", get, Version, /value]
14:21:22.963 [main] DEBUG io.github.bonigarcia.wdm.versions.Shell -- Result: Version=131.0.6778.205
14:21:22.966 [main] DEBUG io.github.bonigarcia.wdm.cache.ResolutionCache -- Removing resolution chrome131=131.0.6778.204 from cache (expired on Thu Jan 02 13:38:18 IST 2025)
14:21:22.971 [main] DEBUG org.apache.hc.client5.http.impl.classic.InternalHttpClient -- ex-0000000002 preparing request execution
14:21:22.971 [main] DEBUG org.apache.hc.client5.http.impl.classic.ProtocolExec -- ex-0000000002 target auth state: UNCHALLENGED
14:21:22.971 [main] DEBUG org.apache.hc.client5.http.impl.classic.ProtocolExec -- ex-0000000002 proxy auth state: UNCHALLENGED
14:21:22.971 [main] DEBUG org.apache.hc.client5.http.impl.classic.ConnectExec -- ex-0000000002 acquiring connection with route {s}->https://googlechromelabs.github.io:443
14:21:22.971 [main] DEBUG org.apache.hc.client5.http.impl.classic.InternalHttpClient -- ex-0000000002 acquiring endpoint (3 MINUTES)
14:21:22.971 [main] DEBUG org.apache.hc.client5.http.impl.io.PoolingHttpClientConnectionManager -- ex-0000000002 endpoint lease request (3 MINUTES) [route: {s}->https://googlechromelabs.github.io:443][total available: 1; route allocated: 0 of 5; total allocated: 1 of 25]
14:21:22.971 [main] DEBUG org.apache.hc.client5.http.impl.io.PoolingHttpClientConnectionManager -- ex-0000000002 endpoint leased [route: {s}->https://googlechromelabs.github.io:443][total available: 1; route allocated: 1 of 5; total allocated: 2 of 25]
14:21:22.971 [main] DEBUG org.apache.hc.client5.http.impl.io.PoolingHttpClientConnectionManager -- ex-0000000002 acquired ep-0000000002
14:21:22.971 [main] DEBUG org.apache.hc.client5.http.impl.classic.InternalHttpClient -- ex-0000000002 acquired endpoint ep-0000000002
14:21:22.971 [main] DEBUG org.apache.hc.client5.http.impl.classic.ConnectExec -- ex-0000000002 opening connection {s}->https://googlechromelabs.github.io:443
14:21:22.971 [main] DEBUG org.apache.hc.client5.http.impl.classic.InternalHttpClient -- ep-0000000002 connecting endpoint (null)
14:21:22.971 [main] DEBUG org.apache.hc.client5.http.impl.io.PoolingHttpClientConnectionManager -- ep-0000000002 connecting endpoint to https://googlechromelabs.github.io:443 (30 SECONDS)
14:21:22.971 [main] DEBUG org.apache.hc.client5.http.impl.io.DefaultHttpClientConnectionOperator -- googlechromelabs.github.io resolving remote address
14:21:22.982 [main] DEBUG org.apache.hc.client5.http.impl.io.DefaultHttpClientConnectionOperator -- googlechromelabs.github.io resolved to [googlechromelabs.github.io/185.199.109.153, googlechromelabs.github.io/185.199.110.153, googlechromelabs.github.io/185.199.108.153, googlechromelabs.github.io/185.199.111.153, googlechromelabs.github.io/2606:50c0:8001:0:0:0:0:153, googlechromelabs.github.io/2606:50c0:8003:0:0:0:0:153, googlechromelabs.github.io/2606:50c0:8002:0:0:0:0:153, googlechromelabs.github.io/2606:50c0:8000:0:0:0:0:153]
14:21:22.982 [main] DEBUG org.apache.hc.client5.http.impl.io.DefaultHttpClientConnectionOperator -- googlechromelabs.github.io:443 connecting null->googlechromelabs.github.io/185.199.109.153:443 (30 SECONDS)
14:21:22.982 [main] DEBUG org.apache.hc.client5.http.ssl.SSLConnectionSocketFactory -- Connecting socket to googlechromelabs.github.io/185.199.109.153:443 with timeout 30 SECONDS
14:21:23.021 [main] DEBUG org.apache.hc.client5.http.ssl.SSLConnectionSocketFactory -- Enabled protocols: [TLSv1.3, TLSv1.2]
14:21:23.022 [main] DEBUG org.apache.hc.client5.http.ssl.SSLConnectionSocketFactory -- Enabled cipher suites: [TLS_AES_256_GCM_SHA384, TLS_AES_128_GCM_SHA256, TLS_CHACHA20_POLY1305_SHA256, TLS_ECDHE_ECDSA_WITH_AES_256_GCM_SHA384, TLS_ECDHE_ECDSA_WITH_AES_128_GCM_SHA256, TLS_ECDHE_ECDSA_WITH_CHACHA20_POLY1305_SHA256, TLS_ECDHE_RSA_WITH_AES_256_GCM_SHA384, TLS_ECDHE_RSA_WITH_CHACHA20_POLY1305_SHA256, TLS_ECDHE_RSA_WITH_AES_128_GCM_SHA256, TLS_DHE_RSA_WITH_AES_256_GCM_SHA384, TLS_DHE_RSA_WITH_CHACHA20_POLY1305_SHA256, TLS_DHE_DSS_WITH_AES_256_GCM_SHA384, TLS_DHE_RSA_WITH_AES_128_GCM_SHA256, TLS_DHE_DSS_WITH_AES_128_GCM_SHA256, TLS_ECDHE_ECDSA_WITH_AES_256_CBC_SHA384, TLS_ECDHE_RSA_WITH_AES_256_CBC_SHA384, TLS_ECDHE_ECDSA_WITH_AES_128_CBC_SHA256, TLS_ECDHE_RSA_WITH_AES_128_CBC_SHA256, TLS_DHE_RSA_WITH_AES_256_CBC_SHA256, TLS_DHE_DSS_WITH_AES_256_CBC_SHA256, TLS_DHE_RSA_WITH_AES_128_CBC_SHA256, TLS_DHE_DSS_WITH_AES_128_CBC_SHA256, TLS_ECDH_ECDSA_WITH_AES_256_GCM_SHA384, TLS_ECDH_RSA_WITH_AES_256_GCM_SHA384, TLS_ECDH_ECDSA_WITH_AES_128_GCM_SHA256, TLS_ECDH_RSA_WITH_AES_128_GCM_SHA256, TLS_ECDH_ECDSA_WITH_AES_256_CBC_SHA384, TLS_ECDH_RSA_WITH_AES_256_CBC_SHA384, TLS_ECDH_ECDSA_WITH_AES_128_CBC_SHA256, TLS_ECDH_RSA_WITH_AES_128_CBC_SHA256, TLS_ECDHE_ECDSA_WITH_AES_256_CBC_SHA, TLS_ECDHE_RSA_WITH_AES_256_CBC_SHA, TLS_ECDHE_ECDSA_WITH_AES_128_CBC_SHA, TLS_ECDHE_RSA_WITH_AES_128_CBC_SHA, TLS_DHE_RSA_WITH_AES_256_CBC_SHA, TLS_DHE_DSS_WITH_AES_256_CBC_SHA, TLS_DHE_RSA_WITH_AES_128_CBC_SHA, TLS_DHE_DSS_WITH_AES_128_CBC_SHA, TLS_ECDH_ECDSA_WITH_AES_256_CBC_SHA, TLS_ECDH_RSA_WITH_AES_256_CBC_SHA, TLS_ECDH_ECDSA_WITH_AES_128_CBC_SHA, TLS_ECDH_RSA_WITH_AES_128_CBC_SHA, TLS_RSA_WITH_AES_256_GCM_SHA384, TLS_RSA_WITH_AES_128_GCM_SHA256, TLS_RSA_WITH_AES_256_CBC_SHA256, TLS_RSA_WITH_AES_128_CBC_SHA256, TLS_RSA_WITH_AES_256_CBC_SHA, TLS_RSA_WITH_AES_128_CBC_SHA, TLS_EMPTY_RENEGOTIATION_INFO_SCSV]
14:21:23.022 [main] DEBUG org.apache.hc.client5.http.ssl.SSLConnectionSocketFactory -- Starting handshake (null)
14:21:23.073 [main] DEBUG org.apache.hc.client5.http.ssl.SSLConnectionSocketFactory -- Secure session established
14:21:23.073 [main] DEBUG org.apache.hc.client5.http.ssl.SSLConnectionSocketFactory --  negotiated protocol: TLSv1.3
14:21:23.073 [main] DEBUG org.apache.hc.client5.http.ssl.SSLConnectionSocketFactory --  negotiated cipher suite: TLS_AES_128_GCM_SHA256
14:21:23.073 [main] DEBUG org.apache.hc.client5.http.ssl.SSLConnectionSocketFactory --  peer principal: CN=*.github.io, O="GitHub, Inc.", L=San Francisco, ST=California, C=US
14:21:23.073 [main] DEBUG org.apache.hc.client5.http.ssl.SSLConnectionSocketFactory --  peer alternative names: [*.github.io, github.io, githubusercontent.com, www.github.com, *.github.com, *.githubusercontent.com, github.com]
14:21:23.074 [main] DEBUG org.apache.hc.client5.http.ssl.SSLConnectionSocketFactory --  issuer principal: CN=DigiCert Global G2 TLS RSA SHA256 2020 CA1, O=DigiCert Inc, C=US
14:21:23.074 [main] DEBUG org.apache.hc.client5.http.impl.io.DefaultManagedHttpClientConnection -- http-outgoing-1 set socket timeout to 3 MINUTES
14:21:23.074 [main] DEBUG org.apache.hc.client5.http.impl.io.DefaultHttpClientConnectionOperator -- googlechromelabs.github.io:443 connected null->googlechromelabs.github.io/185.199.109.153:443 as http-outgoing-1
14:21:23.074 [main] DEBUG org.apache.hc.client5.http.impl.io.PoolingHttpClientConnectionManager -- ep-0000000002 connected http-outgoing-1
14:21:23.074 [main] DEBUG org.apache.hc.client5.http.impl.classic.InternalHttpClient -- ep-0000000002 endpoint connected
14:21:23.074 [main] DEBUG org.apache.hc.client5.http.impl.classic.MainClientExec -- ex-0000000002 executing GET /chrome-for-testing/known-good-versions-with-downloads.json HTTP/1.1
14:21:23.074 [main] DEBUG org.apache.hc.client5.http.protocol.RequestAddCookies -- ex-0000000002 Cookie spec selected: strict
14:21:23.074 [main] DEBUG org.apache.hc.client5.http.impl.classic.InternalHttpClient -- ep-0000000002 start execution ex-0000000002
14:21:23.074 [main] DEBUG org.apache.hc.client5.http.impl.io.PoolingHttpClientConnectionManager -- ep-0000000002 executing exchange ex-0000000002 over http-outgoing-1
14:21:23.074 [main] DEBUG org.apache.hc.client5.http.headers -- http-outgoing-1 >> GET /chrome-for-testing/known-good-versions-with-downloads.json HTTP/1.1
14:21:23.074 [main] DEBUG org.apache.hc.client5.http.headers -- http-outgoing-1 >> user-agent: Apache-HttpClient/5.0
14:21:23.074 [main] DEBUG org.apache.hc.client5.http.headers -- http-outgoing-1 >> accept-encoding: gzip, deflate, br
14:21:23.074 [main] DEBUG org.apache.hc.client5.http.headers -- http-outgoing-1 >> cache-control: max-age=0
14:21:23.074 [main] DEBUG org.apache.hc.client5.http.headers -- http-outgoing-1 >> connection: keep-alive
14:21:23.074 [main] DEBUG org.apache.hc.client5.http.headers -- http-outgoing-1 >> Host: googlechromelabs.github.io
14:21:23.074 [main] DEBUG org.apache.hc.client5.http.wire -- http-outgoing-1 >> "GET /chrome-for-testing/known-good-versions-with-downloads.json HTTP/1.1[\r][\n]"
14:21:23.074 [main] DEBUG org.apache.hc.client5.http.wire -- http-outgoing-1 >> "user-agent: Apache-HttpClient/5.0[\r][\n]"
14:21:23.074 [main] DEBUG org.apache.hc.client5.http.wire -- http-outgoing-1 >> "accept-encoding: gzip, deflate, br[\r][\n]"
14:21:23.074 [main] DEBUG org.apache.hc.client5.http.wire -- http-outgoing-1 >> "cache-control: max-age=0[\r][\n]"
14:21:23.074 [main] DEBUG org.apache.hc.client5.http.wire -- http-outgoing-1 >> "connection: keep-alive[\r][\n]"
14:21:23.074 [main] DEBUG org.apache.hc.client5.http.wire -- http-outgoing-1 >> "Host: googlechromelabs.github.io[\r][\n]"
14:21:23.074 [main] DEBUG org.apache.hc.client5.http.wire -- http-outgoing-1 >> "[\r][\n]"
14:21:23.118 [main] DEBUG org.apache.hc.client5.http.wire -- http-outgoing-1 << "HTTP/1.1 200 OK[\r][\n]"
14:21:23.118 [main] DEBUG org.apache.hc.client5.http.wire -- http-outgoing-1 << "Connection: keep-alive[\r][\n]"
14:21:23.118 [main] DEBUG org.apache.hc.client5.http.wire -- http-outgoing-1 << "Content-Length: 72227[\r][\n]"
14:21:23.118 [main] DEBUG org.apache.hc.client5.http.wire -- http-outgoing-1 << "Server: GitHub.com[\r][\n]"
14:21:23.118 [main] DEBUG org.apache.hc.client5.http.wire -- http-outgoing-1 << "Content-Type: application/json; charset=utf-8[\r][\n]"
14:21:23.118 [main] DEBUG org.apache.hc.client5.http.wire -- http-outgoing-1 << "permissions-policy: interest-cohort=()[\r][\n]"
14:21:23.118 [main] DEBUG org.apache.hc.client5.http.wire -- http-outgoing-1 << "x-origin-cache: HIT[\r][\n]"
14:21:23.118 [main] DEBUG org.apache.hc.client5.http.wire -- http-outgoing-1 << "Last-Modified: Thu, 02 Jan 2025 08:10:24 GMT[\r][\n]"
14:21:23.118 [main] DEBUG org.apache.hc.client5.http.wire -- http-outgoing-1 << "Access-Control-Allow-Origin: *[\r][\n]"
14:21:23.118 [main] DEBUG org.apache.hc.client5.http.wire -- http-outgoing-1 << "Strict-Transport-Security: max-age=31556952[\r][\n]"
14:21:23.118 [main] DEBUG org.apache.hc.client5.http.wire -- http-outgoing-1 << "ETag: W/"677649f0-229175"[\r][\n]"
14:21:23.118 [main] DEBUG org.apache.hc.client5.http.wire -- http-outgoing-1 << "expires: Thu, 02 Jan 2025 08:55:02 GMT[\r][\n]"
14:21:23.118 [main] DEBUG org.apache.hc.client5.http.wire -- http-outgoing-1 << "Cache-Control: max-age=600[\r][\n]"
14:21:23.118 [main] DEBUG org.apache.hc.client5.http.wire -- http-outgoing-1 << "Content-Encoding: gzip[\r][\n]"
14:21:23.118 [main] DEBUG org.apache.hc.client5.http.wire -- http-outgoing-1 << "x-proxy-cache: HIT[\r][\n]"
14:21:23.118 [main] DEBUG org.apache.hc.client5.http.wire -- http-outgoing-1 << "X-GitHub-Request-Id: 6450:523E3:12FF4EAF:13249F3C:67765216[\r][\n]"
14:21:23.118 [main] DEBUG org.apache.hc.client5.http.wire -- http-outgoing-1 << "Accept-Ranges: bytes[\r][\n]"
14:21:23.118 [main] DEBUG org.apache.hc.client5.http.wire -- http-outgoing-1 << "Date: Thu, 02 Jan 2025 08:51:23 GMT[\r][\n]"
14:21:23.118 [main] DEBUG org.apache.hc.client5.http.wire -- http-outgoing-1 << "Via: 1.1 varnish[\r][\n]"
14:21:23.118 [main] DEBUG org.apache.hc.client5.http.wire -- http-outgoing-1 << "Age: 341[\r][\n]"
14:21:23.118 [main] DEBUG org.apache.hc.client5.http.wire -- http-outgoing-1 << "X-Served-By: cache-sin-wsss1830031-SIN[\r][\n]"
14:21:23.118 [main] DEBUG org.apache.hc.client5.http.wire -- http-outgoing-1 << "X-Cache: HIT[\r][\n]"
14:21:23.118 [main] DEBUG org.apache.hc.client5.http.wire -- http-outgoing-1 << "X-Cache-Hits: 1[\r][\n]"
14:21:23.118 [main] DEBUG org.apache.hc.client5.http.wire -- http-outgoing-1 << "X-Timer: S1735807883.427724,VS0,VE2[\r][\n]"
14:21:23.118 [main] DEBUG org.apache.hc.client5.http.wire -- http-outgoing-1 << "Vary: Accept-Encoding[\r][\n]"
14:21:23.118 [main] DEBUG org.apache.hc.client5.http.wire -- http-outgoing-1 << "X-Fastly-Request-ID: 06964090c55ce65d1516b2e7b181ff27a9a1adea[\r][\n]"
14:21:23.118 [main] DEBUG org.apache.hc.client5.http.wire -- http-outgoing-1 << "[\r][\n]"
14:21:23.118 [main] DEBUG org.apache.hc.client5.http.headers -- http-outgoing-1 << HTTP/1.1 200 OK
14:21:23.118 [main] DEBUG org.apache.hc.client5.http.headers -- http-outgoing-1 << Connection: keep-alive
14:21:23.118 [main] DEBUG org.apache.hc.client5.http.headers -- http-outgoing-1 << Content-Length: 72227
14:21:23.118 [main] DEBUG org.apache.hc.client5.http.headers -- http-outgoing-1 << Server: GitHub.com
14:21:23.118 [main] DEBUG org.apache.hc.client5.http.headers -- http-outgoing-1 << Content-Type: application/json; charset=utf-8
14:21:23.118 [main] DEBUG org.apache.hc.client5.http.headers -- http-outgoing-1 << permissions-policy: interest-cohort=()
14:21:23.118 [main] DEBUG org.apache.hc.client5.http.headers -- http-outgoing-1 << x-origin-cache: HIT
14:21:23.118 [main] DEBUG org.apache.hc.client5.http.headers -- http-outgoing-1 << Last-Modified: Thu, 02 Jan 2025 08:10:24 GMT
14:21:23.118 [main] DEBUG org.apache.hc.client5.http.headers -- http-outgoing-1 << Access-Control-Allow-Origin: *
14:21:23.118 [main] DEBUG org.apache.hc.client5.http.headers -- http-outgoing-1 << Strict-Transport-Security: max-age=31556952
14:21:23.118 [main] DEBUG org.apache.hc.client5.http.headers -- http-outgoing-1 << ETag: W/"677649f0-229175"
14:21:23.118 [main] DEBUG org.apache.hc.client5.http.headers -- http-outgoing-1 << expires: Thu, 02 Jan 2025 08:55:02 GMT
14:21:23.118 [main] DEBUG org.apache.hc.client5.http.headers -- http-outgoing-1 << Cache-Control: max-age=600
14:21:23.118 [main] DEBUG org.apache.hc.client5.http.headers -- http-outgoing-1 << Content-Encoding: gzip
14:21:23.118 [main] DEBUG org.apache.hc.client5.http.headers -- http-outgoing-1 << x-proxy-cache: HIT
14:21:23.118 [main] DEBUG org.apache.hc.client5.http.headers -- http-outgoing-1 << X-GitHub-Request-Id: 6450:523E3:12FF4EAF:13249F3C:67765216
14:21:23.118 [main] DEBUG org.apache.hc.client5.http.headers -- http-outgoing-1 << Accept-Ranges: bytes
14:21:23.118 [main] DEBUG org.apache.hc.client5.http.headers -- http-outgoing-1 << Date: Thu, 02 Jan 2025 08:51:23 GMT
14:21:23.118 [main] DEBUG org.apache.hc.client5.http.headers -- http-outgoing-1 << Via: 1.1 varnish
14:21:23.118 [main] DEBUG org.apache.hc.client5.http.headers -- http-outgoing-1 << Age: 341
14:21:23.118 [main] DEBUG org.apache.hc.client5.http.headers -- http-outgoing-1 << X-Served-By: cache-sin-wsss1830031-SIN
14:21:23.118 [main] DEBUG org.apache.hc.client5.http.headers -- http-outgoing-1 << X-Cache: HIT
14:21:23.118 [main] DEBUG org.apache.hc.client5.http.headers -- http-outgoing-1 << X-Cache-Hits: 1
14:21:23.118 [main] DEBUG org.apache.hc.client5.http.headers -- http-outgoing-1 << X-Timer: S1735807883.427724,VS0,VE2
14:21:23.118 [main] DEBUG org.apache.hc.client5.http.headers -- http-outgoing-1 << Vary: Accept-Encoding
14:21:23.118 [main] DEBUG org.apache.hc.client5.http.headers -- http-outgoing-1 << X-Fastly-Request-ID: 06964090c55ce65d1516b2e7b181ff27a9a1adea
14:21:23.120 [main] DEBUG org.apache.hc.client5.http.impl.classic.MainClientExec -- ex-0000000002 connection can be kept alive for 3 MINUTES
14:21:23.164 [main] DEBUG org.apache.hc.client5.http.wire -- http-outgoing-1 << "[0x1f][0xffffff8b][0x8][0x0][0x0][0x0][0x0][0x0][0x0][0x3][0xffffffcc][0xffffffbd][0xffffffdd][0xffffff8e],Iv^[0xfffffff9].}-[0x16][0xffffffc3][0xffffffed][0xffffffcf][0xffffffcd][0xfffffff8][0x1c][0xffffffba][0xffffff9a][0xffffffc1]\[0xfffffff4][0xffffff90]=d[0x3]M6[0xffffffd1][0xffffffdd][0xffffff92][0x6]#[0xffffffe8][0xffffffdd]'22[0xffffffcf][0xffffffc9],[0xffffffdb]_[0x1c]U[0xfffffff8]i[0xffffffec][0xfffffff5]A[0x12][0x8]J[0xffffff9d][0xffffffe5]&baa[0xffffff95][0xffffff87][0xffffffed][0xffffffed][0xffffffff][0xfffffff3]w[0x7f][0xfffffffb][0xffffffe3][0xffffffbf][0xffffffff][0xffffffe1][0xffffffaf][0x7f][0xfffffffb][0xfffffffd][0xffffffbf][0xffffffff][0xffffffe7][0xffffffef][0xfffffffe][0xffffffe9]w[0xffffffe5]V[0xfffffffa]?[0xffffffdc][0xffffff8e][0xfffffffb][0xffffffff][0xfffffffe][0xffffffaf][0xffffffa5][0xfffffffc][0xffffffd3]m[0xfffffffd][0xffffffd3]1~[0xffffffb9][0xfffffff5][0xfffffffe][0x7f][0xfffffffc][0xffffffee][0xffffffbf][0xfffffffc][0xffffffee][0xffffffbf][0xffffffff][0xffffffe1]/[0x7f][0xfffffffd][0xffffffe3][0xffffff9f][0xffffffff][0xffffffe3][0xffffffaf][0xffffffbf][0xfffffffb][0xffffffa7][0xffffffff][0xfffffff3][0x7f]~[0xfffffffb]o[0xffffffee][0x7f]q[0x1c][0xfffffff5][0xffffff97][0xffffffdb]/}[0xffffff9c][0xffffffe5][0xffffff97][0xffffffdb][0xfffffffd]?[0xfffffff5][0xffffff97]?[0xfffffffc][0xfffffff7]?~[0xffffffff][0x7f])G[0xffffffeb][0xfffffffd][0xfffffffe][0x7f][0xfffffff9]/[0x7f][0xfffffffe][0x1f][0xffffffff][0xfffffff1][0xffffffa7]?[0xffffffff][0xfffffffe]_[0xffffffee][0x7f][0xfffffffb]?[0x7f][0xfffffff7][0xffffffcf][0xffffffff][0xfffffff6][0xffffff97]?[0xffffffff][0xfffffffb][0x1f][0x1e][0xffffffff][0xffffff94][0xffffffff][0xfffffffc][0xffffffd3][0xffffffef][0xffffffff][0xfffffff6][0xffffffff][0xfffffffc][0xfffffff9]/[0xffffffff]~[0xffffffff][0xf][0xffffffff][0xffffffe9][0xffffff8f][0xffffffff][0xfffffff1][0xffffffdf][0xfffffffe][0xffffffdf][0xffffffd1][0xffffffee][0xffffffff][0xffffffe1][0xffffffff][0xfffffff6][0xffffff97]?[0xffffffdd][0xffffffff][0xfffffffb][0x7f][0xfffffffb][0xffffffdb][0xffffffdf][0xfffffffe][0xfffffff3][0xffffffaf][0xffffffff][0xfffffff4][0xffffff8f][0xffffffff][0xfffffff8][0xffffffd7][0xffffffbf][0xfffffffd][0xfffffff9]/[0xffffffbf][0xffffffff][0xffffffd7]?[0xfffffffc][0xfffffff2][0xffffffaf][0x7f][0xfffffffe][0xfffffff3][0xffffffbf][0xfffffffe][0xffffffe9][0xf][0xffffffbf][0xffffffff][0xffffffcf]?[0xfffffffe][0xfffffff5][0xffffff97][0x7f][0xfffffffe][0xfffffff3][0xffffffbf][0xffffffff][0xffffffe3][0xfffffffb]?[0xffffffe4][0x1f][0xffffffee][0x7f][0xfffffffc][0xf][0x7f][0xffffffbb][0x1f][0xfffffffe][0xffffff8f][0xffffffff][0xfffffff1][0xffffffaf][0xffffffff][0xfffffff0][0xffffff9f][0xffffffff][0xffffffed][0xffffffff][0xfffffffe][0xffffffd3][0x1f][0xffffffff][0xfffffff9][0x1f][0xffffffbf][0xffffff9e][0xffffffe7][0x1f]?[0xfffffffe][0xffffffa9][0xffffffdf][0xfffffffe][0xffffffe3][0x1f][0xffffffff][0xffffffed]/[0xffffffff][0xffffffdf][0x1f][0xffffffff][0xfffffff3]w[0xffffffff][0xffffffeb][0xffffffbf][0xfffffffc][0xffffffea][0xfffffff9][0xffffffff][0xfffffffe][0xfffffffb][0x7f][0xfffffffe][0xffffff87][0xffffffdf][0xffffffff][0xffffffe5][0xffffffdf][0xffffffff][0xffffffee]'[0xfffffff8][0xfffffffe][0xffffffcf][0xfffffffd][0xfffffff6][0x7][0xffffffdf][0xffffffff]/[0xffffff9e][0xffffff9d][0xffffffe2][0xffffffef][0xffffffff]?[0xffffff85][0xffffff8f][0x7f][0xffffffea][0xffffffd7][0x13]<[0xfffffff9][0xffffff9f][0xffffffc2][0xffffffff][0xfffffff8][0xffffffe3][0x7f][0xffffffd4][0xfffffff2]w~[0xfffffffa][0xffffffe3][0xffffff9f][0xfffffff9][0xffffffed]?[0xfffffffc][0xfffffff8]o[0xffffff9e]<[0xfffffff9][0xffffffef][0xfffffffe][0xffffffff][0xffffffef][0xffffffc7]?[0xfffffff3][0xffffffcb][0xffffff93][0xffffffbf][0xfffffffd][0xffffffff][0xfffffff9][0xffffffff][0xfffffffa]_o[0xf][0xffffff97][0x8][0xffffffd7]n[0xffffffc6]p[0xffffffed]8[0xffffffc4][0xfffffff7]#[0xfffffff0][0x14][0x7f][0x1c][0xffffff82][0xffffffc2][0xfffffff8][0xfffffffe]x[0xffffff8a][0xffffffe3][0xfffffff7]G[0xffffffbf][\n]"
14:21:23.164 [main] DEBUG org.apache.hc.client5.http.wire -- http-outgoing-1 << "[0xfffffff2][0xffffffa8]f [0xffffff8f][0xffffff8a][0xffffff83]|?[0x2][0xf][0xfffffff2][0xffffffc7]!([0xffffff90][0xffffffef][0xffffff8f][0xffffffa7]@~[0x7f][0xfffffff4]o[0x4][0xffffffb9]=[0xfffffffe]j[\r][0x11][0x15][0xffffffa3][0xffffff8c][0xffffff95][0xffffffce][0xfffffff1][0xffffffe7]y([0xffffff8c][0xffffffbf][0xffffff9c][0x0][0xffffffa3]x;C2[0xffffffc4]_[0xffffff9e][0xffffff9e][0xffffffcc][0xfffffff0][0xffffffaf][0xffffff9f][0xfffffffc][\n]"
14:21:23.164 [main] DEBUG org.apache.hc.client5.http.wire -- http-outgoing-1 << "[0xffffffc2][0xffffffe7]m[\n]"
14:21:23.164 [main] DEBUG org.apache.hc.client5.http.wire -- http-outgoing-1 << "[0xffffff84]g[0xffffffed][0x7][0xffffff83][0xfffffff0][0xffffffe3]<([0xffffffc2][0xffffffef]'`[0x11][0xfffffffe]<[0x3][0xffffff81][0xfffffff0][0xfffffffb][0xffffffd3][0x9][0xffffff84][0xffffffbf]?[0xfffffff9]5[0xffffff84][0xffffff97]B[0xffffffb8][0xffffffb7]F![0xffffffbc]p[0xffffff84][0xffffff97][0x1][0xffffffc2][0xb]Exa[0x8][0xffffffaf][0xb][0x8][0x1f]7[0xffffff85][0xfffffff0][0xffffffac][0x13]B[0xfffffff8][0xffffffed]<,[0xffffffc2][0xffffff8f][0x13][0xffffffc0][0x8][0x7f]?[0x3][0xffffff82][0xfffffff0][0xffffffe3][0xffffffe9][0x8][0xffffffc2][0xffffffdf][0xffffff9e][0xfffffffc][0x1a][0xffffffc2][0xffffffc7]/[0xfffffff1][0xffffffdf][0xffffffe9][0xffffffd6]1n[0x14][0xffffffc2][0xfffffff7][0xfffffff3][0xffffffc0][0x8][0xffffffbf][0xffffff9d][0xffffff80]F[0xfffffff8][0xffffffdb][0x19][0x18][0xffffff84][0xffffffdf][0xffffff9e][0xffffffce] [0xfffffffc][0xfffffff1][0xffffffe4][0xffffffd7][0x10][0xffffffae][0xffffffc2][0xffffffc2][0xffffffeb][0x1c]TH[0xffffffbc][0xffffff9d][0x7]F[0xffffffb8][0x1a]X[0xffffffb8][0xffffffa2][0x16][0xffffffae][0xffffff98][0xffffff85][0xffffffeb][0x15][0xb][0xfffffff7][0xffffff88]p[0xffffffbd][0xffffffd5]Y)[0xffffff84];[0xffffff8e]p7@[0xffffffb8][0xffffffa3][0x8]w[0xc][0xffffffe1]~[0x5]a[0xfffffff1]F[0xffffffa2][0x1e][0x5]x9[0xfffffffc]y[0x1e][0x18]a[0xffffff83]7[0x12][0x7][0xfffffffa]F[0xffffffe2][0xffffffc0][0xffffffde]H[0x1c]W[0xffffffde]H[0xffffff94][0xffffffdb]/-"<o[0x3]B[0xfffffff8][0xffffffed]<,[0xffffffc2][0xffffff8f][0x13][0xffffffc0][0x8][0x7f]?[0x3][0xffffff82][0xfffffff0][0xffffffe3][0xffffffe9][0x8][0xffffffc2][0xffffffdf][0xffffff9e][0xfffffffc][0x1a][0xffffffc2][0xffffffe2][0xffffffbe]D-[0xffffff8d]C[0x18][0xffffffbc]/[0xfffffff1][0xffffffe5][0x4]4[0xffffffc2][0xffffffd0]}[0xffffff89]/Og[0x10]~[0xffffffed][0xffffffbe][0xffffffc4][0xffffffc7][0x1f]5[0xffffff81]p[0xffffffbd][0x1d][0xffffffd4][0x1b][0xffffff89][0xffffffb7][0xfffffff3][0xffffffc0][0x8]7[0x3][0xffffff84][0x1b][0xffffff8a]p[0xffffffc3][0x10]nW[0x10]V-[0xffffffdc][0xffffffca]A[0xfffffffd]:W[0xfffffff0][0x16].[0x6]-\[0xffffffd0][0x16].X[0xb][0xffffff97]+-\UH[0xffffffb4][0xffffffb6][\n]"
14:21:23.164 [main] DEBUG org.apache.hc.client5.http.wire -- http-outgoing-1 << "[0xffffff84]p[0xffffffc5]C[0xffffffa2][0x1a][0xffffff84]DEC[0xffffffa2]b!Q[0xffffffaf][0xffffff84]D[0x15][0xffffffef][0xffffff85]k[0xffffff9b]'[0xfffffff5]F[0xffffffa2][0xffffffe2][0xffffffef][0xffffff85][0xffffffab][0xffffffc1]{[0xffffffe1][0xffffff8a][0xffffffbe][0x17][0xffffffae][0xffffffd8]{[0xffffffe1]z[0xffffffe5][0xffffffbd]pU-[0xffffffdc][0xffffff8f][0x1b][0xffffff86]0[0xffffffde][0xffffffc2][0xffffffd5][0xffffffa0][0xffffff85][0xffffffbf][0xffffff9f][0xffffff81]A[0x18]k[0xffffffe1]oO~[\r]a[0xfffffff5][0xffffffd3]F[0xffffffef]'[0xfffffff5][0xffffffaf]s[0x15][0xffffffff]i[0xffffffa3][0x1a][0xfffffffc][0xffffffb4]Q[0xffffffd1][0xffffff9f]6*[0xfffffff6][0xffffffd3]F[0xffffffbd][0xfffffff2][0xffffffd3][0xffffffc6][0xfffffffd][0xffffff8f][0xffffff8a][0x19][0xffffffc2][0x5]G[0xffffffb8][0x18] \P[0xffffff84][0xb][0xffffff86]p[0xffffffb9][0xffffff82]p[0xffffffb8][0xffffffe6][0x3]#[0xc]_[0xfffffff3]y[0xffffff9c][0xffffff80]G[0x18][0xffffffbc][0xffffffe6][0xfffffff3]x:[0xffffff85][0xfffffff0][0xffffffeb][0xffffffd7]|[0xffffffee][0x7f]4[0xffffffcc][0x10][0x1e]8[0xffffffc2][0xffffffc3][0x0][0xffffffe1][0xffffff81]"<0[0xffffff84][0xffffffc7][0x15][0xffffff84][0xf]7[0xffffff86][0xf][0x1e][0xffffffe2][0xffffffc3][0xffffff81][0xffffffe2][0xffffff83][0xffffffc5][0xfffffff8][0xffffffe0]8>.[0xffffff81]\[0xffffffdc]@.<[0xffffffc8][0xffffffc5][0x1][0xffffffe4][0xffffffc2][0xffffff82]\8[0xffffff90][0xffffffcb]%[0xffffff90][0xffffffe3]p>[0xc]27[0xffffff9c][0xffffffff][0xfffffff5][0x8]<[0xffffffc8][0xffffffcc]p[0xfffffffe][0xffffffd7][0xffffffc7]S [0xffffffbf]4[0xffffff9c][0xffffffff][0xfffffffd][0xffffffaf][0xffffff9a][0x1b][0xffffffc8][0xffffff8d][0x7][0xffffffb9]9[0xffffff80][0xffffffdc]X[0xffffff90][0x1b][0x7]r[0xffffffbb][0x4][0xfffffff2]r{a[0xffffffbc][0xfffffff8]7[0xffffffc6][0xfffffff7]#[0xfffffff0] [0x7f][0x1c][0xffffff82][0x2]yq/[0xffffff8d][0xffffffd7][0xffffffa5][0xffffffb7][0xffffffc6]Gu{[0xffffffe9]v?[0x11][0xffffff8e][0xfffffff2][0xffffffdb][0x19]x[0xffffff96][0xffffffbf][0xffffff9d][0xffffff82][0xffffff82][0xfffffff9][0xffffffed][0xfffffff9][0x14][0xffffffcd][0x1f][0xffffffcf][0xfffffffe][0xffffff8d]8[0xfffffff7][0xfffffff7]?[0x13][0xffffffe3][0xfffffffa][0xfffffff5][0xffffffbc][0xffffff8d][0xfffffffc][0xb]A[0xffffff9f][0xffffffe7][0xffffffa1]P[0xfffffffe]r[0x2][0xc][0xffffffe4][0xffffffed][0xc][0xffffffc9][0x18][0x7f]yz2[0xffffffc4][0xffffffbf]~[0xfffffff2]K[0x8]71[0xffffffae]_[0xffffffcf]:[0xfffffff3][0xffffffaf]e~[0xffffff9e][0xffffff87]E[0xffffffb8][0xffffffa1][0xffffffe3][0xfffffffa][0xffffffdb][0x19][0x10][0xffffff84][0x1b]0[0xffffffae][0xffffffff][0xffffffeb]'[0xffffffbf][0xffffff86][0xfffffff0][0xffffffa1][0x10][0xffffffee]-?)>[0xffffffcf][0x3]#|[0x18] |[0xffffffa0][0x8][0x1f][0x18][0xffffffc2][0xffffffc7][0x15][0xffffff84][0xffffffd5][0xffffffcd][0xffffffe2][0xffffffb3][0xffffffaf][0xffffff93]B[0x18][0xffffffbc]Y[0xfffffffc][0xffffffe5][0x4]4[0xffffffc2][0xffffffd0][0xffffffcd][0xffffffe2]/Og[0x10]~[0xffffffed]f[0xfffffff1][0xffffffc7][0x1f][0xffffffa9][0xffffff9b][0xffffffc5][0xffffffe7]h[0xfffffff9][0xb][0x4]?[0xffffffcf][0x3]#[0xffffff8c][0xffffffde],[0xffffffde][0xffffffce][0xffffffc0] [0xc][0xffffffdc],[0xfffffffe][0xfffffff5][0xffffff93]_C[0xffffffb8]I[0xffffff84]W[0xfffffffe][0xffffffc6][0xffffff89][0xffffffcf][0xfffffff3][0xffffffc0][0x8]7[0x3][0xffffff84][0x1b][0xffffff8a]p[0xffffffc3][0x10]nW[0x10]>[0x5][0xffffffc2][0xffffffb3][0x14],$N[0x1c][0xffffffe1][0xffffffd3][0x0][0xffffffe1][0x13]E[0xfffffff8][0xffffffc4][0x10]>[0xffffffaf] [0xffffffac]^[0xffffffaa][0xffffffcd][0xffffffd9]1[0xb][0xffffffe3]/[0xffffffd5][0xffffff9a][0xffffffc1]K[0xffffffb5][0xffffff86][0xffffffbe]Tk[0xffffffd8]K[0xffffffb5]v[0xffffffe5][0xffffffa5]ZW/[0xffffffd5]V9([0xffffff84];[0xfffffffe]R[0xffffffad][0x1b][0xffffffbc]T[0xffffffeb][0xffffffe8]K[0xffffffb5][0xffffff8e][0xffffffbd]T[0xffffffeb]W^[0xffffffaa]u[0xfffffff5]Rm[0xffffffb5]B[0xffffffbd]T[0xffffffeb][0xfffffff8]K[0xffffffb5]n[0xfffffff0]R[0xffffffad][0xffffffa3]/[0xffffffd5]:[0xfffffff6]R[0xffffffad]_y[0xffffffa9]v[0xffffffff][0xffffffa3]8[0xffffffa2][0xffffffc4]"[0xffffff8c][0xffffff8d](}9[0x1][0xffffff8f]02[0xffffffa2][0xfffffff4][0xffffffe5][0xffffffe9][0x14][0xffffffc2][0xffffffaf][0xffffff8c](}[0xfffffffc]QQ[0x8][0xffffffdf][0xffffffbb][0xffffff9a]B[0xffffffb8][0xffffffe0][0x8][0x17][0x3][0xffffff84][0xb][0xffffff8a]p[0xffffffc1][0x10].W[0x10][0x16][0xffffffef][0xffffff85][0xffffffdb][0xffffffed]V[0xfffffff2][0xffffffb7][0xffffffaf]}[0xffffff9e][0x7]F[0xffffffd8][0xffffffe0][0xffffffbd]pG[0xffffffdf][0xb]w[0xffffffec][0xffffffbd]p[0xffffffbf][0xfffffff2]^[0xffffffb8]w[0xffffff85]p[0x7]6N|[0xffffff9e][0x7]F[0xffffffb8][0x1b] [0xffffffdc]Q[0xffffff84];[0xffffff86]p[0xffffffbf][0xffffff82][0xffffffb0][0xfffffff8][0xffffffbc][0xffffffd7][0x1d]a[0xffffffec][0xffffffa6]Z[0x7]?[0xffffffef][0xfffffff5][0xffffffe5][0x4]4[0xffffffc2][0xffffffd0][0xffffffe7][0xffffffbd][0xffffffbe]<[0xffffff9d]A[0xfffffff8][0xffffffb5][0xffffffcf]{}[0xfffffffc][0xffffff91][0xfffffff8]i[0xffffffa3][0xffffffdd][0x6]ga[0xfffffffc][0xffffffa7][0xffffff8d]n[0xfffffff0][0xffffffd3]FG[0x7f][0xffffffda][0xffffffe8][0xffffffd8]O[0x1b][0xfffffffd][0xffffffca]O[0x1b]][0xffffffec][0xffffffc0][0xffffffbc]#[0xc]|X[0xffffffe6][0xfffffff3]<0[0xffffffc2][0xffffffe8][0xe][0xffffffcc][0xffffffed][0xc][0xc][0xffffffc2][0xffffffc0][0xe][0xffffffcc]_?[0xfffffff9]5[0xffffff84][0xffffffc5][0xffffffaf]s[0xffffffed]v[0xffffff9e][0xffffffd4]}[0xffffffe1][0xffffff8e][0xffffffff]:[0xffffffd7][\r]~[0xffffff9d][0xffffffeb][0xffffffe8][0xffffffaf]s[0x1d][0xfffffffb]u[0xffffffae]_[0xfffffff9]un[0xffffff88][0xffffff9f]6[0x1a][0xfffffff2]U[0xffffff8e][0xffffffcf][0xfffffff3][0xffffffb0][0x8][0xf][0xffffff83][0xffffff9f]6[0x6][0xfffffffa][0xffffffd3][0xffffffc6][0xffffffc0]~[0xffffffda][0x18]W~[0xffffffda][0x18][0xffffffe2][0xffffffbe]p;F[0xffffffa5]^[0xffffffaa][\r][0xfffffffc][0xffffffbe][0xfffffff0]0[0xffffffb8]/<[0xffffffd0][0xfffffffb][0xffffffc2][0x3][0xffffffbb]/<[0xffffffae][0xffffffdc][0x17][0xffffffbe][0xffffffff]Q3C[0x18][0xfffffffb][0xffffffb0][0xffffffcc][0xffffff97][0x13][0xfffffff0][0x8]#[0x1f][0xffffff96][0xfffffff9][0xfffffff2]t[\n]"
14:21:23.164 [main] DEBUG org.apache.hc.client5.http.wire -- http-outgoing-1 << "[0xffffffe1]W>,[0xfffffff3][0xfffffff1]G[0xffffffea][0xffffffa7][0xffffff8d]c[\r][0xffffffaa][0xffffff85][0x7][0xfffffffe][0xffffffd3][0xffffffc6]0[0xfffffff8]ic[0xffffffa0]?m[0xc][0xffffffec][0xffffffa7][0xffffff8d][0xfffffff1][0xffffffc3][0xffffff9f]6[0xfffffffe][0xffffffcb][0x7][0xffffff84][0xffffffff][0xfffffff2][0xffffff97]?[0xffffffde]A&P|[0x7f][0xffffffb2][0x3][0xffffff90][0x1f]'[0xffffffc1][0xffffffb1][0xfffffffc]r[0xe][0x8][0xffffffce][0xffffff8f][0x13]`[0xffffff88]~>[0xffffffff][0x7f][0xffffffeb][0xffffffda].\[[0x6][0xfffffff0]Y[0xfffffff1][0xffffffcf][0xfffffff3][0xffffffc0][0xffffffae][0xffffffed][0x6][0xffffffae][0xffffffed][0x1][0xffffffea]L[0xffffff9c];[0xffffffe6][0xffffffda][0xffffffee][0xffffffe4][0xffffffda][0xffffff88]"[0xffffffe3]Z[0x5]$[0xffffffe3][0xffffffda][0xffffff88]e[0xffffffbe]kw8[0xffffffb3]][0xffffffbb]#[0xfffffffa][0xffffff82]k[0xffffffd5]/m[0xfffffff5][0xffffff98][0xffffff98]k[0xfffffff1]_[0xffffffda][0xffffff86][0xffffffc1]/m[0x3][0xfffffffd][0xffffffa5]m`[0xffffffbf][0xffffffb4][0xffffff8d][0x1f][0xfffffffe][0xffffffd2][0xffffff96][0xffffffed][0xffffffda][0xffffff88]"[0xffffffe3]Z[0x5]$[0xffffffe3][0xffffffda][0xffffff88]e[0xffffffbe]kw8[0xffffffb3]][0xffffffbb]#[0xfffffffa][0xffffff82]k[0xffffffd5]O[0xffffffc2][0xffffffb5]W[0xffffffec][0xffffffc7][0x8][0xfffffffc]'[0xffffffe1]a[0xfffffff0][0xffffff93][0xfffffff0]@[0x7f][0x12][0x1e][0xffffffd8]O[0xffffffc2][0xffffffe3][0xffffff87]?[0x9]g[0xffffffbb]6[0xffffffa2][0xffffffc8][0xffffffb8]V[0x1][0xffffffc9][0xffffffb8]6b[0xffffff99][0xffffffef][0xffffffda][0x1d][0xffffffce]l[0xffffffd7][0xffffffee][0xffffff88][0xffffffbe][0xffffffe0]Zuw[0xffffffa1][0xffffff8e]N[0xffffffad]([0x19][0xfffffff8][0xffffffdd][0xffffff85]apwa[0xffffffa0]w[0x17][0x6]vwa[0xfffffffc][0xfffffff0][0xffffffee]B[0xffffffb6]k#[0xffffff8a][0xffffff8c]k[0x15][0xffffff90][0xffffff8c]k#[0xffffff96][0xfffffff9][0xffffffae][0xffffffdd][0xffffffe1][0xffffffcc]v[0xffffffed][0xffffff8e][0xffffffe8]ow[0xffffffed])F[0xffffffe0][=[0xf]jr[0xffffffed][0xffffffc4]G[0xffffffe0]O[0xffffff83][0x11][0xfffffff8][0x13][0x1d][0xffffff81]?[0xffffffb1][0x11][0xfffffff8][0xfffffff3][0xffffff87]#[0xfffffff0][0xffffffc9][0xffffffae][0x15]("[0xffffffae][0xffffff95]@"[0xffffffae][0x15]X[0xffffffa6][0xffffffbb]6[0xffffffc0][0xffffff99][0xffffffec][0xffffffda][0xffffff80][0xffffffe8][0xb][0xffffffae]U[0x17][0x1a][0xffffffeb][0xffffffbd][0xffffff94])[0xffffffd7][0xffffffe2][0x17][0x1a]O[0xffffff83][0xb][0xffffff8d]'z[0xffffffa1][0xfffffff1][0xffffffc4].4[0xffffff9e]?[0xffffffbc][0xffffffd0][0xffffff98][0xffffffed][0xffffffda][0xffffff88]"[0xffffffe3]Z[0x5]$[0xffffffe3][0xffffffda][0xffffff88]e[0xffffffbe]kw8[0xffffffb3]][0xffffffbb]#[0xfffffffa][0xffffff82]k[0xffffffd5][0xffffffcd][0xffffffdb]:[0xf][0xffffffea][0xffffffda][0xffffffe2][0xffffff89][0xffffffdf][0xffffffbc]=[\r]n[0xffffffde][0xffffff9e][0xffffffe8][0xffffffcd][0xffffffdb][0x13][0xffffffbb]y{[0xfffffffe][0xfffffff0][0xffffffe6]m[0xffffffb6]k#[0xffffff8a][0xffffff8c]k[0x15][0xffffff90][0xffffff8c]k#[0xffffff96][0xfffffff9][0xffffffae][0xffffffdd][0xffffffe1][0xffffffcc]v[0xffffffed][0xffffff8e][0xffffffe8][0xb][0xffffffae]U[0xfffffff7]k[0xffffffeb][0x2][0xffffffbe][0x15][0xfffffff4]y[0x1e][0xffffffd8][0xffffffb5][0x6][0xfffffff7]k[0xffffffcf]x[0xffffff91]1[0x13]g[0xffffffec]~[0xffffffed][0xffffffb9]_^D]kr[0xffffffbf]V[0x2][0xffffffc9][0xffffffb8][0xffffffd6][0xffffffe0]~m[0xffffff80]3[0xffffffdb][0xffffffb5][0xffffffd7][0xffffffef][0xffffffd7][0xffffffde][0xffffffff][0xffffffb4][0xffffff99][0xffffffb9][0x16][0x1e][0xffffffc7]y[0xffffff9c][0xffffff80]w-8[0xffffff8e][0xfffffff3]x:[0xffffffe5][0xffffffda][0x1f][0xffffff8c][0xffffffe3][0xffffffe4][0xffffffbb]vG[0xffffff91]rm[0x4][0xffffff92]r[0xffffffed][0xffffff8e]%[0xffffffe1][0xffffffda][0x6][0xffffffbb][0xffffffb6]]u[0xffffffad]Z[0xffffffc6][0xffffffd4][0x16][0xffffffb6][0x1e][0xfffffffa][0xffffffc4][0xffffff97]1[0xffffff9d][0x6][0xffffffcb][0xffffff98]Nt[0x19][0xffffffd3][0xffffff89]-c:[0x7f][0xffffffb8][0xffffff8c])[0xffffffdb][0xffffffb5][0x11]E[0xffffffc6][0xffffffb5][\n]"
14:21:23.164 [main] DEBUG org.apache.hc.client5.http.wire -- http-outgoing-1 << "H[0xffffffc6][0xffffffb5][0x11][0xffffffcb]|[0xffffffd7][0xffffffee]pf[0xffffffbb]vG[0xfffffff4][0x5][0xffffffd7][0xffffffaa]Y[0xffffff86]^[0xffffffb0][0xffffffaf]I[0xffffff9c][0xfffffff8],[0xffffffc3]i0[0xffffffcb]p[0xffffffc6]K[0xffffffe3][0xffffff99]8c[0xffffffb3][0xc][0xffffffe7]~Q[0x1c]u[0xffffffad][0xffffffc9],[0xffffff83][0x4][0xffffff92]q[0xffffffad][0xffffffc1],C[0xffffff80]3[0xffffffdb][0xffffffb5][0xffffffd7]g[0x19][0xffffffa6][0xffffffba][0xffffff87]0[0x1a][0xfffffff6][0x9][0xffffffc0][0xffffff89][0xffffffdf]C[0xffffff98][0x6][0xfffffff7][0x10]f[0xfffffffc][0xffffffc1]7[0x11][0xffffffe7][0xffffff89][0xffffffdd]C[0xffffff98][0xfffffffb][0xffffff8f][0xffffffbc][0xffffffa4]k[0x5][0xffffff8a][0xffffff88]k%[0xffffff90][0xffffff88]k[0x5][0xffffff96][0xffffffe9][0xffffffae][\r]p&[0xffffffbb]6 [0xfffffffa][0xffffff82]k[0xffffffbb]r[0xffffffed]*[0xffffff8d]rm[0xffffffc7]][0xffffffdb][\r]\[0xffffffdb][0x3][0xffffffd4][0xffffff99]8w[0xffffffcc][0xffffffb5][0xffffffdd][0xffffffc9][0xffffffb5][0x11]E[0xffffffc6][0xffffffb5][\n]"
14:21:23.164 [main] DEBUG org.apache.hc.client5.http.wire -- http-outgoing-1 << "H[0xffffffc6][0xffffffb5][0x11][0xffffffcb]|[0xffffffd7][0xffffffee]pf[0xffffffbb]vG[0xfffffff4][0x5][0xffffffd7][0xffffffaa][0xffffffb9][0xffffffb1][0xfffffff3][0xfffffffe]O[0xffffffa4]\[0xffffff8b][0xffffffcf][0xffffff8d]M[0xffffff83][0xffffffb9][0xffffffb1][0x19][0x7]t2q[0xffffffc6][0xffffffe6][0xffffffc6][0xffffffe6]>[0xffffff94][0xffffff83][0xffffffba][0xffffffd6]dnL[0x2][0xffffffc9][0xffffffb8][0xffffffd6]`n,[0xffffffc0][0xffffff99][0xffffffed][0xffffffda][0xffffffeb]sc[0xffffffeb][0xfffffff6]K[\r][0xffffffae][0xffffff9d][0xfffffff7][0xffffffff][0x3][0xffffffb9][0xfffffff6][0xffffffed]<[0xffffffac]k[0x1f]'[0xffffff80]][0xfffffffb][0xfffffffd][0xc][0xffffff88]k[0x1f]OG\[0xfffffffb][0xffffffed][0xffffffc9][0x16][0xffffffae][0x15]("[0xffffffae][0xffffff95]@"[0xffffffae][0x15]X[0xffffffa6][0xffffffbb]6[0xffffffc0][0xffffff99][0xffffffec][0xffffffda][0xffffff80][0xffffffe8]K[0xffffffae]=[0xffffffdc]d{[0xfffffff0][0xffffffb6]=[0x1c]t{[0xffffffb0][0xffffffbe]=8[0xffffffe1][0x1e]V[0xffffffc6][\r]<R[0xffffffca][0x15]TR[0xffffffce][\r]l[0x12][0xffffffd2]=h[0xffffffeb][0x1e]?[0xffffffa1][0xffffffdd][0xffffffc7]kZ'[0xffffffed][0x16][0xfffffff8][0xffffffb2][0xffffffed][0xfffffffb][0x11]x[0xffffffed][0x16][0xfffffff0][0xffffffba][0xffffffed][0xfffffffb][0xffffffe3])[0xffffffed][0x16][0xffffff9f][0xb][0xffffffb7][0xffffff8a]GJ[0xffffffbb][0xffffff82]JJ[0xffffffbb][0xffffff81]MB[0xffffffbb][0x5][0xffffffbd]t[0x1b]9}I[0xffffffbb]}[0xffffff98]i[0xffffffb7][0xf]\[0xffffffbb][0xfffffff7]#[0xfffffff0][0xffffffda][0xfffffffd]8[0x4][0xffffffa5][0xffffffdd][0xfffffffb][0xffffffe3])[0xffffffed][0xffffffbe]?[0xffffffda]E[0xffffffbb][0xffffff81]GJ[0xffffffbb][0xffffff82]JJ[0xffffffbb][0xffffff81]MB[0xffffffbb][0x1b][0xffffffa1][0xfffffff9][0xffffffda][0xffffffdd]8}I[0xffffffbb]g7[0xffffffd3][0xffffffee][0xffffffd9]q[0xffffffed][0xffffffde][0xffffff8f][0xffffffc0]k[0xfffffff7][0xffffffe3][0x10][0xffffff94]v[0xffffffef][0xffffff8f][0xffffffa7][0xffffffb4][0xfffffffb][0xfffffffe]h[0x17][0xffffffed][0x6][0x1e])[0xffffffed][\n]"
14:21:23.164 [main] DEBUG org.apache.hc.client5.http.wire -- http-outgoing-1 << "*)[0xffffffed][0x6]6[0x9][0xffffffed]n[0xffffff84][0xffffffe6]kw[0xffffffe3][0xfffffff4]%[0xffffffed][0xffffffae]xi[0xffffff81][0xffffffd5][0xffffffee][0xffffff82]o-[0xffffffbc][0x1f][0xffffff81][0xffffffd7][0xffffffee][0xffffffc7]!([0xffffffed].[0xffffffe8][0xffffffe2][0xffffffc2][0xfffffff7]G[0xffffffbb]h7[0xfffffff0]HiWPIi7[0xffffffb0]Ihw[0xffffffa1][0xffffffb7][0x17]"[0xffffffa7][0xffffffaf]iw[0xffffffba]iw[0xfffffff2][0xffffffda][0xffffff9d][0xe][0xffffffda][0xffffff9d][0xffffffac]v'[0xffffffa7][0xffffffdd]i[0xffffffa5][0xffffffdd][0xffffff9d]GL[0xffffffbb][0xffffff91]JL[0xffffffbb];[0xffffff9b][0xffffff88]v'[0xffffffad][0xffffffdd]y][0xffffffbb][0xffffffc7][0xffffffad][0xffffff98]y[0xfffffff7]~"\[0xffffffbc]og[0xffffffe0][0xffffffcd][0xfffffffb][0xffffffed][0x14][0xffffff94]z[0xffffffdf][0xffffff9e]O[0xffffffb9][0xfffffff7][0xffffffe3][0xffffffd9].[0xfffffff2][0xffffff8d]PR[0xfffffff6]UhR[0xfffffffa][0xffffff8d][0xffffff80][0x12][0xfffffffe][0xffffffdd]1[0xffffffcd][0x17][0xfffffff0][0xe][0xffffffeb]k[0x6]>[0xffffffdd]^8[0xffffffdc]O[0xffffffc4][0x1b][0xfffffff8]~[0x6][0x3][0x3][0x7f][0xffffff9c][0x2]3[0xfffffff0][0xffffffc9][0xffffffbd]t[0xfffffff8]x[0xffffffb6][0xffffff8d][0xffffff81][0x3][0xffffff94][0xffffff98][0xffffff81][0x5][0xffffff9a][0xffffff98][0xffffff81][0x3][0xffffffa0][0xffffff88][0xffffff81]O[0xfffffffa][0xffffffcd][0xffffffc3][0xe][0xffffffeb]o1[0xfffffff0]x[0xffffffff]c[0xffffffb5]}a[0xffffff9e]5[0xffffffdf][0xffffffbf][0xffffff9f][0xffffffe7][0xffffffa1][0xffffffec][0xfffffffb][0xffffffe5][0x4][0xffffff98]{[0xffffffb7]3$[0xffffff9b][0xfffffff7][0xffffffcb][0xffffffd3][0xffffff93][0xffffffbd][0xfffffffb][0xffffffeb]'[0xffffffc3][0xffffffd6]}[0xffffff8a]b[0xffffffb2]s[0x7f][0x0]d[0xffffffb2]q[0xffffff9f]b[0xffffff99][0xffffffe8][0xffffffdb]'p[0xffffffa6][0xffffffd9][0xfffffff6][0x9][0xffffffa2]/[0xffffffb8]Vm&_u[0x14][0xffffffca][0xffffffb5][0xffffffe0]f[0xfffffff2]/'[0xffffffa0]][0xb]m&[0xffffffff][0xfffffff2]t[0xffffffc6][0xffffffb5][0x1e][0xffffff9b][0xffffffc9][0xffffff9f][0xffffffa2][0xffffffc8][0xffffffb8][0xffffffd6]`3[0xfffffff9]S,[0xfffffff3]][0xffffff8b]m&[0x7f][0xffffff82][0xffffffe8][0xb][0xffffffae]m[0xffffffca][0xffffffb5][0xffffffa3][0xffffffe7]o&[0xffffffff]<[0xf][0xffffffec][0xffffffda]f[0xffffffe0][0xffffffda][0x16][0xffffffa0][0xffffffce][0xffffffc4][0xffffffb9]a[0xffffffae]mN[0xffffffae][0xffffff8d](2[0xffffffae]U@2[0xffffffae][0xffffff8d]X[0xffffffe6][0xffffffbb]v[0xffffff87]3[0xffffffdb][0xffffffb5];[0xffffffa2]/[0xffffffb8][0xffffffb6]+[0xffffffd7][0xffffffae][0x3]sm[0xffffffc7]][0xffffffdb][\r]\[0xffffffdb][0x3][0xffffffd4][0xffffff99]8w[0xffffffcc][0xffffffb5][0xffffffdd][0xffffffc9][0xffffffb5][0x11]E[0xffffffc6][0xffffffb5][\n]"
14:21:23.164 [main] DEBUG org.apache.hc.client5.http.wire -- http-outgoing-1 << "H[0xffffffc6][0xffffffb5][0x11][0xffffffcb]|[0xffffffd7][0xffffffee]pf[0xffffffbb]vG[0xfffffff4][0x5][0xffffffd7][0xffffff8e][0xffffffe8][0xffffffda]~[0xffffffbb][\r][0xffffffcc][0xffffffb5][0x3]w[0xffffffed]0p[0xffffffed][0x8]Pg[0xffffffe2]<0[0xffffffd7][0xe]'[0xffffffd7]F[0x14][0x19][0xffffffd7]* [0x19][0xffffffd7]F,[0xfffffff3]][0xffffffbb][0xffffffc3][0xffffff99][0xffffffed][0xffffffda][0x1d][0xffffffd1][0x17]\+[0xffffffbe][0x2]qw[0xffffffed][0xffffffc2][0xffffffde][0xffffffd7][0xffffff82]_[0xffffff81][0xfffffff8]r[0x2][0xffffffda][0xffffffb5][0xffffffd0]W [0xffffffbe]<[0xffffff9d]q[0xffffffad][0xffffffc7]W [0xffffff9e][0xffffffa2][0xffffffc8][0xffffffb8][0xffffffd6][0xffffffe0]+[0x10]O[0xffffffb1][0xffffffcc]w-[0xfffffff6][0x15][0xffffff88]'[0xffffff88][0xffffffbe][0xffffffe0][0xffffffda][0xffffffa9]\{[0x1c][0xfffffff9]_[0xffffff81][0xfffffff8]<[0xf][0xffffffec][0xffffffda]i[0xffffffe0][0xffffffda][0x19][0xffffffa0][0xffffffce][0xffffffc4]yb[0xffffffae][0xffffff9d]N[0xffffffae][0xffffff8d](2[0xffffffae]U@2[0xffffffae][0xffffff8d]X[0xffffffe6][0xffffffbb]v[0xffffff87]3[0xffffffdb][0xffffffb5];[0xffffffa2]/[0xffffffb8]Vl&[0xffffffbf][0xffffffbb][0x16][0xfffffff8][0xffffffba][0xffffffd9][0xffffffe7]y`[0xffffffd7][0xffffffa2][0xffffff9b][0xffffffc9][0xffffffb7]30[0xffffffae][0x5]6[0xffffff93][0xffffffff][0xfffffffa][0xffffffc9][0x1e][0xffffffae][0xffffffc5]7[0xffffff93][0xffffffff][0x0]H[0xffffffc6][0xffffffb5][0xffffffe8]f[0xfffffff2]'pf[0xffffffbb][0xfffffff6][0xffffffca]f[0xfffffff2][0xffffffc7][0xffffff9f][0xffffffce][0xffffffdb]M[0xffffffb9][0xffffffb6]T[0xffffffc8][0xffffffb5][0xffffff8f][0xfffffff3][0xffffffa0][0xffffffae]}?[0x1][0xffffffeb][0xffffffda][0xffffffcf]3[0x10][0xffffffae]}[0x7f]:[0xffffffe1][0xffffffda][0xffffffef]Ovp[0xffffffad]B[0xffffff91]p[0xffffffad][0x6][0xffffff92]p[0xffffffad][0xffffffc2]2[0xffffffdb][0xffffffb5][0x11][0xffffffce]\[0xffffffd7]FD_p[0xffffffad][0xffffff98]e[0xffffffe8][0xffffffb7]Z[0xffffffa1]w[0x8][0xffffff8f][0xfffffff3][0xffffffc0][0xffffffae][0xffffffe5]g[0x19]>[0xffffffcf][0xffffffc0][0xffffffb8][0xffffff96][0xffffff9a]e[0xfffffff8][0xfffffffe]d[0xf][0xffffffd7]z[0xffffffcc]2h [0x19][0xffffffd7][0xfffffff2][0xffffffb3][0xc][0x11][0xffffffce]l[0xffffffd7]^[0xffffff9e]e[0xffffff98][0xffffffb7][0xffffffa2]\[0xffffffdb][0xffffffc6]I[0xffffffb9][0xffffffb6][0xffffffe0][0xffffffae]-[0x6][0xffffffae]-[0x1][0xffffffea]L[0xffffff9c][0xb][0xffffffe6][0xffffffda][0xffffffe2][0xffffffe4][0xffffffda][0xffffff88]"[0xffffffe3]Z[0x5]$[0xffffffe3][0xffffffda][0xffffff88]e[0xffffffbe]kw8[0xffffffb3]][0xffffffbb]#[0xfffffffa][0xffffff82]k[0xffffffeb]/aKM[0xffffffbf][0xffffffad][0xffffff82][0xffffffb9][0xfffffff6]~[0x1e][0xffffffd8][0xffffffb5]o'[0xffffffa0]][0xfffffffb][0xffffffed][0xc][0xffffff8c]k[0xffffffdf][0xffffff9e][0xffffffce][0xffffffb8][0xfffffff6][0xffffffe3][0xffffffc9][0x1e][0xffffffae][0xffffff8d](2[0xffffffae]U@2[0xffffffae][0xffffff8d]X[0xffffffe6][0xffffffbb]v[0xffffff87]3[0xffffffdb][0xffffffb5];[0xffffffa2]/[0xffffffb8]V[0xffffffcc][0xffffff8d][0xfffffff5][0xffffffe3][0xffffffa8][0xffffff98]k[0xffffffe9][0xffffffb9][0xffffffb1][0xfffffff7][0x13][0xffffffd0][0xffffffae]%[0xffffffe7][0xffffffc6][0xffffffde][0xffffff9f][0xffffffce][0xffffffb8][0xffffffd6]hnL[0xffffffa1][0xffffffc8][0xffffffb8][0xffffffd6]enLa[0xffffff99][0xffffffef]Zvn,"[0xfffffffa][0xffffff82]k[0xffffffc5][0xffffffdc]X?Z[0xffffff9f][0xffffff94]k[0xffffffe9][0xffffffb9][0xffffffb1][0xfffffff7][0x13][0xffffffd0][0xffffffae]%[0xffffffe7][0xffffffc6][0xffffffde][0xffffff9f][0xffffffce][0xffffffb8][0xffffffd6]hnL[0xffffffa1][0xffffffc8][0xffffffb8][0xffffffd6]enLa[0xffffff99][0xffffffef]Zvn,"[0xfffffffa][0xffffff82]k[0xffffff87]r[0xffffffed][0xffffffd9][0xffffffb0][0xffffffae][0x1d][0xffffffb8]k[0xffffff87][0xffffff81]kG[0xffffff80]:[0x13][0xffffffe7][0xffffff81][0xffffffb9]v8[0xffffffb9]6[0xffffffa2][0xffffffc8][0xffffffb8]V[0x1][0xffffffc9][0xffffffb8]6b[0xffffff99][0xffffffef][0xffffffda][0x1d][0xffffffce]l[0xffffffd7][0xffffffee][0xffffff88][0xffffffbe][0xffffffe0]Z57V[0xffffff8e][0x13]s-=7[0xfffffff6]~[0x2][0xffffffda][0xffffffb5][0xffffffe4][0xffffffdc][0xffffffd8][0xfffffffb][0xffffffd3][0x19][0xffffffd7][0x1a][0xffffffcd][0xffffff8d])[0x14][0x19][0xffffffd7][0xffffffba][0xffffffcc][0xffffff8d]),[0xfffffff3]][0xffffffcb][0xffffffce][0xffffff8d]ED_p[0xffffffad][0xffffff9a][0x1b]+[0xffffffed][0xffffff86][0xffffffbd]C[0xffffffa0][0xffffffe7][0xffffffc6][0xffffffde]O@[0xffffffbb][0xffffff96][0xffffff9c][0x1b]{[0x7f]:[0xffffffe3]Z[0xffffffa3][0xffffffb9]1[0xffffff85]"[0xffffffe3]Z[0xffffff97][0xffffffb9]1[0xffffff85]e[0xffffffbe]k[0xffffffd9][0xffffffb9][0xffffffb1][0xffffff88][0xffffffe8]K[0xffffffae][0xffffff8d][0xfffffff7][0x10]X[0xffffffd7][0xffffffd2][0xfffffff7][0x10][0xffffffa6][0xffffffc1]=[0xffffff84][0x19]~[0xfffffff0][0xffffffcd][0xffffffc5][0xffffff99][0xffffffba][0xffffff87]0[0xffffff9d][0xffffffee]!D[0x14])[0xffffffd7][0xffffffba][0xffffffdc]C[0xffffff88]X[0x12][0xffffffae]e[0xffffffef]![0xffffffec][0xffffff88][0xffffffbe][0xffffffe0]Z5[0xffffffa3][[0xffffffce][0x13][0xffffff9b]e[0xffffffa0]gt[0xffffffdf]O@[0xffffffbb][0xffffff96][0xffffff9c][0xffffffd1]}[0x7f]:[0xffffffe3]Z[0xffffffa3][0x19]][0xffffff85]"[0xffffffe3]Z[0xffffff97][0x19]][0xffffff85]e[0xffffffbe]k[0xffffffd9][0x19][0xffffffdd][0xffffff88][0xffffffe8]K[0xffffffae][0x15]][0xffffff8b][0xffffffba][0xffffff96][0xffffffee][0xffffffda]e[0xffffffd0][0xffffffb5]+[0x4]D.[0xffffffce]T[0xffffffd7].[0xffffffa7][0xffffffae][0xffffff8d](R[0xffffffae]u[0xffffffe9][0xffffffda][0xffffff88]%[0xffffffe1]Z[0xffffffb6]kwD[0x7f][0xffffffbb]k[0xf][0xffffffb5][0xf][0xffffffa1][0xffffffac][0xffffffe3][0xffffff80]\{[0xffffffe0][0xfffffffb][0x10][0xe][0xffffff83]}[0x8]G[0x1c]<O[0xffffffc4][0xfffffff9][0xffffffc0][0xfffffff6]![0x1c][0xfffffffb][0xffffffb0]9[0xffffffe9]Z[0xffffff81]"[0xffffffe2]Z[0x9]$[0xffffffe2]Z[0xffffff81]e[0xffffffba]k[0x3][0xffffff9c][0xffffffc9][0xffffffae][\r][0xffffff88][0xffffffbe][0xffffffe0]Z5[0xffffffa3][[0xffffffd6],[0xffffff94]k[0xfffffff1][0x19][0xffffffdd][0xffffffc3]`F[0xfffffff7][0xffffff88][0xffffffc3][0xffffff90][0xffffff99]8c3[0xffffffba][0xffffffc7]>[0x0][0xffffff89][0xffffffba][0xffffffd6]dFW[0x2][0xffffffc9][0xffffffb8][0xffffffd6]`F7[0xffffffc0][0xffffff99][0xffffffed][0xffffffda][0xffffffeb]3[0xffffffba][0xffffff87][0xffffff9a]e[0xffffffa8][0xfffffffd][0xffffffd6])[0xffffffd7][0xffffffe2][0xffffffb3][0xc][0xffffff87][0xffffffc1],[0xffffffc3][0x11]/[0xffffff8d]g[0xffffffe2][0xffffff8c][0xffffffcd]2[0x1c][0xfffffffb]Eq[0xffffffd4][0xffffffb5]&[0xffffffb3][0xc][0x12]H[0xffffffc6][0xffffffb5][0x6][0xffffffb3][0xc][0x1][0xffffffce]l[0xffffffd7]^[0xffffff9f]ex[0xfffffffb]/[0xffffffd1][0xffffffb5][0xffffffe7][0xffffffc4][0xffffffde]![0xc][0xffffffdc][0xffffffb5][0xffffffc3][0xffffffc0][0xffffffb5]#@[0xffffff9d][0xffffff89][0xfffffff3][0xffffffc0]\;[0xffffff9c]\[0x1b]Qd\[0xffffffab][0xffffff80]d\[0x1b][0xffffffb1][0xffffffcc]w[0xffffffed][0xe]g[0xffffffb6]kwD_p[0xffffffad][0xffffff9a]ehG[0xffffffc3][0xffffffde]![0xffffffe0][0xffffffb3][0xc][0xffffff87][0xffffffc1],[0xffffffc3][0x11]/[0xffffff8d]g[0xffffffe2][0xffffff8c][0xffffffcd]2[0x1c][0xfffffffb]Eq[0xffffffd4][0xffffffb5]&[0xffffffb3][0xc][0x12]H[0xffffffc6][0xffffffb5][0x6][0xffffffb3][0xc][0x1][0xffffffce]l[0xffffffd7]^[0xffffff9f]e8[0xffffffd4],C[0xffffffab][\r][0xffffffeb]Z|[0xffffff96][0xffffffe1]0[0xffffff98]e8[0xffffffe2][0xffffffa5][0xfffffff1]L[0xffffff9c][0xffffffb1]Y[0xffffff86]c[0xffffffbf]([0xffffff8e][0xffffffba][0xffffffd6]d[0xffffff96]A[0x2][0xffffffc9][0xffffffb8][0xffffffd6]`[0xffffff96]![0xffffffc0][0xffffff99][0xffffffed][0xffffffda][0xffffffeb][0xffffffb3][0xc]E[0xffffffbd][0xffffffaf][0xffffffed][0xffffffab]A[0xffffffdf][0xffffffd1]}[0xffffff9c][0xffffff87]um1x_[[0xffffffe2][0xffffff8b][0xffffffb1]D[0xffffff9c][0xb][0xfffffff6][0xffffffbe][0xffffffb6][0xffffffec]/[0xffffffc3]H[0xffffffd7][\n]"
14:21:23.164 [main] DEBUG org.apache.hc.client5.http.wire -- http-outgoing-1 << "[0x14][0x11][0xffffffd7]J [0x11][0xffffffd7][\n]"
14:21:23.165 [main] DEBUG org.apache.hc.client5.http.wire -- http-outgoing-1 << ",[0xffffffd3]][0x1b][0xffffffe0]Lvm@[0xfffffff4][0x5][0xffffffd7][0xffffffaa]w[0x8][0xffffffe3]F}[0xffffffdb][0xfffffff1]q[0x1e][0xffffffd8][0xffffffb5][0x6][0xffffffef][0x10]J[0xfffffffc][0xffffff97][0xffffffb5]L[0xffffff9c][0xffffffb1]w[0x8]e[0xffffffff][0x17]4[0xffffffd4][0xffffffb5]&[0xffffffef][0x10]$[0xffffff90][0xffffff8c]k[\r][0xffffffde]![0x4]8[0xffffffb3]]{[0xfffffffd][0x1d]BQ[0xffffffef][0x10][0xffffffc6][0xffffff81]}o[0xffffffac][0xffffffe0][0xffffffef][0x10][0xffffff8a][0xffffffc1];[0xffffff84][0x12][0xffffffff]e-[0x13]g[0xffffffec][0x1d]B[0xffffffd9][0xffffffff][0x5][\r]u[0xffffffad][0xffffffc9];[0x4][0x9]$[0xffffffe3]Z[0xffffff83]w[0x8][0x1][0xffffffce]l[0xffffffd7][0xfffffffe][0xffffffc4];[0x4]5[0xffffffa3];[0xffffffda][0xffffffd9]([0xffffffd7][0xffffffe2]3[0xffffffba][0xffffffc5]`F[0xffffffb7][0xffffffc4]a[0xffffffc8]L[0xffffff9c][0xffffffb1][0x19][0xffffffdd][0xffffffb2][0xf]@[0xffffffa2][0xffffffae]5[0xffffff99][0xffffffd1][0xffffff95]@2[0xffffffae]5[0xffffff98][0xffffffd1][\r]pf[0xffffffbb][0xfffffff6][0xfffffffa][0xffffff8c]nU[0xffffffb3][0xc]g[0xffffffeb][0xffffff94]k+>[0xffffffcb]P[\r]f[0x19]j[0xffffffbc]4[0xffffff9e][0xffffff88]s[0xffffffc5]f[0x19][0xffffffea]~Q[0xffffff9c]t[0xffffffad]@[0x11]q[0xffffffad][0x4][0x12]q[0xffffffad][0xffffffc0]2[0xffffffdd][0xffffffb5][0x1][0xffffffce]d[0xffffffd7][0x6]D_p[0xffffffad][0xfffffffa]ml[0xffffffb6][0xffffff93]z[0xffffff87]P[0xfffffff1][0xffffffdf][0xffffffc6][0xffffffaa][0xffffffc1]oc5[0xfffffffe][0x8][0xffffff91][0xffffff89]3[0xfffffff6][0xffffffdb]X[0xffffffdd][0x7f]x@]k[0xfffffff2][0xffffffdb][0xffffff98][0x4][0xffffff92]q[0xffffffad][0xffffffc1]oc[0x1][0xffffffce]l[0xffffffd7]^[0xffffffff]m[0xffffffac][0xffffffaa]w[0x8][0xffffffab]Vj[0xffffffa7]b[0xffffffc5][0xffffffdf]!T[0xffffff83]w[0x8]5[0xfffffffe][0xffffffcb]Z&[0xffffffce][0xffffffd8];[0xffffff84][0xffffffba][0xffffffff][0xb][0x1a][0xffffffea]Z[0xffffff93]w[0x8][0x12]H[0xffffffc6][0xffffffb5][0x6][0xffffffef][0x10][0x2][0xffffff9c][0xffffffd9][0xffffffae][0xffffffbd][0xfffffffe][0xe][0xffffffa1][0xffffffa9][0xffffffdd]3[0xffffffab]bsc[\r][0xffffffdf]=[0xffffffd3][0xc]v[0xffffffcf][0xffffffb4][0xffffffb8][0xffffffe4]#[0x11][0xffffffe7][0xffffff86][0xffffffed][0xffffff9e]i[0xfffffffb]b[0xf][0xffffffd2][0xffffffb5][0x2]E[0xffffffc4][0xffffffb5][0x12]H[0xffffffc4][0xffffffb5][0x2][0xffffffcb]t[0xffffffd7][0x6]8[0xffffff93]][0x1b][0x10]}[0xffffffc1][0xffffffb5][0xffffff87]rm;[0xffffffa8]o[0xffffffe0][0xffffffbc][0xffffff9d][0x7]v[0xffffffed]a[0xffffffe0][0xffffffda]#@[0xffffff9d][0xffffff89][0xfffffff3][0xffffff81][0xffffffb9][0xfffffff6]prmD[0xffffff91]q[0xffffffad][0x2][0xffffff92]qm[0xffffffc4]2[0xffffffdf][0xffffffb5];[0xffffff9c][0xffffffd9][0xffffffae][0xffffffdd][0x11]}[0xffffffc1][0xffffffb5][0xffffffea][0xffffffb7][0xffffffb1][0xffffffd5]+u[0xffffffbf][0xffffffb6][0xffffffe1][0xffffffbf][0xffffff8d]5[0xffffff83][0xffffffdf][0xffffffc6]Z[0xfffffffc][0x11]"[0x13]g[0xffffffec][0xffffffb7][0xffffffb1][0xffffffb6][0xffffffff][0xfffffff0][0xffffff80][0xffffffba][0xffffffd6][0xffffffe4][0xffffffb7]1[0x9]$[0xffffffe3]Z[0xffffff83][0xffffffdf][0xffffffc6][0x2][0xffffff9c][0xffffffd9][0xffffffae][0xffffffbd][0xfffffffe][0xffffffdb]X[0xffffffab][0xffffffca][0xffffffb5]'[0xffffffb6][0xf][0xffffffe1][0xffffffed]<[0xffffffb0]k[0xffffffab][0xffffff81]kk[0xffffff80]:[0x13][0xffffffe7][0xffffff8a][0xffffffb9][0xffffffb6]:[0xffffffb9]6[0xffffffa2][0xffffffc8][0xffffffb8]V[0x1][0xffffffc9][0xffffffb8]6b[0xffffff99][0xffffffef][0xffffffda][0x1d][0xffffffce]l[0xffffffd7][0xffffffee][0xffffff88][0xffffffbe][0xffffffe0][0xffffffda][0xffffffa6]\[0xffffffbb][0x1a][0xffffffd6][0xffffffb5][\r]wm3pm[0xb]Pg[0xffffffe2][0xffffffdc]0[0xffffffd7]6'[0xffffffd7]F[0x14][0x19][0xffffffd7]* [0x19][0xffffffd7]F,[0xfffffff3]][0xffffffbb][0xffffffc3][0xffffff99][0xffffffed][0xffffffda][0x1d][0xffffffd1][0x17]\+[0xffffffee]|[0xffffff8d][-[0xffffffd8]oc[0xfffffff8][0xffffff9d][0xffffffaf]fp[0xffffffe7][0xffffffab][0xffffffc5][0xffffffcb]5[0xffffff99]8cw[0xffffffbe][0xffffffda]~[0xffffffa1][0x6]u[0xffffffad][0xffffffc9][0xffffff9d]/[0x9]$[0xffffffe3]Z[0xffffff83];_[0x1][0xffffffce]l[0xffffffd7]^[0xffffffbf][0xfffffff3]u[0xffffffff][0xffffffd3]b[0xffffffe6]Z[0xfffffff8]{c[0xffffff8f][0x13][0xfffffff0][0xffffffae][0x5][0xffffffbf]7[0xfffffff6]x:[0xffffffe5]Z[0xffffff9f][0xffffffef][0xffffff8d][0x9][0x14])[0xffffffd7][0xffffff9a]|oL`I[0xffffffb8][0x16][0xfffffffd][0xffffffde]X@[0xfffffff4]%[0xffffffd7]V3[0xffffffd7]V[0xffffffdc][0xffffffb5][0xffffffd5][0xffffffc0][0xffffffb5][0x15]um[0xffffffc5]\[[0xffffff9d]\[0xffffffbb][0xffffffa3]H[0xffffffb9]6[0x2]I[0xffffffb9]v[0xffffffc7][0xffffff92]pm[0xffffff85]][[0xffffffaf][0xffffffbb][0xffffffb6][0xffffff99][0xffffffb9][0xffffffb6][0xffffffe1][0xffffffae]m[0x6][0xffffffae]m[0xffffffa8]k[0x1b][0xffffffe6][0xffffffda][0xffffffe6][0xffffffe4][0xffffffda][0x1d]E[0xffffffca][0xffffffb5][0x11]H[0xffffffca][0xffffffb5];[0xffffff96][0xffffff84]k[0x1b][0xffffffec][0xffffffda]v[0xffffffdd][0xffffffb5][0xffffff87][0xffffff9b]l[0xf][0xffffffde][0xffffffb6][0xffffff87][0xffffff83]n[0xf][0xffffffd6][0xffffffb7][0x7]'[0xffffffdc][0xffffffc3][0xffffffca][0xffffffb8][0xffffff81]GJ[0xffffffb9][0xffffff82]J[0xffffffca][0xffffffb9][0xffffff81]MB[0xffffffba][0x7]m[0xffffffdd][0xffffffe3]'[0xffffffb4][[0xffffffdd][0xffffffde][0xffffffdd]V[0xfffffffe][0xffffffe5]mux{[[0xffffffd9][0xffffffd7][0xffffffb7][0xffffff95]{[0x7f][[0xffffffad]^[0xffffffe0][0x6][0x1e])[0xffffffed][\n]"
14:21:23.165 [main] DEBUG org.apache.hc.client5.http.wire -- http-outgoing-1 << "*)[0xffffffed][0x6]6[0x9][0xffffffed]V[0xfffffffa]%n[0xfffffffd][0xffffff89][0xffffffb7][0xffffffb8][0xffffffcd]M[0xffffffbb][0xffffff8d][0xffffffd7]ns[0xffffffd0]nc[0xffffffb5][0xffffffdb]8[0xffffffed]6+[0xffffffed][0x6][0x1e])[0xffffffed][\n]"
14:21:23.165 [main] DEBUG org.apache.hc.client5.http.wire -- http-outgoing-1 << "*)[0xffffffed][0x6]6[0x9][0xffffffed]6Z[0xffffffbb][0xffffffed]g[0xffffffb4][0xffffffbb][0xffffffdc][0xffffffb4][0xffffffbb]x[0xffffffed].[0x7][0xffffffed].V[0xffffffbb][0xffffff8b][0xffffffd3][0xffffffee][0xffffffb2][0xffffffd2][0xffffffee][0xffffffce]#[0xffffffa6][0xffffffdd]H%[0xffffffa6][0xffffffdd][0xffffff9d]MD[0xffffffbb][0xffffff8b][0xffffffd6][0xffffffee][0xffffffba][0xffffffae][0xffffffdd][0xffffffe1]V[0xffffffbb][0xffffff83][0xffffffaf][0xffffffdd][0xffffffe1]P[0xffffffbb][0xffffff83][0xffffffad][0xffffffdd][0xffffffc1][0xffffffd5][0xffffffee][0xffffffb0][0xffffffaa][0xffffffdd][0xffffffc0]#[0xffffffa5]]A%[0xffffffa5][0xffffffdd][0xffffffc0]&[0xffffffa1][0xffffffdd]A[0xffffffd7][0xffffffee][0xfffffff8][0xffffff89][0xffffffda][0xffffff9d]n[0xffffffda][0xffffff9d][0xffffffbc]v[0xffffffa7][0xffffff83]v'[0xffffffab][0xffffffdd][0xffffffc9]iwZi7[0xfffffff0]HiWPIi7[0xffffffb0]Ihw[0xffffffd2][0xffffffda][0xffffff9d]?[0xffffffa1][0xffffffdd]5[0xffffffcc][0xffffffb4][0xffffffbb][0x6][0xffffffae][0xffffffdd][0xfffffffb][0x11]x[0xffffffed]~[0x1c][0xffffff82][0xffffffd2][0xffffffee][0xfffffffd][0xfffffff1][0xffffff94]v[0xffffffdf][0x1f][0xffffffed][0xffffffa2][0xffffffdd][0xffffffc0]#[0xffffffa5]]A%[0xffffffa5][0xffffffdd][0xffffffc0]&[0xffffffa1][0xffffffdd][0xffffff8d][0xffffffd0]|[0xffffffed]n[0xffffff9c][0xfffffffe][0x16][0xffffffed][0xffffff9e][0xffffffef][0x7f];[0xffffffd4][0xffffffc0][0xffffffef]*-[0xffffffdd][0xffffffba][0xffffff9f][0xffffffe7][0xffffffa1][0xffffffa4][0xfffffffb][0xffffffe5][0x4][0xffffff98]s[0xffffffb7]3$+[0xfffffff7][0xffffffcb][0xffffffd3][0xffffff93][0xffffff8d][0xfffffffb][0xffffffeb]'[0xffffffc3][0xffffffc2]}[0xffffff8a]b[0xffffffb2]o[0x7f][0x0]d[0xffffffb2]n[0xffffff9f]b[0xffffff99]h[0xffffffdb]'p[0xffffffa6][0xffffffc9][0xfffffff6][0x9][0xffffffa2]/[0xffffffb8]V|[0x0]}[0x1c][0x7][0xffffffb0][0xffffffa0][0xfffffff1][0xfffffff3]<[0xffffffb0]k[0xffffffd1][0xf][0xffffffa0]og`\[0xb]|[0x0][0xfffffffd][0xffffffd7]O[0xfffffff6]p-[0xfffffffe][0x1][0xfffffff4][0x1f][0x0][0xffffffc9][0xffffffb8][0x16][0xfffffffd][0x0][0xfffffffa][0x13]8[0xffffffb3]][0xffffffbb]#[0xfffffffa][0xffffff82]k[0xffffffa7]X[0xffffffae]p[0xffffffb4][0xffffff92][0xffffffff]A[0xffffff9d][0xffffffcf][0xfffffff3][0xffffffc0][0xffffffae][0xffffff9d][0xffffffe4]r[0xffffff85][0xffffffed][0xc][0xffffff8c]kg[0xfffffffe]r[0xffffff85]_?[0xffffffd9][0xffffffc3][0xffffffb5][0x11]E[0xffffffc6][0xffffffb5][\n]"
14:21:23.165 [main] DEBUG org.apache.hc.client5.http.wire -- http-outgoing-1 << "H[0xffffffc6][0xffffffb5][0x11][0xffffffcb]|[0xffffffd7][0xffffffee]pf[0xffffffbb]vG[0xfffffff4][0x5][0xffffffd7].[0xffffffe5][0xffffffda]q[0xffffffe6][0x7f][0xffffffe4][0xffffffe1][0xfffffff3]<[0xffffffb0]k[0xffffff97][0xffffff81]kW[0xffffff80]:[0x13][0xffffffe7][0xffffff85][0xffffffb9]v9[0xffffffb9]6[0xffffffa2][0xffffffc8][0xffffffb8]V[0x1][0xffffffc9][0xffffffb8]6b[0xffffff99][0xffffffef][0xffffffda][0x1d][0xffffffce]l[0xffffffd7][0xffffffee][0xffffff88][0xfffffffe]v[0xffffffd7]v[0xfffffff1]A[0xffffff9d]Qn+[0xffffffff]W[0xffffffb2][0xffffffcf][0xfffffff3][0xffffffb0][0xffffffae][0xffffffed][0xffffffe8][0x7]u[0xffffffb6]3 [0xffffffae][0xffffffed][0xffffffc0][0x7]u~[0xfffffffd]d[0xb][0xffffffd7][\n]"
14:21:23.165 [main] DEBUG org.apache.hc.client5.http.wire -- http-outgoing-1 << "[0x14][0x11][0xffffffd7]J [0x11][0xffffffd7][\n]"
14:21:23.165 [main] DEBUG org.apache.hc.client5.http.wire -- http-outgoing-1 << ",[0xffffffd3]][0x1b][0xffffffe0]Lvm@[0xfffffff4][0x5][0xffffffd7][0xffffff8a][0xffffff8f]<[0xffffff8c]r[0xc][0xffffffea]}m[0x7]?[0xfffffff2][0xfffffff0][0xffffffe5][0x4][0xffffffb4]k[0xffffffa1][0xffffff8f]<|y:[0xffffffe3]Z[0xffffff8f][0xffffff8f]<<E[0xffffff91]q[0xffffffad][0xffffffc1]G[0x1e][0xffffff9e]b[0xffffff99][0xffffffef]Z[0xffffffec]#[0xf]O[0x10]}[0xffffffc1][0xffffffb5][0xffffffe2]#[0xf][0xffffffa3][0xffffff94][[0xffffffa5]\[0xb]~[0xffffffe4][0xffffffe1][0xffffffcb][0x9]h[0xffffffd7]B[0x1f]y[0xfffffff8][0xfffffff2]t[0xffffffc6][0xffffffb5][0x1e][0x1f]yx[0xffffff8a]"[0xffffffe3]Z[0xffffff83][0xffffff8f]<<[0xffffffc5]2[0xffffffdf][0xffffffb5][0xffffffd8]G[0x1e][0xffffff9e] [0xfffffffa][0xffffff82]k[0xffffffd5]G[0x1e]J[0xffffffbd]a][0xb]~[0xffffffe4][0xffffffe1][0xffffffcb][0x9]h[0xffffffd7]B[0x1f]y[0xfffffff8][0xfffffff2]t[0xffffffc6][0xffffffb5][0x1e][0x1f]yx[0xffffff8a]"[0xffffffe3]Z[0xffffff83][0xffffff8f]<<[0xffffffc5]2[0xffffffdf][0xffffffb5][0xffffffd8]G[0x1e][0xffffff9e] [0xfffffffa][0xffffff82]kO[0xffffffe5][0xffffffda]9:[0xffffffe5][0xffffffda][0x13]w[0xffffffed]i[0xffffffe0][0xffffffda]3@[0xffffff9d][0xffffff89][0xfffffff3][0xffffff89][0xffffffb9][0xfffffff6]trmD[0xffffff91]q[0xffffffad][0x2][0xffffff92]qm[0xffffffc4]2[0xffffffdf][0xffffffb5];[0xffffff9c][0xffffffd9][0xffffffae][0xffffffdd][0x11]}[0xffffffc9][0xffffffb5][0xfffffff1][0x1e][0x2][0xffffffeb]Z[0xfffffff8][0x1e][0xffffffc2][0xffffffe3][0x4][0xffffffbc]k[0xffffffc1]{[0x8][0xffffff8f][0xffffffa7]S[0xffffffae][0xfffffff5][0xffffffb9][0xffffff87] P[0xffffffa4]\kr[0xf]A`I[0xffffffb8][0x16][0xffffffbd][0xffffff87][0x10][0x10]}[0xffffffc1][0xffffffb5]Stm-'[0xfffffff6][0xffffffbe]v[0xffffffe2]];[\r][0xffffffba]v[0xffffff86][0xffffff80][0xffffffc8][0xffffffc4]yb];[0xffffff9d][0xffffffba]6[0xffffffa2][0xffffffc8][0xffffffb8]V[0x1][0xffffffc9][0xffffffb8]6b[0xffffff99][0xffffffef][0xffffffda][0x1d][0xffffffce]l[0xffffffd7][0xffffffee][0xffffff88][0xffffffbe][0xffffffe0][0xffffffda][0xffffffa5]\[0xffffffdb][0xffffffce]B[0xffffffb9]v[0xffffffe1][0xffffffae]][0x6][0xffffffae]][0x1][0xffffffea]L[0xffffff9c][0x17][0xffffffe6][0xffffffda][0xffffffe5][0xffffffe4][0xffffffda][0xffffff88]"[0xffffffe3]Z[0x5]$[0xffffffe3][0xffffffda][0xffffff88]e[0xffffffbe]kw8[0xffffffb3]][0xffffffbb]#[0xfffffffa][0xffffffdb]];n[0xffffffe2][0x1d]B=[0xffffffb1][0xffffffb9][0xffffffb1][0xffffffb7][0xfffffff3][0xffffffb0][0xffffffae]}[0xffffff9c][0x0]v[0xffffffed][0xfffffff7]3 [0xffffffae]}<[0x1d]q[0xffffffed][0xffffffb7]'[[0xffffffb8]V[0xffffffa0][0xffffff88][0xffffffb8]V[0x2][0xffffff89][0xffffffb8]V`[0xffffff99][0xffffffee][0xffffffda][0x0]g[0xffffffb2]k[0x3][0xffffffa2]/[0xffffffb8]V[0xffffffdd][0xffffffaf]m[0x1d][0xffffffeb][0xffffffda][0xffffff81][0xffffffdf][0xffffffaf][0x1d][0x6][0xfffffff7]kG[0xffffffbc][0xffffffc8][0xffffff98][0xffffff89]3v[0xffffffbf]v[0xffffffec][0xffffff97][0x17]Q[0xffffffd7][0xffffff9a][0xffffffdc][0xffffffaf][0xffffff95]@2[0xffffffae]5[0xffffffb8]_[0x1b][0xffffffe0][0xffffffcc]v[0xffffffed][0xfffffff5][0xfffffffb][0xffffffb5]C[0xffffffdd][0xffffffaf]m[0xffffffab]`[0xffffffae][0xffffffc5][0xffffffef][0xffffffd7][0xe][0xffffff83][0xfffffffb][0xffffffb5]#^d[0xffffffcc][0xffffffc4][0x19][0xffffffbb]_;[0xfffffff6][0xffffffcb][0xffffff8b][0xffffffa8]kM[0xffffffee][0xffffffd7]J [0x19][0xffffffd7][0x1a][0xffffffdc][0xffffffaf][\r]pf[0xffffffbb][0xfffffff6][0xfffffffa][0xfffffffd][0xffffffda][0xffffffa1][0xffffffee][0xffffffd7][0xfffffff6][[0x1d][0xffffff94]k[0xfffffff1][0xfffffffb][0xffffffb5][0xffffffc3][0xffffffe0]~[0xffffffed][0xffffff88][0x17][0x19]3q[0xffffffc6][0xffffffee][0xffffffd7][0xffffff8e][0xfffffffd][0xfffffff2]"[0xffffffea]Z[0xffffff93][0xfffffffb][0xffffffb5][0x12]H[0xffffffc6][0xffffffb5][0x6][0xfffffff7]k[0x3][0xffffff9c][0xffffffd9][0xffffffae][0xffffffbd]~[0xffffffbf]v[0xffffffa8][0xfffffffd][0xffffffb5][0xfffffffd]6[0xffffffa9]}[0x8][0x3][0xffffffdf]_;[0xc][0xfffffff6][0xffffffd7][0xffffff8e][0xffffffb8](4[0x13]gl[0x7f][0xffffffed][0xffffffd8][0xffffff97][0xffffff83][0xffffffa2][0xffffffae]5[0xffffffd9]_+[0xffffff81]d\k[0xffffffb0][0xffffffbf]6[0xffffffc0][0xffffff99][0xffffffed][0xffffffda][0xffffffeb][0xfffffffb]k[0xffffffc7][0xffffffa9]\{[0xffffffdc][0xffffffa8]=_o[0xffffffe7][0xffffff81]]{[0x1a][0xffffffb8][0xfffffff6][0xc]Pg[0xffffffe2]|b[0xffffffae]=[0xffffff9d]\[0x1b]Qd\[0xffffffab][0xffffff80]d\[0x1b][0xffffffb1][0xffffffcc]w[0xffffffed][0xe]g[0xffffffb6]kwD_p[0xffffffad][0xffffffba][0xfffffff3][0xffffffd5]K[0xffffffc7][0xffffffde]![0xffffffe0]w[0xffffffbe][0xffffff86][0xffffffc1][0xffffff9d][0xffffffaf][0x11]/[0xffffffd7]d[0xffffffe2][0xffffff8c][0xffffffdd][0xfffffff9][0x1a][0xfffffffb][0xffffff85][0x1a][0xffffffd4][0xffffffb5]&w[0xffffffbe]$[0xffffff90][0xffffff8c]k[\r][0xffffffee]|[0x5]8[0xffffffb3]]{[0xfffffffd][0xffffffce][0xffffffd7]yS[0xffffffae]m[0xffffffd8]>[0xffffff84][0xffffffb7][0xfffffff3][0xffffffb0][0xffffffae]}[0xffffff9c][0x0]v[0xffffffed][0xfffffff7]3 [0xffffffae]}<[0x1d]q[0xffffffed][0xffffffb7]'[[0xffffffb8]V[0xffffffa0][0xffffff88][0xffffffb8]V[0x2][0xffffff89][0xffffffb8]V`[0xffffff99][0xffffffee][0xffffffda][0x0]g[0xffffffb2]k[0x3][0xffffffa2]/[0xffffffb8]V[0xffffffed][0xffffffaf][0xffffffed][0xffffffbd]Rsc'[0xffffffbe][0xffffffbf][0xfffffff6]4[0xffffffd8]_{[0xffffffc6]E[0xffffffa1][0xffffff99]8c[0xfffffffb]k[0xffffffcf]}9([0xffffffea]Z[0xffffff93][0xfffffffd][0xffffffb5][0x12]H[0xffffffc6][0xffffffb5][0x6][0xfffffffb]k[0x3][0xffffff9c][0xffffffd9][0xffffffae][0xffffffbd][0xffffffbe][0xffffffbf][0xfffffff6],[0xffffffca][0xffffffb5][0xffffffe7][0xffffff8d][0xfffffffa]m[0xffffffec][0xffffffed]<[0xffffffb0]k[0xffffff8b][0xffffff81]kK[0xffffff80]:[0x13][0xffffffe7][0xffffff82][0xffffffb9][0xffffffb6]8[0xffffffb9]6[0xffffffa2][0xffffffc8][0xffffffb8]V[0x1][0xffffffc9][0xffffffb8]6b[0xffffff99][0xffffffef][0xffffffda][0x1d][0xffffffce]l[0xffffffd7][0xffffffee][0xffffff88][0xffffffbe][0xffffffe0]Z5[0xffffffcb][0xffffffd0][0xffffffe7][0xffffffc0][0xffffffba][0x16][0xffffff9f]e8[\r]f[0x19][0xffffffce]xi<[0x13]gl[0xffffff96][0xffffffe1][0xffffffdc]/[0xffffff8a][0xffffffa3][0xffffffae]5[0xffffff99]e[0xffffff90]@2[0xffffffae]5[0xffffff98]e[0x8]pf[0xffffffbb][0xfffffff6][0xfffffffa],[0xffffffc3][0xffffffa9]f[0x19]Fi7[0xffffffca][0xffffffb5][0xfffffff8],[0xffffffc3]i0[0xffffffcb]p[0xffffffc6]K[0xffffffe3][0xffffff99]8c[0xffffffb3][0xc][0xffffffe7]~Q[0x1c]u[0xffffffad][0xffffffc9],[0xffffff83][0x4][0xffffff92]q[0xffffffad][0xffffffc1],C[0xffffff80]3[0xffffffdb][0xffffffb5][0xffffffd7]g[0x19]N5[0xffffffcb]0[0xffffffea][0xffffffa4][0xfffffff6]![0xffffff9c][0xfffffff8],[0xffffffc3]i0[0xffffffcb]p[0xffffffc6]K[0xffffffe3][0xffffff99]8c[0xffffffb3][0xc][0xffffffe7]~Q[0x1c]u[0xffffffad][0xffffffc9],[0xffffff83][0x4][0xffffff92]q[0xffffffad][0xffffffc1],C[0xffffff80]3[0xffffffdb][0xffffffb5][0xffffffd7]g[0x19]N5[0xffffffcb]0[0xffffffce]N[0xffffffdd][0xffffffaf]=[0xfffffff1]Y[0xffffff86][0xffffffd3]`[0xffffff96][0xffffffe1][0xffffff8c][0xffffff97][0xffffffc6]3q[0xffffffc6]f[0x19][0xffffffce][0xfffffffd][0xffffffa2]8[0xffffffea]Z[0xffffff93]Y[0x6][0x9]$[0xffffffe3]Z[0xffffff83]Y[0xffffff86][0x0]g[0xffffffb6]k[0xffffffaf][0xffffffcf]2[0xffffff9c][0xffffffa7]p[0xffffffed]Y9[0xffffffd7][0xffffff9e][0xffffffb8]kO[0x3][0xffffffd7][0xffffff9e][0x1][0xffffffea]L[0xffffff9c]O[0xffffffcc][0xffffffb5][0xffffffa7][0xffffff93]k#[0xffffff8a][0xffffff8c]k[0x15][0xffffff90][0xffffff8c]k#[0xffffff96][0xfffffff9][0xffffffae][0xffffffdd][0xffffffe1][0xffffffcc]v[0xffffffed][0xffffff8e][0xffffffe8][0xb][0xffffffae]U[0xffffffbb][0xffffffc2][0xffffffcf][0xffffffd1][0xffffffa8]Y[0xffffff86][0x13][0xffffffdf][0x15]~[0x1a][0xffffffec][\n]"
14:21:23.165 [main] DEBUG org.apache.hc.client5.http.wire -- http-outgoing-1 << "?[0xffffffe3]R[0xffffffe6]L[0xffffff9c][0xffffffb1]][0xffffffe1][0xffffffe7][0xffffffbe][0xffffff88][0x19]u[0xffffffad][0xffffffc9][0xffffffae]p[0x9]$[0xffffffe3]Z[0xffffff83]][0xffffffe1][0x1][0xffffffce]l[0xffffffd7]^[0xffffffdf][0x15]~[0xffffffaa][0xffffffb9][0xffffffb1][0xfffffff3][0xffffffec][0xffffffd8]oc[0xfffffff8][0xffffffdc][0xffffffd8]i07v[0xffffffc6][0x1][0xffffff9d]L[0xffffff9c][0xffffffb1][0xffffffb9][0xffffffb1]s[0x1f][0xffffffca]A]k27&[0xffffff81]d\k07[0x16][0xffffffe0][0xffffffcc]v[0xffffffed][0xfffffff5][0xffffffb9][0xffffffb1]y[0xfffffffb][0xffffffa5]E[0xffffffd7]N[0xffffffec]~[0xffffffed][0xffffffdb]yX[0xffffffd7]>N[0x0][0xffffffbb][0xfffffff6][0xfffffffb][0x19][0x10][0xffffffd7]>[0xffffff9e][0xffffff8e][0xffffffb8][0xfffffff6][0xffffffdb][0xffffff93]-\+PD\+[0xffffff81]D\+[0xffffffb0]Lwm[0xffffff80]3[0xffffffd9][0xffffffb5][0x1][0xffffffd1][0x17]\[0xffffffab][0xffffffe6][0xffffffc6][0xffffffce][0xffffffd5]1[0xffffffd7][0xffffffe2]sc[0xffffffd3]`nl[0xffffffc6][0x1][0xffffff9d]L[0xffffff9c][0xffffffb1][0xffffffb9][0xffffffb1][0xffffffb9][0xf][0xffffffe5][0xffffffa0][0xffffffae]5[0xffffff99][0x1b][0xffffff93]@2[0xffffffae]5[0xffffff98][0x1b][0xb]pf[0xffffffbb][0xfffffff6][0xfffffffa][0xffffffdc][0xffffffd8]Tsc[0xffffffb3]L[0xffffffea];[0xffffffba][0x13][0xffffff9f][0x1b][0xffffff9b][0x6]sc3[0xe][0xffffffe8]d[0xffffffe2][0xffffff8c][0xffffffcd][0xffffff8d][0xffffffcd]}([0x7]u[0xffffffad][0xffffffc9][0xffffffdc][0xffffff98][0x4][0xffffff92]q[0xffffffad][0xffffffc1][0xffffffdc]X[0xffffff80]3[0xffffffdb][0xffffffb5][0xffffffd7][0xffffffe7][0xffffffc6][0xffffffa6][0xffffff9a][0x1b][0xffffff9b]}Q[0xffffffbb]g&>76[\r][0xffffffe6][0xffffffc6]f[0x1c][0xffffffd0][0xffffffc9][0xffffffc4][0x19][0xffffff9b][0x1b][0xffffff9b][0xfffffffb]P[0xe][0xffffffea]Z[0xffffff93][0xffffffb9]1[0x9]$[0xffffffe3]Z[0xffffff83][0xffffffb9][0xffffffb1][0x0]g[0xffffffb6]k[0xffffffaf][0xffffffcf][0xffffff8d]M576W[0xffffffa3]ft'>76[\r][0xffffffe6][0xffffffc6]f[0x1c][0xffffffd0][0xffffffc9][0xffffffc4][0x19][0xffffff9b][0x1b][0xffffff9b][0xfffffffb]P[0xe][0xffffffea]Z[0xffffff93][0xffffffb9]1[0x9]$[0xffffffe3]Z[0xffffff83][0xffffffb9][0xffffffb1][0x0]g[0xffffffb6]k[0xffffffaf][0xffffffcf][0xffffff8d]M57[0xffffffb6][0xffffffca]A[0xffffffcd][0xffffff8d]M|nl[0x1a][0xffffffcc][0xffffff8d][0xffffffcd]8[0xffffffa0][0xffffff93][0xffffff89]3676[0xfffffff7][0xffffffa1][0x1c][0xffffffd4][0xffffffb5]&sc[0x12]H[0xffffffc6][0xffffffb5][0x6]sc[0x1][0xffffffce]l[0xffffffd7]^[0xffffff9f][0x1b][0xffffff9b]jnl5[0xffffffec][0xffffffce][0xffffffd7][0xffffffc4][0xffffffe7][0xffffffc6][0xffffffa6][0xffffffc1][0xffffffdc][0xffffffd8][0xffffff8c][0x3]:[0xffffff99]8cscs[0x1f][0xffffffca]A]k27&[0xffffff81]d\k07[0x16][0xffffffe0][0xffffffcc]v[0xffffffed][0xfffffff5][0xffffffb9][0xffffffb1]y*[0xffffffd7][0xffffffce]J[0xffffffcd][0xffffff8d][0xffffffbd][0xffffff9d][0x7]v[0xffffffed]i[0xffffffe0][0xffffffda]3@[0xffffff9d][0xffffff89][0xfffffff3][0xffffff89][0xffffffb9][0xfffffff6]trmD[0xffffff91]q[0xffffffad][0x2][0xffffff92]qm[0xffffffc4]2[0xffffffdf][0xffffffb5];[0xffffff9c][0xffffffd9][0xffffffae][0xffffffdd][0x11]}[0xffffffc1][0xffffffb5]bn[0xffffffec][0xffffffbc][0xffffffdd][0x6]v[0xffffffe7][0xb][0xffffff9f][0x1b][0xffffff9b][0x6]sc3[0xe][0xffffffe8]d[0xffffffe2][0xffffff8c][0xffffffcd][0xffffff8d][0xffffffcd]}([0x7]u[0xffffffad][0xffffffc9][0xffffffdc][0xffffff98][0x4][0xffffff92]q[0xffffffad][0xffffffc1][0xffffffdc]X[0xffffff80]3[0xffffffdb][0xffffffb5][0xffffffd7][0xffffffe7][0xffffffc6][0xffffffa6][0xffffff98][0x1b];o[0xffffff95][0xffffffbb][0xfffffff3][0xffffff85][0xffffffcf][0xffffff8d]M[0xffffff83][0xffffffb9][0xffffffb1][0x19][0x7]t2q[0xffffffc6][0xffffffe6][0xffffffc6][0xffffffe6]>[0xffffff94][0xffffff83][0xffffffba][0xffffffd6]dnL[0x2][0xffffffc9][0xffffffb8][0xffffffd6]`n,[0xffffffc0][0xffffff99][0xffffffed][0xffffffda][0xffffffeb]scK|o[0xffffffec][0xffffffbc][\r]lW[0xfffffff8][0xffffffc2][0xffffffbf]7[0xffffffb6][0xc][0xffffffbe]7[0xffffffb6][0xffffffe2][0xffffff87][0xffffff9d][0x12]q^[0xffffffd8][0xfffffff7][0xffffffc6][0xffffffd6][0xfffffffe]1'[0xffffffd2][0xffffffb5][0x2]E[0xffffffc4][0xffffffb5][0x12]H[0xffffffc4][0xffffffb5][0x2][0xffffffcb]t[0xffffffd7][0x6]8[0xffffff93]][0x1b][0x10]}[0xffffffc1][0xffffffb5]b[0xffffff96][0xffffffe1][0xffffffbc][0xffffffad][0xffffff82][0xffffffb9][0x16][0xffffff9f]eX[0x6][0xffffffb3][0xc]+^[0x1a][0xffffffcf][0xffffffc4][0x19][0xffffff9b]eX[0xfffffffb]Eq[0xffffffd4][0xffffffb5]&[0xffffffb3][0xc][0x12]H[0xffffffc6][0xffffffb5][0x6][0xffffffb3][0xc][0x1][0xffffffce]l[0xffffffd7]^[0xffffff9f]eXb[0xffffff96][0xffffffe1][0xffffffee]ZlW[0xfffffff8][0xffffffc2]g[0x19][0xffffff96][0xffffffc1],[0xffffffc3][0xffffff8a][0xffffff97][0xffffffc6]3q[0xffffffc6]f[0x19][0xffffffd6]~Q[0x1c]u[0xffffffad][0xffffffc9],[0xffffff83][0x4][0xffffff92]q[0xffffffad][0xffffffc1],C[0xffffff80]3[0xffffffdb][0xffffffb5][0xffffffd7]g[0x19][0xffffff96][0xffffff98]e8[0xffffff8f][0xffffffe3][0xffffffd6]([0xffffffd7][0xffffffe2][0xffffffb3][0xc][0xffffffcb]`[0xffffff96]a[0xffffffc5]K[0xffffffe3][0xffffff99]8c[0xffffffb3][0xc]k[0xffffffbf]([0xffffff8e][0xffffffba][0xffffffd6]d[0xffffff96]A[0x2][0xffffffc9][0xffffffb8][0xffffffd6]`[0xffffff96]![0xffffffc0][0xffffff99][0xffffffed][0xffffffda][0xffffffeb][0xffffffb3][0xc]K[0xffffffcc]2[0xffffff9c]G=[\n]"
14:21:23.165 [main] DEBUG org.apache.hc.client5.http.wire -- http-outgoing-1 << "[0xffffffe5]Z|[0xffffff96]a[0x19][0xffffffcc]2[0xffffffac]xi<[0x13]gl[0xffffff96]a[0xffffffed][0x17][0xffffffc5]Q[0xffffffd7][0xffffff9a][0xffffffcc]2H [0x19][0xffffffd7][0x1a][0xffffffcc]2[0x4]8[0xffffffb3]]{}[0xffffff96]a[0xffffff89]Y[0xffffff86][0xfffffff3][0x18][\r][0xffffffeb]Z|[0xffffff96]a[0x19][0xffffffcc]2[0xffffffac]xi<[0x13]gl[0xffffff96]a[0xffffffed][0x17][0xffffffc5]Q[0xffffffd7][0xffffff9a][0xffffffcc]2H [0x19][0xffffffd7][0x1a][0xffffffcc]2[0x4]8[0xffffffb3]]{}[0xffffff96]a[0xffffff9d][0xffffffca][0xffffffb5]kb]{[0xffffffe2][0xffffffae]=[\r]\{[0x6][0xffffffa8]3q>1[0xffffffd7][0xffffff9e]N[0xffffffae][0xffffff8d](2[0xffffffae]U@2[0xffffffae][0xffffff8d]X[0xffffffe6][0xffffffbb]v[0xffffff87]3[0xffffffdb][0xffffffb5];[0xffffffa2]/[0xffffffb9][0xffffffb6][0xffffff9a][0xffffffb9][0xffffffb6][0xffffffe2][0xffffffae][0xffffffad][0x6][0xffffffae][0xffffffad][0xffffffa8]k+[0xffffffe6][0xffffffda][0xffffffea][0xffffffe4][0xffffffda][0x1d]E[0xffffffca][0xffffffb5][0x11]H[0xffffffca][0xffffffb5];[0xffffff96][0xffffff84]k+[0xffffffec][0xffffffda]z[0xffffffd5][0xffffffb5]jn[0xffffffac][0x14]l[0x1f][0xffffffc2][0xffffffc2][0xffffffe7][0xffffffc6][0xffffff96][0xffffffc1][0xffffffdc][0xffffffd8][0xffffff8a][0x3]:[0xffffff99]8csck[0x1f][0xffffffca]A]k27&[0xffffff81]d\k07[0x16][0xffffffe0][0xffffffcc]v[0xffffffed][0xfffffff5][0xffffffb9][0xffffffb1][0xffffffa5][0xffffffe6][0xffffffc6]Jo[0xffffffd4][0xffffffdc][0xffffffd8][0xffffffc2][0xffffffe7][0xffffffc6][0xffffff96][0xffffffc1][0xffffffdc][0xffffffd8][0xffffff8a][0x3]:[0xffffff99]8csck[0x1f][0xffffffca]A]k27&[0xffffff81]d\k07[0x16][0xffffffe0][0xffffffcc]v[0xffffffed][0xffffffe5][0xffffffb9][0xffffffb1]uSsceV[0xffffffe8]~[0xffffffed][0xffffffe3]<[0xffffffa8]k[0xffffffdf]O[0xffffffc0][0xffffffba][0xfffffff6][0xfffffff3][0xc][0xffffff84]k[0xffffffdf][0xffffff9f]N[0xffffffb8][0xfffffff6][0xfffffffb][0xffffff93][0x1d]\[0xffffffab]P$\[0xffffffab][0xffffff81]$\[0xffffffab][0xffffffb0][0xffffffcc]vm[0xffffff84]3[0xffffffd7][0xffffffb5][0x11][0xffffffd1][0xffffff97]\[[0xffffffcc]\[p[0xffffffd7][0x16][0x3][0xffffffd7][0x16][0xffffffd4][0xffffffb5][0x5]smqr[0xffffffed][0xffffff8e]"[0xffffffe5][0xffffffda][0x8]$[0xffffffe5][0xffffffda][0x1d]K[0xffffffc2][0xffffffb5][0x5]vm[0xffffffb9][0xffffffea]Z[0xfffffff1]m[0xffffffc7][0xffffffb3][0x1e][0x13][0xffffffda][0xfffffff3][0xfffffff5]8[0xf][0xffffffec]Z[0xfffffffe][0xffffffdb][0xffffff8e][0xffffff9f]g`\K}[0xffffffdb][0xfffffff1][0xfffffffb][0xffffff93]=\[0xffffffeb][0xfffffff1]mG[\r]$[0xffffffe3]Z[0xfffffffe][0xffffffdb][0xffffff8e][0x11][0xffffffce]l[0xffffffd7]^[0xfffffffe][0xffffffb6][0xffffffe3][0xffffffba][0xffffffa9]}[0x8][0xffffffb5][0xffffff9e][0xffffffd0][0xfffffffe][0xffffffda][0xffffffc7]y`[0xffffffd7][0xfffffff2][0xfffffffb][0x10]>[0xffffffcf][0xffffffc0][0xffffffb8][0xffffff96][0xffffffda][0xffffff87][0xfffffff0][0xfffffffd][0xffffffc9][0x1e][0xffffffae][0xfffffff5][0xffffffd8][0xffffff87][0xffffffa0][0xffffff81]d\[0xffffffcb][0xffffffef]C[0xffffff88]pf[0xffffffbb][0xfffffff6][0xfffffff2]>[0xffffff84][0xffffffb7]?[0xffffff8d][0xffffffef][0x10]X[0xffffffd7][0xffffffd2][0xffffffef][0x10][0xffffff8a][0xffffffc1];[0xffffff84][0x12][0xfffffffe]e-[0x17]g[0xffffffea][0x1d]Bqz[0xffffff87][0x10]Q[0xffffffa4]\[0xffffffeb][0xfffffff2][0xe]!bI[0xffffffb8][0xffffff96]}[0xffffff87][0xffffffb0]#[0xfffffffa][0xffffff82]k[0xffffffab]r[0xffffffed]X[0xffffffd0][0xffffff9e][0xffffffaf][0xffffffc7]y`[0xffffffd7]V[0x3][0xffffffd7][0xffffffd6][0x0]u&[0xffffffce][0x15]smurmD[0xffffff91]q[0xffffffad][0x2][0xffffff92]qm[0xffffffc4]2[0xffffffdf][0xffffffb5];[0xffffff9c][0xffffffd9][0xffffffae][0xffffffdd][0x11]}[0xffffffc1][0xffffffb5]j[0xfffffff7]L[0x5][0x7f][0x1b][0xffffffa3]w[0xffffffcf][0xffffffbc][0xffffff9f][0xffffff80]v-[0xffffffb9]{[0xffffffe6][0xfffffffd][0xffffffe9][0xffffff8c]k[0xffffff8d]v[0xffffffcf]([0x14][0x19][0xffffffd7][0xffffffba][0xffffffec][0xffffff9e]QX[0xffffffe6][0xffffffbb][0xffffff96][0xffffffdd]=[0x13][0x11]}[0xffffffc1][0xffffffb5]j[0xfffffff7]L[0xffffff9d][0xb]{[0xffffff87]@[0xffffffef][0xffffff9e]y?[0x1][0xffffffed]Zr[0xfffffff7][0xffffffcc][0xfffffffb][0xffffffd3][0x19][0xffffffd7][0x1a][0xffffffed][0xffffff9e]Q(2[0xffffffae]u[0xffffffd9]=[0xffffffa3][0xffffffb0][0xffffffcc]w-[0xffffffbb]{&"[0xfffffffa][0xffffff82]k[0xffffffd5][0xffffffee][0xffffff99][0xffffffba][0x1a]4[0xffffffa3][0xfffffffb]8[0xf][0xffffffec]Z~[0xfffffff7][0xffffffcc][0xffffffe7][0x19][0x18][0xffffffd7]R[0xffffffbb]g[0xffffffbe]?[0xffffffd9][0xffffffc3][0xffffffb5][0x1e][0xffffffbb]g4[0xffffff90][0xffffff8c]k[0xfffffff9][0xffffffdd]3[0x11][0xffffffce]l[0xffffffd7]^[0xffffffde]=[0xffffffb3]n[0xffffffa7]pm[0xffffffbb][0xffffffdd][0xffffffa0][0x19][0xffffffdd][0xffffffc7]y`[0xffffffd7][0xffffff9e][0x6][0xffffffae]=[0x3][0xffffffd4][0xffffff99]8[0xffffff9f][0xffffff98]kO'[0xffffffd7]F[0x14][0x19][0xffffffd7]* [0x19][0xffffffd7]F,[0xfffffff3]][0xffffffbb][0xffffffc3][0xffffff99][0xffffffed][0xffffffda][0x1d][0xffffffd1][0x17]\[0xffffffab][0xfffffff6]![0xffffffb4][0xffffffa3]4[0xffffffca][0xffffffb5][0xfffffff4]>[0xffffff84][0xfffffff7][0x13][0xffffffd0][0xffffffae]%[0xfffffff7]![0xffffffbc]?[0xffffff9d]q[0xffffffad][0xffffffd1]>[0x4][0xffffff85]"[0xffffffe3]Z[0xffffff97]}[0x8][\n]"
14:21:23.165 [main] DEBUG org.apache.hc.client5.http.wire -- http-outgoing-1 << "[0xffffffcb]|[0xffffffd7][0xffffffb2][0xfffffffb][0x10]"[0xffffffa2][0xffffffbf][0xffffffdd][0xffffffb5][0xffffff87][0xffffff9a][0xffffffd1]m'[0xffffffb5][0xffffffbf][0xfffffff6]q[0x1e][0xffffffd6][0xffffffb5][0xffffff87][0xffffffc1][0xffffff8c][0xffffffee][0x11][0xffffff87]![0x13]q>[0xffffffb0][0x19][0xffffffdd]c[0x1f][0xffffff80]$]+PD\+[0xffffff81]D\+[0xffffffb0]Lwm[0xffffff80]3[0xffffffd9][0xffffffb5][0x1][0xffffffd1][0x17]\[0xffffffab][0xffffffe6][0xffffffc6][0xfffffffa][0xffffffed][0xffffffa4][0xffffffee]![0x1c][0xfffffff8][0xffffffdc][0xffffffd8]a07v[0xffffffc4][0x1][0xffffff9d]L[0xffffff9c][0xffffffb1][0xffffffb9][0xffffffb1]c[0x1f][0xffffffca]A]k27&[0xffffff81]d\k07[0x16][0xffffffe0][0xffffffcc]v[0xffffffed][0xfffffff5][0xffffffb9][0xffffffb1][0xfffffffb][0xffffff9f][0xffffffc6][0xfffffffb][0xffffffb5][0xffffffac]k[0xffffffe1][0xfffffffb][0xffffffb5][0xffffff8f][0x13][0xfffffff0][0xffffffae][0x5][0xffffffef][0xffffffd7]>[0xffffff9e]N[0xffffffb9][0xffffffd6][0xffffffe7]~[0xffffffad]@[0xffffff91]r[0xffffffad][0xffffffc9][0xfffffffd]Z[0xffffff81]%[0xffffffe1]Z[0xfffffff4]~m@[0xfffffff4][0x5][0xffffffd7][0xffffffaa][0x19][0xffffffdd]^[0x7]5[0xffffffcb]p[0xffffffe0]3[0xffffffba][0xffffff87][0xffffffc1][0xffffff8c][0xffffffee][0x11][0xffffff87]!3q[0xffffffc6]ft[0xffffff8f]}[0x0][0x12]u[0xffffffad][0xffffffc9][0xffffff8c][0xffffffae][0x4][0xffffff92]q[0xffffffad][0xffffffc1][0xffffff8c]n[0xffffff80]3[0xffffffdb][0xffffffb5][0xffffffd7]gt[0xf]5[0xffffffcb][0xffffffd0][0xffffffd7]I[0xffffffdd]C8[0xfffffff0]Y[0xffffff86][0xffffffc3]`[0xffffff96][0xffffffe1][0xffffff88][0xffffff97][0xffffffc6]3q[0xffffffc6]f[0x19][0xffffff8e][0xfffffffd][0xffffffa2]8[0xffffffea]Z[0xffffff93]Y[0x6][0x9]$[0xffffffe3]Z[0xffffff83]Y[0xffffff86][0x0]g[0xffffffb6]k[0xffffffaf][0xffffffcf]2[0x1c]j[0xffffff96]aT[0xffffffea][0xffffff9b][0xffffffe5][0xffffff8f][0xfffffff3][0xffffffc0][0xffffffae]5[0xffffff98]e8[0xffffffe2][0xffffffa5][0xfffffff1]L[0xffffff9c][0xffffffb1]Y[0xffffff86]c[0xffffffbf]([0xffffff8e][0xffffffba][0xffffffd6]d[0xffffff96]A[0x2][0xffffffc9][0xffffffb8][0xffffffd6]`[0xffffff96]![0xffffffc0][0xffffff99][0xffffffed][0xffffffda][0xffffffeb][0xffffffb3][0xc][0xffffff87][0xffffff9a]e[0x18][0xffffffbd][0xc][0xffffffca][0xffffffb5][0xfffffff8],[0xffffffc3]a0[0xffffffcb]p[0xffffffc4]K[0xffffffe3][0xffffff99]8c[0xffffffb3][0xc][0xffffffc7]~Q[0x1c]u[0xffffffad][0xffffffc9],[0xffffff83][0x4][0xffffff92]q[0xffffffad][0xffffffc1],C[0xffffff80]3[0xffffffdb][0xffffffb5][0xffffffd7]g[0x19][0xffffffde][0xfffffffe]Kt[0xffffffed]9[0xffffffb0][0xffffffae]=q[0xffffffd7][0xffffff9e][0x6][0xffffffae]=[0x3][0xffffffd4][0xffffff99]8[0xffffff9f][0xffffff98]kO'[0xffffffd7]F[0x14][0x19][0xffffffd7]* [0x19][0xffffffd7]F,[0xfffffff3]][0xffffffbb][0xffffffc3][0xffffff99][0xffffffed][0xffffffda][0x1d][0xffffffd1][0x17]\[0xffffffab]f[0x19][0xffffffc6][0xffffffc2]v[0xffffffcf][0x1c][0xfffffff8],[0xffffffc3]a0[0xffffffcb]p[0xffffffc4]K[0xffffffe3][0xffffff99]8c[0xffffffb3][0xc][0xffffffc7]~Q[0x1c]u[0xffffffad][0xffffffc9],[0xffffff83][0x4][0xffffff92]q[0xffffffad][0xffffffc1],C[0xffffff80]3[0xffffffdb][0xffffffb5][0xffffffd7]g[0x19][0xffffff8a][0xffffff9a]e8o[0xffffff85][0xfffffffa]m[0xffffffac][0xffffffe0][0xffffffb3][0xc][0xffffffc5]`[0xffffff96][0xffffffa1][0xffffffc4]"
14:21:23.190 [main] DEBUG org.apache.hc.client5.http.wire -- http-outgoing-1 << "K[0xffffffe3][0xffffff89]8[0x17]l[0xffffff96][0xffffffa1][0xffffffec][0x17][0xffffffc5]I[0xffffffd7][\n]"
14:21:23.190 [main] DEBUG org.apache.hc.client5.http.wire -- http-outgoing-1 << "[0x14][0x11][0xffffffd7]J [0x11][0xffffffd7][\n]"
14:21:23.190 [main] DEBUG org.apache.hc.client5.http.wire -- http-outgoing-1 << ",[0xffffffd3]][0x1b][0xffffffe0]Lvm@[0xfffffff4][0x5][0xffffffd7][0xffffffaa];_[0xffffffe7][0xffffffd1][0xffffffa9][0xffffffdd]3[0x5][0xffffffbf][0xfffffff3]U[0xc][0xffffffee]|[0xffffff95]x[0xffffffb9]&[0x13]g[0xffffffec][0xffffffce]W[0xffffffd9]/[0xffffffd4][0xffffffa0][0xffffffae]5[0xffffffb9][0xfffffff3]%[0xffffff81]d\kp[0xffffffe7]+[0xffffffc0][0xffffff99][0xffffffed][0xffffffda][0xffffffeb]w[0xffffffbe][0xffffff8a][0xfffffffa].[0x3][0xffffffeb]Zx[0xffffff96][0xffffffa1][0x18]|[0xffffff97][0xffffffa1][0xffffffc4][0x5][0xfffffff8][0xffffffb9]8C[0xffffffb3][0xc]e_z[0xf][0xffffffbb][0xffffffd6]b[0xffffff96]A[0x2]I[0xffffffb9][0x16][0xffffff9f]e[0x8]p[0xffffffe6][0xffffffbb][0xfffffff6][0xffffffea],C[0xffffffa9][0xffffffaa]k[[0xffffffa7]f[0x19][0xffffffde][0xffffffce][0x3][0xffffffbb][0xffffffb6][0x1a]tm[\r][0x1][0xffffff91][0xffffff89]s[0xffffffc5][0xffffffba][0xffffffb6]:umD[0xffffff91]q[0xffffffad][0x2][0xffffff92]qm[0xffffffc4]2[0xffffffdf][0xffffffb5];[0xffffff9c][0xffffffd9][0xffffffae][0xffffffdd][0x11]}[0xffffffc1][0xffffffb5]Mu[0xffffffed][0xffffff98]X[0xffffffd7]6[0xffffffbc]k[0xffffff9b]A[0xffffffd7][0xffffffb6][0x10][0x10][0xffffff99]87[0xffffffac]k[0xffffff9b]S[0xffffffd7]F[0x14][0x19][0xffffffd7]* [0x19][0xffffffd7]F,[0xfffffff3]][0xffffffbb][0xffffffc3][0xffffff99][0xffffffed][0xffffffda][0x1d][0xffffffd1][0x17]\[0xffffffab]f[0x19][0xffffffe6]mt[0xffffffca][0xffffffb5][0xfffffff8],C1[0xffffff98]e([0xfffffff1][0xffffffd2]x&[0xffffffce][0xffffffd8],C[0xffffffd9]/[0xffffff8a][0xffffffa3][0xffffffae]5[0xffffff99]e[0xffffff90]@2[0xffffffae]5[0xffffff98]e[0x8]pf[0xffffffbb][0xfffffff6][0xfffffffa],CQ[0xffffffb3][0xc][0xffffffb3][0xffffffb6]E[0xffffffb9][0x16][0xffffff9f]e([0x6][0xffffffb3][0xc]%^[0x1a][0xffffffcf][0xffffffc4][0x19][0xffffff9b]e([0xfffffffb]Eq[0xffffffd4][0xffffffb5]&[0xffffffb3][0xc][0x12]H[0xffffffc6][0xffffffb5][0x6][0xffffffb3][0xc][0x1][0xffffffce]l[0xffffffd7]^[0xffffff9f]e([0xffffffa7]r[0xffffffed]([0xffffff98]kO[0xffffffdc][0xffffffb5][0xffffffa7][0xffffff81]k[0xffffffcf][0x0]u&[0xffffffce]'[0xffffffe6][0xffffffda][0xffffffd3][0xffffffc9][0xffffffb5][0x11]E[0xffffffc6][0xffffffb5][\n]"
14:21:23.191 [main] DEBUG org.apache.hc.client5.http.wire -- http-outgoing-1 << "H[0xffffffc6][0xffffffb5][0x11][0xffffffcb]|[0xffffffd7][0xffffffee]pf[0xffffffbb]vG[0xfffffff4][0x5][0xffffffd7][0xffffffaa]Y[0xffffff86][0xffffffc9]}o[0xffffffac][0xffffffe0][0xffffffb3][0xc][0xffffffc5]`[0xffffff96][0xffffffa1][0xffffffc4]K[0xffffffe3][0xffffff99]8c[0xffffffb3][0xc]e[0xffffffbf]([0xffffff8e][0xffffffba][0xffffffd6]d[0xffffff96]A[0x2][0xffffffc9][0xffffffb8][0xffffffd6]`[0xffffff96]![0xffffffc0][0xffffff99][0xffffffed][0xffffffda][0xffffff9f][0xffffff98]eX[0xffffffc2][0xffffffb5][0xffffffab]tj[0x1f][0xffffffc2][0xffffffdb]y`[0xffffffd7].[0x3][0xffffffd7][0xffffffae][0x0]u&[0xffffffce][0xb]s[0xffffffed]rrmD[0xffffff91]q[0xffffffad][0x2][0xffffff92]qm[0xffffffc4]2[0xffffffdf][0xffffffb5];[0xffffff9c][0xffffffd9][0xffffffae][0xffffffdd][0x11][0xfffffffd][0xffffffed][0xffffffae][0xffffffad]jnl[0xffffffb5][0xffffffd9] [0xffffffd7]V|n[0xffffffac][0x1a][0xffffffcc][0xffffff8d][0xffffffd5]8[0xffffffa0][0xffffff93][0xffffff88]s[0xffffffc5][0xffffffe6][0xffffffc6][0xffffffea]>[0xffffff94]C[0xffffffba]V[0xffffffa0][0xffffff88][0xffffffb8]V[0x2][0xffffff89][0xffffffb8]V`[0xffffff99][0xffffffee][0xffffffda][0x0]g[0xffffffb2]k[0x3][0xffffffa2]/[0xffffffb8]V}[0x3]g[0xffffff9d][0xffffffd8];[0xffffff84][0xffffff8a][0x7f][0x3][0xffffffa7][0x1a]|[0x3][0xffffffa7][0xffffffc6][0xffffff8f][0xffffff8d]d[0xffffffe2][0xffffff8c]}[0x3][0xffffffa7][0xffffffee][0x1f][0x18]A]k[0xfffffff2][\r][0x1c][0x9]$[0xffffffe3]Z[0xffffff83]o[0xffffffe0][0x4]8[0xffffffb3]]{[0xfffffffd][0x1b]8U[0xffffffcc][0xffffffe8][0xffffffce][0xffffffdb][0xffffffad][0x1c][0xffffff94]k[0xfffffff1][0x19][0xffffffdd]j0[0xffffffa3][[0xffffffe3]0d&[0xffffffce][0xffffffd8][0xffffff8c]n[0xffffffdd][0x7] Q[0xffffffd7][0xffffff9a][0xffffffcc][0xffffffe8]J [0x19][0xffffffd7][0x1a][0xffffffcc][0xffffffe8][0x6]8[0xffffffb3]]{}F[0xffffffb7][0xffffff8a][0xffffffb9][0xffffffb1][0xffffffbb]k[0xffffffb9][0xffffffae][0xffffffc5][0xffffffe7][0xffffffc6][0xffffffaa][0xffffffc1][0xffffffdc]X[0xffffff8d][0x3]:[0xffffff99]8cscu[0x1f][0xffffffca]A]k27&[0xffffff81]d\k07[0x16][0xffffffe0][0xffffffcc]v[0xffffffed][0xfffffff5][0xffffffb9][0xffffffb1]*[0xffffffbe][0xffffff81]sw[0xffffffed][0xffffffa4][0xfffffff6]|U[0xfffffffc][0x1b]8[0xffffffd5][0xffffffe0][0x1b]85~l$[0x13]g[0xffffffec][0x1b]8u[0xffffffff][0xffffffc0][0x8][0xffffffea]Z[0xffffff93]o[0xffffffe0]H [0x19][0xffffffd7][0x1a]|[0x3]'[0xffffffc0][0xffffff99][0xffffffed][0xffffffda][0xffffffeb][0xffffffdf][0xffffffc0][0xffffffa9]bnl[0xffffffde][0xffffffca][0xffffff8d][0xffffffba][0xffffff87]P[0xfffffff1][0xffffffb9][0xffffffb1]j07V[0xffffffe3][0xffffff80]N&[0xffffffce][0xffffffd8][0xffffffdc]X[0xffffffdd][0xffffff87]rP[0xffffffd7][0xffffff9a][0xffffffcc][0xffffff8d]I [0x19][0xffffffd7][0x1a][0xffffffcc][0xffffff8d][0x5]8[0xffffffb3]]{}n[0xffffffac][0xffffff8a][0xffffffb9][0xffffffb1]y[0xffffffeb][0x15][0xffffffeb]Z|n[0xffffffac][0x1a][0xffffffcc][0xffffff8d][0xffffffd5]8[0xffffffa0][0xffffff93][0xffffff89]367V[0xfffffff7][0xffffffa1][0x1c][0xffffffd4][0xffffffb5]&sc[0x12]H[0xffffffc6][0xffffffb5][0x6]sc[0x1][0xffffffce]l[0xffffffd7]^[0xffffff9f][0x1b][0xffffffab][0xffffffa7]r[0xffffffed]<[0xffffffb0][0xffffffdf][0xffffffc6]N[0xffffffdc][0xffffffb5][0xffffffa7][0xffffff81]k[0xffffffcf][0x0]u&[0xffffffce]'[0xffffffe6][0xffffffda][0xffffffd3][0xffffffc9][0xffffffb5][0x11]E[0xffffffc6][0xffffffb5][\n]"
14:21:23.191 [main] DEBUG org.apache.hc.client5.http.wire -- http-outgoing-1 << "H[0xffffffc6][0xffffffb5][0x11][0xffffffcb]|[0xffffffd7][0xffffffee]pf[0xffffffbb]vG[0xfffffff4][0x5][0xffffffd7][0xffffff8a][0xffffffb9][0xffffffb1]y[0xffffff94][0x1b][0xffffffb5]{[0xffffffa6][0xffffffe2]sc[0xffffffd5]`n[0xffffffac][0xffffffc6][0x1][0xffffff9d]L[0xffffff9c][0xffffffb1][0xffffffb9][0xffffffb1][0xffffffba][0xf][0xffffffe5][0xffffffa0][0xffffffae]5[0xffffff99][0x1b][0xffffff93]@2[0xffffffae]5[0xffffff98][0x1b][0xb]pf[0xffffffbb][0xfffffff6][0xfffffffa][0xffffffdc][0xffffffd8][0xfffffffd]O[0xffffff8b][0xffffff99]k[0xffffffe1][0xffffff9d][0xffffff8a][0xffffff8f][0x13][0xfffffff0][0xffffffae][0x5]w*>[0xffffff9e]N[0xffffffb9][0xffffffd6]g[0xffffffa7][0xffffffa2]@[0xffffff91]r[0xffffffad][0xffffffc9]NE[0xffffff81]%[0xffffffe1]Zt[0xffffffa7]b@[0xfffffff4]%[0xffffffd7]63[0xffffffd7]6[0xffffffdc][0xffffffb5][0xffffffcd][0xffffffc0][0xffffffb5][\r]um[0xffffffc3]\[0xffffffdb][0xffffff9c]\[0xffffffbb][0xffffffa3]H[0xffffffb9]6[0x2]I[0xffffffb9]v[0xffffffc7][0xffffff92]pm[0xffffff83]][0xffffffdb][0xffffffae][0xffffffbb][0xfffffff6][0xfffffff1]n[0xffffffd6]I[0xffffffb6][0xffffffc7][0xffffff81][0xffffffdb][0xfffffff6]~[0x4]^[0xffffffb7][0x1f][0xffffff87][0xffffffa0]|{[0x7f]<%[0xffffffdc][0xfffffff7]G[0xffffffbb][0x18]7[0xfffffff0]H)WPI97[0xffffffb0]IHw#4[0xffffffdf][0xffffffba][0x1b][0xffffffa7]/i[0xffffffb7][0xffffffd8][0xffffffbd]O0x[0xffffffa1]`[0xfffffff1]F[0x1]~[0xffffffa5][0x0][0xffffffbe]S[0xfffffff0]z[0xffffffa9]`[0xfffffff3]V[0xffffffc1][0xffffffe8][0xffffffb5][0xffffff82][0xffffffc5]{[0x5][0xfffffffc][0xffffffc5][0xffffffc2]O[0xffffffbc]Y[0xffffffa8][0xffffffdd]L[0xffffffbb][0xffffffb5][0xffffffe3][0xffffffda][0xffffffbd][0x1f][0xffffff81][0xffffffd7][0xffffffee][0xffffffc7]!([0xffffffed][0xffffffde][0x1f]Oi[0xfffffff7][0xfffffffd][0xffffffd1].[0xffffffda][\r]<R[0xffffffda][0x15]TR[0xffffffda][\r]l[0x12][0xffffffda][0xffffffdd][0x8][0xffffffcd][0xffffffd7][0xffffffee][0xffffffc6][0xffffffe9]K[0xffffffda]m[0xffffffd3]L[0xffffffbb]m[0xffffffe2][0xffffffda][0xffffffbd][0x1f][0xffffff81][0xffffffd7][0xffffffee][0xffffffc7]!([0xffffffed][0xffffffde][0x1f]Oi[0xfffffff7][0xfffffffd][0xffffffd1].[0xffffffda][\r]<R[0xffffffda][0x15]TR[0xffffffda][\r]l[0x12][0xffffffda][0xffffffdd][0x8][0xffffffcd][0xffffffd7][0xffffffee][0xffffffc6][0xffffffe9]K[0xffffffda][0x1d]n/[0x19][0x6][0xffffffff][0xffffff92]a8[0xffffffbc]d[0x18][0xffffffec]K[0xffffff86][0xffffffc1][0xffffffbd]d[0x18]V/[0x19][0x2][0xffffff8f][0xffffff94]v[0x5][0xffffff95][0xffffff94]v[0x3][0xffffff9b][0xffffff84]v[0x7][0xfffffffd][0xffffff92]a[0xfffffffc][0xffffffc4]K[0xffffff86][0xffffffe9]V[0xffffffbb][0xffffff93][0xffffffaf][0xffffffdd][0xffffffe9]P[0xffffffbb][0xffffff93][0xffffffad][0xffffffdd][0xffffffc9][0xffffffd5][0xffffffee][0xffffffb4][0xffffffaa][0xffffffdd][0xffffffc0]#[0xffffffa5]]A%[0xffffffa5][0xffffffdd][0xffffffc0]&[0xffffffa1][0xffffffdd]I[0xffffffd7][0xffffffee][0xfffffffc][0xffffff89][0xffffffda]]n[0xffffffb5][0xffffffbb][0xfffffff8][0xffffffda]][0xe][0xffffffb5][0xffffffbb][0xffffffd8][0xffffffda]]\[0xffffffed].[0xffffffab][0xffffffda][\r]<R[0xffffffda][0x15]TR[0xffffffda][\r]l[0x12][0xffffffda]]t[0xffffffed][0xffffffae][0xffffff9f][0xffffffa8][0xffffffdd][0xffffffe3][0xfffffff1][0x5]^'[0xffffffef][0xffffffde]O[0xffffff84][0xffffff8b][0xfffffff7][0xffffffed][0xc][0xffffffbc]y[0xffffffbf][0xffffff9d][0xffffff82]R[0xffffffef][0xffffffdb][0xfffffff3])[0xfffffff7]~<[0xffffffdb]E[0xffffffbe][0x11]J[0xffffffca][0xffffffbe][\n]"
14:21:23.191 [main] DEBUG org.apache.hc.client5.http.wire -- http-outgoing-1 << "MJ[0xffffffbf][0x11]P[0xffffffc2][0xffffffbf];[0xffffffa6][0xfffffff9][0x2][0xffffffde]a[0xfffffffd]-[0x6][0xffffff9e][0xffffffef][0x7f],>i6[0xffffff8f][0xffffffb1][0xfffffff2]?[0xffffffd5][0xfffffffb]y[0x1e][0xffffffca][0xffffffbe]_N[0xffffff80][0xffffffb9]w;C[0xffffffb2]y[0xffffffbf]<=[0xffffffd9][0xffffffbb][0xffffffbf]~2l[0xffffffdd][0xffffffa7](&;[0xfffffff7][0x7]@&[0x1b][0xfffffff7])[0xffffff96][0xffffff89][0xffffffbe]}[0x2]g[0xffffff9a]m[0xffffff9f] [0xfffffffa][0xffffffdb]][0xffffffdb][0xffffffc4]'[0xffffffcd][0xffffffe6][0xffffffb1]V[0xfffffffe]*[0xffffffb1][0xffffffcf][0xfffffff3][0xffffffb0][0xffffffae]m[0xffffffe8]'[0xffffffcd][0xffffffb6]3 [0xffffffae]m[0xffffffc0]'[0xffffffcd]~[0xfffffffd]d[0xb][0xffffffd7][\n]"
14:21:23.191 [main] DEBUG org.apache.hc.client5.http.wire -- http-outgoing-1 << "[0x14][0x11][0xffffffd7]J [0x11][0xffffffd7][\n]"
14:21:23.191 [main] DEBUG org.apache.hc.client5.http.wire -- http-outgoing-1 << ",[0xffffffd3]][0x1b][0xffffffe0]Lvm@[0xfffffff4][0x5][0xffffffd7][0xffffff8a]O[0xffffff9a][0xffffffcd]R[0x1b][0xffffffe6]Z[0xfffffff0][0xffffff93]f_N@[0xffffffbb][0x16][0xfffffffa][0xffffffa4][0xffffffd9][0xffffff97][0xffffffa7]3[0xffffffae][0xfffffff5][0xfffffff8][0xffffffa4][0xffffffd9]S[0x14][0x19][0xffffffd7][0x1a]|[0xffffffd2][0xffffffec])[0xffffff96][0xfffffff9][0xffffffae][0xffffffc5]>i[0xfffffff6][0x4][0xffffffd1][0x17]\[0xffffffab]>iV:[0xffffffb0][0xffffffb6][0xfffffff1][0xfffffff3]<[0xffffffb0]k[0xffffffd1]O[0xffffff9a]mg`\[0xb]|[0xffffffd2][0xffffffec][0xffffffd7]O[0xfffffff6]p-[0xfffffffe]I[0xffffffb3][0x1f][0x0][0xffffffc9][0xffffffb8][0x16][0xfffffffd][0xffffffa4][0xffffffd9][0x13]8[0xffffffb3]]{[0xffffffe5][0xffffff93]f[0x1f][0x7f][0xffffffaa]>iV[0xffffffce]U)[0xffffffd7][0xffffff82][0xffffff9f]4[0xfffffffb]r[0x2][0xffffffda][0xffffffb5][0xffffffd0]'[0xffffffcd][0xffffffbe]<[0xffffff9d]q[0xffffffad][0xffffffc7]'[0xffffffcd][0xffffff9e][0xffffffa2][0xffffffc8][0xffffffb8][0xffffffd6][0xffffffe0][0xffffff93]fO[0xffffffb1][0xffffffcc]w-[0xfffffff6]I[0xffffffb3]'[0xffffff88][0xfffffffe]v[0xffffffd7]v[0xfffffff5][0xffffffbe][0xffffffb6][0xfffffff6][0xffffff96][0xffffffff][0xffffff99][0xffffff9d][0xffffffcf][0xfffffff3][0xffffffb0][0xffffffae][0xffffffed][0x6][0xffffffef]k{|1[0xffffff96][0xffffff88]s[0xffffffc7][0xffffffde][0xffffffd7][0xfffffff6][0xfffffffd]e[0x18][0xffffffe9]Z[0xffffff81]"[0xffffffe2]Z[0x9]$[0xffffffe2]Z[0xffffff81]e[0xffffffba]k[0x3][0xffffff9c][0xffffffc9][0xffffffae][\r][0xffffff88][0xffffffbe][0xffffffe0]Z[0xfffffff5][0xffffffbe][0xffffffb6][0xffffff9e][0xffffff83][0xffffffea][0xffffffda][0xffffff8e][0xffffffbf][0xffffffaf][0xffffffed][0x6][0xffffffef]k{|1[0xffffff96][0xffffff89]3[0xfffffff6][0xffffffbe][0xffffffb6][0xffffffef]/[0xffffffc3]P[0xffffffd7][0xffffff9a][0xffffffbc][0xffffffaf][0xffffff95]@2[0xffffffae]5x_[0x1b][0xffffffe0][0xffffffcc]v[0xffffffed][0xfffffff5][0xfffffff7][0xffffffb5][0xffffffbd][0xffffff88]u[0xffffffe4][0xffffffed]6[0xfffffff3][0xffffffef][0xffffffdc]~[0xffffff9e][0x7]vm![0xffffffd7][0xffffff91]og`\[[0xfffffff2][0xffffffd7][0xffffff91][0xffffffff][0xfffffffa][0xffffffc9][0x1e][0xffffffae][0xffffff8d](2[0xffffffae]U@2[0xffffffae][0xffffff8d]X[0xffffffe6][0xffffffbb]v[0xffffff87]3[0xffffffdb][0xffffffb5];[0xffffffa2]/[0xffffffb8]V[0xffffffbd][0xffffffaf]mea[0xffffffef][0x10][0xfffffff0][0xfffffff7][0xffffffb5][0xffffffdd][0xffffffe0]}m[0xffffff8f]/[0xffffffc6]2q[0xffffffc6][0xffffffde][0xffffffd7][0xfffffff6][0xfffffffd]e[0x18][0xffffffea]Z[0xffffff93][0xfffffff7][0xffffffb5][0x12]H[0xffffffc6][0xffffffb5][0x6][0xffffffef]k[0x3][0xffffff9c][0xffffffd9][0xffffffae][0xfffffffd][0xffffff89][0xfffffff7][0xffffffb5]M[0xffffffb9]v[0xffffffdc][0xffffffb0]w[0x8][\r]wm3pm[0xb]Pg[0xffffffe2][0xffffffdc]0[0xffffffd7]6'[0xffffffd7]F[0x14][0x19][0xffffffd7]* [0x19][0xffffffd7]F,[0xfffffff3]][0xffffffbb][0xffffffc3][0xffffff99][0xffffffed][0xffffffda][0x1d][0xffffffd1][0x17]\[0xffffffdb][0xffffff95]k'[0xfffffff7][0xffffffbe][0xffffffb6][0xffffffe3][0xffffffae][0xffffffed][0x6][0xffffffae][0xffffffed][0x1][0xffffffea]L[0xffffff9c];[0xffffffe6][0xffffffda][0xffffffee][0xffffffe4][0xffffffda][0xffffff88]"[0xffffffe3]Z[0x5]$[0xffffffe3][0xffffffda][0xffffff88]e[0xffffffbe]kw8[0xffffffb3]][0xffffffbb]#[0xfffffffa][0xffffff82]k[0xffffff87][0xfffffff8][0xffffffa4]Y?[0xe][0xffffffec]}[0xffffffed][0xffffffe0]>i[0xfffffff6][0xffffffe5][0x4][0xffffffb4]kG[0xfffffff8]vT&[0xffffffce]#[0xffffffff][0xffffff93]f[0xffffffbf]~[0xffffffb2][0xffffff87]k#[0xffffff8a][0xffffff8c]k[0x15][0xffffff90][0xffffff8c]k#[0xffffff96][0xfffffff9][0xffffffae][0xffffffdd][0xffffffe1][0xffffffcc]v[0xffffffed][0xffffff8e][0xffffffe8][0xb][0xffffffae]=E[0xffffffd7][0xfffffff6]v;)[0xffffffd7][0xffffff9e]x[0xffffffd7][0xffffff9e][0x6]]{[0xffffff86][0xffffff80][0xffffffc8][0xffffffc4][0xfffffff9][0xffffffc4][0xffffffba][0xfffffff6]t[0xffffffea][0xffffffda][0xffffff88]"[0xffffffe3]Z[0x5]$[0xffffffe3][0xffffffda][0xffffff88]e[0xffffffbe]kw8[0xffffffb3]][0xffffffbb]#[0xfffffffa][0xffffff82]k[0xffffffa7]rm/[0xffffff8d]r[0xffffffed][0xffffffc4]];[\r]\;[0x3][0xffffffd4][0xffffff99]8O[0xffffffcc][0xffffffb5][0xffffffd3][0xffffffc9][0xffffffb5][0x11]E[0xffffffc6][0xffffffb5][\n]"
14:21:23.191 [main] DEBUG org.apache.hc.client5.http.wire -- http-outgoing-1 << "H[0xffffffc6][0xffffffb5][0x11][0xffffffcb]|[0xffffffd7][0xffffffee]pf[0xffffffbb]vG[0xfffffff4][0x5][0xffffffd7][0xffffffaa]=_[0xffffffbd]?>[0xfffffff1][0xffffff80][0xffffffb8][0x16][0xffffffdf][0xfffffff3][0xffffffd5][\r][0xfffffff6]|[0xfffffff5][0xffffffb8]P)[0x13]gl[0xffffffcf]W[0xffffffdf][0xffffff97]([0xffffffa1][0xffffffae]5[0xffffffd9][0xfffffff3]%[0xffffff81]d\k[0xffffffb0][0xffffffe7]+[0xffffffc0][0xffffff99][0xffffffed][0xffffffda][0xffffffeb]{[0xffffffbe][0xffffff86][0xffffff9a][0x1b][0xffffffeb][0xffffffe3][0xffffff98][0xffffff90]k[0x7]>76[0xc][0xffffffe6][0xffffffc6]F[0x1c][0xffffffd0]I[0xffffffc4]y`scc[0x1f][0xffffffca]!]+PD\+[0xffffff81]D\+[0xffffffb0]Lwm[0xffffff80]3[0xffffffd9][0xffffffb5][0x1][0xffffffd1][0x17]\[0xffffffab][0xffffffe6][0xffffffc6][0xfffffffa][0xffffffe8][0xffffffd4]=[0xffffff84][0xffffff81][0xffffffcf][0xffffff8d][\r][0xffffff83][0xffffffb9][0xffffffb1][0x11][0x7]t2q[0xffffffc6][0xffffffe6][0xffffffc6][0xffffffc6]>[0xffffff94][0xffffff83][0xffffffba][0xffffffd6]dnL[0x2][0xffffffc9][0xffffffb8][0xffffffd6]`n,[0xffffffc0][0xffffff99][0xffffffed][0xffffffda][0xffffffeb]scC[0xffffffed][0xfffffff9][0xffffffea][0xffffffe7][0xffffffa0]v[0xffffff85][0xf]|[0xffffffcf][0xffffffd7]0[0xffffffd8][0xfffffff3]5[0xffffffe2]B[0xffffffa5]L[0xffffff9c][0xffffffb1]=_c_[0xffffffa2][0xffffff84][0xffffffba][0xffffffd6]d[0xffffffcf][0xffffff97][0x4][0xffffff92]q[0xffffffad][0xffffffc1][0xffffff9e][0xffffffaf][0x0]g[0xffffffb6]k[0xffffffaf][0xffffffef][0xfffffff9][0x1a]j[0xffffff96]a[0xffffffd4]A[0xffffffcd][0xffffff8d][\r]|[0xffffff96]a[0x18][0xffffffcc]2[0xffffff8c]xi<[0x13]gl[0xffffff96]a[0xffffffec][0x17][0xffffffc5]Q[0xffffffd7][0xffffff9a][0xffffffcc]2H [0x19][0xffffffd7][0x1a][0xffffffcc]2[0x4]8[0xffffffb3]]{}[0xffffff96]a[0xc][0xffffffe1][0xffffffda][0xfffffff3][0xffffffe8][0xffffffd4][0xfffffffe][0xffffffda][0xffffffb7][0xfffffff3][0xffffffc0][0xffffffae][0x1d][0x6][0xffffffae][0x1d][0x1][0xffffffea]L[0xffffff9c][0x7][0xffffffe6][0xffffffda][0xffffffe1][0xffffffe4][0xffffffda][0xffffff88]"[0xffffffe3]Z[0x5]$[0xffffffe3][0xffffffda][0xffffff88]e[0xffffffbe]kw8[0xffffffb3]][0xffffffbb]#[0xfffffffa][0xffffff82]k[0xffffffa7]r[0xffffffed][0xffffff89][0xffffffdd][0xffffffaf]};[0xf][0xffffffec][0xffffffda]i[0xffffffe0][0xffffffda][0x19][0xffffffa0][0xffffffce][0xffffffc4]yb[0xffffffae][0xffffff9d]N[0xffffffae][0xffffff8d](2[0xffffffae]U@2[0xffffffae][0xffffff8d]X[0xffffffe6][0xffffffbb]v[0xffffff87]3[0xffffffdb][0xffffffb5];[0xffffffa2]/[0xffffffb8]V[0xffffffdd][0xfffffff9][0xffffff9a][0xffffffb7][0xffffff81][0xffffffdd]C[0xffffffc0][0xffffffef]|[\r][0xffffff83];_#^[0xffffffae][0xffffffc9][0xffffffc4][0x19][0xffffffbb][0xfffffff3]5[0xfffffff6][0xb]5[0xffffffa8]kM[0xffffffee]|I [0x19][0xffffffd7][0x1a][0xffffffdc][0xfffffff9][\n]"
14:21:23.191 [main] DEBUG org.apache.hc.client5.http.wire -- http-outgoing-1 << "pf[0xffffffbb][0xfffffff6][0xfffffffa][0xffffff9d][0xffffffaf]S[0xffffffdd][0xfffffff9][0xffffff9a][0xffffffa5]5[0xffffffc8][0xffffffb5]'~[0xffffffe7][0xffffffeb]4[0xffffffb8][0xfffffff3]u[0xffffffc6][0xffffffcb]5[0xffffff89]8[0xffffff9f][0xffffffd8][0xffffff9d][0xffffffaf]s[0xffffffbf]PC[0xffffffba]V[0xffffffa0][0xffffff88][0xffffffb8]V[0x2][0xffffff89][0xffffffb8]V`[0xffffff99][0xffffffee][0xffffffda][0x0]g[0xffffffb2]k[0x3][0xffffffa2]/[0xffffffb8]V[0xffffffdd][0xfffffff9][0xffffff9a][0xffffffbd]Q[0xfffffffb][0x10]N[0xfffffffc][0xffffffce][0xffffffd7]ip[0xffffffe7][0xffffffeb][0xffffff8c][0xffffff97]k2q[0xffffffc6][0xffffffee]|[0xffffff9d][0xfffffffb][0xffffff85][0x1a][0xffffffd4][0xffffffb5]&w[0xffffffbe]$[0xffffff90][0xffffff8c]k[\r][0xffffffee]|[0x5]8[0xffffffb3]]{[0xfffffffd][0xffffffce][0xffffffd7][0xffffffa9][0xffffffee]|[0xffffffcd]qRw[0xffffffbe]N[0xfffffffc][0xffffffce][0xffffffd7]ip[0xffffffe7][0xffffffeb][0xffffff8c][0xffffff97]k2q[0xffffffc6][0xffffffee]|[0xffffff9d][0xfffffffb][0xffffff85][0x1a][0xffffffd4][0xffffffb5]&w[0xffffffbe]$[0xffffff90][0xffffff8c]k[\r][0xffffffee]|[0x5]8[0xffffffb3]]{[0xfffffffd][0xffffffce][0xffffffd7][0xffffffa9]v[0xffffff85][0xffffffcf][0xffffffb3]P[0xffffffb3][0xc]'[0xffffffbe]+[0xfffffffc]4[0xffffffd8][0x15]~[0xffffffc6][0xffffffa5][0xffffffcc][0xffffff99]8c[0xffffffbb][0xffffffc2][0xffffffcf]}[0x11]3[0xffffffea]Z[0xffffff93]][0xffffffe1][0x12]H[0xffffffc6][0xffffffb5][0x6][0xffffffbb][0xffffffc2][0x3][0xffffff9c][0xffffffd9][0xffffffae][0xffffffbd][0xffffffbe]+[0xfffffffc]T[0xfffffff7]k[0xffffffe7][0xfffffff9]8[0x1d][0xffffffe2]Z[0xfffffffc]~[0xffffffed]ip[0xffffffbf][0xfffffff6][0xffffff8c][0x17][0x19]3q[0xffffffc6][0xffffffee][0xffffffd7][0xffffff9e][0xfffffffb][0xffffffe5]E[0xffffffd4][0xffffffb5]&[0xfffffff7]k%[0xffffff90][0xffffff8c]k[\r][0xffffffee][0xffffffd7][0x6]8[0xffffffb3]]{[0xfffffffd]~[0xffffffed][0xffffffa9]v[0xffffff85][0xffffffcf]sa[0xffffffef][0x10][0xfffffff0]][0xffffffe1][0xffffffa7][0xffffffc1][0xffffffae][0xfffffff0]3.e[0xffffffce][0xffffffc4][0x19][0xffffffdb][0x15]~[0xffffffee][0xffffff8b][0xffffff98]Q[0xffffffd7][0xffffff9a][0xffffffec][\n]"
14:21:23.191 [main] DEBUG org.apache.hc.client5.http.wire -- http-outgoing-1 << "[0xffffff97]@2[0xffffffae]5[0xffffffd8][0x15][0x1e][0xffffffe0][0xffffffcc]v[0xffffffed][0xfffffff5]][0xffffffe1][0xffffffa7][0xffffff9a]e[0xffffff98][0xffffffeb][0xffffff86][0xfffffffd]6[0xffffff86][0xffffffcf]2[0xffffff9c][0x6][0xffffffb3][0xc]g[0xffffffbc]4[0xffffff9e][0xffffff89]36[0xffffffcb]p[0xffffffee][0x17][0xffffffc5]Q[0xffffffd7][0xffffff9a][0xffffffcc]2H [0x19][0xffffffd7][0x1a][0xffffffcc]2[0x4]8[0xffffffb3]]{}[0xffffff96][0xffffffe1]T[0xffffffbb][0xffffffc2]W9[0xffffffa8]Y[0xffffff86][0x13][0xffffffdf][0x15]~[0x1a][0xffffffec][\n]"
14:21:23.191 [main] DEBUG org.apache.hc.client5.http.wire -- http-outgoing-1 << "?[0xffffffe3]R[0xffffffe6]L[0xffffff9c][0xffffffb1]][0xffffffe1][0xffffffe7][0xffffffbe][0xffffff88][0x19]u[0xffffffad][0xffffffc9][0xffffffae]p[0x9]$[0xffffffe3]Z[0xffffff83]][0xffffffe1][0x1][0xffffffce]l[0xffffffd7]^[0xffffffdf][0x15]~N[0xffffffe5][0xffffffda][0xffffff86][0xffffffed]T|;[0xf][0xffffffec][0xffffffda]i[0xffffffe0][0xffffffda][0x19][0xffffffa0][0xffffffce][0xffffffc4]yb[0xffffffae][0xffffff9d]N[0xffffffae][0xffffff8d](2[0xffffffae]U@2[0xffffffae][0xffffff8d]X[0xffffffe6][0xffffffbb]v[0xffffff87]3[0xffffffdb][0xffffffb5];[0xffffffa2]/[0xffffffb8]V[0xffffffcd][0xffffff8d][0xffffffad][0xffffffb3]c][0xffffff8b][0xffffffcf][0xffffff8d][0xffffff9d][0x6]scg[0x1c][0xffffffd0][0xffffffc9][0xffffffc4][0x19][0xffffff9b][0x1b];[0xfffffff7][0xffffffa1][0x1c][0xffffffd4][0xffffffb5]&sc[0x12]H[0xffffffc6][0xffffffb5][0x6]sc[0x1][0xffffffce]l[0xffffffd7]^[0xffffff9f][0x1b][0xffffff9b]jnl-[0xffffffec][0xffffffb7][0xffffffb1][0xffffff89][0xffffffcf][0xffffff8d]M[0xffffff83][0xffffffb9][0xffffffb1][0x19][0x7]t[0x12]q[0xffffff9e][0xffffffd8][0xffffffdc][0xffffffd8][0xffffffdc][0xffffff87]rH[0xffffffd7][\n]"
14:21:23.191 [main] DEBUG org.apache.hc.client5.http.wire -- http-outgoing-1 << "[0x14][0x11][0xffffffd7]J [0x11][0xffffffd7][\n]"
14:21:23.191 [main] DEBUG org.apache.hc.client5.http.wire -- http-outgoing-1 << ",[0xffffffd3]][0x1b][0xffffffe0]Lvm@[0xfffffff4][0x5][0xffffffd7][0xffffff8a][0xffffffb9][0xffffffb1]u[0xffffffab][0xffffffb3]P[0xffffffae][0xffffffc5][0xffffffe7][0xffffffc6][0xffffffa6][0xffffffc1][0xffffffdc][0xffffffd8][0xffffff8c][0x3]:[0xffffff99]8cscs[0x1f][0xffffffca]A]k27&[0xffffff81]d\k07[0x16][0xffffffe0][0xffffffcc]v[0xffffffed][0xfffffff5][0xffffffb9][0xffffffb1])[0xffffffe6][0xffffffc6][0xffffffd6]m4j[0x7f][0xffffffed][0xffffffc4][0xffffffe7][0xffffffc6][0xffffffa6][0xffffffc1][0xffffffdc][0xffffffd8][0xffffff8c][0x3]:[0xffffff99]8cscs[0x1f][0xffffffca]A]k27&[0xffffff81]d\k07[0x16][0xffffffe0][0xffffffcc]v[0xffffffed][0xfffffff5][0xffffffb9][0xffffffb1]%[0xffffffe6][0xffffffc6]V[0xffffffe9][0xffffffab]A[0xffffffae]][0xfffffff8][0xffffffdc][0xffffffd8]2[0xffffff98][0x1b][q@'[0x11][0xffffffe7][0xffffff85][0xffffffcd][0xffffff8d][0xffffffad]}([0xffffff87]t[0xffffffad]@[0x11]q[0xffffffad][0x4][0x12]q[0xffffffad][0xffffffc0]2[0xffffffdd][0xffffffb5][0x1][0xffffffce]d[0xffffffd7][0x6]D_rm5sm[0xffffffc5]][[\r]\[Q[0xffffffd7]V[0xffffffcc][0xffffffb5][0xffffffd5][0xffffffc9][0xffffffb5];[0xffffff8a][0xffffff94]k#[0xffffff90][0xffffff94]kw,[0x9][0xffffffd7]V[0xffffffd8][0xffffffb5][0xfffffff5][0xffffffba]k[0x1f][0xfffffff7][0xffffffbb][0xffffff9c]d{L[0xffffffdc][0xffffffb6][0xfffffff7]#[0xfffffff0][0xffffffba][0xfffffffd]8[0x4][0xffffffe5][0xffffffdb][0xfffffffb][0xffffffe3])[0xffffffe1][0xffffffbe]?[0xffffffda][0xffffffc5][0xffffffb8][0xffffff81]GJ[0xffffffb9][0xffffff82]J[0xffffffca][0xffffffb9][0xffffff81]MB[0xffffffba][0x1b][0xffffffa1][0xfffffff9][0xffffffd6][0xffffffdd]8}I[0xffffffbb][0xffffff8f][0xffffffff]Y8i[0xfffffff7][0xfffffffe]?GZ[0xffffffbb][0xfffffff7]#[0xfffffff0][0xffffffda][0xfffffffd]8[0x4][0xffffffa5][0xffffffdd][0xfffffffb][0xffffffe3])[0xffffffed][0xffffffbe]?[0xffffffda]E[0xffffffbb][0xffffff81]GJ[0xffffffbb][0xffffff82]JJ[0xffffffbb][0xffffff81]MB[0xffffffbb][0x1b][0xffffffa1][0xfffffff9][0xffffffda][0xffffffdd]8}I[0xffffffbb][0xffffffbd][0xffffff99]i[0xffffffb7]7\[0xffffffbb][0xfffffff7]#[0xfffffff0][0xffffffda][0xfffffffd]8[0x4][0xffffffa5][0xffffffdd][0xfffffffb][0xffffffe3])[0xffffffed][0xffffffbe]?[0xffffffda]E[0xffffffbb][0xffffff81]GJ[0xffffffbb][0xffffff82]JJ[0xffffffbb][0xffffff81]MB[0xffffffbb][0x1b][0xffffffa1][0xfffffff9][0xffffffda][0xffffffdd]8}I[0xffffffbb][0xffffffa7][0xffffffdb][0xffffffaf]g'[0xffffffff][0xfffffff3][0xffffffd9][0xfffffffd][0x8][0xffffffbc]v?[0xe]Ai[0xfffffff7][0xffffffe4]~A;[0xffffffad]~B[0xb]<R[0xffffffda][0x15]TR[0xffffffda][\r]l[0x12][0xffffffda]=[0xffffffe9][0xffffff9f][0xffffffd1][0xffffffce][0xffffffd7][0x7f]G[[0xffffffef][0x7f]+v'[0xffffffac]J[0xffffffcc]=|[0xffffff9e][0xffffff87][0xffffff92][0xffffffee][0xffffff97][0x13]`[0xffffffce][0xffffffdd][0xffffffce][0xffffff90][0xffffffac][0xffffffdc]/OO6[0xffffffee][0xffffffaf][0xffffff9f][0xc][0xb][0xfffffff7])[0xffffff8a][0xffffffc9][0xffffffbe][0xfffffffd][0x1][0xffffff90][0xffffffc9][0xffffffba]}[0xffffff8a]e[0xffffffa2]m[0xffffff9f][0xffffffc0][0xffffff99]&[0xffffffdb]'[0xffffff88][0xffffffbe][0xffffffe0]Z1[0xffffffcf][0xffffffbb]Z[0x1b][0xfffffff9]s[0xf][0xffffff9f][0xffffffe7][0xffffff81]][0xffffff8b][0xffffffce][0xfffffff3]ng`\[0xb][0xffffffcc][0xfffffff3][0xfffffffe][0xfffffffa][0xffffffc9][0x1e][0xffffffae][0xffffffc5][0xffffffe7]y[0x7f][0x0]$[0xffffffe3]Zt[0xffffff9e][0xfffffff7][0x9][0xffffff9c][0xffffffd9][0xffffffae][0xffffffdd][0x11][0xfffffffd][0xffffffad][0xffffffae][0x1d][0xffffffb7][0xffffff9b][0xffffff98][0xffffffe7]][0xffffffad][0xffffff97][0xfffffffc][0xffffffdd][0x9][0xffffff9f][0xffffffe7]!][0xfffffffb]q[0x2][0xffffffd4][0xffffffb5]_[0xffffffce][0x0][0xffffffb8][0xfffffff6][0xffffffe3][0xffffffe9][0xffffff80]k?[0xffffff9f]l[0xffffffe0]Z[0xffffff89]"[0xffffffe0][0xffffffda]'@[0x2][0xffffffae][0xffffff95]X&[0xffffffbb]V[0xffffffc0][0xffffff99][0xffffffea]Z[0xffffff81][0xffffffe8][0xb][0xffffffae]U[0xfffffff3][0xffffffbc][0xffffffad]?^[0xffffffe7]"[0xffffffae][0x5][0xffffffe7]y[0xffffffbf][0xffffff9c][0xffffff80]v-4[0xffffffcf][0xfffffffb][0xffffffe5][0xffffffe9][0xffffff8c]k=[0xffffffe6]y[0xffffff9f][0xffffffa2][0xffffffc8][0xffffffb8][0xffffffd6]`[0xffffff9e][0xfffffff7])[0xffffff96][0xfffffff9][0xffffffae][0xffffffc5][0xffffffe6]y[0xffffff9f] [0xfffffffa][0xffffff82]k[0xffffffd5]<o[0x1b]\[0xffffffd7][0xffffff82][0xfffffff3][0xffffffbc]_N@[0xffffffbb][0x16][0xffffff9a][0xffffffe7][0xfffffffd][0xfffffff2]t[0xffffffc6][0xffffffb5][0x1e][0xfffffff3][0xffffffbc]OQd\k0[0xffffffcf][0xfffffffb][0x14][0xffffffcb]|[0xffffffd7]b[0xfffffff3][0xffffffbc]O[0x10]}[0xffffffc1][0xffffffb5]j[0xffffff9e][0xffffffb7][0xffffff9d]=[0xffffffff][0x1b][0xe][0xffffff9f][0xffffffe7][0xffffff81]][0xffffff8b][0xffffffce][0xfffffff3]ng`\[0xb][0xffffffcc][0xfffffff3][0xfffffffe][0xfffffffa][0xffffffc9][0x1e][0xffffffae][0xffffffc5][0xffffffe7]y[0x7f][0x0]$[0xffffffe3]Zt[0xffffff9e][0xfffffff7][0x9][0xffffff9c][0xffffffd9][0xffffffae][0xffffffbd]2[0xffffffcf][0xfffffffb][0xfffffff1][0xffffffa7][0xffffffe2];[0xffffff90][0xffffffab][0xffffffad][0xffffffce][0xffffffdc]Cx?[0xf][0xffffffec]Z[0xfffffff4];[0xffffff90][0xffffffdb][0x19][0x18][0xffffffd7][0x2][0xffffffdf][0xffffff81][0xfffffffc][0xfffffff5][0xffffff93]=\[0xffffff8b][0x7f][0x7][0xfffffff2][0x7]@2[0xffffffae]E[0xffffffbf][0x3][0xfffffff9][0x4][0xffffffce]l[0xffffffd7]^[0xfffffff9][0xe][0xffffffe4][0xffffffc7][0xffffff9f][0xffffff8a][0xffffffef]@[0xffffffae]^[0x16]s[0xf][0xffffffe1][0xfffffffd]<[0xffffffb0]k[0xffffffd1][0xffffffef]@ng`\[0xb]|[0x7][0xfffffff2][0xffffffd7]O[0xfffffff6]p-[0xfffffffe][0x1d][0xffffffc8][0x1f][0x0][0xffffffc9][0xffffffb8][0x16][0xfffffffd][0xe][0xffffffe4][0x13]8[0xffffffb3]]{[0xffffffe5];[0xffffff90][0x1f][0x7f][0xffffffaa][0xffffffee][0xffffffd7][0xfffffff6]9[0xf][0xffffffca][0xffffffb5][0xfffffff0][0xfffffffd][0xffffffda][0xffffff8f][0x13][0xffffffd0][0xffffffae][0x5][0xffffffef][0xffffffd7]~<[0xffffff9d]q[0xffffffad][0xffffffcf][0xfffffffd]Z[0xffffff89]"[0xffffffe3]Z[0xffffff93][0xfffffffb][0xffffffb5][0x12][0xffffffcb]|[0xffffffd7][0xffffffa2][0xfffffff7]k[0x5][0xffffffa2]/[0xffffffb8]v[\n]"
14:21:23.191 [main] DEBUG org.apache.hc.client5.http.wire -- http-outgoing-1 << "[0xffffffd7][0xffffff8e]cT[0xffffffca][0xffffffb5][0x13]w[0xffffffed]4p[0xffffffed][0xc]Pg[0xffffffe2]<1[0xffffffd7]N'[0xffffffd7]F[0x14][0x19][0xffffffd7]* [0x19][0xffffffd7]F,[0xfffffff3]][0xffffffbb][0xffffffc3][0xffffff99][0xffffffed][0xffffffda][0x1d][0xffffffd1][0xffffffdf][0xffffffee][0xffffffda]C[0xffffffb9]v[0xffffff96][0xffffffd9] [0xffffffd7][0x1e][0xffffffb8]k[0xf][0x3][0xffffffd7][0x1e][0x11][0xffffffea]D[0xffffff9c][0xf][0xffffffcc][0xffffffb5][0xffffffc7][0xe]2[0xffffffe9]Z[0xffffff81]"[0xffffffe2]Z[0x9]$[0xffffffe2]Z[0xffffff81]e[0xffffffba]k[0x3][0xffffff9c][0xffffffc9][0xffffffae][\r][0xffffff88][0xffffffbe][0xffffffe4][0xffffffda]f[0xffffffe6]Zl[0x1f][0xffffffcd][0xffffff97][0x13][0xfffffff0][0xffffffae]E[0xffffffb6][0xffffffd1]|y:[0xffffffe5]Z[0xffffff87]]4OQ[0xffffffa4]\[0xffffff8b]o[0xffffffa2]y[0xffffff8a]%[0xffffffe1]Zh[0xf][0xffffffcd][0x13]D[0x7f][0xffffffbb]k[0xffffffcb][0xffffffed][0xffffff97][0x12]][0xffffffbb][\n]"
14:21:23.191 [main] DEBUG org.apache.hc.client5.http.wire -- http-outgoing-1 << "u[0xf][0xffffffe1][0xffffffed]<[0xffffffac]k[0x1f]'[0xffffff80]][0xfffffffb][0xfffffffd][0xc][0xffffff88]k[0x1f]OG\[0xfffffffb][0xffffffed][0xffffffc9][0x16][0xffffffae][0x15]("[0xffffffae][0xffffff95]@"[0xffffffae][0x15]X[0xffffffa6][0xffffffbb]6[0xffffffc0][0xffffff99][0xffffffec][0xffffffda][0xffffff80][0xffffffe8][0xb][0xffffffae]U[0xffffffb3][0xc][0xffffffab][0xffffff9d][0xffffffd4],C[0xffffffc1]g[0x19][0xffffff8a][0xffffffc1],C[0xffffff89][0xffffff97][0xffffffc6]3q[0xffffffc6]f[0x19][0xffffffca]~Q[0x1c]u[0xffffffad][0xffffffc9],[0xffffff83][0x4][0xffffff92]q[0xffffffad][0xffffffc1],C[0xffffff80]3[0xffffffdb][0xffffffb5][0xffffffd7]g[0x19][0xffffff8a][0xffffff9a]eX[0xffffffb3]P[0xffffffb3][0xc][0x5][0xffffff9f]e([0x6][0xffffffb3][0xc]%^[0x1a][0xffffffcf][0xffffffc4][0x19][0xffffff9b]e([0xfffffffb]Eq[0xffffffd4][0xffffffb5]&[0xffffffb3][0xc][0x12]H[0xffffffc6][0xffffffb5][0x6][0xffffffb3][0xc][0x1][0xffffffce]l[0xffffffd7]^[0xffffff9f]e(q[0xffffff96][0xffffffa1][0xffffffdc]n[0xffffffb7]E[0xffffffed]C([0xfffffff8],C1[0xffffff98]e([0xfffffff1][0xffffffd2]x&[0xffffffce][0xffffffd8],C[0xffffffd9]/[0xffffff8a][0xffffffa3][0xffffffae]5[0xffffff99]e[0xffffff90]@2[0xffffffae]5[0xffffff98]e[0x8]pf[0xffffffbb][0xfffffff6][0xfffffffa],C[0x19][0xffffffca][0xffffffb5][0xffffffa3]N[0xffffffca][0xffffffb5][0x3]w[0xffffffed]0p[0xffffffed][0x8]Pg[0xffffffe2]<0[0xffffffd7][0xe]'[0xffffffd7]F[0x14][0x19][0xffffffd7]* [0x19][0xffffffd7]F,[0xfffffff3]][0xffffffbb][0xffffffc3][0xffffff99][0xffffffed][0xffffffda][0x1d][0xffffffd1][0x17]\[0x1b]g[0x19][0xffffffde]\;[0xffffffa9][0xffffffb9][0xffffffb1][0xffffff82][0xffffffcf]2[0x14][0xffffff83]Y[0xffffff86][0x12]/[0xffffff8d]g[0xffffffe2][0xffffff8c][0xffffffcd]2[0xffffff94][0xfffffffd][0xffffffa2]8[0xffffffea]Z[0xffffff93]Y[0x6][0x9]$[0xffffffe3]Z[0xffffff83]Y[0xffffff86][0x0]g[0xffffffb6]k[0xffffffaf][0xffffffcf]2[0xffffff94]x[0xffffffbf][0xfffffff6][0xffffffee][0xffffffda][0xffffff93]{_[0xffffff8b][0xffffffdf][0xffffffaf]-[0x6][0xfffffff7]kK[0xffffffbc][0xffffffc8][0xffffff98][0xffffff89]3v[0xffffffbf][0xffffffb6][0xffffffec][0xffffff97][0x17]Q[0xffffffd7][0xffffff9a][0xffffffdc][0xffffffaf][0xffffff95]@2[0xffffffae]5[0xffffffb8]_[0x1b][0xffffffe0][0xffffffcc]v[0xffffffed][0xfffffff5][0xfffffffb][0xffffffb5]eI[0xffffffd7]b3[0xffffffba]o[0xffffffe7][0xffffff81]][0xffffffbb][0xc]\[0xffffffbb][0x2][0xffffffd4][0xffffff99]8/[0xffffffcc][0xffffffb5][0xffffffcb][0xffffffc9][0xffffffb5][0x11]E[0xffffffc6][0xffffffb5][\n]"
14:21:23.191 [main] DEBUG org.apache.hc.client5.http.wire -- http-outgoing-1 << "H[0xffffffc6][0xffffffb5][0x11][0xffffffcb]|[0xffffffd7][0xffffffee]pf[0xffffffbb]vG[0xfffffff4][0xffffffb7][0xffffffbb][0xffffffb6][0xffffffb6]_jp[0xffffffed][0xffffffb1][0xffffffce][0x6][0xffffffb9][0xfffffff6][0xffffffed]<[0xffffffac]k[0x1f]'[0xffffff80]][0xfffffffb][0xfffffffd][0xc][0xffffff88]k[0x1f]OG\[0xfffffffb][0xffffffed][0xffffffc9][0x16][0xffffffae][0x15]("[0xffffffae][0xffffff95]@"[0xffffffae][0x15]X[0xffffffa6][0xffffffbb]6[0xffffffc0][0xffffff99][0xffffffec][0xffffffda][0xffffff80][0xffffffe8][0xb][0xffffffae]U[0xffffffbf][0xffffff8d][0xffffff95]~[0xe][0xffffffca][0xffffffb5][0xfffffff8]oc[0xffffffd5][0xffffffe0][0xffffffb7][0xffffffb1][0x1a][0x7f][0xffffff84][0xffffffc8][0xffffffc4][0x19][0xfffffffb]m[0xffffffac][0xffffffee]?<[0xffffffa0][0xffffffae]5[0xfffffff9]mL[0x2][0xffffffc9][0xffffffb8][0xffffffd6][0xffffffe0][0xffffffb7][0xffffffb1][0x0]g[0xffffffb6]k[0xffffffaf][0xffffffff]6V[0xffffff97]pm[0xffffffed]7j[0xfffffff7][0xffffffcc][0xffffffdb]y`[0xffffffd7].[0xffffff81]v6[0xffffffd4]+@[0xffffff9d][0xffffff89][0xfffffff3][0xffffffc2]\[0xffffffbb][0xffffff9c]\[0x1b]Qd\[0xffffffab][0xffffff80]d\[0x1b][0xffffffb1][0xffffffcc]w[0xffffffed][0xe]g[0xffffffb6]kwD[0x7f][0xffffffbb]k[[0xfffffffc][0xffffffb6][0xffffffe3][0xffffffdd][0xffffffb5]cP[0xffffffef]k[0x1b][0xfffffffe]m[0xffffffc7]f[0xfffffff0]m[0xffffffc7][0x16]?[0xffffffa2][0xffffff97][0xffffff88]s[0xffffffc3][0xffffffbe][0xffffffed][0xffffffd8][0xfffffff6][0xf][0xffffffe7][0xffffff91][0xffffffae][0x15]("[0xffffffae][0xffffff95]@"[0xffffffae][0x15]X[0xffffffa6][0xffffffbb]6[0xffffffc0][0xffffff99][0xffffffec][0xffffffda][0xffffff80][0xffffffe8][0xb][0xffffffae][0xffffff8d][0xffffffdf]v[0xffffffbc][0xffffffbb][0xfffffff6]<[0xffffffa8][0x19][0xffffffdd][0xffffff86][0x7f][0xffffffdb][0xffffffb1][0x19]|[0xffffffdb][0xffffffb1][0xffffffc5][0xffffff8f][0xffffffe8]e[0xffffffe2][0xffffff8c]}[0xffffffdb][0xffffffb1][0xffffffed][0x1f][0xffffffce]C]k[0xfffffff2]mG[0x9]$[0xffffffe3]Z[0xffffff83]o;[0x6]8[0xffffffb3]]{[0xfffffffd][0xffffffdb][0xffffff8e]-[0xffffffee]Cxsm[0xffffffa7]f[0x19][0x1a][0xffffffbe][0xf][0xffffffa1][0x19][0xffffffec]Chq[0xfffffff0]<[0x13]gl[0x1f]B[0xffffffdb][0xffffff87][0xffffffcd]Q[0xffffffd7][0xffffff9a][0xffffffec]C[0xffffff90]@2[0xffffffae]5[0xffffffd8][0xffffff87][0x10][0xffffffe0][0xffffffcc]v[0xffffffed][0xfffffff5]}[0x8]M[0xffffffcd][0xffffffe8][0xffffffd6]9[0xffffffa8]=_[\r][0xffffff9f][0xffffffd1]m[0x6]3[0xffffffba]-[0xe]Cf[0xffffffe2][0xffffff8c][0xffffffcd][0xffffffe8][0xffffffb6]}[0x0][0x12]u[0xffffffad][0xffffffc9][0xffffff8c][0xffffffae][0x4][0xffffff92]q[0xffffffad][0xffffffc1][0xffffff8c]n[0xffffff80]3[0xffffffdb][0xffffffb5][0xffffffd7]gt[[0xfffffffc][0xffffffde]X[0xffffffb9][0xffffffbb][0xffffffbb]Rsc[\r][0xffffffff][0xffffffde]X3[0xfffffff8][0xffffffde]X[0xffffff8b][0x1f]v[0xffffffca][0xffffffc4][0x19][0xfffffffb][0xffffffde]X[0xffffffdb]?[0xffffffe6][0xffffff84][0xffffffba][0xffffffd6][0xffffffe4]{c[0x12]H[0xffffffc6][0xffffffb5][0x6][0xffffffdf][0x1b][0xb]pf[0xffffffbb][0xfffffff6][0xfffffffa][0xfffffff7][0xffffffc6][0xffffffee][0x7f]:[0xffffffcc]\;p[0xffffffd7][0xe][0x3][0xffffffd7][0xe][0xffffffd4][0xffffffb5][0x3]s[0xffffffed]pr[0xffffffed][0xffffff8e]"[0xffffffe5][0xffffffda][0x8]$[0xffffffe5][0xffffffda][0x1d]K[0xffffffc2][0xffffffb5][0x3]v[0xffffffed][0xffffffb8][0xffffffee][0xffffffda]e[0xffffffe6][0xffffffda][0xffffff85][0xffffffbb]v[0x19][0xffffffb8]v[0xffffffa1][0xffffffae]][0xffffff98]k[0xffffff97][0xffffff93]kw[0x14])[0xffffffd7]F )[0xffffffd7][0xffffffee]X[0x12][0xffffffae]][0xffffffb0]k[0xffffffd7]u[0xffffffd7][0xffffff96][0xffffffc3]L[0xffffffb6][0xffffffe5][0xffffffc0]m{?[0x2][0xffffffaf][0xffffffdb][0xffffff8f]CP[0xffffffbe][0xffffffbd]?[0xffffff9e][0x12][0xffffffee][0xfffffffb][0xffffffa3]][0xffffff8c][0x1b]x[0xffffffa4][0xffffff94]+[0xffffffa8][0xffffffa4][0xffffff9c][0x1b][0xffffffd8]$[0xffffffa4][0xffffffbb][0x11][0xffffff9a]o[0xffffffdd][0xffffff8d][0xffffffd3][0xffffff97][0xffffffb4][0xffffffdb][0xffffffdd][0x1a][0xffffffb7][0xfffffff3][0xffffff91][0xffffffdb][0x1d]*[0xffffffb7][0xffffffb3][0xffffff99][0xffffffdb][0xffffffb9][0xffffffce][0xffffffed]V[0xffffffa1][0x1b]x[0xffffffa4][0xffffffb4]+[0xffffffa8][0xffffffa4][0xffffffb4][0x1b][0xffffffd8]$[0xffffffb4][0xffffffdb][0xffffffe9][0xffffffd8][0xffffffed]?Q[0xffffffbb][0xffffffc7][0xffffffad][0xffffff9b]y[0xfffffff7]~"\[0xffffffbc]og[0xffffffe0][0xffffffcd][0xfffffffb][0xffffffed][0x14][0xffffff94]z[0xffffffdf][0xffffff9e]O[0xffffffb9][0xfffffff7][0xffffffe3][0xffffffd9].[0xfffffff2][0xffffff8d]PR[0xfffffff6]UhR[0xfffffffa][0xffffff8d][0xffffff80][0x12][0xfffffffe][0xffffffdd]1[0xffffffcd][0x17][0xfffffff0][0xe][0xffffffeb]o0p[0xffffffb9][0xffffffbd][0xffffffff][0xffffffb1][0xffffffda][0xffffff9d][0xffffffd0][0xffffffd6][0xffffff91][0xffffffbe];[0xffffffe1][0xffffffcb]y [0xfffffffb]~=[0x1][0xffffffe5][0xffffffde][0xfffffffd][0xc][0xffffffb9][0xffffffe6][0xfffffffd][0xfffffffa][0xfffffff4]\[0xffffffef]nOf[0xffffffad][0xfffffffb][0x1c][0xffffffc5]\[0xffffffe7][0xfffffffe][0x8][0xffffffc8]\[0xffffffe3]>[0xffffffc7]2[0xffffffcf][0xffffffb7][0xffffffcf][0xffffffe0][0xffffffcc][0xffffffb2][0xffffffed]3D_p[0xffffffad][0xffffffda]u[0xffffffdb][0xfffffffb]J[0xffffffdf][0xffffff9d][0xfffffff0][0xffffffe5]<[0xffffffb0]k[0xffffffc9]][0xffffffb7][0xfffffffb][0x19][0x18][0xffffffd7][0xffffffe6][0xffffffef][0xffffffba][0xffffffdd][0xffffff9e][0xffffffec][0xffffffe1]Zz[0xffffffd7][0xffffffed][0xffffff8f][0xffffff80]d\K[0xffffffee][0xffffffba]}[0x6]g[0xffffffb6]k/[0xffffffec][0xffffffba][0xfffffffd][0xfffffff6][0xffffffa7]K[0xffffffb9]v[0xffffffde][0xffffffd2][0xffffffe7][0x1e][0xffffffbe][0xffffff9c][0x7]v[0xffffffed]2p[0xffffffed][\n]"
14:21:23.191 [main] DEBUG org.apache.hc.client5.http.wire -- http-outgoing-1 << "Pg[0xffffffe2][0xffffffbc]0[0xffffffd7].'[0xffffffd7]F[0x14][0x19][0xffffffd7]* [0x19][0xffffffd7]F,[0xfffffff3]][0xffffffbb][0xffffffc3][0xffffff99][0xffffffed][0xffffffda][0x1d][0xffffffd1][0xffffffdf][0xffffffee][0xffffffda]~[0x13][0xffffffae][0x1d][0xffffffc7]H[0xffffffdf][0xffffff9d][0xfffffff0][0xffffffe5]<[0xffffffac]k[0x1f]'[0xffffff80]][0xfffffffb][0xfffffffd][0xc][0xffffff88]k[0x1f]OG\[0xfffffffb][0xffffffed][0xffffffc9][0x16][0xffffffae][0x15]("[0xffffffae][0xffffff95]@"[0xffffffae][0x15]X[0xffffffa6][0xffffffbb]6[0xffffffc0][0xffffff99][0xffffffec][0xffffffda][0xffffff80][0xffffffe8][0xb][0xffffffae]U{jFm[0xffffffe9];[0xffffffc1][0xffffffbe][0xffffff9c][0x7]v-[0xffffffb9][0xffffffa7]f?[0x3][0xffffffe3][0xffffffda][0xfffffffc]=5[0xffffffdb][0xffffff93]=\K[0xffffffef][0xffffffa9][0xfffffff9][0x11][0xffffff90][0xffffff8c]k[0xffffffc9]=5[0xffffffcf][0xffffffe0][0xffffffcc]v[0xffffffed][0xffffff85]=5[0xffffff9f][0x7f]Z[0xffffffcc]\[p[0xffffffd7][0x16][0x3][0xffffffd7][0x16][0xffffffd4][0xffffffb5][0x5]smqr[0xffffffed][0xffffff8e]"[0xffffffe5][0xffffffda][0x8]$[0xffffffe5][0xffffffda][0x1d]K[0xffffffc2][0xffffffb5][0x5]vm[0xffffffb9][0xffffffea]Z[0xffffffb5];a[0xffffffcc][0xffffff99][0xffffffbe][0x13][0xffffffec][0xffffffcb]y`[0xffffffd7][0xffffff92][0xffffffbb][0x13][0xfffffff6]30[0xffffffae][0xffffffcd][0xffffffdf][0xffffff9d][0xffffffb0]=[0xffffffd9][0xffffffc3][0xffffffb5][0xfffffff4][0xffffffee][0xffffff84][0x1f][0x1][0xffffffc9][0xffffffb8][0xffffff96][0xffffffdc][0xffffff9d][0xfffffff0][0xc][0xffffffce]l[0xffffffd7]^[0xffffffd8][0xffffff9d][0xfffffff0][0xffffffed]O[0xffffffd5][0xfffffff7][0xffffffcd][0xffffffcf][o[0xffffff94]k[0xffffffb9][0xffffffef][0xffffff9b][0x7f]=[0x1][0xffffffed]Z[0xffffffe6][0xfffffffb][0xffffffe6]_[0xffffff9f][0xffffffce][0xffffffb8][0xffffffd6][0xffffffe2][0xfffffffb][0xffffffe6][0xffffffcf]Qd\[0xffffffcb][0x7f][0xffffffdf][0xfffffffc]9[0xffffff96][0xfffffff9][0xffffffae][0xffffffa5][0xffffffbe]o[0xfffffffe][0xc][0xffffffd1][0xffffffdf][0xffffffee][0xffffffda][0xffffffa1][0xffffffde][0xffffffd7][0xffffffce]cQ[0xffffffae][0x1d][0xfffffff8][0xfffffffb][0xffffffda]a[0xfffffff0][0xffffffbe]v[0xffffffc4][0x17]c[0xffffff89]8[0xf][0xffffffec]}[0xffffffed][0xffffffd8]_[0xffffff86][0xffffff91][0xffffffae][0x15]("[0xffffffae][0xffffff95]@"[0xffffffae][0x15]X[0xffffffa6][0xffffffbb]6[0xffffffc0][0xffffff99][0xffffffec][0xffffffda][0xffffff80][0xffffffe8][0xb][0xffffffae]-[0xffffffe2]}[0xffffffed][0xffffffec][0xffffff83]z[0xffffff87][0xfffffff0]v[0x1e][0xffffffd8][0xffffffb5][0xffffff85][0x7f]_[0xfffffffb][0xfffffffd][0xc][0xffffff8c]k[0xb][0xfffffff5][0xffffffbe][0xfffffff6][0xffffffdb][0xffffff93]=\[0x1b]Qd\[0xffffffab][0xffffff80]d\[0x1b][0xffffffb1][0xffffffcc]w[0xffffffed][0xe]g[0xffffffb6]kwD_p[0xffffffad]z_[0xffffffbb][0xffffffda][0xffffff8d][0xfffffffa]ml[0xffffffe0][0xffffffef]k[0xffffff87][0xffffffc1][0xfffffffb][0xffffffda][0x11]_[0xffffff8c]e[0xffffffe2][0xffffff8c][0xffffffbd][0xffffffaf][0x1d][0xfffffffb][0xffffffcb]0[0xffffffd4][0xffffffb5]&[0xffffffef]k%[0xffffff90][0xffffff8c]k[\r][0xffffffde][0xffffffd7][0x6]8[0xffffffb3]]{[0xfffffffd]}[0xffffffed]P3[0xffffffba][0xffffffeb][0xffffffcc][0xffffffdf][0xffffff91][0xfffffff0][0xffffffe5]<[0xffffffb0]k[\r]ftG[0x1c][0xffffff86][0xffffffcc][0xffffffc4][0x19][0xffffff9b][0xffffffd1][0x1d][0xfffffffb][0x0]$[0xffffffea]Z[0xffffff93][0x19]][0x9]$[0xffffffe3]Z[0xffffff83][0x19][0xffffffdd][0x0]g[0xffffffb6]k[0xffffffaf][0xffffffcf][0xffffffe8][0xe][0xfffffff5][0xffffffdb][0xffffffd8][0xffffff9a][0xffffffc7][0xffffff8d]r-[0xfffffffe][0xffffffdb][0xffffffd8]0[0xfffffff8]ml[0xffffffc4][0x1f]!2q[0xffffffc6]~[0x1b][0x1b][0xfffffffb][0xf][0xf][0xffffffa8]kM~[0x1b][0xffffff93]@2[0xffffffae]5[0xfffffff8]m,[0xffffffc0][0xffffff99][0xffffffed][0xffffffda][0xffffff9f][0xfffffff8]mL[0xffffffed]CX[0xfffffff3]q:[0xffffffc4][0xffffffb5][0xfffffff8]>[0xffffff84]a[0xffffffb0][0xf]a[0xffffffc4][0xffffffc1][0xfffffff3]L[0xffffff9c][0xffffffb1]}[0x8]c[0x1f]6G]k[0xffffffb2][0xf]A[0x2][0xffffffc9][0xffffffb8][0xffffffd6]`[0x1f]B[0xffffff80]3[0xffffffdb][0xffffffb5][0xffffffd7][0xfffffff7]![0xc][0xffffffb5][0xf]a[0xffffffad][0x3]{[0xffffff87][0xffffff80][0xffffffef]C[0x18][0x6][0xfffffffb][0x10]F[0x1c]<[0xffffffcf][0xffffffc4][0x19][0xffffffdb][0xffffff87]0[0xfffffff6]as[0xffffffd4][0xffffffb5]&[0xfffffffb][0x10]$[0xffffff90][0xffffff8c]k[\r][0xfffffff6]![0x4]8[0xffffffb3]]{}[0x1f][0xffffffc2]y[0xffffff93][0xffffffae]=[0xffffffa9]=_o[0xffffffe7]a][0xfffffffb]8[0x1][0xffffffec][0xffffffda][0xffffffef]g@\[0xfffffffb]x:[0xffffffe2][0xffffffda]oO[0xffffffb6]p[0xffffffad]@[0x11]q[0xffffffad][0x4][0x12]q[0xffffffad][0xffffffc0]2[0xffffffdd][0xffffffb5][0x1][0xffffffce]d[0xffffffd7][0x6]D_p[0xffffffad][0xffffffb8]_{[0xffffffdc][0xffffff8e]N[0xffffffed][0xfffffff9]:[0xfffffff1][0xfffffffb][0xffffffb5][0xffffffa7][0xffffffc1][0xfffffffd][0xffffffda]3^d[0xffffffcc][0xffffffc4][0x19][0xffffffbb]_{[0xffffffee][0xffffff97][0x17]Q[0xffffffd7][0xffffff9a][0xffffffdc][0xffffffaf][0xffffff95]@2[0xffffffae]5[0xffffffb8]_[0x1b][0xffffffe0][0xffffffcc]v[0xffffffed][0xfffffff5][0xfffffffb][0xffffffb5]gQ[0xffffffae][0xffffffed][0xffffff93][0xffffffda][0x15][0xfffffffe]v[0x1e][0xffffffd8][0xffffffb5][0xffffffc5][0xffffffc0][0xffffffb5]%@[0xffffff9d][0xffffff89]s[0xffffffc1]\[[0xffffff9c]\[0x1b]Qd\[0xffffffab][0xffffff80]d\[0x1b][0xffffffb1][0xffffffcc]w[0xffffffed][0xe]g[0xffffffb6]kwD_pmU[0xffffffae]=[0xffffffb1]][0xffffffe1]o[0xffffffe7][0xffffff81]][[\r]\[[0x3][0xffffffd4][0xffffff99]8W[0xffffffcc][0xffffffb5][0xffffffd5][0xffffffc9][0xffffffb5][0x11]E[0xffffffc6][0xffffffb5][\n]"
14:21:23.192 [main] DEBUG org.apache.hc.client5.http.wire -- http-outgoing-1 << "H[0xffffffc6][0xffffffb5][0x11][0xffffffcb]|[0xffffffd7][0xffffffee]pf[0xffffffbb]vG[0xfffffff4][0x5][0xffffffd7][0xffffff8a]Y[0xffffff86][0xffffffe3]h[0xffffffdc][0xfffffffb]Z|[0xffffff96][0xffffffe1]4[0xffffff98]e8[0xffffffe3][0xffffffa5][0xfffffff1]L[0xffffff9c][0xffffffb1]Y[0xffffff86]s[0xffffffbf]([0xffffff8e][0xffffffba][0xffffffd6]d[0xffffff96]A[0x2][0xffffffc9][0xffffffb8][0xffffffd6]`[0xffffff96]![0xffffffc0][0xffffff99][0xffffffed][0xffffffda][0xffffffeb][0xffffffb3][0xc][0xffffffa7][0xffffffb8]_{[0xffffffff][0x7f];[0xffffffa8][0x19][0xffffffdd][0x13][0xffffffbf]_{[0x1a][0xffffffdc][0xffffffaf]=[0xffffffe3]E[0xffffffc6]L[0xffffff9c][0xffffffb1][0xfffffffb][0xffffffb5][0xffffffe7]~y[0x11]u[0xffffffad][0xffffffc9][0xfffffffd]Z[0x9]$[0xffffffe3]Z[0xffffff83][0xfffffffb][0xffffffb5][0x1][0xffffffce]l[0xffffffd7]^[0xffffffbf]_{[0xffffff8a][0xfffffffb][0xffffffb5]G[0xffffffe9]G[0xffffffa3]\[0xffffff8b][0xffffffdf][0xffffffaf]=[\r][0xffffffee][0xffffffd7][0xffffff9e][0xfffffff1]"c&[0xffffffce][0xffffffd8][0xfffffffd][0xffffffda]s[0xffffffbf][0xffffffbc][0xffffff88][0xffffffba][0xffffffd6][0xffffffe4]~[0xffffffad][0x4][0xffffff92]q[0xffffffad][0xffffffc1][0xfffffffd][0xffffffda][0x0]g[0xffffffb6]k[0xffffffaf][0xffffffdf][0xffffffaf]=[0xffffffc5][0xfffffffd][0xffffffda][0xffffffa3][0xffffff9c]G[0xffffffa7]\[0xffffff8b][0xffffffdf][0xffffffaf]=[\r][0xffffffee][0xffffffd7][0xffffff9e][0xfffffff1]"c&[0xffffffce][0xffffffd8][0xfffffffd][0xffffffda]s[0xffffffbf][0xffffffbc][0xffffff88][0xffffffba][0xffffffd6][0xffffffe4]~[0xffffffad][0x4][0xffffff92]q[0xffffffad][0xffffffc1][0xfffffffd][0xffffffda][0x0]g[0xffffffb6]k[0xffffffaf][0xffffffdf][0xffffffaf][0xffffff9d]7[0xffffffe1][0xffffffda]z[0xffffffeb][0xffffffd4][0xfffffff7][0xffffffc6][0xffffffde][0xffffffce][0xffffffc3][0xffffffba][0xfffffff6]q[0x2][0xffffffd8][0xffffffb5][0xffffffdf][0xffffffcf][0xffffff80][0xffffffb8][0xfffffff6][0xfffffff1]t[0xffffffc4][0xffffffb5][0xffffffdf][0xffffff9e]l[0xffffffe1]Z[0xffffff81]"[0xffffffe2]Z[0x9]$[0xffffffe2]Z[0xffffff81]e[0xffffffba]k[0x3][0xffffff9c][0xffffffc9][0xffffffae][\r][0xffffff88][0xffffffbe][0xffffffe0]Zu[0xffffffbf][0xffffffb6][0xffffffde][0x16]u[0xffffffbf]v[0xffffffe2][0xfffffff7]k[0xffffffa7][0xffffffc1][0xfffffffd][0xffffffda][0x19]/2f[0xffffffe2][0xffffff8c][0xffffffdd][0xffffffaf][0xffffff9d][0xfffffffb][0xffffffe5]E[0xffffffd4][0xffffffb5]&[0xfffffff7]k%[0xffffff90][0xffffff8c]k[\r][0xffffffee][0xffffffd7][0x6]8[0xffffffb3]]{[0xfffffffd]~[0xffffffed]T[0xfffffff7]k[0xffffffeb]10[0xffffffd7][0xffffffe2][0xfffffff7]k[0xffffffa7][0xffffffc1][0xfffffffd][0xffffffda][0x19]/2f[0xffffffe2][0xffffff8c][0xffffffdd][0xffffffaf][0xffffff9d][0xfffffffb][0xffffffe5]E[0xffffffd4][0xffffffb5]&[0xfffffff7]k%[0xffffff90][0xffffff8c]k[\r][0xffffffee][0xffffffd7][0x6]8[0xffffffb3]]{[0xfffffffd]~[0xffffffed]l[0xffffffca][0xffffffb5]eP[0xfffffffb][0x10][0xffffffde][0xffffffce][0x3][0xffffffbb][0xffffffb6][0x19][0xffffffb8][0xffffffb6][0x5][0xffffffa8]3qn[0xffffff98]k[0xffffff9b][0xffffff93]k#[0xffffff8a][0xffffff8c]k[0x15][0xffffff90][0xffffff8c]k#[0xffffff96][0xfffffff9][0xffffffae][0xffffffdd][0xffffffe1][0xffffffcc]v[0xffffffed][0xffffff8e][0xffffffe8][0xb][0xffffffae][0x15][0xfffffffb]k[0xffffff8f]:'[0xffffffe6]Z|[0x7f][0xffffffed]4[0xffffffd8]_;[0xffffffe3][0xffffffa2][0xffffffd0]L[0xffffff9c][0xffffffb1][0xfffffffd][0xffffffb5]s_[0xe][0xffffff8a][0xffffffba][0xffffffd6]d[0x7f][0xffffffad][0x4][0xffffff92]q[0xffffffad][0xffffffc1][0xfffffffe][0xffffffda][0x0]g[0xffffffb6]k[0xffffffaf][0xffffffef][0xffffffaf][0xffffff9d][0xffffffea]~m;[0xffffffb0][0xfffffffb][0xffffffb5][0x13][0xffffffbf]_;[\r][0xffffffee][0xffffffd7][0xffffffce]x[0xffffff91]1[0x13]g[0xffffffec]~[0xffffffed][0xffffffdc]//[0xffffffa2][0xffffffae]5[0xffffffb9]_+[0xffffff81]d\kp[0xffffffbf]6[0xffffffc0][0xffffff99][0xffffffed][0xffffffda][0xffffffeb][0xfffffff7]k[0xffffffe7][0xffffff8c][0xffffffdf][0x1b];Z[0x7f][0xffffff9c][0xe]q[0xffffffed][0xffffffa4][0xffffffbf]7[0xfffffff6]8[0x1][0xffffffed][0xffffffda][0x19]>[0xffffffec][0xffffff94][0xffffff89][0xfffffff3][0xffffffa4][0xffffffbe]7[0xfffffff6][0xffffffed][0xffffffc9][0x1e][0xffffffae][0xffffff8d](2[0xffffffae]U@2[0xffffffae][0xffffff8d]X[0xffffffe6][0xffffffbb]v[0xffffff87]3[0xffffffdb][0xffffffb5];[0xffffffa2]/[0xffffffb8]V[0xffffffdd][0xffffffaf]m'[0xfffffff7][0xffffffdb][0x18]~[0xffffffbf]v[0x1a][0xffffffdc][0xffffffaf][0xffffff9d][0xfffffff1]"c&[0xffffffce][0xffffffd8][0xfffffffd][0xffffffda][0xffffffb9]_^D]kr[0xffffffbf]V[0x2][0xffffffc9][0xffffffb8][0xffffffd6][0xffffffe0]~m[0xffffff80]3[0xffffffdb][0xffffffb5]?q[0xffffffbf]v[0xfffffffd]R[0xffffffcd]\[q[0xffffffd7]V[0x3][0xffffffd7]V[0xffffffd4][0xffffffb5][0x15]smur[0xffffffed][0xffffff8e]"[0xffffffe5][0xffffffda][0x8]$[0xffffffe5][0xffffffda][0x1d]K[0xffffffc2][0xffffffb5][0x15]vm[0xffffffbd][0xffffffe8][0xffffffda][0xffffffa5][0xffffffee][0xffffffd7][0xfffffff6][0xffffff8a][0xffffffbd][0xffffffaf]][0xfffffff8][0xfffffffd][0xffffffda]ep[0xffffffbf]v[0xffffffc5][0xffffff8b][0xffffff8c][0xffffff89]8/[0xffffffec]~[0xffffffed][0xffffffda]//[0xffffff92][0xffffffae][0x15]("[0xffffffae][0xffffff95]@"[0xffffffae][0x15]X[0xffffffa6][0xffffffbb]6[0xffffffc0][0xffffff99][0xffffffec][0xffffffda][0xffffff80][0xffffffe8][0xb][0xffffffae]U[0xfffffff7]k[0xffffffc7][0xffffff81][0xffffffdd]CX[0xfffffff8][0xfffffffd][0xffffffda]ep[0xffffffbf]v[0xffffffc5][0xffffff8b][0xffffff8c][0xffffff99]8c[0xfffffff7]k[0xffffffd7]~y[0x11]u[0xffffffad][0xffffffc9][0xfffffffd]Z[0x9]$[0xffffffe3]Z[0xffffff83][0xfffffffb][0xffffffb5][0x1][0xffffffce]l[0xffffffd7]^[0xffffffbf]_[0xffffffbb][0xffffffd4][0xfffffffe][0xffffffda][0xffffffd1][0xf]j[0xffffffa7][0xffffffe2][0xffffffc2][0xfffffff7][0xffffffd7].[0xffffff83][0xfffffffd][0xffffffb5]+.[\n]"
14:21:23.192 [main] DEBUG org.apache.hc.client5.http.wire -- http-outgoing-1 << "[0xffffffcd][0xffffffc4][0x19][0xffffffdb]_[0xffffffbb][0xfffffff6][0xffffffe5][0xffffffa0][0xffffffa8]kM[0xfffffff6][0xffffffd7]J [0x19][0xffffffd7][0x1a][0xffffffec][0xffffffaf][\r]pf[0xffffffbb][0xfffffff6][0xfffffffa][0xfffffffe][0xffffffda][0xffffffa5]f[0x19]F?[0xf][0xffffffca][0xffffffb5][0xfffffff8],[0xffffffc3]2[0xffffff98]eX[0xfffffff1][0xffffffd2]x&[0xffffffce][0xffffffd8],[0xffffffc3][0xffffffda]/[0xffffff8a][0xffffffa3][0xffffffae]5[0xffffff99]e[0xffffff90]@2[0xffffffae]5[0xffffff98]e[0x8]pf[0xffffffbb][0xfffffff6][0xfffffffa],[0xffffffc3]R[0xffffffbb][0xffffffc2][0xffffffc7][0xffffffc0][0xfffffff6]|-|W[0xfffffff8]2[0xffffffd8][0x15][0xffffffbe][0xffffffe2]R[0xffffffe6]L[0xffffff9c][0xffffffb1]][0xffffffe1]k_[0xffffffc4][0xffffff8c][0xffffffba][0xffffffd6]dW[0xffffffb8][0x4][0xffffff92]q[0xffffffad][0xffffffc1][0xffffffae][0xfffffff0][0x0]g[0xffffffb6]k[0xffffffaf][0xffffffef][\n]"
14:21:23.192 [main] DEBUG org.apache.hc.client5.http.wire -- http-outgoing-1 << "_jnl[0xffffff8c][0xffffff81][0xfffffffd]6[0xffffff86][0xffffffcf][0xffffff8d]-[0xffffff83][0xffffffb9][0xffffffb1][0x15][0x7]t2q[0xffffffc6][0xffffffe6][0xffffffc6][0xffffffd6]>[0xffffff94][0xffffff83][0xffffffba][0xffffffd6]dnL[0x2][0xffffffc9][0xffffffb8][0xffffffd6]`n,[0xffffffc0][0xffffff99][0xffffffed][0xffffffda][0xffffffeb]scK[0xffffffcd][0xffffff8d][0xffffff8d][0xffffffb3]Q[0xffffffdf]v\[0xfffffff8][0xffffffdc][0xffffffd8]2[0xffffff98][0x1b][q@'[0x13]glnl[0xffffffed]C9[0xffffffa8]kM[0xffffffe6][0xffffffc6]$[0xffffff90][0xffffff8c]k[\r][0xffffffe6][0xffffffc6][0x2][0xffffff9c][0xffffffd9][0xffffffae][0xffffffbd]>7[0xffffffb6][0xffffffd4]w[0x19][0xffffffc6][0xffffffba]Q[0xfffffffb]k[0x17][0xfffffffe]][0xffffff86]e[0xfffffff0]][0xffffff86][0x15][0x17][0xffffffe0]g[0xffffffe2][0xffffff8c]}[0xffffff97]a[0xffffffed]K[0xffffffef]Q[0xffffffd7][0xffffff9a]|[0xffffff97]A[0x2][0xffffffc9][0xffffffb8][0xffffffd6][0xffffffe0][0xffffffbb][0xc][0x1][0xffffffce]l[0xffffffd7][0xfffffffe][0xffffff86][0xffffffef]2|[0x3][0xfffffff5][0x1f][0xfffffffe][0xffffffed][0xf][0xffffffbf][0xffffffff][0xffffff97]?[0xfffffffd][0xffffffe1][0xffffffaf][0x7f][0xfffffffd][0xffffff87][0xffffffbf][0xfffffffe][0xffffffdb][0x1f][0xfffffffe][0xfffffff4]'[0xffffff82][0xffffffd8][0xffffffed][0x8][0xe][0xffffffe8][0xffffffee]G[0xffffffc2][0x19]V[0x7][0xffffff82]`[0xffffffde][0xffffff8f][0xffffff82]Q-[0xe][0xfffffff2][0xffffffbf]M[0x9]5[0x16]yVl[0xffffff8d][0xffffffdd][0xffffffc2][0xffffffc7]"[0xffffff97][0xffffffc1]X[0xffffffe4][0xffffff8a][0xfffffff3]g[0xffffff99][0xffffff80]cc[0xffffff91]k[0xffffff9f]9CS[0xffffffc2]d,R[0x2][0xffffffc9][0xffffffa4][0xffffff84][0xffffffc1]Xd[0xffffff80]3;%~[0xffffffc3]X$[0xffffff96][0x12]B[0xffffff9e]lJH[0xffffff97][0xffffffb2])![0xffffffd4][0xffffffca][0xffffffa5]D0-[0xffffff95][0x12]A[0xffffffbc][0xffffff97]R"n[0xffffffb3]aS[0x2][0xffffffde]f[0xfffffff3]8[0x1][0xffffff9f][0x12][0xffffffe0]6[0xffffff9b][0xffffffc7][0xffffffd3][0xffffffa9][0xffffff94][0xfffffff0][0xffffffd9]f#P[0xffffffa4]R[0xffffffc2]d[0xffffff9b][0xffffff8d][0xffffffc0][0xffffff92]H[0x9]t[0xffffff9b]M@[0xffffffd4]+%[0xffffff82]<[0xffffffe9][0xffffff94][0x10].[0xffffffa5]S"[0xffffffa8][0xffffff95]L[0xffffff89][0xffffffe2][0xffffff92][0x12][0xffffffe5][0xffffffef][0xffffff90][0x12][0xffffffdd],%:[0xffffff9e][0x12][0xffffffdd] %:[0xffffff9a][0x12][0x1d]K[0xffffff89][0xffffffee][0xffffff94][0x12];[0xffffff8a]TJD [0xffffffa9][0xffffff94][0xffffffd8][0xffffffb1]$R[0xffffffa2][0xffffffc3])[0xffffffd1][0xffffff8d]S"[0xffffffc8][0xffffff93]N[0x9][0xffffffe1]R:%[0xffffff82]Z[0xffffffc9][0xffffff94][0xffffffe8].)[0xffffffd1][0xffffffff][0xe])[0xfffffff1][0xffffffd8][0xffffff85][0xffffffe3][0xffffffd4][0x12][0xffffffc7][0xffffffc4]c[0xffffffe2]~[0x4][0xffffffbe]&>[0xe]A[0xffffffe5][0xffffffc4][0xfffffffd][0xfffffff1]TO[0xffffffbc]?[0xffffffda]%([0x2][0xffffff8f]TQ[0x8]*[0xffffffa9][0xffffffa4][0x8]l[0x12]M[0xffffffb1][0x11][0xffffff9a][0x1f][0x15][0x1b][0xffffffa7]^U[0x11]5Jg[0xffffff85][0xffffffb2]*[0xffffffdd][0x15]Q[0xffffffb2]dX[0xffffffec][0xffffffce][0xffffffe5][0xffffffca]bW[0xfffffff0][0xffffffa5][0xffffffb4](niQ[0xfffffff8][0xffffffb4]([0xe]iQ[0xffffffd8][0xffffffb4](\Z[0x14][0xffffffab][0xffffffb4][0x8]<Ri![0xffffffa8][0xffffffa4][0xffffffd2]"[0xffffffb0]I[0xffffffa4]E[0xffffffa1][0xffffffd3][0xffffffa2]8[0xffffffa7]E[0xffffffd4]([0xffffff9d][0x16][0xffffffca][0xffffffaa]tZD[0xffffffc9][0xffffff92]i[0xffffffb1];[0xffffff97]K[0xffffff8b]][0xffffffc1][0xffffff97][0xffffffd2][0xffffffa2][0xffffffba][0xfffffffd][0x2]R[0xfffffff9][0xffffff9f]@[0xffffffaa][0xffffffc3]o [0xffffff95][0xfffffffd][0x11][0xffffffa4]r[0xffffffbf][0xffffff82]T[0xffffffab][0xffffff9f]A[0x2][0xffffff8f]TZ[0x8]*[0xffffffa9][0xffffffb4][0x8]l[0x12]iQ[0xffffffe9][0xffffff9f]B[0xffffffaa][0xfffffff3]o!Q[0xffffffa3]tZ([0xffffffab][0xffffffd2]i[0x11]%K[0xffffffa6][0xffffffc5][0xffffffee]\.-v[0x5]_J[0xffffff8b]>[0xffffffcc][0xffffffd2][0xffffffa2][0xf]<-[0xffffffee]G[0xffffffe0][0xffffffd3][0xffffffe2][0xffffffe3][0x10]TZ[0xffffffdc][0x1f]O[0xffffffa5][0xffffffc5][0xfffffffb][0xffffffa3]][0xffffffd2]"[0xfffffff0]H[0xffffffa5][0xffffff85][0xffffffa0][0xffffff92]J[0xffffff8b][0xffffffc0]&[0xffffff91][0x16][0x1b][0xffffffa1][0xfffffff9]i[0xffffffb1]q[0xffffffea][0xffffff95][0x16]Q[0xffffffa3]tZ([0xffffffab][0xffffffd2]i[0x11]%K[0xffffffa6][0xffffffc5][0xffffffee]\.-v[0x5]_J[0xffffff8b][0xffffffe1]6[0x2]2[0xfffffff8][0x19][0xffffff90][0xffffffe1]0[0x4]2[0xffffffd8])[0xffffff90][0xffffffc1][0xffffff8d][0xffffff81][0xc][0xffffffab]9[0xffffff90][0xffffffc0]#[0xffffff95][0x16][0xffffff82]J*-[0x2][0xffffff9b]DZ[0xc]z[0x16]d8[0xf][0xffffff83]D[0xffffff8d][0xffffffd2]i[0xffffffa1][0xffffffac]J[0xffffffa7]E[0xffffff94],[0xffffff99][0x16][0xffffffbb]s[0xffffffb9][0xffffffb4][0xffffffd8][0x15]|)-[0x1e][0xffffff9f]#pJ[0xffffff8b][0xfffffff3][0xffffffc0][0xffffffd3][0xffffffe2]~[0x4]>->[0xe]A[0xffffffa5][0xffffffc5][0xfffffffd][0xfffffff1]TZ[0xffffffbc]?[0xffffffda]%-[0x2][0xffffff8f]TZ[0x8]*[0xffffffa9][0xffffffb4][0x8]l[0x12]i[0xffffffb1][0x11][0xffffff9a][0xffffff9f][0x16][0x1b][0xffffffa7]^i[0x11]5J[0xffffffa7][0xffffff85][0xffffffb2]*[0xffffff9d][0x16]Q[0xffffffb2]dZ[0xffffffec][0xffffffce][0xffffffe5][0xffffffd2]bW[0xfffffff0][0xffffffa5][0xffffffb4]8n[0xffffffcb][0xffffffac]-[0xffffffee]'[0xffffffc2][0xffffffe3][0xffffffe2][0xffffffed][0xc]|]|;[0x5][0xffffff95][0x17]o[0xffffffcf][0xffffffa7][0xfffffffa][0xffffffe2][0xffffffe3][0xffffffd9].[0xffffff81][0x11][0xffffffa1][0xffffffa4][\n]"
14:21:23.192 [main] DEBUG org.apache.hc.client5.http.wire -- http-outgoing-1 << "C[0xffffffa1]I%F[0x4][0xffffff94]h[0xffffff8c][0x1d][0xffffffd3][0xfffffffc][0xffffffc8][0xffffffd8]a[0xfffffff5][0xffffffaa][0xc]!T:3[0xffffffa4]_[0xffffffe9][0xffffffce][0x10][0xffffffba]%C#[0xffffffd8][0xffffff97]+[0xffffff8d] [0xffffffe3]WR[0xffffffe3]x[0xfffffffb][0xffffffa7][0x1c][0xffffffb7][0xffffff9b][0xffffffda][0xffffffb6][0xffffffb9][0xffffffe6]J[0xf][0xffffff8d][0xffffffcf][0xfffffff3]P[0xffffff99][0xfffffff1][0xffffffe5][0x4]XdlgHN[0xffffff8c]/OO[0xe][0xffffff8c]_?[0x19][0xffffffce][0xffffff8b][0xffffffa7](&[0xffffffc7][0xffffffc5][0xf][0xffffff80]LN[0xffffff8b][0xffffffa7]X&[0xffffff86][0xffffffc5][0x13]8[0xffffffd3][0xffffffb2][0xffffffe2][0x9][0xffffffa2][0x16]Q[0xfffffff1]\[0xffffff9e]PR[0xfffffffc][0xffffffc8][0xffffffa5]PP<W+[0xffffff90][0x13][0xffffffcf]L[0xffffff9b][0x1e][0x13][0xffffffcf][0xffffffc4]{!%[0xe][0xffffff91][0x12][0xfffffff3]8[0xfffffff3][0xffffffbf]m[0xfffffff7]y[0x1e]8%[0xe][0xffffff83][0xffffff94]8"[0xffffffef][0xffffff89][0xffffff80][0x1f]XJ[0x1c]N)[0x11]QdRB[0x1][0xffffffc9][0xffffffa4]D[0xffffffc4]2?%v8[0xffffffb3]SbG[0xffffffd4])%[0xffffff84]<[0xffffffd9][0xffffff94][0xffffff90].eSB[0xffffffa8][0xffffff95]K[0xffffff89]`Z*%[0xffffff82]x/[0xffffffa4]DQ)[0xffffffd1]W[0xfffffffe][0xffffffa7][0x1b]?[0xffffffcf][0x3][0xffffffa7]D1H[0xffffff89][0x12]yO[0x4][0xffffffbc]`)Q[0xffffff9c]R"[0xffffffa2][0xffffffc8][0xffffffa4][0xffffff84][0x2][0xffffff92]I[0xffffff89][0xffffff88]e~J[0xffffffec]pf[0xffffffa7][0xffffffc4][0xffffff8e][0xffffffa8]SJ[0x8]y[0xffffffb2])!][0xffffffca][0xffffffa6][0xffffff84]P+[0xffffff97][0x12][0xffffffc1][0xffffffb4]TJ[0x4][0xfffffff1]^H[0xffffff89][0xffffffaa]R[0xffffffe2][0xffffff9c][0xfffffff9]7)>[0xffffffcf][0x3][0xffffffa7]D5H[0xffffff89][0x1a]yO[0x4][0xffffffbc]b)Q[0xffffff9d]R"[0xffffffa2][0xffffffc8][0xffffffa4][0xffffff84][0x2][0xffffff92]I[0xffffff89][0xffffff88]e~J[0xffffffec]pf[0xffffffa7][0xffffffc4][0xffffff8e][0xffffffa8]SJ[0x8]y[0xffffffb2])!][0xffffffca][0xffffffa6][0xffffff84]P+[0xffffff97][0x12][0xffffffc1][0xffffffb4]TJ[0x4][0xfffffff1]^J[0xffffff89]j[0xffffff96][0x12][0x15]O[0xffffff89]j[0xffffff90][0x12][0x15]M[0xffffff89][0xffffff8a][0xffffffa5]DuJ[0xffffff89][0x1d]E*%"[0xffffff90]TJ[0xffffffec]X[0x12])Q[0xffffffe1][0xffffff94][0xffffffa8][0xffffffc6])[0x11][0xffffffe4]I[0xffffffa7][0xffffff84]p)[0xffffff9d][0x12]A[0xffffffad]dJT[0xffffff97][0xffffff94][0xffffffa8]?[0xffffff9d][0x12]M[0xffffffbc][0xffffff95]X[0xffffffa5]W*%[0x1a][0xfffffffe]V[0xffffffa2][0x19][0xffffffbc][0xffffff95]h1[0xffffff9d][0x13][0x1]o[0xffffffd8][[0xffffff89][0xffffffe6][0xfffffff4]V"[0xffffffa2][0xffffffc8][0xffffffa4][0xffffff84][0x2][0xffffff92]I[0xffffff89][0xffffff88]e~J[0xffffffec]pf[0xffffffa7][0xffffffc4][0xffffff8e][0xffffffa8]SJ[0x8]y[0xffffffb2])!][0xffffffca][0xffffffa6][0xffffff84]P+[0xffffff97][0x12][0xffffffc1][0xffffffb4]TJ[0x4][0xfffffff1]^H[0xffffff89][0xffffffae]R[0xffffffa2][0xffffffb5][0xffffff83]J[0xffffff89][0xffffff8e][0xffffffa7]D7H[0xffffff89][0x1e]yO[0x4][0xffffffbc]c)[0xffffffd1][0xffffff9d]R"[0xffffffa2][0xffffffc8][0xffffffa4][0xffffff84][0x2][0xffffff92]I[0xffffff89][0xffffff88]e~J[0xffffffec]pf[0xffffffa7][0xffffffc4][0xffffff8e][0xffffffa8]SJ[0x8]y[0xffffffb2])!][0xffffffca][0xffffffa6][0xffffff84]P+[0xffffff97][0x12][0xffffffc1][0xffffffb4]TJ[0x4][0xfffffff1]^J[0xffffff89]b[0xffffff96][0x12][0xffffffd8][0xffffffae][0xffffffcc]/'[0xffffffe0]S[0x2][0xffffffd9][0xffffff94][0xfffffff9][0xffffffe5][0xffffffe9]TJ8[0xffffffec][0xffffffc9]|[0xffffff8a]"[0xffffff95][0x12][0xfffffff8][0xffffff96][0xffffffcc][0xffffffa7]X[0x12])[0x1][0xffffffed][0xffffffc8]|[0xffffff82][0xffffffa8]WJ[0xffffffb8]l[0xffffffc8][0xfffffffc][0xffffff91]K[0xffffffe9][0xffffff94]p[0xffffffd8][0xffffff8f][0xfffffff9][0xffffffcc][0xffffffb4]\J[0xfffffffc][0xffffffc4]v[0xffffffcc][0xffffff8f][0x7f][0xffffffc6]Po%f;[0xffffffa9][0xffffff94][0x18][0xfffffff8][[0xffffff89]a[0xfffffff0]Vb[0xffffffc4]tN[0x4]|`o%[0xffffff86][0xffffffd3][[0xffffff89][0xffffff88]"[0xffffff93][0x12][\n]"
14:21:23.192 [main] DEBUG org.apache.hc.client5.http.wire -- http-outgoing-1 << "H&%"[0xffffff96][0xfffffff9])[0xffffffb1][0xffffffc3][0xffffff99][0xffffff9d][0x12];[0xffffffa2]N)![0xffffffe4][0xffffffc9][0xffffffa6][0xffffff84]t)[0xffffff9b][0x12]B[0xffffffad]\J[0x4][0xffffffd3]R)[0x11][0xffffffc4]{!%N[0xffffff95][0x12][0xffffffeb][0xffffffc0][0xffffffde]J[0xffffff9c]xJ[0xffffff9c][0x6])qF[0xffffffde][0x13][0x1]?[0xffffffb1][0xffffff94]8[0xffffff9d]R"[0xffffffa2][0xffffffc8][0xffffffa4][0xffffff84][0x2][0xffffff92]I[0xffffff89][0xffffff88]e~J[0xffffffec]pf[0xffffffa7][0xffffffc4][0xffffff8e][0xffffffa8]SJ[0x8]y[0xffffffb2])!][0xffffffca][0xffffffa6][0xffffff84]P+[0xffffff97][0x12][0xffffffc1][0xffffffb4]TJ[0x4][0xfffffff1]^H[0xffffff89])Sb`[0xffffffdb].'[0xffffff9e][0x12][0xffffffd3] %f[0xffffffe4]=[0x11][0xfffffff0][0xffffff89][0xffffffa5][0xffffffc4]tJ[0xffffff89][0xffffff88]"[0xffffff93][0x12][\n]"
14:21:23.192 [main] DEBUG org.apache.hc.client5.http.wire -- http-outgoing-1 << "H&%"[0xffffff96][0xfffffff9])[0xffffffb1][0xffffffc3][0xffffff99][0xffffff9d][0x12];[0xffffffa2]N)![0xffffffe4][0xffffffc9][0xffffffa6][0xffffff84]t)[0xffffff9b][0x12]B[0xffffffad]\J[0x4][0xffffffd3]R)[0x11][0xffffffc4]{!%VL[0xffffff89]r[0xffffffbb]qo%[0x16][0xffffff9e][0x12][0xffffffcb] %V[0xffffffe4]=[0x11][0xfffffff0][0xffffff85][0xffffffa5][0xffffffc4]rJ[0xffffff89]"
14:21:23.199 [main] DEBUG org.apache.hc.client5.http.wire -- http-outgoing-1 << "[0xffffff88]"[0xffffff93][0x12][\n]"
14:21:23.199 [main] DEBUG org.apache.hc.client5.http.wire -- http-outgoing-1 << "H&%"[0xffffff96][0xfffffff9])[0xffffffb1][0xffffffc3][0xffffff99][0xffffff9d][0x12];[0xffffffa2]N)![0xffffffe4][0xffffffc9][0xffffffa6][0xffffff84]t)[0xffffff9b][0x12]B[0xffffffad]\J[0x4][0xffffffd3]R)[0x11][0xffffffc4][0xfffffffb]zJ[0x1c][0xffffff87]J[0xffffff89]R[0xffffffa9][0xffffffbd][0x12]o[0xffffffe7]aS[0xffffffe2]q[0x2]8%[0xffffffbe][0xffffff9f][0x1]I[0xffffff89][0xffffffc7][0xffffffd3][0xffffff91][0xffffff94][0xfffffff8][0xfffffff6]d[0xffffff8b][0xffffff94][0x10](")![0xffffff81]DRB`[0xffffff99][0xffffff9e][0x12][0x1][0xffffffce][0xffffffe4][0xffffff94][0x8][0xffffff88][0x1a][0xffffffa5][0xffffff84][0xffffff92]'[0xffffff9a][0x12][0xffffffda][0xffffffa5]hJ([0xffffffb5]b)[0x11]M[0xb][0xffffffa5]D[0x14][0xffffffef][0xffffff85][0xffffff94][0x10]{%[0xffffffca]m[0xffffffdd][0x1a][0xffffff95][0x12][0xfffffff8]^[0xffffff89][0xffffffc3]`[0xffffffaf][0xffffffc4]![0xffffff86][0xffffff9f][0x13][0x1][0xffffffc7][0xfffffff6]J[0x1c]a[0xffffffbc][0xffffff99]L[0x9][0xffffff93][0xffffffbd][0x12][0x12]H&%[0xc][0xfffffff6]J[0x4]8[0xffffffb3]S[0xffffffc2]x[0xffffffaf][0xffffff84][0xffffff92]'[0xffffff9b][0x12]~{%[0xffffff94]Z[0xffffffb9][0xffffff94]p[0xffffffd9]+[0x11][0xffffffc5]{!%[0xffffffc4]0h9[0xffffffca][0xffffffea]TJ[0xffffffe0][0xffffffc3][0xffffffa0][0xffffff87][0xffffffc1]0[0xffffffe8]!&[0xffffff96][0x12][0x1][0xffffffc7][0xffffff86]A[0xffffff8f]0[0xffffff93]D[0xffffffa6][0xffffff84][0xffffffc9]0[0xffffffa8][0x4][0xffffff92]I[0x9][0xffffff83]a[0xffffffd0][0x0]gvJ[0x18][0xf][0xffffff83]*y[0xffffffb2])[0xffffffe1]7[0xc][0xffffffaa][0xffffffd4][0xffffffca][0xffffffa5][0xffffff84][0xffffffcb]0h[0x14][0xffffffef][0xffffff85][0xffffff94]Pw%[0xffffffca][0xffffff98][0xffffffd4][0xffffff97]A[0xf][0xfffffffc][0xffffffae][0xffffffc4]apW[0xffffffe2][0x10]?[0xffffffe8]%[0x2][0xffffff8e][0xffffffdd][0xffffff95]8[0xffffffc2]OvdJ[0xffffff98][0xffffffdc][0xffffff95][0xffffff90]@2)apW"[0xffffffc0][0xffffff99][0xffffff9d][0x12][0xffffffc6]w%[0xffffff94]<[0xffffffd9][0xffffff94][0xfffffff0][0xffffffbb]+[0xffffffa1][0xffffffd4][0xffffffca][0xffffffa5][0xffffff84][0xffffffcb]][0xffffff89]([0xffffffde][0xffffffd7]S[0xffffffa2][0xffffffdc]TJ[0xffffffac][0x1b]uW[0xffffffe2][0xffffffed]<lJ[0xffffff94][0xffffff9b][0xffffffc2]?[0xffffff97][0xfffffff7][0xffffffef]g@R[0xffffffa2][0xffffffdc][0xffffffa8][0xffffff94][0xfffffff8][0xfffffff6]d[0xffffff8b][0xffffff94][0x10](")![0xffffff81]DRB`[0xffffff99][0xffffff9e][0x12][0x1][0xffffffce][0xffffffe4][0xffffff94][0x8][0xffffff88][0x1a][0xffffffa5][0xffffff84][0xffffff92]'[0xffffff9a][0x12][0xffffffda][0xffffffa5]hJ([0xffffffb5]b)[0x11]M[0xb][0xffffffa5]D[0x14][0xffffffef][0xffffff85][0xffffff94][0x10][0x1f][0x19]/[0xffffffb5][0xffffff96][0x1b][0xffffff95][0x12][0xfffffff8]G[0xffffffc6][0xffffff8b][0xffffffc1]G[0xffffffc6][0xffffff8b][0xfffffff8][0x12]n"[0xffffffe0][0xffffffd8]G[0xffffffc6]K[0xfffffff8][0xffffffd6]-[0xffffff99][0x12]&[0x1f][0x19][0xffffff97]@2)a[0xfffffff0][0xffffff91][0xfffffff1][0x0]gvJ[0x18][0x7f]d\[0xffffffc9][0xffffff93]M[0x9][0xffffffbf][0xffffff8f][0xffffff8c]+[0xffffffb5]r)[0xffffffe1][0xfffffff2][0xffffff91][0xfffffff1]([0xffffffde][0xb])!>2~O[0x9][0xffffffec]s^[0x5][0xffffffff][0xffffffc8]x1[0xfffffff8][0xffffffc8]x[0x11]_[0xffffffc2]M[0x4][0x1c][0xfffffffb][0xffffffc8]x[0x9][0xffffffdf][0xffffffba]%S[0xffffffc2][0xffffffe4]#[0xffffffe3][0x12]H&%[0xc]>2[0x1e][0xffffffe0][0xffffffcc]N[0x9][0xffffffe3][0xffffff8f][0xffffff8c]+y[0xffffffb2])[0xffffffe1][0xfffffff7][0xffffff91]q[0xffffffa5]V.%\>2[0x1e][0xffffffc5]{!%[0xffffffd4][0x4]G[0xffffffad][0x13]{+[0xffffff81]Op[0x14][0xffffff83][0x9][0xffffff8e]"[0xffffffae][0x19]'[0x2][0xffffff8e]Mp[0xffffff94]p[0xffffff91][0xffffff98]L[0x9][0xffffff93][0x9][0xe][0x9]$[0xffffff93][0x12][0x6][0x13][0x1c][0x1][0xffffffce][0xffffffec][0xffffff94]0[0xffffff9e][0xffffffe0]P[0xfffffff2]dS[0xffffffc2]o[0xffffff82]C[0xffffffa9][0xffffff95]K[0x9][0xffffff97][0x9][0xffffff8e]([0xffffffde][0xb])![0xffffffbe][0xc]Zj[0xffffffab][0xffffffd4]78[\n]"
14:21:23.199 [main] DEBUG org.apache.hc.client5.http.wire -- http-outgoing-1 << "[0xfffffffe]e[0xffffffd0]b[0xfffffff0]e[0xffffffd0]">_[0xffffff97][0x8]8[0xfffffff6]e[0xffffffd0][0x12]>PG[0xffffffa6][0xffffff84][0xffffffc9][0xffffff97]A%[0xffffff90]LJ[0x18]|[0x19]4[0xffffffc0][0xffffff99][0xffffff9d][0x12][0xffffffc6]_[0x6]U[0xfffffff2]dS[0xffffffc2][0xffffffef][0xffffffcb][0xffffffa0]J[0xffffffad]\J[0xffffffb8]|[0x19]4[0xffffff8a][0xfffffff7]BJ[0xffffff88][0xffffffcf]y[0xffffff95][0xffffffda][0x17]5[0xffffffc1]Q[0xfffffff0][0xffffffcf]y[0x15][0xffffff83][0xffffffcf]y[0x15][0xfffffff1][0xffffffcd][0xffffff99]D[0xffffffc0][0xffffffb1][0xffffffcf]y[0xffffff95][0xfffffff0]U[0x19]2%L>[0xffffffe7]%[0xffffff81]dR[0xffffffc2][0xffffffe0]s^[0x1][0xffffffce][0xffffffec][0xffffff94]0[0xfffffffe][0xffffff9c][0xffffff97][0xffffff92]'[0xffffff9b][0x12]~[0xffffff9f][0xfffffff3]Rj[0xffffffe5]R[0xffffffc2][0xffffffe5]s^Q[0xffffffbc][0x17]RB|[0xffffffce][0xffffffab][0xffffffb4][[0xffffffa7][0xfffffff6]J[0x14][0xfffffffc]s^[0xffffffc5][0xffffffe0]s^E|s&[0x11]p[0xffffffec]s^%|U[0xffffff86]L[0x9][0xffffff93][0xffffffcf]yI [0xffffff99][0xffffff94]0[0xfffffff8][0xffffff9c]W[0xffffff80]3;%[0xffffff8c]?[0xffffffe7][0xffffffa5][0xffffffe4][0xffffffc9][0xffffffa6][0xffffff84][0xffffffdf][0xffffffe7][0xffffffbc][0xffffff94]Z[0xffffffb9][0xffffff94]p[0xfffffff9][0xffffff9c]W[0x14][0xffffffef][0xffffff85][0xffffff94][0x10][0xffffff9f][0xfffffff3]*[0xffffffad][0xffffff9c][0xffffff8d]J[0x9][0xfffffffc]s^[0xffffffc5][0xffffffe0]s^E|s&[0x11]p[0xffffffec]s^%|U[0xffffff86]L[0x9][0xffffff93][0xffffffcf]yI [0xffffff99][0xffffff94]0[0xfffffff8][0xffffff9c]W[0xffffff80]3;%[0xffffff8c]?[0xffffffe7][0xffffffa5][0xffffffe4][0xffffffc9][0xffffffa6][0xffffff84][0xffffffdf][0xffffffe7][0xffffffbc][0xffffff94]Z[0xffffffb9][0xffffff94]p[0xfffffff9][0xffffff9c]W[0x14][0xffffffef][0xffffffa5][0xffffff94][0xffffff88][0xffffffdb].[0xffffffd9][0xffffff94][0xffffff80][0xffffffb7]]]]><![CDATA[>N[0xffffffc0][0xffffffa7][0x4][0xffffffb8][0xffffffed][0xfffffff2][0xfffffff1]t*%|[0xffffffb6]][\n]"
14:21:23.199 [main] DEBUG org.apache.hc.client5.http.wire -- http-outgoing-1 << "[0x14][0xffffffa9][0xffffff94]0[0xffffffd9]v)[0xffffffb0]$R[0x2][0xffffffdd]v[0x19][0x10][0xfffffff5]J[0x9][0xffffffaf]m[0xffffff97][0xffffffda][0xffffffa5]tJ[0xfffffff8]l[0xffffffbb][0xffffff8c][0xffffffa6][0xffffffe5]R[0xffffffe2][0xffffffa7][0xffffffb7]][0x16][0xffffffb5][0xffffffed][0xffffffb2][0xffffff9d]7[0xffffffea][0xffffffcb][0xffffffa0][0x5][0xffffffdf]vY[0xc][0xffffffb6]][0x16][0xffffffb1][0xffffff92]-[0x11]pl[0xffffffdb]e[0x9]K[0xffffffd7][0xffffffc8][0xffffff94]0[0xffffffd9]v)[0xffffff81]dR[0xffffffc2]`[0xffffffdb]e[0xffffff80]3;%[0xffffff8c][0xffffffb7]]*y[0xffffffb2])[0xffffffe1][0xffffffb7][0xffffffed]R[0xffffffa9][0xffffff95]K[0x9][0xffffff97]m[0xffffff97]Q[0xffffffbc][0xffffffaf][0xffffffa7]DU[0xffffffdb].[0x1b][0xffffffb7][0xffffffed][0xffffffb2][0xffffffe2][0xffffffdb].[0xffffffab][0xffffffc1][0xffffffb6][0xffffffcb]*V[0xffffffb2][0xffffffe5][0x1]^[0xffffffb1]m[0xffffff97]5,][0x3]SB[0xffffffa0][0xffffff88][0xffffffa4][0xffffff84][0x4][0x12]I[0x9][0xffffff81]ezJ[0x4]8[0xffffff93]S" j[0xffffff94][0x12]J[0xffffff9e]hJh[0xffffff97][0xffffffa2])[0xffffffa1][0xffffffd4][0xffffff8a][0xffffffa5]D4-[0xffffff94][0x12]Q[0xffffffbc][0x17]RB[0xffffffad][0xffffffa8][0xffffffea]sP[0xffffffc3][0xffffffa0][0x15]_QU[\r]VTU[0xffffffb1]G%[0x11]plEU[\r][0xffffff9b]R[0xffffffc8][0xffffff94]0YQ%[0xffffff81]dR[0xffffffc2]`EU[0xffffff80]3;%[0xffffff8c]WT)y[0xffffffb2])[0xffffffe1][0xffffffb7][0xffffffa2]J[0xffffffa9][0xffffff95]K[0x9][0xffffff97][0x15]UQ[0xffffffbc][0x17]RB[0xffffffad][0xffffffa8][0x1a][0xffffffb7][0x13]{+[0xffffff81][0xffffffaf][0xffffffa8][0xffffffaa][0x6]+[0xffffffaa][0xffffffaa][0xffffffd8][0xffffffa3][0xffffff92][0x8]8[0xffffffb6][0xffffffa2][0xffffffaa][0xffffff86]M)dJ[0xffffff98][0xffffffac][0xffffffa8][0xffffff92]@2)a[0xffffffb0][0xffffffa2]*[0xffffffc0][0xffffff99][0xffffff9d][0x12][0xffffffc6]+[0xffffffaa][0xffffff94]<[0xffffffd9][0xffffff94][0xfffffff0][Q[0xffffffa5][0xffffffd4][0xffffffca][0xffffffa5][0xffffff84][0xffffffcb][0xffffff8a][0xffffffaa]([0xffffffde][0xb])[0xffffffa1][0xfffffff6]J[0xffffff8c][0xffffff8e][0xffffffad][0xffffffa8][0xffffffaa][0xfffffff8]^[0xffffff89]j[0xffffffb0]W[0xffffffa2][0xffffff8a][0xffffffe1][0xffffffe7]D[0xffffffc0][0xffffffb1][0xffffffbd][0x12]5[0xffffff8c]7[0xffffff93])a[0xffffffb2]WB[0x2][0xffffffc9][0xffffffa4][0xffffff84][0xffffffc1]^[0xffffff89][0x0]gvJ[0x18][0xffffffef][0xffffff95]P[0xfffffff2]dS[0xffffffc2]o[0xffffffaf][0xffffff84]R+[0xffffff97][0x12].{%[0xffffffa2]x/[0xffffffa4][0xffffff84][0xffffffda]+1FkTJ[0xffffffe0]{%[0xffffffaa][0xffffffc1]^[0xffffff89]*[0xffffff86][0xffffff9f][0x13][0x1][0xffffffc7][0xfffffff6]J[0xffffffd4]0[0xffffffde]L[0xffffffa6][0xffffff84][0xffffffc9]^[0x9][0x9]$[0xffffff93][0x12][0x6]{%[0x2][0xffffff9c][0xffffffd9])a[0xffffffbc]WB[0xffffffc9][0xffffff93]M[0x9][0xffffffbf][0xffffffbd][0x12]J[0xffffffad]\J[0xffffffb8][0xffffffec][0xffffff95][0xffffff88][0xffffffe2][0xffffffbd][0xffffff90][0x12]j[0xffffff82][0xffffffe3]<&[0xfffffff5]9[0xffffffaf][0xffffff8a]OpT[0xffffff83][0x9][0xffffff8e]*[0xffffffae][0x19]'[0x2][0xffffff8e]Mp[0xffffffd4]p[0xffffff91][0xffffff98]L[0x9][0xffffff93][0x9][0xe][0x9]$[0xffffff93][0x12][0x6][0x13][0x1c][0x1][0xffffffce][0xffffffec][0xffffff94]0[0xffffff9e][0xffffffe0]P[0xfffffff2]dS[0xffffffc2]o[0xffffff82]C[0xffffffa9][0xffffff95]K[0x9][0xffffff97][0x9][0xffffff8e]([0xffffffde][0xffffffd7]S[0xffffffa2][0xffffffa9][0x9][0xffffff8e][0xffffffb3][0xfffffff6][0x1][0xffffffa5]D[0xffffffc3]'8[0xffffff9a][0xffffffc1][0x4]G[0x13][0xffffffd7][0xffffff8c][0xfffffff3][0x0]o[0xffffffd8][0x4]G[0xb][0x17][0xffffff89][0xffffffc1][0xffffff94][0x10](")![0xffffff81]DRB`[0xffffff99][0xffffff9e][0x12][0x1][0xffffffce][0xffffffe4][0xffffff94][0x8][0xffffff88][0x1a][0xffffffa5][0xffffff84][0xffffff92]'[0xffffff9a][0x12][0xffffffda][0xffffffa5]hJ([0xffffffb5]b)[0x11]M[0xb][0xffffffa5]D[0x14][0xffffffef][0xffffff85][0xffffff94]8TJ[0xffffff9c][0xffffff9d][0xfffffffa][0x6][0xffffffc7][0xffffffdb]y[0xffffffe0][0xffffff94]8[0xc]R[0xffffffe2][0xffffff88][0xffffffbc]'[0x2]~`)q8[0xffffffa5]DD[0xffffff91]I[0x9][0x5]$[0xffffff93][0x12][0x11][0xffffffcb][0xfffffffc][0xffffff94][0xffffffd8][0xffffffe1][0xffffffcc]N[0xffffff89][0x1d]Q[0xffffffa7][0xffffff94][0x10][0xfffffff2]dSB[0xffffffba][0xffffff94]M[0x9][0xffffffa1]V.%[0xffffff82]i[0xffffffa9][0xffffff94][0x8][0xffffffe2][0xffffffbd][0xffffff90][0x12]E[0xffffffa5][0xffffffc4][0xffffffea][0xffffff8b]J[0xffffff89][0xffffff82][0xffffffa7]D1H[0xffffff89][0x12]yO[0x4][0xffffffbc]`)Q[0xffffff9c]R"[0xffffffa2][0xffffffc8][0xffffffa4][0xffffff84][0x2][0xffffff92]I[0xffffff89][0xffffff88]e~J[0xffffffec]pf[0xffffffa7][0xffffffc4][0xffffff8e][0xffffffa8]SJ[0x8]y[0xffffffb2])!][0xffffffca][0xffffffa6][0xffffff84]P+[0xffffff97][0x12][0xffffffc1][0xffffffb4]TJ[0x4][0xfffffff1]^H[0x9][0xffffffb5]Wb[0xffffff96]N[\r][0xffffff83]6|[0xffffffaf]D3[0xffffffd8]+[0xffffffd1][0xffffffc4][0xfffffff0]s"[0xffffffe0][0xffffffd8]^[0xffffff89][0x16][0xffffffc6][0xffffff9b][0xffffffc9][0xffffff94]0[0xffffffd9]+![0xffffff81]dR[0xffffffc2]`[0xffffffaf]D[0xffffff80]3;%[0xffffff8c][0xfffffff7]J(y[0xffffffb2])[0xffffffe1][0xffffffb7]WB[0xffffffa9][0xffffff95]K[0x9][0xffffff97][0xffffffbd][0x12]Q[0xffffffbc][0x17]RB[0xffffffed][0xffffff95][0xffffff98][0xffffffad]Q[0xffffff8b][0xffffffb3][0x1b][0xffffffbe]W[0xffffffa2][0x19][0xffffffec][0xffffff95]hb[0xfffffff8]9[0x11]pl[0xffffffaf]D[0xb][0xffffffe3][0xffffffcd]dJ[0xffffff98][0xffffffec][0xffffff95][0xffffff90]@2)a[0xffffffb0]W"[0xffffffc0][0xffffff99][0xffffff9d][0x12][0xffffffc6]{%[0xffffff94]<[0xffffffd9][0xffffff94][0xfffffff0][0xffffffdb]+[0xffffffa1][0xffffffd4][0xffffffca][0xffffffa5][0xffffff84][0xffffffcb]^[0xffffff89]([0xffffffde][0xb])[0xffffffd1]UJ[0xffffff8c][0xffffff8a][0xffffffbd][0xffffff95][0xffffffe8]xJt[0xffffff83][0xffffff94][0xffffffe8][0xffffff91][0xfffffff7]D[0xffffffc0];[0xffffff96][0x12][0xffffffdd])%"[0xffffff8a]LJ( [0xffffff99][0xffffff94][0xffffff88]X[0xffffffe6][0xffffffa7][0xffffffc4][0xe]gvJ[0xffffffec][0xffffff88]:[0xffffffa5][0xffffff84][0xffffff90]'[0xffffff9b][0x12][0xffffffd2][0xffffffa5]lJ[0x8][0xffffffb5]r)[0x11]LK[0xffffffa5]D[0x10][0xffffffef][0xffffff85][0xffffff94]P+[0xffffffaa][0xffffffe6]yv*%[0xfffffff0][0x15]U[0xffffffcd]`EU[0x13]{T[0x12][0x1][0xffffffc7]VT[0xffffffb5][0xffffffb0])[0xffffff85]L[0x9][0xffffff93][0x15]U[0x12]H&%[0xc]VT[0x5]8[0xffffffb3]S[0xffffffc2]xE[0xffffff95][0xffffff92]'[0xffffff9b][0x12]~+[0xffffffaa][0xffffff94]Z[0xffffffb9][0xffffff94]pYQ[0x15][0xffffffc5]{!%[0xffffffd4][0xffffff8a][0xffffffaa][0xffffffb9][0xe][0xffffffec][0xffffffad][0x4][0xffffffbe][0xffffffa2][0xffffffaa][0x19][0xffffffac][0xffffffa8]jb[0xffffff8f]J"[0xffffffe0][0xffffffd8][0xffffff8a][0xffffffaa][0x16]6[0xffffffa5][0xffffff90])a[0xffffffb2][0xffffffa2]J[0x2][0xffffffc9][0xffffffa4][0xffffff84][0xffffffc1][0xffffff8a][0xffffffaa][0x0]gvJ[0x18][0xffffffaf][0xffffffa8]R[0xfffffff2]dS[0xffffffc2]oE[0xffffff95]R+[0xffffff97][0x12].+[0xffffffaa][0xffffffa2]x/[0xffffffa4][0xffffffc4][0xffffff94])[0xfffffff1]8&[0xffffff92][0x12][0x13]O[0xffffff89]i[0xffffff90][0x12]3[0xfffffff2][0xffffff9e][0x8][0xfffffff8][0xffffffc4]Rb:[0xffffffa5]DD[0xffffff91]I[0x9][0x5]$[0xffffff93][0x12][0x11][0xffffffcb][0xfffffffc][0xffffff94][0xffffffd8][0xffffffe1][0xffffffcc]N[0xffffff89][0x1d]Q[0xffffffa7][0xffffff94][0x10][0xfffffff2]dSB[0xffffffba][0xffffff94]M[0x9][0xffffffa1]V.%[0xffffff82]i[0xffffffa9][0xffffff94][0x8][0xffffffe2]}=%[0xffffffba]ZQ[0xffffffb5]n[0xffffffe7][\r]J[0xffffff89][0xffffff8e][0xffffffaf][0xffffffa8][0xffffffea][0x6]+[0xffffffaa][0xffffffba][0xffffffd8][0xffffffa3][0xffffff92][0x7]x[0xffffffc7]VT[0xfffffff5][0xffffffb0])[0x5]L[0x9][0xffffff81]"[0xffffff92][0x12][0x12]H$%[0x4][0xffffff96][0xffffffe9])[0x11][0xffffffe0]LN[0xffffff89][0xffffff80][0xffffffa8]QJ(y[0xffffffa2])[0xffffffa1]][0xffffff8a][0xffffffa6][0xffffff84]R+[0xffffff96][0x12][0xffffffd1][0xffffffb4]PJD[0xfffffff1]^H[0x9][0xffffffb5]Wb[0xffffffd5][0x1b][0xfffffff5]9[0xffffffaf][0xffffff8e][0xffffffef][0xffffff95][0xffffffe8][0x6]{%[0xffffffba][0x18]~N[0x4][0x1c][0xffffffdb]+[0xffffffd1][0xffffffc3]x3[0xffffff99][0x12]&{%$[0xffffff90]LJ[0x18][0xffffffec][0xffffff95][0x8]pf[0xffffffa7][0xffffff84][0xfffffff1]^[0x9]%O6%[0xfffffffc][0xfffffff6]J([0xffffffb5]r)[0xffffffe1][0xffffffb2]W"[0xffffff8a][0xfffffff7]BJ[0xffffffa8]a[0xffffffd0]5Oj[0x18][0xffffffb4][0xffffffe3][0xffffffc3][0xffffffa0][0xffffffdd]`[0x18][0xffffffb4][0xffffff8b][0xffffff89][0xffffffa5]D[0xffffffc0][0xffffffb1]a[0xffffffd0][0x1e]f[0xffffff92][0xffffffc8][0xffffff94]0[0x19][0x6][0xffffff95]@2)a0[0xc][0x1a][0xffffffe0][0xffffffcc]N[0x9][0xffffffe3]aP%O6%[0xfffffffc][0xffffff86]A[0xffffff95]Z[0xffffffb9][0xffffff94]p[0x19][0x6][0xffffff8d][0xffffffe2][0xffffffbd][0xffffff90][0x12]b[0xffffff82][0xffffffa3][0xffffffde][0xfffffffa][\r]K[0x9]|[0xffffff82][0xffffffa3][0x1b]Lptq[0xffffffcd]8[0x11]pl[0xffffff82][0xffffffa3][0xffffff87][0xffffff8b][0xffffffc4]dJ[0xffffff98]LpH [0xffffff99][0xffffff94]0[0xffffff98][0xffffffe0][0x8]pf[0xffffffa7][0xffffff84][0xfffffff1][0x4][0xffffff87][0xffffff92]'[0xffffff9b][0x12]~[0x13][0x1c]J[0xffffffad]\J[0xffffffb8]LpD[0xfffffff1]^J[0xffffff89]b[0xffffff96][0x12][0x5]O[0xffffff89]b[0xffffff90][0x12][0x5]M[0xffffff89][0xffffff82][0xffffffa5]DqJ[0xffffff89][0x1d]E*%"[0xffffff90]TJ[0xffffffec]X[0x12])Q[0xffffffe0][0xffffff94]([0xffffffc6])[0x11][0xffffffe4]I[0xffffffa7][0xffffff84]p)[0xffffff9d][0x12]A[0xffffffad]dJ[0x14][0xffffff97][0xffffff94](?[0xffffff9b][0x12]C[0xffffffbd][0xffffff95](cQ{%[0x6][0xfffffffe]Vb[0x18][0xffffffbc][0xffffff95][0x18]"[0xffffff9d][0xfffffff3][0x0][0x1f][0xffffffd8][[0xffffff89][0x11][0xffffffe2][0x18]L[0x9][0xffffff81]"[0xffffff92][0x12][0x12]H$%[0x4][0xffffff96][0xffffffe9])[0x11][0xffffffe0]LN[0xffffff89][0xffffff80][0xffffffa8]QJ(y[0xffffffa2])[0xffffffa1]][0xffffff8a][0xffffffa6][0xffffff84]R+[0xffffff96][0x12][0xffffffd1][0xffffffb4]PJD[0xfffffff1]^H[0x9][0xffffffb1]W[0xffffffa2][0xffffffd6][0x3][0xffffffbb]v9[0xfffffff0][0xffffffbd][0x12][0xffffffc3]`[0xffffffaf][0xffffffc4][0x10][0xffffffc3][0xffffffcf][0xffffff89][0xffffff80]c{%F[0x18]o&S[0xffffffc2]d[0xffffffaf][0xffffff84][0x4][0xffffff92]I[0x9][0xffffff83][0xffffffbd][0x12][0x1][0xffffffce][0xffffffec][0xffffff94]0[0xffffffde]+[0xffffffa1][0xffffffe4][0xffffffc9][0xffffffa6][0xffffff84][0xffffffdf]^[0x9][0xffffffa5]V.%\[0xfffffff6]JD[0xfffffff1]^J[0xffffff89][0xfffffff8][0x3][0x7][0xffffff9b][0x12][0xfffffff0][0xf][0x1c][0xffffff8f][0x13][0xfffffff0])[0x1][0xfffffffe][0xffffffc0][0xfffffff1]x:[0xffffff95][0x12]>?p[0x8][0x14][0xffffffa9][0xffffff94]0[0xfffffff9][0xffffff81]C`I[0xffffffa4][0x4][0xfffffffa][0x3]G@[0xffffffd4]+%[0xffffffbc]~[0xffffffe0][0xffffffd0].[0xffffffa5]S[0xffffffc2][0xffffffe7][0x7][0xffffff8e]hZ.%~[0xfffffffe][0x7][0xffffff8e][0xfffffff3][0xffffff97]i[0xffffff96][0x12][0x13]O[0xffffff89]i[0xffffff90][0x12][0x13]M[0xffffff89][0xffffff89][0xffffffa5][0xffffffc4]tJ[0xffffff89][0x1d]E*%"[0xffffff90]TJ[0xffffffec]X[0x12])1[0xffffffe1][0xffffff94][0xffffff98][0xffffffc6])[0x11][0xffffffe4]I[0xffffffa7][0xffffff84]p)[0xffffff9d][0x12]A[0xffffffad]dJL[0xffffff97][0xffffff94][0xffffff98][0x7f][0xffffff87][0xffffff94]8[0xffffff86]YK[0x1c][0x3][0xffffff8f][0xffffff89][0xfffffffb][0x11][0xfffffff8][0xffffff9a][0xfffffff8]8[0x4][0xffffff95][0x13][0xfffffff7][0xffffffc7]S=[0xfffffff1][0xfffffffe]h[0xffffff97][0xffffffa0][0x8]<RE![0xffffffa8][0xffffffa4][0xffffff92]"[0xffffffb0]I4[0xffffffc5]Fh~Tl[0xffffff9c]zUE[0xffffffd4]([0xffffff9d][0x15][0xffffffca][0xffffffaa]tWD[0xffffffc9][0xffffff92]a[0xffffffb1];[0xffffff97]+[0xffffff8b]][0xffffffc1][0xffffff97][0xffffffd2][0xffffffa2][0xffffff9d]fi[0xffffffd1]N<-[0xffffffee]G[0xffffffe0][0xffffffd3][0xffffffe2][0xffffffe3][0x10]TZ[0xffffffdc][0x1f]O[0xffffffa5][0xffffffc5][0xfffffffb][0xffffffa3]][0xffffffd2]"[0xfffffff0]H[0xffffffa5][0xffffff85][0xffffffa0][0xffffff92]J[0xffffff8b][0xffffffc0]&[0xffffff91][0x16][0x1b][0xffffffa1][0xfffffff9]i[0xffffffb1]q[0xffffffea][0xffffff95][0x16]Q[0xffffffa3]tZ([0xffffffab][0xffffffd2]i[0x11]%K[0xffffffa6][0xffffffc5][0xffffffee]\.-v[0x5]_J[0xffffff8b][0xffffffee][0xffffff96][0x16][0xffffff9d]O[0xffffff8b][0xffffffee][0xffffff90][0x16][0xffffff9d]M[0xffffff8b][0xffffffce][0xffffffa5]E[0xffffffb7]J[0xffffff8b][0xffffffc0]#[0xffffff95][0x16][0xffffff82]J*-[0x2][0xffffff9b]DZt:-[0xffffffba]sZD[0xffffff8d][0xffffffd2]i[0xffffffa1][0xffffffac]J[0xffffffa7]E[0xffffff94],[0xffffff99][0x16][0xffffffbb]s[0xffffffb9][0xffffffb4][0xffffffd8][0x15]|)-f7K[0xffffff8b][0xffffffd9][0xfffffff1][0xffffffb4][0xffffffb8][0x1f][0xffffff81]O[0xffffff8b][0xffffff8f]CPiq[0x7f]<[0xffffff95][0x16][0xffffffef][0xffffff8f]vI[0xffffff8b][0xffffffc0]#[0xffffff95][0x16][0xffffff82]J*-[0x2][0xffffff9b]DZl[0xffffff84][0xffffffe6][0xffffffa7][0xffffffc5][0xffffffc6][0xffffffa9]WZD[0xffffff8d][0xffffffd2]i[0xffffffa1][0xffffffac]J[0xffffffa7]E[0xffffff94],[0xffffff99][0x16][0xffffffbb]s[0xffffffb9][0xffffffb4][0xffffffd8][0x15]|)-[0xffffff8e][0xffffffd9][0xffffffcc][0xffffffda][0xffffffe2]~"<.[0xffffffde][0xffffffce][0xffffffc0][0xffffffd7][0xffffffc5][0xffffffb7]SPy[0xfffffff1][0xfffffff6]|[0xffffffaa]/>[0xffffff9e][0xffffffed][0x12][0x18][0x11]J[0xffffffaa]0[0x14][0xffffff9a]TbD@[0xffffff89][0xffffffc6][0xffffffd8]1[0xffffffcd][0xffffff8f][0xffffff8c][0x1d]V[0xffffffaf][0xffffffca][0x10]B[0xffffffa5]3C[0xfffffffa][0xffffff95][0xffffffee][0xc][0xffffffa1][24[0xffffff82]}[0xffffffb9][0xffffffd2][0x8]2~%5[0xffffffca][0xfffffffb]?E|[0xffffffc4][0xffffffbc][0xffffffd6][0xffffffb3][0xffffffd6][0xfffffff4][0xffffffd0][0xfffffff8]<[0xf][0xffffff95][0x19]_N[0xffffff80]E[0xffffffc6]v[0xffffff86][0xffffffe4][0xffffffc4][0xfffffff8][0xfffffff2][0xfffffff4][0xffffffe4][0xffffffc0][0xfffffff8][0xfffffff5][0xffffff93][0xffffffe1][0xffffffbc]x[0xffffff8a]br\[0xfffffffc][0x0][0xffffffc8][0xffffffe4][0xffffffb4]x[0xffffff8a]ebX<[0xffffff81]3-+[0xffffff9e] j[0x11][0x15][0xffffffcf][0xffffffe5][0x9]%[0xffffffc5][0xffffff8f]\[\n]"
14:21:23.199 [main] DEBUG org.apache.hc.client5.http.wire -- http-outgoing-1 << "[0x5][0xffffffc5]s[0xffffffb5][0x2]9[0xfffffff1][0xffffffcc][0xffffffb4][0xffffffe9]1[0xfffffff1]L[0xffffffbc][0x17]Rb[0xffffffa9][0xffffff94]XG[0xfffffffe]b[0xffffffee][0xffffffcf][0xfffffff3][0xffffffc0])[0xffffffb1][0xc]RbE[0xffffffde][0x13][0x1]_XJ,[0xffffffa7][0xffffff94][0xffffff88](2)[0xffffffa1][0xffffff80]dR"b[0xffffff99][0xffffff9f][0x12];[0xffffff9c][0xffffffd9])[0xffffffb1]#[0xffffffea][0xffffff94][0x12]B[0xffffff9e]lJH[0xffffff97][0xffffffb2])![0xffffffd4][0xffffffca][0xffffffa5]D0-[0xffffff95][0x12]A[0xffffffbc][0xffffffaf][0xffffffa7][0xffffffc4]y[0x13])[0xffffffd1][0xffffff8e]z[0xffffff83]R[0xffffffe2][0xffffffed]<lJ<N[0x0][0xffffffa7][0xffffffc4][0xfffffff7]3 )[0xfffffff1]x:[0xffffff92][0x12][0xffffffdf][0xffffff9e]l[0xffffff91][0x12][0x2]E$%$[0xffffff90]HJ[0x8],[0xffffffd3]S"[0xffffffc0][0xffffff99][0xffffff9c][0x12][0x1]Q[0xffffffa3][0xffffff94]P[0xfffffff2]DSB[0xffffffbb][0x14]M[0x9][0xffffffa5]V,%[0xffffffa2]i[0xffffffa1][0xffffff94][0xffffff88][0xffffffe2][0xffffffbd][0xffffff94][0x12][0xffffffd5],%*[0xffffff9e][0x12][0xffffffd5] %*[0xffffff9a][0x12][0x15]K[0xffffff89][0xffffffea][0xffffff94][0x12];[0xffffff8a]TJD [0xffffffa9][0xffffff94][0xffffffd8][0xffffffb1]$R[0xffffffa2][0xffffffc2])Q[0xffffff8d]S"[0xffffffc8][0xffffff93]N[0x9][0xffffffe1]R:%[0xffffff82]Z[0xffffffc9][0xffffff94][0xffffffa8].)Q[0xffffffff][0xe])[0x11][0x7]>[0xffffffd8][0xffffff94][0xffffffc0][0xffffffe6]=[0xffffffbe][0xffffff9c][0xffffff80]O[0x9]d[0xffffffda][0xffffffe3][0xffffffcb][0xffffffd3][0xffffffa9][0xffffff94]p[0xffffff98][0xfffffff5]x[0xffffff8a]"[0xffffff95][0x12][0xfffffff8][0xffffffa4][0xffffffc7]S,[0xffffff89][0xffffff94][0xffffff80][0xffffffe6]<[0xffffff9e] [0xffffffea][0xffffff95][0x12].S[0x1e]?r)[0xffffff9d][0x12][0xe]3[0x1e][0xffffffcf]L[0xffffffcb][0xffffffa5][0xffffffc4]OLx|[0xfffffffc]3[0xe][0xfffffff5][0x3]G;[0xfffffff3][0xffffffe7];>[0xffffffcf][0x3][0xffffffa7][0xffffffc4]a[0xfffffff0][0x3][0xffffffc7][0x11][0xffffffdf][0xffffffc2]%[0x2]~`?p[0x1c]N?pD[0x14][0xffffff99][0xffffff94]P@2)[0x11][0xffffffb1][0xffffffcc]O[0xffffff89][0x1d][0xffffffce][0xffffffec][0xffffff94][0xffffffd8][0x11]uJ[0x9]!O6%[0xffffffa4]K[0xffffffd9][0xffffff94][0x10]j[0xffffffe5]R"[0xffffff98][0xffffff96]J[0xffffff89] [0xffffffde][0xb])QTJ[0xffffffcc][0xffffff82][0xffffffbd][0xffffff95](xJ[0x14][0xffffff83][0xffffff94]([0xffffff91][0xfffffff7]D[0xffffffc0][0xb][0xffffff96][0x12][0xffffffc5])%"[0xffffff8a]LJ( [0xffffff99][0xffffff94][0xffffff88]X[0xffffffe6][0xffffffa7][0xffffffc4][0xe]gvJ[0xffffffec][0xffffff88]:[0xffffffa5][0xffffff84][0xffffff90]'[0xffffff9b][0x12][0xffffffd2][0xffffffa5]lJ[0x8][0xffffffb5]r)[0x11]LK[0xffffffa5]D[0x10][0xffffffef][0xffffff85][0xffffff94][0xffffffa8]2%[0xffffffce]I[0xffffffa5]D[0xffffffc5]S[0xffffffa2][0x1a][0xffffffa4]D[0xffffff8d][0xffffffbc]'[0x2]^[0xffffffb1][0xffffff94][0xffffffa8]N)[0x11]QdRB[0x1][0xffffffc9][0xffffffa4]D[0xffffffc4]2?%v8[0xffffffb3]SbG[0xffffffd4])%[0xffffff84]<[0xffffffd9][0xffffff94][0xffffff90].eSB[0xffffffa8][0xffffff95]K[0xffffff89]`Z*%[0xffffff82]x/[0xffffffa4]D[0x13])[0xffffffd1][0xffffffeb]XTJ4<%[0xffffff9a]AJ[0xffffffb4][0xffffffc8]{"[0xffffffe0][\r]K[0xffffff89][0xffffffe6][0xffffff94][0x12][0x11]E&%[0x14][0xffffff90]LJD,[0xfffffff3]Sb[0xffffff87]3;%vD[0xffffff9d]RB[0xffffffc8][0xffffff93]M[0x9][0xffffffe9]R6%[0xffffff84]Z[0xffffffb9][0xffffff94][0x8][0xffffffa6][0xffffffa5]R"[0xffffff88][0xfffffff7]BJt[0xffffff95][0x12][0xffffffed][0xffffffa0]VT[0xffffffbd][0xffffff9d][0x7]N[0xffffff89]n[0xffffff90][0x12]=[0xfffffff2][0xffffff9e][0x8]x[0xffffffc7]R[0xffffffa2];[0xffffffa5]DD[0xffffff91]I[0x9][0x5]$[0xffffff93][0x12][0x11][0xffffffcb][0xfffffffc][0xffffff94][0xffffffd8][0xffffffe1][0xffffffcc]N[0xffffff89][0x1d]Q[0xffffffa7][0xffffff94][0x10][0xfffffff2]dSB[0xffffffba][0xffffff94]M[0x9][0xffffffa1]V.%[0xffffff82]i[0xffffffa9][0xffffff94][0x8][0xffffffe2][0xffffffbd][0xffffff90][0x12]C[0xffffffa6]D[0x1f]TJ[0xc]<%[0xffffff86]AJ[0xffffff8c][0xffffffc8]{"[0xffffffe0][0x3]K[0xffffff89][0xffffffe1][0xffffff94][0x12][0x11]E&%[0x14][0xffffff90]LJD,[0xfffffff3]Sb[0xffffff87]3;%vD[0xffffff9d]RB[0xffffffc8][0xffffff93]M[0x9][0xffffffe9]R6%[0xffffff84]Z[0xffffffb9][0xffffff94][0x8][0xffffffa6][0xffffffa5]R"[0xffffff88][0xfffffff7]BJ[0xffffff9c]2%[0x16]vW[0xffffffe2][0xffffffc4]S[0xffffffe2]4H[0xffffff89]3[0xfffffff2][0xffffff9e][0x8][0xfffffff8][0xffffff89][0xffffffa5][0xffffffc4][0xffffffe9][0xffffff94][0x12][0x11]E&%[0x14][0xffffff90]LJD,[0xfffffff3]Sb[0xffffff87]3;%vD[0xffffff9d]RB[0xffffffc8][0xffffff93]M[0x9][0xffffffe9]R6%[0xffffff84]Z[0xffffffb9][0xffffff94][0x8][0xffffffa6][0xffffffa5]R"[0xffffff88][0xfffffff7]BJ[0xffffffa8]op[0xfffffff4][0xffffffde][0xffffffb1][0xffffffbb][0x12][0xfffffff8]78N[0xffffff83]op[0xffffff9c]bQ|"[0xffffffe0][0xffffffd8]78[0xffffffce][0xffffffb0][\n]"
14:21:23.200 [main] DEBUG org.apache.hc.client5.http.wire -- http-outgoing-1 << "[0xffffff9e]L[0x9][0xffffff93]opH [0xffffff99][0xffffff94]0[0xfffffff8][0x6]G[0xffffff80]3;%[0xffffff8c][0xffffffbf][0xffffffc1][0xffffffa1][0xffffffe4][0xffffffc9][0xffffffa6][0xffffff84][0xffffffdf]78[0xffffff94]Z[0xffffffb9][0xffffff94]p[0xfffffff9][0x6]G[0x14][0xffffffef][0xffffff85][0xffffff94]P[0xffffffdf][0xffffffe0][0xffffffe8][0xffffffe7][\r]{+[0xffffff81][0x7f][0xffffff83][0xffffffe3]4[0xfffffff8][0x6][0xffffffc7])[0x16][0xffffffc5]'[0x2][0xffffff8e]}[0xffffff83][0xffffffe3][0xc][0xffffffab][0xffffffe0][0xffffffc9][0xffffff94]0[0xfffffff9][0x6][0xffffff87][0x4][0xffffff92]I[0x9][0xffffff83]op[0x4]8[0xffffffb3]S[0xffffffc2][0xfffffff8][0x1b][0x1c]J[0xffffff9e]lJ[0xfffffff8]}[0xffffff83]C[0xffffffa9][0xffffff95]K[0x9][0xffffff97]opD[0xfffffff1]^J[0xffffff89]b[0xffffff96][0x12][0x5]O[0xffffff89]b[0xffffff90][0x12][0x5]M[0xffffff89][0xffffff82][0xffffffa5]DqJ[0xffffff89][0x1d]E*%"[0xffffff90]TJ[0xffffffec]X[0x12])Q[0xffffffe0][0xffffff94]([0xffffffc6])[0x11][0xffffffe4]I[0xffffffa7][0xffffff84]p)[0xffffff9d][0x12]A[0xffffffad]dJ[0x14][0xffffff97][0xffffff94](?[0xffffff9b][0x12]S}[0xffffffce]k[0x1c]7[0xffffffea][0x7][0xffffff8e][0xffffff89][0x7f][0xffffffce]k[0x1a]|[0xffffffce]k[0xffffff8a]o[0xffffffce][0xffffffe4][0x1]>[0xffffffb1][0xffffffcf]y[0xffffffcd][0xfffffff0]U[0x19]0%[0x4][0xffffff8a]HJH [0xffffff91][0xffffff94][0x10]X[0xffffffa6][0xffffffa7]D[0xffffff80]39%[0x2][0xffffffa2]F)[0xffffffa1][0xffffffe4][0xffffff89][0xffffffa6][0xffffff84]v)[0xffffff9a][0x12]J[0xffffffad]XJD[0xffffffd3]B)[0x11][0xffffffc5]{!%[0xffffffd4][0xffffffe2][0xffffffec]Q&[0xfffffff5]Vb[0xffffffe2][0xffffff8b][0xffffffb3][0xffffffa7][0xffffffc1][0xffffffe2][0xffffffec])[0xffffffb6][0xffffffbb]&[0x2][0xffffff8e]-[0xffffffce][0xffffff9e]a[0x7f]+[0xffffff99][0x12]&[0xffffff8b][0xffffffb3]%[0xffffff90]LJ[0x18],[0xffffffce][0xe]pf[0xffffffa7][0xffffff84][0xfffffff1][0xffffffe2]l%O6%[0xfffffffc][0x16]g+[0xffffffb5]r)[0xffffffe1][0xffffffb2]8;[0xffffff8a][0xfffffff7]BJ[0x14][0xffffff95][0x12]g[0xffffffc3]R[0xffffffa2][0xffffffe0])Q[0xc]R[0xffffffa2]D[0xffffffde][0x13][0x1]/XJ[0x14][0xffffffa7][0xffffff94][0xffffff88](2)[0xffffffa1][0xffffff80]dR"b[0xffffff99][0xffffff9f][0x12];[0xffffff9c][0xffffffd9])[0xffffffb1]#[0xffffffea][0xffffff94][0x12]B[0xffffff9e]lJH[0xffffff97][0xffffffb2])![0xffffffd4][0xffffffca][0xffffffa5]D0-[0xffffff95][0x12]A[0xffffffbc][0x17]RB-[0xffffffce][0x1e][0xffffffeb][0xffffffc0]R[0x2]_[0xffffff9c]=[\r][0x16]gO[0xffffffb1][0xffffffdd]5[0x11]plq[0xfffffff6][0xc][0xfffffffb][[0xffffffc9][0xffffff94]0Y[0xffffff9c]-[0xffffff81]dR[0xffffffc2]`qv[0xffffff80]3;%[0xffffff8c][0x17]g+y[0xffffffb2])[0xffffffe1][0xffffffb7]8[[0xffffffa9][0xffffff95]K[0x9][0xffffff97][0xffffffc5][0xffffffd9]Q[0xffffffbc][0x17]RB-[0xffffffce]>[0xffffffeb][0xffffffad]S)[0xffffff81]/[0xffffffce][0xffffff9e][0x6][0xffffff8b][0xffffffb3][0xffffffa7][0xffffffd8][0xffffffee][0xffffff9a][0x8]8[0xffffffb6]8{[0xffffff86][0xfffffffd][0xffffffad]dJ[0xffffff98],[0xffffffce][0xffffff96]@2)a[0xffffffb0]8;[0xffffffc0][0xffffff99][0xffffff9d][0x12][0xffffffc6][0xffffff8b][0xffffffb3][0xffffff95]<[0xffffffd9][0xffffff94][0xfffffff0][[0xffffff9c][0xffffffad][0xffffffd4][0xffffffca][0xffffffa5][0xffffff84][0xffffffcb][0xffffffe2][0xffffffec]([0xffffffde][0xb])[0xffffffa1][0x16]g[0xffffff9f]ma[0xffffffd7].[0xfffffff1][0xffffffc5][0xffffffd9][0xffffffd3]`q[0xfffffff6][0x14][0xffffffdb]][0x13][0x1][0xffffffc7][0x16]g[0xffffffcf][0xffffffb0][0xffffffbf][0xffffff95]L[0x9][0xffffff93][0xffffffc5][0xffffffd9][0x12]H&%[0xc][0x16]g[0x7]8[0xffffffb3]S[0xffffffc2]xq[0xffffffb6][0xffffff92]'[0xffffff9b][0x12]~[0xffffff8b][0xffffffb3][0xffffff95]Z[0xffffffb9][0xffffff94]pY[0xffffff9c][0x1d][0xffffffc5]{!%[0xffffffd4][0xffffffe2][0xffffffec]s.[0xffffffea]#[0xffffffe3][0x13]_[0xffffff9c]=[\r][0x16]gO[0xffffffb1][0xffffffdd]5[0x11]plq[0xfffffff6][0xc][0xfffffffb][[0xffffffc9][0xffffff94]0Y[0xffffff9c]-[0xffffff81]dR[0xffffffc2]`qv[0xffffff80]3;%[0xffffff8c][0x17]g+y[0xffffffb2])[0xffffffe1][0xffffffb7]8[[0xffffffa9][0xffffff95]K[0x9][0xffffff97][0xffffffc5][0xffffffd9]Q[0xffffffbc][0x17]RB-[0xffffffce][0xffffff9e]7[0xffffffec][0x1b][0x1c][0x13]_[0xffffff9c]=[\r][0x16]gO[0xffffffb1][0xffffffdd]5[0x11]plq[0xfffffff6][0xc][0xfffffffb][[0xffffffc9][0xffffff94]0Y[0xffffff9c]-[0xffffff81]dR[0xffffffc2]`qv[0xffffff80]3;%[0xffffff8c][0x17]g+y[0xffffffb2])[0xffffffe1][0xffffffb7]8[[0xffffffa9][0xffffff95]K[0x9][0xffffff97][0xffffffc5][0xffffffd9]Q[0xffffffbc][0x17]RB-[0xffffffce][0xffffff9e][0x15][[0xffffff9c]=[0xfffffff1][0xffffffc5][0xffffffd9][0xffffffd3]`q[0xfffffff6][0x14][0xffffffdb]][0x13][0x1][0xffffffc7][0x16]g[0xffffffcf][0xffffffb0][0xffffffbf][0xffffff95]L[0x9][0xffffff93][0xffffffc5][0xffffffd9][0x12]H&%[0xc][0x16]g[0x7]8[0xffffffb3]S[0xffffffc2]xq[0xffffffb6][0xffffff92]'[0xffffff9b][0x12]~[0xffffff8b][0xffffffb3][0xffffff95]Z[0xffffffb9][0xffffff94]pY[0xffffff9c][0x1d][0xffffffc5]{!%[0xffffffd4][0xffffffe2][0xffffffec][0xffffffc9]}d|[0xffffffe2][0xffffff8b][0xffffffb3][0xffffffa7][0xffffffc1][0xffffffe2][0xffffffec])[0xffffffb6][0xffffffbb]&[0x2][0xffffff8e]-[0xffffffce][0xffffff9e]a[0x7f]+[0xffffff99][0x12]&[0xffffff8b][0xffffffb3]%[0xffffff90]LJ[0x18],[0xffffffce][0xe]pf[0xffffffa7][0xffffff84][0xfffffff1][0xffffffe2]l%O6%[0xfffffffc][0x16]g+[0xffffffb5]r)[0xffffffe1][0xffffffb2]8;[0xffffff8a][0xfffffff7][0xfffffff5][0xffffff94]Xj[0xffffffdb][0xffffffe5]l[0xffffff95]z+[0xffffffb1][0xfffffff0]m[0xffffff97][0xffffffcb]`[0xffffffdb][0xffffffe5][0x12]+[0xffffffd9][0xfffffff2][0x0]_[0xffffffd8][0xffffffb6][0xffffffcb][0x15][0xffffff96][0xffffffae][0xffffff81])!PDRB[0x2][0xffffff89][0xffffffa4][0xffffff84][0xffffffc0]2=%[0x2][0xffffff9c][0xffffffc9])[0x11][0x10]5J[0x9]%O4%[0xffffffb4]K[0xffffffd1][0xffffff94]Pj[0xffffffc5]R"[0xffffff9a][0x16]J[0xffffff89]([0xffffffde][0xb])QdJ[0xffffffac][0xffffff83]J[0xffffff89][0xffffff82][0xffffffa7]D1H[0xffffff89][0x12]yO[0x4][0xffffffbc]`)Q[0xffffff9c]R"[0xffffffa2][0xffffffc8][0xffffffa4][0xffffff84][0x2][0xffffff92]I[0xffffff89][0xffffff88]e~J[0xffffffec]pf[0xffffffa7][0xffffffc4][0xffffff8e][0xffffffa8]SJ[0x8]y[0xffffffb2])!][0xffffffca][0xffffffa6][0xffffff84]P+[0xffffff97][0x12][0xffffffc1][0xffffffb4]TJ[0x4][0xfffffff1]^H[0x9][0xffffffb5][0xffffffa2]j[0xfffffff6]I[0xfffffffd][0xffffffc0][0xffffffb1][0xfffffff0][0x15]U[0xffffffcb]`E[0xffffffd5][0x12]{T[0x12][0x1][0xffffffc7]VT[0xffffffad][0xffffffb0])[0xffffff85]L[0x9][0xffffff93][0x15]U[0x12]H&%[0xc]VT[0x5]8[0xffffffb3]S[0xffffffc2]xE[0xffffff95][0xffffff92]'[0xffffff9b][0x12]~+[0xffffffaa][0xffffff94]Z[0xffffffb9][0xffffff94]pYQ[0x15][0xffffffc5]{!%[0xffffffd4][0xffffff8a][0xffffffaa][0xffffffb9][0xe]j[0xffffff82]c[0xffffffe1]+[0xffffffaa][0xffffff96][0xffffffc1][0xffffff8a][0xffffffaa]%[0xfffffff6][0xffffffa8]$[0x2][0xffffff8e][0xffffffad][0xffffffa8]ZaS[\n]"
14:21:23.200 [main] DEBUG org.apache.hc.client5.http.wire -- http-outgoing-1 << "[0xffffff99][0x12]&+[0xffffffaa]$[0xffffff90]LJ[0x18][0xffffffac][0xffffffa8][\n]"
14:21:23.200 [main] DEBUG org.apache.hc.client5.http.wire -- http-outgoing-1 << "pf[0xffffffa7][0xffffff84][0xfffffff1][0xffffff8a]*%O6%[0xfffffffc]VT)[0xffffffb5]r)[0xffffffe1][0xffffffb2][0xffffffa2]*[0xffffff8a][0xfffffff7]BJ[0xffffffa8][0x15]U[0xffffffeb][0xffffffc0][0x16]g/|E[0xffffffd5]2XQ[0xffffffb5][0xffffffc4][0x1e][0xffffff95]D[0xffffffc0][0xffffffb1][0x15]U+lJ!S[0xffffffc2]dE[0xffffff95][0x4][0xffffff92]I[0x9][0xffffff83][0x15]U[0x1][0xffffffce][0xffffffec][0xffffff94]0^Q[0xffffffa5][0xffffffe4][0xffffffc9][0xffffffa6][0xffffff84][0xffffffdf][0xffffff8a]*[0xffffffa5]V.%\VTE[0xfffffff1]^J[0xffffff89]b[0xffffff96][0x12][0x5]O[0xffffff89]b[0xffffff90][0x12][0x5]M[0xffffff89][0xffffff82][0xffffffa5]DqJ[0xffffff89][0x1d]E*%"[0xffffff90]TJ[0xffffffec]X[0x12])Q[0xffffffe0][0xffffff94]([0xffffffc6])[0x11][0xffffffe4]I[0xffffffa7][0xffffff84]p)[0xffffff9d][0x12]A[0xffffffad]dJ[0x14][0xffffff97][0xffffff94](?[0xffffff9d][0x12]j[0xffffffdb][0xffffffe5][0xffffffea][0xffffffc7]I[0xffffffa5][0x4][0xffffffbe][0xffffffed]r[0x19]l[0xffffffbb]\b%["[0xffffffe0][0xffffffd8][0xffffffb6][0xffffffcb][0x15][0xffffff96][0xffffffae][0xffffff91])a[0xffffffb2][0xffffffed]R[0x2][0xffffffc9][0xffffffa4][0xffffff84][0xffffffc1][0xffffffb6][0xffffffcb][0x0]gvJ[0x18]o[0xffffffbb]T[0xfffffff2]dS[0xffffffc2]o[0xffffffdb][0xffffffa5]R+[0xffffff97][0x12].[0xffffffdb].[0xffffffa3]x/[0xffffffa4][0xffffff84][0xffffffda]v[0xffffffb9]F[0xffffffc3]&8[0xfffffff0]m[0xffffff97][0xffffffcb]`[0xffffffdb][0xffffffe5][0x12]+[0xffffffd9][0x12][0x1][0xffffffc7][0xffffffb6]][0xffffffae][0xffffffb0]t[0xffffff8d]L[0x9][0xffffff93]m[0xffffff97][0x12]H&%[0xc][0xffffffb6]][0x6]8[0xffffffb3]S[0xffffffc2]x[0xffffffdb][0xffffffa5][0xffffff92]'[0xffffff9b][0x12]~[0xffffffdb].[0xffffff95]Z[0xffffffb9][0xffffff94]p[0xffffffd9]v[0x19][0xffffffc5]{!%[0xffffffc4][0xffffff8a][0xffffffaa]v;n[0xffffff8d]J[0x9]|E[0xffffffd5]2XQ[0xffffffb5][0xffffffc4][0x1e][0xffffff95]D[0xffffffc0][0xffffffb1][0x15]U+lJ!S[0xffffffc2]dE[0xffffff95][0x4][0xffffff92]I[0x9][0xffffff83][0x15]U[0x1][0xffffffce][0xffffffec][0xffffff94]0^Q[0xffffffa5][0xffffffe4][0xffffffc9][0xffffffa6][0xffffff84][0xffffffdf][0xffffff8a]*[0xffffffa5]V.%\VTE[0xfffffff1][0xffffffbe][0xffffff9c][0x12][0xffffffe5]&VT[0xffffffb5][+[0xffffffd0][0xf][0x1c][0xffffff8f][0xfffffff3][0xffffffa0])[0xfffffff1]~[0x2]6%>[0xffffffcf]@[0xffffffa4][0xffffffc4][0xfffffffb][0xffffffd3][0xffffff89][0xffffff94][0xfffffff8][0xfffffffe]d[0xffffff87][0xffffff94]P([0x12])[0xffffffa1][0xffffff81]$RBa[0xffffff99][0xffffff9d][0x12][0x11][0xffffffce][0xffffffdc][0xffffff94][0xffffff88][0xffffff88][0xfffffffa][0xffffffa4][0xffffff84][0xffffff94]'[0xffffff99][0x12]O\J[0xffffffa6][0xffffff84]T+[0xffffff95][0x12][0xffffffc2][0xffffffb4]LJ[0x8][0xfffffff1]^H[0xffffff89]C[0xffffffa5]D[0x1f][0xffffffd0][0xf][0x1c][0xffffff8f][0xfffffff3][0xffffffc0])q[0x18][0xffffffa4][0xffffffc4][0x11]yO[0x4][0xfffffffc][0xffffffc0]R[0xffffffe2]pJ[0xffffff89][0xffffff88]"[0xffffff93][0x12][\n]"
14:21:23.200 [main] DEBUG org.apache.hc.client5.http.wire -- http-outgoing-1 << "H&%"[0xffffff96][0xfffffff9])[0xffffffb1][0xffffffc3][0xffffff99][0xffffff9d][0x12];[0xffffffa2]N)![0xffffffe4][0xffffffc9][0xffffffa6][0xffffff84]t)[0xffffff9b][0x12]B[0xffffffad]\J[0x4][0xffffffd3]R)[0x11][0xffffffc4]{!%[0xffffff8a]J[0xffffff89][0xffffffd1][0xffffffa1][0x15]U[0xffffff8f][0xfffffff3][0xffffffc0])Q[0xc]R[0xffffffa2]D[0xffffffde][0x13][0x1]/XJ[0x14][0xffffffa7][0xffffff94][0xffffff88](2)[0xffffffa1][0xffffff80]dR"b[0xffffff99][0xffffff9f][0x12];[0xffffff9c][0xffffffd9])[0xffffffb1]#[0xffffffea][0xffffff94][0x12]B[0xffffff9e]lJH[0xffffff97][0xffffffb2])![0xffffffd4][0xffffffca][0xffffffa5]D0-[0xffffff95][0x12]A[0xffffffbc][0x17]RBl[0xffffffbb]l[0xffffffb7][0xfffffff3]v[0xffffffa3]R[0xffffff82][0xffffffde]v[0xfffffff9]~[0x2]:%[0xffffffc8]m[0xffffff97][0xffffffef]OgR[0xffffffc2]h[0xffffffdb][0xffffffa5]B[0xffffff91]I[0x9][0xffffff97]m[0xffffff97][\n]"
14:21:23.200 [main] DEBUG org.apache.hc.client5.http.wire -- http-outgoing-1 << "[0xffffffcb][0xfffffffc][0xffffff94]`[0xffffffb7]]FD[0xffffff9d]R[0xffffffc2]l[0xffffffdb][0xffffffe5][0x13][0xffffff97][0xffffffb2])a[0xffffffb4][0xffffffed]R[0xffffff98][0xffffff96]J[0xffffff89][0xffffff9f][0xffffffdf]vYnb[0xffffffdb][0xffffffe5]=%[0xffffffa8][0x9][0xffffff8e][0xffffffc7]y[0xffffffe0][0xffffff94][0xffffffe0][0xffffffb7]]~[0xffffff9e][0xffffff81]I[0x9]j[0xffffffdb][0xffffffe5][0xfffffff7]'{[0xffffffa4][0xffffff84][0xffffffc7][0xffffffb6]K[\r]$[0xffffff93][0x12][0xfffffffc][0xffffffb6][0xffffffcb][0x8]gvJ[0xfffffff8]n[0xffffffbb][0xffffff94][0xfffffff2]dS[0xffffffc2]n[0xffffffdb][0xffffffa5]T+[0xffffff97][0x12]&[0xffffffdb].[0xffffff85]x/[0xffffffa4][0xffffff84][0xffffffd8]+[0xffffffd1]n[0xffffffb3]b?p[0xffffffd0]{%[0xffffffde]O@[0xffffffa7][0x4][0xffffffb9]W[0xffffffe2][0xfffffffd][0xffffffe9]LJ[0x18][0xffffffed][0xffffff95]P(2)[0xffffffe1][0xffffffb2]WBa[0xffffff99][0xffffff9f][0x12][0xffffffec]^[0xffffff89][0xffffff88][0xffffffa8]SJ[0xffffff98][0xffffffed][0xffffff95]x[0xffffffe2]R6%[0xffffff8c][0xfffffff6]J[0x8][0xffffffd3]R)[0xfffffff1][0xfffffff3]{%[0xffffffca]M[0xffffffec][0xffffff95][0xffffffb8][0xffffffa7][0xffffffc4][0xffffff84]>2[0xfffffffe]8[0xf][0xffffff9c][0x12][0xfffffffc]^[0xffffff89][0xffffffcf]30)A[0xffffffed][0xffffff95][0xfffffff8][0xfffffffe]d[0xffffff8f][0xffffff94][0xfffffff0][0xffffffd8]+[0xffffffa1][0xffffff81]dR[0xffffff82][0xffffffdf]+[0x11][0xffffffe1][0xffffffcc]N[0x9][0xffffffdf][0xffffffbd][0x12]R[0xffffff9e]lJ[0xffffffd8][0xffffffed][0xffffff95][0xffffff90]j[0xffffffe5]R[0xffffffc2]d[0xffffffaf][0xffffff84][0x10][0xffffffef][0xffffff85][0xffffff94][0xffffff98]*%V[0xffffffc3][0xffffffee]JL<%[0xffffffa6]AJ[0xffffffcc][0xffffffc8]{"[0xffffffe0][0x13]K[0xffffff89][0xffffffe9][0xffffff94][0x12][0x11]E&%[0x14][0xffffff90]LJD,[0xfffffff3]Sb[0xffffff87]3;%vD[0xffffff9d]RB[0xffffffc8][0xffffff93]M[0x9][0xffffffe9]R6%[0xffffff84]Z[0xffffffb9][0xffffff94][0x8][0xffffffa6][0xffffffa5]R"[0xffffff88][0xfffffff7]BJ[0xffffffc8][0x15]Uk5*%[0xffffffe8][0x15]U[0xffffffef]'[0xffffffa0]S[0xffffff82]\Q[0xfffffff5][0xfffffffe]t&%[0xffffff8c]VT)[0x14][0xffffff99][0xffffff94]pYQ[0xffffffa5][0xffffffb0][0xffffffcc]O[0x9]vEUD[0xffffffd4])%[0xffffffcc]VT=q)[0xffffff9b][0x12]F+[0xffffffaa][0xffffff84]i[0xffffffa9][0xffffff94][0xfffffff8];[0xffffffac][0xffffffa8]:[0xffffffd4][0xffffff8a][0xffffffaa][0xffffffe3][0xffffff86][0xfffffffd][0xffffffc0]q[0xffffffe0]+[0xffffffaa][0xe][0xffffff83][0x15]U[0xffffff87][0xffffffd8][0xffffffa3][0xffffff92][0x7][0xfffffff8][0xffffff81][0xffffffad][0xffffffa8]:[0xffffffc2][0xffffffa6][0x14]0%[0x4][0xffffff8a]HJH [0xffffff91][0xffffff94][0x10]X[0xffffffa6][0xffffffa7]D[0xffffff80]39%[0x2][0xffffffa2]F)[0xffffffa1][0xffffffe4][0xffffff89][0xffffffa6][0xffffff84]v)[0xffffff9a][0x12]J[0xffffffad]XJD[0xffffffd3]B)[0x11][0xffffffc5]{!%[0xffffffd4][0xffffff8a][0xffffffaa][0xffffffe3][0xffffffc0][0xfffffff6]J[0x1c][0xfffffff8][0xffffff8a][0xffffffaa][0xffffffc3]`E[0xffffffd5]![0xfffffff6][0xffffffa8]$[0x2][0xffffff8e][0xffffffad][0xffffffa8]:[0xffffffc2][0xffffffa6][0x14]2%LVTI [0xffffff99][0xffffff94]0XQ[0x15][0xffffffe0][0xffffffcc]N[0x9][0xffffffe3][0x15]UJ[0xffffff9e]lJ[0xfffffff8][0xffffffad][0xffffffa8]Rj[0xffffffe5]R[0xffffffc2]eEU[0x14][0xffffffef][0xffffff85][0xffffff94](*%[0xffffffca][0xffffffa2][0xffffffee]J[0xffffffbc][0xffffff9d][0x7]N[0xffffff89]b[0xffffff90][0x12]%[0xfffffff2][0xffffff9e][0x8]x[0xffffffc1]R[0xffffffa2]8[0xffffffa5]DD[0xffffff91]I[0x9][0x5]$[0xffffff93][0x12][0x11][0xffffffcb][0xfffffffc][0xffffff94][0xffffffd8][0xffffffe1][0xffffffcc]N[0xffffff89][0x1d]Q[0xffffffa7][0xffffff94][0x10][0xfffffff2]dSB[0xffffffba][0xffffff94]M[0x9][0xffffffa1]V.%[0xffffff82]i[0xffffffa9][0xffffff94][0x8][0xffffffe2][0xffffffbd][0xffffff90][0x12]j[0xffffffaf][0xffffffc4][0xffffffd1]*[0xfffffff5][\r][0xffffff8e][0x3][0xffffffdf]+q[0x18][0xffffffec][0xffffff95]8[0xffffffc4][0xfffffff0]s"[0xffffffe0][0xffffffd8]^[0xffffff89]#[0xffffff8c]7[0xffffff93])a[0xffffffb2]WB[0x2][0xffffffc9][0xffffffa4][0xffffff84][0xffffffc1]^[0xffffff89][0x0]gvJ[0x18][0xffffffef][0xffffff95]P[0xfffffff2]dS[0xffffffc2]o[0xffffffaf][0xffffff84]R+[0xffffff97][0x12].{%[0xffffffa2]x/[0xffffffa4]DW)[0xffffffd1]o[0xffffffd8]][0xffffff89][0xffffff8e][0xffffffa7]D7H[0xffffff89][0x1e]yO[0x4][0xffffffbc]c)[0xffffffd1][0xffffff9d]R"[0xffffffa2][0xffffffc8][0xffffffa4][0xffffff84][0x2][0xffffff92]I[0xffffff89][0xffffff88]e~J[0xffffffec]pf[0xffffffa7][0xffffffc4][0xffffff8e][0xffffffa8]SJ[0x8]y[0xffffffb2])!][0xffffffca][0xffffffa6][0xffffff84]P+[0xffffff97][0x12][0xffffffc1][0xffffffb4]TJ[0x4][0xfffffff1]^H[0x9][0xffffffb5][0xffffffa2][0xffffffea][0xffffffe8]cP)[0xffffff81][0xffffffaf][0xffffffa8]:[0xc]VT[0x1d]b[0xffffff8f]J"[0xffffffe0][0xffffffd8][0xffffff8a][0xffffffaa]#lJ!S[0xffffffc2]dE[0xffffff95][0x4][0xffffff92]I[0x9][0xffffff83][0x15]U[0x1][0xffffffce][0xffffffec][0xffffff94]0^Q[0xffffffa5][0xffffffe4][0xffffffc9][0xffffffa6][0xffffff84][0xffffffdf][0xffffff8a]*[0xffffffa5]V.%\VTE[0xfffffff1]^H[0x9][0xffffffb5][0xffffffa2][0xffffffea][0xffffffe8][0xffffffab]P)[0xffffff81][0xffffffaf][0xffffffa8]:[0xc]VT[0x1d]b[0xffffff8f]J"[0xffffffe0][0xffffffd8][0xffffff8a][0xffffffaa]#lJ!S[0xffffffc2]dE[0xffffff95][0x4][0xffffff92]I[0x9][0xffffff83][0x15]U[0x1][0xffffffce][0xffffffec][0xffffff94]0^Q[0xffffffa5][0xffffffe4][0xffffffc9][0xffffffa6][0xffffff84][0xffffffdf][0xffffff8a]*[0xffffffa5]V.%\VTE[0xfffffff1]^H[0x9][0xffffffb5][0xffffffa2][0xffffffea][0x18]uR)[0xffffff81][0xffffffaf][0xffffffa8]:[0xc]VT[0x1d]b[0xffffff8f]J"[0xffffffe0][0xffffffd8][0xffffff8a][0xffffffaa]#lJ!S[0xffffffc2]dE[0xffffff95][0x4][0xffffff92]I[0x9][0xffffff83][0x15]U[0x1][0xffffffce][0xffffffec][0xffffff94]0^Q[0xffffffa5][0xffffffe4][0xffffffc9][0xffffffa6][0xffffff84][0xffffffdf][0xffffff8a]*[0xffffffa5]V.%\VTE[0xfffffff1][0xffffffbe][0xffffff9e][0x12]E}[0x19][0xfffffff4][0xffffff98][0xffffff93]J[0xffffff89][0xffffff82][0x7f][0x19][0xffffffb4][0x18]|[0x19][0xffffffb4][0xffffff88][0xffffffcf][0xffffffd7][0xffffffe5][0x1]^[0xffffffb0]/[0xffffff83][0xffffff96][0xfffffff0][0xffffff81]:0%[0x4][0xffffff8a]HJH [0xffffff91][0xffffff94][0x10]X[0xffffffa6][0xffffffa7]D[0xffffff80]39%[0x2][0xffffffa2]F)[0xffffffa1][0xffffffe4][0xffffff89][0xffffffa6][0xffffff84]v)[0xffffff9a][0x12]J[0xffffffad]XJD[0xffffffd3]B)[0x11][0xffffffc5]{!%[0xffffffd4][0x4][0xffffffc7][0xfffffffd][0xffffff9f]L][0xffffffbb],[0xfffffff8][0x4]G1[0xffffff98][0xffffffe0]([0xffffffe2][0xffffff9a]q"[0xffffffe0][0xffffffd8][0x4]G[0x9][0x17][0xffffff89][0xffffffc9][0xffffff94]0[0xffffff99][0xffffffe0][0xffffff90]@2)a0[0xffffffc1][0x11][0xffffffe0][0xffffffcc]N[0x9][0xffffffe3][0x9][0xe]%O6%[0xfffffffc]&8[0xffffff94]Z[0xffffffb9][0xffffff94]p[0xffffff99][0xffffffe0][0xffffff88][0xffffffe2][0xffffffbd][0xffffff90][0x12]j[0xffffff82][0xffffffe3][0xffffffed]'[0xe]*%[0xfffffff0][0x9][0xffffff8e]b0[0xffffffc1]Q[0xffffffc4]5[0xffffffe3]D[0xffffffc0][0xffffffb1][0x9][0xffffff8e][0x12].[0x12][0xffffff93])a2[0xffffffc1]![0xffffff81]dR[0xffffffc2]`[0xffffff82]#[0xffffffc0][0xffffff99][0xffffff9d][0x12][0xffffffc6][0x13][0x1c]J[0xffffff9e]lJ[0xfffffff8]Mp([0xffffffb5]r)[0xffffffe1]2[0xffffffc1][0x11][0xffffffc5]{!%[0xffffffd4][0x4]G9[0xffffffc7]A[0xffffffa5][0x4]>[0xffffffc1]Q[0xc]&8[0xffffff8a][0xffffffb8]f[0xffffff9c][0x8]86[0xffffffc1]Q[0xffffffc2]Eb2%L&8$[0xffffff90]LJ[0x18]Lp[0x4]8[0xffffffb3]S[0xffffffc2]x[0xffffff82]C[0xffffffc9][0xffffff93]M[0x9][0xffffffbf][0x9][0xe][0xffffffa5]V.%\&8[0xffffffa2]x/[0xffffffa5]D1K[0xffffff89][0xffffff82][0xffffffa7]D1H[0xffffff89][0xffffff82][0xffffffa6]D[0xffffffc1]R[0xffffffa2]8[0xffffffa5][0xffffffc4][0xffffff8e]"[0xffffff95][0x12][0x11]H*%v,[0xffffff89][0xffffff94](pJ[0x14][0xffffffe3][0xffffff94][0x8][0xfffffff2][0xffffffa4]SB[0xffffffb8][0xffffff94]N[0xffffff89][0xffffffa0]V2%[0xffffff8a]KJ[0xffffff94][0xffffff9f]N[0xffffff89][0xfffffff3][0xffffff97][0x1a]Sbb[0xffffff8b][0xffffffb3][0xffffffdf][0xffffffce][0x3][0xffffffa7][0xffffffc4][0xffffffdb][0x9][0xffffffe8][0xffffff94][0xfffffff8]v[0x6]&%[0xffffffde][0xffffff9e][0xffffffce][0xffffffa4][0xffffffc4][0xffffffc7][0xffffff93]=R"[0xffffffa2][0xffffffc8][0xffffffa4][0xffffff84][0x2][0xffffff92]I[0xffffff89][0xffffff88]e~J[0xffffffec]pf[0xffffffa7][0xffffffc4][0xffffff8e][0xffffffa8]SJ[0x8]y[0xffffffb2])!][0xffffffca][0xffffffa6][0xffffff84]P+[0xffffff97][0x12][0xffffffc1][0xffffffb4]TJ[0x4][0xfffffff1]^H[0x9]5[0xc]ZK[0xffffffc7]R[0x2][0x1f][0x6]-[0x6][0xffffffc3][0xffffffa0]EL,%[0x2][0xffffff8e][\r][0xffffff83][0xffffff96]0[0xffffff93]D[0xffffffa6][0xffffff84][0xffffffc9]0[0xffffffa8][0x4][0xffffff92]I[0x9][0xffffff83]a[0xffffffd0][0x0]gvJ[0x18][0xf][0xffffff83]*y[0xffffffb2])[0xffffffe1]7[0xc][0xffffffaa][0xffffffd4][0xffffffca][0xffffffa5][0xffffff84][0xffffffcb]0h[0x14][0xffffffef][0xffffff85][0xffffff94]X*%Z[0xffffffa1]VT[0xffffffbd][0xffffff9d][0x7]N[0xffffff89][0xffffffa5][0xfffffff0]O[0xffffffe6]}E[0xffffffde][0x13][0x1]_XJ,[0xffffffa7][0xffffff94][0xffffff88](2)[0xffffffa1][0xffffff80]dR"b[0xffffff99][0xffffff9f][0x12];[0xffffff9c][0xffffffd9])[0xffffffb1]#[0xffffffea][0xffffff94][0x12]B[0xffffff9e]lJH[0xffffff97][0xffffffb2])![0xffffffd4][0xffffffca][0xffffffa5]D0-[0xffffff95][0x12]A[0xffffffbc][0xffffffaf][0xffffffa7]DU[0x1f][0x19][0xffffffaf]g[0xffffffa7]R[0xffffffa2][0xffffffe2][0x1f][0x19][0xffffffaf][0x6][0x1f][0x19][0xffffffaf][0xffffffe2]K[0xffffffb8]y[0xffffff80]W[0xffffffec]#[0xffffffe3]5|[0xffffffeb][0x16]L[0x9][0xffffff81]"[0xffffff92][0x12][0x12]H$%[0x4][0xffffff96][0xffffffe9])[0x11][0xffffffe0]LN[0xffffff89][0xffffff80][0xffffffa8]QJ(y[0xffffffa2])[0xffffffa1]][0xffffff8a][0xffffffa6][0xffffff84]R+[0xffffff96][0x12][0xffffffd1][0xffffffb4]PJD[0xfffffff1]^H[0x9][0xffffffb5][0xffffffa2][0xffffffaa][0xffffffce]Z[0xffffffa9][0xffffff94][0xffffffc0]WTU[0xffffff83][0x15]UU[0xffffffec]QI[0x4][0x1c][QU[0xffffffc3][0xffffffa6][0x14]2%LVTI [0xffffff99][0xffffff94]0XQ[0x15][0xffffffe0][0xffffffcc]N[0x9][0xffffffe3][0x15]UJ[0xffffff9e]lJ[0xfffffff8][0xffffffad][0xffffffa8]Rj[0xffffffe5]R[0xffffffc2]eEU[0x14][0xffffffef][0xffffff85][0xffffff94]P+[0xffffffaa][0xffffffea]<[0xffffffb1][0xffffff94][0xffffffc0]WTU[0xffffff83][0x15]UU[0xffffffec]QI[0x4][0x1c][QU[0xffffffc3][0xffffffa6][0x14]2%LVTI [0xffffff99][0xffffff94]0XQ[0x15][0xffffffe0][0xffffffcc]N[0x9][0xffffffe3][0x15]UJ[0xffffff9e]lJ[0xfffffff8][0xffffffad][0xffffffa8]Rj[0xffffffe5]R[0xffffffc2]eEU[0x14][0xffffffef][0xffffff85][0xffffff94]P+[0xffffffaa][0xffffffda][0xffffffad]4*%[0xfffffff0][0x15]U[0xffffffd5]`EU[0x15]{T[0x12][0x1][0xffffffc7]VT[0xffffffd5][0xffffffb0])[0xffffff85]L[0x9][0xffffff93][0x15]U[0x12]H&%[0xc]VT[0x5]8[0xffffffb3]S[0xffffffc2]xE[0xffffff95][0xffffff92]'[0xffffff9b][0x12]~+[0xffffffaa][0xffffff94]Z[0xffffffb9][0xffffff94]pYQ[0x15][0xffffffc5]{)%[0xffffffe2]0([0xffffff9b][0x12][0xfffffff0]0[0xffffffe8][0xffffffe3][0x4]|J[0xffffff80][0xffffffc3][0xffffffa0][0xffffff8f][0xffffffa7]S)[0xffffffe1]3[0xc]*P[0xffffffa4]R[0xffffffc2]d[0x18]T`I[0xffffffa4][0x4]:[0xc][0x1a][0x10][0xfffffff5]J[0x9][0xffffffaf]aP[0xffffffed]R:%|[0xffffff86]A[0xffffffa3]i[0xffffffb9][0xffffff94][0xfffffff8][0xffffffe9]a[0xffffffd0][0xffffffaa]VT[0xffffffb5][0xffffffc2][0xfffffffd][0xffffffc0][0xffffff81][0xffffffaf][0xffffffa8][0xffffffaa][0x6]+[0xffffffaa][0xffffffaa][0xffffffd8][0xffffffa3][0xffffff92][0x8]8[0xffffffb6][0xffffffa2][0xffffffaa][0xffffff86]M)dJ[0xffffff98][0xffffffac][0xffffffa8][0xffffff92]@2)a[0xffffffb0][0xffffffa2]*[0xffffffc0][0xffffff99][0xffffff9d][0x12][0xffffffc6]+[0xffffffaa][0xffffff94]<[0xffffffd9][0xffffff94][0xfffffff0][Q[0xffffffa5][0xffffffd4][0xffffffca][0xffffffa5][0xffffff84][0xffffffcb][0xffffff8a][0xffffffaa]([0xffffffde][0xb])q[0xffffffaa][0x1f]8:[0xfffffff6][0xffffff91][0xfffffff1][0xffffffb7][0xfffffff3][0xffffffc0])q[0xffffffaa][0xffffff97]r[0xffffffc9][0xffffffbc][0xffffff9f][0xfffffff1]-\"[0xffffffe0]'[0xfffffff6][0x3][0xffffffc7][0xffffffe9][0xfffffff4][0x3]GD[0xffffff91]I[0x9][0x5]$[0xffffff93][0x12][0x11][0xffffffcb][0xfffffffc][0xffffff94][0xffffffd8][0xffffffe1][0xffffffcc]N[0xffffff89][0x1d]Q[0xffffffa7][0xffffff94][0x10][0xfffffff2]dSB[0xffffffba][0xffffff94]M[0x9][0xffffffa1]V.%[0xffffff82]i[0xffffffa9][0xffffff94][0x8][0xffffffe2][0xffffffbd][0xffffff90][0x12]S[0xffffffbd][0xffffff95][0xffffff98][0xffffffab]S)1[0xfffffff1][0xffffffb7][0x12][0xffffffd3][0xffffffe0][0xffffffad][0xffffffc4][0xffffff8c][0xffffffe9][0xffffff9c][0x8][0xfffffff8][0xffffffc4][0xffffffde]JL[0xffffffa7][0xffffffb7][0x12][0x11]E&%[0x14][0xffffff90]LJD,[0xfffffff3]Sb[0xffffff87]3;%vD[0xffffff9d]RB[0xffffffc8][0xffffff93]M[0x9][0xffffffe9]R6%[0xffffff84]Z[0xffffffb9][0xffffff94][0x8][0xffffffa6][0xffffffa5]R"[0xffffff88][0xfffffff7]BJ[0xffffffa8][0x15]U[0xffffffbd][0xffffffdc][0xffffffa8]/[0xffffff83]V|EU5XQU[0xffffffc5][0x1e][0xffffff95]D[0xffffffc0][0xffffffb1][0x15]U5lJ!S[0xffffffc2]dE[0xffffff95][0x4][0xffffff92]I[0x9][0xffffff83][0x15]U[0x1][0xffffffce][0xffffffec][0xffffff94]0^Q[0xffffffa5][0xffffffe4][0xffffffc9][0xffffffa6][0xffffff84][0xffffffdf][0xffffff8a]*[0xffffffa5]V.%\VTE[0xfffffff1]^J[0xffffff89][0xfffffff8]V[0xffffff82]M[0x9][0xfffffffa][0xffffffad][0xffffffc4]2x+[0xffffffb1]b:[0xffffffa7][0x2]N[0xffffffbd][0xffffff95]XNo%"[0xffffff8a]TJ[0xffffffb8][0xffffffbc][0xffffff95][0xffffff88]X[0x12])[0xffffffc1][0xffffffbe][0xffffff95][0xffffffd8][0x11][0xfffffff5]J[0x9][0xffffffb3][0xffffffb7][0x12][0xffffffd2][0xffffffa5]tJ[0x18][0xffffffbd][0xffffff95][0x8][0xffffffa6][0xffffffe5]R[0xffffffe2][0xffffffa7][0xffffffdf]J[0xffffffb4][0xffffff9b]z+[0xffffffd1]W[0xffffff83]R[0xffffffe2][0xffffffed]<lJ<N[0x0][0xffffffa7][0xffffffc4][0xfffffff7]3 )[0xfffffff1]x:[0xffffff92][0x12][0xffffffdf][0xffffff9e]l[0xffffff91][0x12][0x2]E$%$[0xffffff90]HJ[0x8],[0xffffffd3]S"[0xffffffc0][0xffffff99][0xffffff9c][0x12][0x1]Q[0xffffffa3][0xffffff94]P[0xfffffff2]DSB[0xffffffbb][0x14]M[0x9][0xffffffa5]V,%[0xffffffa2]i[0xffffffa1][0xffffff94][0xffffff88][0xffffffe2][0xffffffbd][0xffffff90][0x12]jqv[0xffffffe7][0xffffffb6]]6|qv3X[0xffffff9c][0xffffffdd][0xffffffc4]v[0xffffffd7]D[0xffffffc0][0xffffffb1][0xffffffc5][0xffffffd9]-[0xffffffec]o%S[0xffffffc2]dq[0xffffffb6][0x4][0xffffff92]I[0x9][0xffffff83][0xffffffc5][0xffffffd9][0x1][0xffffffce][0xffffffec][0xffffff94]0^[0xffffff9c][0xffffffad][0xffffffe4][0xffffffc9][0xffffffa6][0xffffff84][0xffffffdf][0xffffffe2]l[0xffffffa5]V.%\[0x16]gG[0xfffffff1]^J[0xffffff89][0xffffffb8]W[0xffffff82]M[0x9]x[0xffffffaf][0xffffffc4][0xffffffe3][0x4]|J[0xffffff80]{%[0x1e]O[0xffffffa7]R[0xffffffc2]g[0xffffffaf][0xffffff84]@[0xffffff91]J[0x9][0xffffff93][0xffffffbd][0x12][0x2]K"%[0xffffffd0][0xffffffbd][0x12][0x1]Q[0xffffffaf][0xffffff94][0xfffffff0][0xffffffda]+[0xffffffa1]]J[0xffffffa7][0xffffff84][0xffffffcf]^[0xffffff89]hZ.%~z[0xffffffaf][0xffffffc4][0xfffffffd][0xffffff9f][0xffffffd1][0xffffffcc]R[0xffffffa2][0xffffffe1])[0xffffffd1][0xc]R[0xffffffa2][0xffffffa1])[0xffffffd1][0xffffffb0][0xffffff94]hN)[0xffffffb1][0xffffffa3]H[0xffffffa5]D[0x4][0xffffff92]J[0xffffff89][0x1d]K"%[0x1a][0xffffff9c][0x12][0xffffffcd]8%[0xffffff82]<[0xffffffe9][0xffffff94][0x10].[0xffffffa5]S"[0xffffffa8][0xffffff95]L[0xffffff89][0xffffffe6][0xffffff92][0x12][0xffffffed][0xffffffef][0xffffff90][0x12][0xffffffdd],%:[0xffffff9e][0x12][0xffffffdd] %:[0xffffff9a][0x12][0x1d]K[0xffffff89][0xffffffee][0xffffff94][0x12];[0xffffff8a]TJD [0xffffffa9][0xffffff94][0xffffffd8][0xffffffb1]$R[0xffffffa2][0xffffffc3])[0xffffffd1][0xffffff8d]S"[0xffffffc8][0xffffff93]N[0x9][0xffffffe1]R:%[0xffffff82]Z[0xffffffc9][0xffffff94][0xffffffe8].)[0xffffffd1][0x7f]:%[0xffffffd4][0xffffffe7][0xffffffbc][0xffffffc6]([0xffffffd4][0x4]G[0xffffffc3]?[0xffffffe7][0xffffffd5][0xc]>[0xffffffe7][0xffffffd5][0xffffffc4]7g[0x12][0x1][0xffffffc7]>[0xffffffe7][0xffffffd5][0xffffffc2]We[0xffffffc8][0xffffff94]0[0xfffffff9][0xffffff9c][0xffffff97][0x4][0xffffff92]I[0x9][0xffffff83][0xffffffcf]y[0x5]8[0xffffffb3]S[0xffffffc2][0xfffffff8]s^J[0xffffff9e]lJ[0xfffffff8]}[0xffffffce]K[0xffffffa9][0xffffff95]K[0x9][0xffffff97][0xffffffcf]yE[0xfffffff1]^H[0x9][0xfffffff5]9[0xffffffaf]q.j[0xffffffdb]e[0xffffffc3]?[0xffffffe7][0xffffffd5][0xc]>[0xffffffe7][0xffffffd5][0xffffffc4]7g[0x12][0x1][0xffffffc7]>[0xffffffe7][0xffffffd5][0xffffffc2]We[0xffffffc8][0xffffff94]0[0xfffffff9][0xffffff9c][0xffffff97][0x4][0xffffff92]I[0x9][0xffffff83][0xffffffcf]y[0x5]8[0xffffffb3]S[0xffffffc2][0xfffffff8]s^J[0xffffff9e]lJ[0xfffffff8]}[0xffffffce]K[0xffffffa9][0xffffff95]K[0x9][0xffffff97][0xffffffcf]yE[0xfffffff1]^H[0xffffff89][0xffffffa1]Rb[0xe][0xffffffec][0xffffffad][0xffffffc4][0xffffffc0]Sb[0x18][0xffffffa4][0xffffffc4][0xffffff88][0xffffffbc]'[0x2]>[0xffffffb0][0xffffff94][0x18]N)[0x11]QdRB[0x1][0xffffffc9][0xffffffa4]D[0xffffffc4]2?%v8[0xffffffb3]SbG[0xffffffd4])%[0xffffff84]<[0xffffffd9][0xffffff94][0xffffff90].eSB[0xffffffa8][0xffffff95]K[0xffffff89]`Z*%[0xffffff82]x/[0xffffffa4][0xffffffc4]T)[0xffffffb1]*[0xffffff96][0x12][0x13]O[0xffffff89]i[0xffffff90][0x12]3[0xfffffff2][0xffffff9e][0x8][0xfffffff8][0xffffffc4]Rb:[0xffffffa5]DD[0xffffff91]I[0x9][0x5]$[0xffffff93][0x12][0x11][0xffffffcb][0xfffffffc][0xffffff94][0xffffffd8][0xffffffe1][0xffffffcc]N[0xffffff89][0x1d]Q[0xffffffa7][0xffffff94][0x10][0xfffffff2]dSB[0xffffffba][0xffffff94]M[0x9][0xffffffa1]V.%[0xffffff82]i[0xffffffa9][0xffffff94][0x8][0xffffffe2][0xffffffbd][0xffffff90][0x12]jq[0xfffffff6]X[0xffffffeb][0xffffffa4]R[0x2]_[0xffffff9c][0xffffffdd][0xc][0x16]g7[0xffffffb1][0xffffffdd]5[0x11]plqv[0xb][0xfffffffb][[0xffffffc9][0xffffff94]0Y[0xffffff9c]-[0xffffff81]dR[0xffffffc2]`qv[0xffffff80]3;%[0xffffff8c][0x17]g+y[0xffffffb2])[0xffffffe1][0xffffffb7]"
14:21:23.206 [main] DEBUG org.apache.hc.client5.http.wire -- http-outgoing-1 << "8[[0xffffffa9][0xffffff95]K[0x9][0xffffff97][0xffffffc5][0xffffffd9]Q[0xffffffbc][0xffffffaf][0xffffffa7]DW+[0xffffffaa][0xffffffce][0xffffffda][0xffffffa8][0xffffffcf]yu|EU7XQ[0xffffffd5][0xffffffc5][0x1e][0xffffff95]<[0xffffffc0];[0xffffffb6][0xffffffa2][0xffffffaa][0xffffff87]M)`J[0x8][0x14][0xffffff91][0xffffff94][0xffffff90]@")![0xffffffb0]LO[0xffffff89][0x0]grJ[0x4]D[0xffffff8d]RB[0xffffffc9][0x13]M[0x9][0xffffffed]R4%[0xffffff94]Z[0xffffffb1][0xffffff94][0xffffff88][0xffffffa6][0xffffff85]R"[0xffffff8a][0xfffffff7]BJ[0x14][0xffffffb1]W[0xffffffe2]l[0xffffffad]P)Q[0xffffffe8][0xffffffbd][0x12][0xffffff8f][0x13][0xffffffd0])Q[0xffffffe2][0xfffffff0]s"[0xffffffe0][0xffffff85][0xffffffda]+[0xfffffff1][0xffffffed][0xffffffc9][0x1e])[0x11]QdRB[0x1][0xffffffc9][0xffffffa4]D[0xffffffc4]2?%v8[0xffffffb3]SbG[0xffffffd4])%[0xffffff84]<[0xffffffd9][0xffffff94][0xffffff90].eSB[0xffffffa8][0xffffff95]K[0xffffff89]`Z*%[0xffffff82]x/[0xffffffa4]DUo%[0xffffffe6][0xffffffa2][0xfffffff6]J[0xffffffbc][0xffffff9d][0x7]N[0xffffff89]j[0xfffffff0]V[0xffffffa2][0xffffffc6]tN[0x4][0xffffffbc]bo%[0xffffffaa][0xffffffd3][[0xffffff89][0xffffff88]"[0xffffff93][0x12][\n]"
14:21:23.206 [main] DEBUG org.apache.hc.client5.http.wire -- http-outgoing-1 << "H&%"[0xffffff96][0xfffffff9])[0xffffffb1][0xffffffc3][0xffffff99][0xffffff9d][0x12];[0xffffffa2]N)![0xffffffe4][0xffffffc9][0xffffffa6][0xffffff84]t)[0xffffff9b][0x12]B[0xffffffad]\J[0x4][0xffffffd3]R)[0x11][0xffffffc4]{)%[0xffffffe2][0xffffffe2]l6%[0xffffffe0][0xffffffc5][0xffffffd9][0xffffff8f][0x13][0xfffffff0])[0x1].[0xffffffce]~<[0xffffff9d]J[0x9][0xffffff9f][0xffffffc5][0xffffffd9][0x2]E*%L[0x16]g[0xb],[0xffffff89][0xffffff94]@[0x17]g[0x7]D[0xffffffbd]R[0xffffffc2]kq[0xffffffb6]v)[0xffffff9d][0x12]>[0xffffff8b][0xffffffb3][0xffffffa3]i[0xffffffb9][0xffffff94][0xfffffff8][0xffffffe9][0xffffffc5][0xffffffd9]][0xffffffad][0xffffffa8][0xffffff9a][0xffffffc7][0xffffff8d][0xffffffba]v[0xffffffd9][0xfffffff1][0x15]U[0xffffffdd]`EU[0x17]{T[0x12][0x1][0xffffffc7]VT[0xfffffff5][0xffffffb0])[0xffffff85]L[0x9][0xffffff93][0x15]U[0x12]H&%[0xc]VT[0x5]8[0xffffffb3]S[0xffffffc2]xE[0xffffff95][0xffffff92]'[0xffffff9b][0x12]~+[0xffffffaa][0xffffff94]Z[0xffffffb9][0xffffff94]pYQ[0x15][0xffffffc5]{!%[0xffffffd4][0xffffff8a][0xffffffaa][0xffffffd9][0x1b][0xfffffff6]V[0x2]_Q[0xffffffd5][\r]VTu[0xffffffb1]G%[0x11]plEU[0xf][0xffffff9b]R[0xffffffc8][0xffffff94]0YQ%[0xffffff81]dR[0xffffffc2]`EU[0xffffff80]3;%[0xffffff8c]WT)y[0xffffffb2])[0xffffffe1][0xffffffb7][0xffffffa2]J[0xffffffa9][0xffffff95]K[0x9][0xffffff97][0x15]UQ[0xffffffbc][0x17]Rb[0xfffffffc]RbJ[0xffffff9c][0xfffffff5][0xffffffa0]R[0xffffffe2]~[0x1e]8%[0xffffffde]N@[0xffffffa7][0xffffffc4][0xffffffb7]30)[0xfffffff1][0xfffffff6]t&%>[0xffffff9e][0xffffffec][0xffffff91][0x12][0x11]E&%[0x14][0xffffff90]LJD,[0xfffffff3]Sb[0xffffff87]3;%vD[0xffffff9d]RB[0xffffffc8][0xffffff93]M[0x9][0xffffffe9]R6%[0xffffff84]Z[0xffffffb9][0xffffff94][0x8][0xffffffa6][0xffffffa5]R"[0xffffff88][0xfffffff7]BJ[0xffffff9c][0xffffffe2][0xffffffad][0xffffffc4]:[0xffffffb0][0xffffffc5][0xffffffd9]o[0xffffffe7][0xffffff81]S[0xffffffe2]4x+q[0xffffffc6]tN[0x4][0xfffffffc][0xffffffc4][0xffffffde]J[0xffffff9c]No%"[0xffffff8a]LJ( [0xffffff99][0xffffff94][0xffffff88]X[0xffffffe6][0xffffffa7][0xffffffc4][0xe]gvJ[0xffffffec][0xffffff88]:[0xffffffa5][0xffffff84][0xffffff90]'[0xffffff9b][0x12][0xffffffd2][0xffffffa5]lJ[0x8][0xffffffb5]r)[0x11]LK[0xffffffa5]D[0x10][0xffffffef][0xffffff85][0xffffff94]P[0xffffffdb].W[0xffffffe5][0xffffff86]A[0xfffffff1]m[0xffffff97][0xffffffdd]`[0xffffffdb]e[0x17]+[0xffffffd9][0x12][0x1][0xffffffc7][0xffffffb6]][0xfffffff6][0xffffffb0]t[0xffffff8d]L[0x9][0xffffff93]m[0xffffff97][0x12]H&%[0xc][0xffffffb6]][0x6]8[0xffffffb3]S[0xffffffc2]x[0xffffffdb][0xffffffa5][0xffffff92]'[0xffffff9b][0x12]~[0xffffffdb].[0xffffff95]Z[0xffffffb9][0xffffff94]p[0xffffffd9]v[0x19][0xffffffc5]{!%[0xffffffd4][0xffffffb6][0xffffffcb][0xffffffd5];v[0xffffffed][0x12][0xffffffdf]v[0xffffffd9][\r][0xffffffb6]]v[0xffffffb1][0xffffff92]-[0x11]pl[0xffffffdb]e[0xf]K[0xffffffd7][0xffffffc8][0xffffff94]0[0xffffffd9]v)[0xffffff81]dR[0xffffffc2]`[0xffffffdb]e[0xffffff80]3;%[0xffffff8c][0xffffffb7]]*y[0xffffffb2])[0xffffffe1][0xffffffb7][0xffffffed]R[0xffffffa9][0xffffff95]K[0x9][0xffffff97]m[0xffffff97]Q[0xffffffbc][0xffffffaf][0xffffffa7][0xffffffc4][0xffffffb8][0xffffffc5][0xffffff94][0xffffffe8][0xffffffb7][[0xffffffa5][0xffffffb6]][0xffffffbe][0xffffff9d][0xffffff87]M[0xffffff89][0xffffffc7][0x9][0xffffffe0][0xffffff94][0xfffffff8]~[0x6]$%[0x1e]OGR[0xffffffe2][0xffffffdb][0xffffff93]-RB[0xffffffa0][0xffffff88][0xffffffa4][0xffffff84][0x4][0x12]I[0x9][0xffffff81]ezJ[0x4]8[0xffffff93]S" j[0xffffff94][0x12]J[0xffffff9e]hJh[0xffffff97][0xffffffa2])[0xffffffa1][0xffffffd4][0xffffff8a][0xffffffa5]D4-[0xffffff94][0x12]Q[0xffffffbc][0x17]RB,[0xffffffce][0xffffffee][0xffffffb7]>oTJ[0xffffffe0][0xffffff8b][0xffffffb3][0xffffff87][0xffffffc1][0xffffffe2][0xffffffec]![0xffffffb6][0xffffffbb]&[0x2][0xffffff8e]-[0xffffffce][0x1e]a[0x7f]+[0xffffff99][0x12]&[0xffffff8b][0xffffffb3]%[0xffffff90]LJ[0x18],[0xffffffce][0xe]pf[0xffffffa7][0xffffff84][0xfffffff1][0xffffffe2]l%O6%[0xfffffffc][0x16]g+[0xffffffb5]r)[0xffffffe1][0xffffffb2]8;[0xffffff8a][0xfffffff7]RJ[0xffffff84][0x15]UpJ[0xffffffc0]+[0xffffffaa][0x1e]'[0xffffffe0]S[0x2]\Q[0xfffffff5]x:[0xffffff95][0x12]>+[0xffffffaa][0x4][0xffffff8a]TJ[0xffffff98][0xffffffac][0xffffffa8][0x12]X[0x12])[0xffffff81][0xffffffae][0xffffffa8][\n]"
14:21:23.207 [main] DEBUG org.apache.hc.client5.http.wire -- http-outgoing-1 << "[0xffffff88]z[0xffffffa5][0xffffff84][0xffffffd7][0xffffff8a]*[0xffffffed]R:%|VTE[0xffffffd3]r)[0xfffffff1][0xffffffd3]+[0xffffffaa][0xffffffee][0xffffffff][0xffffff8c]a[0xffffff96][0x12][0x3]O[0xffffff89]a[0xffffff90][0x12][0x3]M[0xffffff89][0xffffff81][0xffffffa5][0xffffffc4]pJ[0xffffff89][0x1d]E*%"[0xffffff90]TJ[0xffffffec]X[0x12])1[0xffffffe0][0xffffff94][0x18][0xffffffc6])[0x11][0xffffffe4]I[0xffffffa7][0xffffff84]p)[0xffffff9d][0x12]A[0xffffffad]dJ[0xc][0xffffff97][0xffffff94][0x18][0x7f][0xffffff87][0xffffff94]8[0xffffffa6]YK[0x1c][0x13][0xffffff8f][0xffffff89][0xfffffffb][0x11][0xfffffff8][0xffffff9a][0xfffffff8]8[0x4][0xffffff95][0x13][0xfffffff7][0xffffffc7]S=[0xfffffff1][0xfffffffe]h[0xffffff97][0xffffffa0][0x8]<RE![0xffffffa8][0xffffffa4][0xffffff92]"[0xffffffb0]I4[0xffffffc5]Fh~Tl[0xffffff9c]zUE[0xffffffd4]([0xffffff9d][0x15][0xffffffca][0xffffffaa]tWD[0xffffffc9][0xffffff92]a[0xffffffb1];[0xffffff97]+[0xffffff8b]][0xffffffc1][0xffffff97][0xffffffd2][0xffffffa2],[0xffffffb3][0xffffffb4]([0xb]O[0xffffff8b][0xfffffffb][0x11][0xfffffff8][0xffffffb4][0xfffffff8]8[0x4][0xffffff95][0x16][0xfffffff7][0xffffffc7]Si[0xfffffff1][0xfffffffe]h[0xffffff97][0xffffffb4][0x8]<Ri![0xffffffa8][0xffffffa4][0xffffffd2]"[0xffffffb0]I[0xffffffa4][0xffffffc5]Fh~Zl[0xffffff9c]z[0xffffffa5]E[0xffffffd4]([0xffffff9d][0x16][0xffffffca][0xffffffaa]tZD[0xffffffc9][0xffffff92]i[0xffffffb1];[0xffffff97]K[0xffffff8b]][0xffffffc1][0xffffff97][0xffffffd2][0xffffffa2][0xffffffba][0xffffffa5]E[0xffffffe5][0xffffffd3][0xffffffa2]:[0xffffffa4]Ee[0xffffffd3][0xffffffa2]riQ[0xffffffad][0xffffffd2]"[0xfffffff0]H[0xffffffa5][0xffffff85][0xffffffa0][0xffffff92]J[0xffffff8b][0xffffffc0]&[0xffffff91][0x16][0xffffff95]N[0xffffff8b][0xffffffea][0xffffff9c][0x16]Q[0xffffffa3]tZ([0xffffffab][0xffffffd2]i[0x11]%K[0xffffffa6][0xffffffc5][0xffffffee]\.-v[0x5]_J[0xffffff8b][0xffffffc7][0xffffffce][0x9][0xffffffa7][0xffffffb4][0xffffffe8]'[0xffffff9e][0x16][0xfffffff7]#[0xfffffff0]i[0xfffffff1]q[0x8]*-[0xffffffee][0xffffff8f][0xffffffa7][0xffffffd2][0xffffffe2][0xfffffffd][0xffffffd1].i[0x11]x[0xffffffa4][0xffffffd2]BPI[0xffffffa5]E`[0xffffff93]H[0xffffff8b][0xffffff8d][0xffffffd0][0xfffffffc][0xffffffb4][0xffffffd8]8[0xfffffff5]J[0xffffff8b][0xffffffa8]Q:-[0xffffff94]U[0xffffffe9][0xffffffb4][0xffffff88][0xffffff92]%[0xffffffd3]bw.[0xffffff97][0x16][0xffffffbb][0xffffff82]/[0xffffffa5][0xffffffc5]p{k1[0xfffffff8][0xffffffb7][0x16][0xffffffc3][0xffffffe1][0xffffffad][0xffffffc5]`[0xffffffdf]Z[0xc][0xffffffee][0xffffffad][0xffffffc5][0xffffffb0]zk[0x11]x[0xffffffa4][0xffffffd2]BPI[0xffffffa5]E`[0xffffff93]H[0xffffff8b]A[0xffffffbf][0xffffffb5][0x18][0xffffffce]o-[0xffffffa2]F[0xffffffe9][0xffffffb4]PV[0xffffffa5][0xffffffd3]"J[0xffffff96]L[0xffffff8b][0xffffffdd][0xffffffb9]\Z[0xffffffec][\n]"
14:21:23.207 [main] DEBUG org.apache.hc.client5.http.wire -- http-outgoing-1 << "[0xffffffbe][0xffffff94][0x16][0xffffffab][0xffffff99][0xffffffa5][0xffffffc5]jxZ[0xffffffdc][0xffffff8f][0xffffffc0][0xffffffa7][0xffffffc5][0xffffffc7]![0xffffffa8][0xffffffb4][0xffffffb8]?[0xffffff9e]J[0xffffff8b][0xfffffff7]G[0xffffffbb][0xffffffa4]E[0xffffffe0][0xffffff91]J[0xb]A%[0xffffff95][0x16][0xffffff81]M"-6B[0xfffffff3][0xffffffd3]b[0xffffffe3][0xffffffd4]+-[0xffffffa2]F[0xffffffe9][0xffffffb4]PV[0xffffffa5][0xffffffd3]"J[0xffffff96]L[0xffffff8b][0xffffffdd][0xffffffb9]\Z[0xffffffec][\n]"
14:21:23.207 [main] DEBUG org.apache.hc.client5.http.wire -- http-outgoing-1 << "[0xffffffbe][0xffffff94][0x16][0xffffffc7]q[0xffffff98][0xffffffb5][0xffffffc5][0xfffffffd]Dx\[0xffffffbc][0xffffff9d][0xffffff81][0xffffffaf][0xffffff8b]o[0xffffffa7][0xffffffa0][0xfffffff2][0xffffffe2][0xffffffed][0xfffffff9]T_|<[0xffffffdb]%0"[0xffffff94]Ta(4[0xffffffa9][0xffffffc4][0xffffff88][0xffffff80][0x12][0xffffff8d][0xffffffb1]c[0xffffff9a][0x1f][0x19];[0xffffffac]^[0xffffff95]![0xffffff84]Jg[0xffffff86][0xfffffff4]+[0xffffffdd][0x19]B[0xffffffb7]dh[0x4][0xfffffffb]r[0xffffffa5][0x11]d|-5[0xffffff8a][0xffffffdd]4j1[0x18]G-[0x16][0xfffffff3][0xffffffa8][0x5][0x1e]H-[0xffffffe0]Dj[0xfffffff1][0x1a]I[\r]Pb[0xffffffa9]![0xffffffd0][0xffffffc4]R#[0x0][0xffffff8a][0xffffffa4]F[0xffffffc1][0xffffffc7]R[0xffffff8b][0xfffffff5]\j[0x14]*[0xffffff9e][0x1a][0xffffffca][0xffffffaf]xjD[0xffffffdd][0xffffffa2][0xffffffa9][0xffffffb1][0xffffffdb][0x17]L[0xffffff8d]][0xffffffc6][0xffffffaf][0xffffffa4]F}[0xffffffff][0xffffffa7][0x14][0xffffffb1][0xffffffd8][0xfffffffb]8VM[0xf][0xffffff8d][0xffffffcf][0xfffffff3]P[0xffffff99][0xfffffff1][0xffffffe5][0x4]XdlgHN[0xffffff8c]/OO[0xe][0xffffff8c]_?[0x19][0xffffffce][0xffffff8b][0xffffffa7](&[0xffffffc7][0xffffffc5][0xf][0xffffff80]LN[0xffffff8b][0xffffffa7]X&[0xffffff86][0xffffffc5][0x13]8[0xffffffd3][0xffffffb2][0xffffffe2][0x9][0xffffffa2][0x16]Q[0xfffffff1]\[0xffffff9e]PR[0xfffffffc][0xffffffc8][0xffffffa5]PP<W+[0xffffff90][0x13][0xffffffcf]L[0xffffff9b][0x1e][0x13][0xffffffcf][0xffffffc4]{)%[0xffffffba]YJt<%[0xffffffba]AJt4%:[0xffffff96][0x12][0xffffffdd])%v[0x14][0xffffffa9][0xffffff94][0xffffff88]@R)[0xffffffb1]cI[0xffffffa4]D[0xffffff87]S[0xffffffa2][0x1b][0xffffffa7]D[0xffffff90]'[0xffffff9d][0x12][0xffffffc2][0xffffffa5]tJ[0x4][0xffffffb5][0xffffff92])[0xffffffd1]]R[0xffffffa2][0xffffffff]tJT[0xfffffff5]V[0xffffffa2][0xffffffce]B[0xffffffa5]D[0xffffffc5][0xffffffdf]JT[0xffffff83][0xffffffb7][0x12]5[0xffffffa6]s"[0xffffffe0][0x15]{+Q[0xffffff9d][0xffffffde]JD[0x14][0xffffff99][0xffffff94]P@2)[0x11][0xffffffb1][0xffffffcc]O[0xffffff89][0x1d][0xffffffce][0xffffffec][0xffffff94][0xffffffd8][0x11]uJ[0x9]!O6%[0xffffffa4]K[0xffffffd9][0xffffff94][0x10]j[0xffffffe5]R"[0xffffff98][0xffffff96]J[0xffffff89] [0xffffffde][0xb])[0xffffffd1]EJ[0xffffff94][[0x19]TJt<%[0xffffffba]AJ[0xfffffff4][0xffffffc8]{"[0xffffffe0][0x1d]K[0xffffff89][0xffffffee][0xffffff94][0x12][0x11]E&%[0x14][0xffffff90]LJD,[0xfffffff3]Sb[0xffffff87]3;%vD[0xffffff9d]RB[0xffffffc8][0xffffff93]M[0x9][0xffffffe9]R6%[0xffffff84]Z[0xffffffb9][0xffffff94][0x8][0xffffffa6][0xffffffa5]R"[0xffffff88][0xfffffff7]BJL[0xffffff95][0x12]k[0x1c]TJL<%[0xffffffa6]AJ[0xffffffcc][0xffffffc8]{"[0xffffffe0][0x13]K[0xffffff89][0xffffffe9][0xffffff94][0x12][0x11]E&%[0x14][0xffffff90]LJD,[0xfffffff3]Sb[0xffffff87]3;%vD[0xffffff9d]RB[0xffffffc8][0xffffff93]M[0x9][0xffffffe9]R6%[0xffffff84]Z[0xffffffb9][0xffffff94][0x8][0xffffffa6][0xffffffa5]R"[0xffffff88][0xfffffff7]BJ,[0xffffff91][0x12][0xffffffb5][0xfffffff4]E[0xffffffa5][0xffffffc4][0xffffffc2]Sb[0x19][0xffffffa4][0xffffffc4][0xffffff8a][0xffffffbc]'[0x2][0xffffffbe][0xffffffb0][0xffffff94]XN)[0x11]QdRB[0x1][0xffffffc9][0xffffffa4]D[0xffffffc4]2?%v8[0xffffffb3]SbG[0xffffffd4])%[0xffffff84]<[0xffffffd9][0xffffff94][0xffffff90].eSB[0xffffffa8][0xffffff95]K[0xffffff89]`Z*%[0xffffff82]x/[0xffffffa5]D1K[0xffffff89][0xffffff82][0xffffffa7]D1H[0xffffff89][0xffffff82][0xffffffa6]D[0xffffffc1]R[0xffffffa2]8[0xffffffa5][0xffffffc4][0xffffff8e]"[0xffffff95][0x12][0x11]H*%v,[0xffffff89][0xffffff94](pJ[0x14][0xffffffe3][0xffffff94][0x8][0xfffffff2][0xffffffa4]SB[0xffffffb8][0xffffff94]N[0xffffff89][0xffffffa0]V2%[0xffffff8a]KJ[0xffffff94][0xffffff9f]M[0xffffff89][0xfffffff3][0xffffffa6][0xffffffde]J[0xc][0xffffffec][0xffffffda][0xffffffe5][0xffffffdb]y[0xffffffd8][0xffffff94]x[0xffffff9c][0x0]N[0xffffff89][0xffffffef]g@R[0xffffffe2][0xfffffff1]t$%[0xffffffbe]=[0xffffffd9]"%[0x4][0xffffff8a]HJH [0xffffff91][0xffffff94][0x10]X[0xffffffa6][0xffffffa7]D[0xffffff80]39%[0x2][0xffffffa2]F)[0xffffffa1][0xffffffe4][0xffffff89][0xffffffa6][0xffffff84]v)[0xffffff9a][0x12]J[0xffffffad]XJD[0xffffffd3]B)[0x11][0xffffffc5]{!%[0xe][0xffffff95][0x12][0xfffffff3]lTJ[0x1c]xJ[0x1c][0x6])qD[0xffffffde][0x13][0x1]?[0xffffffb0][0xffffff94]8[0xffffff9c]R"[0xffffffa2][0xffffffc8][0xffffffa4][0xffffff84][0x2][0xffffff92]I[0xffffff89][0xffffff88]e~J[0xffffffec]pf[0xffffffa7][0xffffffc4][0xffffff8e][0xffffffa8]SJ[0x8]y[0xffffffb2])!][0xffffffca][0xffffffa6][0xffffff84]P+[0xffffff97][0x12][0xffffffc1][0xffffffb4]TJ[0x4][0xfffffff1]^H[0x9][0xffffffb5][0xffffffa2][0xffffffaa][0xffffffd5][0x1b][0xfffffff5][0x3][0xffffffc7][0xffffff89][0xffffffaf][0xffffffa8]:[\r]VT[0xffffff9d]b[0xffffff8f]J"[0xffffffe0][0xffffffd8][0xffffff8a][0xffffffaa]3lJ!S[0xffffffc2]dE[0xffffff95][0x4][0xffffff92]I[0x9][0xffffff83][0x15]U[0x1][0xffffffce][0xffffffec][0xffffff94]0^Q[0xffffffa5][0xffffffe4][0xffffffc9][0xffffffa6][0xffffff84][0xffffffdf][0xffffff8a]*[0xffffffa5]V.%\VTE[0xfffffff1]^J[0xffffff89]xW[0xffffff82]M[0x9][0xfffffff8][0xffffffae][0xffffffc4][0xffffffe3][0x4]|J[0xffffff80]w%[0x1e]O[0xffffffa7]R[0xffffffc2][0xffffffe7][0xffffffae][0xffffff84]@[0xffffff91]J[0x9][0xffffff93][0xffffffbb][0x12][0x2]K"%[0xffffffd0][0xffffffbb][0x12][0x1]Q[0xffffffaf][0xffffff94][0xfffffff0][0xffffffba]+[0xffffffa1]]J[0xffffffa7][0xffffff84][0xffffffcf]][0xffffff89]hZ.%~[0xfffffffe][0xffffffae]DUo%[0xffffffda][0xffffffd9][0xffffffa9][0xffffff94][0xffffffa8][0xfffffff8][[0xffffff89]j[0xfffffff0]V[0xffffffa2][0xffffffc6]tN[0x4][0xffffffbc]bo%[0xffffffaa][0xffffffd3][[0xffffff89][0xffffff88]"[0xffffff93][0x12][\n]"
14:21:23.207 [main] DEBUG org.apache.hc.client5.http.wire -- http-outgoing-1 << "H&%"[0xffffff96][0xfffffff9])[0xffffffb1][0xffffffc3][0xffffff99][0xffffff9d][0x12];[0xffffffa2]N)![0xffffffe4][0xffffffc9][0xffffffa6][0xffffff84]t)[0xffffff9b][0x12]B[0xffffffad]\J[0x4][0xffffffd3]R)[0x11][0xffffffc4]{!%[0xffffff9a]J[0xffffff89]9[0x1b][0xffffff95][0x12][\r]O[0xffffff89]f[0xffffff90][0x12]-[0xfffffff2][0xffffff9e][0x8]x[0xffffffc3]R[0xffffffa2]9[0xffffffa5]DD[0xffffff91]I[0x9][0x5]$[0xffffff93][0x12][0x11][0xffffffcb][0xfffffffc][0xffffff94][0xffffffd8][0xffffffe1][0xffffffcc]N[0xffffff89][0x1d]Q[0xffffffa7][0xffffff94][0x10][0xfffffff2]dSB[0xffffffba][0xffffff94]M[0x9][0xffffffa1]V.%[0xffffff82]i[0xffffffa9][0xffffff94][0x8][0xffffffe2][0xffffffbd][0xffffff90][0x12]j[0xffffffdb]e[0xffffffbf][0xffffff95][0xfffffffc][0xffffffef][0xffffff86]~[0xffffff9e][0x7]N[0x9][0xffffff83]m[0xffffff97][0xffffffa7]X[0xffffffc9][0xffffff96][0x8]8[0xffffffb6][0xffffffed][0xfffffff2][0xc]K[0xffffffd7][0xffffffc8][0xffffff94]0[0xffffffd9]v)[0xffffff81]dR[0xffffffc2]`[0xffffffdb]e[0xffffff80]3;%[0xffffff8c][0xffffffb7]]*y[0xffffffb2])[0xffffffe1][0xffffffb7][0xffffffed]R[0xffffffa9][0xffffff95]K[0x9][0xffffff97]m[0xffffff97]Q[0xffffffbc][0x17]Rb[0xffffffa8][0xffffff94]h[0x7][0xffffffb5]8[0xfffffffb][0xffffffed]<pJ[0xc][0xffffff83][0xffffff94][0x18][0xffffff91][0xfffffff7]D[0xffffffc0][0x7][0xffffff96][0x12][0xffffffc3])%"[0xffffff8a]LJ( [0xffffff99][0xffffff94][0xffffff88]X[0xffffffe6][0xffffffa7][0xffffffc4][0xe]gvJ[0xffffffec][0xffffff88]:[0xffffffa5][0xffffff84][0xffffff90]'[0xffffff9b][0x12][0xffffffd2][0xffffffa5]lJ[0x8][0xffffffb5]r)[0x11]LK[0xffffffa5]D[0x10][0xffffffef][0xffffff85][0xffffff94]8UJtlE[0xffffffd5][0xffffffdb]y[0xffffffe0][0xffffff94]8[\r]R[0xffffffe2][0xffffff8c][0xffffffbc]'[0x2]~b)q:[0xffffffa5]DD[0xffffff91]I[0x9][0x5]$[0xffffff93][0x12][0x11][0xffffffcb][0xfffffffc][0xffffff94][0xffffffd8][0xffffffe1][0xffffffcc]N[0xffffff89][0x1d]Q[0xffffffa7][0xffffff94][0x10][0xfffffff2]dSB[0xffffffba][0xffffff94]M[0x9][0xffffffa1]V.%[0xffffff82]i[0xffffffa9][0xffffff94][0x8][0xffffffe2][0xffffffbd][0xffffff90][0x12][0xffffffea][0x1b][0x1c]}N[0xffffffea][0x1b][0x1c]'[0xfffffffe][\r][0xffffff8e][0xffffffd3][0xffffffe0][0x1b][0x1c][0xffffffa7]X[0x14][0xffffff9f][0x8]8[0xfffffff6][\r][0xffffff8e]3[0xffffffac][0xffffff82]'S[0xffffffc2][0xffffffe4][0x1b][0x1c][0x12]H&%[0xc][0xffffffbe][0xffffffc1][0x11][0xffffffe0][0xffffffcc]N[0x9][0xffffffe3]op(y[0xffffffb2])[0xffffffe1][0xfffffff7][\r][0xe][0xffffffa5]V.%\[0xffffffbe][0xffffffc1][0x11][0xffffffc5]{!%[0xffffffd4]78[0xfffffffa][0xffffffaa][0xffffffd8][0xffffffb6]K[0xfffffffc][0x1b][0x1c][0xffffffa7][0xffffffc1]78N[0xffffffb1](>[0x11]p[0xffffffec][0x1b][0x1c]gX[0x5]O[0xffffffa6][0xffffff84][0xffffffc9]78$[0xffffff90]LJ[0x18]|[0xffffff83]#[0xffffffc0][0xffffff99][0xffffff9d][0x12][0xffffffc6][0xffffffdf][0xffffffe0]P[0xfffffff2]dS[0xffffffc2][0xffffffef][0x1b][0x1c]J[0xffffffad]\J[0xffffffb8]|[0xffffff83]#[0xffffff8a][0xfffffff7][0xfffffff5][0xffffff94][0xffffff98]jqv_[0xffffff83][0xffffffba]+1[0xfffffff1][0xffffffc5][0xffffffd9][0xffffffd3]`q[0xfffffff6][0x14][0xffffffdb]][0xfffffff3][0x0][0xffffff9f][0xffffffd8][0xffffffe2][0xffffffec][0x19][0xfffffff6][0xffffffb7][0xffffff82])!PDRB[0x2][0xffffff89][0xffffffa4][0xffffff84][0xffffffc0]2=%[0x2][0xffffff9c][0xffffffc9])[0x11][0x10]5J[0x9]%O4%[0xffffffb4]K[0xffffffd1][0xffffff94]Pj[0xffffffc5]R"[0xffffff9a][0x16]J[0xffffff89]([0xffffffde][0xb])[0xffffffa1][0x16]g[0xfffffff7][0xffffffb5][0xffffffa8][0xffffffbd][0x12][0x13]_[0xffffff9c]=[\r][0x16]gO[0xffffffb1][0xffffffdd]5[0x11]plq[0xfffffff6][0xc][0xfffffffb][[0xffffffc9][0xffffff94]0Y[0xffffff9c]-[0xffffff81]dR[0xffffffc2]`qv[0xffffff80]3;%[0xffffff8c][0x17]g+y[0xffffffb2])[0xffffffe1][0xffffffb7]8[[0xffffffa9][0xffffff95]K[0x9][0xffffff97][0xffffffc5][0xffffffd9]Q[0xffffffbc][0x17]R[0xffffffa2][0xffffff8a][0xffffff94][0x18][0xffffffc7][0xffffffaa]TJT<%[0xffffffaa]AJ[0xffffffd4][0xffffffc8]{"[0xffffffe0][0x15]K[0xffffff89][0xffffffea][0xffffff94][0x12][0x11]E&%[0x14][0xffffff90]LJD,[0xfffffff3]Sb[0xffffff87]3;%vD[0xffffff9d]RB[0xffffffc8][0xffffff93]M[0x9][0xffffffe9]R6%[0xffffff84]Z[0xffffffb9][0xffffff94][0x8][0xffffffa6][0xffffffa5]R"[0xffffff88][0xfffffff7]BJ[0xffffffa8][0x15]U[0xffffffa3][0xffffff8f]I[0xffffffa5][0x4][0xffffffbe][0xffffffa2]j[0x1a][0xffffffac][0xffffffa8][0xffffff9a]b[0xffffff8f]J"[0xffffffe0][0xffffffd8][0xffffff8a][0xffffffaa][0x19]6[0xffffffa5][0xffffff90])a[0xffffffb2][0xffffffa2]J[0x2][0xffffffc9][0xffffffa4][0xffffff84][0xffffffc1][0xffffff8a][0xffffffaa][0x0]gvJ[0x18][0xffffffaf][0xffffffa8]R[0xfffffff2]dS[0xffffffc2]oE[0xffffff95]R+[0xffffff97][0x12].+[0xffffffaa][0xffffffa2]x/[0xffffffa4][0xffffff84]ZQ5[0xffffffce][0xffffff82][0xffffffa5][0x4][0xffffffbe][0xffffffa2]j[0x1a][0xffffffac][0xffffffa8][0xffffff9a]b[0xffffff8f]J"[0xffffffe0][0xffffffd8][0xffffff8a][0xffffffaa][0x19]6[0xffffffa5][0xffffff90])a[0xffffffb2][0xffffffa2]J[0x2][0xffffffc9][0xffffffa4][0xffffff84][0xffffffc1][0xffffff8a][0xffffffaa][0x0]gvJ[0x18][0xffffffaf][0xffffffa8]R[0xfffffff2]dS[0xffffffc2]oE[0xffffff95]R+[0xffffff97][0x12].+[0xffffffaa][0xffffffa2]x/[0xffffffa4][0xffffff84]ZQu[0x1e][\r][0xfffffffb][0xffffff81][0x3]_Q5[\r]VTM[0xffffffb1]G%[0x11]plE[0xffffffd5][0xc][0xffffff9b]R[0xffffffc8][0xffffff94]0YQ%[0xffffff81]dR[0xffffffc2]`EU[0xffffff80]3;%[0xffffff8c]WT)y[0xffffffb2])[0xffffffe1][0xffffffb7][0xffffffa2]J[0xffffffa9][0xffffff95]K[0x9][0xffffff97][0x15]UQ[0xffffffbc][0x17]RB[0xffffffad][0xffffffa8]:[0xffffffeb][0xffffff81][0xffffffa5][0x4][0xffffffbe][0xffffffa2]j[0x1a][0xffffffac][0xffffffa8][0xffffff9a]b[0xffffff8f]J"[0xffffffe0][0xffffffd8][0xffffff8a][0xffffffaa][0x19]6[0xffffffa5][0xffffff90])a[0xffffffb2][0xffffffa2]J[0x2][0xffffffc9][0xffffffa4][0xffffff84][0xffffffc1][0xffffff8a][0xffffffaa][0x0]gvJ[0x18][0xffffffaf][0xffffffa8]R[0xfffffff2]dS[0xffffffc2]oE[0xffffff95]R+[0xffffff97][0x12].+[0xffffffaa][0xffffffa2]x/[0xffffffa4][0xffffff84]ZQu[0xffffff9e][0xffffffd8][0xffffffe2][0xffffffec][0xffffff89][0xffffffaf][0xffffffa8][0xffffff9a][0x6]+[0xffffffaa][0xffffffa6][0xffffffd8][0xffffffa3][0xffffff92][0x8]8[0xffffffb6][0xffffffa2]j[0xffffff86]M)dJ[0xffffff98][0xffffffac][0xffffffa8][0xffffff92]@2)a[0xffffffb0][0xffffffa2]*[0xffffffc0][0xffffff99][0xffffff9d][0x12][0xffffffc6]+[0xffffffaa][0xffffff94]<[0xffffffd9][0xffffff94][0xfffffff0][Q[0xffffffa5][0xffffffd4][0xffffffca][0xffffffa5][0xffffff84][0xffffffcb][0xffffff8a][0xffffffaa]([0xffffffde][0xb])[0xffffffa1]VT[0xffffff9d][0xffffffeb][0xffffff86][0xffffffa5][0x4][0xffffffbe][0xffffffa2]j[0x1a][0xffffffac][0xffffffa8][0xffffff9a]b[0xffffff8f]J"[0xffffffe0][0xffffffd8][0xffffff8a][0xffffffaa][0x19]6[0xffffffa5][0xffffff90])a[0xffffffb2][0xffffffa2]J[0x2][0xffffffc9][0xffffffa4][0xffffff84][0xffffffc1][0xffffff8a][0xffffffaa][0x0]gvJ[0x18][0xffffffaf][0xffffffa8]R[0xfffffff2]dS[0xffffffc2]oE[0xffffff95]R+[0xffffff97][0x12].+[0xffffffaa][0xffffffa2]x_O[0xffffff89][0xffffffa5]VT[0xffffffcd]z4(%[0x16][0xffffffbe][0xffffffa2]j[0x19][0xffffffac][0xffffffa8]Zb[0xffffff8f]J[0x1e][0xffffffe0][0xb][Q[0xffffffb5][0xffffffc2][0xffffffa6][0x14]0%[0x4][0xffffff8a]HJH [0xffffff91][0xffffff94][0x10]X[0xffffffa6][0xffffffa7]D[0xffffff80]39%[0x2][0xffffffa2]F)[0xffffffa1][0xffffffe4][0xffffff89][0xffffffa6][0xffffff84]v)[0xffffff9a][0x12]J[0xffffffad]XJD[0xffffffd3]B)[0x11][0xffffffc5]{!%[0xffffffd4][0xffffff8a][0xffffffaa][0xffffffd9][\n]"
14:21:23.207 [main] DEBUG org.apache.hc.client5.http.wire -- http-outgoing-1 << "uWb[0xffffffe1]+[0xffffffaa][0xffffff96][0xffffffc1][0xffffff8a][0xffffffaa]%[0xfffffff6][0xffffffa8]$[0x2][0xffffff8e][0xffffffad][0xffffffa8]ZaS[\n]"
14:21:23.207 [main] DEBUG org.apache.hc.client5.http.wire -- http-outgoing-1 << "[0xffffff99][0x12]&+[0xffffffaa]$[0xffffff90]LJ[0x18][0xffffffac][0xffffffa8][\n]"
14:21:23.207 [main] DEBUG org.apache.hc.client5.http.wire -- http-outgoing-1 << "pf[0xffffffa7][0xffffff84][0xfffffff1][0xffffff8a]*%O6%[0xfffffffc]VT)[0xffffffb5]r)[0xffffffe1][0xffffffb2][0xffffffa2]*[0xffffff8a][0xfffffff7]BJ[0x14][0xffffff95][0x12][0xffffffb3]Q?p[0xffffffbc][0xffffff9d][0x7]N[0xffffff89]b[0xffffff90][0x12]%[0xfffffff2][0xffffff9e][0x8]x[0xffffffc1]R[0xffffffa2]8[0xffffffa5]DD[0xffffff91]I[0x9][0x5]$[0xffffff93][0x12][0x11][0xffffffcb][0xfffffffc][0xffffff94][0xffffffd8][0xffffffe1][0xffffffcc]N[0xffffff89][0x1d]Q[0xffffffa7][0xffffff94][0x10][0xfffffff2]dSB[0xffffffba][0xffffff94]M[0x9][0xffffffa1]V.%[0xffffff82]i[0xffffffa9][0xffffff94][0x8][0xffffffe2][0xffffffbd][0xffffff90][0x12]U[0xffffffa6][0xffffffc4][0xffffffc4]R[0xffffffa2][0xffffffe2])Q[\r]R[0xffffffa2]F[0xffffffde][0x13][0x1][0xffffffaf]XJT[0xffffffa7][0xffffff94][0xffffff88](2)[0xffffffa1][0xffffff80]dR"b[0xffffff99][0xffffff9f][0x12];[0xffffff9c][0xffffffd9])[0xffffffb1]#[0xffffffea][0xffffff94][0x12]B[0xffffff9e]lJH[0xffffff97][0xffffffb2])![0xffffffd4][0xffffffca][0xffffffa5]D0-[0xffffff95][0x12]A[0xffffffbc][0x17]RBm[0xffffffbb][0xffffff9c][0xffffffab][0x14]*%[0xfffffff0]m[0xffffff97][0xffffffcb]`[0xffffffdb][0xffffffe5][0x12]+[0xffffffd9][0x12][0x1][0xffffffc7][0xffffffb6]][0xffffffae][0xffffffb0]t[0xffffff8d]L[0x9][0xffffff93]m[0xffffff97][0x12]H&%[0xc][0xffffffb6]][0x6]8[0xffffffb3]S[0xffffffc2]x[0xffffffdb][0xffffffa5][0xffffff92]'[0xffffff9b][0x12]~[0xffffffdb].[0xffffff95]Z[0xffffffb9][0xffffff94]p[0xffffffd9]v[0x19][0xffffffc5]{!%[0xffffffd4][0xffffffb6][0xffffffcb][0xffffffb9][0xfffffffa]A[0xffffffa5][0x4][0xffffffbe][0xffffffed]r[0x19]l[0xffffffbb]\b%["[0xffffffe0][0xffffffd8][0xffffffb6][0xffffffcb][0x15][0xffffff96][0xffffffae][0xffffff91])a[0xffffffb2][0xffffffed]R[0x2][0xffffffc9][0xffffffa4][0xffffff84][0xffffffc1][0xffffffb6][0xffffffcb][0x0]gvJ[0x18]o[0xffffffbb]T[0xfffffff2]dS[0xffffffc2]o[0xffffffdb][0xffffffa5]R+[0xffffff97][0x12].[0xffffffdb].[0xffffffa3]x/[0xffffffa4][0xffffff84][0xffffffda]v[0xffffffb9]n[0xffffffb7][0xffffff93]J[0x9]|[0xffffffdb][0xffffffe5]2[0xffffffd8]v[0xffffffb9][0xffffffc4]J[0xffffffb6]D[0xffffffc0][0xffffffb1]m[0xffffff97]+,]#S[0xffffffc2]d[0xffffffdb][0xffffffa5][0x4][0xffffff92]I[0x9][0xffffff83]m[0xffffff97][0x1][0xffffffce][0xffffffec][0xffffff94]0[0xffffffde]v[0xffffffa9][0xffffffe4][0xffffffc9][0xffffffa6][0xffffff84][0xffffffdf][0xffffffb6]K[0xffffffa5]V.%\[0xffffffb6]]F[0xfffffff1]^H[0x9][0xffffffb5][0xffffffed]r[0x1d][0xffffff9d][0xfffffffa][0x6][0xffffffc7][0xffffffc2][0xffffffb7]].[0xffffff83]m[0xffffff97]K[0xffffffac]dK[0x4][0x1c][0xffffffdb]v[0xffffffb9][0xffffffc2][0xffffffd2]52%L[0xffffffb6]]J [0xffffff99][0xffffff94]0[0xffffffd8]v[0x19][0xffffffe0][0xffffffcc]N[0x9][0xffffffe3]m[0xffffff97]J[0xffffff9e]lJ[0xfffffff8]m[0xffffffbb]Tj[0xffffffe5]R[0xffffffc2]e[0xffffffdb]e[0x14][0xffffffef][0xffffffa5][0xffffff94](f)Q[0xfffffff0][0xffffff94]([0x6])Q[0xffffffd0][0xffffff94](XJ[0x14][0xffffffa7][0xffffff94][0xffffffd8]Q[0xffffffa4]R"[0x2]I[0xffffffa5][0xffffffc4][0xffffff8e]%[0xffffff91][0x12][0x5]N[0xffffff89]b[0xffffff9c][0x12]A[0xffffff9e]tJ[0x8][0xffffff97][0xffffffd2])[0x11][0xffffffd4]J[0xffffffa6]DqI[0xffffff89][0xfffffff2][0xffffffd3])[0xffffffa1][0x16]g[0xffffffaf]Q[0xffffffb1][0xffffffbd][0x12][0xfffffff8][0xffffffe2][0xffffffec]e[0xffffffb0]8{[0xffffff89][0xffffffed][0xffffffae][0xffffff89][0xffffff80]c[0xffffff8b][0xffffffb3]W[0xffffffd8][0xffffffdf]J[0xffffffa6][0xffffff84][0xffffffc9][0xffffffe2]l[0x9]$[0xffffff93][0x12][0x6][0xffffff8b][0xffffffb3][0x3][0xffffff9c][0xffffffd9])a[0xffffffbc]8[[0xffffffc9][0xffffff93]M[0x9][0xffffffbf][0xffffffc5][0xffffffd9]J[0xffffffad]\J[0xffffffb8],[0xffffffce][0xffffff8e][0xffffffe2][0xffffffbd][0xffffff90][0x12]jq[0xfffffff6][0xffffff9a][0x7]vW[0x2]_[0xffffff9c][0xffffffbd][0xc][0x16]g/[0xffffffb1][0xffffffdd]5[0x11]plq[0xfffffff6][\n]"
14:21:23.207 [main] DEBUG org.apache.hc.client5.http.wire -- http-outgoing-1 << "[0xfffffffb][[0xffffffc9][0xffffff94]0Y[0xffffff9c]-[0xffffff81]dR[0xffffffc2]`qv[0xffffff80]3;%[0xffffff8c][0x17]g+y[0xffffffb2])[0xffffffe1][0xffffffb7]8[[0xffffffa9][0xffffff95]K[0x9][0xffffff97][0xffffffc5][0xffffffd9]Q[0xffffffbc]/[0xffffffa7]D[0xffffffbd][0xffffffdd][0xffffffe2][0xf][0x1c][0xffffffe3]v[0xffffffa3][0xffffffb6]]]]><![CDATA[>[0xffffffce][0xffffff83][0xffffffa6][0xffffffc4][0xfffffffb][0x9][0xffffffd8][0xffffff94][0xfffffff8]<[0x3][0xffffff91][0x12][0xffffffef]O'R[0xffffffe2][0xfffffffb][0xffffff93][0x1d]RB[0xffffffa1]H[0xffffffa4][0xffffff84][0x6][0xffffff92]H[0x9][0xffffff85]evJD8sS""[0xffffffea][0xffffff93][0x12]R[0xffffff9e]dJ<q)[0xffffff99][0x12]R[0xffffffad]TJ[0x8][0xffffffd3]2)![0xffffffc4]{)%[0xffffffaa]YJT<%[0xffffffaa]AJT4%*[0xffffff96][0x12][0xffffffd5])%v[0x14][0xffffffa9][0xffffff94][0xffffff88]@R)[0xffffffb1]cI[0xffffffa4]D[0xffffff85]S[0xffffffa2][0x1a][0xffffffa7]D[0xffffff90]'[0xffffff9d][0x12][0xffffffc2][0xffffffa5]tJ[0x4][0xffffffb5][0xffffff92])Q]R[0xffffffa2][0xfffffffe]tJ[0xffffff88]op[0xffffff8c][[0xffffffa3]>[0xffffffe7][0xfffffff5]8[0xf][0xffffff9c][0x12][0xfffffffc]78>[0xffffffcf][0xffffffc0][0xffffffa4][0x4][0xfffffff5][\r][0xffffff8e][0xffffffef]O[0xfffffff6]H[0x9][0xffffff8f]oph [0xffffff99][0xffffff94][0xffffffe0][0xffffffbf][0xffffffc1][0x11][0xffffffe1][0xffffffcc]N[0x9][0xffffffdf]opHy[0xffffffb2])a[0xfffffff7][\r][0xe][0xffffffa9]V.%L[0xffffffbe][0xffffffc1]![0xffffffc4]{)%[0xffffffc4][0xf][0x1c]hJ[0xffffffd0]?p[0x1c][0x6]?p[0x1c][0xfffffff1]-\*[0xffffffe0][0xffffffd4][0xf][0x1c][0xffffff87][0xffffffd3][0xf][0x1c][0x11]E*%\~[0xffffffe0][0xffffff88]X[0x12])[0xffffffc1][0xfffffffe][0xffffffc0][0xffffffb1]#[0xffffffea][0xffffff95][0x12]f?pH[0xffffff97][0xffffffd2])a[0xfffffff4][0x3]G0-[0xffffff97][0x12]?[0xffffffff][0x3][0xffffff87]XQ5[0xffffff8e][0xffffffb5][0xffffffa0]op<[0xffffffce][0x3][0xffffffa7][0x4][0xffffffbf][0xffffffa2][0xffffffea][0xfffffff3][0xc]LJP+[0xffffffaa][0xffffffbe]?[0xffffffd9]#%<VTi [0xffffff99][0xffffff94][0xffffffe0]WTE8[0xffffffb3]S[0xffffffc2]wE[0xffffff95][0xffffff94]'[0xffffff9b][0x12]v+[0xffffffaa][0xffffffa4]Z[0xffffffb9][0xffffff94]0YQ%[0xffffffc4]{)%[0xffffffe2][[0x9]6%[0xffffffe8][0xffffffb7][0x12][0xffffffc3][0xffffffe0][0xffffffad][0xffffffc4][0xffffff88][0xffffffe9][0xffffff9c][\n]"
14:21:23.207 [main] DEBUG org.apache.hc.client5.http.wire -- http-outgoing-1 << "8[0xfffffff5]Vb8[0xffffffbd][0xffffff95][0xffffff88](R)[0xffffffe1][0xfffffff2]V"bI[0xffffffa4][0x4][0xfffffffb]VbG[0xffffffd4]+%[0xffffffcc][0xffffffde]JH[0xffffff97][0xffffffd2])a[0xfffffff4]V"[0xffffff98][0xffffff96]K[0xffffff89][0xffffff9f][0x7f]+![0xffffffb6]][0xffffff8e]r[0xffffff9b][0xffffff8d]J[0x9]z[0xffffffdb][0xffffffe5][0xfffffffb][0x9][0xffffffe8][0xffffff94] [0xffffffb7]][0xffffffbe]?[0xffffff9d]I[0x9][0xffffffa3]m[0xffffff97][\n]"
14:21:23.207 [main] DEBUG org.apache.hc.client5.http.wire -- http-outgoing-1 << "E&%\[0xffffffb6]]*,[0xfffffff3]S[0xffffff82][0xffffffdd]v[0x19][0x11]uJ[0x9][0xffffffb3]m[0xffffff97]O\[0xffffffca][0xffffffa6][0xffffff84][0xffffffd1][0xffffffb6]KaZ*%~~[0xffffffdb]e[0xffffffbd][0xffffff89][0x15]U[0xffffffa3][0xffffffdc][0xffffffff][0xf][0xffffff95][0x12][0xfffffff4][0xffffff8a][0xffffffaa][0xfffffff7][0x13][0xffffffd0])A[0xffffffae][0xffffffa8]z[0x7f]:[0xffffff93][0x12]F+[0xffffffaa][0x14][0xffffff8a]LJ[0xffffffb8][0xffffffac][0xffffffa8]RX[0xffffffe6][0xffffffa7][0x4][0xffffffbb][0xffffffa2]*"[0xffffffea][0xffffff94][0x12]f+[0xffffffaa][0xffffff9e][0xffffffb8][0xffffff94]M[0x9][0xffffffa3][0x15]U[0xffffffc2][0xffffffb4]TJ[0xfffffffc][0xfffffffc][0xffffff8a][0xffffffaa]z[0x13]+[0xffffffaa][0xffffffee])1[0xffffffa0]/[0xffffff83]>[0xffffffce][0x3][0xffffffa7][0x4][0xffffffbf][0xffffffa2][0xffffffea][0xfffffff3][0xc]LJP+[0xffffffaa][0xffffffbe]?[0xffffffd9]#%<VTi [0xffffff99][0xffffff94][0xffffffe0]WTE8[0xffffffb3]S[0xffffffc2]wE[0xffffff95][0xffffff94]'[0xffffff9b][0x12]v+[0xffffffaa][0xffffffa4]Z[0xffffffb9][0xffffff94]0YQ%[0xffffffc4][0xfffffffb]zJ[0x1c]7[0xffffff99][0x12]kA)[0xfffffff1]v[0x1e]6%[0x1e]'[0xffffff80]S[0xffffffe2][0xfffffffb][0x19][0xffffff90][0xffffff94]x<[0x1d]I[0xffffff89]oO[0xffffffb6]H[0x9][0xffffff81]"[0xffffff92][0x12][0x12]H$%[0x4][0xffffff96][0xffffffe9])[0x11][0xffffffe0]LN[0xffffff89][0xffffff80][0xffffffa8]QJ(y[0xffffffa2])[0xffffffa1]][0xffffff8a][0xffffffa6][0xffffff84]R+[0xffffff96][0x12][0xffffffd1][0xffffffb4]PJD[0xfffffff1]^H[0x9][0xffffffb5]W[0xffffffa2][0xffffffd4][0xffffff93]z+q[0xffffffe0]{%[0xe][0xffffff83][0xffffffbd][0x12][0xffffff87][0x18]~N[0x4][0x1c][0xffffffdb]+q[0xffffff84][0xfffffff1]f2%L[0xfffffff6]JH [0xffffff99][0xffffff94]0[0xffffffd8]+[0x11][0xffffffe0][0xffffffcc]N[0x9][0xffffffe3][0xffffffbd][0x12]J[0xffffff9e]lJ[0xfffffff8][0xffffffed][0xffffff95]Pj[0xffffffe5]R[0xffffffc2]e[0xffffffaf]D[0x14][0xffffffef][0xffffff85][0xffffff94](*%[0xfffffffa][0xffffff8d][0xffffffba]+[0xfffffff1]v[0x1e]8%[0xffffff8a]AJ[0xffffff94][0xffffffc8]{"[0xffffffe0][0x5]K[0xffffff89][0xffffffe2][0xffffff94][0x12][0x11]E&%[0x14][0xffffff90]LJD,[0xfffffff3]Sb[0xffffff87]3;%vD[0xffffff9d]RB[0xffffffc8][0xffffff93]M[0x9][0xffffffe9]R6%[0xffffff84]Z[0xffffffb9][0xffffff94][0x8][0xffffffa6][0xffffffa5]R"[0xffffff88][0xfffffff7]RJ[0xffffffc4]aP6%[0xffffffe0]a[0xffffffd0][0xffffffc7][0x9][0xfffffff8][0xffffff94][0x0][0xffffff87]A[0x1f]O[0xffffffa7]R[0xffffffc2]g[0x18]T[0xffffffa0]H[0xffffffa5][0xffffff84][0xffffffc9]0[0xffffffa8][0xffffffc0][0xffffff92]H[0x9]t[0x18]4 [0xffffffea][0xffffff95][0x12]^[0xffffffc3][0xffffffa0][0xffffffda][0xffffffa5]tJ[0xfffffff8][0xc][0xffffff83]F[0xffffffd3]r)[0xfffffff1][0xffffffd3][0xffffffc3][0xffffffa0][0xfffffff7][0x7f]F3K[0xffffff89][0xffffff86][0xffffffa7]D3H[0xffffff89][0xffffff86][0xffffffa6]D[0xffffffc3]R[0xffffffa2]9[0xffffffa5][0xffffffc4][0xffffff8e]"[0xffffff95][0x12][0x11]H*%v,[0xffffff89][0xffffff94]hpJ4[0xffffffe3][0xffffff94][0x8][0xfffffff2][0xffffffa4]SB[0xffffffb8][0xffffff94]N[0xffffff89][0xffffffa0]V2%[0xffffff9a]KJ[0xffffffb4][0xffffffbf]CJ[0x1c]n[0xffffffbf]p[0x1c][0xfffffffc]O[0x1c][0xfffffff7]#[0xfffffff0]5[0xfffffff1]q[0x8]*'[0xe][0xffffffee]W[0xffffff8e][0xffffffc3][0xffffffea]g[0xffffff8e][0xffffffc0]#U[0x14][0xffffff82]J*)[0x2][0xffffff9b]DS[0x1c][0xfffffff4]O[0x1d][0xffffff87][0xfffffff3]o[0x1d]Q[0xffffffa3]tV([0xffffffab][0xffffffd2]][0x11]%K[0xffffff86][0xffffffc5][0xffffffee]\[0xffffffae],v[0x5]_J[0xffffff8b]b[0xfffffff7][0xffffff8b][0xffffff87][0xffffffc1]O[0x1e][0x16][0xffffffbf]y[0xffffffc0]?z[0xffffff80][0xffffffbf]zx[0xfffffffd][0xffffffec]a[0xfffffff3][0xffffffbb][0xffffff87][0xffffffd1][0xf][0x1f][0x16][0xffffffbf]|[0xffffffe0]?}X[0xffffffff][0xfffffff6][0xffffffe1][0xfffffff7][0xffffffe3][0xffffff87][0xffffffe3][0xffffffaf][0x1f]^?[0x7f][0xfffffff8][0xfffffffc][0xfffffffe][0xfffffff1][0xfffffff7][0xfffffff8][0x1][0xffffffa4]L[0xffffffb7][0xffffffb4][0xffffff98]|ZL[0xffffff87][0xffffffb4][0xffffff98]lZL.-[0xffffffa6]UZ[0xffffffec]<bi[0x11][0xffffffa9][0xffffffc4][0xffffffd2]bg[0x13]I[0xffffff8b]I[0xffffffa7][0xffffffc5]tN[0xffffff8b][0xffffffa0]Q<-[0xffffff84]U[0xfffffff1][0xffffffb4][0x8][0xffffff92]E[0xffffffd3]b[0xffffffda][0xffffffa4][0xffffffc5][0xfffffffc];[0xffffffa4]E[0x1b]fi[0xffffffd1][0x6][0xffffff9e][0x16][0xfffffff7]#[0xfffffff0]i[0xfffffff1]q[0x8]*-[0xffffffee][0xffffff8f][0xffffffa7][0xffffffd2][0xffffffe2][0xfffffffd][0xffffffd1].i[0x11]x[0xffffffa4][0xffffffd2]BPI[0xffffffa5]E`[0xffffff93]H[0xffffff8b][0xffffff8d][0xffffffd0][0xfffffffc][0xffffffb4][0xffffffd8]8[0xfffffff5]J[0xffffff8b][0xffffffa8]Q:-[0xffffff94]U[0xffffffe9][0xffffffb4][0xffffff88][0xffffff92]%[0xffffffd3]bw.[0xffffff97][0x16][0xffffffbb][0xffffff82]/[0xffffffa5]Ew{k[0xffffffd1][0xfffffff9][0xffffffb7][0x16][0xffffffdd][0xffffffe1][0xffffffad]Eg[0xffffffdf]Zt[0xffffffee][0xffffffad]E[0xffffffb7]zk[0x11]x[0xffffffa4][0xffffffd2]BPI[0xffffffa5]E`[0xffffff93]H[0xffffff8b]N[0xffffffbf][0xffffffb5][0xffffffe8][0xffffffce]o-[0xffffffa2]F[0xffffffe9][0xffffffb4]PV[0xffffffa5][0xffffffd3]"J[0xffffff96]L[0xffffff8b][0xffffffdd][0xffffffb9]\Z[0xffffffec][\n]"
14:21:23.208 [main] DEBUG org.apache.hc.client5.http.wire -- http-outgoing-1 << "[0xffffffbe][0xffffff94][0x16][0xffffffd3][0xffffffed][0xffffffad][0xffffffc5][0xffffffe4][0xffffffdf]ZL[0xffffff87][0xffffffb7][0x16][0xffffff93]}k1[0xffffffb9][0xffffffb7][0x16][0xffffffd3][0xffffffea][0xffffffad]E[0xffffffe0][0xffffff91]J[0xb]A%[0xffffff95][0x16][0xffffff81]M"-&[0xfffffffd][0xffffffd6]b:[0xffffffbf][0xffffffb5][0xffffff88][0x1a][0xffffffa5][0xffffffd3]BY[0xffffff95]N[0xffffff8b](Y2-v[0xffffffe7]ri[0xffffffb1]+[0xfffffff8]RZ[0x1c][0xffffffb7]n[0xffffffd6][0x16][0xfffffff7][0x13][0xffffffe1]q[0xfffffff1]v[0x6][0xffffffbe].[0xffffffbe][0xffffff9d][0xffffff82][0xffffffca][0xffffff8b][0xffffffb7][0xffffffe7]S}[0xfffffff1][0xfffffff1]l[0xffffff97][0xffffffc0][0xffffff88]PR[0xffffff85][0xffffffa1][0xffffffd0][0xffffffa4][0x12]#[0x2]J4[0xffffffc6][0xffffff8e]i~d[0xffffffec][0xffffffb0]zU[0xffffff86][0x10]*[0xffffff9d][0x19][0xffffffd2][0xffffffaf]tg[0x8][0xffffffdd][0xffffff92][0xffffffa1][0x11][0xffffffec][0xffffffcb][0xffffff95]F[0xffffff90][0xfffffff1][0xffffffb5][0xffffffd4][0xffffffb0][0x1b][0x19]9[0xc]fF[0xe][0xffffff8b][0xffffffa1][0xffffff91]#^h[0xffffffce][0xffffff85][0x1d][0x1c][0x1b]9[0xffffffbc][0xffffffe6]F"[0xffffff94]Xj[0x18]M[0xffffff8e]D@[0xffffff91][0xffffffd4][0xffffffc0]gGvX[0xffffffcd]R[0xffffffc3]ozD[0xfffffffa][0x15]O[\r][0xffffffaf][0xfffffff9][0xffffff91]`_05~f[0xffffff82][0xffffffa4]=[0xfffffffe])[0xffffffa5][0xffffff8b][0xffffffc5][0xffffffde][0xffffffbd][0xffffffaf]3=4>[0xffffffcf]Ce[0xffffffc6][0xffffff97][0x13]`[0xffffff91][0xffffffb1][0xffffff9d]!91[0xffffffbe]<=90~[0xfffffffd]d8/[0xffffff9e][0xffffffa2][0xffffff98][0x1c][0x17]?[0x0]29-[0xffffff9e]b[0xffffff99][0x18][0x16]O[0xffffffe0]L[0xffffffcb][0xffffff8a]'[0xffffff88]ZD[0xffffffc5]syBI[0xfffffff1]#[0xffffff97]BA[0xfffffff1]\[0xffffffad]@N<3mzL<[0x13][0xffffffef][0xffffff85][0xffffff94][0x18]*%[0xffffffc6][0xffffff89][0xffffffa5][0xffffffc4][0xffffffc0]Sb[0x18][0xffffffa4][0xffffffc4][0xffffff88][0xffffffbc]'[0x2]>[0xffffffb0][0xffffff94][0x18]N)[0x11]QdRB[0x1][0xffffffc9][0xffffffa4]D[0xffffffc4]2?%v8[0xffffffb3]SbG[0xffffffd4])%[0xffffff84]<[0xffffffd9][0xffffff94][0xffffff90].eSB[0xffffffa8][0xffffff95]K[0xffffff89]`Z*%[0xffffff82]x/[0xffffffa4][0xffffffc4][0x14])1[0xffffffea][0xffffffaa]TJL<%[0xffffffa6]AJ[0xffffffcc][0xffffffc8]{"[0xffffffe0][0x13]K[0xffffff89][0xffffffe9][0xffffff94][0x12][0x11]E&%[0x14][0xffffff90]LJD,[0xfffffff3]Sb[0xffffff87]3;%vD[0xffffff9d]RB[0xffffffc8][0xffffff93]M[0x9][0xffffffe9]R6%[0xffffff84]Z[0xffffffb9][0xffffff94][0x8][0xffffffa6][0xffffffa5]R"[0xffffff88][0xfffffff7]BJ,[0xffffff95][0x12]g_TJ,<%[0xffffff96]AJ[0xffffffac][0xffffffc8]{"[0xffffffe0][0xb]K[0xffffff89][0xffffffe5][0xffffff94][0x12][0x11]E&%[0x14][0xffffff90]LJD,[0xfffffff3]Sb[0xffffff87]3;%vD[0xffffff9d]RB[0xffffffc8][0xffffff93]M[0x9][0xffffffe9]R6%[0xffffff84]Z[0xffffffb9][0xffffff94][0x8][0xffffffa6][0xffffffa5]R"[0xffffff88][0xfffffff7][0xfffffff5][0xffffff94][0xffffffa8]7[0xffffff95][0x12]kL(%[0xffffffde][0xffffffce][0xffffffc3][0xffffffa6][0xffffffc4][0xffffffe3][0x4]pJ|?[0x3][0xffffff92][0x12][0xffffff8f][0xffffffa7]#)[0xfffffff1][0xffffffed][0xffffffc9][0x16])!PDRB[0x2][0xffffff89][0xffffffa4][0xffffff84][0xffffffc0]2=%[0x2][0xffffff9c][0xffffffc9])[0x11][0x10]5J[0x9]%O4%[0xffffffb4]K[0xffffffd1][0xffffff94]Pj[0xffffffc5]R"[0xffffff9a][0x16]J[0xffffff89]([0xffffffde][0xb])q[0xffffff88][0xffffff94]8[0xffffff8f]I[0xffffffbd][0xffffff95]x;[0xf][0xffffff9c][0x12][0xffffff87]AJ[0x1c][0xffffff91][0xfffffff7]D[0xffffffc0][0xf],%[0xe][0xffffffa7][0xffffff94][0xffffff88](2)[0xffffffa1][0xffffff80]dR"b[0xffffff99][0xffffff9f][0x12];[0xffffff9c][0xffffffd9])[0xffffffb1]#[0xffffffea][0xffffff94][0x12]B[0xffffff9e]lJH[0xffffff97][0xffffffb2])![0xffffffd4][0xffffffca][0xffffffa5]D0-[0xffffff95][0x12]A[0xffffffbc][0x17]R[0xffffffa2][0xffffffa8][0xffffff94][0xffffffa8][0xffffffb3]S)Q[0xfffffff0][0xffffff94]([0x6])Q"[0xffffffef][0xffffff89][0xffffff80][0x17],%[0xffffff8a]SJD[0x14][0xffffff99][0xffffff94]P@2)[0x11][0xffffffb1][0xffffffcc]O[0xffffff89][0x1d][0xffffffce][0xffffffec][0xffffff94][0xffffffd8][0x11]uJ[0x9]!O6%[0xffffffa4]K[0xffffffd9][0xffffff94][0x10]j[0xffffffe5]R"[0xffffff98][0xffffff96]J[0xffffff89] [0xffffffde][0xb])QUJ4.%*[0xffffff9e][0x12][0xffffffd5] %j[0xffffffe4]=[0x11][0xfffffff0][0xffffff8a][0xffffffa5]DuJ[0xffffff89][0xffffff88]"[0xffffff93][0x12][\n]"
14:21:23.208 [main] DEBUG org.apache.hc.client5.http.wire -- http-outgoing-1 << "H&%"[0xffffff96][0xfffffff9])[0xffffffb1][0xffffffc3][0xffffff99][0xffffff9d][0x12];[0xffffffa2]N)![0xffffffe4][0xffffffc9][0xffffffa6][0xffffff84]t)[0xffffff9b][0x12]B[0xffffffad]\J[0x4][0xffffffd3]R)[0x11][0xffffffc4]{!%[0xffffff9a]J[0xffffff89]^nTJ4<%[0xffffff9a]AJ[0xffffffb4][0xffffffc8]{"[0xffffffe0][\r]K[0xffffff89][0xffffffe6][0xffffff94][0x12][0x11]E&%[0x14][0xffffff90]LJD,[0xfffffff3]Sb[0xffffff87]3;%vD[0xffffff9d]RB[0xffffffc8][0xffffff93]M[0x9][0xffffffe9]R6%[0xffffff84]Z[0xffffffb9][0xffffff94][0x8][0xffffffa6][0xffffffa5]R"[0xffffff88][0xfffffff7]BJ[0xffffffa8][0x15]Ug[0x1f][0xffffff85]J[0x9]|EU5XQU[0xffffffc5][0x1e][0xffffff95]D[0xffffffc0][0xffffffb1][0x15]U5lJ!S[0xffffffc2]dE[0xffffff95][0x4][0xffffff92]I[0x9][0xffffff83][0x15]U[0x1][0xffffffce][0xffffffec][0xffffff94]0^Q[0xffffffa5][0xffffffe4][0xffffffc9][0xffffffa6][0xffffff84][0xffffffdf][0xffffff8a]*[0xffffffa5]V.%\VTE[0xfffffff1]^H[0x9][0xffffffb5][0xffffffa2][0xffffffea][0xffffffec][0xb][0xffffffbb]v[0xffffff89][0xffffffaf][0xffffffa8][0xffffffaa][0x6]+[0xffffffaa][0xffffffaa][0xffffffd8][0xffffffa3][0xffffff92][0x8]8[0xffffffb6][0xffffffa2][0xffffffaa][0xffffff86]M)dJ[0xffffff98][0xffffffac][0xffffffa8][0xffffff92]@2)a[0xffffffb0][0xffffffa2]*[0xffffffc0][0xffffff99][0xffffff9d][0x12][0xffffffc6]+[0xffffffaa][0xffffff94]<[0xffffffd9][0xffffff94][0xfffffff0][Q[0xffffffa5][0xffffffd4][0xffffffca][0xffffffa5][0xffffff84][0xffffffcb][0xffffff8a][0xffffffaa]([0xffffffde][0xb])q[0xffffffaa][0xffffff94][0x18][\r]{+q[0xffffffe2])q[0x1a][0xffffffa4][0xffffffc4][0x19]yO[0x4][0xfffffffc][0xffffffc4]R[0xffffffe2]tJ[0xffffff89][0xffffff88]"[0xffffff93][0x12][\n]"
14:21:23.208 [main] DEBUG org.apache.hc.client5.http.wire -- http-outgoing-1 << "H&%"[0xffffff96][0xfffffff9])[0xffffffb1][0xffffffc3][0xffffff99][0xffffff9d][0x12];[0xffffffa2]N)![0xffffffe4][0xffffffc9][0xffffffa6][0xffffff84]t)[0xffffff9b][0x12]B[0xffffffad]\J[0x4][0xffffffd3]R)[0x11][0xffffffc4]{!%[0xffffffd4][0xffffffb6][0xffffffcb][0xfffffff3]\[0xffffffd8]^[0x9]|[0xffffffdb]e5[0xffffffd8]vY[0xffffffc5]J[0xffffffb6]D[0xffffffc0][0xffffffb1]m[0xffffff97]5,]#S[0xffffffc2]d[0xffffffdb][0xffffffa5][0x4][0xffffff92]I[0x9][0xffffff83]m[0xffffff97][0x1][0xffffffce][0xffffffec][0xffffff94]0[0xffffffde]v[0xffffffa9][0xffffffe4][0xffffffc9][0xffffffa6][0xffffff84][0xffffffdf][0xffffffb6]K[0xffffffa5]V.%\[0xffffffb6]]F[0xfffffff1]^H[0x9][0xffffffb5][0xffffffed]r[0x1e][0x15]{+[0xffffff81]o[0xffffffbb][0xffffffac][0x6][0xffffffdb].[0xffffffab]X[0xffffffc9][0xffffff96][0x8]8[0xffffffb6][0xffffffed][0xffffffb2][0xffffff86][0xffffffa5]kdJ[0xffffff98]l[0xffffffbb][0xffffff94]@2)a[0xffffffb0][0xffffffed]2[0xffffffc0][0xffffff99][0xffffff9d][0x12][0xffffffc6][0xffffffdb].[0xffffff95]<[0xffffffd9][0xffffff94][0xfffffff0][0xffffffdb]v[0xffffffa9][0xffffffd4][0xffffffca][0xffffffa5][0xffffff84][0xffffffcb][0xffffffb6][0xffffffcb]([0xffffffde][0xffffffd7]S[0xffffffa2][0xffffffa9][0x15]Us[0xffffffdc][0xffffffa8][0xffffff94]h[0xfffffff8][0xffffff8a][0xffffffaa]f[0xffffffb0][0xffffffa2][0xffffffaa][0xffffff89]=*y[0xffffff80]7lEU[0xb][0xffffff9b]R[0xffffffc0][0xffffff94][0x10](")![0xffffff81]DRB`[0xffffff99][0xffffff9e][0x12][0x1][0xffffffce][0xffffffe4][0xffffff94][0x8][0xffffff88][0x1a][0xffffffa5][0xffffff84][0xffffff92]'[0xffffff9a][0x12][0xffffffda][0xffffffa5]hJ([0xffffffb5]b)[0x11]M[0xb][0xffffffa5]D[0x14][0xffffffef][0xffffff85][0xffffff94]([0xffffffbf][0xffffff94][0xffffff98][0x12][0xffffffab][0x1f]TJ[0xffffffdc][0xffffffcf][0x3][0xffffffa7][0xffffffc4][0xffffffdb][0x9][0xffffffe8][0xffffff94][0xfffffff8]v[0x6]&%[0xffffffde][0xffffff9e][0xffffffce][0xffffffa4][0xffffffc4][0xffffffc7][0xffffff93]=R"[0xffffffa2][0xffffffc8][0xffffffa4][0xffffff84][0x2][0xffffff92]I[0xffffff89][0xffffff88]e~J[0xffffffec]pf[0xffffffa7][0xffffffc4][0xffffff8e][0xffffffa8]SJ[0x8]y[0xffffffb2])!][0xffffffca][0xffffffa6][0xffffff84]P+[0xffffff97][0x12][0xffffffc1][0xffffffb4]TJ[0x4][0xfffffff1]^J[0xffffff89]j[0xffffff96][0x12][0x15]O[0xffffff89]j[0xffffff90][0x12][0x15]M[0xffffff89][0xffffff8a][0xffffffa5]DuJ[0xffffff89][0x1d]E*%"[0xffffff90]TJ[0xffffffec]X[0x12])Q[0xffffffe1][0xffffff94][0xffffffa8][0xffffffc6])[0x11][0xffffffe4]I[0xffffffa7][0xffffff84]p)[0xffffff9d][0x12]A[0xffffffad]dJT[0xffffff97][0xffffff94][0xffffffa8]?[0xffffff9d][0x12]j[0xffffffdb][0xffffffe5][0xffffffaa][0xffffff83][0xffffffda]v[0xffffffd9][0xfffffff0]m[0xffffff97][0xffffffcd]`[0xffffffdb]e[0x13]+[0xffffffd9][0x12][0x1][0xffffffc7][0xffffffb6]][0xffffffb6][0xffffffb0]t[0xffffff8d]L[0x9][0xffffff93]m[0xffffff97][0x12]H&%[0xc][0xffffffb6]][0x6]8[0xffffffb3]S[0xffffffc2]x[0xffffffdb][0xffffffa5][0xffffff92]'[0xffffff9b][0x12]~[0xffffffdb].[0xffffff95]Z[0xffffffb9][0xffffff94]p[0xffffffd9]v[0x19][0xffffffc5]{!%[0xffffff9a]J[0xffffff89]v[0xffffff9e]TJ4<%[0xffffff9a]AJ[0xffffffb4][0xffffffc8]{"[0xffffffe0][\r]K[0xffffff89][0xffffffe6][0xffffff94][0x12][0x11]E&%[0x14][0xffffff90]LJD,[0xfffffff3]Sb[0xffffff87]3;%vD[0xffffff9d]RB[0xffffffc8][0xffffff93]M[0x9][0xffffffe9]R6%[0xffffff84]Z[0xffffffb9][0xffffff94][0x8][0xffffffa6][0xffffffa5]R"[0xffffff88][0xfffffff7]BJ[0xffffffa8]m[0xffffff97]k[0xffffff9d][0xffffff83]J[0x9]|[0xffffffdb]e3[0xffffffd8]v[0xffffffd9][0xffffffc4]J[0xffffffb6]D[0xffffffc0][0xffffffb1]m[0xffffff97]-,]#S[0xffffffc2]d[0xffffffdb][0xffffffa5][0x4][0xffffff92]I[0x9][0xffffff83]m[0xffffff97][0x1][0xffffffce][0xffffffec][0xffffff94]0[0xffffffde]v[0xffffffa9][0xffffffe4][0xffffffc9][0xffffffa6][0xffffff84][0xffffffdf][0xffffffb6]K[0xffffffa5]V.%\[0xffffffb6]]F[0xfffffff1]^H[0x9][0xffffffb1][0xffffffed][0xfffffff2][0xffffffbc]q[0xffffffc3][0xffffffa0][\r][0xffffffdf]v[0xffffffd9][0xc][0xffffffb6]]6[0xffffffb1][0xffffff92]-[0x11]pl[0xffffffdb]e[0xb]K[0xffffffd7][0xffffffc8][0xffffff94]0[0xffffffd9]v)[0xffffff81]dR[0xffffffc2]`[0xffffffdb]e[0xffffff80]3;%[0xffffff8c][0xffffffb7]]*y[0xffffffb2])[0xffffffe1][0xffffffb7][0xffffffed]R[0xffffffa9][0xffffff95]K[0x9][0xffffff97]m[0xffffff97]Q[0xffffffbc][0x17]RBl[0xffffffbb]<o[0xfffffffd][0xffffffa0]VT5|[0xffffffdb]e3[0xffffffd8]v[0xffffffd9][0xffffffc4]J[0xffffffb6]D[0xffffffc0][0xffffffb1]m[0xffffff97]-,]#S[0xffffffc2]d[0xffffffdb][0xffffffa5][0x4][0xffffff92]I[0x9][0xffffff83]m[0xffffff97][0x1][0xffffffce][0xffffffec][0xffffff94]0[0xffffffde]v[0xffffffa9][0xffffffe4][0xffffffc9][0xffffffa6][0xffffff84][0xffffffdf][0xffffffb6]K[0xffffffa5]V.%\[0xffffffb6]]F[0xfffffff1]^H[0x9][0xffffffb1][0xffffffed][0xfffffff2][0xffffffbc][\r].%[0xfffffff0]m[0xffffff97][0xffffffcd]`[0xffffffdb]e[0x13]+[0xffffffd9][0x12][0x1][0xffffffc7][0xffffffb6]][0xffffffb6][0xffffffb0]t[0xffffff8d]L[0x9][0xffffff93]m[0xffffff97][0x12]H&%[0xc][0xffffffb6]][0x6]8[0xffffffb3]S[0xffffffc2]x[0xffffffdb][0xffffffa5][0xffffff92]'[0xffffff9b][0x12]~[0xffffffdb].[0xffffff95]Z[0xffffffb9][0xffffff94]p[0xffffffd9]v[0x19][0xffffffc5]{!%[0xffffffc4][0xffffffb6][0xffffffcb]{J[0xc],%[0xfffffff0]m[0xffffff97][0xffffffcd]`[0xffffffdb]e[0x13]+[0xffffffd9][0x12][0x1][0xffffffc7][0xffffffb6]][0xffffffb6][0xffffffb0]t[0xffffff8d]L[0x9][0xffffff93]m[0xffffff97][0x12]H&%[0xc][0xffffffb6]][0x6]8[0xffffffb3]S[0xffffffc2]x[0xffffffdb][0xffffffa5][0xffffff92]'[0xffffff9b][0x12]~[0xffffffdb].[0xffffff95]Z[0xffffffb9][0xffffff94]p[0xffffffd9]v[0x19][0xffffffc5][0xfffffffb]zJ[0xfffffff4][0xffffff9b]J[0xffffff89]{L@)[0xfffffff1]v[0x1e]6%[0x1e]'[0xffffff80]S[0xffffffe2][0xfffffffb][0x19][0xffffff90][0xffffff94]x<[0x1d]I[0xffffff89]oO[0xffffffb6]H[0x9][0xffffff81]"[0xffffff92][0x12][0x12]H$%[0x4][0xffffff96][0xffffffe9])[0x11][0xffffffe0]LN[0xffffff89][0xffffff80][0xffffffa8]QJ(y[0xffffffa2])[0xffffffa1]][0xffffff8a][0xffffffa6][0xffffff84]R+[0xffffff96][0x12][0xffffffd1][0xffffffb4]PJD[0xfffffff1]^H[0x9][0xffffffb1]8[0xfffffffb][0xffffff9e][0x12][0xffffff8f]c")[0xffffff81]/[0xffffffce][0xffffffee][0x6][0xffffff8b][0xffffffb3][0xffffffbb][0xffffffd8][0xffffffee][0xffffff9a][0x8]8[0xffffffb6]8[0xffffffbb][0xffffff87][0xfffffffd][0xffffffad]dJ[0xffffff98],[0xffffffce][0xffffff96]@2)a[0xffffffb0]8;[0xffffffc0][0xffffff99][0xffffff9d][0x12][0xffffffc6][0xffffff8b][0xffffffb3][0xffffff95]<[0xffffffd9][0xffffff94][0xfffffff0][[0xffffff9c][0xffffffad][0xffffffd4][0xffffffca][0xffffffa5][0xffffff84][0xffffffcb][0xffffffe2][0xffffffec]([0xffffffde][0xb])Q~9bJ[0xffffffac]~[0xffffffa3]R[0xffffffe2]~[0x1e]8%[0xffffffde]N@[0xffffffa7][0xffffffc4][0xffffffb7]30)[0xfffffff1][0xfffffff6]t&%>[0xffffff9e][0xffffffec][0xffffff91][0x12][0x11]E&%[0x14][0xffffff90]LJD,[0xfffffff3]Sb[0xffffff87]3;%vD[0xffffff9d]RB[0xffffffc8][0xffffff93]M[0x9][0xffffffe9]R6%[0xffffff84]Z[0xffffffb9][0xffffff94][0x8][0xffffffa6][0xffffffa5]R"[0xffffff88][0xfffffff7]BJ[0xffffff88]m[0xffffff97][0xffffffe7]Q[0xb][0xffffffb5][0xffffffed][0xffffffb2][0xffffffe3][0xffffffdb].[0xffffffbb][0xffffffc1][0xffffffb6][0xffffffcb].V[0xffffffb2]%[0x2][0xffffff8e]m[0xffffffbb][0xffffffec]a[0xffffffe9][0x1a][0xffffff99][0x12]&[0xffffffdb].%[0xffffff90]LJ[0x18]l[0xffffffbb][0xc]pf[0xffffffa7][0xffffff84][0xfffffff1][0xffffffb6]K%O6%[0xfffffffc][0xffffffb6]]*[0xffffffb5]r)[0xffffffe1][0xffffffb2][0xffffffed]2[0xffffff8a][0xfffffff7]BJ4[0xffffff95][0x12][0xfffffffd]hTJ4<%[0xffffff9a]AJ[0xffffffb4][0xffffffc8]{"[0xffffffe0][\r]K[0xffffff89][0xffffffe6][0xffffff94][0x12][0x11]E&%[0x14][0xffffff90]LJD,[0xfffffff3]Sb[0xffffff87]3;%vD[0xffffff9d]RB[0xffffffc8][0xffffff93]M[0x9][0xffffffe9]R6%[0xffffff84]Z[0xffffffb9][0xffffff94][0x8][0xffffffa6][0xffffffa5]R"[0xffffff88][0xfffffff7]BJ[0xffffff88]m[0xffffff97][0xffffffe7]1[0xffffffe7][0xffffffa2]R[0x2][0xffffffdf]v[0xffffffd9][\r][0xffffffb6]]v[0xffffffb1][0xffffff92]-[0x11]pl[0xffffffdb]e[0xf]K[0xffffffd7][0xffffffc8][0xffffff94]0[0xffffffd9]v)[0xffffff81]dR[0xffffffc2]`[0xffffffdb]e[0xffffff80]3;%[0xffffff8c][0xffffffb7]]*y[0xffffffb2])[0xffffffe1][0xffffffb7][0xffffffed]R[0xffffffa9][0xffffff95]K[0x9][0xffffff97]m[0xffffff97]Q[0xffffffbc][0x17]RBm[0xffffffbb],[0xffffffc7][0xffffff8d][0xfffffffa][0x6]G[0xffffffc7][0xffffffb7]]v[0xffffff83]m[0xffffff97]][0xffffffac]dK[0x4][0x1c][0xffffffdb]v[0xffffffd9][0xffffffc3][0xffffffd2]52%L[0xffffffb6]]J [0xffffff99][0xffffff94]0[0xffffffd8]v[0x19][0xffffffe0][0xffffffcc]N[0x9][0xffffffe3]m[0xffffff97]J[0xffffff9e]lJ[0xfffffff8]m[0xffffffbb]Tj[0xffffffe5]R[0xffffffc2]e[0xffffffdb]e[0x14][0xffffffef][0xffffffa5][0xffffff94](f)Q[0xfffffff0][0xffffff94]([0x6])Q[0xffffffd0][0xffffff94](XJ[0x14][0xffffffa7][0xffffff94][0xffffffd8]Q[0xffffffa4]R"[0x2]I[0xffffffa5][0xffffffc4][0xffffff8e]%[0xffffff91][0x12][0x5]N[0xffffff89]b[0xffffff9c][0x12]A[0xffffff9e]tJ[0x8][0xffffff97][0xffffffd2])[0x11][0xffffffd4]J[0xffffffa6]DqI[0xffffff89][0xfffffff2][0xffffffd3])[0xffffffa1][0x16]g[0xffffff97]^[0x1b][0xffffff95][0x12][0xfffffff8][0xffffffe2][0xffffffec]n[0xffffffb0]8[0xffffffbb][0xffffff8b][0xffffffed][0xffffffae][0xffffff89][0xffffff80]c[0xffffff8b][0xffffffb3]{[0xffffffd8][0xffffffdf]J[0xffffffa6][0xffffff84][0xffffffc9][0xffffffe2]l[0x9]$[0xffffff93][0x12][0x6][0xffffff8b][0xffffffb3][0x3][0xffffff9c][0xffffffd9])a[0xffffffbc]8[[0xffffffc9][0xffffff93]M[0x9][0xffffffbf][0xffffffc5][0xffffffd9]J[0xffffffad]\J[0xffffffb8],[0xffffffce][0xffffff8e][0xffffffe2][0xffffffbd][0xffffff90][0x12]jq[0xfffffff6][0xfffffffd][0x7f][0x15]*%[0xfffffff0][0xffffffc5][0xffffffd9][0xffffffdd]`qv[0x17][0xffffffdb]][0x13][0x1][0xffffffc7][0x16]g[0xfffffff7][0xffffffb0][0xffffffbf][0xffffff95]L[0x9][0xffffff93][0xffffffc5][0xffffffd9][0x12]H&%[0xc][0x16]g[0x7]8[0xffffffb3]S[0xffffffc2]xq[0xffffffb6][0xffffff92]'[0xffffff9b][0x12]~[0xffffff8b][0xffffffb3][0xffffff95]Z[0xffffffb9][0xffffff94]pY[0xffffff9c][0x1d][0xffffffc5]{!%[0xffffffd4][0xffffffe2][0xffffffec]z`[0x1f][0x19][0xffffffef][0xfffffff8][0xffffffe2][0xffffffec]n[0xffffffb0]8[0xffffffbb][0xffffff8b][0xffffffed][0xffffffae][0xffffff89][0xffffff80]c[0xffffff8b][0xffffffb3]{[0xffffffd8][0xffffffdf]J[0xffffffa6][0xffffff84][0xffffffc9][0xffffffe2]l[0x9]$[0xffffff93][0x12][0x6][0xffffff8b][0xffffffb3][0x3][0xffffff9c][0xffffffd9])a[0xffffffbc]8[[0xffffffc9][0xffffff93]M[0x9][0xffffffbf][0xffffffc5][0xffffffd9]J[0xffffffad]\J[0xffffffb8],[0xffffffce][0xffffff8e][0xffffffe2]}=%[0xffffff86]Z[0xffffff9c]]k[0xffffffa7][0xfffffff6]J[0xc]|q[0xfffffff6]0X[0xffffff9c]=[0xffffffc4]v[0xffffffd7]<[0xffffffc0][0x7][0xffffffb6]8{[0xffffff84][0xfffffffd][0xffffffad]`J[0x8][0x14][0xffffff91][0xffffff94][0xffffff90]@")![0xffffffb0]LO[0xffffff89][0x0]grJ[0x4]D[0xffffff8d]RB[0xffffffc9][0x13]M[0x9][0xffffffed]R4%[0xffffff94]Z[0xffffffb1][0xffffff94][0xffffff88][0xffffffa6][0xffffff85]R"[0xffffff8a][0xfffffff7]BJ[0xffffffa8][0xffffffc5][0xffffffd9][0xfffffff5][0xffffffc4][0xffffffb6]][0xe]|q[0xfffffff6]0X[0xffffff9c]=[0xffffffc4]v[0xffffffd7]D[0xffffffc0][0xffffffb1][0xffffffc5][0xffffffd9]#[0xffffffec]o%S[0xffffffc2]dq[0xffffffb6][0x4][0xffffff92]I[0x9][0xffffff83][0xffffffc5][0xffffffd9][0x1][0xffffffce][0xffffffec][0xffffff94]0^[0xffffff9c][0xffffffad][0xffffffe4][0xffffffc9][0xffffffa6][0xffffff84][0xffffffdf][0xffffffe2]l[0xffffffa5]V.%\[0x16]gG[0xfffffff1]^H[0xffffff89][0xffffffa2]Rbb[0x1f][0x19][0x7f];[0xf][0xffffff9c][0x12][0xffffffc5] %J[0xffffffe4]=[0x11][0xfffffff0][0xffffff82][0xffffffa5]DqJ[0xffffff89][0xffffff88]"[0xffffff93][0x12][\n]"
14:21:23.208 [main] DEBUG org.apache.hc.client5.http.wire -- http-outgoing-1 << "H&%"[0xffffff96][0xfffffff9])[0xfffffff1][0xffffffff]3w[0xffffffaf][0xffffffab][0xffffff92][0xffffffeb]h[0x12][0xffffff86][0xffffffef]hH[0xffffffc9][0xffffffb6]l[0xffffffdd][0xffffffff][0xffffff8d][0xffffffcd]:[0xffffffd4]a[0xffffffb7]"rC[0xffffffa9]6[0xffffffdf][0x1b][0xfffffff4][0xffffff8f][0xffffff81][0x1e][0xffffffa8]4M[0x10]<xY[0xffffffa1]5[0xffffff9c][0xffffffd5][0xffffff94]X#[0xffffff9a]D[0x9]S[0xffffff9e],%l[0xffffff97][0xffffffb2][0xffffff94]0[0xffffffd5][0xffffffca]QB[0xffffff9a][0xffffff96][0xffffffa2][0xffffff84][0x14][0xffffffef][0x6]%[0xffffffdc]p[0xfffffff6][0xfffffff1]`[0xffffff97][0xffffff8c][0xf]|8{[0x4][0xc]g[0xf][0xffffffb3][0xffffffee]Z[0x18]pl8{[0xffffffc8]~+I[0xffffff89][0xffffff90][0xffffffe1]l[0x1b]H[0xffffff86][0x12][0x1][0xffffffc3][0xffffffd9][0x12][0xffffffce]jJ[0x4][0xf]g[0xffffffbb][0xfffffff2]d)[0xffffff91]7[0xffffff9c][0xffffffed][0xffffffaa][0xffffff95][0xffffffa3]D[0xffffffca]p[0xffffffb6][0x16][0xffffffef][0x6]%NG[0xffffff89][0xffffffd9][0xffffffb0]?p[0xffffff9c]8%[0xffffffce][0x0]J[0xffffff9c][0xffffff9a][0xfffffff7][0xffffffc2][0xffffff80][0xffffff9f][0x18]%[0xffffffce]$Jh[0x14][0x19]J[0xffffffb8]@2[0xffffff94][0xffffffd0]X[0xffffffd6]Sb[\r]g5%[0xffffffd6][0xffffff88]&Q[0xffffffc2][0xffffff94]'K[0x9][0xffffffdb][0xffffffa5],%"
14:21:23.216 [main] DEBUG org.apache.hc.client5.http.wire -- http-outgoing-1 << "L[0xffffffb5]r[0xffffff94][0xffffff90][0xffffffa6][0xffffffa5](![0xffffffc5][0xffffffbb]A[0x9]7[0xffffff9c]}[0xffffffcc]A[0xffffff9d][0xffffffe0][0x18][0xfffffff8]p[0xfffffff6][0x8][0x18][0xffffffce][0x1e]f[0xffffffdd][0xffffffb5]0[0xffffffe0][0xffffffd8]p[0xfffffff6][0xffffff90][0xfffffffd]V[0xffffff92][0x12]![0xffffffc3][0xffffffd9]6[0xffffff90][0xc]%[0x2][0xffffff86][0xffffffb3]%[0xffffff9c][0xffffffd5][0xffffff94][0x8][0x1e][0xffffffce]v[0xffffffe5][0xffffffc9]R"o8[0xffffffdb]U+G[0xffffff89][0xffffff94][0xffffffe1]l-[0xffffffde][\r]J[0xffffffb8][0xffffffe1][0xffffffec][0xffffffb3][0xffffffbd][0xffffffb0]?p[0xffffffe0][0xffffffc3][0xffffffd9]#`8{[0xffffff98]u[0xffffffd7][0xffffffc2][0xffffff80]c[0xffffffc3][0xffffffd9]C[0xfffffff6][IJ[0xffffff84][0xc]g[0xffffffdb]@2[0xffffff94][0x8][0x18][0xffffffce][0xffffff96]pVS"x8[0xffffffdb][0xffffff95]'K[0xffffff89][0xffffffbc][0xffffffe1]lW[0xffffffad][0x1c]%R[0xffffff86][0xffffffb3][0xffffffb5]x[0xffffffb7]([0xffffffd1][0xffffffc3]([0x1][0xf]g[0xffffff8f][0xffffff80][0xffffffe1][0xffffffec]a[0xffffffd6]]K[0x3][0xe][\r]g[0xf][0xffffffd9]oe)[0x11]1[0xffffff9c]m[0x3]IQ[0x2][0x1f][0xffffffce][0xffffff96]p[0xffffffd6]S"v8[0xffffffdb][0xffffff95]'M[0xffffff89][0xffffffb4][0xffffffe1]lW[0xffffffad]$%2[0xffffff86][0xffffffb3][0xffffffb5]x7([0xffffffe1][0xffffff86][0xffffffb3][0xffffffcf][0xffffffeb][0xffffffa4][0xffffffd6].[0x7]>[0xffffff9c]=[0x2][0xffffff86][0xffffffb3][0xffffff87]Yw-[0xc]86[0xffffff9c]=d[0xffffffbf][0xffffff95][0xffffffa4]D[0xffffffc8]p[0xffffffb6][\r]$C[0xffffff89][0xffffff80][0xffffffe1]l[0x9]g5%[0xffffff82][0xffffff87][0xffffffb3]]y[0xffffffb2][0xffffff94][0xffffffc8][0x1b][0xffffffce]v[0xffffffd5][0xffffffca]Q"e8[[0xffffff8b]w[0xffffff8b][0x12][0xffffffe6][0xffffffad][0x4]J[0x9][0xfffffffa][0xffffffad][0xffffffc4][0x1d][0xfffffff0]V[0xffffffe2]V:[0xffffff97][0x6][0xffffff9c]z+q'[0xffffffbd][0xffffff95][0xffffffd0](R[0xffffff94]Hy+[0xffffffa1][0xffffffb1]$([0xffffffc1][0xffffffbe][0xffffff95]X#[0xffffff9a]E[0xffffff89][0xffffffb0][0xffffffb7][0x12][0xffffffb6]KiJ[0x4][0xffffffbd][0xffffff95][0xffffff90][0xffffffa6][0xffffffe5]([0xfffffff1]_[0xffffffbc][0xffffff95]x[0xffffffc2]([0xfffffff1][0xffffffe0][0xffffff94]x[0x2]([0xfffffff1][0xffffffa0][0xffffff94]x0J<I[0xffffff94]X[0xffffffa3]HQB[0x3]IQb[0xffffff8d]%A[0xffffff89][0x7][0xffffffa6][0xffffffc4][0x13]L[0x9])O[0xffffff9a][0x12][0xffffffa6]KiJH[0xffffffb5][0xffffff92][0xffffff94]xR([0xfffffff1][0xfffffffc][0x7][0xffffff94][0xffffffe8]3[0xffffffcc][0x12]}[0xffffffe2][0xffffff98][0xfffffff8]x[0x4]^[0x13]?[0x1e][0xffffff82][0xffffffe2][0xffffffc4][0xffffffc7][0xffffffcf]S[0xffffff9e][0xfffffff8][0xfffffffe][0xffffffe9][0x14]PH[0x1e])Q[0xffffff98]TR[0xffffffa4][0xffffff90]l[0x12][0xffffffa6]X[0x12]Z[0xffffff8f][0xffffff8a]%[0xffffffa7]Y[0xffffffaa][0xffffffd0][0x1a][0xffffffa5]Y[0xffffffe1]Z[0xffffff95]v[0xffffff85][0xffffff96],[0x9][0xffffff8b][0xffffffb5]s9Y[0xffffffac][0x15][0xffffffbc]E[0xffffff8b]3[0xffffff8d][0x16]'O[0xffffff8b]3[0xffffff81][0x16]'K[0xffffff8b][0xffffff93][0xffffffa3][0xffffffc5][0x19]E[0xb][0xffffffc9]#E[0xb][0xffffff93]J[0xffffff8a][0x16][0xffffff92]M[0xffffff82][0x16]'M[0xffffff8b]3[0xffffff99][0x16]Z[0xffffffa3]4-\[0xffffffab][0xffffffd2][0xffffffb4][0xffffffd0][0xffffff92]%i[0xffffffb1]v.G[0xffffff8b][0xffffffb5][0xffffff82][0xffffffb7]h1[0xffffffd2][0xffffffbe][0xffffffcb][0x1c][0xfffffffc][0xffffff87][0xffffff99][0x1f][0xffffff8f][0xffffffc0][0xffffffd3][0xffffffe2][0xffffffc7]CP[0xffffffb4][0x18][0xffffffdc][0xffffffb7][0xffffff99]#[0xffffffea][0xffffffe3]L[0xffffffc9]#E[0xb][0xffffff93]J[0xffffff8a][0x16][0xffffff92]M[0xffffff82][0x16][0xffffff83][0xfffffffe]@s$[0x7f][0xffffffa1][0xffffffa9]5J[0xffffffd3][0xffffffc2][0xffffffb5]*M[0xb]-Y[0xffffff92][0x16]k[0xffffffe7]r[0xffffffb4]X+x[0xffffff8b][0x16]w[0xffffffda][0xffffffc7][0x15]7[0xffffffff]u[0xffffffc5][0xffffff9d][0xfffffff0]y[0xffffffc5][0xffffffcd]~_qs[0x1f]X[0xffffffdc]Q_XH[0x1e])Z[0xffffff98]TR[0xffffffb4][0xffffff90]l[0x12][0xffffffb4][0xffffffb8][0xffffffe9][0xffffffaf],[0xffffffee][0xffffffe4][0xffffffcf],[0xffffffb4]FiZ[0xffffffb8]V[0xffffffa5]i[0xffffffa1]%K[0xffffffd2]b[0xffffffed]\[0xffffff8e][0x16]k[0x5]o[0xffffffd1]b[0xffffffb6]0Z[0xffffffcc][0xffffff86][0xffffffd3][0xffffffe2][0xffffffe3][0x11]xZ[0xfffffffc]x[0x8][0xffffff8a][0x16][0x1f]?O[0xffffffd1][0xffffffe2][0xfffffffb][0xffffffa7]Sh!y[0xffffffa4]haRI[0xffffffd1]B[0xffffffb2]I[0xffffffd0]bIh=-[0xffffff96][0xffffff9c]f[0xffffffd1]Bk[0xffffff94][0xffffffa6][0xffffff85]kU[0xffffff9a][0x16]Z[0xffffffb2]$-[0xffffffd6][0xffffffce][0xffffffe5]h[0xffffffb1]V[0xfffffff0][0x16]-[0xffffffda]u[0xffffff85][0xffffffd9][0xffffffe2][0xffffffe3][0xffffff89]p\|>[0x3][0xffffffaf][0xffffff8b][0xffffff9f]OA[0xfffffff1][0xffffffe2][0xfffffff3][0xfffffff7])_[0xfffffffc][0xfffffff8][0xffffffed][0x14]`h()a[0xffffffb8]hR[0xffffffc4][0xffffffd0][0xffffff80][0x12][0xffffffc6]XcZ[0xffffff8f][0xffffff8c]5[0xffffffac]Y[0xffffffca]0[0xffffff85]J3[0xffffffc3][0xfffffff6]+[0xffffffed][0xc]S[0xffffffb7]$4[0xffffffa4]}9iH[0x19]oQ[0xffffffa3][0xffffffbf][0xffffffd2]^c|<[0x11]N[0xffffff8d][0xffffffcf]g[0xffffffe0][0xffffffa9][0xfffffff1][0xfffffff3])(j|[0xfffffffe]>E[0xffffff8d][0x1f][0xffffffbf][0xffffff9d]B[\r][\r]%E[\r][0x17]M[0xffffff8a][0x1a][0x1a]P[0xffffff82][0x1a]kL[0xffffffeb][0xffffffa9][0xffffffb1][0xffffff86]5[0xffffff8b][0x1a][0xffffffa6]Pij[0xffffffd8]~[0xffffffa5][0xffffffa9]a[0xffffffea][0xffffff96][0xffffffa4][0xffffff86][0xffffffb4]/G[\r])[0xffffffe3]Mj[0xffffffdc]q[0xffffffd4][0xffffffb8][0x3][0xffffffa8]qGP[0xffffffe3][0xffffff86][0xffffffa9]q[0xffffff83][0xffffffd4][0xffffffb8][0xffffffb3][0xffffffa8][0xffffffb1][0xffffff86][0xffffff92][0xffffffa3][0xffffff86]F[0xffffff93][0xffffffa3][0xffffffc6][0x1a]P[0xffffff86][0x1a]7N[0xffffff8d];[0xffffff9a][0x1a]R[0xffffffa8]<5L[0xffffffbf][0xfffffff2][0xffffffd4][0xffffff90][0xffffffba]e[0xffffffa9]q[0xffffffe7]P[0xffffffe3][0xffffffde][0xffffffa7][0xffffffc6][0xfffffff5][0xfffffffd][0xffffffaf]<f[0xffffffe8][0xfffffffb]:[0xffffffae]V[0xe][0xffffff8d][0xffffffdf][0xffffffcf]C1[0xffffffe3][0x1f]O[0xffffff80]!cy[0xffffff86]bb[0xfffffffc][0xffffffe3][0xffffffd7][0xffffff8b][0xffffff81][0xfffffff1][0xffffffbf][0xffffffbf][0xc][0xfffffff3][0xffffffe2]m[0x14][0xffffff8b]q[0xfffffff1]/[0xffffff81],[0xffffffa6][0xffffffc5][0xffffffdb]X[0x16][0xffffffc2][0xffffffe2]M8[0xffffffcb]X[0xfffffff1]&[0xffffffa2][0x11][0xffffffa8]x_[0xffffff9e][0x10])[0xfffffffe][0xffffffad]K!P[0xffffffbc][0xffffffaf]V[0xffffff80][0x13][0xffffffef][0xffffff9a][0xffffffb6][0x1c][0x13][0xffffffef][0xffffff8a]w[0xffffff8b][0x12]=[0xffffff8c][0x12][0xffffffd8][0xffffffd0][0xfffffff7]?[0xffffff9e][0xffffff80][0xffffffa7][0x4]2[0xfffffff4][0xfffffffd][0xffffff8f]_[0xffffffa7]([0xffffff91]0[0xfffffff4][0xfffffffd]6[0xffffff8a][0x14]%[0xfffffff0][0xffffffa1][0xffffffef][0xffffffb7][0xffffffb1]$([0x1][\r]}[0xffffffbf][0xffffff89]h[0x16]%R[0xffffff86][0xffffffbe][0xffffffff][0xffffffad]KiJ$[0xc]}[0xffffffbf]kZ[0xffffff8e][0x12][0x7f]1[0xfffffff4][0xfffffffd][0xffffffe3][0xffffffdf][0xffffff98][0xffffffee][0xffffffad][0xffffffc4]u`[0xffffff94][0xffffff98][0xfffffff8][[0xffffff89][0x19][0xfffffff0]Vb*[0xffffff9d][0xb][0x3]>[0xffffffb1][0xffffffb7][0x12]3[0xffffffe9][0xffffffad][0xffffff84]F[0xffffff91][0xffffffa1][0xffffff84][0xb]$C[0x9][0xffffff8d]e=%[0xffffffd6]pVSb[0xffffff8d]h[0x12]%Ly[0xffffffb2][0xffffff94][0xffffffb0]][0xffffffca]R[0xffffffc2]T+G[0x9]iZ[0xffffff8a][0x12]R[0xffffffbc][0x7f]N[0xffffff89][0xfffffffb][0xffffffe5](1[0xffffffef][0x9]Q[0xffffffe2][0xfffffff3]yXJ|=[0x1]L[0xffffff89]_[0xffffffcf][0xffffff80]P[0xffffffe2][0xffffffeb][0xffffffd7][0x11]J[0xfffffffc][0xfffffffc][0xffffffe5][0x8]J[0xffffff98]("[0xffffff94][0xffffffb0][0xffffff81]D(abYN[0x9][0x9]g1%$[0xffffffa2]A[0xffffff94]p[0xffffffe5][0xffffff89]R[0xffffffc2]w)J[0x9]W[0xffffffad][0x18]%[0xffffffb4]i!Jh[0xfffffff1]nP[0xffffffa2][0x19]J[0xffffff8c]6[0x1e][0xffffff8a][0x12][\r][0xffffffa7]D[0xb][0xffffffa0]D[0xffffffd3][0xffffffbc][0x17][0x6][0xffffffbc]a[0xffffff94]hI[0xffffff94][0xffffffd0](2[0xffffff94]p[0xffffff81]d([0xffffffa1][0xffffffb1][0xffffffac][0xffffffa7][0xffffffc4][0x1a][0xffffffce]jJ[0xffffffac][0x11]M[0xffffffa2][0xffffff84])O[0xffffff96][0x12][0xffffffb6]KYJ[0xffffff98]j[0xffffffe5](!MKQB[0xffffff8a]w[0xffffff83][0x12][0xffffffdd]Qb[0xffffff9c]'E[0xffffff89][0xffffff8e]S[0xffffffa2][0x7]P[0xffffffa2]k[0xffffffde][0xb][0x3][0xffffffde]1J[0xfffffff4]$Jh[0x14][0x19]J[0xffffffb8]@2[0xffffff94][0xffffffd0]X[0xffffffd6]Sb[\r]g5%[0xffffffd6][0xffffff88]&Q[0xffffffc2][0xffffff94]'K[0x9][0xffffffdb][0xffffffa5],%L[0xffffffb5]r[0xffffff94][0xffffff90][0xffffffa6][0xffffffa5](![0xffffffc5][0xffffffbb]A[0xffffff89][0xffffffc3]Q[0xffffffe2]9[0x7]E[0xffffff89][0x3][0xffffffa7][0xffffffc4][0x11]@[0xffffff89]C[0xfffffff3]^[0x18][0xfffffff0][0x3][0xffffffa3][0xffffffc4][0xffffff91]D[0x9][0xffffff8d]"C[0x9][0x17]H[0xffffff86][0x12][0x1a][0xffffffcb]zJ[0xffffffac][0xffffffe1][0xffffffac][0xffffffa6][0xffffffc4][0x1a][0xffffffd1]$J[0xffffff98][0xfffffff2]d)a[0xffffffbb][0xffffff94][0xffffffa5][0xffffff84][0xffffffa9]V[0xffffff8e][0x12][0xffffffd2][0xffffffb4][0x14]%[0xffffffa4]x7(q[0x1a]J[0xffffffdc][0xfffffffd][0xfffffff5][0xffffffa2](q[0xffffffe2][0xffffff94]8[0x3](qj[0xffffffde][0xb][0x3]~b[0xffffff94]8[0xffffff93]([0xffffffa1]Qd([0xffffffe1][0x2][0xffffffc9]PBcYO[0xffffff89]5[0xffffff9c][0xffffffd5][0xffffff94]X#[0xffffff9a]D[0x9]S[0xffffff9e],%l[0xffffff97][0xffffffb2][0xffffff94]0[0xffffffd5][0xffffffca]QB[0xffffff9a][0xffffff96][0xffffffa2][0xffffff84][0x14][0xffffffef][0x6]%.K[0xffffff89][0xffffff81][0xffffffbd][0xffffff95][0xffffffb8]pJ\[0x1][0xffffff94][0xffffffb8]4[0xffffffef][0xffffff85][0x1][0xffffffbf]0J\I[0xffffff94][0xffffffd0](2[0xffffff94]p[0xffffff81]d([0xffffffa1][0xffffffb1][0xffffffac][0xffffffa7][0xffffffc4][0x1a][0xffffffce]jJ[0xffffffac][0x11]M[0xffffffa2][0xffffff84])O[0xffffff96][0x12][0xffffffb6]KYJ[0xffffff98]j[0xffffffe5](!MKQB[0xffffff8a]w[0xffffff83][0x12][0xffffffc3]Q[0xffffffe2][0xffffffe8][0xffffffd8][0x9][0xffffff8e][0xffffff81]Sb[0x4]Pbh[0xffffffde][0xb][0x3]>0J[0xffffff8c]$Jh[0x14][0x19]J[0xffffffb8]@2[0xffffff94][0xffffffd0]X[0xffffffd6]Sb[\r]g5%[0xffffffd6][0xffffff88]&Q[0xffffffc2][0xffffff94]'K[0x9][0xffffffdb][0xffffffa5],%L[0xffffffb5]r[0xffffff94][0xffffff90][0xffffffa6][0xffffffa5](![0xffffffc5][0xffffffbb]A[0xffffff89][0xffffffdb]R[0xffffffe2][0xffffffee][0x14]%n[0xffffff9c][0x12]w[0x0]%n[0xffffffcd]{a[0xffffffc0]o[0xffffff8c][0x12]w[0x12]%4[0xffffff8a][0xc]%\ [0x19]Jh,[0xffffffeb])[0xffffffb1][0xffffff86][0xffffffb3][0xffffff9a][0x12]kD[0xffffff93](a[0xffffffca][0xffffff93][0xffffffa5][0xffffff84][0xffffffed]R[0xffffff96][0x12][0xffffffa6]Z9JH[0xffffffd3]R[0xffffff94][0xffffff90][0xffffffe2][0xffffffdd][0xffffffa0][0xffffff84][0x1b][0xffffffce][0xffffffbe][0xffffffcf][0x3][0xffffffa3][0x4]>[0xffffff9c]}[0x7][0xc]g[0xffffffdf]f[0xffffffdd][0xffffffb5]0[0xffffffe0][0xffffffd8]p[0xfffffff6]-[0xfffffffb][0xffffffad]$%B[0xffffff86][0xffffffb3]m [0x19]J[0x4][0xc]gK8[0xffffffab])[0x11]<[0xffffff9c][0xffffffed][0xffffffca][0xffffff93][0xffffffa5]D[0xffffffde]p[0xffffffb6][0xffffffab]V[0xffffff8e][0x12])[0xffffffc3][0xffffffd9]Z[0xffffffbc][0x1b][0xffffff94]pk[0xffffff97][0xfffffff7][0xfffffff5][0xfffffff5][0xffffff98][0x8]%[0xfffffff0][0xffffffb5][0xffffffcb];`[0xffffffed][0xfffffff2]6[0xffffff93]l[0xffffff85][0x1][0xffffffc7][0xffffffd6].o[0x19]]#)[0x11][0xffffffb2]vi[0x3][0xffffffc9]P"`[0xffffffed]R[0xffffffc2]YM[0xffffff89][0xffffffe0][0xffffffb5]KW[0xffffff9e],%[0xfffffff2][0xffffffd6].][0xffffffb5]r[0xffffff94]HY[0xffffffbb][0xffffffd4][0xffffffe2][0xffffffdd][0xffffffa2][0xffffffc4][0x11]F[0xffffff89][0x3][0xffffffa7][0xffffffc4][0x11]@[0xffffff89][0x3][0xffffffa5][0xffffffc4][0xffffff81]Q[0xffffffe2]H[0xffffffa2][0xffffffc4][0x1a]E[0xffffff8a][0x12][0x1a]H[0xffffff8a][0x12]k,[0x9]J[0x1c]0%[0xffffff8e]`JHy[0xffffffd2][0xffffff94]0]JSB[0xffffffaa][0xffffff95][0xffffffa4][0xffffffc4][0xffffff91]B[0xffffff89][0xffffffe3]o)[0xfffffff1][0xffffffb8][0xffffffb5][0xffffffcb][0xffffffe7][0xffffff9c][0x7]D[0xffffff89][0x7]_[0xffffffbb]|[0x2][0xffffffd6].[0x1f]3[0xffffffc9]V[0x17][0xfffffff0][0x7][[0xffffffbb]|dt[\r][0xffffffa4][0xffffff84][0xffffff89]"B[0x9][0x1b]H[0xffffff84][0x12]&[0xffffff96][0xffffffe5][0xffffff94][0xffffff90]p[0x16]SB"[0x1a]D[0x9]W[0xffffff9e](%|[0xffffff97][0xffffffa2][0xffffff94]p[0xffffffd5][0xffffff8a]QB[0xffffff9b][0x16][0xffffffa2][0xffffff84][0x16][0xffffffef][0x6]%[0xffffffdc][0xffffffda][0xffffffe5]3[0x1e][0xffffff8c][0x12][0xfffffff8][0xffffffda][0xffffffe5][0x13][0xffffffb0]v[0xfffffff9][0xffffff98]I[0xffffffb6][0xffffffc2][0xffffff80]ck[0xffffff97][0xffffff8f][0xffffff8c][0xffffffae][0xffffff91][0xffffff94][0x8]Y[0xffffffbb][0xffffffb4][0xffffff81]d([0x11][0xffffffb0]v)[0xffffffe1][0xffffffac][0xffffffa6]D[0xfffffff0][0xffffffda][0xffffffa5]+O[0xffffff96][0x12]yk[0xffffff97][0xffffffae]Z9J[0xffffffa4][0xffffffac]]j[0xfffffff1]nP[0xffffffc2][0xffffffad]]]]><![CDATA[>[0xfffffff3]E[0xffffffdd][0xc][0xfffffffa][0xffffffe0]k[0xffffff97]O[0xffffffc0][0xffffffda][0xffffffe5]c&[0xffffffd9][\n]"
14:21:23.216 [main] DEBUG org.apache.hc.client5.http.wire -- http-outgoing-1 << "[0x3][0xffffff8e][0xffffffad]]]]><![CDATA[>2[0xffffffba]FR"d[0xffffffed][0xffffffd2][0x6][0xffffff92][0xffffffa1]D[0xffffffc0][0xffffffda][0xffffffa5][0xffffff84][0xffffffb3][0xffffff9a][0x12][0xffffffc1]k[0xffffff97][0xffffffae]<YJ[0xffffffe4][0xffffffad]][0xffffffba]j[0xffffffe5]([0xffffff91][0xffffffb2]v[0xffffffa9][0xffffffc5][0xffffffbb]A[0x9][0xffffffb7]v9[0xfffffffb][0xffffff89][0xffffffbd][0xffffff95][0xffffffc0][0xffffffd7].[0xffffff9f][0xffffff80][0xffffffb5][0xffffffcb][0xffffffc7]L[0xffffffb2][0x15][0x6][0x1c][[0xffffffbb]|dt[0xffffff8d][0xffffffa4]D[0xffffffc8][0xffffffda][0xffffffa5][\r]$C[0xffffff89][0xffffff80][0xffffffb5]K[0x9]g5%[0xffffff82][0xffffffd7].]y[0xffffffb2][0xffffff94][0xffffffc8][[0xffffffbb]t[0xffffffd5][0xffffffca]Q"e[0xffffffed]R[0xffffff8b]w[0xffffff83][0x12][0xffffff97][0xffffffa3][0xffffffc4]5[0xffffffa8][0xffffff89][0xffffffaa][0xffffffcf][0xffffffe7][0xffffff81])q[0x5]P[0xffffffe2][0xffffffd2][0xffffffbc][0x17][0x6][0xfffffffc][0xffffffc2](q%QB[0xffffffa3][0xffffffc8]P[0xffffffc2][0x5][0xffffff92][0xffffffa1][0xffffff84][0xffffffc6][0xffffffb2][0xffffff9e][0x12]k8[0xffffffab])[0xffffffb1]F4[0xffffff89][0x12][0xffffffa6]<YJ[0xffffffd8].e)a[0xffffffaa][0xffffff95][0xffffffa3][0xffffff84]4-E[0x9])[0xffffffde][\r]J[0xffffffb8][0xffffffb5][0xffffffcb]9[0xffffffe7]MQ[0x2]_[0xffffffbb]|[0x2][0xffffffd6].[0x1f]3[0xffffffc9]V[0x18]pl[0xffffffed][0xfffffff2][0xffffff91][0xffffffd1]5[0xffffff92][0x12]!k[0xffffff97]6[0xffffff90][0xc]%[0x2][0xffffffd6].%[0xffffff9c][0xffffffd5][0xffffff94][0x8]^[0xffffffbb]t[0xffffffe5][0xffffffc9]R"o[0xffffffed][0xffffffd2]U+G[0xffffff89][0xffffff94][0xffffffb5]K-[0xffffffde][\r]J[0xffffff98][0xffffffb5][0xffffffcb][0xffffffe7][0xffffffd5][0xe][0xffffffec][0xf][0x1c][0xfffffff8][0xffffffda][0xffffffe5][0x13][0xffffffb0]v[0xfffffff9][0xffffff98]I[0xffffffb6][0xffffffc2][0xffffff80]ck[0xffffff97][0xffffff8f][0xffffff8c][0xffffffae][0xffffff91][0xffffff94][0x8]Y[0xffffffbb][0xffffffb4][0xffffff81]d([0x11][0xffffffb0]v)[0xffffffe1][0xffffffac][0xffffffa6]D[0xfffffff0][0xffffffda][0xffffffa5]+O[0xffffff96][0x12]yk[0xffffff97][0xffffffae]Z9J[0xffffffa4][0xffffffac]]j[0xfffffff1]nP[0xffffffc2][0xffffffac]]]]><![CDATA[>[0xffffffaf][0xfffffff3]|(J[0xffffffe0]k[0xffffff97]O[0xffffffc0][0xffffffda][0xffffffe5]c&[0xffffffd9][\n]"
14:21:23.216 [main] DEBUG org.apache.hc.client5.http.wire -- http-outgoing-1 << "[0x3][0xffffff8e][0xffffffad]]]]><![CDATA[>2[0xffffffba]FR"d[0xffffffed][0xffffffd2][0x6][0xffffff92][0xffffffa1]D[0xffffffc0][0xffffffda][0xffffffa5][0xffffff84][0xffffffb3][0xffffff9a][0x12][0xffffffc1]k[0xffffff97][0xffffffae]<YJ[0xffffffe4][0xffffffad]][0xffffffba]j[0xffffffe5]([0xffffff91][0xffffffb2]v[0xffffffa9][0xffffffc5][0xffffffbb]A[0x9][0xffffffb3]v[0xfffffff9][0xffffffbc][0xffffffae][0xffffff8e][0xffffff9d][0xffffffe0][0xffffffc0][0xffffffd7].[0xffffff9f][0xffffff80][0xffffffb5][0xffffffcb][0xffffffc7]L[0xffffffb2][0x15][0x6][0x1c][[0xffffffbb]|dt[0xffffff8d][0xffffffa4]D[0xffffffc8][0xffffffda][0xffffffa5][\r]$C[0xffffff89][0xffffff80][0xffffffb5]K[0x9]g5%[0xffffff82][0xffffffd7].]y[0xffffffb2][0xffffff94][0xffffffc8][[0xffffffbb]t[0xffffffd5][0xffffffca]Q"e[0xffffffed]R[0xffffff8b][0xfffffff7][0xffffffcf])1_[0xffffff96][0x12][0xffffffa3]C[0xffffff94][0xfffffff8]|[0x1e][0xffffff96][0x12]_O[0x0]S[0xffffffe2][0xffffffd7]3 [0xffffff94][0xfffffff8][0xfffffffa]u[0xffffff84][0x12]?[0x7f]9[0xffffff82][0x12]&[0xffffff8a][0x8]%l [0x11]J[0xffffff98]X[0xffffff96]SB[0xffffffc2]YL[0x9][0xffffff89]h[0x10]%\y[0xffffffa2][0xffffff94][0xfffffff0]][0xffffff8a]R[0xffffffc2]U+F[0x9]mZ[0xffffff88][0x12]Z[0xffffffbc][0x1b][0xffffff94]0k[0xffffff97][0x1f][0xffffff94][0xffffff98]'E[0x9]|[0xffffffed]r[0x6][0xffffffac]]N3[0xffffffc9]V[0x18]pl[0xffffffed]r[0xffffffca][0xffffffe8][0x1a]I[0xffffff89][0xffffff90][0xffffffb5]K[0x1b]H[0xffffff86][0x12][0x1]k[0xffffff97][0x12][0xffffffce]jJ[0x4][0xffffffaf]][0xffffffba][0xfffffff2]d)[0xffffff91][0xffffffb7]v[0xffffffe9][0xffffffaa][0xffffff95][0xffffffa3]D[0xffffffca][0xffffffda][0xffffffa5][0x16][0xffffffef][0x6]%[0xffffffcc][0xffffffda][0xffffffe5][0xfffffff3][0x1a][0xffffffd8]g[0xffffff97][0x13]_[0xffffffbb][0xffffff9c][0x1]k[0xffffff97][0xffffffd3]L[0xffffffb2][0x15][0x6][0x1c][[0xffffffbb][0xffffff9c]2[0xffffffba]FR"d[0xffffffed][0xffffffd2][0x6][0xffffff92][0xffffffa1]D[0xffffffc0][0xffffffda][0xffffffa5][0xffffff84][0xffffffb3][0xffffff9a][0x12][0xffffffc1]k[0xffffff97][0xffffffae]<YJ[0xffffffe4][0xffffffad]][0xffffffba]j[0xffffffe5]([0xffffff91][0xffffffb2]v[0xffffffa9][0xffffffc5][0xffffffbb]A[0x9][0xffffffb3]v[0xfffffff9]A[0x9][0xffffffec]0[0xffffffe8][0xffffffc4][0xffffffd7].g[0xffffffc0][0xffffffda][0xffffffe5]4[0xffffff93]l[0xffffff85][0x1][0xffffffc7][0xffffffd6].[0xffffffa7][0xffffff8c][0xffffffae][0xffffff91][0xffffff94][0x8]Y[0xffffffbb][0xffffffb4][0xffffff81]d([0x11][0xffffffb0]v)[0xffffffe1][0xffffffac][0xffffffa6]D[0xfffffff0][0xffffffda][0xffffffa5]+O[0xffffff96][0x12]yk[0xffffff97][0xffffffae]Z9J[0xffffffa4][0xffffffac]]j[0xfffffff1]nP[0xffffffc2][0xffffffac]]]]><![CDATA[>[0xffffffaf]yb[0xffffff94][0xffffffc0][0xffffffd7].g[0xffffffc0][0xffffffda][0xffffffe5]4[0xffffff93]l[0xffffff85][0x1][0xffffffc7][0xffffffd6].[0xffffffa7][0xffffff8c][0xffffffae][0xffffff91][0xffffff94][0x8]Y[0xffffffbb][0xffffffb4][0xffffff81]d([0x11][0xffffffb0]v)[0xffffffe1][0xffffffac][0xffffffa6]D[0xfffffff0][0xffffffda][0xffffffa5]+O[0xffffff96][0x12]yk[0xffffff97][0xffffffae]Z9J[0xffffffa4][0xffffffac]]j[0xfffffff1]nP[0xffffffe2]2[0xffffff94]h[0xffffffed]5(J\8%[0xffffffae][0x0]J\[0xffffff9a][0xfffffff7][0xffffffc2][0xffffff80]_[0x18]%[0xffffffae]$Jh[0x14][0x19]J[0xffffffb8]@2[0xffffff94][0xffffffd0]X[0xffffffd6]Sb[\r]g5%[0xffffffd6][0xffffff88]&Q[0xffffffc2][0xffffff94]'K[0x9][0xffffffdb][0xffffffa5],%L[0xffffffb5]r[0xffffff94][0xffffff90][0xffffffa6][0xffffffa5](![0xffffffc5][0xffffffbb]A[0x9][0xffffffb3]v[0xfffffff9][0xffffffb4]kR[0xffffff87]A'[0xffffffbe]v9[0x3][0xffffffd6].[0xffffffa7][0xffffff99]d+[0xc]8[0xffffffb6]v9et[0xffffff8d][0xffffffa4]D[0xffffffc8][0xffffffda][0xffffffa5][\r]$C[0xffffff89][0xffffff80][0xffffffb5]K[0x9]g5%[0xffffff82][0xffffffd7].]y[0xffffffb2][0xffffff94][0xffffffc8][[0xffffffbb]t[0xffffffd5][0xffffffca]Q"e[0xffffffed]R[0xffffff8b]w[0xffffff8b][0x12]G[0x18]%[0xe][0xffffff9c][0x12]G[0x0]%[0xe][0xffffff94][0x12][0x7]F[0xffffff89]#[0xffffff89][0x12]k[0x14])Jh )J[0xffffffac][0xffffffb1]$(q[0xffffffc0][0xffffff94]8[0xffffff82])![0xffffffe5]IS[0xffffffc2]t)M[0x9][0xffffffa9]V[0xffffff92][0x12]G[\n]"
14:21:23.216 [main] DEBUG org.apache.hc.client5.http.wire -- http-outgoing-1 << "%[0xffffff8e][0xffffffbf][0xffffffa6][0xffffff84][0x1b][0xffffffce]n[0xfffffff7][0xffffff85][0xfffffffd][0xffffff81][0x3][0x1f][0xffffffce][0xffffff9e][0x1][0xffffffc3][0xffffffd9][0xffffffd3][0xffffffac][0xffffffbb][0x16][0x6][0x1c][0x1b][0xffffffce][0xffffff9e][0xffffffb2][0xffffffdf]JR"d8[0xffffffdb][0x6][0xffffff92][0xffffffa1]D[0xffffffc0]p[0xffffffb6][0xffffff84][0xffffffb3][0xffffff9a][0x12][0xffffffc1][0xffffffc3][0xffffffd9][0xffffffae]<YJ[0xffffffe4][\r]g[0xffffffbb]j[0xffffffe5]([0xffffff91]2[0xffffff9c][0xffffffad][0xffffffc5][0xffffffbb]A[0x9]7[0xffffff9c][0xffffffdd]{[0xffffffc7][0xe][0xffffff83][0xffffffe2][0xffffffc3][0xffffffd9]3`8{[0xffffff9a]u[0xffffffd7][0xffffffc2][0xffffff80]c[0xffffffc3][0xffffffd9]S[0xfffffff6][IJ[0xffffff84][0xc]g[0xffffffdb]@2[0xffffff94][0x8][0x18][0xffffffce][0xffffff96]pVS"x8[0xffffffdb][0xffffff95]'K[0xffffff89][0xffffffbc][0xffffffe1]lW[0xffffffad][0x1c]%R[0xffffff86][0xffffffb3][0xffffffb5]x7([0xffffffe1][0xffffff86][0xffffffb3][0xfffffffb][0xffffffd9][0xffffffb0][0xffffffb7][0x12][0xfffffff8]p[0xfffffff6][0xc][0x18][0xffffffce][0xffffff9e]f[0xffffffdd][0xffffffb5]0[0xffffffe0][0xffffffd8]p[0xfffffff6][0xffffff94][0xfffffffd]V[0xffffff92][0x12]![0xffffffc3][0xffffffd9]6[0xffffff90][0xc]%[0x2][0xffffff86][0xffffffb3]%[0xffffff9c][0xffffffd5][0xffffff94][0x8][0x1e][0xffffffce]v[0xffffffe5][0xffffffc9]R"o8[0xffffffdb]U+G[0xffffff89][0xffffff94][0xffffffe1]l-[0xffffffde]?[0xffffffa6][0xffffffc4][0xfffffff9]r[0xffffffc3][0xffffffd9][0xfffffffd]y:C[0xffffff89][0xffffffaf][0xffffffe7]A)[0xfffffff1][0xfffffffd][0x4],%~?[0x3]A[0xffffff89][0xffffffef]_'([0xfffffff1][0xffffffeb][0xffffff97][0x13]([0xffffffe1][0xffffffa2]HP[0xffffffc2][0x7][0xffffff92][0xffffffa0][0xffffff84][0xffffff8b]e5%4[0xffffff9c][0xffffffb5][0xffffff94][0xffffffd0][0xffffff88][0xffffffe6]P[0xffffffc2][0xffffff96]'I[0xffffff89]7]JR[0xffffffc2]V+E[0x9][0xffffffd3][0xffffffb4][0xc]%L[0xfffffff1]nP[0xffffffc2][\r]g[0x1f][0xffffffaf][0xe][0xffffffed]J|=[0xf]L[0x9]~8[0xfffffffb][0xfffffff7]30[0xffffff94][0xffffffa0][0xffffff86][0xffffffb3][0x7f][0xfffffffd]r[0x6]%2[0xffffff86][0xffffffb3]} [0x19]J[0xfffffff0][0xffffffc3][0xffffffd9][0x1a][0xffffffce]jJ[0xffffffe4][0xe]g[0xffffffdb][0xfffffff2]d)[0x11]7[0xffffff9c]m[0xffffffab][0xffffff95][0xffffffa3]D[0xffffffc8]p[0xffffffb6])[0xffffffde][\r]J[0xffffffb8][0xffffffe1][0xffffffec][0xffffffe3][0xffffffbc][0xffffffa1][0x13][0x1c]_[0xffffffcf][0x3]S[0xffffff82][0x1f][0xffffffce][0xfffffffe][0xfffffffd][0xc][0xc]%[0xffffffa8][0xffffffe1][0xffffffec]_[0xffffffbf][0xffffff9c]A[0xffffff89][0xffffff8c][0xffffffe1]l[0x1f]H[0xffffff86][0x12][0xfffffffc]p[0xffffffb6][0xffffff86][0xffffffb3][0xffffff9a][0x12][0xffffffb9][0xffffffc3][0xffffffd9][0xffffffb6]<YJ[0xffffffc4][\r]g[0xffffffdb]j[0xffffffe5]([0x11]2[0xffffff9c]m[0xffffff8a]w[0xffffff83][0x12]n8[0xfffffffb][0xffffffb8][0xffffffee][0xffffff93][0xffffffa2][0x4]=[0xffffff9c][0xfffffffd][0xfffffffd][0x4]4%[0xffffffc8][0xffffffe1][0xffffffec][0xffffffef]_g([0x11]4[0xffffff9c][0xffffffed][0xffffffa2][0xffffffc8]P"e8[0xffffffdb][0xffffffc5][0xffffffb2][0xffffff9e][0x12][0xffffffec]p[0xffffffb6]F4[0xffffff89][0x12]a[0xffffffc3][0xffffffd9]o[0xffffffba][0xffffff94][0xffffffa5]D[0xffffffd0]p[0xffffffb6]iZ[0xffffff8a][0x12][0x7f]?[0xffffff9c]}[0xffffffbe][0xffffffdc]p[0xfffffff6]1^[0xffffff93][0xffffffa2][0x4]=[0xffffff9c][0xfffffffd][0xfffffffd][0x4]4%[0xffffffc8][0xffffffe1][0xffffffec][0xffffffef]_g([0x11]4[0xffffff9c][0xffffffed][0xffffffa2][0xffffffc8]P"e8[0xffffffdb][0xffffffc5][0xffffffb2][0xffffff9e][0x12][0xffffffec]p[0xffffffb6]F4[0xffffff89][0x12]a[0xffffffc3][0xffffffd9]o[0xffffffba][0xffffff94][0xffffffa5]D[0xffffffd0]p[0xffffffb6]iZ[0xffffff8a][0x12][0x7f]?[0xffffff9c]}[0xffffffbe].K[0xffffff89][0xfffffff6][0xffffffa2](q[0xffffffe1][0xffffff94][0xffffffb8][0x2](qi[0xffffffde][0xb][0x3]~a[0xffffff94][0xffffffb8][0xffffff92]([0xffffffa1]Qd([0xffffffe1][0x2][0xffffffc9]PBcYO[0xffffff89]5[0xffffff9c][0xffffffd5][0xffffff94]X#[0xffffff9a]D[0x9]S[0xffffff9e],%l[0xffffff97][0xffffffb2][0xffffff94]0[0xffffffd5][0xffffffca]QB[0xffffff9a][0xffffff96][0xffffffa2][0xffffff84][0x14][0xffffffef][0x6]%[0xffffffdc]p[0xfffffff6]1&F[0x9]z8[0xfffffffb][0xfffffffb][0x9]hJ[0xffffff90][0xffffffc3][0xffffffd9][0xffffffdf][0xffffffbf][0xffffffce]P"h8[0xffffffdb]E[0xffffff91][0xffffffa1]D[0xffffffca]p[0xffffffb6][0xffffff8b]e=%[0xffffffd8][0xffffffe1]l[0xffffff8d]h[0x12]%[0xffffffc2][0xffffff86][0xffffffb3][0xffffffdf]t)K[0xffffff89][0xffffffa0][0xffffffe1]l[0xffffffd3][0xffffffb4][0x14]%[0xfffffffe]~8[0xfffffffb]|[0xffffffb9][0xffffffb5][0xffffffcb][0xffffffe3]i[0xffffffd0]D[0xffffffd5][0xffffffd7][0xfffffff3][0xffffffc0][0xffffff94][0xffffffe0][0xffffffd7].[0x7f]?[0x3]C[0x9]j[0xffffffed][0xfffffff2][0xffffffd7]/gP"c[0xffffffed][0xffffffd2][0x7][0xffffff92][0xffffffa1][0x4][0xffffffbf]v[0xffffffa9][0xffffffe1][0xffffffac][0xffffffa6]D[0xffffffee][0xffffffda][0xffffffa5]-O[0xffffff96][0x12]qk[0xffffff97][0xffffffb6]Z9J[0xffffff84][0xffffffac]][0xffffff9a][0xffffffe2][0xffffffdd][0xffffffa0][0xffffff84][[0xffffffbb]<[0xffffffdb][0xffffff89][0xffffffbd][0xffffff95][0xffffffa0][0xffffffd7].[0xffffffbf][0xffffff9f][0xffffff80][0xffffffa6][0x4][0xffffffb9]v[0xfffffff9][0xfffffffd][0xffffffeb][0xc]%[0xffffff82][0xffffffd6].][0x14][0x19]J[0xffffffa4][0xffffffac]][0xffffffba]X[0xffffffd6]S[0xffffff82]][0xffffffbb][0xffffffd4][0xffffff88]&Q"l[0xffffffed][0xfffffff2]M[0xffffff97][0xffffffb2][0xffffff94][0x8]Z[0xffffffbb]4MKQ[0xffffffe2][0xffffffef][0xffffffd7].[0xffffffcf][0xffffff97][[0xffffffbb]<[0xffffffcf][0x17]v[0x18][0xffffff94]^[0xffffffbb][0xfffffffc]~[0x2][0xffffff9a][0x12][0xffffffe4][0xffffffda][0xffffffe5][0xfffffff7][0xffffffaf]3[0xffffff94][0x8]Z[0xffffffbb]tQd([0xffffff91][0xffffffb2]v[0xffffffe9]bYO[0x9]v[0xffffffed]R#[0xffffff9a]D[0xffffff89][0xffffffb0][0xffffffb5][0xffffffcb]7][0xffffffca]R"h[0xffffffed][0xffffffd2]4-E[0xffffff89][0xffffffff]`[0xffffffed][0xffffffb2][0xffffffb9][0xffffffb5][0xffffffcb][0xfffffff3][0x1e][0xf]D[0xffffff89][0xffffff86][0xffffffaf]][0xffffffb6][0xffffff80][0xffffffb5][0xffffffcb]f&[0xffffffd9][0xffffffea][0x2][0xffffffde][0xffffffb0][0xffffffb5][0xffffffcb]&[0xffffffa3]k %L[0x14][0x11]J[0xffffffd8]@"[0xffffff94]0[0xffffffb1],[0xffffffa7][0xffffff84][0xffffff84][0xffffffb3][0xffffff98][0x12][0x12][0xffffffd1] J[0xffffffb8][0xfffffff2]D)[0xffffffe1][0xffffffbb][0x14][0xffffffa5][0xffffff84][0xffffffab]V[0xffffff8c][0x12][0xffffffda][0xffffffb4][0x10]%[0xffffffb4]x7([0xffffffd1][0xffffffcc]%[0xffffffe3][0xffffffd7][0xffffffeb][0xffffffa2][0xfffffffe][0xffffffc0][0xfffffff1][0xfffffff9]<0%[0x1a]~[0xffffffc9][0xfffffff8][0xffffffef]g`([0xffffffd1][0xffffffa0]K[0xffffffc6][0x7f][0xfffffffd]r[0x6]%4[0xffffff8a][0xc]%\ [0x19]Jh,[0xffffffeb])[0xffffffb1][0xffffff86][0xffffffb3][0xffffff9a][0x12]kD[0xffffff93](a[0xffffffca][0xffffff93][0xffffffa5][0xffffff84][0xffffffed]R[0xffffff96][0x12][0xffffffa6]Z9JH[0xffffffd3]R[0xffffff94][0xffffff90][0xffffffe2][0xffffffdd][0xffffffa0][0xffffff84][[0xffffffbb][0xffffffbc][0xffffffce]F[\r]g7|[0xffffffed][0xffffffb2][0x5][0xffffffac]]63[0xffffffc9]V[0x18]pl[0xffffffed][0xffffffb2][0xffffffc9][0xffffffe8][0x1a]I[0xffffff89][0xffffff90][0xffffffb5]K[0x1b]H[0xffffff86][0x12][0x1]k[0xffffff97][0x12][0xffffffce]jJ[0x4][0xffffffaf]][0xffffffba][0xfffffff2]d)[0xffffff91][0xffffffb7]v[0xffffffe9][0xffffffaa][0xffffff95][0xffffffa3]D[0xffffffca][0xffffffda][0xffffffa5][0x16][0xffffffef][0x6]%[0xffffffdc][0xffffffda][0xffffffe5]u[0xffffff9f][0xffffff9d][0xffffffa2][0x4][0xffffffbe]v[0xffffffd9][0x2][0xffffffd6].[0xffffff9b][0xffffff99]d+[0xc]8[0xffffffb6]v[0xffffffd9]dt[0xffffff8d][0xffffffa4]D[0xffffffc8][0xffffffda][0xffffffa5][\r]$C[0xffffff89][0xffffff80][0xffffffb5]K[0x9]g5%[0xffffff82][0xffffffd7].]y[0xffffffb2][0xffffff94][0xffffffc8][[0xffffffbb]t[0xffffffd5][0xffffffca]Q"e[0xffffffed]R[0xffffff8b]w[0xffffff83][0x12]n[0xffffffed]r[0xffffffbc].[0xffffff8c][0x12][0xfffffff8][0xffffffda]e[0xb]X[0xffffffbb]lf[0xffffff92][0xffffffad]0[0xffffffe0][0xffffffd8][0xffffffda]e[0xffffff93][0xffffffd1]5[0xffffff92][0x12]!k[0xffffff97]6[0xffffff90][0xc]%[0x2][0xffffffd6].%[0xffffff9c][0xffffffd5][0xffffff94][0x8]^[0xffffffbb]t[0xffffffe5][0xffffffc9]R"o[0xffffffed][0xffffffd2]U+G[0xffffff89][0xffffff94][0xffffffb5]K-[0xffffffde][\r]J\[0xffffff8e][0x12]g[0xffffffc7]>[0xffffffbb][0xffffffbc]pJ\[0x1][0xffffff94][0xffffffb8]4[0xffffffef][0xffffff85][0x1][0xffffffbf]0J\I[0xffffff94][0xffffffd0](2[0xffffff94]p[0xffffff81]d([0xffffffa1][0xffffffb1][0xffffffac][0xffffffa7][0xffffffc4][0x1a][0xffffffce]jJ[0xffffffac][0x11]M[0xffffffa2][0xffffff84])O[0xffffff96][0x12][0xffffffb6]KYJ[0xffffff98]j[0xffffffe5](!MKQB[0xffffff8a]w[0xffffff83][0x12]n[0xffffffed]r[0xffffffdc][0xffffffe7]IQ[0x2]_[0xffffffbb]l[0x1]k[0xffffff97][0xffffffcd]L[0xffffffb2][0x15][0x6][0x1c][[0xffffffbb]l2[0xffffffba]FR"d[0xffffffed][0xffffffd2][0x6][0xffffff92][0xffffffa1]D[0xffffffc0][0xffffffda][0xffffffa5][0xffffff84][0xffffffb3][0xffffff9a][0x12][0xffffffc1]k[0xffffff97][0xffffffae]<YJ[0xffffffe4][0xffffffad]][0xffffffba]j[0xffffffe5]([0xffffff91][0xffffffb2]v[0xffffffa9][0xffffffc5][0xffffffbb]A[0x9][0xffffffb7]v9[0xffffffe6][0xffffff85]}v[0xffffff89][0xffffffaf]][0xffffffb6][0xffffff80][0xffffffb5][0xffffffcb]f&[0xffffffd9][\n]"
14:21:23.216 [main] DEBUG org.apache.hc.client5.http.wire -- http-outgoing-1 << "[0x3][0xffffff8e][0xffffffad]]6[0x19]]#)[0x11][0xffffffb2]vi[0x3][0xffffffc9]P"`[0xffffffed]R[0xffffffc2]YM[0xffffff89][0xffffffe0][0xffffffb5]KW[0xffffff9e],%[0xfffffff2][0xffffffd6].][0xffffffb5]r[0xffffff94]HY[0xffffffbb][0xffffffd4][0xffffffe2][0xffffffdd][0xffffffa0][0xffffff84][[0xffffffbb][0xffffffbc]_[\r]{+[0xffffff81][0xffffffaf]][0xffffffb6][0xffffff80][0xffffffb5][0xffffffcb]f&[0xffffffd9][\n]"
14:21:23.216 [main] DEBUG org.apache.hc.client5.http.wire -- http-outgoing-1 << "[0x3][0xffffff8e][0xffffffad]]6[0x19]]#)[0x11][0xffffffb2]vi[0x3][0xffffffc9]P"`[0xffffffed]R[0xffffffc2]YM[0xffffff89][0xffffffe0][0xffffffb5]KW[0xffffff9e],%[0xfffffff2][0xffffffd6].][0xffffffb5]r[0xffffff94]HY[0xffffffbb][0xffffffd4][0xffffffe2][0xffffffdd][0xffffffa0][0xffffff84][[0xffffffbb][0xffffffbc][0xffffffc1]][0x9]|[0xffffffed][0xffffffb2][0x5][0xffffffac]]63[0xffffffc9]V[0x18]pl[0xffffffed][0xffffffb2][0xffffffc9][0xffffffe8][0x1a]I[0xffffff89][0xffffff90][0xffffffb5]K[0x1b]H[0xffffff86][0x12][0x1]k[0xffffff97][0x12][0xffffffce]jJ[0x4][0xffffffaf]][0xffffffba][0xfffffff2]d)[0xffffff91][0xffffffb7]v[0xffffffe9][0xffffffaa][0xffffff95][0xffffffa3]D[0xffffffca][0xffffffda][0xffffffa5][0x16][0xffffffef][0xffffff9f]S[0xffffffa2][0xffffffbb][0xffffffb5][0xffffffcb][0xffffffbb][0xffffffbd](Jt|[0xffffffed][0xffffffb2][0x7][0xffffffac]]v3[0xffffffc9]V[0x17][0xfffffff0][0xffffff8e][0xffffffad]]v[0x19]][0x3])a[0xffffffa2][0xffffff88]P[0xffffffc2][0x6][0x12][0xffffffa1][0xffffff84][0xffffff89]e9%$[0xffffff9c][0xffffffc5][0xffffff94][0xffffff90][0xffffff88][0x6]Q[0xffffffc2][0xffffff95]'J[0x9][0xffffffdf][0xffffffa5](%\[0xffffffb5]b[0xffffff94][0xffffffd0][0xffffffa6][0xffffff85]([0xffffffa1][0xffffffc5][0xffffffbb]E[0x9]][0xffffffbb]d)[0x1][0xffffffaf]]~=[0x1]O[0x9]p[0xffffffed][0xfffffff2][0xffffffeb][0xffffffd7])J[0xffffffe4][0xffffffac]][0xffffff9a](R[0xffffff94][0x8]Y[0xffffffbb]4[0xffffffb1]$([0xffffff81][0xffffffae]]JD[0xffffffb3]([0xffffff91][0xffffffb5]v[0xffffffe9][0xffffffbb][0xffffff94][0xffffffa6]D[0xffffffce][0xffffffda][0xffffffa5]6-G[0xffffff89][0xffffffbf]^[0xffffffbb][0xffffffec][0xffffffcd][0xffffffbd][0xffffff95][0xffffffe8][0xfffffffd][0xffffffa2]([0xffffffd1][0xfffffff0][0xffffffb7][0x12]-[0xffffffe0][0xffffffad]DS:[0x17][0x6][0xffffffbc]ao%Z[0xffffffd2][[0x9][0xffffff8d]"C[0x9][0x17]H[0xffffff86][0x12][0x1a][0xffffffcb]zJ[0xffffffac][0xffffffe1][0xffffffac][0xffffffa6][0xffffffc4][0x1a][0xffffffd1]$J[0xffffff98][0xfffffff2]d)a[0xffffffbb][0xffffff94][0xffffffa5][0xffffff84][0xffffffa9]V[0xffffff8e][0x12][0xffffffd2][0xffffffb4][0x14]%[0xffffffa4]x7([0xffffffe1][0xffffff86][0xffffffb3][0xffffffef][0xfffffffb][0xffffffa2]n[0x6][0xffffffed][0xfffffff8]pv[0xf][0x18][0xffffffce][0xffffffee]f[0xffffffdd][0xffffffb5]0[0xffffffe0][0xffffffd8]pv[0xffffff97][0xfffffffd]V[0xffffff92][0x12]![0xffffffc3][0xffffffd9]6[0xffffff90][0xc]%[0x2][0xffffff86][0xffffffb3]%[0xffffff9c][0xffffffd5][0xffffff94][0x8][0x1e][0xffffffce]v[0xffffffe5][0xffffffc9]R"o8[0xffffffdb]U+G[0xffffff89][0xffffff94][0xffffffe1]l-[0xffffffde]-J[0xffffff98]?p[0xffffffa0][0xffffff94][0xffffffa0][0xffffffff][0xffffffc0][0xffffffd1][0x3][0xfffffffe][0xffffffc0][0xffffffd1][0xfffffff5]-\i[0xffffffc0][0xffffffa9]?p[0xfffffff4][0xffffffa4]?ph[0x14])J[0xffffffa4][0xfffffffc][0xffffff81]CcIP[0xffffff82][0xfffffffd][0x3][0xffffffc7][0x1a][0xffffffd1],J[0xffffff84][0xfffffffd][0xffffff81][0xffffffc3]v)M[0xffffff89][0xffffffa0]?pH[0xffffffd3]r[0xffffff94][0xfffffff8][0xfffffffb]?p[0xfffffff4][0xffffffff];[0xffffffc3](q[0xffffffe2][0xffffff94]8[0x3](q[0xffffffa2][0xffffff94]81J[0xffffff9c]I[0xffffff94]X[0xffffffa3]HQB[0x3]IQb[0xffffff8d]%A[0xffffff89][0x13][0xffffffa6][0xffffffc4][0x19]L[0x9])O[0xffffff9a][0x12][0xffffffa6]KiJH[0xffffffb5][0xffffff92][0xffffff94]8S(q[0xfffffffe][0x7][0xffffff94]hi[0xffffff96]h<&Z[0xffffff82]&[0x1a][0xffffffcb][0xffffff89][0xffffffc6]y[0xffffffa2]E[0xffffff81]B[0xfffffff2]H[0xffffff89][0xffffffc2][0xffffffa4][0xffffff92]"[0xffffff85]d[0xffffff93]0E[0xffffffa3]Q[0xffffffd1][0xffffff92]U[0xffffffa1]5J[0xffffffb3][0xffffffc2][0xffffffb5]*[0xffffffed][\n]"
14:21:23.217 [main] DEBUG org.apache.hc.client5.http.wire -- http-outgoing-1 << "-Y[0x12][0x16]k[0xffffffe7]r[0xffffffb2]X+x[0xffffff8b][0x16]}[0xffffff84][0xffffffd1][0xffffffa2][0xf][0xffffff9c][0x16][0x1f][0xffffff8f][0xffffffc0][0xffffffd3][0xffffffe2][0xffffffc7]CP[0xffffffb4][0xfffffff8][0xfffffff8]y[0xffffff8a][0x16][0xffffffdf]?[0xffffff9d]B[0xb][0xffffffc9]#E[0xb][0xffffff93]J[0xffffff8a][0x16][0xffffff92]M[0xffffff82][0x16]KB[0xffffffeb]i[0xffffffb1][0xffffffe4]4[0xffffff8b][0x16]Z[0xffffffa3]4-\[0xffffffab][0xffffffd2][0xffffffb4][0xffffffd0][0xffffff92]%i[0xffffffb1]v.G[0xffffff8b][0xffffffb5][0xffffff82][0xffffffb7]hq[0xffffffb6]0Z[0xffffff9c][\r][0xffffffa7][0xffffffc5][0xffffffc7]#[0xfffffff0][0xffffffb4][0xfffffff8][0xfffffff1][0x10][0x14]->~[0xffffff9e][0xffffffa2][0xffffffc5][0xfffffff7]O[0xffffffa7][0xffffffd0]B[0xfffffff2]H[0xffffffd1][0xffffffc2][0xffffffa4][0xffffff92][0xffffffa2][0xffffff85]d[0xffffff93][0xffffffa0][0xffffffc5][0xffffff92][0xffffffd0]zZ,9[0xffffffcd][0xffffffa2][0xffffff85][0xffffffd6](M[0xb][0xffffffd7][0xffffffaa]4-[0xffffffb4]dIZ[0xffffffac][0xffffff9d][0xffffffcb][0xffffffd1]b[0xffffffad][0xffffffe0]-Z[0xffffff8c][0xffffffb4]#[0x1f][0xffffff83]?[0xfffffff3][0xfffffff1][0xfffffff1][0x8]<-~<[0x4]E[0xffffff8b][0xffffffc1][0x1d][0xfffffffb][0x18]Q[0xffffffe7]>$[0xffffff8f][0x14]-L*)ZH6[0x9]Z[0xc][0xfffffffa][0xffffffec][0xffffffc7]H>[0xfffffffc][0xffffffa1]5J[0xffffffd3][0xffffffc2][0xffffffb5]*M[0xb]-Y[0xffffff92][0x16]k[0xffffffe7]r[0xffffffb4]X+x[0xffffff8b][0x16]w[0xffffffda][0x1f]Dn[0xfffffffe][0xf]"w[0xffffffc2][0x1f]Dn[0xfffffff6][0xf]"7[0xfffffff7][0x7][0xffffff91];[0xffffffea][0xf]"[0xffffff92]G[0xffffff8a][0x16]&[0xffffff95][0x14]-$[0xffffff9b][0x4]-n[0xfffffffa][0xf]"w[0xfffffff2][0x1f]D[0xffffffb4]FiZ[0xffffffb8]V[0xffffffa5]i[0xffffffa1]%K[0xffffffd2]b[0xffffffed]\[0xffffff8e][0x16]k[0x5][0xffffffef][0xffffffd1][0xffffffe2]I[0xffffffa3][0xffffffc5][0xffffffc3][0xffffffd3][0xffffffe2]I[0xffffffa0][0xffffffc5][0xffffffc3][0xffffffd2][0xffffffe2][0xffffffe1]h[0xfffffff1]D[0xffffffd1]b[0xffffffcd]#F[0xb]M%F[0xffffff8b]5[0xffffff9b][0x8]-[0x1e][0xffffff9a][0x16]O2-[0xffffffa4]FqZ[0xffffff98]V[0xffffffc5]i!%[0xffffff8b][0xffffffd2][0xffffffe2][0xffffff89][0xffffffa1][0xffffffc5][0xfffffff3][0x1f][0xffffffd0][0xffffffa2][0xffffffc5]}l[0xffffffd1][0x2][0xffffffbe][0xffffffb6]h[0x11][0xffffff9f][4[0xfffffffd]S`i[0xffffffd4][0x1b][0xfffffff8][0xffffffc1]E[0xffffffcb][0xfffffffa][0xffffffe2]BCI[0x9][0xffffffc3]E[0xffffff93]"[0xffffff86][0x6][0xffffff94]0[0xffffffc6][0x1a][0xffffffd3]zd[0xffffffac]a[0xffffffcd]R[0xffffff86])T[0xffffff9a][0x19][0xffffffb6]_ig[0xffffff98][0xffffffba]%[0xffffffa1]![0xffffffed][0xffffffcb]IC[0xffffffca][0xfffffff8]O[0xffffffa8]1[0xffffffbe][0xffffffff][0xffffff95][0xffffffc3][0xffffffac]m>g[0xffffff9b][0xffffffe5][0xffffffd0][0xfffffff8][0xfffffffd]<[0x14]3[0xfffffffe][0xfffffff1][0x4][0x18]2[0xffffff96]g(&[0xffffffc6]?~[0xffffffbd][0x18][0x18][0xffffffff][0xfffffffb][0xffffffcb]0/[0xffffffde]F[0xffffffb1][0x18][0x17][0xffffffff][0x12][0xffffffc8]bZ[0xffffffbc][0xffffff8d]e!,[0xffffffde][0xffffff84][0xffffffb3][0xffffff8c][0x15]o"[0x1a][0xffffff81][0xffffff8a][0xfffffff7][0xffffffe5][0x9][0xffffff91][0xffffffe2][0xffffffdf][0xffffffba][0x14][0x2][0xffffffc5][0xfffffffb]j[0x5]8[0xfffffff1][0xffffffae]i[0xffffffcb]1[0xfffffff1][0xffffffae]x[0xffffffb7]([0xffffffd1][0xffffffc3]([0xffffffd1]qJ[0xfffffff4][0x0]Jt[0xffffff94][0x12][0x1d][0xffffffa3]DO[0xffffffa2][0xffffffc4][0x1a]E[0xffffff8a][0x12][0x1a]H[0xffffff8a][0x12]k,[0x9]Jt[0xffffff98][0x12]=[0xffffff98][0x12]R[0xffffff9e]4%L[0xffffff97][0xffffffd2][0xffffff94][0xffffff90]j%)[0xffffffd1]S([0xffffffd1][0xffffffff][0xffffff9a][0x12][0xffffffa7]{+1F[0xffffffa7](q[0xffffffe2]o%[0xffffffce][0xffffff80][0xffffffb7][0x12][0xffffffa7][0xffffffd2][0xffffffb9]0[0xffffffe0]'[0xfffffff6]V[0xffffffe2]Lz+[0xffffffa1]Qd([0xffffffe1][0x2][0xffffffc9]PBcYO[0xffffff89]5[0xffffff9c][0xffffffd5][0xffffff94]X#[0xffffff9a]D[0x9]S[0xffffff9e],%l[0xffffff97][0xffffffb2][0xffffff94]0[0xffffffd5][0xffffffca]QB[0xffffff9a][0xffffff96][0xffffffa2][0xffffff84][0x14][0xffffffef][0xffffff9f]S[0xffffffe2][0x18]J[0xffffff89][0xffffffd9][0xfffffffa][0xffffff8b][0xffffffa2][0xffffffc4][0xffffffe7][0xfffffff3][0xffffffb0][0xffffff94][0xfffffff8]z[0x2][0xffffff98][0x12][0xffffffbf][0xffffff9e][0x1][0xffffffa1][0xffffffc4][0xffffffd7][0xffffffaf]#[0xffffff94][0xfffffff8][0xfffffff9][0xffffffcb][0x11][0xffffff94]0QD(a[0x3][0xffffff89]P[0xffffffc2][0xffffffc4][0xffffffb2][0xffffff9c][0x12][0x12][0xffffffce]bJHD[0xffffff83]([0xffffffe1][0xffffffca][0x13][0xffffffa5][0xffffff84][0xffffffef]R[0xffffff94][0x12][0xffffffae]Z1Jh[0xffffffd3]B[0xffffff94][0xffffffd0][0xffffffe2][0xffffffdd][0xffffffa0][0xffffffc4][0xffffffed](q^[0xf]E[0xffffff89][0x1b][0xffffffa7][0xffffffc4][0x1d]@[0xffffff89][[0xfffffff3]^[0x18][0xfffffff0][0x1b][0xffffffa3][0xffffffc4][0xffffff9d]D[0x9][0xffffff8d]"C[0x9][0x17]H[0xffffff86][0x12][0x1a][0xffffffcb]zJ[0xffffffac][0xffffffe1][0xffffffac][0xffffffa6][0xffffffc4][0x1a][0xffffffd1]$J[0xffffff98][0xfffffff2]d)a[0xffffffbb][0xffffff94][0xffffffa5][0xffffff84][0xffffffa9]V[0xffffff8e][0x12][0xffffffd2][0xffffffb4][0x14]%[0xffffffa4]x[0xffffffb7](![0xffffffdf]J[0xffffffc0][0xffffff94][0xffffff80][0xffffffbf][0xffffff95][0xfffffff8]z[0x2][0xffffff9e][0x12][0xffffffe0][0xffffffb7][0x12]_[0xffffffbf]NQ"[0xffffffe7][[0x9][0x13]E[0xffffff8a][0x12]![0xffffffdf]J[0xffffff98]X[0x12][0xffffff94]@[0xffffffbf][0xffffff95][0xffffff90][0xffffff88]fQ"[0xffffffeb][[0x9][0xffffffdf][0xffffffa5]4%r[0xffffffbe][0xffffff95][0xffffffd0][0xffffffa6][0xffffffe5]([0xfffffff1][0xffffffd7][0xffffffdf]J[0x1c][0xffffff8f]{+[0xfffffff1][0xffffffb4][0xffffff9b][0xffffffa2][0xffffffc4][0xffffff83][0xffffffbf][0xffffff95]x[0x2][0xffffffde]J<J[0xffffffe7][0xffffffc2][0xffffff80]?[0xffffffd8][[0xffffff89]'[0xffffffe9][0xffffffad][0xffffff84]F[0xffffff91][0xffffffa1][0xffffff84][0xb]$C[0x9][0xffffff8d]e=%[0xffffffd6]pVSb[0xffffff8d]h[0x12]%Ly[0xffffffb2][0xffffff94][0xffffffb0]][0xffffffca]R[0xffffffc2]T+G[0x9]iZ[0xffffff8a][0x12]R[0xffffffbc][[0xffffff94]0o%PJ[0xffffffd0]o%[0xffffff9e][0xffffff80][0xffffffb7][0x12][0xffffff8f][0xffffffd2][0xffffffb9]4[0xffffffe0][0xffffffd4][[0xffffff89]'[0xffffffe9][0xffffffad][0xffffff84]F[0xffffff91][0xffffffa2]D[0xffffffca][[0x9][0xffffff8d]%A[0x9][0xfffffff6][0xffffffad][0xffffffc4][0x1a][0xffffffd1],J[0xffffff84][0xffffffbd][0xffffff95][0xffffffb0]]JS"[0xffffffe8][0xffffffad][0xffffff84]4-G[0xffffff89][0xffffffbf][0x7f]+1[0xffffffcd][[0xffffff89][0xffffffde][0xffffffbe][0xffffffee][0xfffffff9]@(1[0xfffffff1][0xffffffb7][0x12]3[0xffffffe0][0xffffffad][0xffffffc4]T:[0x17][0x6]|bo%f[0xffffffd2][[0x9][0xffffff8d]"C[0x9][0x17]H[0xffffff86][0x12][0x1a][0xffffffcb]zJ[0xffffffac][0xffffffe1][0xffffffac][0xffffffa6][0xffffffc4][0x1a][0xffffffd1]$J[0xffffff98][0xfffffff2]d)a[0xffffffbb][0xffffff94][0xffffffa5][0xffffff84][0xffffffa9]V[0xffffff8e][0x12][0xffffffd2][0xffffffb4][0x14]%[0xffffffa4]x[0xffffffff][0xffffff9c][0x12][0xffffffe7][0xffffffcb]Q[0xffffffe2]x[0xffffffa8][0x13][0x1c][0xffffff9f][0xffffffcf][0xffffffc3]R[0xffffffe2][0xffffffeb][0x9]`J[0xfffffffc]z[0x6][0xffffff84][0x12]_[0xffffffbf][0xffffff8e]P[0xffffffe2][0xffffffe7]/GP[0xffffffc2]D[0x11][0xffffffa1][0xffffff84][\r]$B[0x9][0x13][0xffffffcb]rJH8[0xffffff8b])![0x11][\r][0xffffffa2][0xffffff84]+O[0xffffff94][0x12][0xffffffbe]KQJ[0xffffffb8]j[0xffffffc5]([0xffffffa1]M[0xb]QB[0xffffff8b]w[0xffffff83][0x12][0xffffffcd]Q[0xffffffe2][0xffffffbe][0xffffffa8]?p|>[0xf]L[0xffffff89][0x16]@[0xffffff89][0xffffffa6]y/[0xc]x[0xffffffc3]([0xffffffd1][0xffffff92]([0xffffffa1]Qd([0xffffffe1][0x2][0xffffffc9]PBcYO[0xffffff89]5[0xffffff9c][0xffffffd5][0xffffff94]X#[0xffffff9a]D[0x9]S[0xffffff9e],%l[0xffffff97][0xffffffb2][0xffffff94]0[0xffffffd5][0xffffffca]QB[0xffffff9a][0xffffff96][0xffffffa2][0xffffff84][0x14][0xffffffef][0x6]%[0xffffffba][0xffffffa3][0xffffffc4][0xffffffbc].[0xffffff8a][0x12][0x1d][0xffffffa7]D[0xf][0xffffffa0]D[0xffffffd7][0xffffffbc][0x17][0x6][0xffffffbc]c[0xffffff94][0xffffffe8]I[0xffffff94][0xffffffd0](2[0xffffff94]p[0xffffff81]d([0xffffffa1][0xffffffb1][0xffffffac][0xffffffa7][0xffffffc4][0x1a][0xffffffce]jJ[0xffffffac][0x11]M[0xffffffa2][0xffffff84])O[0xffffff96][0x12][0xffffffb6]KYJ[0xffffff98]j[0xffffffe5](!MKQB[0xffffff8a]w[0xffffff83][0x12][0xffffffe6][0xe][0xffffff8e]y[0x1c][0xfffffffd][0xffffffa4]([0xffffff81][0xffffffdf][0xffffffc1]q[0x6][0xffffffdc][0xffffffc1]q[0xffffff9a][0xffffffa1][0xfffffff8][0xffffffc2][0xffffff80]cwp[0xffffff9c]2[0x5]OR"[0xffffffe4][0xe][0xe][0x1b]H[0xffffff86][0x12][0x1]wpH8[0xffffffab])[0x11]|[0x7][0xffffff87]+O[0xffffff96][0x12]ywp[0xffffffb8]j[0xffffffe5]([0xffffff91]r[0x7][0xffffff87][0x16][0xffffffef][0x6]%[0xffffffcc]p[0xfffffff6][0x7]%[0xffffffe6][0xffffffa0]([0xffffff81][0xf]g[0xffffff9f][0x1][0xffffffc3][0xffffffd9][0xffffffa7]Yw-[0xc]86[0xffffff9c]}[0xffffffca]~+I[0xffffff89][0xffffff90][0xffffffe1]l[0x1b]H[0xffffff86][0x12][0x1][0xffffffc3][0xffffffd9][0x12][0xffffffce]jJ[0x4][0xf]g[0xffffffbb][0xfffffff2]d)[0xffffff91]7[0xffffff9c][0xffffffed][0xffffffaa][0xffffff95][0xffffffa3]D[0xffffffca]p[0xffffffb6][0x16][0xffffffef][0x6]%.G[0xffffff89][0xfffffff3][0xffffffa8][0xffffffbf][0xffffff82][0xfffffffc][0xfffffff7][0xfffffff3][0xffffffc0][0xffffff94][0xffffffb8][0x2](qi[0xffffffde][0xb][0x3]~a[0xffffff94][0xffffffb8][0xffffff92]([0xffffffa1]Qd([0xffffffe1][0x2][0xffffffc9]PBcYO[0xffffff89]5[0xffffff9c][0xffffffd5][0xffffff94]X#[0xffffff9a]D[0x9]S[0xffffff9e],%l[0xffffff97][0xffffffb2][0xffffff94]0[0xffffffd5][0xffffffca]QB[0xffffff9a][0xffffff96][0xffffffa2][0xffffff84][0x14][0xffffffef][0x6]%[0xffffff86][0xffffffa5][0xffffffc4]M[0x1d][0x6][0xfffffffd]|[0x1e][0xffffff98][0x12]#[0xffffff80][0x12]C[0xfffffff3]^[0x18][0xfffffff0][0xffffff81]Qb$QB[0xffffffa3][0xffffffc8]P[0xffffffc2][0x5][0xffffff92][0xffffffa1][0xffffff84][0xffffffc6][0xffffffb2][0xffffff9e][0x12]k8[0xffffffab])[0xffffffb1]F4[0xffffff89][0x12][0xffffffa6]<YJ[0xffffffd8].e)a[0xffffffaa][0xffffff95][0xffffffa3][0xffffff84]4-E[0x9])[0xffffffde][\r]J[0xffffffb8];8[0xffffff8e]sb[0xffffff94][0xffffffc0][0xffffffef][0xffffffe0]8[0x3][0xffffffee][0xffffffe0]8[0xffffffcd]P|a[0xffffffc0][0xffffffb1];8N[0xffffff99][0xffffff82]')[0x11]r[0x7][0xffffff87][\r]$C[0xffffff89][0xffffff80];8$[0xffffff9c][0xffffffd5][0xffffff94][0x8][0xffffffbe][0xffffff83][0xffffffc3][0xffffff95]'K[0xffffff89][0xffffffbc];8\[0xffffffb5]r[0xffffff94]H[0xffffffb9][0xffffff83]C[0xffffff8b]w[0xffffff83][0x12]n8[0xfffffffb][0x18]mR[0xffffff94][0xffffffc0][0xffffff87][0xffffffb3][0xffffffcf][0xffffff80][0xffffffe1][0xffffffec][0xffffffd3][0xffffffac][0xffffffbb][0x16][0x6][0x1c][0x1b][0xffffffce]>e[0xffffffbf][0xffffff95][0xffffffa4]D[0xffffffc8]p[0xffffffb6][\r]$C[0xffffff89][0xffffff80][0xffffffe1]l[0x9]g5%[0xffffff82][0xffffff87][0xffffffb3]]y[0xffffffb2][0xffffff94][0xffffffc8][0x1b][0xffffffce]v[0xffffffd5][0xffffffca]Q"e8[[0xffffff8b]w[0xffffff83][0x12]n[0xffffffed][0xfffffff2]x[0x1e][0xffffffec][0xffffffb3]K|[0xffffffed][0xfffffff2][0xc]X[0xffffffbb]<[0xffffffcd]$[a[0xffffffc0][0xffffffb1][0xffffffb5][0xffffffcb]SF[0xffffffd7]HJ[0xffffff84][0xffffffac]][0xffffffda]@2[0xffffff94][0x8]X[0xffffffbb][0xffffff94]pVS"x[0xffffffed][0xffffffd2][0xffffff95]'K[0xffffff89][0xffffffbc][0xffffffb5]KW[0xffffffad][0x1c]%R[0xffffffd6].[0xffffffb5]x[0xffffffff][0xffffff9c][0x12][0xffffffd7]0[0xffffff94][0xffffffb8][0xffffff9e][0xffffff87][0xffffff9a][0xffffffa8][0xfffffffa]|[0x1e][0xffffff96][0x12]_O[0x0]S[0xffffffe2][0xffffffd7]3 [0xffffff94][0xfffffff8][0xfffffffa]u[0xffffff84][0x12]?[0x7f]9[0xffffff82][0x12]&[0xffffff8a][0x8]%l [0x11]J[0xffffff98]X[0xffffff96]SB[0xffffffc2]YL[0x9][0xffffff89]h[0x10]%\y[0xffffffa2][0xffffff94][0xfffffff0]][0xffffff8a]R[0xffffffc2]U+F[0x9]mZ[0xffffff88][0x12]Z[0xffffffbc][0x1b][0xffffff94]p[0xffffffdf]J[0xffffff8c][0xffffffd7]A}+q[0xffffffe1][0xffffffdf]J\[0x1][0xffffffdf]J\[0xffffffe6][0xf]z[0xffffff85][0x1][0xffffffc7][0xffffffbe][0xffffff95][0xffffffb8][0xffffffe4]Ov$%B[0xffffffbe][0xffffff95][0xffffffb0][0xffffff81]d([0x11][0xfffffff0][0xffffffad][0xffffff84][0xffffff84][0xffffffb3][0xffffff9a][0x12][0xffffffc1][0xffffffdf]J[0xffffffb8][0xfffffff2]d)[0xffffff91][0xfffffff7][0xffffffad][0xffffff84][0xffffffab]V[0xffffff8e][0x12])[0xffffffdf]Jh[0xfffffff1]nP[0xffffffc2]}+[0xfffffff1][0xfffffff1]_S[0xffffffdf]J\[0xfffffff8][0xffffffb7][0x12]W[0xffffffc0][0xffffffb7][0x12][0xffffff97][0xfffffff9][0xffffff83]^a[0xffffffc0][0xffffffb1]o%.[0xfffffff9][0xffffff93][0x1d]I[0xffffff89][0xffffff90]o%l [0x19]J[0x4]|+![0xffffffe1][0xffffffac][0xffffffa6]D[0xfffffff0][0xffffffb7][0x12][0xffffffae]<YJ[0xffffffe4]}+[0xffffffe1][0xffffffaa][0xffffff95][0xffffffa3]D[0xffffffca][0xffffffb7][0x12]Z[0xffffffbc][0x7f]N[0xffffff89][0xffffffe1][0xffffffae][0xfffffff3][0x1a][0xffffffd7]C[\r]g[0xf][0xfffffffc]:[0xffffffaf][0x11]p[0xffffff9d][0xffffffd7]0w[0xffffffce][0xffffffd4][0x5]|`[0xffffffd7]y[\r][0xffffffb9]U[0x6][0xffffffa4][0xffffff84][0xffffff89]"B[0x9][0x1b]H[0xffffff84][0x12]&[0xffffff96][0xffffffe5][0xffffff94][0xffffff90]p[0x16]SB"[0x1a]D[0x9]W[0xffffff9e](%|[0xffffff97][0xffffffa2][0xffffff94]p[0xffffffd5][0xffffff8a]QB[0xffffff9b][0x16][0xffffffa2][0xffffff84][0x16][0xffffffef][0x6]%[0xffffffdc]u^c`[0xffffffc3][0xffffffd9][0x3][0xffffffbf][0xffffffce]k[0x4]\[0xffffffe7]5[0xffffffcc][0xffffff9d]3[0xffffff85][0x1][0xffffffc7][0xffffffae][0xfffffff3][0x1a]r[0xffffffab][0xc]I[0xffffff89][0xffffff90][0xffffffeb][0xffffffbc]l [0x19]J[0x4]\[0xffffffe7]%[0xffffffe1][0xffffffac][0xffffffa6]D[0xfffffff0]u^[0xffffffae]<YJ[0xffffffe4]][0xffffffe7][0xffffffe5][0xffffffaa][0xffffff95][0xffffffa3]D[0xffffffca]u^Z[0xffffffbc][0x1b][0xffffff94]p[0xffffffd7]y[0xffffff8d]qw[0xffffff8a][0x12][0xfffffff8]u^#[0xffffffe0]:[0xffffffaf]a[0xffffffee][0xffffff9c])[0xc]8v[0xffffff9d][0xffffffd7][0xffffff90][eHJ[0xffffff84]\[0xffffffe7]e[0x3][0xffffffc9]P"[0xffffffe0]:/[0x9]g5%[0xffffff82][0xffffffaf][0xfffffff3]r[0xffffffe5][0xffffffc9]R"[0xffffffef]:/W[0xffffffad][0x1c]%R[0xffffffae][0xfffffff3][0xffffffd2][0xffffffe2][0xffffffdd][0xffffffa0][0xffffff84][0xffffffbb][0xffffffce]k[0xffffffdc]7[0xfffffff6][0x7][0xe][0xfffffffc]:[0xffffffaf][0x11]p[0xffffff9d][0xffffffd7]0w[0xffffffce][0x14][0x6][0x1c][0xffffffbb][0xffffffce]k[0xffffffc8][0xffffffad]2$%B[0xffffffae][0xfffffff3][0xffffffb2][0xffffff81]d([0x11]p[0xffffff9d][0xffffff97][0xffffff84][0xffffffb3][0xffffff9a][0x12][0xffffffc1][0xffffffd7]y[0xffffffb9][0xfffffff2]d)[0xffffff91]w[0xffffff9d][0xffffff97][0xffffffab]V[0xffffff8e][0x12])[0xffffffd7]yi[0xfffffff1]nP[0xffffffc2]][0xffffffe7]u[0xfffffff7][0x3][0xffffffa3][0x4]~[0xffffff9d][0xffffffd7][0x8][0xffffffb8][0xffffffce]k[0xffffff98];g[\n]"
14:21:23.217 [main] DEBUG org.apache.hc.client5.http.wire -- http-outgoing-1 << "[0x3][0xffffff8e]][0xffffffe7]5[0xffffffe4]V[0x19][0xffffff92][0x12]![0xffffffd7]y[0xffffffd9]@2[0xffffff94][0x8][0xffffffb8][0xffffffce]K[0xffffffc2]YM[0xffffff89][0xffffffe0][0xffffffeb][0xffffffbc]\y[0xffffffb2][0xffffff94][0xffffffc8][0xffffffbb][0xffffffce][0xffffffcb]U+G[0xffffff89][0xffffff94][0xffffffeb][0xffffffbc][0xffffffb4]x7([0xffffffe1][0xffffffae][0xfffffff3][0xffffffba]O[0xffffff8e][0x12][0xfffffff8]u^#[0xffffffe0]:[0xffffffaf]a[0xffffffee][0xffffff9c])[0xc]8v[0xffffff9d][0xffffffd7][0xffffff90][eHJ[0xffffff84]\[0xffffffe7]e[0x3][0xffffffc9]P"[0xffffffe0]:/[0x9]g5%[0xffffff82][0xffffffaf][0xfffffff3]r[0xffffffe5][0xffffffc9]R"[0xffffffef]:/W[0xffffffad][0x1c]%R[0xffffffae][0xfffffff3][0xffffffd2][0xffffffe2][0xffffffdd][0xffffffa2]D[0xf][0xffffffa3]D[0xffffffc7])[0xffffffd1][0x3]([0xffffffd1]QJt[0xffffff8c][0x12]=[0xffffff89][0x12]k[0x14])Jh )J[0xffffffac][0xffffffb1]$([0xffffffd1]aJ[0xfffffff4]`JHy[0xffffffd2][0xffffff94]0]JSB[0xffffffaa][0xffffff95][0xffffffa4]DO[0xffffffa1]D[0xffffffff]kJ[0xc][0xfffffff7]V[0xffffffe2][0xfffffff9]zL[0xffffff84][0x12][0x3][0x7f]+1[0x2][0xffffffde]J[0xc][0xffffffa5]sa[0xffffffc0][0x7][0xfffffff6]Vb$[0xffffffbd][0xffffff95][0xffffffd0](2[0xffffff94]p[0xffffff81]d([0xffffffa1][0xffffffb1][0xffffffac][0xffffffa7][0xffffffc4][0x1a][0xffffffce]jJ[0xffffffac][0x11]M[0xffffffa2][0xffffff84])O[0xffffff96][0x12][0xffffffb6]KYJ[0xffffff98]j[0xffffffe5](!MKQB[0xffffff8a]w[0xffffff83][0x12]n[0xffffffed][0xfffffff2]y[0xffffff9d][0xffffffd8][0x9][0xe]|[0xffffffed]r[0x4][0xffffffac]][0xe]3[0xffffffc9]V[0x18]pl[0xffffffed]r[0xffffffc8][0xffffffe8][0x1a]I[0xffffff89][0xffffff90][0xffffffb5]K[0x1b]H[0xffffff86][0x12][0x1]k[0xffffff97][0x12][0xffffffce]jJ[0x4][0xffffffaf]][0xffffffba][0xfffffff2]d)[0xffffff91][0xffffffb7]v[0xffffffe9][0xffffffaa][0xffffff95][0xffffffa3]D[0xffffffca][0xffffffda][0xffffffa5][0x16][0xffffffef][0x16]%[0xfffffff4][0xf][0x1c],%[0xffffffe8]?p[0xffffffdc][0x1][0x7f][0xffffffe0][0xffffffb8][0xfffffff5]-\i[0xffffffc0][0xffffffa9]?p[0xffffffdc]I[0x7f][0xffffffe0][0xffffffd0](R[0xffffff94]H[0xfffffff9][0x3][0xffffff87][0xffffffc6][0xffffff92][0xffffffa0][0x4][0xfffffffb][0x7][0xffffff8e]5[0xffffffa2]Y[0xffffff94][0x8][0xfffffffb][0x3][0xffffff87][0xffffffed]R[0xffffff9a][0x12]A[0x7f][0xffffffe0][0xffffff90][0xffffffa6][0xffffffe5]([0xfffffff1][0xfffffff7][0x7f][0xffffffe0]p[0xffffffc3][0xffffffd9][0xffffffcf]yP7[0xffffff83][0xe]|8{[0x4][0xc]g[0xf][0xffffffb3][0xffffffee]Z[0x18]pl8{[0xffffffc8]~+I[0xffffff89][0xffffff90][0xffffffe1]l[0x1b]H[0xffffff86][0x12][0x1][0xffffffc3][0xffffffd9][0x12][0xffffffce]jJ[0x4][0xf]g[0xffffffbb][0xfffffff2]d)[0xffffff91]7[0xffffff9c][0xffffffed][0xffffffaa][0xffffff95][0xffffffa3]D[0xffffffca]p[0xffffffb6][0x16][0xffffffef][0x16]%[0xffffffcc][[0x9][0xffffff94][0x12][0xfffffff4][[0xffffff89]'[0xffffffe0][0xffffffad][0xffffffc4][0xffffffa3]t.[\r]8[0xfffffff5]V[0xffffffe2]Iz+[0xffffffa1]Q[0xffffffa4]([0xffffff91][0xfffffff2]VBcIP[0xffffff82]}+[0xffffffb1]F4[0xffffff8b][0x12]ao%l[0xffffff97][0xffffffd2][0xffffff94][0x8]z+!M[0xffffffcb]Q[0xffffffe2][0xffffffef][0xffffffdf]JL[0xfffffff7]V[0xffffffe2][0x1a][0xf]E[0xffffff89][0xffffff89][0xffffffbf][0xffffff95][0xffffff98]N[0xffffffd2][0xffffffc5]y[0xffffff9f]J[0xffffffe7][0xffffffc2][0xffffff80]O[0xffffffec][0xffffffad][0xffffffc4]Lz+[0xffffffa1]Qd([0xffffffe1][0x2][0xffffffc9]PBcYO[0xffffff89]5[0xffffff9c][0xffffffd5][0xffffff94]X#[0xffffff9a]D[0x9]S[0xffffff9e],%l[0xffffff97][0xffffffb2][0xffffff94]0[0xffffffd5][0xffffffca]QB[0xffffff9a][0xffffff96][0xffffffa2][0xffffff84][0x14][0xffffffef][0x16]%[0xffffffcc][[0x9][0xffffff94][0x12][0xfffffff4][[0xffffff89][0x19][0xfffffff0]Vb*[0xffffff9d]K[0x3]N[0xffffffbd][0xffffff95][0xffffff98]Io%4[0xffffff8a][0x14]%R[0xffffffde]Jh,[0x9]J[0xffffffb0]o%[0xffffffd6][0xffffff88]fQ"[0xffffffec][0xffffffad][0xffffff84][0xffffffed]R[0xffffff9a][0x12]Ao%[0xffffffa4]i9J[0xfffffffc][0xfffffff5][[0xffffff89][0xffffffdb][0xffffffdd][0xc]:_[0xfffffffd][0x5]Q[0xffffffe2][0xffffffc6]o[0x6][0xffffffbd][0x3]n[0x6][0xffffffbd][0xffffffcd][0xfffffff5]uu[0x1][0xffffffbf][0xffffffb1][0xffffff9b]Ao[0xffffffb9][0xffffffa0][0xe][0xffffffa4][0xffffff84][0xffffff89]"B[0x9][0x1b]H[0xffffff84][0x12]&[0xffffff96][0xffffffe5][0xffffff94][0xffffff90]p[0x16]SB"[0x1a]D[0x9]W[0xffffff9e](%|[0xffffff97][0xffffffa2][0xffffff94]p[0xffffffd5][0xffffff8a]QB[0xffffff9b][0x16][0xffffffa2][0xffffff84][0x16][0xffffffef][0x6]%[0xffffffdc][0xffffffcd][0xffffffa0][0xffffffb3][0xffffffb5]IQ[0x2][0xffffffbf][0x19][0xfffffff4][0xe][0xffffffb8][0x19][0xfffffff4]6[0xffffffd7][0xffffffd7][0x15][0x6][0x1c][0xffffffbb][0x19][0xfffffff4][0xffffff96][0xb][0xffffffea]HJ[0xffffff84][0xffffffdc][0xc]j[0x3][0xffffffc9]P"[0xffffffe0]fP[0x9]g5%[0xffffff82]o[0x6]u[0xffffffe5][0xffffffc9]R"[0xffffffef]fPW[0xffffffad][0x1c]%Rn[0x6][0xffffffd5][0xffffffe2][0xffffffdd][0xffffffa0][0xffffff84][0xffffffbb][0x19]t~[0xfffffffc][0xfffffff7][0x14]%[0xfffffff0][0xffffff9b]A[0xffffffef][0xffffff80][0xffffff9b]Aos}]a[0xffffffc0][0xffffffb1][0xffffff9b]Ao[0xffffffb9][0xffffffa0][0xffffff8e][0xffffffa4]D[0xffffffc8][0xffffffcd][0xffffffa0]6[0xffffff90][0xc]%[0x2]n[0x6][0xffffff95]pVS"[0xfffffff8]fPW[0xffffff9e],%[0xfffffff2]n[0x6]u[0xffffffd5][0xffffffca]Q"[0xffffffe5]fP-[0xffffffde][\r]J[0xffffffb8][0xffffff9b]A[0xffffffe7][0xffffffcd][0xffffffbd][0xffffff95][0xffffffc0]o[0x6][0xffffffbd][0x3]n[0x6][0xffffffbd][0xffffffcd][0xfffffff5]u[0xffffff85][0x1][0xffffffc7]n[0x6][0xffffffbd][0xffffffe5][0xffffff82]:[0xffffff92][0x12]!7[0xffffff83][0xffffffda]@2[0xffffff94][0x8][0xffffffb8][0x19]T[0xffffffc2]YM[0xffffff89][0xffffffe0][0xffffff9b]A]y[0xffffffb2][0xffffff94][0xffffffc8][0xffffffbb][0x19][0xffffffd4]U+G[0xffffff89][0xffffff94][0xffffff9b]A[0xffffffb5]x7([0xffffffe1]n[0x6][0xffffff9d][0xfffffff7][0xffffff8d]Q[0x2][0xffffffbf][0x19][0xfffffff4][0xe][0xffffffb8][0x19][0xfffffff4]6[0xffffffd7][0xffffffd7][0x15][0x6][0x1c][0xffffffbb][0x19][0xfffffff4][0xffffff96][0xb][0xffffffea]HJ[0xffffff84][0xffffffdc][0xc]j[0x3][0xffffffc9]P"[0xffffffe0]fP[0x9]g5%[0xffffff82]o[0x6]u[0xffffffe5][0xffffffc9]R"[0xffffffef]fPW[0xffffffad][0x1c]%Rn[0x6][0xffffffd5][0xffffffe2][0xffffffdd][0xffffffa0][0xffffff84][0xffffffbb][0x19]t>[0xffffffaf][0xffffff83][0xffffffa2][0x4]~3[0xffffffe8][0x1d]p3[0xffffffe8]m[0xffffffae][0xffffffaf]+[0xc]8v3[0xffffffe8]-[0x17][0xffffffd4][0xffffff91][0xffffff94][0x8][0xffffffb9][0x19][0xffffffd4][0x6][0xffffff92][0xffffffa1]D[0xffffffc0][0xffffffcd][0xffffffa0][0x12][0xffffffce]jJ[0x4][0xffffffdf][0xc][0xffffffea][0xffffffca][0xffffff93][0xffffffa5]D[0xffffffde][0xffffffcd][0xffffffa0][0xffffffae]Z9J[0xffffffa4][0xffffffdc][0xc][0xffffffaa][0xffffffc5][0xffffffbb]A[0x9]w[0x7][0xffffffc7][0xffffff87]%[0xffffffb0][0xffffffb7][0x12][0xfffffff8][0x1d][0x1c]w[0xffffffc0][0x1d][0x1c][0xffffffb7][0x19][0xffffff8a]/[0xc]8v[0x7][0xffffffc7]-S[0xfffffff0]$%B[0xffffffee][0xffffffe0][0xffffffb0][0xffffff81]d([0x11]p[0x7][0xffffff87][0xffffff84][0xffffffb3][0xffffff9a][0x12][0xffffffc1]wp[0xffffffb8][0xfffffff2]d)[0xffffff91]w[0x7][0xffffff87][0xffffffab]V[0xffffff8e][0x12])wph[0xfffffff1]nQ[0xffffffe2][0x8][0xffffffa3][0xffffffc4][0xffffff81]S[0xffffffe2][0x8][0xffffffa0][0xffffffc4][0xffffff81]R[0xffffffe2][0xffffffc0]"
14:21:23.221 [main] DEBUG org.apache.hc.client5.http.wire -- http-outgoing-1 << "(q$Qb[0xffffff8d]"E[0x9][\r]$E[0xffffff89]5[0xffffff96][0x4]%[0xe][0xffffff98][0x12]G0%[0xffffffa4]<iJ[0xffffff98].[0xffffffa5])![0xffffffd5]JR[0xffffffe2]H[0xffffffa1][0xffffffc4][0xfffffff1][0xffffffd7][0xffffff94][0xffffffd0];8[0xffffff8e][0xffffffd7][0xffffffeb]h[0xffffffd8][0x1f]8[0xfffffff0];8[0xffffffee][0xffffff80];8n3[0x14]_[0x18]p[0xffffffec][0xe][0xffffff8e][[0xffffffa6][0xffffffe0]IJ[0xffffff84][0xffffffdc][0xffffffc1]a[0x3][0xffffffc9]P"[0xffffffe0][0xe][0xe][0x9]g5%[0xffffff82][0xffffffef][0xffffffe0]p[0xffffffe5][0xffffffc9]R"[0xffffffef][0xe][0xe]W[0xffffffad][0x1c]%R[0xffffffee][0xffffffe0][0xffffffd0][0xffffffe2][0xffffffdd][0xffffffa2][0xffffffc4][0xffffffba]vIS[0x2]^[0xffffffbb][0xffffffbc][0x3][0xffffffee][0xffffffe0][0xffffffb8][0xffffffcd]P|i[0xffffffc0][0xffffffa1][0xffffffb5][0xffffffcb][[0xffffffa6][0xffffffe0]YJD[0xffffffac]][0xffffffda]@R[0xffffff94][0xffffffc0][0xffffffd7].%[0xffffff9c][0xfffffff5][0xffffff94][0xffffff88]][0xffffffbb]t[0xffffffe5]IS"m[0xffffffed][0xffffffd2]U+I[0xffffff89][0xffffff8c][0xffffffb5]K-[0xffffffde]-J[0xffffffdc]a[0xffffff94][0xffffffb8]qJ[0xffffffdc][0x1][0xffffff94][0xffffffb8]QJ[0xffffffdc][0x18]%[0xffffffee]$J[0xffffffac]Q[0xffffffa4]([0xffffffa1][0xffffff81][0xffffffa4]([0xffffffb1][0xffffffc6][0xffffff92][0xffffffa0][0xffffffc4][\r]S[0xffffffe2][0xe][0xffffffa6][0xffffff84][0xffffff94]'M[0x9][0xffffffd3][0xffffffa5]4%[0xffffffa4]ZIJ[0xffffffdc])[0xffffff94][0xffffffb8][0xffffffff][0x3]J[0xffffffb4]4K4[0x1e][0x13]-A[0x13][0xffffff8d][0xffffffe5]D[0xffffffe3]<[0xffffffd1][0xffffffa2]@!y[0xffffffa4]DaRI[0xffffff91]B[0xffffffb2]I[0xffffff98][0xffffffa2][0xffffffd1][0xffffffa8]h[0xffffffc9][0xffffffaa][0xffffffd0][0x1a][0xffffffa5]Y[0xffffffe1]Z[0xffffff95]v[0xffffff85][0xffffff96],[0x9][0xffffff8b][0xffffffb5]s9Y[0xffffffac][0x15][0xffffffbc]E[0xffffff8b]>[0xffffffc2]h[0xffffffd1][0x7]N[0xffffff8b][0xffffff8f]G[0xffffffe0]i[0xfffffff1][0xffffffe3]!(Z|[0xfffffffc]<E[0xffffff8b][0xffffffef][0xffffff9f]N[0xffffffa1][0xffffff85][0xffffffe4][0xffffff91][0xffffffa2][0xffffff85]I%E[0xb][0xffffffc9]&A[0xffffff8b]%[0xffffffa1][0xfffffff5][0xffffffb4]Xr[0xffffff9a]E[0xb][0xffffffad]Q[0xffffff9a][0x16][0xffffffae]UiZh[0xffffffc9][0xffffff92][0xffffffb4]X;[0xffffff97][0xffffffa3][0xffffffc5]Z[0xffffffc1][[0xffffffb4]8[0xffffffd2]hq[0xfffffff0][0xffffffb4]8[0x12]hq[0xffffffb0][0xffffffb4]88Z[0x1c]Q[0xffffffb4][0xffffff90]<R[0xffffffb4]0[0xffffffa9][0xffffffa4]h![0xffffffd9]$hq[0xffffffd0][0xffffffb4]8[0xffffff92]i[0xffffffa1]5J[0xffffffd3][0xffffffc2][0xffffffb5]*M[0xb]-Y[0xffffff92][0x16]k[0xffffffe7]r[0xffffffb4]X+x[0xffffff8b][0x16][0xffffffd7][0x15]F[0xffffff8b][0xffffffeb][0xffffffc2]i[0xfffffff1][0xfffffff1][0x8]<-~<[0x4]E[0xffffff8b][0xffffff8f][0xffffff9f][0xffffffa7]h[0xfffffff1][0xfffffffd][0xffffffd3])[0xffffffb4][0xffffff90]<R[0xffffffb4]0[0xffffffa9][0xffffffa4]h![0xffffffd9]$h[0xffffffb1]$[0xffffffb4][0xffffff9e][0x16]KN[0xffffffb3]h[0xffffffa1]5J[0xffffffd3][0xffffffc2][0xffffffb5]*M[0xb]-Y[0xffffff92][0x16]k[0xffffffe7]r[0xffffffb4]X+x[0xffffff8b][0x16][0xffffffa3][0xffffff85][0xffffffd1]b4[0xffffff9c][0x16][0x1f][0xffffff8f][0xffffffc0][0xffffffd3][0xffffffe2][0xffffffc7]CP[0xffffffb4][0xfffffff8][0xfffffff8]y[0xffffff8a][0x16][0xffffffdf]?[0xffffff9d]B[0xb][0xffffffc9]#E[0xb][0xffffff93]J[0xffffff8a][0x16][0xffffff92]M[0xffffff82][0x16]KB[0xffffffeb]i[0xffffffb1][0xffffffe4]4[0xffffff8b][0x16]Z[0xffffffa3]4-\[0xffffffab][0xffffffd2][0xffffffb4][0xffffffd0][0xffffff92]%i[0xffffffb1]v.G[0xffffff8b][0xffffffb5][0xffffff82][0xfffffff7]h[0xffffff91]v[0xffffffba]t[0xfffffff0][0xffffffc7]KG[0xffffffc2][0xfffffff9][0xffffffd2][0xffffffc1][0x1e]0[0x1d][0xffffffdc][0x9][0xffffffd3][0x11]u[0xffffffc4]T[0xfffffff2][0xffffff88][0xffffffd1]"[0xffffffe7][0xffffff90][0xffffffa9]d[0x13][0xffffffa1][0x5]}[0xffffffcc]t$[0xffffff9f]3[0xffffffd5][0x1a][0xffffffc5]i[0x11]x[0xffffffd2]TK[0x16][0xffffffa5]E[0xffffffcc]Y[0xffffffd3][0xffffffb5][0xffffff82][0xfffffff7]h[0xffffffb1][0xffffffce]i[0xffffffe2][0xffffffb4][0xffffffa0][0xfffffff7]4[0xffffffbf][0x1e]![0xffffff80][0x16][0xffffffe4][0xffffffa2][0xffffffe6][0xffffffd7][0xffffffcf]c[0xffffffb4][0x8][0xffffffda][0xffffffd4]4y[0xffffffc4]h[0xffffff91][0xffffffb2][0xffffffaa]i[0xffffffb2][0xffffff89][0xffffffd0][0xffffff82][0xffffffdd][0xffffffd5][0xffffff94][0xffffff9c][0xffffff86][0xffffffd1]"lY[0xffffffd3][0xffffffb7]*N[0xffffff8b][0xffffffa0]mM[0xffffffed]\[0xffffff90][0x16][0xffffffff][0xffffffc5][0xffffffba]f[0xffffff8b];"[0xffffffd2][0x2][0xffffffce][0xffffff88][0xffffffb4][0xffffff88]C"M?`.[0xffffff8d]z[0x3][0xffffff8f][0xffffff89][0xffffffb4][0xffffffac]s"[0x1a]JJ[0x18].[0xffffff9a][0x14]14[0xffffffa0][0xffffff84]1[0xffffffd6][0xffffff98][0xffffffd6]#c[\r]k[0xffffff96]2L[0xffffffa1][0xffffffd2][0xffffffcc][0xffffffb0][0xfffffffd]J;[0xffffffc3][0xffffffd4]-[0x9][\r]i_N[0x1a]R[0xffffffc6][0xffffff9b][0xffffffd4][0xffffff88][0x1b][0xffffffba][0xffffffe8][0x1]K[0x17]=b[0xffffffea][0xffffffa2][0xffffffc3][[0x17][0x1d][0x1c][0xffffffbb][0xffffffe8]Yk[0x17][0x12]J[0xffffff8e][0x1a]A{[0x17][0x12]P[0xffffff86][0x1a][0xfffffff8][0xffffffe2]E[0xffffff8f][0xffffff9e][0xffffffbc][0xffffffd0]B[0xffffffe5][0xffffffa9][0xffffff91]8z[0xffffffa1]u[0xffffffcb]R#g[0xfffffff6]b-[0xffffffe3]=j<i[0x1f]c|<[0x11]O[0xffffff8d]'[0xffffffe1]s[0xffffff8c][0xffffff9f]O[0xffffff81]Q[0xffffffe3][0xffffffe1]>[0xffffffc8][0xfffffff8][0xfffffff1][0xffffffdb]1[0xffffffd4][0xffffff90]Pb[0xffffffd4]0[0xffffffd1][0xffffffc4][0xffffffa8]![0x1]E[0xffffffa8][0xfffffff1][0xffffffd0]_e[0xffffffac]a[\r][0xffffffa3][0xffffff86][0x16]*N[\r][0xffffffd7][0xffffffaf]85[0xffffffb4]nQj[0xffffffac][0xffffffed][0xb]Rc-[0xffffffe3]?[0xffffffa1][0xffffffc6][0xfffffffd][0xfffffff5][0xffffffaf]<[0xffffff87][0xffffffb9][0xffffff9e][0xffffffac][0xffffffbf][0xffffffee][0xffffffa7][0x1c][0x1a][0xffffffbf][0xffffff9f][0xffffff87]b[0xffffffc6]?[0xffffff9e][0x0]C[0xffffffc6][0xfffffff2][0xc][0xffffffc5][0xffffffc4][0xfffffff8][0xffffffc7][0xffffffaf][0x17][0x3][0xffffffe3][0x7f][0x7f][0x19][0xffffffe6][0xffffffc5][0xffffffdb]([0x16][0xffffffe3][0xffffffe2]_[0x2]YL[0xffffff8b][0xffffffb7][0xffffffb1],[0xffffff84][0xffffffc5][0xffffff9b]p[0xffffff96][0xffffffb1][0xffffffe2]MD#P[0xfffffff1][0xffffffbe]<!R[0xfffffffc][[0xffffff97]B[0xffffffa0]x_[0xffffffad][0x0]'[0xffffffde]5m9&[0xffffffde][0x15][0xffffffef][0x6]%NG[0xffffff89][0xffffffe3]:)J[0xffffff9c]8%[0xffffffce][0x0]J[0xffffff9c][0xffffff9a][0xfffffff7][0xffffffc2][0xffffff80][0xffffff9f][0x18]%[0xffffffce]$Jh[0x14][0x19]J[0xffffffb8]@2[0xffffff94][0xffffffd0]X[0xffffffd6]Sb[\r]g5%[0xffffffd6][0xffffff88]&Q[0xffffffc2][0xffffff94]'K[0x9][0xffffffdb][0xffffffa5],%L[0xffffffb5]r[0xffffff94][0xffffff90][0xffffffa6][0xffffffa5](![0xffffffc5][0xffffffbb]A[0xffffff89][0xffffffcb]Q[0xffffffe2][0xffffffea][0xffffff8d][0xffffffa2][0xffffffc4][0xffffff85]S[0xffffffe2][\n]"
14:21:23.221 [main] DEBUG org.apache.hc.client5.http.wire -- http-outgoing-1 << "[0xffffffa0][0xffffffc4][0xffffffa5]y/[0xc][0xfffffff8][0xffffff85]Q[0xffffffe2]J[0xffffffa2][0xffffff84]F[0xffffff91][0xffffffa1][0xffffff84][0xb]$C[0x9][0xffffff8d]e=%[0xffffffd6]pVSb[0xffffff8d]h[0x12]%Ly[0xffffffb2][0xffffff94][0xffffffb0]][0xffffffca]R[0xffffffc2]T+G[0x9]iZ[0xffffff8a][0x12]R[0xffffffbc][0x1b][0xffffff94][0x18][0xffffff8e][0x12][0xfffffff3]k[0xffffffa1][0x13][0xffffffa1][0xffffffc4][0xffffffc0])1[0x2](14[0xffffffef][0xffffff85][0x1][0x1f][0x18]%F[0x12]%4[0xffffff8a][0xc]%\ [0x19]Jh,[0xffffffeb])[0xffffffb1][0xffffff86][0xffffffb3][0xffffff9a][0x12]kD[0xffffff93](a[0xffffffca][0xffffff93][0xffffffa5][0xffffff84][0xffffffed]R[0xffffff96][0x12][0xffffffa6]Z9JH[0xffffffd3]R[0xffffff94][0xffffff90][0xffffffe2][0xffffffdd][0xffffffa0][0xffffffc4]m([0xfffffff1][0xfffffff9][0x1f][0xffffff8a][0x12]7N[0xffffff89];[0xffffff80][0x12][0xffffffb7][0xffffffe6][0xffffffbd]0[0xffffffe0]7F[0xffffff89];[0xffffff89][0x12][0x1a]E[0xffffff86][0x12].[0xffffff90][0xc]%4[0xffffff96][0xfffffff5][0xffffff94]X[0xffffffc3]YM[0xffffff89]5[0xffffffa2]I[0xffffff94]0[0xffffffe5][0xffffffc9]R[0xffffffc2]v)K[0x9]S[0xffffffad][0x1c]%[0xffffffa4]i)JH[0xfffffff1]nP[0xffffffe2][0xffffffb1][0xffffff94]xN[0xffffff8a][0x12][0xf]N[0xffffff89]'[0xffffff80][0x12][0xffffff8f][0xffffffe6][0xffffffbd]0[0xffffffe0][0xf]F[0xffffff89]'[0xffffff89][0x12][0x1a]E[0xffffff86][0x12].[0xffffff90][0xc]%4[0xffffff96][0xfffffff5][0xffffff94]X[0xffffffc3]YM[0xffffff89]5[0xffffffa2]I[0xffffff94]0[0xffffffe5][0xffffffc9]R[0xffffffc2]v)K[0x9]S[0xffffffad][0x1c]%[0xffffffa4]i)JH[0xfffffff1]nPb:J4[0xffffffee][0xffffffad][0xffffffc4][0xffffffc4])1[0x3](15[0xffffffef][0xffffff85][0x1][0xffffff9f][0x18]%f[0x12]%4[0xffffff8a][0xc]%\ [0x19]Jh,[0xffffffeb])[0xffffffb1][0xffffff86][0xffffffb3][0xffffff9a][0x12]kD[0xffffff93](a[0xffffffca][0xffffff93][0xffffffa5][0xffffff84][0xffffffed]R[0xffffff96][0x12][0xffffffa6]Z9JH[0xffffffd3]R[0xffffff94][0xffffff90][0xffffffe2][0xfffffffd]sJ[0xffffffcc][0xffffff97][0xffffffa5][0xffffffc4]=!J|>[0xf]K[0xffffff89][0xffffffaf]'[0xffffff80])[0xfffffff1][0xffffffeb][0x19][0x10]J|[0xfffffffd]:B[0xffffff89][0xffffff9f][0xffffffbf][0x1c]A[0x9][0x13]E[0xffffff84][0x12]6[0xffffff90][0x8]%L,[0xffffffcb])![0xffffffe1],[0xffffffa6][0xffffff84]D4[0xffffff88][0x12][0xffffffae]<QJ[0xfffffff8].E)[0xffffffe1][0xffffffaa][0x15][0xffffffa3][0xffffff84]6-D[0x9]-[0xffffffde][\r]J4G[0xffffff89][0xfffffffe]Po%>[0xffffff9f][0x7][0xffffffa6]D[0xb][0xffffffa0]D[0xffffffd3][0xffffffbc][0x17][0x6][0xffffffbc]a[0xffffff94]hI[0xffffff94][0xffffffd0](2[0xffffff94]p[0xffffff81]d([0xffffffa1][0xffffffb1][0xffffffac][0xffffffa7][0xffffffc4][0x1a][0xffffffce]jJ[0xffffffac][0x11]M[0xffffffa2][0xffffff84])O[0xffffff96][0x12][0xffffffb6]KYJ[0xffffff98]j[0xffffffe5](!MKQB[0xffffff8a]w[0xffffff83][0x12][0xffffffdd]Q[0xffffffe2]:[0xffffffb1][0xffffffb7][0x12][0x1d][0xffffffa7]D[0xf][0xffffffa0]D[0xffffffd7][0xffffffbc][0x17][0x6][0xffffffbc]c[0xffffff94][0xffffffe8]I[0xffffff94][0xffffffd0](2[0xffffff94]p[0xffffff81]d([0xffffffa1][0xffffffb1][0xffffffac][0xffffffa7][0xffffffc4][0x1a][0xffffffce]jJ[0xffffffac][0x11]M[0xffffffa2][0xffffff84])O[0xffffff96][0x12][0xffffffb6]KYJ[0xffffff98]j[0xffffffe5](!MKQB[0xffffff8a]w[0xffffff83][0x12]n[0xffffffed][0xfffffff2][0xffffffb8][0x1b]F[0x9]|[0xffffffed]r[0x6][0xffffffac]]N3[0xffffffc9]V[0x18]pl[0xffffffed]r[0xffffffca][0xffffffe8][0x1a]I[0xffffff89][0xffffff90][0xffffffb5]K[0x1b]H[0xffffff86][0x12][0x1]k[0xffffff97][0x12][0xffffffce]jJ[0x4][0xffffffaf]][0xffffffba][0xfffffff2]d)[0xffffff91][0xffffffb7]v[0xffffffe9][0xffffffaa][0xffffff95][0xffffffa3]D[0xffffffca][0xffffffda][0xffffffa5][0x16][0xffffffef][0x16]%z[0x18]%[0xffffffb0][0xfffffffb]9[0xfffffffe][0xfffffff1][0x4]<%[0xffffff90][0xffffffbb]9[0xfffffffe][0xfffffff1][0xffffffeb][0x14]%[0x12][0xffffffee][0xffffffe5]x[0x1b]E[0xffffff8a][0x12][0xfffffff8][0xffffff9d][0x1c]ocIP[0x2][0xffffffba][0xffffff8f][0xffffffe3]MD[0xffffffb3]([0xffffff91]r[0x17][0xffffffc7][0xffffffbf]u)M[0xffffff89][0xffffff84]{8[0xffffffde]5-G[0xffffff89][0xffffffbf][0xffffffbe][0xffffff83]c[0xffffffba][0xffffffe1][0xffffffec][0xffffffb3][0xffffffbf][0xffffffa8][0xffffffb5][0xffffffcb][0xffffff89][0xf]g[0xffffffcf][0xffffff80][0xffffffe1][0xffffffec]i[0xffffffd6]][0xb][0x3][0xffffff8e][\r]gO[0xffffffd9]o%)[0x11]2[0xffffff9c]m[0x3][0xffffffc9]P"`8[[0xffffffc2]YM[0xffffff89][0xffffffe0][0xffffffe1]lW[0xffffff9e],%[0xfffffff2][0xffffff86][0xffffffb3]][0xffffffb5]r[0xffffff94]H[0x19][0xffffffce][0xffffffd6][0xffffffe2][0xffffffdd][0xffffffa0][0xffffff84][0x1b][0xffffffce]>[0xffffff8f]qS[0xffffff94][0xffffffc0][0xffffff87][0xffffffb3]g[0xffffffc0]p[0xfffffff6]4[0xffffffeb][0xffffffae][0xffffff85][0x1][0xffffffc7][0xffffff86][0xffffffb3][0xffffffa7][0xffffffec][0xffffffb7][0xffffff92][0xffffff94][0x8][0x19][0xffffffce][0xffffffb6][0xffffff81]d([0x11]0[0xffffff9c]-[0xffffffe1][0xffffffac][0xffffffa6]D[0xfffffff0]p[0xffffffb6]+O[0xffffff96][0x12]y[0xffffffc3][0xffffffd9][0xffffffae]Z9J[0xffffffa4][0xc]gk[0xfffffff1]nP[0xffffffc2][\r]g[0xffffff9f]w[0xffffffa7][0xffffff86][0xffffffb3]'>[0xffffff9c]=[0x3][0xffffff86][0xffffffb3][0xffffffa7]Yw-[0xc]86[0xffffff9c]=e[0xffffffbf][0xffffff95][0xffffffa4]D[0xffffffc8]p[0xffffffb6][\r]$C[0xffffff89][0xffffff80][0xffffffe1]l[0x9]g5%[0xffffff82][0xffffff87][0xffffffb3]]y[0xffffffb2][0xffffff94][0xffffffc8][0x1b][0xffffffce]v[0xffffffd5][0xffffffca]Q"e8[[0xffffff8b]w[0xffffff83][0x12][0xffffffb7][0xffffffa1][0xffffffc4][0xfffffff5]z[0xffffffb0]?p[0xffffffdc]8%[0xffffffee][0x0]J[0xffffffdc][0xffffff9a][0xfffffff7][0xffffffc2][0xffffff80][0xffffffdf][0x18]%[0xffffffee]$Jh[0x14][0x19]J[0xffffffb8]@2[0xffffff94][0xffffffd0]X[0xffffffd6]Sb[\r]g5%[0xffffffd6][0xffffff88]&Q[0xffffffc2][0xffffff94]'K[0x9][0xffffffdb][0xffffffa5],%L[0xffffffb5]r[0xffffff94][0xffffff90][0xffffffa6][0xffffffa5](![0xffffffc5][0xffffffbb]A[0xffffff89][0xffffffe7][0xffffffff][0xe][0xffffffa5][0xffffffc4][0xffffffd1][0x1e][0xffffff8a][0x12][0x1f][0xffffffcf][0x3]S[0xffffffe2][0xfffffff3][0x9]hJ[0xfffffffc]|[0x6][0xffffff86][0x12][0xffffff9f][0xffffffbf][0xffffffce]P[0xffffffe2][0xffffffc7]/gPB[0xffffffa3][0xffffffc8]P[0xffffffc2][0x5][0xffffff92][0xffffffa1][0xffffff84][0xffffffc6][0xffffffb2][0xffffff9e][0x12]k8[0xffffffab])[0xffffffb1]F4[0xffffff89][0x12][0xffffffa6]<YJ[0xffffffd8].e)a[0xffffffaa][0xffffff95][0xffffffa3][0xffffff84]4-E[0x9])[0xffffffde][\r]JLs[0xffffff82][0xffffffe3][0x1a]w[0xffffffa7](1[0xfffffff1][0x13][0x1c]3[0xffffffe0][0x4][0xffffffc7][0xffffffd4][0xffffffcf][0xffffff8c][0xb][0x3]>[0xffffffb1][0x13][0x1c]3[0xffffffe9][0x4][0xffffff87]F[0xffffff91][0xffffffa1][0xffffff84][0xb]$C[0x9][0xffffff8d]e=%[0xffffffd6]pVSb[0xffffff8d]h[0x12]%Ly[0xffffffb2][0xffffff94][0xffffffb0]][0xffffffca]R[0xffffffc2]T+G[0x9]iZ[0xffffff8a][0x12]R[0xffffffbc][[0xffffff94]8[0xffffffc3](q[0xffffffe2][0xffffff94]8[0x3](q[0xffffffa2][0xffffff94]81J[0xffffff9c]I[0xffffff94]X[0xffffffa3]HQB[0x3]IQb[0xffffff8d]%A[0xffffff89][0x13][0xffffffa6][0xffffffc4][0x19]L[0x9])O[0xffffff9a][0x12][0xffffffa6]KiJH[0xffffffb5][0xffffff92][0xffffff94]8S(q[0xfffffffe]%%[0xffffffae][0xffffff97][0xffffffbb][0xffffff83]c[0xffffffbc][0xe]hW[0xffffffe2][0xffffffeb]yPJ|?[0x1]K[0xffffff89][0xffffffdf][0xffffffcf]@P[0xffffffe2][0xfffffffb][0xffffffd7][0x9]J[0xfffffffc][0xfffffffa][0xffffffe5][0x4]J[0xffffffb8]([0x12][0xffffff94][0xfffffff0][0xffffff81]$([0xffffffe1]bYM[0x9][\r]g-%4[0xffffffa2]9[0xffffff94][0xffffffb0][0xffffffe5]IR[0xffffffe2]M[0xffffff97][0xffffff92][0xffffff94][0xffffffb0][0xffffffd5]JQ[0xffffffc2]4-C[0x9]S[0xffffffbc][0x1b][0xffffff94]pwp[0xffffff8c][0xffffffd7][0xffffff84][0xffffffee][0xffffffe0][0xfffffff8]z[0x1e][0xffffff98][0x12][0xfffffffc][0x1d][0x1c][0xffffffbf][0xffffff9f][0xffffff81][0xffffffa1][0x4]u[0x7][0xffffffc7][0xffffffaf]_[0xffffffce][0xffffffa0]D[0xffffffc6][0x1d][0x1c]>[0xffffff90][0xc]%[0xfffffff8];84[0xffffff9c][0xffffffd5][0xffffff94][0xffffffc8][0xffffffbd][0xffffff83][0xffffffc3][0xffffff96]'K[0xffffff89][0xffffffb8];8l[0xffffffb5]r[0xffffff94][0x8][0xffffffb9][0xffffff83][0xffffffc3][0x14][0xffffffef][0x6]%nG[0xffffff89][0xffffff9b][0xfffffffa][0xffffffec][0xfffffff2][0xffffffeb]y`J[0xffffffdc][0x1][0xffffff94][0xffffffb8]5[0xffffffef][0xffffff85][0x1][0xffffffbf]1J[0xffffffdc]I[0xffffff94][0xffffffd0](2[0xffffff94]p[0xffffff81]d([0xffffffa1][0xffffffb1][0xffffffac][0xffffffa7][0xffffffc4][0x1a][0xffffffce]jJ[0xffffffac][0x11]M[0xffffffa2][0xffffff84])O[0xffffff96][0x12][0xffffffb6]KYJ[0xffffff98]j[0xffffffe5](!MKQB[0xffffff8a]w[0xffffff83][0x12][0xffffff8f][0xffffffa1][0xffffffc4][0xffffffdd][0x6][0xfffffff6]V[0xffffffe2][0xffffffc1])[0xfffffff1][0x4]P[0xffffffe2][0xffffffd1][0xffffffbc][0x17][0x6][0xfffffffc][0xffffffc1]([0xfffffff1]$QB[0xffffffa3][0xffffffc8]P[0xffffffc2][0x5][0xffffff92][0xffffffa1][0xffffff84][0xffffffc6][0xffffffb2][0xffffff9e][0x12]k8[0xffffffab])[0xffffffb1]F4[0xffffff89][0x12][0xffffffa6]<YJ[0xffffffd8].e)a[0xffffffaa][0xffffff95][0xffffffa3][0xffffff84]4-E[0x9])[0xffffffde][\r]JLG[0xffffff89]c@[0xffffff9f]]~=[0xf]L[0xffffff89][0x19]@[0xffffff89][0xffffffa9]y/[0xc][0xfffffff8][0xffffffc4](1[0xffffff93]([0xffffffa1]Qd([0xffffffe1][0x2][0xffffffc9]PBcYO[0xffffff89]5[0xffffff9c][0xffffffd5][0xffffff94]X#[0xffffff9a]D[0x9]S[0xffffff9e],%l[0xffffff97][0xffffffb2][0xffffff94]0[0xffffffd5][0xffffffca]QB[0xffffff9a][0xffffff96][0xffffffa2][0xffffff84][0x14][0xffffffef][0xffffff9f]S[0xffffffa2][0xffffffb9][0xffffffcf].[0xffffffef][0xffffffe7][0xffffffa0][0xffffffde]J4[0xfffffffc][0xffffffb3][0xffffffcb][0x16][0xfffffff0][0xffffffd9]e3[0xffffffdf][0x6][0xffffffd5][0x5][0xffffffbc]a[0xffffff9f]]6[0xfffffff9][0xfffffffa][0x7][0xffffffa4][0xffffff84][0xffffff89]"B[0x9][0x1b]H[0xffffff84][0x12]&[0xffffff96][0xffffffe5][0xffffff94][0xffffff90]p[0x16]SB"[0x1a]D[0x9]W[0xffffff9e](%|[0xffffff97][0xffffffa2][0xffffff94]p[0xffffffd5][0xffffff8a]QB[0xffffff9b][0x16][0xffffffa2][0xffffff84][0x16][0xffffffef][0x16]%[0xffffffce]0J[0xffffffb0][0xffffff87]A[0xffffffbf][0xffffff9f][0xffffff80][0xffffffa7][0x4]w[0x18][0xfffffff4][0xfffffffb][0xffffffd7])J[0xffffffc4][0x1c][0x6]uQ[0xffffffa4]([0xffffff91]q[0x18][0xffffffd4][0xffffffc5][0xffffff92][0xffffffa0][0x4]y[0x18]T#[0xffffff9a]E[0xffffff89][0xffffffa8][0xffffffc3][0xffffffa0]o[0xffffffba][0xffffff94][0xffffffa6]D[0xffffffcc]aP[0xffffffd3][0xffffffb4][0x1c]%[0xfffffffe][0xfffffffa]0hs'8[0xffffffee][0xffffff89]}+[0xffffffd1][0xfffffff0][0x13][0x1c]-[0xffffffe0][0x4]G3[0xffffff9f][0x19][0x17][0x6][0x1c];[0xffffffc1][0xffffffd1][0xffffffe4]Cb[0xffffff92][0x12]!'8l [0x19]J[0x4][0xffffff9c][0xffffffe0][0xffffff90]pVS"[0xfffffff8][0x4][0xffffff87]+O[0xffffff96][0x12]y'8\[0xffffffb5]r[0xffffff94]H9[0xffffffc1][0xffffffa1][0xffffffc5][0xffffffbb]A[0xffffff89]n([0xfffffff1][0xffffff9c][0xffffff8d][0xfffffffa]V[0xffffffe2][0xfffffff3]y`J[0xfffffff4][0x0]Jt[0xffffffcd]{a[0xffffffc0];F[0xffffff89][0xffffff9e]D[0x9][0xffffff8d]"C[0x9][0x17]H[0xffffff86][0x12][0x1a][0xffffffcb]zJ[0xffffffac][0xffffffe1][0xffffffac][0xffffffa6][0xffffffc4][0x1a][0xffffffd1]$J[0xffffff98][0xfffffff2]d)a[0xffffffbb][0xffffff94][0xffffffa5][0xffffff84][0xffffffa9]V[0xffffff8e][0x12][0xffffffd2][0xffffffb4][0x14]%[0xffffffa4]x7([0xffffffe1].[0x19][0xffffff9f][0xffffffaf][0x17]u[0x18][0xffffffb4][0xffffffd1][0xffffff97][0xffffff8c][0x7f]?[0x1]M[0x9][0xfffffff2][0xffffff92][0xfffffff1][0xffffffef]_g([0x11]t[0xffffffc9][0xffffffb8][0xffffff8b]"C[0xffffff89][0xffffff94]K[0xffffffc6]],[0xffffffeb])[0xffffffc1]^2[0xffffffae][0x11]M[0xffffffa2]D[0xffffffd8]%[0xffffffe3]o[0xffffffba][0xffffff94][0xffffffa5]D[0xffffffd0]%[0xffffffe3][0xffffffa6]i)J[0xfffffffc][0xfffffffd]%[0xffffffe3]Ws[0xffffff97][0xffffff8c][0xffffffcf][0xffffffd7][0xffffffc0](A_2[0xfffffffe][0xfffffffd][0x4]4%[0xffffffc8]K[0xffffffc6][0xffffffbf][0x7f][0xffffff9d][0xffffffa1]D[0xffffffd0]%[0xffffffe3].[0xffffff8a][0xc]%R.[0x19]w[0xffffffb1][0xffffffac][0xffffffa7][0x4]{[0xffffffc9][0xffffffb8]F4[0xffffff89][0x12]a[0xffffff97][0xffffff8c][0xffffffbf][0xffffffe9]R[0xffffff96][0x12]A[0xffffff97][0xffffff8c][0xffffff9b][0xffffffa6][0xffffffa5]([0xfffffff1][0xfffffff7][0xffffff97][0xffffff8c]_[0xffffffed]v[0xffffff94]h[0xffffffe7]MQ[0xffffffe2][0xffffffc6])q[0x7]P[0xffffffe2][0xffffffd6][0xffffffbc][0x17][0x6][0xfffffffc][0xffffffc6](q'QB[0xffffffa3][0xffffffc8]P[0xffffffc2][0x5][0xffffff92][0xffffffa1][0xffffff84][0xffffffc6][0xffffffb2][0xffffff9e][0x12]k8[0xffffffab])[0xffffffb1]F4[0xffffff89][0x12][0xffffffa6]<YJ[0xffffffd8].e)a[0xffffffaa][0xffffff95][0xffffffa3][0xffffff84]4-E[0x9])[0xffffffde][\r]J<[0xffffffe6]f[0xffffffd0][0xffffffd9][0xffffffe7]IQ[0xffffffe2][0xffffff81]o[0x6][0xfffffffd]~[0x2][0xffffff9a][0x12][0xffffff8f]^_W[0x18][0xfffffff0][0x7][0xffffffba][0x19][0xfffffff4][0xffffffd7]/gPB[0xffffffa3][0xffffffc8]P[0xffffffc2][0x5][0xffffff92][0xffffffa1][0xffffff84][0xffffffc6][0xffffffb2][0xffffff9e][0x12]k8[0xffffffab])[0xffffffb1]F4[0xffffff89][0x12][0xffffffa6]<YJ[0xffffffd8].e)a[0xffffffaa][0xffffff95][0xffffffa3][0xffffff84]4-E[0x9])[0xffffffde][\r]J[0xffffffb8][0xffffff89][0xffffffaa]y[0xffffff9f][0xffffff8d][0xffffffa2][0x4]>Q[0xffffffd5][0x2]&[0xffffffaa][0xffffff9a][0xffffffd9]Q)[0xc]86Q[0xffffffd5]d)[0xffffff85][0xffffffa4]D[0xffffffc8]D[0xffffff95][\r]$C[0xffffff89][0xffffff80][0xffffff89]*[0x9]g5%[0xffffff82]'[0xffffffaa]\y[0xffffffb2][0xffffff94][0xffffffc8][0xffffff9b][0xffffffa8]r[0xffffffd5][0xffffffca]Q"e[0xffffffa2]J[0xffffff8b][0xfffffff7][0xffffffcf])[0xffffffd1][0xffffffdd]D[0xffffffd5]|[0x1e][0xffffffea]0h[0xffffffc7]'[0xffffffaa]z[0xffffffc0]DU7;*u[0x1][0xffffffef][0xffffffd8]DU[0xffffff97][0xffffffa5][0x14][0xffffff90][0x12]&[0xffffff8a][0x8]%l [0x11]J[0xffffff98]X[0xffffff96]SB[0xffffffc2]YL[0x9][0xffffff89]h[0x10]%\y[0xffffffa2][0xffffff94][0xfffffff0]][0xffffff8a]R[0xffffffc2]U+F[0x9]mZ[0xffffff88][0x12]Z[0xffffffbc][0x1b][0xffffff94]0[0xffffffbb][0x12][0xffffffed][0xffffffd5][0x6][0xfffffff5][0xffffffad]D[0xffffffc7]w%z[0xffffffc0][0xffffffae]D7[0xffffff87][0xffffff9f][0xb][0x3][0xffffff8e][0xffffffed]Jt9[0xffffffde]LR"dW[0xffffffc2][0x6][0xffffff92][0xffffffa1]D[0xffffffc0][0xffffffae][0xffffff84][0xffffff84][0xffffffb3][0xffffff9a][0x12][0xffffffc1][0xffffffbb][0x12][0xffffffae]<YJ[0xffffffe4][0xffffffed]J[0xffffffb8]j[0xffffffe5]([0xffffff91][0xffffffb2]+[0xffffffa1][0xffffffc5][0xffffffbb]A[0x9][0xffffffb3]+[0xffffffd1]^[0xffffffd7]sR[0xffffff94][0xffffffc0]w%z[0xffffffc0][0xffffffae]D7[0xffffff87][0xffffff9f][0xb][0x3][0xffffff8e][0xffffffed]Jt9[0xffffffde]LR"dW[0xffffffc2][0x6][0xffffff92][0xffffffa1]D[0xffffffc0][0xffffffae][0xffffff84][0xffffff84][0xffffffb3][0xffffff9a][0x12][0xffffffc1][0xffffffbb][0x12][0xffffffae]<YJ[0xffffffe4][0xffffffed]J[0xffffffb8]j[0xffffffe5]([0xffffff91][0xffffffb2]+[0xffffffa1][0xffffffc5][0xffffffbb]A[0xffffff89][0xffffffc3]QbN[0xffffffec][0xf][0x1c][0x7]N[0xffffff89]#[0xffffff80][0x12][0xffffff87][0xffffffe6][0xffffffbd]0[0xffffffe0][0x7]F[0xffffff89]#[0xffffff89][0x12][0x1a]E[0xffffff86][0x12].[0xffffff90][0xc]%4[0xffffff96][0xfffffff5][0xffffff94]X[0xffffffc3]YM[0xffffff89]5[0xffffffa2]I[0xffffff94]0[0xffffffe5][0xffffffc9]R[0xffffffc2]v)K[0x9]S[0xffffffad][0x1c]%[0xffffffa4]i)JH[0xfffffff1]nQ[0xffffffe2][0xc][0xffffffa3][0x4]|[0x7][0xffffffc7][0xffffffd7][0x13][0xfffffff0][0xffffff94][0x0][0xffffffef][0xffffffe0][0xfffffff8][0xfffffffa]u[0xffffff8a][0x12]9wp[0xffffff98](R[0xffffff94][0x8][0xffffffb9][0xffffff83][0xffffffc3][0xffffffc4][0xffffff92][0xffffffa0][0x4]z[0x7][0xffffff87]D4[0xffffff8b][0x12]Ywp[0xfffffff8].[0xffffffa5])[0xffffff91]s[0x7][0xffffff87]6-G[0xffffff89][0xffffffbf][0xffffffbe][0xffffff83][0xffffffa3][0xffffff9f][0xffffffe6][0xffffffad]D[0xffffffeb][0x1d][0xffffffa3][0xffffffc4][0xffffff89][0xffffffbf][0xffffff95]8[0x3][0xffffffde]J[0xffffff9c]J[0xffffffe7][0xffffffc2][0xffffff80][0xffffff9f][0xffffffd8][[0xffffff89]3[0xffffffe9][0xffffffad][0xffffff84]F[0xffffff91][0xffffffa1][0xffffff84][0xb]$C[0x9][0xffffff8d]e=%[0xffffffd6]pVSb[0xffffff8d]h[0x12]%Ly[0xffffffb2][0xffffff94][0xffffffb0]][0xffffffca]R[0xffffffc2]T+G[0x9]iZ[0xffffff8a][0x12]R[0xffffffbc][0x1b][0xffffff94]0k[0xffffff97][0xffffffad][0xffffffcd][0xffffffe3][0xffffffa4]([0xffffff81][0xffffffaf]][0xfffffff6][0xffffff80][0xffffffb5][0xffffffcb]n&[0xffffffd9][\n]"
14:21:23.221 [main] DEBUG org.apache.hc.client5.http.wire -- http-outgoing-1 << "[0x3][0xffffff8e][0xffffffad]]v[0x19]]#)[0x11][0xffffffb2]vi[0x3][0xffffffc9]P"`[0xffffffed]R[0xffffffc2]YM[0xffffff89][0xffffffe0][0xffffffb5]KW[0xffffff9e],%[0xfffffff2][0xffffffd6].][0xffffffb5]r[0xffffff94]HY[0xffffffbb][0xffffffd4][0xffffffe2][0xfffffffd]sJ[0x1c][0xffffffee][0x4]G[0xffffffbf]n[0xffffffea][0x4][0xffffffc7][0xffffff81][0xffffff9f][0xffffffe0]8[0x2]Np[0x1c][0xffffffe6]3[0xffffffe3][0xffffffba][0xffffff80][0x1f][0xffffffd8][0x9][0xffffff8e]C>$[0x6])a[0xffffffa2][0xffffff88]P[0xffffffc2][0x6][0x12][0xffffffa1][0xffffff84][0xffffff89]e9%$[0xffffff9c][0xffffffc5][0xffffff94][0xffffff90][0xffffff88][0x6]Q[0xffffffc2][0xffffff95]'J[0x9][0xffffffdf][0xffffffa5](%\[0xffffffb5]b[0xffffff94][0xffffffd0][0xffffffa6][0xffffff85]([0xffffffa1][0xffffffc5][0xffffffbb]A[0x9]w[0xffffff82][0xffffffa3][0xffffffdf][0x7]F[0x9][0xfffffffc][0x4][0xffffffc7][0x11]p[0xffffff82][0xffffffe3]0[0xffffff9f][0x19][0x17][0x6][0x1c];[0xffffffc1]q[0xffffffc8][0xffffff87][0xffffffc4]$%BNp[0xffffffd8]@2[0xffffff94][0x8]8[0xffffffc1]![0xffffffe1][0xffffffac][0xffffffa6]D[0xfffffff0][0x9][0xe]W[0xffffff9e],%[0xfffffff2]Np[0xffffffb8]j[0xffffffe5]([0xffffff91]r[0xffffff82]C[0xffffff8b]w[0xffffff83][0x12][0xffffffee][0x4][0xffffffc7][0xffffffd1][0x6][0xffffffb5]vy[0xffffffe0]'8[0xffffff8e][0xffffff80][0x13][0x1c][0xffffff87][0xfffffff9][0xffffffcc][0xffffffb8]0[0xffffffe0][0xffffffd8][0x9][0xffffff8e]C>$&)[0x11]r[0xffffff82][0xffffffc3][0x6][0xffffff92][0xffffffa1]D[0xffffffc0][0x9][0xe][0x9]g5%[0xffffff82]Op[0xffffffb8][0xfffffff2]d)[0xffffff91]w[0xffffff82][0xffffffc3]U+G[0xffffff89][0xffffff94][0x13][0x1c]Z[0xffffffbc][[0xffffff94][0xffffffe8]a[0xffffff94][0xffffff80][0xffffffef][0xffffffe0][0xfffffff8]z[0x2][0xffffff9e][0x12][0xffffffe0][0x1d][0x1c]_[0xffffffbf]NQ"[0xffffffe7][0xe][0xe][0x13]E[0xffffff8a][0x12]!wp[0xffffff98]X[0x12][0xffffff94]@[0xffffffef][0xffffffe0][0xffffff90][0xffffff88]fQ"[0xffffffeb][0xe][0xe][0xffffffdf][0xffffffa5]4%r[0xffffffee][0xffffffe0][0xffffffd0][0xffffffa6][0xffffffe5]([0xfffffff1][0xffffffd7]wp[0x1c][0xffffffee]0(K[0x9][0xfffffff8]0[0xffffffe8][0x11]p[0x18][0xfffffff4]0'[0xffffff96]J[0x3][0xe][0x1d][0x6]=[0xffffffe4]L[0x12]K[0xffffff89][0xffffff88][0xffffffc3][0xffffffa0]6[0xffffff90][0x14]%[0xfffffff0][0xffffffc3][0xffffffa0][0x12][0xffffffce]zJ[0xffffffc4][0x1e][0x6]u[0xffffffe5]IS"[0xffffffed]0[0xffffffa8][0xffffffab]V[0xffffff92][0x12][0x19][0xffffff87]A[0xffffffb5]x[0xffffffb7]([0xffffffd1][0xffffffee]0K[0xffffffb4][0x1b][0xffffffc7][0xffffffc4][0xffffffc7]#[0xfffffff0][0xffffff9a][0xfffffff8][0xfffffff1][0x10][0x14]'>~[0xffffff9e][0xfffffff2][0xffffffc4][0xfffffff7]O[0xffffffa7][0xffffff80]B[0xfffffff2]H[0xffffff89][0xffffffc2][0xffffffa4][0xffffff92]"[0xffffff85]d[0xffffff93]0[0xffffffc5][0xffffff92][0xffffffd0]zT,9[0xffffffcd]R[0xffffff85][0xffffffd6]([0xffffffcd][\n]"
14:21:23.221 [main] DEBUG org.apache.hc.client5.http.wire -- http-outgoing-1 << "[0xffffffd7][0xffffffaa][0xffffffb4]+[0xffffffb4]dIX[0xffffffac][0xffffff9d][0xffffffcb][0xffffffc9]b[0xffffffad][0xffffffe0]-Z[0xfffffff4][0x11]F[0xffffff8b]>pZ|<[0x2]O[0xffffff8b][0x1f][0xf]A[0xffffffd1][0xffffffe2][0xffffffe3][0xffffffe7])Z|[0xffffffff]t[\n]"
14:21:23.221 [main] DEBUG org.apache.hc.client5.http.wire -- http-outgoing-1 << "-$[0xffffff8f][0x14]-L*)ZH6[0x9]Z,[0x9][0xffffffad][0xffffffa7][0xffffffc5][0xffffff92][0xffffffd3],Zh[0xffffff8d][0xffffffd2][0xffffffb4]p[0xffffffad]J[0xffffffd3]BK[0xffffff96][0xffffffa4][0xffffffc5][0xffffffda][0xffffffb9][0x1c]-[0xffffffd6][\n]"
14:21:23.221 [main] DEBUG org.apache.hc.client5.http.wire -- http-outgoing-1 << "[0xffffffde][0xffffffa2][0xffffffc5]y[0xffffff84][0xffffffd1][0xffffffe2]<pZ|<[0x2]O[0xffffff8b][0x1f][0xf]A[0xffffffd1][0xffffffe2][0xffffffe3][0xffffffe7])Z|[0xffffffff]t[\n]"
14:21:23.221 [main] DEBUG org.apache.hc.client5.http.wire -- http-outgoing-1 << "-$[0xffffff8f][0x14]-L*)ZH6[0x9]Z,[0x9][0xffffffad][0xffffffa7][0xffffffc5][0xffffff92][0xffffffd3],Zh[0xffffff8d][0xffffffd2][0xffffffb4]p[0xffffffad]J[0xffffffd3]BK[0xffffff96][0xffffffa4][0xffffffc5][0xffffffda][0xffffffb9][0x1c]-[0xffffffd6][\n]"
14:21:23.222 [main] DEBUG org.apache.hc.client5.http.wire -- http-outgoing-1 << "[0xffffffde][0xffffffa2][0xffffffc5][0xffffff95][0xfffffff6][0x7][0xffffff91][0xffffff8b][0xffffffff][0xffffff83][0xffffffc8][0xffffff95][0xfffffff0][0x7][0xffffff91][0xffffff8b][0xfffffffd][0xffffff83][0xffffffc8][0xffffffc5][0xfffffffd]A[0xffffffe4][0xffffff8a][0xfffffffa][0xffffff83][0xffffff88][0xffffffe4][0xffffff91][0xffffffa2][0xffffff85]I%E[0xb][0xffffffc9]&A[0xffffff8b][0xffffff8b][0xfffffffe][0xffffff83][0xffffffc8][0xffffff95][0xfffffffc][0x7][0x11][0xffffffad]Q[0xffffff9a][0x16][0xffffffae]UiZh[0xffffffc9][0xffffff92][0xffffffb4]X;[0xffffff97][0xffffffa3][0xffffffc5]Z[0xffffffc1][[0xffffffb4][0xffffffb8][0xffffffd3][0xffffff8e][0xffffff80][0xffffffdc][0xfffffffc][0x19][0xffffff90];[0xffffffe1][0x10][0xffffffc8][0xffffffcd][0xffffff9e][0x2][0xffffffb9][0xffffffb9]c w[0xffffffd4]9[0x10][0xffffffc9]#E[0xb][0xffffff93]J[0xffffff8a][0x16][0xffffff92]M[0xffffff82][0x16]7}[0x16][0xffffffe4]N>[0xc][0xffffffa2]5J[0xffffffd3][0xffffffc2][0xffffffb5]*M[0xb]-Y[0xffffff92][0x16]k[0xffffffe7]r[0xffffffb4]X+x[0xffffff8b][0x16][0xffffffcf][0x13]F[0xffffff8b][0xffffffe7][0xffffffc1]i[0xfffffff1][0xfffffff1][0x8]<-~<[0x4]E[0xffffff8b][0xffffff8f][0xffffff9f][0xffffffa7]h[0xfffffff1][0xfffffffd][0xffffffd3])[0xffffffb4][0xffffff90]<R[0xffffffb4]0[0xffffffa9][0xffffffa4]h![0xffffffd9]$h[0xffffffb1]$[0xffffffb4][0xffffff9e][0x16]KN[0xffffffb3]h[0xffffffa1]5J[0xffffffd3][0xffffffc2][0xffffffb5]*M[0xb]-Y[0xffffff92][0x16]k[0xffffffe7]r[0xffffffb4]X+x[0xffffff8b][0x16]s[0xffffff86][0xffffffd1]bN[0xffffff9c][0x16][0x1f][0xffffff8f][0xffffffc0][0xffffffd3][0xffffffe2][0xffffffc7]CP[0xffffffb4][0xfffffff8][0xfffffff8]y[0xffffff8a][0x16][0xffffffdf]?[0xffffff9d]B[0xb][0xffffffc9]#E[0xb][0xffffff93]J[0xffffff8a][0x16][0xffffff92]M[0xffffff82][0x16]KB[0xffffffeb]i[0xffffffb1][0xffffffe4]4[0xffffff8b][0x16]Z[0xffffffa3]4-\[0xffffffab][0xffffffd2][0xffffffb4][0xffffffd0][0xffffff92]%i[0xffffffb1]v.G[0xffffff8b][0xffffffb5][0xffffff82][0xffffffb7]h[0xffffffd1]Z[0xffffff9a]->[0xffffff9e][0x8][0xffffffc7][0xffffffc5][0xffffffe7]3[0xfffffff0][0xffffffba][0xfffffff8][0xfffffff9][0x14][0x14]/>[0x7f][0xffffff9f][0xfffffff2][0xffffffc5][0xffffff8f][0xffffffdf]N[0x1][0xffffff86][0xffffff86][0xffffff92][0x12][0xffffff86][0xffffff8b]&E[0xc][\r](a[0xffffff8c]5[0xffffffa6][0xfffffff5][0xffffffc8]X[0xffffffc3][0xffffff9a][0xffffffa5][0xc]S[0xffffffa8]43l[0xffffffbf][0xffffffd2][0xffffffce]0uKBC[0xffffffda][0xffffff97][0xffffff93][0xffffff86][0xffffff94][0xfffffff1][0xffffff9f]P[0xffffffe3][0xfffffff9][0xfffffffe]W[0xffffffdc][0xffffffa5][0xffffffe7][0xffffffc7]}[0xffffff8d]rh[0xfffffffc]~[0x1e][0xffffff8a][0x19][0xffffffff]x[0x2][0xc][0x19][0xffffffcb]3[0x14][0x13][0xffffffe3][0x1f][0xffffffbf]^[0xc][0xffffff8c][0xffffffff][0xfffffffd]e[0xffffff98][0x17]o[0xffffffa3]X[0xffffff8c][0xffffff8b][0x7f][0x9]d1-[0xffffffde][0xffffffc6][0xffffffb2][0x10][0x16]o[0xffffffc2]Y[0xffffffc6][0xffffff8a]7[0x11][0xffffff8d]@[0xffffffc5][0xfffffffb][0xfffffff2][0xffffff84]H[0xfffffff1]o][\n]"
14:21:23.222 [main] DEBUG org.apache.hc.client5.http.wire -- http-outgoing-1 << "[0xffffff81][0xffffffe2]}[0xffffffb5][0x2][0xffffff9c]x[0xffffffd7][0xffffffb4][0xffffffe5][0xffffff98]xW[0xffffffbc][0x1b][0xffffff94]x[0xc]%[0xffffffae][0xffffffd7][0xffffffeb][0xffffffa2]([0xfffffff1][0xffffffe0][0xffffff94]x[0x2]([0xfffffff1]h[0xffffffde][0xb][0x3][0xfffffffe]`[0xffffff94]x[0xffffff92]([0xffffffa1]Qd([0xffffffe1][0x2][0xffffffc9]PBcYO[0xffffff89]5[0xffffff9c][0xffffffd5][0xffffff94]X#[0xffffff9a]D[0x9]S[0xffffff9e],%l[0xffffff97][0xffffffb2][0xffffff94]0[0xffffffd5][0xffffffca]QB[0xffffff9a][0xffffff96][0xffffffa2][0xffffff84][0x14][0xffffffef][0x6]%[0xffffffa6][0xffffffa3]D[0xffffff9b]/[0xffffff8a][0x12][0x13][0xffffffa7][0xffffffc4][0xc][0xffffffa0][0xffffffc4][0xffffffd4][0xffffffbc][0x17][0x6]|b[0xffffff94][0xffffff98]I[0xffffff94][0xffffffd0](2[0xffffff94]p[0xffffff81]d([0xffffffa1][0xffffffb1][0xffffffac][0xffffffa7][0xffffffc4][0x1a][0xffffffce]jJ[0xffffffac][0x11]M[0xffffffa2][0xffffff84])O[0xffffff96][0x12][0xffffffb6]KYJ[0xffffff98]j[0xffffffe5](!MKQB[0xffffff8a][0xfffffff7][0xffffffcf])q[0xffffffbe][0x1c]%[0xffffffae][0xffffffaf][0xffffff99],[0xffffff82][0x12][0xffffff9f][0xffffffcf][0xffffffc3]R[0xffffffe2][0xffffffeb][0x9]`J[0xfffffffc]z[0x6][0xffffff84][0x12]_[0xffffffbf][0xffffff8e]P[0xffffffe2][0xffffffe7]/GP[0xffffffc2]D[0x11][0xffffffa1][0xffffff84][\r]$B[0x9][0x13][0xffffffcb]rJH8[0xffffff8b])![0x11][\r][0xffffffa2][0xffffff84]+O[0xffffff94][0x12][0xffffffbe]KQJ[0xffffffb8]j[0xffffffc5]([0xffffffa1]M[0xb]QB[0xffffff8b]w[0xffffff83][0x12][0xffffffcd]Qb[0xffffffb4]NQ[0xffffffa2][0xffffffe1][0xffffff94]h[0x1][0xffffff94]h[0xffffff9a][0xfffffff7][0xffffffc2][0xffffff80]7[0xffffff8c][0x12]-[0xffffff89][0x12][0x1a]E[0xffffff86][0x12].[0xffffff90][0xc]%4[0xffffff96][0xfffffff5][0xffffff94]X[0xffffffc3]YM[0xffffff89]5[0xffffffa2]I[0xffffff94]0[0xffffffe5][0xffffffc9]R[0xffffffc2]v)K[0x9]S[0xffffffad][0x1c]%[0xffffffa4]i)JH[0xfffffff1]nP[0xffffffa2];J[0xffffffdc][0x13]{+[0xffffffd1]qJ[0xfffffff4][0x0]Jt[0xffffffcd]{a[0xffffffc0];F[0xffffff89][0xffffff9e]D[0x9][0xffffff8d]"C[0x9][0x17]H[0xffffff86][0x12][0x1a][0xffffffcb]zJ[0xffffffac][0xffffffe1][0xffffffac][0xffffffa6][0xffffffc4][0x1a][0xffffffd1]$J[0xffffff98][0xfffffff2]d)a[0xffffffbb][0xffffff94][0xffffffa5][0xffffff84][0xffffffa9]V[0xffffff8e][0x12][0xffffffd2][0xffffffb4][0x14]%[0xffffffa4]x7(q[0x18]J[0xffffff8c][0xfffffffe][0xffffffa2]Np|>[0xf]L[0xffffff89]#[0xffffff80][0x12][0xffffff87][0xffffffe6][0xffffffbd]0[0xffffffe0][0x7]F[0xffffff89]#[0xffffff89][0x12][0x1a]E[0xffffff86][0x12].[0xffffff90][0xc]%4[0xffffff96][0xfffffff5][0xffffff94]X[0xffffffc3]YM[0xffffff89]5[0xffffffa2]I[0xffffff94]0[0xffffffe5][0xffffffc9]R[0xffffffc2]v)K[0x9]S[0xffffffad][0x1c]%[0xffffffa4]i)JH[0xfffffff1]nP[0xffffffc2][0x1d][0x6][0x1d]g[0xffffffa3]>[0xffffffbb]<[0xfffffff1][0xffffffc3][0xffffffa0]g[0xffffffc0]a[0xffffffd0][0xffffffd3][0xffffff9c]X*[0xc]8v[0x18][0xfffffff4][0xffffff94]3I$%B[0xe][0xffffff83][0xffffffda]@2[0xffffff94][0x8]8[0xc]*[0xffffffe1][0xffffffac][0xffffffa6]D[0xfffffff0]aPW[0xffffff9e],%[0xfffffff2][0xe][0xffffff83][0xffffffba]j[0xffffffe5]([0xffffff91]r[0x18]T[0xffffff8b]w[0xffffff83][0x12][0xffffff8f][0xffffffa1][0xffffffc4]}[0x1c][0x18]%[0x1e][0xffffff9c][0x12]O[0x0]%[0x1e][0xffffffcd]{a[0xffffffc0][0x1f][0xffffff8c][0x12]O[0x12]%4[0xffffff8a][0xc]%\ [0x19]Jh,[0xffffffeb])[0xffffffb1][0xffffff86][0xffffffb3][0xffffff9a][0x12]kD[0xffffff93](a[0xffffffca][0xffffff93][0xffffffa5][0xffffff84][0xffffffed]R[0xffffff96][0x12][0xffffffa6]Z9JH[0xffffffd3]R[0xffffff94][0xffffff90][0xffffffe2][0xfffffffd]sJ\[0xffffffee][0x4][0xffffffc7][0xfffffffd]L[0xffffffea][0xffffffb3][0xffffffcb][0xb]?[0xffffffc1]q[0x5][0xffffff9c][0xffffffe0][0xffffffb8][0xffffffcc]g[0xffffffc6]u[0x1][0xffffffbf][0xffffffb0][0x13][0x1c][0xffffff97]|H[0xc]R[0xffffffc2]D[0x11][0xffffffa1][0xffffff84][\r]$B[0x9][0x13][0xffffffcb]rJH8[0xffffff8b])![0x11][\r][0xffffffa2][0xffffff84]+O[0xffffff94][0x12][0xffffffbe]KQJ[0xffffffb8]j[0xffffffc5]([0xffffffa1]M[0xb]QB[0xffffff8b]w[0xffffff83][0x12][0xffffffee][0x4][0xffffffc7][0xffffffd3][0xffffff8f][0xffffff9b][0xffffffa2][0x4]~[0xffffff82][0xffffffe3][\n]"
14:21:23.222 [main] DEBUG org.apache.hc.client5.http.wire -- http-outgoing-1 << "8[0xffffffc1]q[0xffffff99][0xffffffcf][0xffffff8c][0xb][0x3][0xffffff8e][0xffffff9d][0xffffffe0][0xffffffb8][0xffffffe4]Cb[0xffffff92][0x12]!'8l [0x19]J[0x4][0xffffff9c][0xffffffe0][0xffffff90]pVS"[0xfffffff8][0x4][0xffffff87]+O[0xffffff96][0x12]y'8\[0xffffffb5]r[0xffffff94]H9[0xffffffc1][0xffffffa1][0xffffffc5][0xffffffbb]A[0x9]w[0xffffff82][0xffffffe3][0xffffffe9]_W[0xffffff82]![0xffffff94][0xffffffc0]Op\[0x1]'8.[0xfffffff3][0xffffff99]qa[0xffffffc0][0xffffffb1][0x13][0x1c][0xffffff97]|HLR"[0xffffffe4][0x4][0xffffff87][\r]$C[0xffffff89][0xffffff80][0x13][0x1c][0x12][0xffffffce]jJ[0x4][0xffffff9f][0xffffffe0]p[0xffffffe5][0xffffffc9]R"[0xffffffef][0x4][0xffffff87][0xffffffab]V[0xffffff8e][0x12])'8[0xffffffb4]x7([0xffffffe1]Np<[0xffffffc7][0xb][0xfffffffb][0x3][0x7]~[0xffffff82][0xffffffe3][\n]"
14:21:23.222 [main] DEBUG org.apache.hc.client5.http.wire -- http-outgoing-1 << "8[0xffffffc1]q[0xffffff99][0xffffffcf][0xffffff8c][0xb][0x3][0xffffff8e][0xffffff9d][0xffffffe0][0xffffffb8][0xffffffe4]Cb[0xffffff92][0x12]!'8l [0x19]J[0x4][0xffffff9c][0xffffffe0][0xffffff90]pVS"[0xfffffff8][0x4][0xffffff87]+O[0xffffff96][0x12]y'8\[0xffffffb5]r[0xffffff94]H9[0xffffffc1][0xffffffa1][0xffffffc5][0xffffffbb]A[0x9]w[0xffffff82][0xffffffe3]9[0xe][0xffffff8c][0x12][0xfffffff8][0x9][0xffffff8e]+[0xffffffe0][0x4][0xffffffc7]e>3.[0xc]8v[0xffffff82][0xffffffe3][0xffffff92][0xf][0xffffff89]IJ[0xffffff84][0xffffff9c][0xffffffe0][0xffffffb0][0xffffff81]d([0x11]p[0xffffff82]C[0xffffffc2]YM[0xffffff89][0xffffffe0][0x13][0x1c][0xffffffae]<YJ[0xffffffe4][0xffffff9d][0xffffffe0]p[0xffffffd5][0xffffffca]Q"[0xffffffe5][0x4][0xffffff87][0x16][0xffffffef][0x6]%.K[0x9][0xffffffee][0xf][0x1c][0x17]N[0xffffff89]+[0xffffff80][0x12][0xffffff97][0xffffffe6][0xffffffbd]0[0xffffffe0][0x17]F[0xffffff89]+[0xffffff89][0x12][0x1a]E[0xffffff86][0x12].[0xffffff90][0xc]%4[0xffffff96][0xfffffff5][0xffffff94]X[0xffffffc3]YM[0xffffff89]5[0xffffffa2]I[0xffffff94]0[0xffffffe5][0xffffffc9]R[0xffffffc2]v)K[0x9]S[0xffffffad][0x1c]%[0xffffffa4]i)JH[0xfffffff1]nQ[0xffffffa2][0xffffff87]Q[0xffffffa2][0xffffffe3][0xffffff94][0xffffffe8][0x1][0xffffff94][0xffffffe8](%:F[0xffffff89][0xffffff9e]D[0xffffff89]5[0xffffff8a][0x14]%4[0xffffff90][0x14]%[0xffffffd6]X[0x12][0xffffff94][0xffffffe8]0%z0%[0xffffffa4]<iJ[0xffffff98].[0xffffffa5])![0xffffffd5]JR[0xffffffa2][0xffffffa7]P[0xffffffa2][0xffffffff]5%[0xffffff86][0xffffffa3][0xffffffc4]u>[0x14]%[0x6]N[0xffffff89][0x11]@[0xffffff89][0xffffffa1]y/[0xc][0xfffffff8][0xffffffc0](1[0xffffff92]([0xffffffa1]Qd([0xffffffe1][0x2][0xffffffc9]PBcYO[0xffffff89]5[0xffffff9c][0xffffffd5][0xffffff94]X#[0xffffff9a]D[0x9]S[0xffffff9e],%l[0xffffff97][0xffffffb2][0xffffff94]0[0xffffffd5][0xffffffca]QB[0xffffff9a][0xffffff96][0xffffffa2][0xffffff84][0x14][0xffffffef][0x6]%[0xffffffdc]%[0xffffffe3]s[0x1c][0x18]%[0xfffffff0]K[0xffffffc6][0xffffffaf][0xffffff80]K[0xffffffc6]/s[0x13]na[0xffffffc0][0xffffffb1]K[0xffffffc6]/[0xffffffb9][0xffffffeb][0xffffff96][0xffffffa4]D[0xffffffc8]%[0xffffffe3]6[0xffffff90][0xc]%[0x2].[0x19][0xffffff97]pVS"[0xfffffff8][0xffffff92]qW[0xffffff9e],%[0xfffffff2].[0x19]w[0xffffffd5][0xffffffca]Q"[0xffffffe5][0xffffff92]q-[0xffffffde]?[0xffffffa7][0xffffffc4]p[0x13]U[0xfffffff3][0xffffffee][0xffffffd4][0xffffffda][0xffffffe5][0xffffffc0]'[0xffffffaa]F[0xffffffc0]D[0xffffffd5]0;*u[0x1][0x1f][0xffffffd8]D[0xffffffd5][0xffffff90][0xffffffa5][0x14][0xffffff90][0x12]&[0xffffff8a][0x8]%l [0x11]J[0xffffff98]X[0xffffff96]SB[0xffffffc2]YL[0x9][0xffffff89]h[0x10]%\y[0xffffffa2][0xffffff94][0xfffffff0]][0xffffff8a]R[0xffffffc2]U+F[0x9]mZ[0xffffff88][0x12]Z[0xffffffbc][0x1b][0xffffff94]0[0xffffffbb][0x12][0xfffffffd][0xffffffc5][\r]g[0xf]|Wb[0x4][0xffffffec]J[0xc]s[0xfffffff8][0xffffffb9]0[0xffffffe0][0xffffffd8][0xffffffae][0xffffffc4][0xffffff90][0xffffffe3][0xffffffcd]$%Bv%l [0x19]J[0x4][0xffffffec]JH8[0xffffffab])[0x11][0xffffffbc]+[0xffffffe1][0xffffffca][0xffffff93][0xffffffa5]D[0xffffffde][0xffffffae][0xffffff84][0xffffffab]V[0xffffff8e][0x12])[0xffffffbb][0x12]Z[0xffffffbc][0x1b][0xffffff94]0[0xffffff87]A[0xfffffffb]k[0x1e][0xffffff8d][0xffffffa2][0x4]~[0x18]t[0x4][0x1c][0x6][0x1d][0xffffffe6][0xffffffc4]Ra[0xffffffc0][0xffffffb1][0xffffffc3][0xffffffa0]C[0xffffffce]$[0xffffff91][0xffffff94][0x8]9[0xc]j[0x3][0xffffffc9]P"[0xffffffe0]0[0xffffffa8][0xffffff84][0xffffffb3][0xffffff9a][0x12][0xffffffc1][0xffffff87]A]y[0xffffffb2][0xffffff94][0xffffffc8];[0xc][0xffffffea][0xffffffaa][0xffffff95][0xffffffa3]D[0xffffffca]aP-[0xffffffde][\r]J[0xffffff98][0xffffffc3][0xffffffa0][0xffffffbd][0xfffffff5][0xffffff89]Q[0x2]?[0xc]:[0x2][0xe][0xffffff83][0xe]sb[0xffffffa9]0[0xffffffe0][0xffffffd8]a[0xffffffd0]!g[0xffffff92]HJ[0xffffff84][0x1c][0x6][0xffffffb5][0xffffff81]d([0x11]p[0x18]T[0xffffffc2]YM[0xffffff89][0xffffffe0][0xffffffc3][0xffffffa0][0xffffffae]<YJ[0xffffffe4][0x1d][0x6]u[0xffffffd5][0xffffffca]Q"[0xffffffe5]0[0xffffffa8][0x16][0xffffffef][0x6]%nG[0xffffff89]cR[0xffffff9f]]~>[0xf]L[0xffffff89];[0xffffff80][0x12][0xffffffb7][0xffffffe6][0xffffffbd]0[0xffffffe0]7F[0xffffff89];[0xffffff89][0x12][0x1a]E[0xffffff86][0x12].[0xffffff90][0xc]%4[0xffffff96][0xfffffff5][0xffffff94]X[0xffffffc3]YM[0xffffff89]5[0xffffffa2]I[0xffffff94]0[0xffffffe5][0xffffffc9]R[0xffffffc2]v)K[0x9]S[0xffffffad][0x1c]%[0xffffffa4]i)JH[0xfffffff1]nP[0xffffffe2]q[0xffffff94]8[0xffffffb1][0xffffffeb][0xffffffbc]>[0xffffff9f][0x7][0xffffffa6][0xffffffc4][0x13]@[0xffffff89]G[0xfffffff3]^[0x18][0xfffffff0][0x7][0xffffffa3][0xffffffc4][0xffffff93]D[0x9][0xffffff8d]"C[0x9][0x17]H[0xffffff86][0x12][0x1a][0xffffffcb]zJ[0xffffffac][0xffffffe1][0xffffffac][0xffffffa6][0xffffffc4][0x1a][0xffffffd1]$J[0xffffff98][0xfffffff2]d)a[0xffffffbb][0xffffff94][0xffffffa5][0xffffff84][0xffffffa9]V[0xffffff8e][0x12][0xffffffd2][0xffffffb4][0x14]%[0xffffffa4]x[0xffffffff][0xffffff9c][0x12][0xffffffb7]9[0xffffffc1][0xffffffd1][0xffffffdb][0xffffffb8]N[0xffffff88][0x12]7~[0xffffff82][0xffffffe3][0xe]8[0xffffffc1]q[0xffffff9b][0xffffffcf][0xffffff8c][0xffffffeb][0x2]~c'8n[0xfffffff9][0xffffff90][0x18][0xffffffa4][0xffffff84][0xffffff89]"B[0x9][0x1b]H[0xffffff84][0x12]&[0xffffff96][0xffffffe5][0xffffff94][0xffffff90]p[0x16]SB"[0x1a]D[0x9]W[0xffffff9e](%|[0xffffff97][0xffffffa2][0xffffff94]p[0xffffffd5][0xffffff8a]QB[0xffffff9b][0x16][0xffffffa2][0xffffff84][0x16][0xffffffef][0x6]%[0xffffffcc]%[0xffffffe3][0xffffffbd][0xffffffcd][0xffffff8b]z+q[0xffffffe3][0xffffff97][0xffffff8c][0xffffffdf][0x1][0xffffff97][0xffffff8c][0xffffffdf][0xffffffe6]&[0xffffffdc][0xffffffc2][0xffffff80]c[0xffffff97][0xffffff8c][0xffffffdf]r[0xffffffd7]-I[0xffffff89][0xffffff90]K[0xffffffc6]m [0x19]J[0x4]\2.[0xffffffe1][0xffffffac][0xffffffa6]D[0xfffffff0]%[0xffffffe3][0xffffffae]<YJ[0xffffffe4]]2[0xffffffee][0xffffffaa][0xffffff95][0xffffffa3]D[0xffffffca]%[0xffffffe3]Z[0xffffffbc][0x1b][0xffffff94]p[0xffffff87]A{[0xffffffbb][0xffffffa8][0xffffffcf].o[0xfffffffc]0[0xffffffe8][0x1d]p[0x18][0xfffffff4]6'[0xffffff96][\n]"
14:21:23.222 [main] DEBUG org.apache.hc.client5.http.wire -- http-outgoing-1 << "[0x3][0xffffff8e][0x1d][0x6][0xffffffbd][0xffffffe5]L[0x12]I[0xffffff89][0xffffff90][0xffffffc3][0xffffffa0]6[0xffffff90][0xc]%[0x2][0xe][0xffffff83]J8[0xffffffab])[0x11]|[0x18][0xffffffd4][0xffffff95]'K[0xffffff89][0xffffffbc][0xffffffc3][0xffffffa0][0xffffffae]Z9J[0xffffffa4][0x1c][0x6][0xffffffd5][0xffffffe2][0xffffffdd][0xffffffa0][0xffffff84][0xffffffb9]d[0xffffffbc][0xfffffff7][0xb][0xffffff9b][0xffffffa8][0xffffffba][0xfffffff1]K[0xffffffc6][0xffffffef][0xffffff80]K[0xffffffc6]os[0x13]na[0xffffffc0][0xffffffb1]K[0xffffffc6]o[0xffffffb9][0xffffffeb][0xffffff96][0xffffffa4]D[0xffffffc8]%[0xffffffe3]6[0xffffff90][0xc]%[0x2].[0x19][0xffffff97]pVS"[0xfffffff8][0xffffff92]qW[0xffffff9e],%[0xfffffff2].[0x19]w[0xffffffd5][0xffffffca]Q"[0xffffffe5][0xffffff92]q-[0xffffffde][\r]J[0xffffffb8]][0xffffff89]~cwp[0xffffffdc][0xfffffff8][0xffffffae][0xffffffc4][0x1d][0xffffffb0]+q[0xffffff9b][0xffffffc3][0xffffffcf][0xffffff85][0x1][0xffffffc7]v%n9[0xffffffde]LR"dW[0xffffffc2][0x6][0xffffff92][0xffffffa1]D[0xffffffc0][0xffffffae][0xffffff84][0xffffff84][0xffffffb3][0xffffff9a][0x12][0xffffffc1][0xffffffbb][0x12][0xffffffae]<YJ[0xffffffe4][0xffffffed]J[0xffffffb8]j[0xffffffe5]([0xffffff91][0xffffffb2]+[0xffffffa1][0xffffffc5][0xffffffbb]A[0x9][0xffffffb7]+q[0xffffffb4][0x13]{+[0xffffff81][0xffffffef]J[0xffffffdc][0x1][0xffffffbb][0x12][0xffffffb7]9[0xfffffffc]\[0x18]plW[0xffffffe2][0xffffff96][0xffffffe3][0xffffffcd]$%Bv%l [0x19]J[0x4][0xffffffec]JH8[0xffffffab])[0x11][0xffffffbc]+[0xffffffe1][0xffffffca][0xffffff93][0xffffffa5]D[0xffffffde][0xffffffae][0xffffff84][0xffffffab]V[0xffffff8e][0x12])[0xffffffbb][0x12]Z[0xffffffbc][0x1b][0xffffff94][0x18][0xffffff8e][0x12]G[0xffffffc3]>[0xffffffbb][0x1c]8%F[0x0]%[0xffffff86][0xffffffe6][0xffffffbd]0[0xffffffe0][0x3][0xffffffa3][0xffffffc4]H[0xffffffa2][0xffffff84]F[0xffffff91][0xffffffa1][0xffffff84][0xb]$C[0x9][0xffffff8d]e=%[0xffffffd6]pVSb[0xffffff8d]h[0x12]%Ly[0xffffffb2][0xffffff94][0xffffffb0]][0xffffffca]R[0xffffffc2]T+G[0x9]iZ[0xffffff8a][0x12]R[0xffffffbc][0x1b][0xffffff94]p[0x13]U[0xffffffc7][0xffffffd5][0xffffffb0][0xffffffcf].[0xfffffff1][0xffffff89][0xffffffaa];`[0xffffffa2][0xffffffea]6;*[0xffffff85][0x1][0xffffffc7]&[0xffffffaa]nYJ!)[0x11]2Qe[0x3][0xffffffc9]P"`[0xffffffa2]J[0xffffffc2]YM[0xffffff89][0xffffffe0][0xffffff89]*W[0xffffff9e],%[0xfffffff2]&[0xffffffaa]\[0xffffffb5]r[0xffffff94]H[0xffffff99][0xffffffa8][0xffffffd2][0xffffffe2][0xffffffdd][0xffffffa0][0xffffffc4][0xffffffe3](1[0x1e][0xffffffec][0xf][0x1c][0xf]N[0xffffff89]'[0xffffff80][0x12][0xffffff8f][0xffffffe6][0xffffffbd]0[0xffffffe0][0xf]F[0xffffff89]'[0xffffff89][0x12][0x1a]E[0xffffff86][0x12].[0xffffff90][0xc]%4[0xffffff96][0xfffffff5][0xffffff94]X[0xffffffc3]YM[0xffffff89]5[0xffffffa2]I[0xffffff94]0[0xffffffe5][0xffffffc9]R[0xffffffc2]v)K[0x9]S[0xffffffad][0x1c]%[0xffffffa4]i)JH[0xfffffff1]nPb:J<mR[0xffffff94][0xffffff98]8%[0xffffffa6][0xffffff8b][0x7f]q[0xffffffde][0xffffffa7][0xffffffe6][0xffffffbd]0[0xffffffe0][0x13][0xffffffa3][0xffffffc4]L[0xffffffa2][0xffffff84]F[0xffffff91][0xffffffa1][0xffffff84][0xb]$C[0x9][0xffffff8d]e=%[0xffffffd6]pVSb[0xffffff8d]h[0x12]%Ly[0xffffffb2][0xffffff94][0xffffffb0]][0xffffffca]R[0xffffffc2]T+G[0x9]iZ[0xffffff8a][0x12]R[0xffffffbc][0x7f]N[0xffffff89][0xffffffc7][0xffffffad]][0x1e][0xffffffcf]= J<[0xfffffff8][0xffffffda][0xffffffe5][0x13][0xffffffb0]v[0xfffffff9][0xffffff98]I[0xffffffb6][0xffffffba][0xffffff80]?[0xffffffd8][0xffffffda][0xffffffe5]#[0xffffffa3]k %L[0x14][0x11]J[0xffffffd8]@"[0xffffff94]0[0xffffffb1],[0xffffffa7][0xffffff84][0xffffff84][0xffffffb3][0xffffff98][0x12][0x12][0xffffffd1] J[0xffffffb8][0xfffffff2]D)[0xffffffe1][0xffffffbb][0x14][0xffffffa5][0xffffff84][0xffffffab]V[0xffffff8c][0x12][0xffffffda][0xffffffb4][0x10]%[0xffffffb4]x7([0xffffffe1][0xffffffd6].[0xffffff8f][0xffffffd9][0xffffffa9]o%[0x1e]|[0xffffffed][0xfffffff2][0x9]X[0xffffffbb]|[0xffffffcc]$[a[0xffffffc0][0xffffffb1][0xffffffb5][0xffffffcb]GF[0xffffffd7]HJ[0xffffff84][0xffffffac]][0xffffffda]@2[0xffffff94][0x8]X[0xffffffbb][0xffffff94]pVS"x[0xffffffed][0xffffffd2][0xffffff95]'K[0xffffff89][0xffffffbc][0xffffffb5]KW[0xffffffad][0x1c]%R[0xffffffd6].[0xffffffb5]x7([0xffffffe1][0xffffffd6].[0xffffff8f][0xffffff89][0xffffffdd][0xffffffc1][0xfffffff1][0xffffffe0]k[0xffffff97]O[0xffffffc0][0xffffffda][0xffffffe5]c&[0xffffffd9][\n]"
14:21:23.222 [main] DEBUG org.apache.hc.client5.http.wire -- http-outgoing-1 << "[0x3][0xffffff8e][0xffffffad]]]]><![CDATA[>2[0xffffffba]FR"d[0xffffffed][0xffffffd2][0x6][0xffffff92][0xffffffa1]D[0xffffffc0][0xffffffda][0xffffffa5][0xffffff84][0xffffffb3][0xffffff9a][0x12][0xffffffc1]k[0xffffff97][0xffffffae]<YJ[0xffffffe4][0xffffffad]][0xffffffba]j[0xffffffe5]([0xffffff91][0xffffffb2]v[0xffffffa9][0xffffffc5][0xffffffbb]A[0x9][0xffffffb7]vy[0xffffffcc][0xffffff89][0xfffffffd][0xffffff81][0x3]_[0xffffffbb]|[0x2][0xffffffd6].[0x1f]3[0xffffffc9]V[0x18]pl[0xffffffed][0xfffffff2][0xffffff91][0xffffffd1]5[0xffffff92][0x12]!k[0xffffff97]6[0xffffff90][0xc]%[0x2][0xffffffd6].%[0xffffff9c][0xffffffd5][0xffffff94][0x8]^[0xffffffbb]t[0xffffffe5][0xffffffc9]R"o[0xffffffed][0xffffffd2]U+G[0xffffff89][0xffffff94][0xffffffb5]K-[0xffffffde][\r]J[0xffffffb8][0xffffff89][0xffffffaa][0xfffffff3][0xffffffe4][0xffffffde]J[0xffffffe0][0x13]UO[0xffffffc0]D[0xffffffd5]cvT[\n]"
14:21:23.222 [main] DEBUG org.apache.hc.client5.http.wire -- http-outgoing-1 << "[0x3][0xffffff8e]MT=[0xffffffb2][0xffffff94]BR"d[0xffffffa2][0xffffffca][0x6][0xffffff92][0xffffffa1]D[0xffffffc0]D[0xffffff95][0xffffff84][0xffffffb3][0xffffff9a][0x12][0xffffffc1][0x13]U[0xffffffae]<YJ[0xffffffe4]MT[0xffffffb9]j[0xffffffe5]([0xffffff91]2Q[0xffffffa5][0xffffffc5][0xffffffbb]A[0x9][0xffffffb7]+q}[0xfffffffc][0xffffff87][0xffffffa2][0x4][0xffffffbe]+[0xfffffff1][0x4][0xffffffec]J<[0xffffffe6][0xfffffff0]sa[0xffffffc0][0xffffffb1]][0xffffff89]G[0xffffff8e]7[0xffffff93][0xffffff94][0x8][0xffffffd9][0xffffff95][0xffffffb0][0xffffff81]d([0x11][0xffffffb0]+![0xffffffe1][0xffffffac][0xffffffa6]D[0xfffffff0][0xffffffae][0xffffff84]+O[0xffffff96][0x12]y[0xffffffbb][0x12][0xffffffae]Z9J[0xffffffa4][0xffffffec]Jh[0xfffffff1]nP[0xffffffe2]q[0xffffff94]8O[0xffffffec][0xffffffad][0xffffffc4][0xffffff83]S[0xffffffe2][0x9][0xffffffa0][0xffffffc4][0xffffffa3]y/[0xc][0xfffffff8][0xffffff83]Q[0xffffffe2]I[0xffffffa2][0xffffff84]F[0xffffff91][0xffffffa1][0xffffff84][0xb]$C[0x9][0xffffff8d]e=%[0xffffffd6]pVSb[0xffffff8d]h[0x12]%Ly[0xffffffb2][0xffffff94][0xffffffb0]][0xffffffca]R[0xffffffc2]T+G[0x9]iZ[0xffffff8a][0x12]R[0xffffffbc][0x1b][0xffffff94]p[0xffffffbb][0x12][0xffffffd7][0xffffffdd][0xe][0xffffff8a][0x12][0xfffffff8][0xffffffae][0xffffffc4][0x13][0xffffffb0]+[0xfffffff1][0xffffff98][0xffffffc3][0xffffffcf][0xffffff85][0x1][0xffffffc7]v%[0x1e]9[0xffffffde]LR"dW[0xffffffc2][0x6][0xffffff92][0xffffffa1]D[0xffffffc0][0xffffffae][0xffffff84][0xffffff84][0xffffffb3][0xffffff9a][0x12][0xffffffc1][0xffffffbb][0x12][0xffffffae]<YJ[0xffffffe4][0xffffffed]J[0xffffffb8]j[0xffffffe5]([0xffffff91][0xffffffb2]+[0xffffffa1][0xffffffc5][0xfffffffb][0xffffffe7][0xffffff94][0xffffff98][0xffffffee]0[0xffffffe8]8[0x1f][0xffffff8a][0x12][0x13]?[0xc]:[0x3][0xe][0xffffff83]Nsb[0xffffffa9].[0xffffffe0][0x13];[0xc]:[0xffffffe5]L[0x12]H[0x9][0x13]E[0xffffff84][0x12]6[0xffffff90][0x8]%L,[0xffffffcb])![0xffffffe1],[0xffffffa6][0xffffff84]D4[0xffffff88][0x12][0xffffffae]<QJ[0xfffffff8].E)[0xffffffe1][0xffffffaa][0x15][0xffffffa3][0xffffff84]6-D[0x9]-[0xffffffde][\r]J[0xffffffb8][0xffffffc3][0xffffffa0][0xffffffe3]>[0xffffffa8]o%&~[0x18]t[0x6][0x1c][0x6][0xffffff9d][0xffffffe6][0xffffffc4]Ra[0xffffffc0][0xffffffb1][0xffffffc3][0xffffffa0]S[0xffffffce]$[0xffffff91][0xffffff94][0x8]9[0xc]j[0x3][0xffffffc9]P"[0xffffffe0]0[0xffffffa8][0xffffff84][0xffffffb3][0xffffff9a][0x12][0xffffffc1][0xffffff87]A]y[0xffffffb2][0xffffff94][0xffffffc8];[0xc][0xffffffea][0xffffffaa][0xffffff95][0xffffffa3]D[0xffffffca]aP-[0xffffffde][\r]J[0xffffff9c][0xffffff86][0x12]w[0x1b][0x17]E[0xffffff89][0x13][0xffffffa7][0xffffffc4][0xffffffe9][0xffffffe2]_[0xffffff9c][0xfffffff7]S[0xfffffff3]^[0x18][0xfffffff0][0x13][0xffffffa3][0xffffffc4][0xffffff99]D[0x9][0xffffff8d]"C[0x9][0x17]H[0xffffff86][0x12][0x1a][0xffffffcb]zJ[0xffffffac][0xffffffe1][0xffffffac][0xffffffa6][0xffffffc4][0x1a][0xffffffd1]$J[0xffffff98][0xfffffff2]d)a[0xffffffbb][0xffffff94][0xffffffa5][0xffffff84][0xffffffa9]V[0xffffff8e][0x12][0xffffffd2][0xffffffb4][0x14]%[0xffffffa4]x7([0xffffffe1][0xe][0xffffff83][0xffffffde][0xfffffffd][0xffffff85]Q[0x2]?[0xc]:[0x3][0xe][0xffffff83]Nsb[0xffffffa9]0[0xffffffe0][0xffffffd8]a[0xffffffd0])g[0xffffff92]HJ[0xffffff84][0x1c][0x6][0xffffffb5][0xffffff81]d([0x11]p[0x18]T[0xffffffc2]YM[0xffffff89][0xffffffe0][0xffffffc3][0xffffffa0][0xffffffae]<YJ[0xffffffe4][0x1d][0x6]u[0xffffffd5][0xffffffca]Q"[0xffffffe5]0[0xffffffa8][0x16][0xffffffef][0x6]%[0xffffff86][0xffffffa5][0xffffffc4][0xffffff85]Qb[0xffffffe0][0xffffff94][0x18].[0xfffffffe][0xffffffc5]y[0x1f][0xffffff9a][0xfffffff7][0xffffffc2][0xffffff80][0xf][0xffffff8c][0x12]#[0xffffff89][0x12][0x1a]E[0xffffff86][0x12].[0xffffff90][0xc]%4[0xffffff96][0xfffffff5][0xffffff94]X[0xffffffc3]YM[0xffffff89]5[0xffffffa2]I[0xffffff94]0[0xffffffe5][0xffffffc9]R[0xffffffc2]v)K[0x9]S[0xffffffad][0x1c]%[0xffffffa4]i)JH[0xfffffff1]nP[0xffffffc2][0xffffffed]J[0xffffffdc][0xffffffc7][0xffffff8b]Z[0xffffffbb][0xffffff9c][0xfffffff8][0xffffffae][0xffffffc4][0xc][0xffffffd8][0xffffff95][0xffffff98][0xffffffe6][0xfffffff0]sa[0xffffffc0][0xffffffb1]][0xffffff89])[0xffffffc7][0xffffff9b]IJ[0xffffff84][0xffffffec]J[0xffffffd8]@2[0xffffff94][0x8][0xffffffd8][0xffffff95][0xffffff90]pVS"xW[0xffffffc2][0xffffff95]'K[0xffffff89][0xffffffbc]][0x9]W[0xffffffad][0x1c]%Rv%[0xffffffb4]x7([0xffffffe1][0xe][0xffffff83][0xffffffde][0xffffffb3]c[0xffffff9f]][0xffffffe2][0xffffff87]Ag[0xffffffc0]a[0xffffffd0]iN,[0x15][0x6][0x1c];[0xc]:[0xffffffe5]L[0x12]I[0xffffff89][0xffffff90][0xffffffc3][0xffffffa0]6[0xffffff90][0xc]%[0x2][0xe][0xffffff83]J8[0xffffffab])[0x11]|[0x18][0xffffffd4][0xffffff95]'K[0xffffff89][0xffffffbc][0xffffffc3][0xffffffa0][0xffffffae]Z9J[0xffffffa4][0x1c][0x6][0xffffffd5][0xffffffe2][0xfffffffd]cJ[0xffffff8c][0xffffff97][0xffffffbb]d[0xfffffffc]i[0x14]%[0xffffffbe][0xffffff9e][0x7][0xffffffa5][0xffffffc4][0xfffffff7][0x13][0xffffffb0][0xffffff94][0xfffffff8][0xfffffffd][0xc][0x4]%[0xffffffbe][0x7f][0xffffff9d][0xffffffa0][0xffffffc4][0xffffffaf]_N[0xffffffa0][0xffffff84][0xffffff8b]"A[0x9][0x1f]H[0xffffff82][0x12].[0xffffff96][0xffffffd5][0xffffff94][0xffffffd0]p[0xffffffd6]RB#[0xffffff9a]C[0x9][[0xffffff9e]$%[0xffffffde]t)I[0x9][[0xffffffad][0x14]%L[0xffffffd3]2[0xffffff94]0[0xffffffc5][0xffffffbb]A[0x9][0xffffffb7]+[0xfffffff1]\[0xfffffff3][0xffffffa1](A[0xffffffef]J|?[0x1]M[0x9]rW[0xffffffe2][0xfffffffb][0xffffffd7][0x19]J[0x4][0xffffffed]J[0xffffffb8](2[0xffffff94]H[0xffffffd9][0xffffff95]p[0xffffffb1][0xffffffac][0xffffffa7][0x4][0xffffffbb]+[0xffffffa1][0x11]M[0xffffffa2]D[0xffffffd8][0xffffffae][0xffffffc4][0xffffff9b].e)[0x11][0xffffffb4]+a[0xffffff9a][0xffffff96][0xffffffa2][0xffffffc4][0xffffffdf][0xffffffef]J|[0xfffffffe][0x1b]=[0xffffff8c][0x12][0x1d][0xffffffa7]D[0xf][0xffffffa0]DG)[0xffffffd1]1J[0xfffffff4]$J[0xffffffac]Q[0xffffffa4]([0xffffffa1][0xffffff81][0xffffffa4]([0xffffffb1][0xffffffc6][0xffffff92][0xffffffa0]D[0xffffff87])[0xffffffd1][0xffffff83])![0xffffffe5]IS[0xffffffc2]t)M[0x9][0xffffffa9]V[0xffffff92][0x12]=[0xffffff85][0x12][0xfffffffd][0xffffffaf])[0xffffffe1]&[0xffffffaa][0xffffff9e][0xffffffa7][0xffffff9f][0x14]%[0xffffffe8][0xffffff89][0xffffffaa][0xffffffef]'[0xffffffa0])ANT}[0xffffffff]:C[0xffffff89][0xffffffa0][0xffffff89]*[0x17]E[0xffffff86][0x12])[0x13]U.[0xffffff96][0xfffffff5][0xffffff94]`'[0xffffffaa]4[0xffffffa2]I[0xffffff94][0x8][0xffffff9b][0xffffffa8]z[0xffffffd3][0xffffffa5],%[0xffffff82]&[0xffffffaa]L[0xffffffd3]R[0xffffff94][0xfffffff8][0xfffffffb][0xffffff89][0xffffffaa][0xffffffcf][0x7f][0xffffffc3][0xffffffbc][0xffffff95]@)A[0xffffffbf][0xffffff95][0xffffffe8][0x1]o%[0xffffffba][0xffffffd2][0xffffffb9]4[0xffffffe0][0xffffffd4][[0xffffff89][0xffffff9e][0xfffffff4]VB[0xffffffa3]HQ"[0xffffffe5][0xffffffad][0xffffff84][0xffffffc6][0xffffff92][0xffffffa0][0x4][0xfffffffb]Vb[0xffffff8d]h[0x16]%[0xffffffc2][0xffffffde]J[0xffffffd8].[0xffffffa5])[0x11][0xfffffff4]VB[0xffffff9a][0xffffff96][0xffffffa3][0xffffffc4][0xffffffdf][0xffffffbf][0xffffff95]8[0xffffffcc][[0xffffff89][0xffffffd9][0xffffffef][0x17]E[0xffffff89][0x3][0x7f]+q[0x4][0xffffffbc][0xffffff95]8[0xffffff94][0xffffffce][0xffffff85][0x1]?[0xffffffb0][0xffffffb7][0x12]G[0xffffffd2][[0x9][0xffffff8d]"C[0x9][0x17]H[0xffffff86][0x12][0x1a][0xffffffcb]zJ[0xffffffac][0xffffffe1][0xffffffac][0xffffffa6][0xffffffc4][0x1a][0xffffffd1]$J[0xffffff98][0xfffffff2]d)a[0xffffffbb][0xffffff94][0xffffffa5][0xffffff84][0xffffffa9]V[0xffffff8e][0x12][0xffffffd2][0xffffffb4][0x14]%[0xffffffa4]x7([0xffffffe1][0xffffff86][0xffffffb3][0xffffffe7]9[0x1a]E[0x9]z8[0xfffffffb][0xfffffffb][0x9]hJ[0xffffff90][0xffffffc3][0xffffffd9][0xffffffdf][0xffffffbf][0xffffffce]P"h8[0xffffffdb]E[0xffffff91][0xffffffa1]D[0xffffffca]p[0xffffffb6][0xffffff8b]e=%[0xffffffd8][0xffffffe1]l[0xffffff8d]h[0x12]%[0xffffffc2][0xffffff86][0xffffffb3][0xffffffdf]t)K[0xffffff89][0xffffffa0][0xffffffe1]l[0xffffffd3][0xffffffb4][0x14]%[0xfffffffe]~8{[0xffffffbc][0xffffffdc]p[0xfffffff6][0x1c][0x13]Z[0xffffffbb][0xfffffffc]z[0x1e][0xffffff98][0x12][0xfffffffc]p[0xfffffff6][0xffffffef]g`(A[\r]g[0xffffffff][0xfffffffa]"
14:21:23.227 [main] DEBUG org.apache.hc.client5.http.wire -- http-outgoing-1 << "[0xffffffe5][0xc]Jd[0xc]g[0xfffffffb]@2[0xffffff94][0xffffffe0][0xffffff87][0xffffffb3]5[0xffffff9c][0xffffffd5][0xffffff94][0xffffffc8][0x1d][0xffffffce][0xffffffb6][0xffffffe5][0xffffffc9]R"n8[0xffffffdb]V+G[0xffffff89][0xffffff90][0xffffffe1]lS[0xffffffbc][[0xffffff94][0xffffffd0]o%XJ[0xffffffd0][0xffffffdf]J\[0x1][0xffffffdf]J\[0xfffffffa][0x7][0xffffffbd][0xffffffd2][0xffffff80]S[0xffffffdf]J\I[0xffffffdf]Jh[0x14])J[0xffffffa4]|+[0xffffffa1][0xffffffb1]$([0xffffffc1]~+[0xffffffb1]F4[0xffffff8b][0x12]a[0xffffffdf]J[0xffffffd8].[0xffffffa5])[0x11][0xfffffff4][0xffffffad][0xffffff84]4-G[0xffffff89][0xffffffbf][0xffffffff]V[0xffffffc2][0xffffffdc][0xffffffc1]q[0xffffffbc]:5[0xffffff9c][0xfffffffd][0xfffffff5]<0%[0xfffffff8];8~?[0x3]C[0x9][0xffffffea][0xe][0xffffff8e]_[0xffffffbf][0xffffff9c]A[0xffffff89][0xffffff8c];8| [0x19]J[0xfffffff0]wph8[0xffffffab])[0xffffff91]{[0x7][0xffffff87]-O[0xffffff96][0x12]qwp[0xffffffd8]j[0xffffffe5]([0x11]r[0x7][0xffffff87])[0xffffffde][\r]J[0xffffff98];8[0xffffff8e][0xffffffd7][0xfffffff5][0xffffff9c][0x14]%[0xffffffe8];8[0xffffffbe][0xffffff9f][0xffffff80][0xffffffa6][0x4]y[0x7][0xffffffc7][0xfffffff7][0xffffffaf]3[0xffffff94][0x8][0xffffffba][0xffffff83][0xffffffc3]E[0xffffff91][0xffffffa1]D[0xffffffca][0x1d][0x1c].[0xffffff96][0xfffffff5][0xffffff94]`[0xffffffef][0xffffffe0][0xffffffd0][0xffffff88]&Q"[0xffffffec][0xe][0xffffff8e]7][0xffffffca]R"[0xffffffe8][0xe][0xe][0xffffffd3][0xffffffb4][0x14]%[0xfffffffe][0xfffffffe][0xe][0xffffff8e][0xfffffff1]z[0x1c]%[0xffffffee][0xffffffd7][0xffffffa4]([0xfffffff1][0xffffffe0][0xffffff94]x[0x2]([0xfffffff1]h[0xffffffde][0xb][0x3][0xfffffffe]`[0xffffff94]x[0xffffff92]([0xffffffa1]Qd([0xffffffe1][0x2][0xffffffc9]PBcYO[0xffffff89]5[0xffffff9c][0xffffffd5][0xffffff94]X#[0xffffff9a]D[0x9]S[0xffffff9e],%l[0xffffff97][0xffffffb2][0xffffff94]0[0xffffffd5][0xffffffca]QB[0xffffff9a][0xffffff96][0xffffffa2][0xffffff84][0x14][0xffffffef][0x6]%[0xffffffcc]u^[0x1f][0xffffff94][0xffffffb8]n[0xffffff8a][0x12][0xfffffff4]u^[0xffffffdf]O@S[0xffffff82][0xffffffbc][0xffffffce][0xffffffeb][0xfffffffb][0xffffffd7][0x19]J[0x4]][0xffffffe7][0xffffffe5][0xffffffa2][0xffffffc8]P"[0xffffffe5]:/[0x17][0xffffffcb]zJ[0xffffffb0][0xffffffd7]yiD[0xffffff93]([0x11]v[0xffffff9d][0xffffffd7][0xffffff9b].e)[0x11]t[0xffffff9d][0xffffff97]iZ[0xffffff8a][0x12][0xffffffff][0xffffffc1]u^[0xffffffcd]\[0xffffffe7]u[0xffffffbc][0xffffff9e][0xffffffd7][0x1]Q[0xffffffa2][0xffffffe1][0xffffffd7]y[0xffffffb5][0xffffff80][0xffffffeb][0xffffffbc][0xffffff9a][0xffffffb9]s[0xffffffa6].[0xffffffe0][\r][0xffffffbb][0xffffffce][0xffffffab][0xffffffc9][0xffffffad]2 %L[0x14][0x11]J[0xffffffd8]@"[0xffffff94]0[0xffffffb1],[0xffffffa7][0xffffff84][0xffffff84][0xffffffb3][0xffffff98][0x12][0x12][0xffffffd1] J[0xffffffb8][0xfffffff2]D)[0xffffffe1][0xffffffbb][0x14][0xffffffa5][0xffffff84][0xffffffab]V[0xffffff8c][0x12][0xffffffda][0xffffffb4][0x10]%[0xffffffb4]x7(a[0xffffffae][0xfffffff3][0xfffffffa][0xffffffa0][0xffffffc4][0xffffffa0]&[0xffffffaa][0x1a]~[0xffffff9d]W[0xb][0xffffffb8][0xffffffce][0xffffffab][0xffffff99];g[\n]"
14:21:23.227 [main] DEBUG org.apache.hc.client5.http.wire -- http-outgoing-1 << "[0x3][0xffffff8e]][0xffffffe7][0xffffffd5][0xffffffe4]V[0x19][0xffffff92][0x12]![0xffffffd7]y[0xffffffd9]@2[0xffffff94][0x8][0xffffffb8][0xffffffce]K[0xffffffc2]YM[0xffffff89][0xffffffe0][0xffffffeb][0xffffffbc]\y[0xffffffb2][0xffffff94][0xffffffc8][0xffffffbb][0xffffffce][0xffffffcb]U+G[0xffffff89][0xffffff94][0xffffffeb][0xffffffbc][0xffffffb4]x7(a[0xffffffee][0xffffffe0]8[0xffffffda][0xffffffeb]E[0xfffffffd][0xffffff81][0xffffffa3][0xffffffe1]wp[0xffffffb4][0xffffff80];8[0xffffff9a][0x19][0xffffff8a]/[0xc]8v[0x7]G[0xffffff93])x[0xffffff92][0x12]!wp[0xffffffd8]@2[0xffffff94][0x8][0xffffffb8][0xffffff83]C[0xffffffc2]YM[0xffffff89][0xffffffe0];8\y[0xffffffb2][0xffffff94][0xffffffc8][0xffffffbb][0xffffff83][0xffffffc3]U+G[0xffffff89][0xffffff94];8[0xffffffb4]x7(a[0xffffff86][0xffffffb3][0xffffff8f]v>[0xffffffd4][0xffffffcd][0xffffffa0][\r][0x1f][0xffffffce]n[0x1][0xffffffc3][0xffffffd9][0xffffffcd][0xffffffac][0xffffffbb][0x16][0x6][0x1c][0x1b][0xffffffce]n[0xffffffb2][0xffffffdf]JR"d8[0xffffffdb][0x6][0xffffff92][0xffffffa1]D[0xffffffc0]p[0xffffffb6][0xffffff84][0xffffffb3][0xffffff9a][0x12][0xffffffc1][0xffffffc3][0xffffffd9][0xffffffae]<YJ[0xffffffe4][\r]g[0xffffffbb]j[0xffffffe5]([0xffffff91]2[0xffffff9c][0xffffffad][0xffffffc5][0xffffffbb]E[0xffffff89]+[0xffffff8c][0x12][0x17]N[0xffffff89]+[0xffffff80][0x12][0x17]J[0xffffff89][0xb][0xffffffa3][0xffffffc4][0xffffff95]D[0xffffff89]5[0xffffff8a][0x14]%4[0xffffff90][0x14]%[0xffffffd6]X[0x12][0xffffff94][0xffffffb8]`J\[0xffffffc1][0xffffff94][0xffffff90][0xfffffff2][0xffffffa4])a[0xffffffba][0xffffff94][0xffffffa6][0xffffff84]T+I[0xffffff89]+[0xffffff85][0x12][0xffffffd7][0x7f]@[0xffffff89][0xfffffff6][0xffffff84]Y[0xffffffa2]=8&>[0x1e][0xffffff81][0xffffffd7][0xffffffc4][0xffffff8f][0xffffff87][0xffffffa0]8[0xfffffff1][0xfffffff1][0xfffffff3][0xffffff94]'[0xffffffbe][0x7f]:[0x5][0x14][0xffffff92]GJ[0x14]&[0xffffff95][0x14])$[0xffffff9b][0xffffff84])[0xffffff96][0xffffff84][0xffffffd6][0xffffffa3]b[0xffffffc9]i[0xffffff96]*[0xffffffb4]FiV[0xffffffb8]V[0xffffffa5]][0xffffffa1]%K[0xffffffc2]b[0xffffffed]\N[0x16]k[0x5]o[0xffffffd1][0xffffffe2][0x18]a[0xffffffb4]8[0x6]N[0xffffff8b][0xffffff8f]G[0xffffffe0]i[0xfffffff1][0xffffffe3]!(Z|[0xfffffffc]<E[0xffffff8b][0xffffffef][0xffffff9f]N[0xffffffa1][0xffffff85][0xffffffe4][0xffffff91][0xffffffa2][0xffffff85]I%E[0xb][0xffffffc9]&A[0xffffff8b]%[0xffffffa1][0xfffffff5][0xffffffb4]Xr[0xffffff9a]E[0xb][0xffffffad]Q[0xffffff9a][0x16][0xffffffae]UiZh[0xffffffc9][0xffffff92][0xffffffb4]X;[0xffffff97][0xffffffa3][0xffffffc5]Z[0xffffffc1][[0xffffffb4][0xfffffff8]Z[0xffffffbe]L[0xffffffa2][0xffffffc5]s[0xffffffe2][0xffffffb4][0xfffffff8]x[0x4][0xffffff9e][0x16]?[0x1e][0xffffff82][0xffffffa2][0xffffffc5][0xffffffc7][0xffffffcf]S[0xffffffb4][0xfffffff8][0xfffffffe][0xffffffe9][0x14]ZH[0x1e])Z[0xffffff98]TR[0xffffffb4][0xffffff90]l[0x12][0xffffffb4]X[0x12]ZO[0xffffff8b]%[0xffffffa7]Y[0xffffffb4][0xffffffd0][0x1a][0xffffffa5]i[0xffffffe1]Z[0xffffff95][0xffffffa6][0xffffff85][0xffffff96],I[0xffffff8b][0xffffffb5]s9Z[0xffffffac][0x15][0xffffffbc]G[0xffffff8b][0xffffffb4][0xffffffb7][0x16][0xf][0xffffffff][0xffffffd6][0xffffffe2]Ixk[0xfffffff1][0xffffffb0]o-[0x1e][0xffffffee][0xffffffad][0xffffffc5][0x13][0xfffffff5][0xffffffd6]B[0xfffffff2][0xffffff88][0xffffffd1]"[0xffffffe7][0xffffffad][0xffffff85]d[0x13][0xffffffa1][0x5][0xfffffffd][0xffffffd6][0xffffffe2]I~k[0xffffffa1]5[0xffffff8a][0xffffffd3]"[0xfffffff0][0xffffffad][0xffffff85][0xffffff96],J[0xffffff8b][0xffffff98][0xffffffb7][0x16]k[0x5]o[0xffffffd1][0xffffffa2][0xffffffb5][0x19]f[0xffffff8b][0xffffff8f]'[0xffffffc2]q[0xfffffff1][0xfffffff9][0xc][0xffffffbc].~>[0x5][0xffffffc5][0xffffff8b][0xffffffcf][0xffffffdf][0xffffffa7]|[0xfffffff1][0xffffffe3][0xffffffb7]S[0xffffff80][0xffffffa1][0xffffffa1][0xffffffa4][0xffffff84][0xffffffe1][0xffffffa2]I[0x11]C[0x3]J[0x18]c[0xffffff8d]i=2[0xffffffd6][0xffffffb0]f)[0xffffffc3][0x14]*[0xffffffcd][0xc][0xffffffdb][0xffffffaf][0xffffffb4]3L[0xffffffdd][0xffffff92][0xffffffd0][0xffffff90][0xfffffff6][0xffffffe5][0xffffffa4]!e[0xffffffbc]G[0xffffff8d][0xffffffe3]N[0xffffffa3][0xffffffc6]q[0xfffffff3][0xffffffd4][0xfffffff8]x[0xffffff86][0x0]j[0xfffffffc]x[\n]"
14:21:23.227 [main] DEBUG org.apache.hc.client5.http.wire -- http-outgoing-1 << "[0xffffff8c][0x1a][0x1f][0xffffffbf][0xffffff8f]Q[0xffffffe3][0xfffffffb][0xffffffb7]c[0xffffffa8]![0xffffffa1][0xffffffc4][0xffffffa8]a[0xffffffa2][0xffffff89]QC[0x2][0xffffff8a]Pc[0xffffff89])@[0xffffff8d]%[0xffffffac]a[0xffffffd4][0xffffffd0]B[0xffffffc5][0xffffffa9][0xffffffe1][0xfffffffa][0x15][0xffffffa7][0xffffff86][0xffffffd6]-J[0xffffff8d][0xffffffb5]}Aj[0xffffffac]e[0xfffffffc]'[0xffffffd4][0xffffff98][0xffffffdf][0xffffffff][0xffffffca]iv-[0xfffffffa][0xb][0xffffffb8]N[0xffffffec][0xfffffff7][0xfffffff3]P[0xffffffcc][0xfffffff8][0xffffffc7][0x13]`[0xffffffc8]X[0xffffff9e][0xffffffa1][0xffffff98][0x18][0xffffffff][0xfffffff8][0xfffffff5]b`[0xfffffffc][0xffffffef]/[0xffffffc3][0xffffffbc]x[0x1b][0xffffffc5]b\[0xfffffffc]K [0xffffff8b]i[0xfffffff1]6[0xffffff96][0xffffff85][0xffffffb0]x[0x13][0xffffffce]2V[0xffffffbc][0xffffff89]h[0x4]*[0xffffffde][0xffffff97]'D[0xffffff8a][0x7f][0xffffffeb]R[0x8][0x14][0xffffffef][0xffffffab][0x15][0xffffffe0][0xffffffc4][0xffffffbb][0xffffffa6]-[0xffffffc7][0xffffffc4][0xffffffbb][0xffffffe2][0xffffffdd][0xffffffa2][0xffffffc4][0x11]F[0xffffff89][0x3][0xffffffa7][0xffffffc4][0x11]@[0xffffff89][0x3][0xffffffa5][0xffffffc4][0xffffff81]Q[0xffffffe2]H[0xffffffa2][0xffffffc4][0x1a]E[0xffffff8a][0x12][0x1a]H[0xffffff8a][0x12]k,[0x9]J[0x1c]0%[0xffffff8e]`JHy[0xffffffd2][0xffffff94]0]JSB[0xffffffaa][0xffffff95][0xffffffa4][0xffffffc4][0xffffff91]B[0xffffff89][0xffffffe3][0xffffffaf])q[0xffffffb9][0xffffffb7][0x12]}[0xe][0xffffff8a][0x12][0x17][0xfffffffe]V[0xffffffe2][\n]"
14:21:23.227 [main] DEBUG org.apache.hc.client5.http.wire -- http-outgoing-1 << "x+q)[0xffffff9d][0xb][0x3]~ao%[0xffffffae][0xffffffa4][0xffffffb7][0x12][0x1a]E[0xffffff86][0x12].[0xffffff90][0xc]%4[0xffffff96][0xfffffff5][0xffffff94]X[0xffffffc3]YM[0xffffff89]5[0xffffffa2]I[0xffffff94]0[0xffffffe5][0xffffffc9]R[0xffffffc2]v)K[0x9]S[0xffffffad][0x1c]%[0xffffffa4]i)JH[0xfffffff1]nPb8J[0xffffffdc][0xffffffad][0xfffffffe]f[0xffffffd2][0xffffffdf][0xffffffcf][0x3]Sb[0x4]Pbh[0xffffffde][0xb][0x3]>0J[0xffffff8c]$Jh[0x14][0x19]J[0xffffffb8]@2[0xffffff94][0xffffffd0]X[0xffffffd6]Sb[\r]g5%[0xffffffd6][0xffffff88]&Q[0xffffffc2][0xffffff94]'K[0x9][0xffffffdb][0xffffffa5],%L[0xffffffb5]r[0xffffff94][0xffffff90][0xffffffa6][0xffffffa5](![0xffffffc5][0xffffffbb]A[0xffffff89][0xffffffdb]Qbr[0xffffff94][0xffffffb8]qJ[0xffffffdc][0x1][0xffffff94][0xffffffb8]5[0xffffffef][0xffffff85][0x1][0xffffffbf]1J[0xffffffdc]I[0xffffff94][0xffffffd0](2[0xffffff94]p[0xffffff81]d([0xffffffa1][0xffffffb1][0xffffffac][0xffffffa7][0xffffffc4][0x1a][0xffffffce]jJ[0xffffffac][0x11]M[0xffffffa2][0xffffff84])O[0xffffff96][0x12][0xffffffb6]KYJ[0xffffff98]j[0xffffffe5](!MKQB[0xffffff8a]w[0xffffff83][0x12][0xffffff8f][0xffffffa1][0xffffffc4][0x7]&[0xffffffea][0xffffffcf]w[0xfffffffc]~[0x1e][0xffffff98][0x12]O[0x0]%[0x1e][0xffffffcd]{a[0xffffffc0][0x1f][0xffffff8c][0x12]O[0x12]%4[0xffffff8a][0xc]%\ [0x19]Jh,[0xffffffeb])[0xffffffb1][0xffffff86][0xffffffb3][0xffffff9a][0x12]kD[0xffffff93](a[0xffffffca][0xffffff93][0xffffffa5][0xffffff84][0xffffffed]R[0xffffff96][0x12][0xffffffa6]Z9JH[0xffffffd3]R[0xffffff94][0xffffff90][0xffffffe2][0xffffffdd][0xffffffa0][0xffffffc4]t[0xffffff94][0xffffffb8]8JL[0xffffff9c][0x12]3[0xffffff80][0x12]S[0xfffffff3]^[0x18][0xfffffff0][0xffffff89]Qb&QB[0xffffffa3][0xffffffc8]P[0xffffffc2][0x5][0xffffff92][0xffffffa1][0xffffff84][0xffffffc6][0xffffffb2][0xffffff9e][0x12]k8[0xffffffab])[0xffffffb1]F4[0xffffff89][0x12][0xffffffa6]<YJ[0xffffffd8].e)a[0xffffffaa][0xffffff95][0xffffffa3][0xffffff84]4-E[0x9])[0xffffffde]?[0xffffffa7]D[0x7f]9J<[0xffffffe3][0x5]Q[0xffffffe2][0xfffffff3]yXJ|=[0x1]L[0xffffff89]_[0xffffffcf][0xffffff80]P[0xffffffe2][0xffffffeb][0xffffffd7][0x11]J[0xfffffffc][0xfffffffc][0xffffffe5][0x8]J[0xffffff98]("[0xffffff94][0xffffffb0][0xffffff81]D(abYN[0x9][0x9]g1%$[0xffffffa2]A[0xffffff94]p[0xffffffe5][0xffffff89]R[0xffffffc2]w)J[0x9]W[0xffffffad][0x18]%[0xffffffb4]i!Jh[0xfffffff1]nP[0xffffffa2];J[0xffffffcc][0xffffffbb]Q[0xffffff94][0xffffffe8]8%z[0x0]%[0xffffffba][0xffffffe6][0xffffffbd]0[0xffffffe0][0x1d][0xffffffa3]DO[0xffffffa2][0xffffff84]F[0xffffff91][0xffffffa1][0xffffff84][0xb]$C[0x9][0xffffff8d]e=%[0xffffffd6]pVSb[0xffffff8d]h[0x12]%Ly[0xffffffb2][0xffffff94][0xffffffb0]][0xffffffca]R[0xffffffc2]T+G[0x9]iZ[0xffffff8a][0x12]R[0xffffffbc][0x1b][0xffffff94]8,%[0xffffffe6]EQ[0xffffffe2][0xffffffc0])q[0x4]P[0xffffffe2][0xffffffd0][0xffffffbc][0x17][0x6][0xfffffffc][0xffffffc0](q$QB[0xffffffa3][0xffffffc8]P[0xffffffc2][0x5][0xffffff92][0xffffffa1][0xffffff84][0xffffffc6][0xffffffb2][0xffffff9e][0x12]k8[0xffffffab])[0xffffffb1]F4[0xffffff89][0x12][0xffffffa6]<YJ[0xffffffd8].e)a[0xffffffaa][0xffffff95][0xffffffa3][0xffffff84]4-E[0x9])[0xffffffde][\r]J[0xffffffb8][0xffffffb5][0xffffffcb][0xfffffff3]5[0xffffffa8]o%:[0xffffffbe]v[0xffffffd9][0x3][0xffffffd6].[0xffffffbb][0xffffff99]d+[0xc]8[0xffffffb6]v[0xffffffd9]et[0xffffff8d][0xffffffa4]D[0xffffffc8][0xffffffda][0xffffffa5][\r]$C[0xffffff89][0xffffff80][0xffffffb5]K[0x9]g5%[0xffffff82][0xffffffd7].]y[0xffffffb2][0xffffff94][0xffffffc8][[0xffffffbb]t[0xffffffd5][0xffffffca]Q"e[0xffffffed]R[0xffffff8b]w[0xffffff83][0x12]n[0xffffffa2][0xffffffea][0xffffffec]/[0xffffffea]0h[0xffffffc7]'[0xffffffaa]z[0xffffffc0]DU7;*[0xffffff85][0x1][0xffffffc7]&[0xffffffaa][0xffffffba],[0xffffffa5][0xffffff90][0xffffff94][0x8][0xffffff99][0xffffffa8][0xffffffb2][0xffffff81]d([0x11]0Q%[0xffffffe1][0xffffffac][0xffffffa6]D[0xfffffff0]D[0xffffff95]+O[0xffffff96][0x12]y[0x13]U[0xffffffae]Z9J[0xffffffa4]LTi[0xfffffff1]nP[0xffffffc2]MT[0xffffff9d][0xffffffd7][0xffffffe8][0x14]%[0xfffffff0][0xffffff89][0xffffffaa][0x1e]0Q[0xffffffd5][0xffffffcd][0xffffff8e]Ja[0xffffffc0][0xffffffb1][0xffffff89][0xffffffaa].K)$%B&[0xffffffaa]l [0x19]J[0x4]LTI8[0xffffffab])[0x11]<Q[0xffffffe5][0xffffffca][0xffffff93][0xffffffa5]D[0xffffffde]D[0xffffff95][0xffffffab]V[0xffffff8e][0x12])[0x13]UZ[0xffffffbc][0x1b][0xffffff94]p[0xffffffbb][0x12]W[0x7f]a[0xffffffdf]J[0xffffffe0][0xffffffbb][0x12]=`W[0xffffffa2][0xffffff9b][0xffffffc3][0xffffffcf][0xffffff85][0x1][0xffffffc7]v%[0xffffffba][0x1c]o&)[0x11][0xffffffb2]+a[0x3][0xffffffc9]P"`WB[0xffffffc2]YM[0xffffff89][0xffffffe0]][0x9]W[0xffffff9e],%[0xfffffff2]v%\[0xffffffb5]r[0xffffff94]H[0xffffffd9][0xffffff95][0xffffffd0][0xffffffe2][0xffffffdd][0xffffffa2][0xffffff84]^[0xffffffe7][0xffffffc5]R[0x2][0xffffffbe][0xffffffce][0xffffffeb][0xffffffeb][0x9]xJ[0xffffff80][0xffffffd7]y}[0xfffffffd]:E[0xffffff89][0xffffff9c][0xffffffeb][0xffffffbc]L[0x14])J[0xffffff84]\[0xffffffe7]ebIP[0x2][0xffffffbd][0xffffffce]K"[0xffffff9a]E[0xffffff89][0xffffffac][0xffffffeb][0xffffffbc]|[0xffffff97][0xffffffd2][0xffffff94][0xffffffc8][0xffffffb9][0xffffffce]K[0xffffff9b][0xffffff96][0xffffffa3][0xffffffc4]__[0xffffffe7][0xfffffff5][0xfffffff9][0x7f][0xffffff94][0x12][0xffffffc7][0xffffff83][0xfffffffd][0xffffff81]c[0xffffffe2]o%f[0xffffffc0][[0xffffff89][0xffffffa9]t.[0xc][0xfffffff8][0xffffffc4][0xffffffde]J[0xffffffcc][0xffffffa4][0xffffffb7][0x12][0x1a]E[0xffffff86][0x12].[0xffffff90][0xc]%4[0xffffff96][0xfffffff5][0xffffff94]X[0xffffffc3]YM[0xffffff89]5[0xffffffa2]I[0xffffff94]0[0xffffffe5][0xffffffc9]R[0xffffffc2]v)K[0x9]S[0xffffffad][0x1c]%[0xffffffa4]i)JH[0xfffffff1][0xfffffffe]9%[0xe]7Qu[0xffffffdd][0xffffffcf][0x9]Q[0xffffffe2][0xffffffc0]'[0xffffffaa][0xffffff8e][0xffffff80][0xffffff89][0xffffffaa][0xffffffc3][0xffffffec][0xffffffa8][0xffffffd4][0x5][0xfffffffc][0xffffffc0]&[0xffffffaa][0xe]YJ[0x1])a[0xffffffa2][0xffffff88]P[0xffffffc2][0x6][0x12][0xffffffa1][0xffffff84][0xffffff89]e9%$[0xffffff9c][0xffffffc5][0xffffff94][0xffffff90][0xffffff88][0x6]Q[0xffffffc2][0xffffff95]'J[0x9][0xffffffdf][0xffffffa5](%\[0xffffffb5]b[0xffffff94][0xffffffd0][0xffffffa6][0xffffff85]([0xffffffa1][0xffffffc5][0xffffffbb]A[0x9]7Q5[0xffffff8e][0xffffff87]:[0xc]z[0xffffffe0][0x13]UG[0xffffffc0]D[0xffffffd5]avT[\n]"
14:21:23.227 [main] DEBUG org.apache.hc.client5.http.wire -- http-outgoing-1 << "[0x3][0xffffff8e]MT[0x1d][0xffffffb2][0xffffff94]BR"d[0xffffffa2][0xffffffca][0x6][0xffffff92][0xffffffa1]D[0xffffffc0]D[0xffffff95][0xffffff84][0xffffffb3][0xffffff9a][0x12][0xffffffc1][0x13]U[0xffffffae]<YJ[0xffffffe4]MT[0xffffffb9]j[0xffffffe5]([0xffffff91]2Q[0xffffffa5][0xffffffc5][0xffffffbb]A[0x9]7Q5[0xffffffae][0x17]5[0xffffff9c]}[0xffffffe0][0x13]UG[0xffffffc0]D[0xffffffd5]avT[\n]"
14:21:23.227 [main] DEBUG org.apache.hc.client5.http.wire -- http-outgoing-1 << "[0x3][0xffffff8e]MT[0x1d][0xffffffb2][0xffffff94]BR"d[0xffffffa2][0xffffffca][0x6][0xffffff92][0xffffffa1]D[0xffffffc0]D[0xffffff95][0xffffff84][0xffffffb3][0xffffff9a][0x12][0xffffffc1][0x13]U[0xffffffae]<YJ[0xffffffe4]MT[0xffffffb9]j[0xffffffe5]([0xffffff91]2Q[0xffffffa5][0xffffffc5][0xffffffbb]A[0x9]7Q5f;)J[0xffffffe0][0x13]UG[0xffffffc0]D[0xffffffd5]avT[\n]"
14:21:23.227 [main] DEBUG org.apache.hc.client5.http.wire -- http-outgoing-1 << "[0x3][0xffffff8e]MT[0x1d][0xffffffb2][0xffffff94]BR"d[0xffffffa2][0xffffffca][0x6][0xffffff92][0xffffffa1]D[0xffffffc0]D[0xffffff95][0xffffff84][0xffffffb3][0xffffff9a][0x12][0xffffffc1][0x13]U[0xffffffae]<YJ[0xffffffe4]MT[0xffffffb9]j[0xffffffe5]([0xffffff91]2Q[0xffffffa5][0xffffffc5][0xffffffbb]A[0x9]7Q5[0xffffffe6]M}vy[0xffffffe0][0x13]UG[0xffffffc0]D[0xffffffd5]avT[\n]"
14:21:23.227 [main] DEBUG org.apache.hc.client5.http.wire -- http-outgoing-1 << "[0x3][0xffffff8e]MT[0x1d][0xffffffb2][0xffffff94]BR"d[0xffffffa2][0xffffffca][0x6][0xffffff92][0xffffffa1]D[0xffffffc0]D[0xffffff95][0xffffff84][0xffffffb3][0xffffff9a][0x12][0xffffffc1][0x13]U[0xffffffae]<YJ[0xffffffe4]MT[0xffffffb9]j[0xffffffe5]([0xffffff91]2Q[0xffffffa5][0xffffffc5][0xffffffbb]A[0xffffff89][0xffffffdb]P[0xffffffe2]~][0xffffffd4]u^[0xffffff9f][0xffffffcf][0x3]S[0xffffffe2][0xe][0xffffffa0][0xffffffc4][0xffffffad]y/[0xc][0xfffffff8][0xffffff8d]Q[0xffffffe2]N[0xffffffa2][0xffffff84]F[0xffffff91][0xffffffa1][0xffffff84][0xb]$C[0x9][0xffffff8d]e=%[0xffffffd6]pVSb[0xffffff8d]h[0x12]%Ly[0xffffffb2][0xffffff94][0xffffffb0]][0xffffffca]R[0xffffffc2]T+G[0x9]iZ[0xffffff8a][0x12]R[0xffffffbc][0x1b][0xffffff94]p[0x13]Uwk[0xffffffd8][0xffffffb7][0x12][0xfffffff8]D[0xffffffd5][0x11]0Qu[0xffffff98][0x1d][0xffffff95][0xffffffc2][0xffffff80]c[0x13]U[0xffffff87],[0xffffffa5][0xffffff90][0xffffff94][0x8][0xffffff99][0xffffffa8][0xffffffb2][0xffffff81]d([0x11]0Q%[0xffffffe1][0xffffffac][0xffffffa6]D[0xfffffff0]D[0xffffff95]+O[0xffffff96][0x12]y[0x13]U[0xffffffae]Z9J[0xffffffa4]LTi[0xfffffff1]nPb:J[0xfffffff4][0xfffffffb][0xffffffa4](1qJ[0xffffffcc][0x0]JL[0xffffffcd]{a[0xffffffc0]'F[0xffffff89][0xffffff99]D[0x9][0xffffff8d]"C[0x9][0x17]H[0xffffff86][0x12][0x1a][0xffffffcb]zJ[0xffffffac][0xffffffe1][0xffffffac][0xffffffa6][0xffffffc4][0x1a][0xffffffd1]$J[0xffffff98][0xfffffff2]d)a[0xffffffbb][0xffffff94][0xffffffa5][0xffffff84][0xffffffa9]V[0xffffff8e][0x12][0xffffffd2][0xffffffb4][0x14]%[0xffffffa4]x[0xffffffff][0xffffff9c][0x12][0xffffffa7][0xffffffdb][0xffffff95][0xffffffb8]/lW[0xffffffe2][0xffffffc4]w%[0xffffffce][0xffffff80]][0xffffff89][0xffffffd3][0x1c]~[0xffffffae][0xb][0xfffffff8][0xffffff89][0xffffffed]J[0xffffff9c]r[0xffffffbc][0x19][0xffffffa4][0xffffff84][0xffffff89]"B[0x9][0x1b]H[0xffffff84][0x12]&[0xffffff96][0xffffffe5][0xffffff94][0xffffff90]p[0x16]SB"[0x1a]D[0x9]W[0xffffff9e](%|[0xffffff97][0xffffffa2][0xffffff94]p[0xffffffd5][0xffffff8a]QB[0xffffff9b][0x16][0xffffffa2][0xffffff84][0x16][0xffffffef][0x6]%[0xffffffdc][0xffffffae][0xffffffc4][0xffffffd3][0xffffffdb][0xffffffa4]([0xffffff81][0xffffffef]J[0xffffff9c][0x1][0xffffffbb][0x12][0xffffffa7]9[0xfffffffc]\[0x18]plW[0xffffffe2][0xffffff94][0xffffffe3][0xffffffcd]$%Bv%l [0x19]J[0x4][0xffffffec]JH8[0xffffffab])[0x11][0xffffffbc]+[0xffffffe1][0xffffffca][0xffffff93][0xffffffa5]D[0xffffffde][0xffffffae][0xffffff84][0xffffffab]V[0xffffff8e][0x12])[0xffffffbb][0x12]Z[0xffffffbc][0x1b][0xffffff94]p[0xffffffbb][0x12][0xffffffcf]y`[0xffffff94][0xffffffc0]w%[0xffffffce][0xffffff80]][0xffffff89][0xffffffd3][0x1c]~.[0xc]8[0xffffffb6]+q[0xffffffca][0xfffffff1]f[0xffffff92][0x12]![0xffffffbb][0x12]6[0xffffff90][0xc]%[0x2]v%$[0xffffff9c][0xffffffd5][0xffffff94][0x8][0xffffffde][0xffffff95]p[0xffffffe5][0xffffffc9]R"oW[0xffffffc2]U+G[0xffffff89][0xffffff94]][0x9]-[0xffffffde]-J[0xfffffff4]0Jt[0xffffff9c][0x12]=[0xffffff80][0x12][0x1d][0xffffffa5]D[0xffffffc7]([0xffffffd1][0xffffff93]([0xffffffb1]F[0xffffff91][0xffffffa2][0xffffff84][0x6][0xffffff92][0xffffffa2][0xffffffc4][0x1a]K[0xffffff82][0x12][0x1d][0xffffffa6]D[0xf][0xffffffa6][0xffffff84][0xffffff94]'M[0x9][0xffffffd3][0xffffffa5]4%[0xffffffa4]ZIJ[0xfffffff4][0x14]J[0xfffffff4][0xffffffbf][0xffffffa6][0xffffff84][0xffffff9b][0xffffffa8]z[0xffffff9e]~S[0xffffff94][0xffffffc0]'[0xffffffaa][0xffffffce][0xffffff80][0xffffff89][0xffffffaa][0xffffffd3][0xffffffec][0xffffffa8][0x14][0x6][0x1c][0xffffff9b][0xffffffa8]:e)[0xffffff85][0xffffffa4]D[0xffffffc8]D[0xffffff95][\r]$C[0xffffff89][0xffffff80][0xffffff89]*[0x9]g5%[0xffffff82]'[0xffffffaa]\y[0xffffffb2][0xffffff94][0xffffffc8][0xffffff9b][0xffffffa8]r[0xffffffd5][0xffffffca]Q"e[0xffffffa2]J[0xffffff8b]w[0xffffff83][0x12]n[0xffffffa2]j[0xffffffbe][0xfffffffa]IQ[0x2][0xffffff9f][0xffffffa8]:[0x3]&[0xffffffaa]N[0xffffffb3][0xffffffa3]R[0x18]pl[0xffffffa2][0xffffffea][0xffffff94][0xffffffa5][0x14][0xffffff92][0x12]![0x13]U6[0xffffff90][0xc]%[0x2]&[0xffffffaa]$[0xffffff9c][0xffffffd5][0xffffff94][0x8][0xffffff9e][0xffffffa8]r[0xffffffe5][0xffffffc9]R"o[0xffffffa2][0xffffffca]U+G[0xffffff89][0xffffff94][0xffffff89]*-[0xffffffde][\r]J[0xc]G[0xffffff89][0xffffffb3][0xf][0xffffff8a][0x12][0x3][0xffffffa7][0xffffffc4][0x8][0xffffffa0][0xffffffc4][0xffffffd0][0xffffffbc][0x17][0x6]|`[0xffffff94][0x18]I[0xffffff94][0xffffffd0](2[0xffffff94]p[0xffffff81]d([0xffffffa1][0xffffffb1][0xffffffac][0xffffffa7][0xffffffc4][0x1a][0xffffffce]jJ[0xffffffac][0x11]M[0xffffffa2][0xffffff84])O[0xffffff96][0x12][0xffffffb6]KYJ[0xffffff98]j[0xffffffe5](!MKQB[0xffffff8a]w[0xffffff83][0x12]n[0xffffffed]r[0xffffff8e][0xffffff86][0xfffffffd][0xffffff81][0x3]_[0xffffffbb]<[0x3][0xffffffd6].O3[0xffffffc9]V[0x18]pl[0xffffffed][0xfffffff2][0xffffff94][0xffffffd1]5[0xffffff92][0x12]!k[0xffffff97]6[0xffffff90][0xc]%[0x2][0xffffffd6].%[0xffffff9c][0xffffffd5][0xffffff94][0x8]^[0xffffffbb]t[0xffffffe5][0xffffffc9]R"o[0xffffffed][0xffffffd2]U+G[0xffffff89][0xffffff94][0xffffffb5]K-[0xffffffde][\r]J[0xffffffb8][0xffffffb5][0xffffffcb]9'F[0x9]|[0xffffffed][0xfffffff2][0xc]X[0xffffffbb]<[0xffffffcd]$[a[0xffffffc0][0xffffffb1][0xffffffb5][0xffffffcb]SF[0xffffffd7]HJ[0xffffff84][0xffffffac]][0xffffffda]@2[0xffffff94][0x8]X[0xffffffbb][0xffffff94]pVS"x[0xffffffed][0xffffffd2][0xffffff95]'K[0xffffff89][0xffffffbc][0xffffffb5]KW[0xffffffad][0x1c]%R[0xffffffd6].[0xffffffb5]x7(1[0xffffff95][0x12][0xffffffe7][0xffffffeb]5[0xe][0xffffff8a][0x12][0x13][0xffffffa7][0xffffffc4][0xc][0xffffffa0][0xffffffc4][0xffffffd4][0xffffffbc][0x17][0x6]|b[0xffffff94][0xffffff98]I[0xffffff94][0xffffffd0](2[0xffffff94]p[0xffffff81]d([0xffffffa1][0xffffffb1][0xffffffac][0xffffffa7][0xffffffc4][0x1a][0xffffffce]jJ[0xffffffac][0x11]M[0xffffffa2][0xffffff84])O[0xffffff96][0x12][0xffffffb6]KYJ[0xffffff98]j[0xffffffe5](!MKQB[0xffffff8a][0xfffffff7][0xffffffcf])q[0xffffff99][0xffffffb5][0xffffffcb][0xfffffff3][0xffffffd5]^[0xffffffd4]a[0xffffffd0][0xb]_[0xffffffbb][0xffffffbc][0x2][0xffffffd6]./3[0xffffffc9]V[0x17][0xfffffff0][0xb][[0xffffffbb][0xffffffbc]dt[\r][0xffffffa4][0xffffff84][0xffffff89]"B[0x9][0x1b]H[0xffffff84][0x12]&[0xffffff96][0xffffffe5][0xffffff94][0xffffff90]p[0x16]SB"[0x1a]D[0x9]W[0xffffff9e](%|[0xffffff97][0xffffffa2][0xffffff94]p[0xffffffd5][0xffffff8a]QB[0xffffff9b][0x16][0xffffffa2][0xffffff84][0x16][0xffffffef][0x6]%[0xffffff9a][0xffffffa5][0xffffffc4][0xffffffe8][0x14]%[0x1a]N[0xffffff89][0x16]@[0xffffff89][0xffffffa6]y/[0xc]x[0xffffffc3]([0xffffffd1][0xffffff92]([0xffffffa1]Qd([0xffffffe1][0x2][0xffffffc9]PBcYO[0xffffff89]5[0xffffff9c][0xffffffd5][0xffffff94]X#[0xffffff9a]D[0x9]S[0xffffff9e],%l[0xffffff97][0xffffffb2][0xffffff94]0[0xffffffd5][0xffffffca]QB[0xffffff9a][0xffffff96][0xffffffa2][0xffffff84][0x14][0xffffffef][0x6]%[0xffffffcc]p[0xfffffff6][0xfffffff9][0xffffffe2][0xffffff86][0xffffffb3]/|8[0xfffffffb][\n]"
14:21:23.227 [main] DEBUG org.apache.hc.client5.http.wire -- http-outgoing-1 << "[0x18][0xffffffce][0xffffffbe][0xffffffcc][0xffffffba]ka[0xffffffc0][0xffffffb1][0xffffffe1][0xffffffec]K[0xfffffff6][IJ[0xffffff84][0xc]g[0xffffffdb]@2[0xffffff94][0x8][0x18][0xffffffce][0xffffff96]pVS"x8[0xffffffdb][0xffffff95]'K[0xffffff89][0xffffffbc][0xffffffe1]lW[0xffffffad][0x1c]%R[0xffffff86][0xffffffb3][0xffffffb5]x7(a[0xffffff86][0xffffffb3][0xffffffcf][0xffffffd7]1[0xffffffa8][0xffffffc3][0xffffffa0][0x17]>[0xffffff9c]}[0x5][0xc]g_f[0xffffffdd][0xffffffb5]0[0xffffffe0][0xffffffd8]p[0xfffffff6]%[0xfffffffb][0xffffffad]$%B[0xffffff86][0xffffffb3]m [0x19]J[0x4][0xc]gK8[0xffffffab])[0x11]<[0xffffff9c][0xffffffed][0xffffffca][0xffffff93][0xffffffa5]D[0xffffffde]p[0xffffffb6][0xffffffab]V[0xffffff8e][0x12])[0xffffffc3][0xffffffd9]Z[0xffffffbc][0x1b][0xffffff94]0k[0xffffff97][0xffffffe7][0xffffffeb][0xffffffbe][0xffffffa8][0x13][0x1c][0x17][0xffffffbe]vy[0x5][0xffffffac]]^f[0xffffff92][0xffffffad]0[0xffffffe0][0xffffffd8][0xffffffda][0xffffffe5]%[0xffffffa3]k$%B[0xffffffd6].m [0x19]J[0x4][0xffffffac]]J8[0xffffffab])[0x11][0xffffffbc]v[0xffffffe9][0xffffffca][0xffffff93][0xffffffa5]D[0xffffffde][0xffffffda][0xffffffa5][0xffffffab]V[0xffffff8e][0x12])k[0xffffff97]Z[0xffffffbc][0x1b][0xffffff94]0[0x13]Ug;_[0xffffffd4][0x9][0xffffff8e][0xb][0xffffff9f][0xffffffa8][0xffffffba][0x2]&[0xffffffaa].[0xffffffb3][0xffffffa3]R[0x18]pl[0xffffffa2][0xffffffea][0xffffff92][0xffffffa5][0x14][0xffffff92][0x12]![0x13]U6[0xffffff90][0xc]%[0x2]&[0xffffffaa]$[0xffffff9c][0xffffffd5][0xffffff94][0x8][0xffffff9e][0xffffffa8]r[0xffffffe5][0xffffffc9]R"o[0xffffffa2][0xffffffca]U+G[0xffffff89][0xffffff94][0xffffff89]*-[0xffffffde][\r]J[0xffffff98][0xffffff89][0xffffffaa][0xffffffb3]][0xfffffff7]IQ[0x2][0xffffff9f][0xffffffa8][0xffffffba][0x2]&[0xffffffaa].[0xffffffb3][0xffffffa3]R[0x18]pl[0xffffffa2][0xffffffea][0xffffff92][0xffffffa5][0x14][0xffffff92][0x12]![0x13]U6[0xffffff90][0xc]%[0x2]&[0xffffffaa]$[0xffffff9c][0xffffffd5][0xffffff94][0x8][0xffffff9e][0xffffffa8]r[0xffffffe5][0xffffffc9]R"o[0xffffffa2][0xffffffca]U+G[0xffffff89][0xffffff94][0xffffff89]*-[0xffffffde][\r]J[0xffffff98][0xffffff89][0xffffffaa][0xffffffb3][0xffffffbf][0xffffff9e][0xffffff87][0xffffffa2][0x4]>Qu[0x5]LT]fG[0xffffffa5]0[0xffffffe0][0xffffffd8]D[0xffffffd5]%K)$%B&[0xffffffaa]l [0x19]J[0x4]LTI8[0xffffffab])[0x11]<Q[0xffffffe5][0xffffffca][0xffffff93][0xffffffa5]D[0xffffffde]D[0xffffff95][0xffffffab]V[0xffffff8e][0x12])[0x13]UZ[0xffffffbc][0x1b][0xffffff94][0xffffff98][0xffffff8e][0x12][0xfffffffd]|Q[0xffffff94][0xffffff98]8%f[0x0]%[0xffffffa6][0xffffffe6][0xffffffbd]0[0xffffffe0][0x13][0xffffffa3][0xffffffc4]L[0xffffffa2][0xffffff84]F[0xffffff91][0xffffffa1][0xffffff84][0xb]$C[0x9][0xffffff8d]e=%[0xffffffd6]pVSb[0xffffff8d]h[0x12]%Ly[0xffffffb2][0xffffff94][0xffffffb0]][0xffffffca]R[0xffffffc2]T+G[0x9]iZ[0xffffff8a][0x12]R[0xffffffbc][0x7f]N[0xffffff89][0xffffffe1]&[0xffffffaa][0xfffffffa][0xffffffe8][0x14]%[0x6]>Q5[0x2]&[0xffffffaa][0xffffff86][0xffffffd9]Q[0xffffffa9][0xb][0xfffffff8][0xffffffc0]&[0xffffffaa][0xffffff86],[0xffffffa5][0xffffff80][0xffffff94]0QD(a[0x3][0xffffff89]P[0xffffffc2][0xffffffc4][0xffffffb2][0xffffff9c][0x12][0x12][0xffffffce]bJHD[0xffffff83]([0xffffffe1][0xffffffca][0x13][0xffffffa5][0xffffff84][0xffffffef]R[0xffffff94][0x12][0xffffffae]Z1Jh[0xffffffd3]B[0xffffff94][0xffffffd0][0xffffffe2][0xffffffdd][0xffffffa0][0xffffff84][0xffffff9b][0xffffffa8][0xffffffea][0xfffffff7]I}v9[0xfffffff0][0xffffff89][0xffffffaa][0x11]0Q5[0xffffffcc][0xffffff8e]Ja[0xffffffc0][0xffffffb1][0xffffff89][0xffffffaa]!K)$%B&[0xffffffaa]l [0x19]J[0x4]LTI8[0xffffffab])[0x11]<Q[0xffffffe5][0xffffffca][0xffffff93][0xffffffa5]D[0xffffffde]D[0xffffff95][0xffffffab]V[0xffffff8e][0x12])[0x13]UZ[0xffffffbc][0x1b][0xffffff94]p[0x13]UG;[0xffffffa8]o%[0x6]>Q5[0x2]&[0xffffffaa][0xffffff86][0xffffffd9]Q)[0xc]86Q5d)[0xffffff85][0xffffffa4]D[0xffffffc8]D[0xffffff95][\r]$C[0xffffff89][0xffffff80][0xffffff89]*[0x9]g5%[0xffffff82]'[0xffffffaa]\y[0xffffffb2][0xffffff94][0xffffffc8][0xffffff9b][0xffffffa8]r[0xffffffd5][0xffffffca]Q"e[0xffffffa2]J[0xffffff8b]w[0xffffff83][0x12]n[0xffffffa2][0xffffffea][0xffffffe0][0xffffffd6].[0x7]>Q5[0x2]&[0xffffffaa][0xffffff86][0xffffffd9]Q)[0xc]86Q5d)[0xffffff85][0xffffffa4]D[0xffffffc8]D[0xffffff95][\r]$C[0xffffff89][0xffffff80][0xffffff89]*[0x9]g5%[0xffffff82]'[0xffffffaa]\y[0xffffffb2][0xffffff94][0xffffffc8][0xffffff9b][0xffffffa8]r[0xffffffd5][0xffffffca]Q"e[0xffffffa2]J[0xffffff8b]w[0xffffff83][0x12]n[0xffffffa2][0xffffffea][0xffffffe8][0xffffffe7]IQ[0x2][0xffffff9f][0xffffffa8][0x1a][0x1][0x13]U[0xffffffc3][0xffffffec][0xffffffa8][0x14][0x6][0x1c][0xffffff9b][0xffffffa8][0x1a][0xffffffb2][0xffffff94]BR"d[0xffffffa2][0xffffffca][0x6][0xffffff92][0xffffffa1]D[0xffffffc0]D[0xffffff95][0xffffff84][0xffffffb3][0xffffff9a][0x12][0xffffffc1][0x13]U[0xffffffae]<YJ[0xffffffe4]MT[0xffffffb9]j[0xffffffe5]([0xffffff91]2Q[0xffffffa5][0xffffffc5][0xffffffbb]A[0xffffff89][0xffffffcb]R[0xffffffe2][0xffffffc6][0xffffffbe][0xffffff95][0xffffffb8]pJ\[0x1][0xffffff94][0xffffffb8]4[0xffffffef][0xffffff85][0x1][0xffffffbf]0J\I[0xffffff94][0xffffffd0](2[0xffffff94]p[0xffffff81]d([0xffffffa1][0xffffffb1][0xffffffac][0xffffffa7][0xffffffc4][0x1a][0xffffffce]jJ[0xffffffac][0x11]M[0xffffffa2][0xffffff84])O[0xffffff96][0x12][0xffffffb6]KYJ[0xffffff98]j[0xffffffe5](!MKQB[0xffffff8a]w[0xffffff83][0x12]n[0xffffffed][0xfffffff2]8Z[0xffffffa7]([0xffffff81][0xffffffaf]][0xffffff8e][0xffffff80][0xffffffb5][0xffffffcb]a&[0xffffffd9][\n]"
14:21:23.228 [main] DEBUG org.apache.hc.client5.http.wire -- http-outgoing-1 << "[0x3][0xffffff8e][0xffffffad]][0xe][0x19]]#)[0x11][0xffffffb2]vi[0x3][0xffffffc9]P"`[0xffffffed]R[0xffffffc2]YM[0xffffff89][0xffffffe0][0xffffffb5]KW[0xffffff9e],%[0xfffffff2][0xffffffd6].][0xffffffb5]r[0xffffff94]HY[0xffffffbb][0xffffffd4][0xffffffe2][0xffffffdd][0xffffffa0][0xffffff84][[0xffffffbb]<N[0xffffffec]:[0xffffffaf][0xffffff81][0xffffffaf]][0xffffff8e][0xffffff80][0xffffffb5][0xffffffcb]a&[0xffffffd9][\n]"
14:21:23.228 [main] DEBUG org.apache.hc.client5.http.wire -- http-outgoing-1 << "[0x3][0xffffff8e][0xffffffad]][0xe][0x19]]#)[0x11][0xffffffb2]vi[0x3][0xffffffc9]P"`[0xffffffed]R[0xffffffc2]YM[0xffffff89][0xffffffe0][0xffffffb5]KW[0xffffff9e],%[0xfffffff2][0xffffffd6].][0xffffffb5]r[0xffffff94]HY[0xffffffbb][0xffffffd4][0xffffffe2][0xffffffdd][0xffffffa0][0xffffff84][[0xffffffbb]<[0xffffff9e][0xffffff81]}v[0xffffff89][0xffffffaf]][0xffffff8e][0xffffff80][0xffffffb5][0xffffffcb]a&[0xffffffd9][\n]"
14:21:23.228 [main] DEBUG org.apache.hc.client5.http.wire -- http-outgoing-1 << "[0x3][0xffffff8e][0xffffffad]][0xe][0x19]]#)[0x11][0xffffffb2]vi[0x3][0xffffffc9]P"`[0xffffffed]R[0xffffffc2]YM[0xffffff89][0xffffffe0][0xffffffb5]KW[0xffffff9e],%[0xfffffff2][0xffffffd6].][0xffffffb5]r[0xffffff94]HY[0xffffffbb][0xffffffd4][0xffffffe2][0xffffffdd][0xffffffa2][0xffffffc4][0x8][0xffffffa3][0xffffffc4][0xffffffc0])1[0x2](1PJ[0xc][0xffffff8c][0x12]#[0xffffff89][0x12]k[0x14])Jh )J[0xffffffac][0xffffffb1]$(1`J[0xffffff8c]`JHy[0xffffffd2][0xffffff94]0]JSB[0xffffffaa][0xffffff95][0xffffffa4][0xffffffc4]H[0xffffffa1][0xffffffc4][0xfffffff8][0xf](1[0xffffffc3](1qJ[0xffffffcc][0x0]JL[0xffffff94][0x12][0x13][0xffffffa3][0xffffffc4]L[0xffffffa2][0xffffffc4][0x1a]E[0xffffff8a][0x12][0x1a]H[0xffffff8a][0x12]k,[0x9]JL[0xffffff98][0x12]3[0xffffff98][0x12]R[0xffffff9e]4%L[0xffffff97][0xffffffd2][0xffffff94][0xffffff90]j%)1S(1[0xffffffff][0x3]J|}b[0xffffff99]d[0xffffff89][0xffffffd6]qL|<[0x2][0xffffffaf][0xffffff89][0x1f][0xf]Aq[0xffffffe2][0xffffffe3][0xffffffe7])O|[0xffffffff]t[\n]"
14:21:23.228 [main] DEBUG org.apache.hc.client5.http.wire -- http-outgoing-1 << "($[0xffffff8f][0xffffff94](L*)RH6[0x9]S,[0x9][0xffffffad]G[0xffffffc5][0xffffff92][0xffffffd3],Uh[0xffffff8d][0xffffffd2][0xffffffac]p[0xffffffad]J[0xffffffbb]BK[0xffffff96][0xffffff84][0xffffffc5][0xffffffda][0xffffffb9][0xffffff9c],[0xffffffd6][\n]"
14:21:23.228 [main] DEBUG org.apache.hc.client5.http.wire -- http-outgoing-1 << "[0xffffffde][0xffffffa2]EO[0xffffffa3]E[0xffffffe7]i[0xffffffd1][0x13]h[0xffffffd1]YZt[0xffffff8e][0x16]=[0xffffff8a][0x16][0xffffff92]G[0xffffff8a][0x16]&[0xffffff95][0x14]-$[0xffffff9b][0x4]-:M[0xffffff8b][0xffffff9e]L[0xb][0xffffffad]Q[0xffffff9a][0x16][0xffffffae]UiZh[0xffffffc9][0xffffff92][0xffffffb4]X;[0xffffff97][0xffffffa3][0xffffffc5]Z[0xffffffc1]{[0xffffffb4]H[0xfffffffb][0xb]H[0xffffffe7][0xffffffff][0x4][0xffffffd2][0x13][0xfffffffe][0x6][0xffffffd2][0xffffffd9]?[0xffffff82]t[0xffffffee][0xffffffaf] =[0xffffffea][0xffffffcf] [0xffffff92]G[0xffffff8c][0x16]9[0x7f][0x8][0xffffff91]l"[0xffffffb4][0xffffffa0][0xffffffff][0x14][0xffffffd2][0xffffff93][0xffffffff][0x16][0xffffffa2]5[0xffffff8a][0xffffffd3]"[0xfffffff0][0xffffffaf]!Z[0xffffffb2](-b[0xfffffffe][0x1e][0xffffffb2]V[0xfffffff0][0x16]-[0xffffffce][0xffffffb4][0xffffffb7][0x16]'[0xffffffff][0xffffffd6][0xffffffe2]Lxkq[0xffffffb2]o-N[0xffffffee][0xffffffad][0xffffffc5][0x19][0xfffffff5][0xffffffd6]B[0xfffffff2]H[0xffffffd1][0xffffffc2][0xffffffa4][0xffffff92][0xffffffa2][0xffffff85]d[0xffffff93][0xffffffa0][0xffffffc5]I[0xffffffbf][0xffffffb5]8[0xffffff93][0xffffffdf]Zh[0xffffff8d][0xffffffd2][0xffffffb4]p[0xffffffad]J[0xffffffd3]BK[0xffffff96][0xffffffa4][0xffffffc5][0xffffffda][0xffffffb9][0x1c]-[0xffffffd6][\n]"
14:21:23.228 [main] DEBUG org.apache.hc.client5.http.wire -- http-outgoing-1 << "[0xffffffde][0xffffffa2][0xffffffc5][0xfffffff5][0xffffff84][0xffffffd1][0xffffffe2]zpZ|<[0x2]O[0xffffff8b][0x1f][0xf]A[0xffffffd1][0xffffffe2][0xffffffe3][0xffffffe7])Z|[0xffffffff]t[\n]"
14:21:23.228 [main] DEBUG org.apache.hc.client5.http.wire -- http-outgoing-1 << "-$[0xffffff8f][0x14]-L*)ZH6[0x9]Z,[0x9][0xffffffad][0xffffffa7][0xffffffc5][0xffffff92][0xffffffd3],Zh[0xffffff8d][0xffffffd2][0xffffffb4]p[0xffffffad]J[0xffffffd3]BK[0xffffff96][0xffffffa4][0xffffffc5][0xffffffda][0xffffffb9][0x1c]-[0xffffffd6][\n]"
14:21:23.228 [main] DEBUG org.apache.hc.client5.http.wire -- http-outgoing-1 << "[0xffffffde][0xffffffa2][0xffffffc5][0xffffff9d]6Tq[0xfffffff3]K[0x15][0x1f][0xffffff8f][0xffffffc0][0xffffffd3][0xffffffe2][0xffffffc7]CP[0xffffffb4][0xffffffb8][0xffffffb9][0xffffffb1][0xffffff8a];j[0xffffffad]B[0xfffffff2]H[0xffffffd1][0xffffffc2][0xffffffa4][0xffffff92][0xffffffa2][0xffffff85]d[0xffffff93][0xffffffa0][0xffffffc5]M/V[0xffffffdc][0xffffffc9][0xffffff93][0x15]Z[0xffffffa3]4-\[0xffffffab][0xffffffd2][0xffffffb4][0xffffffd0][0xffffff92]%i[0xffffffb1]v.G[0xffffff8b][0xffffffb5][0xffffff82][0xfffffff7]h[0xffffffd1][0xffffffd2]h[0xffffffd1]xZ[0xffffffb4][0x4]Z4[0xffffff96][0x16][0xffffff8d][0xffffffa3]E[0xffffff8b][0xffffffa2][0xffffffc5][0xffffff9a]G[0xffffff8c][0x16][0xffffff9a]J[0xffffff8c][0x16]k6[0x11]Z4[0xffffff9a][0x16]-[0xffffff99][0x16]R[0xffffffa3]8-L[0xffffffab][0xffffffe2][0xffffffb4][0xffffff90][0xffffff92]Ei[0xffffffd1]bh[0xffffffd1][0xfffffffe][0x3]Z<i[0xffffff9f]q>[0xfffffffc]g[0xffffff9c]O[0xffffffc2]g[0xffffff9c][0xf][0xfffffffb][0x19][0xffffffe7][0xffffffc3]}[0xffffffc6][0xfffffff9]D}[0xffffffc6])y[0xffffffa4]haRI[0xffffffd1]B[0xffffffb2]I[0xffffffd0][0xffffffe2][0xffffffa1]?[0xffffffe3]|[0xffffff92]?[0xffffffe3][0xffffffd4][0x1a][0xffffffa5]i[0xffffffe1]Z[0xffffff95][0xffffffa6][0xffffff85][0xffffff96],I[0xffffff8b][0xffffffb5]s9Z[0xffffffac][0x15][0xffffffbc]E[0xffffff8b][0xffffff99][0xfffffff6][0xffffffd6]b[0xfffffff2]o-f[0xffffffc2][[0xffffff8b][0xffffffc9][0xffffffbe][0xffffffb5][0xffffff98][0xffffffdc][[0xffffff8b][0x19][0xfffffff5][0xffffffd6]B[0xfffffff2]H[0xffffffd1][0xffffffc2][0xffffffa4][0xffffff92][0xffffffa2][0xffffff85]d[0xffffff93][0xffffffa0][0xffffffc5][0xffffffa4][0xffffffdf]Z[0xffffffcc][0xffffffe4][0xffffffb7][0x16]Z[0xffffffa3]4-\[0xffffffab][0xffffffd2][0xffffffb4][0xffffffd0][0xffffff92]%i[0xffffffb1]v.G[0xffffff8b][0xffffffb5][0xffffff82][0xffffffb7]h[0xffffffd1]^i[0x1f][|<[0x11][0xffffff8e][0xffffff8b][0xffffffcf]g[0xffffffe0]u[0xfffffff1][0xfffffff3])(^|[0xfffffffe]>[0xffffffe5][0xffffff8b][0x1f][0xffffffbf][0xffffff9d][0x2][0xc][\r]%%[0xc][0x17]M[0xffffff8a][0x18][0x1a]P[0xffffffc2][0x18]kL[0xffffffeb][0xffffff91][0xffffffb1][0xffffff86]5K[0x19][0xffffffa6]Pif[0xffffffd8]~[0xffffffa5][0xffffff9d]a[0xffffffea][0xffffff96][0xffffff84][0xffffff86][0xffffffb4]/'[\r])[0xffffffe3]?[0xffffffa0][0xffffffc6][0xfffffff1][0xfffffffa][0xfffffffe]W[0xffffffa6][0xffffffb9]~[0xffffffec][0xffffffbc][0xffffffce]V[\r][0xffffff8d][0x7f]<[0xf][0xffffffc4][0xffffff8c][0x7f]>[0x1][0xffffff85][0xffffff8c][0xfffffff5][0x19]j[0xffffff89][0xfffffff1][0xffffffcf]_[0xffffffaf][0x5][0xffffffc6][0xfffffff2][0xffffffcb],/[0xffffffde]G[0xffffffb1][0x16][0x17][0xffffffff][0x16][0xffffffc8]ZZ[0xffffffbc][0xffffff8f]e[0x1d],[0xffffffde][0xffffff85][0xffffffb3][0xffffff8a][0x15][0xffffffef]"[0xffffff9a][0xffffff80][0xffffff8a][0x7f])O[0xffffff86][0x14][0xffffffff][0xffffffda][0xffffffa5][0xc]([0xfffffffe][0xffffffa5]Z[0xffffffeb]9[0xfffffff1][0xffffffb6]i[0xffffffab]1[0xfffffff1][0xffffffb6]x[0xffffffb7]([0xffffffa1][0xffffffb3][0x16],%[0xffffffa8]U[0xffffff8b][0x7f]>[0x1]O[0x9]b[0xffffffd3][0xffffffe2][0xffffff9f][0xffffffbf]NQ"`[0xffffffd1][0xffffffe2]}[0x14])J[0xffffffd0]{[0x16][0xffffffef]cIP[0xffffff82]Y[0xffffffb3]x[0x17][0xffffffd1],J[0xffffff84]lY[0xfffffffc]k[0xffffff97][0xffffffd2][0xffffff94][0x8]X[0xffffffb2]x[0xffffffdb][0xffffffb4][0x1c]%[0xfffffff6]w,~[0xfffffffc][0x1b][0xfffffff7][0xffffffcb][0xffffffbd][0xffffff95][0xffffffb8][0xffffff8f][0x3][0xffffffa2][0xffffffc4][0xffffffe7][0xfffffff3][0xffffffb0][0xffffff94][0xfffffff8]z[0x2][0xffffff98][0x12][0xffffffbf][0xffffff9e][0x1][0xffffffa1][0xffffffc4][0xffffffd7][0xffffffaf]#[0xffffff94][0xfffffff8][0xfffffff9][0xffffffcb][0x11][0xffffff94]0QD(a[0x3][0xffffff89]P[0xffffffc2][0xffffffc4][0xffffffb2][0xffffff9c][0x12][0x12][0xffffffce]bJHD[0xffffff83]([0xffffffe1][0xffffffca][0x13][0xffffffa5][0xffffff84][0xffffffef]R[0xffffff94][0x12][0xffffffae]Z1Jh[0xffffffd3]B[0xffffff94][0xffffffd0][0xffffffe2][0xffffffdd][0xffffffa0][0xffffffc4]m(1[0xffffff8e][0xffffffaf]-[0xb][0xffffff84][0x12]7N[0xffffff89];[0xffffff80][0x12][0xffffffb7][0xffffffe6][0xffffffbd]0[0xffffffe0]7F[0xffffff89];[0xffffff89][0x12][0x1a]E[0xffffff86][0x12].[0xffffff90][0xc]%4[0xffffff96][0xfffffff5][0xffffff94]X[0xffffffc3]YM[0xffffff89]5[0xffffffa2]I[0xffffff94]0[0xffffffe5][0xffffffc9]R[0xffffffc2]v)K[0x9]S[0xffffffad][0x1c]%[0xffffffa4]i)JH[0xfffffff1]nP[0xffffffe2]q[0xffffff94]8[0xffffffdb]IQ[0xffffffe2][0xffffffc1])[0xfffffff1][0x4]P[0xffffffe2][0xffffffd1][0xffffffbc][0x17][0x6][0xfffffffc][0xffffffc1]([0xfffffff1]$QB[0xffffffa3][0xffffffc8]P[0xffffffc2][0x5][0xffffff92][0xffffffa1][0xffffff84][0xffffffc6][0xffffffb2][0xffffff9e][0x12]k8[0xffffffab])[0xffffffb1]F4[0xffffff89][0x12][0xffffffa6]<YJ[0xffffffd8].e)a[0xffffffaa][0xffffff95][0xffffffa3][0xffffff84]4-E[0x9])[0xffffffde]?[0xffffffa7][0xffffffc4][0xfffffff3]r[0xffffff94][0x18][0xffffffa3]C[0xffffff94][0xfffffff8]|[0x1e][0xffffff96][0x12]_O[0x0]S[0xffffffe2][0xffffffd7]3 [0xffffff94][0xfffffff8][0xfffffffa]u[0xffffff84][0x12]?[0x7f]9[0xffffff82][0x12]&[0xffffff8a][0x8]%l [0x11]J[0xffffff98]X[0xffffff96]SB[0xffffffc2]YL[0x9][0xffffff89]h[0x10]%\y[0xffffffa2][0xffffff94][0xfffffff0]][0xffffff8a]R[0xffffffc2]U+F[0x9]mZ[0xffffff88][0x12]Z[0xffffffbc][0x1b][0xffffff94]h[0xffffff86][0x12][0xfffffff7]k[0xe][0xffffff8a][0x12][\r][0xffffffa7]D[0xb][0xffffffa0]D[0xffffffd3][0xffffffbc][0x17][0x6][0xffffffbc]a[0xffffff94]hI[0xffffff94][0xffffffd0](2[0xffffff94]p[0xffffff81]d([0xffffffa1][0xffffffb1][0xffffffac][0xffffffa7][0xffffffc4][0x1a][0xffffffce]jJ[0xffffffac][0x11]M[0xffffffa2][0xffffff84])O[0xffffff96][0x12][0xffffffb6]KYJ[0xffffff98]j[0xffffffe5](!MKQB[0xffffff8a]w[0xffffff83][0x12][0xffffffdd]Q[0xffffffe2]h[0xffffffd4][0xffffffb7][0x12][0xffffff9f][0xffffffcf][0x3]S[0xffffffa2][0x7]P[0xffffffa2]k[0xffffffde][0xb][0x3][0xffffffde]1J[0xfffffff4]$Jh[0x14][0x19]J[0xffffffb8]@2[0xffffff94][0xffffffd0]X[0xffffffd6]Sb[\r]g5%[0xffffffd6][0xffffff88]&Q[0xffffffc2][0xffffff94]'K[0x9][0xffffffdb][0xffffffa5],%L[0xffffffb5]r[0xffffff94][0xffffff90][0xffffffa6][0xffffffa5](![0xffffffc5][0xffffffbb]E[0x9]=[0xc][0xffffffca]R[0x2]>[0xc][0xfffffffa][0xfffffff5][0x4]<%[0xffffffc0][0xffffffc3][0xffffffa0]_[0xffffffbf]NQ"[0xffffffe7]0[0xffffffa8][0xffffff89]"E[0xffffff89][0xffffff90][0xffffffc3][0xffffffa0]&[0xffffff96][0x4]%[0xffffffd0][0xffffffc3][0xffffffa0][0x12][0xffffffd1],Jd[0x1d][0x6][0xfffffff5]]JS"[0xffffffe7]0[0xffffffa8]6-G[0xffffff89][0xffffffbf]>[0xc][0xfffffffa][0x1c][0xffffff8e][0x12]W[0xffffffc7][0xffffffbe][0xffffff95]8pJ[0x1c][0x1][0xffffff94]84[0xffffffef][0xffffff85][0x1]?0J[0x1c]I[0xffffff94][0xffffffd0](2[0xffffff94]p[0xffffff81]d([0xffffffa1][0xffffffb1][0xffffffac][0xffffffa7][0xffffffc4][0x1a][0xffffffce]jJ[0xffffffac][0x11]M[0xffffffa2][0xffffff84])O[0xffffff96][0x12][0xffffffb6]KYJ[0xffffff98]j[0xffffffe5](!MKQB[0xffffff8a]w[0xffffff83][0x12][0xffffffa7][0xfffffffb][0x3][0xffffffc7][0x1c][0xffffffd4][0xffffffae][0xffffffc4][0xffffffe7][0xfffffff3][0xffffffc0][0xffffff94]8[0x3][0xfffffffe][0xffffffc0]q[0xffffffea][[0xffffffb8][0xffffffc2][0xffffff80][0xffffff9f][0xffffffd8][0x1f]8[0xffffffce][0xffffffa4]?ph[0x14][0x19]J[0xffffffb8]@2[0xffffff94][0xffffffd0]X[0xffffffd6]Sb[\r]g5%[0xffffffd6][0xffffff88]&Q[0xffffffc2][0xffffff94]'K[0x9][0xffffffdb][0xffffffa5],%L[0xffffffb5]r[0xffffff94][0xffffff90][0xffffffa6][0xffffffa5](![0xffffffc5][0xffffffbb]A[0xffffff89][0xffffffcb]P[0xffffffe2]9&F[0xffffff89][0xb][0xffffffa7][0xffffffc4][0x15]@[0xffffff89]K[0xfffffff3]^[0x18][0xfffffff0][0xb][0xffffffa3][0xffffffc4][0xffffff95]D[0x9][0xffffff8d]"C[0x9][0x17]H[0xffffff86][0x12][0x1a][0xffffffcb]zJ[0xffffffac][0xffffffe1][0xffffffac][0xffffffa6][0xffffffc4][0x1a][0xffffffd1]$J[0xffffff98][0xfffffff2]d)a[0xffffffbb][0xffffff94][0xffffffa5][0xffffff84][0xffffffa9]V[0xffffff8e][0x12][0xffffffd2][0xffffffb4][0x14]%[0xffffffa4]x7(1[0xfffffffe][0xffffffef]TJ\[0x13][0xfffffffb][0x3][0xffffffc7][0xffffffc7][0xfffffff3][0xffffffc0][0xffffff94][0xfffffff8]|[0x2][0xffffff9a][0x12]?[0xffffff9f][0xffffff81][0xffffffa1][0xffffffc4][0xffffffe7][0xffffffaf]3[0xffffff94][0xfffffff8][0xfffffff1][0xffffffcb][0x19][0xffffff94][0xffffffd0](2[0xffffff94]p[0xffffff81]d([0xffffffa1][0xffffffb1][0xffffffac][0xffffffa7][0xffffffc4][0x1a][0xffffffce]jJ[0xffffffac][0x11]M[0xffffffa2][0xffffff84])O[0xffffff96][0x12][0xffffffb6]KYJ[0xffffff98]j[0xffffffe5](!MKQB[0xffffff8a]w[0xffffff83][0x12]n[0xffffffed]r[0xffffffbe][0xffffffb0][0xffffff89][0xffffffaa][0x7]_[0xffffffbb]|[0x2][0xffffffd6].[0x1f]3[0xffffffc9]V[0x18]pl[0xffffffed][0xfffffff2][0xffffff91][0xffffffd1]5[0xffffff92][0x12]!k[0xffffff97]6[0xffffff90][0xc]%[0x2][0xffffffd6].%[0xffffff9c][0xffffffd5][0xffffff94][0x8]^[0xffffffbb]t[0xffffffe5][0xffffffc9]R"o[0xffffffed][0xffffffd2]U+G[0xffffff89][0xffffff94][0xffffffb5]K-[0xffffffde][\r]J[0xffffffb8][0xffffffb5][0xffffffcb][0xffffffd9].[0xffffffea]:[0xffffffaf][0x7]_[0xffffffbb]|[0x2][0xffffffd6].[0x1f]3[0xffffffc9]V[0x18]pl[0xffffffed][0xfffffff2][0xffffff91][0xffffffd1]5[0xffffff92][0x12]!k[0xffffff97]6[0xffffff90][0xc]%[0x2][0xffffffd6].%[0xffffff9c][0xffffffd5][0xffffff94][0x8]^[0xffffffbb]t[0xffffffe5][0xffffffc9]R"o[0xffffffed][0xffffffd2]U+G[0xffffff89][0xffffff94][0xffffffb5]K-[0xffffffde][\r]J[0xffffffb8]K[0xffffffc6][0xffffffe7][0xfffffff5][0xffffffc2][0xffffffde]J[0xffffffe0][0xffffff97][0xffffff8c]?[0x1][0xffffff97][0xffffff8c]?[0xffffffe6]&[0xffffffdc][0xffffffc2][0xffffff80]c[0xffffff97][0xffffff8c]?r[0xffffffd7]-I[0xffffff89][0xffffff90]K[0xffffffc6]m [0x19]J[0x4]\2.[0xffffffe1][0xffffffac][0xffffffa6]D[0xfffffff0]%[0xffffffe3][0xffffffae]<YJ[0xffffffe4]]2[0xffffffee][0xffffffaa][0xffffff95][0xffffffa3]D[0xffffffca]%[0xffffffe3]Z[0xffffffbc][0x7f]N[0xffffff89][0xfffffff9][0xffffffb2][0xffffff94][0x18][0xffffffd4][0xffffffda][0xffffffe5][0xffffffe7][0xfffffff3][0xffffffb0][0xffffff94][0xfffffff8]z[0x2][0xffffff98][0x12][0xffffffbf][0xffffff9e][0x1][0xffffffa1][0xffffffc4][0xffffffd7][0xffffffaf]#[0xffffff94][0xfffffff8][0xfffffff9][0xffffffcb][0x11][0xffffff94]0QD(a[0x3][0xffffff89]P[0xffffffc2][0xffffffc4][0xffffffb2][0xffffff9c][0x12][0x12][0xffffffce]bJHD[0xffffff83]([0xffffffe1][0xffffffca][0x13][0xffffffa5][0xffffff84][0xffffffef]R[0xffffff94][0x12][0xffffffae]Z1Jh[0xffffffd3]B[0xffffff94][0xffffffd0][0xffffffe2][0xffffffdd][0xffffffa0][0xffffff84][[0xffffffbb][0xffffff9c][0xffffffe3][0xffffffb8](J[0xffffffe0]k[0xffffff97]3`[0xffffffed]r[0xffffff9a]I[0xffffffb6][0xffffffc2][0xffffff80]ck[0xffffff97]SF[0xffffffd7]HJ[0xffffff84][0xffffffac]][0xffffffda]@2[0xffffff94][0x8]X[0xffffffbb][0xffffff94]pVS"x[0xffffffed][0xffffffd2][0xffffff95]'K[0xffffff89][0xffffffbc][0xffffffb5]KW[0xffffffad][0x1c]%R[0xffffffd6].[0xffffffb5]x7(qXJ<[0xffffffd8][[0xffffff89][0x3][0xffffffa7][0xffffffc4][0x11]@[0xffffff89]C[0xfffffff3]^[0x18][0xfffffff0][0x3][0xffffffa3][0xffffffc4][0xffffff91]D[0x9][0xffffff8d]"C[0x9][0x17]H[0xffffff86][0x12][0x1a][0xffffffcb]zJ[0xffffffac][0xffffffe1][0xffffffac][0xffffffa6][0xffffffc4][0x1a][0xffffffd1]$J[0xffffff98][0xfffffff2]d)a[0xffffffbb][0xffffff94][0xffffffa5][0xffffff84][0xffffffa9]V[0xffffff8e][0x12][0xffffffd2][0xffffffb4][0x14]%[0xffffffa4]x7([0xffffffe1]&[0xffffffaa][0xffffffe6][0xffffffd3][0x1f][0xffffff8a][0x12][0xfffffff8]D[0xffffffd5][0xc][0xffffff98][0xffffffa8][0xffffff9a]fG[0xffffffa5]0[0xffffffe0][0xffffffd8]D[0xffffffd5][0xffffff94][0xffffffa5][0x14][0xffffff92][0x12]![0x13]U6[0xffffff90][0xc]%[0x2]&[0xffffffaa]$[0xffffff9c][0xffffffd5][0xffffff94][0x8][0xffffff9e][0xffffffa8]r[0xffffffe5][0xffffffc9]R"o[0xffffffa2][0xffffffca]U+G[0xffffff89][0xffffff94][0xffffff89]*-[0xffffffde][\r]J[0xffffffb8][0xffffff89][0xffffffaa][0xffffffc9][0xffffffad]]N|[0xffffffa2]j[0x6]LTM[0xffffffb3][0xffffffa3]R[0x18]pl[0xffffffa2]j[0xffffffca]R[\n]"
14:21:23.228 [main] DEBUG org.apache.hc.client5.http.wire -- http-outgoing-1 << "I[0xffffff89][0xffffff90][0xffffff89]*[0x1b]H[0xffffff86][0x12][0x1][0x13]U[0x12][0xffffffce]jJ[0x4]OT[0xffffffb9][0xfffffff2]d)[0xffffff91]7Q[0xffffffe5][0xffffffaa][0xffffff95][0xffffffa3]D[0xffffffca]D[0xffffff95][0x16][0xffffffef][0x6]%[0xffffff86]R[0xffffffe2]z[0xffffffb5]N[0x1d][0x6][0xfffffffd]|[0x1e][0xffffff98][0x12]#[0xffffff80][0x12]C[0xfffffff3]^[0x18][0xfffffff0][0xffffff81]Qb$QB[0xffffffa3][0xffffffc8]P[0xffffffc2][0x5][0xffffff92][0xffffffa1][0xffffff84][0xffffffc6][0xffffffb2][0xffffff9e][0x12]k8[0xffffffab])[0xffffffb1]F4[0xffffff89][0x12][0xffffffa6]<YJ[0xffffffd8].e)a[0xffffffaa][0xffffff95][0xffffffa3][0xffffff84]4-E[0x9])[0xffffffde][\r]J[0xffffff98][0xffffff89][0xffffffaa][0xffffffeb]u[0xffffff9d][0xffffff93][0xffffffa2][0x4]>Q5[0x3]&[0xffffffaa][0xffffffa6][0xffffffd9]Q)[0xc]86Q5e)[0xffffff85][0xffffffa4]D[0xffffffc8]D[0xffffff95][\r]$C[0xffffff89][0xffffff80][0xffffff89]*[0x9]g5%[0xffffff82]'[0xffffffaa]\y[0xffffffb2][0xffffff94][0xffffffc8][0xffffff9b][0xffffffa8]r[0xffffffd5][0xffffffca]Q"e[0xffffffa2]J[0xffffff8b]w[0xffffff83][0x12]f[0xffffffa2][0xffffffea]z[0xffffffdd][0x1d];[0xffffffc1][0xffffff81]OT[0xffffffcd][0xffffff80][0xffffff89][0xffffffaa]ivT[\n]"
14:21:23.228 [main] DEBUG org.apache.hc.client5.http.wire -- http-outgoing-1 << "[0x3][0xffffff8e]MTMYJ!)[0x11]2Qe[0x3][0xffffffc9]P"`[0xffffffa2]J[0xffffffc2]YM[0xffffff89][0xffffffe0][0xffffff89]*W[0xffffff9e],%[0xfffffff2]&[0xffffffaa]\[0xffffffb5]r[0xffffff94]H[0xffffff99][0xffffffa8][0xffffffd2][0xffffffe2][0xffffffdd][0xffffffa0][0xffffff84][0xffffff99][0xffffffa8][0xffffffba]Z[0xffffffeb]7E[0x9]|[0xffffffa2]j[0x6]LTM[0xffffffb3][0xffffffa3]R[0x18]pl[0xffffffa2]j[0xffffffca]R[\n]"
14:21:23.228 [main] DEBUG org.apache.hc.client5.http.wire -- http-outgoing-1 << "I[0xffffff89][0xffffff90][0xffffff89]*[0x1b]H[0xffffff86][0x12][0x1][0x13]U[0x12][0xffffffce]jJ[0x4]OT[0xffffffb9][0xfffffff2]d)[0xffffff91]7Q[0xffffffe5][0xffffffaa][0xffffff95][0xffffffa3]D[0xffffffca]D[0xffffff95][0x16][0xffffffef][0x16]%z[0x18]%:N[0xffffff89][0x1e]@[0xffffff89][0xffffff8e]R[0xffffffa2]c[0xffffff94][0xffffffe8]I[0xffffff94]X[0xffffffa3]HQB[0x3]IQb[0xffffff8d]%A[0xffffff89][0xe]S[0xffffffa2][0x7]SB[0xffffffca][0xffffff93][0xffffffa6][0xffffff84][0xffffffe9]R[0xffffff9a][0x12]R[0xffffffad]$%z[\n]"
14:21:23.228 [main] DEBUG org.apache.hc.client5.http.wire -- http-outgoing-1 << "%[0xfffffffa][0x7f]@[0xffffff89]#[0xffffff8c][0x12][0x7]N[0xffffff89]#[0xffffff80][0x12][0x7]J[0xffffff89][0x3][0xffffffa3][0xffffffc4][0xffffff91]D[0xffffff89]5[0xffffff8a][0x14]%4[0xffffff90][0x14]%[0xffffffd6]X[0x12][0xffffff94]8`J[0x1c][0xffffffc1][0xffffff94][0xffffff90][0xfffffff2][0xffffffa4])a[0xffffffba][0xffffff94][0xffffffa6][0xffffff84]T+I[0xffffff89]#[0xffffff85][0x12][0xffffffc7]_R[0xffffffe2]~[0xffffffbd][0xffffffdc][0x1f]8[0xffffff8e][0x7]:[0xffffffc1][0xfffffff1][0xfffffff5]<(%[0xffffffbe][0xffffff9f][0xffffff80][0xffffffa5][0xffffffc4][0xffffffef]g ([0xfffffff1][0xfffffffd][0xffffffeb][0x4]%~[0xfffffffd]r[0x2]%\[0x14][0x9]J[0xfffffff8]@[0x12][0xffffff94]p[0xffffffb1][0xffffffac][0xffffffa6][0xffffff84][0xffffff86][0xffffffb3][0xffffff96][0x12][0x1a][0xffffffd1][0x1c]J[0xffffffd8][0xfffffff2]$)[0xfffffff1][0xffffffa6]KIJ[0xffffffd8]j[0xffffffa5](a[0xffffff9a][0xffffff96][0xffffffa1][0xffffff84])[0xffffffde][\r]J4G[0xffffff89][0xffffff87][0xfffffffa][0xffffffec][0xfffffff2][0xffffffeb]y`J[0xffffffb4][0x0]J4[0xffffffcd]{a[0xffffffc0][0x1b]F[0xffffff89][0xffffff96]D[0x9][0xffffff8d]"C[0x9][0x17]H[0xffffff86][0x12][0x1a][0xffffffcb]zJ[0xffffffac][0xffffffe1][0xffffffac][0xffffffa6][0xffffffc4][0x1a][0xffffffd1]$J[0xffffff98][0xfffffff2]d)a[0xffffffbb][0xffffff94][0xffffffa5][0xffffff84][0xffffffa9]V[0xffffff8e][0x12][0xffffffd2][0xffffffb4][0x14]%[0xffffffa4]x7(a[0xffffffee][0xffffffe0][0xffffffb8][0xffffffda][0xffffffa4][0xffffffd6].[0xffffffbf][0xffffff9e][0x7][0xffffffa6][0x4][0x7f][0x7][0xffffffc7][0xffffffef]g`(A[0xffffffdd][0xffffffc1][0xfffffff1][0xffffffeb][0xffffff97]3([0xffffff91]q[0x7][0xffffff87][0xf]$C[0x9][0xfffffffe][0xe][0xe][\r]g5%r[0xffffffef][0xffffffe0][0xffffffb0][0xffffffe5][0xffffffc9]R"[0xffffffee][0xe][0xe][[0xffffffad][0x1c]%B[0xffffffee][0xffffffe0]0[0xffffffc5][0xffffffbb]A[0x9]s[0x7][0xffffffc7][0xffffffd5][0xffffff8f]yR[0xffffff94][0xffffffa0][0xffffffef][0xffffffe0][0xfffffff8]~[0x2][0xffffff9a][0x12][0xffffffe4][0x1d][0x1c][0xffffffdf][0xffffffbf][0xffffffce]P"[0xffffffe8][0xe][0xe][0x17]E[0xffffff86][0x12])wp[0xffffffb8]X[0xffffffd6]S[0xffffff82][0xffffffbd][0xffffff83]C#[0xffffff9a]D[0xffffff89][0xffffffb0];8[0xffffffde]t)K[0xffffff89][0xffffffa0];8L[0xffffffd3]R[0xffffff94][0xfffffff8][0xfffffffb];8[0xffffffee][0xffffff97][0xffffffb9][0xffffff83][0xffffffe3][0xffffffea][0xffffffe7][0x1]}v[0xfffffff9][0xfffffff5]<0%[0xfffffff8];8~?[0x3]C[0x9][0xffffffea][0xe][0xffffff8e]_[0xffffffbf][0xffffff9c]A[0xffffff89][0xffffff8c];8| [0x19]J[0xfffffff0]wph8[0xffffffab])[0xffffff91]{[0x7][0xffffff87]-O[0xffffff96][0x12]qwp[0xffffffd8]j[0xffffffe5]([0x11]r[0x7][0xffffff87])[0xffffffde][\r]J[0xffffff98];8>(qc[0xffffffdf]J[0xffffffd0]wp|?[0x1]M[0x9][0xfffffff2][0xe][0xffffff8e][0xffffffef]_g([0x11]t[0x7][0xffffff87][0xffffff8b]"C[0xffffff89][0xffffff94];8\,[0xffffffeb])[0xffffffc1][0xffffffde][0xffffffc1][0xffffffa1][0x11]M[0xffffffa2]D[0xffffffd8][0x1d][0x1c]o[0xffffffba][0xffffff94][0xffffffa5]D[0xffffffd0][0x1d][0x1c][0xffffffa6]i)J[0xfffffffc][0xfffffffd][0x1d][0x1c][0xfffffff7][0xffffffcb][0xffffffdd][0xffffffc1][0xffffffd1][0xffffffcf][0xffffff89]}+A[0xffffffdf][0xffffffc1][0xfffffff1][0xfffffffd][0x4]4%[0xffffffc8];8[0xffffffbe][0x7f][0xffffff9d][0xffffffa1]D[0xffffffd0][0x1d][0x1c].[0xffffff8a][0xc]%R[0xffffffee][0xffffffe0]p[0xffffffb1][0xffffffac][0xffffffa7][0x4]{[0x7][0xffffff87]F4[0xffffff89][0x12]awp[0xffffffbc][0xffffffe9]R[0xffffff96][0x12]Awp[0xffffff98][0xffffffa6][0xffffffa5]([0xfffffff1][0xfffffff7]wp[0xffffffdc]/w[0x7]G[0xffffffbf]N[0xffffffe8]f[0xffffffd0][0xffffffaf][0xffffffe7][0xffffff81])[0xffffffc1][0xffffffdf][0xffffffc1][0xfffffff1][0xfffffffb][0x19][0x18]JPwp[0xfffffffc][0xfffffffa][0xffffffe5][0xc]Jd[0xffffffdc][0xffffffc1][0xffffffe1][0x3][0xffffffc9]P[0xffffff82][0xffffffbf][0xffffff83]C[0xffffffc3]YM[0xffffff89][0xffffffdc];8ly[0xffffffb2][0xffffff94][0xffffff88][0xffffffbb][0xffffff83][0xffffffc3]V+G[0xffffff89][0xffffff90];8L[0xfffffff1]nP[0xffffffc2][0xffffffdd][0xffffffc1][0xffffffd1][0xffffffc7][0xffffffec][0x14]%[0xffffffe8];8[0xffffffbe][0xffffff9f][0xffffff80][0xffffffa6][0x4]y[0x7][0xffffffc7][0xfffffff7][0xffffffaf]3[0xffffff94][0x8][0xffffffba][0xffffff83][0xffffffc3]E[0xffffff91][0xffffffa1]D[0xffffffca][0x1d][0x1c].[0xffffff96][0xfffffff5][0xffffff94]`[0xffffffef][0xffffffe0][0xffffffd0][0xffffff88]&Q"[0xffffffec][0xe][0xffffff8e]7][0xffffffca]R"[0xffffffe8][0xe][0xe][0xffffffd3][0xffffffb4][0x14]%[0xfffffffe][0xfffffffe][0xe][0xffffff8e][0xfffffffb][0xffffffe5][0xffffffee][0xffffffe0]8^[0x3][0xfffffffb][0xffffffec][0xffffff92][0xffffffbe][0xffffff83][0xffffffe3][0xfffffffb][0x9]hJ[0xffffff90]wp|[0xffffffff]:C[0xffffff89][0xffffffa0];8\[0x14][0x19]J[0xffffffa4][0xffffffdc][0xffffffc1][0xffffffe1]bYO[0x9][0xfffffff6][0xe][0xe][0xffffff8d]h[0x12]%[0xffffffc2][0xffffffee][0xffffffe0]x[0xffffffd3][0xffffffa5],%[0xffffff82][0xffffffee][0xffffffe0]0MKQ[0xffffffe2][0xffffffef][0xffffffef][0xffffffe0][0xffffffb8][0xffffffdb][0xffffffcb]Q[0xffffffa2][0xffffffdf]'D[0xffffff89][0xffffffcf][0xffffffe7]a)[0xfffffff1][0xfffffff5][0x4]0%~=[0x3]B[0xffffff89][0xffffffaf]_G([0xfffffff1][0xfffffff3][0xffffff97]#(a[0xffffffa2][0xffffff88]P[0xffffffc2][0x6][0x12][0xffffffa1][0xffffff84][0xffffff89]e9%$[0xffffff9c][0xffffffc5][0xffffff94][0xffffff90][0xffffff88][0x6]Q[0xffffffc2][0xffffff95]'J[0x9][0xffffffdf][0xffffffa5](%\[0xffffffb5]b[0xffffff94][0xffffffd0][0xffffffa6][0xffffff85]([0xffffffa1][0xffffffc5][0xffffffbb]A[0x9][0xffffffb7]+q[0xffffffb6]A[\r]g7|W[0xffffffa2][0x5][0xffffffec]J4s[0xfffffff8][0xffffffb9]0[0xffffffe0][0xffffffd8][0xffffffae]D[0xffffff93][0xffffffe3][0xffffffcd]$%Bv%l [0x19]J[0x4][0xffffffec]JH8[0xffffffab])[0x11][0xffffffbc]+[0xffffffe1][0xffffffca][0xffffff93][0xffffffa5]D[0xffffffde][0xffffffae][0xffffff84][0xffffffab]V[0xffffff8e][0x12])[0xffffffbb][0x12]Z[0xffffffbc][0x1b][0xffffff94]p[0xffffffbb][0x12][0xffffffe7][0xfffffff1]P[0x7f][0xffffffe0]h[0xfffffff8][0xffffffae]D[0xb][0xffffffd8][0xffffff95]h[0xffffffe6][0xfffffff0]sa[0xffffffc0][0xffffffb1]][0xffffff89]&[0xffffffc7][0xffffff9b]IJ[0xffffff84][0xffffffec]J[0xffffffd8]@2[0xffffff94][0x8][0xffffffd8][0xffffff95][0xffffff90]pVS"xW[0xffffffc2][0xffffff95]'K[0xffffff89][0xffffffbc]][0x9]W[0xffffffad][0x1c]%Rv%[0xffffffb4]x7([0xffffffe1]v%[0xffffffce][0xffffffc1]Q[0x2][0xffffffdf][0xffffff95]h[0x1][0xffffffbb][0x12][0xffffffcd][0x1c]~.[0xc]8[0xffffffb6]+[0xffffffd1][0xffffffe4]x3I[0xffffff89][0xffffff90]][0x9][0x1b]H[0xffffff86][0x12][0x1][0xffffffbb][0x12][0x12][0xffffffce]jJ[0x4][0xffffffef]J[0xffffffb8][0xfffffff2]d)[0xffffff91][0xffffffb7]+[0xffffffe1][0xffffffaa][0xffffff95][0xffffffa3]D[0xffffffca][0xffffffae][0xffffff84][0x16][0xffffffef][0x6]%[0xffffffdc]g[0xffffff97][0xffffffd7][0xffffffe8][0xffffffd4]a[0xffffffd0][0xffffff86][0x7f]v[0xffffffd9][0x2]>[0xffffffbb]l[0xffffffe6][0xffffffdb][0xffffffa0][0xffffffc2][0xffffff80]c[0xffffff9f]]6[0xfffffff9][0xfffffffa][0xffffff87][0xffffffa4]D[0xffffffc8]g[0xffffff97]6[0xffffff90][0xc]%[0x2]>[0xffffffbb][0xffffff94]pVS"[0xfffffff8][0xffffffb3]KW[0xffffff9e],%[0xfffffff2]>[0xffffffbb]t[0xffffffd5][0xffffffca]Q"[0xffffffe5][0xffffffb3]K-[0xffffffde]?[0xffffffa7]D[0x7f]YJ`[0xffffffbb][0x12][0xffffff9f][0xffffffcf][0xffffffc3]R[0xffffffe2][0xffffffeb][0x9]`J[0xfffffffc]z[0x6][0xffffff84][0x12]_[0xffffffbf][0xffffff8e]P[0xffffffe2][0xffffffe7]/GP[0xffffffc2]D[0x11][0xffffffa1][0xffffff84][\r]$B[0x9][0x13][0xffffffcb]rJH8[0xffffff8b])![0x11][\r][0xffffffa2][0xffffff84]+O[0xffffff94][0x12][0xffffffbe]KQJ[0xffffffb8]j[0xffffffc5]([0xffffffa1]M[0xb]QB[0xffffff8b]w[0xffffff83][0x12][0xffffffee]f[0xffffffd0][0xffffffeb][0xffffffe9]'E[0x9][0xfffffffc]f[0xffffffd0][0x1e]p"
14:21:23.232 [main] DEBUG org.apache.hc.client5.http.wire -- http-outgoing-1 << "3h7[0xffffffd7][0xffffffd7][0x15][0x6][0x1c][0xffffffbb][0x19][0xffffffb4][0xffffffcb][0x5]u$%Bn[0x6][0xffffffb5][0xffffff81]d([0x11]p3[0xffffffa8][0xffffff84][0xffffffb3][0xffffff9a][0x12][0xffffffc1]7[0xffffff83][0xffffffba][0xfffffff2]d)[0xffffff91]w3[0xffffffa8][0xffffffab]V[0xffffff8e][0x12])7[0xffffff83]j[0xfffffff1]nP[0xffffffe2][0xfffffff8][0xffffffbf]S(1^[\r]{+[0xfffffff1][0xfffffff1]<0%>[0xffffff9f][0xffffff80][0xffffffa6][0xffffffc4][0xffffffcf]g`([0xfffffff1][0xfffffff9][0xffffffeb][0xc]%~[0xfffffffc]r[0x6]%4[0xffffff8a][0xc]%\ [0x19]Jh,[0xffffffeb])[0xffffffb1][0xffffff86][0xffffffb3][0xffffff9a][0x12]kD[0xffffff93](a[0xffffffca][0xffffff93][0xffffffa5][0xffffff84][0xffffffed]R[0xffffff96][0x12][0xffffffa6]Z9JH[0xffffffd3]R[0xffffff94][0xffffff90][0xffffffe2][0xffffffdd][0xffffffa2][0xffffffc4][0x8][0xffffffa3][0xffffffc4][0xffffffc0])1[0x2](1PJ[0xc][0xffffff8c][0x12]#[0xffffff89][0x12]k[0x14])Jh )J[0xffffffac][0xffffffb1]$(1`J[0xffffff8c]`JHy[0xffffffd2][0xffffff94]0]JSB[0xffffffaa][0xffffff95][0xffffffa4][0xffffffc4]H[0xffffffa1][0xffffffc4][0xfffffff8][0xf]([0xffffffd1]f[0xffffff98]%[0xffffffda][0xffffffc4]1[0xfffffff1][0xfffffff1][0x8][0xffffffbc]&~<[0x4][0xffffffc5][0xffffff89][0xffffff8f][0xffffff9f][0xffffffa7]<[0xfffffff1][0xfffffffd][0xffffffd3])[0xffffffa0][0xffffff90]<R[0xffffffa2]0[0xffffffa9][0xffffffa4]H![0xffffffd9]$L[0xffffffb1]$[0xffffffb4][0x1e][0x15]KN[0xffffffb3]T[0xffffffa1]5J[0xffffffb3][0xffffffc2][0xffffffb5]*[0xffffffed][\n]"
14:21:23.232 [main] DEBUG org.apache.hc.client5.http.wire -- http-outgoing-1 << "-Y[0x12][0x16]k[0xffffffe7]r[0xffffffb2]X+x[0xffffff8b][0x16]G[0xb][0xffffffa3][0xffffffc5][0xffffffd1]pZ|<[0x2]O[0xffffff8b][0x1f][0xf]A[0xffffffd1][0xffffffe2][0xffffffe3][0xffffffe7])Z|[0xffffffff]t[\n]"
14:21:23.232 [main] DEBUG org.apache.hc.client5.http.wire -- http-outgoing-1 << "-$[0xffffff8f][0x14]-L*)ZH6[0x9]Z,[0x9][0xffffffad][0xffffffa7][0xffffffc5][0xffffff92][0xffffffd3],Zh[0xffffff8d][0xffffffd2][0xffffffb4]p[0xffffffad]J[0xffffffd3]BK[0xffffff96][0xffffffa4][0xffffffc5][0xffffffda][0xffffffb9][0x1c]-[0xffffffd6][\n]"
14:21:23.232 [main] DEBUG org.apache.hc.client5.http.wire -- http-outgoing-1 << "[0xffffffde][0xffffffa2][0xffffffc5]y[0xffffff86][0xffffffd1][0xffffffe2][0xc][0xfffffff8][0xffffff9a]"[0xffffffe2]s[\n]"
14:21:23.232 [main] DEBUG org.apache.hc.client5.http.wire -- http-outgoing-1 << "[0xfffffff8]{[\n]"
14:21:23.232 [main] DEBUG org.apache.hc.client5.http.wire -- http-outgoing-1 << "[0xfffffff0][0xffffff83][0xffffff8a][0xffffffac]/*b>[0xffffffa9][0x8][0xfffffffa][0xffffffa6]"[0xffffffe2][0xffffffa3][\n]"
14:21:23.232 [main] DEBUG org.apache.hc.client5.http.wire -- http-outgoing-1 << "[0xfffffffc][0xffffffab][0xffffff8a][0xffffffe8][0xffffffcf]*[0xfffffff2][0xffffffbe][0xffffffab]H[0xfffffffc][0xffffffb0]"[0xffffffeb][0xffffffcb][0xffffff8a][0xffffff9c]O+[0xfffffffe][0xffffff8b]o+[0xffffffae]'[0xffffff8c][0x16][0xffffffd7][0xffffff83][0xffffffd3][0xffffffe2][0xffffffe3][0x11]xZ[0xfffffffc]x[0x8][0xffffff8a][0x16][0x1f]?O[0xffffffd1][0xffffffe2][0xfffffffb][0xffffffa7]Sh!y[0xffffffa4]haRI[0xffffffd1]B[0xffffffb2]I[0xffffffd0]bIh=-[0xffffff96][0xffffff9c]f[0xffffffd1]Bk[0xffffff94][0xffffffa6][0xffffff85]kU[0xffffff9a][0x16]Z[0xffffffb2]$-[0xffffffd6][0xffffffce][0xffffffe5]h[0xffffffb1]V[0xfffffff0][0x16]-F[0xffffffda][0xffffffb7][0x16][0xffffff83][0xffffffff][0xffffffd6]b$|k1[0xffffffd8]o-[0x6][0xfffffff7][0xffffffad][0xffffffc5][0xffffff88][0xfffffffa][0xffffffd6]B[0xfffffff2]H[0xffffffd1][0xffffffc2][0xffffffa4][0xffffff92][0xffffffa2][0xffffff85]d[0xffffff93][0xffffffa0][0xffffffc5][0xffffffa0][0xffffffbf][0xffffffb5][0x18][0xffffffc9][0xffffffdf]Zh[0xffffff8d][0xffffffd2][0xffffffb4]p[0xffffffad]J[0xffffffd3]BK[0xffffff96][0xffffffa4][0xffffffc5][0xffffffda][0xffffffb9][0x1c]-[0xffffffd6][\n]"
14:21:23.232 [main] DEBUG org.apache.hc.client5.http.wire -- http-outgoing-1 << "[0xffffffde][0xffffffa2][0xffffffc5]L[0xfffffffb][0xffffffd6]b[0xfffffff2][0xffffffdf]Z[0xffffffcc][0xffffff84]o-&[0xfffffffb][0xffffffad][0xffffffc5][0xffffffe4][0xffffffbe][0xffffffb5][0xffffff98]Q[0xffffffdf]ZH[0x1e])Z[0xffffff98]TR[0xffffffb4][0xffffff90]l[0x12][0xffffffb4][0xffffff98][0xfffffff4][0xffffffb7][0x16]3[0xfffffff9][[0xb][0xffffffad]Q[0xffffff9a][0x16][0xffffffae]UiZh[0xffffffc9][0xffffff92][0xffffffb4]X;[0xffffff97][0xffffffa3][0xffffffc5]Z[0xffffffc1]{[0xffffffb4]8[0xffffffd2]hq[0xfffffff0][0xffffffb4]8[0x12]hq[0xffffffb0][0xffffffb4]88Z[0x1c]Q[0xffffffb4]X[0xfffffff3][0xffffff88][0xffffffd1]BS[0xffffff89][0xffffffd1]b[0xffffffcd]&B[0xffffff8b][0xffffff83][0xffffffa6][0xffffffc5][0xffffff91]L[0xb][0xffffffa9]Q[0xffffff9c][0x16][0xffffffa6]UqZH[0xffffffc9][0xffffffa2][0xffffffb4]8bhq[0xfffffffc][0x7][0xffffffb4]h-m[0xffffffc9][0xffffffe2][0xffffffe3][0xffffff89]p\|>[0x3][0xffffffaf][0xffffff8b][0xffffff9f]OA[0xfffffff1][0xffffffe2][0xfffffff3][0xfffffff7])_[0xfffffffc][0xfffffff8][0xffffffed][0x14]`h()a[0xffffffb8]hR[0xffffffc4][0xffffffd0][0xffffff80][0x12][0xffffffc6]XcZ[0xffffff8f][0xffffff8c]5[0xffffffac]Y[0xffffffca]0[0xffffff85]J3[0xffffffc3][0xfffffff6]+[0xffffffed][0xc]S[0xffffffb7]$4[0xffffffa4]}9iH[0x19][0xffffffff][0x9]5[0xffffffda][0xfffffff7][0xffffffbf][0xffffffe2].=[0x1f][0xfffffff7][0xffffffab][0xffffff97]C[0xffffffe3][0xfffffff7][0xfffffff3]P[0xffffffcc][0xfffffff8][0xffffffc7][0x13]`[0xffffffc8]X[0xffffff9e][0xffffffa1][0xffffff98][0x18][0xffffffff][0xfffffff8][0xfffffff5]b`[0xfffffffc][0xffffffef]/[0xffffffc3][0xffffffbc]x[0x1b][0xffffffc5]b\[0xfffffffc]K [0xffffff8b]i[0xfffffff1]6[0xffffff96][0xffffff85][0xffffffb0]x[0x13][0xffffffce]2V[0xffffffbc][0xffffff89]h[0x4]*[0xffffffde][0xffffff97]'D[0xffffff8a][0x7f][0xffffffeb]R[0x8][0x14][0xffffffef][0xffffffab][0x15][0xffffffe0][0xffffffc4][0xffffffbb][0xffffffa6]-[0xffffffc7][0xffffffc4][0xffffffbb][0xffffffe2][0xffffffdd][0xffffffa0][0xffffff84][0xffffffbb][0xfffffff4]|[0xffffffcc][0xfffffff9]P[0xffffff94][0x0]/=[0xffffffff][0xffffffc7][0x13][0xffffffd0][0xffffff94][0xffffff80].=[0xffffffff][0xffffffc7][0xffffffaf]3[0xffffff94][0xffffffc8][0xffffffb8][0xfffffff4][0xfffffffc]m[0x14][0x19]J[0x4]\z[0xfffffffe]6[0xffffff96][0xfffffff5][0xffffff94][0xffffffc0].=[0x7f][0x13][0xffffffd1]$J[0xffffffe4]\z[0xfffffffe]o][0xffffffca]R"[0xffffffe3][0xffffffd2][0xfffffff3]wMKQ[0xffffffe2][0xffffffaf].=[0xffffffff][0xfffffff1]o[0xc]C[0xffffff89][0xfffffffb][0xffffffb8][0x1a]E[0xffffff89][0xffffff81]Sb[0x4]Pbh[0xffffffde][0xb][0x3]>0J[0xffffff8c]$Jh[0x14][0x19]J[0xffffffb8]@2[0xffffff94][0xffffffd0]X[0xffffffd6]Sb[\r]g5%[0xffffffd6][0xffffff88]&Q[0xffffffc2][0xffffff94]'K[0x9][0xffffffdb][0xffffffa5],%L[0xffffffb5]r[0xffffff94][0xffffff90][0xffffffa6][0xffffffa5](![0xffffffc5][0xffffffbb]A[0xffffff89][0xffffffdb]Q[0xffffffe2][0xffffffea]/[0xffffff8a][0x12]7N[0xffffff89];[0xffffff80][0x12][0xffffffb7][0xffffffe6][0xffffffbd]0[0xffffffe0]7F[0xffffff89];[0xffffff89][0x12][0x1a]E[0xffffff86][0x12].[0xffffff90][0xc]%4[0xffffff96][0xfffffff5][0xffffff94]X[0xffffffc3]YM[0xffffff89]5[0xffffffa2]I[0xffffff94]0[0xffffffe5][0xffffffc9]R[0xffffffc2]v)K[0x9]S[0xffffffad][0x1c]%[0xffffffa4]i)JH[0xfffffff1]nP[0xffffffe2]q[0xffffff94][0xffffff98]}R[0xffffff94]xpJ<[0x1][0xffffff94]x4[0xffffffef][0xffffff85][0x1][0x7f]0J<I[0xffffff94][0xffffffd0](2[0xffffff94]p[0xffffff81]d([0xffffffa1][0xffffffb1][0xffffffac][0xffffffa7][0xffffffc4][0x1a][0xffffffce]jJ[0xffffffac][0x11]M[0xffffffa2][0xffffff84])O[0xffffff96][0x12][0xffffffb6]KYJ[0xffffff98]j[0xffffffe5](!MKQB[0xffffff8a]w[0xffffff83][0x12][0xffffffd3]P[0xffffffe2]i[0x7][0xfffffff6][0x7][0xffffff8e][0xffffff89]Sb[0x6]Pbj[0xffffffde][0xb][0x3]>1J[0xffffffcc]$Jh[0x14][0x19]J[0xffffffb8]@2[0xffffff94][0xffffffd0]X[0xffffffd6]Sb[\r]g5%[0xffffffd6][0xffffff88]&Q[0xffffffc2][0xffffff94]'K[0x9][0xffffffdb][0xffffffa5],%L[0xffffffb5]r[0xffffff94][0xffffff90][0xffffffa6][0xffffffa5](![0xffffffc5][0xfffffffb][0xffffffe7][0xffffff94][0xfffffff8]<[0xe][0xffffffa2][0xffffff94]8'[0xfffffff5][0x7][0xffffff8e][0xffffffcf][0xffffffe7]a)[0xfffffff1][0xfffffff5][0x4]0%~=[0x3]B[0xffffff89][0xffffffaf]_G([0xfffffff1][0xfffffff3][0xffffff97]#(a[0xffffffa2][0xffffff88]P[0xffffffc2][0x6][0x12][0xffffffa1][0xffffff84][0xffffff89]e9%$[0xffffff9c][0xffffffc5][0xffffff94][0xffffff90][0xffffff88][0x6]Q[0xffffffc2][0xffffff95]'J[0x9][0xffffffdf][0xffffffa5](%\[0xffffffb5]b[0xffffff94][0xffffffd0][0xffffffa6][0xffffff85]([0xffffffa1][0xffffffc5][0xffffffbb]A[0xffffff89][0xffffffe6](q}MQ [0xffffff94]h8%Z[0x0]%[0xffffff9a][0xffffffe6][0xffffffbd]0[0xffffffe0][\r][0xffffffa3]DK[0xffffffa2][0xffffff84]F[0xffffff91][0xffffffa1][0xffffff84][0xb]$C[0x9][0xffffff8d]e=%[0xffffffd6]pVSb[0xffffff8d]h[0x12]%Ly[0xffffffb2][0xffffff94][0xffffffb0]][0xffffffca]R[0xffffffc2]T+G[0x9]iZ[0xffffff8a][0x12]R[0xffffffbc][0x1b][0xffffff94][0xffffffe8][0xffffff96][0x12][0xf]F[0xffffff89][0xffffff8e]S[0xffffffa2][0x7]P[0xffffffa2]k[0xffffffde][0xb][0x3][0xffffffde]1J[0xfffffff4]$Jh[0x14][0x19]J[0xffffffb8]@2[0xffffff94][0xffffffd0]X[0xffffffd6]Sb[\r]g5%[0xffffffd6][0xffffff88]&Q[0xffffffc2][0xffffff94]'K[0x9][0xffffffdb][0xffffffa5],%L[0xffffffb5]r[0xffffff94][0xffffff90][0xffffffa6][0xffffffa5](![0xffffffc5][0xffffffbb]A[0xffffff89][0xffffffc3]Qb[0xfffffff4][0xfffffffa]-[0xffffffcc][0xffffffdf][0xffffffcf][0x3]S[0xffffffe2][0x8][0xffffffa0][0xffffffc4][0xffffffa1]y/[0xc][0xfffffff8][0xffffff81]Q[0xffffffe2]H[0xffffffa2][0xffffff84]F[0xffffff91][0xffffffa1][0xffffff84][0xb]$C[0x9][0xffffff8d]e=%[0xffffffd6]pVSb[0xffffff8d]h[0x12]%Ly[0xffffffb2][0xffffff94][0xffffffb0]][0xffffffca]R[0xffffffc2]T+G[0x9]iZ[0xffffff8a][0x12]R[0xffffffbc][0x1b][0xffffff94]pk[0xffffff97][0xffffffcf][0x18][0xffffffd4][0xffffffda][0xffffffe5][0xffffff81][0xffffffaf]][0x1e][0x1]k[0xffffff97][0xffffff87][0xffffff99]d+[0xc]8[0xffffffb6]vy[0xffffffc8][0xffffffe8][0x1a]I[0xffffff89][0xffffff90][0xffffffb5]K[0x1b]H[0xffffff86][0x12][0x1]k[0xffffff97][0x12][0xffffffce]jJ[0x4][0xffffffaf]][0xffffffba][0xfffffff2]d)[0xffffff91][0xffffffb7]v[0xffffffe9][0xffffffaa][0xffffff95][0xffffffa3]D[0xffffffca][0xffffffda][0xffffffa5][0x16][0xffffffef][0x6]%[0xffffffdc][0xffffffda][0xffffffe5]sw[0xffffffec][0xf][0x1c][0xfffffff8][0xffffffda][0xffffffe5][0x11][0xffffffb0]vy[0xffffff98]I[0xffffffb6][0xffffffc2][0xffffff80]ck[0xffffff97][0xffffff87][0xffffff8c][0xffffffae][0xffffff91][0xffffff94][0x8]Y[0xffffffbb][0xffffffb4][0xffffff81]d([0x11][0xffffffb0]v)[0xffffffe1][0xffffffac][0xffffffa6]D[0xfffffff0][0xffffffda][0xffffffa5]+O[0xffffff96][0x12]yk[0xffffff97][0xffffffae]Z9J[0xffffffa4][0xffffffac]]j[0xfffffff1]nP[0xffffffc2][0xffffffad]]]]><![CDATA[>[0xffffffcf][0xffffff83][0xffffffbd][0xffffff95][0xffffffc0][0xffffffd7].[0xffffff8f][0xffffff80][0xffffffb5][0xffffffcb][0xffffffc3]L[0xffffffb2][0x15][0x6][0x1c][[0xffffffbb]<dt[0xffffff8d][0xffffffa4]D[0xffffffc8][0xffffffda][0xffffffa5][\r]$C[0xffffff89][0xffffff80][0xffffffb5]K[0x9]g5%[0xffffff82][0xffffffd7].]y[0xffffffb2][0xffffff94][0xffffffc8][[0xffffffbb]t[0xffffffd5][0xffffffca]Q"e[0xffffffed]R[0xffffff8b]w[0xffffff83][0x12]n[0xffffffa2]j[0xffffff8e][0xffffff89][0xffffffbd][0xffffff95][0xffffffc0]'[0xffffffaa][0xffffff8e][0xffffff80][0xffffff89][0xffffffaa][0xffffffc3][0xffffffec][0xffffffa8][0x14][0x6][0x1c][0xffffff9b][0xffffffa8]:d)[0xffffff85][0xffffffa4]D[0xffffffc8]D[0xffffff95][\r]$C[0xffffff89][0xffffff80][0xffffff89]*[0x9]g5%[0xffffff82]'[0xffffffaa]\y[0xffffffb2][0xffffff94][0xffffffc8][0xffffff9b][0xffffffa8]r[0xffffffd5][0xffffffca]Q"e[0xffffffa2]J[0xffffff8b]w[0xffffff83][0x12]n[0xffffffa2]j[0xffffffce][0x17]u[0xffffff9d][0xffffffd7][0xffffff81]OT[0x1d][0x1][0x13]U[0xffffff87][0xffffffd9]Q)[0xc]86Qu[0xffffffc8]R[\n]"
14:21:23.232 [main] DEBUG org.apache.hc.client5.http.wire -- http-outgoing-1 << "I[0xffffff89][0xffffff90][0xffffff89]*[0x1b]H[0xffffff86][0x12][0x1][0x13]U[0x12][0xffffffce]jJ[0x4]OT[0xffffffb9][0xfffffff2]d)[0xffffff91]7Q[0xffffffe5][0xffffffaa][0xffffff95][0xffffffa3]D[0xffffffca]D[0xffffff95][0x16][0xffffffef][0xffffff9f]S[0xffffffe2]4[0x13]U[0xffffffe3][0xffffffd5]/[0xffffffea][0x4][0xffffffc7][0xffffff89]OT[0xffffff9d][0x1][0x13]U[0xffffffa7][0xffffffd9]Q[0xffffffa9][0xb][0xfffffff8][0xffffff89]MT[0xffffff9d][0xffffffb2][0xffffff94][0x2]R[0xffffffc2]D[0x11][0xffffffa1][0xffffff84][\r]$B[0x9][0x13][0xffffffcb]rJH8[0xffffff8b])![0x11][\r][0xffffffa2][0xffffff84]+O[0xffffff94][0x12][0xffffffbe]KQJ[0xffffffb8]j[0xffffffc5]([0xffffffa1]M[0xb]QB[0xffffff8b]w[0xffffff83][0x12][0xffffffcd]Q[0xffffffe2][0xffffff9c][0x17]E[0xffffff89][0xffffff86]S[0xffffffa2][0x5]P[0xffffffa2]i[0xffffffde][0xb][0x3][0xffffffde]0J[0xffffffb4]$Jh[0x14][0x19]J[0xffffffb8]@2[0xffffff94][0xffffffd0]X[0xffffffd6]Sb[\r]g5%[0xffffffd6][0xffffff88]&Q[0xffffffc2][0xffffff94]'K[0x9][0xffffffdb][0xffffffa5],%L[0xffffffb5]r[0xffffff94][0xffffff90][0xffffffa6][0xffffffa5](![0xffffffc5][0xffffffbb]A[0x9]3Q5^[0xfffffff3]E}vy[0xffffffe2][0x13]Ug[0xffffffc0]D[0xffffffd5]ivT[\n]"
14:21:23.232 [main] DEBUG org.apache.hc.client5.http.wire -- http-outgoing-1 << "[0x3][0xffffff8e]MT[0xffffff9d][0xffffffb2][0xffffff94]BR"d[0xffffffa2][0xffffffca][0x6][0xffffff92][0xffffffa1]D[0xffffffc0]D[0xffffff95][0xffffff84][0xffffffb3][0xffffff9a][0x12][0xffffffc1][0x13]U[0xffffffae]<YJ[0xffffffe4]MT[0xffffffb9]j[0xffffffe5]([0xffffff91]2Q[0xffffffa5][0xffffffc5][0xffffffbb]A[0x9]3Q5[0xffffffda][0xb][0xffffffbb][0xffffff83][0xffffffe3][0xffffffc4]'[0xffffffaa][0xffffffce][0xffffff80][0xffffff89][0xffffffaa][0xffffffd3][0xffffffec][0xffffffa8][0x14][0x6][0x1c][0xffffff9b][0xffffffa8]:e)[0xffffff85][0xffffffa4]D[0xffffffc8]D[0xffffff95][\r]$C[0xffffff89][0xffffff80][0xffffff89]*[0x9]g5%[0xffffff82]'[0xffffffaa]\y[0xffffffb2][0xffffff94][0xffffffc8][0xffffff9b][0xffffffa8]r[0xffffffd5][0xffffffca]Q"e[0xffffffa2]J[0xffffff8b]w[0xffffff8b][0x12]=[0xffffff8c][0x12][0x1d][0xffffffa7]D[0xf][0xffffffa0]DG)[0xffffffd1]1J[0xfffffff4]$J[0xffffffac]Q[0xffffffa4]([0xffffffa1][0xffffff81][0xffffffa4]([0xffffffb1][0xffffffc6][0xffffff92][0xffffffa0]D[0xffffff87])[0xffffffd1][0xffffff83])![0xffffffe5]IS[0xffffffc2]t)M[0x9][0xffffffa9]V[0xffffff92][0x12]=[0xffffff85][0x12][0xfffffffd][0xffffffaf])a[0xffffffd6].G;[0xffffffaf][0xffffff9b][0xffffffa2][0x4][0xffffffbe]vy[0x6][0xffffffac]][0xffffff9e]f[0xffffff92][0xffffffad]0[0xffffffe0][0xffffffd8][0xffffffda][0xffffffe5])[0xffffffa3]k$%B[0xffffffd6].m [0x19]J[0x4][0xffffffac]]J8[0xffffffab])[0x11][0xffffffbc]v[0xffffffe9][0xffffffca][0xffffff93][0xffffffa5]D[0xffffffde][0xffffffda][0xffffffa5][0xffffffab]V[0xffffff8e][0x12])k[0xffffff97]Z[0xffffffbc][0x1b][0xffffff94]0k[0xffffff97][0xffffffa3]][\r]{+[0xffffff81][0xffffffaf]][0xffffff9e][0x1]k[0xffffff97][0xffffffa7][0xffffff99]d+[0xc]8[0xffffffb6]vy[0xffffffca][0xffffffe8][0x1a]I[0xffffff89][0xffffff90][0xffffffb5]K[0x1b]H[0xffffff86][0x12][0x1]k[0xffffff97][0x12][0xffffffce]jJ[0x4][0xffffffaf]][0xffffffba][0xfffffff2]d)[0xffffff91][0xffffffb7]v[0xffffffe9][0xffffffaa][0xffffff95][0xffffffa3]D[0xffffffca][0xffffffda][0xffffffa5][0x16][0xffffffef][0x6]%[0xffffffcc][0xffffffda][0xffffffe5][0x7]%.jW[0xffffffe2][0xffffffc4][0xffffffd7].[0xffffffcf][0xffffff80][0xffffffb5][0xffffffcb][0xffffffd3]L[0xffffffb2][0x15][0x6][0x1c][[0xffffffbb]<et[0xffffff8d][0xffffffa4]D[0xffffffc8][0xffffffda][0xffffffa5][\r]$C[0xffffff89][0xffffff80][0xffffffb5]K[0x9]g5%[0xffffff82][0xffffffd7].]y[0xffffffb2][0xffffff94][0xffffffc8][[0xffffffbb]t[0xffffffd5][0xffffffca]Q"e[0xffffffed]R[0xffffff8b]w[0xffffff83][0x12][0xffffffb7][0xffffffa5][0xffffffc4][0xffffff83]Q[0xffffffe2][0xffffffc6])q[0x7]P[0xffffffe2][0xffffffd6][0xffffffbc][0x17][0x6][0xfffffffc][0xffffffc6](q'QB[0xffffffa3][0xffffffc8]P[0xffffffc2][0x5][0xffffff92][0xffffffa1][0xffffff84][0xffffffc6][0xffffffb2][0xffffff9e][0x12]k8[0xffffffab])[0xffffffb1]F4[0xffffff89][0x12][0xffffffa6]<YJ[0xffffffd8].e)a[0xffffffaa][0xffffff95][0xffffffa3][0xffffff84]4-E[0x9])[0xffffffde][\r]J[0xffffff98][0xffffffe1][0xffffffec][0xffffffd1]F[0xffffff9f][0x14]%[0xfffffff0][0xffffffe1][0xffffffec]3`8[0xfffffffb]4[0xffffffeb][0xffffffae][0xffffff85][0x1][0xffffffc7][0xffffff86][0xffffffb3]O[0xffffffd9]o%)[0x11]2[0xffffff9c]m[0x3][0xffffffc9]P"`8[[0xffffffc2]YM[0xffffff89][0xffffffe0][0xffffffe1]lW[0xffffff9e],%[0xfffffff2][0xffffff86][0xffffffb3]][0xffffffb5]r[0xffffff94]H[0x19][0xffffffce][0xffffffd6][0xffffffe2][0xffffffdd][0xffffffa0][0xffffff84][0x19][0xffffffce][0x1e][0xffffffed]>[0xffffffb0][0xffffffb5]K|8[0xfffffffb][0xc][0x18][0xffffffce]>[0xffffffcd][0xffffffba]ka[0xffffffc0][0xffffffb1][0xffffffe1][0xffffffec]S[0xfffffff6][IJ[0xffffff84][0xc]g[0xffffffdb]@2[0xffffff94][0x8][0x18][0xffffffce][0xffffff96]pVS"x8[0xffffffdb][0xffffff95]'K[0xffffff89][0xffffffbc][0xffffffe1]lW[0xffffffad][0x1c]%R[0xffffff86][0xffffffb3][0xffffffb5]x[0xffffffff][0xffffff9c][0x12][0xffffff97][0x1b][0xffffffce][0xffffffee][0xffffffad][0xffffff9d][0x10]%.|8[0xfffffffb][\n]"
14:21:23.232 [main] DEBUG org.apache.hc.client5.http.wire -- http-outgoing-1 << "[0x18][0xffffffce][0xffffffbe][0xffffffcc][0xffffffba]k][0xffffffc0]/l8[0xfffffffb][0xffffff92][0xfffffffd]V[0xffffff90][0x12]&[0xffffff8a][0x8]%l [0x11]J[0xffffff98]X[0xffffff96]SB[0xffffffc2]YL[0x9][0xffffff89]h[0x10]%\y[0xffffffa2][0xffffff94][0xfffffff0]][0xffffff8a]R[0xffffffc2]U+F[0x9]mZ[0xffffff88][0x12]Z[0xffffffbc][0x1b][0xffffff94]h[0xffffff8e][0x12]}P[0xffffff87]A?[0xffffff9f][0x7][0xffffffa6]D[0xb][0xffffffa0]D[0xffffffd3][0xffffffbc][0x17][0x6][0xffffffbc]a[0xffffff94]hI[0xffffff94][0xffffffd0](2[0xffffff94]p[0xffffff81]d([0xffffffa1][0xffffffb1][0xffffffac][0xffffffa7][0xffffffc4][0x1a][0xffffffce]jJ[0xffffffac][0x11]M[0xffffffa2][0xffffff84])O[0xffffff96][0x12][0xffffffb6]KYJ[0xffffff98]j[0xffffffe5](!MKQB[0xffffff8a]w[0xffffff83][0x12]n8[0xffffffbb][0xffffffdf]7u[0x7][0xffffffc7][0xffffff85][0xf]g_[0x1][0xffffffc3][0xffffffd9][0xffffff97]Yw-[0xc]86[0xffffff9c]}[0xffffffc9]~+I[0xffffff89][0xffffff90][0xffffffe1]l[0x1b]H[0xffffff86][0x12][0x1][0xffffffc3][0xffffffd9][0x12][0xffffffce]jJ[0x4][0xf]g[0xffffffbb][0xfffffff2]d)[0xffffff91]7[0xffffff9c][0xffffffed][0xffffffaa][0xffffff95][0xffffffa3]D[0xffffffca]p[0xffffffb6][0x16][0xffffffef][0x6]%[0xffffffdc]p[0xfffffff6][0xfffffff1]zQ[0xffffff9f]]^[0xfffffff8]p[0xfffffff6][0x15]0[0xffffff9c]}[0xffffff99]u[0xffffffd7][0xffffffc2][0xffffff80]c[0xffffffc3][0xffffffd9][0xffffff97][0xffffffec][0xffffffb7][0xffffff92][0xffffff94][0x8][0x19][0xffffffce][0xffffffb6][0xffffff81]d([0x11]0[0xffffff9c]-[0xffffffe1][0xffffffac][0xffffffa6]D[0xfffffff0]p[0xffffffb6]+O[0xffffff96][0x12]y[0xffffffc3][0xffffffd9][0xffffffae]Z9J[0xffffffa4][0xc]gk[0xfffffff1]nP[0xffffffc2][0xffffffad]][0x1e][0xffffffe7][0xffffff8b]:[0xc]z[0xffffffe1]k[0xffffff97]W[0xffffffc0][0xffffffda][0xffffffe5]e&[0xffffffd9][\n]"
14:21:23.232 [main] DEBUG org.apache.hc.client5.http.wire -- http-outgoing-1 << "[0x3][0xffffff8e][0xffffffad]]^2[0xffffffba]FR"d[0xffffffed][0xffffffd2][0x6][0xffffff92][0xffffffa1]D[0xffffffc0][0xffffffda][0xffffffa5][0xffffff84][0xffffffb3][0xffffff9a][0x12][0xffffffc1]k[0xffffff97][0xffffffae]<YJ[0xffffffe4][0xffffffad]][0xffffffba]j[0xffffffe5]([0xffffff91][0xffffffb2]v[0xffffffa9][0xffffffc5][0xffffffbb]A[0x9][0xffffffb7]vy[0xc][0xffffff8e][0x12][0xfffffff8][0xffffffda][0xffffffe5][0x15][0xffffffb0]vy[0xffffff99]I[0xffffffb6][0xffffffc2][0xffffff80]ck[0xffffff97][0xffffff97][0xffffff8c][0xffffffae][0xffffff91][0xffffff94][0x8]Y[0xffffffbb][0xffffffb4][0xffffff81]d([0x11][0xffffffb0]v)[0xffffffe1][0xffffffac][0xffffffa6]D[0xfffffff0][0xffffffda][0xffffffa5]+O[0xffffff96][0x12]yk[0xffffff97][0xffffffae]Z9J[0xffffffa4][0xffffffac]]j[0xfffffff1]nP[0xffffffc2][0xffffffad]][0x1e][0xfffffff3][0xffffffc6][0xfffffffe][0xffffffc0][0xffffff81][0xffffffaf]]^[0x1]k[0xffffff97][0xffffff97][0xffffff99]d+[0xc]8[0xffffffb6]vy[0xffffffc9][0xffffffe8][0x1a]I[0xffffff89][0xffffff90][0xffffffb5]K[0x1b]H[0xffffff86][0x12][0x1]k[0xffffff97][0x12][0xffffffce]jJ[0x4][0xffffffaf]][0xffffffba][0xfffffff2]d)[0xffffff91][0xffffffb7]v[0xffffffe9][0xffffffaa][0xffffff95][0xffffffa3]D[0xffffffca][0xffffffda][0xffffffa5][0x16][0xffffffef][0x6]%[0xffffffdc][0xffffffda][0xffffffe5][0xffffffd9]f[0xffffffa7]([0xffffff81][0xffffffaf]]^[0x1]k[0xffffff97][0xffffff97][0xffffff99]d+[0xc]8[0xffffffb6]vy[0xffffffc9][0xffffffe8][0x1a]I[0xffffff89][0xffffff90][0xffffffb5]K[0x1b]H[0xffffff86][0x12][0x1]k[0xffffff97][0x12][0xffffffce]jJ[0x4][0xffffffaf]][0xffffffba][0xfffffff2]d)[0xffffff91][0xffffffb7]v[0xffffffe9][0xffffffaa][0xffffff95][0xffffffa3]D[0xffffffca][0xffffffda][0xffffffa5][0x16][0xffffffef][0x6]%[0xffffffdc][0xffffffda][0xffffffe5]y[0xffffffbe][0x1a]E[0x9]|[0xffffffed][0xfffffff2][\n]"
14:21:23.232 [main] DEBUG org.apache.hc.client5.http.wire -- http-outgoing-1 << "X[0xffffffbb][0xffffffbc][0xffffffcc]$[a[0xffffffc0][0xffffffb1][0xffffffb5][0xffffffcb]KF[0xffffffd7]HJ[0xffffff84][0xffffffac]][0xffffffda]@2[0xffffff94][0x8]X[0xffffffbb][0xffffff94]pVS"x[0xffffffed][0xffffffd2][0xffffff95]'K[0xffffff89][0xffffffbc][0xffffffb5]KW[0xffffffad][0x1c]%R[0xffffffd6].[0xffffffb5]x7([0xffffffe1][0xffffffd6].[0xffffffcf]kb[0xffffff94][0xffffffc0][0xffffffd7].[0xffffffaf][0xffffff80][0xffffffb5][0xffffffcb][0xffffffcb]L[0xffffffb2][0x15][0x6][0x1c][[0xffffffbb][0xffffffbc]dt[0xffffff8d][0xffffffa4]D[0xffffffc8][0xffffffda][0xffffffa5][\r]$C[0xffffff89][0xffffff80][0xffffffb5]K[0x9]g5%[0xffffff82][0xffffffd7].]y[0xffffffb2][0xffffff94][0xffffffc8][[0xffffffbb]t[0xffffffd5][0xffffffca]Q"e[0xffffffed]R[0xffffff8b][0xfffffff7][0xffffffcf])1[0xffffffdc][0xffffffda][0xffffffe5]9N[0xffffffea][[0xffffff89][0xffffff81][0xffffffaf]][0xffffff8e][0xffffff80][0xffffffb5][0xffffffcb]a&[0xffffffd9][0xffffffea][0x2]>[0xffffffb0][0xffffffb5][0xffffffcb]![0xffffffa3]k %L[0x14][0x11]J[0xffffffd8]@"[0xffffff94]0[0xffffffb1],[0xffffffa7][0xffffff84][0xffffff84][0xffffffb3][0xffffff98][0x12][0x12][0xffffffd1] J[0xffffffb8][0xfffffff2]D)[0xffffffe1][0xffffffbb][0x14][0xffffffa5][0xffffff84][0xffffffab]V[0xffffff8c][0x12][0xffffffda][0xffffffb4][0x10]%[0xffffffb4]x7([0xffffffd1],%[0x1e][0xffffff8c][0x12][\r][0xffffffa7]D[0xb][0xffffffa0]D[0xffffffd3][0xffffffbc][0x17][0x6][0xffffffbc]a[0xffffff94]hI[0xffffff94][0xffffffd0](2[0xffffff94]p[0xffffff81]d([0xffffffa1][0xffffffb1][0xffffffac][0xffffffa7][0xffffffc4][0x1a][0xffffffce]jJ[0xffffffac][0x11]M[0xffffffa2][0xffffff84])O[0xffffff96][0x12][0xffffffb6]KYJ[0xffffff98]j[0xffffffe5](!MKQB[0xffffff8a]w[0xffffff83][0x12]n[0xffffffed][0xfffffff2][0xffffffbc][0xf]j8{[0xffffffe0]k[0xffffff97]#`[0xffffffed]r[0xffffff98]I[0xffffffb6][0xffffffc2][0xffffff80]ck[0xffffff97]CF[0xffffffd7]HJ[0xffffff84][0xffffffac]][0xffffffda]@2[0xffffff94][0x8]X[0xffffffbb][0xffffff94]pVS"x[0xffffffed][0xffffffd2][0xffffff95]'K[0xffffff89][0xffffffbc][0xffffffb5]KW[0xffffffad][0x1c]%R[0xffffffd6].[0xffffffb5]x7([0xffffffe1][0xffffffd6].[0xffffffcf][0xfffffff9]:)J[0xffffffe0]k[0xffffff97]#`[0xffffffed]r[0xffffff98]I[0xffffffb6][0xffffffc2][0xffffff80]ck[0xffffff97]CF[0xffffffd7]HJ[0xffffff84][0xffffffac]][0xffffffda]@2[0xffffff94][0x8]X[0xffffffbb][0xffffff94]pVS"x[0xffffffed][0xffffffd2][0xffffff95]'K[0xffffff89][0xffffffbc][0xffffffb5]KW[0xffffffad][0x1c]%R[0xffffffd6].[0xffffffb5]x7([0xffffffe1][0xffffffd6].[0xffffffaf][0xfffffffe]P[0xffffff9f]][0xe]|[0xffffffed]r[0x4][0xffffffac]][0xe]3[0xffffffc9]V[0x18]pl[0xffffffed]r[0xffffffc8][0xffffffe8][0x1a]I[0xffffff89][0xffffff90][0xffffffb5]K[0x1b]H[0xffffff86][0x12][0x1]k[0xffffff97][0x12][0xffffffce]jJ[0x4][0xffffffaf]][0xffffffba][0xfffffff2]d)[0xffffff91][0xffffffb7]v[0xffffffe9][0xffffffaa][0xffffff95][0xffffffa3]D[0xffffffca][0xffffffda][0xffffffa5][0x16][0xffffffef][0x6]%[0xffffffdc][0xffffffda][0xffffffe5]u[0xfffffff5][0x17]E[0x9]|[0xffffffed]r[0x4][0xffffffac]][0xe]3[0xffffffc9]V[0x18]pl[0xffffffed]r[0xffffffc8][0xffffffe8][0x1a]I[0xffffff89][0xffffff90][0xffffffb5]K[0x1b]H[0xffffff86][0x12][0x1]k[0xffffff97][0x12][0xffffffce]jJ[0x4][0xffffffaf]][0xffffffba][0xfffffff2]d)[0xffffff91][0xffffffb7]v[0xffffffe9][0xffffffaa][0xffffff95][0xffffffa3]D[0xffffffca][0xffffffda][0xffffffa5][0x16][0xffffffef][0x6]%[0xffffffdc][0xffffffda][0xffffffe5]59J[0xffffffe0]k[0xffffff97]#`[0xffffffed]r[0xffffff98]I[0xffffffb6][0xffffffc2][0xffffff80]ck[0xffffff97]CF[0xffffffd7]HJ[0xffffff84][0xffffffac]][0xffffffda]@2[0xffffff94][0x8]X[0xffffffbb][0xffffff94]pVS"x[0xffffffed][0xffffffd2][0xffffff95]'K[0xffffff89][0xffffffbc][0xffffffb5]KW[0xffffffad][0x1c]%R[0xffffffd6].[0xffffffb5]x7([0xffffffe1][0xffffffd6].G[0xffffffe3]([0xffffff81][0xffffffaf]][0xffffff8e][0xffffff80][0xffffffb5][0xffffffcb]a&[0xffffffd9][\n]"
14:21:23.232 [main] DEBUG org.apache.hc.client5.http.wire -- http-outgoing-1 << "[0x3][0xffffff8e][0xffffffad]][0xe][0x19]]#)[0x11][0xffffffb2]vi[0x3][0xffffffc9]P"`[0xffffffed]R[0xffffffc2]YM[0xffffff89][0xffffffe0][0xffffffb5]KW[0xffffff9e],%[0xfffffff2][0xffffffd6].][0xffffffb5]r[0xffffff94]HY[0xffffffbb][0xffffffd4][0xffffffe2][0xffffffdd][0xffffffa0][0xffffff84][[0xffffffbb][0x1c][0xffffffd7]=(J[0xffffffe0]k[0xffffff97]#`[0xffffffed]r[0xffffff98]I[0xffffffb6][0xffffffc2][0xffffff80]ck[0xffffff97]CF[0xffffffd7]HJ[0xffffff84][0xffffffac]][0xffffffda]@2[0xffffff94][0x8]X[0xffffffbb][0xffffff94]pVS"x[0xffffffed][0xffffffd2][0xffffff95]'K[0xffffff89][0xffffffbc][0xffffffb5]KW[0xffffffad][0x1c]%R[0xffffffd6].[0xffffffb5]x[0xffffffb7](q[0xffffff86]Q[0xffffffe2][0xffffffc4])q[0x6]P[0xffffffe2]D)qb[0xffffff94]8[0xffffff93]([0xffffffb1]F[0xffffff91][0xffffffa2][0xffffff84][0x6][0xffffff92][0xffffffa2][0xffffffc4][0x1a]K[0xffffff82][0x12]'L[0xffffff89]3[0xffffff98][0x12]R[0xffffff9e]4%L[0xffffff97][0xffffffd2][0xffffff94][0xffffff90]j%)q[0xffffffa6]P[0xffffffe2][0xfffffffc]kJ[0xffffffb8][0xffffffe1][0xffffffec]qc7[0xffffff83][0xe]|8{[0x4][0xc]g[0xf][0xffffffb3][0xffffffee]Z[0x18]pl8{[0xffffffc8]~+I[0xffffff89][0xffffff90][0xffffffe1]l[0x1b]H[0xffffff86][0x12][0x1][0xffffffc3][0xffffffd9][0x12][0xffffffce]jJ[0x4][0xf]g[0xffffffbb][0xfffffff2]d)[0xffffff91]7[0xffffff9c][0xffffffed][0xffffffaa][0xffffff95][0xffffffa3]D[0xffffffca]p[0xffffffb6][0x16][0xffffffef][0xffffff9f]S[0xffffffe2]v[0xffffffc3][0xffffffd9]w[0xffffffbf](J[0xffffffdc][0xfffffff8]p[0xfffffff6][0x1d]0[0xffffff9c]}[0xffffff9b]u[0xffffffd7][0xffffffba][0xffffff80][0xffffffdf][0xffffffd8]p[0xfffffff6]-[0xfffffffb][0xffffffad] %L[0x14][0x11]J[0xffffffd8]@"[0xffffff94]0[0xffffffb1],[0xffffffa7][0xffffff84][0xffffff84][0xffffffb3][0xffffff98][0x12][0x12][0xffffffd1] J[0xffffffb8][0xfffffff2]D)[0xffffffe1][0xffffffbb][0x14][0xffffffa5][0xffffff84][0xffffffab]V[0xffffff8c][0x12][0xffffffda][0xffffffb4][0x10]%[0xffffffb4]x7([0xffffffe1][0xffffffd6].[0xffffffef][0x7][0xffffffdb][0xffffff95][0xffffffb8][0xfffffff1][0xffffffb5][0xffffffcb];`[0xffffffed][0xfffffff2]6[0xffffff93]l[0xffffff85][0x1][0xffffffc7][0xffffffd6].o[0x19]]#)[0x11][0xffffffb2]vi[0x3][0xffffffc9]P"`[0xffffffed]R[0xffffffc2]YM[0xffffff89][0xffffffe0][0xffffffb5]KW[0xffffff9e],%[0xfffffff2][0xffffffd6].][0xffffffb5]r[0xffffff94]HY[0xffffffbb][0xffffffd4][0xffffffe2][0xffffffdd][0xffffffa0][0xffffff84][0xffffff9b][0xffffffa8][0xffffffba][0xffffffe7][0xffffffa4]Np[0xffffffdc][0xfffffff8]D[0xffffffd5][0x1d]0Qu[0xffffff9b][0x1d][0xffffff95][0xffffffc2][0xffffff80]c[0x13]U[0xffffffb7],[0xffffffa5][0xffffff90][0xffffff94][0x8][0xffffff99][0xffffffa8][0xffffffb2][0xffffff81]d([0x11]0Q%[0xffffffe1][0xffffffac][0xffffffa6]D[0xfffffff0]D[0xffffff95]+O[0xffffff96][0x12]y[0x13]U[0xffffffae]Z9J[0xffffffa4]LTi[0xfffffff1]nP[0xffffffc2]MT=[0xffffffaf][0xfffffff3][0xffffffa0]([0xffffff81]OT[0xffffffdd][0x1][0x13]U[0xffffffb7][0xffffffd9]Q)[0xc]86Qu[0xffffffcb]R[\n]"
14:21:23.232 [main] DEBUG org.apache.hc.client5.http.wire -- http-outgoing-1 << "I[0xffffff89][0xffffff90][0xffffff89]*[0x1b]H[0xffffff86][0x12][0x1][0x13]U[0x12][0xffffffce]jJ[0x4]OT[0xffffffb9][0xfffffff2]d)[0xffffff91]7Q[0xffffffe5][0xffffffaa][0xffffff95][0xffffffa3]D[0xffffffca]D[0xffffff95][0x16][0xffffffef][0x6]%[0xffffffdc]D[0xffffffd5][0xfffffff3][0xffffff9a][0xffffffd8][0x1f]8[0xfffffff0][0xffffff89][0xffffffaa];`[0xffffffa2][0xffffffea]6;*[0xffffff85][0x1][0xffffffc7]&[0xffffffaa]nYJ!)[0x11]2Qe[0x3][0xffffffc9]P"`[0xffffffa2]J[0xffffffc2]YM[0xffffff89][0xffffffe0][0xffffff89]*W[0xffffff9e],%[0xfffffff2]&[0xffffffaa]\[0xffffffb5]r[0xffffff94]H[0xffffff99][0xffffffa8][0xffffffd2][0xffffffe2][0xffffffdd][0xffffffa0][0xffffff84][0xffffff9b][0xffffffa8]zz[0xffffffbb](J[0xffffffe0][0x13]Uw[0xffffffc0]D[0xffffffd5]mvT[\n]"
14:21:23.233 [main] DEBUG org.apache.hc.client5.http.wire -- http-outgoing-1 << "[0x3][0xffffff8e]MT[0xffffffdd][0xffffffb2][0xffffff94]BR"d[0xffffffa2][0xffffffca][0x6][0xffffff92][0xffffffa1]D[0xffffffc0]D[0xffffff95][0xffffff84][0xffffffb3][0xffffff9a][0x12][0xffffffc1][0x13]U[0xffffffae]<YJ[0xffffffe4]MT[0xffffffb9]j[0xffffffe5]([0xffffff91]2Q[0xffffffa5][0xffffffc5][0xffffffbb]E[0xffffff89][0x1e]F[0xffffff89][0xffffff8e]S[0xffffffa2][0x7]P[0xffffffa2][0xffffffa3][0xffffff94][0xffffffe8][0x18]%z[0x12]%[0xffffffd6](R[0xffffff94][0xffffffd0]@R[0xffffff94]XcIP[0xffffffa2][0xffffffc3][0xffffff94][0xffffffe8][0xffffffc1][0xffffff94][0xffffff90][0xfffffff2][0xffffffa4])a[0xffffffba][0xffffff94][0xffffffa6][0xffffff84]T+I[0xffffff89][0xffffff9e]B[0xffffff89][0xfffffffe][0xffffffd7][0xffffff94]pk[0xffffff97][0xffffffcf][0xffffffd5][0xffffffb1][0xffffffc3][0xffffffa0][0xfffffff8][0xffffffda][0xffffffe5][0x1d][0xffffffb0]vy[0xffffff9b]I[0xffffffb6][0xffffffc2][0xffffff80]ck[0xffffff97][0xffffffb7][0xffffff8c][0xffffffae][0xffffff91][0xffffff94][0x8]Y[0xffffffbb][0xffffffb4][0xffffff81]d([0x11][0xffffffb0]v)[0xffffffe1][0xffffffac][0xffffffa6]D[0xfffffff0][0xffffffda][0xffffffa5]+O[0xffffff96][0x12]yk[0xffffff97][0xffffffae]Z9J[0xffffffa4][0xffffffac]]j[0xfffffff1]nQ[0xffffffc2][0xffffffbc][0xffffff95]@)A[0xffffffbf][0xffffff95]x[0x2][0xffffffde]J<J[0xffffffe7][0xffffffd2][0xffffff80]So%[0xffffff9e][0xffffffa4][0xffffffb7][0x12][0x1a]E[0xffffff8a][0x12])o%4[0xffffff96][0x4]%[0xffffffd8][0xffffffb7][0x12]kD[0xffffffb3]([0x11][0xfffffff6]V[0xffffffc2]v)M[0xffffff89][0xffffffa0][0xffffffb7][0x12][0xffffffd2][0xffffffb4][0x1c]%[0xfffffffe][0xffffff8b][0xffffffb7][0x12]G[0x18]%[0xe][0xffffff9c][0x12]G[0x0]%[0xe][0xffffff94][0x12][0x7]F[0xffffff89]#[0xffffff89][0x12]k[0x14])Jh )J[0xffffffac][0xffffffb1]$(q[0xffffffc0][0xffffff94]8[0xffffff82])![0xffffffe5]IS[0xffffffc2]t)M[0x9][0xffffffa9]V[0xffffff92][0x12]G[\n]"
14:21:23.233 [main] DEBUG org.apache.hc.client5.http.wire -- http-outgoing-1 << "%[0xffffff8e][0xffffffff][0xffffff80][0x12]-[0xffffffcd][0x12][0xffffff8d][0xffffffc7]DK[0xffffffd0]Dc9[0xffffffd1]8O[0xffffffb4](PH[0x1e])Q[0xffffff98]TR[0xffffffa4][0xffffff90]l[0x12][0xffffffa6]h4*Z[0xffffffb2]*[0xffffffb4]FiV[0xffffffb8]V[0xffffffa5]][0xffffffa1]%K[0xffffffc2]b[0xffffffed]\N[0x16]k[0x5]o[0xffffffd1][0xffffffa2][0xffffff9f]a[0xffffffb4][0xffffffe8][0xfffffff0][0x5]_[0xffffffdf][0xffffff8f][0xffffffc0][0xffffffd3][0xffffffa2][0xffffff83]W|}[0xffffffff]<E[0xffffff8b][0xffffff9e]s[0xffffffc9][0xffffff97][0xffffffcb]#E[0xb][0xffffff93]J[0xffffff8a][0x16][0xffffff92]M[0xffffff82][0x16][0x1d][0xffffffbd][0xffffffe8]Ks[0xffffff9a]E[0xb][0xffffffad]Q[0xffffff9a][0x16][0xffffffae]UiZh[0xffffffc9][0xffffff92][0xffffffb4]X;[0xffffff97][0xffffffa3][0xffffffc5]Z[0xffffffc1][[0xffffffb4]8[0xffffffd2][0xffffffde]Z[0x1c][0xfffffffc][[0xffffff8b]#[0xffffffe1][0xffffffad][0xffffffc5][0xffffffc1][0xffffffbe][0xffffffb5]8[0xffffffb8][0xffffffb7][0x16]G[0xffffffd4][[0xb][0xffffffc9]#E[0xb][0xffffff93]J[0xffffff8a][0x16][0xffffff92]M[0xffffff82][0x16][0x7][0xfffffffd][0xffffffd6][0xffffffe2]H~k[0xffffffa1]5J[0xffffffd3][0xffffffc2][0xffffffb5]*M[0xb]-Y[0xffffff92][0x16]k[0xffffffe7]r[0xffffffb4]X+x[0xffffff8b][0x16]c[0xffffff86][0xffffffd1]bL[0xffffff9c][0x16][0x1f][0xffffff8f][0xffffffc0][0xffffffd3][0xffffffe2][0xffffffc7]CP[0xffffffb4][0xfffffff8][0xfffffff8]y[0xffffff8a][0x16][0xffffffdf]?[0xffffff9d]B[0xb][0xffffffc9]#E[0xb][0xffffff93]J[0xffffff8a][0x16][0xffffff92]M[0xffffff82][0x16]KB[0xffffffeb]i[0xffffffb1][0xffffffe4]4[0xffffff8b][0x16]Z[0xffffffa3]4-\[0xffffffab][0xffffffd2][0xffffffb4][0xffffffd0][0xffffff92]%i[0xffffffb1]v.G[0xffffff8b][0xffffffb5][0xffffff82][0xffffffb7]h[0xfffffff1]\a[0xffffffb4]x.[0xffffff9c][0x16][0x1f][0xffffff8f][0xffffffc0][0xffffffd3][0xffffffe2][0xffffffc7]CP[0xffffffb4][0xfffffff8][0xfffffff8]y[0xffffff8a][0x16][0xffffffdf]?[0xffffff9d]B[0xb][0xffffffc9]#E[0xb][0xffffff93]J[0xffffff8a][0x16][0xffffff92]M[0xffffff82][0x16]KB[0xffffffeb]i[0xffffffb1][0xffffffe4]4[0xffffff8b][0x16]Z[0xffffffa3]4-\[0xffffffab][0xffffffd2][0xffffffb4][0xffffffd0][0xffffff92]%i[0xffffffb1]v.G[0xffffff8b][0xffffffb5][0xffffff82][0xfffffff7]hq[0xffffffa7][0xffffffd1][0xffffffe2][0xffffffe6]iq'[0xffffffd0][0xffffffe2]fiqs[0xffffffb4][0xffffffb8][0xffffffa3]h[0xffffffb1][0xffffffe6][0x11][0xffffffa3][0xffffff85][0xffffffa6][0x12][0xffffffa3][0xffffffc5][0xffffff9a]M[0xffffff84][0x16]7M[0xffffff8b];[0xffffff99][0x16]R[0xffffffa3]8-L[0xffffffab][0xffffffe2][0xffffffb4][0xffffff90][0xffffff92]Eiq[0xffffffc7][0xffffffd0][0xffffffe2][0xfffffffe][0xf]h[0xffffffd1]^O[0xffffff98]->[0xffffff9e][0x8][0xffffffc7][0xffffffc5][0xffffffe7]3[0xfffffff0][0xffffffba][0xfffffff8][0xfffffff9][0x14][0x14]/>[0x7f][0xffffff9f][0xfffffff2][0xffffffc5][0xffffff8f][0xffffffdf]N[0x1][0xffffff86][0xffffff86][0xffffff92][0x12][0xffffff86][0xffffff8b]&E[0xc][\r](a[0xffffff8c]5[0xffffffa6][0xfffffff5][0xffffffc8]X[0xffffffc3][0xffffff9a][0xffffffa5][0xc]S[0xffffffa8]43l[0xffffffbf][0xffffffd2][0xffffffce]0uKBC[0xffffffda][0xffffff97][0xffffff93][0xffffff86][0xffffff94][0xfffffff1][0x16]5[0xfffffffa][0xffffffeb][0xc][0xffffffa3][0xffffffc6][0xffffffc7][0x13][0xffffffe1][0xffffffd4][0xfffffff8]|[0x6][0xffffff9e][0x1a]?[0xffffff9f][0xffffff82][0xffffffa2][0xffffffc6][0xffffffe7][0xffffffef]S[0xffffffd4][0xfffffff8][0xfffffff1][0xffffffdb])[0xffffffd4][0xffffffd0]PR[0xffffffd4]p[0xffffffd1][0xffffffa4][0xffffffa8][0xffffffa1][0x1]%[0xffffffa8][0xffffffb1][0xffffffc6][0xffffffb4][0xffffff9e][0x1a]kX[0xffffffb3][0xffffffa8]a[\n]"
14:21:23.233 [main] DEBUG org.apache.hc.client5.http.wire -- http-outgoing-1 << "[0xffffff95][0xffffffa6][0xffffff86][0xffffffed]W[0xffffff9a][0x1a][0xffffffa6]nIjH[0xfffffffb]r[0xffffffd4][0xffffff90]2[0xfffffffe][0x13]j[0xfffffff4][0xffffffef][0x7f]e[0xffffff9a]a[0xffffffef][0xffffffd9][0xffffff80]K[0xffffffd0][0x7f]?[0xf][0xffffffc5][0xffffff8c][0x7f]<[0x1][0xffffff86][0xffffff8c][0xffffffe5][0x19][0xffffff8a][0xffffff89][0xfffffff1][0xffffff8f]_/[0x6][0xffffffc6][0xffffffff][0xfffffffe]2[0xffffffcc][0xffffff8b][0xffffffb7]Q,[0xffffffc6][0xffffffc5][0xffffffbf][0x4][0xffffffb2][0xffffff98][0x16]ocY[0x8][0xffffff8b]7[0xffffffe1],c[0xffffffc5][0xffffff9b][0xffffff88]F[0xffffffa0][0xffffffe2]}yB[0xffffffa4][0xfffffff8][0xffffffb7].[0xffffff85]@[0xfffffff1][0xffffffbe]Z[0x1]N[0xffffffbc]k[0xffffffda]rL[0xffffffbc]+[0xffffffde]?[0xffffffa7][0xffffffc4][0xfffffff3]r[0xffffff94]8[0xffffff8e][0x1b][0xffffffa2][0xffffffc4][0xffffffe7][0xfffffff3][0xffffffb0][0xffffff94][0xfffffff8]z[0x2][0xffffff98][0x12][0xffffffbf][0xffffff9e][0x1][0xffffffa1][0xffffffc4][0xffffffd7][0xffffffaf]#[0xffffff94][0xfffffff8][0xfffffff9][0xffffffcb][0x11][0xffffff94]0QD(a[0x3][0xffffff89]P[0xffffffc2][0xffffffc4][0xffffffb2][0xffffff9c][0x12][0x12][0xffffffce]bJHD[0xffffff83]([0xffffffe1][0xffffffca][0x13][0xffffffa5][0xffffff84][0xffffffef]R[0xffffff94][0x12][0xffffffae]Z1Jh[0xffffffd3]B[0xffffff94][0xffffffd0][0xffffffe2][0xffffffdd][0xffffffa0]Ds[0xffffff94][0xffffffb8]O[0xffffff8c][0x12][\r][0xffffffa7]D[0xb][0xffffffa0]D[0xffffffd3][0xffffffbc][0x17][0x6][0xffffffbc]a[0xffffff94]hI[0xffffff94][0xffffffd0](2[0xffffff94]p[0xffffff81]d([0xffffffa1][0xffffffb1][0xffffffac][0xffffffa7][0xffffffc4][0x1a][0xffffffce]jJ[0xffffffac][0x11]M[0xffffffa2][0xffffff84])O[0xffffff96][0x12][0xffffffb6]KYJ[0xffffff98]j[0xffffffe5](!MKQB[0xffffff8a]w[0xffffff83][0x12][0xffffff87]R[0xffffffe2]~[0x1d]7[0xfffffff5][0x7][0xffffff8e][0xffffffcf][0xffffffe7][0xffffff81])q[0x4]P[0xffffffe2][0xffffffd0][0xffffffbc][0x17][0x6][0xfffffffc][0xffffffc0](q$QB[0xffffffa3][0xffffffc8]P[0xffffffc2][0x5][0xffffff92][0xffffffa1][0xffffff84][0xffffffc6][0xffffffb2][0xffffff9e][0x12]k8[0xffffffab])[0xffffffb1]F4[0xffffff89][0x12][0xffffffa6]<YJ[0xffffffd8].e)a[0xffffffaa][0xffffff95][0xffffffa3][0xffffff84]4-E[0x9])[0xffffffde][\r]J[0xffffff9c][0xffffff8e][0x12][0xffffffd7][0xffffffd7][0xffffffff]^[0x8]%N[0xffffff9c][0x12]g[0x0]%N[0xffffffcd]{a[0xffffffc0]O[0xffffff8c][0x12]g[0x12]%4[0xffffff8a][0xc]%\ [0x19]Jh,[0xffffffeb])[0xffffffb1][0xffffff86][0xffffffb3][0xffffff9a][0x12]kD[0xffffff93](a[0xffffffca][0xffffff93][0xffffffa5][0xffffff84][0xffffffed]R[0xffffff96][0x12][0xffffffa6]Z9JH[0xffffffd3]R[0xffffff94][0xffffff90][0xffffffe2][0xffffffdd][0xffffffa0][0xffffffc4][0xffffffe5](1[0xffffff8f][0xffffff93][0xffffffa2][0xffffffc4][0xffffff85]S[0xffffffe2][\n]"
14:21:23.233 [main] DEBUG org.apache.hc.client5.http.wire -- http-outgoing-1 << "[0xffffffa0][0xffffffc4][0xffffffa5]y/[0xc][0xfffffff8][0xffffff85]Q[0xffffffe2]J[0xffffffa2][0xffffff84]F[0xffffff91][0xffffffa1][0xffffff84][0xb]$C[0x9][0xffffff8d]e=%[0xffffffd6]pVSb[0xffffff8d]h[0x12]%Ly[0xffffffb2][0xffffff94][0xffffffb0]][0xffffffca]R[0xffffffc2]T+G[0x9]iZ[0xffffff8a][0x12]R[0xffffffbc][0x1b][0xffffff94][0x18][0xffffff96][0x12][0x13][0xffffffa3][0xffffffc4][0xffffffc0])1[0x2](14[0xffffffef][0xffffff85][0x1][0x1f][0x18]%F[0x12]%4[0xffffff8a][0xc]%\ [0x19]Jh,[0xffffffeb])[0xffffffb1][0xffffff86][0xffffffb3][0xffffff9a][0x12]kD[0xffffff93](a[0xffffffca][0xffffff93][0xffffffa5][0xffffff84][0xffffffed]R[0xffffff96][0x12][0xffffffa6]Z9JH[0xffffffd3]R[0xffffff94][0xffffff90][0xffffffe2][0xffffffdd][0xffffffa0][0xffffffc4]m([0xffffffd1]^cP[0xffffff94][0xffffffb8]qJ[0xffffffdc][0x1][0xffffff94][0xffffffb8]5[0xffffffef][0xffffff85][0x1][0xffffffbf]1J[0xffffffdc]I[0xffffff94][0xffffffd0](2[0xffffff94]p[0xffffff81]d([0xffffffa1][0xffffffb1][0xffffffac][0xffffffa7][0xffffffc4][0x1a][0xffffffce]jJ[0xffffffac][0x11]M[0xffffffa2][0xffffff84])O[0xffffff96][0x12][0xffffffb6]KYJ[0xffffff98]j[0xffffffe5](!MKQB[0xffffff8a]w[0xffffff83][0x12][0xffffff8f][0xffffffa3]Dk[0xffffffd8][0xffffffb7][0x12][0xf]N[0xffffff89]'[0xffffff80][0x12][0xffffff8f][0xffffffe6][0xffffffbd]0[0xffffffe0][0xf]F[0xffffff89]'[0xffffff89][0x12][0x1a]E[0xffffff86][0x12].[0xffffff90][0xc]%4[0xffffff96][0xfffffff5][0xffffff94]X[0xffffffc3]YM[0xffffff89]5[0xffffffa2]I[0xffffff94]0[0xffffffe5][0xffffffc9]R[0xffffffc2]v)K[0x9]S[0xffffffad][0x1c]%[0xffffffa4]i)JH[0xfffffff1]nP[0xffffffc2]LT}P[0xffffff82]{+[0xffffff81]OT=[0x1][0x13]U[0xffffff8f][0xffffffd9]Q)[0xc]86Q[0xfffffff5][0xffffffc8]R[\n]"
14:21:23.233 [main] DEBUG org.apache.hc.client5.http.wire -- http-outgoing-1 << "I[0xffffff89][0xffffff90][0xffffff89]*[0x1b]H[0xffffff86][0x12][0x1][0x13]U[0x12][0xffffffce]jJ[0x4]OT[0xffffffb9][0xfffffff2]d)[0xffffff91]7Q[0xffffffe5][0xffffffaa][0xffffff95][0xffffffa3]D[0xffffffca]D[0xffffff95][0x16][0xffffffef][0xffffff9f]Sb[0xffffff9a][0xffffff89][0xffffffaa][0xfffffffb][0xffffffe3][0xffffffff]yB[0xffffff94][0xffffff98][0xfffffff8]D[0xffffffd5][0xc][0xffffff98][0xffffffa8][0xffffff9a]fG[0xffffffa5].[0xffffffe0][0x13][0xffffff9b][0xffffffa8][0xffffff9a][0xffffffb2][0xffffff94][0x2]R[0xffffffc2]D[0x11][0xffffffa1][0xffffff84][\r]$B[0x9][0x13][0xffffffcb]rJH8[0xffffff8b])![0x11][\r][0xffffffa2][0xffffff84]+O[0xffffff94][0x12][0xffffffbe]KQJ[0xffffffb8]j[0xffffffc5]([0xffffffa1]M[0xb]QB[0xffffff8b]w[0xffffff83][0x12]f[0xffffffa2][0xffffffea]n[0xfffffff7]CMTM|[0xffffffa2]j[0x6]LTM[0xffffffb3][0xffffffa3]R[0x18]pl[0xffffffa2]j[0xffffffca]R[\n]"
14:21:23.233 [main] DEBUG org.apache.hc.client5.http.wire -- http-outgoing-1 << "I[0xffffff89][0xffffff90][0xffffff89]*[0x1b]H[0xffffff86][0x12][0x1][0x13]U[0x12][0xffffffce]jJ[0x4]OT[0xffffffb9][0xfffffff2]d)[0xffffff91]7Q[0xffffffe5][0xffffffaa][0xffffff95][0xffffffa3]D[0xffffffca]D[0xffffff95][0x16][0xffffffef][0x6]%[0xffffffba][0xffffffa3][0xffffffc4]|[0x1a]E[0xffffff89][0xffffff8e]S[0xffffffa2][0x7]P[0xffffffa2]k[0xffffffde][0xb][0x3][0xffffffde]1J[0xfffffff4]$Jh[0x14][0x19]J[0xffffffb8]@2[0xffffff94][0xffffffd0]X[0xffffffd6]Sb[\r]g5%[0xffffffd6][0xffffff88]&Q[0xffffffc2][0xffffff94]'K[0x9][0xffffffdb][0xffffffa5],%L[0xffffffb5]r[0xffffff94][0xffffff90][0xffffffa6][0xffffffa5](![0xffffffc5][0xffffffbb]A[0x9][0xffffffb7]v[0xffffffd9][0xffffffcf][0xfffffff3][0xffffffa4]([0xffffff81][0xffffffaf]][0xffffffce][0xffffff80][0xffffffb5][0xffffffcb]i&[0xffffffd9][\n]"
14:21:23.233 [main] DEBUG org.apache.hc.client5.http.wire -- http-outgoing-1 << "[0x3][0xffffff8e][0xffffffad]]N[0x19]]#)[0x11][0xffffffb2]vi[0x3][0xffffffc9]P"`[0xffffffed]R[0xffffffc2]YM[0xffffff89][0xffffffe0][0xffffffb5]KW[0xffffff9e],%[0xfffffff2][0xffffffd6].][0xffffffb5]r[0xffffff94]HY[0xffffffbb][0xffffffd4][0xffffffe2][0xffffffdd][0xffffffa2]D[0xf][0xffffffa3]D[0xffffffc7])[0xffffffd1][0x3]([0xffffffd1]QJt[0xffffff8c][0x12]=[0xffffff89][0x12]k[0x14])Jh )J[0xffffffac][0xffffffb1]$([0xffffffd1]aJ[0xfffffff4]`JHy[0xffffffd2][0xffffff94]0]JSB[0xffffffaa][0xffffff95][0xffffffa4]DO[0xffffffa1]D[0xffffffff]kJ[0xffffffb8][0xffffffe1][0xffffffec]~][0xffffffd4]a[0xffffffd0][0xffffff89][0xf]g[0xffffffcf][0xffffff80][0xffffffe1][0xffffffec]i[0xffffffd6]][0xb][0x3][0xffffff8e][\r]gO[0xffffffd9]o%)[0x11]2[0xffffff9c]m[0x3][0xffffffc9]P"`8[[0xffffffc2]YM[0xffffff89][0xffffffe0][0xffffffe1]lW[0xffffff9e],%[0xfffffff2][0xffffff86][0xffffffb3]][0xffffffb5]r[0xffffff94]H[0x19][0xffffffce][0xffffffd6][0xffffffe2][0xffffffdd][0xffffffa2][0xffffff84]y+[0xffffff81]R[0xffffff82]~+q[0x6][0xffffffbc][0xffffff95]8[0xffffff95][0xffffffce][0xffffffa5][0x1][0xffffffa7][0xffffffde]J[0xffffff9c]Io%4[0xffffff8a][0x14]%R[0xffffffde]Jh,[0x9]J[0xffffffb0]o%[0xffffffd6][0xffffff88]fQ"[0xffffffec][0xffffffad][0xffffff84][0xffffffed]R[0xffffff9a][0x12]Ao%[0xffffffa4]i9J[0xfffffffc][0xfffffffd][[0x9][0xffffffb7]vy[0xffffff8c]gR[0xffffff94][0xffffffc0][0xffffffd7].g[0xffffffc0][0xffffffda][0xffffffe5]4[0xffffff93]l[0xffffff85][0x1][0xffffffc7][0xffffffd6].[0xffffffa7][0xffffff8c][0xffffffae][0xffffff91][0xffffff94][0x8]Y[0xffffffbb][0xffffffb4][0xffffff81]d([0x11][0xffffffb0]v)[0xffffffe1][0xffffffac][0xffffffa6]D[0xfffffff0][0xffffffda][0xffffffa5]+O[0xffffff96][0x12]yk[0xffffff97][0xffffffae]Z9J[0xffffffa4][0xffffffac]]j[0xfffffff1]nP[0xffffffc2][0xffffffad]][0x1e][0xffffffcf]uQ[0xffffff94][0xffffffc0][0xffffffd7].g[0xffffffc0][0xffffffda][0xffffffe5]4[0xffffff93]l[0xffffff85][0x1][0xffffffc7][0xffffffd6].[0xffffffa7][0xffffff8c][0xffffffae][0xffffff91][0xffffff94][0x8]Y[0xffffffbb][0xffffffb4][0xffffff81]d([0x11][0xffffffb0]v)[0xffffffe1][0xffffffac][0xffffffa6]D[0xfffffff0][0xffffffda][0xffffffa5]+O[0xffffff96][0x12]yk[0xffffff97][0xffffffae]Z9J[0xffffffa4][0xffffffac]]j[0xfffffff1]nP[0xffffffc2][0xffffffad]][0xffffff9e][0xfffffffd][0xffffffa0][0xffffffd6].'[0xffffffbe]v9[0x3][0xffffffd6].[0xffffffa7][0xffffff99]d+[0xc]8[0xffffffb6]v9et[0xffffff8d][0xffffffa4]D[0xffffffc8][0xffffffda][0xffffffa5][\r]$C[0xffffff89][0xffffff80][0xffffffb5]K[0x9]g5%[0xffffff82][0xffffffd7].]y[0xffffffb2][0xffffff94][0xffffffc8][[0xffffffbb]t[0xffffffd5][0xffffffca]Q"e[0xffffffed]R[0xffffff8b][0xfffffff7][0xffffff8f])[0xfffffff1][0xffffffbc][0xffffffdc][0xffffffda][0xffffffe5][0xffffffd9][0xffffffa9][0xffffff89][0xffffffaa][0xffffffaf][0xffffffe7]A)[0xfffffff1][0xfffffffd][0x4],%~?[0x3]A[0xffffff89][0xffffffef]_'([0xfffffff1][0xffffffeb][0xffffff97][0x13]([0xffffffe1][0xffffffa2]HP[0xffffffc2][0x7][0xffffff92][0xffffffa0][0xffffff84][0xffffff8b]e5%4[0xffffff9c][0xffffffb5][0xffffff94][0xffffffd0][0xffffff88][0xffffffe6]P[0xffffffc2][0xffffff96]'I[0xffffff89]7]JR[0xffffffc2]V+E[0x9][0xffffffd3][0xffffffb4][0xc]%L[0xfffffff1]nP[0xffffffc2][0xffffffad]][0xffffff9e][0xffffffc7][0x9]}v[0xfffffff9][0xfffffff5]<0%[0xfffffff8][0xffffffb5][0xffffffcb][0xffffffdf][0xffffffcf][0xffffffc0]P[0xffffff82]Z[0xffffffbb][0xfffffffc][0xfffffff5][0xffffffcb][0x19][0xffffff94][0xffffffc8]X[0xffffffbb][0xfffffff4][0xffffff81]d([0xffffffc1][0xffffffaf]]j8[0xffffffab])[0xffffff91][0xffffffbb]vi[0xffffffcb][0xffffff93][0xffffffa5]D[0xffffffdc][0xffffffda][0xffffffa5][0xffffffad]V[0xffffff8e][0x12]!k[0xffffff97][0xffffffa6]x7([0xffffffd1]-%[0xffffffb8][0xffffffb7][0x12][0x1d][0xffffffa7]D[0xf][0xffffffa0]D[0xffffffd7][0xffffffbc][0x17][0x6][0xffffffbc]c[0xffffff94][0xffffffe8]I[0xffffff94][0xffffffd0](2[0xffffff94]p[0xffffff81]d([0xffffffa1][0xffffffb1][0xffffffac][0xffffffa7][0xffffffc4][0x1a][0xffffffce]jJ[0xffffffac][0x11]M[0xffffffa2][0xffffff84])O[0xffffff96][0x12][0xffffffb6]KYJ[0xffffff98]j[0xffffffe5](!MKQB[0xffffff8a]w[0xffffff83][0x12]n[0xffffffed][0xfffffff2]<[0xf][0xffffffe8][0x4][0xffffffc7][0xffffffd7][0xfffffff3][0xffffffc0][0xffffff94][0xffffffe0][0xffffffd7].[0x7f]?[0x3]C[0x9]j[0xffffffed][0xfffffff2][0xffffffd7]/gP"c[0xffffffed][0xffffffd2][0x7][0xffffff92][0xffffffa1][0x4][0xffffffbf]v[0xffffffa9][0xffffffe1][0xffffffac][0xffffffa6]D[0xffffffee][0xffffffda][0xffffffa5]-O[0xffffff96][0x12]qk[0xffffff97][0xffffffb6]Z9J[0xffffff84][0xffffffac]][0xffffff9a][0xffffffe2][0xffffffdd][0xffffffa2]D[0xb][0xffffffa3]D[0xffffffc3])[0xffffffd1][0x2]([0xffffffd1]PJ4[0xffffff8c][0x12]-[0xffffff89][0x12]k[0x14])Jh )J[0xffffffac][0xffffffb1]$([0xffffffd1]`J[0xffffffb4]`JHy[0xffffffd2][0xffffff94]0]JSB[0xffffffaa][0xffffff95][0xffffffa4]DK[0xffffffa1]D[0xfffffffb]kJ[0xffffffb8][0xffffffb5][0xffffffcb][0xfffffff3]z[0xe][0xffffff8a][0x12][0xfffffff4][0xffffffda][0xffffffe5][0xfffffff7][0x13][0xffffffd0][0xffffff94] [0xffffffd7].[0xffffffbf][0x7f][0xffffff9d][0xffffffa1]D[0xffffffd0][0xffffffda][0xffffffa5][0xffffff8b]"C[0xffffff89][0xffffff94][0xffffffb5]K[0x17][0xffffffcb]zJ[0xffffffb0]k[0xffffff97][0x1a][0xffffffd1]$J[0xffffff84][0xffffffad]][0xffffffbe][0xffffffe9]R[0xffffff96][0x12]Ak[0xffffff97][0xffffffa6]i)J[0xfffffffc][0xfffffffd][0xffffffda][0xffffffe5][0xfffffff3][0xffffffba][0xc]%[0xffffffae][0xffffffd7][0xffffffeb]EQ[0xffffffe2][0xffffffc2])q[0x5]P[0xffffffe2][0xffffffd2][0xffffffbc][0x17][0x6][0xfffffffc][0xffffffc2](q%QB[0xffffffa3][0xffffffc8]P[0xffffffc2][0x5][0xffffff92][0xffffffa1][0xffffff84][0xffffffc6][0xffffffb2][0xffffff9e][0x12]k8[0xffffffab])[0xffffffb1]F4[0xffffff89][0x12][0xffffffa6]<YJ[0xffffffd8].e)a[0xffffffaa][0xffffff95][0xffffffa3][0xffffff84]4-E[0x9])[0xffffffde][\r]J[0xc]G[0xffffff89]va[0xffffff9f]][0xe][0xffffff9c][0x12]#[0xffffff80][0x12]C[0xfffffff3]^[0x18][0xfffffff0][0xffffff81]Qb$QB[0xffffffa3][0xffffffc8]P[0xffffffc2][0x5][0xffffff92][0xffffffa1][0xffffff84][0xffffffc6][0xffffffb2][0xffffff9e][0x12]k8[0xffffffab])[0xffffffb1]F4[0xffffff89][0x12][0xffffffa6]<YJ[0xffffffd8].e)a[0xffffffaa][0xffffff95][0xffffffa3][0xffffff84]4-E[0x9])[0xffffffde][\r]J[0xffffffb8][0xffffffe1][0xffffffec]k[0x1c][0xffffffd8]aPz8[0xfffffffb][0xfffffffb][0x9]hJ[0xffffff90][0xffffffc3][0xffffffd9][0xffffffdf][0xffffffbf][0xffffffce]P"h8[0xffffffdb]E[0xffffff91][0xffffffa1]D[0xffffffca]p[0xffffffb6][0xffffff8b]e=%[0xffffffd8][0xffffffe1]l[0xffffff8d]h[0x12]%[0xffffffc2][0xffffff86][0xffffffb3][0xffffffdf]t)K[0xffffff89][0xffffffa0][0xffffffe1]l[0xffffffd3][0xffffffb4][0x14]%[0xfffffffe]~8[0xfffffffb]y[0xffffffb9][0xffffffe1][0xffffffec][0xffffffeb][0xffffffe3][0xffffff9f][0xffffffa6](A[0xf]g[0x7f]?[0x1]M[0x9]r8[0xfffffffb][0xfffffffb][0xffffffd7][0x19]J[0x4][\r]g[0xffffffbb](2[0xffffff94]H[0x19][0xffffffce]v[0xffffffb1][0xffffffac][0xffffffa7][0x4];[0xffffff9c][0xffffffad][0x11]M[0xffffffa2]D[0xffffffd8]p[0xfffffff6][0xffffff9b].e)[0x11]4[0xffffff9c]m[0xffffff9a][0xffffff96][0xffffffa2][0xffffffc4][0xffffffdf][0xf]g?/7[0xffffff9c]=^[0xfffffffd][0xffffffa1](A[0xf]g[0x7f]?[0x1]M[0x9]r8[0xfffffffb][0xfffffffb][0xffffffd7][0x19]J[0x4][\r]g[0xffffffbb](2[0xffffff94]H[0x19][0xffffffce]v[0xffffffb1][0xffffffac][0xffffffa7][0x4];[0xffffff9c][0xffffffad][0x11]M[0xffffffa2]D[0xffffffd8]p[0xfffffff6][0xffffff9b].e)[0x11]4[0xffffff9c]m[0xffffff9a][0xffffff96][0xffffffa2][0xffffffc4][0x7f]0[0xffffff9c][0xffffffdd][0xffffffdc]p[0xfffffff6][0xffffffe8][0xffffffa3]A[0xffffff94]h[0xfffffff8]pv[0xb][0x18][0xffffffce]nf[0xffffffdd][0xffffffb5].[0xffffffe0][\r][0x1b][0xffffffce]n[0xffffffb2][0xffffffdf][\n]"
14:21:23.233 [main] DEBUG org.apache.hc.client5.http.wire -- http-outgoing-1 << "R[0xffffffc2]D[0x11][0xffffffa1][0xffffff84][\r]$B[0x9][0x13][0xffffffcb]rJH8[0xffffff8b])![0x11][\r][0xffffffa2][0xffffff84]+O[0xffffff94][0x12][0xffffffbe]KQJ[0xffffffb8]j[0xffffffc5]([0xffffffa1]M[0xb]QB[0xffffff8b]w[0xffffff83][0x12]n8{[0xffffffdc][\r][0xffffffba][0xffffffce][0xffffffeb][0xffffffeb]y`J[0x4][0xc]g7[0xffffffb3][0xffffffee]Z[0x18]pl8[0xffffffbb][0xffffffc9]~+I[0xffffff89][0xffffff90][0xffffffe1]l[0x1b]H[0xffffff86][0x12][0x1][0xffffffc3][0xffffffd9][0x12][0xffffffce]jJ[0x4][0xf]g[0xffffffbb][0xfffffff2]d)[0xffffff91]7[0xffffff9c][0xffffffed][0xffffffaa][0xffffff95][0xffffffa3]D[0xffffffca]p[0xffffffb6][0x16][0xffffffef][0x16]%z[0x18]%:N[0xffffff89][0x1e]@[0xffffff89][0xffffff8e]R[0xffffffa2]c[0xffffff94][0xffffffe8]I[0xffffff94]X[0xffffffa3]HQB[0x3]IQb[0xffffff8d]%A[0xffffff89][0xe]S[0xffffffa2][0x7]SB[0xffffffca][0xffffff93][0xffffffa6][0xffffff84][0xffffffe9]R[0xffffff9a][0x12]R[0xffffffad]$%z[\n]"
14:21:23.233 [main] DEBUG org.apache.hc.client5.http.wire -- http-outgoing-1 << "%[0xfffffffa]_S[0xffffffa2][0xffffffbb][0xffffffb7][0x12][0xffffffcf][0xffffff89]Q[0xffffffa2][0xffffffe3]o%z[0xffffffc0][[0xffffff89][0xffffffae]t.[0xc]x[0xffffffc7][0xffffffde]J[0xfffffff4][0xffffffa4][0xffffffb7][0x12][0x1a]E[0xffffff86][0x12].[0xffffff90][0xc]%4[0xffffff96][0xfffffff5][0xffffff94]X[0xffffffc3]YM[0xffffff89]5[0xffffffa2]I[0xffffff94]0[0xffffffe5][0xffffffc9]R[0xffffffc2]v)K[0x9]S[0xffffffad][0x1c]%[0xffffffa4]i)JH[0xfffffff1]nP[0xffffffc2][0xffffffdd][0xffffffc1]q[0xfffffff7]F[0x1d][0x6]m[0xfffffff8][0x1d][0x1c]-[0xffffffe0][0xe][0xffffff8e]f[0xffffff86][0xffffffe2][0xb][0x3][0xffffff8e][0xffffffdd][0xffffffc1][0xffffffd1]d[\n]"
14:21:23.233 [main] DEBUG org.apache.hc.client5.http.wire -- http-outgoing-1 << "[0xffffff9e][0xffffffa4]D[0xffffffc8][0x1d][0x1c]6[0xffffff90][0xc]%[0x2][0xffffffee][0xffffffe0][0xffffff90]pVS"[0xfffffff8][0xe][0xe]W[0xffffff9e],%[0xfffffff2][0xffffffee][0xffffffe0]p[0xffffffd5][0xffffffca]Q"[0xffffffe5][0xe][0xe]-[0xffffffde][\r]J[0xffffffb8][0xffffffe1][0xffffffec][0xffffffbb]?[0xffffffd8][[0x9]|8[0xffffffbb][0x5][0xc]g7[0xffffffb3][0xffffffee]Z[0x18]pl8[0xffffffbb][0xffffffc9]~+I[0xffffff89][0xffffff90][0xffffffe1]l[0x1b]H[0xffffff86][0x12][0x1][0xffffffc3][0xffffffd9][0x12][0xffffffce]jJ[0x4][0xf]g[0xffffffbb][0xfffffff2]d)[0xffffff91]7[0xffffff9c][0xffffffed][0xffffffaa][0xffffff95][0xffffffa3]D[0xffffffca]p[0xffffffb6][0x16][0xffffffef][0x6]%[0xffffffdc]p[0xfffffff6]}p[0x7f][0xffffffe0][0xffffffc0][0xffffff87][0xffffffb3][[0xffffffc0]pv3[0xffffffeb][0xffffffae][0xffffff85][0x1][0xffffffc7][0xffffff86][0xffffffb3][0xffffff9b][0xffffffec][0xffffffb7][0xffffff92][0xffffff94][0x8][0x19][0xffffffce][0xffffffb6][0xffffff81]d([0x11]0[0xffffff9c]-[0xffffffe1][0xffffffac][0xffffffa6]D[0xfffffff0]p[0xffffffb6]+O[0xffffff96][0x12]y[0xffffffc3][0xffffffd9][0xffffffae]Z9J[0xffffffa4][0xc]gk[0xfffffff1]nP[0xffffffc2][\r]g[0xffffffdf][0xffffffc7][0xffffffa4][0xffffffae][0xfffffff3]j[0xfffffff8]pv[0xb][0x18][0xffffffce]nf[0xffffffdd][0xffffffb5]0[0xffffffe0][0xffffffd8]pv[0xffffff93][0xfffffffd]V[0xffffff92][0x12]![0xffffffc3][0xffffffd9]6[0xffffff90][0xc]%[0x2][0xffffff86][0xffffffb3]%[0xffffff9c][0xffffffd5][0xffffff94][0x8][0x1e][0xffffffce]v[0xffffffe5][0xffffffc9]R"o8[0xffffffdb]U+G[0xffffff89][0xffffff94][0xffffffe1]l-[0xffffffde][\r]J[0xffffffb8][0xffffffe1][0xffffffec][0xfffffffb]<[0xffffffa9][0xffffffeb][0xffffffbc][0x1a]>[0xffffff9c][0xffffffdd][0x2][0xffffff86][0xffffffb3][0xffffff9b]Yw-[0xc]86[0xffffff9c][0xffffffdd]d[0xffffffbf][0xffffff95][0xffffffa4]D[0xffffffc8]p[0xffffffb6][\r]$C[0xffffff89][0xffffff80][0xffffffe1]l[0x9]g5%[0xffffff82][0xffffff87][0xffffffb3]]y[0xffffffb2][0xffffff94][0xffffffc8][0x1b][0xffffffce]v[0xffffffd5][0xffffffca]Q"e8[[0xffffff8b][0xfffffff7][0xffffffcf])[0xffffffd1][0xffffffdd]D[0xffffffd5][0xfffffff3]z[0xffffffa8][0xffffff89][0xffffffaa][0xffffff8e]OT[0xfffffff5][0xffffff80][0xffffff89][0xffffffaa]nvT[0xffffffea][0x2][0xffffffde][0xffffffb1][0xffffff89][0xffffffaa].K) %L[0x14][0x11]J[0xffffffd8]@"[0xffffff94]0[0xffffffb1],[0xffffffa7][0xffffff84][0xffffff84][0xffffffb3][0xffffff98][0x12][0x12][0xffffffd1] J[0xffffffb8][0xfffffff2]D)[0xffffffe1][0xffffffbb][0x14][0xffffffa5][0xffffff84][0xffffffab]V[0xffffff8c][0x12][0xffffffda][0xffffffb4][0x10]%[0xffffffb4]x7([0xffffffe1]&[0xffffffaa][0xffffff9e]>'E[0x9]|[0xffffffa2][0xffffffaa][0x7]LTu[0xffffffb3][0xffffffa3]R[0x18]pl[0xffffffa2][0xffffffaa][0xffffffcb]R[\n]"
14:21:23.233 [main] DEBUG org.apache.hc.client5.http.wire -- http-outgoing-1 << "I[0xffffff89][0xffffff90][0xffffff89]*[0x1b]H[0xffffff86][0x12][0x1][0x13]U[0x12][0xffffffce]jJ[0x4]OT[0xffffffb9][0xfffffff2]d)[0xffffff91]7Q[0xffffffe5][0xffffffaa][0xffffff95][0xffffffa3]D[0xffffffca]D[0xffffff95][0x16][0xffffffef][0x16]%t[0xffffffa2][0xffffff8a][0xffffffa5][0x4]<Q[0xffffffd5][0x3]&[0xffffffaa][0xffffffba][0xffffffd9]Q)[\r]84Q[0xffffffd5]e)[0xffffff85][0xffffffa5]D[0xffffffc4]D[0xffffff95][\r]$E[0x9]|[0xffffffa2]J[0xffffffc2]YO[0xffffff89][0xffffffd8][0xffffff89]*W[0xffffff9e]4%[0xffffffd2]&[0xffffffaa]\[0xffffffb5][0xffffff92][0xffffff94][0xffffffc8][0xffffff98][0xffffffa8][0xffffffd2][0xffffffe2][0xffffffdd][0xffffffa0][0xffffff84][0xffffffdb][0xffffff95]x&v[0x18][0xffffffb4][0xffffffe3][0xffffffbb][0x12]=`W[0xffffffa2][0xffffff9b][0xffffffc3][0xffffffcf][0xffffff85][0x1][0xffffffc7]v%[0xffffffba][0x1c]o&)[0x11][0xffffffb2]+a[0x3][0xffffffc9]P"`WB[0xffffffc2]YM[0xffffff89][0xffffffe0]][0x9]W[0xffffff9e],%[0xfffffff2]v%\[0xffffffb5]r[0xffffff94]H[0xffffffd9][0xffffff95][0xffffffd0][0xffffffe2][0xffffffdd][0xffffffa0][0xffffff84][0xffffffdb][0xffffff95][0xffffff98]g[0xffffffc7][0xffffffde]J[0xffffffe0][0xffffffbb][0x12]=`W[0xffffffa2][0xffffff9b][0xffffffc3][0xffffffcf][0xffffff85][0x1][0xffffffc7]v%[0xffffffba][0x1c]o&)[0x11][0xffffffb2]+a[0x3][0xffffffc9]P"`WB[0xffffffc2]YM[0xffffff89][0xffffffe0]][0x9]W[0xffffff9e],%[0xfffffff2]v%\[0xffffffb5]r[0xffffff94]H[0xffffffd9][0xffffff95][0xffffffd0][0xffffffe2][0xffffffdd][0xffffffa0][0xffffff84]9[0xc][0xfffffffa][0xffffffbc]Z[0xffffffbb])J[0xffffffe0][0xffffff87]A{[0xffffffc0]a[0xffffffd0]nN,[0x15][0x6][0x1c];[0xc][0xffffffda][0xffffffe5]L[0x12]I[0xffffff89][0xffffff90][0xffffffc3][0xffffffa0]6[0xffffff90][0xc]%[0x2][0xe][0xffffff83]J8[0xffffffab])[0x11]|[0x18][0xffffffd4][0xffffff95]'K[0xffffff89][0xffffffbc][0xffffffc3][0xffffffa0][0xffffffae]Z9J[0xffffffa4][0x1c][0x6][0xffffffd5][0xffffffe2][0xffffffdd][0xffffffa0][0xffffff84]9[0xc][0xfffffffa][0xffffffbc][0xffffff8e][0xffffffab]S[0xffffff94][0xffffffc0][0xf][0xffffff83][0xfffffff6][0xffffff80][0xffffffc3][0xffffffa0][0xffffffdd][0xffffff9c]X*[0xc]8v[0x18][0xffffffb4][0xffffffcb][0xffffff99]$[0xffffff92][0x12]![0xffffff87]Am [0x19]J[0x4][0x1c][0x6][0xffffff95]pVS"[0xfffffff8]0[0xffffffa8]+O[0xffffff96][0x12]y[0xffffff87]A][0xffffffb5]r[0xffffff94]H9[0xc][0xffffffaa][0xffffffc5][0xffffffbb]A[0xffffff89][0xffffffc7]Q[0xffffffe2][0xffffffbe][0x1f][0xffffff8a][0x12][0xf]N[0xffffff89]'[0xffffff80][0x12][0xffffff8f][0xffffffe6][0xffffffbd]0[0xffffffe0][0xf]F[0xffffff89]'[0xffffff89][0x12][0x1a]E[0xffffff86][0x12].[0xffffff90][0xc]%4[0xffffff96][0xfffffff5][0xffffff94]X[0xffffffc3]YM[0xffffff89]5[0xffffffa2]I[0xffffff94]0[0xffffffe5][0xffffffc9]R[0xffffffc2]v)K[0x9]S[0xffffffad][0x1c]%[0xffffffa4]i)JH[0xfffffff1]nPb:J<'[0xffffffb6]+1qJ[0xffffffcc][0x0]JL[0xffffffcd]{a[0xffffffc0]'F[0xffffff89][0xffffff99]D[0x9][0xffffff8d]"C[0x9][0x17]H[0xffffff86][0x12][0x1a][0xffffffcb]zJ[0xffffffac][0xffffffe1][0xffffffac][0xffffffa6][0xffffffc4][0x1a][0xffffffd1]$J[0xffffff98][0xfffffff2]d)a[0xffffffbb][0xffffff94][0xffffffa5][0xffffff84][0xffffffa9]V[0xffffff8e][0x12][0xffffffd2][0xffffffb4][0x14]%[0xffffffa4]x[0xffffffff][0xffffff9c][0x12][0xffffff87][0xffffff99][0xffffffa8][0xfffffffa][0xffffffa0][0xffffffc4][0xffffffa4][0xffffffd6].[0xf]|[0xffffffa2][0xffffffea][0x8][0xffffff98][0xffffffa8]:[0xffffffcc][0xffffff8e]J][0xffffffc0][0xf]l[0xffffffa2][0xffffffea][0xffffff90][0xffffffa5][0x14][0xffffff90]"
14:21:23.238 [main] DEBUG org.apache.hc.client5.http.wire -- http-outgoing-1 << "[0x12]&[0xffffff8a][0x8]%l [0x11]J[0xffffff98]X[0xffffff96]SB[0xffffffc2]YL[0x9][0xffffff89]h[0x10]%\y[0xffffffa2][0xffffff94][0xfffffff0]][0xffffff8a]R[0xffffffc2]U+F[0x9]mZ[0xffffff88][0x12]Z[0xffffffbc][0x1b][0xffffff94][0xffffffe8][0xffffff86][0x12][0xffffffed][0xffffffd5]0Jt[0xffffff9c][0x12]=[0xffffff80][0x12]][0xfffffff3]^[0x18][0xfffffff0][0xffffff8e]Q[0xffffffa2]'QB[0xffffffa3][0xffffffc8]P[0xffffffc2][0x5][0xffffff92][0xffffffa1][0xffffff84][0xffffffc6][0xffffffb2][0xffffff9e][0x12]k8[0xffffffab])[0xffffffb1]F4[0xffffff89][0x12][0xffffffa6]<YJ[0xffffffd8].e)a[0xffffffaa][0xffffff95][0xffffffa3][0xffffff84]4-E[0x9])[0xffffffde][\r]J[0xffffff98]][0xffffff89][0xffffffa7][0xffffffb5][0xffffffaf][0xffffffc7]D([0xffffff81][0xffffffef]J[0x1c][0x1][0xffffffbb][0x12][0xffffff87]9[0xfffffffc]\[0x18]plW[0xffffffe2][0xffffff90][0xffffffe3][0xffffffcd]$%Bv%l [0x19]J[0x4][0xffffffec]JH8[0xffffffab])[0x11][0xffffffbc]+[0xffffffe1][0xffffffca][0xffffff93][0xffffffa5]D[0xffffffde][0xffffffae][0xffffff84][0xffffffab]V[0xffffff8e][0x12])[0xffffffbb][0x12]Z[0xffffffbc][0x1b][0xffffff94]0[0xffffffbb][0x12]O[0xffffffbb][0x6][0xfffffff5][0xffffffad][0xffffffc4][0xffffffff]7w[0x7]9[0xffffff92][0xffffffe3]X[0xc][0xffffff86][0xfffffff7]s[0xffffff9a][0xffffffb0]d[0xffffffcb][0xffffffd6]a[0xffffffe6](s[0xfffffff7][0xffffffc9][0xffffffca][0xffffffec][0xffffffe9][0xffffffaa][0x11][0x19][0x5][0xffffffa4][0xffffffaa][0xfffffff1]~.z[6[0x1a][0x4][0xfffffff1][0xffffffc1][0xffffff91][0xffffffa2]:[0xffffffbe]+[0xffffffd1][0x3]v%[0xffffffba]9[0xfffffffc]\[0x18]plW[0xffffffa2][0xffffffcb][0xfffffff1]f[0xffffff92][0x12]![0xffffffbb][0x12]6[0xffffff90][0xc]%[0x2]v%$[0xffffff9c][0xffffffd5][0xffffff94][0x8][0xffffffde][0xffffff95]p[0xffffffe5][0xffffffc9]R"oW[0xffffffc2]U+G[0xffffff89][0xffffff94]][0x9]-[0xffffffde]-J[0xfffffff4]0Jt[0xffffff9c][0x12]=[0xffffff80][0x12][0x1d][0xffffffa5]D[0xffffffc7]([0xffffffd1][0xffffff93]([0xffffffb1]F[0xffffff91][0xffffffa2][0xffffff84][0x6][0xffffff92][0xffffffa2][0xffffffc4][0x1a]K[0xffffff82][0x12][0x1d][0xffffffa6]D[0xf][0xffffffa6][0xffffff84][0xffffff94]'M[0x9][0xffffffd3][0xffffffa5]4%[0xffffffa4]ZIJ[0xfffffff4][0x14]J[0xfffffff4][0x7f][0xffffff80][0x12]#[0xffffff8c][0x12][0x3][0xffffffa7][0xffffffc4][0x8][0xffffffa0][0xffffffc4]@)10J[0xffffff8c]$J[0xffffffac]Q[0xffffffa4]([0xffffffa1][0xffffff81][0xffffffa4]([0xffffffb1][0xffffffc6][0xffffff92][0xffffffa0][0xffffffc4][0xffffff80])1[0xffffff82])![0xffffffe5]IS[0xffffffc2]t)M[0x9][0xffffffa9]V[0xffffff92][0x12]#[0xffffff85][0x12][0xffffffe3][0x1f][0xffffffa0][0xffffffc4]q[0xffffff85]Y[0xffffffe2][0xffffffb8]pL|[0xffffffbc][0x2][0xffffffaf][0xffffff89][0xffffffbf]^[0xffffff82][0xffffffe2][0xffffffc4][0xffffffc7][0xffffffe3])O|=:[0x5][0x14][0xffffff92]GJ[0x14]&[0xffffff95][0x14])$[0xffffff9b][0xffffff84])[0xffffff96][0xffffff84][0xffffffd6][0xffffffa3]b[0xffffffc9]i[0xffffff96]*[0xffffffb4]FiV[0xffffffb8]V[0xffffffa5]][0xffffffa1]%K[0xffffffc2]b[0xffffffed]\N[0x16]k[0x5]o[0xffffffd1][0xffffffe2][0xfffffff3][0xffffffff]N[0x12]-:|W[0xffffffe8][0xffffffd7]+[0xfffffff0][0xffffffb4][0xffffffe8][0xffffffe0]m[0xffffffa1]_[0xffffff8f][0xffffffa7]h[0xffffffd1]s[0xffffffee][0xb]uy[0xffffffa4]haRI[0xffffffd1]B[0xffffffb2]I[0xffffffd0][0xffffffa2][0xffffffa3]w[0xffffff86]jN[0xffffffb3]h[0xffffffa1]5J[0xffffffd3][0xffffffc2][0xffffffb5]*M[0xb]-Y[0xffffff92][0x16]k[0xffffffe7]r[0xffffffb4]X+x[0xffffff8b][0x16]g[0xffffffda]/ '[0xffffffff][0x13][0xffffffc8][0xffffff99][0xfffffff0][0x1b][0xffffffc8][0xffffffc9][0xfffffffe][0x8]rr[0xffffffbf][0xffffff82][0xffffff9c]Q?[0xffffff83]H[0x1e])Z[0xffffff98]TR[0xffffffb4][0xffffff90]l[0x12][0xffffffb4]8[0xffffffe9][0xffffff9f]B[0xffffffce][0xffffffe4][0xffffffdf]B[0xffffffb4]FiZ[0xffffffb8]V[0xffffffa5]i[0xffffffa1]%K[0xffffffd2]b[0xffffffed]\[0xffffff8e][0x16]k[0x5]o[0xffffffd1][0xffffffe2][0xffffffba][0xffffffc3]hq[0xffffffdd]8->^[0xffffff81][0xffffffa7][0xffffffc5]_/A[0xffffffd1][0xffffffe2][0xffffffe3][0xfffffff1][0x14]-[0xffffffbe][0x1e][0xffffff9d]B[0xb][0xffffffc9]#E[0xb][0xffffff93]J[0xffffff8a][0x16][0xffffff92]M[0xffffff82][0x16]KB[0xffffffeb]i[0xffffffb1][0xffffffe4]4[0xffffff8b][0x16]Z[0xffffffa3]4-\[0xffffffab][0xffffffd2][0xffffffb4][0xffffffd0][0xffffff92]%i[0xffffffb1]v.G[0xffffff8b][0xffffffb5][0xffffff82][0xffffffbf]C[0xffffff8b][0xfffffffe][0xfffffff5][0xffffff8f]\[0xffffffe6]0i;^W[0xffffffb9],~[0xffffffbe][0xf][0x5][0xffffff8b]_[0xffffffde][0x0]s[0xffffffc5][0xfffffff2][0xe][0xffffffc5][0xffffffac][0xfffffff8][0xffffffe5][0xffffffe9][0xffffffc5][0xffffffaa][0xfffffff8][0xffffffff]'[0xffffffc3][0xffffffa8]x[0x1b][0xffffffc5]bS[0xfffffffc]&[0xffffff90][0xffffffc5][0xffffffa4]x[0x1b][0xffffffcb]BQ[0xffffffbc][0x9]g[0x19]([0xffffffde]D4[0xffffffc2][0x13][0xffffffef][0xffffffcb][0x13][0xffffffe2][0xffffffc4][0xffffffef][0xffffffba][0x14][0xffffffd2][0xffffffc4][0xfffffffb]j[0x5]0[0xfffffff1][0xffffffae]i[0xffffffcb]-[0xfffffff1][0xffffffae]x[0xffffffb7]([0xffffffa1][0xffffff87]IYJ`[0xffffff87]I[0x7f]y[0x3][0xffffff9e][0x12][0xffffffc8]a[0xffffffd2]_[0xffffff9e]NQ"[0xffffffe1]0[0xffffffe9][0xffffffdb](R[0xffffff94][0xffffffc0][0xf][0xffffff93][0xffffffbe][0xffffff8d]%A[0x9][0xffffffe8]0[0xffffffe9][0xffffff9b][0xffffff88]fQ"[0xffffffe5]0[0xffffffe9][0xffffffef][0xffffffba][0xffffff94][0xffffffa6]D[0xffffffc2]a[0xffffffd2]wM[0xffffffcb]Q[0xffffffe2][0xf][0xe][0xffffff93][0xfffffffe][0xfffffff5]o[0xc][0xfffffff7]U[0xffffffe2][0x1e][0xfffffff5]7[0xffffff8b][0xfffffffe]|[0x1f][0xffffff98][0x12]#[0xffffffe0][0xffffffab][0xffffffc4]P:[0x17][0x6]|`_%F[0xffffffd2]W[0x9][0xffffff8d]"C[0x9][0x17]H[0xffffff86][0x12][0x1a][0xffffffcb]zJ[0xffffffac][0xffffffe1][0xffffffac][0xffffffa6][0xffffffc4][0x1a][0xffffffd1]$J[0xffffff98][0xfffffff2]d)a[0xffffffbb][0xffffff94][0xffffffa5][0xffffff84][0xffffffa9]V[0xffffff8e][0x12][0xffffffd2][0xffffffb4][0x14]%[0xffffffa4]x7(q;JL[0xffffffe0]O'~[0xffffffbe][0xf]L[0xffffff89];[0xffffff80][0x12][0xffffffb7][0xffffffe6][0xffffffbd]0[0xffffffe0]7F[0xffffff89];[0xffffff89][0x12][0x1a]E[0xffffff86][0x12].[0xffffff90][0xc]%4[0xffffff96][0xfffffff5][0xffffff94]X[0xffffffc3]YM[0xffffff89]5[0xffffffa2]I[0xffffff94]0[0xffffffe5][0xffffffc9]R[0xffffffc2]v)K[0x9]S[0xffffffad][0x1c]%[0xffffffa4]i)JH[0xfffffff1]nP[0xffffffe2]1[0xffffff94][0xffffffe8][0xfffffffd][0xffffff99][0x14]%[0x1e][0xffffff9c][0x12]O[0x0]%[0x1e][0xffffffcd]{a[0xffffffc0][0x1f][0xffffff8c][0x12]O[0x12]%4[0xffffff8a][0xc]%\ [0x19]Jh,[0xffffffeb])[0xffffffb1][0xffffff86][0xffffffb3][0xffffff9a][0x12]kD[0xffffff93](a[0xffffffca][0xffffff93][0xffffffa5][0xffffff84][0xffffffed]R[0xffffff96][0x12][0xffffffa6]Z9JH[0xffffffd3]R[0xffffff94][0xffffff90][0xffffffe2][0xfffffffd]>%NwIy[0xffffff9f]g[0xfffffffd][0xffffffcd][0xffffffa2]?[0xffffffdf][0xffffff87][0xffffffa5][0xffffffc4][0xffffff89]^R[0xffffffbe][0xffffffbc][0x3]B[0xffffff89][0x13][0xffffffb8][0xffffffa4][0xfffffffc][0xffffffff][0xffffff9f][0x1c]A[0x9][0x13]E[0xffffff84][0x12]6[0xffffff90][0x8]%L,[0xffffffcb])![0xffffffe1],[0xffffffa6][0xffffff84]D4[0xffffff88][0x12][0xffffffae]<QJ[0xfffffff8].E)[0xffffffe1][0xffffffaa][0x15][0xffffffa3][0xffffff84]6-D[0x9]-[0xffffffde][\r]J[0x1c][0xffffff86][0x12][0xffffffe7][0xffffffeb][0xffffffd5])J[0x1c]8%[0xffffff8e][0x0]J[0x1c][0xffffff9a][0xfffffff7][0xffffffc2][0xffffff80][0x1f][0x18]%[0xffffff8e]$Jh[0x14][0x19]J[0xffffffb8]@2[0xffffff94][0xffffffd0]X[0xffffffd6]Sb[\r]g5%[0xffffffd6][0xffffff88]&Q[0xffffffc2][0xffffff94]'K[0x9][0xffffffdb][0xffffffa5],%L[0xffffffb5]r[0xffffff94][0xffffff90][0xffffffa6][0xffffffa5](![0xffffffc5][0xffffffbb]A[0xffffff89]f)q5[0xffffff8a][0x12][\r][0xffffffa7]D[0xb][0xffffffa0]D[0xffffffd3][0xffffffbc][0x17][0x6][0xffffffbc]a[0xffffff94]hI[0xffffff94][0xffffffd0](2[0xffffff94]p[0xffffff81]d([0xffffffa1][0xffffffb1][0xffffffac][0xffffffa7][0xffffffc4][0x1a][0xffffffce]jJ[0xffffffac][0x11]M[0xffffffa2][0xffffff84])O[0xffffff96][0x12][0xffffffb6]KYJ[0xffffff98]j[0xffffffe5](!MKQB[0xffffff8a]w[0xffffff83][0x12][0xffffffdd]R[0xffffffe2][0xffffffa6][0xfffffffe]V[0xffffffe2][0xffffffc7][0xfffffffb][0xffffffc0][0xffffff94][0xffffffe8][0x1][0xffffff94][0xffffffe8][0xffffff9a][0xfffffff7][0xffffffc2][0xffffff80]w[0xffffff8c][0x12]=[0xffffff89][0x12][0x1a]E[0xffffff86][0x12].[0xffffff90][0xc]%4[0xffffff96][0xfffffff5][0xffffff94]X[0xffffffc3]YM[0xffffff89]5[0xffffffa2]I[0xffffff94]0[0xffffffe5][0xffffffc9]R[0xffffffc2]v)K[0x9]S[0xffffffad][0x1c]%[0xffffffa4]i)JH[0xfffffff1]nP[0xffffffe2]t[0xffffff94]8[0xffffffce][0xffffff9b][0xffffffa2][0xffffffc4][0xffffff89]S[0xffffffe2][0xc][0xffffffa0][0xffffffc4][0xffffffa9]y/[0xc][0xfffffff8][0xffffff89]Q[0xffffffe2]L[0xffffffa2][0xffffff84]F[0xffffff91][0xffffffa1][0xffffff84][0xb]$C[0x9][0xffffff8d]e=%[0xffffffd6]pVSb[0xffffff8d]h[0x12]%Ly[0xffffffb2][0xffffff94][0xffffffb0]][0xffffffca]R[0xffffffc2]T+G[0x9]iZ[0xffffff8a][0x12]R[0xffffffbc][0x1b][0xffffff94]p[0xffffff87]A[0xffffffcf][0xffffffd9][0xffffffb1]?[0xffffffbb][0xffffffc4][0xf][0xffffff83][0xffffff9e][0x1][0xffffff87]AOsb[0xffffffa9]0[0xffffffe0][0xffffffd8]a[0xffffffd0]S[0xffffffce]$[0xffffff91][0xffffff94][0x8]9[0xc]j[0x3][0xffffffc9]P"[0xffffffe0]0[0xffffffa8][0xffffff84][0xffffffb3][0xffffff9a][0x12][0xffffffc1][0xffffff87]A]y[0xffffffb2][0xffffff94][0xffffffc8];[0xc][0xffffffea][0xffffffaa][0xffffff95][0xffffffa3]D[0xffffffca]aP-[0xffffffde]-J[0xffffffb4]0J`[0xfffffff7][0xffffff88][0xfffffffe][0xfffffff2][0x6]<%[0xffffff90][D[0x7f]y:E[0xffffff89][0xffffff84];D[0xffffffdf]F[0xffffff91][0xffffffa2][0x4]~[0xffffff83][0xffffffe8][0xffffffdb]X[0x12][0xffffff94][0xffffff80][0xffffffee][0xf]}[0x13][0xffffffd1],J[0xffffffa4][0xffffffdc][0x1e][0xfffffffa][0xffffffbb].[0xffffffa5])[0xffffff91]pw[0xffffffe8][0xffffffbb][0xffffffa6][0xffffffe5]([0xfffffff1][0x7]7[0xffffff87][0xfffffffe][0xfffffff5]o[0xffffffb8]][0xffffff89][0xffffffab][0x1f][0xffffffd4]p[0xfffffff6][0xffffff89][0xffffffef]J[0xffffff9c][0x1][0xffffffbb][0x12][0xffffffa7]9[0xfffffffc]\[0x18]plW[0xffffffe2][0xffffff94][0xffffffe3][0xffffffcd]$%Bv%l [0x19]J[0x4][0xffffffec]JH8[0xffffffab])[0x11][0xffffffbc]+[0xffffffe1][0xffffffca][0xffffff93][0xffffffa5]D[0xffffffde][0xffffffae][0xffffff84][0xffffffab]V[0xffffff8e][0x12])[0xffffffbb][0x12]Z[0xffffffbc][0xffffffdf][0xffffffa7][0xffffffc4][0xffffffe5]v%[0xffffffc6][0xffffffab]Q'8.|W[0xffffffe2][\n]"
14:21:23.238 [main] DEBUG org.apache.hc.client5.http.wire -- http-outgoing-1 << "[0xffffffd8][0xffffff95][0xffffffb8][0xffffffcc][0xffffffe1][0xffffffe7][0xffffffba][0xffffff80]_[0xffffffd8][0xffffffae][0xffffffc4]%[0xffffffc7][0xffffff9b]AJ[0xffffff98]("[0xffffff94][0xffffffb0][0xffffff81]D(abYN[0x9][0x9]g1%$[0xffffffa2]A[0xffffff94]p[0xffffffe5][0xffffff89]R[0xffffffc2]w)J[0x9]W[0xffffffad][0x18]%[0xffffffb4]i!Jh[0xfffffff1]nP[0xffffffc2][0xffffffed]J[0xffffff8c]vP[0x7f]vy[0xffffffe1][0xffffffbb][0x12]W[0xffffffc0][0xffffffae][0xffffffc4]e[0xe]?[0x17][0x6][0x1c][0xffffffdb][0xffffff95][0xffffffb8][0xffffffe4]x3I[0xffffff89][0xffffff90]][0x9][0x1b]H[0xffffff86][0x12][0x1][0xffffffbb][0x12][0x12][0xffffffce]jJ[0x4][0xffffffef]J[0xffffffb8][0xfffffff2]d)[0xffffff91][0xffffffb7]+[0xffffffe1][0xffffffaa][0xffffff95][0xffffffa3]D[0xffffffca][0xffffffae][0xffffff84][0x16][0xffffffef][0x6]%[0xffffffdc][0xffffffae][0xffffffc4][0x18]/[0xffffffec][0xffffffab][0x4][0xffffffbe]+q[0x5][0xffffffec]J\[0xffffffe6][0xfffffff0]sa[0xffffffc0][0xffffffb1]][0xffffff89]K[0xffffff8e]7[0xffffff93][0xffffff94][0x8][0xffffffd9][0xffffff95][0xffffffb0][0xffffff81]d([0x11][0xffffffb0]+![0xffffffe1][0xffffffac][0xffffffa6]D[0xfffffff0][0xffffffae][0xffffff84]+O[0xffffff96][0x12]y[0xffffffbb][0x12][0xffffffae]Z9J[0xffffffa4][0xffffffec]Jh[0xfffffff1]nP[0xffffffa2];J[0xffffffdc][0xffffffcf]IQ[0xffffffa2][0xffffffe3][0xffffff94][0xffffffe8][0x1][0xffffff94][0xffffffe8][0xffffff9a][0xfffffff7][0xffffffc2][0xffffff80]w[0xffffff8c][0x12]=[0xffffff89][0x12][0x1a]E[0xffffff86][0x12].[0xffffff90][0xc]%4[0xffffff96][0xfffffff5][0xffffff94]X[0xffffffc3]YM[0xffffff89]5[0xffffffa2]I[0xffffff94]0[0xffffffe5][0xffffffc9]R[0xffffffc2]v)K[0x9]S[0xffffffad][0x1c]%[0xffffffa4]i)JH[0xfffffff1]nP[0xffffffc2][0xffffffed]J[0xffffffdc][0xffffffed]E[0xfffffffd][0xffffffd9][0xffffffe5][0xffffff85][0xffffffef]J\[0x1][0xffffffbb][0x12][0xffffff97]9[0xfffffffc]\[0x18]plW[0xffffffe2][0xffffff92][0xffffffe3][0xffffffcd]$%Bv%l [0x19]J[0x4][0xffffffec]JH8[0xffffffab])[0x11][0xffffffbc]+[0xffffffe1][0xffffffca][0xffffff93][0xffffffa5]D[0xffffffde][0xffffffae][0xffffff84][0xffffffab]V[0xffffff8e][0x12])[0xffffffbb][0x12]Z[0xffffffbc][0x1b][0xffffff94][0xffffffb8],%[0x6][0xfffffff6]U[0xffffffe2][0xffffffc2])q[0x5]P[0xffffffe2][0xffffffd2][0xffffffbc][0x17][0x6][0xfffffffc][0xffffffc2](q%QB[0xffffffa3][0xffffffc8]P[0xffffffc2][0x5][0xffffff92][0xffffffa1][0xffffff84][0xffffffc6][0xffffffb2][0xffffff9e][0x12]k8[0xffffffab])[0xffffffb1]F4[0xffffff89][0x12][0xffffffa6]<YJ[0xffffffd8].e)a[0xffffffaa][0xffffff95][0xffffffa3][0xffffff84]4-E[0x9])[0xffffffde][\r]J[0xc]G[0xffffff89][0xfffffffe][0xffffffa2][0xffffff86][0xffffffb3][0x7f][0xffffffbc][0xf]L[0xffffff89][0x11]@[0xffffff89][0xffffffa1]y/[0xc][0xfffffff8][0xffffffc0](1[0xffffff92]([0xffffffa1]Qd([0xffffffe1][0x2][0xffffffc9]PBcYO[0xffffff89]5[0xffffff9c][0xffffffd5][0xffffff94]X#[0xffffff9a]D[0x9]S[0xffffff9e],%l[0xffffff97][0xffffffb2][0xffffff94]0[0xffffffd5][0xffffffca]QB[0xffffff9a][0xffffff96][0xffffffa2][0xffffff84][0x14][0xffffffef][0x6]%[0xffffffdc][0xffffffda][0xffffffe5][0xffffffdd]/[0xffffffec][0x4][0x7][0xffffffbe]vy[0x5][0xffffffac]]^f[0xffffff92][0xffffffad]0[0xffffffe0][0xffffffd8][0xffffffda][0xffffffe5]%[0xffffffa3]k$%B[0xffffffd6].m [0x19]J[0x4][0xffffffac]]J8[0xffffffab])[0x11][0xffffffbc]v[0xffffffe9][0xffffffca][0xffffff93][0xffffffa5]D[0xffffffde][0xffffffda][0xffffffa5][0xffffffab]V[0xffffff8e][0x12])k[0xffffff97]Z[0xffffffbc][0x1b][0xffffff94]p[0x13]U[0xfffffff7][0xffffff89]MT][0xfffffff8]D[0xffffffd5][0x15]0Qu[0xffffff99][0x1d][0xffffff95][0xffffffc2][0xffffff80]c[0x13]U[0xffffff97],[0xffffffa5][0xffffff90][0xffffff94][0x8][0xffffff99][0xffffffa8][0xffffffb2][0xffffff81]d([0x11]0Q%[0xffffffe1][0xffffffac][0xffffffa6]D[0xfffffff0]D[0xffffff95]+O[0xffffff96][0x12]y[0x13]U[0xffffffae]Z9J[0xffffffa4]LTi[0xfffffff1]nPb:J\[0xffffffdc][0x9][0xffffff8e][0xffffff89]Sb[0x6]Pbj[0xffffffde][0xb][0x3]>1J[0xffffffcc]$Jh[0x14][0x19]J[0xffffffb8]@2[0xffffff94][0xffffffd0]X[0xffffffd6]Sb[\r]g5%[0xffffffd6][0xffffff88]&Q[0xffffffc2][0xffffff94]'K[0x9][0xffffffdb][0xffffffa5],%L[0xffffffb5]r[0xffffff94][0xffffff90][0xffffffa6][0xffffffa5](![0xffffffc5][0xfffffffb]}J[0xc][0xffffffb7]vy[0xffffffcf]y@[0xffffff94][0x18][0xfffffff8][0xffffffda][0xffffffe5][0x8]X[0xffffffbb][0x1c]f[0xffffff92][0xffffffad].[0xffffffe0][0x3][[0xffffffbb][0x1c]2[0xffffffba][0x6]R[0xffffffc2]D[0x11][0xffffffa1][0xffffff84][\r]$B[0x9][0x13][0xffffffcb]rJH8[0xffffff8b])![0x11][\r][0xffffffa2][0xffffff84]+O[0xffffff94][0x12][0xffffffbe]KQJ[0xffffffb8]j[0xffffffc5]([0xffffffa1]M[0xb]QB[0xffffff8b]w[0xffffff83][0x12]n[0xffffffed][0xfffffff2]i[0x7]5Q5[0xfffffff0][0xffffffb5][0xffffffcb][0x11][0xffffffb0]v9[0xffffffcc]$[a[0xffffffc0][0xffffffb1][0xffffffb5][0xffffffcb]![0xffffffa3]k$%B[0xffffffd6].m [0x19]J[0x4][0xffffffac]]J8[0xffffffab])[0x11][0xffffffbc]v[0xffffffe9][0xffffffca][0xffffff93][0xffffffa5]D[0xffffffde][0xffffffda][0xffffffa5][0xffffffab]V[0xffffff8e][0x12])k[0xffffff97]Z[0xffffffbc][0x1b][0xffffff94]pk[0xffffff97][0xffffffcf][0xffffffc5]}[0xffffff95][0xffffffc0][0xffffffd7].G[0xffffffc0][0xffffffda][0xffffffe5]0[0xffffff93]l[0xffffff85][0x1][0xffffffc7][0xffffffd6].[0xffffff87][0xffffff8c][0xffffffae][0xffffff91][0xffffff94][0x8]Y[0xffffffbb][0xffffffb4][0xffffff81]d([0x11][0xffffffb0]v)[0xffffffe1][0xffffffac][0xffffffa6]D[0xfffffff0][0xffffffda][0xffffffa5]+O[0xffffff96][0x12]yk[0xffffff97][0xffffffae]Z9J[0xffffffa4][0xffffffac]]j[0xfffffff1]nP[0xffffffa2];J<[0xffffffaf][0xffffff87][0xffffffa2]D[0xffffffc7])[0xffffffd1][0x3]([0xffffffd1]5[0xffffffef][0xffffff85][0x1][0xffffffef][0x18]%z[0x12]%4[0xffffff8a][0xc]%\ [0x19]Jh,[0xffffffeb])[0xffffffb1][0xffffff86][0xffffffb3][0xffffff9a][0x12]kD[0xffffff93](a[0xffffffca][0xffffff93][0xffffffa5][0xffffff84][0xffffffed]R[0xffffff96][0x12][0xffffffa6]Z9JH[0xffffffd3]R[0xffffff94][0xffffff90][0xffffffe2][0xffffffdd][0xffffffa0][0xffffff84][[0xffffffbb][0xffffff9c][0xffffffc7]M[0xffffff9d][0xffffffe0][0x18][0xfffffff8][0xffffffda][0xffffffe5][0x8]X[0xffffffbb][0x1c]f[0xffffff92][0xffffffad]0[0xffffffe0][0xffffffd8][0xffffffda][0xffffffe5][0xffffff90][0xffffffd1]5[0xffffff92][0x12]!k[0xffffff97]6[0xffffff90][0xc]%[0x2][0xffffffd6].%[0xffffff9c][0xffffffd5][0xffffff94][0x8]^[0xffffffbb]t[0xffffffe5][0xffffffc9]R"o[0xffffffed][0xffffffd2]U+G[0xffffff89][0xffffff94][0xffffffb5]K-[0xffffffde][\r]J[0xffffffb8][0xffffffb5][0xffffffcb][0xffffffd9][0x1f][0xffffffec][0xffffffab][0x4][0xffffffbe]v9[0x2][0xffffffd6].[0xffffff87][0xffffff99]d+[0xc]8[0xffffffb6]v9dt[0xffffff8d][0xffffffa4]D[0xffffffc8][0xffffffda][0xffffffa5][\r]$C[0xffffff89][0xffffff80][0xffffffb5]K[0x9]g5%[0xffffff82][0xffffffd7].]y[0xffffffb2][0xffffff94][0xffffffc8][[0xffffffbb]t[0xffffffd5][0xffffffca]Q"e[0xffffffed]R[0xffffff8b]w[0xffffff83][0x12]n[0xffffffed]r[0xffffff8e][0xffffffd7]IQ[0x2]_[0xffffffbb][0x1c][0x1]k[0xffffff97][0xffffffc3]L[0xffffffb2][0x15][0x6][0x1c][[0xffffffbb][0x1c]2[0xffffffba]FR"d[0xffffffed][0xffffffd2][0x6][0xffffff92][0xffffffa1]D[0xffffffc0][0xffffffda][0xffffffa5][0xffffff84][0xffffffb3][0xffffff9a][0x12][0xffffffc1]k[0xffffff97][0xffffffae]<YJ[0xffffffe4][0xffffffad]][0xffffffba]j[0xffffffe5]([0xffffff91][0xffffffb2]v[0xffffffa9][0xffffffc5][0xffffffbb]A[0x9]7Q5[0xffffff9f][0xffffff87]Z[0xffffffbb][0x1c][0xfffffff8]D[0xffffffd5][0x8][0xffffff98][0xffffffa8][0x1a]fG[0xffffffa5]0[0xffffffe0][0xffffffd8]D[0xffffffd5][0xffffff90][0xffffffa5][0x14][0xffffff92][0x12]![0x13]U6[0xffffff90][0xc]%[0x2]&[0xffffffaa]$[0xffffff9c][0xffffffd5][0xffffff94][0x8][0xffffff9e][0xffffffa8]r[0xffffffe5][0xffffffc9]R"o[0xffffffa2][0xffffffca]U+G[0xffffff89][0xffffff94][0xffffff89]*-[0xffffffde][\r]J[0xffffffb8][0xffffff89][0xffffffaa]9o[0xffffffec]0(>Q5[0x2]&[0xffffffaa][0xffffff86][0xffffffd9]Q)[0xc]86Q5d)[0xffffff85][0xffffffa4]D[0xffffffc8]D[0xffffff95][\r]$C[0xffffff89][0xffffff80][0xffffff89]*[0x9]g5%[0xffffff82]'[0xffffffaa]\y[0xffffffb2][0xffffff94][0xffffffc8][0xffffff9b][0xffffffa8]r[0xffffffd5][0xffffffca]Q"e[0xffffffa2]J[0xffffff8b][0xfffffff7][0xfffffffb][0xffffff94][0xffffffb8][0xffffffcd]D[0xffffffd5]|[0xffffffbd]:E[0xffffff89][0x1b][0xffffff9f][0xffffffa8][0xffffffba][0x3]&[0xffffffaa]n[0xffffffb3][0xffffffa3]R[0x17][0xfffffff0][0x1b][0xffffff9b][0xffffffa8][0xffffffba]e)[0x5][0xffffffa4][0xffffff84][0xffffff89]"B[0x9][0x1b]H[0xffffff84][0x12]&[0xffffff96][0xffffffe5][0xffffff94][0xffffff90]p[0x16]SB"[0x1a]D[0x9]W[0xffffff9e](%|[0xffffff97][0xffffffa2][0xffffff94]p[0xffffffd5][0xffffff8a]QB[0xffffff9b][0x16][0xffffffa2][0xffffff84][0x16][0xffffffef][0x6]%[0xffffffcc]D[0xffffffd5][0x7]%n[0xffffffea]f[0xffffffd0][0x1b][0xffffff9f][0xffffffa8][0xffffffba][0x3]&[0xffffffaa]n[0xffffffb3][0xffffffa3]R[0x18]pl[0xffffffa2][0xffffffea][0xffffff96][0xffffffa5][0x14][0xffffff92][0x12]![0x13]U6[0xffffff90][0xc]%[0x2]&[0xffffffaa]$[0xffffff9c][0xffffffd5][0xffffff94][0x8][0xffffff9e][0xffffffa8]r[0xffffffe5][0xffffffc9]R"o[0xffffffa2][0xffffffca]U+G[0xffffff89][0xffffff94][0xffffff89]*-[0xffffffde][\r]J[0xffffff98][0xffffff89][0xffffffaa][0xfffffff9]::5Qu[0xffffffe3][0x13]Uw[0xffffffc0]D[0xffffffd5]mvT[\n]"
14:21:23.238 [main] DEBUG org.apache.hc.client5.http.wire -- http-outgoing-1 << "[0x3][0xffffff8e]MT[0xffffffdd][0xffffffb2][0xffffff94]BR"d[0xffffffa2][0xffffffca][0x6][0xffffff92][0xffffffa1]D[0xffffffc0]D[0xffffff95][0xffffff84][0xffffffb3][0xffffff9a][0x12][0xffffffc1][0x13]U[0xffffffae]<YJ[0xffffffe4]MT[0xffffffb9]j[0xffffffe5]([0xffffff91]2Q[0xffffffa5][0xffffffc5][0xffffffbb]A[0xffffff89][0xffffffee]([0xffffffd1]&[0xfffffff6]U[0xffffffa2][0xffffffe3][0xffffff94][0xffffffe8][0x1][0xffffff94][0xffffffe8][0xffffff9a][0xfffffff7][0xffffffc2][0xffffff80]w[0xffffff8c][0x12]=[0xffffff89][0x12][0x1a]E[0xffffff86][0x12].[0xffffff90][0xc]%4[0xffffff96][0xfffffff5][0xffffff94]X[0xffffffc3]YM[0xffffff89]5[0xffffffa2]I[0xffffff94]0[0xffffffe5][0xffffffc9]R[0xffffffc2]v)K[0x9]S[0xffffffad][0x1c]%[0xffffffa4]i)JH[0xfffffff1]nP[0xffffffc2]LT[0xffffffcd][0xffffffd7]=[0xffffffb0][0xffffffaf][0x12][0xfffffff8]D[0xffffffd5][0x1d]0Qu[0xffffff9b][0x1d][0xffffff95][0xffffffc2][0xffffff80]c[0x13]U[0xffffffb7],[0xffffffa5][0xffffff90][0xffffff94][0x8][0xffffff99][0xffffffa8][0xffffffb2][0xffffff81]d([0x11]0Q%[0xffffffe1][0xffffffac][0xffffffa6]D[0xfffffff0]D[0xffffff95]+O[0xffffff96][0x12]y[0x13]U[0xffffffae]Z9J[0xffffffa4]LTi[0xfffffff1]nQ[0xffffffa2][0xffffff85]Q[0xffffffa2][0xffffffe1][0xffffff94]h[0x1][0xffffff94]h(%[0x1a]F[0xffffff89][0xffffff96]D[0xffffff89]5[0xffffff8a][0x14]%4[0xffffff90][0x14]%[0xffffffd6]X[0x12][0xffffff94]h0%Z0%[0xffffffa4]<iJ[0xffffff98].[0xffffffa5])![0xffffffd5]JR[0xffffffa2][0xffffffa5]P[0xffffffa2][0xfffffffd]1%[0xffffffcc][0xffffffda][0xffffffe5]|q[0xffffff87]Ao|[0xffffffed][0xfffffff2][0xe]X[0xffffffbb][0xffffffbc][0xffffffcd]$[a[0xffffffc0][0xffffffb1][0xffffffb5][0xffffffcb][F[0xffffffd7]HJ[0xffffff84][0xffffffac]][0xffffffda]@2[0xffffff94][0x8]X[0xffffffbb][0xffffff94]pVS"x[0xffffffed][0xffffffd2][0xffffff95]'K[0xffffff89][0xffffffbc][0xffffffb5]KW[0xffffffad][0x1c]%R[0xffffffd6].[0xffffffb5]x7(a[0xffffffd6].[0xffffffe7]q6[0xffffffec][0xffffffab][0x4][0xffffffbe]vy[0x7][0xffffffac]][0xffffffde]f[0xffffff92][0xffffffad]0[0xffffffe0][0xffffffd8][0xffffffda][0xffffffe5]-[0xffffffa3]k$%B[0xffffffd6].m [0x19]J[0x4][0xffffffac]]J8[0xffffffab])[0x11][0xffffffbc]v[0xffffffe9][0xffffffca][0xffffff93][0xffffffa5]D[0xffffffde][0xffffffda][0xffffffa5][0xffffffab]V[0xffffff8e][0x12])k[0xffffff97]Z[0xffffffbc][[0xffffff94]8[0xffffffc3](q[0xffffffe2][0xffffff94]8[0x3](q[0xffffffa2][0xffffff94]81J[0xffffff9c]I[0xffffff94]X[0xffffffa3]HQB[0x3]IQb[0xffffff8d]%A[0xffffff89][0x13][0xffffffa6][0xffffffc4][0x19]L[0x9])O[0xffffff9a][0x12][0xffffffa6]KiJH[0xffffffb5][0xffffff92][0xffffff94]8S(q[0xfffffffe]1%n[0xfffffff7]Ub[0xfffffff4][0xffffff93][0xffffffa2][0xffffffc4][0xffffff8d][0x7f][0xffffff95][0xffffffb8][0x3][0xffffffbe]J[0xffffffdc]J[0xffffffe7][0xffffffc2][0xffffff80][0xffffffdf][0xffffffd8]W[0xffffff89];[0xffffffe9][0xffffffab][0xffffff84]F[0xffffff91][0xffffffa1][0xffffff84][0xb]$C[0x9][0xffffff8d]e=%[0xffffffd6]pVSb[0xffffff8d]h[0x12]%Ly[0xffffffb2][0xffffff94][0xffffffb0]][0xffffffca]R[0xffffffc2]T+G[0x9]iZ[0xffffff8a][0x12]R[0xffffffbc][0x1b][0xffffff94]0wp[0xffffffcc][0xfffffff6][0xffffffea][0xffffffd4]%[0xffffffe3]7~[0x7][0xffffffc7][0x1d]p[0x7][0xffffffc7]m[0xffffff86][0xffffffe2][0xb][0x3][0xffffff8e][0xffffffdd][0xffffffc1]q[0xffffffcb][0x14]<I[0xffffff89][0xffffff90];8l [0x19]J[0x4][0xffffffdc][0xffffffc1]![0xffffffe1][0xffffffac][0xffffffa6]D[0xfffffff0][0x1d][0x1c][0xffffffae]<YJ[0xffffffe4][0xffffffdd][0xffffffc1][0xffffffe1][0xffffffaa][0xffffff95][0xffffffa3]D[0xffffffca][0x1d][0x1c]Z[0xffffffbc][0x1b][0xffffff94]0wp[0xffffffcc][0xfffffff6][0xfffffff1][0x1f]E[0x9][0xfffffffc][0xe][0xffffff8e];[0xffffffe0][0xe][0xffffff8e][0xffffffdb][0xc][0xffffffc5][0x17][0x6][0x1c][0xffffffbb][0xffffff83][0xffffffe3][0xffffff96])x[0xffffff92][0x12]!wp[0xffffffd8]@2[0xffffff94][0x8][0xffffffb8][0xffffff83]C[0xffffffc2]YM[0xffffff89][0xffffffe0];8\y[0xffffffb2][0xffffff94][0xffffffc8][0xffffffbb][0xffffff83][0xffffffc3]U+G[0xffffff89][0xffffff94];8[0xffffffb4]x[0xffffffbf]O[0xffffff89][0xffffffc7][0xffffffdd][0xffffffc1][0xffffffd1][0xffffffc6][0xffffffa4][0xfffffffe]V[0xffffffe2][0xffffffc1][0xffffffef][0xffffffe0]x[0x2][0xffffffee][0xffffffe0]x[0xffffffcc]P|][0xffffffc0][0x1f][0xffffffec][0xe][0xffffff8e]G[0xffffffa6][0xffffffe0]AJ[0xffffff98]("[0xffffff94][0xffffffb0][0xffffff81]D(abYN[0x9][0x9]g1%$[0xffffffa2]A[0xffffff94]p[0xffffffe5][0xffffff89]R[0xffffffc2]w)J[0x9]W[0xffffffad][0x18]%[0xffffffb4]i!Jh[0xfffffff1]nP[0xffffffc2][0xffffffdd][0xffffffc1][0xffffffd1][0xffffff9e][0xffffff87]:[0xc][0xfffffffa][0xffffffe0]wp<[0x1]wp<f([0xffffffbe]0[0xffffffe0][0xffffffd8][0x1d][0x1c][0xffffff8f]L[0xffffffc1][0xffffff93][0xffffff94][0x8][0xffffffb9][0xffffff83][0xffffffc3][0x6][0xffffff92][0xffffffa1]D[0xffffffc0][0x1d][0x1c][0x12][0xffffffce]jJ[0x4][0xffffffdf][0xffffffc1][0xffffffe1][0xffffffca][0xffffff93][0xffffffa5]D[0xffffffde][0x1d][0x1c][0xffffffae]Z9J[0xffffffa4][0xffffffdc][0xffffffc1][0xffffffa1][0xffffffc5][0xffffffbb]A[0x9]w[0x7]Go[0xfffffff7]IQ[0x2][0xffffffbf][0xffffff83][0xffffffe3][0x9][0xffffffb8][0xffffff83][0xffffffe3]1C[0xfffffff1][0xffffff85][0x1][0xffffffc7][0xffffffee][0xffffffe0]xd[\n]"
14:21:23.239 [main] DEBUG org.apache.hc.client5.http.wire -- http-outgoing-1 << "[0xffffff9e][0xffffffa4]D[0xffffffc8][0x1d][0x1c]6[0xffffff90][0xc]%[0x2][0xffffffee][0xffffffe0][0xffffff90]pVS"[0xfffffff8][0xe][0xe]W[0xffffff9e],%[0xfffffff2][0xffffffee][0xffffffe0]p[0xffffffd5][0xffffffca]Q"[0xffffffe5][0xe][0xe]-[0xffffffde][\r]J[0xffffffb8][0xffffffe1][0xffffffec][0xffffffde][0x1f][0xffffffec][0x7][0xe]|8[0xfffffffb][0x9][0x18][0xffffffce]~[0xffffffcc][0xffffffba]ka[0xffffffc0][0xffffffb1][0xffffffe1][0xffffffec]G[0xfffffff6][IJ[0xffffff84][0xc]g[0xffffffdb]@2[0xffffff94][0x8][0x18][0xffffffce][0xffffff96]pVS"x8[0xffffffdb][0xffffff95]'K[0xffffff89][0xffffffbc][0xffffffe1]lW[0xffffffad][0x1c]%R[0xffffff86][0xffffffb3][0xffffffb5]x7([0xffffffe1][0xffffffd6].[0xfffffffb]y<[0x14]%[0xfffffff0][0xffffffb5][0xffffffcb]'`[0xffffffed][0xfffffff2]1[0xffffff93]l[0xffffff85][0x1][0xffffffc7][0xffffffd6].[0x1f][0x19]]#)[0x11][0xffffffb2]vi[0x3][0xffffffc9]P"`[0xffffffed]R[0xffffffc2]YM[0xffffff89][0xffffffe0][0xffffffb5]KW[0xffffff9e],%[0xfffffff2][0xffffffd6].][0xffffffb5]r[0xffffff94]HY[0xffffffbb][0xffffffd4][0xffffffe2][0xffffffdd][0xffffffa0][0xffffff84][[0xffffffbb][0xffffffec][0xffffffe7][0xffffff85][0xfffffffd][0xffffffad][0x4][0xffffffbe]v[0xfffffff9][0x4][0xffffffac]]]]><![CDATA[>f[0xffffff92][0xffffffad]0[0xffffffe0][0xffffffd8][0xffffffda][0xffffffe5]#[0xffffffa3]k$%B[0xffffffd6].m [0x19]J[0x4][0xffffffac]]J8[0xffffffab])[0x11][0xffffffbc]v[0xffffffe9][0xffffffca][0xffffff93][0xffffffa5]D[0xffffffde][0xffffffda][0xffffffa5][0xffffffab]V[0xffffff8e][0x12])k[0xffffff97]Z[0xffffffbc][0x1b][0xffffff94]p[0x13]U}[0xffffffbc][0xffffffb0][0x1f]8[0xfffffff0][0xffffff89][0xffffffaa]'`[0xffffffa2][0xffffffea]1;*[0xffffff85][0x1][0xffffffc7]&[0xffffffaa][0x1e]YJ!)[0x11]2Qe[0x3][0xffffffc9]P"`[0xffffffa2]J[0xffffffc2]YM[0xffffff89][0xffffffe0][0xffffff89]*W[0xffffff9e],%[0xfffffff2]&[0xffffffaa]\[0xffffffb5]r[0xffffff94]H[0xffffff99][0xffffffa8][0xffffffd2][0xffffffe2][0xffffffdd][0xffffffa2][0xffffffc4][0x19]F[0x9]x8[0xfffffffb][0xfffffff3][\r]xJ[0xffffff80][0xffffffc3][0xffffffd9][0xffffff9f]O[0xffffffa7]([0xffffff91]3[0xffffff9c]m[0xffffffa2]HQ"d8[0xffffffdb][0xffffffc4][0xffffff92][0xffffffa0][0x4]:[0xffffff9c]-[0x11][0xffffffcd][0xffffffa2]D[0xffffffd6]p[0xffffffb6][0xffffffef]R[0xffffff9a][0x12]9[0xffffffc3][0xffffffd9][0xffffffda][0xffffffb4][0x1c]%[0xfffffffe]x8[0xfffffffb]qk[0xffffff97][0xffffffe7][0xffffffd5]o[0xffffff8a][0x12][0xfffffff8][0xffffffda][0xffffffe5][0x13][0xffffffb0]v[0xfffffff9][0xffffff98]I[0xffffffb6][0xffffffc2][0xffffff80]ck[0xffffff97][0xffffff8f][0xffffff8c][0xffffffae][0xffffff91][0xffffff94][0x8]Y[0xffffffbb][0xffffffb4][0xffffff81]d([0x11][0xffffffb0]v)[0xffffffe1][0xffffffac][0xffffffa6]D[0xfffffff0][0xffffffda][0xffffffa5]+O[0xffffff96][0x12]yk[0xffffff97][0xffffffae]Z9J[0xffffffa4][0xffffffac]]j[0xfffffff1]nQ[0xffffffa2][0xffffff85]Q[0xffffffa2][0xffffffe1][0xffffff94]h[0x1][0xffffff94]h(%[0x1a]F[0xffffff89][0xffffff96]D[0xffffff89]5[0xffffff8a][0x14]%4[0xffffff90][0x14]%[0xffffffd6]X[0x12][0xffffff94]h0%Z0%[0xffffffa4]<iJ[0xffffff98].[0xffffffa5])![0xffffffd5]JR[0xffffffa2][0xffffffa5]P[0xffffffa2][0xfffffffd])%[0xffffffa6][0xffffff9b][0xffffffa8][0xffffffba][0xffffffda][0xffffffab]C[0xffffff94][0xffffff98][0xfffffff8]D[0xffffffd5][0xc][0xffffff98][0xffffffa8][0xffffff9a]fG[0xffffffa5].[0xffffffe0][0x13][0xffffff9b][0xffffffa8][0xffffff9a][0xffffffb2][0xffffff94][0x2]R[0xffffffc2]D[0x11][0xffffffa1][0xffffff84][\r]$B[0x9][0x13][0xffffffcb]rJH8[0xffffff8b])![0x11][\r][0xffffffa2][0xffffff84]+O[0xffffff94][0x12][0xffffffbe]KQJ[0xffffffb8]j[0xffffffc5]([0xffffffa1]M[0xb]QB[0xffffff8b]w[0xffffff83][0x12][0xffffffdd]Q[0xffffffe2]n'E[0xffffff89][0xffffff8e]S[0xffffffa2][0x7]P[0xffffffa2]k[0xffffffde][0xb][0x3][0xffffffde]1J[0xfffffff4]$Jh[0x14][0x19]J[0xffffffb8]@2[0xffffff94][0xffffffd0]X[0xffffffd6]Sb[\r]g5%[0xffffffd6][0xffffff88]&Q[0xffffffc2][0xffffff94]'K[0x9][0xffffffdb][0xffffffa5],%L[0xffffffb5]r[0xffffff94][0xffffff90][0xffffffa6][0xffffffa5](![0xffffffc5][0xffffffbb]A[0x9][0xffffffb7]+1[0xffffffda]3(J[0xffffffe0][0xffffffbb][0x12]3`Wb[0xffffff9a][0xffffffc3][0xffffffcf][0xffffff85][0x1][0xffffffc7]v%[0xffffffa6][0x1c]o&)[0x11][0xffffffb2]+a[0x3][0xffffffc9]P"`WB[0xffffffc2]YM[0xffffff89][0xffffffe0]][0x9]W[0xffffff9e],%[0xfffffff2]v%\[0xffffffb5]r[0xffffff94]H[0xffffffd9][0xffffff95][0xffffffd0][0xffffffe2][0xffffffdd][0xffffffa0][0xffffff84][0xffffffdb][0xffffff95][0x18][0xfffffffd][0xffffffc2][0xffffffbe]J[0xffffffe0][0xffffffbb][0x12]3`Wb[0xffffff9a][0xffffffc3][0xffffffcf][0xffffff85][0x1][0xffffffc7]v%[0xffffffa6][0x1c]o&)[0x11][0xffffffb2]+a[0x3][0xffffffc9]P"`WB[0xffffffc2]YM[0xffffff89][0xffffffe0]][0x9]W[0xffffff9e],%[0xfffffff2]v%\[0xffffffb5]r[0xffffff94]H[0xffffffd9][0xffffff95][0xffffffd0][0xffffffe2][0xffffffdd][0xffffffa0][0xffffff84][0xffffffdb][0xffffff95][0x18][0xffffffe7][0xffffff81]Q[0x2][0xffffffdf][0xffffff95][0xffffff98][0x1][0xffffffbb][0x12][0xffffffd3][0x1c]~.[0xc]8[0xffffffb6]+1[0xffffffe5]x3I[0xffffff89][0xffffff90]][0x9][0x1b]H[0xffffff86][0x12][0x1][0xffffffbb][0x12][0x12][0xffffffce]jJ[0x4][0xffffffef]J[0xffffffb8][0xfffffff2]d)[0xffffff91][0xffffffb7]+[0xffffffe1][0xffffffaa][0xffffff95][0xffffffa3]D[0xffffffca][0xffffffae][0xffffff84][0x16][0xffffffef][0x6]%[0xffffffdc]a[0xffffffd0]q^[0xffffff93][0xffffffa2][0x4]~[0x18]t[0x6][0x1c][0x6][0xffffff9d][0xffffffe6][0xffffffc4]Ra[0xffffffc0][0xffffffb1][0xffffffc3][0xffffffa0]S[0xffffffce]$[0xffffff91][0xffffff94][0x8]9[0xc]j[0x3][0xffffffc9]P"[0xffffffe0]0[0xffffffa8][0xffffff84][0xffffffb3][0xffffff9a][0x12][0xffffffc1][0xffffff87]A]y[0xffffffb2][0xffffff94][0xffffffc8];[0xc][0xffffffea][0xffffffaa][0xffffff95][0xffffffa3]D[0xffffffca]aP-[0xffffffde][\r]JLG[0xffffff89][0xffffffeb]xQ[0xffffff94][0xffffff98]8%f[0x0]%[0xffffffa6][0xffffffe6][0xffffffbd]0[0xffffffe0][0x13][0xffffffa3][0xffffffc4]L[0xffffffa2][0xffffff84]F[0xffffff91][0xffffffa1][0xffffff84][0xb]$C[0x9][0xffffff8d]e=%[0xffffffd6]pVSb[0xffffff8d]h[0x12]%Ly[0xffffffb2][0xffffff94][0xffffffb0]][0xffffffca]R[0xffffffc2]T+G[0x9]iZ[0xffffff8a][0x12]R[0xffffffbc][0xffffffdf][0xffffffa6][0xffffffc4]|[0xffffffbd][0x1c]%[0x6][0xfffffff5]U[0xffffffe2][0xfffffff3]}PJ|[0xffffffbd][0x1]K[0xffffff89][0xffffff9f][0xffffffef]@P[0xffffffe2][0xffffffeb][0xffffffe9][0x4]%[0xfffffffe]~r[0x2]%\[0x14][0x9]J[0xfffffff8]@[0x12][0xffffff94]p[0xffffffb1][0xffffffac][0xffffffa6][0xffffff84][0xffffff86][0xffffffb3][0xffffff96][0x12][0x1a][0xffffffd1][0x1c]J[0xffffffd8][0xfffffff2]$)[0xfffffff1][0xffffffa6]KIJ[0xffffffd8]j[0xffffffa5](a[0xffffff9a][0xffffff96][0xffffffa1][0xffffff84])[0xffffffde][\r]J[0xffffffb8]][0xffffff89]1[0xffffffe7]EQ[0xffffff82][0xffffffde][0xffffff95][0xfffffff8]z[0x3][0xffffff9a][0x12][0xffffffe4][0xffffffae][0xffffffc4][0xffffffd7][0xffffffd3][0x19]J[0x4][0xffffffed]J[0xffffffb8](2[0xffffff94]H[0xffffffd9][0xffffff95]p[0xffffffb1][0xffffffac][0xffffffa7][0x4][0xffffffbb]+[0xffffffa1][0x11]M[0xffffffa2]D[0xffffffd8][0xffffffae][0xffffffc4][0xffffff9b].e)[0x11][0xffffffb4]+a[0xffffff9a][0xffffff96][0xffffffa2][0xffffffc4][0xffffff9f][0xffffffef]J[0xffffffcc]W3[0xffffff94][0xffffffb8][0xffffffdb][0xffffff80][0xffffffee][0xffffffe0][0xfffffff8]|[0x1f][0xffffff98][0x12]-[0xffffff80][0x12]M[0xfffffff3]^[0x18][0xfffffff0][0xffffff86]Q[0xffffffa2]%QB[0xffffffa3][0xffffffc8]P[0xffffffc2][0x5][0xffffff92][0xffffffa1][0xffffff84][0xffffffc6][0xffffffb2][0xffffff9e][0x12]k8[0xffffffab])[0xffffffb1]F4[0xffffff89][0x12][0xffffffa6]<YJ[0xffffffd8].e)a[0xffffffaa][0xffffff95][0xffffffa3][0xffffff84]4-E[0x9])[0xffffffde][\r]JtG[0xffffff89]~=[0x14]%:N[0xffffff89][0x1e]@[0xffffff89][0xffffffae]y/[0xc]x[0xffffffc7]([0xffffffd1][0xffffff93]([0xffffffa1]Qd([0xffffffe1][0x2][0xffffffc9]PBcYO[0xffffff89]5[0xffffff9c][0xffffffd5][0xffffff94]X#[0xffffff9a]D[0x9]S[0xffffff9e],%l[0xffffff97][0xffffffb2][0xffffff94]0[0xffffffd5][0xffffffca]QB[0xffffff9a][0xffffff96][0xffffffa2][0xffffff84][0x14][0xffffffef][0x6]%NG[0xffffff89]y4[0xffffff8a][0x12]'N[0xffffff89]3[0xffffff80][0x12][0xffffffa7][0xffffffe6][0xffffffbd]0[0xffffffe0]'F[0xffffff89]3[0xffffff89][0x12][0x1a]E[0xffffff86][0x12].[0xffffff90][0xc]%4[0xffffff96][0xfffffff5][0xffffff94]X[0xffffffc3]YM[0xffffff89]5[0xffffffa2]I[0xffffff94]0[0xffffffe5][0xffffffc9]R[0xffffffc2]v)K[0x9]S[0xffffffad][0x1c]%[0xffffffa4]i)JH[0xfffffff1]nP[0xffffffc2][0xffffffad]]]]><![CDATA[>[0xffffffc7][0xffffffc4]~[0xffffffe0][0xffffffa0][0xffffffd7].[0xffffffbf][0xffffffde][0xffffff80][0xffffffa6][0x4][0xffffffb9]v[0xfffffff9][0xfffffff5]t[0xffffff86][0x12]Ak[0xffffff97].[0xffffff8a][0xc]%R[0xffffffd6].],[0xffffffeb])[0xffffffc1][0xffffffae]]jD[0xffffff93]([0x11][0xffffffb6]v[0xfffffff9][0xffffffa6]KYJ[0x4][0xffffffad]][0xffffff9a][0xffffffa6][0xffffffa5]([0xfffffff1][0xffffffe7]k[0xffffff97][0xfffffff3][0xffffffe5][0xffffffd6].[0xffffff9f][0xffffffeb][0xffffff84][0xe][0xffffff83]~[0xffffffbe][0xf]L[0x9]~[0xffffffed][0xfffffff2][0xffffffe7];0[0xffffff94][0xffffffa0][0xffffffd6].[0xffffffff]~r[0x6]%2[0xffffffd6].} [0x19]J[0xfffffff0]k[0xffffff97][0x1a][0xffffffce]jJ[0xffffffe4][0xffffffae]][0xffffffda][0xfffffff2]d)[0x11][0xffffffb7]vi[0xffffffab][0xffffff95][0xffffffa3]D[0xffffffc8][0xffffffda][0xffffffa5])[0xffffffde][\r]J[0xffffffb8][0xffffffb5][0xffffffcb]g[0xffffffce][0xffffff93][0xffffffa2][0x4][0xffffffbd]v[0xfffffff9][0xfffffff5][0x6]4%[0xffffffc8][0xffffffb5][0xffffffcb][0xffffffaf][0xffffffa7]3[0xffffff94][0x8]Z[0xffffffbb]tQd([0xffffff91][0xffffffb2]v[0xffffffe9]bYO[0x9]v[0xffffffed]R#[0xffffff9a]D[0xffffff89][0xffffffb0][0xffffffb5][0xffffffcb]7][0xffffffca]R"h[0xffffffed][0xffffffd2]4-E[0xffffff89]?_[0xffffffbb][0xffffff9c]/7Q5[0xfffffffb][0x3]]2[0xfffffffe][0xfffffff9]>0%[0xfffffff8][0xffffff89][0xffffffaa][0xffffff9f][0xffffffef][0xffffffc0]P[0xffffff82][0xffffff9a][0xffffffa8][0xfffffffa][0xfffffffb][0xffffffc9][0x19][0xffffff94][0xffffffc8][0xffffff98][0xffffffa8][0xfffffff2][0xffffff81]d([0xffffffc1]OTi8[0xffffffab])[0xffffff91];Qe[0xffffffcb][0xffffff93][0xffffffa5]D[0xffffffdc]D[0xffffff95][0xffffffad]V[0xffffff8e][0x12]![0x13]U[0xffffffa6]x[0xffffffbf]O[0xffffff89][0xffffffc3][0xffffffed]J[0xffffffcc][0xffffffeb][0xffffffa6]~[0xffffffe0]8[0xfffffff0]][0xffffff89]#`W[0xffffffe2]0[0xffffff87][0xffffff9f][0xffffffeb][0x2]~`[0xffffffbb][0x12][0xffffff87][0x1c]o[0x6])a[0xffffffa2][0xffffff88]P[0xffffffc2][0x6][0x12][0xffffffa1][0xffffff84][0xffffff89]e9%$[0xffffff9c][0xffffffc5][0xffffff94][0xffffff90][0xffffff88][0x6]Q[0xffffffc2][0xffffff95]'J[0x9][0xffffffdf][0xffffffa5](%\[0xffffffb5]b[0xffffff94][0xffffffd0][0xffffffa6][0xffffff85]([0xffffffa1][0xffffffc5][0xffffffbb]A[0x9][0xffffffb7]+1[0x7]5[0xffffff9c][0xfffffffd][0xfffffff9]>0%[0x2]v%[0xe]s[0xfffffff8][0xffffffb9]0[0xffffffe0][0xffffffd8][0xffffffae][0xffffffc4]![0xffffffc7][0xffffff9b]IJ[0xffffff84][0xffffffec]J[0xffffffd8]@2[0xffffff94][0x8][0xffffffd8][0xffffff95][0xffffff90]pVS"xW[0xffffffc2][0xffffff95]'K[0xffffff89][0xffffffbc]][0x9]W[0xffffffad][0x1c]%Rv%[0xffffffb4]x7([0xffffffd1]-%[0xffffffb0][0xffffffe1][0xffffffec][0x1f][0xffffffef][0x3]S[0xffffffa2][0x7]P[0xffffffa2]k[0xffffffde][0xb][0x3][0xffffffde]1J[0xfffffff4]$Jh[0x14][0x19]J[0xffffffb8]@2[0xffffff94][0xffffffd0]X[0xffffffd6]Sb[\r]g5%[0xffffffd6][0xffffff88]&Q[0xffffffc2][0xffffff94]'K[0x9][0xffffffdb][0xffffffa5],%L[0xffffffb5]r[0xffffff94][0xffffff90][0xffffffa6][0xffffffa5](![0xffffffc5][0xffffffbb]A[0x9][0xffffffb7]+1[0xffffffef][0xb][0xfffffffb]*[0xffffff81][0xffffffef]J[0x1c][0x1][0xffffffbb][0x12][0xffffff87]9[0xfffffffc]\[0x18]plW[0xffffffe2][0xffffff90][0xffffffe3][0xffffffcd]$%Bv%l [0x19]J[0x4][0xffffffec]JH8[0xffffffab])[0x11][0xffffffbc]+[0xffffffe1][0xffffffca][0xffffff93][0xffffffa5]D[0xffffffde][0xffffffae][0xffffff84][0xffffffab]V[0xffffff8e][0x12])[0xffffffbb][0x12]Z[0xffffffbc][0x1b][0xffffff94]p[0xffffffbb][0x12]?~[0xffffffe1][0xffffffa0]([0xffffff81][0xffffffef]J[0x1c][0x1][0xffffffbb][0x12][0xffffff87]9[0xfffffffc]\[0x18]plW[0xffffffe2][0xffffff90][0xffffffe3][0xffffffcd]$%Bv%l [0x19]J[0x4][0xffffffec]JH8[0xffffffab])[0x11][0xffffffbc]+[0xffffffe1][0xffffffca][0xffffff93][0xffffffa5]D[0xffffffde][0xffffffae][0xffffff84][0xffffffab]V[0xffffff8e][0x12])[0xffffffbb][0x12]Z[0xffffffbc][0x1b][0xffffff94][0xffffffd0]][0xffffff89][0xfffffff3][0xfffffff5]z][0xffffffd4][0x9][0xffffff8e][0x3][0xffffffdf][0xffffff95]8[0x2]v%[0xe]s[0xfffffff8][0xffffffb9]0[0xffffffe0][0xffffffd8][0xffffffae][0xffffffc4]![0xffffffc7][0xffffff9b]IJ[0xffffff84][0xffffffec]J[0xffffffd8]@2[0xffffff94][0x8][0xffffffd8][0xffffff95][0xffffff90]pVS"xW[0xffffffc2][0xffffff95]'K[0xffffff89][0xffffffbc]][0x9]W[0xffffffad][0x1c]%Rv%[0xffffffb4]x7([0xffffffa1][0xffffffbb][0x12][0x1f][0xffffff94]8[0xffffffb8]?[0xffffffbb][0xffffffc4]w%[0xffffff8e][0xffffff80]][0xffffff89][0xffffffc3][0x1c]~.[0xc]8[0xffffffb6]+q[0xffffffc8][0xfffffff1]f[0xffffff92][0x12]![0xffffffbb][0x12]6[0xffffff90][0xc]%[0x2]v%$[0xffffff9c][0xffffffd5][0xffffff94][0x8][0xffffffde][0xffffff95]p[0xffffffe5][0xffffffc9]R"oW[0xffffffc2]U+G[0xffffff89][0xffffff94]][0x9]-[0xffffffde][\r]J<[0xffffff96][0x12][0xffffff83][0xffffffba][0xffffffce][0xffffffeb][0xffffffc7][0xfffffffb][0xffffffc0][0xffffff94]x[0x2]([0xfffffff1]h[0xffffffde][0xb][0x3][0xfffffffe]`[0xffffff94]x[0xffffff92]([0xffffffa1]Qd([0xffffffe1][0x2][0xffffffc9]PBcYO[0xffffff89]5[0xffffff9c][0xffffffd5][0xffffff94]X#[0xffffff9a]D[0x9]S[0xffffff9e],%l[0xffffff97][0xffffffb2][0xffffff94]0[0xffffffd5][0xffffffca]QB[0xffffff9a][0xffffff96][0xffffffa2][0xffffff84][0x14][0xffffffef][0x6]%t[0xffffffa2][0xffffffea][0xffffff83][0x12][0xffffffad]a[0x7f]+[0xffffff81]OT[0x1d][0x1][0x13]U[0xffffff87][0xffffffd9]Q)[0xc]86Qu[0xffffffc8]R[\n]"
14:21:23.239 [main] DEBUG org.apache.hc.client5.http.wire -- http-outgoing-1 << "I[0xffffff89][0xffffff90][0xffffff89]*[0x1b]H[0xffffff86][0x12][0x1][0x13]U[0x12][0xffffffce]jJ[0x4]OT[0xffffffb9][0xfffffff2]d)[0xffffff91]7Q[0xffffffe5][0xffffffaa][0xffffff95][0xffffffa3]D[0xffffffca]D[0xffffff95][0x16][0xffffffef][0xfffffff7])[0xffffffd1]^[0xffffff96][0x12]7u[0x18][0xfffffff4][0xffffffc7][0xfffffffb][0xffffffb0][0xffffff94][0xfffffff8]|[0x3][0xffffff98][0x12][0x7f][0xffffffbf][0x3]B[0xffffff89][0xffffffcf][0xffffffa7]#[0xffffff94][0xfffffff8][0xffffffdf][0xffffff93]#(a[0xffffffa2][0xffffff88]P[0xffffffc2][0x6][0x12][0xffffffa1][0xffffff84][0xffffff89]e9%$[0xffffff9c][0xffffffc5][0xffffff94][0xffffff90][0xffffff88][0x6]Q[0xffffffc2][0xffffff95]'J[0x9][0xffffffdf][0xffffffa5](%\[0xffffffb5]b[0xffffff94][0xffffffd0][0xffffffa6][0xffffff85]([0xffffffa1][0xffffffc5][0xffffffbb]A[0x9]][0xffffffbb][0xfffffffc][0xffffffa0][0xffffffc4][0xffffff89][0xfffffffd][0xffffffad]D[0xffffffc3][0xffffffd7].[[0xffffffc0][0xffffffda]e3[0xffffff93]l[0xffffff85][0x1][0xffffffc7][0xffffffd6].[0xffffff9b][0xffffff8c][0xffffffae][0xffffff91][0xffffff94][0x8]Y[0xffffffbb][0xffffffb4][0xffffff81]d([0x11][0xffffffb0]v)[0xffffffe1][0xffffffac][0xffffffa6]D[0xfffffff0][0xffffffda][0xffffffa5]+O[0xffffff96][0x12]yk[0xffffff97][0xffffffae]Z9J[0xffffffa4][0xffffffac]]j[0xfffffff1]nPB[0xffffffd7].[0x7f]P[0xffffffe2][0xffffffa1][0xfffffffe]V[0xffffffa2][0xffffffe1]k[0xffffff97]-`[0xffffffed][0xffffffb2][0xffffff99]I[0xffffffb6][0xffffffc2][0xffffff80]ck[0xffffff97]MF[0xffffffd7]HJ[0xffffff84][0xffffffac]][0xffffffda]@2[0xffffff94][0x8]X[0xffffffbb][0xffffff94]pVS"x[0xffffffed][0xffffffd2][0xffffff95]'K[0xffffff89][0xffffffbc][0xffffffb5]KW[0xffffffad][0x1c]%R[0xffffffd6].[0xffffffb5]x7([0xffffffd1][0x1d]%F[0xffffffa3][0xe][0xffffff83][0xfffffffe]x[0x1f][0xffffff98][0x12]=[0xffffff80][0x12]][0xfffffff3]^[0x18][0xfffffff0][0xffffff8e]Q[0xffffffa2]'QB[0xffffffa3][0xffffffc8]P[0xffffffc2][0x5][0xffffff92][0xffffffa1][0xffffff84][0xffffffc6][0xffffffb2][0xffffff9e][0x12]k8[0xffffffab])[0xffffffb1]F4[0xffffff89][0x12][0xffffffa6]<YJ[0xffffffd8].e)a[0xffffffaa][0xffffff95][0xffffffa3][0xffffff84]4-E[0x9])[0xffffffde][\r]J[0xffffffe8]D[0xffffffd5][0x7]%[0xffffffee][0xffffff8e]}[0xffffff95][0xffffffc0]'[0xffffffaa]Z[0xffffffc0]DU3;*[0xffffff85][0x1][0xffffffc7]&[0xffffffaa][0xffffff9a],[0xffffffa5][0xffffff90][0xffffff94][0x8][0xffffff99][0xffffffa8][0xffffffb2][0xffffff81]d([0x11]0Q%[0xffffffe1][0xffffffac][0xffffffa6]D[0xfffffff0]D[0xffffff95]+O[0xffffff96][0x12]y[0x13]U[0xffffffae]Z9J[0xffffffa4]LTi[0xfffffff1]nP[0xffffffc2]NT[0xffffffdd][0xffffffcf][0xffffffa0]([0xffffff81]OT[0xffffffb5][0xffffff80][0xffffff89][0xffffffaa]fvT[\n]"
14:21:23.239 [main] DEBUG org.apache.hc.client5.http.wire -- http-outgoing-1 << "[0x3][0xffffff8e]MT5YJ!)[0x11]2Qe[0x3][0xffffffc9]P"`[0xffffffa2]J[0xffffffc2]YM[0xffffff89][0xffffffe0][0xffffff89]*W[0xffffff9e],%[0xfffffff2]&[0xffffffaa]\[0xffffffb5]r[0xffffff94]H[0xffffff99][0xffffffa8][0xffffffd2][0xffffffe2][0xffffffdd][0xffffffa0][0xffffff84][0xffffff9d][0xffffffa8]z:u[0x18][0xffffffb4][0xffffffe1][0x13]U-`[0xffffffa2][0xffffffaa][0xffffff99][0x1d][0xffffff95][0xffffffc2][0xffffff80]c[0x13]UM[0xffffff96]RHJ[0xffffff84]LT[0xffffffd9]@2[0xffffff94][0x8][0xffffff98][0xffffffa8][0xffffff92]pVS"x[0xffffffa2][0xffffffca][0xffffff95]'K[0xffffff89][0xffffffbc][0xffffff89]*W[0xffffffad][0x1c]%R&[0xffffffaa][0xffffffb4]x7(a'[0xffffffaa][0xffffffe6][0xffffff81]}[0xffffff95][0xffffffc0]'[0xffffffaa]Z[0xffffffc0]DU3;*[0xffffff85][0x1][0xffffffc7]&[0xffffffaa][0xffffff9a],[0xffffffa5][0xffffff90][0xffffff94][0x8][0xffffff99][0xffffffa8][0xffffffb2][0xffffff81]d([0x11]0Q%[0xffffffe1][0xffffffac][0xffffffa6]D[0xfffffff0]D[0xffffff95]+O[0xffffff96][0x12]y[0x13]U[0xffffffae]Z9J[0xffffffa4]LTi[0xfffffff1]nP[0xffffffc2]MT[0x1d]/[0xffffffee]0(>Q[0xffffffd5][0x2]&[0xffffffaa][0xffffff9a][0xffffffd9]Q)[0xc]86Q[0xffffffd5]d)[0xffffff85][0xffffffa4]D[0xffffffc8]D[0xffffff95][\r]$C[0xffffff89][0xffffff80][0xffffff89]*[0x9]g5%[0xffffff82]'[0xffffffaa]\y[0xffffffb2][0xffffff94][0xffffffc8][0xffffff9b][0xffffffa8]r[0xffffffd5][0xffffffca]Q"e[0xffffffa2]J[0xffffff8b][0xfffffff7][0xfffffffb][0xffffff94][0xffffffe8]n[0xffffffa2][0xffffffea]8[0x1a][0xfffffff5]U[0xffffffa2][0xffffffe3][0x13]U=`[0xffffffa2][0xffffffaa][0xffffff9b][0x1d][0xffffff95][0xffffffba][0xffffff80]wl[0xffffffa2][0xffffffaa][0xffffffcb]R[\n]"
14:21:23.239 [main] DEBUG org.apache.hc.client5.http.wire -- http-outgoing-1 << "H[0x9][0x13]E[0xffffff84][0x12]6[0xffffff90][0x8]%L,[0xffffffcb])![0xffffffe1],[0xffffffa6][0xffffff84]D4[0xffffff88][0x12][0xffffffae]<QJ[0xfffffff8].E)[0xffffffe1][0xffffffaa][0x15][0xffffffa3][0xffffff84]6-D[0x9]-[0xffffffde][\r]J[0xffffffb8][0xffffff89][0xffffffaa][0xffffffe3]x.[0xffffff8a][0x12][0xfffffff8]DU[0xf][0xffffff98][0xffffffa8][0xffffffea]fG[0xffffffa5]0[0xffffffe0][0xffffffd8]DU[0xffffff97][0xffffffa5][0x14][0xffffff92][0x12]![0x13]U6[0xffffff90][0xc]%[0x2]&[0xffffffaa]$[0xffffff9c][0xffffffd5][0xffffff94][0x8][0xffffff9e][0xffffffa8]r[0xffffffe5][0xffffffc9]R"o[0xffffffa2][0xffffffca]U+G[0xffffff89][0xffffff94][0xffffff89]*-[0xffffffde][\r]J[0xffffffb8][0xffffff89][0xffffffaa][0xffffffa3][0xffffff9d][0xffffff8d][0xffffffa2][0x4]>Q[0xffffffd5][0x3]&[0xffffffaa][0xffffffba][0xffffffd9]Q)[0xc]86Q[0xffffffd5]e)[0xffffff85][0xffffffa4]D[0xffffffc8]D[0xffffff95][\r]$C[0xffffff89][0xffffff80][0xffffff89]*[0x9]g5%[0xffffff82]'[0xffffffaa]\y[0xffffffb2][0xffffff94][0xffffffc8][0xffffff9b][0xffffffa8]r[0xffffffd5][0xffffffca]Q"e[0xffffffa2]J[0xffffff8b][0xfffffff7][0xffffffb7][0xffffff94][0xfffffff8][0xfffffff7][0x7f][0xfffffffe][0xfffffff5]_[0xffffffa8][0xffffffb8][0xc][0xffffffb5]u[0xffffff91]"[0x0]"
14:21:23.244 [main] DEBUG org.apache.hc.client5.http.impl.classic.InternalHttpClient -- ep-0000000002 releasing valid endpoint
14:21:23.244 [main] DEBUG org.apache.hc.client5.http.impl.io.PoolingHttpClientConnectionManager -- ep-0000000002 releasing endpoint
14:21:23.244 [main] DEBUG org.apache.hc.client5.http.impl.io.PoolingHttpClientConnectionManager -- ep-0000000002 connection http-outgoing-1 can be kept alive for 3 MINUTES
14:21:23.244 [main] DEBUG org.apache.hc.client5.http.impl.io.PoolingHttpClientConnectionManager -- ep-0000000002 connection released [route: {s}->https://googlechromelabs.github.io:443][total available: 2; route allocated: 1 of 5; total allocated: 2 of 25]
14:21:23.245 [main] INFO io.github.bonigarcia.wdm.WebDriverManager -- Using chromedriver 131.0.6778.204 (resolved driver for Chrome 131)
14:21:23.246 [main] DEBUG io.github.bonigarcia.wdm.cache.ResolutionCache -- Storing resolution chrome=131 in cache (valid until 15:21:23 02/01/2025 IST)
14:21:23.247 [main] DEBUG io.github.bonigarcia.wdm.cache.ResolutionCache -- Storing resolution chrome131=131.0.6778.204 in cache (valid until 14:21:23 03/01/2025 IST)
14:21:23.277 [main] DEBUG io.github.bonigarcia.wdm.WebDriverManager -- Driver chromedriver 131.0.6778.204 found in cache
14:21:23.279 [main] INFO io.github.bonigarcia.wdm.WebDriverManager -- Exporting webdriver.chrome.driver as C:\Users\sasitharan\.cache\selenium\chromedriver\win64\131.0.6778.204\chromedriver.exe
14:21:23.479 [main] DEBUG io.netty.util.internal.logging.InternalLoggerFactory -- Using SLF4J as the default logging framework
14:21:23.483 [main] DEBUG io.netty.util.ResourceLeakDetector -- -Dio.netty.leakDetection.level: simple
14:21:23.483 [main] DEBUG io.netty.util.ResourceLeakDetector -- -Dio.netty.leakDetection.targetRecords: 4
14:21:23.486 [main] DEBUG io.netty.util.ResourceLeakDetectorFactory -- Loaded default ResourceLeakDetector: io.netty.util.ResourceLeakDetector@6003220a
14:21:23.503 [main] DEBUG io.netty.util.internal.PlatformDependent0 -- -Dio.netty.noUnsafe: false
14:21:23.503 [main] DEBUG io.netty.util.internal.PlatformDependent0 -- Java version: 17
14:21:23.504 [main] DEBUG io.netty.util.internal.PlatformDependent0 -- sun.misc.Unsafe.theUnsafe: available
14:21:23.504 [main] DEBUG io.netty.util.internal.PlatformDependent0 -- sun.misc.Unsafe.copyMemory: available
14:21:23.504 [main] DEBUG io.netty.util.internal.PlatformDependent0 -- sun.misc.Unsafe.storeFence: available
14:21:23.505 [main] DEBUG io.netty.util.internal.PlatformDependent0 -- java.nio.Buffer.address: available
14:21:23.505 [main] DEBUG io.netty.util.internal.PlatformDependent0 -- direct buffer constructor: unavailable: Reflective setAccessible(true) disabled
14:21:23.505 [main] DEBUG io.netty.util.internal.PlatformDependent0 -- java.nio.Bits.unaligned: available, true
14:21:23.506 [main] DEBUG io.netty.util.internal.PlatformDependent0 -- jdk.internal.misc.Unsafe.allocateUninitializedArray(int): unavailable: class io.netty.util.internal.PlatformDependent0$7 cannot access class jdk.internal.misc.Unsafe (in module java.base) because module java.base does not export jdk.internal.misc to unnamed module @740fb309
14:21:23.507 [main] DEBUG io.netty.util.internal.PlatformDependent0 -- java.nio.DirectByteBuffer.<init>(long, {int,long}): unavailable
14:21:23.508 [main] DEBUG io.netty.util.internal.PlatformDependent -- sun.misc.Unsafe: available
14:21:23.509 [main] DEBUG io.netty.util.internal.PlatformDependent -- maxDirectMemory: 5276434432 bytes (maybe)
14:21:23.509 [main] DEBUG io.netty.util.internal.PlatformDependent -- -Dio.netty.tmpdir: C:\Users\SASITH~1\AppData\Local\Temp (java.io.tmpdir)
14:21:23.509 [main] DEBUG io.netty.util.internal.PlatformDependent -- -Dio.netty.bitMode: 64 (sun.arch.data.model)
14:21:23.509 [main] DEBUG io.netty.util.internal.PlatformDependent -- Platform: Windows
14:21:23.510 [main] DEBUG io.netty.util.internal.PlatformDependent -- -Dio.netty.maxDirectMemory: -1 bytes
14:21:23.510 [main] DEBUG io.netty.util.internal.PlatformDependent -- -Dio.netty.uninitializedArrayAllocationThreshold: -1
14:21:23.511 [main] DEBUG io.netty.util.internal.CleanerJava9 -- java.nio.ByteBuffer.cleaner(): available
14:21:23.511 [main] DEBUG io.netty.util.internal.PlatformDependent -- -Dio.netty.noPreferDirect: false
14:21:23.518 [main] DEBUG io.netty.util.internal.PlatformDependent -- org.jctools-core.MpscChunkedArrayQueue: available
14:21:23.539 [main] DEBUG io.netty.util.internal.InternalThreadLocalMap -- -Dio.netty.threadLocalMap.stringBuilder.initialSize: 1024
14:21:23.539 [main] DEBUG io.netty.util.internal.InternalThreadLocalMap -- -Dio.netty.threadLocalMap.stringBuilder.maxSize: 4096
14:21:23.554 [main] DEBUG io.netty.handler.ssl.JdkSslContext -- Default protocols (JDK): [TLSv1.3, TLSv1.2] 
14:21:23.554 [main] DEBUG io.netty.handler.ssl.JdkSslContext -- Default cipher suites (JDK): [TLS_ECDHE_ECDSA_WITH_AES_256_GCM_SHA384, TLS_ECDHE_ECDSA_WITH_AES_128_GCM_SHA256, TLS_ECDHE_RSA_WITH_AES_128_GCM_SHA256, TLS_ECDHE_RSA_WITH_AES_256_GCM_SHA384, TLS_ECDHE_RSA_WITH_AES_128_CBC_SHA, TLS_ECDHE_RSA_WITH_AES_256_CBC_SHA, TLS_RSA_WITH_AES_128_GCM_SHA256, TLS_RSA_WITH_AES_128_CBC_SHA, TLS_RSA_WITH_AES_256_CBC_SHA, TLS_AES_128_GCM_SHA256, TLS_AES_256_GCM_SHA384]
14:21:23.566 [main] DEBUG io.netty.util.concurrent.GlobalEventExecutor -- -Dio.netty.globalEventExecutor.quietPeriodSeconds: 1
14:21:23.655 [main] DEBUG io.netty.channel.MultithreadEventLoopGroup -- -Dio.netty.eventLoopThreads: 16
14:21:23.669 [main] DEBUG io.netty.channel.nio.NioEventLoop -- -Dio.netty.noKeySetOptimization: false
14:21:23.669 [main] DEBUG io.netty.channel.nio.NioEventLoop -- -Dio.netty.selectorAutoRebuildThreshold: 512
14:21:23.756 [main] DEBUG io.netty.buffer.PooledByteBufAllocator -- -Dio.netty.allocator.numHeapArenas: 16
14:21:23.756 [main] DEBUG io.netty.buffer.PooledByteBufAllocator -- -Dio.netty.allocator.numDirectArenas: 16
14:21:23.756 [main] DEBUG io.netty.buffer.PooledByteBufAllocator -- -Dio.netty.allocator.pageSize: 8192
14:21:23.756 [main] DEBUG io.netty.buffer.PooledByteBufAllocator -- -Dio.netty.allocator.maxOrder: 9
14:21:23.756 [main] DEBUG io.netty.buffer.PooledByteBufAllocator -- -Dio.netty.allocator.chunkSize: 4194304
14:21:23.756 [main] DEBUG io.netty.buffer.PooledByteBufAllocator -- -Dio.netty.allocator.smallCacheSize: 256
14:21:23.756 [main] DEBUG io.netty.buffer.PooledByteBufAllocator -- -Dio.netty.allocator.normalCacheSize: 64
14:21:23.756 [main] DEBUG io.netty.buffer.PooledByteBufAllocator -- -Dio.netty.allocator.maxCachedBufferCapacity: 32768
14:21:23.756 [main] DEBUG io.netty.buffer.PooledByteBufAllocator -- -Dio.netty.allocator.cacheTrimInterval: 8192
14:21:23.756 [main] DEBUG io.netty.buffer.PooledByteBufAllocator -- -Dio.netty.allocator.cacheTrimIntervalMillis: 0
14:21:23.756 [main] DEBUG io.netty.buffer.PooledByteBufAllocator -- -Dio.netty.allocator.useCacheForAllThreads: false
14:21:23.756 [main] DEBUG io.netty.buffer.PooledByteBufAllocator -- -Dio.netty.allocator.maxCachedByteBuffersPerChunk: 1023
14:21:23.767 [main] DEBUG io.netty.buffer.ByteBufUtil -- -Dio.netty.allocator.type: pooled
14:21:23.767 [main] DEBUG io.netty.buffer.ByteBufUtil -- -Dio.netty.threadLocalDirectBufferSize: 0
14:21:23.767 [main] DEBUG io.netty.buffer.ByteBufUtil -- -Dio.netty.maxThreadLocalCharBufferSize: 16384
14:21:24.066 [Forwarding newSession on session null to remote] DEBUG io.netty.channel.DefaultChannelId -- -Dio.netty.processId: 106120 (auto-detected)
14:21:24.069 [Forwarding newSession on session null to remote] DEBUG io.netty.util.NetUtil -- -Djava.net.preferIPv4Stack: false
14:21:24.069 [Forwarding newSession on session null to remote] DEBUG io.netty.util.NetUtil -- -Djava.net.preferIPv6Addresses: false
14:21:24.082 [Forwarding newSession on session null to remote] DEBUG io.netty.util.NetUtilInitializations -- Loopback interface: lo (Software Loopback Interface 1, 127.0.0.1)
14:21:24.082 [Forwarding newSession on session null to remote] DEBUG io.netty.util.NetUtil -- Failed to get SOMAXCONN from sysctl and file \proc\sys\net\core\somaxconn. Default: 200
14:21:24.111 [Forwarding newSession on session null to remote] DEBUG io.netty.channel.DefaultChannelId -- -Dio.netty.machineId: 14:13:33:ff:fe:41:79:0d (auto-detected)
14:21:24.160 [AsyncHttpClient-1-2] DEBUG io.netty.buffer.AbstractByteBuf -- -Dio.netty.buffer.checkAccessible: true
14:21:24.160 [AsyncHttpClient-1-2] DEBUG io.netty.buffer.AbstractByteBuf -- -Dio.netty.buffer.checkBounds: true
14:21:24.160 [AsyncHttpClient-1-2] DEBUG io.netty.util.ResourceLeakDetectorFactory -- Loaded default ResourceLeakDetector: io.netty.util.ResourceLeakDetector@1a2f92f8
14:21:24.178 [AsyncHttpClient-1-2] DEBUG org.asynchttpclient.netty.channel.NettyConnectListener -- Using new Channel '[id: 0xdcd0dc54, L:/127.0.0.1:63201 - R:localhost/127.0.0.1:17985]' for 'POST' to '/session'
14:21:24.192 [AsyncHttpClient-1-2] DEBUG io.netty.util.Recycler -- -Dio.netty.recycler.maxCapacityPerThread: 4096
14:21:24.192 [AsyncHttpClient-1-2] DEBUG io.netty.util.Recycler -- -Dio.netty.recycler.ratio: 8
14:21:24.192 [AsyncHttpClient-1-2] DEBUG io.netty.util.Recycler -- -Dio.netty.recycler.chunkSize: 32
14:21:24.192 [AsyncHttpClient-1-2] DEBUG io.netty.util.Recycler -- -Dio.netty.recycler.blocking: false
14:21:24.192 [AsyncHttpClient-1-2] DEBUG io.netty.util.Recycler -- -Dio.netty.recycler.batchFastThreadLocalOnly: true
14:21:25.037 [AsyncHttpClient-1-2] DEBUG io.netty.handler.codec.compression.Brotli -- brotli4j not in the classpath; Brotli support will be unavailable.
14:21:25.037 [AsyncHttpClient-1-2] DEBUG org.asynchttpclient.netty.handler.HttpHandler -- 

Request DefaultHttpRequest(decodeResult: success, version: HTTP/1.1)
POST /session HTTP/1.1
User-Agent: selenium/4.12.0 (java windows)
Content-Length: 254
Content-Type: application/json; charset=utf-8
host: localhost:17985
accept: */*

Response DefaultHttpResponse(decodeResult: success, version: HTTP/1.1)
HTTP/1.1 200 OK
Content-Length: 889
Content-Type: application/json; charset=utf-8
cache-control: no-cache

14:21:25.049 [AsyncHttpClient-1-2] DEBUG org.asynchttpclient.netty.channel.ChannelManager -- Adding key: http://localhost:17985 for channel [id: 0xdcd0dc54, L:/127.0.0.1:63201 - R:localhost/127.0.0.1:17985]
14:21:25.147 [AsyncHttpClient-1-3] DEBUG org.asynchttpclient.netty.channel.NettyConnectListener -- Using new Channel '[id: 0xaa440c28, L:/127.0.0.1:63208 - R:localhost/127.0.0.1:63202]' for 'GET' to '/json/version'
14:21:25.149 [AsyncHttpClient-1-3] DEBUG org.asynchttpclient.netty.handler.HttpHandler -- 

Request DefaultFullHttpRequest(decodeResult: success, version: HTTP/1.1, content: EmptyByteBufBE)
GET /json/version HTTP/1.1
User-Agent: selenium/4.12.0 (java windows)
host: localhost:63202
accept: */*

Response DefaultHttpResponse(decodeResult: success, version: HTTP/1.1)
HTTP/1.1 200 OK
Content-Security-Policy: frame-ancestors 'none'
Content-Length: 424
Content-Type: application/json; charset=UTF-8

14:21:25.149 [AsyncHttpClient-1-3] DEBUG org.asynchttpclient.netty.channel.ChannelManager -- Adding key: http://localhost:63202 for channel [id: 0xaa440c28, L:/127.0.0.1:63208 - R:localhost/127.0.0.1:63202]
14:21:25.161 [main] DEBUG io.netty.util.internal.ThreadLocalRandom -- -Dio.netty.initialSeedUniquifier: 0xd71fabbc5cd5d862
14:21:25.164 [AsyncHttpClient-1-4] DEBUG org.asynchttpclient.netty.channel.NettyConnectListener -- Using new Channel '[id: 0x3370bbb9, L:/127.0.0.1:63209 - R:localhost/127.0.0.1:63202]' for 'GET' to '/devtools/browser/ea36d477-eaf0-4ca2-91eb-852fcd63dfca'
14:21:25.169 [AsyncHttpClient-1-4] DEBUG org.asynchttpclient.netty.handler.WebSocketHandler -- 

Request DefaultFullHttpRequest(decodeResult: success, version: HTTP/1.1, content: EmptyByteBufBE)
GET /devtools/browser/ea36d477-eaf0-4ca2-91eb-852fcd63dfca HTTP/1.1
upgrade: websocket
connection: upgrade
sec-websocket-key: Ezh86xLlxu91bC74BaqoyQ==
sec-websocket-version: 13
origin: http://localhost:63202
host: localhost:63202
accept: */*
user-agent: AHC/2.1

Response DefaultHttpResponse(decodeResult: success, version: HTTP/1.1)
HTTP/1.1 101 WebSocket Protocol Handshake
Upgrade: WebSocket
Connection: Upgrade
Sec-WebSocket-Accept: LhjPaKm+6jfPq96Qbp39wv7CHOM=

14:21:25.216 [Forwarding maximizeCurrentWindow on session a94a2574b5a62b65f163a08f20086b8f to remote] DEBUG org.asynchttpclient.netty.request.NettyRequestSender -- Using pooled Channel '[id: 0xdcd0dc54, L:/127.0.0.1:63201 - R:localhost/127.0.0.1:17985]' for 'POST' to 'http://localhost:17985/session/a94a2574b5a62b65f163a08f20086b8f/window/maximize'
14:21:25.216 [Forwarding maximizeCurrentWindow on session a94a2574b5a62b65f163a08f20086b8f to remote] DEBUG org.asynchttpclient.netty.request.NettyRequestSender -- Using open Channel [id: 0xdcd0dc54, L:/127.0.0.1:63201 - R:localhost/127.0.0.1:17985] for POST '/session/a94a2574b5a62b65f163a08f20086b8f/window/maximize'
14:21:25.256 [AsyncHttpClient-1-2] DEBUG org.asynchttpclient.netty.handler.HttpHandler -- 

Request DefaultHttpRequest(decodeResult: success, version: HTTP/1.1)
POST /session/a94a2574b5a62b65f163a08f20086b8f/window/maximize HTTP/1.1
User-Agent: selenium/4.12.0 (java windows)
Content-Length: 3
Content-Type: application/json; charset=utf-8
host: localhost:17985
accept: */*

Response DefaultHttpResponse(decodeResult: success, version: HTTP/1.1)
HTTP/1.1 200 OK
Content-Length: 51
Content-Type: application/json; charset=utf-8
cache-control: no-cache

14:21:25.257 [AsyncHttpClient-1-2] DEBUG org.asynchttpclient.netty.channel.ChannelManager -- Adding key: http://localhost:17985 for channel [id: 0xdcd0dc54, L:/127.0.0.1:63201 - R:localhost/127.0.0.1:17985]
14:21:25.260 [Forwarding get on session a94a2574b5a62b65f163a08f20086b8f to remote] DEBUG org.asynchttpclient.netty.request.NettyRequestSender -- Using pooled Channel '[id: 0xdcd0dc54, L:/127.0.0.1:63201 - R:localhost/127.0.0.1:17985]' for 'POST' to 'http://localhost:17985/session/a94a2574b5a62b65f163a08f20086b8f/url'
14:21:25.260 [Forwarding get on session a94a2574b5a62b65f163a08f20086b8f to remote] DEBUG org.asynchttpclient.netty.request.NettyRequestSender -- Using open Channel [id: 0xdcd0dc54, L:/127.0.0.1:63201 - R:localhost/127.0.0.1:17985] for POST '/session/a94a2574b5a62b65f163a08f20086b8f/url'
14:21:25.724 [AsyncHttpClient-1-1] DEBUG org.asynchttpclient.netty.channel.DefaultChannelPool -- Entry count for : http://localhost:63202 : 1
14:21:26.658 [AsyncHttpClient-1-2] DEBUG org.asynchttpclient.netty.handler.HttpHandler -- 

Request DefaultHttpRequest(decodeResult: success, version: HTTP/1.1)
POST /session/a94a2574b5a62b65f163a08f20086b8f/url HTTP/1.1
User-Agent: selenium/4.12.0 (java windows)
Content-Length: 58
Content-Type: application/json; charset=utf-8
host: localhost:17985
accept: */*

Response DefaultHttpResponse(decodeResult: success, version: HTTP/1.1)
HTTP/1.1 200 OK
Content-Length: 14
Content-Type: application/json; charset=utf-8
cache-control: no-cache

14:21:26.658 [AsyncHttpClient-1-2] DEBUG org.asynchttpclient.netty.channel.ChannelManager -- Adding key: http://localhost:17985 for channel [id: 0xdcd0dc54, L:/127.0.0.1:63201 - R:localhost/127.0.0.1:17985]
14:21:26.666 [Forwarding findElements on session a94a2574b5a62b65f163a08f20086b8f to remote] DEBUG org.asynchttpclient.netty.request.NettyRequestSender -- Using pooled Channel '[id: 0xdcd0dc54, L:/127.0.0.1:63201 - R:localhost/127.0.0.1:17985]' for 'POST' to 'http://localhost:17985/session/a94a2574b5a62b65f163a08f20086b8f/elements'
14:21:26.666 [Forwarding findElements on session a94a2574b5a62b65f163a08f20086b8f to remote] DEBUG org.asynchttpclient.netty.request.NettyRequestSender -- Using open Channel [id: 0xdcd0dc54, L:/127.0.0.1:63201 - R:localhost/127.0.0.1:17985] for POST '/session/a94a2574b5a62b65f163a08f20086b8f/elements'
14:21:26.689 [AsyncHttpClient-1-2] DEBUG org.asynchttpclient.netty.handler.HttpHandler -- 

Request DefaultHttpRequest(decodeResult: success, version: HTTP/1.1)
POST /session/a94a2574b5a62b65f163a08f20086b8f/elements HTTP/1.1
User-Agent: selenium/4.12.0 (java windows)
Content-Length: 41
Content-Type: application/json; charset=utf-8
host: localhost:17985
accept: */*

Response DefaultHttpResponse(decodeResult: success, version: HTTP/1.1)
HTTP/1.1 200 OK
Content-Length: 478
Content-Type: application/json; charset=utf-8
cache-control: no-cache

14:21:26.689 [AsyncHttpClient-1-2] DEBUG org.asynchttpclient.netty.channel.ChannelManager -- Adding key: http://localhost:17985 for channel [id: 0xdcd0dc54, L:/127.0.0.1:63201 - R:localhost/127.0.0.1:17985]
14:21:26.707 [Forwarding isElementDisplayed on session a94a2574b5a62b65f163a08f20086b8f to remote] DEBUG org.asynchttpclient.netty.request.NettyRequestSender -- Using pooled Channel '[id: 0xdcd0dc54, L:/127.0.0.1:63201 - R:localhost/127.0.0.1:17985]' for 'POST' to 'http://localhost:17985/session/a94a2574b5a62b65f163a08f20086b8f/execute/sync'
14:21:26.707 [Forwarding isElementDisplayed on session a94a2574b5a62b65f163a08f20086b8f to remote] DEBUG org.asynchttpclient.netty.request.NettyRequestSender -- Using open Channel [id: 0xdcd0dc54, L:/127.0.0.1:63201 - R:localhost/127.0.0.1:17985] for POST '/session/a94a2574b5a62b65f163a08f20086b8f/execute/sync'
14:21:26.725 [AsyncHttpClient-1-2] DEBUG org.asynchttpclient.netty.handler.HttpHandler -- 

Request DefaultHttpRequest(decodeResult: success, version: HTTP/1.1)
POST /session/a94a2574b5a62b65f163a08f20086b8f/execute/sync HTTP/1.1
User-Agent: selenium/4.12.0 (java windows)
Content-Length: 48733
Content-Type: application/json; charset=utf-8
host: localhost:17985
accept: */*

Response DefaultHttpResponse(decodeResult: success, version: HTTP/1.1)
HTTP/1.1 200 OK
Content-Length: 14
Content-Type: application/json; charset=utf-8
cache-control: no-cache

14:21:26.725 [AsyncHttpClient-1-2] DEBUG org.asynchttpclient.netty.channel.ChannelManager -- Adding key: http://localhost:17985 for channel [id: 0xdcd0dc54, L:/127.0.0.1:63201 - R:localhost/127.0.0.1:17985]
14:21:26.726 [Forwarding getElementText on session a94a2574b5a62b65f163a08f20086b8f to remote] DEBUG org.asynchttpclient.netty.request.NettyRequestSender -- Using pooled Channel '[id: 0xdcd0dc54, L:/127.0.0.1:63201 - R:localhost/127.0.0.1:17985]' for 'GET' to 'http://localhost:17985/session/a94a2574b5a62b65f163a08f20086b8f/element/f.4C2E2AE0F29B7BD33AF14E29C0DBC3C3.d.6B55DD4E1EB4CF1FFF22058501E8247A.e.9/text'
14:21:26.726 [Forwarding getElementText on session a94a2574b5a62b65f163a08f20086b8f to remote] DEBUG org.asynchttpclient.netty.request.NettyRequestSender -- Using open Channel [id: 0xdcd0dc54, L:/127.0.0.1:63201 - R:localhost/127.0.0.1:17985] for GET '/session/a94a2574b5a62b65f163a08f20086b8f/element/f.4C2E2AE0F29B7BD33AF14E29C0DBC3C3.d.6B55DD4E1EB4CF1FFF22058501E8247A.e.9/text'
14:21:26.747 [AsyncHttpClient-1-2] DEBUG org.asynchttpclient.netty.handler.HttpHandler -- 

Request DefaultFullHttpRequest(decodeResult: success, version: HTTP/1.1, content: EmptyByteBufBE)
GET /session/a94a2574b5a62b65f163a08f20086b8f/element/f.4C2E2AE0F29B7BD33AF14E29C0DBC3C3.d.6B55DD4E1EB4CF1FFF22058501E8247A.e.9/text HTTP/1.1
Cache-Control: no-cache
User-Agent: selenium/4.12.0 (java windows)
Content-Type: application/json; charset=utf-8
host: localhost:17985
accept: */*

Response DefaultHttpResponse(decodeResult: success, version: HTTP/1.1)
HTTP/1.1 200 OK
Content-Length: 24
Content-Type: application/json; charset=utf-8
cache-control: no-cache

14:21:26.747 [AsyncHttpClient-1-2] DEBUG org.asynchttpclient.netty.channel.ChannelManager -- Adding key: http://localhost:17985 for channel [id: 0xdcd0dc54, L:/127.0.0.1:63201 - R:localhost/127.0.0.1:17985]
14:21:26.750 [Forwarding isElementDisplayed on session a94a2574b5a62b65f163a08f20086b8f to remote] DEBUG org.asynchttpclient.netty.request.NettyRequestSender -- Using pooled Channel '[id: 0xdcd0dc54, L:/127.0.0.1:63201 - R:localhost/127.0.0.1:17985]' for 'POST' to 'http://localhost:17985/session/a94a2574b5a62b65f163a08f20086b8f/execute/sync'
14:21:26.750 [Forwarding isElementDisplayed on session a94a2574b5a62b65f163a08f20086b8f to remote] DEBUG org.asynchttpclient.netty.request.NettyRequestSender -- Using open Channel [id: 0xdcd0dc54, L:/127.0.0.1:63201 - R:localhost/127.0.0.1:17985] for POST '/session/a94a2574b5a62b65f163a08f20086b8f/execute/sync'
14:21:26.764 [AsyncHttpClient-1-2] DEBUG org.asynchttpclient.netty.handler.HttpHandler -- 

Request DefaultHttpRequest(decodeResult: success, version: HTTP/1.1)
POST /session/a94a2574b5a62b65f163a08f20086b8f/execute/sync HTTP/1.1
User-Agent: selenium/4.12.0 (java windows)
Content-Length: 48734
Content-Type: application/json; charset=utf-8
host: localhost:17985
accept: */*

Response DefaultHttpResponse(decodeResult: success, version: HTTP/1.1)
HTTP/1.1 200 OK
Content-Length: 14
Content-Type: application/json; charset=utf-8
cache-control: no-cache

14:21:26.764 [AsyncHttpClient-1-2] DEBUG org.asynchttpclient.netty.channel.ChannelManager -- Adding key: http://localhost:17985 for channel [id: 0xdcd0dc54, L:/127.0.0.1:63201 - R:localhost/127.0.0.1:17985]
14:21:26.766 [Forwarding getElementText on session a94a2574b5a62b65f163a08f20086b8f to remote] DEBUG org.asynchttpclient.netty.request.NettyRequestSender -- Using pooled Channel '[id: 0xdcd0dc54, L:/127.0.0.1:63201 - R:localhost/127.0.0.1:17985]' for 'GET' to 'http://localhost:17985/session/a94a2574b5a62b65f163a08f20086b8f/element/f.4C2E2AE0F29B7BD33AF14E29C0DBC3C3.d.6B55DD4E1EB4CF1FFF22058501E8247A.e.21/text'
14:21:26.766 [Forwarding getElementText on session a94a2574b5a62b65f163a08f20086b8f to remote] DEBUG org.asynchttpclient.netty.request.NettyRequestSender -- Using open Channel [id: 0xdcd0dc54, L:/127.0.0.1:63201 - R:localhost/127.0.0.1:17985] for GET '/session/a94a2574b5a62b65f163a08f20086b8f/element/f.4C2E2AE0F29B7BD33AF14E29C0DBC3C3.d.6B55DD4E1EB4CF1FFF22058501E8247A.e.21/text'
14:21:26.775 [AsyncHttpClient-1-2] DEBUG org.asynchttpclient.netty.handler.HttpHandler -- 

Request DefaultFullHttpRequest(decodeResult: success, version: HTTP/1.1, content: EmptyByteBufBE)
GET /session/a94a2574b5a62b65f163a08f20086b8f/element/f.4C2E2AE0F29B7BD33AF14E29C0DBC3C3.d.6B55DD4E1EB4CF1FFF22058501E8247A.e.21/text HTTP/1.1
Cache-Control: no-cache
User-Agent: selenium/4.12.0 (java windows)
Content-Type: application/json; charset=utf-8
host: localhost:17985
accept: */*

Response DefaultHttpResponse(decodeResult: success, version: HTTP/1.1)
HTTP/1.1 200 OK
Content-Length: 20
Content-Type: application/json; charset=utf-8
cache-control: no-cache

14:21:26.775 [AsyncHttpClient-1-2] DEBUG org.asynchttpclient.netty.channel.ChannelManager -- Adding key: http://localhost:17985 for channel [id: 0xdcd0dc54, L:/127.0.0.1:63201 - R:localhost/127.0.0.1:17985]
14:21:26.777 [Forwarding isElementDisplayed on session a94a2574b5a62b65f163a08f20086b8f to remote] DEBUG org.asynchttpclient.netty.request.NettyRequestSender -- Using pooled Channel '[id: 0xdcd0dc54, L:/127.0.0.1:63201 - R:localhost/127.0.0.1:17985]' for 'POST' to 'http://localhost:17985/session/a94a2574b5a62b65f163a08f20086b8f/execute/sync'
14:21:26.778 [Forwarding isElementDisplayed on session a94a2574b5a62b65f163a08f20086b8f to remote] DEBUG org.asynchttpclient.netty.request.NettyRequestSender -- Using open Channel [id: 0xdcd0dc54, L:/127.0.0.1:63201 - R:localhost/127.0.0.1:17985] for POST '/session/a94a2574b5a62b65f163a08f20086b8f/execute/sync'
14:21:26.787 [AsyncHttpClient-1-2] DEBUG org.asynchttpclient.netty.handler.HttpHandler -- 

Request DefaultHttpRequest(decodeResult: success, version: HTTP/1.1)
POST /session/a94a2574b5a62b65f163a08f20086b8f/execute/sync HTTP/1.1
User-Agent: selenium/4.12.0 (java windows)
Content-Length: 48734
Content-Type: application/json; charset=utf-8
host: localhost:17985
accept: */*

Response DefaultHttpResponse(decodeResult: success, version: HTTP/1.1)
HTTP/1.1 200 OK
Content-Length: 14
Content-Type: application/json; charset=utf-8
cache-control: no-cache

14:21:26.787 [AsyncHttpClient-1-2] DEBUG org.asynchttpclient.netty.channel.ChannelManager -- Adding key: http://localhost:17985 for channel [id: 0xdcd0dc54, L:/127.0.0.1:63201 - R:localhost/127.0.0.1:17985]
14:21:26.788 [Forwarding getElementText on session a94a2574b5a62b65f163a08f20086b8f to remote] DEBUG org.asynchttpclient.netty.request.NettyRequestSender -- Using pooled Channel '[id: 0xdcd0dc54, L:/127.0.0.1:63201 - R:localhost/127.0.0.1:17985]' for 'GET' to 'http://localhost:17985/session/a94a2574b5a62b65f163a08f20086b8f/element/f.4C2E2AE0F29B7BD33AF14E29C0DBC3C3.d.6B55DD4E1EB4CF1FFF22058501E8247A.e.22/text'
14:21:26.788 [Forwarding getElementText on session a94a2574b5a62b65f163a08f20086b8f to remote] DEBUG org.asynchttpclient.netty.request.NettyRequestSender -- Using open Channel [id: 0xdcd0dc54, L:/127.0.0.1:63201 - R:localhost/127.0.0.1:17985] for GET '/session/a94a2574b5a62b65f163a08f20086b8f/element/f.4C2E2AE0F29B7BD33AF14E29C0DBC3C3.d.6B55DD4E1EB4CF1FFF22058501E8247A.e.22/text'
14:21:26.798 [AsyncHttpClient-1-2] DEBUG org.asynchttpclient.netty.handler.HttpHandler -- 

Request DefaultFullHttpRequest(decodeResult: success, version: HTTP/1.1, content: EmptyByteBufBE)
GET /session/a94a2574b5a62b65f163a08f20086b8f/element/f.4C2E2AE0F29B7BD33AF14E29C0DBC3C3.d.6B55DD4E1EB4CF1FFF22058501E8247A.e.22/text HTTP/1.1
Cache-Control: no-cache
User-Agent: selenium/4.12.0 (java windows)
Content-Type: application/json; charset=utf-8
host: localhost:17985
accept: */*

Response DefaultHttpResponse(decodeResult: success, version: HTTP/1.1)
HTTP/1.1 200 OK
Content-Length: 12
Content-Type: application/json; charset=utf-8
cache-control: no-cache

14:21:26.798 [AsyncHttpClient-1-2] DEBUG org.asynchttpclient.netty.channel.ChannelManager -- Adding key: http://localhost:17985 for channel [id: 0xdcd0dc54, L:/127.0.0.1:63201 - R:localhost/127.0.0.1:17985]
14:21:26.800 [Forwarding isElementDisplayed on session a94a2574b5a62b65f163a08f20086b8f to remote] DEBUG org.asynchttpclient.netty.request.NettyRequestSender -- Using pooled Channel '[id: 0xdcd0dc54, L:/127.0.0.1:63201 - R:localhost/127.0.0.1:17985]' for 'POST' to 'http://localhost:17985/session/a94a2574b5a62b65f163a08f20086b8f/execute/sync'
14:21:26.800 [Forwarding isElementDisplayed on session a94a2574b5a62b65f163a08f20086b8f to remote] DEBUG org.asynchttpclient.netty.request.NettyRequestSender -- Using open Channel [id: 0xdcd0dc54, L:/127.0.0.1:63201 - R:localhost/127.0.0.1:17985] for POST '/session/a94a2574b5a62b65f163a08f20086b8f/execute/sync'
14:21:26.811 [AsyncHttpClient-1-2] DEBUG org.asynchttpclient.netty.handler.HttpHandler -- 

Request DefaultHttpRequest(decodeResult: success, version: HTTP/1.1)
POST /session/a94a2574b5a62b65f163a08f20086b8f/execute/sync HTTP/1.1
User-Agent: selenium/4.12.0 (java windows)
Content-Length: 48734
Content-Type: application/json; charset=utf-8
host: localhost:17985
accept: */*

Response DefaultHttpResponse(decodeResult: success, version: HTTP/1.1)
HTTP/1.1 200 OK
Content-Length: 14
Content-Type: application/json; charset=utf-8
cache-control: no-cache

14:21:26.811 [AsyncHttpClient-1-2] DEBUG org.asynchttpclient.netty.channel.ChannelManager -- Adding key: http://localhost:17985 for channel [id: 0xdcd0dc54, L:/127.0.0.1:63201 - R:localhost/127.0.0.1:17985]
14:21:26.812 [Forwarding getElementText on session a94a2574b5a62b65f163a08f20086b8f to remote] DEBUG org.asynchttpclient.netty.request.NettyRequestSender -- Using pooled Channel '[id: 0xdcd0dc54, L:/127.0.0.1:63201 - R:localhost/127.0.0.1:17985]' for 'GET' to 'http://localhost:17985/session/a94a2574b5a62b65f163a08f20086b8f/element/f.4C2E2AE0F29B7BD33AF14E29C0DBC3C3.d.6B55DD4E1EB4CF1FFF22058501E8247A.e.23/text'
14:21:26.812 [Forwarding getElementText on session a94a2574b5a62b65f163a08f20086b8f to remote] DEBUG org.asynchttpclient.netty.request.NettyRequestSender -- Using open Channel [id: 0xdcd0dc54, L:/127.0.0.1:63201 - R:localhost/127.0.0.1:17985] for GET '/session/a94a2574b5a62b65f163a08f20086b8f/element/f.4C2E2AE0F29B7BD33AF14E29C0DBC3C3.d.6B55DD4E1EB4CF1FFF22058501E8247A.e.23/text'
14:21:26.823 [AsyncHttpClient-1-2] DEBUG org.asynchttpclient.netty.handler.HttpHandler -- 

Request DefaultFullHttpRequest(decodeResult: success, version: HTTP/1.1, content: EmptyByteBufBE)
GET /session/a94a2574b5a62b65f163a08f20086b8f/element/f.4C2E2AE0F29B7BD33AF14E29C0DBC3C3.d.6B55DD4E1EB4CF1FFF22058501E8247A.e.23/text HTTP/1.1
Cache-Control: no-cache
User-Agent: selenium/4.12.0 (java windows)
Content-Type: application/json; charset=utf-8
host: localhost:17985
accept: */*

Response DefaultHttpResponse(decodeResult: success, version: HTTP/1.1)
HTTP/1.1 200 OK
Content-Length: 12
Content-Type: application/json; charset=utf-8
cache-control: no-cache

14:21:26.823 [AsyncHttpClient-1-2] DEBUG org.asynchttpclient.netty.channel.ChannelManager -- Adding key: http://localhost:17985 for channel [id: 0xdcd0dc54, L:/127.0.0.1:63201 - R:localhost/127.0.0.1:17985]
14:21:26.825 [AsyncHttpClient-1-1] DEBUG org.asynchttpclient.netty.channel.DefaultChannelPool -- Entry count for : http://localhost:63202 : 1
14:21:26.825 [AsyncHttpClient-1-1] DEBUG org.asynchttpclient.netty.channel.DefaultChannelPool -- Entry count for : http://localhost:17985 : 1
]]></system-out>
    <system-err><![CDATA[Jan 02, 2025 2:21:25 PM org.openqa.selenium.devtools.CdpVersionFinder findNearestMatch
WARNING: Unable to find CDP implementation matching 131
Jan 02, 2025 2:21:25 PM org.openqa.selenium.chromium.ChromiumDriver lambda$new$5
WARNING: Unable to find version of CDP to use for 131.0.6778.205. You may need to include a dependency on a specific version of the CDP using something similar to `org.seleniumhq.selenium:selenium-devtools-v86:4.12.0` where the version ("v86") matches the version of the chromium-based browser you're using and the version number of the artifact is the same as Selenium's.
]]></system-err>
  </testcase>
  <testcase name="testBrokenLinksOnHomepage" classname="UITestCases.BuggyCarsUITests" time="0.13">
    <system-out><![CDATA[14:21:26.830 [Driver Command Executor] DEBUG org.asynchttpclient.netty.request.NettyRequestSender -- Using pooled Channel '[id: 0xdcd0dc54, L:/127.0.0.1:63201 - R:localhost/127.0.0.1:17985]' for 'DELETE' to 'http://localhost:17985/session/a94a2574b5a62b65f163a08f20086b8f'
14:21:26.830 [Driver Command Executor] DEBUG org.asynchttpclient.netty.request.NettyRequestSender -- Using open Channel [id: 0xdcd0dc54, L:/127.0.0.1:63201 - R:localhost/127.0.0.1:17985] for DELETE '/session/a94a2574b5a62b65f163a08f20086b8f'
14:21:26.833 [AsyncHttpClient-1-4] DEBUG org.asynchttpclient.netty.handler.WebSocketHandler -- Channel Closed: [id: 0x3370bbb9, L:/127.0.0.1:63209 ! R:localhost/127.0.0.1:63202] with attribute DISCARD
14:21:26.883 [AsyncHttpClient-1-3] DEBUG org.asynchttpclient.netty.handler.HttpHandler -- Unexpected I/O exception on channel [id: 0xaa440c28, L:/127.0.0.1:63208 - R:localhost/127.0.0.1:63202]
java.net.SocketException: Connection reset
	at java.base/sun.nio.ch.SocketChannelImpl.throwConnectionReset(SocketChannelImpl.java:394)
	at java.base/sun.nio.ch.SocketChannelImpl.read(SocketChannelImpl.java:426)
	at io.netty.buffer.PooledByteBuf.setBytes(PooledByteBuf.java:254)
	at io.netty.buffer.AbstractByteBuf.writeBytes(AbstractByteBuf.java:1132)
	at io.netty.channel.socket.nio.NioSocketChannel.doReadBytes(NioSocketChannel.java:357)
	at io.netty.channel.nio.AbstractNioByteChannel$NioByteUnsafe.read(AbstractNioByteChannel.java:151)
	at io.netty.channel.nio.NioEventLoop.processSelectedKey(NioEventLoop.java:788)
	at io.netty.channel.nio.NioEventLoop.processSelectedKeysOptimized(NioEventLoop.java:724)
	at io.netty.channel.nio.NioEventLoop.processSelectedKeys(NioEventLoop.java:650)
	at io.netty.channel.nio.NioEventLoop.run(NioEventLoop.java:562)
	at io.netty.util.concurrent.SingleThreadEventExecutor$4.run(SingleThreadEventExecutor.java:997)
	at io.netty.util.internal.ThreadExecutorMap$2.run(ThreadExecutorMap.java:74)
	at io.netty.util.concurrent.FastThreadLocalRunnable.run(FastThreadLocalRunnable.java:30)
	at java.base/java.lang.Thread.run(Thread.java:842)
14:21:26.887 [AsyncHttpClient-1-3] DEBUG org.asynchttpclient.netty.channel.ChannelManager -- Closing Channel [id: 0xaa440c28, L:/127.0.0.1:63208 - R:localhost/127.0.0.1:63202] 
14:21:26.890 [AsyncHttpClient-1-3] DEBUG org.asynchttpclient.netty.handler.HttpHandler -- Channel Closed: [id: 0xaa440c28, L:/127.0.0.1:63208 ! R:localhost/127.0.0.1:63202] with attribute DISCARD
14:21:26.912 [AsyncHttpClient-1-2] DEBUG org.asynchttpclient.netty.handler.HttpHandler -- 

Request DefaultFullHttpRequest(decodeResult: success, version: HTTP/1.1, content: EmptyByteBufBE)
DELETE /session/a94a2574b5a62b65f163a08f20086b8f HTTP/1.1
User-Agent: selenium/4.12.0 (java windows)
Content-Type: application/json; charset=utf-8
host: localhost:17985
accept: */*

Response DefaultHttpResponse(decodeResult: success, version: HTTP/1.1)
HTTP/1.1 200 OK
Content-Length: 14
Content-Type: application/json; charset=utf-8
cache-control: no-cache

14:21:26.913 [AsyncHttpClient-1-2] DEBUG org.asynchttpclient.netty.channel.ChannelManager -- Adding key: http://localhost:17985 for channel [id: 0xdcd0dc54, L:/127.0.0.1:63201 - R:localhost/127.0.0.1:17985]
14:21:27.105 [AsyncHttpClient-1-2] DEBUG org.asynchttpclient.netty.handler.HttpHandler -- Channel Closed: [id: 0xdcd0dc54, L:/127.0.0.1:63201 ! R:localhost/127.0.0.1:17985] with attribute DISCARD
14:21:27.200 [main] DEBUG io.github.bonigarcia.wdm.WebDriverManager -- Using WebDriverManager 5.5.3
14:21:27.215 [main] DEBUG io.github.bonigarcia.wdm.cache.ResolutionCache -- Resolution chrome=131 in cache (valid until 15:21:23 02/01/2025 IST)
14:21:27.216 [main] DEBUG io.github.bonigarcia.wdm.cache.ResolutionCache -- Resolution chrome131=131.0.6778.204 in cache (valid until 14:21:23 03/01/2025 IST)
14:21:27.216 [main] INFO io.github.bonigarcia.wdm.WebDriverManager -- Using chromedriver 131.0.6778.204 (resolved driver for Chrome 131)
14:21:27.221 [main] DEBUG io.github.bonigarcia.wdm.WebDriverManager -- Driver chromedriver 131.0.6778.204 found in cache
14:21:27.222 [main] INFO io.github.bonigarcia.wdm.WebDriverManager -- Exporting webdriver.chrome.driver as C:\Users\sasitharan\.cache\selenium\chromedriver\win64\131.0.6778.204\chromedriver.exe
14:21:27.326 [AsyncHttpClient-1-5] DEBUG org.asynchttpclient.netty.channel.NettyConnectListener -- Using new Channel '[id: 0x4c4aa4d8, L:/127.0.0.1:63220 - R:localhost/127.0.0.1:43791]' for 'POST' to '/session'
14:21:27.938 [AsyncHttpClient-1-1] DEBUG org.asynchttpclient.netty.channel.DefaultChannelPool -- Entry count for : http://localhost:63202 : 1
14:21:27.939 [AsyncHttpClient-1-1] DEBUG org.asynchttpclient.netty.channel.DefaultChannelPool -- Entry count for : http://localhost:17985 : 1
14:21:27.940 [AsyncHttpClient-1-1] DEBUG org.asynchttpclient.netty.channel.DefaultChannelPool -- Adding Candidate expired Channel [id: 0xaa440c28, L:/127.0.0.1:63208 ! R:localhost/127.0.0.1:63202] isIdleTimeoutExpired=false isRemotelyClosed=true isTtlExpired=false
14:21:27.941 [AsyncHttpClient-1-1] DEBUG org.asynchttpclient.netty.channel.DefaultChannelPool -- Closing Idle Channel [id: 0xaa440c28, L:/127.0.0.1:63208 ! R:localhost/127.0.0.1:63202]
14:21:27.944 [AsyncHttpClient-1-1] DEBUG org.asynchttpclient.netty.channel.DefaultChannelPool -- Adding Candidate expired Channel [id: 0xdcd0dc54, L:/127.0.0.1:63201 ! R:localhost/127.0.0.1:17985] isIdleTimeoutExpired=false isRemotelyClosed=true isTtlExpired=false
14:21:27.944 [AsyncHttpClient-1-1] DEBUG org.asynchttpclient.netty.channel.DefaultChannelPool -- Closing Idle Channel [id: 0xdcd0dc54, L:/127.0.0.1:63201 ! R:localhost/127.0.0.1:17985]
14:21:27.944 [AsyncHttpClient-1-1] DEBUG org.asynchttpclient.netty.channel.DefaultChannelPool -- Closed 2 connections out of 2 in 4 ms
14:21:28.145 [AsyncHttpClient-1-5] DEBUG org.asynchttpclient.netty.handler.HttpHandler -- 

Request DefaultHttpRequest(decodeResult: success, version: HTTP/1.1)
POST /session HTTP/1.1
User-Agent: selenium/4.12.0 (java windows)
Content-Length: 254
Content-Type: application/json; charset=utf-8
host: localhost:43791
accept: */*

Response DefaultHttpResponse(decodeResult: success, version: HTTP/1.1)
HTTP/1.1 200 OK
Content-Length: 889
Content-Type: application/json; charset=utf-8
cache-control: no-cache

14:21:28.146 [AsyncHttpClient-1-5] DEBUG org.asynchttpclient.netty.channel.ChannelManager -- Adding key: http://localhost:43791 for channel [id: 0x4c4aa4d8, L:/127.0.0.1:63220 - R:localhost/127.0.0.1:43791]
14:21:28.155 [AsyncHttpClient-1-6] DEBUG org.asynchttpclient.netty.channel.NettyConnectListener -- Using new Channel '[id: 0x17b43846, L:/127.0.0.1:55165 - R:localhost/127.0.0.1:55159]' for 'GET' to '/json/version'
14:21:28.158 [AsyncHttpClient-1-6] DEBUG org.asynchttpclient.netty.handler.HttpHandler -- 

Request DefaultFullHttpRequest(decodeResult: success, version: HTTP/1.1, content: EmptyByteBufBE)
GET /json/version HTTP/1.1
User-Agent: selenium/4.12.0 (java windows)
host: localhost:55159
accept: */*

Response DefaultHttpResponse(decodeResult: success, version: HTTP/1.1)
HTTP/1.1 200 OK
Content-Security-Policy: frame-ancestors 'none'
Content-Length: 424
Content-Type: application/json; charset=UTF-8

14:21:28.158 [AsyncHttpClient-1-6] DEBUG org.asynchttpclient.netty.channel.ChannelManager -- Adding key: http://localhost:55159 for channel [id: 0x17b43846, L:/127.0.0.1:55165 - R:localhost/127.0.0.1:55159]
14:21:28.162 [AsyncHttpClient-1-7] DEBUG org.asynchttpclient.netty.channel.NettyConnectListener -- Using new Channel '[id: 0xed29e394, L:/127.0.0.1:55166 - R:localhost/127.0.0.1:55159]' for 'GET' to '/devtools/browser/ec92a1ef-5b57-45ec-9368-c8cad3d28ca0'
14:21:28.164 [AsyncHttpClient-1-7] DEBUG org.asynchttpclient.netty.handler.WebSocketHandler -- 

Request DefaultFullHttpRequest(decodeResult: success, version: HTTP/1.1, content: EmptyByteBufBE)
GET /devtools/browser/ec92a1ef-5b57-45ec-9368-c8cad3d28ca0 HTTP/1.1
upgrade: websocket
connection: upgrade
sec-websocket-key: PESFB4I8HpXOWTfT9f7Naw==
sec-websocket-version: 13
origin: http://localhost:55159
host: localhost:55159
accept: */*
user-agent: AHC/2.1

Response DefaultHttpResponse(decodeResult: success, version: HTTP/1.1)
HTTP/1.1 101 WebSocket Protocol Handshake
Upgrade: WebSocket
Connection: Upgrade
Sec-WebSocket-Accept: /zHJrtaRL8Ehv6TrpACYaCRcAeQ=

14:21:28.171 [Forwarding maximizeCurrentWindow on session 3b9f43852e56a32cc4c2316029b43403 to remote] DEBUG org.asynchttpclient.netty.request.NettyRequestSender -- Using pooled Channel '[id: 0x4c4aa4d8, L:/127.0.0.1:63220 - R:localhost/127.0.0.1:43791]' for 'POST' to 'http://localhost:43791/session/3b9f43852e56a32cc4c2316029b43403/window/maximize'
14:21:28.171 [Forwarding maximizeCurrentWindow on session 3b9f43852e56a32cc4c2316029b43403 to remote] DEBUG org.asynchttpclient.netty.request.NettyRequestSender -- Using open Channel [id: 0x4c4aa4d8, L:/127.0.0.1:63220 - R:localhost/127.0.0.1:43791] for POST '/session/3b9f43852e56a32cc4c2316029b43403/window/maximize'
14:21:28.226 [AsyncHttpClient-1-5] DEBUG org.asynchttpclient.netty.handler.HttpHandler -- 

Request DefaultHttpRequest(decodeResult: success, version: HTTP/1.1)
POST /session/3b9f43852e56a32cc4c2316029b43403/window/maximize HTTP/1.1
User-Agent: selenium/4.12.0 (java windows)
Content-Length: 3
Content-Type: application/json; charset=utf-8
host: localhost:43791
accept: */*

Response DefaultHttpResponse(decodeResult: success, version: HTTP/1.1)
HTTP/1.1 200 OK
Content-Length: 51
Content-Type: application/json; charset=utf-8
cache-control: no-cache

14:21:28.226 [AsyncHttpClient-1-5] DEBUG org.asynchttpclient.netty.channel.ChannelManager -- Adding key: http://localhost:43791 for channel [id: 0x4c4aa4d8, L:/127.0.0.1:63220 - R:localhost/127.0.0.1:43791]
14:21:28.227 [Forwarding get on session 3b9f43852e56a32cc4c2316029b43403 to remote] DEBUG org.asynchttpclient.netty.request.NettyRequestSender -- Using pooled Channel '[id: 0x4c4aa4d8, L:/127.0.0.1:63220 - R:localhost/127.0.0.1:43791]' for 'POST' to 'http://localhost:43791/session/3b9f43852e56a32cc4c2316029b43403/url'
14:21:28.228 [Forwarding get on session 3b9f43852e56a32cc4c2316029b43403 to remote] DEBUG org.asynchttpclient.netty.request.NettyRequestSender -- Using open Channel [id: 0x4c4aa4d8, L:/127.0.0.1:63220 - R:localhost/127.0.0.1:43791] for POST '/session/3b9f43852e56a32cc4c2316029b43403/url'
14:21:28.985 [AsyncHttpClient-1-5] DEBUG org.asynchttpclient.netty.handler.HttpHandler -- 

Request DefaultHttpRequest(decodeResult: success, version: HTTP/1.1)
POST /session/3b9f43852e56a32cc4c2316029b43403/url HTTP/1.1
User-Agent: selenium/4.12.0 (java windows)
Content-Length: 58
Content-Type: application/json; charset=utf-8
host: localhost:43791
accept: */*

Response DefaultHttpResponse(decodeResult: success, version: HTTP/1.1)
HTTP/1.1 200 OK
Content-Length: 14
Content-Type: application/json; charset=utf-8
cache-control: no-cache

14:21:28.985 [AsyncHttpClient-1-5] DEBUG org.asynchttpclient.netty.channel.ChannelManager -- Adding key: http://localhost:43791 for channel [id: 0x4c4aa4d8, L:/127.0.0.1:63220 - R:localhost/127.0.0.1:43791]
14:21:28.990 [Forwarding findElements on session 3b9f43852e56a32cc4c2316029b43403 to remote] DEBUG org.asynchttpclient.netty.request.NettyRequestSender -- Using pooled Channel '[id: 0x4c4aa4d8, L:/127.0.0.1:63220 - R:localhost/127.0.0.1:43791]' for 'POST' to 'http://localhost:43791/session/3b9f43852e56a32cc4c2316029b43403/elements'
14:21:28.990 [Forwarding findElements on session 3b9f43852e56a32cc4c2316029b43403 to remote] DEBUG org.asynchttpclient.netty.request.NettyRequestSender -- Using open Channel [id: 0x4c4aa4d8, L:/127.0.0.1:63220 - R:localhost/127.0.0.1:43791] for POST '/session/3b9f43852e56a32cc4c2316029b43403/elements'
14:21:29.008 [AsyncHttpClient-1-5] DEBUG org.asynchttpclient.netty.handler.HttpHandler -- 

Request DefaultHttpRequest(decodeResult: success, version: HTTP/1.1)
POST /session/3b9f43852e56a32cc4c2316029b43403/elements HTTP/1.1
User-Agent: selenium/4.12.0 (java windows)
Content-Length: 41
Content-Type: application/json; charset=utf-8
host: localhost:43791
accept: */*

Response DefaultHttpResponse(decodeResult: success, version: HTTP/1.1)
HTTP/1.1 200 OK
Content-Length: 478
Content-Type: application/json; charset=utf-8
cache-control: no-cache

14:21:29.009 [AsyncHttpClient-1-5] DEBUG org.asynchttpclient.netty.channel.ChannelManager -- Adding key: http://localhost:43791 for channel [id: 0x4c4aa4d8, L:/127.0.0.1:63220 - R:localhost/127.0.0.1:43791]
14:21:29.011 [Forwarding getElementAttribute on session 3b9f43852e56a32cc4c2316029b43403 to remote] DEBUG org.asynchttpclient.netty.request.NettyRequestSender -- Using pooled Channel '[id: 0x4c4aa4d8, L:/127.0.0.1:63220 - R:localhost/127.0.0.1:43791]' for 'POST' to 'http://localhost:43791/session/3b9f43852e56a32cc4c2316029b43403/execute/sync'
14:21:29.011 [Forwarding getElementAttribute on session 3b9f43852e56a32cc4c2316029b43403 to remote] DEBUG org.asynchttpclient.netty.request.NettyRequestSender -- Using open Channel [id: 0x4c4aa4d8, L:/127.0.0.1:63220 - R:localhost/127.0.0.1:43791] for POST '/session/3b9f43852e56a32cc4c2316029b43403/execute/sync'
14:21:29.025 [AsyncHttpClient-1-1] DEBUG org.asynchttpclient.netty.channel.DefaultChannelPool -- Entry count for : http://localhost:55159 : 1
14:21:29.029 [AsyncHttpClient-1-5] DEBUG org.asynchttpclient.netty.handler.HttpHandler -- 

Request DefaultHttpRequest(decodeResult: success, version: HTTP/1.1)
POST /session/3b9f43852e56a32cc4c2316029b43403/execute/sync HTTP/1.1
User-Agent: selenium/4.12.0 (java windows)
Content-Length: 47293
Content-Type: application/json; charset=utf-8
host: localhost:43791
accept: */*

Response DefaultHttpResponse(decodeResult: success, version: HTTP/1.1)
HTTP/1.1 200 OK
Content-Length: 41
Content-Type: application/json; charset=utf-8
cache-control: no-cache

14:21:29.029 [AsyncHttpClient-1-5] DEBUG org.asynchttpclient.netty.channel.ChannelManager -- Adding key: http://localhost:43791 for channel [id: 0x4c4aa4d8, L:/127.0.0.1:63220 - R:localhost/127.0.0.1:43791]
14:21:29.030 [Forwarding getElementText on session 3b9f43852e56a32cc4c2316029b43403 to remote] DEBUG org.asynchttpclient.netty.request.NettyRequestSender -- Using pooled Channel '[id: 0x4c4aa4d8, L:/127.0.0.1:63220 - R:localhost/127.0.0.1:43791]' for 'GET' to 'http://localhost:43791/session/3b9f43852e56a32cc4c2316029b43403/element/f.75F4FE244C3F0BE6CFDCE1483C33EEFC.d.C79CBF497AA45072F3BD59C85234DB26.e.9/text'
14:21:29.030 [Forwarding getElementText on session 3b9f43852e56a32cc4c2316029b43403 to remote] DEBUG org.asynchttpclient.netty.request.NettyRequestSender -- Using open Channel [id: 0x4c4aa4d8, L:/127.0.0.1:63220 - R:localhost/127.0.0.1:43791] for GET '/session/3b9f43852e56a32cc4c2316029b43403/element/f.75F4FE244C3F0BE6CFDCE1483C33EEFC.d.C79CBF497AA45072F3BD59C85234DB26.e.9/text'
14:21:29.047 [AsyncHttpClient-1-5] DEBUG org.asynchttpclient.netty.handler.HttpHandler -- 

Request DefaultFullHttpRequest(decodeResult: success, version: HTTP/1.1, content: EmptyByteBufBE)
GET /session/3b9f43852e56a32cc4c2316029b43403/element/f.75F4FE244C3F0BE6CFDCE1483C33EEFC.d.C79CBF497AA45072F3BD59C85234DB26.e.9/text HTTP/1.1
Cache-Control: no-cache
User-Agent: selenium/4.12.0 (java windows)
Content-Type: application/json; charset=utf-8
host: localhost:43791
accept: */*

Response DefaultHttpResponse(decodeResult: success, version: HTTP/1.1)
HTTP/1.1 200 OK
Content-Length: 24
Content-Type: application/json; charset=utf-8
cache-control: no-cache

14:21:29.047 [AsyncHttpClient-1-5] DEBUG org.asynchttpclient.netty.channel.ChannelManager -- Adding key: http://localhost:43791 for channel [id: 0x4c4aa4d8, L:/127.0.0.1:63220 - R:localhost/127.0.0.1:43791]
14:21:29.049 [Forwarding getElementAttribute on session 3b9f43852e56a32cc4c2316029b43403 to remote] DEBUG org.asynchttpclient.netty.request.NettyRequestSender -- Using pooled Channel '[id: 0x4c4aa4d8, L:/127.0.0.1:63220 - R:localhost/127.0.0.1:43791]' for 'POST' to 'http://localhost:43791/session/3b9f43852e56a32cc4c2316029b43403/execute/sync'
14:21:29.049 [Forwarding getElementAttribute on session 3b9f43852e56a32cc4c2316029b43403 to remote] DEBUG org.asynchttpclient.netty.request.NettyRequestSender -- Using open Channel [id: 0x4c4aa4d8, L:/127.0.0.1:63220 - R:localhost/127.0.0.1:43791] for POST '/session/3b9f43852e56a32cc4c2316029b43403/execute/sync'
14:21:29.063 [AsyncHttpClient-1-5] DEBUG org.asynchttpclient.netty.handler.HttpHandler -- 

Request DefaultHttpRequest(decodeResult: success, version: HTTP/1.1)
POST /session/3b9f43852e56a32cc4c2316029b43403/execute/sync HTTP/1.1
User-Agent: selenium/4.12.0 (java windows)
Content-Length: 47294
Content-Type: application/json; charset=utf-8
host: localhost:43791
accept: */*

Response DefaultHttpResponse(decodeResult: success, version: HTTP/1.1)
HTTP/1.1 200 OK
Content-Length: 49
Content-Type: application/json; charset=utf-8
cache-control: no-cache

14:21:29.063 [AsyncHttpClient-1-5] DEBUG org.asynchttpclient.netty.channel.ChannelManager -- Adding key: http://localhost:43791 for channel [id: 0x4c4aa4d8, L:/127.0.0.1:63220 - R:localhost/127.0.0.1:43791]
14:21:29.064 [Forwarding getElementText on session 3b9f43852e56a32cc4c2316029b43403 to remote] DEBUG org.asynchttpclient.netty.request.NettyRequestSender -- Using pooled Channel '[id: 0x4c4aa4d8, L:/127.0.0.1:63220 - R:localhost/127.0.0.1:43791]' for 'GET' to 'http://localhost:43791/session/3b9f43852e56a32cc4c2316029b43403/element/f.75F4FE244C3F0BE6CFDCE1483C33EEFC.d.C79CBF497AA45072F3BD59C85234DB26.e.21/text'
14:21:29.065 [Forwarding getElementText on session 3b9f43852e56a32cc4c2316029b43403 to remote] DEBUG org.asynchttpclient.netty.request.NettyRequestSender -- Using open Channel [id: 0x4c4aa4d8, L:/127.0.0.1:63220 - R:localhost/127.0.0.1:43791] for GET '/session/3b9f43852e56a32cc4c2316029b43403/element/f.75F4FE244C3F0BE6CFDCE1483C33EEFC.d.C79CBF497AA45072F3BD59C85234DB26.e.21/text'
14:21:29.074 [AsyncHttpClient-1-5] DEBUG org.asynchttpclient.netty.handler.HttpHandler -- 

Request DefaultFullHttpRequest(decodeResult: success, version: HTTP/1.1, content: EmptyByteBufBE)
GET /session/3b9f43852e56a32cc4c2316029b43403/element/f.75F4FE244C3F0BE6CFDCE1483C33EEFC.d.C79CBF497AA45072F3BD59C85234DB26.e.21/text HTTP/1.1
Cache-Control: no-cache
User-Agent: selenium/4.12.0 (java windows)
Content-Type: application/json; charset=utf-8
host: localhost:43791
accept: */*

Response DefaultHttpResponse(decodeResult: success, version: HTTP/1.1)
HTTP/1.1 200 OK
Content-Length: 20
Content-Type: application/json; charset=utf-8
cache-control: no-cache

14:21:29.074 [AsyncHttpClient-1-5] DEBUG org.asynchttpclient.netty.channel.ChannelManager -- Adding key: http://localhost:43791 for channel [id: 0x4c4aa4d8, L:/127.0.0.1:63220 - R:localhost/127.0.0.1:43791]
14:21:29.076 [Forwarding getElementAttribute on session 3b9f43852e56a32cc4c2316029b43403 to remote] DEBUG org.asynchttpclient.netty.request.NettyRequestSender -- Using pooled Channel '[id: 0x4c4aa4d8, L:/127.0.0.1:63220 - R:localhost/127.0.0.1:43791]' for 'POST' to 'http://localhost:43791/session/3b9f43852e56a32cc4c2316029b43403/execute/sync'
14:21:29.076 [Forwarding getElementAttribute on session 3b9f43852e56a32cc4c2316029b43403 to remote] DEBUG org.asynchttpclient.netty.request.NettyRequestSender -- Using open Channel [id: 0x4c4aa4d8, L:/127.0.0.1:63220 - R:localhost/127.0.0.1:43791] for POST '/session/3b9f43852e56a32cc4c2316029b43403/execute/sync'
14:21:29.087 [AsyncHttpClient-1-5] DEBUG org.asynchttpclient.netty.handler.HttpHandler -- 

Request DefaultHttpRequest(decodeResult: success, version: HTTP/1.1)
POST /session/3b9f43852e56a32cc4c2316029b43403/execute/sync HTTP/1.1
User-Agent: selenium/4.12.0 (java windows)
Content-Length: 47294
Content-Type: application/json; charset=utf-8
host: localhost:43791
accept: */*

Response DefaultHttpResponse(decodeResult: success, version: HTTP/1.1)
HTTP/1.1 200 OK
Content-Length: 37
Content-Type: application/json; charset=utf-8
cache-control: no-cache

14:21:29.087 [AsyncHttpClient-1-5] DEBUG org.asynchttpclient.netty.channel.ChannelManager -- Adding key: http://localhost:43791 for channel [id: 0x4c4aa4d8, L:/127.0.0.1:63220 - R:localhost/127.0.0.1:43791]
14:21:29.088 [Forwarding getElementText on session 3b9f43852e56a32cc4c2316029b43403 to remote] DEBUG org.asynchttpclient.netty.request.NettyRequestSender -- Using pooled Channel '[id: 0x4c4aa4d8, L:/127.0.0.1:63220 - R:localhost/127.0.0.1:43791]' for 'GET' to 'http://localhost:43791/session/3b9f43852e56a32cc4c2316029b43403/element/f.75F4FE244C3F0BE6CFDCE1483C33EEFC.d.C79CBF497AA45072F3BD59C85234DB26.e.22/text'
14:21:29.088 [Forwarding getElementText on session 3b9f43852e56a32cc4c2316029b43403 to remote] DEBUG org.asynchttpclient.netty.request.NettyRequestSender -- Using open Channel [id: 0x4c4aa4d8, L:/127.0.0.1:63220 - R:localhost/127.0.0.1:43791] for GET '/session/3b9f43852e56a32cc4c2316029b43403/element/f.75F4FE244C3F0BE6CFDCE1483C33EEFC.d.C79CBF497AA45072F3BD59C85234DB26.e.22/text'
14:21:29.096 [AsyncHttpClient-1-5] DEBUG org.asynchttpclient.netty.handler.HttpHandler -- 

Request DefaultFullHttpRequest(decodeResult: success, version: HTTP/1.1, content: EmptyByteBufBE)
GET /session/3b9f43852e56a32cc4c2316029b43403/element/f.75F4FE244C3F0BE6CFDCE1483C33EEFC.d.C79CBF497AA45072F3BD59C85234DB26.e.22/text HTTP/1.1
Cache-Control: no-cache
User-Agent: selenium/4.12.0 (java windows)
Content-Type: application/json; charset=utf-8
host: localhost:43791
accept: */*

Response DefaultHttpResponse(decodeResult: success, version: HTTP/1.1)
HTTP/1.1 200 OK
Content-Length: 12
Content-Type: application/json; charset=utf-8
cache-control: no-cache

14:21:29.096 [AsyncHttpClient-1-5] DEBUG org.asynchttpclient.netty.channel.ChannelManager -- Adding key: http://localhost:43791 for channel [id: 0x4c4aa4d8, L:/127.0.0.1:63220 - R:localhost/127.0.0.1:43791]
14:21:29.097 [Forwarding getElementAttribute on session 3b9f43852e56a32cc4c2316029b43403 to remote] DEBUG org.asynchttpclient.netty.request.NettyRequestSender -- Using pooled Channel '[id: 0x4c4aa4d8, L:/127.0.0.1:63220 - R:localhost/127.0.0.1:43791]' for 'POST' to 'http://localhost:43791/session/3b9f43852e56a32cc4c2316029b43403/execute/sync'
14:21:29.097 [Forwarding getElementAttribute on session 3b9f43852e56a32cc4c2316029b43403 to remote] DEBUG org.asynchttpclient.netty.request.NettyRequestSender -- Using open Channel [id: 0x4c4aa4d8, L:/127.0.0.1:63220 - R:localhost/127.0.0.1:43791] for POST '/session/3b9f43852e56a32cc4c2316029b43403/execute/sync'
14:21:29.106 [AsyncHttpClient-1-5] DEBUG org.asynchttpclient.netty.handler.HttpHandler -- 

Request DefaultHttpRequest(decodeResult: success, version: HTTP/1.1)
POST /session/3b9f43852e56a32cc4c2316029b43403/execute/sync HTTP/1.1
User-Agent: selenium/4.12.0 (java windows)
Content-Length: 47294
Content-Type: application/json; charset=utf-8
host: localhost:43791
accept: */*

Response DefaultHttpResponse(decodeResult: success, version: HTTP/1.1)
HTTP/1.1 200 OK
Content-Length: 36
Content-Type: application/json; charset=utf-8
cache-control: no-cache

14:21:29.106 [AsyncHttpClient-1-5] DEBUG org.asynchttpclient.netty.channel.ChannelManager -- Adding key: http://localhost:43791 for channel [id: 0x4c4aa4d8, L:/127.0.0.1:63220 - R:localhost/127.0.0.1:43791]
14:21:29.107 [Forwarding getElementText on session 3b9f43852e56a32cc4c2316029b43403 to remote] DEBUG org.asynchttpclient.netty.request.NettyRequestSender -- Using pooled Channel '[id: 0x4c4aa4d8, L:/127.0.0.1:63220 - R:localhost/127.0.0.1:43791]' for 'GET' to 'http://localhost:43791/session/3b9f43852e56a32cc4c2316029b43403/element/f.75F4FE244C3F0BE6CFDCE1483C33EEFC.d.C79CBF497AA45072F3BD59C85234DB26.e.23/text'
14:21:29.107 [Forwarding getElementText on session 3b9f43852e56a32cc4c2316029b43403 to remote] DEBUG org.asynchttpclient.netty.request.NettyRequestSender -- Using open Channel [id: 0x4c4aa4d8, L:/127.0.0.1:63220 - R:localhost/127.0.0.1:43791] for GET '/session/3b9f43852e56a32cc4c2316029b43403/element/f.75F4FE244C3F0BE6CFDCE1483C33EEFC.d.C79CBF497AA45072F3BD59C85234DB26.e.23/text'
14:21:29.115 [AsyncHttpClient-1-5] DEBUG org.asynchttpclient.netty.handler.HttpHandler -- 

Request DefaultFullHttpRequest(decodeResult: success, version: HTTP/1.1, content: EmptyByteBufBE)
GET /session/3b9f43852e56a32cc4c2316029b43403/element/f.75F4FE244C3F0BE6CFDCE1483C33EEFC.d.C79CBF497AA45072F3BD59C85234DB26.e.23/text HTTP/1.1
Cache-Control: no-cache
User-Agent: selenium/4.12.0 (java windows)
Content-Type: application/json; charset=utf-8
host: localhost:43791
accept: */*

Response DefaultHttpResponse(decodeResult: success, version: HTTP/1.1)
HTTP/1.1 200 OK
Content-Length: 12
Content-Type: application/json; charset=utf-8
cache-control: no-cache

14:21:29.116 [AsyncHttpClient-1-5] DEBUG org.asynchttpclient.netty.channel.ChannelManager -- Adding key: http://localhost:43791 for channel [id: 0x4c4aa4d8, L:/127.0.0.1:63220 - R:localhost/127.0.0.1:43791]
]]></system-out>
    <system-err><![CDATA[Jan 02, 2025 2:21:28 PM org.openqa.selenium.devtools.CdpVersionFinder findNearestMatch
WARNING: Unable to find CDP implementation matching 131
Jan 02, 2025 2:21:28 PM org.openqa.selenium.chromium.ChromiumDriver lambda$new$5
WARNING: Unable to find version of CDP to use for 131.0.6778.205. You may need to include a dependency on a specific version of the CDP using something similar to `org.seleniumhq.selenium:selenium-devtools-v86:4.12.0` where the version ("v86") matches the version of the chromium-based browser you're using and the version number of the artifact is the same as Selenium's.
]]></system-err>
  </testcase>
  <testcase name="testCommentCharacterLimit" classname="UITestCases.BuggyCarsUITests" time="0.36">
    <failure message="expected [true] but found [false]" type="java.lang.AssertionError"><![CDATA[java.lang.AssertionError: expected [true] but found [false]
	at org.testng.Assert.fail(Assert.java:110)
	at org.testng.Assert.failNotEquals(Assert.java:1413)
	at org.testng.Assert.assertTrue(Assert.java:56)
	at org.testng.Assert.assertTrue(Assert.java:66)
	at UITestCases.BuggyCarsUITests.testLoginWithValidCredentials(BuggyCarsUITests.java:39)
	at UITestCases.BuggyCarsUITests.testCommentCharacterLimit(BuggyCarsUITests.java:112)
	at java.base/jdk.internal.reflect.NativeMethodAccessorImpl.invoke0(Native Method)
	at java.base/jdk.internal.reflect.NativeMethodAccessorImpl.invoke(NativeMethodAccessorImpl.java:77)
	at java.base/jdk.internal.reflect.DelegatingMethodAccessorImpl.invoke(DelegatingMethodAccessorImpl.java:43)
	at java.base/java.lang.reflect.Method.invoke(Method.java:568)
	at org.testng.internal.invokers.MethodInvocationHelper.invokeMethod(MethodInvocationHelper.java:139)
	at org.testng.internal.invokers.TestInvoker.invokeMethod(TestInvoker.java:677)
	at org.testng.internal.invokers.TestInvoker.invokeTestMethod(TestInvoker.java:221)
	at org.testng.internal.invokers.MethodRunner.runInSequence(MethodRunner.java:50)
	at org.testng.internal.invokers.TestInvoker$MethodInvocationAgent.invoke(TestInvoker.java:969)
	at org.testng.internal.invokers.TestInvoker.invokeTestMethods(TestInvoker.java:194)
	at org.testng.internal.invokers.TestMethodWorker.invokeTestMethods(TestMethodWorker.java:148)
	at org.testng.internal.invokers.TestMethodWorker.run(TestMethodWorker.java:128)
	at java.base/java.util.ArrayList.forEach(ArrayList.java:1511)
	at org.testng.TestRunner.privateRun(TestRunner.java:829)
	at org.testng.TestRunner.run(TestRunner.java:602)
	at org.testng.SuiteRunner.runTest(SuiteRunner.java:437)
	at org.testng.SuiteRunner.runSequentially(SuiteRunner.java:431)
	at org.testng.SuiteRunner.privateRun(SuiteRunner.java:391)
	at org.testng.SuiteRunner.run(SuiteRunner.java:330)
	at org.testng.SuiteRunnerWorker.runSuite(SuiteRunnerWorker.java:52)
	at org.testng.SuiteRunnerWorker.run(SuiteRunnerWorker.java:95)
	at org.testng.TestNG.runSuitesSequentially(TestNG.java:1256)
	at org.testng.TestNG.runSuitesLocally(TestNG.java:1176)
	at org.testng.TestNG.runSuites(TestNG.java:1099)
	at org.testng.TestNG.run(TestNG.java:1067)
	at org.apache.maven.surefire.testng.TestNGExecutor.run(TestNGExecutor.java:324)
	at org.apache.maven.surefire.testng.TestNGXmlTestSuite.execute(TestNGXmlTestSuite.java:74)
	at org.apache.maven.surefire.testng.TestNGProvider.invoke(TestNGProvider.java:123)
	at org.apache.maven.surefire.booter.ForkedBooter.runSuitesInProcess(ForkedBooter.java:456)
	at org.apache.maven.surefire.booter.ForkedBooter.execute(ForkedBooter.java:169)
	at org.apache.maven.surefire.booter.ForkedBooter.run(ForkedBooter.java:595)
	at org.apache.maven.surefire.booter.ForkedBooter.main(ForkedBooter.java:581)
]]></failure>
    <system-out><![CDATA[14:21:29.120 [Driver Command Executor] DEBUG org.asynchttpclient.netty.request.NettyRequestSender -- Using pooled Channel '[id: 0x4c4aa4d8, L:/127.0.0.1:63220 - R:localhost/127.0.0.1:43791]' for 'DELETE' to 'http://localhost:43791/session/3b9f43852e56a32cc4c2316029b43403'
14:21:29.120 [AsyncHttpClient-1-7] DEBUG org.asynchttpclient.netty.handler.WebSocketHandler -- Channel Closed: [id: 0xed29e394, L:/127.0.0.1:55166 ! R:localhost/127.0.0.1:55159] with attribute DISCARD
14:21:29.120 [Driver Command Executor] DEBUG org.asynchttpclient.netty.request.NettyRequestSender -- Using open Channel [id: 0x4c4aa4d8, L:/127.0.0.1:63220 - R:localhost/127.0.0.1:43791] for DELETE '/session/3b9f43852e56a32cc4c2316029b43403'
14:21:29.156 [AsyncHttpClient-1-6] DEBUG org.asynchttpclient.netty.handler.HttpHandler -- Unexpected I/O exception on channel [id: 0x17b43846, L:/127.0.0.1:55165 - R:localhost/127.0.0.1:55159]
java.net.SocketException: Connection reset
	at java.base/sun.nio.ch.SocketChannelImpl.throwConnectionReset(SocketChannelImpl.java:394)
	at java.base/sun.nio.ch.SocketChannelImpl.read(SocketChannelImpl.java:426)
	at io.netty.buffer.PooledByteBuf.setBytes(PooledByteBuf.java:254)
	at io.netty.buffer.AbstractByteBuf.writeBytes(AbstractByteBuf.java:1132)
	at io.netty.channel.socket.nio.NioSocketChannel.doReadBytes(NioSocketChannel.java:357)
	at io.netty.channel.nio.AbstractNioByteChannel$NioByteUnsafe.read(AbstractNioByteChannel.java:151)
	at io.netty.channel.nio.NioEventLoop.processSelectedKey(NioEventLoop.java:788)
	at io.netty.channel.nio.NioEventLoop.processSelectedKeysOptimized(NioEventLoop.java:724)
	at io.netty.channel.nio.NioEventLoop.processSelectedKeys(NioEventLoop.java:650)
	at io.netty.channel.nio.NioEventLoop.run(NioEventLoop.java:562)
	at io.netty.util.concurrent.SingleThreadEventExecutor$4.run(SingleThreadEventExecutor.java:997)
	at io.netty.util.internal.ThreadExecutorMap$2.run(ThreadExecutorMap.java:74)
	at io.netty.util.concurrent.FastThreadLocalRunnable.run(FastThreadLocalRunnable.java:30)
	at java.base/java.lang.Thread.run(Thread.java:842)
14:21:29.157 [AsyncHttpClient-1-6] DEBUG org.asynchttpclient.netty.channel.ChannelManager -- Closing Channel [id: 0x17b43846, L:/127.0.0.1:55165 - R:localhost/127.0.0.1:55159] 
14:21:29.157 [AsyncHttpClient-1-6] DEBUG org.asynchttpclient.netty.handler.HttpHandler -- Channel Closed: [id: 0x17b43846, L:/127.0.0.1:55165 ! R:localhost/127.0.0.1:55159] with attribute DISCARD
14:21:29.177 [AsyncHttpClient-1-5] DEBUG org.asynchttpclient.netty.handler.HttpHandler -- 

Request DefaultFullHttpRequest(decodeResult: success, version: HTTP/1.1, content: EmptyByteBufBE)
DELETE /session/3b9f43852e56a32cc4c2316029b43403 HTTP/1.1
User-Agent: selenium/4.12.0 (java windows)
Content-Type: application/json; charset=utf-8
host: localhost:43791
accept: */*

Response DefaultHttpResponse(decodeResult: success, version: HTTP/1.1)
HTTP/1.1 200 OK
Content-Length: 14
Content-Type: application/json; charset=utf-8
cache-control: no-cache

14:21:29.177 [AsyncHttpClient-1-5] DEBUG org.asynchttpclient.netty.channel.ChannelManager -- Adding key: http://localhost:43791 for channel [id: 0x4c4aa4d8, L:/127.0.0.1:63220 - R:localhost/127.0.0.1:43791]
14:21:29.298 [AsyncHttpClient-1-5] DEBUG org.asynchttpclient.netty.handler.HttpHandler -- Channel Closed: [id: 0x4c4aa4d8, L:/127.0.0.1:63220 ! R:localhost/127.0.0.1:43791] with attribute DISCARD
14:21:29.359 [main] DEBUG io.github.bonigarcia.wdm.WebDriverManager -- Using WebDriverManager 5.5.3
14:21:29.374 [main] DEBUG io.github.bonigarcia.wdm.cache.ResolutionCache -- Resolution chrome=131 in cache (valid until 15:21:23 02/01/2025 IST)
14:21:29.375 [main] DEBUG io.github.bonigarcia.wdm.cache.ResolutionCache -- Resolution chrome131=131.0.6778.204 in cache (valid until 14:21:23 03/01/2025 IST)
14:21:29.375 [main] INFO io.github.bonigarcia.wdm.WebDriverManager -- Using chromedriver 131.0.6778.204 (resolved driver for Chrome 131)
14:21:29.381 [main] DEBUG io.github.bonigarcia.wdm.WebDriverManager -- Driver chromedriver 131.0.6778.204 found in cache
14:21:29.382 [main] INFO io.github.bonigarcia.wdm.WebDriverManager -- Exporting webdriver.chrome.driver as C:\Users\sasitharan\.cache\selenium\chromedriver\win64\131.0.6778.204\chromedriver.exe
14:21:29.506 [AsyncHttpClient-1-8] DEBUG org.asynchttpclient.netty.channel.NettyConnectListener -- Using new Channel '[id: 0x556c60c0, L:/127.0.0.1:55178 - R:localhost/127.0.0.1:2167]' for 'POST' to '/session'
14:21:30.136 [AsyncHttpClient-1-1] DEBUG org.asynchttpclient.netty.channel.DefaultChannelPool -- Entry count for : http://localhost:43791 : 1
14:21:30.136 [AsyncHttpClient-1-1] DEBUG org.asynchttpclient.netty.channel.DefaultChannelPool -- Entry count for : http://localhost:55159 : 1
14:21:30.136 [AsyncHttpClient-1-1] DEBUG org.asynchttpclient.netty.channel.DefaultChannelPool -- Adding Candidate expired Channel [id: 0x4c4aa4d8, L:/127.0.0.1:63220 ! R:localhost/127.0.0.1:43791] isIdleTimeoutExpired=false isRemotelyClosed=true isTtlExpired=false
14:21:30.136 [AsyncHttpClient-1-1] DEBUG org.asynchttpclient.netty.channel.DefaultChannelPool -- Closing Idle Channel [id: 0x4c4aa4d8, L:/127.0.0.1:63220 ! R:localhost/127.0.0.1:43791]
14:21:30.136 [AsyncHttpClient-1-1] DEBUG org.asynchttpclient.netty.channel.DefaultChannelPool -- Adding Candidate expired Channel [id: 0x17b43846, L:/127.0.0.1:55165 ! R:localhost/127.0.0.1:55159] isIdleTimeoutExpired=false isRemotelyClosed=true isTtlExpired=false
14:21:30.136 [AsyncHttpClient-1-1] DEBUG org.asynchttpclient.netty.channel.DefaultChannelPool -- Closing Idle Channel [id: 0x17b43846, L:/127.0.0.1:55165 ! R:localhost/127.0.0.1:55159]
14:21:30.136 [AsyncHttpClient-1-1] DEBUG org.asynchttpclient.netty.channel.DefaultChannelPool -- Closed 2 connections out of 2 in 0 ms
14:21:30.426 [AsyncHttpClient-1-8] DEBUG org.asynchttpclient.netty.handler.HttpHandler -- 

Request DefaultHttpRequest(decodeResult: success, version: HTTP/1.1)
POST /session HTTP/1.1
User-Agent: selenium/4.12.0 (java windows)
Content-Length: 254
Content-Type: application/json; charset=utf-8
host: localhost:2167
accept: */*

Response DefaultHttpResponse(decodeResult: success, version: HTTP/1.1)
HTTP/1.1 200 OK
Content-Length: 888
Content-Type: application/json; charset=utf-8
cache-control: no-cache

14:21:30.426 [AsyncHttpClient-1-8] DEBUG org.asynchttpclient.netty.channel.ChannelManager -- Adding key: http://localhost:2167 for channel [id: 0x556c60c0, L:/127.0.0.1:55178 - R:localhost/127.0.0.1:2167]
14:21:30.437 [AsyncHttpClient-1-9] DEBUG org.asynchttpclient.netty.channel.NettyConnectListener -- Using new Channel '[id: 0x3ed7762e, L:/127.0.0.1:55186 - R:localhost/127.0.0.1:55179]' for 'GET' to '/json/version'
14:21:30.441 [AsyncHttpClient-1-9] DEBUG org.asynchttpclient.netty.handler.HttpHandler -- 

Request DefaultFullHttpRequest(decodeResult: success, version: HTTP/1.1, content: EmptyByteBufBE)
GET /json/version HTTP/1.1
User-Agent: selenium/4.12.0 (java windows)
host: localhost:55179
accept: */*

Response DefaultHttpResponse(decodeResult: success, version: HTTP/1.1)
HTTP/1.1 200 OK
Content-Security-Policy: frame-ancestors 'none'
Content-Length: 424
Content-Type: application/json; charset=UTF-8

14:21:30.441 [AsyncHttpClient-1-9] DEBUG org.asynchttpclient.netty.channel.ChannelManager -- Adding key: http://localhost:55179 for channel [id: 0x3ed7762e, L:/127.0.0.1:55186 - R:localhost/127.0.0.1:55179]
14:21:30.448 [AsyncHttpClient-1-10] DEBUG org.asynchttpclient.netty.channel.NettyConnectListener -- Using new Channel '[id: 0x2cba4402, L:/127.0.0.1:55187 - R:localhost/127.0.0.1:55179]' for 'GET' to '/devtools/browser/dd032bf2-b94a-44e5-8293-c4075a8b55b5'
14:21:30.459 [AsyncHttpClient-1-10] DEBUG org.asynchttpclient.netty.handler.WebSocketHandler -- 

Request DefaultFullHttpRequest(decodeResult: success, version: HTTP/1.1, content: EmptyByteBufBE)
GET /devtools/browser/dd032bf2-b94a-44e5-8293-c4075a8b55b5 HTTP/1.1
upgrade: websocket
connection: upgrade
sec-websocket-key: l5d6HykgOH66RAwEFMH5/A==
sec-websocket-version: 13
origin: http://localhost:55179
host: localhost:55179
accept: */*
user-agent: AHC/2.1

Response DefaultHttpResponse(decodeResult: success, version: HTTP/1.1)
HTTP/1.1 101 WebSocket Protocol Handshake
Upgrade: WebSocket
Connection: Upgrade
Sec-WebSocket-Accept: u9GCM+kKhnKrISyS8IMN9s23/5s=

14:21:30.464 [Forwarding maximizeCurrentWindow on session e1266e65879f7f454a46d113bcb31f4e to remote] DEBUG org.asynchttpclient.netty.request.NettyRequestSender -- Using pooled Channel '[id: 0x556c60c0, L:/127.0.0.1:55178 - R:localhost/127.0.0.1:2167]' for 'POST' to 'http://localhost:2167/session/e1266e65879f7f454a46d113bcb31f4e/window/maximize'
14:21:30.464 [Forwarding maximizeCurrentWindow on session e1266e65879f7f454a46d113bcb31f4e to remote] DEBUG org.asynchttpclient.netty.request.NettyRequestSender -- Using open Channel [id: 0x556c60c0, L:/127.0.0.1:55178 - R:localhost/127.0.0.1:2167] for POST '/session/e1266e65879f7f454a46d113bcb31f4e/window/maximize'
14:21:30.519 [AsyncHttpClient-1-8] DEBUG org.asynchttpclient.netty.handler.HttpHandler -- 

Request DefaultHttpRequest(decodeResult: success, version: HTTP/1.1)
POST /session/e1266e65879f7f454a46d113bcb31f4e/window/maximize HTTP/1.1
User-Agent: selenium/4.12.0 (java windows)
Content-Length: 3
Content-Type: application/json; charset=utf-8
host: localhost:2167
accept: */*

Response DefaultHttpResponse(decodeResult: success, version: HTTP/1.1)
HTTP/1.1 200 OK
Content-Length: 51
Content-Type: application/json; charset=utf-8
cache-control: no-cache

14:21:30.520 [AsyncHttpClient-1-8] DEBUG org.asynchttpclient.netty.channel.ChannelManager -- Adding key: http://localhost:2167 for channel [id: 0x556c60c0, L:/127.0.0.1:55178 - R:localhost/127.0.0.1:2167]
14:21:30.523 [Forwarding get on session e1266e65879f7f454a46d113bcb31f4e to remote] DEBUG org.asynchttpclient.netty.request.NettyRequestSender -- Using pooled Channel '[id: 0x556c60c0, L:/127.0.0.1:55178 - R:localhost/127.0.0.1:2167]' for 'POST' to 'http://localhost:2167/session/e1266e65879f7f454a46d113bcb31f4e/url'
14:21:30.523 [Forwarding get on session e1266e65879f7f454a46d113bcb31f4e to remote] DEBUG org.asynchttpclient.netty.request.NettyRequestSender -- Using open Channel [id: 0x556c60c0, L:/127.0.0.1:55178 - R:localhost/127.0.0.1:2167] for POST '/session/e1266e65879f7f454a46d113bcb31f4e/url'
14:21:31.229 [AsyncHttpClient-1-1] DEBUG org.asynchttpclient.netty.channel.DefaultChannelPool -- Entry count for : http://localhost:55179 : 1
14:21:31.824 [AsyncHttpClient-1-8] DEBUG org.asynchttpclient.netty.handler.HttpHandler -- 

Request DefaultHttpRequest(decodeResult: success, version: HTTP/1.1)
POST /session/e1266e65879f7f454a46d113bcb31f4e/url HTTP/1.1
User-Agent: selenium/4.12.0 (java windows)
Content-Length: 58
Content-Type: application/json; charset=utf-8
host: localhost:2167
accept: */*

Response DefaultHttpResponse(decodeResult: success, version: HTTP/1.1)
HTTP/1.1 200 OK
Content-Length: 14
Content-Type: application/json; charset=utf-8
cache-control: no-cache

14:21:31.824 [AsyncHttpClient-1-8] DEBUG org.asynchttpclient.netty.channel.ChannelManager -- Adding key: http://localhost:2167 for channel [id: 0x556c60c0, L:/127.0.0.1:55178 - R:localhost/127.0.0.1:2167]
14:21:31.829 [Forwarding findElement on session e1266e65879f7f454a46d113bcb31f4e to remote] DEBUG org.asynchttpclient.netty.request.NettyRequestSender -- Using pooled Channel '[id: 0x556c60c0, L:/127.0.0.1:55178 - R:localhost/127.0.0.1:2167]' for 'POST' to 'http://localhost:2167/session/e1266e65879f7f454a46d113bcb31f4e/element'
14:21:31.829 [Forwarding findElement on session e1266e65879f7f454a46d113bcb31f4e to remote] DEBUG org.asynchttpclient.netty.request.NettyRequestSender -- Using open Channel [id: 0x556c60c0, L:/127.0.0.1:55178 - R:localhost/127.0.0.1:2167] for POST '/session/e1266e65879f7f454a46d113bcb31f4e/element'
14:21:31.849 [AsyncHttpClient-1-8] DEBUG org.asynchttpclient.netty.handler.HttpHandler -- 

Request DefaultHttpRequest(decodeResult: success, version: HTTP/1.1)
POST /session/e1266e65879f7f454a46d113bcb31f4e/element HTTP/1.1
User-Agent: selenium/4.12.0 (java windows)
Content-Length: 59
Content-Type: application/json; charset=utf-8
host: localhost:2167
accept: */*

Response DefaultHttpResponse(decodeResult: success, version: HTTP/1.1)
HTTP/1.1 200 OK
Content-Length: 126
Content-Type: application/json; charset=utf-8
cache-control: no-cache

14:21:31.850 [AsyncHttpClient-1-8] DEBUG org.asynchttpclient.netty.channel.ChannelManager -- Adding key: http://localhost:2167 for channel [id: 0x556c60c0, L:/127.0.0.1:55178 - R:localhost/127.0.0.1:2167]
14:21:31.856 [Forwarding sendKeysToElement on session e1266e65879f7f454a46d113bcb31f4e to remote] DEBUG org.asynchttpclient.netty.request.NettyRequestSender -- Using pooled Channel '[id: 0x556c60c0, L:/127.0.0.1:55178 - R:localhost/127.0.0.1:2167]' for 'POST' to 'http://localhost:2167/session/e1266e65879f7f454a46d113bcb31f4e/element/f.34242EC4433BFB44014305AE8DBDEFEA.d.EFA8E84EE128FAA6ACAA4E45B06D6501.e.15/value'
14:21:31.856 [Forwarding sendKeysToElement on session e1266e65879f7f454a46d113bcb31f4e to remote] DEBUG org.asynchttpclient.netty.request.NettyRequestSender -- Using open Channel [id: 0x556c60c0, L:/127.0.0.1:55178 - R:localhost/127.0.0.1:2167] for POST '/session/e1266e65879f7f454a46d113bcb31f4e/element/f.34242EC4433BFB44014305AE8DBDEFEA.d.EFA8E84EE128FAA6ACAA4E45B06D6501.e.15/value'
14:21:31.974 [AsyncHttpClient-1-8] DEBUG org.asynchttpclient.netty.handler.HttpHandler -- 

Request DefaultHttpRequest(decodeResult: success, version: HTTP/1.1)
POST /session/e1266e65879f7f454a46d113bcb31f4e/element/f.34242EC4433BFB44014305AE8DBDEFEA.d.EFA8E84EE128FAA6ACAA4E45B06D6501.e.15/value HTTP/1.1
User-Agent: selenium/4.12.0 (java windows)
Content-Length: 229
Content-Type: application/json; charset=utf-8
host: localhost:2167
accept: */*

Response DefaultHttpResponse(decodeResult: success, version: HTTP/1.1)
HTTP/1.1 200 OK
Content-Length: 14
Content-Type: application/json; charset=utf-8
cache-control: no-cache

14:21:31.975 [AsyncHttpClient-1-8] DEBUG org.asynchttpclient.netty.channel.ChannelManager -- Adding key: http://localhost:2167 for channel [id: 0x556c60c0, L:/127.0.0.1:55178 - R:localhost/127.0.0.1:2167]
14:21:31.976 [Forwarding findElement on session e1266e65879f7f454a46d113bcb31f4e to remote] DEBUG org.asynchttpclient.netty.request.NettyRequestSender -- Using pooled Channel '[id: 0x556c60c0, L:/127.0.0.1:55178 - R:localhost/127.0.0.1:2167]' for 'POST' to 'http://localhost:2167/session/e1266e65879f7f454a46d113bcb31f4e/element'
14:21:31.976 [Forwarding findElement on session e1266e65879f7f454a46d113bcb31f4e to remote] DEBUG org.asynchttpclient.netty.request.NettyRequestSender -- Using open Channel [id: 0x556c60c0, L:/127.0.0.1:55178 - R:localhost/127.0.0.1:2167] for POST '/session/e1266e65879f7f454a46d113bcb31f4e/element'
14:21:31.991 [AsyncHttpClient-1-8] DEBUG org.asynchttpclient.netty.handler.HttpHandler -- 

Request DefaultHttpRequest(decodeResult: success, version: HTTP/1.1)
POST /session/e1266e65879f7f454a46d113bcb31f4e/element HTTP/1.1
User-Agent: selenium/4.12.0 (java windows)
Content-Length: 62
Content-Type: application/json; charset=utf-8
host: localhost:2167
accept: */*

Response DefaultHttpResponse(decodeResult: success, version: HTTP/1.1)
HTTP/1.1 200 OK
Content-Length: 125
Content-Type: application/json; charset=utf-8
cache-control: no-cache

14:21:31.991 [AsyncHttpClient-1-8] DEBUG org.asynchttpclient.netty.channel.ChannelManager -- Adding key: http://localhost:2167 for channel [id: 0x556c60c0, L:/127.0.0.1:55178 - R:localhost/127.0.0.1:2167]
14:21:31.994 [Forwarding sendKeysToElement on session e1266e65879f7f454a46d113bcb31f4e to remote] DEBUG org.asynchttpclient.netty.request.NettyRequestSender -- Using pooled Channel '[id: 0x556c60c0, L:/127.0.0.1:55178 - R:localhost/127.0.0.1:2167]' for 'POST' to 'http://localhost:2167/session/e1266e65879f7f454a46d113bcb31f4e/element/f.34242EC4433BFB44014305AE8DBDEFEA.d.EFA8E84EE128FAA6ACAA4E45B06D6501.e.4/value'
14:21:31.994 [Forwarding sendKeysToElement on session e1266e65879f7f454a46d113bcb31f4e to remote] DEBUG org.asynchttpclient.netty.request.NettyRequestSender -- Using open Channel [id: 0x556c60c0, L:/127.0.0.1:55178 - R:localhost/127.0.0.1:2167] for POST '/session/e1266e65879f7f454a46d113bcb31f4e/element/f.34242EC4433BFB44014305AE8DBDEFEA.d.EFA8E84EE128FAA6ACAA4E45B06D6501.e.4/value'
14:21:32.085 [AsyncHttpClient-1-8] DEBUG org.asynchttpclient.netty.handler.HttpHandler -- 

Request DefaultHttpRequest(decodeResult: success, version: HTTP/1.1)
POST /session/e1266e65879f7f454a46d113bcb31f4e/element/f.34242EC4433BFB44014305AE8DBDEFEA.d.EFA8E84EE128FAA6ACAA4E45B06D6501.e.4/value HTTP/1.1
User-Agent: selenium/4.12.0 (java windows)
Content-Length: 238
Content-Type: application/json; charset=utf-8
host: localhost:2167
accept: */*

Response DefaultHttpResponse(decodeResult: success, version: HTTP/1.1)
HTTP/1.1 200 OK
Content-Length: 14
Content-Type: application/json; charset=utf-8
cache-control: no-cache

14:21:32.085 [AsyncHttpClient-1-8] DEBUG org.asynchttpclient.netty.channel.ChannelManager -- Adding key: http://localhost:2167 for channel [id: 0x556c60c0, L:/127.0.0.1:55178 - R:localhost/127.0.0.1:2167]
14:21:32.086 [Forwarding findElement on session e1266e65879f7f454a46d113bcb31f4e to remote] DEBUG org.asynchttpclient.netty.request.NettyRequestSender -- Using pooled Channel '[id: 0x556c60c0, L:/127.0.0.1:55178 - R:localhost/127.0.0.1:2167]' for 'POST' to 'http://localhost:2167/session/e1266e65879f7f454a46d113bcb31f4e/element'
14:21:32.086 [Forwarding findElement on session e1266e65879f7f454a46d113bcb31f4e to remote] DEBUG org.asynchttpclient.netty.request.NettyRequestSender -- Using open Channel [id: 0x556c60c0, L:/127.0.0.1:55178 - R:localhost/127.0.0.1:2167] for POST '/session/e1266e65879f7f454a46d113bcb31f4e/element'
14:21:32.102 [AsyncHttpClient-1-8] DEBUG org.asynchttpclient.netty.handler.HttpHandler -- 

Request DefaultHttpRequest(decodeResult: success, version: HTTP/1.1)
POST /session/e1266e65879f7f454a46d113bcb31f4e/element HTTP/1.1
User-Agent: selenium/4.12.0 (java windows)
Content-Length: 65
Content-Type: application/json; charset=utf-8
host: localhost:2167
accept: */*

Response DefaultHttpResponse(decodeResult: success, version: HTTP/1.1)
HTTP/1.1 200 OK
Content-Length: 126
Content-Type: application/json; charset=utf-8
cache-control: no-cache

14:21:32.102 [AsyncHttpClient-1-8] DEBUG org.asynchttpclient.netty.channel.ChannelManager -- Adding key: http://localhost:2167 for channel [id: 0x556c60c0, L:/127.0.0.1:55178 - R:localhost/127.0.0.1:2167]
14:21:32.103 [Forwarding clickElement on session e1266e65879f7f454a46d113bcb31f4e to remote] DEBUG org.asynchttpclient.netty.request.NettyRequestSender -- Using pooled Channel '[id: 0x556c60c0, L:/127.0.0.1:55178 - R:localhost/127.0.0.1:2167]' for 'POST' to 'http://localhost:2167/session/e1266e65879f7f454a46d113bcb31f4e/element/f.34242EC4433BFB44014305AE8DBDEFEA.d.EFA8E84EE128FAA6ACAA4E45B06D6501.e.17/click'
14:21:32.103 [Forwarding clickElement on session e1266e65879f7f454a46d113bcb31f4e to remote] DEBUG org.asynchttpclient.netty.request.NettyRequestSender -- Using open Channel [id: 0x556c60c0, L:/127.0.0.1:55178 - R:localhost/127.0.0.1:2167] for POST '/session/e1266e65879f7f454a46d113bcb31f4e/element/f.34242EC4433BFB44014305AE8DBDEFEA.d.EFA8E84EE128FAA6ACAA4E45B06D6501.e.17/click'
14:21:32.174 [AsyncHttpClient-1-8] DEBUG org.asynchttpclient.netty.handler.HttpHandler -- 

Request DefaultHttpRequest(decodeResult: success, version: HTTP/1.1)
POST /session/e1266e65879f7f454a46d113bcb31f4e/element/f.34242EC4433BFB44014305AE8DBDEFEA.d.EFA8E84EE128FAA6ACAA4E45B06D6501.e.17/click HTTP/1.1
User-Agent: selenium/4.12.0 (java windows)
Content-Length: 88
Content-Type: application/json; charset=utf-8
host: localhost:2167
accept: */*

Response DefaultHttpResponse(decodeResult: success, version: HTTP/1.1)
HTTP/1.1 200 OK
Content-Length: 14
Content-Type: application/json; charset=utf-8
cache-control: no-cache

14:21:32.174 [AsyncHttpClient-1-8] DEBUG org.asynchttpclient.netty.channel.ChannelManager -- Adding key: http://localhost:2167 for channel [id: 0x556c60c0, L:/127.0.0.1:55178 - R:localhost/127.0.0.1:2167]
14:21:32.175 [Forwarding getPageSource on session e1266e65879f7f454a46d113bcb31f4e to remote] DEBUG org.asynchttpclient.netty.request.NettyRequestSender -- Using pooled Channel '[id: 0x556c60c0, L:/127.0.0.1:55178 - R:localhost/127.0.0.1:2167]' for 'POST' to 'http://localhost:2167/session/e1266e65879f7f454a46d113bcb31f4e/execute/sync'
14:21:32.175 [Forwarding getPageSource on session e1266e65879f7f454a46d113bcb31f4e to remote] DEBUG org.asynchttpclient.netty.request.NettyRequestSender -- Using open Channel [id: 0x556c60c0, L:/127.0.0.1:55178 - R:localhost/127.0.0.1:2167] for POST '/session/e1266e65879f7f454a46d113bcb31f4e/execute/sync'
14:21:32.182 [AsyncHttpClient-1-8] DEBUG org.asynchttpclient.netty.handler.HttpHandler -- 

Request DefaultHttpRequest(decodeResult: success, version: HTTP/1.1)
POST /session/e1266e65879f7f454a46d113bcb31f4e/execute/sync HTTP/1.1
User-Agent: selenium/4.12.0 (java windows)
Content-Length: 176
Content-Type: application/json; charset=utf-8
host: localhost:2167
accept: */*

Response DefaultHttpResponse(decodeResult: success, version: HTTP/1.1)
HTTP/1.1 200 OK
Content-Length: 4159
Content-Type: application/json; charset=utf-8
cache-control: no-cache

14:21:32.182 [AsyncHttpClient-1-8] DEBUG org.asynchttpclient.netty.channel.ChannelManager -- Adding key: http://localhost:2167 for channel [id: 0x556c60c0, L:/127.0.0.1:55178 - R:localhost/127.0.0.1:2167]
]]></system-out>
    <system-err><![CDATA[Jan 02, 2025 2:21:30 PM org.openqa.selenium.devtools.CdpVersionFinder findNearestMatch
WARNING: Unable to find CDP implementation matching 131
Jan 02, 2025 2:21:30 PM org.openqa.selenium.chromium.ChromiumDriver lambda$new$5
WARNING: Unable to find version of CDP to use for 131.0.6778.205. You may need to include a dependency on a specific version of the CDP using something similar to `org.seleniumhq.selenium:selenium-devtools-v86:4.12.0` where the version ("v86") matches the version of the chromium-based browser you're using and the version number of the artifact is the same as Selenium's.
]]></system-err>
  </testcase>
  <testcase name="testDuplicateRegistration" classname="UITestCases.BuggyCarsUITests" time="0.777">
    <failure message="expected [true] but found [false]" type="java.lang.AssertionError"><![CDATA[java.lang.AssertionError: expected [true] but found [false]
	at org.testng.Assert.fail(Assert.java:110)
	at org.testng.Assert.failNotEquals(Assert.java:1413)
	at org.testng.Assert.assertTrue(Assert.java:56)
	at org.testng.Assert.assertTrue(Assert.java:66)
	at UITestCases.BuggyCarsUITests.testDuplicateRegistration(BuggyCarsUITests.java:79)
	at java.base/jdk.internal.reflect.NativeMethodAccessorImpl.invoke0(Native Method)
	at java.base/jdk.internal.reflect.NativeMethodAccessorImpl.invoke(NativeMethodAccessorImpl.java:77)
	at java.base/jdk.internal.reflect.DelegatingMethodAccessorImpl.invoke(DelegatingMethodAccessorImpl.java:43)
	at java.base/java.lang.reflect.Method.invoke(Method.java:568)
	at org.testng.internal.invokers.MethodInvocationHelper.invokeMethod(MethodInvocationHelper.java:139)
	at org.testng.internal.invokers.TestInvoker.invokeMethod(TestInvoker.java:677)
	at org.testng.internal.invokers.TestInvoker.invokeTestMethod(TestInvoker.java:221)
	at org.testng.internal.invokers.MethodRunner.runInSequence(MethodRunner.java:50)
	at org.testng.internal.invokers.TestInvoker$MethodInvocationAgent.invoke(TestInvoker.java:969)
	at org.testng.internal.invokers.TestInvoker.invokeTestMethods(TestInvoker.java:194)
	at org.testng.internal.invokers.TestMethodWorker.invokeTestMethods(TestMethodWorker.java:148)
	at org.testng.internal.invokers.TestMethodWorker.run(TestMethodWorker.java:128)
	at java.base/java.util.ArrayList.forEach(ArrayList.java:1511)
	at org.testng.TestRunner.privateRun(TestRunner.java:829)
	at org.testng.TestRunner.run(TestRunner.java:602)
	at org.testng.SuiteRunner.runTest(SuiteRunner.java:437)
	at org.testng.SuiteRunner.runSequentially(SuiteRunner.java:431)
	at org.testng.SuiteRunner.privateRun(SuiteRunner.java:391)
	at org.testng.SuiteRunner.run(SuiteRunner.java:330)
	at org.testng.SuiteRunnerWorker.runSuite(SuiteRunnerWorker.java:52)
	at org.testng.SuiteRunnerWorker.run(SuiteRunnerWorker.java:95)
	at org.testng.TestNG.runSuitesSequentially(TestNG.java:1256)
	at org.testng.TestNG.runSuitesLocally(TestNG.java:1176)
	at org.testng.TestNG.runSuites(TestNG.java:1099)
	at org.testng.TestNG.run(TestNG.java:1067)
	at org.apache.maven.surefire.testng.TestNGExecutor.run(TestNGExecutor.java:324)
	at org.apache.maven.surefire.testng.TestNGXmlTestSuite.execute(TestNGXmlTestSuite.java:74)
	at org.apache.maven.surefire.testng.TestNGProvider.invoke(TestNGProvider.java:123)
	at org.apache.maven.surefire.booter.ForkedBooter.runSuitesInProcess(ForkedBooter.java:456)
	at org.apache.maven.surefire.booter.ForkedBooter.execute(ForkedBooter.java:169)
	at org.apache.maven.surefire.booter.ForkedBooter.run(ForkedBooter.java:595)
	at org.apache.maven.surefire.booter.ForkedBooter.main(ForkedBooter.java:581)
]]></failure>
    <system-out><![CDATA[14:21:32.187 [Driver Command Executor] DEBUG org.asynchttpclient.netty.request.NettyRequestSender -- Using pooled Channel '[id: 0x556c60c0, L:/127.0.0.1:55178 - R:localhost/127.0.0.1:2167]' for 'DELETE' to 'http://localhost:2167/session/e1266e65879f7f454a46d113bcb31f4e'
14:21:32.187 [AsyncHttpClient-1-10] DEBUG org.asynchttpclient.netty.handler.WebSocketHandler -- Channel Closed: [id: 0x2cba4402, L:/127.0.0.1:55187 ! R:localhost/127.0.0.1:55179] with attribute DISCARD
14:21:32.187 [Driver Command Executor] DEBUG org.asynchttpclient.netty.request.NettyRequestSender -- Using open Channel [id: 0x556c60c0, L:/127.0.0.1:55178 - R:localhost/127.0.0.1:2167] for DELETE '/session/e1266e65879f7f454a46d113bcb31f4e'
14:21:32.232 [AsyncHttpClient-1-9] DEBUG org.asynchttpclient.netty.handler.HttpHandler -- Unexpected I/O exception on channel [id: 0x3ed7762e, L:/127.0.0.1:55186 - R:localhost/127.0.0.1:55179]
java.net.SocketException: Connection reset
	at java.base/sun.nio.ch.SocketChannelImpl.throwConnectionReset(SocketChannelImpl.java:394)
	at java.base/sun.nio.ch.SocketChannelImpl.read(SocketChannelImpl.java:426)
	at io.netty.buffer.PooledByteBuf.setBytes(PooledByteBuf.java:254)
	at io.netty.buffer.AbstractByteBuf.writeBytes(AbstractByteBuf.java:1132)
	at io.netty.channel.socket.nio.NioSocketChannel.doReadBytes(NioSocketChannel.java:357)
	at io.netty.channel.nio.AbstractNioByteChannel$NioByteUnsafe.read(AbstractNioByteChannel.java:151)
	at io.netty.channel.nio.NioEventLoop.processSelectedKey(NioEventLoop.java:788)
	at io.netty.channel.nio.NioEventLoop.processSelectedKeysOptimized(NioEventLoop.java:724)
	at io.netty.channel.nio.NioEventLoop.processSelectedKeys(NioEventLoop.java:650)
	at io.netty.channel.nio.NioEventLoop.run(NioEventLoop.java:562)
	at io.netty.util.concurrent.SingleThreadEventExecutor$4.run(SingleThreadEventExecutor.java:997)
	at io.netty.util.internal.ThreadExecutorMap$2.run(ThreadExecutorMap.java:74)
	at io.netty.util.concurrent.FastThreadLocalRunnable.run(FastThreadLocalRunnable.java:30)
	at java.base/java.lang.Thread.run(Thread.java:842)
14:21:32.232 [AsyncHttpClient-1-9] DEBUG org.asynchttpclient.netty.channel.ChannelManager -- Closing Channel [id: 0x3ed7762e, L:/127.0.0.1:55186 - R:localhost/127.0.0.1:55179] 
14:21:32.234 [AsyncHttpClient-1-9] DEBUG org.asynchttpclient.netty.handler.HttpHandler -- Channel Closed: [id: 0x3ed7762e, L:/127.0.0.1:55186 ! R:localhost/127.0.0.1:55179] with attribute DISCARD
14:21:32.267 [AsyncHttpClient-1-8] DEBUG org.asynchttpclient.netty.handler.HttpHandler -- 

Request DefaultFullHttpRequest(decodeResult: success, version: HTTP/1.1, content: EmptyByteBufBE)
DELETE /session/e1266e65879f7f454a46d113bcb31f4e HTTP/1.1
User-Agent: selenium/4.12.0 (java windows)
Content-Type: application/json; charset=utf-8
host: localhost:2167
accept: */*

Response DefaultHttpResponse(decodeResult: success, version: HTTP/1.1)
HTTP/1.1 200 OK
Content-Length: 14
Content-Type: application/json; charset=utf-8
cache-control: no-cache

14:21:32.268 [AsyncHttpClient-1-8] DEBUG org.asynchttpclient.netty.channel.ChannelManager -- Adding key: http://localhost:2167 for channel [id: 0x556c60c0, L:/127.0.0.1:55178 - R:localhost/127.0.0.1:2167]
14:21:32.325 [AsyncHttpClient-1-1] DEBUG org.asynchttpclient.netty.channel.DefaultChannelPool -- Entry count for : http://localhost:2167 : 1
14:21:32.325 [AsyncHttpClient-1-1] DEBUG org.asynchttpclient.netty.channel.DefaultChannelPool -- Entry count for : http://localhost:55179 : 1
14:21:32.325 [AsyncHttpClient-1-1] DEBUG org.asynchttpclient.netty.channel.DefaultChannelPool -- Adding Candidate expired Channel [id: 0x3ed7762e, L:/127.0.0.1:55186 ! R:localhost/127.0.0.1:55179] isIdleTimeoutExpired=false isRemotelyClosed=true isTtlExpired=false
14:21:32.325 [AsyncHttpClient-1-1] DEBUG org.asynchttpclient.netty.channel.DefaultChannelPool -- Closing Idle Channel [id: 0x3ed7762e, L:/127.0.0.1:55186 ! R:localhost/127.0.0.1:55179]
14:21:32.325 [AsyncHttpClient-1-1] DEBUG org.asynchttpclient.netty.channel.DefaultChannelPool -- Closed 1 connections out of 2 in 0 ms
14:21:32.378 [AsyncHttpClient-1-8] DEBUG org.asynchttpclient.netty.handler.HttpHandler -- Channel Closed: [id: 0x556c60c0, L:/127.0.0.1:55178 ! R:localhost/127.0.0.1:2167] with attribute DISCARD
14:21:32.434 [main] DEBUG io.github.bonigarcia.wdm.WebDriverManager -- Using WebDriverManager 5.5.3
14:21:32.441 [main] DEBUG io.github.bonigarcia.wdm.cache.ResolutionCache -- Resolution chrome=131 in cache (valid until 15:21:23 02/01/2025 IST)
14:21:32.442 [main] DEBUG io.github.bonigarcia.wdm.cache.ResolutionCache -- Resolution chrome131=131.0.6778.204 in cache (valid until 14:21:23 03/01/2025 IST)
14:21:32.442 [main] INFO io.github.bonigarcia.wdm.WebDriverManager -- Using chromedriver 131.0.6778.204 (resolved driver for Chrome 131)
14:21:32.446 [main] DEBUG io.github.bonigarcia.wdm.WebDriverManager -- Driver chromedriver 131.0.6778.204 found in cache
14:21:32.446 [main] INFO io.github.bonigarcia.wdm.WebDriverManager -- Exporting webdriver.chrome.driver as C:\Users\sasitharan\.cache\selenium\chromedriver\win64\131.0.6778.204\chromedriver.exe
14:21:32.518 [AsyncHttpClient-1-11] DEBUG org.asynchttpclient.netty.channel.NettyConnectListener -- Using new Channel '[id: 0x2b3bf9d3, L:/127.0.0.1:55197 - R:localhost/127.0.0.1:28663]' for 'POST' to '/session'
14:21:33.393 [AsyncHttpClient-1-11] DEBUG org.asynchttpclient.netty.handler.HttpHandler -- 

Request DefaultHttpRequest(decodeResult: success, version: HTTP/1.1)
POST /session HTTP/1.1
User-Agent: selenium/4.12.0 (java windows)
Content-Length: 254
Content-Type: application/json; charset=utf-8
host: localhost:28663
accept: */*

Response DefaultHttpResponse(decodeResult: success, version: HTTP/1.1)
HTTP/1.1 200 OK
Content-Length: 888
Content-Type: application/json; charset=utf-8
cache-control: no-cache

14:21:33.393 [AsyncHttpClient-1-11] DEBUG org.asynchttpclient.netty.channel.ChannelManager -- Adding key: http://localhost:28663 for channel [id: 0x2b3bf9d3, L:/127.0.0.1:55197 - R:localhost/127.0.0.1:28663]
14:21:33.401 [AsyncHttpClient-1-12] DEBUG org.asynchttpclient.netty.channel.NettyConnectListener -- Using new Channel '[id: 0x4f8eef76, L:/127.0.0.1:55204 - R:localhost/127.0.0.1:55198]' for 'GET' to '/json/version'
14:21:33.403 [AsyncHttpClient-1-12] DEBUG org.asynchttpclient.netty.handler.HttpHandler -- 

Request DefaultFullHttpRequest(decodeResult: success, version: HTTP/1.1, content: EmptyByteBufBE)
GET /json/version HTTP/1.1
User-Agent: selenium/4.12.0 (java windows)
host: localhost:55198
accept: */*

Response DefaultHttpResponse(decodeResult: success, version: HTTP/1.1)
HTTP/1.1 200 OK
Content-Security-Policy: frame-ancestors 'none'
Content-Length: 424
Content-Type: application/json; charset=UTF-8

14:21:33.403 [AsyncHttpClient-1-12] DEBUG org.asynchttpclient.netty.channel.ChannelManager -- Adding key: http://localhost:55198 for channel [id: 0x4f8eef76, L:/127.0.0.1:55204 - R:localhost/127.0.0.1:55198]
14:21:33.408 [AsyncHttpClient-1-13] DEBUG org.asynchttpclient.netty.channel.NettyConnectListener -- Using new Channel '[id: 0x9d124eb3, L:/127.0.0.1:55205 - R:localhost/127.0.0.1:55198]' for 'GET' to '/devtools/browser/f7f801b7-075e-471c-8936-4da5db610abb'
14:21:33.411 [AsyncHttpClient-1-13] DEBUG org.asynchttpclient.netty.handler.WebSocketHandler -- 

Request DefaultFullHttpRequest(decodeResult: success, version: HTTP/1.1, content: EmptyByteBufBE)
GET /devtools/browser/f7f801b7-075e-471c-8936-4da5db610abb HTTP/1.1
upgrade: websocket
connection: upgrade
sec-websocket-key: kULp+X/k4bS3J37a+vSfAA==
sec-websocket-version: 13
origin: http://localhost:55198
host: localhost:55198
accept: */*
user-agent: AHC/2.1

Response DefaultHttpResponse(decodeResult: success, version: HTTP/1.1)
HTTP/1.1 101 WebSocket Protocol Handshake
Upgrade: WebSocket
Connection: Upgrade
Sec-WebSocket-Accept: YTT/fp3B2y4wNd5QUT4p/aKeYTM=

14:21:33.416 [Forwarding maximizeCurrentWindow on session c8fe707a1b6166693512322352f820cc to remote] DEBUG org.asynchttpclient.netty.request.NettyRequestSender -- Using pooled Channel '[id: 0x2b3bf9d3, L:/127.0.0.1:55197 - R:localhost/127.0.0.1:28663]' for 'POST' to 'http://localhost:28663/session/c8fe707a1b6166693512322352f820cc/window/maximize'
14:21:33.416 [Forwarding maximizeCurrentWindow on session c8fe707a1b6166693512322352f820cc to remote] DEBUG org.asynchttpclient.netty.request.NettyRequestSender -- Using open Channel [id: 0x2b3bf9d3, L:/127.0.0.1:55197 - R:localhost/127.0.0.1:28663] for POST '/session/c8fe707a1b6166693512322352f820cc/window/maximize'
14:21:33.423 [AsyncHttpClient-1-1] DEBUG org.asynchttpclient.netty.channel.DefaultChannelPool -- Entry count for : http://localhost:2167 : 1
14:21:33.423 [AsyncHttpClient-1-1] DEBUG org.asynchttpclient.netty.channel.DefaultChannelPool -- Entry count for : http://localhost:55198 : 1
14:21:33.423 [AsyncHttpClient-1-1] DEBUG org.asynchttpclient.netty.channel.DefaultChannelPool -- Adding Candidate expired Channel [id: 0x556c60c0, L:/127.0.0.1:55178 ! R:localhost/127.0.0.1:2167] isIdleTimeoutExpired=false isRemotelyClosed=true isTtlExpired=false
14:21:33.423 [AsyncHttpClient-1-1] DEBUG org.asynchttpclient.netty.channel.DefaultChannelPool -- Closing Idle Channel [id: 0x556c60c0, L:/127.0.0.1:55178 ! R:localhost/127.0.0.1:2167]
14:21:33.424 [AsyncHttpClient-1-1] DEBUG org.asynchttpclient.netty.channel.DefaultChannelPool -- Closed 1 connections out of 2 in 1 ms
14:21:33.479 [AsyncHttpClient-1-11] DEBUG org.asynchttpclient.netty.handler.HttpHandler -- 

Request DefaultHttpRequest(decodeResult: success, version: HTTP/1.1)
POST /session/c8fe707a1b6166693512322352f820cc/window/maximize HTTP/1.1
User-Agent: selenium/4.12.0 (java windows)
Content-Length: 3
Content-Type: application/json; charset=utf-8
host: localhost:28663
accept: */*

Response DefaultHttpResponse(decodeResult: success, version: HTTP/1.1)
HTTP/1.1 200 OK
Content-Length: 51
Content-Type: application/json; charset=utf-8
cache-control: no-cache

14:21:33.479 [AsyncHttpClient-1-11] DEBUG org.asynchttpclient.netty.channel.ChannelManager -- Adding key: http://localhost:28663 for channel [id: 0x2b3bf9d3, L:/127.0.0.1:55197 - R:localhost/127.0.0.1:28663]
14:21:33.480 [Forwarding get on session c8fe707a1b6166693512322352f820cc to remote] DEBUG org.asynchttpclient.netty.request.NettyRequestSender -- Using pooled Channel '[id: 0x2b3bf9d3, L:/127.0.0.1:55197 - R:localhost/127.0.0.1:28663]' for 'POST' to 'http://localhost:28663/session/c8fe707a1b6166693512322352f820cc/url'
14:21:33.480 [Forwarding get on session c8fe707a1b6166693512322352f820cc to remote] DEBUG org.asynchttpclient.netty.request.NettyRequestSender -- Using open Channel [id: 0x2b3bf9d3, L:/127.0.0.1:55197 - R:localhost/127.0.0.1:28663] for POST '/session/c8fe707a1b6166693512322352f820cc/url'
14:21:34.449 [AsyncHttpClient-1-11] DEBUG org.asynchttpclient.netty.handler.HttpHandler -- 

Request DefaultHttpRequest(decodeResult: success, version: HTTP/1.1)
POST /session/c8fe707a1b6166693512322352f820cc/url HTTP/1.1
User-Agent: selenium/4.12.0 (java windows)
Content-Length: 58
Content-Type: application/json; charset=utf-8
host: localhost:28663
accept: */*

Response DefaultHttpResponse(decodeResult: success, version: HTTP/1.1)
HTTP/1.1 200 OK
Content-Length: 14
Content-Type: application/json; charset=utf-8
cache-control: no-cache

14:21:34.450 [AsyncHttpClient-1-11] DEBUG org.asynchttpclient.netty.channel.ChannelManager -- Adding key: http://localhost:28663 for channel [id: 0x2b3bf9d3, L:/127.0.0.1:55197 - R:localhost/127.0.0.1:28663]
14:21:34.455 [Forwarding findElement on session c8fe707a1b6166693512322352f820cc to remote] DEBUG org.asynchttpclient.netty.request.NettyRequestSender -- Using pooled Channel '[id: 0x2b3bf9d3, L:/127.0.0.1:55197 - R:localhost/127.0.0.1:28663]' for 'POST' to 'http://localhost:28663/session/c8fe707a1b6166693512322352f820cc/element'
14:21:34.455 [Forwarding findElement on session c8fe707a1b6166693512322352f820cc to remote] DEBUG org.asynchttpclient.netty.request.NettyRequestSender -- Using open Channel [id: 0x2b3bf9d3, L:/127.0.0.1:55197 - R:localhost/127.0.0.1:28663] for POST '/session/c8fe707a1b6166693512322352f820cc/element'
14:21:34.478 [AsyncHttpClient-1-11] DEBUG org.asynchttpclient.netty.handler.HttpHandler -- 

Request DefaultHttpRequest(decodeResult: success, version: HTTP/1.1)
POST /session/c8fe707a1b6166693512322352f820cc/element HTTP/1.1
User-Agent: selenium/4.12.0 (java windows)
Content-Length: 49
Content-Type: application/json; charset=utf-8
host: localhost:28663
accept: */*

Response DefaultHttpResponse(decodeResult: success, version: HTTP/1.1)
HTTP/1.1 200 OK
Content-Length: 126
Content-Type: application/json; charset=utf-8
cache-control: no-cache

14:21:34.478 [AsyncHttpClient-1-11] DEBUG org.asynchttpclient.netty.channel.ChannelManager -- Adding key: http://localhost:28663 for channel [id: 0x2b3bf9d3, L:/127.0.0.1:55197 - R:localhost/127.0.0.1:28663]
14:21:34.480 [Forwarding clickElement on session c8fe707a1b6166693512322352f820cc to remote] DEBUG org.asynchttpclient.netty.request.NettyRequestSender -- Using pooled Channel '[id: 0x2b3bf9d3, L:/127.0.0.1:55197 - R:localhost/127.0.0.1:28663]' for 'POST' to 'http://localhost:28663/session/c8fe707a1b6166693512322352f820cc/element/f.CB92EE7133D6005219E15A6B86313624.d.377A8C92EA1FA1D14F77B55B2711A88D.e.21/click'
14:21:34.480 [Forwarding clickElement on session c8fe707a1b6166693512322352f820cc to remote] DEBUG org.asynchttpclient.netty.request.NettyRequestSender -- Using open Channel [id: 0x2b3bf9d3, L:/127.0.0.1:55197 - R:localhost/127.0.0.1:28663] for POST '/session/c8fe707a1b6166693512322352f820cc/element/f.CB92EE7133D6005219E15A6B86313624.d.377A8C92EA1FA1D14F77B55B2711A88D.e.21/click'
14:21:34.529 [AsyncHttpClient-1-1] DEBUG org.asynchttpclient.netty.channel.DefaultChannelPool -- Entry count for : http://localhost:55198 : 1
14:21:34.600 [AsyncHttpClient-1-11] DEBUG org.asynchttpclient.netty.handler.HttpHandler -- 

Request DefaultHttpRequest(decodeResult: success, version: HTTP/1.1)
POST /session/c8fe707a1b6166693512322352f820cc/element/f.CB92EE7133D6005219E15A6B86313624.d.377A8C92EA1FA1D14F77B55B2711A88D.e.21/click HTTP/1.1
User-Agent: selenium/4.12.0 (java windows)
Content-Length: 88
Content-Type: application/json; charset=utf-8
host: localhost:28663
accept: */*

Response DefaultHttpResponse(decodeResult: success, version: HTTP/1.1)
HTTP/1.1 200 OK
Content-Length: 14
Content-Type: application/json; charset=utf-8
cache-control: no-cache

14:21:34.600 [AsyncHttpClient-1-11] DEBUG org.asynchttpclient.netty.channel.ChannelManager -- Adding key: http://localhost:28663 for channel [id: 0x2b3bf9d3, L:/127.0.0.1:55197 - R:localhost/127.0.0.1:28663]
14:21:34.601 [Forwarding findElement on session c8fe707a1b6166693512322352f820cc to remote] DEBUG org.asynchttpclient.netty.request.NettyRequestSender -- Using pooled Channel '[id: 0x2b3bf9d3, L:/127.0.0.1:55197 - R:localhost/127.0.0.1:28663]' for 'POST' to 'http://localhost:28663/session/c8fe707a1b6166693512322352f820cc/element'
14:21:34.601 [Forwarding findElement on session c8fe707a1b6166693512322352f820cc to remote] DEBUG org.asynchttpclient.netty.request.NettyRequestSender -- Using open Channel [id: 0x2b3bf9d3, L:/127.0.0.1:55197 - R:localhost/127.0.0.1:28663] for POST '/session/c8fe707a1b6166693512322352f820cc/element'
14:21:34.616 [AsyncHttpClient-1-11] DEBUG org.asynchttpclient.netty.handler.HttpHandler -- 

Request DefaultHttpRequest(decodeResult: success, version: HTTP/1.1)
POST /session/c8fe707a1b6166693512322352f820cc/element HTTP/1.1
User-Agent: selenium/4.12.0 (java windows)
Content-Length: 53
Content-Type: application/json; charset=utf-8
host: localhost:28663
accept: */*

Response DefaultHttpResponse(decodeResult: success, version: HTTP/1.1)
HTTP/1.1 200 OK
Content-Length: 126
Content-Type: application/json; charset=utf-8
cache-control: no-cache

14:21:34.616 [AsyncHttpClient-1-11] DEBUG org.asynchttpclient.netty.channel.ChannelManager -- Adding key: http://localhost:28663 for channel [id: 0x2b3bf9d3, L:/127.0.0.1:55197 - R:localhost/127.0.0.1:28663]
14:21:34.618 [Forwarding sendKeysToElement on session c8fe707a1b6166693512322352f820cc to remote] DEBUG org.asynchttpclient.netty.request.NettyRequestSender -- Using pooled Channel '[id: 0x2b3bf9d3, L:/127.0.0.1:55197 - R:localhost/127.0.0.1:28663]' for 'POST' to 'http://localhost:28663/session/c8fe707a1b6166693512322352f820cc/element/f.CB92EE7133D6005219E15A6B86313624.d.377A8C92EA1FA1D14F77B55B2711A88D.e.26/value'
14:21:34.618 [Forwarding sendKeysToElement on session c8fe707a1b6166693512322352f820cc to remote] DEBUG org.asynchttpclient.netty.request.NettyRequestSender -- Using open Channel [id: 0x2b3bf9d3, L:/127.0.0.1:55197 - R:localhost/127.0.0.1:28663] for POST '/session/c8fe707a1b6166693512322352f820cc/element/f.CB92EE7133D6005219E15A6B86313624.d.377A8C92EA1FA1D14F77B55B2711A88D.e.26/value'
14:21:34.731 [AsyncHttpClient-1-11] DEBUG org.asynchttpclient.netty.handler.HttpHandler -- 

Request DefaultHttpRequest(decodeResult: success, version: HTTP/1.1)
POST /session/c8fe707a1b6166693512322352f820cc/element/f.CB92EE7133D6005219E15A6B86313624.d.377A8C92EA1FA1D14F77B55B2711A88D.e.26/value HTTP/1.1
User-Agent: selenium/4.12.0 (java windows)
Content-Length: 229
Content-Type: application/json; charset=utf-8
host: localhost:28663
accept: */*

Response DefaultHttpResponse(decodeResult: success, version: HTTP/1.1)
HTTP/1.1 200 OK
Content-Length: 14
Content-Type: application/json; charset=utf-8
cache-control: no-cache

14:21:34.732 [AsyncHttpClient-1-11] DEBUG org.asynchttpclient.netty.channel.ChannelManager -- Adding key: http://localhost:28663 for channel [id: 0x2b3bf9d3, L:/127.0.0.1:55197 - R:localhost/127.0.0.1:28663]
14:21:34.734 [Forwarding findElement on session c8fe707a1b6166693512322352f820cc to remote] DEBUG org.asynchttpclient.netty.request.NettyRequestSender -- Using pooled Channel '[id: 0x2b3bf9d3, L:/127.0.0.1:55197 - R:localhost/127.0.0.1:28663]' for 'POST' to 'http://localhost:28663/session/c8fe707a1b6166693512322352f820cc/element'
14:21:34.735 [Forwarding findElement on session c8fe707a1b6166693512322352f820cc to remote] DEBUG org.asynchttpclient.netty.request.NettyRequestSender -- Using open Channel [id: 0x2b3bf9d3, L:/127.0.0.1:55197 - R:localhost/127.0.0.1:28663] for POST '/session/c8fe707a1b6166693512322352f820cc/element'
14:21:34.753 [AsyncHttpClient-1-11] DEBUG org.asynchttpclient.netty.handler.HttpHandler -- 

Request DefaultHttpRequest(decodeResult: success, version: HTTP/1.1)
POST /session/c8fe707a1b6166693512322352f820cc/element HTTP/1.1
User-Agent: selenium/4.12.0 (java windows)
Content-Length: 54
Content-Type: application/json; charset=utf-8
host: localhost:28663
accept: */*

Response DefaultHttpResponse(decodeResult: success, version: HTTP/1.1)
HTTP/1.1 200 OK
Content-Length: 126
Content-Type: application/json; charset=utf-8
cache-control: no-cache

14:21:34.753 [AsyncHttpClient-1-11] DEBUG org.asynchttpclient.netty.channel.ChannelManager -- Adding key: http://localhost:28663 for channel [id: 0x2b3bf9d3, L:/127.0.0.1:55197 - R:localhost/127.0.0.1:28663]
14:21:34.754 [Forwarding sendKeysToElement on session c8fe707a1b6166693512322352f820cc to remote] DEBUG org.asynchttpclient.netty.request.NettyRequestSender -- Using pooled Channel '[id: 0x2b3bf9d3, L:/127.0.0.1:55197 - R:localhost/127.0.0.1:28663]' for 'POST' to 'http://localhost:28663/session/c8fe707a1b6166693512322352f820cc/element/f.CB92EE7133D6005219E15A6B86313624.d.377A8C92EA1FA1D14F77B55B2711A88D.e.29/value'
14:21:34.754 [Forwarding sendKeysToElement on session c8fe707a1b6166693512322352f820cc to remote] DEBUG org.asynchttpclient.netty.request.NettyRequestSender -- Using open Channel [id: 0x2b3bf9d3, L:/127.0.0.1:55197 - R:localhost/127.0.0.1:28663] for POST '/session/c8fe707a1b6166693512322352f820cc/element/f.CB92EE7133D6005219E15A6B86313624.d.377A8C92EA1FA1D14F77B55B2711A88D.e.29/value'
14:21:34.819 [AsyncHttpClient-1-11] DEBUG org.asynchttpclient.netty.handler.HttpHandler -- 

Request DefaultHttpRequest(decodeResult: success, version: HTTP/1.1)
POST /session/c8fe707a1b6166693512322352f820cc/element/f.CB92EE7133D6005219E15A6B86313624.d.377A8C92EA1FA1D14F77B55B2711A88D.e.29/value HTTP/1.1
User-Agent: selenium/4.12.0 (java windows)
Content-Length: 159
Content-Type: application/json; charset=utf-8
host: localhost:28663
accept: */*

Response DefaultHttpResponse(decodeResult: success, version: HTTP/1.1)
HTTP/1.1 200 OK
Content-Length: 14
Content-Type: application/json; charset=utf-8
cache-control: no-cache

14:21:34.819 [AsyncHttpClient-1-11] DEBUG org.asynchttpclient.netty.channel.ChannelManager -- Adding key: http://localhost:28663 for channel [id: 0x2b3bf9d3, L:/127.0.0.1:55197 - R:localhost/127.0.0.1:28663]
14:21:34.820 [Forwarding findElement on session c8fe707a1b6166693512322352f820cc to remote] DEBUG org.asynchttpclient.netty.request.NettyRequestSender -- Using pooled Channel '[id: 0x2b3bf9d3, L:/127.0.0.1:55197 - R:localhost/127.0.0.1:28663]' for 'POST' to 'http://localhost:28663/session/c8fe707a1b6166693512322352f820cc/element'
14:21:34.820 [Forwarding findElement on session c8fe707a1b6166693512322352f820cc to remote] DEBUG org.asynchttpclient.netty.request.NettyRequestSender -- Using open Channel [id: 0x2b3bf9d3, L:/127.0.0.1:55197 - R:localhost/127.0.0.1:28663] for POST '/session/c8fe707a1b6166693512322352f820cc/element'
14:21:34.834 [AsyncHttpClient-1-11] DEBUG org.asynchttpclient.netty.handler.HttpHandler -- 

Request DefaultHttpRequest(decodeResult: success, version: HTTP/1.1)
POST /session/c8fe707a1b6166693512322352f820cc/element HTTP/1.1
User-Agent: selenium/4.12.0 (java windows)
Content-Length: 53
Content-Type: application/json; charset=utf-8
host: localhost:28663
accept: */*

Response DefaultHttpResponse(decodeResult: success, version: HTTP/1.1)
HTTP/1.1 200 OK
Content-Length: 126
Content-Type: application/json; charset=utf-8
cache-control: no-cache

14:21:34.835 [AsyncHttpClient-1-11] DEBUG org.asynchttpclient.netty.channel.ChannelManager -- Adding key: http://localhost:28663 for channel [id: 0x2b3bf9d3, L:/127.0.0.1:55197 - R:localhost/127.0.0.1:28663]
14:21:34.836 [Forwarding sendKeysToElement on session c8fe707a1b6166693512322352f820cc to remote] DEBUG org.asynchttpclient.netty.request.NettyRequestSender -- Using pooled Channel '[id: 0x2b3bf9d3, L:/127.0.0.1:55197 - R:localhost/127.0.0.1:28663]' for 'POST' to 'http://localhost:28663/session/c8fe707a1b6166693512322352f820cc/element/f.CB92EE7133D6005219E15A6B86313624.d.377A8C92EA1FA1D14F77B55B2711A88D.e.30/value'
14:21:34.836 [Forwarding sendKeysToElement on session c8fe707a1b6166693512322352f820cc to remote] DEBUG org.asynchttpclient.netty.request.NettyRequestSender -- Using open Channel [id: 0x2b3bf9d3, L:/127.0.0.1:55197 - R:localhost/127.0.0.1:28663] for POST '/session/c8fe707a1b6166693512322352f820cc/element/f.CB92EE7133D6005219E15A6B86313624.d.377A8C92EA1FA1D14F77B55B2711A88D.e.30/value'
14:21:34.894 [AsyncHttpClient-1-11] DEBUG org.asynchttpclient.netty.handler.HttpHandler -- 

Request DefaultHttpRequest(decodeResult: success, version: HTTP/1.1)
POST /session/c8fe707a1b6166693512322352f820cc/element/f.CB92EE7133D6005219E15A6B86313624.d.377A8C92EA1FA1D14F77B55B2711A88D.e.30/value HTTP/1.1
User-Agent: selenium/4.12.0 (java windows)
Content-Length: 159
Content-Type: application/json; charset=utf-8
host: localhost:28663
accept: */*

Response DefaultHttpResponse(decodeResult: success, version: HTTP/1.1)
HTTP/1.1 200 OK
Content-Length: 14
Content-Type: application/json; charset=utf-8
cache-control: no-cache

14:21:34.894 [AsyncHttpClient-1-11] DEBUG org.asynchttpclient.netty.channel.ChannelManager -- Adding key: http://localhost:28663 for channel [id: 0x2b3bf9d3, L:/127.0.0.1:55197 - R:localhost/127.0.0.1:28663]
14:21:34.895 [Forwarding findElement on session c8fe707a1b6166693512322352f820cc to remote] DEBUG org.asynchttpclient.netty.request.NettyRequestSender -- Using pooled Channel '[id: 0x2b3bf9d3, L:/127.0.0.1:55197 - R:localhost/127.0.0.1:28663]' for 'POST' to 'http://localhost:28663/session/c8fe707a1b6166693512322352f820cc/element'
14:21:34.895 [Forwarding findElement on session c8fe707a1b6166693512322352f820cc to remote] DEBUG org.asynchttpclient.netty.request.NettyRequestSender -- Using open Channel [id: 0x2b3bf9d3, L:/127.0.0.1:55197 - R:localhost/127.0.0.1:28663] for POST '/session/c8fe707a1b6166693512322352f820cc/element'
14:21:34.910 [AsyncHttpClient-1-11] DEBUG org.asynchttpclient.netty.handler.HttpHandler -- 

Request DefaultHttpRequest(decodeResult: success, version: HTTP/1.1)
POST /session/c8fe707a1b6166693512322352f820cc/element HTTP/1.1
User-Agent: selenium/4.12.0 (java windows)
Content-Length: 53
Content-Type: application/json; charset=utf-8
host: localhost:28663
accept: */*

Response DefaultHttpResponse(decodeResult: success, version: HTTP/1.1)
HTTP/1.1 200 OK
Content-Length: 126
Content-Type: application/json; charset=utf-8
cache-control: no-cache

14:21:34.910 [AsyncHttpClient-1-11] DEBUG org.asynchttpclient.netty.channel.ChannelManager -- Adding key: http://localhost:28663 for channel [id: 0x2b3bf9d3, L:/127.0.0.1:55197 - R:localhost/127.0.0.1:28663]
14:21:34.911 [Forwarding sendKeysToElement on session c8fe707a1b6166693512322352f820cc to remote] DEBUG org.asynchttpclient.netty.request.NettyRequestSender -- Using pooled Channel '[id: 0x2b3bf9d3, L:/127.0.0.1:55197 - R:localhost/127.0.0.1:28663]' for 'POST' to 'http://localhost:28663/session/c8fe707a1b6166693512322352f820cc/element/f.CB92EE7133D6005219E15A6B86313624.d.377A8C92EA1FA1D14F77B55B2711A88D.e.22/value'
14:21:34.911 [Forwarding sendKeysToElement on session c8fe707a1b6166693512322352f820cc to remote] DEBUG org.asynchttpclient.netty.request.NettyRequestSender -- Using open Channel [id: 0x2b3bf9d3, L:/127.0.0.1:55197 - R:localhost/127.0.0.1:28663] for POST '/session/c8fe707a1b6166693512322352f820cc/element/f.CB92EE7133D6005219E15A6B86313624.d.377A8C92EA1FA1D14F77B55B2711A88D.e.22/value'
14:21:35.005 [AsyncHttpClient-1-11] DEBUG org.asynchttpclient.netty.handler.HttpHandler -- 

Request DefaultHttpRequest(decodeResult: success, version: HTTP/1.1)
POST /session/c8fe707a1b6166693512322352f820cc/element/f.CB92EE7133D6005219E15A6B86313624.d.377A8C92EA1FA1D14F77B55B2711A88D.e.22/value HTTP/1.1
User-Agent: selenium/4.12.0 (java windows)
Content-Length: 239
Content-Type: application/json; charset=utf-8
host: localhost:28663
accept: */*

Response DefaultHttpResponse(decodeResult: success, version: HTTP/1.1)
HTTP/1.1 200 OK
Content-Length: 14
Content-Type: application/json; charset=utf-8
cache-control: no-cache

14:21:35.005 [AsyncHttpClient-1-11] DEBUG org.asynchttpclient.netty.channel.ChannelManager -- Adding key: http://localhost:28663 for channel [id: 0x2b3bf9d3, L:/127.0.0.1:55197 - R:localhost/127.0.0.1:28663]
14:21:35.007 [Forwarding findElement on session c8fe707a1b6166693512322352f820cc to remote] DEBUG org.asynchttpclient.netty.request.NettyRequestSender -- Using pooled Channel '[id: 0x2b3bf9d3, L:/127.0.0.1:55197 - R:localhost/127.0.0.1:28663]' for 'POST' to 'http://localhost:28663/session/c8fe707a1b6166693512322352f820cc/element'
14:21:35.007 [Forwarding findElement on session c8fe707a1b6166693512322352f820cc to remote] DEBUG org.asynchttpclient.netty.request.NettyRequestSender -- Using open Channel [id: 0x2b3bf9d3, L:/127.0.0.1:55197 - R:localhost/127.0.0.1:28663] for POST '/session/c8fe707a1b6166693512322352f820cc/element'
14:21:35.026 [AsyncHttpClient-1-11] DEBUG org.asynchttpclient.netty.handler.HttpHandler -- 

Request DefaultHttpRequest(decodeResult: success, version: HTTP/1.1)
POST /session/c8fe707a1b6166693512322352f820cc/element HTTP/1.1
User-Agent: selenium/4.12.0 (java windows)
Content-Length: 60
Content-Type: application/json; charset=utf-8
host: localhost:28663
accept: */*

Response DefaultHttpResponse(decodeResult: success, version: HTTP/1.1)
HTTP/1.1 200 OK
Content-Length: 126
Content-Type: application/json; charset=utf-8
cache-control: no-cache

14:21:35.027 [AsyncHttpClient-1-11] DEBUG org.asynchttpclient.netty.channel.ChannelManager -- Adding key: http://localhost:28663 for channel [id: 0x2b3bf9d3, L:/127.0.0.1:55197 - R:localhost/127.0.0.1:28663]
14:21:35.028 [Forwarding sendKeysToElement on session c8fe707a1b6166693512322352f820cc to remote] DEBUG org.asynchttpclient.netty.request.NettyRequestSender -- Using pooled Channel '[id: 0x2b3bf9d3, L:/127.0.0.1:55197 - R:localhost/127.0.0.1:28663]' for 'POST' to 'http://localhost:28663/session/c8fe707a1b6166693512322352f820cc/element/f.CB92EE7133D6005219E15A6B86313624.d.377A8C92EA1FA1D14F77B55B2711A88D.e.23/value'
14:21:35.029 [Forwarding sendKeysToElement on session c8fe707a1b6166693512322352f820cc to remote] DEBUG org.asynchttpclient.netty.request.NettyRequestSender -- Using open Channel [id: 0x2b3bf9d3, L:/127.0.0.1:55197 - R:localhost/127.0.0.1:28663] for POST '/session/c8fe707a1b6166693512322352f820cc/element/f.CB92EE7133D6005219E15A6B86313624.d.377A8C92EA1FA1D14F77B55B2711A88D.e.23/value'
14:21:35.105 [AsyncHttpClient-1-11] DEBUG org.asynchttpclient.netty.handler.HttpHandler -- 

Request DefaultHttpRequest(decodeResult: success, version: HTTP/1.1)
POST /session/c8fe707a1b6166693512322352f820cc/element/f.CB92EE7133D6005219E15A6B86313624.d.377A8C92EA1FA1D14F77B55B2711A88D.e.23/value HTTP/1.1
User-Agent: selenium/4.12.0 (java windows)
Content-Length: 239
Content-Type: application/json; charset=utf-8
host: localhost:28663
accept: */*

Response DefaultHttpResponse(decodeResult: success, version: HTTP/1.1)
HTTP/1.1 200 OK
Content-Length: 14
Content-Type: application/json; charset=utf-8
cache-control: no-cache

14:21:35.105 [AsyncHttpClient-1-11] DEBUG org.asynchttpclient.netty.channel.ChannelManager -- Adding key: http://localhost:28663 for channel [id: 0x2b3bf9d3, L:/127.0.0.1:55197 - R:localhost/127.0.0.1:28663]
14:21:35.105 [Forwarding findElement on session c8fe707a1b6166693512322352f820cc to remote] DEBUG org.asynchttpclient.netty.request.NettyRequestSender -- Using pooled Channel '[id: 0x2b3bf9d3, L:/127.0.0.1:55197 - R:localhost/127.0.0.1:28663]' for 'POST' to 'http://localhost:28663/session/c8fe707a1b6166693512322352f820cc/element'
14:21:35.107 [Forwarding findElement on session c8fe707a1b6166693512322352f820cc to remote] DEBUG org.asynchttpclient.netty.request.NettyRequestSender -- Using open Channel [id: 0x2b3bf9d3, L:/127.0.0.1:55197 - R:localhost/127.0.0.1:28663] for POST '/session/c8fe707a1b6166693512322352f820cc/element'
14:21:35.120 [AsyncHttpClient-1-11] DEBUG org.asynchttpclient.netty.handler.HttpHandler -- 

Request DefaultHttpRequest(decodeResult: success, version: HTTP/1.1)
POST /session/c8fe707a1b6166693512322352f820cc/element HTTP/1.1
User-Agent: selenium/4.12.0 (java windows)
Content-Length: 65
Content-Type: application/json; charset=utf-8
host: localhost:28663
accept: */*

Response DefaultHttpResponse(decodeResult: success, version: HTTP/1.1)
HTTP/1.1 200 OK
Content-Length: 126
Content-Type: application/json; charset=utf-8
cache-control: no-cache

14:21:35.120 [AsyncHttpClient-1-11] DEBUG org.asynchttpclient.netty.channel.ChannelManager -- Adding key: http://localhost:28663 for channel [id: 0x2b3bf9d3, L:/127.0.0.1:55197 - R:localhost/127.0.0.1:28663]
14:21:35.121 [Forwarding clickElement on session c8fe707a1b6166693512322352f820cc to remote] DEBUG org.asynchttpclient.netty.request.NettyRequestSender -- Using pooled Channel '[id: 0x2b3bf9d3, L:/127.0.0.1:55197 - R:localhost/127.0.0.1:28663]' for 'POST' to 'http://localhost:28663/session/c8fe707a1b6166693512322352f820cc/element/f.CB92EE7133D6005219E15A6B86313624.d.377A8C92EA1FA1D14F77B55B2711A88D.e.17/click'
14:21:35.121 [Forwarding clickElement on session c8fe707a1b6166693512322352f820cc to remote] DEBUG org.asynchttpclient.netty.request.NettyRequestSender -- Using open Channel [id: 0x2b3bf9d3, L:/127.0.0.1:55197 - R:localhost/127.0.0.1:28663] for POST '/session/c8fe707a1b6166693512322352f820cc/element/f.CB92EE7133D6005219E15A6B86313624.d.377A8C92EA1FA1D14F77B55B2711A88D.e.17/click'
14:21:35.211 [AsyncHttpClient-1-11] DEBUG org.asynchttpclient.netty.handler.HttpHandler -- 

Request DefaultHttpRequest(decodeResult: success, version: HTTP/1.1)
POST /session/c8fe707a1b6166693512322352f820cc/element/f.CB92EE7133D6005219E15A6B86313624.d.377A8C92EA1FA1D14F77B55B2711A88D.e.17/click HTTP/1.1
User-Agent: selenium/4.12.0 (java windows)
Content-Length: 88
Content-Type: application/json; charset=utf-8
host: localhost:28663
accept: */*

Response DefaultHttpResponse(decodeResult: success, version: HTTP/1.1)
HTTP/1.1 200 OK
Content-Length: 14
Content-Type: application/json; charset=utf-8
cache-control: no-cache

14:21:35.211 [AsyncHttpClient-1-11] DEBUG org.asynchttpclient.netty.channel.ChannelManager -- Adding key: http://localhost:28663 for channel [id: 0x2b3bf9d3, L:/127.0.0.1:55197 - R:localhost/127.0.0.1:28663]
14:21:35.212 [Forwarding getPageSource on session c8fe707a1b6166693512322352f820cc to remote] DEBUG org.asynchttpclient.netty.request.NettyRequestSender -- Using pooled Channel '[id: 0x2b3bf9d3, L:/127.0.0.1:55197 - R:localhost/127.0.0.1:28663]' for 'POST' to 'http://localhost:28663/session/c8fe707a1b6166693512322352f820cc/execute/sync'
14:21:35.212 [Forwarding getPageSource on session c8fe707a1b6166693512322352f820cc to remote] DEBUG org.asynchttpclient.netty.request.NettyRequestSender -- Using open Channel [id: 0x2b3bf9d3, L:/127.0.0.1:55197 - R:localhost/127.0.0.1:28663] for POST '/session/c8fe707a1b6166693512322352f820cc/execute/sync'
14:21:35.225 [AsyncHttpClient-1-11] DEBUG org.asynchttpclient.netty.handler.HttpHandler -- 

Request DefaultHttpRequest(decodeResult: success, version: HTTP/1.1)
POST /session/c8fe707a1b6166693512322352f820cc/execute/sync HTTP/1.1
User-Agent: selenium/4.12.0 (java windows)
Content-Length: 176
Content-Type: application/json; charset=utf-8
host: localhost:28663
accept: */*

Response DefaultHttpResponse(decodeResult: success, version: HTTP/1.1)
HTTP/1.1 200 OK
Content-Length: 7571
Content-Type: application/json; charset=utf-8
cache-control: no-cache

14:21:35.226 [AsyncHttpClient-1-11] DEBUG org.asynchttpclient.netty.channel.ChannelManager -- Adding key: http://localhost:28663 for channel [id: 0x2b3bf9d3, L:/127.0.0.1:55197 - R:localhost/127.0.0.1:28663]
]]></system-out>
    <system-err><![CDATA[Jan 02, 2025 2:21:33 PM org.openqa.selenium.devtools.CdpVersionFinder findNearestMatch
WARNING: Unable to find CDP implementation matching 131
Jan 02, 2025 2:21:33 PM org.openqa.selenium.chromium.ChromiumDriver lambda$new$5
WARNING: Unable to find version of CDP to use for 131.0.6778.205. You may need to include a dependency on a specific version of the CDP using something similar to `org.seleniumhq.selenium:selenium-devtools-v86:4.12.0` where the version ("v86") matches the version of the chromium-based browser you're using and the version number of the artifact is the same as Selenium's.
]]></system-err>
  </testcase>
  <testcase name="testLoginWithValidCredentials" classname="UITestCases.BuggyCarsUITests" time="0.373">
    <failure message="expected [true] but found [false]" type="java.lang.AssertionError"><![CDATA[java.lang.AssertionError: expected [true] but found [false]
	at org.testng.Assert.fail(Assert.java:110)
	at org.testng.Assert.failNotEquals(Assert.java:1413)
	at org.testng.Assert.assertTrue(Assert.java:56)
	at org.testng.Assert.assertTrue(Assert.java:66)
	at UITestCases.BuggyCarsUITests.testLoginWithValidCredentials(BuggyCarsUITests.java:39)
	at java.base/jdk.internal.reflect.NativeMethodAccessorImpl.invoke0(Native Method)
	at java.base/jdk.internal.reflect.NativeMethodAccessorImpl.invoke(NativeMethodAccessorImpl.java:77)
	at java.base/jdk.internal.reflect.DelegatingMethodAccessorImpl.invoke(DelegatingMethodAccessorImpl.java:43)
	at java.base/java.lang.reflect.Method.invoke(Method.java:568)
	at org.testng.internal.invokers.MethodInvocationHelper.invokeMethod(MethodInvocationHelper.java:139)
	at org.testng.internal.invokers.TestInvoker.invokeMethod(TestInvoker.java:677)
	at org.testng.internal.invokers.TestInvoker.invokeTestMethod(TestInvoker.java:221)
	at org.testng.internal.invokers.MethodRunner.runInSequence(MethodRunner.java:50)
	at org.testng.internal.invokers.TestInvoker$MethodInvocationAgent.invoke(TestInvoker.java:969)
	at org.testng.internal.invokers.TestInvoker.invokeTestMethods(TestInvoker.java:194)
	at org.testng.internal.invokers.TestMethodWorker.invokeTestMethods(TestMethodWorker.java:148)
	at org.testng.internal.invokers.TestMethodWorker.run(TestMethodWorker.java:128)
	at java.base/java.util.ArrayList.forEach(ArrayList.java:1511)
	at org.testng.TestRunner.privateRun(TestRunner.java:829)
	at org.testng.TestRunner.run(TestRunner.java:602)
	at org.testng.SuiteRunner.runTest(SuiteRunner.java:437)
	at org.testng.SuiteRunner.runSequentially(SuiteRunner.java:431)
	at org.testng.SuiteRunner.privateRun(SuiteRunner.java:391)
	at org.testng.SuiteRunner.run(SuiteRunner.java:330)
	at org.testng.SuiteRunnerWorker.runSuite(SuiteRunnerWorker.java:52)
	at org.testng.SuiteRunnerWorker.run(SuiteRunnerWorker.java:95)
	at org.testng.TestNG.runSuitesSequentially(TestNG.java:1256)
	at org.testng.TestNG.runSuitesLocally(TestNG.java:1176)
	at org.testng.TestNG.runSuites(TestNG.java:1099)
	at org.testng.TestNG.run(TestNG.java:1067)
	at org.apache.maven.surefire.testng.TestNGExecutor.run(TestNGExecutor.java:324)
	at org.apache.maven.surefire.testng.TestNGXmlTestSuite.execute(TestNGXmlTestSuite.java:74)
	at org.apache.maven.surefire.testng.TestNGProvider.invoke(TestNGProvider.java:123)
	at org.apache.maven.surefire.booter.ForkedBooter.runSuitesInProcess(ForkedBooter.java:456)
	at org.apache.maven.surefire.booter.ForkedBooter.execute(ForkedBooter.java:169)
	at org.apache.maven.surefire.booter.ForkedBooter.run(ForkedBooter.java:595)
	at org.apache.maven.surefire.booter.ForkedBooter.main(ForkedBooter.java:581)
]]></failure>
    <system-out><![CDATA[14:21:35.232 [Driver Command Executor] DEBUG org.asynchttpclient.netty.request.NettyRequestSender -- Using pooled Channel '[id: 0x2b3bf9d3, L:/127.0.0.1:55197 - R:localhost/127.0.0.1:28663]' for 'DELETE' to 'http://localhost:28663/session/c8fe707a1b6166693512322352f820cc'
14:21:35.232 [AsyncHttpClient-1-13] DEBUG org.asynchttpclient.netty.handler.WebSocketHandler -- Channel Closed: [id: 0x9d124eb3, L:/127.0.0.1:55205 ! R:localhost/127.0.0.1:55198] with attribute DISCARD
14:21:35.232 [Driver Command Executor] DEBUG org.asynchttpclient.netty.request.NettyRequestSender -- Using open Channel [id: 0x2b3bf9d3, L:/127.0.0.1:55197 - R:localhost/127.0.0.1:28663] for DELETE '/session/c8fe707a1b6166693512322352f820cc'
14:21:35.268 [AsyncHttpClient-1-12] DEBUG org.asynchttpclient.netty.handler.HttpHandler -- Unexpected I/O exception on channel [id: 0x4f8eef76, L:/127.0.0.1:55204 - R:localhost/127.0.0.1:55198]
java.net.SocketException: Connection reset
	at java.base/sun.nio.ch.SocketChannelImpl.throwConnectionReset(SocketChannelImpl.java:394)
	at java.base/sun.nio.ch.SocketChannelImpl.read(SocketChannelImpl.java:426)
	at io.netty.buffer.PooledByteBuf.setBytes(PooledByteBuf.java:254)
	at io.netty.buffer.AbstractByteBuf.writeBytes(AbstractByteBuf.java:1132)
	at io.netty.channel.socket.nio.NioSocketChannel.doReadBytes(NioSocketChannel.java:357)
	at io.netty.channel.nio.AbstractNioByteChannel$NioByteUnsafe.read(AbstractNioByteChannel.java:151)
	at io.netty.channel.nio.NioEventLoop.processSelectedKey(NioEventLoop.java:788)
	at io.netty.channel.nio.NioEventLoop.processSelectedKeysOptimized(NioEventLoop.java:724)
	at io.netty.channel.nio.NioEventLoop.processSelectedKeys(NioEventLoop.java:650)
	at io.netty.channel.nio.NioEventLoop.run(NioEventLoop.java:562)
	at io.netty.util.concurrent.SingleThreadEventExecutor$4.run(SingleThreadEventExecutor.java:997)
	at io.netty.util.internal.ThreadExecutorMap$2.run(ThreadExecutorMap.java:74)
	at io.netty.util.concurrent.FastThreadLocalRunnable.run(FastThreadLocalRunnable.java:30)
	at java.base/java.lang.Thread.run(Thread.java:842)
14:21:35.269 [AsyncHttpClient-1-12] DEBUG org.asynchttpclient.netty.channel.ChannelManager -- Closing Channel [id: 0x4f8eef76, L:/127.0.0.1:55204 - R:localhost/127.0.0.1:55198] 
14:21:35.269 [AsyncHttpClient-1-12] DEBUG org.asynchttpclient.netty.handler.HttpHandler -- Channel Closed: [id: 0x4f8eef76, L:/127.0.0.1:55204 ! R:localhost/127.0.0.1:55198] with attribute DISCARD
14:21:35.294 [AsyncHttpClient-1-11] DEBUG org.asynchttpclient.netty.handler.HttpHandler -- 

Request DefaultFullHttpRequest(decodeResult: success, version: HTTP/1.1, content: EmptyByteBufBE)
DELETE /session/c8fe707a1b6166693512322352f820cc HTTP/1.1
User-Agent: selenium/4.12.0 (java windows)
Content-Type: application/json; charset=utf-8
host: localhost:28663
accept: */*

Response DefaultHttpResponse(decodeResult: success, version: HTTP/1.1)
HTTP/1.1 200 OK
Content-Length: 14
Content-Type: application/json; charset=utf-8
cache-control: no-cache

14:21:35.294 [AsyncHttpClient-1-11] DEBUG org.asynchttpclient.netty.channel.ChannelManager -- Adding key: http://localhost:28663 for channel [id: 0x2b3bf9d3, L:/127.0.0.1:55197 - R:localhost/127.0.0.1:28663]
14:21:35.401 [AsyncHttpClient-1-11] DEBUG org.asynchttpclient.netty.handler.HttpHandler -- Channel Closed: [id: 0x2b3bf9d3, L:/127.0.0.1:55197 ! R:localhost/127.0.0.1:28663] with attribute DISCARD
14:21:35.436 [main] DEBUG io.github.bonigarcia.wdm.WebDriverManager -- Using WebDriverManager 5.5.3
14:21:35.444 [main] DEBUG io.github.bonigarcia.wdm.cache.ResolutionCache -- Resolution chrome=131 in cache (valid until 15:21:23 02/01/2025 IST)
14:21:35.446 [main] DEBUG io.github.bonigarcia.wdm.cache.ResolutionCache -- Resolution chrome131=131.0.6778.204 in cache (valid until 14:21:23 03/01/2025 IST)
14:21:35.446 [main] INFO io.github.bonigarcia.wdm.WebDriverManager -- Using chromedriver 131.0.6778.204 (resolved driver for Chrome 131)
14:21:35.449 [main] DEBUG io.github.bonigarcia.wdm.WebDriverManager -- Driver chromedriver 131.0.6778.204 found in cache
14:21:35.449 [main] INFO io.github.bonigarcia.wdm.WebDriverManager -- Exporting webdriver.chrome.driver as C:\Users\sasitharan\.cache\selenium\chromedriver\win64\131.0.6778.204\chromedriver.exe
14:21:35.515 [AsyncHttpClient-1-14] DEBUG org.asynchttpclient.netty.channel.NettyConnectListener -- Using new Channel '[id: 0xa693e720, L:/127.0.0.1:55215 - R:localhost/127.0.0.1:14400]' for 'POST' to '/session'
14:21:35.633 [AsyncHttpClient-1-1] DEBUG org.asynchttpclient.netty.channel.DefaultChannelPool -- Entry count for : http://localhost:55198 : 1
14:21:35.633 [AsyncHttpClient-1-1] DEBUG org.asynchttpclient.netty.channel.DefaultChannelPool -- Entry count for : http://localhost:28663 : 1
14:21:35.633 [AsyncHttpClient-1-1] DEBUG org.asynchttpclient.netty.channel.DefaultChannelPool -- Adding Candidate expired Channel [id: 0x4f8eef76, L:/127.0.0.1:55204 ! R:localhost/127.0.0.1:55198] isIdleTimeoutExpired=false isRemotelyClosed=true isTtlExpired=false
14:21:35.633 [AsyncHttpClient-1-1] DEBUG org.asynchttpclient.netty.channel.DefaultChannelPool -- Closing Idle Channel [id: 0x4f8eef76, L:/127.0.0.1:55204 ! R:localhost/127.0.0.1:55198]
14:21:35.633 [AsyncHttpClient-1-1] DEBUG org.asynchttpclient.netty.channel.DefaultChannelPool -- Adding Candidate expired Channel [id: 0x2b3bf9d3, L:/127.0.0.1:55197 ! R:localhost/127.0.0.1:28663] isIdleTimeoutExpired=false isRemotelyClosed=true isTtlExpired=false
14:21:35.633 [AsyncHttpClient-1-1] DEBUG org.asynchttpclient.netty.channel.DefaultChannelPool -- Closing Idle Channel [id: 0x2b3bf9d3, L:/127.0.0.1:55197 ! R:localhost/127.0.0.1:28663]
14:21:35.633 [AsyncHttpClient-1-1] DEBUG org.asynchttpclient.netty.channel.DefaultChannelPool -- Closed 2 connections out of 2 in 0 ms
14:21:36.496 [AsyncHttpClient-1-14] DEBUG org.asynchttpclient.netty.handler.HttpHandler -- 

Request DefaultHttpRequest(decodeResult: success, version: HTTP/1.1)
POST /session HTTP/1.1
User-Agent: selenium/4.12.0 (java windows)
Content-Length: 254
Content-Type: application/json; charset=utf-8
host: localhost:14400
accept: */*

Response DefaultHttpResponse(decodeResult: success, version: HTTP/1.1)
HTTP/1.1 200 OK
Content-Length: 888
Content-Type: application/json; charset=utf-8
cache-control: no-cache

14:21:36.497 [AsyncHttpClient-1-14] DEBUG org.asynchttpclient.netty.channel.ChannelManager -- Adding key: http://localhost:14400 for channel [id: 0xa693e720, L:/127.0.0.1:55215 - R:localhost/127.0.0.1:14400]
14:21:36.525 [AsyncHttpClient-1-15] DEBUG org.asynchttpclient.netty.channel.NettyConnectListener -- Using new Channel '[id: 0xfa7a1036, L:/127.0.0.1:55222 - R:localhost/127.0.0.1:55216]' for 'GET' to '/json/version'
14:21:36.528 [AsyncHttpClient-1-15] DEBUG org.asynchttpclient.netty.handler.HttpHandler -- 

Request DefaultFullHttpRequest(decodeResult: success, version: HTTP/1.1, content: EmptyByteBufBE)
GET /json/version HTTP/1.1
User-Agent: selenium/4.12.0 (java windows)
host: localhost:55216
accept: */*

Response DefaultHttpResponse(decodeResult: success, version: HTTP/1.1)
HTTP/1.1 200 OK
Content-Security-Policy: frame-ancestors 'none'
Content-Length: 424
Content-Type: application/json; charset=UTF-8

14:21:36.528 [AsyncHttpClient-1-15] DEBUG org.asynchttpclient.netty.channel.ChannelManager -- Adding key: http://localhost:55216 for channel [id: 0xfa7a1036, L:/127.0.0.1:55222 - R:localhost/127.0.0.1:55216]
14:21:36.539 [AsyncHttpClient-1-16] DEBUG org.asynchttpclient.netty.channel.NettyConnectListener -- Using new Channel '[id: 0xa0c95ecf, L:/127.0.0.1:55223 - R:localhost/127.0.0.1:55216]' for 'GET' to '/devtools/browser/ef3bfd2c-fa29-4dbe-a06a-a958082d9fde'
14:21:36.542 [AsyncHttpClient-1-16] DEBUG org.asynchttpclient.netty.handler.WebSocketHandler -- 

Request DefaultFullHttpRequest(decodeResult: success, version: HTTP/1.1, content: EmptyByteBufBE)
GET /devtools/browser/ef3bfd2c-fa29-4dbe-a06a-a958082d9fde HTTP/1.1
upgrade: websocket
connection: upgrade
sec-websocket-key: SOAqHMQnnQHwG2gHRJjWGg==
sec-websocket-version: 13
origin: http://localhost:55216
host: localhost:55216
accept: */*
user-agent: AHC/2.1

Response DefaultHttpResponse(decodeResult: success, version: HTTP/1.1)
HTTP/1.1 101 WebSocket Protocol Handshake
Upgrade: WebSocket
Connection: Upgrade
Sec-WebSocket-Accept: zX5Pw3tFQ3vWfcqDu7VvSnhCF7o=

14:21:36.547 [Forwarding maximizeCurrentWindow on session f8cc0b2a674db07d77f927a8cef6c4e4 to remote] DEBUG org.asynchttpclient.netty.request.NettyRequestSender -- Using pooled Channel '[id: 0xa693e720, L:/127.0.0.1:55215 - R:localhost/127.0.0.1:14400]' for 'POST' to 'http://localhost:14400/session/f8cc0b2a674db07d77f927a8cef6c4e4/window/maximize'
14:21:36.547 [Forwarding maximizeCurrentWindow on session f8cc0b2a674db07d77f927a8cef6c4e4 to remote] DEBUG org.asynchttpclient.netty.request.NettyRequestSender -- Using open Channel [id: 0xa693e720, L:/127.0.0.1:55215 - R:localhost/127.0.0.1:14400] for POST '/session/f8cc0b2a674db07d77f927a8cef6c4e4/window/maximize'
14:21:36.598 [AsyncHttpClient-1-14] DEBUG org.asynchttpclient.netty.handler.HttpHandler -- 

Request DefaultHttpRequest(decodeResult: success, version: HTTP/1.1)
POST /session/f8cc0b2a674db07d77f927a8cef6c4e4/window/maximize HTTP/1.1
User-Agent: selenium/4.12.0 (java windows)
Content-Length: 3
Content-Type: application/json; charset=utf-8
host: localhost:14400
accept: */*

Response DefaultHttpResponse(decodeResult: success, version: HTTP/1.1)
HTTP/1.1 200 OK
Content-Length: 51
Content-Type: application/json; charset=utf-8
cache-control: no-cache

14:21:36.599 [AsyncHttpClient-1-14] DEBUG org.asynchttpclient.netty.channel.ChannelManager -- Adding key: http://localhost:14400 for channel [id: 0xa693e720, L:/127.0.0.1:55215 - R:localhost/127.0.0.1:14400]
14:21:36.601 [Forwarding get on session f8cc0b2a674db07d77f927a8cef6c4e4 to remote] DEBUG org.asynchttpclient.netty.request.NettyRequestSender -- Using pooled Channel '[id: 0xa693e720, L:/127.0.0.1:55215 - R:localhost/127.0.0.1:14400]' for 'POST' to 'http://localhost:14400/session/f8cc0b2a674db07d77f927a8cef6c4e4/url'
14:21:36.601 [Forwarding get on session f8cc0b2a674db07d77f927a8cef6c4e4 to remote] DEBUG org.asynchttpclient.netty.request.NettyRequestSender -- Using open Channel [id: 0xa693e720, L:/127.0.0.1:55215 - R:localhost/127.0.0.1:14400] for POST '/session/f8cc0b2a674db07d77f927a8cef6c4e4/url'
14:21:36.730 [AsyncHttpClient-1-1] DEBUG org.asynchttpclient.netty.channel.DefaultChannelPool -- Entry count for : http://localhost:55216 : 1
14:21:37.543 [AsyncHttpClient-1-14] DEBUG org.asynchttpclient.netty.handler.HttpHandler -- 

Request DefaultHttpRequest(decodeResult: success, version: HTTP/1.1)
POST /session/f8cc0b2a674db07d77f927a8cef6c4e4/url HTTP/1.1
User-Agent: selenium/4.12.0 (java windows)
Content-Length: 58
Content-Type: application/json; charset=utf-8
host: localhost:14400
accept: */*

Response DefaultHttpResponse(decodeResult: success, version: HTTP/1.1)
HTTP/1.1 200 OK
Content-Length: 14
Content-Type: application/json; charset=utf-8
cache-control: no-cache

14:21:37.544 [AsyncHttpClient-1-14] DEBUG org.asynchttpclient.netty.channel.ChannelManager -- Adding key: http://localhost:14400 for channel [id: 0xa693e720, L:/127.0.0.1:55215 - R:localhost/127.0.0.1:14400]
14:21:37.548 [Forwarding findElement on session f8cc0b2a674db07d77f927a8cef6c4e4 to remote] DEBUG org.asynchttpclient.netty.request.NettyRequestSender -- Using pooled Channel '[id: 0xa693e720, L:/127.0.0.1:55215 - R:localhost/127.0.0.1:14400]' for 'POST' to 'http://localhost:14400/session/f8cc0b2a674db07d77f927a8cef6c4e4/element'
14:21:37.548 [Forwarding findElement on session f8cc0b2a674db07d77f927a8cef6c4e4 to remote] DEBUG org.asynchttpclient.netty.request.NettyRequestSender -- Using open Channel [id: 0xa693e720, L:/127.0.0.1:55215 - R:localhost/127.0.0.1:14400] for POST '/session/f8cc0b2a674db07d77f927a8cef6c4e4/element'
14:21:37.571 [AsyncHttpClient-1-14] DEBUG org.asynchttpclient.netty.handler.HttpHandler -- 

Request DefaultHttpRequest(decodeResult: success, version: HTTP/1.1)
POST /session/f8cc0b2a674db07d77f927a8cef6c4e4/element HTTP/1.1
User-Agent: selenium/4.12.0 (java windows)
Content-Length: 59
Content-Type: application/json; charset=utf-8
host: localhost:14400
accept: */*

Response DefaultHttpResponse(decodeResult: success, version: HTTP/1.1)
HTTP/1.1 200 OK
Content-Length: 125
Content-Type: application/json; charset=utf-8
cache-control: no-cache

14:21:37.571 [AsyncHttpClient-1-14] DEBUG org.asynchttpclient.netty.channel.ChannelManager -- Adding key: http://localhost:14400 for channel [id: 0xa693e720, L:/127.0.0.1:55215 - R:localhost/127.0.0.1:14400]
14:21:37.573 [Forwarding sendKeysToElement on session f8cc0b2a674db07d77f927a8cef6c4e4 to remote] DEBUG org.asynchttpclient.netty.request.NettyRequestSender -- Using pooled Channel '[id: 0xa693e720, L:/127.0.0.1:55215 - R:localhost/127.0.0.1:14400]' for 'POST' to 'http://localhost:14400/session/f8cc0b2a674db07d77f927a8cef6c4e4/element/f.F7B1D9ABB538727550305C6D16A03D29.d.C777435F79F3190637663F758CCEDC1A.e.5/value'
14:21:37.573 [Forwarding sendKeysToElement on session f8cc0b2a674db07d77f927a8cef6c4e4 to remote] DEBUG org.asynchttpclient.netty.request.NettyRequestSender -- Using open Channel [id: 0xa693e720, L:/127.0.0.1:55215 - R:localhost/127.0.0.1:14400] for POST '/session/f8cc0b2a674db07d77f927a8cef6c4e4/element/f.F7B1D9ABB538727550305C6D16A03D29.d.C777435F79F3190637663F758CCEDC1A.e.5/value'
14:21:37.702 [AsyncHttpClient-1-14] DEBUG org.asynchttpclient.netty.handler.HttpHandler -- 

Request DefaultHttpRequest(decodeResult: success, version: HTTP/1.1)
POST /session/f8cc0b2a674db07d77f927a8cef6c4e4/element/f.F7B1D9ABB538727550305C6D16A03D29.d.C777435F79F3190637663F758CCEDC1A.e.5/value HTTP/1.1
User-Agent: selenium/4.12.0 (java windows)
Content-Length: 228
Content-Type: application/json; charset=utf-8
host: localhost:14400
accept: */*

Response DefaultHttpResponse(decodeResult: success, version: HTTP/1.1)
HTTP/1.1 200 OK
Content-Length: 14
Content-Type: application/json; charset=utf-8
cache-control: no-cache

14:21:37.703 [AsyncHttpClient-1-14] DEBUG org.asynchttpclient.netty.channel.ChannelManager -- Adding key: http://localhost:14400 for channel [id: 0xa693e720, L:/127.0.0.1:55215 - R:localhost/127.0.0.1:14400]
14:21:37.704 [Forwarding findElement on session f8cc0b2a674db07d77f927a8cef6c4e4 to remote] DEBUG org.asynchttpclient.netty.request.NettyRequestSender -- Using pooled Channel '[id: 0xa693e720, L:/127.0.0.1:55215 - R:localhost/127.0.0.1:14400]' for 'POST' to 'http://localhost:14400/session/f8cc0b2a674db07d77f927a8cef6c4e4/element'
14:21:37.704 [Forwarding findElement on session f8cc0b2a674db07d77f927a8cef6c4e4 to remote] DEBUG org.asynchttpclient.netty.request.NettyRequestSender -- Using open Channel [id: 0xa693e720, L:/127.0.0.1:55215 - R:localhost/127.0.0.1:14400] for POST '/session/f8cc0b2a674db07d77f927a8cef6c4e4/element'
14:21:37.719 [AsyncHttpClient-1-14] DEBUG org.asynchttpclient.netty.handler.HttpHandler -- 

Request DefaultHttpRequest(decodeResult: success, version: HTTP/1.1)
POST /session/f8cc0b2a674db07d77f927a8cef6c4e4/element HTTP/1.1
User-Agent: selenium/4.12.0 (java windows)
Content-Length: 62
Content-Type: application/json; charset=utf-8
host: localhost:14400
accept: */*

Response DefaultHttpResponse(decodeResult: success, version: HTTP/1.1)
HTTP/1.1 200 OK
Content-Length: 125
Content-Type: application/json; charset=utf-8
cache-control: no-cache

14:21:37.719 [AsyncHttpClient-1-14] DEBUG org.asynchttpclient.netty.channel.ChannelManager -- Adding key: http://localhost:14400 for channel [id: 0xa693e720, L:/127.0.0.1:55215 - R:localhost/127.0.0.1:14400]
14:21:37.720 [Forwarding sendKeysToElement on session f8cc0b2a674db07d77f927a8cef6c4e4 to remote] DEBUG org.asynchttpclient.netty.request.NettyRequestSender -- Using pooled Channel '[id: 0xa693e720, L:/127.0.0.1:55215 - R:localhost/127.0.0.1:14400]' for 'POST' to 'http://localhost:14400/session/f8cc0b2a674db07d77f927a8cef6c4e4/element/f.F7B1D9ABB538727550305C6D16A03D29.d.C777435F79F3190637663F758CCEDC1A.e.4/value'
14:21:37.721 [Forwarding sendKeysToElement on session f8cc0b2a674db07d77f927a8cef6c4e4 to remote] DEBUG org.asynchttpclient.netty.request.NettyRequestSender -- Using open Channel [id: 0xa693e720, L:/127.0.0.1:55215 - R:localhost/127.0.0.1:14400] for POST '/session/f8cc0b2a674db07d77f927a8cef6c4e4/element/f.F7B1D9ABB538727550305C6D16A03D29.d.C777435F79F3190637663F758CCEDC1A.e.4/value'
14:21:37.817 [AsyncHttpClient-1-14] DEBUG org.asynchttpclient.netty.handler.HttpHandler -- 

Request DefaultHttpRequest(decodeResult: success, version: HTTP/1.1)
POST /session/f8cc0b2a674db07d77f927a8cef6c4e4/element/f.F7B1D9ABB538727550305C6D16A03D29.d.C777435F79F3190637663F758CCEDC1A.e.4/value HTTP/1.1
User-Agent: selenium/4.12.0 (java windows)
Content-Length: 238
Content-Type: application/json; charset=utf-8
host: localhost:14400
accept: */*

Response DefaultHttpResponse(decodeResult: success, version: HTTP/1.1)
HTTP/1.1 200 OK
Content-Length: 14
Content-Type: application/json; charset=utf-8
cache-control: no-cache

14:21:37.817 [AsyncHttpClient-1-14] DEBUG org.asynchttpclient.netty.channel.ChannelManager -- Adding key: http://localhost:14400 for channel [id: 0xa693e720, L:/127.0.0.1:55215 - R:localhost/127.0.0.1:14400]
14:21:37.819 [Forwarding findElement on session f8cc0b2a674db07d77f927a8cef6c4e4 to remote] DEBUG org.asynchttpclient.netty.request.NettyRequestSender -- Using pooled Channel '[id: 0xa693e720, L:/127.0.0.1:55215 - R:localhost/127.0.0.1:14400]' for 'POST' to 'http://localhost:14400/session/f8cc0b2a674db07d77f927a8cef6c4e4/element'
14:21:37.819 [Forwarding findElement on session f8cc0b2a674db07d77f927a8cef6c4e4 to remote] DEBUG org.asynchttpclient.netty.request.NettyRequestSender -- Using open Channel [id: 0xa693e720, L:/127.0.0.1:55215 - R:localhost/127.0.0.1:14400] for POST '/session/f8cc0b2a674db07d77f927a8cef6c4e4/element'
14:21:37.831 [AsyncHttpClient-1-1] DEBUG org.asynchttpclient.netty.channel.DefaultChannelPool -- Entry count for : http://localhost:55216 : 1
14:21:37.835 [AsyncHttpClient-1-14] DEBUG org.asynchttpclient.netty.handler.HttpHandler -- 

Request DefaultHttpRequest(decodeResult: success, version: HTTP/1.1)
POST /session/f8cc0b2a674db07d77f927a8cef6c4e4/element HTTP/1.1
User-Agent: selenium/4.12.0 (java windows)
Content-Length: 65
Content-Type: application/json; charset=utf-8
host: localhost:14400
accept: */*

Response DefaultHttpResponse(decodeResult: success, version: HTTP/1.1)
HTTP/1.1 200 OK
Content-Length: 125
Content-Type: application/json; charset=utf-8
cache-control: no-cache

14:21:37.835 [AsyncHttpClient-1-14] DEBUG org.asynchttpclient.netty.channel.ChannelManager -- Adding key: http://localhost:14400 for channel [id: 0xa693e720, L:/127.0.0.1:55215 - R:localhost/127.0.0.1:14400]
14:21:37.836 [Forwarding clickElement on session f8cc0b2a674db07d77f927a8cef6c4e4 to remote] DEBUG org.asynchttpclient.netty.request.NettyRequestSender -- Using pooled Channel '[id: 0xa693e720, L:/127.0.0.1:55215 - R:localhost/127.0.0.1:14400]' for 'POST' to 'http://localhost:14400/session/f8cc0b2a674db07d77f927a8cef6c4e4/element/f.F7B1D9ABB538727550305C6D16A03D29.d.C777435F79F3190637663F758CCEDC1A.e.7/click'
14:21:37.837 [Forwarding clickElement on session f8cc0b2a674db07d77f927a8cef6c4e4 to remote] DEBUG org.asynchttpclient.netty.request.NettyRequestSender -- Using open Channel [id: 0xa693e720, L:/127.0.0.1:55215 - R:localhost/127.0.0.1:14400] for POST '/session/f8cc0b2a674db07d77f927a8cef6c4e4/element/f.F7B1D9ABB538727550305C6D16A03D29.d.C777435F79F3190637663F758CCEDC1A.e.7/click'
14:21:37.906 [AsyncHttpClient-1-14] DEBUG org.asynchttpclient.netty.handler.HttpHandler -- 

Request DefaultHttpRequest(decodeResult: success, version: HTTP/1.1)
POST /session/f8cc0b2a674db07d77f927a8cef6c4e4/element/f.F7B1D9ABB538727550305C6D16A03D29.d.C777435F79F3190637663F758CCEDC1A.e.7/click HTTP/1.1
User-Agent: selenium/4.12.0 (java windows)
Content-Length: 87
Content-Type: application/json; charset=utf-8
host: localhost:14400
accept: */*

Response DefaultHttpResponse(decodeResult: success, version: HTTP/1.1)
HTTP/1.1 200 OK
Content-Length: 14
Content-Type: application/json; charset=utf-8
cache-control: no-cache

14:21:37.906 [AsyncHttpClient-1-14] DEBUG org.asynchttpclient.netty.channel.ChannelManager -- Adding key: http://localhost:14400 for channel [id: 0xa693e720, L:/127.0.0.1:55215 - R:localhost/127.0.0.1:14400]
14:21:37.908 [Forwarding getPageSource on session f8cc0b2a674db07d77f927a8cef6c4e4 to remote] DEBUG org.asynchttpclient.netty.request.NettyRequestSender -- Using pooled Channel '[id: 0xa693e720, L:/127.0.0.1:55215 - R:localhost/127.0.0.1:14400]' for 'POST' to 'http://localhost:14400/session/f8cc0b2a674db07d77f927a8cef6c4e4/execute/sync'
14:21:37.908 [Forwarding getPageSource on session f8cc0b2a674db07d77f927a8cef6c4e4 to remote] DEBUG org.asynchttpclient.netty.request.NettyRequestSender -- Using open Channel [id: 0xa693e720, L:/127.0.0.1:55215 - R:localhost/127.0.0.1:14400] for POST '/session/f8cc0b2a674db07d77f927a8cef6c4e4/execute/sync'
14:21:37.915 [AsyncHttpClient-1-14] DEBUG org.asynchttpclient.netty.handler.HttpHandler -- 

Request DefaultHttpRequest(decodeResult: success, version: HTTP/1.1)
POST /session/f8cc0b2a674db07d77f927a8cef6c4e4/execute/sync HTTP/1.1
User-Agent: selenium/4.12.0 (java windows)
Content-Length: 176
Content-Type: application/json; charset=utf-8
host: localhost:14400
accept: */*

Response DefaultHttpResponse(decodeResult: success, version: HTTP/1.1)
HTTP/1.1 200 OK
Content-Length: 4159
Content-Type: application/json; charset=utf-8
cache-control: no-cache

14:21:37.916 [AsyncHttpClient-1-14] DEBUG org.asynchttpclient.netty.channel.ChannelManager -- Adding key: http://localhost:14400 for channel [id: 0xa693e720, L:/127.0.0.1:55215 - R:localhost/127.0.0.1:14400]
]]></system-out>
    <system-err><![CDATA[Jan 02, 2025 2:21:36 PM org.openqa.selenium.devtools.CdpVersionFinder findNearestMatch
WARNING: Unable to find CDP implementation matching 131
Jan 02, 2025 2:21:36 PM org.openqa.selenium.chromium.ChromiumDriver lambda$new$5
WARNING: Unable to find version of CDP to use for 131.0.6778.205. You may need to include a dependency on a specific version of the CDP using something similar to `org.seleniumhq.selenium:selenium-devtools-v86:4.12.0` where the version ("v86") matches the version of the chromium-based browser you're using and the version number of the artifact is the same as Selenium's.
]]></system-err>
  </testcase>
  <testcase name="testMissingFieldsInRegistration" classname="UITestCases.BuggyCarsUITests" time="0.302">
    <failure message="expected [true] but found [false]" type="java.lang.AssertionError"><![CDATA[java.lang.AssertionError: expected [true] but found [false]
	at org.testng.Assert.fail(Assert.java:110)
	at org.testng.Assert.failNotEquals(Assert.java:1413)
	at org.testng.Assert.assertTrue(Assert.java:56)
	at org.testng.Assert.assertTrue(Assert.java:66)
	at UITestCases.BuggyCarsUITests.testMissingFieldsInRegistration(BuggyCarsUITests.java:57)
	at java.base/jdk.internal.reflect.NativeMethodAccessorImpl.invoke0(Native Method)
	at java.base/jdk.internal.reflect.NativeMethodAccessorImpl.invoke(NativeMethodAccessorImpl.java:77)
	at java.base/jdk.internal.reflect.DelegatingMethodAccessorImpl.invoke(DelegatingMethodAccessorImpl.java:43)
	at java.base/java.lang.reflect.Method.invoke(Method.java:568)
	at org.testng.internal.invokers.MethodInvocationHelper.invokeMethod(MethodInvocationHelper.java:139)
	at org.testng.internal.invokers.TestInvoker.invokeMethod(TestInvoker.java:677)
	at org.testng.internal.invokers.TestInvoker.invokeTestMethod(TestInvoker.java:221)
	at org.testng.internal.invokers.MethodRunner.runInSequence(MethodRunner.java:50)
	at org.testng.internal.invokers.TestInvoker$MethodInvocationAgent.invoke(TestInvoker.java:969)
	at org.testng.internal.invokers.TestInvoker.invokeTestMethods(TestInvoker.java:194)
	at org.testng.internal.invokers.TestMethodWorker.invokeTestMethods(TestMethodWorker.java:148)
	at org.testng.internal.invokers.TestMethodWorker.run(TestMethodWorker.java:128)
	at java.base/java.util.ArrayList.forEach(ArrayList.java:1511)
	at org.testng.TestRunner.privateRun(TestRunner.java:829)
	at org.testng.TestRunner.run(TestRunner.java:602)
	at org.testng.SuiteRunner.runTest(SuiteRunner.java:437)
	at org.testng.SuiteRunner.runSequentially(SuiteRunner.java:431)
	at org.testng.SuiteRunner.privateRun(SuiteRunner.java:391)
	at org.testng.SuiteRunner.run(SuiteRunner.java:330)
	at org.testng.SuiteRunnerWorker.runSuite(SuiteRunnerWorker.java:52)
	at org.testng.SuiteRunnerWorker.run(SuiteRunnerWorker.java:95)
	at org.testng.TestNG.runSuitesSequentially(TestNG.java:1256)
	at org.testng.TestNG.runSuitesLocally(TestNG.java:1176)
	at org.testng.TestNG.runSuites(TestNG.java:1099)
	at org.testng.TestNG.run(TestNG.java:1067)
	at org.apache.maven.surefire.testng.TestNGExecutor.run(TestNGExecutor.java:324)
	at org.apache.maven.surefire.testng.TestNGXmlTestSuite.execute(TestNGXmlTestSuite.java:74)
	at org.apache.maven.surefire.testng.TestNGProvider.invoke(TestNGProvider.java:123)
	at org.apache.maven.surefire.booter.ForkedBooter.runSuitesInProcess(ForkedBooter.java:456)
	at org.apache.maven.surefire.booter.ForkedBooter.execute(ForkedBooter.java:169)
	at org.apache.maven.surefire.booter.ForkedBooter.run(ForkedBooter.java:595)
	at org.apache.maven.surefire.booter.ForkedBooter.main(ForkedBooter.java:581)
]]></failure>
    <system-out><![CDATA[14:21:37.920 [Driver Command Executor] DEBUG org.asynchttpclient.netty.request.NettyRequestSender -- Using pooled Channel '[id: 0xa693e720, L:/127.0.0.1:55215 - R:localhost/127.0.0.1:14400]' for 'DELETE' to 'http://localhost:14400/session/f8cc0b2a674db07d77f927a8cef6c4e4'
14:21:37.920 [Driver Command Executor] DEBUG org.asynchttpclient.netty.request.NettyRequestSender -- Using open Channel [id: 0xa693e720, L:/127.0.0.1:55215 - R:localhost/127.0.0.1:14400] for DELETE '/session/f8cc0b2a674db07d77f927a8cef6c4e4'
14:21:37.920 [AsyncHttpClient-1-16] DEBUG org.asynchttpclient.netty.handler.WebSocketHandler -- Channel Closed: [id: 0xa0c95ecf, L:/127.0.0.1:55223 ! R:localhost/127.0.0.1:55216] with attribute DISCARD
14:21:37.964 [AsyncHttpClient-1-15] DEBUG org.asynchttpclient.netty.handler.HttpHandler -- Unexpected I/O exception on channel [id: 0xfa7a1036, L:/127.0.0.1:55222 - R:localhost/127.0.0.1:55216]
java.net.SocketException: Connection reset
	at java.base/sun.nio.ch.SocketChannelImpl.throwConnectionReset(SocketChannelImpl.java:394)
	at java.base/sun.nio.ch.SocketChannelImpl.read(SocketChannelImpl.java:426)
	at io.netty.buffer.PooledByteBuf.setBytes(PooledByteBuf.java:254)
	at io.netty.buffer.AbstractByteBuf.writeBytes(AbstractByteBuf.java:1132)
	at io.netty.channel.socket.nio.NioSocketChannel.doReadBytes(NioSocketChannel.java:357)
	at io.netty.channel.nio.AbstractNioByteChannel$NioByteUnsafe.read(AbstractNioByteChannel.java:151)
	at io.netty.channel.nio.NioEventLoop.processSelectedKey(NioEventLoop.java:788)
	at io.netty.channel.nio.NioEventLoop.processSelectedKeysOptimized(NioEventLoop.java:724)
	at io.netty.channel.nio.NioEventLoop.processSelectedKeys(NioEventLoop.java:650)
	at io.netty.channel.nio.NioEventLoop.run(NioEventLoop.java:562)
	at io.netty.util.concurrent.SingleThreadEventExecutor$4.run(SingleThreadEventExecutor.java:997)
	at io.netty.util.internal.ThreadExecutorMap$2.run(ThreadExecutorMap.java:74)
	at io.netty.util.concurrent.FastThreadLocalRunnable.run(FastThreadLocalRunnable.java:30)
	at java.base/java.lang.Thread.run(Thread.java:842)
14:21:37.964 [AsyncHttpClient-1-15] DEBUG org.asynchttpclient.netty.channel.ChannelManager -- Closing Channel [id: 0xfa7a1036, L:/127.0.0.1:55222 - R:localhost/127.0.0.1:55216] 
14:21:37.964 [AsyncHttpClient-1-15] DEBUG org.asynchttpclient.netty.handler.HttpHandler -- Channel Closed: [id: 0xfa7a1036, L:/127.0.0.1:55222 ! R:localhost/127.0.0.1:55216] with attribute DISCARD
14:21:37.986 [AsyncHttpClient-1-14] DEBUG org.asynchttpclient.netty.handler.HttpHandler -- 

Request DefaultFullHttpRequest(decodeResult: success, version: HTTP/1.1, content: EmptyByteBufBE)
DELETE /session/f8cc0b2a674db07d77f927a8cef6c4e4 HTTP/1.1
User-Agent: selenium/4.12.0 (java windows)
Content-Type: application/json; charset=utf-8
host: localhost:14400
accept: */*

Response DefaultHttpResponse(decodeResult: success, version: HTTP/1.1)
HTTP/1.1 200 OK
Content-Length: 14
Content-Type: application/json; charset=utf-8
cache-control: no-cache

14:21:37.987 [AsyncHttpClient-1-14] DEBUG org.asynchttpclient.netty.channel.ChannelManager -- Adding key: http://localhost:14400 for channel [id: 0xa693e720, L:/127.0.0.1:55215 - R:localhost/127.0.0.1:14400]
14:21:38.112 [AsyncHttpClient-1-14] DEBUG org.asynchttpclient.netty.handler.HttpHandler -- Channel Closed: [id: 0xa693e720, L:/127.0.0.1:55215 ! R:localhost/127.0.0.1:14400] with attribute DISCARD
14:21:38.159 [main] DEBUG io.github.bonigarcia.wdm.WebDriverManager -- Using WebDriverManager 5.5.3
14:21:38.168 [main] DEBUG io.github.bonigarcia.wdm.cache.ResolutionCache -- Resolution chrome=131 in cache (valid until 15:21:23 02/01/2025 IST)
14:21:38.169 [main] DEBUG io.github.bonigarcia.wdm.cache.ResolutionCache -- Resolution chrome131=131.0.6778.204 in cache (valid until 14:21:23 03/01/2025 IST)
14:21:38.169 [main] INFO io.github.bonigarcia.wdm.WebDriverManager -- Using chromedriver 131.0.6778.204 (resolved driver for Chrome 131)
14:21:38.173 [main] DEBUG io.github.bonigarcia.wdm.WebDriverManager -- Driver chromedriver 131.0.6778.204 found in cache
14:21:38.173 [main] INFO io.github.bonigarcia.wdm.WebDriverManager -- Exporting webdriver.chrome.driver as C:\Users\sasitharan\.cache\selenium\chromedriver\win64\131.0.6778.204\chromedriver.exe
14:21:38.240 [AsyncHttpClient-1-17] DEBUG org.asynchttpclient.netty.channel.NettyConnectListener -- Using new Channel '[id: 0xec8ba5ca, L:/127.0.0.1:55233 - R:localhost/127.0.0.1:36006]' for 'POST' to '/session'
14:21:38.937 [AsyncHttpClient-1-1] DEBUG org.asynchttpclient.netty.channel.DefaultChannelPool -- Entry count for : http://localhost:14400 : 1
14:21:38.937 [AsyncHttpClient-1-1] DEBUG org.asynchttpclient.netty.channel.DefaultChannelPool -- Entry count for : http://localhost:55216 : 1
14:21:38.937 [AsyncHttpClient-1-1] DEBUG org.asynchttpclient.netty.channel.DefaultChannelPool -- Adding Candidate expired Channel [id: 0xa693e720, L:/127.0.0.1:55215 ! R:localhost/127.0.0.1:14400] isIdleTimeoutExpired=false isRemotelyClosed=true isTtlExpired=false
14:21:38.937 [AsyncHttpClient-1-1] DEBUG org.asynchttpclient.netty.channel.DefaultChannelPool -- Closing Idle Channel [id: 0xa693e720, L:/127.0.0.1:55215 ! R:localhost/127.0.0.1:14400]
14:21:38.937 [AsyncHttpClient-1-1] DEBUG org.asynchttpclient.netty.channel.DefaultChannelPool -- Adding Candidate expired Channel [id: 0xfa7a1036, L:/127.0.0.1:55222 ! R:localhost/127.0.0.1:55216] isIdleTimeoutExpired=false isRemotelyClosed=true isTtlExpired=false
14:21:38.937 [AsyncHttpClient-1-1] DEBUG org.asynchttpclient.netty.channel.DefaultChannelPool -- Closing Idle Channel [id: 0xfa7a1036, L:/127.0.0.1:55222 ! R:localhost/127.0.0.1:55216]
14:21:38.937 [AsyncHttpClient-1-1] DEBUG org.asynchttpclient.netty.channel.DefaultChannelPool -- Closed 2 connections out of 2 in 0 ms
14:21:39.083 [AsyncHttpClient-1-17] DEBUG org.asynchttpclient.netty.handler.HttpHandler -- 

Request DefaultHttpRequest(decodeResult: success, version: HTTP/1.1)
POST /session HTTP/1.1
User-Agent: selenium/4.12.0 (java windows)
Content-Length: 254
Content-Type: application/json; charset=utf-8
host: localhost:36006
accept: */*

Response DefaultHttpResponse(decodeResult: success, version: HTTP/1.1)
HTTP/1.1 200 OK
Content-Length: 888
Content-Type: application/json; charset=utf-8
cache-control: no-cache

14:21:39.083 [AsyncHttpClient-1-17] DEBUG org.asynchttpclient.netty.channel.ChannelManager -- Adding key: http://localhost:36006 for channel [id: 0xec8ba5ca, L:/127.0.0.1:55233 - R:localhost/127.0.0.1:36006]
14:21:39.092 [AsyncHttpClient-1-2] DEBUG org.asynchttpclient.netty.channel.NettyConnectListener -- Using new Channel '[id: 0xc9f8701a, L:/127.0.0.1:55240 - R:localhost/127.0.0.1:55234]' for 'GET' to '/json/version'
14:21:39.093 [AsyncHttpClient-1-2] DEBUG org.asynchttpclient.netty.handler.HttpHandler -- 

Request DefaultFullHttpRequest(decodeResult: success, version: HTTP/1.1, content: EmptyByteBufBE)
GET /json/version HTTP/1.1
User-Agent: selenium/4.12.0 (java windows)
host: localhost:55234
accept: */*

Response DefaultHttpResponse(decodeResult: success, version: HTTP/1.1)
HTTP/1.1 200 OK
Content-Security-Policy: frame-ancestors 'none'
Content-Length: 424
Content-Type: application/json; charset=UTF-8

14:21:39.093 [AsyncHttpClient-1-2] DEBUG org.asynchttpclient.netty.channel.ChannelManager -- Adding key: http://localhost:55234 for channel [id: 0xc9f8701a, L:/127.0.0.1:55240 - R:localhost/127.0.0.1:55234]
14:21:39.095 [AsyncHttpClient-1-3] DEBUG org.asynchttpclient.netty.channel.NettyConnectListener -- Using new Channel '[id: 0x42d1fd20, L:/127.0.0.1:55241 - R:localhost/127.0.0.1:55234]' for 'GET' to '/devtools/browser/e7884717-9f1d-44a8-996a-525f17ae221f'
14:21:39.095 [AsyncHttpClient-1-3] DEBUG org.asynchttpclient.netty.handler.WebSocketHandler -- 

Request DefaultFullHttpRequest(decodeResult: success, version: HTTP/1.1, content: EmptyByteBufBE)
GET /devtools/browser/e7884717-9f1d-44a8-996a-525f17ae221f HTTP/1.1
upgrade: websocket
connection: upgrade
sec-websocket-key: jGWX7jBt+oEWYWRfTaLL1A==
sec-websocket-version: 13
origin: http://localhost:55234
host: localhost:55234
accept: */*
user-agent: AHC/2.1

Response DefaultHttpResponse(decodeResult: success, version: HTTP/1.1)
HTTP/1.1 101 WebSocket Protocol Handshake
Upgrade: WebSocket
Connection: Upgrade
Sec-WebSocket-Accept: WjpVqyQUf0OVwv/2vsHKHPnZpPw=

14:21:39.100 [Forwarding maximizeCurrentWindow on session 171f877a7823ad3f0198e260d08f3797 to remote] DEBUG org.asynchttpclient.netty.request.NettyRequestSender -- Using pooled Channel '[id: 0xec8ba5ca, L:/127.0.0.1:55233 - R:localhost/127.0.0.1:36006]' for 'POST' to 'http://localhost:36006/session/171f877a7823ad3f0198e260d08f3797/window/maximize'
14:21:39.101 [Forwarding maximizeCurrentWindow on session 171f877a7823ad3f0198e260d08f3797 to remote] DEBUG org.asynchttpclient.netty.request.NettyRequestSender -- Using open Channel [id: 0xec8ba5ca, L:/127.0.0.1:55233 - R:localhost/127.0.0.1:36006] for POST '/session/171f877a7823ad3f0198e260d08f3797/window/maximize'
14:21:39.166 [AsyncHttpClient-1-17] DEBUG org.asynchttpclient.netty.handler.HttpHandler -- 

Request DefaultHttpRequest(decodeResult: success, version: HTTP/1.1)
POST /session/171f877a7823ad3f0198e260d08f3797/window/maximize HTTP/1.1
User-Agent: selenium/4.12.0 (java windows)
Content-Length: 3
Content-Type: application/json; charset=utf-8
host: localhost:36006
accept: */*

Response DefaultHttpResponse(decodeResult: success, version: HTTP/1.1)
HTTP/1.1 200 OK
Content-Length: 51
Content-Type: application/json; charset=utf-8
cache-control: no-cache

14:21:39.166 [AsyncHttpClient-1-17] DEBUG org.asynchttpclient.netty.channel.ChannelManager -- Adding key: http://localhost:36006 for channel [id: 0xec8ba5ca, L:/127.0.0.1:55233 - R:localhost/127.0.0.1:36006]
14:21:39.168 [Forwarding get on session 171f877a7823ad3f0198e260d08f3797 to remote] DEBUG org.asynchttpclient.netty.request.NettyRequestSender -- Using pooled Channel '[id: 0xec8ba5ca, L:/127.0.0.1:55233 - R:localhost/127.0.0.1:36006]' for 'POST' to 'http://localhost:36006/session/171f877a7823ad3f0198e260d08f3797/url'
14:21:39.168 [Forwarding get on session 171f877a7823ad3f0198e260d08f3797 to remote] DEBUG org.asynchttpclient.netty.request.NettyRequestSender -- Using open Channel [id: 0xec8ba5ca, L:/127.0.0.1:55233 - R:localhost/127.0.0.1:36006] for POST '/session/171f877a7823ad3f0198e260d08f3797/url'
14:21:40.024 [AsyncHttpClient-1-1] DEBUG org.asynchttpclient.netty.channel.DefaultChannelPool -- Entry count for : http://localhost:55234 : 1
14:21:40.470 [AsyncHttpClient-1-17] DEBUG org.asynchttpclient.netty.handler.HttpHandler -- 

Request DefaultHttpRequest(decodeResult: success, version: HTTP/1.1)
POST /session/171f877a7823ad3f0198e260d08f3797/url HTTP/1.1
User-Agent: selenium/4.12.0 (java windows)
Content-Length: 58
Content-Type: application/json; charset=utf-8
host: localhost:36006
accept: */*

Response DefaultHttpResponse(decodeResult: success, version: HTTP/1.1)
HTTP/1.1 200 OK
Content-Length: 14
Content-Type: application/json; charset=utf-8
cache-control: no-cache

14:21:40.470 [AsyncHttpClient-1-17] DEBUG org.asynchttpclient.netty.channel.ChannelManager -- Adding key: http://localhost:36006 for channel [id: 0xec8ba5ca, L:/127.0.0.1:55233 - R:localhost/127.0.0.1:36006]
14:21:40.475 [Forwarding findElement on session 171f877a7823ad3f0198e260d08f3797 to remote] DEBUG org.asynchttpclient.netty.request.NettyRequestSender -- Using pooled Channel '[id: 0xec8ba5ca, L:/127.0.0.1:55233 - R:localhost/127.0.0.1:36006]' for 'POST' to 'http://localhost:36006/session/171f877a7823ad3f0198e260d08f3797/element'
14:21:40.475 [Forwarding findElement on session 171f877a7823ad3f0198e260d08f3797 to remote] DEBUG org.asynchttpclient.netty.request.NettyRequestSender -- Using open Channel [id: 0xec8ba5ca, L:/127.0.0.1:55233 - R:localhost/127.0.0.1:36006] for POST '/session/171f877a7823ad3f0198e260d08f3797/element'
14:21:40.499 [AsyncHttpClient-1-17] DEBUG org.asynchttpclient.netty.handler.HttpHandler -- 

Request DefaultHttpRequest(decodeResult: success, version: HTTP/1.1)
POST /session/171f877a7823ad3f0198e260d08f3797/element HTTP/1.1
User-Agent: selenium/4.12.0 (java windows)
Content-Length: 49
Content-Type: application/json; charset=utf-8
host: localhost:36006
accept: */*

Response DefaultHttpResponse(decodeResult: success, version: HTTP/1.1)
HTTP/1.1 200 OK
Content-Length: 126
Content-Type: application/json; charset=utf-8
cache-control: no-cache

14:21:40.500 [AsyncHttpClient-1-17] DEBUG org.asynchttpclient.netty.channel.ChannelManager -- Adding key: http://localhost:36006 for channel [id: 0xec8ba5ca, L:/127.0.0.1:55233 - R:localhost/127.0.0.1:36006]
14:21:40.502 [Forwarding clickElement on session 171f877a7823ad3f0198e260d08f3797 to remote] DEBUG org.asynchttpclient.netty.request.NettyRequestSender -- Using pooled Channel '[id: 0xec8ba5ca, L:/127.0.0.1:55233 - R:localhost/127.0.0.1:36006]' for 'POST' to 'http://localhost:36006/session/171f877a7823ad3f0198e260d08f3797/element/f.106FFE9287DAAFAC5753C440B1D6F0BE.d.AD6DA81C7A6166AB107141AFB36E0BCC.e.21/click'
14:21:40.502 [Forwarding clickElement on session 171f877a7823ad3f0198e260d08f3797 to remote] DEBUG org.asynchttpclient.netty.request.NettyRequestSender -- Using open Channel [id: 0xec8ba5ca, L:/127.0.0.1:55233 - R:localhost/127.0.0.1:36006] for POST '/session/171f877a7823ad3f0198e260d08f3797/element/f.106FFE9287DAAFAC5753C440B1D6F0BE.d.AD6DA81C7A6166AB107141AFB36E0BCC.e.21/click'
14:21:40.636 [AsyncHttpClient-1-17] DEBUG org.asynchttpclient.netty.handler.HttpHandler -- 

Request DefaultHttpRequest(decodeResult: success, version: HTTP/1.1)
POST /session/171f877a7823ad3f0198e260d08f3797/element/f.106FFE9287DAAFAC5753C440B1D6F0BE.d.AD6DA81C7A6166AB107141AFB36E0BCC.e.21/click HTTP/1.1
User-Agent: selenium/4.12.0 (java windows)
Content-Length: 88
Content-Type: application/json; charset=utf-8
host: localhost:36006
accept: */*

Response DefaultHttpResponse(decodeResult: success, version: HTTP/1.1)
HTTP/1.1 200 OK
Content-Length: 14
Content-Type: application/json; charset=utf-8
cache-control: no-cache

14:21:40.637 [AsyncHttpClient-1-17] DEBUG org.asynchttpclient.netty.channel.ChannelManager -- Adding key: http://localhost:36006 for channel [id: 0xec8ba5ca, L:/127.0.0.1:55233 - R:localhost/127.0.0.1:36006]
14:21:40.638 [Forwarding findElement on session 171f877a7823ad3f0198e260d08f3797 to remote] DEBUG org.asynchttpclient.netty.request.NettyRequestSender -- Using pooled Channel '[id: 0xec8ba5ca, L:/127.0.0.1:55233 - R:localhost/127.0.0.1:36006]' for 'POST' to 'http://localhost:36006/session/171f877a7823ad3f0198e260d08f3797/element'
14:21:40.638 [Forwarding findElement on session 171f877a7823ad3f0198e260d08f3797 to remote] DEBUG org.asynchttpclient.netty.request.NettyRequestSender -- Using open Channel [id: 0xec8ba5ca, L:/127.0.0.1:55233 - R:localhost/127.0.0.1:36006] for POST '/session/171f877a7823ad3f0198e260d08f3797/element'
14:21:40.654 [AsyncHttpClient-1-17] DEBUG org.asynchttpclient.netty.handler.HttpHandler -- 

Request DefaultHttpRequest(decodeResult: success, version: HTTP/1.1)
POST /session/171f877a7823ad3f0198e260d08f3797/element HTTP/1.1
User-Agent: selenium/4.12.0 (java windows)
Content-Length: 65
Content-Type: application/json; charset=utf-8
host: localhost:36006
accept: */*

Response DefaultHttpResponse(decodeResult: success, version: HTTP/1.1)
HTTP/1.1 200 OK
Content-Length: 126
Content-Type: application/json; charset=utf-8
cache-control: no-cache

14:21:40.654 [AsyncHttpClient-1-17] DEBUG org.asynchttpclient.netty.channel.ChannelManager -- Adding key: http://localhost:36006 for channel [id: 0xec8ba5ca, L:/127.0.0.1:55233 - R:localhost/127.0.0.1:36006]
14:21:40.655 [Forwarding clickElement on session 171f877a7823ad3f0198e260d08f3797 to remote] DEBUG org.asynchttpclient.netty.request.NettyRequestSender -- Using pooled Channel '[id: 0xec8ba5ca, L:/127.0.0.1:55233 - R:localhost/127.0.0.1:36006]' for 'POST' to 'http://localhost:36006/session/171f877a7823ad3f0198e260d08f3797/element/f.106FFE9287DAAFAC5753C440B1D6F0BE.d.AD6DA81C7A6166AB107141AFB36E0BCC.e.17/click'
14:21:40.655 [Forwarding clickElement on session 171f877a7823ad3f0198e260d08f3797 to remote] DEBUG org.asynchttpclient.netty.request.NettyRequestSender -- Using open Channel [id: 0xec8ba5ca, L:/127.0.0.1:55233 - R:localhost/127.0.0.1:36006] for POST '/session/171f877a7823ad3f0198e260d08f3797/element/f.106FFE9287DAAFAC5753C440B1D6F0BE.d.AD6DA81C7A6166AB107141AFB36E0BCC.e.17/click'
14:21:40.744 [AsyncHttpClient-1-17] DEBUG org.asynchttpclient.netty.handler.HttpHandler -- 

Request DefaultHttpRequest(decodeResult: success, version: HTTP/1.1)
POST /session/171f877a7823ad3f0198e260d08f3797/element/f.106FFE9287DAAFAC5753C440B1D6F0BE.d.AD6DA81C7A6166AB107141AFB36E0BCC.e.17/click HTTP/1.1
User-Agent: selenium/4.12.0 (java windows)
Content-Length: 88
Content-Type: application/json; charset=utf-8
host: localhost:36006
accept: */*

Response DefaultHttpResponse(decodeResult: success, version: HTTP/1.1)
HTTP/1.1 200 OK
Content-Length: 14
Content-Type: application/json; charset=utf-8
cache-control: no-cache

14:21:40.745 [AsyncHttpClient-1-17] DEBUG org.asynchttpclient.netty.channel.ChannelManager -- Adding key: http://localhost:36006 for channel [id: 0xec8ba5ca, L:/127.0.0.1:55233 - R:localhost/127.0.0.1:36006]
14:21:40.746 [Forwarding getPageSource on session 171f877a7823ad3f0198e260d08f3797 to remote] DEBUG org.asynchttpclient.netty.request.NettyRequestSender -- Using pooled Channel '[id: 0xec8ba5ca, L:/127.0.0.1:55233 - R:localhost/127.0.0.1:36006]' for 'POST' to 'http://localhost:36006/session/171f877a7823ad3f0198e260d08f3797/execute/sync'
14:21:40.746 [Forwarding getPageSource on session 171f877a7823ad3f0198e260d08f3797 to remote] DEBUG org.asynchttpclient.netty.request.NettyRequestSender -- Using open Channel [id: 0xec8ba5ca, L:/127.0.0.1:55233 - R:localhost/127.0.0.1:36006] for POST '/session/171f877a7823ad3f0198e260d08f3797/execute/sync'
14:21:40.758 [AsyncHttpClient-1-17] DEBUG org.asynchttpclient.netty.handler.HttpHandler -- 

Request DefaultHttpRequest(decodeResult: success, version: HTTP/1.1)
POST /session/171f877a7823ad3f0198e260d08f3797/execute/sync HTTP/1.1
User-Agent: selenium/4.12.0 (java windows)
Content-Length: 176
Content-Type: application/json; charset=utf-8
host: localhost:36006
accept: */*

Response DefaultHttpResponse(decodeResult: success, version: HTTP/1.1)
HTTP/1.1 200 OK
Content-Length: 7620
Content-Type: application/json; charset=utf-8
cache-control: no-cache

14:21:40.759 [AsyncHttpClient-1-17] DEBUG org.asynchttpclient.netty.channel.ChannelManager -- Adding key: http://localhost:36006 for channel [id: 0xec8ba5ca, L:/127.0.0.1:55233 - R:localhost/127.0.0.1:36006]
PageSource = <html><head>
    <meta charset="utf-8">
    <title>Buggy Cars Rating</title>
    <link rel="icon" type="image/x-icon" href="/img/favicon.ico">
    <base href="/">
  <link href="/css/vendor.a5856ccaff510c09debf.css" rel="stylesheet"><link href="/css/app.a5856ccaff510c09debf.css" rel="stylesheet"><style></style><style>.card[_ngcontent-ntd-4] img[_ngcontent-ntd-4]{height:170px;margin-top:20px}</style></head>
  <body>
    <my-app _nghost-ntd-1=""><header _ngcontent-ntd-1="">
  <nav _ngcontent-ntd-1="" class="navbar navbar-full navbar-dark bg-inverse">
    <div _ngcontent-ntd-1="" class="container">
      <a _ngcontent-ntd-1="" class="navbar-brand" href="/">Buggy Rating</a>
      <my-login _ngcontent-ntd-1="" _nghost-ntd-2=""><!--template bindings={}--><div _ngcontent-ntd-2="" class="pull-xs-right">
    <form _ngcontent-ntd-2="" class="form-inline">
        <div _ngcontent-ntd-2="" class="form-group">
            <!--template bindings={}-->
            <input _ngcontent-ntd-2="" class="form-control form-control-sm input-sm ng-untouched ng-pristine ng-invalid" name="login" ngmodel="" placeholder="Login" required="" type="text">
            <input _ngcontent-ntd-2="" class="form-control form-control-sm ng-untouched ng-pristine ng-invalid" name="password" ngmodel="" required="" type="password">
        </div>
        <button _ngcontent-ntd-2="" class="btn btn-success" type="submit">Login</button>
        <a _ngcontent-ntd-2="" class="btn btn-success-outline" href="/register">Register</a>
    </form>
</div>

<!--template bindings={}--></my-login>
    </div>
  </nav>

  <div _ngcontent-ntd-1="" class="jumbotron jumbotron-fluid">
    <div _ngcontent-ntd-1="" class="container">
      <div _ngcontent-ntd-1="" class="row">
        <div _ngcontent-ntd-1="" class="col-md-4">
          <h1 _ngcontent-ntd-1="" class="display-4">Buggy<br _ngcontent-ntd-1="">Cars<br _ngcontent-ntd-1="">Rating</h1>
        </div>
        <div _ngcontent-ntd-1="" class="col-md-8">
          <div _ngcontent-ntd-1="" class="center-block">
            <img _ngcontent-ntd-1="" class="img-fluid" src="/img/header-car.gif">
          </div>
        </div>
      </div>
    </div>
  </div>
</header>

<div _ngcontent-ntd-1="" class="container" role="main">
  <main _ngcontent-ntd-1="" class="row">
    <router-outlet _ngcontent-ntd-1=""></router-outlet><my-register _nghost-ntd-6=""><div _ngcontent-ntd-6="" class="container my-form">
    <div _ngcontent-ntd-6="" class="col-md-6">
        <h2 _ngcontent-ntd-6="">Register with Buggy Cars Rating</h2>

        <form _ngcontent-ntd-6="">
            <div _ngcontent-ntd-6="" class="form-group">
                <label _ngcontent-ntd-6="" for="username">Login</label>
                <input _ngcontent-ntd-6="" class="form-control ng-untouched ng-pristine ng-invalid" formcontrolname="username" id="username" name="username" required="" type="text">
                <div _ngcontent-ntd-6="" class="alert alert-danger" hidden="">
                    Login is required
                </div>
                <div _ngcontent-ntd-6="" class="alert alert-danger" hidden="">
                    Login cannot be more than 50 characters long
                </div>
            </div>

            <div _ngcontent-ntd-6="" class="form-group">
                <label _ngcontent-ntd-6="" for="firstName">First Name</label>
                <input _ngcontent-ntd-6="" class="form-control ng-untouched ng-pristine ng-invalid" formcontrolname="firstName" id="firstName" name="firstName" required="" type="text">
                <div _ngcontent-ntd-6="" class="alert alert-danger" hidden="">
                    First Name is required
                </div>
            </div>

            <div _ngcontent-ntd-6="" class="form-group">
                <label _ngcontent-ntd-6="" for="lastName">Last Name</label>
                <input _ngcontent-ntd-6="" class="form-control ng-untouched ng-pristine ng-invalid" formcontrolname="lastName" id="lastName" name="lastName" required="" type="text">
                <div _ngcontent-ntd-6="" class="alert alert-danger" hidden="">
                    First Name is required
                </div>
            </div>

            <div _ngcontent-ntd-6="" class="form-group">
                <label _ngcontent-ntd-6="" for="password">Password</label>
                <input _ngcontent-ntd-6="" class="form-control ng-untouched ng-pristine ng-invalid" formcontrolname="password" id="password" name="password" required="" type="password">
                <div _ngcontent-ntd-6="" class="alert alert-danger" hidden="">
                    Password is required
                </div>
            </div>

            <div _ngcontent-ntd-6="" class="form-group">
                <label _ngcontent-ntd-6="" for="confirmPassword">Confirm Password</label>
                <input _ngcontent-ntd-6="" class="form-control ng-untouched ng-pristine ng-invalid" formcontrolname="confirmPassword" id="confirmPassword" name="confirmPassword" required="" type="password">
                <div _ngcontent-ntd-6="" class="alert alert-danger" hidden="">
                    Passwords do not match
                </div>
            </div>

            <button _ngcontent-ntd-6="" class="btn btn-default" type="submit" disabled="">Register</button>
            <a _ngcontent-ntd-6="" class="btn" role="button" href="/">Cancel</a>

            <!--template bindings={}-->

            <!--template bindings={}-->
        </form>
    </div>
</div></my-register>
  </main>

  <hr _ngcontent-ntd-1="">

  <footer _ngcontent-ntd-1="" class="footer">
    <div _ngcontent-ntd-1="" class="container">
      <div _ngcontent-ntd-1="" class="pull-xs-right">
        <a _ngcontent-ntd-1="" href="https://www.facebook.com" target="_blank" title="Facebook">
          <img _ngcontent-ntd-1="" src="/img/FB-f-Logo__blue_29.png">
        </a>

        <a _ngcontent-ntd-1="" target="_blank" title="Twitter" href="https://www.twitter.com">
          <img _ngcontent-ntd-1="" src="/img/twitter.png">
        </a>
      </div>

      <p _ngcontent-ntd-1="">© 2016 Buggy Software, Inc.</p>
    </div>
  </footer>
</div></my-app>
  <script type="text/javascript" src="/js/polyfills.a5856ccaff510c09debf.js"></script><script type="text/javascript" src="/js/vendor.a5856ccaff510c09debf.js"></script><script type="text/javascript" src="/js/app.a5856ccaff510c09debf.js"></script>

</body></html>
14:21:40.760 [Forwarding getPageSource on session 171f877a7823ad3f0198e260d08f3797 to remote] DEBUG org.asynchttpclient.netty.request.NettyRequestSender -- Using pooled Channel '[id: 0xec8ba5ca, L:/127.0.0.1:55233 - R:localhost/127.0.0.1:36006]' for 'POST' to 'http://localhost:36006/session/171f877a7823ad3f0198e260d08f3797/execute/sync'
14:21:40.760 [Forwarding getPageSource on session 171f877a7823ad3f0198e260d08f3797 to remote] DEBUG org.asynchttpclient.netty.request.NettyRequestSender -- Using open Channel [id: 0xec8ba5ca, L:/127.0.0.1:55233 - R:localhost/127.0.0.1:36006] for POST '/session/171f877a7823ad3f0198e260d08f3797/execute/sync'
14:21:40.769 [AsyncHttpClient-1-17] DEBUG org.asynchttpclient.netty.handler.HttpHandler -- 

Request DefaultHttpRequest(decodeResult: success, version: HTTP/1.1)
POST /session/171f877a7823ad3f0198e260d08f3797/execute/sync HTTP/1.1
User-Agent: selenium/4.12.0 (java windows)
Content-Length: 176
Content-Type: application/json; charset=utf-8
host: localhost:36006
accept: */*

Response DefaultHttpResponse(decodeResult: success, version: HTTP/1.1)
HTTP/1.1 200 OK
Content-Length: 7620
Content-Type: application/json; charset=utf-8
cache-control: no-cache

14:21:40.770 [AsyncHttpClient-1-17] DEBUG org.asynchttpclient.netty.channel.ChannelManager -- Adding key: http://localhost:36006 for channel [id: 0xec8ba5ca, L:/127.0.0.1:55233 - R:localhost/127.0.0.1:36006]
]]></system-out>
    <system-err><![CDATA[Jan 02, 2025 2:21:39 PM org.openqa.selenium.devtools.CdpVersionFinder findNearestMatch
WARNING: Unable to find CDP implementation matching 131
Jan 02, 2025 2:21:39 PM org.openqa.selenium.chromium.ChromiumDriver lambda$new$5
WARNING: Unable to find version of CDP to use for 131.0.6778.205. You may need to include a dependency on a specific version of the CDP using something similar to `org.seleniumhq.selenium:selenium-devtools-v86:4.12.0` where the version ("v86") matches the version of the chromium-based browser you're using and the version number of the artifact is the same as Selenium's.
]]></system-err>
  </testcase>
  <testcase name="testProfilePageAccessibility" classname="UITestCases.BuggyCarsUITests" time="0.425">
    <failure message="expected [true] but found [false]" type="java.lang.AssertionError"><![CDATA[java.lang.AssertionError: expected [true] but found [false]
	at org.testng.Assert.fail(Assert.java:110)
	at org.testng.Assert.failNotEquals(Assert.java:1413)
	at org.testng.Assert.assertTrue(Assert.java:56)
	at org.testng.Assert.assertTrue(Assert.java:66)
	at UITestCases.BuggyCarsUITests.testLoginWithValidCredentials(BuggyCarsUITests.java:39)
	at UITestCases.BuggyCarsUITests.testProfilePageAccessibility(BuggyCarsUITests.java:96)
	at java.base/jdk.internal.reflect.NativeMethodAccessorImpl.invoke0(Native Method)
	at java.base/jdk.internal.reflect.NativeMethodAccessorImpl.invoke(NativeMethodAccessorImpl.java:77)
	at java.base/jdk.internal.reflect.DelegatingMethodAccessorImpl.invoke(DelegatingMethodAccessorImpl.java:43)
	at java.base/java.lang.reflect.Method.invoke(Method.java:568)
	at org.testng.internal.invokers.MethodInvocationHelper.invokeMethod(MethodInvocationHelper.java:139)
	at org.testng.internal.invokers.TestInvoker.invokeMethod(TestInvoker.java:677)
	at org.testng.internal.invokers.TestInvoker.invokeTestMethod(TestInvoker.java:221)
	at org.testng.internal.invokers.MethodRunner.runInSequence(MethodRunner.java:50)
	at org.testng.internal.invokers.TestInvoker$MethodInvocationAgent.invoke(TestInvoker.java:969)
	at org.testng.internal.invokers.TestInvoker.invokeTestMethods(TestInvoker.java:194)
	at org.testng.internal.invokers.TestMethodWorker.invokeTestMethods(TestMethodWorker.java:148)
	at org.testng.internal.invokers.TestMethodWorker.run(TestMethodWorker.java:128)
	at java.base/java.util.ArrayList.forEach(ArrayList.java:1511)
	at org.testng.TestRunner.privateRun(TestRunner.java:829)
	at org.testng.TestRunner.run(TestRunner.java:602)
	at org.testng.SuiteRunner.runTest(SuiteRunner.java:437)
	at org.testng.SuiteRunner.runSequentially(SuiteRunner.java:431)
	at org.testng.SuiteRunner.privateRun(SuiteRunner.java:391)
	at org.testng.SuiteRunner.run(SuiteRunner.java:330)
	at org.testng.SuiteRunnerWorker.runSuite(SuiteRunnerWorker.java:52)
	at org.testng.SuiteRunnerWorker.run(SuiteRunnerWorker.java:95)
	at org.testng.TestNG.runSuitesSequentially(TestNG.java:1256)
	at org.testng.TestNG.runSuitesLocally(TestNG.java:1176)
	at org.testng.TestNG.runSuites(TestNG.java:1099)
	at org.testng.TestNG.run(TestNG.java:1067)
	at org.apache.maven.surefire.testng.TestNGExecutor.run(TestNGExecutor.java:324)
	at org.apache.maven.surefire.testng.TestNGXmlTestSuite.execute(TestNGXmlTestSuite.java:74)
	at org.apache.maven.surefire.testng.TestNGProvider.invoke(TestNGProvider.java:123)
	at org.apache.maven.surefire.booter.ForkedBooter.runSuitesInProcess(ForkedBooter.java:456)
	at org.apache.maven.surefire.booter.ForkedBooter.execute(ForkedBooter.java:169)
	at org.apache.maven.surefire.booter.ForkedBooter.run(ForkedBooter.java:595)
	at org.apache.maven.surefire.booter.ForkedBooter.main(ForkedBooter.java:581)
]]></failure>
    <system-out><![CDATA[14:21:40.775 [AsyncHttpClient-1-3] DEBUG org.asynchttpclient.netty.handler.WebSocketHandler -- Channel Closed: [id: 0x42d1fd20, L:/127.0.0.1:55241 ! R:localhost/127.0.0.1:55234] with attribute DISCARD
14:21:40.777 [Driver Command Executor] DEBUG org.asynchttpclient.netty.request.NettyRequestSender -- Using pooled Channel '[id: 0xec8ba5ca, L:/127.0.0.1:55233 - R:localhost/127.0.0.1:36006]' for 'DELETE' to 'http://localhost:36006/session/171f877a7823ad3f0198e260d08f3797'
14:21:40.777 [Driver Command Executor] DEBUG org.asynchttpclient.netty.request.NettyRequestSender -- Using open Channel [id: 0xec8ba5ca, L:/127.0.0.1:55233 - R:localhost/127.0.0.1:36006] for DELETE '/session/171f877a7823ad3f0198e260d08f3797'
14:21:40.838 [AsyncHttpClient-1-2] DEBUG org.asynchttpclient.netty.handler.HttpHandler -- Unexpected I/O exception on channel [id: 0xc9f8701a, L:/127.0.0.1:55240 - R:localhost/127.0.0.1:55234]
java.net.SocketException: Connection reset
	at java.base/sun.nio.ch.SocketChannelImpl.throwConnectionReset(SocketChannelImpl.java:394)
	at java.base/sun.nio.ch.SocketChannelImpl.read(SocketChannelImpl.java:426)
	at io.netty.buffer.PooledByteBuf.setBytes(PooledByteBuf.java:254)
	at io.netty.buffer.AbstractByteBuf.writeBytes(AbstractByteBuf.java:1132)
	at io.netty.channel.socket.nio.NioSocketChannel.doReadBytes(NioSocketChannel.java:357)
	at io.netty.channel.nio.AbstractNioByteChannel$NioByteUnsafe.read(AbstractNioByteChannel.java:151)
	at io.netty.channel.nio.NioEventLoop.processSelectedKey(NioEventLoop.java:788)
	at io.netty.channel.nio.NioEventLoop.processSelectedKeysOptimized(NioEventLoop.java:724)
	at io.netty.channel.nio.NioEventLoop.processSelectedKeys(NioEventLoop.java:650)
	at io.netty.channel.nio.NioEventLoop.run(NioEventLoop.java:562)
	at io.netty.util.concurrent.SingleThreadEventExecutor$4.run(SingleThreadEventExecutor.java:997)
	at io.netty.util.internal.ThreadExecutorMap$2.run(ThreadExecutorMap.java:74)
	at io.netty.util.concurrent.FastThreadLocalRunnable.run(FastThreadLocalRunnable.java:30)
	at java.base/java.lang.Thread.run(Thread.java:842)
14:21:40.839 [AsyncHttpClient-1-2] DEBUG org.asynchttpclient.netty.channel.ChannelManager -- Closing Channel [id: 0xc9f8701a, L:/127.0.0.1:55240 - R:localhost/127.0.0.1:55234] 
14:21:40.839 [AsyncHttpClient-1-2] DEBUG org.asynchttpclient.netty.handler.HttpHandler -- Channel Closed: [id: 0xc9f8701a, L:/127.0.0.1:55240 ! R:localhost/127.0.0.1:55234] with attribute DISCARD
14:21:40.859 [AsyncHttpClient-1-17] DEBUG org.asynchttpclient.netty.handler.HttpHandler -- 

Request DefaultFullHttpRequest(decodeResult: success, version: HTTP/1.1, content: EmptyByteBufBE)
DELETE /session/171f877a7823ad3f0198e260d08f3797 HTTP/1.1
User-Agent: selenium/4.12.0 (java windows)
Content-Type: application/json; charset=utf-8
host: localhost:36006
accept: */*

Response DefaultHttpResponse(decodeResult: success, version: HTTP/1.1)
HTTP/1.1 200 OK
Content-Length: 14
Content-Type: application/json; charset=utf-8
cache-control: no-cache

14:21:40.859 [AsyncHttpClient-1-17] DEBUG org.asynchttpclient.netty.channel.ChannelManager -- Adding key: http://localhost:36006 for channel [id: 0xec8ba5ca, L:/127.0.0.1:55233 - R:localhost/127.0.0.1:36006]
14:21:40.988 [AsyncHttpClient-1-17] DEBUG org.asynchttpclient.netty.handler.HttpHandler -- Channel Closed: [id: 0xec8ba5ca, L:/127.0.0.1:55233 ! R:localhost/127.0.0.1:36006] with attribute DISCARD
14:21:41.020 [main] DEBUG io.github.bonigarcia.wdm.WebDriverManager -- Using WebDriverManager 5.5.3
14:21:41.027 [main] DEBUG io.github.bonigarcia.wdm.cache.ResolutionCache -- Resolution chrome=131 in cache (valid until 15:21:23 02/01/2025 IST)
14:21:41.027 [main] DEBUG io.github.bonigarcia.wdm.cache.ResolutionCache -- Resolution chrome131=131.0.6778.204 in cache (valid until 14:21:23 03/01/2025 IST)
14:21:41.027 [main] INFO io.github.bonigarcia.wdm.WebDriverManager -- Using chromedriver 131.0.6778.204 (resolved driver for Chrome 131)
14:21:41.031 [main] DEBUG io.github.bonigarcia.wdm.WebDriverManager -- Driver chromedriver 131.0.6778.204 found in cache
14:21:41.032 [main] INFO io.github.bonigarcia.wdm.WebDriverManager -- Exporting webdriver.chrome.driver as C:\Users\sasitharan\.cache\selenium\chromedriver\win64\131.0.6778.204\chromedriver.exe
14:21:41.096 [AsyncHttpClient-1-4] DEBUG org.asynchttpclient.netty.channel.NettyConnectListener -- Using new Channel '[id: 0xffc03cfd, L:/127.0.0.1:55251 - R:localhost/127.0.0.1:13254]' for 'POST' to '/session'
14:21:41.188 [AsyncHttpClient-1-1] DEBUG org.asynchttpclient.netty.channel.DefaultChannelPool -- Entry count for : http://localhost:55234 : 1
14:21:41.189 [AsyncHttpClient-1-1] DEBUG org.asynchttpclient.netty.channel.DefaultChannelPool -- Entry count for : http://localhost:36006 : 1
14:21:41.189 [AsyncHttpClient-1-1] DEBUG org.asynchttpclient.netty.channel.DefaultChannelPool -- Adding Candidate expired Channel [id: 0xc9f8701a, L:/127.0.0.1:55240 ! R:localhost/127.0.0.1:55234] isIdleTimeoutExpired=false isRemotelyClosed=true isTtlExpired=false
14:21:41.189 [AsyncHttpClient-1-1] DEBUG org.asynchttpclient.netty.channel.DefaultChannelPool -- Closing Idle Channel [id: 0xc9f8701a, L:/127.0.0.1:55240 ! R:localhost/127.0.0.1:55234]
14:21:41.189 [AsyncHttpClient-1-1] DEBUG org.asynchttpclient.netty.channel.DefaultChannelPool -- Adding Candidate expired Channel [id: 0xec8ba5ca, L:/127.0.0.1:55233 ! R:localhost/127.0.0.1:36006] isIdleTimeoutExpired=false isRemotelyClosed=true isTtlExpired=false
14:21:41.189 [AsyncHttpClient-1-1] DEBUG org.asynchttpclient.netty.channel.DefaultChannelPool -- Closing Idle Channel [id: 0xec8ba5ca, L:/127.0.0.1:55233 ! R:localhost/127.0.0.1:36006]
14:21:41.189 [AsyncHttpClient-1-1] DEBUG org.asynchttpclient.netty.channel.DefaultChannelPool -- Closed 2 connections out of 2 in 0 ms
14:21:42.016 [AsyncHttpClient-1-4] DEBUG org.asynchttpclient.netty.handler.HttpHandler -- 

Request DefaultHttpRequest(decodeResult: success, version: HTTP/1.1)
POST /session HTTP/1.1
User-Agent: selenium/4.12.0 (java windows)
Content-Length: 254
Content-Type: application/json; charset=utf-8
host: localhost:13254
accept: */*

Response DefaultHttpResponse(decodeResult: success, version: HTTP/1.1)
HTTP/1.1 200 OK
Content-Length: 888
Content-Type: application/json; charset=utf-8
cache-control: no-cache

14:21:42.017 [AsyncHttpClient-1-4] DEBUG org.asynchttpclient.netty.channel.ChannelManager -- Adding key: http://localhost:13254 for channel [id: 0xffc03cfd, L:/127.0.0.1:55251 - R:localhost/127.0.0.1:13254]
14:21:42.026 [AsyncHttpClient-1-5] DEBUG org.asynchttpclient.netty.channel.NettyConnectListener -- Using new Channel '[id: 0x5d13d29c, L:/127.0.0.1:55258 - R:localhost/127.0.0.1:55252]' for 'GET' to '/json/version'
14:21:42.028 [AsyncHttpClient-1-5] DEBUG org.asynchttpclient.netty.handler.HttpHandler -- 

Request DefaultFullHttpRequest(decodeResult: success, version: HTTP/1.1, content: EmptyByteBufBE)
GET /json/version HTTP/1.1
User-Agent: selenium/4.12.0 (java windows)
host: localhost:55252
accept: */*

Response DefaultHttpResponse(decodeResult: success, version: HTTP/1.1)
HTTP/1.1 200 OK
Content-Security-Policy: frame-ancestors 'none'
Content-Length: 424
Content-Type: application/json; charset=UTF-8

14:21:42.028 [AsyncHttpClient-1-5] DEBUG org.asynchttpclient.netty.channel.ChannelManager -- Adding key: http://localhost:55252 for channel [id: 0x5d13d29c, L:/127.0.0.1:55258 - R:localhost/127.0.0.1:55252]
14:21:42.032 [AsyncHttpClient-1-6] DEBUG org.asynchttpclient.netty.channel.NettyConnectListener -- Using new Channel '[id: 0xa4255a7d, L:/127.0.0.1:55259 - R:localhost/127.0.0.1:55252]' for 'GET' to '/devtools/browser/c2f5f500-951b-44bc-9dfe-0053bd0ba5f0'
14:21:42.033 [AsyncHttpClient-1-6] DEBUG org.asynchttpclient.netty.handler.WebSocketHandler -- 

Request DefaultFullHttpRequest(decodeResult: success, version: HTTP/1.1, content: EmptyByteBufBE)
GET /devtools/browser/c2f5f500-951b-44bc-9dfe-0053bd0ba5f0 HTTP/1.1
upgrade: websocket
connection: upgrade
sec-websocket-key: ygIYz1Z37fR+55prk4BWuw==
sec-websocket-version: 13
origin: http://localhost:55252
host: localhost:55252
accept: */*
user-agent: AHC/2.1

Response DefaultHttpResponse(decodeResult: success, version: HTTP/1.1)
HTTP/1.1 101 WebSocket Protocol Handshake
Upgrade: WebSocket
Connection: Upgrade
Sec-WebSocket-Accept: x/mxg7Wz5kff8mhaGOA6IILzfxU=

14:21:42.038 [Forwarding maximizeCurrentWindow on session 7b09d84ba2d9888b3d2d8bb50c310706 to remote] DEBUG org.asynchttpclient.netty.request.NettyRequestSender -- Using pooled Channel '[id: 0xffc03cfd, L:/127.0.0.1:55251 - R:localhost/127.0.0.1:13254]' for 'POST' to 'http://localhost:13254/session/7b09d84ba2d9888b3d2d8bb50c310706/window/maximize'
14:21:42.038 [Forwarding maximizeCurrentWindow on session 7b09d84ba2d9888b3d2d8bb50c310706 to remote] DEBUG org.asynchttpclient.netty.request.NettyRequestSender -- Using open Channel [id: 0xffc03cfd, L:/127.0.0.1:55251 - R:localhost/127.0.0.1:13254] for POST '/session/7b09d84ba2d9888b3d2d8bb50c310706/window/maximize'
14:21:42.094 [AsyncHttpClient-1-4] DEBUG org.asynchttpclient.netty.handler.HttpHandler -- 

Request DefaultHttpRequest(decodeResult: success, version: HTTP/1.1)
POST /session/7b09d84ba2d9888b3d2d8bb50c310706/window/maximize HTTP/1.1
User-Agent: selenium/4.12.0 (java windows)
Content-Length: 3
Content-Type: application/json; charset=utf-8
host: localhost:13254
accept: */*

Response DefaultHttpResponse(decodeResult: success, version: HTTP/1.1)
HTTP/1.1 200 OK
Content-Length: 51
Content-Type: application/json; charset=utf-8
cache-control: no-cache

14:21:42.095 [AsyncHttpClient-1-4] DEBUG org.asynchttpclient.netty.channel.ChannelManager -- Adding key: http://localhost:13254 for channel [id: 0xffc03cfd, L:/127.0.0.1:55251 - R:localhost/127.0.0.1:13254]
14:21:42.096 [Forwarding get on session 7b09d84ba2d9888b3d2d8bb50c310706 to remote] DEBUG org.asynchttpclient.netty.request.NettyRequestSender -- Using pooled Channel '[id: 0xffc03cfd, L:/127.0.0.1:55251 - R:localhost/127.0.0.1:13254]' for 'POST' to 'http://localhost:13254/session/7b09d84ba2d9888b3d2d8bb50c310706/url'
14:21:42.096 [Forwarding get on session 7b09d84ba2d9888b3d2d8bb50c310706 to remote] DEBUG org.asynchttpclient.netty.request.NettyRequestSender -- Using open Channel [id: 0xffc03cfd, L:/127.0.0.1:55251 - R:localhost/127.0.0.1:13254] for POST '/session/7b09d84ba2d9888b3d2d8bb50c310706/url'
14:21:42.224 [AsyncHttpClient-1-1] DEBUG org.asynchttpclient.netty.channel.DefaultChannelPool -- Entry count for : http://localhost:55252 : 1
14:21:43.329 [AsyncHttpClient-1-1] DEBUG org.asynchttpclient.netty.channel.DefaultChannelPool -- Entry count for : http://localhost:55252 : 1
14:21:43.360 [AsyncHttpClient-1-4] DEBUG org.asynchttpclient.netty.handler.HttpHandler -- 

Request DefaultHttpRequest(decodeResult: success, version: HTTP/1.1)
POST /session/7b09d84ba2d9888b3d2d8bb50c310706/url HTTP/1.1
User-Agent: selenium/4.12.0 (java windows)
Content-Length: 58
Content-Type: application/json; charset=utf-8
host: localhost:13254
accept: */*

Response DefaultHttpResponse(decodeResult: success, version: HTTP/1.1)
HTTP/1.1 200 OK
Content-Length: 14
Content-Type: application/json; charset=utf-8
cache-control: no-cache

14:21:43.360 [AsyncHttpClient-1-4] DEBUG org.asynchttpclient.netty.channel.ChannelManager -- Adding key: http://localhost:13254 for channel [id: 0xffc03cfd, L:/127.0.0.1:55251 - R:localhost/127.0.0.1:13254]
14:21:43.368 [Forwarding findElement on session 7b09d84ba2d9888b3d2d8bb50c310706 to remote] DEBUG org.asynchttpclient.netty.request.NettyRequestSender -- Using pooled Channel '[id: 0xffc03cfd, L:/127.0.0.1:55251 - R:localhost/127.0.0.1:13254]' for 'POST' to 'http://localhost:13254/session/7b09d84ba2d9888b3d2d8bb50c310706/element'
14:21:43.368 [Forwarding findElement on session 7b09d84ba2d9888b3d2d8bb50c310706 to remote] DEBUG org.asynchttpclient.netty.request.NettyRequestSender -- Using open Channel [id: 0xffc03cfd, L:/127.0.0.1:55251 - R:localhost/127.0.0.1:13254] for POST '/session/7b09d84ba2d9888b3d2d8bb50c310706/element'
14:21:43.389 [AsyncHttpClient-1-4] DEBUG org.asynchttpclient.netty.handler.HttpHandler -- 

Request DefaultHttpRequest(decodeResult: success, version: HTTP/1.1)
POST /session/7b09d84ba2d9888b3d2d8bb50c310706/element HTTP/1.1
User-Agent: selenium/4.12.0 (java windows)
Content-Length: 59
Content-Type: application/json; charset=utf-8
host: localhost:13254
accept: */*

Response DefaultHttpResponse(decodeResult: success, version: HTTP/1.1)
HTTP/1.1 200 OK
Content-Length: 126
Content-Type: application/json; charset=utf-8
cache-control: no-cache

14:21:43.389 [AsyncHttpClient-1-4] DEBUG org.asynchttpclient.netty.channel.ChannelManager -- Adding key: http://localhost:13254 for channel [id: 0xffc03cfd, L:/127.0.0.1:55251 - R:localhost/127.0.0.1:13254]
14:21:43.390 [Forwarding sendKeysToElement on session 7b09d84ba2d9888b3d2d8bb50c310706 to remote] DEBUG org.asynchttpclient.netty.request.NettyRequestSender -- Using pooled Channel '[id: 0xffc03cfd, L:/127.0.0.1:55251 - R:localhost/127.0.0.1:13254]' for 'POST' to 'http://localhost:13254/session/7b09d84ba2d9888b3d2d8bb50c310706/element/f.9DABF91A204B9DBCB2164CC2D62C349D.d.B131D1D2E66F7CF4143C14E70FCEA192.e.15/value'
14:21:43.390 [Forwarding sendKeysToElement on session 7b09d84ba2d9888b3d2d8bb50c310706 to remote] DEBUG org.asynchttpclient.netty.request.NettyRequestSender -- Using open Channel [id: 0xffc03cfd, L:/127.0.0.1:55251 - R:localhost/127.0.0.1:13254] for POST '/session/7b09d84ba2d9888b3d2d8bb50c310706/element/f.9DABF91A204B9DBCB2164CC2D62C349D.d.B131D1D2E66F7CF4143C14E70FCEA192.e.15/value'
14:21:43.531 [AsyncHttpClient-1-4] DEBUG org.asynchttpclient.netty.handler.HttpHandler -- 

Request DefaultHttpRequest(decodeResult: success, version: HTTP/1.1)
POST /session/7b09d84ba2d9888b3d2d8bb50c310706/element/f.9DABF91A204B9DBCB2164CC2D62C349D.d.B131D1D2E66F7CF4143C14E70FCEA192.e.15/value HTTP/1.1
User-Agent: selenium/4.12.0 (java windows)
Content-Length: 229
Content-Type: application/json; charset=utf-8
host: localhost:13254
accept: */*

Response DefaultHttpResponse(decodeResult: success, version: HTTP/1.1)
HTTP/1.1 200 OK
Content-Length: 14
Content-Type: application/json; charset=utf-8
cache-control: no-cache

14:21:43.532 [AsyncHttpClient-1-4] DEBUG org.asynchttpclient.netty.channel.ChannelManager -- Adding key: http://localhost:13254 for channel [id: 0xffc03cfd, L:/127.0.0.1:55251 - R:localhost/127.0.0.1:13254]
14:21:43.533 [Forwarding findElement on session 7b09d84ba2d9888b3d2d8bb50c310706 to remote] DEBUG org.asynchttpclient.netty.request.NettyRequestSender -- Using pooled Channel '[id: 0xffc03cfd, L:/127.0.0.1:55251 - R:localhost/127.0.0.1:13254]' for 'POST' to 'http://localhost:13254/session/7b09d84ba2d9888b3d2d8bb50c310706/element'
14:21:43.534 [Forwarding findElement on session 7b09d84ba2d9888b3d2d8bb50c310706 to remote] DEBUG org.asynchttpclient.netty.request.NettyRequestSender -- Using open Channel [id: 0xffc03cfd, L:/127.0.0.1:55251 - R:localhost/127.0.0.1:13254] for POST '/session/7b09d84ba2d9888b3d2d8bb50c310706/element'
14:21:43.549 [AsyncHttpClient-1-4] DEBUG org.asynchttpclient.netty.handler.HttpHandler -- 

Request DefaultHttpRequest(decodeResult: success, version: HTTP/1.1)
POST /session/7b09d84ba2d9888b3d2d8bb50c310706/element HTTP/1.1
User-Agent: selenium/4.12.0 (java windows)
Content-Length: 62
Content-Type: application/json; charset=utf-8
host: localhost:13254
accept: */*

Response DefaultHttpResponse(decodeResult: success, version: HTTP/1.1)
HTTP/1.1 200 OK
Content-Length: 125
Content-Type: application/json; charset=utf-8
cache-control: no-cache

14:21:43.549 [AsyncHttpClient-1-4] DEBUG org.asynchttpclient.netty.channel.ChannelManager -- Adding key: http://localhost:13254 for channel [id: 0xffc03cfd, L:/127.0.0.1:55251 - R:localhost/127.0.0.1:13254]
14:21:43.550 [Forwarding sendKeysToElement on session 7b09d84ba2d9888b3d2d8bb50c310706 to remote] DEBUG org.asynchttpclient.netty.request.NettyRequestSender -- Using pooled Channel '[id: 0xffc03cfd, L:/127.0.0.1:55251 - R:localhost/127.0.0.1:13254]' for 'POST' to 'http://localhost:13254/session/7b09d84ba2d9888b3d2d8bb50c310706/element/f.9DABF91A204B9DBCB2164CC2D62C349D.d.B131D1D2E66F7CF4143C14E70FCEA192.e.4/value'
14:21:43.550 [Forwarding sendKeysToElement on session 7b09d84ba2d9888b3d2d8bb50c310706 to remote] DEBUG org.asynchttpclient.netty.request.NettyRequestSender -- Using open Channel [id: 0xffc03cfd, L:/127.0.0.1:55251 - R:localhost/127.0.0.1:13254] for POST '/session/7b09d84ba2d9888b3d2d8bb50c310706/element/f.9DABF91A204B9DBCB2164CC2D62C349D.d.B131D1D2E66F7CF4143C14E70FCEA192.e.4/value'
14:21:43.677 [AsyncHttpClient-1-4] DEBUG org.asynchttpclient.netty.handler.HttpHandler -- 

Request DefaultHttpRequest(decodeResult: success, version: HTTP/1.1)
POST /session/7b09d84ba2d9888b3d2d8bb50c310706/element/f.9DABF91A204B9DBCB2164CC2D62C349D.d.B131D1D2E66F7CF4143C14E70FCEA192.e.4/value HTTP/1.1
User-Agent: selenium/4.12.0 (java windows)
Content-Length: 238
Content-Type: application/json; charset=utf-8
host: localhost:13254
accept: */*

Response DefaultHttpResponse(decodeResult: success, version: HTTP/1.1)
HTTP/1.1 200 OK
Content-Length: 14
Content-Type: application/json; charset=utf-8
cache-control: no-cache

14:21:43.679 [AsyncHttpClient-1-4] DEBUG org.asynchttpclient.netty.channel.ChannelManager -- Adding key: http://localhost:13254 for channel [id: 0xffc03cfd, L:/127.0.0.1:55251 - R:localhost/127.0.0.1:13254]
14:21:43.679 [Forwarding findElement on session 7b09d84ba2d9888b3d2d8bb50c310706 to remote] DEBUG org.asynchttpclient.netty.request.NettyRequestSender -- Using pooled Channel '[id: 0xffc03cfd, L:/127.0.0.1:55251 - R:localhost/127.0.0.1:13254]' for 'POST' to 'http://localhost:13254/session/7b09d84ba2d9888b3d2d8bb50c310706/element'
14:21:43.680 [Forwarding findElement on session 7b09d84ba2d9888b3d2d8bb50c310706 to remote] DEBUG org.asynchttpclient.netty.request.NettyRequestSender -- Using open Channel [id: 0xffc03cfd, L:/127.0.0.1:55251 - R:localhost/127.0.0.1:13254] for POST '/session/7b09d84ba2d9888b3d2d8bb50c310706/element'
14:21:43.702 [AsyncHttpClient-1-4] DEBUG org.asynchttpclient.netty.handler.HttpHandler -- 

Request DefaultHttpRequest(decodeResult: success, version: HTTP/1.1)
POST /session/7b09d84ba2d9888b3d2d8bb50c310706/element HTTP/1.1
User-Agent: selenium/4.12.0 (java windows)
Content-Length: 65
Content-Type: application/json; charset=utf-8
host: localhost:13254
accept: */*

Response DefaultHttpResponse(decodeResult: success, version: HTTP/1.1)
HTTP/1.1 200 OK
Content-Length: 126
Content-Type: application/json; charset=utf-8
cache-control: no-cache

14:21:43.702 [AsyncHttpClient-1-4] DEBUG org.asynchttpclient.netty.channel.ChannelManager -- Adding key: http://localhost:13254 for channel [id: 0xffc03cfd, L:/127.0.0.1:55251 - R:localhost/127.0.0.1:13254]
14:21:43.704 [Forwarding clickElement on session 7b09d84ba2d9888b3d2d8bb50c310706 to remote] DEBUG org.asynchttpclient.netty.request.NettyRequestSender -- Using pooled Channel '[id: 0xffc03cfd, L:/127.0.0.1:55251 - R:localhost/127.0.0.1:13254]' for 'POST' to 'http://localhost:13254/session/7b09d84ba2d9888b3d2d8bb50c310706/element/f.9DABF91A204B9DBCB2164CC2D62C349D.d.B131D1D2E66F7CF4143C14E70FCEA192.e.17/click'
14:21:43.704 [Forwarding clickElement on session 7b09d84ba2d9888b3d2d8bb50c310706 to remote] DEBUG org.asynchttpclient.netty.request.NettyRequestSender -- Using open Channel [id: 0xffc03cfd, L:/127.0.0.1:55251 - R:localhost/127.0.0.1:13254] for POST '/session/7b09d84ba2d9888b3d2d8bb50c310706/element/f.9DABF91A204B9DBCB2164CC2D62C349D.d.B131D1D2E66F7CF4143C14E70FCEA192.e.17/click'
14:21:43.775 [AsyncHttpClient-1-4] DEBUG org.asynchttpclient.netty.handler.HttpHandler -- 

Request DefaultHttpRequest(decodeResult: success, version: HTTP/1.1)
POST /session/7b09d84ba2d9888b3d2d8bb50c310706/element/f.9DABF91A204B9DBCB2164CC2D62C349D.d.B131D1D2E66F7CF4143C14E70FCEA192.e.17/click HTTP/1.1
User-Agent: selenium/4.12.0 (java windows)
Content-Length: 88
Content-Type: application/json; charset=utf-8
host: localhost:13254
accept: */*

Response DefaultHttpResponse(decodeResult: success, version: HTTP/1.1)
HTTP/1.1 200 OK
Content-Length: 14
Content-Type: application/json; charset=utf-8
cache-control: no-cache

14:21:43.775 [AsyncHttpClient-1-4] DEBUG org.asynchttpclient.netty.channel.ChannelManager -- Adding key: http://localhost:13254 for channel [id: 0xffc03cfd, L:/127.0.0.1:55251 - R:localhost/127.0.0.1:13254]
14:21:43.777 [Forwarding getPageSource on session 7b09d84ba2d9888b3d2d8bb50c310706 to remote] DEBUG org.asynchttpclient.netty.request.NettyRequestSender -- Using pooled Channel '[id: 0xffc03cfd, L:/127.0.0.1:55251 - R:localhost/127.0.0.1:13254]' for 'POST' to 'http://localhost:13254/session/7b09d84ba2d9888b3d2d8bb50c310706/execute/sync'
14:21:43.777 [Forwarding getPageSource on session 7b09d84ba2d9888b3d2d8bb50c310706 to remote] DEBUG org.asynchttpclient.netty.request.NettyRequestSender -- Using open Channel [id: 0xffc03cfd, L:/127.0.0.1:55251 - R:localhost/127.0.0.1:13254] for POST '/session/7b09d84ba2d9888b3d2d8bb50c310706/execute/sync'
14:21:43.785 [AsyncHttpClient-1-4] DEBUG org.asynchttpclient.netty.handler.HttpHandler -- 

Request DefaultHttpRequest(decodeResult: success, version: HTTP/1.1)
POST /session/7b09d84ba2d9888b3d2d8bb50c310706/execute/sync HTTP/1.1
User-Agent: selenium/4.12.0 (java windows)
Content-Length: 176
Content-Type: application/json; charset=utf-8
host: localhost:13254
accept: */*

Response DefaultHttpResponse(decodeResult: success, version: HTTP/1.1)
HTTP/1.1 200 OK
Content-Length: 4159
Content-Type: application/json; charset=utf-8
cache-control: no-cache

14:21:43.786 [AsyncHttpClient-1-4] DEBUG org.asynchttpclient.netty.channel.ChannelManager -- Adding key: http://localhost:13254 for channel [id: 0xffc03cfd, L:/127.0.0.1:55251 - R:localhost/127.0.0.1:13254]
]]></system-out>
    <system-err><![CDATA[Jan 02, 2025 2:21:42 PM org.openqa.selenium.devtools.CdpVersionFinder findNearestMatch
WARNING: Unable to find CDP implementation matching 131
Jan 02, 2025 2:21:42 PM org.openqa.selenium.chromium.ChromiumDriver lambda$new$5
WARNING: Unable to find version of CDP to use for 131.0.6778.205. You may need to include a dependency on a specific version of the CDP using something similar to `org.seleniumhq.selenium:selenium-devtools-v86:4.12.0` where the version ("v86") matches the version of the chromium-based browser you're using and the version number of the artifact is the same as Selenium's.
]]></system-err>
  </testcase>
  <testcase name="testResponsiveUI" classname="UITestCases.BuggyCarsUITests" time="0.814">
    <system-out><![CDATA[14:21:43.791 [AsyncHttpClient-1-6] DEBUG org.asynchttpclient.netty.handler.WebSocketHandler -- Channel Closed: [id: 0xa4255a7d, L:/127.0.0.1:55259 ! R:localhost/127.0.0.1:55252] with attribute DISCARD
14:21:43.791 [Driver Command Executor] DEBUG org.asynchttpclient.netty.request.NettyRequestSender -- Using pooled Channel '[id: 0xffc03cfd, L:/127.0.0.1:55251 - R:localhost/127.0.0.1:13254]' for 'DELETE' to 'http://localhost:13254/session/7b09d84ba2d9888b3d2d8bb50c310706'
14:21:43.791 [Driver Command Executor] DEBUG org.asynchttpclient.netty.request.NettyRequestSender -- Using open Channel [id: 0xffc03cfd, L:/127.0.0.1:55251 - R:localhost/127.0.0.1:13254] for DELETE '/session/7b09d84ba2d9888b3d2d8bb50c310706'
14:21:43.873 [AsyncHttpClient-1-5] DEBUG org.asynchttpclient.netty.handler.HttpHandler -- Unexpected I/O exception on channel [id: 0x5d13d29c, L:/127.0.0.1:55258 - R:localhost/127.0.0.1:55252]
java.net.SocketException: Connection reset
	at java.base/sun.nio.ch.SocketChannelImpl.throwConnectionReset(SocketChannelImpl.java:394)
	at java.base/sun.nio.ch.SocketChannelImpl.read(SocketChannelImpl.java:426)
	at io.netty.buffer.PooledByteBuf.setBytes(PooledByteBuf.java:254)
	at io.netty.buffer.AbstractByteBuf.writeBytes(AbstractByteBuf.java:1132)
	at io.netty.channel.socket.nio.NioSocketChannel.doReadBytes(NioSocketChannel.java:357)
	at io.netty.channel.nio.AbstractNioByteChannel$NioByteUnsafe.read(AbstractNioByteChannel.java:151)
	at io.netty.channel.nio.NioEventLoop.processSelectedKey(NioEventLoop.java:788)
	at io.netty.channel.nio.NioEventLoop.processSelectedKeysOptimized(NioEventLoop.java:724)
	at io.netty.channel.nio.NioEventLoop.processSelectedKeys(NioEventLoop.java:650)
	at io.netty.channel.nio.NioEventLoop.run(NioEventLoop.java:562)
	at io.netty.util.concurrent.SingleThreadEventExecutor$4.run(SingleThreadEventExecutor.java:997)
	at io.netty.util.internal.ThreadExecutorMap$2.run(ThreadExecutorMap.java:74)
	at io.netty.util.concurrent.FastThreadLocalRunnable.run(FastThreadLocalRunnable.java:30)
	at java.base/java.lang.Thread.run(Thread.java:842)
14:21:43.874 [AsyncHttpClient-1-5] DEBUG org.asynchttpclient.netty.channel.ChannelManager -- Closing Channel [id: 0x5d13d29c, L:/127.0.0.1:55258 - R:localhost/127.0.0.1:55252] 
14:21:43.874 [AsyncHttpClient-1-5] DEBUG org.asynchttpclient.netty.handler.HttpHandler -- Channel Closed: [id: 0x5d13d29c, L:/127.0.0.1:55258 ! R:localhost/127.0.0.1:55252] with attribute DISCARD
14:21:43.900 [AsyncHttpClient-1-4] DEBUG org.asynchttpclient.netty.handler.HttpHandler -- 

Request DefaultFullHttpRequest(decodeResult: success, version: HTTP/1.1, content: EmptyByteBufBE)
DELETE /session/7b09d84ba2d9888b3d2d8bb50c310706 HTTP/1.1
User-Agent: selenium/4.12.0 (java windows)
Content-Type: application/json; charset=utf-8
host: localhost:13254
accept: */*

Response DefaultHttpResponse(decodeResult: success, version: HTTP/1.1)
HTTP/1.1 200 OK
Content-Length: 14
Content-Type: application/json; charset=utf-8
cache-control: no-cache

14:21:43.900 [AsyncHttpClient-1-4] DEBUG org.asynchttpclient.netty.channel.ChannelManager -- Adding key: http://localhost:13254 for channel [id: 0xffc03cfd, L:/127.0.0.1:55251 - R:localhost/127.0.0.1:13254]
14:21:44.028 [AsyncHttpClient-1-4] DEBUG org.asynchttpclient.netty.handler.HttpHandler -- Channel Closed: [id: 0xffc03cfd, L:/127.0.0.1:55251 ! R:localhost/127.0.0.1:13254] with attribute DISCARD
14:21:44.091 [main] DEBUG io.github.bonigarcia.wdm.WebDriverManager -- Using WebDriverManager 5.5.3
14:21:44.098 [main] DEBUG io.github.bonigarcia.wdm.cache.ResolutionCache -- Resolution chrome=131 in cache (valid until 15:21:23 02/01/2025 IST)
14:21:44.099 [main] DEBUG io.github.bonigarcia.wdm.cache.ResolutionCache -- Resolution chrome131=131.0.6778.204 in cache (valid until 14:21:23 03/01/2025 IST)
14:21:44.099 [main] INFO io.github.bonigarcia.wdm.WebDriverManager -- Using chromedriver 131.0.6778.204 (resolved driver for Chrome 131)
14:21:44.105 [main] DEBUG io.github.bonigarcia.wdm.WebDriverManager -- Driver chromedriver 131.0.6778.204 found in cache
14:21:44.106 [main] INFO io.github.bonigarcia.wdm.WebDriverManager -- Exporting webdriver.chrome.driver as C:\Users\sasitharan\.cache\selenium\chromedriver\win64\131.0.6778.204\chromedriver.exe
14:21:44.191 [AsyncHttpClient-1-7] DEBUG org.asynchttpclient.netty.channel.NettyConnectListener -- Using new Channel '[id: 0x8ff96578, L:/127.0.0.1:55272 - R:localhost/127.0.0.1:14545]' for 'POST' to '/session'
14:21:44.428 [AsyncHttpClient-1-1] DEBUG org.asynchttpclient.netty.channel.DefaultChannelPool -- Entry count for : http://localhost:55252 : 1
14:21:44.428 [AsyncHttpClient-1-1] DEBUG org.asynchttpclient.netty.channel.DefaultChannelPool -- Entry count for : http://localhost:13254 : 1
14:21:44.428 [AsyncHttpClient-1-1] DEBUG org.asynchttpclient.netty.channel.DefaultChannelPool -- Adding Candidate expired Channel [id: 0x5d13d29c, L:/127.0.0.1:55258 ! R:localhost/127.0.0.1:55252] isIdleTimeoutExpired=false isRemotelyClosed=true isTtlExpired=false
14:21:44.428 [AsyncHttpClient-1-1] DEBUG org.asynchttpclient.netty.channel.DefaultChannelPool -- Closing Idle Channel [id: 0x5d13d29c, L:/127.0.0.1:55258 ! R:localhost/127.0.0.1:55252]
14:21:44.428 [AsyncHttpClient-1-1] DEBUG org.asynchttpclient.netty.channel.DefaultChannelPool -- Adding Candidate expired Channel [id: 0xffc03cfd, L:/127.0.0.1:55251 ! R:localhost/127.0.0.1:13254] isIdleTimeoutExpired=false isRemotelyClosed=true isTtlExpired=false
14:21:44.428 [AsyncHttpClient-1-1] DEBUG org.asynchttpclient.netty.channel.DefaultChannelPool -- Closing Idle Channel [id: 0xffc03cfd, L:/127.0.0.1:55251 ! R:localhost/127.0.0.1:13254]
14:21:44.428 [AsyncHttpClient-1-1] DEBUG org.asynchttpclient.netty.channel.DefaultChannelPool -- Closed 2 connections out of 2 in 0 ms
14:21:45.074 [AsyncHttpClient-1-7] DEBUG org.asynchttpclient.netty.handler.HttpHandler -- 

Request DefaultHttpRequest(decodeResult: success, version: HTTP/1.1)
POST /session HTTP/1.1
User-Agent: selenium/4.12.0 (java windows)
Content-Length: 254
Content-Type: application/json; charset=utf-8
host: localhost:14545
accept: */*

Response DefaultHttpResponse(decodeResult: success, version: HTTP/1.1)
HTTP/1.1 200 OK
Content-Length: 889
Content-Type: application/json; charset=utf-8
cache-control: no-cache

14:21:45.074 [AsyncHttpClient-1-7] DEBUG org.asynchttpclient.netty.channel.ChannelManager -- Adding key: http://localhost:14545 for channel [id: 0x8ff96578, L:/127.0.0.1:55272 - R:localhost/127.0.0.1:14545]
14:21:45.080 [AsyncHttpClient-1-8] DEBUG org.asynchttpclient.netty.channel.NettyConnectListener -- Using new Channel '[id: 0x20404679, L:/127.0.0.1:55279 - R:localhost/127.0.0.1:55273]' for 'GET' to '/json/version'
14:21:45.081 [AsyncHttpClient-1-8] DEBUG org.asynchttpclient.netty.handler.HttpHandler -- 

Request DefaultFullHttpRequest(decodeResult: success, version: HTTP/1.1, content: EmptyByteBufBE)
GET /json/version HTTP/1.1
User-Agent: selenium/4.12.0 (java windows)
host: localhost:55273
accept: */*

Response DefaultHttpResponse(decodeResult: success, version: HTTP/1.1)
HTTP/1.1 200 OK
Content-Security-Policy: frame-ancestors 'none'
Content-Length: 424
Content-Type: application/json; charset=UTF-8

14:21:45.082 [AsyncHttpClient-1-8] DEBUG org.asynchttpclient.netty.channel.ChannelManager -- Adding key: http://localhost:55273 for channel [id: 0x20404679, L:/127.0.0.1:55279 - R:localhost/127.0.0.1:55273]
14:21:45.088 [AsyncHttpClient-1-9] DEBUG org.asynchttpclient.netty.channel.NettyConnectListener -- Using new Channel '[id: 0x59e371fa, L:/127.0.0.1:55280 - R:localhost/127.0.0.1:55273]' for 'GET' to '/devtools/browser/bfd71203-aaa6-4adf-9892-4afa0e04dbcc'
14:21:45.089 [AsyncHttpClient-1-9] DEBUG org.asynchttpclient.netty.handler.WebSocketHandler -- 

Request DefaultFullHttpRequest(decodeResult: success, version: HTTP/1.1, content: EmptyByteBufBE)
GET /devtools/browser/bfd71203-aaa6-4adf-9892-4afa0e04dbcc HTTP/1.1
upgrade: websocket
connection: upgrade
sec-websocket-key: UlfBtSl6g8ctWLr/UxQqUw==
sec-websocket-version: 13
origin: http://localhost:55273
host: localhost:55273
accept: */*
user-agent: AHC/2.1

Response DefaultHttpResponse(decodeResult: success, version: HTTP/1.1)
HTTP/1.1 101 WebSocket Protocol Handshake
Upgrade: WebSocket
Connection: Upgrade
Sec-WebSocket-Accept: HKsyocNnBkX4gRvifE0gIcRuQE0=

14:21:45.094 [Forwarding maximizeCurrentWindow on session a13e54e274fbbd21d092917e54af55f8 to remote] DEBUG org.asynchttpclient.netty.request.NettyRequestSender -- Using pooled Channel '[id: 0x8ff96578, L:/127.0.0.1:55272 - R:localhost/127.0.0.1:14545]' for 'POST' to 'http://localhost:14545/session/a13e54e274fbbd21d092917e54af55f8/window/maximize'
14:21:45.094 [Forwarding maximizeCurrentWindow on session a13e54e274fbbd21d092917e54af55f8 to remote] DEBUG org.asynchttpclient.netty.request.NettyRequestSender -- Using open Channel [id: 0x8ff96578, L:/127.0.0.1:55272 - R:localhost/127.0.0.1:14545] for POST '/session/a13e54e274fbbd21d092917e54af55f8/window/maximize'
14:21:45.142 [AsyncHttpClient-1-7] DEBUG org.asynchttpclient.netty.handler.HttpHandler -- 

Request DefaultHttpRequest(decodeResult: success, version: HTTP/1.1)
POST /session/a13e54e274fbbd21d092917e54af55f8/window/maximize HTTP/1.1
User-Agent: selenium/4.12.0 (java windows)
Content-Length: 3
Content-Type: application/json; charset=utf-8
host: localhost:14545
accept: */*

Response DefaultHttpResponse(decodeResult: success, version: HTTP/1.1)
HTTP/1.1 200 OK
Content-Length: 51
Content-Type: application/json; charset=utf-8
cache-control: no-cache

14:21:45.143 [AsyncHttpClient-1-7] DEBUG org.asynchttpclient.netty.channel.ChannelManager -- Adding key: http://localhost:14545 for channel [id: 0x8ff96578, L:/127.0.0.1:55272 - R:localhost/127.0.0.1:14545]
14:21:45.144 [Forwarding get on session a13e54e274fbbd21d092917e54af55f8 to remote] DEBUG org.asynchttpclient.netty.request.NettyRequestSender -- Using pooled Channel '[id: 0x8ff96578, L:/127.0.0.1:55272 - R:localhost/127.0.0.1:14545]' for 'POST' to 'http://localhost:14545/session/a13e54e274fbbd21d092917e54af55f8/url'
14:21:45.144 [Forwarding get on session a13e54e274fbbd21d092917e54af55f8 to remote] DEBUG org.asynchttpclient.netty.request.NettyRequestSender -- Using open Channel [id: 0x8ff96578, L:/127.0.0.1:55272 - R:localhost/127.0.0.1:14545] for POST '/session/a13e54e274fbbd21d092917e54af55f8/url'
14:21:45.525 [AsyncHttpClient-1-1] DEBUG org.asynchttpclient.netty.channel.DefaultChannelPool -- Entry count for : http://localhost:55273 : 1
14:21:46.102 [AsyncHttpClient-1-7] DEBUG org.asynchttpclient.netty.handler.HttpHandler -- 

Request DefaultHttpRequest(decodeResult: success, version: HTTP/1.1)
POST /session/a13e54e274fbbd21d092917e54af55f8/url HTTP/1.1
User-Agent: selenium/4.12.0 (java windows)
Content-Length: 58
Content-Type: application/json; charset=utf-8
host: localhost:14545
accept: */*

Response DefaultHttpResponse(decodeResult: success, version: HTTP/1.1)
HTTP/1.1 200 OK
Content-Length: 14
Content-Type: application/json; charset=utf-8
cache-control: no-cache

14:21:46.102 [AsyncHttpClient-1-7] DEBUG org.asynchttpclient.netty.channel.ChannelManager -- Adding key: http://localhost:14545 for channel [id: 0x8ff96578, L:/127.0.0.1:55272 - R:localhost/127.0.0.1:14545]
14:21:46.107 [Forwarding setCurrentWindowSize on session a13e54e274fbbd21d092917e54af55f8 to remote] DEBUG org.asynchttpclient.netty.request.NettyRequestSender -- Using pooled Channel '[id: 0x8ff96578, L:/127.0.0.1:55272 - R:localhost/127.0.0.1:14545]' for 'POST' to 'http://localhost:14545/session/a13e54e274fbbd21d092917e54af55f8/window/rect'
14:21:46.107 [Forwarding setCurrentWindowSize on session a13e54e274fbbd21d092917e54af55f8 to remote] DEBUG org.asynchttpclient.netty.request.NettyRequestSender -- Using open Channel [id: 0x8ff96578, L:/127.0.0.1:55272 - R:localhost/127.0.0.1:14545] for POST '/session/a13e54e274fbbd21d092917e54af55f8/window/rect'
14:21:46.489 [AsyncHttpClient-1-7] DEBUG org.asynchttpclient.netty.handler.HttpHandler -- 

Request DefaultHttpRequest(decodeResult: success, version: HTTP/1.1)
POST /session/a13e54e274fbbd21d092917e54af55f8/window/rect HTTP/1.1
User-Agent: selenium/4.12.0 (java windows)
Content-Length: 36
Content-Type: application/json; charset=utf-8
host: localhost:14545
accept: */*

Response DefaultHttpResponse(decodeResult: success, version: HTTP/1.1)
HTTP/1.1 200 OK
Content-Length: 51
Content-Type: application/json; charset=utf-8
cache-control: no-cache

14:21:46.489 [AsyncHttpClient-1-7] DEBUG org.asynchttpclient.netty.channel.ChannelManager -- Adding key: http://localhost:14545 for channel [id: 0x8ff96578, L:/127.0.0.1:55272 - R:localhost/127.0.0.1:14545]
14:21:46.491 [Forwarding getPageSource on session a13e54e274fbbd21d092917e54af55f8 to remote] DEBUG org.asynchttpclient.netty.request.NettyRequestSender -- Using pooled Channel '[id: 0x8ff96578, L:/127.0.0.1:55272 - R:localhost/127.0.0.1:14545]' for 'POST' to 'http://localhost:14545/session/a13e54e274fbbd21d092917e54af55f8/execute/sync'
14:21:46.491 [Forwarding getPageSource on session a13e54e274fbbd21d092917e54af55f8 to remote] DEBUG org.asynchttpclient.netty.request.NettyRequestSender -- Using open Channel [id: 0x8ff96578, L:/127.0.0.1:55272 - R:localhost/127.0.0.1:14545] for POST '/session/a13e54e274fbbd21d092917e54af55f8/execute/sync'
14:21:46.507 [AsyncHttpClient-1-7] DEBUG org.asynchttpclient.netty.handler.HttpHandler -- 

Request DefaultHttpRequest(decodeResult: success, version: HTTP/1.1)
POST /session/a13e54e274fbbd21d092917e54af55f8/execute/sync HTTP/1.1
User-Agent: selenium/4.12.0 (java windows)
Content-Length: 176
Content-Type: application/json; charset=utf-8
host: localhost:14545
accept: */*

Response DefaultHttpResponse(decodeResult: success, version: HTTP/1.1)
HTTP/1.1 200 OK
Content-Length: 4159
Content-Type: application/json; charset=utf-8
cache-control: no-cache

14:21:46.507 [AsyncHttpClient-1-7] DEBUG org.asynchttpclient.netty.channel.ChannelManager -- Adding key: http://localhost:14545 for channel [id: 0x8ff96578, L:/127.0.0.1:55272 - R:localhost/127.0.0.1:14545]
14:21:46.509 [Forwarding setCurrentWindowSize on session a13e54e274fbbd21d092917e54af55f8 to remote] DEBUG org.asynchttpclient.netty.request.NettyRequestSender -- Using pooled Channel '[id: 0x8ff96578, L:/127.0.0.1:55272 - R:localhost/127.0.0.1:14545]' for 'POST' to 'http://localhost:14545/session/a13e54e274fbbd21d092917e54af55f8/window/rect'
14:21:46.509 [Forwarding setCurrentWindowSize on session a13e54e274fbbd21d092917e54af55f8 to remote] DEBUG org.asynchttpclient.netty.request.NettyRequestSender -- Using open Channel [id: 0x8ff96578, L:/127.0.0.1:55272 - R:localhost/127.0.0.1:14545] for POST '/session/a13e54e274fbbd21d092917e54af55f8/window/rect'
14:21:46.624 [AsyncHttpClient-1-1] DEBUG org.asynchttpclient.netty.channel.DefaultChannelPool -- Entry count for : http://localhost:55273 : 1
14:21:46.893 [AsyncHttpClient-1-7] DEBUG org.asynchttpclient.netty.handler.HttpHandler -- 

Request DefaultHttpRequest(decodeResult: success, version: HTTP/1.1)
POST /session/a13e54e274fbbd21d092917e54af55f8/window/rect HTTP/1.1
User-Agent: selenium/4.12.0 (java windows)
Content-Length: 35
Content-Type: application/json; charset=utf-8
host: localhost:14545
accept: */*

Response DefaultHttpResponse(decodeResult: success, version: HTTP/1.1)
HTTP/1.1 200 OK
Content-Length: 50
Content-Type: application/json; charset=utf-8
cache-control: no-cache

14:21:46.893 [AsyncHttpClient-1-7] DEBUG org.asynchttpclient.netty.channel.ChannelManager -- Adding key: http://localhost:14545 for channel [id: 0x8ff96578, L:/127.0.0.1:55272 - R:localhost/127.0.0.1:14545]
14:21:46.896 [Forwarding getPageSource on session a13e54e274fbbd21d092917e54af55f8 to remote] DEBUG org.asynchttpclient.netty.request.NettyRequestSender -- Using pooled Channel '[id: 0x8ff96578, L:/127.0.0.1:55272 - R:localhost/127.0.0.1:14545]' for 'POST' to 'http://localhost:14545/session/a13e54e274fbbd21d092917e54af55f8/execute/sync'
14:21:46.896 [Forwarding getPageSource on session a13e54e274fbbd21d092917e54af55f8 to remote] DEBUG org.asynchttpclient.netty.request.NettyRequestSender -- Using open Channel [id: 0x8ff96578, L:/127.0.0.1:55272 - R:localhost/127.0.0.1:14545] for POST '/session/a13e54e274fbbd21d092917e54af55f8/execute/sync'
14:21:46.914 [AsyncHttpClient-1-7] DEBUG org.asynchttpclient.netty.handler.HttpHandler -- 

Request DefaultHttpRequest(decodeResult: success, version: HTTP/1.1)
POST /session/a13e54e274fbbd21d092917e54af55f8/execute/sync HTTP/1.1
User-Agent: selenium/4.12.0 (java windows)
Content-Length: 176
Content-Type: application/json; charset=utf-8
host: localhost:14545
accept: */*

Response DefaultHttpResponse(decodeResult: success, version: HTTP/1.1)
HTTP/1.1 200 OK
Content-Length: 6124
Content-Type: application/json; charset=utf-8
cache-control: no-cache

14:21:46.914 [AsyncHttpClient-1-7] DEBUG org.asynchttpclient.netty.channel.ChannelManager -- Adding key: http://localhost:14545 for channel [id: 0x8ff96578, L:/127.0.0.1:55272 - R:localhost/127.0.0.1:14545]
]]></system-out>
    <system-err><![CDATA[Jan 02, 2025 2:21:45 PM org.openqa.selenium.devtools.CdpVersionFinder findNearestMatch
WARNING: Unable to find CDP implementation matching 131
Jan 02, 2025 2:21:45 PM org.openqa.selenium.chromium.ChromiumDriver lambda$new$5
WARNING: Unable to find version of CDP to use for 131.0.6778.205. You may need to include a dependency on a specific version of the CDP using something similar to `org.seleniumhq.selenium:selenium-devtools-v86:4.12.0` where the version ("v86") matches the version of the chromium-based browser you're using and the version number of the artifact is the same as Selenium's.
]]></system-err>
  </testcase>
  <testcase name="testUserRegistration" classname="UITestCases.BuggyCarsUITests" time="0.855">
    <failure message="expected [true] but found [false]" type="java.lang.AssertionError"><![CDATA[java.lang.AssertionError: expected [true] but found [false]
	at org.testng.Assert.fail(Assert.java:110)
	at org.testng.Assert.failNotEquals(Assert.java:1413)
	at org.testng.Assert.assertTrue(Assert.java:56)
	at org.testng.Assert.assertTrue(Assert.java:66)
	at UITestCases.BuggyCarsUITests.testUserRegistration(BuggyCarsUITests.java:28)
	at java.base/jdk.internal.reflect.NativeMethodAccessorImpl.invoke0(Native Method)
	at java.base/jdk.internal.reflect.NativeMethodAccessorImpl.invoke(NativeMethodAccessorImpl.java:77)
	at java.base/jdk.internal.reflect.DelegatingMethodAccessorImpl.invoke(DelegatingMethodAccessorImpl.java:43)
	at java.base/java.lang.reflect.Method.invoke(Method.java:568)
	at org.testng.internal.invokers.MethodInvocationHelper.invokeMethod(MethodInvocationHelper.java:139)
	at org.testng.internal.invokers.TestInvoker.invokeMethod(TestInvoker.java:677)
	at org.testng.internal.invokers.TestInvoker.invokeTestMethod(TestInvoker.java:221)
	at org.testng.internal.invokers.MethodRunner.runInSequence(MethodRunner.java:50)
	at org.testng.internal.invokers.TestInvoker$MethodInvocationAgent.invoke(TestInvoker.java:969)
	at org.testng.internal.invokers.TestInvoker.invokeTestMethods(TestInvoker.java:194)
	at org.testng.internal.invokers.TestMethodWorker.invokeTestMethods(TestMethodWorker.java:148)
	at org.testng.internal.invokers.TestMethodWorker.run(TestMethodWorker.java:128)
	at java.base/java.util.ArrayList.forEach(ArrayList.java:1511)
	at org.testng.TestRunner.privateRun(TestRunner.java:829)
	at org.testng.TestRunner.run(TestRunner.java:602)
	at org.testng.SuiteRunner.runTest(SuiteRunner.java:437)
	at org.testng.SuiteRunner.runSequentially(SuiteRunner.java:431)
	at org.testng.SuiteRunner.privateRun(SuiteRunner.java:391)
	at org.testng.SuiteRunner.run(SuiteRunner.java:330)
	at org.testng.SuiteRunnerWorker.runSuite(SuiteRunnerWorker.java:52)
	at org.testng.SuiteRunnerWorker.run(SuiteRunnerWorker.java:95)
	at org.testng.TestNG.runSuitesSequentially(TestNG.java:1256)
	at org.testng.TestNG.runSuitesLocally(TestNG.java:1176)
	at org.testng.TestNG.runSuites(TestNG.java:1099)
	at org.testng.TestNG.run(TestNG.java:1067)
	at org.apache.maven.surefire.testng.TestNGExecutor.run(TestNGExecutor.java:324)
	at org.apache.maven.surefire.testng.TestNGXmlTestSuite.execute(TestNGXmlTestSuite.java:74)
	at org.apache.maven.surefire.testng.TestNGProvider.invoke(TestNGProvider.java:123)
	at org.apache.maven.surefire.booter.ForkedBooter.runSuitesInProcess(ForkedBooter.java:456)
	at org.apache.maven.surefire.booter.ForkedBooter.execute(ForkedBooter.java:169)
	at org.apache.maven.surefire.booter.ForkedBooter.run(ForkedBooter.java:595)
	at org.apache.maven.surefire.booter.ForkedBooter.main(ForkedBooter.java:581)
]]></failure>
    <system-out><![CDATA[14:21:46.922 [AsyncHttpClient-1-9] DEBUG org.asynchttpclient.netty.handler.WebSocketHandler -- Channel Closed: [id: 0x59e371fa, L:/127.0.0.1:55280 ! R:localhost/127.0.0.1:55273] with attribute DISCARD
14:21:46.924 [Driver Command Executor] DEBUG org.asynchttpclient.netty.request.NettyRequestSender -- Using pooled Channel '[id: 0x8ff96578, L:/127.0.0.1:55272 - R:localhost/127.0.0.1:14545]' for 'DELETE' to 'http://localhost:14545/session/a13e54e274fbbd21d092917e54af55f8'
14:21:46.924 [Driver Command Executor] DEBUG org.asynchttpclient.netty.request.NettyRequestSender -- Using open Channel [id: 0x8ff96578, L:/127.0.0.1:55272 - R:localhost/127.0.0.1:14545] for DELETE '/session/a13e54e274fbbd21d092917e54af55f8'
14:21:47.015 [AsyncHttpClient-1-8] DEBUG org.asynchttpclient.netty.handler.HttpHandler -- Unexpected I/O exception on channel [id: 0x20404679, L:/127.0.0.1:55279 - R:localhost/127.0.0.1:55273]
java.net.SocketException: Connection reset
	at java.base/sun.nio.ch.SocketChannelImpl.throwConnectionReset(SocketChannelImpl.java:394)
	at java.base/sun.nio.ch.SocketChannelImpl.read(SocketChannelImpl.java:426)
	at io.netty.buffer.PooledByteBuf.setBytes(PooledByteBuf.java:254)
	at io.netty.buffer.AbstractByteBuf.writeBytes(AbstractByteBuf.java:1132)
	at io.netty.channel.socket.nio.NioSocketChannel.doReadBytes(NioSocketChannel.java:357)
	at io.netty.channel.nio.AbstractNioByteChannel$NioByteUnsafe.read(AbstractNioByteChannel.java:151)
	at io.netty.channel.nio.NioEventLoop.processSelectedKey(NioEventLoop.java:788)
	at io.netty.channel.nio.NioEventLoop.processSelectedKeysOptimized(NioEventLoop.java:724)
	at io.netty.channel.nio.NioEventLoop.processSelectedKeys(NioEventLoop.java:650)
	at io.netty.channel.nio.NioEventLoop.run(NioEventLoop.java:562)
	at io.netty.util.concurrent.SingleThreadEventExecutor$4.run(SingleThreadEventExecutor.java:997)
	at io.netty.util.internal.ThreadExecutorMap$2.run(ThreadExecutorMap.java:74)
	at io.netty.util.concurrent.FastThreadLocalRunnable.run(FastThreadLocalRunnable.java:30)
	at java.base/java.lang.Thread.run(Thread.java:842)
14:21:47.015 [AsyncHttpClient-1-8] DEBUG org.asynchttpclient.netty.channel.ChannelManager -- Closing Channel [id: 0x20404679, L:/127.0.0.1:55279 - R:localhost/127.0.0.1:55273] 
14:21:47.016 [AsyncHttpClient-1-8] DEBUG org.asynchttpclient.netty.handler.HttpHandler -- Channel Closed: [id: 0x20404679, L:/127.0.0.1:55279 ! R:localhost/127.0.0.1:55273] with attribute DISCARD
14:21:47.044 [AsyncHttpClient-1-7] DEBUG org.asynchttpclient.netty.handler.HttpHandler -- 

Request DefaultFullHttpRequest(decodeResult: success, version: HTTP/1.1, content: EmptyByteBufBE)
DELETE /session/a13e54e274fbbd21d092917e54af55f8 HTTP/1.1
User-Agent: selenium/4.12.0 (java windows)
Content-Type: application/json; charset=utf-8
host: localhost:14545
accept: */*

Response DefaultHttpResponse(decodeResult: success, version: HTTP/1.1)
HTTP/1.1 200 OK
Content-Length: 14
Content-Type: application/json; charset=utf-8
cache-control: no-cache

14:21:47.044 [AsyncHttpClient-1-7] DEBUG org.asynchttpclient.netty.channel.ChannelManager -- Adding key: http://localhost:14545 for channel [id: 0x8ff96578, L:/127.0.0.1:55272 - R:localhost/127.0.0.1:14545]
14:21:47.150 [AsyncHttpClient-1-7] DEBUG org.asynchttpclient.netty.handler.HttpHandler -- Channel Closed: [id: 0x8ff96578, L:/127.0.0.1:55272 ! R:localhost/127.0.0.1:14545] with attribute DISCARD
14:21:47.202 [main] DEBUG io.github.bonigarcia.wdm.WebDriverManager -- Using WebDriverManager 5.5.3
14:21:47.209 [main] DEBUG io.github.bonigarcia.wdm.cache.ResolutionCache -- Resolution chrome=131 in cache (valid until 15:21:23 02/01/2025 IST)
14:21:47.209 [main] DEBUG io.github.bonigarcia.wdm.cache.ResolutionCache -- Resolution chrome131=131.0.6778.204 in cache (valid until 14:21:23 03/01/2025 IST)
14:21:47.209 [main] INFO io.github.bonigarcia.wdm.WebDriverManager -- Using chromedriver 131.0.6778.204 (resolved driver for Chrome 131)
14:21:47.213 [main] DEBUG io.github.bonigarcia.wdm.WebDriverManager -- Driver chromedriver 131.0.6778.204 found in cache
14:21:47.213 [main] INFO io.github.bonigarcia.wdm.WebDriverManager -- Exporting webdriver.chrome.driver as C:\Users\sasitharan\.cache\selenium\chromedriver\win64\131.0.6778.204\chromedriver.exe
14:21:47.280 [AsyncHttpClient-1-10] DEBUG org.asynchttpclient.netty.channel.NettyConnectListener -- Using new Channel '[id: 0x2c71cb48, L:/127.0.0.1:55290 - R:localhost/127.0.0.1:23438]' for 'POST' to '/session'
14:21:47.728 [AsyncHttpClient-1-1] DEBUG org.asynchttpclient.netty.channel.DefaultChannelPool -- Entry count for : http://localhost:14545 : 1
14:21:47.728 [AsyncHttpClient-1-1] DEBUG org.asynchttpclient.netty.channel.DefaultChannelPool -- Entry count for : http://localhost:55273 : 1
14:21:47.728 [AsyncHttpClient-1-1] DEBUG org.asynchttpclient.netty.channel.DefaultChannelPool -- Adding Candidate expired Channel [id: 0x8ff96578, L:/127.0.0.1:55272 ! R:localhost/127.0.0.1:14545] isIdleTimeoutExpired=false isRemotelyClosed=true isTtlExpired=false
14:21:47.728 [AsyncHttpClient-1-1] DEBUG org.asynchttpclient.netty.channel.DefaultChannelPool -- Closing Idle Channel [id: 0x8ff96578, L:/127.0.0.1:55272 ! R:localhost/127.0.0.1:14545]
14:21:47.728 [AsyncHttpClient-1-1] DEBUG org.asynchttpclient.netty.channel.DefaultChannelPool -- Adding Candidate expired Channel [id: 0x20404679, L:/127.0.0.1:55279 ! R:localhost/127.0.0.1:55273] isIdleTimeoutExpired=false isRemotelyClosed=true isTtlExpired=false
14:21:47.728 [AsyncHttpClient-1-1] DEBUG org.asynchttpclient.netty.channel.DefaultChannelPool -- Closing Idle Channel [id: 0x20404679, L:/127.0.0.1:55279 ! R:localhost/127.0.0.1:55273]
14:21:47.728 [AsyncHttpClient-1-1] DEBUG org.asynchttpclient.netty.channel.DefaultChannelPool -- Closed 2 connections out of 2 in 0 ms
14:21:48.091 [AsyncHttpClient-1-10] DEBUG org.asynchttpclient.netty.handler.HttpHandler -- 

Request DefaultHttpRequest(decodeResult: success, version: HTTP/1.1)
POST /session HTTP/1.1
User-Agent: selenium/4.12.0 (java windows)
Content-Length: 254
Content-Type: application/json; charset=utf-8
host: localhost:23438
accept: */*

Response DefaultHttpResponse(decodeResult: success, version: HTTP/1.1)
HTTP/1.1 200 OK
Content-Length: 887
Content-Type: application/json; charset=utf-8
cache-control: no-cache

14:21:48.092 [AsyncHttpClient-1-10] DEBUG org.asynchttpclient.netty.channel.ChannelManager -- Adding key: http://localhost:23438 for channel [id: 0x2c71cb48, L:/127.0.0.1:55290 - R:localhost/127.0.0.1:23438]
14:21:48.099 [AsyncHttpClient-1-11] DEBUG org.asynchttpclient.netty.channel.NettyConnectListener -- Using new Channel '[id: 0x9c1bf62a, L:/127.0.0.1:55298 - R:localhost/127.0.0.1:55291]' for 'GET' to '/json/version'
14:21:48.100 [AsyncHttpClient-1-11] DEBUG org.asynchttpclient.netty.handler.HttpHandler -- 

Request DefaultFullHttpRequest(decodeResult: success, version: HTTP/1.1, content: EmptyByteBufBE)
GET /json/version HTTP/1.1
User-Agent: selenium/4.12.0 (java windows)
host: localhost:55291
accept: */*

Response DefaultHttpResponse(decodeResult: success, version: HTTP/1.1)
HTTP/1.1 200 OK
Content-Security-Policy: frame-ancestors 'none'
Content-Length: 424
Content-Type: application/json; charset=UTF-8

14:21:48.101 [AsyncHttpClient-1-11] DEBUG org.asynchttpclient.netty.channel.ChannelManager -- Adding key: http://localhost:55291 for channel [id: 0x9c1bf62a, L:/127.0.0.1:55298 - R:localhost/127.0.0.1:55291]
14:21:48.104 [AsyncHttpClient-1-12] DEBUG org.asynchttpclient.netty.channel.NettyConnectListener -- Using new Channel '[id: 0xd43e949e, L:/127.0.0.1:55299 - R:localhost/127.0.0.1:55291]' for 'GET' to '/devtools/browser/f7a28063-9b03-4d74-b89a-21c97fcfffee'
14:21:48.105 [AsyncHttpClient-1-12] DEBUG org.asynchttpclient.netty.handler.WebSocketHandler -- 

Request DefaultFullHttpRequest(decodeResult: success, version: HTTP/1.1, content: EmptyByteBufBE)
GET /devtools/browser/f7a28063-9b03-4d74-b89a-21c97fcfffee HTTP/1.1
upgrade: websocket
connection: upgrade
sec-websocket-key: ip2jG1uOfuN4wi1VJQphqg==
sec-websocket-version: 13
origin: http://localhost:55291
host: localhost:55291
accept: */*
user-agent: AHC/2.1

Response DefaultHttpResponse(decodeResult: success, version: HTTP/1.1)
HTTP/1.1 101 WebSocket Protocol Handshake
Upgrade: WebSocket
Connection: Upgrade
Sec-WebSocket-Accept: GHg93tSmYg4KuQkxV7GrP/KQum4=

14:21:48.110 [Forwarding maximizeCurrentWindow on session 120ee08f99af8305b4a4bee75cf7940f to remote] DEBUG org.asynchttpclient.netty.request.NettyRequestSender -- Using pooled Channel '[id: 0x2c71cb48, L:/127.0.0.1:55290 - R:localhost/127.0.0.1:23438]' for 'POST' to 'http://localhost:23438/session/120ee08f99af8305b4a4bee75cf7940f/window/maximize'
14:21:48.110 [Forwarding maximizeCurrentWindow on session 120ee08f99af8305b4a4bee75cf7940f to remote] DEBUG org.asynchttpclient.netty.request.NettyRequestSender -- Using open Channel [id: 0x2c71cb48, L:/127.0.0.1:55290 - R:localhost/127.0.0.1:23438] for POST '/session/120ee08f99af8305b4a4bee75cf7940f/window/maximize'
14:21:48.191 [AsyncHttpClient-1-10] DEBUG org.asynchttpclient.netty.handler.HttpHandler -- 

Request DefaultHttpRequest(decodeResult: success, version: HTTP/1.1)
POST /session/120ee08f99af8305b4a4bee75cf7940f/window/maximize HTTP/1.1
User-Agent: selenium/4.12.0 (java windows)
Content-Length: 3
Content-Type: application/json; charset=utf-8
host: localhost:23438
accept: */*

Response DefaultHttpResponse(decodeResult: success, version: HTTP/1.1)
HTTP/1.1 200 OK
Content-Length: 51
Content-Type: application/json; charset=utf-8
cache-control: no-cache

14:21:48.191 [AsyncHttpClient-1-10] DEBUG org.asynchttpclient.netty.channel.ChannelManager -- Adding key: http://localhost:23438 for channel [id: 0x2c71cb48, L:/127.0.0.1:55290 - R:localhost/127.0.0.1:23438]
14:21:48.193 [Forwarding get on session 120ee08f99af8305b4a4bee75cf7940f to remote] DEBUG org.asynchttpclient.netty.request.NettyRequestSender -- Using pooled Channel '[id: 0x2c71cb48, L:/127.0.0.1:55290 - R:localhost/127.0.0.1:23438]' for 'POST' to 'http://localhost:23438/session/120ee08f99af8305b4a4bee75cf7940f/url'
14:21:48.193 [Forwarding get on session 120ee08f99af8305b4a4bee75cf7940f to remote] DEBUG org.asynchttpclient.netty.request.NettyRequestSender -- Using open Channel [id: 0x2c71cb48, L:/127.0.0.1:55290 - R:localhost/127.0.0.1:23438] for POST '/session/120ee08f99af8305b4a4bee75cf7940f/url'
14:21:48.825 [AsyncHttpClient-1-1] DEBUG org.asynchttpclient.netty.channel.DefaultChannelPool -- Entry count for : http://localhost:55291 : 1
14:21:49.342 [AsyncHttpClient-1-10] DEBUG org.asynchttpclient.netty.handler.HttpHandler -- 

Request DefaultHttpRequest(decodeResult: success, version: HTTP/1.1)
POST /session/120ee08f99af8305b4a4bee75cf7940f/url HTTP/1.1
User-Agent: selenium/4.12.0 (java windows)
Content-Length: 58
Content-Type: application/json; charset=utf-8
host: localhost:23438
accept: */*

Response DefaultHttpResponse(decodeResult: success, version: HTTP/1.1)
HTTP/1.1 200 OK
Content-Length: 14
Content-Type: application/json; charset=utf-8
cache-control: no-cache

14:21:49.343 [AsyncHttpClient-1-10] DEBUG org.asynchttpclient.netty.channel.ChannelManager -- Adding key: http://localhost:23438 for channel [id: 0x2c71cb48, L:/127.0.0.1:55290 - R:localhost/127.0.0.1:23438]
14:21:49.348 [Forwarding findElement on session 120ee08f99af8305b4a4bee75cf7940f to remote] DEBUG org.asynchttpclient.netty.request.NettyRequestSender -- Using pooled Channel '[id: 0x2c71cb48, L:/127.0.0.1:55290 - R:localhost/127.0.0.1:23438]' for 'POST' to 'http://localhost:23438/session/120ee08f99af8305b4a4bee75cf7940f/element'
14:21:49.349 [Forwarding findElement on session 120ee08f99af8305b4a4bee75cf7940f to remote] DEBUG org.asynchttpclient.netty.request.NettyRequestSender -- Using open Channel [id: 0x2c71cb48, L:/127.0.0.1:55290 - R:localhost/127.0.0.1:23438] for POST '/session/120ee08f99af8305b4a4bee75cf7940f/element'
14:21:49.376 [AsyncHttpClient-1-10] DEBUG org.asynchttpclient.netty.handler.HttpHandler -- 

Request DefaultHttpRequest(decodeResult: success, version: HTTP/1.1)
POST /session/120ee08f99af8305b4a4bee75cf7940f/element HTTP/1.1
User-Agent: selenium/4.12.0 (java windows)
Content-Length: 49
Content-Type: application/json; charset=utf-8
host: localhost:23438
accept: */*

Response DefaultHttpResponse(decodeResult: success, version: HTTP/1.1)
HTTP/1.1 200 OK
Content-Length: 126
Content-Type: application/json; charset=utf-8
cache-control: no-cache

14:21:49.377 [AsyncHttpClient-1-10] DEBUG org.asynchttpclient.netty.channel.ChannelManager -- Adding key: http://localhost:23438 for channel [id: 0x2c71cb48, L:/127.0.0.1:55290 - R:localhost/127.0.0.1:23438]
14:21:49.378 [Forwarding clickElement on session 120ee08f99af8305b4a4bee75cf7940f to remote] DEBUG org.asynchttpclient.netty.request.NettyRequestSender -- Using pooled Channel '[id: 0x2c71cb48, L:/127.0.0.1:55290 - R:localhost/127.0.0.1:23438]' for 'POST' to 'http://localhost:23438/session/120ee08f99af8305b4a4bee75cf7940f/element/f.2F92773AD55FAA92B73EC3085D475C26.d.8A8E039FF943AC015222CD6EC33DB9AE.e.21/click'
14:21:49.378 [Forwarding clickElement on session 120ee08f99af8305b4a4bee75cf7940f to remote] DEBUG org.asynchttpclient.netty.request.NettyRequestSender -- Using open Channel [id: 0x2c71cb48, L:/127.0.0.1:55290 - R:localhost/127.0.0.1:23438] for POST '/session/120ee08f99af8305b4a4bee75cf7940f/element/f.2F92773AD55FAA92B73EC3085D475C26.d.8A8E039FF943AC015222CD6EC33DB9AE.e.21/click'
14:21:49.536 [AsyncHttpClient-1-10] DEBUG org.asynchttpclient.netty.handler.HttpHandler -- 

Request DefaultHttpRequest(decodeResult: success, version: HTTP/1.1)
POST /session/120ee08f99af8305b4a4bee75cf7940f/element/f.2F92773AD55FAA92B73EC3085D475C26.d.8A8E039FF943AC015222CD6EC33DB9AE.e.21/click HTTP/1.1
User-Agent: selenium/4.12.0 (java windows)
Content-Length: 88
Content-Type: application/json; charset=utf-8
host: localhost:23438
accept: */*

Response DefaultHttpResponse(decodeResult: success, version: HTTP/1.1)
HTTP/1.1 200 OK
Content-Length: 14
Content-Type: application/json; charset=utf-8
cache-control: no-cache

14:21:49.536 [AsyncHttpClient-1-10] DEBUG org.asynchttpclient.netty.channel.ChannelManager -- Adding key: http://localhost:23438 for channel [id: 0x2c71cb48, L:/127.0.0.1:55290 - R:localhost/127.0.0.1:23438]
14:21:49.539 [Forwarding findElement on session 120ee08f99af8305b4a4bee75cf7940f to remote] DEBUG org.asynchttpclient.netty.request.NettyRequestSender -- Using pooled Channel '[id: 0x2c71cb48, L:/127.0.0.1:55290 - R:localhost/127.0.0.1:23438]' for 'POST' to 'http://localhost:23438/session/120ee08f99af8305b4a4bee75cf7940f/element'
14:21:49.539 [Forwarding findElement on session 120ee08f99af8305b4a4bee75cf7940f to remote] DEBUG org.asynchttpclient.netty.request.NettyRequestSender -- Using open Channel [id: 0x2c71cb48, L:/127.0.0.1:55290 - R:localhost/127.0.0.1:23438] for POST '/session/120ee08f99af8305b4a4bee75cf7940f/element'
14:21:49.560 [AsyncHttpClient-1-10] DEBUG org.asynchttpclient.netty.handler.HttpHandler -- 

Request DefaultHttpRequest(decodeResult: success, version: HTTP/1.1)
POST /session/120ee08f99af8305b4a4bee75cf7940f/element HTTP/1.1
User-Agent: selenium/4.12.0 (java windows)
Content-Length: 53
Content-Type: application/json; charset=utf-8
host: localhost:23438
accept: */*

Response DefaultHttpResponse(decodeResult: success, version: HTTP/1.1)
HTTP/1.1 200 OK
Content-Length: 126
Content-Type: application/json; charset=utf-8
cache-control: no-cache

14:21:49.560 [AsyncHttpClient-1-10] DEBUG org.asynchttpclient.netty.channel.ChannelManager -- Adding key: http://localhost:23438 for channel [id: 0x2c71cb48, L:/127.0.0.1:55290 - R:localhost/127.0.0.1:23438]
14:21:49.561 [Forwarding sendKeysToElement on session 120ee08f99af8305b4a4bee75cf7940f to remote] DEBUG org.asynchttpclient.netty.request.NettyRequestSender -- Using pooled Channel '[id: 0x2c71cb48, L:/127.0.0.1:55290 - R:localhost/127.0.0.1:23438]' for 'POST' to 'http://localhost:23438/session/120ee08f99af8305b4a4bee75cf7940f/element/f.2F92773AD55FAA92B73EC3085D475C26.d.8A8E039FF943AC015222CD6EC33DB9AE.e.26/value'
14:21:49.562 [Forwarding sendKeysToElement on session 120ee08f99af8305b4a4bee75cf7940f to remote] DEBUG org.asynchttpclient.netty.request.NettyRequestSender -- Using open Channel [id: 0x2c71cb48, L:/127.0.0.1:55290 - R:localhost/127.0.0.1:23438] for POST '/session/120ee08f99af8305b4a4bee75cf7940f/element/f.2F92773AD55FAA92B73EC3085D475C26.d.8A8E039FF943AC015222CD6EC33DB9AE.e.26/value'
14:21:49.688 [AsyncHttpClient-1-10] DEBUG org.asynchttpclient.netty.handler.HttpHandler -- 

Request DefaultHttpRequest(decodeResult: success, version: HTTP/1.1)
POST /session/120ee08f99af8305b4a4bee75cf7940f/element/f.2F92773AD55FAA92B73EC3085D475C26.d.8A8E039FF943AC015222CD6EC33DB9AE.e.26/value HTTP/1.1
User-Agent: selenium/4.12.0 (java windows)
Content-Length: 229
Content-Type: application/json; charset=utf-8
host: localhost:23438
accept: */*

Response DefaultHttpResponse(decodeResult: success, version: HTTP/1.1)
HTTP/1.1 200 OK
Content-Length: 14
Content-Type: application/json; charset=utf-8
cache-control: no-cache

14:21:49.689 [AsyncHttpClient-1-10] DEBUG org.asynchttpclient.netty.channel.ChannelManager -- Adding key: http://localhost:23438 for channel [id: 0x2c71cb48, L:/127.0.0.1:55290 - R:localhost/127.0.0.1:23438]
14:21:49.690 [Forwarding findElement on session 120ee08f99af8305b4a4bee75cf7940f to remote] DEBUG org.asynchttpclient.netty.request.NettyRequestSender -- Using pooled Channel '[id: 0x2c71cb48, L:/127.0.0.1:55290 - R:localhost/127.0.0.1:23438]' for 'POST' to 'http://localhost:23438/session/120ee08f99af8305b4a4bee75cf7940f/element'
14:21:49.690 [Forwarding findElement on session 120ee08f99af8305b4a4bee75cf7940f to remote] DEBUG org.asynchttpclient.netty.request.NettyRequestSender -- Using open Channel [id: 0x2c71cb48, L:/127.0.0.1:55290 - R:localhost/127.0.0.1:23438] for POST '/session/120ee08f99af8305b4a4bee75cf7940f/element'
14:21:49.706 [AsyncHttpClient-1-10] DEBUG org.asynchttpclient.netty.handler.HttpHandler -- 

Request DefaultHttpRequest(decodeResult: success, version: HTTP/1.1)
POST /session/120ee08f99af8305b4a4bee75cf7940f/element HTTP/1.1
User-Agent: selenium/4.12.0 (java windows)
Content-Length: 54
Content-Type: application/json; charset=utf-8
host: localhost:23438
accept: */*

Response DefaultHttpResponse(decodeResult: success, version: HTTP/1.1)
HTTP/1.1 200 OK
Content-Length: 126
Content-Type: application/json; charset=utf-8
cache-control: no-cache

14:21:49.706 [AsyncHttpClient-1-10] DEBUG org.asynchttpclient.netty.channel.ChannelManager -- Adding key: http://localhost:23438 for channel [id: 0x2c71cb48, L:/127.0.0.1:55290 - R:localhost/127.0.0.1:23438]
14:21:49.707 [Forwarding sendKeysToElement on session 120ee08f99af8305b4a4bee75cf7940f to remote] DEBUG org.asynchttpclient.netty.request.NettyRequestSender -- Using pooled Channel '[id: 0x2c71cb48, L:/127.0.0.1:55290 - R:localhost/127.0.0.1:23438]' for 'POST' to 'http://localhost:23438/session/120ee08f99af8305b4a4bee75cf7940f/element/f.2F92773AD55FAA92B73EC3085D475C26.d.8A8E039FF943AC015222CD6EC33DB9AE.e.28/value'
14:21:49.707 [Forwarding sendKeysToElement on session 120ee08f99af8305b4a4bee75cf7940f to remote] DEBUG org.asynchttpclient.netty.request.NettyRequestSender -- Using open Channel [id: 0x2c71cb48, L:/127.0.0.1:55290 - R:localhost/127.0.0.1:23438] for POST '/session/120ee08f99af8305b4a4bee75cf7940f/element/f.2F92773AD55FAA92B73EC3085D475C26.d.8A8E039FF943AC015222CD6EC33DB9AE.e.28/value'
14:21:49.776 [AsyncHttpClient-1-10] DEBUG org.asynchttpclient.netty.handler.HttpHandler -- 

Request DefaultHttpRequest(decodeResult: success, version: HTTP/1.1)
POST /session/120ee08f99af8305b4a4bee75cf7940f/element/f.2F92773AD55FAA92B73EC3085D475C26.d.8A8E039FF943AC015222CD6EC33DB9AE.e.28/value HTTP/1.1
User-Agent: selenium/4.12.0 (java windows)
Content-Length: 159
Content-Type: application/json; charset=utf-8
host: localhost:23438
accept: */*

Response DefaultHttpResponse(decodeResult: success, version: HTTP/1.1)
HTTP/1.1 200 OK
Content-Length: 14
Content-Type: application/json; charset=utf-8
cache-control: no-cache

14:21:49.777 [AsyncHttpClient-1-10] DEBUG org.asynchttpclient.netty.channel.ChannelManager -- Adding key: http://localhost:23438 for channel [id: 0x2c71cb48, L:/127.0.0.1:55290 - R:localhost/127.0.0.1:23438]
14:21:49.779 [Forwarding findElement on session 120ee08f99af8305b4a4bee75cf7940f to remote] DEBUG org.asynchttpclient.netty.request.NettyRequestSender -- Using pooled Channel '[id: 0x2c71cb48, L:/127.0.0.1:55290 - R:localhost/127.0.0.1:23438]' for 'POST' to 'http://localhost:23438/session/120ee08f99af8305b4a4bee75cf7940f/element'
14:21:49.779 [Forwarding findElement on session 120ee08f99af8305b4a4bee75cf7940f to remote] DEBUG org.asynchttpclient.netty.request.NettyRequestSender -- Using open Channel [id: 0x2c71cb48, L:/127.0.0.1:55290 - R:localhost/127.0.0.1:23438] for POST '/session/120ee08f99af8305b4a4bee75cf7940f/element'
14:21:49.805 [AsyncHttpClient-1-10] DEBUG org.asynchttpclient.netty.handler.HttpHandler -- 

Request DefaultHttpRequest(decodeResult: success, version: HTTP/1.1)
POST /session/120ee08f99af8305b4a4bee75cf7940f/element HTTP/1.1
User-Agent: selenium/4.12.0 (java windows)
Content-Length: 53
Content-Type: application/json; charset=utf-8
host: localhost:23438
accept: */*

Response DefaultHttpResponse(decodeResult: success, version: HTTP/1.1)
HTTP/1.1 200 OK
Content-Length: 126
Content-Type: application/json; charset=utf-8
cache-control: no-cache

14:21:49.805 [AsyncHttpClient-1-10] DEBUG org.asynchttpclient.netty.channel.ChannelManager -- Adding key: http://localhost:23438 for channel [id: 0x2c71cb48, L:/127.0.0.1:55290 - R:localhost/127.0.0.1:23438]
14:21:49.807 [Forwarding sendKeysToElement on session 120ee08f99af8305b4a4bee75cf7940f to remote] DEBUG org.asynchttpclient.netty.request.NettyRequestSender -- Using pooled Channel '[id: 0x2c71cb48, L:/127.0.0.1:55290 - R:localhost/127.0.0.1:23438]' for 'POST' to 'http://localhost:23438/session/120ee08f99af8305b4a4bee75cf7940f/element/f.2F92773AD55FAA92B73EC3085D475C26.d.8A8E039FF943AC015222CD6EC33DB9AE.e.29/value'
14:21:49.807 [Forwarding sendKeysToElement on session 120ee08f99af8305b4a4bee75cf7940f to remote] DEBUG org.asynchttpclient.netty.request.NettyRequestSender -- Using open Channel [id: 0x2c71cb48, L:/127.0.0.1:55290 - R:localhost/127.0.0.1:23438] for POST '/session/120ee08f99af8305b4a4bee75cf7940f/element/f.2F92773AD55FAA92B73EC3085D475C26.d.8A8E039FF943AC015222CD6EC33DB9AE.e.29/value'
14:21:49.865 [AsyncHttpClient-1-10] DEBUG org.asynchttpclient.netty.handler.HttpHandler -- 

Request DefaultHttpRequest(decodeResult: success, version: HTTP/1.1)
POST /session/120ee08f99af8305b4a4bee75cf7940f/element/f.2F92773AD55FAA92B73EC3085D475C26.d.8A8E039FF943AC015222CD6EC33DB9AE.e.29/value HTTP/1.1
User-Agent: selenium/4.12.0 (java windows)
Content-Length: 159
Content-Type: application/json; charset=utf-8
host: localhost:23438
accept: */*

Response DefaultHttpResponse(decodeResult: success, version: HTTP/1.1)
HTTP/1.1 200 OK
Content-Length: 14
Content-Type: application/json; charset=utf-8
cache-control: no-cache

14:21:49.865 [AsyncHttpClient-1-10] DEBUG org.asynchttpclient.netty.channel.ChannelManager -- Adding key: http://localhost:23438 for channel [id: 0x2c71cb48, L:/127.0.0.1:55290 - R:localhost/127.0.0.1:23438]
14:21:49.866 [Forwarding findElement on session 120ee08f99af8305b4a4bee75cf7940f to remote] DEBUG org.asynchttpclient.netty.request.NettyRequestSender -- Using pooled Channel '[id: 0x2c71cb48, L:/127.0.0.1:55290 - R:localhost/127.0.0.1:23438]' for 'POST' to 'http://localhost:23438/session/120ee08f99af8305b4a4bee75cf7940f/element'
14:21:49.866 [Forwarding findElement on session 120ee08f99af8305b4a4bee75cf7940f to remote] DEBUG org.asynchttpclient.netty.request.NettyRequestSender -- Using open Channel [id: 0x2c71cb48, L:/127.0.0.1:55290 - R:localhost/127.0.0.1:23438] for POST '/session/120ee08f99af8305b4a4bee75cf7940f/element'
14:21:49.881 [AsyncHttpClient-1-10] DEBUG org.asynchttpclient.netty.handler.HttpHandler -- 

Request DefaultHttpRequest(decodeResult: success, version: HTTP/1.1)
POST /session/120ee08f99af8305b4a4bee75cf7940f/element HTTP/1.1
User-Agent: selenium/4.12.0 (java windows)
Content-Length: 53
Content-Type: application/json; charset=utf-8
host: localhost:23438
accept: */*

Response DefaultHttpResponse(decodeResult: success, version: HTTP/1.1)
HTTP/1.1 200 OK
Content-Length: 126
Content-Type: application/json; charset=utf-8
cache-control: no-cache

14:21:49.883 [AsyncHttpClient-1-10] DEBUG org.asynchttpclient.netty.channel.ChannelManager -- Adding key: http://localhost:23438 for channel [id: 0x2c71cb48, L:/127.0.0.1:55290 - R:localhost/127.0.0.1:23438]
14:21:49.883 [Forwarding sendKeysToElement on session 120ee08f99af8305b4a4bee75cf7940f to remote] DEBUG org.asynchttpclient.netty.request.NettyRequestSender -- Using pooled Channel '[id: 0x2c71cb48, L:/127.0.0.1:55290 - R:localhost/127.0.0.1:23438]' for 'POST' to 'http://localhost:23438/session/120ee08f99af8305b4a4bee75cf7940f/element/f.2F92773AD55FAA92B73EC3085D475C26.d.8A8E039FF943AC015222CD6EC33DB9AE.e.22/value'
14:21:49.884 [Forwarding sendKeysToElement on session 120ee08f99af8305b4a4bee75cf7940f to remote] DEBUG org.asynchttpclient.netty.request.NettyRequestSender -- Using open Channel [id: 0x2c71cb48, L:/127.0.0.1:55290 - R:localhost/127.0.0.1:23438] for POST '/session/120ee08f99af8305b4a4bee75cf7940f/element/f.2F92773AD55FAA92B73EC3085D475C26.d.8A8E039FF943AC015222CD6EC33DB9AE.e.22/value'
14:21:49.927 [AsyncHttpClient-1-1] DEBUG org.asynchttpclient.netty.channel.DefaultChannelPool -- Entry count for : http://localhost:55291 : 1
14:21:49.964 [AsyncHttpClient-1-10] DEBUG org.asynchttpclient.netty.handler.HttpHandler -- 

Request DefaultHttpRequest(decodeResult: success, version: HTTP/1.1)
POST /session/120ee08f99af8305b4a4bee75cf7940f/element/f.2F92773AD55FAA92B73EC3085D475C26.d.8A8E039FF943AC015222CD6EC33DB9AE.e.22/value HTTP/1.1
User-Agent: selenium/4.12.0 (java windows)
Content-Length: 239
Content-Type: application/json; charset=utf-8
host: localhost:23438
accept: */*

Response DefaultHttpResponse(decodeResult: success, version: HTTP/1.1)
HTTP/1.1 200 OK
Content-Length: 14
Content-Type: application/json; charset=utf-8
cache-control: no-cache

14:21:49.964 [AsyncHttpClient-1-10] DEBUG org.asynchttpclient.netty.channel.ChannelManager -- Adding key: http://localhost:23438 for channel [id: 0x2c71cb48, L:/127.0.0.1:55290 - R:localhost/127.0.0.1:23438]
14:21:49.965 [Forwarding findElement on session 120ee08f99af8305b4a4bee75cf7940f to remote] DEBUG org.asynchttpclient.netty.request.NettyRequestSender -- Using pooled Channel '[id: 0x2c71cb48, L:/127.0.0.1:55290 - R:localhost/127.0.0.1:23438]' for 'POST' to 'http://localhost:23438/session/120ee08f99af8305b4a4bee75cf7940f/element'
14:21:49.966 [Forwarding findElement on session 120ee08f99af8305b4a4bee75cf7940f to remote] DEBUG org.asynchttpclient.netty.request.NettyRequestSender -- Using open Channel [id: 0x2c71cb48, L:/127.0.0.1:55290 - R:localhost/127.0.0.1:23438] for POST '/session/120ee08f99af8305b4a4bee75cf7940f/element'
14:21:49.981 [AsyncHttpClient-1-10] DEBUG org.asynchttpclient.netty.handler.HttpHandler -- 

Request DefaultHttpRequest(decodeResult: success, version: HTTP/1.1)
POST /session/120ee08f99af8305b4a4bee75cf7940f/element HTTP/1.1
User-Agent: selenium/4.12.0 (java windows)
Content-Length: 60
Content-Type: application/json; charset=utf-8
host: localhost:23438
accept: */*

Response DefaultHttpResponse(decodeResult: success, version: HTTP/1.1)
HTTP/1.1 200 OK
Content-Length: 126
Content-Type: application/json; charset=utf-8
cache-control: no-cache

14:21:49.981 [AsyncHttpClient-1-10] DEBUG org.asynchttpclient.netty.channel.ChannelManager -- Adding key: http://localhost:23438 for channel [id: 0x2c71cb48, L:/127.0.0.1:55290 - R:localhost/127.0.0.1:23438]
14:21:49.983 [Forwarding sendKeysToElement on session 120ee08f99af8305b4a4bee75cf7940f to remote] DEBUG org.asynchttpclient.netty.request.NettyRequestSender -- Using pooled Channel '[id: 0x2c71cb48, L:/127.0.0.1:55290 - R:localhost/127.0.0.1:23438]' for 'POST' to 'http://localhost:23438/session/120ee08f99af8305b4a4bee75cf7940f/element/f.2F92773AD55FAA92B73EC3085D475C26.d.8A8E039FF943AC015222CD6EC33DB9AE.e.23/value'
14:21:49.983 [Forwarding sendKeysToElement on session 120ee08f99af8305b4a4bee75cf7940f to remote] DEBUG org.asynchttpclient.netty.request.NettyRequestSender -- Using open Channel [id: 0x2c71cb48, L:/127.0.0.1:55290 - R:localhost/127.0.0.1:23438] for POST '/session/120ee08f99af8305b4a4bee75cf7940f/element/f.2F92773AD55FAA92B73EC3085D475C26.d.8A8E039FF943AC015222CD6EC33DB9AE.e.23/value'
14:21:50.073 [AsyncHttpClient-1-10] DEBUG org.asynchttpclient.netty.handler.HttpHandler -- 

Request DefaultHttpRequest(decodeResult: success, version: HTTP/1.1)
POST /session/120ee08f99af8305b4a4bee75cf7940f/element/f.2F92773AD55FAA92B73EC3085D475C26.d.8A8E039FF943AC015222CD6EC33DB9AE.e.23/value HTTP/1.1
User-Agent: selenium/4.12.0 (java windows)
Content-Length: 239
Content-Type: application/json; charset=utf-8
host: localhost:23438
accept: */*

Response DefaultHttpResponse(decodeResult: success, version: HTTP/1.1)
HTTP/1.1 200 OK
Content-Length: 14
Content-Type: application/json; charset=utf-8
cache-control: no-cache

14:21:50.073 [AsyncHttpClient-1-10] DEBUG org.asynchttpclient.netty.channel.ChannelManager -- Adding key: http://localhost:23438 for channel [id: 0x2c71cb48, L:/127.0.0.1:55290 - R:localhost/127.0.0.1:23438]
14:21:50.075 [Forwarding findElement on session 120ee08f99af8305b4a4bee75cf7940f to remote] DEBUG org.asynchttpclient.netty.request.NettyRequestSender -- Using pooled Channel '[id: 0x2c71cb48, L:/127.0.0.1:55290 - R:localhost/127.0.0.1:23438]' for 'POST' to 'http://localhost:23438/session/120ee08f99af8305b4a4bee75cf7940f/element'
14:21:50.075 [Forwarding findElement on session 120ee08f99af8305b4a4bee75cf7940f to remote] DEBUG org.asynchttpclient.netty.request.NettyRequestSender -- Using open Channel [id: 0x2c71cb48, L:/127.0.0.1:55290 - R:localhost/127.0.0.1:23438] for POST '/session/120ee08f99af8305b4a4bee75cf7940f/element'
14:21:50.091 [AsyncHttpClient-1-10] DEBUG org.asynchttpclient.netty.handler.HttpHandler -- 

Request DefaultHttpRequest(decodeResult: success, version: HTTP/1.1)
POST /session/120ee08f99af8305b4a4bee75cf7940f/element HTTP/1.1
User-Agent: selenium/4.12.0 (java windows)
Content-Length: 65
Content-Type: application/json; charset=utf-8
host: localhost:23438
accept: */*

Response DefaultHttpResponse(decodeResult: success, version: HTTP/1.1)
HTTP/1.1 200 OK
Content-Length: 126
Content-Type: application/json; charset=utf-8
cache-control: no-cache

14:21:50.091 [AsyncHttpClient-1-10] DEBUG org.asynchttpclient.netty.channel.ChannelManager -- Adding key: http://localhost:23438 for channel [id: 0x2c71cb48, L:/127.0.0.1:55290 - R:localhost/127.0.0.1:23438]
14:21:50.092 [Forwarding clickElement on session 120ee08f99af8305b4a4bee75cf7940f to remote] DEBUG org.asynchttpclient.netty.request.NettyRequestSender -- Using pooled Channel '[id: 0x2c71cb48, L:/127.0.0.1:55290 - R:localhost/127.0.0.1:23438]' for 'POST' to 'http://localhost:23438/session/120ee08f99af8305b4a4bee75cf7940f/element/f.2F92773AD55FAA92B73EC3085D475C26.d.8A8E039FF943AC015222CD6EC33DB9AE.e.17/click'
14:21:50.092 [Forwarding clickElement on session 120ee08f99af8305b4a4bee75cf7940f to remote] DEBUG org.asynchttpclient.netty.request.NettyRequestSender -- Using open Channel [id: 0x2c71cb48, L:/127.0.0.1:55290 - R:localhost/127.0.0.1:23438] for POST '/session/120ee08f99af8305b4a4bee75cf7940f/element/f.2F92773AD55FAA92B73EC3085D475C26.d.8A8E039FF943AC015222CD6EC33DB9AE.e.17/click'
14:21:50.177 [AsyncHttpClient-1-10] DEBUG org.asynchttpclient.netty.handler.HttpHandler -- 

Request DefaultHttpRequest(decodeResult: success, version: HTTP/1.1)
POST /session/120ee08f99af8305b4a4bee75cf7940f/element/f.2F92773AD55FAA92B73EC3085D475C26.d.8A8E039FF943AC015222CD6EC33DB9AE.e.17/click HTTP/1.1
User-Agent: selenium/4.12.0 (java windows)
Content-Length: 88
Content-Type: application/json; charset=utf-8
host: localhost:23438
accept: */*

Response DefaultHttpResponse(decodeResult: success, version: HTTP/1.1)
HTTP/1.1 200 OK
Content-Length: 14
Content-Type: application/json; charset=utf-8
cache-control: no-cache

14:21:50.178 [AsyncHttpClient-1-10] DEBUG org.asynchttpclient.netty.channel.ChannelManager -- Adding key: http://localhost:23438 for channel [id: 0x2c71cb48, L:/127.0.0.1:55290 - R:localhost/127.0.0.1:23438]
14:21:50.178 [Forwarding getPageSource on session 120ee08f99af8305b4a4bee75cf7940f to remote] DEBUG org.asynchttpclient.netty.request.NettyRequestSender -- Using pooled Channel '[id: 0x2c71cb48, L:/127.0.0.1:55290 - R:localhost/127.0.0.1:23438]' for 'POST' to 'http://localhost:23438/session/120ee08f99af8305b4a4bee75cf7940f/execute/sync'
14:21:50.179 [Forwarding getPageSource on session 120ee08f99af8305b4a4bee75cf7940f to remote] DEBUG org.asynchttpclient.netty.request.NettyRequestSender -- Using open Channel [id: 0x2c71cb48, L:/127.0.0.1:55290 - R:localhost/127.0.0.1:23438] for POST '/session/120ee08f99af8305b4a4bee75cf7940f/execute/sync'
14:21:50.194 [AsyncHttpClient-1-10] DEBUG org.asynchttpclient.netty.handler.HttpHandler -- 

Request DefaultHttpRequest(decodeResult: success, version: HTTP/1.1)
POST /session/120ee08f99af8305b4a4bee75cf7940f/execute/sync HTTP/1.1
User-Agent: selenium/4.12.0 (java windows)
Content-Length: 176
Content-Type: application/json; charset=utf-8
host: localhost:23438
accept: */*

Response DefaultHttpResponse(decodeResult: success, version: HTTP/1.1)
HTTP/1.1 200 OK
Content-Length: 7571
Content-Type: application/json; charset=utf-8
cache-control: no-cache

14:21:50.195 [AsyncHttpClient-1-10] DEBUG org.asynchttpclient.netty.channel.ChannelManager -- Adding key: http://localhost:23438 for channel [id: 0x2c71cb48, L:/127.0.0.1:55290 - R:localhost/127.0.0.1:23438]
]]></system-out>
    <system-err><![CDATA[Jan 02, 2025 2:21:48 PM org.openqa.selenium.devtools.CdpVersionFinder findNearestMatch
WARNING: Unable to find CDP implementation matching 131
Jan 02, 2025 2:21:48 PM org.openqa.selenium.chromium.ChromiumDriver lambda$new$5
WARNING: Unable to find version of CDP to use for 131.0.6778.205. You may need to include a dependency on a specific version of the CDP using something similar to `org.seleniumhq.selenium:selenium-devtools-v86:4.12.0` where the version ("v86") matches the version of the chromium-based browser you're using and the version number of the artifact is the same as Selenium's.
]]></system-err>
  </testcase>
  <testcase name="testWeakPasswordRegistration" classname="UITestCases.BuggyCarsUITests" time="0.794">
    <failure message="expected [true] but found [false]" type="java.lang.AssertionError"><![CDATA[java.lang.AssertionError: expected [true] but found [false]
	at org.testng.Assert.fail(Assert.java:110)
	at org.testng.Assert.failNotEquals(Assert.java:1413)
	at org.testng.Assert.assertTrue(Assert.java:56)
	at org.testng.Assert.assertTrue(Assert.java:66)
	at UITestCases.BuggyCarsUITests.testWeakPasswordRegistration(BuggyCarsUITests.java:91)
	at java.base/jdk.internal.reflect.NativeMethodAccessorImpl.invoke0(Native Method)
	at java.base/jdk.internal.reflect.NativeMethodAccessorImpl.invoke(NativeMethodAccessorImpl.java:77)
	at java.base/jdk.internal.reflect.DelegatingMethodAccessorImpl.invoke(DelegatingMethodAccessorImpl.java:43)
	at java.base/java.lang.reflect.Method.invoke(Method.java:568)
	at org.testng.internal.invokers.MethodInvocationHelper.invokeMethod(MethodInvocationHelper.java:139)
	at org.testng.internal.invokers.TestInvoker.invokeMethod(TestInvoker.java:677)
	at org.testng.internal.invokers.TestInvoker.invokeTestMethod(TestInvoker.java:221)
	at org.testng.internal.invokers.MethodRunner.runInSequence(MethodRunner.java:50)
	at org.testng.internal.invokers.TestInvoker$MethodInvocationAgent.invoke(TestInvoker.java:969)
	at org.testng.internal.invokers.TestInvoker.invokeTestMethods(TestInvoker.java:194)
	at org.testng.internal.invokers.TestMethodWorker.invokeTestMethods(TestMethodWorker.java:148)
	at org.testng.internal.invokers.TestMethodWorker.run(TestMethodWorker.java:128)
	at java.base/java.util.ArrayList.forEach(ArrayList.java:1511)
	at org.testng.TestRunner.privateRun(TestRunner.java:829)
	at org.testng.TestRunner.run(TestRunner.java:602)
	at org.testng.SuiteRunner.runTest(SuiteRunner.java:437)
	at org.testng.SuiteRunner.runSequentially(SuiteRunner.java:431)
	at org.testng.SuiteRunner.privateRun(SuiteRunner.java:391)
	at org.testng.SuiteRunner.run(SuiteRunner.java:330)
	at org.testng.SuiteRunnerWorker.runSuite(SuiteRunnerWorker.java:52)
	at org.testng.SuiteRunnerWorker.run(SuiteRunnerWorker.java:95)
	at org.testng.TestNG.runSuitesSequentially(TestNG.java:1256)
	at org.testng.TestNG.runSuitesLocally(TestNG.java:1176)
	at org.testng.TestNG.runSuites(TestNG.java:1099)
	at org.testng.TestNG.run(TestNG.java:1067)
	at org.apache.maven.surefire.testng.TestNGExecutor.run(TestNGExecutor.java:324)
	at org.apache.maven.surefire.testng.TestNGXmlTestSuite.execute(TestNGXmlTestSuite.java:74)
	at org.apache.maven.surefire.testng.TestNGProvider.invoke(TestNGProvider.java:123)
	at org.apache.maven.surefire.booter.ForkedBooter.runSuitesInProcess(ForkedBooter.java:456)
	at org.apache.maven.surefire.booter.ForkedBooter.execute(ForkedBooter.java:169)
	at org.apache.maven.surefire.booter.ForkedBooter.run(ForkedBooter.java:595)
	at org.apache.maven.surefire.booter.ForkedBooter.main(ForkedBooter.java:581)
]]></failure>
    <system-out><![CDATA[14:21:50.201 [AsyncHttpClient-1-12] DEBUG org.asynchttpclient.netty.handler.WebSocketHandler -- Channel Closed: [id: 0xd43e949e, L:/127.0.0.1:55299 ! R:localhost/127.0.0.1:55291] with attribute DISCARD
14:21:50.204 [Driver Command Executor] DEBUG org.asynchttpclient.netty.request.NettyRequestSender -- Using pooled Channel '[id: 0x2c71cb48, L:/127.0.0.1:55290 - R:localhost/127.0.0.1:23438]' for 'DELETE' to 'http://localhost:23438/session/120ee08f99af8305b4a4bee75cf7940f'
14:21:50.204 [Driver Command Executor] DEBUG org.asynchttpclient.netty.request.NettyRequestSender -- Using open Channel [id: 0x2c71cb48, L:/127.0.0.1:55290 - R:localhost/127.0.0.1:23438] for DELETE '/session/120ee08f99af8305b4a4bee75cf7940f'
14:21:50.252 [AsyncHttpClient-1-11] DEBUG org.asynchttpclient.netty.handler.HttpHandler -- Unexpected I/O exception on channel [id: 0x9c1bf62a, L:/127.0.0.1:55298 - R:localhost/127.0.0.1:55291]
java.net.SocketException: Connection reset
	at java.base/sun.nio.ch.SocketChannelImpl.throwConnectionReset(SocketChannelImpl.java:394)
	at java.base/sun.nio.ch.SocketChannelImpl.read(SocketChannelImpl.java:426)
	at io.netty.buffer.PooledByteBuf.setBytes(PooledByteBuf.java:254)
	at io.netty.buffer.AbstractByteBuf.writeBytes(AbstractByteBuf.java:1132)
	at io.netty.channel.socket.nio.NioSocketChannel.doReadBytes(NioSocketChannel.java:357)
	at io.netty.channel.nio.AbstractNioByteChannel$NioByteUnsafe.read(AbstractNioByteChannel.java:151)
	at io.netty.channel.nio.NioEventLoop.processSelectedKey(NioEventLoop.java:788)
	at io.netty.channel.nio.NioEventLoop.processSelectedKeysOptimized(NioEventLoop.java:724)
	at io.netty.channel.nio.NioEventLoop.processSelectedKeys(NioEventLoop.java:650)
	at io.netty.channel.nio.NioEventLoop.run(NioEventLoop.java:562)
	at io.netty.util.concurrent.SingleThreadEventExecutor$4.run(SingleThreadEventExecutor.java:997)
	at io.netty.util.internal.ThreadExecutorMap$2.run(ThreadExecutorMap.java:74)
	at io.netty.util.concurrent.FastThreadLocalRunnable.run(FastThreadLocalRunnable.java:30)
	at java.base/java.lang.Thread.run(Thread.java:842)
14:21:50.252 [AsyncHttpClient-1-11] DEBUG org.asynchttpclient.netty.channel.ChannelManager -- Closing Channel [id: 0x9c1bf62a, L:/127.0.0.1:55298 - R:localhost/127.0.0.1:55291] 
14:21:50.254 [AsyncHttpClient-1-11] DEBUG org.asynchttpclient.netty.handler.HttpHandler -- Channel Closed: [id: 0x9c1bf62a, L:/127.0.0.1:55298 ! R:localhost/127.0.0.1:55291] with attribute DISCARD
14:21:50.273 [AsyncHttpClient-1-10] DEBUG org.asynchttpclient.netty.handler.HttpHandler -- 

Request DefaultFullHttpRequest(decodeResult: success, version: HTTP/1.1, content: EmptyByteBufBE)
DELETE /session/120ee08f99af8305b4a4bee75cf7940f HTTP/1.1
User-Agent: selenium/4.12.0 (java windows)
Content-Type: application/json; charset=utf-8
host: localhost:23438
accept: */*

Response DefaultHttpResponse(decodeResult: success, version: HTTP/1.1)
HTTP/1.1 200 OK
Content-Length: 14
Content-Type: application/json; charset=utf-8
cache-control: no-cache

14:21:50.273 [AsyncHttpClient-1-10] DEBUG org.asynchttpclient.netty.channel.ChannelManager -- Adding key: http://localhost:23438 for channel [id: 0x2c71cb48, L:/127.0.0.1:55290 - R:localhost/127.0.0.1:23438]
14:21:50.377 [AsyncHttpClient-1-10] DEBUG org.asynchttpclient.netty.handler.HttpHandler -- Channel Closed: [id: 0x2c71cb48, L:/127.0.0.1:55290 ! R:localhost/127.0.0.1:23438] with attribute DISCARD
14:21:50.440 [main] DEBUG io.github.bonigarcia.wdm.WebDriverManager -- Using WebDriverManager 5.5.3
14:21:50.448 [main] DEBUG io.github.bonigarcia.wdm.cache.ResolutionCache -- Resolution chrome=131 in cache (valid until 15:21:23 02/01/2025 IST)
14:21:50.449 [main] DEBUG io.github.bonigarcia.wdm.cache.ResolutionCache -- Resolution chrome131=131.0.6778.204 in cache (valid until 14:21:23 03/01/2025 IST)
14:21:50.449 [main] INFO io.github.bonigarcia.wdm.WebDriverManager -- Using chromedriver 131.0.6778.204 (resolved driver for Chrome 131)
14:21:50.453 [main] DEBUG io.github.bonigarcia.wdm.WebDriverManager -- Driver chromedriver 131.0.6778.204 found in cache
14:21:50.454 [main] INFO io.github.bonigarcia.wdm.WebDriverManager -- Exporting webdriver.chrome.driver as C:\Users\sasitharan\.cache\selenium\chromedriver\win64\131.0.6778.204\chromedriver.exe
14:21:50.522 [AsyncHttpClient-1-13] DEBUG org.asynchttpclient.netty.channel.NettyConnectListener -- Using new Channel '[id: 0x2cf38d5b, L:/127.0.0.1:55309 - R:localhost/127.0.0.1:14377]' for 'POST' to '/session'
14:21:51.064 [AsyncHttpClient-1-1] DEBUG org.asynchttpclient.netty.channel.DefaultChannelPool -- Entry count for : http://localhost:55291 : 1
14:21:51.064 [AsyncHttpClient-1-1] DEBUG org.asynchttpclient.netty.channel.DefaultChannelPool -- Entry count for : http://localhost:23438 : 1
14:21:51.064 [AsyncHttpClient-1-1] DEBUG org.asynchttpclient.netty.channel.DefaultChannelPool -- Adding Candidate expired Channel [id: 0x9c1bf62a, L:/127.0.0.1:55298 ! R:localhost/127.0.0.1:55291] isIdleTimeoutExpired=false isRemotelyClosed=true isTtlExpired=false
14:21:51.064 [AsyncHttpClient-1-1] DEBUG org.asynchttpclient.netty.channel.DefaultChannelPool -- Closing Idle Channel [id: 0x9c1bf62a, L:/127.0.0.1:55298 ! R:localhost/127.0.0.1:55291]
14:21:51.065 [AsyncHttpClient-1-1] DEBUG org.asynchttpclient.netty.channel.DefaultChannelPool -- Adding Candidate expired Channel [id: 0x2c71cb48, L:/127.0.0.1:55290 ! R:localhost/127.0.0.1:23438] isIdleTimeoutExpired=false isRemotelyClosed=true isTtlExpired=false
14:21:51.065 [AsyncHttpClient-1-1] DEBUG org.asynchttpclient.netty.channel.DefaultChannelPool -- Closing Idle Channel [id: 0x2c71cb48, L:/127.0.0.1:55290 ! R:localhost/127.0.0.1:23438]
14:21:51.072 [AsyncHttpClient-1-1] DEBUG org.asynchttpclient.netty.channel.DefaultChannelPool -- Closed 2 connections out of 2 in 8 ms
14:21:51.473 [AsyncHttpClient-1-13] DEBUG org.asynchttpclient.netty.handler.HttpHandler -- 

Request DefaultHttpRequest(decodeResult: success, version: HTTP/1.1)
POST /session HTTP/1.1
User-Agent: selenium/4.12.0 (java windows)
Content-Length: 254
Content-Type: application/json; charset=utf-8
host: localhost:14377
accept: */*

Response DefaultHttpResponse(decodeResult: success, version: HTTP/1.1)
HTTP/1.1 200 OK
Content-Length: 888
Content-Type: application/json; charset=utf-8
cache-control: no-cache

14:21:51.473 [AsyncHttpClient-1-13] DEBUG org.asynchttpclient.netty.channel.ChannelManager -- Adding key: http://localhost:14377 for channel [id: 0x2cf38d5b, L:/127.0.0.1:55309 - R:localhost/127.0.0.1:14377]
14:21:51.482 [AsyncHttpClient-1-14] DEBUG org.asynchttpclient.netty.channel.NettyConnectListener -- Using new Channel '[id: 0x2f173042, L:/127.0.0.1:55316 - R:localhost/127.0.0.1:55310]' for 'GET' to '/json/version'
14:21:51.483 [AsyncHttpClient-1-14] DEBUG org.asynchttpclient.netty.handler.HttpHandler -- 

Request DefaultFullHttpRequest(decodeResult: success, version: HTTP/1.1, content: EmptyByteBufBE)
GET /json/version HTTP/1.1
User-Agent: selenium/4.12.0 (java windows)
host: localhost:55310
accept: */*

Response DefaultHttpResponse(decodeResult: success, version: HTTP/1.1)
HTTP/1.1 200 OK
Content-Security-Policy: frame-ancestors 'none'
Content-Length: 424
Content-Type: application/json; charset=UTF-8

14:21:51.483 [AsyncHttpClient-1-14] DEBUG org.asynchttpclient.netty.channel.ChannelManager -- Adding key: http://localhost:55310 for channel [id: 0x2f173042, L:/127.0.0.1:55316 - R:localhost/127.0.0.1:55310]
14:21:51.488 [AsyncHttpClient-1-15] DEBUG org.asynchttpclient.netty.channel.NettyConnectListener -- Using new Channel '[id: 0x855d3c82, L:/127.0.0.1:55317 - R:localhost/127.0.0.1:55310]' for 'GET' to '/devtools/browser/9b88be49-b1c0-400a-a6bc-869c6f83892f'
14:21:51.491 [AsyncHttpClient-1-15] DEBUG org.asynchttpclient.netty.handler.WebSocketHandler -- 

Request DefaultFullHttpRequest(decodeResult: success, version: HTTP/1.1, content: EmptyByteBufBE)
GET /devtools/browser/9b88be49-b1c0-400a-a6bc-869c6f83892f HTTP/1.1
upgrade: websocket
connection: upgrade
sec-websocket-key: /WwBbQj+x79AVfNSt9BRhg==
sec-websocket-version: 13
origin: http://localhost:55310
host: localhost:55310
accept: */*
user-agent: AHC/2.1

Response DefaultHttpResponse(decodeResult: success, version: HTTP/1.1)
HTTP/1.1 101 WebSocket Protocol Handshake
Upgrade: WebSocket
Connection: Upgrade
Sec-WebSocket-Accept: GR1HxeGr++WszEfsXnZz5zrTuEM=

14:21:51.496 [Forwarding maximizeCurrentWindow on session b92326ff576d242d9493eb3048dcac41 to remote] DEBUG org.asynchttpclient.netty.request.NettyRequestSender -- Using pooled Channel '[id: 0x2cf38d5b, L:/127.0.0.1:55309 - R:localhost/127.0.0.1:14377]' for 'POST' to 'http://localhost:14377/session/b92326ff576d242d9493eb3048dcac41/window/maximize'
14:21:51.496 [Forwarding maximizeCurrentWindow on session b92326ff576d242d9493eb3048dcac41 to remote] DEBUG org.asynchttpclient.netty.request.NettyRequestSender -- Using open Channel [id: 0x2cf38d5b, L:/127.0.0.1:55309 - R:localhost/127.0.0.1:14377] for POST '/session/b92326ff576d242d9493eb3048dcac41/window/maximize'
14:21:51.560 [AsyncHttpClient-1-13] DEBUG org.asynchttpclient.netty.handler.HttpHandler -- 

Request DefaultHttpRequest(decodeResult: success, version: HTTP/1.1)
POST /session/b92326ff576d242d9493eb3048dcac41/window/maximize HTTP/1.1
User-Agent: selenium/4.12.0 (java windows)
Content-Length: 3
Content-Type: application/json; charset=utf-8
host: localhost:14377
accept: */*

Response DefaultHttpResponse(decodeResult: success, version: HTTP/1.1)
HTTP/1.1 200 OK
Content-Length: 51
Content-Type: application/json; charset=utf-8
cache-control: no-cache

14:21:51.561 [AsyncHttpClient-1-13] DEBUG org.asynchttpclient.netty.channel.ChannelManager -- Adding key: http://localhost:14377 for channel [id: 0x2cf38d5b, L:/127.0.0.1:55309 - R:localhost/127.0.0.1:14377]
14:21:51.562 [Forwarding get on session b92326ff576d242d9493eb3048dcac41 to remote] DEBUG org.asynchttpclient.netty.request.NettyRequestSender -- Using pooled Channel '[id: 0x2cf38d5b, L:/127.0.0.1:55309 - R:localhost/127.0.0.1:14377]' for 'POST' to 'http://localhost:14377/session/b92326ff576d242d9493eb3048dcac41/url'
14:21:51.562 [Forwarding get on session b92326ff576d242d9493eb3048dcac41 to remote] DEBUG org.asynchttpclient.netty.request.NettyRequestSender -- Using open Channel [id: 0x2cf38d5b, L:/127.0.0.1:55309 - R:localhost/127.0.0.1:14377] for POST '/session/b92326ff576d242d9493eb3048dcac41/url'
14:21:52.123 [AsyncHttpClient-1-1] DEBUG org.asynchttpclient.netty.channel.DefaultChannelPool -- Entry count for : http://localhost:55310 : 1
14:21:52.722 [AsyncHttpClient-1-13] DEBUG org.asynchttpclient.netty.handler.HttpHandler -- 

Request DefaultHttpRequest(decodeResult: success, version: HTTP/1.1)
POST /session/b92326ff576d242d9493eb3048dcac41/url HTTP/1.1
User-Agent: selenium/4.12.0 (java windows)
Content-Length: 58
Content-Type: application/json; charset=utf-8
host: localhost:14377
accept: */*

Response DefaultHttpResponse(decodeResult: success, version: HTTP/1.1)
HTTP/1.1 200 OK
Content-Length: 14
Content-Type: application/json; charset=utf-8
cache-control: no-cache

14:21:52.722 [AsyncHttpClient-1-13] DEBUG org.asynchttpclient.netty.channel.ChannelManager -- Adding key: http://localhost:14377 for channel [id: 0x2cf38d5b, L:/127.0.0.1:55309 - R:localhost/127.0.0.1:14377]
14:21:52.726 [Forwarding findElement on session b92326ff576d242d9493eb3048dcac41 to remote] DEBUG org.asynchttpclient.netty.request.NettyRequestSender -- Using pooled Channel '[id: 0x2cf38d5b, L:/127.0.0.1:55309 - R:localhost/127.0.0.1:14377]' for 'POST' to 'http://localhost:14377/session/b92326ff576d242d9493eb3048dcac41/element'
14:21:52.727 [Forwarding findElement on session b92326ff576d242d9493eb3048dcac41 to remote] DEBUG org.asynchttpclient.netty.request.NettyRequestSender -- Using open Channel [id: 0x2cf38d5b, L:/127.0.0.1:55309 - R:localhost/127.0.0.1:14377] for POST '/session/b92326ff576d242d9493eb3048dcac41/element'
14:21:52.747 [AsyncHttpClient-1-13] DEBUG org.asynchttpclient.netty.handler.HttpHandler -- 

Request DefaultHttpRequest(decodeResult: success, version: HTTP/1.1)
POST /session/b92326ff576d242d9493eb3048dcac41/element HTTP/1.1
User-Agent: selenium/4.12.0 (java windows)
Content-Length: 49
Content-Type: application/json; charset=utf-8
host: localhost:14377
accept: */*

Response DefaultHttpResponse(decodeResult: success, version: HTTP/1.1)
HTTP/1.1 200 OK
Content-Length: 126
Content-Type: application/json; charset=utf-8
cache-control: no-cache

14:21:52.747 [AsyncHttpClient-1-13] DEBUG org.asynchttpclient.netty.channel.ChannelManager -- Adding key: http://localhost:14377 for channel [id: 0x2cf38d5b, L:/127.0.0.1:55309 - R:localhost/127.0.0.1:14377]
14:21:52.749 [Forwarding clickElement on session b92326ff576d242d9493eb3048dcac41 to remote] DEBUG org.asynchttpclient.netty.request.NettyRequestSender -- Using pooled Channel '[id: 0x2cf38d5b, L:/127.0.0.1:55309 - R:localhost/127.0.0.1:14377]' for 'POST' to 'http://localhost:14377/session/b92326ff576d242d9493eb3048dcac41/element/f.A87062F7B4DD9ECC54E01CA12435DD2C.d.F1955C73811EAEFAC345A9510C1811A6.e.21/click'
14:21:52.749 [Forwarding clickElement on session b92326ff576d242d9493eb3048dcac41 to remote] DEBUG org.asynchttpclient.netty.request.NettyRequestSender -- Using open Channel [id: 0x2cf38d5b, L:/127.0.0.1:55309 - R:localhost/127.0.0.1:14377] for POST '/session/b92326ff576d242d9493eb3048dcac41/element/f.A87062F7B4DD9ECC54E01CA12435DD2C.d.F1955C73811EAEFAC345A9510C1811A6.e.21/click'
14:21:52.876 [AsyncHttpClient-1-13] DEBUG org.asynchttpclient.netty.handler.HttpHandler -- 

Request DefaultHttpRequest(decodeResult: success, version: HTTP/1.1)
POST /session/b92326ff576d242d9493eb3048dcac41/element/f.A87062F7B4DD9ECC54E01CA12435DD2C.d.F1955C73811EAEFAC345A9510C1811A6.e.21/click HTTP/1.1
User-Agent: selenium/4.12.0 (java windows)
Content-Length: 88
Content-Type: application/json; charset=utf-8
host: localhost:14377
accept: */*

Response DefaultHttpResponse(decodeResult: success, version: HTTP/1.1)
HTTP/1.1 200 OK
Content-Length: 14
Content-Type: application/json; charset=utf-8
cache-control: no-cache

14:21:52.877 [AsyncHttpClient-1-13] DEBUG org.asynchttpclient.netty.channel.ChannelManager -- Adding key: http://localhost:14377 for channel [id: 0x2cf38d5b, L:/127.0.0.1:55309 - R:localhost/127.0.0.1:14377]
14:21:52.877 [Forwarding findElement on session b92326ff576d242d9493eb3048dcac41 to remote] DEBUG org.asynchttpclient.netty.request.NettyRequestSender -- Using pooled Channel '[id: 0x2cf38d5b, L:/127.0.0.1:55309 - R:localhost/127.0.0.1:14377]' for 'POST' to 'http://localhost:14377/session/b92326ff576d242d9493eb3048dcac41/element'
14:21:52.877 [Forwarding findElement on session b92326ff576d242d9493eb3048dcac41 to remote] DEBUG org.asynchttpclient.netty.request.NettyRequestSender -- Using open Channel [id: 0x2cf38d5b, L:/127.0.0.1:55309 - R:localhost/127.0.0.1:14377] for POST '/session/b92326ff576d242d9493eb3048dcac41/element'
14:21:52.897 [AsyncHttpClient-1-13] DEBUG org.asynchttpclient.netty.handler.HttpHandler -- 

Request DefaultHttpRequest(decodeResult: success, version: HTTP/1.1)
POST /session/b92326ff576d242d9493eb3048dcac41/element HTTP/1.1
User-Agent: selenium/4.12.0 (java windows)
Content-Length: 53
Content-Type: application/json; charset=utf-8
host: localhost:14377
accept: */*

Response DefaultHttpResponse(decodeResult: success, version: HTTP/1.1)
HTTP/1.1 200 OK
Content-Length: 126
Content-Type: application/json; charset=utf-8
cache-control: no-cache

14:21:52.897 [AsyncHttpClient-1-13] DEBUG org.asynchttpclient.netty.channel.ChannelManager -- Adding key: http://localhost:14377 for channel [id: 0x2cf38d5b, L:/127.0.0.1:55309 - R:localhost/127.0.0.1:14377]
14:21:52.898 [Forwarding sendKeysToElement on session b92326ff576d242d9493eb3048dcac41 to remote] DEBUG org.asynchttpclient.netty.request.NettyRequestSender -- Using pooled Channel '[id: 0x2cf38d5b, L:/127.0.0.1:55309 - R:localhost/127.0.0.1:14377]' for 'POST' to 'http://localhost:14377/session/b92326ff576d242d9493eb3048dcac41/element/f.A87062F7B4DD9ECC54E01CA12435DD2C.d.F1955C73811EAEFAC345A9510C1811A6.e.26/value'
14:21:52.898 [Forwarding sendKeysToElement on session b92326ff576d242d9493eb3048dcac41 to remote] DEBUG org.asynchttpclient.netty.request.NettyRequestSender -- Using open Channel [id: 0x2cf38d5b, L:/127.0.0.1:55309 - R:localhost/127.0.0.1:14377] for POST '/session/b92326ff576d242d9493eb3048dcac41/element/f.A87062F7B4DD9ECC54E01CA12435DD2C.d.F1955C73811EAEFAC345A9510C1811A6.e.26/value'
14:21:53.045 [AsyncHttpClient-1-13] DEBUG org.asynchttpclient.netty.handler.HttpHandler -- 

Request DefaultHttpRequest(decodeResult: success, version: HTTP/1.1)
POST /session/b92326ff576d242d9493eb3048dcac41/element/f.A87062F7B4DD9ECC54E01CA12435DD2C.d.F1955C73811EAEFAC345A9510C1811A6.e.26/value HTTP/1.1
User-Agent: selenium/4.12.0 (java windows)
Content-Length: 229
Content-Type: application/json; charset=utf-8
host: localhost:14377
accept: */*

Response DefaultHttpResponse(decodeResult: success, version: HTTP/1.1)
HTTP/1.1 200 OK
Content-Length: 14
Content-Type: application/json; charset=utf-8
cache-control: no-cache

14:21:53.045 [AsyncHttpClient-1-13] DEBUG org.asynchttpclient.netty.channel.ChannelManager -- Adding key: http://localhost:14377 for channel [id: 0x2cf38d5b, L:/127.0.0.1:55309 - R:localhost/127.0.0.1:14377]
14:21:53.047 [Forwarding findElement on session b92326ff576d242d9493eb3048dcac41 to remote] DEBUG org.asynchttpclient.netty.request.NettyRequestSender -- Using pooled Channel '[id: 0x2cf38d5b, L:/127.0.0.1:55309 - R:localhost/127.0.0.1:14377]' for 'POST' to 'http://localhost:14377/session/b92326ff576d242d9493eb3048dcac41/element'
14:21:53.047 [Forwarding findElement on session b92326ff576d242d9493eb3048dcac41 to remote] DEBUG org.asynchttpclient.netty.request.NettyRequestSender -- Using open Channel [id: 0x2cf38d5b, L:/127.0.0.1:55309 - R:localhost/127.0.0.1:14377] for POST '/session/b92326ff576d242d9493eb3048dcac41/element'
14:21:53.074 [AsyncHttpClient-1-13] DEBUG org.asynchttpclient.netty.handler.HttpHandler -- 

Request DefaultHttpRequest(decodeResult: success, version: HTTP/1.1)
POST /session/b92326ff576d242d9493eb3048dcac41/element HTTP/1.1
User-Agent: selenium/4.12.0 (java windows)
Content-Length: 54
Content-Type: application/json; charset=utf-8
host: localhost:14377
accept: */*

Response DefaultHttpResponse(decodeResult: success, version: HTTP/1.1)
HTTP/1.1 200 OK
Content-Length: 126
Content-Type: application/json; charset=utf-8
cache-control: no-cache

14:21:53.076 [AsyncHttpClient-1-13] DEBUG org.asynchttpclient.netty.channel.ChannelManager -- Adding key: http://localhost:14377 for channel [id: 0x2cf38d5b, L:/127.0.0.1:55309 - R:localhost/127.0.0.1:14377]
14:21:53.077 [Forwarding sendKeysToElement on session b92326ff576d242d9493eb3048dcac41 to remote] DEBUG org.asynchttpclient.netty.request.NettyRequestSender -- Using pooled Channel '[id: 0x2cf38d5b, L:/127.0.0.1:55309 - R:localhost/127.0.0.1:14377]' for 'POST' to 'http://localhost:14377/session/b92326ff576d242d9493eb3048dcac41/element/f.A87062F7B4DD9ECC54E01CA12435DD2C.d.F1955C73811EAEFAC345A9510C1811A6.e.28/value'
14:21:53.077 [Forwarding sendKeysToElement on session b92326ff576d242d9493eb3048dcac41 to remote] DEBUG org.asynchttpclient.netty.request.NettyRequestSender -- Using open Channel [id: 0x2cf38d5b, L:/127.0.0.1:55309 - R:localhost/127.0.0.1:14377] for POST '/session/b92326ff576d242d9493eb3048dcac41/element/f.A87062F7B4DD9ECC54E01CA12435DD2C.d.F1955C73811EAEFAC345A9510C1811A6.e.28/value'
14:21:53.150 [AsyncHttpClient-1-13] DEBUG org.asynchttpclient.netty.handler.HttpHandler -- 

Request DefaultHttpRequest(decodeResult: success, version: HTTP/1.1)
POST /session/b92326ff576d242d9493eb3048dcac41/element/f.A87062F7B4DD9ECC54E01CA12435DD2C.d.F1955C73811EAEFAC345A9510C1811A6.e.28/value HTTP/1.1
User-Agent: selenium/4.12.0 (java windows)
Content-Length: 159
Content-Type: application/json; charset=utf-8
host: localhost:14377
accept: */*

Response DefaultHttpResponse(decodeResult: success, version: HTTP/1.1)
HTTP/1.1 200 OK
Content-Length: 14
Content-Type: application/json; charset=utf-8
cache-control: no-cache

14:21:53.150 [AsyncHttpClient-1-13] DEBUG org.asynchttpclient.netty.channel.ChannelManager -- Adding key: http://localhost:14377 for channel [id: 0x2cf38d5b, L:/127.0.0.1:55309 - R:localhost/127.0.0.1:14377]
14:21:53.152 [Forwarding findElement on session b92326ff576d242d9493eb3048dcac41 to remote] DEBUG org.asynchttpclient.netty.request.NettyRequestSender -- Using pooled Channel '[id: 0x2cf38d5b, L:/127.0.0.1:55309 - R:localhost/127.0.0.1:14377]' for 'POST' to 'http://localhost:14377/session/b92326ff576d242d9493eb3048dcac41/element'
14:21:53.152 [Forwarding findElement on session b92326ff576d242d9493eb3048dcac41 to remote] DEBUG org.asynchttpclient.netty.request.NettyRequestSender -- Using open Channel [id: 0x2cf38d5b, L:/127.0.0.1:55309 - R:localhost/127.0.0.1:14377] for POST '/session/b92326ff576d242d9493eb3048dcac41/element'
14:21:53.181 [AsyncHttpClient-1-13] DEBUG org.asynchttpclient.netty.handler.HttpHandler -- 

Request DefaultHttpRequest(decodeResult: success, version: HTTP/1.1)
POST /session/b92326ff576d242d9493eb3048dcac41/element HTTP/1.1
User-Agent: selenium/4.12.0 (java windows)
Content-Length: 53
Content-Type: application/json; charset=utf-8
host: localhost:14377
accept: */*

Response DefaultHttpResponse(decodeResult: success, version: HTTP/1.1)
HTTP/1.1 200 OK
Content-Length: 126
Content-Type: application/json; charset=utf-8
cache-control: no-cache

14:21:53.181 [AsyncHttpClient-1-13] DEBUG org.asynchttpclient.netty.channel.ChannelManager -- Adding key: http://localhost:14377 for channel [id: 0x2cf38d5b, L:/127.0.0.1:55309 - R:localhost/127.0.0.1:14377]
14:21:53.182 [Forwarding sendKeysToElement on session b92326ff576d242d9493eb3048dcac41 to remote] DEBUG org.asynchttpclient.netty.request.NettyRequestSender -- Using pooled Channel '[id: 0x2cf38d5b, L:/127.0.0.1:55309 - R:localhost/127.0.0.1:14377]' for 'POST' to 'http://localhost:14377/session/b92326ff576d242d9493eb3048dcac41/element/f.A87062F7B4DD9ECC54E01CA12435DD2C.d.F1955C73811EAEFAC345A9510C1811A6.e.29/value'
14:21:53.182 [Forwarding sendKeysToElement on session b92326ff576d242d9493eb3048dcac41 to remote] DEBUG org.asynchttpclient.netty.request.NettyRequestSender -- Using open Channel [id: 0x2cf38d5b, L:/127.0.0.1:55309 - R:localhost/127.0.0.1:14377] for POST '/session/b92326ff576d242d9493eb3048dcac41/element/f.A87062F7B4DD9ECC54E01CA12435DD2C.d.F1955C73811EAEFAC345A9510C1811A6.e.29/value'
14:21:53.228 [AsyncHttpClient-1-1] DEBUG org.asynchttpclient.netty.channel.DefaultChannelPool -- Entry count for : http://localhost:55310 : 1
14:21:53.265 [AsyncHttpClient-1-13] DEBUG org.asynchttpclient.netty.handler.HttpHandler -- 

Request DefaultHttpRequest(decodeResult: success, version: HTTP/1.1)
POST /session/b92326ff576d242d9493eb3048dcac41/element/f.A87062F7B4DD9ECC54E01CA12435DD2C.d.F1955C73811EAEFAC345A9510C1811A6.e.29/value HTTP/1.1
User-Agent: selenium/4.12.0 (java windows)
Content-Length: 199
Content-Type: application/json; charset=utf-8
host: localhost:14377
accept: */*

Response DefaultHttpResponse(decodeResult: success, version: HTTP/1.1)
HTTP/1.1 200 OK
Content-Length: 14
Content-Type: application/json; charset=utf-8
cache-control: no-cache

14:21:53.265 [AsyncHttpClient-1-13] DEBUG org.asynchttpclient.netty.channel.ChannelManager -- Adding key: http://localhost:14377 for channel [id: 0x2cf38d5b, L:/127.0.0.1:55309 - R:localhost/127.0.0.1:14377]
14:21:53.267 [Forwarding findElement on session b92326ff576d242d9493eb3048dcac41 to remote] DEBUG org.asynchttpclient.netty.request.NettyRequestSender -- Using pooled Channel '[id: 0x2cf38d5b, L:/127.0.0.1:55309 - R:localhost/127.0.0.1:14377]' for 'POST' to 'http://localhost:14377/session/b92326ff576d242d9493eb3048dcac41/element'
14:21:53.267 [Forwarding findElement on session b92326ff576d242d9493eb3048dcac41 to remote] DEBUG org.asynchttpclient.netty.request.NettyRequestSender -- Using open Channel [id: 0x2cf38d5b, L:/127.0.0.1:55309 - R:localhost/127.0.0.1:14377] for POST '/session/b92326ff576d242d9493eb3048dcac41/element'
14:21:53.283 [AsyncHttpClient-1-13] DEBUG org.asynchttpclient.netty.handler.HttpHandler -- 

Request DefaultHttpRequest(decodeResult: success, version: HTTP/1.1)
POST /session/b92326ff576d242d9493eb3048dcac41/element HTTP/1.1
User-Agent: selenium/4.12.0 (java windows)
Content-Length: 53
Content-Type: application/json; charset=utf-8
host: localhost:14377
accept: */*

Response DefaultHttpResponse(decodeResult: success, version: HTTP/1.1)
HTTP/1.1 200 OK
Content-Length: 126
Content-Type: application/json; charset=utf-8
cache-control: no-cache

14:21:53.284 [AsyncHttpClient-1-13] DEBUG org.asynchttpclient.netty.channel.ChannelManager -- Adding key: http://localhost:14377 for channel [id: 0x2cf38d5b, L:/127.0.0.1:55309 - R:localhost/127.0.0.1:14377]
14:21:53.285 [Forwarding sendKeysToElement on session b92326ff576d242d9493eb3048dcac41 to remote] DEBUG org.asynchttpclient.netty.request.NettyRequestSender -- Using pooled Channel '[id: 0x2cf38d5b, L:/127.0.0.1:55309 - R:localhost/127.0.0.1:14377]' for 'POST' to 'http://localhost:14377/session/b92326ff576d242d9493eb3048dcac41/element/f.A87062F7B4DD9ECC54E01CA12435DD2C.d.F1955C73811EAEFAC345A9510C1811A6.e.22/value'
14:21:53.285 [Forwarding sendKeysToElement on session b92326ff576d242d9493eb3048dcac41 to remote] DEBUG org.asynchttpclient.netty.request.NettyRequestSender -- Using open Channel [id: 0x2cf38d5b, L:/127.0.0.1:55309 - R:localhost/127.0.0.1:14377] for POST '/session/b92326ff576d242d9493eb3048dcac41/element/f.A87062F7B4DD9ECC54E01CA12435DD2C.d.F1955C73811EAEFAC345A9510C1811A6.e.22/value'
14:21:53.340 [AsyncHttpClient-1-13] DEBUG org.asynchttpclient.netty.handler.HttpHandler -- 

Request DefaultHttpRequest(decodeResult: success, version: HTTP/1.1)
POST /session/b92326ff576d242d9493eb3048dcac41/element/f.A87062F7B4DD9ECC54E01CA12435DD2C.d.F1955C73811EAEFAC345A9510C1811A6.e.22/value HTTP/1.1
User-Agent: selenium/4.12.0 (java windows)
Content-Length: 149
Content-Type: application/json; charset=utf-8
host: localhost:14377
accept: */*

Response DefaultHttpResponse(decodeResult: success, version: HTTP/1.1)
HTTP/1.1 200 OK
Content-Length: 14
Content-Type: application/json; charset=utf-8
cache-control: no-cache

14:21:53.340 [AsyncHttpClient-1-13] DEBUG org.asynchttpclient.netty.channel.ChannelManager -- Adding key: http://localhost:14377 for channel [id: 0x2cf38d5b, L:/127.0.0.1:55309 - R:localhost/127.0.0.1:14377]
14:21:53.342 [Forwarding findElement on session b92326ff576d242d9493eb3048dcac41 to remote] DEBUG org.asynchttpclient.netty.request.NettyRequestSender -- Using pooled Channel '[id: 0x2cf38d5b, L:/127.0.0.1:55309 - R:localhost/127.0.0.1:14377]' for 'POST' to 'http://localhost:14377/session/b92326ff576d242d9493eb3048dcac41/element'
14:21:53.342 [Forwarding findElement on session b92326ff576d242d9493eb3048dcac41 to remote] DEBUG org.asynchttpclient.netty.request.NettyRequestSender -- Using open Channel [id: 0x2cf38d5b, L:/127.0.0.1:55309 - R:localhost/127.0.0.1:14377] for POST '/session/b92326ff576d242d9493eb3048dcac41/element'
14:21:53.356 [AsyncHttpClient-1-13] DEBUG org.asynchttpclient.netty.handler.HttpHandler -- 

Request DefaultHttpRequest(decodeResult: success, version: HTTP/1.1)
POST /session/b92326ff576d242d9493eb3048dcac41/element HTTP/1.1
User-Agent: selenium/4.12.0 (java windows)
Content-Length: 60
Content-Type: application/json; charset=utf-8
host: localhost:14377
accept: */*

Response DefaultHttpResponse(decodeResult: success, version: HTTP/1.1)
HTTP/1.1 200 OK
Content-Length: 126
Content-Type: application/json; charset=utf-8
cache-control: no-cache

14:21:53.356 [AsyncHttpClient-1-13] DEBUG org.asynchttpclient.netty.channel.ChannelManager -- Adding key: http://localhost:14377 for channel [id: 0x2cf38d5b, L:/127.0.0.1:55309 - R:localhost/127.0.0.1:14377]
14:21:53.357 [Forwarding sendKeysToElement on session b92326ff576d242d9493eb3048dcac41 to remote] DEBUG org.asynchttpclient.netty.request.NettyRequestSender -- Using pooled Channel '[id: 0x2cf38d5b, L:/127.0.0.1:55309 - R:localhost/127.0.0.1:14377]' for 'POST' to 'http://localhost:14377/session/b92326ff576d242d9493eb3048dcac41/element/f.A87062F7B4DD9ECC54E01CA12435DD2C.d.F1955C73811EAEFAC345A9510C1811A6.e.23/value'
14:21:53.357 [Forwarding sendKeysToElement on session b92326ff576d242d9493eb3048dcac41 to remote] DEBUG org.asynchttpclient.netty.request.NettyRequestSender -- Using open Channel [id: 0x2cf38d5b, L:/127.0.0.1:55309 - R:localhost/127.0.0.1:14377] for POST '/session/b92326ff576d242d9493eb3048dcac41/element/f.A87062F7B4DD9ECC54E01CA12435DD2C.d.F1955C73811EAEFAC345A9510C1811A6.e.23/value'
14:21:53.403 [AsyncHttpClient-1-13] DEBUG org.asynchttpclient.netty.handler.HttpHandler -- 

Request DefaultHttpRequest(decodeResult: success, version: HTTP/1.1)
POST /session/b92326ff576d242d9493eb3048dcac41/element/f.A87062F7B4DD9ECC54E01CA12435DD2C.d.F1955C73811EAEFAC345A9510C1811A6.e.23/value HTTP/1.1
User-Agent: selenium/4.12.0 (java windows)
Content-Length: 149
Content-Type: application/json; charset=utf-8
host: localhost:14377
accept: */*

Response DefaultHttpResponse(decodeResult: success, version: HTTP/1.1)
HTTP/1.1 200 OK
Content-Length: 14
Content-Type: application/json; charset=utf-8
cache-control: no-cache

14:21:53.403 [AsyncHttpClient-1-13] DEBUG org.asynchttpclient.netty.channel.ChannelManager -- Adding key: http://localhost:14377 for channel [id: 0x2cf38d5b, L:/127.0.0.1:55309 - R:localhost/127.0.0.1:14377]
14:21:53.404 [Forwarding findElement on session b92326ff576d242d9493eb3048dcac41 to remote] DEBUG org.asynchttpclient.netty.request.NettyRequestSender -- Using pooled Channel '[id: 0x2cf38d5b, L:/127.0.0.1:55309 - R:localhost/127.0.0.1:14377]' for 'POST' to 'http://localhost:14377/session/b92326ff576d242d9493eb3048dcac41/element'
14:21:53.404 [Forwarding findElement on session b92326ff576d242d9493eb3048dcac41 to remote] DEBUG org.asynchttpclient.netty.request.NettyRequestSender -- Using open Channel [id: 0x2cf38d5b, L:/127.0.0.1:55309 - R:localhost/127.0.0.1:14377] for POST '/session/b92326ff576d242d9493eb3048dcac41/element'
14:21:53.421 [AsyncHttpClient-1-13] DEBUG org.asynchttpclient.netty.handler.HttpHandler -- 

Request DefaultHttpRequest(decodeResult: success, version: HTTP/1.1)
POST /session/b92326ff576d242d9493eb3048dcac41/element HTTP/1.1
User-Agent: selenium/4.12.0 (java windows)
Content-Length: 65
Content-Type: application/json; charset=utf-8
host: localhost:14377
accept: */*

Response DefaultHttpResponse(decodeResult: success, version: HTTP/1.1)
HTTP/1.1 200 OK
Content-Length: 126
Content-Type: application/json; charset=utf-8
cache-control: no-cache

14:21:53.421 [AsyncHttpClient-1-13] DEBUG org.asynchttpclient.netty.channel.ChannelManager -- Adding key: http://localhost:14377 for channel [id: 0x2cf38d5b, L:/127.0.0.1:55309 - R:localhost/127.0.0.1:14377]
14:21:53.422 [Forwarding clickElement on session b92326ff576d242d9493eb3048dcac41 to remote] DEBUG org.asynchttpclient.netty.request.NettyRequestSender -- Using pooled Channel '[id: 0x2cf38d5b, L:/127.0.0.1:55309 - R:localhost/127.0.0.1:14377]' for 'POST' to 'http://localhost:14377/session/b92326ff576d242d9493eb3048dcac41/element/f.A87062F7B4DD9ECC54E01CA12435DD2C.d.F1955C73811EAEFAC345A9510C1811A6.e.17/click'
14:21:53.422 [Forwarding clickElement on session b92326ff576d242d9493eb3048dcac41 to remote] DEBUG org.asynchttpclient.netty.request.NettyRequestSender -- Using open Channel [id: 0x2cf38d5b, L:/127.0.0.1:55309 - R:localhost/127.0.0.1:14377] for POST '/session/b92326ff576d242d9493eb3048dcac41/element/f.A87062F7B4DD9ECC54E01CA12435DD2C.d.F1955C73811EAEFAC345A9510C1811A6.e.17/click'
14:21:53.506 [AsyncHttpClient-1-13] DEBUG org.asynchttpclient.netty.handler.HttpHandler -- 

Request DefaultHttpRequest(decodeResult: success, version: HTTP/1.1)
POST /session/b92326ff576d242d9493eb3048dcac41/element/f.A87062F7B4DD9ECC54E01CA12435DD2C.d.F1955C73811EAEFAC345A9510C1811A6.e.17/click HTTP/1.1
User-Agent: selenium/4.12.0 (java windows)
Content-Length: 88
Content-Type: application/json; charset=utf-8
host: localhost:14377
accept: */*

Response DefaultHttpResponse(decodeResult: success, version: HTTP/1.1)
HTTP/1.1 200 OK
Content-Length: 14
Content-Type: application/json; charset=utf-8
cache-control: no-cache

14:21:53.506 [AsyncHttpClient-1-13] DEBUG org.asynchttpclient.netty.channel.ChannelManager -- Adding key: http://localhost:14377 for channel [id: 0x2cf38d5b, L:/127.0.0.1:55309 - R:localhost/127.0.0.1:14377]
14:21:53.506 [Forwarding getPageSource on session b92326ff576d242d9493eb3048dcac41 to remote] DEBUG org.asynchttpclient.netty.request.NettyRequestSender -- Using pooled Channel '[id: 0x2cf38d5b, L:/127.0.0.1:55309 - R:localhost/127.0.0.1:14377]' for 'POST' to 'http://localhost:14377/session/b92326ff576d242d9493eb3048dcac41/execute/sync'
14:21:53.506 [Forwarding getPageSource on session b92326ff576d242d9493eb3048dcac41 to remote] DEBUG org.asynchttpclient.netty.request.NettyRequestSender -- Using open Channel [id: 0x2cf38d5b, L:/127.0.0.1:55309 - R:localhost/127.0.0.1:14377] for POST '/session/b92326ff576d242d9493eb3048dcac41/execute/sync'
14:21:53.516 [AsyncHttpClient-1-13] DEBUG org.asynchttpclient.netty.handler.HttpHandler -- 

Request DefaultHttpRequest(decodeResult: success, version: HTTP/1.1)
POST /session/b92326ff576d242d9493eb3048dcac41/execute/sync HTTP/1.1
User-Agent: selenium/4.12.0 (java windows)
Content-Length: 176
Content-Type: application/json; charset=utf-8
host: localhost:14377
accept: */*

Response DefaultHttpResponse(decodeResult: success, version: HTTP/1.1)
HTTP/1.1 200 OK
Content-Length: 7571
Content-Type: application/json; charset=utf-8
cache-control: no-cache

14:21:53.517 [AsyncHttpClient-1-13] DEBUG org.asynchttpclient.netty.channel.ChannelManager -- Adding key: http://localhost:14377 for channel [id: 0x2cf38d5b, L:/127.0.0.1:55309 - R:localhost/127.0.0.1:14377]
]]></system-out>
    <system-err><![CDATA[Jan 02, 2025 2:21:51 PM org.openqa.selenium.devtools.CdpVersionFinder findNearestMatch
WARNING: Unable to find CDP implementation matching 131
Jan 02, 2025 2:21:51 PM org.openqa.selenium.chromium.ChromiumDriver lambda$new$5
WARNING: Unable to find version of CDP to use for 131.0.6778.205. You may need to include a dependency on a specific version of the CDP using something similar to `org.seleniumhq.selenium:selenium-devtools-v86:4.12.0` where the version ("v86") matches the version of the chromium-based browser you're using and the version number of the artifact is the same as Selenium's.
]]></system-err>
  </testcase>
</testsuite>